2018-05-28 13:09:01,286 ---------------------------------------------------------
2018-05-28 13:09:01,290 MALICIOUS MINING state
2018-05-28 13:09:02,323 start mining - depth 0
2018-05-28 13:09:02,324 start mining - hash 9cae4209761d6995196be411618525899b29c04c68b4223414176a7d89781f49
2018-05-28 13:09:07,048 RCV reinforcement info
2018-05-28 13:09:07,438 RCV reinforcement info
2018-05-28 13:09:07,485 RCV reinforcement info
2018-05-28 13:09:07,924 RCV reinforcement info
2018-05-28 13:09:07,978 RF found but not transmitted
2018-05-28 13:09:08,090 RCV reinforcement info
2018-05-28 13:09:08,478 RF found but not transmitted
2018-05-28 13:09:08,710 RF found but not transmitted
2018-05-28 13:09:09,836 RCV reinforcement info
2018-05-28 13:09:10,618 RCV reinforcement info
2018-05-28 13:09:12,294 RCV reinforcement info
2018-05-28 13:09:12,336 RCV reinforcement info
2018-05-28 13:09:12,565 RCV reinforcement info
2018-05-28 13:09:13,226 RCV reinforcement info
2018-05-28 13:09:15,718 RCV reinforcement info
2018-05-28 13:09:17,916 RCV reinforcement info
2018-05-28 13:09:18,598 RCV reinforcement info
2018-05-28 13:09:19,911 RF found but not transmitted
2018-05-28 13:09:21,443 RCV reinforcement info
2018-05-28 13:09:21,855 RF found but not transmitted
2018-05-28 13:09:22,494 RCV proposal
2018-05-28 13:09:22,496 appended honest propose 74f949b435 on top of 9cae420976
2018-05-28 13:09:22,575 RCV reinforcement
2018-05-28 13:09:22,579 RCV reinforcement
2018-05-28 13:09:22,588 RCV reinforcement
2018-05-28 13:09:23,861 RCV reinforcement info
2018-05-28 13:09:23,915 RCV reinforcement
2018-05-28 13:09:24,035 RCV commit
2018-05-28 13:09:24,080 appended honest commit 807ad4b2d1 on top of 74f949b435
2018-05-28 13:09:24,113 Weight: 4.593447089534324 #RFs 16
2018-05-28 13:09:24,113 weight: 4.593447089534324
2018-05-28 13:09:24,113 , 4.593447089534324
2018-05-28 13:09:24,114 start mining - depth 1
2018-05-28 13:09:24,114 start mining - hash 807ad4b2d16ec6ebc893843c37c7da94d2806cc626e32ccc39ee4a355e06e57c
2018-05-28 13:09:24,343 RCV reinforcement info
2018-05-28 13:09:24,609 RCV reinforcement info
2018-05-28 13:09:24,962 RCV reinforcement info
2018-05-28 13:09:28,508 RCV reinforcement info
2018-05-28 13:09:28,844 RCV proposal
2018-05-28 13:09:28,847 appended honest propose 79eeefc571 on top of 807ad4b2d1
2018-05-28 13:09:28,897 RCV reinforcement
2018-05-28 13:09:30,367 RCV commit
2018-05-28 13:09:30,377 appended honest commit ad3b059b98 on top of 79eeefc571
2018-05-28 13:09:30,393 Weight: 6.067007848445472 #RFs 4
2018-05-28 13:09:30,393 weight: 6.067007848445472
2018-05-28 13:09:30,393 , 6.067007848445472
2018-05-28 13:09:30,399 start mining - depth 2
2018-05-28 13:09:30,400 start mining - hash ad3b059b98579f1d508e84f76ff5ff7c7ce9e1417df6ed79e4ef5920a22d1c50
2018-05-28 13:09:34,683 RCV reinforcement info
2018-05-28 13:09:35,628 RCV reinforcement info
2018-05-28 13:09:36,228 RCV reinforcement info
2018-05-28 13:09:41,141 RCV reinforcement info
2018-05-28 13:09:42,682 RCV proposal
2018-05-28 13:09:42,684 appended honest propose 2c52ccb2da on top of ad3b059b98
2018-05-28 13:09:42,757 RCV reinforcement
2018-05-28 13:09:42,763 RCV reinforcement
2018-05-28 13:09:42,775 RCV reinforcement
2018-05-28 13:09:42,815 RF found but not transmitted
2018-05-28 13:09:43,594 RF found but not transmitted
2018-05-28 13:09:44,209 RCV commit
2018-05-28 13:09:44,230 appended honest commit 9253f33212 on top of 2c52ccb2da
2018-05-28 13:09:44,247 Weight: 7.56366105350166 #RFs 4
2018-05-28 13:09:44,247 weight: 7.56366105350166
2018-05-28 13:09:44,247 , 7.56366105350166
2018-05-28 13:09:44,250 start mining - depth 3
2018-05-28 13:09:44,251 start mining - hash 9253f332129f3b486a983f174654e3c815b72ef2dc8b82702496010a8094cf27
2018-05-28 13:09:44,633 RCV reinforcement info
2018-05-28 13:09:44,860 RCV reinforcement info
2018-05-28 13:09:45,695 RCV reinforcement info
2018-05-28 13:09:45,915 RCV reinforcement info
2018-05-28 13:09:46,610 RCV reinforcement info
2018-05-28 13:09:47,313 RCV reinforcement info
2018-05-28 13:09:47,657 RCV reinforcement info
2018-05-28 13:09:47,913 RF found but not transmitted
2018-05-28 13:09:50,067 RCV reinforcement info
2018-05-28 13:09:50,151 RCV reinforcement info
2018-05-28 13:09:50,452 RF found but not transmitted
2018-05-28 13:09:50,962 RCV reinforcement info
2018-05-28 13:09:51,467 RF found but not transmitted
2018-05-28 13:09:51,765 RCV reinforcement info
2018-05-28 13:09:52,210 RCV reinforcement info
2018-05-28 13:09:52,376 RCV reinforcement info
2018-05-28 13:09:54,213 RCV reinforcement info
2018-05-28 13:09:56,414 RCV proposal
2018-05-28 13:09:56,417 appended honest propose ad1087d451 on top of 9253f33212
2018-05-28 13:09:56,510 RCV reinforcement
2018-05-28 13:09:56,513 RCV reinforcement
2018-05-28 13:09:56,527 RCV reinforcement
2018-05-28 13:09:56,797 RCV reinforcement info
2018-05-28 13:09:56,850 RCV reinforcement
2018-05-28 13:09:57,962 RCV commit
2018-05-28 13:09:58,023 appended honest commit 300d41677b on top of ad1087d451
2018-05-28 13:09:58,064 Weight: 10.811539838507727 #RFs 15
2018-05-28 13:09:58,064 weight: 10.811539838507727
2018-05-28 13:09:58,064 , 10.811539838507727
2018-05-28 13:09:58,892 RF found but not transmitted
2018-05-28 13:09:59,070 RCV reinforcement info
2018-05-28 13:09:59,262 RF found but not transmitted
2018-05-28 13:09:59,676 RCV reinforcement info
2018-05-28 13:09:59,687 RCV reinforcement info
2018-05-28 13:10:00,918 RCV reinforcement info
2018-05-28 13:10:02,051 RCV reinforcement info
2018-05-28 13:10:03,434 RCV reinforcement info
2018-05-28 13:10:04,567 RCV proposal
2018-05-28 13:10:04,572 appended honest propose d4ac799bc7 on top of 300d41677b
2018-05-28 13:10:04,645 RCV reinforcement
2018-05-28 13:10:04,657 RCV reinforcement
2018-05-28 13:10:04,673 RCV reinforcement
2018-05-28 13:10:04,989 RCV reinforcement info
2018-05-28 13:10:05,043 RCV reinforcement
2018-05-28 13:10:06,099 RCV commit
2018-05-28 13:10:06,119 appended honest commit 96e1ef7649 on top of d4ac799bc7
2018-05-28 13:10:06,144 Weight: 13.726114394635243 #RFs 7
2018-05-28 13:10:06,144 weight: 13.726114394635243
2018-05-28 13:10:06,144 , 13.726114394635243
2018-05-28 13:10:06,399 RCV reinforcement info
2018-05-28 13:10:07,156 RF found but not transmitted
2018-05-28 13:10:07,158 hash found
2018-05-28 13:10:07,163 appended malicious propose ff353ef0cb on top of 9253f33212
2018-05-28 13:10:07,163 REINFORCEMENT COLLECTING state
2018-05-28 13:10:07,225 SNT proposal
2018-05-28 13:10:07,365 RCV reinforcement
2018-05-28 13:10:07,375 RCV reinforcement
2018-05-28 13:10:07,588 RCV reinforcement
2018-05-28 13:10:08,729 commit with 3 reinforcements
2018-05-28 13:10:08,752 appended malicious commit 1b7edd702b on top of ff353ef0cb
2018-05-28 13:10:08,781 Weight: 10.0135265043159 #RFs 12
2018-05-28 13:10:08,781 weight: 10.0135265043159
2018-05-28 13:10:08,781 , 10.0135265043159
2018-05-28 13:10:08,782 MALICIOUS MINING state
2018-05-28 13:10:08,783 start mining - depth 4
2018-05-28 13:10:08,783 start mining - hash 1b7edd702bdd4ce81b704cb1ef0dcc1696b86f1b3e6a77217174a21def82059f
2018-05-28 13:10:08,784 Hashing frequency: 3607
2018-05-28 13:10:08,784 SNT commit
2018-05-28 13:10:10,763 RCV reinforcement info
2018-05-28 13:10:10,962 RCV reinforcement info
2018-05-28 13:10:11,799 RCV reinforcement info
2018-05-28 13:10:11,848 RCV proposal
2018-05-28 13:10:11,851 appended honest propose b46d1650db on top of 96e1ef7649
2018-05-28 13:10:11,968 RCV reinforcement
2018-05-28 13:10:11,971 RCV reinforcement
2018-05-28 13:10:11,984 RCV reinforcement
2018-05-28 13:10:12,101 RF found but not transmitted
2018-05-28 13:10:12,616 RCV reinforcement info
2018-05-28 13:10:12,684 RCV reinforcement
2018-05-28 13:10:13,350 RF found but not transmitted
2018-05-28 13:10:13,359 RCV commit
2018-05-28 13:10:13,375 appended honest commit 074815810a on top of b46d1650db
2018-05-28 13:10:13,403 Weight: 15.730838872262359 #RFs 5
2018-05-28 13:10:13,403 weight: 15.730838872262359
2018-05-28 13:10:13,406 , 15.730838872262359
2018-05-28 13:10:14,409 RF found but not transmitted
2018-05-28 13:10:16,178 RF found but not transmitted
2018-05-28 13:10:18,176 RF found but not transmitted
2018-05-28 13:10:20,478 RCV reinforcement info
2018-05-28 13:10:23,274 RCV proposal
2018-05-28 13:10:23,276 appended honest propose c7ceec7e52 on top of 074815810a
2018-05-28 13:10:23,328 RCV reinforcement
2018-05-28 13:10:24,384 RCV reinforcement info
2018-05-28 13:10:24,454 RCV reinforcement
2018-05-28 13:10:24,771 RCV commit
2018-05-28 13:10:24,777 appended honest commit 3b25460841 on top of c7ceec7e52
2018-05-28 13:10:24,787 Weight: 16.87034463171205 #RFs 2
2018-05-28 13:10:24,788 weight: 16.87034463171205
2018-05-28 13:10:24,788 , 16.87034463171205
2018-05-28 13:10:25,140 RCV reinforcement info
2018-05-28 13:10:25,359 RF found but not transmitted
2018-05-28 13:10:26,667 RCV reinforcement info
2018-05-28 13:10:26,992 RF found but not transmitted
2018-05-28 13:10:27,536 RCV reinforcement info
2018-05-28 13:10:27,987 RCV reinforcement info
2018-05-28 13:10:28,580 RF found but not transmitted
2018-05-28 13:10:30,120 RCV reinforcement info
2018-05-28 13:10:31,140 RCV reinforcement info
2018-05-28 13:10:32,128 RCV reinforcement info
2018-05-28 13:10:33,572 RCV reinforcement info
2018-05-28 13:10:33,913 RCV reinforcement info
2018-05-28 13:10:34,091 RCV reinforcement info
2018-05-28 13:10:34,308 RCV reinforcement info
2018-05-28 13:10:37,557 RF found but not transmitted
2018-05-28 13:10:37,596 RCV reinforcement info
2018-05-28 13:10:38,901 RCV proposal
2018-05-28 13:10:38,908 appended honest propose 0575bd3d1e on top of 3b25460841
2018-05-28 13:10:38,988 RCV reinforcement
2018-05-28 13:10:38,997 RCV reinforcement
2018-05-28 13:10:39,014 RCV reinforcement
2018-05-28 13:10:40,438 RCV commit
2018-05-28 13:10:40,472 appended honest commit e478b4f175 on top of 0575bd3d1e
2018-05-28 13:10:40,521 Weight: 19.488091206177224 #RFs 12
2018-05-28 13:10:40,521 weight: 19.488091206177224
2018-05-28 13:10:40,521 , 19.488091206177224
2018-05-28 13:10:42,420 RCV reinforcement info
2018-05-28 13:10:43,285 RCV reinforcement info
2018-05-28 13:10:43,511 RCV reinforcement info
2018-05-28 13:10:43,602 RCV reinforcement info
2018-05-28 13:10:43,705 RCV reinforcement info
2018-05-28 13:10:44,342 RF found but not transmitted
2018-05-28 13:10:45,908 RCV reinforcement info
2018-05-28 13:10:46,484 RCV reinforcement info
2018-05-28 13:10:48,638 RCV reinforcement info
2018-05-28 13:10:48,970 RCV reinforcement info
2018-05-28 13:10:49,077 RF found but not transmitted
2018-05-28 13:10:49,772 RF found but not transmitted
2018-05-28 13:10:50,907 RCV reinforcement info
2018-05-28 13:10:51,256 RCV reinforcement info
2018-05-28 13:10:51,289 RCV reinforcement info
2018-05-28 13:10:52,464 RCV reinforcement info
2018-05-28 13:10:53,757 RCV reinforcement info
2018-05-28 13:10:59,728 RF found but not transmitted
2018-05-28 13:10:59,911 RCV reinforcement info
2018-05-28 13:10:59,929 RCV reinforcement info
2018-05-28 13:10:59,955 RCV reinforcement info
2018-05-28 13:11:00,264 RCV reinforcement info
2018-05-28 13:11:00,543 RF found but not transmitted
2018-05-28 13:11:00,988 RCV reinforcement info
2018-05-28 13:11:01,657 RCV reinforcement info
2018-05-28 13:11:03,249 RCV reinforcement info
2018-05-28 13:11:05,550 RF found but not transmitted
2018-05-28 13:11:06,554 RF found but not transmitted
2018-05-28 13:11:07,679 RF found but not transmitted
2018-05-28 13:11:07,802 RF found but not transmitted
2018-05-28 13:11:07,811 RCV reinforcement info
2018-05-28 13:11:08,720 RF found but not transmitted
2018-05-28 13:11:09,707 RF found but not transmitted
2018-05-28 13:11:11,618 RF found but not transmitted
2018-05-28 13:11:11,687 RCV proposal
2018-05-28 13:11:11,690 appended honest propose 8e3cc65cf4 on top of e478b4f175
2018-05-28 13:11:11,774 RCV reinforcement
2018-05-28 13:11:11,782 RCV reinforcement
2018-05-28 13:11:11,792 RCV reinforcement
2018-05-28 13:11:12,438 RCV reinforcement info
2018-05-28 13:11:12,501 RCV reinforcement
2018-05-28 13:11:12,557 RCV reinforcement info
2018-05-28 13:11:12,619 RCV reinforcement
2018-05-28 13:11:13,287 RCV commit
2018-05-28 13:11:13,387 appended honest commit 8b20aacd41 on top of 8e3cc65cf4
2018-05-28 13:11:13,467 Weight: 25.248542145586406 #RFs 24
2018-05-28 13:11:13,467 weight: 25.248542145586406
2018-05-28 13:11:13,467 , 25.248542145586406
2018-05-28 13:11:13,568 RCV proposal
2018-05-28 13:11:13,571 appended honest propose 2abf26018f on top of 8b20aacd41
2018-05-28 13:11:15,083 RCV commit
2018-05-28 13:11:15,083 appended honest commit b31d14d922 on top of 2abf26018f
2018-05-28 13:11:15,083 Weight: 26.248542145586406 #RFs 0
2018-05-28 13:11:15,084 weight: 26.248542145586406
2018-05-28 13:11:15,084 , 26.248542145586406
2018-05-28 13:11:15,639 RCV reinforcement info
2018-05-28 13:11:15,673 RF found but not transmitted
2018-05-28 13:11:17,817 RCV reinforcement info
2018-05-28 13:11:18,305 RF found but not transmitted
2018-05-28 13:11:18,843 RCV reinforcement info
2018-05-28 13:11:20,318 RCV reinforcement info
2018-05-28 13:11:20,590 RCV reinforcement info
2018-05-28 13:11:21,609 RCV proposal
2018-05-28 13:11:21,615 appended malicious propose b8bc468a6c on top of 1b7edd702b
2018-05-28 13:11:21,615 REINFORCEMENT SENT state
2018-05-28 13:11:21,616 SNT reinforcement
2018-05-28 13:11:21,693 RCV reinforcement info
2018-05-28 13:11:21,701 RCV reinforcement
2018-05-28 13:11:21,930 RCV reinforcement
2018-05-28 13:11:22,293 RCV reinforcement info
2018-05-28 13:11:22,739 RCV reinforcement info
2018-05-28 13:11:23,097 RF found but not transmitted
2018-05-28 13:11:23,248 RCV commit
2018-05-28 13:11:23,421 appended malicious commit 062b33c235 on top of b8bc468a6c
2018-05-28 13:11:23,588 Weight: 21.358598396978458 #RFs 47
2018-05-28 13:11:23,588 weight: 21.358598396978458
2018-05-28 13:11:23,590 , 21.358598396978458
2018-05-28 13:11:23,598 MALICIOUS MINING state
2018-05-28 13:11:23,599 start mining - depth 5
2018-05-28 13:11:23,599 start mining - hash 062b33c2357bc45dfefef718bc88df7feca7268d0ae2e48687d16f63f34f41b7
2018-05-28 13:11:23,600 Hashing frequency: 8056
2018-05-28 13:11:23,712 RCV proposal
2018-05-28 13:11:23,715 appended honest propose c35200f60a on top of b31d14d922
2018-05-28 13:11:23,793 RCV reinforcement
2018-05-28 13:11:23,814 RCV reinforcement
2018-05-28 13:11:23,820 RCV reinforcement
2018-05-28 13:11:24,144 RCV reinforcement info
2018-05-28 13:11:24,201 RCV reinforcement
2018-05-28 13:11:24,271 RCV reinforcement info
2018-05-28 13:11:24,339 RCV reinforcement
2018-05-28 13:11:24,450 RCV proposal
2018-05-28 13:11:24,454 appended malicious propose 54a8e0ecfb on top of 062b33c235
2018-05-28 13:11:24,454 REINFORCEMENT SENT state
2018-05-28 13:11:24,952 RF found but not transmitted
2018-05-28 13:11:24,958 SNT reinforcement
2018-05-28 13:11:25,083 RCV reinforcement info
2018-05-28 13:11:25,153 RCV reinforcement
2018-05-28 13:11:25,260 RCV commit
2018-05-28 13:11:25,293 appended honest commit 8b8dc984d2 on top of c35200f60a
2018-05-28 13:11:25,350 Weight: 29.91703114019867 #RFs 11
2018-05-28 13:11:25,351 weight: 29.91703114019867
2018-05-28 13:11:25,351 , 29.91703114019867
2018-05-28 13:11:25,635 RCV reinforcement
2018-05-28 13:11:26,001 RCV commit
2018-05-28 13:11:26,006 appended malicious commit 012383383d on top of 54a8e0ecfb
2018-05-28 13:11:26,007 Weight: 22.43972442831674 #RFs 1
2018-05-28 13:11:26,007 weight: 22.43972442831674
2018-05-28 13:11:26,008 , 22.43972442831674
2018-05-28 13:11:26,008 MALICIOUS MINING state
2018-05-28 13:11:26,008 start mining - depth 6
2018-05-28 13:11:26,008 start mining - hash 012383383d9f9dc4580740277077104961cb84d850edacf4f2edf01384d34293
2018-05-28 13:11:26,068 RF found but not transmitted
2018-05-28 13:11:26,458 RCV reinforcement info
2018-05-28 13:11:26,859 RF found but not transmitted
2018-05-28 13:11:27,078 RF found but not transmitted
2018-05-28 13:11:27,253 RCV reinforcement info
2018-05-28 13:11:28,233 RCV reinforcement info
2018-05-28 13:11:29,786 RCV proposal
2018-05-28 13:11:29,793 appended honest propose 107954dd4e on top of 8b8dc984d2
2018-05-28 13:11:29,863 RCV reinforcement
2018-05-28 13:11:29,875 RCV reinforcement
2018-05-28 13:11:30,040 RF found but not transmitted
2018-05-28 13:11:30,177 RCV reinforcement info
2018-05-28 13:11:30,245 RCV reinforcement
2018-05-28 13:11:31,307 RCV commit
2018-05-28 13:11:31,334 appended honest commit a360747990 on top of 107954dd4e
2018-05-28 13:11:31,342 Weight: 31.236365787573803 #RFs 3
2018-05-28 13:11:31,343 weight: 31.236365787573803
2018-05-28 13:11:31,343 , 31.236365787573803
2018-05-28 13:11:31,929 RCV reinforcement info
2018-05-28 13:11:32,215 RCV reinforcement info
2018-05-28 13:11:33,110 RCV reinforcement info
2018-05-28 13:11:33,645 RF found but not transmitted
2018-05-28 13:11:35,336 RF found but not transmitted
2018-05-28 13:11:36,248 RCV reinforcement info
2018-05-28 13:11:36,822 RF found but not transmitted
2018-05-28 13:11:37,057 RF found but not transmitted
2018-05-28 13:11:37,156 RF found but not transmitted
2018-05-28 13:11:37,855 RF found but not transmitted
2018-05-28 13:11:39,124 RF found but not transmitted
2018-05-28 13:11:39,668 RCV reinforcement info
2018-05-28 13:11:42,558 RCV reinforcement info
2018-05-28 13:11:42,635 RCV reinforcement info
2018-05-28 13:11:42,731 RCV proposal
2018-05-28 13:11:42,734 appended honest propose 678f9854cc on top of a360747990
2018-05-28 13:11:42,824 RCV reinforcement
2018-05-28 13:11:42,840 RCV proposal
2018-05-28 13:11:42,843 appended honest propose cae18421a1 on top of a360747990
2018-05-28 13:11:42,852 RCV reinforcement
2018-05-28 13:11:43,088 RF found but not transmitted
2018-05-28 13:11:43,422 RF found but not transmitted
2018-05-28 13:11:43,667 RCV reinforcement info
2018-05-28 13:11:43,725 RCV reinforcement
2018-05-28 13:11:43,869 RCV reinforcement info
2018-05-28 13:11:43,942 RCV reinforcement
2018-05-28 13:11:44,166 RF found but not transmitted
2018-05-28 13:11:44,257 RCV commit
2018-05-28 13:11:44,273 appended honest commit d6f95cfafc on top of 678f9854cc
2018-05-28 13:11:44,296 Weight: 33.31951967625382 #RFs 6
2018-05-28 13:11:44,296 weight: 33.31951967625382
2018-05-28 13:11:44,296 , 33.31951967625382
2018-05-28 13:11:44,395 RCV commit
2018-05-28 13:11:44,401 appended honest commit 618f72e99a on top of cae18421a1
2018-05-28 13:11:44,405 Weight: 32.45705965595328 #RFs 2
2018-05-28 13:11:44,405 weight: 32.45705965595328
2018-05-28 13:11:44,405 , 32.45705965595328
2018-05-28 13:11:44,484 RF found but not transmitted
2018-05-28 13:11:45,585 RCV proposal
2018-05-28 13:11:45,588 appended malicious propose e5a5422bf8 on top of 012383383d
2018-05-28 13:11:45,589 REINFORCEMENT SENT state
2018-05-28 13:11:45,590 SNT reinforcement
2018-05-28 13:11:45,683 RCV reinforcement
2018-05-28 13:11:45,746 RCV reinforcement
2018-05-28 13:11:45,857 RCV reinforcement info
2018-05-28 13:11:46,068 RCV reinforcement info
2018-05-28 13:11:46,280 RF found but not transmitted
2018-05-28 13:11:46,285 SNT reinforcement
2018-05-28 13:11:46,941 RF found but not transmitted
2018-05-28 13:11:46,946 SNT reinforcement
2018-05-28 13:11:47,157 RCV commit
2018-05-28 13:11:47,232 appended malicious commit affbfb7a96 on top of e5a5422bf8
2018-05-28 13:11:47,296 Weight: 27.211241829728145 #RFs 18
2018-05-28 13:11:47,297 weight: 27.211241829728145
2018-05-28 13:11:47,298 , 27.211241829728145
2018-05-28 13:11:47,298 MALICIOUS MINING state
2018-05-28 13:11:47,302 start mining - depth 7
2018-05-28 13:11:47,302 start mining - hash affbfb7a96a4a1df3daafa13585642f554becf21a45f5e1263a549dcd2282e80
2018-05-28 13:11:47,720 RCV reinforcement info
2018-05-28 13:11:48,376 RF found but not transmitted
2018-05-28 13:11:48,570 RF found but not transmitted
2018-05-28 13:11:49,092 RCV reinforcement info
2018-05-28 13:11:49,345 RF found but not transmitted
2018-05-28 13:11:49,455 RF found but not transmitted
2018-05-28 13:11:49,718 RCV reinforcement info
2018-05-28 13:11:51,138 RCV reinforcement info
2018-05-28 13:11:51,388 RCV reinforcement info
2018-05-28 13:11:51,546 RCV reinforcement info
2018-05-28 13:11:52,646 RCV reinforcement info
2018-05-28 13:11:52,781 RF found but not transmitted
2018-05-28 13:11:53,185 RCV reinforcement info
2018-05-28 13:11:54,696 RCV reinforcement info
2018-05-28 13:11:54,950 RF found but not transmitted
2018-05-28 13:11:56,589 RCV proposal
2018-05-28 13:11:56,592 appended honest propose bed3fe3479 on top of d6f95cfafc
2018-05-28 13:11:56,707 RCV reinforcement
2018-05-28 13:11:56,722 RCV reinforcement
2018-05-28 13:11:56,935 RCV reinforcement info
2018-05-28 13:11:57,060 RCV reinforcement
2018-05-28 13:11:57,087 RCV reinforcement info
2018-05-28 13:11:57,167 RCV reinforcement
2018-05-28 13:11:57,208 RF found but not transmitted
2018-05-28 13:11:57,560 RF found but not transmitted
2018-05-28 13:11:58,144 RCV commit
2018-05-28 13:11:58,192 appended honest commit cb1b16c02d on top of bed3fe3479
2018-05-28 13:11:58,222 Weight: 36.12543726648784 #RFs 11
2018-05-28 13:11:58,222 weight: 36.12543726648784
2018-05-28 13:11:58,222 , 36.12543726648784
2018-05-28 13:11:58,591 RF found but not transmitted
2018-05-28 13:11:58,912 RCV reinforcement info
2018-05-28 13:12:00,056 RCV reinforcement info
2018-05-28 13:12:00,474 RF found but not transmitted
2018-05-28 13:12:01,283 RCV reinforcement info
2018-05-28 13:12:01,357 RF found but not transmitted
2018-05-28 13:12:02,458 RCV reinforcement info
2018-05-28 13:12:02,482 RF found but not transmitted
2018-05-28 13:12:02,797 RF found but not transmitted
2018-05-28 13:12:04,464 RF found but not transmitted
2018-05-28 13:12:04,511 RCV reinforcement info
2018-05-28 13:12:05,482 RF found but not transmitted
2018-05-28 13:12:05,762 RCV reinforcement info
2018-05-28 13:12:05,781 RCV reinforcement info
2018-05-28 13:12:05,861 RCV reinforcement info
2018-05-28 13:12:07,368 RCV reinforcement info
2018-05-28 13:12:08,958 RCV reinforcement info
2018-05-28 13:12:09,565 RCV reinforcement info
2018-05-28 13:12:09,730 RCV reinforcement info
2018-05-28 13:12:09,770 RCV proposal
2018-05-28 13:12:09,774 appended malicious propose bba45f9584 on top of affbfb7a96
2018-05-28 13:12:09,774 REINFORCEMENT SENT state
2018-05-28 13:12:09,776 SNT reinforcement
2018-05-28 13:12:09,952 RCV reinforcement
2018-05-28 13:12:11,064 RF found but not transmitted
2018-05-28 13:12:11,066 SNT reinforcement
2018-05-28 13:12:11,543 RCV commit
2018-05-28 13:12:11,717 appended malicious commit 88c6afef76 on top of bba45f9584
2018-05-28 13:12:11,779 Weight: 31.285911802568993 #RFs 18
2018-05-28 13:12:11,779 weight: 31.285911802568993
2018-05-28 13:12:11,780 , 31.285911802568993
2018-05-28 13:12:11,782 MALICIOUS MINING state
2018-05-28 13:12:11,799 start mining - depth 8
2018-05-28 13:12:11,801 start mining - hash 88c6afef76432ff8d68ba27bd348394746e50c61c29a17cd264bb5a2b19305ce
2018-05-28 13:12:11,852 RCV reinforcement info
2018-05-28 13:12:12,048 RCV reinforcement info
2018-05-28 13:12:12,768 RF found but not transmitted
2018-05-28 13:12:13,162 RCV proposal
2018-05-28 13:12:13,165 appended honest propose cad3de0bc5 on top of cb1b16c02d
2018-05-28 13:12:13,261 RCV reinforcement
2018-05-28 13:12:13,265 RCV reinforcement
2018-05-28 13:12:13,281 RCV reinforcement
2018-05-28 13:12:13,750 RCV reinforcement info
2018-05-28 13:12:13,906 RCV reinforcement
2018-05-28 13:12:14,073 RF found but not transmitted
2018-05-28 13:12:14,232 RCV reinforcement info
2018-05-28 13:12:14,335 RCV reinforcement
2018-05-28 13:12:14,727 RCV commit
2018-05-28 13:12:14,798 appended honest commit b92cc920dd on top of cad3de0bc5
2018-05-28 13:12:14,893 Weight: 39.47657738634988 #RFs 16
2018-05-28 13:12:14,893 weight: 39.47657738634988
2018-05-28 13:12:14,893 , 39.47657738634988
2018-05-28 13:12:15,222 RCV proposal
2018-05-28 13:12:15,230 appended malicious propose 56086144f5 on top of 88c6afef76
2018-05-28 13:12:15,230 REINFORCEMENT SENT state
2018-05-28 13:12:15,232 SNT reinforcement
2018-05-28 13:12:16,011 RCV reinforcement info
2018-05-28 13:12:16,154 RF found but not transmitted
2018-05-28 13:12:16,468 RF found but not transmitted
2018-05-28 13:12:16,595 RCV commit
2018-05-28 13:12:16,604 appended malicious commit 043550510c on top of 56086144f5
2018-05-28 13:12:16,638 Weight: 32.71112979852519 #RFs 2
2018-05-28 13:12:16,638 weight: 32.71112979852519
2018-05-28 13:12:16,638 , 32.71112979852519
2018-05-28 13:12:16,638 MALICIOUS MINING state
2018-05-28 13:12:16,640 start mining - depth 9
2018-05-28 13:12:16,641 start mining - hash 043550510cb07abcd988bcda2c1ac87d4011cc5bdb48bf4fc8293d9646d5fbf7
2018-05-28 13:12:16,958 RCV reinforcement info
2018-05-28 13:12:17,189 RCV reinforcement info
2018-05-28 13:12:18,775 RF found but not transmitted
2018-05-28 13:12:19,359 RCV reinforcement info
2018-05-28 13:12:19,572 RCV reinforcement info
2018-05-28 13:12:20,389 RCV proposal
2018-05-28 13:12:20,393 appended malicious propose ee482b1dc9 on top of 043550510c
2018-05-28 13:12:20,393 REINFORCEMENT SENT state
2018-05-28 13:12:20,395 SNT reinforcement
2018-05-28 13:12:20,500 RCV reinforcement
2018-05-28 13:12:20,537 RCV reinforcement info
2018-05-28 13:12:21,900 RCV commit
2018-05-28 13:12:21,906 appended malicious commit bc37acd265 on top of ee482b1dc9
2018-05-28 13:12:21,913 Weight: 34.03526232861022 #RFs 2
2018-05-28 13:12:21,913 weight: 34.03526232861022
2018-05-28 13:12:21,914 , 34.03526232861022
2018-05-28 13:12:21,914 MALICIOUS MINING state
2018-05-28 13:12:21,916 start mining - depth 10
2018-05-28 13:12:21,916 start mining - hash bc37acd265f61180cdf648fb1d33c2579be6542116fbc7302ec2c29193df565c
2018-05-28 13:12:23,465 RF found but not transmitted
2018-05-28 13:12:24,086 RCV reinforcement info
2018-05-28 13:12:25,206 RCV reinforcement info
2018-05-28 13:12:25,900 RF found but not transmitted
2018-05-28 13:12:26,105 RCV proposal
2018-05-28 13:12:26,111 appended malicious propose d26d4b7af1 on top of bc37acd265
2018-05-28 13:12:26,112 REINFORCEMENT SENT state
2018-05-28 13:12:26,113 SNT reinforcement
2018-05-28 13:12:26,216 RCV reinforcement
2018-05-28 13:12:26,299 RCV reinforcement
2018-05-28 13:12:26,631 RCV reinforcement info
2018-05-28 13:12:26,778 RCV reinforcement
2018-05-28 13:12:26,888 RCV reinforcement info
2018-05-28 13:12:27,103 RCV reinforcement info
2018-05-28 13:12:27,412 RF found but not transmitted
2018-05-28 13:12:27,415 SNT reinforcement
2018-05-28 13:12:27,678 RCV commit
2018-05-28 13:12:27,696 appended malicious commit efafde7dd4 on top of d26d4b7af1
2018-05-28 13:12:27,742 Weight: 35.79469200267956 #RFs 7
2018-05-28 13:12:27,742 weight: 35.79469200267956
2018-05-28 13:12:27,744 , 35.79469200267956
2018-05-28 13:12:27,744 MALICIOUS MINING state
2018-05-28 13:12:27,747 start mining - depth 11
2018-05-28 13:12:27,747 start mining - hash efafde7dd4f5a5e92865c14b29e5fa8587c9f13f08ce7b5104f1a642951ea91e
2018-05-28 13:12:27,749 Hashing frequency: 6875
2018-05-28 13:12:27,771 RCV reinforcement
2018-05-28 13:12:29,554 RCV reinforcement info
2018-05-28 13:12:29,635 RCV reinforcement info
2018-05-28 13:12:31,260 RCV reinforcement info
2018-05-28 13:12:31,958 RCV reinforcement info
2018-05-28 13:12:32,362 RCV reinforcement info
2018-05-28 13:12:33,830 RCV proposal
2018-05-28 13:12:33,833 appended honest propose 24078a8eb7 on top of b92cc920dd
2018-05-28 13:12:33,936 RCV reinforcement
2018-05-28 13:12:33,947 RCV reinforcement
2018-05-28 13:12:33,960 RCV reinforcement
2018-05-28 13:12:34,059 RCV reinforcement info
2018-05-28 13:12:34,142 RCV reinforcement
2018-05-28 13:12:34,215 RF found but not transmitted
2018-05-28 13:12:35,106 RF found but not transmitted
2018-05-28 13:12:35,425 RCV commit
2018-05-28 13:12:35,505 appended honest commit 335cf90b3b on top of 24078a8eb7
2018-05-28 13:12:35,578 Weight: 43.102922016297214 #RFs 16
2018-05-28 13:12:35,578 weight: 43.102922016297214
2018-05-28 13:12:35,580 , 43.102922016297214
2018-05-28 13:12:35,679 RCV reinforcement info
2018-05-28 13:12:35,857 RCV reinforcement info
2018-05-28 13:12:38,009 RF found but not transmitted
2018-05-28 13:12:38,052 RF found but not transmitted
2018-05-28 13:12:38,335 RCV reinforcement info
2018-05-28 13:12:39,740 RCV reinforcement info
2018-05-28 13:12:40,593 RCV reinforcement info
2018-05-28 13:12:42,588 RF found but not transmitted
2018-05-28 13:12:42,816 RCV reinforcement info
2018-05-28 13:12:44,538 RCV reinforcement info
2018-05-28 13:12:47,827 RF found but not transmitted
2018-05-28 13:12:48,317 RF found but not transmitted
2018-05-28 13:12:51,512 RF found but not transmitted
2018-05-28 13:12:51,657 RCV reinforcement info
2018-05-28 13:12:53,206 RCV reinforcement info
2018-05-28 13:12:53,545 RF found but not transmitted
2018-05-28 13:12:54,419 RF found but not transmitted
2018-05-28 13:12:56,145 RF found but not transmitted
2018-05-28 13:12:56,537 RCV reinforcement info
2018-05-28 13:12:56,624 RCV reinforcement info
2018-05-28 13:12:56,634 RCV reinforcement info
2018-05-28 13:12:57,511 RCV reinforcement info
2018-05-28 13:12:58,142 RCV reinforcement info
2018-05-28 13:12:58,250 RCV reinforcement info
2018-05-28 13:12:58,492 RCV reinforcement info
2018-05-28 13:12:58,763 RCV reinforcement info
2018-05-28 13:12:59,115 RCV reinforcement info
2018-05-28 13:12:59,394 RCV reinforcement info
2018-05-28 13:12:59,975 RCV reinforcement info
2018-05-28 13:13:00,064 RF found but not transmitted
2018-05-28 13:13:00,244 RCV reinforcement info
2018-05-28 13:13:03,116 RCV reinforcement info
2018-05-28 13:13:03,917 RCV proposal
2018-05-28 13:13:03,920 appended honest propose 43df811c0d on top of 335cf90b3b
2018-05-28 13:13:04,018 RCV reinforcement
2018-05-28 13:13:04,035 RCV reinforcement
2018-05-28 13:13:04,060 RCV reinforcement
2018-05-28 13:13:04,598 RF found but not transmitted
2018-05-28 13:13:04,734 RCV reinforcement info
2018-05-28 13:13:04,813 RCV reinforcement
2018-05-28 13:13:05,526 RCV commit
2018-05-28 13:13:05,646 appended honest commit f9a8b46ac4 on top of 43df811c0d
2018-05-28 13:13:05,738 Weight: 47.438606602981935 #RFs 22
2018-05-28 13:13:05,740 weight: 47.438606602981935
2018-05-28 13:13:05,740 , 47.438606602981935
2018-05-28 13:13:06,163 RF found but not transmitted
2018-05-28 13:13:07,860 RCV reinforcement info
2018-05-28 13:13:09,020 RF found but not transmitted
2018-05-28 13:13:10,441 RF found but not transmitted
2018-05-28 13:13:10,773 RCV proposal
2018-05-28 13:13:10,776 appended honest propose 53c846ca93 on top of f9a8b46ac4
2018-05-28 13:13:10,798 RCV reinforcement info
2018-05-28 13:13:10,875 RCV reinforcement
2018-05-28 13:13:10,902 RCV reinforcement
2018-05-28 13:13:12,283 RCV commit
2018-05-28 13:13:12,289 appended honest commit 44a042d81b on top of 53c846ca93
2018-05-28 13:13:12,299 Weight: 48.73969639501309 #RFs 2
2018-05-28 13:13:12,299 weight: 48.73969639501309
2018-05-28 13:13:12,307 , 48.73969639501309
2018-05-28 13:13:12,538 RCV reinforcement info
2018-05-28 13:13:12,656 RF found but not transmitted
2018-05-28 13:13:13,957 RCV reinforcement info
2018-05-28 13:13:15,195 RCV reinforcement info
2018-05-28 13:13:16,283 RCV reinforcement info
2018-05-28 13:13:16,563 RCV reinforcement info
2018-05-28 13:13:16,604 RCV reinforcement info
2018-05-28 13:13:16,878 RF found but not transmitted
2018-05-28 13:13:18,099 RF found but not transmitted
2018-05-28 13:13:18,647 RF found but not transmitted
2018-05-28 13:13:19,241 RCV reinforcement info
2018-05-28 13:13:19,851 RF found but not transmitted
2018-05-28 13:13:20,807 RF found but not transmitted
2018-05-28 13:13:21,274 RF found but not transmitted
2018-05-28 13:13:22,047 RCV reinforcement info
2018-05-28 13:13:22,689 RCV reinforcement info
2018-05-28 13:13:25,015 RCV reinforcement info
2018-05-28 13:13:26,613 RF found but not transmitted
2018-05-28 13:13:26,752 RCV reinforcement info
2018-05-28 13:13:26,979 RCV reinforcement info
2018-05-28 13:13:27,572 RF found but not transmitted
2018-05-28 13:13:28,855 RCV reinforcement info
2018-05-28 13:13:29,360 RF found but not transmitted
2018-05-28 13:13:29,426 RCV reinforcement info
2018-05-28 13:13:32,031 RF found but not transmitted
2018-05-28 13:13:32,681 RCV reinforcement info
2018-05-28 13:13:33,961 RCV reinforcement info
2018-05-28 13:13:35,787 RCV reinforcement info
2018-05-28 13:13:35,908 RCV proposal
2018-05-28 13:13:35,911 appended honest propose 8c5faae8f5 on top of 44a042d81b
2018-05-28 13:13:36,017 RCV reinforcement
2018-05-28 13:13:36,035 RCV reinforcement
2018-05-28 13:13:36,051 RCV reinforcement
2018-05-28 13:13:36,566 RCV reinforcement info
2018-05-28 13:13:36,649 RCV reinforcement
2018-05-28 13:13:36,732 RCV reinforcement info
2018-05-28 13:13:36,804 RCV reinforcement
2018-05-28 13:13:37,488 RCV commit
2018-05-28 13:13:37,574 appended honest commit 65e6b73d86 on top of 8c5faae8f5
2018-05-28 13:13:37,638 Weight: 53.701279822238256 #RFs 19
2018-05-28 13:13:37,638 weight: 53.701279822238256
2018-05-28 13:13:37,638 , 53.701279822238256
2018-05-28 13:13:39,874 RCV reinforcement info
2018-05-28 13:13:42,061 RCV reinforcement info
2018-05-28 13:13:42,110 RF found but not transmitted
2018-05-28 13:13:44,847 RCV reinforcement info
2018-05-28 13:13:45,857 RCV reinforcement info
2018-05-28 13:13:46,182 RF found but not transmitted
2018-05-28 13:13:46,183 hash found
2018-05-28 13:13:46,188 appended malicious propose 7b55c5d681 on top of efafde7dd4
2018-05-28 13:13:46,188 REINFORCEMENT COLLECTING state
2018-05-28 13:13:46,263 SNT proposal
2018-05-28 13:13:46,452 RCV reinforcement
2018-05-28 13:13:46,489 RCV reinforcement
2018-05-28 13:13:47,193 RCV reinforcement
2018-05-28 13:13:47,766 commit with 3 reinforcements
2018-05-28 13:13:47,869 appended malicious commit b03320d37b on top of 7b55c5d681
2018-05-28 13:13:47,982 Weight: 46.37251025608754 #RFs 53
2018-05-28 13:13:47,982 weight: 46.37251025608754
2018-05-28 13:13:47,982 , 46.37251025608754
2018-05-28 13:13:47,983 MALICIOUS MINING state
2018-05-28 13:13:47,984 start mining - depth 12
2018-05-28 13:13:47,984 start mining - hash b03320d37ba268d13fa8f696c556194f8442ee834ba227e72b63bdfc595224ca
2018-05-28 13:13:47,985 Hashing frequency: 8357
2018-05-28 13:13:47,985 SNT commit
2018-05-28 13:13:48,168 RCV reinforcement info
2018-05-28 13:13:52,368 RF found but not transmitted
2018-05-28 13:13:52,693 RF found but not transmitted
2018-05-28 13:13:52,918 RF found but not transmitted
2018-05-28 13:13:53,135 RF found but not transmitted
2018-05-28 13:13:53,273 RCV reinforcement info
2018-05-28 13:13:53,655 RF found but not transmitted
2018-05-28 13:13:54,363 RF found but not transmitted
2018-05-28 13:13:54,436 RF found but not transmitted
2018-05-28 13:13:56,153 RCV reinforcement info
2018-05-28 13:13:57,387 RCV reinforcement info
2018-05-28 13:13:57,441 RCV proposal
2018-05-28 13:13:57,445 appended malicious propose f2017d5848 on top of b03320d37b
2018-05-28 13:13:57,445 REINFORCEMENT SENT state
2018-05-28 13:13:57,446 SNT reinforcement
2018-05-28 13:13:57,580 RCV reinforcement info
2018-05-28 13:13:57,583 RCV reinforcement
2018-05-28 13:13:58,027 RCV reinforcement info
2018-05-28 13:13:58,458 RCV reinforcement info
2018-05-28 13:13:58,736 RCV reinforcement info
2018-05-28 13:13:58,789 RF found but not transmitted
2018-05-28 13:13:58,957 RCV commit
2018-05-28 13:13:58,972 appended malicious commit fcc7214440 on top of f2017d5848
2018-05-28 13:13:58,988 Weight: 48.19282620875266 #RFs 5
2018-05-28 13:13:58,988 weight: 48.19282620875266
2018-05-28 13:13:58,988 , 48.19282620875266
2018-05-28 13:13:58,989 MALICIOUS MINING state
2018-05-28 13:13:58,990 start mining - depth 13
2018-05-28 13:13:58,992 start mining - hash fcc721444005ac9c7ea6b3e22915600daf93b2582812df82db38a52254335e00
2018-05-28 13:13:59,133 RF found but not transmitted
2018-05-28 13:13:59,226 RF found but not transmitted
2018-05-28 13:13:59,244 RCV reinforcement info
2018-05-28 13:13:59,582 RCV reinforcement info
2018-05-28 13:14:00,400 RF found but not transmitted
2018-05-28 13:14:00,463 RCV reinforcement info
2018-05-28 13:14:00,914 RCV reinforcement info
2018-05-28 13:14:01,898 RCV reinforcement info
2018-05-28 13:14:03,990 RCV proposal
2018-05-28 13:14:03,993 appended honest propose 748afbf81e on top of 65e6b73d86
2018-05-28 13:14:04,113 RCV reinforcement
2018-05-28 13:14:04,121 RCV reinforcement
2018-05-28 13:14:04,124 RCV reinforcement
2018-05-28 13:14:04,240 RCV reinforcement info
2018-05-28 13:14:04,327 RCV reinforcement
2018-05-28 13:14:04,462 RF found but not transmitted
2018-05-28 13:14:05,166 RCV reinforcement info
2018-05-28 13:14:05,245 RCV reinforcement
2018-05-28 13:14:05,376 RF found but not transmitted
2018-05-28 13:14:05,575 RCV commit
2018-05-28 13:14:05,712 appended honest commit 5c5243cc86 on top of 748afbf81e
2018-05-28 13:14:05,822 Weight: 58.1135988502281 #RFs 18
2018-05-28 13:14:05,822 weight: 58.1135988502281
2018-05-28 13:14:05,825 , 58.1135988502281
2018-05-28 13:14:06,010 RF found but not transmitted
2018-05-28 13:14:06,255 RF found but not transmitted
2018-05-28 13:14:07,023 RF found but not transmitted
2018-05-28 13:14:07,167 RF found but not transmitted
2018-05-28 13:14:07,796 RF found but not transmitted
2018-05-28 13:14:08,284 RCV reinforcement info
2018-05-28 13:14:08,830 RCV reinforcement info
2018-05-28 13:14:08,880 RF found but not transmitted
2018-05-28 13:14:09,189 RF found but not transmitted
2018-05-28 13:14:09,799 RF found but not transmitted
2018-05-28 13:14:09,957 RCV reinforcement info
2018-05-28 13:14:10,221 RF found but not transmitted
2018-05-28 13:14:11,185 RCV reinforcement info
2018-05-28 13:14:11,610 RCV reinforcement info
2018-05-28 13:14:12,224 RF found but not transmitted
2018-05-28 13:14:13,561 RCV reinforcement info
2018-05-28 13:14:13,787 RCV reinforcement info
2018-05-28 13:14:13,957 RF found but not transmitted
2018-05-28 13:14:15,134 RF found but not transmitted
2018-05-28 13:14:15,723 RF found but not transmitted
2018-05-28 13:14:17,319 RF found but not transmitted
2018-05-28 13:14:17,630 RCV reinforcement info
2018-05-28 13:14:19,298 RCV reinforcement info
2018-05-28 13:14:19,849 RF found but not transmitted
2018-05-28 13:14:20,445 RCV reinforcement info
2018-05-28 13:14:21,136 RCV reinforcement info
2018-05-28 13:14:21,330 RCV reinforcement info
2018-05-28 13:14:24,060 RCV proposal
2018-05-28 13:14:24,063 appended honest propose 99aad26e4f on top of 5c5243cc86
2018-05-28 13:14:24,173 RCV reinforcement
2018-05-28 13:14:24,197 RCV reinforcement
2018-05-28 13:14:24,209 RCV reinforcement
2018-05-28 13:14:24,326 RCV reinforcement info
2018-05-28 13:14:24,525 RCV reinforcement
2018-05-28 13:14:24,783 RCV reinforcement info
2018-05-28 13:14:24,859 RF found but not transmitted
2018-05-28 13:14:24,890 RCV reinforcement
2018-05-28 13:14:25,608 RCV commit
2018-05-28 13:14:25,667 appended honest commit deac879ea5 on top of 99aad26e4f
2018-05-28 13:14:25,713 Weight: 62.79785277583937 #RFs 13
2018-05-28 13:14:25,714 weight: 62.79785277583937
2018-05-28 13:14:25,714 , 62.79785277583937
2018-05-28 13:14:26,658 RF found but not transmitted
2018-05-28 13:14:26,665 RCV proposal
2018-05-28 13:14:26,668 appended honest propose 605320de39 on top of deac879ea5
2018-05-28 13:14:27,023 RF found but not transmitted
2018-05-28 13:14:27,322 RCV reinforcement info
2018-05-28 13:14:27,419 RCV reinforcement
2018-05-28 13:14:27,500 RF found but not transmitted
2018-05-28 13:14:28,021 RCV reinforcement info
2018-05-28 13:14:28,159 RCV reinforcement
2018-05-28 13:14:28,182 RCV commit
2018-05-28 13:14:28,185 appended honest commit e4e6ef96a6 on top of 605320de39
2018-05-28 13:14:28,187 Weight: 63.9176098900447 #RFs 1
2018-05-28 13:14:28,188 weight: 63.9176098900447
2018-05-28 13:14:28,188 , 63.9176098900447
2018-05-28 13:14:28,737 RCV reinforcement info
2018-05-28 13:14:28,787 RCV reinforcement info
2018-05-28 13:14:29,289 RF found but not transmitted
2018-05-28 13:14:30,172 RCV reinforcement info
2018-05-28 13:14:30,342 RCV reinforcement info
2018-05-28 13:14:30,692 RCV reinforcement info
2018-05-28 13:14:31,219 RCV reinforcement info
2018-05-28 13:14:31,892 RF found but not transmitted
2018-05-28 13:14:34,174 RF found but not transmitted
2018-05-28 13:14:37,574 RCV reinforcement info
2018-05-28 13:14:38,925 RCV reinforcement info
2018-05-28 13:14:40,014 RF found but not transmitted
2018-05-28 13:14:40,788 RF found but not transmitted
2018-05-28 13:14:41,785 RCV reinforcement info
2018-05-28 13:14:42,556 RCV reinforcement info
2018-05-28 13:14:42,709 RF found but not transmitted
2018-05-28 13:14:42,943 RF found but not transmitted
2018-05-28 13:14:42,995 RCV reinforcement info
2018-05-28 13:14:43,210 RCV reinforcement info
2018-05-28 13:14:43,292 RCV reinforcement info
2018-05-28 13:14:43,480 RCV reinforcement info
2018-05-28 13:14:43,569 RCV reinforcement info
2018-05-28 13:14:44,159 RCV reinforcement info
2018-05-28 13:14:44,361 RCV reinforcement info
2018-05-28 13:14:45,623 RCV reinforcement info
2018-05-28 13:14:45,956 RCV reinforcement info
2018-05-28 13:14:46,356 RF found but not transmitted
2018-05-28 13:14:46,570 RCV reinforcement info
2018-05-28 13:14:46,995 RCV reinforcement info
2018-05-28 13:14:47,273 RF found but not transmitted
2018-05-28 13:14:49,098 RF found but not transmitted
2018-05-28 13:14:50,172 RF found but not transmitted
2018-05-28 13:14:50,303 RF found but not transmitted
2018-05-28 13:14:50,495 RCV reinforcement info
2018-05-28 13:14:51,361 RF found but not transmitted
2018-05-28 13:14:52,489 RF found but not transmitted
2018-05-28 13:14:52,491 hash found
2018-05-28 13:14:52,494 appended malicious propose e82490e031 on top of fcc7214440
2018-05-28 13:14:52,494 REINFORCEMENT COLLECTING state
2018-05-28 13:14:52,570 SNT proposal
2018-05-28 13:14:52,763 RCV reinforcement
2018-05-28 13:14:52,806 RCV reinforcement
2018-05-28 13:14:53,410 RCV reinforcement
2018-05-28 13:14:53,815 RCV reinforcement info
2018-05-28 13:14:54,078 commit with 3 reinforcements
2018-05-28 13:14:54,142 appended malicious commit 7506502100 on top of e82490e031
2018-05-28 13:14:54,186 Weight: 55.7019086785592 #RFs 29
2018-05-28 13:14:54,186 weight: 55.7019086785592
2018-05-28 13:14:54,186 , 55.7019086785592
2018-05-28 13:14:54,186 MALICIOUS MINING state
2018-05-28 13:14:54,187 start mining - depth 14
2018-05-28 13:14:54,187 start mining - hash 7506502100085fd60f3c442c4a6023a624dcdc0bca25f409ce166bd31c01b8b9
2018-05-28 13:14:54,188 Hashing frequency: 10335
2018-05-28 13:14:54,188 SNT commit
2018-05-28 13:14:54,621 RF found but not transmitted
2018-05-28 13:14:55,295 RCV reinforcement info
2018-05-28 13:14:57,667 RF found but not transmitted
2018-05-28 13:14:58,035 RF found but not transmitted
2018-05-28 13:14:58,076 RF found but not transmitted
2018-05-28 13:14:58,247 RCV reinforcement info
2018-05-28 13:14:59,106 RCV reinforcement info
2018-05-28 13:15:00,445 RCV reinforcement info
2018-05-28 13:15:00,896 RF found but not transmitted
2018-05-28 13:15:01,133 RCV reinforcement info
2018-05-28 13:15:01,644 RCV reinforcement info
2018-05-28 13:15:01,659 RCV reinforcement info
2018-05-28 13:15:01,682 RF found but not transmitted
2018-05-28 13:15:02,197 RF found but not transmitted
2018-05-28 13:15:02,233 RCV reinforcement info
2018-05-28 13:15:02,798 RF found but not transmitted
2018-05-28 13:15:03,227 RF found but not transmitted
2018-05-28 13:15:04,024 RF found but not transmitted
2018-05-28 13:15:04,271 RCV reinforcement info
2018-05-28 13:15:04,303 RCV reinforcement info
2018-05-28 13:15:05,142 RF found but not transmitted
2018-05-28 13:15:05,675 RCV reinforcement info
2018-05-28 13:15:06,306 RCV reinforcement info
2018-05-28 13:15:06,334 RF found but not transmitted
2018-05-28 13:15:07,741 RF found but not transmitted
2018-05-28 13:15:08,399 RF found but not transmitted
2018-05-28 13:15:08,705 RF found but not transmitted
2018-05-28 13:15:08,788 RCV reinforcement info
2018-05-28 13:15:08,888 RCV reinforcement info
2018-05-28 13:15:09,127 RF found but not transmitted
2018-05-28 13:15:09,609 RCV reinforcement info
2018-05-28 13:15:09,756 RCV reinforcement info
2018-05-28 13:15:10,265 RCV reinforcement info
2018-05-28 13:15:10,394 RCV reinforcement info
2018-05-28 13:15:10,506 RF found but not transmitted
2018-05-28 13:15:10,705 RCV reinforcement info
2018-05-28 13:15:10,816 RCV reinforcement info
2018-05-28 13:15:10,887 RCV reinforcement info
2018-05-28 13:15:11,648 RF found but not transmitted
2018-05-28 13:15:12,291 RF found but not transmitted
2018-05-28 13:15:12,366 RF found but not transmitted
2018-05-28 13:15:12,674 RF found but not transmitted
2018-05-28 13:15:13,038 RCV reinforcement info
2018-05-28 13:15:13,145 RCV reinforcement info
2018-05-28 13:15:13,431 RF found but not transmitted
2018-05-28 13:15:13,550 RCV reinforcement info
2018-05-28 13:15:15,106 RF found but not transmitted
2018-05-28 13:15:15,250 RF found but not transmitted
2018-05-28 13:15:15,396 RCV proposal
2018-05-28 13:15:15,399 appended honest propose a9b89be17d on top of e4e6ef96a6
2018-05-28 13:15:15,496 RCV reinforcement
2018-05-28 13:15:15,531 RCV reinforcement
2018-05-28 13:15:15,550 RCV reinforcement
2018-05-28 13:15:15,709 RCV reinforcement info
2018-05-28 13:15:15,803 RCV reinforcement
2018-05-28 13:15:17,140 RCV commit
2018-05-28 13:15:17,359 appended honest commit e5ac708cc5 on top of a9b89be17d
2018-05-28 13:15:17,551 Weight: 74.21269768790823 #RFs 48
2018-05-28 13:15:17,551 weight: 74.21269768790823
2018-05-28 13:15:17,560 , 74.21269768790823
2018-05-28 13:15:18,345 RCV reinforcement info
2018-05-28 13:15:19,074 RF found but not transmitted
2018-05-28 13:15:19,629 RCV reinforcement info
2018-05-28 13:15:20,254 RF found but not transmitted
2018-05-28 13:15:20,917 RCV reinforcement info
2018-05-28 13:15:21,625 RCV reinforcement info
2018-05-28 13:15:22,178 RF found but not transmitted
2018-05-28 13:15:22,189 RF found but not transmitted
2018-05-28 13:15:22,591 RCV reinforcement info
2018-05-28 13:15:23,444 RCV reinforcement info
2018-05-28 13:15:25,408 RCV proposal
2018-05-28 13:15:25,411 appended honest propose 7e99f93d90 on top of e5ac708cc5
2018-05-28 13:15:25,499 RCV reinforcement
2018-05-28 13:15:25,508 RCV reinforcement
2018-05-28 13:15:25,652 RCV reinforcement info
2018-05-28 13:15:25,744 RCV reinforcement
2018-05-28 13:15:26,076 RF found but not transmitted
2018-05-28 13:15:26,960 RCV commit
2018-05-28 13:15:26,974 appended honest commit e199f14210 on top of 7e99f93d90
2018-05-28 13:15:26,999 Weight: 75.92004128089972 #RFs 6
2018-05-28 13:15:26,999 weight: 75.92004128089972
2018-05-28 13:15:27,000 , 75.92004128089972
2018-05-28 13:15:27,155 RF found but not transmitted
2018-05-28 13:15:27,383 RF found but not transmitted
2018-05-28 13:15:27,441 RF found but not transmitted
2018-05-28 13:15:29,017 RF found but not transmitted
2018-05-28 13:15:29,346 RF found but not transmitted
2018-05-28 13:15:30,507 RCV reinforcement info
2018-05-28 13:15:30,744 RCV reinforcement info
2018-05-28 13:15:30,812 RF found but not transmitted
2018-05-28 13:15:30,985 RF found but not transmitted
2018-05-28 13:15:31,642 RF found but not transmitted
2018-05-28 13:15:32,058 RCV reinforcement info
2018-05-28 13:15:32,471 RF found but not transmitted
2018-05-28 13:15:32,776 RCV reinforcement info
2018-05-28 13:15:34,317 RCV reinforcement info
2018-05-28 13:15:34,742 RF found but not transmitted
2018-05-28 13:15:37,452 RF found but not transmitted
2018-05-28 13:15:37,491 RF found but not transmitted
2018-05-28 13:15:37,612 RCV reinforcement info
2018-05-28 13:15:38,012 RF found but not transmitted
2018-05-28 13:15:38,343 RCV reinforcement info
2018-05-28 13:15:40,115 RF found but not transmitted
2018-05-28 13:15:41,701 RCV reinforcement info
2018-05-28 13:15:42,857 RCV reinforcement info
2018-05-28 13:15:43,708 RF found but not transmitted
2018-05-28 13:15:43,814 RCV reinforcement info
2018-05-28 13:15:44,690 RCV reinforcement info
2018-05-28 13:15:45,117 RCV reinforcement info
2018-05-28 13:15:45,299 RF found but not transmitted
2018-05-28 13:15:45,586 RF found but not transmitted
2018-05-28 13:15:45,750 RCV reinforcement info
2018-05-28 13:15:46,461 RF found but not transmitted
2018-05-28 13:15:47,295 RF found but not transmitted
2018-05-28 13:15:48,770 RCV proposal
2018-05-28 13:15:48,774 appended malicious propose 8c2fc9ae5d on top of 7506502100
2018-05-28 13:15:48,774 REINFORCEMENT SENT state
2018-05-28 13:15:48,778 SNT reinforcement
2018-05-28 13:15:48,898 RCV reinforcement
2018-05-28 13:15:49,560 RCV reinforcement info
2018-05-28 13:15:49,717 RCV reinforcement info
2018-05-28 13:15:49,785 RF found but not transmitted
2018-05-28 13:15:50,239 RF found but not transmitted
2018-05-28 13:15:50,376 RCV commit
2018-05-28 13:15:50,479 appended malicious commit 453b89a2b4 on top of 8c2fc9ae5d
2018-05-28 13:15:50,582 Weight: 62.78718458247322 #RFs 22
2018-05-28 13:15:50,582 weight: 62.78718458247322
2018-05-28 13:15:50,583 , 62.78718458247322
2018-05-28 13:15:50,594 MALICIOUS MINING state
2018-05-28 13:15:50,597 start mining - depth 15
2018-05-28 13:15:50,598 start mining - hash 453b89a2b491d51df4afc2427ad67d07f944cfa8d9ec22af9b363f8ba3571161
2018-05-28 13:15:50,802 RCV reinforcement info
2018-05-28 13:15:52,343 RCV proposal
2018-05-28 13:15:52,346 appended malicious propose fbdeb5b1f3 on top of 453b89a2b4
2018-05-28 13:15:52,347 REINFORCEMENT SENT state
2018-05-28 13:15:52,899 RCV reinforcement info
2018-05-28 13:15:53,183 RF found but not transmitted
2018-05-28 13:15:53,863 RCV commit
2018-05-28 13:15:53,867 appended malicious commit c571f3b4d1 on top of fbdeb5b1f3
2018-05-28 13:15:53,869 Weight: 63.8620433551797 #RFs 1
2018-05-28 13:15:53,869 weight: 63.8620433551797
2018-05-28 13:15:53,869 , 63.8620433551797
2018-05-28 13:15:53,869 MALICIOUS MINING state
2018-05-28 13:15:53,870 start mining - depth 16
2018-05-28 13:15:53,876 start mining - hash c571f3b4d11a5f122048acd510c1874ecbda645e955a8ac0f57f271c3a80c8a1
2018-05-28 13:15:54,206 RCV reinforcement info
2018-05-28 13:15:54,978 RF found but not transmitted
2018-05-28 13:15:55,217 RF found but not transmitted
2018-05-28 13:15:59,061 RF found but not transmitted
2018-05-28 13:16:00,291 RF found but not transmitted
2018-05-28 13:16:00,494 RCV reinforcement info
2018-05-28 13:16:00,837 RCV reinforcement info
2018-05-28 13:16:01,596 RCV reinforcement info
2018-05-28 13:16:02,506 RCV reinforcement info
2018-05-28 13:16:04,883 RF found but not transmitted
2018-05-28 13:16:07,503 RCV reinforcement info
2018-05-28 13:16:08,187 RF found but not transmitted
2018-05-28 13:16:08,745 RCV reinforcement info
2018-05-28 13:16:09,781 RF found but not transmitted
2018-05-28 13:16:10,038 RF found but not transmitted
2018-05-28 13:16:10,307 RF found but not transmitted
2018-05-28 13:16:10,443 RF found but not transmitted
2018-05-28 13:16:10,692 RF found but not transmitted
2018-05-28 13:16:11,335 RCV reinforcement info
2018-05-28 13:16:13,479 RCV reinforcement info
2018-05-28 13:16:13,677 RF found but not transmitted
2018-05-28 13:16:14,215 RCV reinforcement info
2018-05-28 13:16:14,758 RF found but not transmitted
2018-05-28 13:16:15,036 RF found but not transmitted
2018-05-28 13:16:16,329 RCV reinforcement info
2018-05-28 13:16:16,389 RF found but not transmitted
2018-05-28 13:16:17,409 RF found but not transmitted
2018-05-28 13:16:17,538 RF found but not transmitted
2018-05-28 13:16:18,720 RCV reinforcement info
2018-05-28 13:16:18,873 RCV reinforcement info
2018-05-28 13:16:19,363 RCV reinforcement info
2018-05-28 13:16:20,854 RCV reinforcement info
2018-05-28 13:16:21,689 RCV reinforcement info
2018-05-28 13:16:21,799 RCV reinforcement info
2018-05-28 13:16:22,172 RF found but not transmitted
2018-05-28 13:16:22,727 RCV reinforcement info
2018-05-28 13:16:22,834 RF found but not transmitted
2018-05-28 13:16:23,412 RF found but not transmitted
2018-05-28 13:16:24,146 RF found but not transmitted
2018-05-28 13:16:24,353 RF found but not transmitted
2018-05-28 13:16:25,579 RF found but not transmitted
2018-05-28 13:16:25,580 hash found
2018-05-28 13:16:25,585 appended malicious propose 62f5e1acca on top of c571f3b4d1
2018-05-28 13:16:25,585 REINFORCEMENT COLLECTING state
2018-05-28 13:16:25,662 SNT proposal
2018-05-28 13:16:25,879 RCV reinforcement
2018-05-28 13:16:25,916 RCV reinforcement
2018-05-28 13:16:26,515 RF found but not transmitted
2018-05-28 13:16:27,171 commit with 3 reinforcements
2018-05-28 13:16:27,203 appended malicious commit 0738a5bf50 on top of 62f5e1acca
2018-05-28 13:16:27,244 Weight: 69.18187277676535 #RFs 22
2018-05-28 13:16:27,247 weight: 69.18187277676535
2018-05-28 13:16:27,247 , 69.18187277676535
2018-05-28 13:16:27,247 MALICIOUS MINING state
2018-05-28 13:16:27,248 start mining - depth 17
2018-05-28 13:16:27,248 start mining - hash 0738a5bf5025a7362df5197d9f86f2efe8fa9c802316656d5052e95375b33669
2018-05-28 13:16:27,249 Hashing frequency: 19208
2018-05-28 13:16:27,249 SNT commit
2018-05-28 13:16:27,991 RCV reinforcement info
2018-05-28 13:16:29,436 RCV reinforcement info
2018-05-28 13:16:30,422 RCV reinforcement info
2018-05-28 13:16:31,272 RF found but not transmitted
2018-05-28 13:16:31,754 RCV reinforcement info
2018-05-28 13:16:32,327 RF found but not transmitted
2018-05-28 13:16:32,541 RCV reinforcement info
2018-05-28 13:16:33,720 RCV reinforcement info
2018-05-28 13:16:33,889 RCV reinforcement info
2018-05-28 13:16:33,911 RF found but not transmitted
2018-05-28 13:16:35,394 RF found but not transmitted
2018-05-28 13:16:36,689 RF found but not transmitted
2018-05-28 13:16:37,240 RCV reinforcement info
2018-05-28 13:16:38,763 RCV reinforcement info
2018-05-28 13:16:38,948 RF found but not transmitted
2018-05-28 13:16:39,391 RCV reinforcement info
2018-05-28 13:16:39,816 RCV reinforcement info
2018-05-28 13:16:41,034 RF found but not transmitted
2018-05-28 13:16:41,412 RCV reinforcement info
2018-05-28 13:16:42,251 RCV reinforcement info
2018-05-28 13:16:42,857 RF found but not transmitted
2018-05-28 13:16:42,873 RF found but not transmitted
2018-05-28 13:16:43,693 RF found but not transmitted
2018-05-28 13:16:44,230 RCV reinforcement info
2018-05-28 13:16:45,881 RF found but not transmitted
2018-05-28 13:16:46,275 RF found but not transmitted
2018-05-28 13:16:47,223 RCV reinforcement info
2018-05-28 13:16:48,037 RF found but not transmitted
2018-05-28 13:16:49,076 RF found but not transmitted
2018-05-28 13:16:49,475 RCV reinforcement info
2018-05-28 13:16:49,901 RF found but not transmitted
2018-05-28 13:16:50,050 RF found but not transmitted
2018-05-28 13:16:50,417 RCV reinforcement info
2018-05-28 13:16:51,810 RCV reinforcement info
2018-05-28 13:16:51,943 RF found but not transmitted
2018-05-28 13:16:53,217 RF found but not transmitted
2018-05-28 13:16:53,246 RCV reinforcement info
2018-05-28 13:16:53,360 RCV reinforcement info
2018-05-28 13:16:53,453 RCV reinforcement info
2018-05-28 13:16:53,763 RF found but not transmitted
2018-05-28 13:16:53,840 RF found but not transmitted
2018-05-28 13:16:54,009 RF found but not transmitted
2018-05-28 13:16:55,328 RF found but not transmitted
2018-05-28 13:16:55,894 RF found but not transmitted
2018-05-28 13:16:56,470 RF found but not transmitted
2018-05-28 13:16:56,964 RCV reinforcement info
2018-05-28 13:16:57,747 RCV reinforcement info
2018-05-28 13:16:57,784 RF found but not transmitted
2018-05-28 13:16:58,398 RCV reinforcement info
2018-05-28 13:16:58,983 RCV reinforcement info
2018-05-28 13:16:59,427 RF found but not transmitted
2018-05-28 13:16:59,752 RCV reinforcement info
2018-05-28 13:17:00,125 RF found but not transmitted
2018-05-28 13:17:00,393 RF found but not transmitted
2018-05-28 13:17:01,216 RF found but not transmitted
2018-05-28 13:17:02,245 RCV reinforcement info
2018-05-28 13:17:02,859 RCV reinforcement info
2018-05-28 13:17:05,104 RCV reinforcement info
2018-05-28 13:17:05,167 RF found but not transmitted
2018-05-28 13:17:07,193 RF found but not transmitted
2018-05-28 13:17:07,390 RF found but not transmitted
2018-05-28 13:17:09,652 RF found but not transmitted
2018-05-28 13:17:09,920 RCV reinforcement info
2018-05-28 13:17:10,230 RF found but not transmitted
2018-05-28 13:17:10,410 RCV reinforcement info
2018-05-28 13:17:11,133 RF found but not transmitted
2018-05-28 13:17:12,984 RF found but not transmitted
2018-05-28 13:17:14,052 RCV reinforcement info
2018-05-28 13:17:14,304 RF found but not transmitted
2018-05-28 13:17:14,749 RF found but not transmitted
2018-05-28 13:17:15,340 RF found but not transmitted
2018-05-28 13:17:15,780 RCV proposal
2018-05-28 13:17:15,784 appended honest propose 7d120dc65d on top of e199f14210
2018-05-28 13:17:15,922 RCV reinforcement
2018-05-28 13:17:15,936 RCV reinforcement
2018-05-28 13:17:15,962 RCV reinforcement
2018-05-28 13:17:17,036 RCV reinforcement info
2018-05-28 13:17:17,175 RCV reinforcement
2018-05-28 13:17:17,559 RCV commit
2018-05-28 13:17:17,929 appended honest commit 825c00294f on top of 7d120dc65d
2018-05-28 13:17:17,978 RF found but not transmitted
2018-05-28 13:17:18,186 RF found but not transmitted
2018-05-28 13:17:18,336 Weight: 88.98460549055369 #RFs 68
2018-05-28 13:17:18,336 weight: 88.98460549055369
2018-05-28 13:17:18,336 , 88.98460549055369
2018-05-28 13:17:19,228 RF found but not transmitted
2018-05-28 13:17:19,682 RF found but not transmitted
2018-05-28 13:17:19,922 RF found but not transmitted
2018-05-28 13:17:21,927 RCV reinforcement info
2018-05-28 13:17:22,570 RF found but not transmitted
2018-05-28 13:17:23,062 RCV reinforcement info
2018-05-28 13:17:23,405 RCV reinforcement info
2018-05-28 13:17:23,645 RCV reinforcement info
2018-05-28 13:17:24,137 RF found but not transmitted
2018-05-28 13:17:25,158 RCV reinforcement info
2018-05-28 13:17:25,488 RF found but not transmitted
2018-05-28 13:17:25,979 RF found but not transmitted
2018-05-28 13:17:26,280 RF found but not transmitted
2018-05-28 13:17:26,570 RF found but not transmitted
2018-05-28 13:17:26,974 RF found but not transmitted
2018-05-28 13:17:27,246 RF found but not transmitted
2018-05-28 13:17:27,761 RCV reinforcement info
2018-05-28 13:17:28,045 RF found but not transmitted
2018-05-28 13:17:28,179 RF found but not transmitted
2018-05-28 13:17:28,248 RF found but not transmitted
2018-05-28 13:17:28,522 RF found but not transmitted
2018-05-28 13:17:28,969 RF found but not transmitted
2018-05-28 13:17:29,102 RF found but not transmitted
2018-05-28 13:17:29,286 RF found but not transmitted
2018-05-28 13:17:29,650 RF found but not transmitted
2018-05-28 13:17:29,929 RCV reinforcement info
2018-05-28 13:17:31,196 RF found but not transmitted
2018-05-28 13:17:31,428 RF found but not transmitted
2018-05-28 13:17:32,221 RCV reinforcement info
2018-05-28 13:17:32,563 RCV reinforcement info
2018-05-28 13:17:32,627 RCV reinforcement info
2018-05-28 13:17:33,250 RF found but not transmitted
2018-05-28 13:17:33,341 RCV reinforcement info
2018-05-28 13:17:34,466 RF found but not transmitted
2018-05-28 13:17:34,986 RCV reinforcement info
2018-05-28 13:17:36,112 RCV reinforcement info
2018-05-28 13:17:36,219 RCV reinforcement info
2018-05-28 13:17:36,291 RF found but not transmitted
2018-05-28 13:17:36,872 RCV reinforcement info
2018-05-28 13:17:37,167 RCV reinforcement info
2018-05-28 13:17:37,292 RF found but not transmitted
2018-05-28 13:17:37,945 RCV reinforcement info
2018-05-28 13:17:38,938 RF found but not transmitted
2018-05-28 13:17:39,062 RCV reinforcement info
2018-05-28 13:17:39,152 RF found but not transmitted
2018-05-28 13:17:39,648 RF found but not transmitted
2018-05-28 13:17:40,284 RCV reinforcement info
2018-05-28 13:17:40,423 RCV reinforcement info
2018-05-28 13:17:41,950 RCV reinforcement info
2018-05-28 13:17:41,966 RCV reinforcement info
2018-05-28 13:17:42,735 RCV proposal
2018-05-28 13:17:42,738 appended honest propose 45fcf9ab57 on top of 825c00294f
2018-05-28 13:17:42,850 RCV reinforcement
2018-05-28 13:17:42,857 RCV reinforcement
2018-05-28 13:17:42,869 RCV reinforcement
2018-05-28 13:17:43,398 RF found but not transmitted
2018-05-28 13:17:43,399 hash found
2018-05-28 13:17:43,402 appended malicious propose cf30baa782 on top of 0738a5bf50
2018-05-28 13:17:43,402 REINFORCEMENT COLLECTING state
2018-05-28 13:17:43,476 SNT proposal
2018-05-28 13:17:43,642 RF found but not transmitted
2018-05-28 13:17:43,680 RCV reinforcement
2018-05-28 13:17:43,750 RCV reinforcement
2018-05-28 13:17:44,037 RCV reinforcement info
2018-05-28 13:17:44,157 RCV reinforcement
2018-05-28 13:17:44,159 W: received reinforcement for 45fcf9ab57 instead of cf30baa782
2018-05-28 13:17:44,200 RF found but not transmitted
2018-05-28 13:17:44,321 RCV commit
2018-05-28 13:17:44,438 appended honest commit 4fffdb6083 on top of 45fcf9ab57
2018-05-28 13:17:44,567 Weight: 93.17989447939031 #RFs 22
2018-05-28 13:17:44,568 weight: 93.17989447939031
2018-05-28 13:17:44,569 , 93.17989447939031
2018-05-28 13:17:44,939 RF found but not transmitted
2018-05-28 13:17:44,980 commit with 3 reinforcements
2018-05-28 13:17:45,082 appended malicious commit e41790dd23 on top of cf30baa782
2018-05-28 13:17:45,187 Weight: 78.52533454081544 #RFs 52
2018-05-28 13:17:45,187 weight: 78.52533454081544
2018-05-28 13:17:45,187 , 78.52533454081544
2018-05-28 13:17:45,190 MALICIOUS MINING state
2018-05-28 13:17:45,190 start mining - depth 18
2018-05-28 13:17:45,191 start mining - hash e41790dd2387a2d8477722efb5de11e47eb6a6df6caa2b1f45b181bd610dd20a
2018-05-28 13:17:45,191 Hashing frequency: 20625
2018-05-28 13:17:45,193 SNT commit
2018-05-28 13:17:45,525 RF found but not transmitted
2018-05-28 13:17:45,758 RF found but not transmitted
2018-05-28 13:17:46,237 RCV reinforcement info
2018-05-28 13:17:46,260 RF found but not transmitted
2018-05-28 13:17:46,998 RF found but not transmitted
2018-05-28 13:17:47,633 RF found but not transmitted
2018-05-28 13:17:48,203 RCV reinforcement info
2018-05-28 13:17:48,672 RF found but not transmitted
2018-05-28 13:17:48,770 RF found but not transmitted
2018-05-28 13:17:48,964 RCV reinforcement info
2018-05-28 13:17:49,040 RF found but not transmitted
2018-05-28 13:17:49,789 RCV proposal
2018-05-28 13:17:49,792 appended honest propose 8bfc36f8dc on top of 4fffdb6083
2018-05-28 13:17:49,883 RCV reinforcement
2018-05-28 13:17:49,910 RCV reinforcement
2018-05-28 13:17:50,227 RF found but not transmitted
2018-05-28 13:17:50,250 RF found but not transmitted
2018-05-28 13:17:50,605 RF found but not transmitted
2018-05-28 13:17:50,679 RF found but not transmitted
2018-05-28 13:17:50,740 RF found but not transmitted
2018-05-28 13:17:51,289 RCV commit
2018-05-28 13:17:51,299 appended honest commit a91f4835fb on top of 8bfc36f8dc
2018-05-28 13:17:51,310 Weight: 95.32912352746453 #RFs 3
2018-05-28 13:17:51,311 weight: 95.32912352746453
2018-05-28 13:17:51,311 , 95.32912352746453
2018-05-28 13:17:51,383 RF found but not transmitted
2018-05-28 13:17:52,269 RF found but not transmitted
2018-05-28 13:17:52,646 RF found but not transmitted
2018-05-28 13:17:52,766 RCV reinforcement info
2018-05-28 13:17:53,208 RF found but not transmitted
2018-05-28 13:17:53,267 RF found but not transmitted
2018-05-28 13:17:53,707 RF found but not transmitted
2018-05-28 13:17:54,087 RF found but not transmitted
2018-05-28 13:17:54,351 RCV reinforcement info
2018-05-28 13:17:54,381 RF found but not transmitted
2018-05-28 13:17:54,914 RF found but not transmitted
2018-05-28 13:17:55,024 RF found but not transmitted
2018-05-28 13:17:59,450 RF found but not transmitted
2018-05-28 13:17:59,934 RF found but not transmitted
2018-05-28 13:18:00,468 RF found but not transmitted
2018-05-28 13:18:00,496 RCV reinforcement info
2018-05-28 13:18:00,866 RF found but not transmitted
2018-05-28 13:18:01,286 RF found but not transmitted
2018-05-28 13:18:01,497 RCV reinforcement info
2018-05-28 13:18:02,006 RF found but not transmitted
2018-05-28 13:18:02,334 RF found but not transmitted
2018-05-28 13:18:02,859 RCV reinforcement info
2018-05-28 13:18:02,972 RF found but not transmitted
2018-05-28 13:18:03,498 RCV reinforcement info
2018-05-28 13:18:04,372 RCV reinforcement info
2018-05-28 13:18:04,581 RCV proposal
2018-05-28 13:18:04,584 appended malicious propose 0f3f5865fd on top of e41790dd23
2018-05-28 13:18:04,585 REINFORCEMENT SENT state
2018-05-28 13:18:04,586 SNT reinforcement
2018-05-28 13:18:04,726 RCV reinforcement
2018-05-28 13:18:05,935 RCV reinforcement info
2018-05-28 13:18:06,003 RF found but not transmitted
2018-05-28 13:18:06,049 RCV reinforcement info
2018-05-28 13:18:06,091 RCV commit
2018-05-28 13:18:06,172 appended malicious commit 90bc20104d on top of 0f3f5865fd
2018-05-28 13:18:06,201 Weight: 79.96810688836965 #RFs 5
2018-05-28 13:18:06,202 weight: 79.96810688836965
2018-05-28 13:18:06,203 , 79.96810688836965
2018-05-28 13:18:06,203 MALICIOUS MINING state
2018-05-28 13:18:06,211 start mining - depth 19
2018-05-28 13:18:06,212 start mining - hash 90bc20104d6af475393a4e954a144863b0b8a2c4f0eb750fbbe4e4b6e176d6aa
2018-05-28 13:18:06,376 RF found but not transmitted
2018-05-28 13:18:07,298 RCV reinforcement info
2018-05-28 13:18:08,678 RCV reinforcement info
2018-05-28 13:18:09,532 RCV reinforcement info
2018-05-28 13:18:10,105 RCV reinforcement info
2018-05-28 13:18:10,882 RCV reinforcement info
2018-05-28 13:18:10,897 RF found but not transmitted
2018-05-28 13:18:12,151 RF found but not transmitted
2018-05-28 13:18:12,195 RCV reinforcement info
2018-05-28 13:18:12,334 RCV proposal
2018-05-28 13:18:12,337 appended honest propose 99bf107896 on top of a91f4835fb
2018-05-28 13:18:12,481 RCV reinforcement
2018-05-28 13:18:12,501 RCV reinforcement
2018-05-28 13:18:12,507 RF found but not transmitted
2018-05-28 13:18:12,677 RCV reinforcement
2018-05-28 13:18:13,850 RCV commit
2018-05-28 13:18:13,922 appended honest commit 3327577649 on top of 99bf107896
2018-05-28 13:18:14,018 Weight: 99.05381433626927 #RFs 15
2018-05-28 13:18:14,018 weight: 99.05381433626927
2018-05-28 13:18:14,019 , 99.05381433626927
2018-05-28 13:18:14,137 RF found but not transmitted
2018-05-28 13:18:15,668 RCV reinforcement info
2018-05-28 13:18:15,774 RCV reinforcement info
2018-05-28 13:18:16,354 RCV reinforcement info
2018-05-28 13:18:16,692 RF found but not transmitted
2018-05-28 13:18:16,905 RCV reinforcement info
2018-05-28 13:18:16,985 RF found but not transmitted
2018-05-28 13:18:17,231 RF found but not transmitted
2018-05-28 13:18:17,298 RF found but not transmitted
2018-05-28 13:18:17,411 RF found but not transmitted
2018-05-28 13:18:17,865 RCV reinforcement info
2018-05-28 13:18:18,004 RF found but not transmitted
2018-05-28 13:18:18,303 RF found but not transmitted
2018-05-28 13:18:18,333 RF found but not transmitted
2018-05-28 13:18:19,009 RF found but not transmitted
2018-05-28 13:18:21,657 RF found but not transmitted
2018-05-28 13:18:22,006 RCV reinforcement info
2018-05-28 13:18:22,037 RF found but not transmitted
2018-05-28 13:18:22,044 RF found but not transmitted
2018-05-28 13:18:22,193 RCV reinforcement info
2018-05-28 13:18:22,717 RF found but not transmitted
2018-05-28 13:18:23,175 RF found but not transmitted
2018-05-28 13:18:23,247 RF found but not transmitted
2018-05-28 13:18:23,623 RF found but not transmitted
2018-05-28 13:18:24,062 RCV reinforcement info
2018-05-28 13:18:24,231 RF found but not transmitted
2018-05-28 13:18:24,495 RCV reinforcement info
2018-05-28 13:18:24,702 RF found but not transmitted
2018-05-28 13:18:24,724 RCV reinforcement info
2018-05-28 13:18:25,117 RF found but not transmitted
2018-05-28 13:18:25,236 RF found but not transmitted
2018-05-28 13:18:25,519 RCV reinforcement info
2018-05-28 13:18:25,863 RF found but not transmitted
2018-05-28 13:18:26,280 RCV reinforcement info
2018-05-28 13:18:26,665 RCV reinforcement info
2018-05-28 13:18:28,680 RF found but not transmitted
2018-05-28 13:18:29,694 RF found but not transmitted
2018-05-28 13:18:29,916 RCV reinforcement info
2018-05-28 13:18:30,321 RCV reinforcement info
2018-05-28 13:18:30,339 RCV reinforcement info
2018-05-28 13:18:30,917 RCV reinforcement info
2018-05-28 13:18:31,109 RCV reinforcement info
2018-05-28 13:18:32,394 RF found but not transmitted
2018-05-28 13:18:32,945 RCV reinforcement info
2018-05-28 13:18:34,434 RCV reinforcement info
2018-05-28 13:18:34,542 RF found but not transmitted
2018-05-28 13:18:35,457 RF found but not transmitted
2018-05-28 13:18:36,788 RCV reinforcement info
2018-05-28 13:18:36,836 RCV reinforcement info
2018-05-28 13:18:36,895 RF found but not transmitted
2018-05-28 13:18:37,306 RF found but not transmitted
2018-05-28 13:18:37,765 RCV reinforcement info
2018-05-28 13:18:38,713 RF found but not transmitted
2018-05-28 13:18:38,927 RCV reinforcement info
2018-05-28 13:18:39,173 RF found but not transmitted
2018-05-28 13:18:39,185 RCV reinforcement info
2018-05-28 13:18:39,323 RF found but not transmitted
2018-05-28 13:18:39,335 RF found but not transmitted
2018-05-28 13:18:42,539 RCV reinforcement info
2018-05-28 13:18:43,173 RCV reinforcement info
2018-05-28 13:18:43,571 RF found but not transmitted
2018-05-28 13:18:44,508 RF found but not transmitted
2018-05-28 13:18:44,545 RCV reinforcement info
2018-05-28 13:18:44,765 RF found but not transmitted
2018-05-28 13:18:44,968 RF found but not transmitted
2018-05-28 13:18:45,149 RF found but not transmitted
2018-05-28 13:18:45,535 RF found but not transmitted
2018-05-28 13:18:45,557 RF found but not transmitted
2018-05-28 13:18:45,853 RF found but not transmitted
2018-05-28 13:18:46,022 RF found but not transmitted
2018-05-28 13:18:46,512 RCV proposal
2018-05-28 13:18:46,515 appended honest propose 4fd5c3f4b2 on top of 3327577649
2018-05-28 13:18:46,649 RCV reinforcement
2018-05-28 13:18:46,674 RCV reinforcement
2018-05-28 13:18:46,722 RCV reinforcement
2018-05-28 13:18:47,552 RF found but not transmitted
2018-05-28 13:18:47,591 RF found but not transmitted
2018-05-28 13:18:47,627 RCV reinforcement info
2018-05-28 13:18:47,749 RCV reinforcement
2018-05-28 13:18:48,135 RCV commit
2018-05-28 13:18:48,323 appended honest commit 12800721e1 on top of 4fd5c3f4b2
2018-05-28 13:18:48,470 Weight: 106.91529755494714 #RFs 29
2018-05-28 13:18:48,471 weight: 106.91529755494714
2018-05-28 13:18:48,471 , 106.91529755494714
2018-05-28 13:18:48,627 RF found but not transmitted
2018-05-28 13:18:50,639 RF found but not transmitted
2018-05-28 13:18:50,658 RCV reinforcement info
2018-05-28 13:18:50,825 RF found but not transmitted
2018-05-28 13:18:51,151 RCV reinforcement info
2018-05-28 13:18:51,202 RF found but not transmitted
2018-05-28 13:18:51,836 RF found but not transmitted
2018-05-28 13:18:51,892 RF found but not transmitted
2018-05-28 13:18:52,279 RCV reinforcement info
2018-05-28 13:18:52,433 RF found but not transmitted
2018-05-28 13:18:52,674 RF found but not transmitted
2018-05-28 13:18:53,318 RF found but not transmitted
2018-05-28 13:18:54,644 RF found but not transmitted
2018-05-28 13:18:54,688 RCV reinforcement info
2018-05-28 13:18:54,942 RCV reinforcement info
2018-05-28 13:18:56,056 RCV reinforcement info
2018-05-28 13:18:57,084 RCV reinforcement info
2018-05-28 13:18:57,250 RF found but not transmitted
2018-05-28 13:18:57,816 RF found but not transmitted
2018-05-28 13:18:58,046 RF found but not transmitted
2018-05-28 13:18:58,529 RF found but not transmitted
2018-05-28 13:18:58,985 RF found but not transmitted
2018-05-28 13:18:59,242 RCV reinforcement info
2018-05-28 13:18:59,497 RCV reinforcement info
2018-05-28 13:18:59,952 RCV reinforcement info
2018-05-28 13:19:00,132 RCV reinforcement info
2018-05-28 13:19:00,354 RF found but not transmitted
2018-05-28 13:19:00,359 RF found but not transmitted
2018-05-28 13:19:00,379 RF found but not transmitted
2018-05-28 13:19:00,977 RCV reinforcement info
2018-05-28 13:19:01,053 RF found but not transmitted
2018-05-28 13:19:01,530 RCV reinforcement info
2018-05-28 13:19:02,455 RF found but not transmitted
2018-05-28 13:19:04,355 RF found but not transmitted
2018-05-28 13:19:05,179 RF found but not transmitted
2018-05-28 13:19:05,537 RCV reinforcement info
2018-05-28 13:19:05,692 RCV reinforcement info
2018-05-28 13:19:05,962 RF found but not transmitted
2018-05-28 13:19:06,246 RCV reinforcement info
2018-05-28 13:19:06,352 RCV reinforcement info
2018-05-28 13:19:06,712 RF found but not transmitted
2018-05-28 13:19:08,084 RCV reinforcement info
2018-05-28 13:19:08,164 RF found but not transmitted
2018-05-28 13:19:08,778 RCV reinforcement info
2018-05-28 13:19:08,928 RF found but not transmitted
2018-05-28 13:19:09,211 RF found but not transmitted
2018-05-28 13:19:09,274 RCV reinforcement info
2018-05-28 13:19:09,739 RF found but not transmitted
2018-05-28 13:19:10,592 RF found but not transmitted
2018-05-28 13:19:10,775 RF found but not transmitted
2018-05-28 13:19:11,017 RCV reinforcement info
2018-05-28 13:19:11,122 RCV reinforcement info
2018-05-28 13:19:11,664 RCV reinforcement info
2018-05-28 13:19:12,211 RF found but not transmitted
2018-05-28 13:19:12,382 RCV reinforcement info
2018-05-28 13:19:12,410 RCV reinforcement info
2018-05-28 13:19:12,616 RF found but not transmitted
2018-05-28 13:19:12,748 RF found but not transmitted
2018-05-28 13:19:13,435 RF found but not transmitted
2018-05-28 13:19:13,809 RF found but not transmitted
2018-05-28 13:19:15,456 RCV reinforcement info
2018-05-28 13:19:15,861 RCV reinforcement info
2018-05-28 13:19:16,989 RF found but not transmitted
2018-05-28 13:19:17,067 RF found but not transmitted
2018-05-28 13:19:17,208 RCV reinforcement info
2018-05-28 13:19:17,408 RF found but not transmitted
2018-05-28 13:19:17,423 RF found but not transmitted
2018-05-28 13:19:19,877 RF found but not transmitted
2018-05-28 13:19:19,907 RCV reinforcement info
2018-05-28 13:19:19,926 RCV reinforcement info
2018-05-28 13:19:20,584 RCV reinforcement info
2018-05-28 13:19:21,036 RF found but not transmitted
2018-05-28 13:19:21,067 RCV reinforcement info
2018-05-28 13:19:21,115 RF found but not transmitted
2018-05-28 13:19:21,165 RF found but not transmitted
2018-05-28 13:19:22,604 RF found but not transmitted
2018-05-28 13:19:23,018 RF found but not transmitted
2018-05-28 13:19:23,104 RF found but not transmitted
2018-05-28 13:19:23,854 RCV reinforcement info
2018-05-28 13:19:25,512 RCV reinforcement info
2018-05-28 13:19:25,679 RF found but not transmitted
2018-05-28 13:19:25,765 RF found but not transmitted
2018-05-28 13:19:26,427 RF found but not transmitted
2018-05-28 13:19:26,864 RF found but not transmitted
2018-05-28 13:19:28,066 RCV reinforcement info
2018-05-28 13:19:28,506 RCV reinforcement info
2018-05-28 13:19:29,500 RF found but not transmitted
2018-05-28 13:19:30,552 RCV reinforcement info
2018-05-28 13:19:30,875 RCV reinforcement info
2018-05-28 13:19:31,685 RCV reinforcement info
2018-05-28 13:19:31,875 RF found but not transmitted
2018-05-28 13:19:32,364 RCV reinforcement info
2018-05-28 13:19:32,567 RCV reinforcement info
2018-05-28 13:19:32,688 RF found but not transmitted
2018-05-28 13:19:32,866 RF found but not transmitted
2018-05-28 13:19:33,183 RCV reinforcement info
2018-05-28 13:19:33,970 RF found but not transmitted
2018-05-28 13:19:34,756 RCV reinforcement info
2018-05-28 13:19:35,978 RCV proposal
2018-05-28 13:19:35,981 appended honest propose 502f09cfdd on top of 12800721e1
2018-05-28 13:19:36,136 RF found but not transmitted
2018-05-28 13:19:36,165 RCV reinforcement
2018-05-28 13:19:36,169 RCV reinforcement
2018-05-28 13:19:36,187 RCV reinforcement
2018-05-28 13:19:37,416 RF found but not transmitted
2018-05-28 13:19:37,707 RCV commit
2018-05-28 13:19:37,912 appended honest commit 51f0ef1687 on top of 502f09cfdd
2018-05-28 13:19:38,164 Weight: 115.5811851709556 #RFs 43
2018-05-28 13:19:38,170 weight: 115.5811851709556
2018-05-28 13:19:38,175 , 115.5811851709556
2018-05-28 13:19:40,446 RCV reinforcement info
2018-05-28 13:19:41,153 RF found but not transmitted
2018-05-28 13:19:42,405 RCV reinforcement info
2018-05-28 13:19:42,486 RCV reinforcement info
2018-05-28 13:19:42,630 RCV reinforcement info
2018-05-28 13:19:42,693 RF found but not transmitted
2018-05-28 13:19:43,379 RCV reinforcement info
2018-05-28 13:19:43,798 RCV reinforcement info
2018-05-28 13:19:44,058 RF found but not transmitted
2018-05-28 13:19:44,472 RF found but not transmitted
2018-05-28 13:19:45,191 RCV proposal
2018-05-28 13:19:45,195 appended honest propose 165535ade5 on top of 51f0ef1687
2018-05-28 13:19:45,351 RCV reinforcement
2018-05-28 13:19:45,373 RCV reinforcement
2018-05-28 13:19:45,402 RCV reinforcement
2018-05-28 13:19:45,729 RF found but not transmitted
2018-05-28 13:19:46,005 RF found but not transmitted
2018-05-28 13:19:46,750 RCV commit
2018-05-28 13:19:46,780 appended honest commit 9350e655b7 on top of 165535ade5
2018-05-28 13:19:46,803 Weight: 117.44643871344563 #RFs 6
2018-05-28 13:19:46,804 weight: 117.44643871344563
2018-05-28 13:19:46,804 , 117.44643871344563
2018-05-28 13:19:47,330 RF found but not transmitted
2018-05-28 13:19:47,592 RF found but not transmitted
2018-05-28 13:19:47,701 RF found but not transmitted
2018-05-28 13:19:48,391 RCV reinforcement info
2018-05-28 13:19:48,426 RCV reinforcement info
2018-05-28 13:19:49,108 RF found but not transmitted
2018-05-28 13:19:50,067 RCV reinforcement info
2018-05-28 13:19:50,198 RCV reinforcement info
2018-05-28 13:19:50,234 RCV reinforcement info
2018-05-28 13:19:50,394 RF found but not transmitted
2018-05-28 13:19:50,407 RCV reinforcement info
2018-05-28 13:19:50,496 RF found but not transmitted
2018-05-28 13:19:51,197 RCV reinforcement info
2018-05-28 13:19:51,316 RCV reinforcement info
2018-05-28 13:19:51,479 RF found but not transmitted
2018-05-28 13:19:51,732 RCV reinforcement info
2018-05-28 13:19:52,143 RCV reinforcement info
2018-05-28 13:19:52,844 RCV reinforcement info
2018-05-28 13:19:53,115 RCV reinforcement info
2018-05-28 13:19:53,228 RF found but not transmitted
2018-05-28 13:19:54,235 RF found but not transmitted
2018-05-28 13:19:54,711 RF found but not transmitted
2018-05-28 13:19:54,794 RF found but not transmitted
2018-05-28 13:19:54,897 RCV reinforcement info
2018-05-28 13:19:55,377 RF found but not transmitted
2018-05-28 13:19:56,459 RF found but not transmitted
2018-05-28 13:19:56,502 RF found but not transmitted
2018-05-28 13:19:56,729 RCV reinforcement info
2018-05-28 13:19:56,803 RF found but not transmitted
2018-05-28 13:19:57,490 RCV reinforcement info
2018-05-28 13:19:57,577 RF found but not transmitted
2018-05-28 13:19:57,752 RF found but not transmitted
2018-05-28 13:19:58,030 RF found but not transmitted
2018-05-28 13:19:58,115 RCV reinforcement info
2018-05-28 13:19:58,426 RF found but not transmitted
2018-05-28 13:19:58,445 RF found but not transmitted
2018-05-28 13:20:00,161 RCV reinforcement info
2018-05-28 13:20:00,613 RF found but not transmitted
2018-05-28 13:20:01,371 RCV proposal
2018-05-28 13:20:01,376 appended honest propose 03a1aa9df8 on top of 9350e655b7
2018-05-28 13:20:01,434 RF found but not transmitted
2018-05-28 13:20:01,550 RCV reinforcement
2018-05-28 13:20:01,586 RCV reinforcement
2018-05-28 13:20:01,648 RCV reinforcement
2018-05-28 13:20:02,171 RF found but not transmitted
2018-05-28 13:20:02,642 RCV reinforcement info
2018-05-28 13:20:02,795 RCV reinforcement
2018-05-28 13:20:03,016 RCV commit
2018-05-28 13:20:03,133 appended honest commit 7b32ae159f on top of 03a1aa9df8
2018-05-28 13:20:03,237 Weight: 120.59947911664085 #RFs 17
2018-05-28 13:20:03,237 weight: 120.59947911664085
2018-05-28 13:20:03,238 , 120.59947911664085
2018-05-28 13:20:03,797 RF found but not transmitted
2018-05-28 13:20:04,015 RCV reinforcement info
2018-05-28 13:20:04,792 RCV reinforcement info
2018-05-28 13:20:05,454 RCV reinforcement info
2018-05-28 13:20:05,896 RF found but not transmitted
2018-05-28 13:20:06,163 RF found but not transmitted
2018-05-28 13:20:07,740 RCV reinforcement info
2018-05-28 13:20:07,821 RCV reinforcement info
2018-05-28 13:20:08,715 RF found but not transmitted
2018-05-28 13:20:09,222 RF found but not transmitted
2018-05-28 13:20:09,225 RCV reinforcement info
2018-05-28 13:20:09,506 RF found but not transmitted
2018-05-28 13:20:09,537 RCV reinforcement info
2018-05-28 13:20:09,908 RF found but not transmitted
2018-05-28 13:20:10,114 RCV reinforcement info
2018-05-28 13:20:11,212 RF found but not transmitted
2018-05-28 13:20:12,816 RCV reinforcement info
2018-05-28 13:20:13,098 RF found but not transmitted
2018-05-28 13:20:13,239 RF found but not transmitted
2018-05-28 13:20:14,223 RCV reinforcement info
2018-05-28 13:20:14,449 RCV reinforcement info
2018-05-28 13:20:14,759 RCV reinforcement info
2018-05-28 13:20:15,293 RF found but not transmitted
2018-05-28 13:20:15,518 RF found but not transmitted
2018-05-28 13:20:15,643 RCV reinforcement info
2018-05-28 13:20:16,053 RF found but not transmitted
2018-05-28 13:20:16,205 RF found but not transmitted
2018-05-28 13:20:16,442 RCV reinforcement info
2018-05-28 13:20:16,560 RF found but not transmitted
2018-05-28 13:20:16,656 RCV reinforcement info
2018-05-28 13:20:16,880 RCV reinforcement info
2018-05-28 13:20:16,969 RCV reinforcement info
2018-05-28 13:20:18,379 RCV reinforcement info
2018-05-28 13:20:18,874 RCV reinforcement info
2018-05-28 13:20:19,223 RF found but not transmitted
2018-05-28 13:20:20,046 RF found but not transmitted
2018-05-28 13:20:20,241 RF found but not transmitted
2018-05-28 13:20:20,317 RF found but not transmitted
2018-05-28 13:20:20,433 RF found but not transmitted
2018-05-28 13:20:22,932 RCV proposal
2018-05-28 13:20:22,935 appended honest propose 5f64a21b27 on top of 7b32ae159f
2018-05-28 13:20:23,070 RCV reinforcement
2018-05-28 13:20:23,082 RCV reinforcement
2018-05-28 13:20:23,087 RCV reinforcement
2018-05-28 13:20:23,321 RF found but not transmitted
2018-05-28 13:20:23,723 RF found but not transmitted
2018-05-28 13:20:24,040 RF found but not transmitted
2018-05-28 13:20:24,339 RF found but not transmitted
2018-05-28 13:20:24,529 RCV commit
2018-05-28 13:20:24,690 appended honest commit d689e038d3 on top of 5f64a21b27
2018-05-28 13:20:24,827 Weight: 124.56670990636736 #RFs 19
2018-05-28 13:20:24,827 weight: 124.56670990636736
2018-05-28 13:20:24,827 , 124.56670990636736
2018-05-28 13:20:25,274 RF found but not transmitted
2018-05-28 13:20:25,880 RF found but not transmitted
2018-05-28 13:20:25,901 RF found but not transmitted
2018-05-28 13:20:26,462 RF found but not transmitted
2018-05-28 13:20:26,465 hash found
2018-05-28 13:20:26,470 appended malicious propose 5ec46e448e on top of 90bc20104d
2018-05-28 13:20:26,471 REINFORCEMENT COLLECTING state
2018-05-28 13:20:26,555 SNT proposal
2018-05-28 13:20:26,839 RCV reinforcement
2018-05-28 13:20:26,897 RF found but not transmitted
2018-05-28 13:20:26,971 SNT reinforcement
2018-05-28 13:20:27,092 RCV reinforcement
2018-05-28 13:20:27,167 RF found but not transmitted
2018-05-28 13:20:27,314 RF found but not transmitted
2018-05-28 13:20:27,364 RF found but not transmitted
2018-05-28 13:20:27,444 RF found but not transmitted
2018-05-28 13:20:27,993 RF found but not transmitted
2018-05-28 13:20:28,062 commit with 3 reinforcements
2018-05-28 13:20:28,286 appended malicious commit 36c43c32da on top of 5ec46e448e
2018-05-28 13:20:28,372 RF found but not transmitted
2018-05-28 13:20:28,575 Weight: 92.51268257790478 #RFs 81
2018-05-28 13:20:28,577 weight: 92.51268257790478
2018-05-28 13:20:28,577 , 92.51268257790478
2018-05-28 13:20:28,585 MALICIOUS MINING state
2018-05-28 13:20:28,586 END: HONEST WIN. 124.56670990636736 against 112.51268257790478
2018-05-28 13:20:28,586 start mining - depth 20
2018-05-28 13:20:28,586 start mining - hash 36c43c32da5baa482bb1ebe96391d884bee81b60b8637d158b49b75aebfd4c84
2018-05-28 13:20:28,587 Hashing frequency: 50532
2018-05-28 13:20:28,590 SNT commit
2018-05-28 13:20:31,012 RCV reinforcement info
2018-05-28 13:20:31,268 RCV proposal
2018-05-28 13:20:31,270 appended honest propose 173da68a07 on top of d689e038d3
2018-05-28 13:20:31,444 RCV reinforcement
2018-05-28 13:20:32,025 RF found but not transmitted
2018-05-28 13:20:32,026 RF found but not transmitted
