1527505747 , 0.09554757480907808
1527505747 , 0.5072664676463643
1527505747 , 0.6090867227807356
1527505747 , 0.6738735191111737
1527505748 , 0.7594117648260442
1527505749 , 0.8455070648160878
1527505750 , 0.9693777962620432
1527505752 , 1.9109453535439274
1527505752 , 2.020669590006455
1527505752 , 2.293339354506199
1527505753 , 2.496718223155008
1527505755 , 2.8856096697089564
1527505758 , 3.248877337211287
1527505761 , 3.5065817617825012
1527505763 , 3.5934470895343233
1527505764 , 4.593447089534324
1527505764 , 4.789367972247905
1527505764 , 4.857498093193922
1527505768 , 5.067007848445473
1527505770 , 6.067007848445472
1527505775 , 6.305146007448571
1527505781 , 6.56366105350166
1527505784 , 7.56366105350166
1527505784 , 7.791208677191232
1527505785 , 7.906998168217516
1527505785 , 7.989048923739348
1527505786 , 8.505945714483927
1527505787 , 8.635464584931587
1527505787 , 8.838942865943007
1527505790 , 9.005431026951742
1527505790 , 9.071226092795833
1527505791 , 9.360725049097013
1527505792 , 9.424752231964055
1527505798 , 10.811539838507727
1527505799 , 11.528881947130227
1527505799 , 11.59645987528206
1527505799 , 11.907188058230803
1527505800 , 11.999862477352536
1527505803 , 12.654647369459855
1527505806 , 13.726114394635243
1527505806 , 14.05553741433309
1527505810 , 14.166722646953252
1527505810 , 14.258184283562283
1527505812 , 14.730838872262359
1527505813 , 15.730838872262359
1527505820 , 15.806085464471332
1527505824 , 15.870344631712053
1527505824 , 16.87034463171205
1527505825 , 17.15838917209494
1527505826 , 17.299076535446424
1527505827 , 17.38286485292166
1527505827 , 17.528269052100413
1527505830 , 17.591159772128062
1527505831 , 17.662959558634316
1527505832 , 17.77503426965239
1527505834 , 18.114584000176933
1527505840 , 19.488091206177224
1527505842 , 19.574782582288556
1527505843 , 19.770425121579617
1527505843 , 20.062816196028255
1527505843 , 20.149845664095224
1527505845 , 20.291471661874198
1527505846 , 20.374516564569063
1527505848 , 20.835605838413148
1527505850 , 21.249030402145536
1527505851 , 21.348740717078567
1527505851 , 21.61995565558804
1527505852 , 21.705643769214948
1527505853 , 22.22581916381862
1527505859 , 22.361400539439042
1527505859 , 22.55537597100704
1527505860 , 22.748890501222704
1527505860 , 22.824486020681434
1527505861 , 23.302678434592607
1527505863 , 23.438132272230003
1527505867 , 23.50442210424526
1527505872 , 23.573893572402326
1527505872 , 24.248542145586406
1527505873 , 25.248542145586406
1527505875 , 26.248542145586406
1527505875 , 26.336789182960025
1527505877 , 26.422303898600564
1527505880 , 27.425121573255705
1527505881 , 27.579052594410317
1527505882 , 27.654210723692078
1527505884 , 28.232843413375413
1527505884 , 28.73486207097159
1527505885 , 28.91703114019867
1527505885 , 29.91703114019867
1527505886 , 29.991499946157642
1527505887 , 30.14043182416696
1527505888 , 30.236365787573803
1527505890 , 30.594361198722687
1527505891 , 31.236365787573803
1527505891 , 31.320713158707164
1527505893 , 31.720330931083172
1527505896 , 31.793350923422945
1527505902 , 31.944350564148813
1527505902 , 32.099122265050966
1527505903 , 32.60835742946019
1527505904 , 33.31951967625381
1527505904 , 32.45705965595328
1527505906 , 33.56719628654132
1527505907 , 33.67173211526763
1527505911 , 33.83609785656893
1527505911 , 34.350513061943914
1527505912 , 34.694716386127496
1527505913 , 34.83342079022344
1527505914 , 35.02747889116885
1527505917 , 35.21721778865238
1527505918 , 36.125437266487836
1527505920 , 36.37534070041289
1527505921 , 36.509243921205915
1527505924 , 36.69720312817985
1527505925 , 37.01952885966523
1527505925 , 37.56079005181652
1527505927 , 37.65704540339301
1527505928 , 37.77221591381995
1527505929 , 37.84381985067663
1527505929 , 37.97037541923951
1527505932 , 38.22448122352143
1527505933 , 38.36509488282594
1527505934 , 38.476577386349874
1527505934 , 39.476577386349874
1527505936 , 39.59228643876966
1527505936 , 40.19536332226679
1527505937 , 40.29937107062558
1527505939 , 40.4220152100589
1527505940 , 40.617912405098984
1527505944 , 40.73610519282109
1527505945 , 40.8990987884436
1527505946 , 41.047031093333906
1527505946 , 41.24585718618086
1527505947 , 41.37746856165209
1527505949 , 41.60225153120323
1527505949 , 41.81555780356169
1527505951 , 41.933207518600426
1527505951 , 42.0246917880445
1527505952 , 42.10292201629721
1527505954 , 42.18838322281532
1527505955 , 43.10292201629721
1527505955 , 43.213043212508026
1527505958 , 43.487958090008725
1527505959 , 43.56103976983328
1527505960 , 43.752230110842206
1527505962 , 43.81798850699239
1527505964 , 43.976684835109644
1527505971 , 44.06406057451452
1527505973 , 44.18865447164464
1527505976 , 44.2622134910243
1527505976 , 44.34191473048317
1527505976 , 45.05220893079703
1527505977 , 45.11527269623517
1527505978 , 45.18561488748329
1527505978 , 45.40146055787912
1527505978 , 45.504302975349965
1527505979 , 45.6955253949986
1527505979 , 45.78219515633291
1527505979 , 46.181004482338864
1527505980 , 46.36657453238668
1527505983 , 46.43860660298192
1527505985 , 47.43860660298192
1527505987 , 47.660438690438696
1527505990 , 47.73969639501308
1527505992 , 48.73969639501308
1527505992 , 48.98837399773604
1527505993 , 49.05349702727222
1527505995 , 49.1687496678471
1527505996 , 49.6790566906756
1527505996 , 49.75352608849903
1527505996 , 49.82867286133868
1527505999 , 49.89678931645002
1527506002 , 50.074654415213466
1527506005 , 50.24147026053077
1527506006 , 50.390283177317436
1527506006 , 50.97885124486154
1527506008 , 51.294942562991594
1527506013 , 52.38076580391647
1527506015 , 52.44392378267242
1527506016 , 52.604333773839066
1527506016 , 52.70127982223824
1527506017 , 53.70127982223824
1527506019 , 53.76875910633342
1527506022 , 53.883234544240395
1527506024 , 54.04242861132994
1527506025 , 54.69236589531989
1527506027 , 54.922509610134036
1527506033 , 55.06558170669734
1527506036 , 55.20376524229051
1527506037 , 55.269997219089355
1527506037 , 55.37793827414531
1527506038 , 55.58214978110465
1527506038 , 55.73727845730843
1527506039 , 55.97013371370449
1527506039 , 56.11449512598805
1527506040 , 56.408343946436325
1527506041 , 56.95761345575112
1527506045 , 57.184169867982995
1527506045 , 58.11359885022809
1527506048 , 58.22870436899726
1527506048 , 58.34253020144823
1527506051 , 58.71385505603659
1527506051 , 58.784386330805546
1527506053 , 59.04056509076508
1527506057 , 59.45481599452789
1527506059 , 59.84163841305534
1527506060 , 60.42289635864329
1527506061 , 60.62561545811425
1527506061 , 60.79785277583935
1527506064 , 60.92727187202153
1527506065 , 62.79785277583935
1527506067 , 62.91760989004469
1527506068 , 63.06776827301768
1527506068 , 63.91760989004469
1527506068 , 64.07316941037958
1527506070 , 64.34584206274866
1527506071 , 64.50207347725481
1527506077 , 64.57056692768701
1527506078 , 64.65761347126677
1527506082 , 64.96295058718727
1527506083 , 65.03431855016295
1527506083 , 65.21827999857909
1527506083 , 65.38309425628509
1527506084 , 65.45724259174573
1527506084 , 65.6179675827333
1527506085 , 65.8499679599557
1527506085 , 66.17222360060438
1527506086 , 66.24067973365327
1527506086 , 66.42032159139025
1527506090 , 66.57586778716038
1527506095 , 66.722929988697
1527506100 , 67.16525554917293
1527506101 , 67.26366404932443
1527506101 , 68.24433124727194
1527506102 , 68.70866080278212
1527506104 , 69.11993659711739
1527506105 , 69.29606933025403
1527506108 , 69.47070228439516
1527506108 , 69.98803010856543
1527506109 , 70.07459464508564
1527506109 , 70.74826047949338
1527506110 , 71.21574992451427
1527506110 , 71.30075088084153
1527506110 , 71.7947074739786
1527506110 , 71.89928483109905
1527506113 , 72.00939750600539
1527506113 , 72.14249258419794
1527506113 , 72.2126976879082
1527506115 , 73.2126976879082
1527506117 , 74.21269768790822
1527506119 , 74.34883706395625
1527506123 , 74.92004128089971
1527506125 , 75.01381975199232
1527506127 , 75.92004128089971
1527506130 , 76.39096597696317
1527506132 , 76.48042984298382
1527506132 , 76.6065401326514
1527506134 , 76.77449235186883
1527506137 , 76.92312726444268
1527506141 , 77.97068647802942
1527506142 , 78.04360186629371
1527506145 , 78.71385550973488
1527506145 , 78.8402193752254
1527506149 , 79.02385703939235
1527506150 , 79.09163823215387
1527506152 , 79.18338621829955
1527506154 , 79.25582962321978
1527506160 , 79.36197512031697
1527506161 , 79.66193454399502
1527506162 , 79.8393475329331
1527506168 , 80.00400418752704
1527506171 , 80.82883602664204
1527506176 , 81.10425516940288
1527506178 , 81.20264796801226
1527506180 , 81.59726808132514
1527506181 , 81.78848425943175
1527506187 , 82.15430306834038
1527506190 , 82.79101309634282
1527506192 , 83.06212866918688
1527506193 , 83.12823941514272
1527506193 , 83.40810444439589
1527506198 , 83.74798106094609
1527506199 , 83.9343701127606
1527506199 , 84.2997162614814
1527506202 , 84.58333347727068
1527506207 , 84.77993875102374
1527506209 , 84.9056207449639
1527506210 , 85.05732193196178
1527506213 , 85.7389139745114
1527506213 , 85.89805312883182
1527506218 , 86.42644298315624
1527506218 , 86.49534158211326
1527506219 , 86.59009518720327
1527506222 , 86.67766605773687
1527506222 , 86.74858749240319
1527506229 , 87.63487007288552
1527506230 , 87.70211401065616
1527506234 , 87.7971238836404
1527506237 , 87.98460549055368
1527506238 , 88.98460549055368
1527506241 , 89.0701908688631
1527506243 , 89.13578156415952
1527506243 , 89.23890089299772
1527506243 , 89.75488957561703
1527506245 , 89.87122663957565
1527506247 , 89.97774770374757
1527506252 , 90.40737030041767
1527506254 , 90.60071695974875
1527506256 , 90.6942447829257
1527506256 , 90.85750537220231
1527506257 , 91.58708094217822
1527506259 , 91.70527489979077
1527506260 , 91.78846252637999
1527506260 , 92.00755451456193
1527506261 , 92.1798944793903
1527506264 , 93.1798944793903
1527506266 , 93.24829468177579
1527506268 , 93.34486741054612
1527506268 , 94.32912352746452
1527506271 , 95.32912352746452
1527506272 , 95.39950746006454
1527506280 , 95.86704643530622
1527506281 , 95.93011619522959
1527506282 , 96.23427789709615
1527506283 , 96.33317217204812
1527506284 , 96.4126339143068
1527506285 , 96.81191759585538
1527506286 , 96.91815403904437
1527506287 , 96.99254605094268
1527506288 , 97.12359771243591
1527506289 , 97.64297226063262
1527506290 , 97.76754761806687
1527506290 , 97.92427461240078
1527506292 , 98.05381433626926
1527506294 , 99.05381433626926
1527506295 , 99.15610184992244
1527506296 , 100.23945954045199
1527506302 , 100.55083977210514
1527506302 , 101.49469905103733
1527506304 , 101.58959902084578
1527506304 , 101.80634440006673
1527506306 , 102.39905731696307
1527506309 , 102.6668814433431
1527506310 , 102.97761900982873
1527506310 , 103.06325411392432
1527506310 , 103.12746156525972
1527506312 , 103.65470747580703
1527506314 , 103.78580223625293
1527506316 , 103.96109363578091
1527506316 , 104.10138986599794
1527506318 , 104.59162264868219
1527506322 , 104.73029290978673
1527506323 , 104.87972428927583
1527506327 , 105.91529755494713
1527506328 , 106.91529755494713
1527506330 , 107.06570714333044
1527506332 , 107.79687332037906
1527506334 , 107.90631309773347
1527506334 , 107.97857093367261
1527506336 , 108.11624585892362
1527506339 , 108.32533630866638
1527506339 , 108.63189258829006
1527506340 , 109.0104417341849
1527506340 , 109.09781810152198
1527506345 , 109.3060009928189
1527506345 , 109.38174042462168
1527506346 , 109.44820851954421
1527506346 , 109.66478734655252
1527506348 , 109.75402675143567
1527506348 , 109.85250300011865
1527506349 , 110.1503562719769
1527506351 , 110.56508449971902
1527506351 , 110.70938076030932
1527506351 , 110.7798444039131
1527506352 , 111.0614700019364
1527506355 , 111.22126383666695
1527506357 , 111.30975689419333
1527506359 , 111.83683501503272
1527506360 , 112.20536232895589
1527506361 , 112.55476426368995
1527506363 , 112.62267013556739
1527506365 , 112.7093857457039
1527506368 , 112.93891165285513
1527506370 , 113.74948708034024
1527506370 , 113.86966514302773
1527506372 , 114.0847356757748
1527506373 , 114.47601293325367
1527506374 , 114.58118517095559
1527506377 , 115.58118517095559
1527506380 , 115.79770762742979
1527506382 , 115.96308237756388
1527506383 , 116.35728589483969
1527506383 , 116.44643871344562
1527506386 , 117.44643871344562
1527506388 , 117.58602712751326
1527506388 , 117.65134958930902
1527506390 , 118.10646404815678
1527506391 , 118.32766852792416
1527506391 , 118.41177615392846
1527506392 , 118.55530583910759
1527506392 , 118.71813521837993
1527506393 , 118.790143904166
1527506394 , 118.92442802441781
1527506396 , 118.99420690132979
1527506397 , 119.10325880183923
1527506398 , 119.26055185312693
1527506400 , 119.59947911664084
1527506402 , 119.69502094726296
1527506403 , 120.59947911664084
1527506404 , 120.75330972996419
1527506404 , 120.83120641346319
1527506405 , 120.93342463721896
1527506407 , 121.01402823628113
1527506407 , 121.18563219200948
1527506409 , 121.85133346140596
1527506409 , 121.93422147699988
1527506410 , 122.00905730490977
1527506412 , 122.13566653005593
1527506414 , 122.28037384229413
1527506414 , 122.40584147624325
1527506414 , 122.47881969710396
1527506415 , 122.54381121257448
1527506416 , 122.61849281017751
1527506416 , 122.75185092992129
1527506416 , 122.90440881828638
1527506416 , 123.12521019628761
1527506418 , 123.25440778990874
1527506424 , 124.56670990636735
1527506431 , 124.6445589188576
