2018-05-15 22:58:40,318 ---------------------------------------------------------
2018-05-15 22:58:40,319 PURE BLOCKCHAIN state
2018-05-15 22:58:41,327 start mining - depth 0
2018-05-15 22:58:41,328 start mining - hash 43ae9249d93f442783611488577e269c75e625c2899ebdba7aa75bc623ca7502
2018-05-15 22:58:59,903 RCV proposal_commit
2018-05-15 22:58:59,913 appended honest propose fab08abdf1 on top of 43ae9249d9
2018-05-15 22:58:59,913 appended honest commit 19c5f52a28 on top of fab08abdf1
2018-05-15 22:58:59,914 weight: 1
2018-05-15 22:58:59,914 , 1
2018-05-15 22:58:59,915 start mining - depth 1
2018-05-15 22:58:59,915 start mining - hash 19c5f52a28ced28fc54f681cebab2c67d85f17dc8895eb53194571afac57aa37
2018-05-15 22:59:12,137 RCV proposal_commit
2018-05-15 22:59:12,139 appended honest propose 0dc2060827 on top of 19c5f52a28
2018-05-15 22:59:12,140 appended honest commit 4e9392932d on top of 0dc2060827
2018-05-15 22:59:12,140 weight: 2
2018-05-15 22:59:12,140 , 2
2018-05-15 22:59:12,141 start mining - depth 2
2018-05-15 22:59:12,141 start mining - hash 4e9392932d150b1f49dc5b845a5a9fa9467b376d98c4bce3344685f1145c3c9c
2018-05-15 22:59:15,980 RCV proposal_commit
2018-05-15 22:59:15,982 appended malicious propose d8f810a997 on top of 4e9392932d
2018-05-15 22:59:15,982 appended malicious commit 30699bdbfc on top of d8f810a997
2018-05-15 22:59:15,982 weight: 3
2018-05-15 22:59:15,982 , 3
2018-05-15 22:59:15,983 start mining - depth 3
2018-05-15 22:59:15,983 start mining - hash 30699bdbfcbb5af25d109485ac3d31914f92150a61e460560157d9f2a222bb76
2018-05-15 22:59:15,983 END: MALICIOUS WIN
