2018-06-11 23:55:29,825 ---------------------------------------------------------
2018-06-11 23:55:29,826 MALICIOUS MINING state
2018-06-11 23:55:30,867 start mining - depth 0
2018-06-11 23:55:30,867 start mining - hash 4eb336308822f4797bc001e94bf8f486296daee14aac9b92af3e44204de4f9a8
2018-06-11 23:55:31,678 RCV reinforcement info
2018-06-11 23:55:31,938 RF found but not transmitted
2018-06-11 23:55:32,769 RCV reinforcement info
2018-06-11 23:55:33,689 RCV reinforcement info
2018-06-11 23:55:33,782 RCV reinforcement info
2018-06-11 23:55:34,981 RCV reinforcement info
2018-06-11 23:55:36,413 RCV reinforcement info
2018-06-11 23:55:36,839 RCV reinforcement info
2018-06-11 23:55:36,963 RF found but not transmitted
2018-06-11 23:55:37,054 RCV reinforcement info
2018-06-11 23:55:37,387 RCV reinforcement info
2018-06-11 23:55:37,649 RF found but not transmitted
2018-06-11 23:55:38,065 RCV reinforcement info
2018-06-11 23:55:38,539 RCV reinforcement info
2018-06-11 23:55:39,411 RCV reinforcement info
2018-06-11 23:55:39,617 RCV reinforcement info
2018-06-11 23:55:39,872 RCV reinforcement info
2018-06-11 23:55:42,475 RCV reinforcement info
2018-06-11 23:55:42,713 RCV reinforcement info
2018-06-11 23:55:42,811 RF found but not transmitted
2018-06-11 23:55:42,889 RF found but not transmitted
2018-06-11 23:55:43,222 RCV reinforcement info
2018-06-11 23:55:44,116 RCV reinforcement info
2018-06-11 23:55:44,271 RCV reinforcement info
2018-06-11 23:55:45,399 RCV reinforcement info
2018-06-11 23:55:45,796 RCV malicious_prop_agreement
2018-06-11 23:55:46,003 RF found but not transmitted
2018-06-11 23:55:46,044 RCV reinforcement info
2018-06-11 23:55:46,113 RCV reinforcement info
2018-06-11 23:55:46,183 RCV proposal
2018-06-11 23:55:46,186 appended honest propose 90e10ee2a7 on top of 4eb3363088
2018-06-11 23:55:46,284 RCV reinforcement
2018-06-11 23:55:46,288 RCV reinforcement
2018-06-11 23:55:46,299 RCV reinforcement
2018-06-11 23:55:46,311 RCV reinforcement
2018-06-11 23:55:46,379 RCV reinforcement
2018-06-11 23:55:46,667 RCV reinforcement info
2018-06-11 23:55:46,730 RCV reinforcement
2018-06-11 23:55:46,787 RCV reinforcement info
2018-06-11 23:55:46,850 RCV reinforcement
2018-06-11 23:55:47,260 RCV reinforcement info
2018-06-11 23:55:47,319 RCV reinforcement
2018-06-11 23:55:47,790 RCV commit
2018-06-11 23:55:47,928 appended honest commit 20bd74170d on top of 90e10ee2a7
2018-06-11 23:55:48,083 Weight: 5.571173984273063 #RFs 25
2018-06-11 23:55:48,083 weight: 5.571173984273063
2018-06-11 23:55:48,083 , 5.571173984273063
2018-06-11 23:55:48,152 RCV reinforcement info
2018-06-11 23:55:48,160 RF found but not transmitted
2018-06-11 23:55:48,261 RCV proposal
2018-06-11 23:55:48,263 appended malicious propose a87609c0e0 on top of 4eb3363088
2018-06-11 23:55:48,263 REINFORCEMENT SENT state
2018-06-11 23:55:48,264 SNT reinforcement
2018-06-11 23:55:48,346 RCV reinforcement
2018-06-11 23:55:48,559 RCV reinforcement info
2018-06-11 23:55:49,661 RF found but not transmitted
2018-06-11 23:55:49,664 SNT reinforcement
2018-06-11 23:55:49,965 RCV reinforcement info
2018-06-11 23:55:49,995 RCV commit
2018-06-11 23:55:50,039 appended malicious commit c6b1072cb0 on top of a87609c0e0
2018-06-11 23:55:50,058 Weight: 3.3720213921530764 #RFs 11
2018-06-11 23:55:50,059 weight: 3.3720213921530764
2018-06-11 23:55:50,059 , 3.3720213921530764
2018-06-11 23:55:50,060 MALICIOUS MINING state
2018-06-11 23:55:50,061 start mining - depth 1
2018-06-11 23:55:50,061 start mining - hash 20bd74170dfcb7fca4207b8acc4edba512fd7a4ac7cffcb28ab0cc7cd036b5f5
2018-06-11 23:55:50,274 RCV reinforcement info
2018-06-11 23:55:50,336 RCV reinforcement info
2018-06-11 23:55:51,399 RCV reinforcement info
2018-06-11 23:55:51,587 RCV reinforcement info
2018-06-11 23:55:52,408 RCV reinforcement info
2018-06-11 23:55:52,859 RCV reinforcement info
2018-06-11 23:55:52,946 RCV reinforcement info
2018-06-11 23:55:53,614 RCV reinforcement info
2018-06-11 23:55:54,132 RCV proposal
2018-06-11 23:55:54,136 appended honest propose 1358b2eee5 on top of 20bd74170d
2018-06-11 23:55:54,338 RF found but not transmitted
2018-06-11 23:55:54,418 RCV reinforcement
2018-06-11 23:55:54,435 RCV reinforcement
2018-06-11 23:55:54,465 RCV reinforcement
2018-06-11 23:55:54,476 RCV reinforcement
2018-06-11 23:55:54,488 RCV reinforcement
2018-06-11 23:55:54,497 RCV reinforcement
2018-06-11 23:55:54,726 RCV reinforcement info
2018-06-11 23:55:54,807 RCV reinforcement info
2018-06-11 23:55:54,891 RCV reinforcement
2018-06-11 23:55:54,931 RCV reinforcement
2018-06-11 23:55:55,305 RCV reinforcement info
2018-06-11 23:55:55,372 RCV reinforcement
2018-06-11 23:55:55,604 RF found but not transmitted
2018-06-11 23:55:55,689 RCV commit
2018-06-11 23:55:55,790 appended honest commit 2eaa439d5a on top of 1358b2eee5
2018-06-11 23:55:55,874 Weight: 9.910445884917724 #RFs 14
2018-06-11 23:55:55,874 weight: 9.910445884917724
2018-06-11 23:55:55,874 , 9.910445884917724
2018-06-11 23:55:55,879 start mining - depth 2
2018-06-11 23:55:55,880 start mining - hash 2eaa439d5ab5747cd2cb05db22af8b080e6d818fb7f7efbcee2b6b9504b59f4b
2018-06-11 23:55:56,453 RCV reinforcement info
2018-06-11 23:55:56,810 RCV reinforcement info
2018-06-11 23:55:57,133 RF found but not transmitted
2018-06-11 23:55:58,323 RCV proposal
2018-06-11 23:55:58,327 appended honest propose b80a534f93 on top of 2eaa439d5a
2018-06-11 23:55:58,408 RCV reinforcement
2018-06-11 23:55:58,418 RCV reinforcement
2018-06-11 23:55:59,834 RCV commit
2018-06-11 23:55:59,841 appended honest commit 2128037031 on top of b80a534f93
2018-06-11 23:55:59,860 Weight: 11.301501993799272 #RFs 2
2018-06-11 23:55:59,860 weight: 11.301501993799272
2018-06-11 23:55:59,860 , 11.301501993799272
2018-06-11 23:55:59,861 start mining - depth 3
2018-06-11 23:55:59,862 start mining - hash 212803703126db3e2826ea233f721b89bf175c95524d1149ae7ce6339126bec2
2018-06-11 23:56:00,304 RCV reinforcement info
2018-06-11 23:56:00,762 RCV reinforcement info
2018-06-11 23:56:00,871 RCV reinforcement info
2018-06-11 23:56:01,189 RCV reinforcement info
2018-06-11 23:56:02,653 RCV reinforcement info
2018-06-11 23:56:02,698 RCV reinforcement info
2018-06-11 23:56:02,785 RCV reinforcement info
2018-06-11 23:56:03,266 RCV reinforcement info
2018-06-11 23:56:04,565 RCV reinforcement info
2018-06-11 23:56:04,920 RCV reinforcement info
2018-06-11 23:56:05,746 RF found but not transmitted
2018-06-11 23:56:05,873 RCV reinforcement info
2018-06-11 23:56:06,034 RCV proposal
2018-06-11 23:56:06,043 appended honest propose 5431be7ea1 on top of 2128037031
2018-06-11 23:56:06,191 RCV reinforcement
2018-06-11 23:56:06,222 RCV reinforcement
2018-06-11 23:56:06,243 RCV reinforcement
2018-06-11 23:56:06,275 RCV reinforcement
2018-06-11 23:56:07,271 RCV reinforcement info
2018-06-11 23:56:07,354 RCV reinforcement
2018-06-11 23:56:07,567 RCV commit
2018-06-11 23:56:07,666 appended honest commit 4236a08a0d on top of 5431be7ea1
2018-06-11 23:56:07,778 Weight: 14.681936231882744 #RFs 12
2018-06-11 23:56:07,778 weight: 14.681936231882744
2018-06-11 23:56:07,778 , 14.681936231882744
2018-06-11 23:56:07,781 start mining - depth 4
2018-06-11 23:56:07,781 start mining - hash 4236a08a0d2e4dc09a81fc0622a6c0e43f7102b554c6a174d7284f8b7e573c47
2018-06-11 23:56:08,030 RCV reinforcement info
2018-06-11 23:56:08,104 RCV reinforcement info
2018-06-11 23:56:08,257 RCV reinforcement info
2018-06-11 23:56:08,744 RCV reinforcement info
2018-06-11 23:56:09,066 RCV reinforcement info
2018-06-11 23:56:09,472 RCV reinforcement info
2018-06-11 23:56:10,561 RCV reinforcement info
2018-06-11 23:56:10,766 RF found but not transmitted
2018-06-11 23:56:13,113 RF found but not transmitted
2018-06-11 23:56:14,578 RCV reinforcement info
2018-06-11 23:56:14,664 RCV reinforcement info
2018-06-11 23:56:15,597 RF found but not transmitted
2018-06-11 23:56:17,678 RCV proposal
2018-06-11 23:56:17,681 appended honest propose cd7734bcfc on top of 4236a08a0d
2018-06-11 23:56:17,795 RCV reinforcement
2018-06-11 23:56:17,803 RCV reinforcement
2018-06-11 23:56:17,810 RCV reinforcement
2018-06-11 23:56:17,818 RCV reinforcement
2018-06-11 23:56:17,933 RCV reinforcement info
2018-06-11 23:56:17,987 RCV reinforcement info
2018-06-11 23:56:18,012 RCV reinforcement
2018-06-11 23:56:18,073 RCV reinforcement
2018-06-11 23:56:18,346 RCV reinforcement info
2018-06-11 23:56:18,415 RCV reinforcement
2018-06-11 23:56:18,490 RCV reinforcement info
2018-06-11 23:56:18,562 RCV reinforcement
2018-06-11 23:56:18,708 RCV reinforcement info
2018-06-11 23:56:18,782 RCV reinforcement
2018-06-11 23:56:19,245 RCV commit
2018-06-11 23:56:19,282 appended honest commit c89f225d83 on top of cd7734bcfc
2018-06-11 23:56:19,351 Weight: 17.891930614809155 #RFs 13
2018-06-11 23:56:19,351 weight: 17.891930614809155
2018-06-11 23:56:19,352 , 17.891930614809155
2018-06-11 23:56:19,353 start mining - depth 5
2018-06-11 23:56:19,353 start mining - hash c89f225d8336154f7aeba1cad35f24382b652677cfe4e77eb253517dffe26d1e
2018-06-11 23:56:20,378 RCV reinforcement info
2018-06-11 23:56:21,092 RCV reinforcement info
2018-06-11 23:56:21,492 RCV reinforcement info
2018-06-11 23:56:22,216 RF found but not transmitted
2018-06-11 23:56:22,235 RCV reinforcement info
2018-06-11 23:56:22,543 RCV reinforcement info
2018-06-11 23:56:23,061 RCV reinforcement info
2018-06-11 23:56:23,900 RCV reinforcement info
2018-06-11 23:56:24,107 RCV reinforcement info
2018-06-11 23:56:24,257 RCV reinforcement info
2018-06-11 23:56:24,338 RCV reinforcement info
2018-06-11 23:56:27,039 RCV malicious_prop_agreement
2018-06-11 23:56:27,602 RCV reinforcement info
2018-06-11 23:56:28,821 RCV reinforcement info
2018-06-11 23:56:29,654 RCV proposal
2018-06-11 23:56:29,657 appended honest propose 93fe70fc83 on top of c89f225d83
2018-06-11 23:56:29,792 RCV reinforcement
2018-06-11 23:56:29,803 RCV reinforcement
2018-06-11 23:56:29,812 RCV reinforcement
2018-06-11 23:56:29,832 RCV reinforcement
2018-06-11 23:56:29,842 RCV reinforcement
2018-06-11 23:56:29,964 RCV reinforcement info
2018-06-11 23:56:30,034 RCV reinforcement
2018-06-11 23:56:30,112 RCV reinforcement info
2018-06-11 23:56:30,123 RCV reinforcement info
2018-06-11 23:56:30,199 RCV reinforcement
2018-06-11 23:56:30,205 RCV reinforcement
2018-06-11 23:56:31,214 RCV commit
2018-06-11 23:56:31,307 appended honest commit 66063fbdea on top of 93fe70fc83
2018-06-11 23:56:31,379 Weight: 21.589849960011243 #RFs 14
2018-06-11 23:56:31,379 weight: 21.589849960011243
2018-06-11 23:56:31,380 , 21.589849960011243
2018-06-11 23:56:31,577 RCV proposal
2018-06-11 23:56:31,581 appended malicious propose 6c2eb42fbb on top of c89f225d83
2018-06-11 23:56:31,581 REINFORCEMENT SENT state
2018-06-11 23:56:31,582 SNT reinforcement
2018-06-11 23:56:31,656 RCV reinforcement
2018-06-11 23:56:33,092 RCV commit
2018-06-11 23:56:33,117 appended malicious commit 4a74a13fed on top of 6c2eb42fbb
2018-06-11 23:56:33,143 Weight: 19.694562788747195 #RFs 5
2018-06-11 23:56:33,144 weight: 19.694562788747195
2018-06-11 23:56:33,144 , 19.694562788747195
2018-06-11 23:56:33,149 MALICIOUS MINING state
2018-06-11 23:56:33,149 start mining - depth 6
2018-06-11 23:56:33,150 start mining - hash 66063fbdea9f57579c74a485daa4243552fdd0721ef4d5e798d74bb04b128d9d
2018-06-11 23:56:33,154 Hashing frequency: 3276
2018-06-11 23:56:33,391 RCV reinforcement info
2018-06-11 23:56:33,795 RCV reinforcement info
2018-06-11 23:56:33,826 RCV reinforcement info
2018-06-11 23:56:34,661 RCV reinforcement info
2018-06-11 23:56:34,895 RCV reinforcement info
2018-06-11 23:56:35,864 RCV proposal
2018-06-11 23:56:35,869 appended honest propose b4ba1d65b8 on top of 66063fbdea
2018-06-11 23:56:35,970 RCV reinforcement
2018-06-11 23:56:35,980 RCV reinforcement
2018-06-11 23:56:35,989 RCV reinforcement
2018-06-11 23:56:36,010 RCV reinforcement
2018-06-11 23:56:37,108 RF found but not transmitted
2018-06-11 23:56:37,114 RCV reinforcement info
2018-06-11 23:56:37,181 RCV reinforcement
2018-06-11 23:56:37,386 RCV commit
2018-06-11 23:56:37,425 appended honest commit a4fcbee03b on top of b4ba1d65b8
2018-06-11 23:56:37,450 Weight: 23.659192607405863 #RFs 6
2018-06-11 23:56:37,450 weight: 23.659192607405863
2018-06-11 23:56:37,450 , 23.659192607405863
2018-06-11 23:56:37,451 start mining - depth 7
2018-06-11 23:56:37,451 start mining - hash a4fcbee03b81033147a27b3a421b07185a35e84c6f4ebbd1a3f251a365299e33
2018-06-11 23:56:39,042 RCV reinforcement info
2018-06-11 23:56:39,393 RCV reinforcement info
2018-06-11 23:56:40,685 RCV reinforcement info
2018-06-11 23:56:41,319 RCV reinforcement info
2018-06-11 23:56:41,491 RCV reinforcement info
2018-06-11 23:56:42,043 RCV reinforcement info
2018-06-11 23:56:42,224 RCV reinforcement info
2018-06-11 23:56:43,152 RF found but not transmitted
2018-06-11 23:56:43,556 RCV reinforcement info
2018-06-11 23:56:44,077 RCV reinforcement info
2018-06-11 23:56:44,257 RCV reinforcement info
2018-06-11 23:56:44,283 RCV reinforcement info
2018-06-11 23:56:45,013 RCV reinforcement info
2018-06-11 23:56:45,168 RCV reinforcement info
2018-06-11 23:56:45,707 RCV reinforcement info
2018-06-11 23:56:45,949 RCV reinforcement info
2018-06-11 23:56:46,202 RF found but not transmitted
2018-06-11 23:56:46,930 RCV reinforcement info
2018-06-11 23:56:47,192 RCV reinforcement info
2018-06-11 23:56:48,016 RF found but not transmitted
2018-06-11 23:56:48,363 RCV reinforcement info
2018-06-11 23:56:48,364 RF found but not transmitted
2018-06-11 23:56:48,629 RCV reinforcement info
2018-06-11 23:56:49,933 RCV reinforcement info
2018-06-11 23:56:50,309 RCV reinforcement info
2018-06-11 23:56:50,597 RCV reinforcement info
2018-06-11 23:56:51,541 RCV reinforcement info
2018-06-11 23:56:51,579 RCV reinforcement info
2018-06-11 23:56:52,313 RCV reinforcement info
2018-06-11 23:56:52,672 RCV reinforcement info
2018-06-11 23:56:53,364 RF found but not transmitted
2018-06-11 23:56:53,596 RCV reinforcement info
2018-06-11 23:56:55,349 RCV reinforcement info
2018-06-11 23:56:55,745 RCV reinforcement info
2018-06-11 23:56:56,319 RCV reinforcement info
2018-06-11 23:56:56,589 RCV reinforcement info
2018-06-11 23:56:57,448 RCV reinforcement info
2018-06-11 23:56:57,468 RCV reinforcement info
2018-06-11 23:56:57,524 RCV reinforcement info
2018-06-11 23:56:57,804 RCV reinforcement info
2018-06-11 23:56:58,922 RCV reinforcement info
2018-06-11 23:56:59,025 RCV reinforcement info
2018-06-11 23:56:59,330 RCV reinforcement info
2018-06-11 23:57:00,196 RCV reinforcement info
2018-06-11 23:57:00,971 RCV proposal
2018-06-11 23:57:00,975 appended honest propose b879131f39 on top of a4fcbee03b
2018-06-11 23:57:01,107 RCV reinforcement
2018-06-11 23:57:01,123 RCV reinforcement
2018-06-11 23:57:01,136 RCV reinforcement
2018-06-11 23:57:01,143 RCV reinforcement
2018-06-11 23:57:01,165 RCV reinforcement
2018-06-11 23:57:01,177 RCV reinforcement
2018-06-11 23:57:01,303 RF found but not transmitted
2018-06-11 23:57:02,594 RCV commit
2018-06-11 23:57:02,846 appended honest commit 3d25c8726d on top of b879131f39
2018-06-11 23:57:03,085 Weight: 31.303715594991502 #RFs 39
2018-06-11 23:57:03,086 weight: 31.303715594991502
2018-06-11 23:57:03,086 , 31.303715594991502
2018-06-11 23:57:03,089 start mining - depth 8
2018-06-11 23:57:03,090 start mining - hash 3d25c8726d59aa717dd820d0917e4fce00e7f705af13ef569b0f9f470e28d1e4
2018-06-11 23:57:04,333 RCV reinforcement info
2018-06-11 23:57:04,627 RCV reinforcement info
2018-06-11 23:57:05,496 RCV reinforcement info
2018-06-11 23:57:05,497 RF found but not transmitted
2018-06-11 23:57:05,950 RCV reinforcement info
2018-06-11 23:57:06,356 RCV reinforcement info
2018-06-11 23:57:06,421 RCV reinforcement info
2018-06-11 23:57:07,115 RCV reinforcement info
2018-06-11 23:57:07,211 RF found but not transmitted
2018-06-11 23:57:08,351 RCV reinforcement info
2018-06-11 23:57:08,645 RF found but not transmitted
2018-06-11 23:57:08,840 RCV proposal
2018-06-11 23:57:08,844 appended honest propose 499099b39f on top of 3d25c8726d
2018-06-11 23:57:08,983 RCV reinforcement
2018-06-11 23:57:09,000 RCV reinforcement
2018-06-11 23:57:09,008 RCV reinforcement
2018-06-11 23:57:09,027 RCV reinforcement
2018-06-11 23:57:09,317 RCV reinforcement info
2018-06-11 23:57:09,414 RCV reinforcement
2018-06-11 23:57:09,998 RCV reinforcement info
2018-06-11 23:57:10,072 RCV reinforcement
2018-06-11 23:57:10,358 RCV commit
2018-06-11 23:57:10,409 appended honest commit ddb3fa18f9 on top of 499099b39f
2018-06-11 23:57:10,482 Weight: 35.145652766536344 #RFs 9
2018-06-11 23:57:10,482 weight: 35.145652766536344
2018-06-11 23:57:10,482 , 35.145652766536344
2018-06-11 23:57:10,483 start mining - depth 9
2018-06-11 23:57:10,484 start mining - hash ddb3fa18f9b3be57febd79dceb47d76d072da07d21ae2e61907bb0d43107be82
2018-06-11 23:57:10,753 RCV reinforcement info
2018-06-11 23:57:10,899 RCV reinforcement info
2018-06-11 23:57:11,413 RCV reinforcement info
2018-06-11 23:57:11,629 RCV reinforcement info
2018-06-11 23:57:12,019 RCV proposal
2018-06-11 23:57:12,022 appended honest propose 194a272062 on top of ddb3fa18f9
2018-06-11 23:57:12,116 RCV reinforcement
2018-06-11 23:57:12,132 RCV reinforcement
2018-06-11 23:57:12,171 RCV reinforcement
2018-06-11 23:57:12,316 RCV reinforcement info
2018-06-11 23:57:12,382 RCV reinforcement info
2018-06-11 23:57:12,397 RCV reinforcement info
2018-06-11 23:57:12,462 RCV reinforcement
2018-06-11 23:57:12,564 RCV reinforcement
2018-06-11 23:57:12,572 RCV reinforcement
2018-06-11 23:57:12,578 RCV reinforcement info
2018-06-11 23:57:12,677 RCV reinforcement
2018-06-11 23:57:12,821 RCV reinforcement info
2018-06-11 23:57:12,919 RCV reinforcement
2018-06-11 23:57:12,988 RCV reinforcement info
2018-06-11 23:57:13,068 RCV reinforcement
2018-06-11 23:57:13,380 RCV reinforcement info
2018-06-11 23:57:13,540 RCV reinforcement
2018-06-11 23:57:13,592 RCV commit
2018-06-11 23:57:13,652 appended honest commit c22275a9da on top of 194a272062
2018-06-11 23:57:13,716 Weight: 36.87731510067008 #RFs 8
2018-06-11 23:57:13,717 weight: 36.87731510067008
2018-06-11 23:57:13,717 , 36.87731510067008
2018-06-11 23:57:13,722 start mining - depth 10
2018-06-11 23:57:13,723 start mining - hash c22275a9da49b6811fb8111bbb49c32f225f9ee48ac4a091e75128b2e342490f
2018-06-11 23:57:13,859 RCV reinforcement info
2018-06-11 23:57:16,047 RCV reinforcement info
2018-06-11 23:57:18,052 RCV reinforcement info
2018-06-11 23:57:19,311 RCV reinforcement info
2018-06-11 23:57:19,691 RCV reinforcement info
2018-06-11 23:57:21,324 RCV reinforcement info
2018-06-11 23:57:21,878 RCV reinforcement info
2018-06-11 23:57:22,086 RCV reinforcement info
2018-06-11 23:57:23,353 RCV reinforcement info
2018-06-11 23:57:23,605 RCV reinforcement info
2018-06-11 23:57:23,785 RCV reinforcement info
2018-06-11 23:57:24,450 RCV reinforcement info
2018-06-11 23:57:24,859 RCV reinforcement info
2018-06-11 23:57:25,161 RCV malicious_prop_agreement
2018-06-11 23:57:25,799 RCV reinforcement info
2018-06-11 23:57:26,997 RCV reinforcement info
2018-06-11 23:57:27,668 RCV reinforcement info
2018-06-11 23:57:28,399 RCV reinforcement info
2018-06-11 23:57:29,765 RCV reinforcement info
2018-06-11 23:57:29,943 RCV reinforcement info
2018-06-11 23:57:30,061 RCV reinforcement info
2018-06-11 23:57:31,772 RCV reinforcement info
2018-06-11 23:57:32,619 RCV reinforcement info
2018-06-11 23:57:33,800 RCV reinforcement info
2018-06-11 23:57:34,623 RF found but not transmitted
2018-06-11 23:57:35,565 RCV reinforcement info
2018-06-11 23:57:36,600 RCV reinforcement info
2018-06-11 23:57:36,660 RCV reinforcement info
2018-06-11 23:57:36,902 RCV reinforcement info
2018-06-11 23:57:37,363 RCV proposal
2018-06-11 23:57:37,367 appended honest propose eb43a063bf on top of c22275a9da
2018-06-11 23:57:37,541 RCV reinforcement
2018-06-11 23:57:37,549 RCV reinforcement
2018-06-11 23:57:37,556 RCV reinforcement
2018-06-11 23:57:37,576 RCV reinforcement
2018-06-11 23:57:37,599 RCV reinforcement
2018-06-11 23:57:37,639 RCV reinforcement
2018-06-11 23:57:38,324 RCV reinforcement info
2018-06-11 23:57:38,413 RCV reinforcement
2018-06-11 23:57:38,591 RCV reinforcement info
2018-06-11 23:57:38,666 RCV reinforcement
2018-06-11 23:57:38,906 RCV reinforcement info
2018-06-11 23:57:39,039 RCV reinforcement
2018-06-11 23:57:39,131 RCV commit
2018-06-11 23:57:39,371 appended honest commit 7700faa19b on top of eb43a063bf
2018-06-11 23:57:39,735 Weight: 43.82078824847025 #RFs 29
2018-06-11 23:57:39,735 weight: 43.82078824847025
2018-06-11 23:57:39,735 , 43.82078824847025
2018-06-11 23:57:39,922 RCV reinforcement info
2018-06-11 23:57:40,042 RF found but not transmitted
2018-06-11 23:57:40,054 RCV proposal
2018-06-11 23:57:40,059 appended malicious propose dbc6ab1870 on top of c22275a9da
2018-06-11 23:57:40,060 REINFORCEMENT SENT state
2018-06-11 23:57:40,061 SNT reinforcement
2018-06-11 23:57:40,284 RCV reinforcement
2018-06-11 23:57:40,374 RCV reinforcement info
2018-06-11 23:57:41,050 RCV reinforcement
2018-06-11 23:57:41,197 RCV reinforcement info
2018-06-11 23:57:41,595 RCV commit
2018-06-11 23:57:41,693 appended malicious commit 053fd99ac7 on top of dbc6ab1870
2018-06-11 23:57:41,783 Weight: 41.25652478828277 #RFs 15
2018-06-11 23:57:41,783 weight: 41.25652478828277
2018-06-11 23:57:41,783 , 41.25652478828277
2018-06-11 23:57:41,787 MALICIOUS MINING state
2018-06-11 23:57:41,787 start mining - depth 11
2018-06-11 23:57:41,788 start mining - hash 7700faa19b3bac8a508d493900f8db9f20c1d9a17346b937d99c99cad3e239d8
2018-06-11 23:57:41,789 Hashing frequency: 3575
2018-06-11 23:57:45,354 RCV reinforcement info
2018-06-11 23:57:46,990 RCV reinforcement info
2018-06-11 23:57:47,832 RCV reinforcement info
2018-06-11 23:57:48,986 RCV reinforcement info
2018-06-11 23:57:49,860 RCV reinforcement info
2018-06-11 23:57:49,999 RCV reinforcement info
2018-06-11 23:57:50,563 RCV proposal
2018-06-11 23:57:50,567 appended honest propose 542070f90f on top of 7700faa19b
2018-06-11 23:57:50,693 RCV reinforcement
2018-06-11 23:57:50,698 RCV reinforcement
2018-06-11 23:57:50,727 RCV reinforcement
2018-06-11 23:57:50,743 RCV reinforcement
2018-06-11 23:57:50,760 RCV reinforcement
2018-06-11 23:57:50,837 RCV reinforcement info
2018-06-11 23:57:50,916 RCV reinforcement
2018-06-11 23:57:52,129 RCV commit
2018-06-11 23:57:52,232 appended honest commit a9c9431c45 on top of 542070f90f
2018-06-11 23:57:52,281 Weight: 45.92871077839742 #RFs 10
2018-06-11 23:57:52,281 weight: 45.92871077839742
2018-06-11 23:57:52,281 , 45.92871077839742
2018-06-11 23:57:52,287 start mining - depth 12
2018-06-11 23:57:52,287 start mining - hash a9c9431c4579f48a5d196f5bb05c7f6b72feb92164880e2237a5a6237cc722af
2018-06-11 23:57:52,480 RF found but not transmitted
2018-06-11 23:57:52,813 RCV reinforcement info
2018-06-11 23:57:53,113 RCV proposal
2018-06-11 23:57:53,116 appended honest propose 9bd489941f on top of a9c9431c45
2018-06-11 23:57:53,199 RCV reinforcement
2018-06-11 23:57:54,653 RCV commit
2018-06-11 23:57:54,658 appended honest commit 5b3cebed43 on top of 9bd489941f
2018-06-11 23:57:54,673 Weight: 46.99980299427557 #RFs 1
2018-06-11 23:57:54,673 weight: 46.99980299427557
2018-06-11 23:57:54,681 , 46.99980299427557
2018-06-11 23:57:54,682 start mining - depth 13
2018-06-11 23:57:54,682 start mining - hash 5b3cebed43c8e883aa3ed90b3ea5778853be71361e27a04b76239dbfca034668
2018-06-11 23:57:55,553 RCV reinforcement info
2018-06-11 23:57:55,869 RCV reinforcement info
2018-06-11 23:57:56,783 RCV reinforcement info
2018-06-11 23:57:56,933 RCV reinforcement info
2018-06-11 23:57:57,378 RCV reinforcement info
2018-06-11 23:57:57,656 RCV reinforcement info
2018-06-11 23:57:58,223 RF found but not transmitted
2018-06-11 23:57:58,790 RCV reinforcement info
2018-06-11 23:57:59,281 RCV reinforcement info
2018-06-11 23:57:59,595 RF found but not transmitted
2018-06-11 23:58:01,581 RCV reinforcement info
2018-06-11 23:58:02,053 RCV proposal
2018-06-11 23:58:02,056 appended honest propose 31c7e1d7b2 on top of 5b3cebed43
2018-06-11 23:58:02,238 RCV reinforcement
2018-06-11 23:58:02,260 RCV reinforcement
2018-06-11 23:58:02,306 RCV reinforcement
2018-06-11 23:58:02,325 RCV reinforcement
2018-06-11 23:58:02,337 RCV reinforcement
2018-06-11 23:58:03,580 RCV commit
2018-06-11 23:58:03,624 appended honest commit c821ceacdf on top of 31c7e1d7b2
2018-06-11 23:58:03,668 Weight: 50.2249116644054 #RFs 9
2018-06-11 23:58:03,668 weight: 50.2249116644054
2018-06-11 23:58:03,668 , 50.2249116644054
2018-06-11 23:58:03,669 start mining - depth 14
2018-06-11 23:58:03,670 start mining - hash c821ceacdfefde32ef19b02e65fb83c89034bdc7fe3a8fcb72fc096947ebca23
2018-06-11 23:58:04,586 RCV reinforcement info
2018-06-11 23:58:04,658 RCV reinforcement info
2018-06-11 23:58:05,038 RCV reinforcement info
2018-06-11 23:58:06,099 RCV reinforcement info
2018-06-11 23:58:06,327 RCV reinforcement info
2018-06-11 23:58:07,508 RCV reinforcement info
2018-06-11 23:58:09,056 RCV reinforcement info
2018-06-11 23:58:09,176 RCV reinforcement info
2018-06-11 23:58:09,259 RCV proposal
2018-06-11 23:58:09,262 appended honest propose f64a2bfe5d on top of c821ceacdf
2018-06-11 23:58:09,428 RCV reinforcement
2018-06-11 23:58:09,438 RCV reinforcement
2018-06-11 23:58:09,448 RCV reinforcement
2018-06-11 23:58:09,474 RCV reinforcement
2018-06-11 23:58:09,773 RCV reinforcement info
2018-06-11 23:58:09,842 RCV reinforcement
2018-06-11 23:58:10,403 RCV reinforcement info
2018-06-11 23:58:10,474 RCV reinforcement
2018-06-11 23:58:10,784 RCV commit
2018-06-11 23:58:10,918 appended honest commit 03c2ed6cf3 on top of f64a2bfe5d
2018-06-11 23:58:10,957 Weight: 52.31493720018616 #RFs 9
2018-06-11 23:58:10,957 weight: 52.31493720018616
2018-06-11 23:58:10,981 , 52.31493720018616
2018-06-11 23:58:10,991 start mining - depth 15
2018-06-11 23:58:10,992 start mining - hash 03c2ed6cf3df2a203d694a06d9c4293986ded43edf2ceabe22bb3ffa0e945dab
2018-06-11 23:58:12,049 RCV reinforcement info
2018-06-11 23:58:12,113 RCV reinforcement info
2018-06-11 23:58:13,410 RCV reinforcement info
2018-06-11 23:58:14,386 RCV reinforcement info
2018-06-11 23:58:14,424 RCV reinforcement info
2018-06-11 23:58:14,463 RCV reinforcement info
2018-06-11 23:58:16,228 RCV reinforcement info
2018-06-11 23:58:17,117 RCV reinforcement info
2018-06-11 23:58:18,104 RCV reinforcement info
2018-06-11 23:58:18,506 RCV reinforcement info
2018-06-11 23:58:18,697 RCV reinforcement info
2018-06-11 23:58:18,929 RCV reinforcement info
2018-06-11 23:58:19,926 RCV reinforcement info
2018-06-11 23:58:20,129 RCV reinforcement info
2018-06-11 23:58:20,689 RCV reinforcement info
2018-06-11 23:58:21,157 RF found but not transmitted
2018-06-11 23:58:22,023 RCV reinforcement info
2018-06-11 23:58:24,194 RCV proposal
2018-06-11 23:58:24,197 appended honest propose 281549a97f on top of 03c2ed6cf3
2018-06-11 23:58:24,382 RCV reinforcement
2018-06-11 23:58:24,413 RCV reinforcement
2018-06-11 23:58:24,417 RCV reinforcement
2018-06-11 23:58:24,431 RCV reinforcement
2018-06-11 23:58:24,435 RCV reinforcement
2018-06-11 23:58:24,438 RCV reinforcement
2018-06-11 23:58:24,802 RCV reinforcement info
2018-06-11 23:58:24,882 RCV reinforcement
2018-06-11 23:58:25,286 RCV reinforcement info
2018-06-11 23:58:25,350 RCV reinforcement
2018-06-11 23:58:25,763 RCV commit
2018-06-11 23:58:25,873 appended honest commit ece2cf638e on top of 281549a97f
2018-06-11 23:58:25,988 Weight: 57.755370111408034 #RFs 18
2018-06-11 23:58:25,989 weight: 57.755370111408034
2018-06-11 23:58:26,010 , 57.755370111408034
2018-06-11 23:58:26,012 start mining - depth 16
2018-06-11 23:58:26,012 start mining - hash ece2cf638e0aee702cfdc30fd4d4382bc5f0f04e20c3ae557cb0d35dabb99405
2018-06-11 23:58:26,051 RF found but not transmitted
2018-06-11 23:58:26,203 RCV reinforcement info
2018-06-11 23:58:27,642 RCV reinforcement info
2018-06-11 23:58:28,164 RCV malicious_prop_agreement
2018-06-11 23:58:28,198 RCV reinforcement info
2018-06-11 23:58:28,386 RCV reinforcement info
2018-06-11 23:58:28,564 RCV reinforcement info
2018-06-11 23:58:28,843 RCV reinforcement info
2018-06-11 23:58:28,974 RCV reinforcement info
2018-06-11 23:58:29,637 RCV reinforcement info
2018-06-11 23:58:30,684 RCV reinforcement info
2018-06-11 23:58:31,691 RCV reinforcement info
2018-06-11 23:58:31,890 RCV reinforcement info
2018-06-11 23:58:32,294 RCV reinforcement info
2018-06-11 23:58:32,331 RCV reinforcement info
2018-06-11 23:58:33,618 RCV reinforcement info
2018-06-11 23:58:34,127 RCV reinforcement info
2018-06-11 23:58:35,835 RCV reinforcement info
2018-06-11 23:58:35,940 RCV reinforcement info
2018-06-11 23:58:37,607 RCV reinforcement info
2018-06-11 23:58:37,803 RCV reinforcement info
2018-06-11 23:58:40,062 RCV reinforcement info
2018-06-11 23:58:40,416 RCV reinforcement info
2018-06-11 23:58:41,977 RCV reinforcement info
2018-06-11 23:58:42,100 RCV reinforcement info
2018-06-11 23:58:43,662 RF found but not transmitted
2018-06-11 23:58:46,434 RCV reinforcement info
2018-06-11 23:58:47,227 RCV reinforcement info
2018-06-11 23:58:48,425 RCV reinforcement info
2018-06-11 23:58:48,494 RCV reinforcement info
2018-06-11 23:58:48,682 RCV proposal
2018-06-11 23:58:48,707 appended honest propose a826daec87 on top of ece2cf638e
2018-06-11 23:58:48,844 RCV reinforcement
2018-06-11 23:58:48,861 RCV reinforcement
2018-06-11 23:58:48,865 RCV reinforcement
2018-06-11 23:58:48,880 RCV reinforcement
2018-06-11 23:58:48,903 RCV reinforcement
2018-06-11 23:58:48,911 RCV reinforcement
2018-06-11 23:58:50,265 RCV commit
2018-06-11 23:58:50,577 appended honest commit db4afbfff7 on top of a826daec87
2018-06-11 23:58:50,800 Weight: 62.989789444747494 #RFs 27
2018-06-11 23:58:50,800 weight: 62.989789444747494
2018-06-11 23:58:50,801 , 62.989789444747494
2018-06-11 23:58:51,000 RCV proposal
2018-06-11 23:58:51,019 appended malicious propose a8c1083dcc on top of ece2cf638e
2018-06-11 23:58:51,020 REINFORCEMENT SENT state
2018-06-11 23:58:51,021 SNT reinforcement
2018-06-11 23:58:51,104 RCV reinforcement
2018-06-11 23:58:51,885 RCV reinforcement info
2018-06-11 23:58:52,183 RCV reinforcement
2018-06-11 23:58:52,530 RCV commit
2018-06-11 23:58:52,603 appended malicious commit f960979d46 on top of a8c1083dcc
2018-06-11 23:58:52,702 Weight: 61.994973755375725 #RFs 10
2018-06-11 23:58:52,702 weight: 61.994973755375725
2018-06-11 23:58:52,702 , 61.994973755375725
2018-06-11 23:58:52,706 MALICIOUS MINING state
2018-06-11 23:58:52,707 start mining - depth 17
2018-06-11 23:58:52,709 start mining - hash db4afbfff799ce00f7d931cd41baf8bf2e2a238f4036fe0cf9cfb485e6fa5769
2018-06-11 23:58:52,713 Hashing frequency: 3694
2018-06-11 23:58:53,453 RCV proposal
2018-06-11 23:58:53,456 appended honest propose 78fd243bce on top of db4afbfff7
2018-06-11 23:58:53,523 RCV reinforcement
2018-06-11 23:58:53,890 RCV reinforcement info
2018-06-11 23:58:53,982 RCV reinforcement
2018-06-11 23:58:54,071 RF found but not transmitted
2018-06-11 23:58:54,102 RCV reinforcement info
2018-06-11 23:58:54,177 RCV reinforcement
2018-06-11 23:58:54,980 RCV commit
2018-06-11 23:58:55,005 appended honest commit 85f53412d9 on top of 78fd243bce
2018-06-11 23:58:55,013 Weight: 64.2770786762367 #RFs 2
2018-06-11 23:58:55,013 weight: 64.2770786762367
2018-06-11 23:58:55,020 , 64.2770786762367
2018-06-11 23:58:55,023 start mining - depth 18
2018-06-11 23:58:55,024 start mining - hash 85f53412d95a83391ccfd54c4902a38481f33e9c270b36e92b60f57512caed30
2018-06-11 23:58:55,658 RCV reinforcement info
2018-06-11 23:58:55,733 RCV reinforcement info
2018-06-11 23:58:56,123 RCV reinforcement info
2018-06-11 23:58:56,300 RCV reinforcement info
2018-06-11 23:58:57,168 RF found but not transmitted
2018-06-11 23:58:57,596 RCV reinforcement info
2018-06-11 23:58:57,994 RCV reinforcement info
2018-06-11 23:58:58,116 RF found but not transmitted
2018-06-11 23:58:58,195 RCV reinforcement info
2018-06-11 23:58:58,864 RCV reinforcement info
2018-06-11 23:58:59,155 RCV reinforcement info
2018-06-11 23:58:59,560 RF found but not transmitted
2018-06-11 23:58:59,722 RCV reinforcement info
2018-06-11 23:59:00,391 RCV reinforcement info
2018-06-11 23:59:00,455 RCV reinforcement info
2018-06-11 23:59:01,513 RCV reinforcement info
2018-06-11 23:59:03,106 RCV reinforcement info
2018-06-11 23:59:03,471 RCV reinforcement info
2018-06-11 23:59:04,180 RCV malicious_prop_agreement
2018-06-11 23:59:04,222 RCV reinforcement info
2018-06-11 23:59:06,327 RCV reinforcement info
2018-06-11 23:59:06,467 RCV reinforcement info
2018-06-11 23:59:07,853 RCV reinforcement info
2018-06-11 23:59:08,445 RCV reinforcement info
2018-06-11 23:59:08,544 RCV reinforcement info
2018-06-11 23:59:10,189 RCV reinforcement info
2018-06-11 23:59:10,738 RCV reinforcement info
2018-06-11 23:59:10,967 RCV reinforcement info
2018-06-11 23:59:12,108 RF found but not transmitted
2018-06-11 23:59:12,660 RCV reinforcement info
2018-06-11 23:59:13,143 RCV reinforcement info
2018-06-11 23:59:13,825 RCV reinforcement info
2018-06-11 23:59:13,963 RCV proposal
2018-06-11 23:59:13,966 appended honest propose cdeb0b6547 on top of 85f53412d9
2018-06-11 23:59:14,075 RCV reinforcement
2018-06-11 23:59:14,093 RCV reinforcement
2018-06-11 23:59:14,109 RCV reinforcement
2018-06-11 23:59:14,135 RCV reinforcement
2018-06-11 23:59:14,144 RCV reinforcement
2018-06-11 23:59:14,161 RCV reinforcement
2018-06-11 23:59:15,559 RCV commit
2018-06-11 23:59:15,721 appended honest commit 06be9db1a2 on top of cdeb0b6547
2018-06-11 23:59:15,890 Weight: 70.26194265610043 #RFs 27
2018-06-11 23:59:15,890 weight: 70.26194265610043
2018-06-11 23:59:15,890 , 70.26194265610043
2018-06-11 23:59:16,022 RCV proposal
2018-06-11 23:59:16,026 appended malicious propose fb5580792f on top of 85f53412d9
2018-06-11 23:59:16,026 REINFORCEMENT SENT state
2018-06-11 23:59:16,027 SNT reinforcement
2018-06-11 23:59:16,096 RCV reinforcement
2018-06-11 23:59:17,159 RCV reinforcement info
2018-06-11 23:59:17,268 RCV reinforcement info
2018-06-11 23:59:17,498 RCV reinforcement info
2018-06-11 23:59:17,557 RCV commit
2018-06-11 23:59:17,598 appended malicious commit 30d95df0a0 on top of fb5580792f
2018-06-11 23:59:17,636 Weight: 67.65611675362808 #RFs 10
2018-06-11 23:59:17,636 weight: 67.65611675362808
2018-06-11 23:59:17,637 , 67.65611675362808
2018-06-11 23:59:17,637 MALICIOUS MINING state
2018-06-11 23:59:17,637 start mining - depth 19
2018-06-11 23:59:17,638 start mining - hash 06be9db1a26540fc6d356928a229a0d715716fb5fcfbb832f07d120418edc1c7
2018-06-11 23:59:17,747 RCV proposal
2018-06-11 23:59:17,750 appended honest propose 4191760166 on top of 06be9db1a2
2018-06-11 23:59:17,824 RCV reinforcement
2018-06-11 23:59:17,858 RCV reinforcement
2018-06-11 23:59:18,120 RCV reinforcement info
2018-06-11 23:59:18,184 RCV reinforcement
2018-06-11 23:59:18,834 RCV reinforcement info
2018-06-11 23:59:18,895 RCV reinforcement
2018-06-11 23:59:19,251 RCV commit
2018-06-11 23:59:19,288 appended honest commit 37331e3cb2 on top of 4191760166
2018-06-11 23:59:19,326 Weight: 72.3759227306446 #RFs 5
2018-06-11 23:59:19,327 weight: 72.3759227306446
2018-06-11 23:59:19,328 , 72.3759227306446
2018-06-11 23:59:19,329 start mining - depth 20
2018-06-11 23:59:19,329 start mining - hash 37331e3cb258a25bf30367d759c739927997d3171bb002fe0c82bacd71612080
2018-06-11 23:59:19,925 RCV reinforcement info
2018-06-11 23:59:20,063 RCV reinforcement info
2018-06-11 23:59:20,659 RCV reinforcement info
2018-06-11 23:59:20,894 RCV reinforcement info
2018-06-11 23:59:21,089 RCV reinforcement info
2018-06-11 23:59:21,132 RCV reinforcement info
2018-06-11 23:59:23,062 RCV reinforcement info
2018-06-11 23:59:23,915 RCV reinforcement info
2018-06-11 23:59:24,255 RCV reinforcement info
2018-06-11 23:59:24,381 RF found but not transmitted
2018-06-11 23:59:25,018 RCV reinforcement info
2018-06-11 23:59:25,221 RCV reinforcement info
2018-06-11 23:59:26,196 RCV reinforcement info
2018-06-11 23:59:26,277 RCV reinforcement info
2018-06-11 23:59:26,366 RCV reinforcement info
2018-06-11 23:59:26,392 RCV reinforcement info
2018-06-11 23:59:26,821 RCV reinforcement info
2018-06-11 23:59:29,269 RCV proposal
2018-06-11 23:59:29,272 appended honest propose 8dbdcfcbeb on top of 37331e3cb2
2018-06-11 23:59:29,395 RCV reinforcement
2018-06-11 23:59:29,408 RCV reinforcement
2018-06-11 23:59:29,429 RCV reinforcement
2018-06-11 23:59:29,452 RCV reinforcement
2018-06-11 23:59:29,471 RCV reinforcement
2018-06-11 23:59:30,540 RCV reinforcement info
2018-06-11 23:59:30,623 RCV reinforcement
2018-06-11 23:59:30,858 RCV commit
2018-06-11 23:59:30,962 appended honest commit 318adb702c on top of 8dbdcfcbeb
2018-06-11 23:59:31,041 Weight: 76.73293777223614 #RFs 17
2018-06-11 23:59:31,042 weight: 76.73293777223614
2018-06-11 23:59:31,057 , 76.73293777223614
2018-06-11 23:59:31,067 start mining - depth 21
2018-06-11 23:59:31,068 start mining - hash 318adb702c0f12f7daf92d3e240f8495b41e9684218d6caf68964d2ad74ffe0d
2018-06-11 23:59:31,427 RCV reinforcement info
2018-06-11 23:59:31,816 RCV reinforcement info
2018-06-11 23:59:31,978 RCV reinforcement info
2018-06-11 23:59:32,775 RCV reinforcement info
2018-06-11 23:59:32,907 RCV reinforcement info
2018-06-11 23:59:33,344 RCV proposal
2018-06-11 23:59:33,347 appended honest propose 5b9ebd8f1e on top of 318adb702c
2018-06-11 23:59:33,440 RCV reinforcement
2018-06-11 23:59:33,461 RCV reinforcement
2018-06-11 23:59:33,497 RCV reinforcement
2018-06-11 23:59:33,527 RCV reinforcement info
2018-06-11 23:59:33,617 RCV reinforcement
2018-06-11 23:59:34,893 RCV commit
2018-06-11 23:59:34,950 appended honest commit de12d5ad47 on top of 5b9ebd8f1e
2018-06-11 23:59:34,975 Weight: 78.41721867527922 #RFs 6
2018-06-11 23:59:34,975 weight: 78.41721867527922
2018-06-11 23:59:34,983 , 78.41721867527922
2018-06-11 23:59:34,984 start mining - depth 22
2018-06-11 23:59:34,985 start mining - hash de12d5ad470169d9da8b346e5909d865664aa7449bc36bc0a17f52bb948e9dd5
2018-06-11 23:59:35,182 RCV reinforcement info
2018-06-11 23:59:36,232 RCV reinforcement info
2018-06-11 23:59:36,612 RCV reinforcement info
2018-06-11 23:59:36,817 RF found but not transmitted
2018-06-11 23:59:36,849 RCV reinforcement info
2018-06-11 23:59:36,971 RCV reinforcement info
2018-06-11 23:59:37,033 RCV reinforcement info
2018-06-11 23:59:37,338 RCV reinforcement info
2018-06-11 23:59:38,266 RCV reinforcement info
2018-06-11 23:59:38,349 RCV reinforcement info
2018-06-11 23:59:38,501 RCV malicious_prop_agreement
2018-06-11 23:59:38,741 RF found but not transmitted
2018-06-11 23:59:39,332 RCV reinforcement info
2018-06-11 23:59:39,346 RF found but not transmitted
2018-06-11 23:59:39,558 RCV reinforcement info
2018-06-11 23:59:39,827 RCV reinforcement info
2018-06-11 23:59:40,802 RCV reinforcement info
2018-06-11 23:59:41,196 RCV reinforcement info
2018-06-11 23:59:41,700 RCV reinforcement info
2018-06-11 23:59:42,041 RCV reinforcement info
2018-06-11 23:59:42,235 RF found but not transmitted
2018-06-11 23:59:42,768 RCV reinforcement info
2018-06-11 23:59:43,957 RCV reinforcement info
2018-06-11 23:59:44,468 RCV reinforcement info
2018-06-11 23:59:45,480 RF found but not transmitted
2018-06-11 23:59:45,711 RF found but not transmitted
2018-06-11 23:59:46,403 RCV reinforcement info
2018-06-11 23:59:46,942 RCV reinforcement info
2018-06-11 23:59:47,903 RCV reinforcement info
2018-06-11 23:59:49,251 RF found but not transmitted
2018-06-11 23:59:49,727 RCV reinforcement info
2018-06-11 23:59:51,081 RCV proposal
2018-06-11 23:59:51,084 appended honest propose 459db3ad27 on top of de12d5ad47
2018-06-11 23:59:51,227 RCV reinforcement
2018-06-11 23:59:51,239 RCV reinforcement
2018-06-11 23:59:51,266 RCV reinforcement
2018-06-11 23:59:51,275 RCV reinforcement
2018-06-11 23:59:51,302 RCV reinforcement
2018-06-11 23:59:52,117 RCV reinforcement info
2018-06-11 23:59:52,239 RCV reinforcement
2018-06-11 23:59:52,672 RCV commit
2018-06-11 23:59:52,850 appended honest commit f2f712c044 on top of 459db3ad27
2018-06-11 23:59:52,966 Weight: 82.38990584508275 #RFs 24
2018-06-11 23:59:52,967 weight: 82.38990584508275
2018-06-11 23:59:52,967 , 82.38990584508275
2018-06-11 23:59:53,160 RCV proposal
2018-06-11 23:59:53,165 appended malicious propose 990b5f0c61 on top of de12d5ad47
2018-06-11 23:59:53,165 REINFORCEMENT SENT state
2018-06-11 23:59:53,167 SNT reinforcement
2018-06-11 23:59:53,293 RCV reinforcement
2018-06-11 23:59:54,210 RCV reinforcement info
2018-06-11 23:59:54,692 RCV commit
2018-06-11 23:59:54,746 appended malicious commit af7e9d65f4 on top of 990b5f0c61
2018-06-11 23:59:54,809 Weight: 83.74299264394732 #RFs 11
2018-06-11 23:59:54,809 weight: 83.74299264394732
2018-06-11 23:59:54,810 , 83.74299264394732
2018-06-11 23:59:54,814 MALICIOUS MINING state
2018-06-11 23:59:54,814 start mining - depth 23
2018-06-11 23:59:54,814 start mining - hash af7e9d65f4747e23848b99883dbef98b20dc3688bc5323ffe3995d557e27a08e
2018-06-11 23:59:54,815 Hashing frequency: 3210
2018-06-11 23:59:55,928 RCV reinforcement info
2018-06-11 23:59:55,931 RCV reinforcement info
2018-06-11 23:59:56,891 RF found but not transmitted
2018-06-11 23:59:57,181 RCV reinforcement info
2018-06-11 23:59:58,140 RCV reinforcement info
2018-06-11 23:59:58,411 RCV reinforcement info
2018-06-11 23:59:58,440 RCV reinforcement info
2018-06-11 23:59:58,503 RCV reinforcement info
2018-06-11 23:59:59,658 RCV proposal
2018-06-11 23:59:59,662 appended honest propose 9df3173271 on top of af7e9d65f4
2018-06-11 23:59:59,805 RCV reinforcement
2018-06-11 23:59:59,828 RCV reinforcement
2018-06-11 23:59:59,839 RCV reinforcement
2018-06-11 23:59:59,842 RCV reinforcement
2018-06-11 23:59:59,869 RCV reinforcement
2018-06-12 00:00:00,685 RCV reinforcement info
2018-06-12 00:00:00,798 RCV reinforcement
2018-06-12 00:00:01,209 RCV commit
2018-06-12 00:00:01,281 appended honest commit ae2a64b454 on top of 9df3173271
2018-06-12 00:00:01,342 Weight: 85.78928167540724 #RFs 8
2018-06-12 00:00:01,343 weight: 85.78928167540724
2018-06-12 00:00:01,343 , 85.78928167540724
2018-06-12 00:00:01,350 start mining - depth 24
2018-06-12 00:00:01,351 start mining - hash ae2a64b45480f34ce0893d2857c370d0eace13b17e92b0e3392af8d6f12b0243
2018-06-12 00:00:02,187 RCV reinforcement info
2018-06-12 00:00:02,298 RF found but not transmitted
2018-06-12 00:00:02,300 hash found
2018-06-12 00:00:02,301 SNT malicious_proposal_agreement
2018-06-12 00:00:03,464 RCV reinforcement info
2018-06-12 00:00:03,552 RCV reinforcement info
2018-06-12 00:00:03,791 RCV reinforcement info
2018-06-12 00:00:05,140 RCV reinforcement info
2018-06-12 00:00:05,838 RCV reinforcement info
2018-06-12 00:00:06,056 RCV reinforcement info
2018-06-12 00:00:06,230 RCV reinforcement info
2018-06-12 00:00:07,336 RCV reinforcement info
2018-06-12 00:00:08,563 RCV reinforcement info
2018-06-12 00:00:09,582 RCV reinforcement info
2018-06-12 00:00:09,913 RF found but not transmitted
2018-06-12 00:00:11,113 RCV reinforcement info
2018-06-12 00:00:12,422 RCV reinforcement info
2018-06-12 00:00:12,857 RCV reinforcement info
2018-06-12 00:00:12,956 RCV reinforcement info
2018-06-12 00:00:12,993 RCV reinforcement info
2018-06-12 00:00:13,250 RCV reinforcement info
2018-06-12 00:00:14,295 RCV reinforcement info
2018-06-12 00:00:14,327 RCV reinforcement info
2018-06-12 00:00:14,399 RCV reinforcement info
2018-06-12 00:00:14,713 RCV reinforcement info
2018-06-12 00:00:15,615 RCV reinforcement info
2018-06-12 00:00:16,070 RCV reinforcement info
2018-06-12 00:00:16,733 RCV reinforcement info
2018-06-12 00:00:16,895 RCV reinforcement info
2018-06-12 00:00:17,844 RCV reinforcement info
2018-06-12 00:00:19,391 RCV reinforcement info
2018-06-12 00:00:19,419 RCV reinforcement info
2018-06-12 00:00:21,048 RF found but not transmitted
2018-06-12 00:00:21,340 RF found but not transmitted
2018-06-12 00:00:21,423 RCV reinforcement info
2018-06-12 00:00:21,646 RCV reinforcement info
2018-06-12 00:00:21,663 RCV reinforcement info
2018-06-12 00:00:23,843 RCV proposal
2018-06-12 00:00:23,846 appended honest propose a0054ab40e on top of ae2a64b454
2018-06-12 00:00:24,014 RCV reinforcement
2018-06-12 00:00:24,040 RCV reinforcement
2018-06-12 00:00:24,045 RCV reinforcement
2018-06-12 00:00:24,052 RCV reinforcement
2018-06-12 00:00:24,065 RCV reinforcement
2018-06-12 00:00:24,074 RCV reinforcement
2018-06-12 00:00:24,311 RCV reinforcement info
2018-06-12 00:00:24,354 RF found but not transmitted
2018-06-12 00:00:24,392 RCV reinforcement
2018-06-12 00:00:25,451 RCV commit
2018-06-12 00:00:25,693 appended honest commit b1bd5cffc6 on top of a0054ab40e
2018-06-12 00:00:25,912 Weight: 92.80649198276043 #RFs 32
2018-06-12 00:00:25,912 weight: 92.80649198276043
2018-06-12 00:00:25,912 , 92.80649198276043
2018-06-12 00:00:25,921 appended malicious propose 57301f6128 on top of ae2a64b454
2018-06-12 00:00:25,921 REINFORCEMENT COLLECTING state
2018-06-12 00:00:26,079 SNT proposal
2018-06-12 00:00:26,227 RCV reinforcement info
2018-06-12 00:00:26,308 RCV reinforcement
2018-06-12 00:00:26,320 RCV reinforcement
2018-06-12 00:00:26,645 RCV reinforcement info
2018-06-12 00:00:27,067 RCV reinforcement info
2018-06-12 00:00:27,585 commit with 3 reinforcements
2018-06-12 00:00:27,618 appended malicious commit d51641870d on top of 57301f6128
2018-06-12 00:00:27,647 Weight: 90.72448140065198 #RFs 19
2018-06-12 00:00:27,647 weight: 90.72448140065198
2018-06-12 00:00:27,647 , 90.72448140065198
2018-06-12 00:00:27,649 MALICIOUS MINING state
2018-06-12 00:00:27,649 start mining - depth 25
2018-06-12 00:00:27,650 start mining - hash b1bd5cffc66d590ca23513d910730fac61b2fd10eeb4d392d56595b45eb157dd
2018-06-12 00:00:27,650 SNT commit
2018-06-12 00:00:30,180 RCV reinforcement info
2018-06-12 00:00:30,366 RCV reinforcement info
2018-06-12 00:00:30,553 RCV reinforcement info
2018-06-12 00:00:31,082 RF found but not transmitted
2018-06-12 00:00:31,794 RCV reinforcement info
2018-06-12 00:00:32,489 RCV reinforcement info
2018-06-12 00:00:33,410 RCV reinforcement info
2018-06-12 00:00:34,776 RCV reinforcement info
2018-06-12 00:00:35,092 RCV reinforcement info
2018-06-12 00:00:35,286 RCV reinforcement info
2018-06-12 00:00:35,615 RCV reinforcement info
2018-06-12 00:00:36,080 RCV reinforcement info
2018-06-12 00:00:36,125 RCV reinforcement info
2018-06-12 00:00:36,271 RCV reinforcement info
2018-06-12 00:00:38,031 RCV reinforcement info
2018-06-12 00:00:38,283 RF found but not transmitted
2018-06-12 00:00:38,454 RCV reinforcement info
2018-06-12 00:00:38,478 RCV reinforcement info
2018-06-12 00:00:40,650 RCV reinforcement info
2018-06-12 00:00:40,930 RF found but not transmitted
2018-06-12 00:00:42,059 RCV reinforcement info
2018-06-12 00:00:42,944 RCV reinforcement info
2018-06-12 00:00:43,435 RF found but not transmitted
2018-06-12 00:00:44,003 RCV reinforcement info
2018-06-12 00:00:44,322 RCV reinforcement info
2018-06-12 00:00:45,031 RCV reinforcement info
2018-06-12 00:00:45,170 RCV reinforcement info
2018-06-12 00:00:47,285 RCV proposal
2018-06-12 00:00:47,289 appended honest propose d89bd9f280 on top of b1bd5cffc6
2018-06-12 00:00:47,562 RCV reinforcement
2018-06-12 00:00:47,679 RCV reinforcement
2018-06-12 00:00:47,705 RCV reinforcement
2018-06-12 00:00:47,749 RCV reinforcement
2018-06-12 00:00:47,847 RCV reinforcement
2018-06-12 00:00:47,863 RCV reinforcement
2018-06-12 00:00:47,912 RF found but not transmitted
2018-06-12 00:00:48,834 RCV reinforcement info
2018-06-12 00:00:48,954 RCV reinforcement
2018-06-12 00:00:49,093 RCV reinforcement info
2018-06-12 00:00:49,116 RCV commit
2018-06-12 00:00:49,372 appended honest commit 2eb7a14f62 on top of d89bd9f280
2018-06-12 00:00:49,588 Weight: 98.99526848138028 #RFs 26
2018-06-12 00:00:49,588 weight: 98.99526848138028
2018-06-12 00:00:49,589 , 98.99526848138028
2018-06-12 00:00:49,592 start mining - depth 26
2018-06-12 00:00:49,595 start mining - hash 2eb7a14f623534fb388ad31a8737e06b748733664ba81ce26d0cde62bb2a29d6
2018-06-12 00:00:49,601 RCV reinforcement
2018-06-12 00:00:50,745 RCV proposal
2018-06-12 00:00:50,748 appended honest propose a8cab43428 on top of 2eb7a14f62
