2018-06-11 23:55:29,796 ---------------------------------------------------------
2018-06-11 23:55:29,797 MALICIOUS MINING state
2018-06-11 23:55:30,831 start mining - depth 0
2018-06-11 23:55:30,832 start mining - hash 4eb336308822f4797bc001e94bf8f486296daee14aac9b92af3e44204de4f9a8
2018-06-11 23:55:31,678 RCV reinforcement info
2018-06-11 23:55:32,777 RCV reinforcement info
2018-06-11 23:55:33,686 RCV reinforcement info
2018-06-11 23:55:33,782 RCV reinforcement info
2018-06-11 23:55:34,977 RCV reinforcement info
2018-06-11 23:55:36,419 RCV reinforcement info
2018-06-11 23:55:36,838 RCV reinforcement info
2018-06-11 23:55:37,054 RCV reinforcement info
2018-06-11 23:55:37,386 RCV reinforcement info
2018-06-11 23:55:38,073 RCV reinforcement info
2018-06-11 23:55:38,549 RCV reinforcement info
2018-06-11 23:55:39,413 RCV reinforcement info
2018-06-11 23:55:39,612 RCV reinforcement info
2018-06-11 23:55:39,873 RCV reinforcement info
2018-06-11 23:55:42,471 RCV reinforcement info
2018-06-11 23:55:42,527 RF found but not transmitted
2018-06-11 23:55:42,719 RCV reinforcement info
2018-06-11 23:55:43,221 RCV reinforcement info
2018-06-11 23:55:44,120 RCV reinforcement info
2018-06-11 23:55:44,271 RCV reinforcement info
2018-06-11 23:55:44,468 RF found but not transmitted
2018-06-11 23:55:45,396 RCV reinforcement info
2018-06-11 23:55:45,788 RCV malicious_prop_agreement
2018-06-11 23:55:46,039 RCV reinforcement info
2018-06-11 23:55:46,120 RCV reinforcement info
2018-06-11 23:55:46,189 RCV proposal
2018-06-11 23:55:46,192 appended honest propose 90e10ee2a7 on top of 4eb3363088
2018-06-11 23:55:46,285 RCV reinforcement
2018-06-11 23:55:46,297 RCV reinforcement
2018-06-11 23:55:46,301 RCV reinforcement
2018-06-11 23:55:46,307 RCV reinforcement
2018-06-11 23:55:46,376 RCV reinforcement
2018-06-11 23:55:46,666 RCV reinforcement info
2018-06-11 23:55:46,731 RCV reinforcement
2018-06-11 23:55:46,785 RCV reinforcement info
2018-06-11 23:55:46,852 RCV reinforcement
2018-06-11 23:55:47,265 RCV reinforcement info
2018-06-11 23:55:47,322 RCV reinforcement
2018-06-11 23:55:47,780 RCV commit
2018-06-11 23:55:47,907 appended honest commit 20bd74170d on top of 90e10ee2a7
2018-06-11 23:55:48,074 Weight: 5.571173984273064 #RFs 25
2018-06-11 23:55:48,074 weight: 5.571173984273064
2018-06-11 23:55:48,078 , 5.571173984273064
2018-06-11 23:55:48,168 RCV reinforcement info
2018-06-11 23:55:48,258 RCV proposal
2018-06-11 23:55:48,260 appended malicious propose a87609c0e0 on top of 4eb3363088
2018-06-11 23:55:48,261 REINFORCEMENT SENT state
2018-06-11 23:55:48,262 SNT reinforcement
2018-06-11 23:55:48,342 RCV reinforcement
2018-06-11 23:55:48,569 RCV reinforcement info
2018-06-11 23:55:49,789 RCV reinforcement
2018-06-11 23:55:49,854 RCV reinforcement info
2018-06-11 23:55:49,871 RCV commit
2018-06-11 23:55:49,952 appended malicious commit c6b1072cb0 on top of a87609c0e0
2018-06-11 23:55:49,990 Weight: 3.3720213921530764 #RFs 11
2018-06-11 23:55:49,990 weight: 3.3720213921530764
2018-06-11 23:55:49,991 , 3.3720213921530764
2018-06-11 23:55:49,992 MALICIOUS MINING state
2018-06-11 23:55:49,992 start mining - depth 1
2018-06-11 23:55:49,992 start mining - hash 20bd74170dfcb7fca4207b8acc4edba512fd7a4ac7cffcb28ab0cc7cd036b5f5
2018-06-11 23:55:50,257 RCV reinforcement info
2018-06-11 23:55:50,342 RCV reinforcement info
2018-06-11 23:55:51,399 RCV reinforcement info
2018-06-11 23:55:51,587 RCV reinforcement info
2018-06-11 23:55:52,400 RCV reinforcement info
2018-06-11 23:55:52,856 RCV reinforcement info
2018-06-11 23:55:52,945 RCV reinforcement info
2018-06-11 23:55:53,614 RCV reinforcement info
2018-06-11 23:55:54,133 RCV proposal
2018-06-11 23:55:54,137 appended honest propose 1358b2eee5 on top of 20bd74170d
2018-06-11 23:55:54,419 RCV reinforcement
2018-06-11 23:55:54,428 RCV reinforcement
2018-06-11 23:55:54,462 RCV reinforcement
2018-06-11 23:55:54,477 RCV reinforcement
2018-06-11 23:55:54,482 RCV reinforcement
2018-06-11 23:55:54,489 RCV reinforcement
2018-06-11 23:55:54,726 RCV reinforcement info
2018-06-11 23:55:54,808 RCV reinforcement info
2018-06-11 23:55:54,891 RCV reinforcement
2018-06-11 23:55:54,928 RCV reinforcement
2018-06-11 23:55:55,212 RF found but not transmitted
2018-06-11 23:55:55,298 RCV reinforcement info
2018-06-11 23:55:55,372 RCV reinforcement
2018-06-11 23:55:55,686 RCV commit
2018-06-11 23:55:55,771 appended honest commit 2eaa439d5a on top of 1358b2eee5
2018-06-11 23:55:55,867 Weight: 9.910445884917726 #RFs 14
2018-06-11 23:55:55,867 weight: 9.910445884917726
2018-06-11 23:55:55,868 , 9.910445884917726
2018-06-11 23:55:55,874 start mining - depth 2
2018-06-11 23:55:55,874 start mining - hash 2eaa439d5ab5747cd2cb05db22af8b080e6d818fb7f7efbcee2b6b9504b59f4b
2018-06-11 23:55:56,457 RCV reinforcement info
2018-06-11 23:55:56,808 RCV reinforcement info
2018-06-11 23:55:58,340 RCV proposal
2018-06-11 23:55:58,343 appended honest propose b80a534f93 on top of 2eaa439d5a
2018-06-11 23:55:58,404 RCV reinforcement
2018-06-11 23:55:58,419 RCV reinforcement
2018-06-11 23:55:59,851 RCV commit
2018-06-11 23:55:59,866 appended honest commit 2128037031 on top of b80a534f93
2018-06-11 23:55:59,878 Weight: 11.301501993799274 #RFs 2
2018-06-11 23:55:59,878 weight: 11.301501993799274
2018-06-11 23:55:59,879 , 11.301501993799274
2018-06-11 23:55:59,883 start mining - depth 3
2018-06-11 23:55:59,883 start mining - hash 212803703126db3e2826ea233f721b89bf175c95524d1149ae7ce6339126bec2
2018-06-11 23:56:00,302 RCV reinforcement info
2018-06-11 23:56:00,762 RCV reinforcement info
2018-06-11 23:56:00,876 RCV reinforcement info
2018-06-11 23:56:01,195 RCV reinforcement info
2018-06-11 23:56:01,220 RF found but not transmitted
2018-06-11 23:56:01,592 RF found but not transmitted
2018-06-11 23:56:02,650 RCV reinforcement info
2018-06-11 23:56:02,703 RCV reinforcement info
2018-06-11 23:56:02,784 RCV reinforcement info
2018-06-11 23:56:03,267 RCV reinforcement info
2018-06-11 23:56:04,251 RF found but not transmitted
2018-06-11 23:56:04,558 RCV reinforcement info
2018-06-11 23:56:04,915 RCV reinforcement info
2018-06-11 23:56:04,936 RF found but not transmitted
2018-06-11 23:56:05,873 RCV reinforcement info
2018-06-11 23:56:06,053 RCV proposal
2018-06-11 23:56:06,056 appended honest propose 5431be7ea1 on top of 2128037031
2018-06-11 23:56:06,184 RCV reinforcement
2018-06-11 23:56:06,216 RCV reinforcement
2018-06-11 23:56:06,242 RCV reinforcement
2018-06-11 23:56:06,267 RCV reinforcement
2018-06-11 23:56:07,281 RCV reinforcement info
2018-06-11 23:56:07,363 RCV reinforcement
2018-06-11 23:56:07,595 RCV commit
2018-06-11 23:56:07,698 appended honest commit 4236a08a0d on top of 5431be7ea1
2018-06-11 23:56:07,761 Weight: 14.681936231882744 #RFs 12
2018-06-11 23:56:07,761 weight: 14.681936231882744
2018-06-11 23:56:07,762 , 14.681936231882744
2018-06-11 23:56:07,764 start mining - depth 4
2018-06-11 23:56:07,765 start mining - hash 4236a08a0d2e4dc09a81fc0622a6c0e43f7102b554c6a174d7284f8b7e573c47
2018-06-11 23:56:08,038 RCV reinforcement info
2018-06-11 23:56:08,097 RCV reinforcement info
2018-06-11 23:56:08,255 RCV reinforcement info
2018-06-11 23:56:08,739 RCV reinforcement info
2018-06-11 23:56:09,069 RCV reinforcement info
2018-06-11 23:56:09,467 RCV reinforcement info
2018-06-11 23:56:10,137 RF found but not transmitted
2018-06-11 23:56:10,572 RCV reinforcement info
2018-06-11 23:56:10,587 RF found but not transmitted
2018-06-11 23:56:14,578 RCV reinforcement info
2018-06-11 23:56:14,665 RCV reinforcement info
2018-06-11 23:56:17,685 RCV proposal
2018-06-11 23:56:17,688 appended honest propose cd7734bcfc on top of 4236a08a0d
2018-06-11 23:56:17,796 RCV reinforcement
2018-06-11 23:56:17,802 RCV reinforcement
2018-06-11 23:56:17,810 RCV reinforcement
2018-06-11 23:56:17,821 RCV reinforcement
2018-06-11 23:56:17,934 RCV reinforcement info
2018-06-11 23:56:17,997 RCV reinforcement info
2018-06-11 23:56:18,012 RCV reinforcement
2018-06-11 23:56:18,074 RCV reinforcement
2018-06-11 23:56:18,342 RCV reinforcement info
2018-06-11 23:56:18,414 RCV reinforcement
2018-06-11 23:56:18,488 RCV reinforcement info
2018-06-11 23:56:18,562 RCV reinforcement
2018-06-11 23:56:18,719 RCV reinforcement info
2018-06-11 23:56:18,784 RCV reinforcement
2018-06-11 23:56:19,244 RCV commit
2018-06-11 23:56:19,282 appended honest commit c89f225d83 on top of cd7734bcfc
2018-06-11 23:56:19,360 Weight: 17.891930614809155 #RFs 13
2018-06-11 23:56:19,361 weight: 17.891930614809155
2018-06-11 23:56:19,361 , 17.891930614809155
2018-06-11 23:56:19,362 start mining - depth 5
2018-06-11 23:56:19,362 start mining - hash c89f225d8336154f7aeba1cad35f24382b652677cfe4e77eb253517dffe26d1e
2018-06-11 23:56:20,370 RCV reinforcement info
2018-06-11 23:56:21,102 RCV reinforcement info
2018-06-11 23:56:21,500 RCV reinforcement info
2018-06-11 23:56:21,797 RF found but not transmitted
2018-06-11 23:56:22,235 RCV reinforcement info
2018-06-11 23:56:22,539 RCV reinforcement info
2018-06-11 23:56:22,554 RF found but not transmitted
2018-06-11 23:56:23,057 RCV reinforcement info
2018-06-11 23:56:23,891 RCV reinforcement info
2018-06-11 23:56:24,106 RCV reinforcement info
2018-06-11 23:56:24,257 RCV reinforcement info
2018-06-11 23:56:24,334 RCV reinforcement info
2018-06-11 23:56:26,976 RF found but not transmitted
2018-06-11 23:56:26,978 hash found
2018-06-11 23:56:26,980 SNT malicious_proposal_agreement
2018-06-11 23:56:27,601 RCV reinforcement info
2018-06-11 23:56:28,821 RCV reinforcement info
2018-06-11 23:56:29,359 RF found but not transmitted
2018-06-11 23:56:29,655 RCV proposal
2018-06-11 23:56:29,658 appended honest propose 93fe70fc83 on top of c89f225d83
2018-06-11 23:56:29,789 RCV reinforcement
2018-06-11 23:56:29,803 RCV reinforcement
2018-06-11 23:56:29,816 RCV reinforcement
2018-06-11 23:56:29,832 RCV reinforcement
2018-06-11 23:56:29,842 RCV reinforcement
2018-06-11 23:56:29,974 RCV reinforcement info
2018-06-11 23:56:30,028 RCV reinforcement
2018-06-11 23:56:30,107 RCV reinforcement info
2018-06-11 23:56:30,125 RCV reinforcement info
2018-06-11 23:56:30,200 RCV reinforcement
2018-06-11 23:56:30,214 RCV reinforcement
2018-06-11 23:56:31,214 RCV commit
2018-06-11 23:56:31,309 appended honest commit 66063fbdea on top of 93fe70fc83
2018-06-11 23:56:31,398 Weight: 21.589849960011243 #RFs 14
2018-06-11 23:56:31,398 weight: 21.589849960011243
2018-06-11 23:56:31,399 , 21.589849960011243
2018-06-11 23:56:31,404 appended malicious propose 6c2eb42fbb on top of c89f225d83
2018-06-11 23:56:31,404 REINFORCEMENT COLLECTING state
2018-06-11 23:56:31,519 SNT proposal
2018-06-11 23:56:31,664 RCV reinforcement
2018-06-11 23:56:31,668 RCV reinforcement
2018-06-11 23:56:33,024 commit with 3 reinforcements
2018-06-11 23:56:33,031 appended malicious commit 4a74a13fed on top of 6c2eb42fbb
2018-06-11 23:56:33,037 Weight: 19.694562788747195 #RFs 5
2018-06-11 23:56:33,037 weight: 19.694562788747195
2018-06-11 23:56:33,037 , 19.694562788747195
2018-06-11 23:56:33,040 MALICIOUS MINING state
2018-06-11 23:56:33,040 start mining - depth 6
2018-06-11 23:56:33,040 start mining - hash 66063fbdea9f57579c74a485daa4243552fdd0721ef4d5e798d74bb04b128d9d
2018-06-11 23:56:33,041 Hashing frequency: 3188
2018-06-11 23:56:33,041 SNT commit
2018-06-11 23:56:33,391 RCV reinforcement info
2018-06-11 23:56:33,783 RCV reinforcement info
2018-06-11 23:56:33,831 RCV reinforcement info
2018-06-11 23:56:34,661 RCV reinforcement info
2018-06-11 23:56:34,904 RCV reinforcement info
2018-06-11 23:56:35,873 RCV proposal
2018-06-11 23:56:35,877 appended honest propose b4ba1d65b8 on top of 66063fbdea
2018-06-11 23:56:35,970 RCV reinforcement
2018-06-11 23:56:35,979 RCV reinforcement
2018-06-11 23:56:35,992 RCV reinforcement
2018-06-11 23:56:36,005 RCV reinforcement
2018-06-11 23:56:37,125 RCV reinforcement info
2018-06-11 23:56:37,181 RCV reinforcement
2018-06-11 23:56:37,390 RCV commit
2018-06-11 23:56:37,437 appended honest commit a4fcbee03b on top of b4ba1d65b8
2018-06-11 23:56:37,455 Weight: 23.659192607405863 #RFs 6
2018-06-11 23:56:37,456 weight: 23.659192607405863
2018-06-11 23:56:37,456 , 23.659192607405863
2018-06-11 23:56:37,457 start mining - depth 7
2018-06-11 23:56:37,458 start mining - hash a4fcbee03b81033147a27b3a421b07185a35e84c6f4ebbd1a3f251a365299e33
2018-06-11 23:56:39,042 RCV reinforcement info
2018-06-11 23:56:39,213 RF found but not transmitted
2018-06-11 23:56:39,389 RCV reinforcement info
2018-06-11 23:56:40,421 RF found but not transmitted
2018-06-11 23:56:40,693 RCV reinforcement info
2018-06-11 23:56:41,295 RCV reinforcement info
2018-06-11 23:56:41,491 RCV reinforcement info
2018-06-11 23:56:42,036 RCV reinforcement info
2018-06-11 23:56:42,233 RCV reinforcement info
2018-06-11 23:56:43,556 RCV reinforcement info
2018-06-11 23:56:44,077 RCV reinforcement info
2018-06-11 23:56:44,255 RCV reinforcement info
2018-06-11 23:56:44,292 RCV reinforcement info
2018-06-11 23:56:45,004 RCV reinforcement info
2018-06-11 23:56:45,169 RCV reinforcement info
2018-06-11 23:56:45,721 RCV reinforcement info
2018-06-11 23:56:45,957 RCV reinforcement info
2018-06-11 23:56:46,939 RCV reinforcement info
2018-06-11 23:56:47,197 RCV reinforcement info
2018-06-11 23:56:48,373 RCV reinforcement info
2018-06-11 23:56:48,625 RCV reinforcement info
2018-06-11 23:56:49,933 RCV reinforcement info
2018-06-11 23:56:50,309 RCV reinforcement info
2018-06-11 23:56:50,597 RCV reinforcement info
2018-06-11 23:56:50,936 RF found but not transmitted
2018-06-11 23:56:51,554 RCV reinforcement info
2018-06-11 23:56:51,576 RCV reinforcement info
2018-06-11 23:56:51,820 RF found but not transmitted
2018-06-11 23:56:52,313 RCV reinforcement info
2018-06-11 23:56:52,672 RCV reinforcement info
2018-06-11 23:56:53,607 RCV reinforcement info
2018-06-11 23:56:55,361 RCV reinforcement info
2018-06-11 23:56:55,745 RCV reinforcement info
2018-06-11 23:56:56,333 RCV reinforcement info
2018-06-11 23:56:56,580 RCV reinforcement info
2018-06-11 23:56:57,301 RF found but not transmitted
2018-06-11 23:56:57,436 RCV reinforcement info
2018-06-11 23:56:57,467 RCV reinforcement info
2018-06-11 23:56:57,528 RCV reinforcement info
2018-06-11 23:56:57,793 RCV reinforcement info
2018-06-11 23:56:58,905 RCV reinforcement info
2018-06-11 23:56:59,025 RCV reinforcement info
2018-06-11 23:56:59,320 RCV reinforcement info
2018-06-11 23:57:00,191 RCV reinforcement info
2018-06-11 23:57:00,968 RCV proposal
2018-06-11 23:57:00,971 appended honest propose b879131f39 on top of a4fcbee03b
2018-06-11 23:57:01,106 RCV reinforcement
2018-06-11 23:57:01,120 RCV reinforcement
2018-06-11 23:57:01,138 RCV reinforcement
2018-06-11 23:57:01,161 RCV reinforcement
2018-06-11 23:57:01,164 RCV reinforcement
2018-06-11 23:57:01,171 RCV reinforcement
2018-06-11 23:57:02,594 RCV commit
2018-06-11 23:57:02,838 appended honest commit 3d25c8726d on top of b879131f39
2018-06-11 23:57:03,057 Weight: 31.303715594991502 #RFs 39
2018-06-11 23:57:03,058 weight: 31.303715594991502
2018-06-11 23:57:03,058 , 31.303715594991502
2018-06-11 23:57:03,061 start mining - depth 8
2018-06-11 23:57:03,061 start mining - hash 3d25c8726d59aa717dd820d0917e4fce00e7f705af13ef569b0f9f470e28d1e4
2018-06-11 23:57:04,329 RCV reinforcement info
2018-06-11 23:57:04,627 RCV reinforcement info
2018-06-11 23:57:05,496 RCV reinforcement info
2018-06-11 23:57:05,960 RCV reinforcement info
2018-06-11 23:57:06,342 RCV reinforcement info
2018-06-11 23:57:06,418 RCV reinforcement info
2018-06-11 23:57:06,601 RF found but not transmitted
2018-06-11 23:57:07,124 RCV reinforcement info
2018-06-11 23:57:08,363 RCV reinforcement info
2018-06-11 23:57:08,841 RCV proposal
2018-06-11 23:57:08,844 appended honest propose 499099b39f on top of 3d25c8726d
2018-06-11 23:57:08,986 RCV reinforcement
2018-06-11 23:57:08,995 RCV reinforcement
2018-06-11 23:57:09,010 RCV reinforcement
2018-06-11 23:57:09,028 RCV reinforcement
2018-06-11 23:57:09,319 RCV reinforcement info
2018-06-11 23:57:09,408 RCV reinforcement
2018-06-11 23:57:09,998 RCV reinforcement info
2018-06-11 23:57:10,072 RCV reinforcement
2018-06-11 23:57:10,358 RCV commit
2018-06-11 23:57:10,414 appended honest commit ddb3fa18f9 on top of 499099b39f
2018-06-11 23:57:10,486 Weight: 35.145652766536344 #RFs 9
2018-06-11 23:57:10,486 weight: 35.145652766536344
2018-06-11 23:57:10,486 , 35.145652766536344
2018-06-11 23:57:10,487 start mining - depth 9
2018-06-11 23:57:10,489 start mining - hash ddb3fa18f9b3be57febd79dceb47d76d072da07d21ae2e61907bb0d43107be82
2018-06-11 23:57:10,749 RCV reinforcement info
2018-06-11 23:57:10,895 RCV reinforcement info
2018-06-11 23:57:11,413 RCV reinforcement info
2018-06-11 23:57:11,649 RCV reinforcement info
2018-06-11 23:57:12,019 RCV proposal
2018-06-11 23:57:12,022 appended honest propose 194a272062 on top of ddb3fa18f9
2018-06-11 23:57:12,112 RCV reinforcement
2018-06-11 23:57:12,132 RCV reinforcement
2018-06-11 23:57:12,166 RCV reinforcement
2018-06-11 23:57:12,314 RCV reinforcement info
2018-06-11 23:57:12,381 RCV reinforcement info
2018-06-11 23:57:12,403 RCV reinforcement info
2018-06-11 23:57:12,466 RCV reinforcement
2018-06-11 23:57:12,559 RCV reinforcement
2018-06-11 23:57:12,578 RCV reinforcement
2018-06-11 23:57:12,582 RCV reinforcement info
2018-06-11 23:57:12,677 RCV reinforcement
2018-06-11 23:57:12,822 RCV reinforcement info
2018-06-11 23:57:12,921 RCV reinforcement
2018-06-11 23:57:12,992 RCV reinforcement info
2018-06-11 23:57:13,072 RCV reinforcement
2018-06-11 23:57:13,375 RCV reinforcement info
2018-06-11 23:57:13,519 RF found but not transmitted
2018-06-11 23:57:13,531 RCV reinforcement
2018-06-11 23:57:13,605 RCV commit
2018-06-11 23:57:13,668 appended honest commit c22275a9da on top of 194a272062
2018-06-11 23:57:13,732 Weight: 36.87731510067008 #RFs 8
2018-06-11 23:57:13,733 weight: 36.87731510067008
2018-06-11 23:57:13,733 , 36.87731510067008
2018-06-11 23:57:13,741 start mining - depth 10
2018-06-11 23:57:13,742 start mining - hash c22275a9da49b6811fb8111bbb49c32f225f9ee48ac4a091e75128b2e342490f
2018-06-11 23:57:13,868 RCV reinforcement info
2018-06-11 23:57:14,738 RF found but not transmitted
2018-06-11 23:57:16,038 RCV reinforcement info
2018-06-11 23:57:18,042 RCV reinforcement info
2018-06-11 23:57:19,320 RCV reinforcement info
2018-06-11 23:57:19,690 RCV reinforcement info
2018-06-11 23:57:21,323 RCV reinforcement info
2018-06-11 23:57:21,881 RCV reinforcement info
2018-06-11 23:57:22,068 RCV reinforcement info
2018-06-11 23:57:23,072 RF found but not transmitted
2018-06-11 23:57:23,337 RCV reinforcement info
2018-06-11 23:57:23,595 RCV reinforcement info
2018-06-11 23:57:23,784 RCV reinforcement info
2018-06-11 23:57:24,460 RCV reinforcement info
2018-06-11 23:57:24,858 RCV reinforcement info
2018-06-11 23:57:25,154 RCV malicious_prop_agreement
2018-06-11 23:57:25,809 RCV reinforcement info
2018-06-11 23:57:26,232 RF found but not transmitted
2018-06-11 23:57:27,006 RCV reinforcement info
2018-06-11 23:57:27,663 RCV reinforcement info
2018-06-11 23:57:28,390 RCV reinforcement info
2018-06-11 23:57:29,507 RF found but not transmitted
2018-06-11 23:57:29,759 RCV reinforcement info
2018-06-11 23:57:29,928 RCV reinforcement info
2018-06-11 23:57:30,061 RCV reinforcement info
2018-06-11 23:57:31,791 RCV reinforcement info
2018-06-11 23:57:32,506 RF found but not transmitted
2018-06-11 23:57:32,611 RCV reinforcement info
2018-06-11 23:57:33,540 RF found but not transmitted
2018-06-11 23:57:33,802 RCV reinforcement info
2018-06-11 23:57:35,566 RCV reinforcement info
2018-06-11 23:57:36,586 RCV reinforcement info
2018-06-11 23:57:36,659 RCV reinforcement info
2018-06-11 23:57:36,906 RCV reinforcement info
2018-06-11 23:57:37,368 RCV proposal
2018-06-11 23:57:37,372 appended honest propose eb43a063bf on top of c22275a9da
2018-06-11 23:57:37,540 RCV reinforcement
2018-06-11 23:57:37,549 RCV reinforcement
2018-06-11 23:57:37,557 RCV reinforcement
2018-06-11 23:57:37,585 RCV reinforcement
2018-06-11 23:57:37,602 RCV reinforcement
2018-06-11 23:57:37,642 RCV reinforcement
2018-06-11 23:57:37,682 RF found but not transmitted
2018-06-11 23:57:38,328 RCV reinforcement info
2018-06-11 23:57:38,413 RCV reinforcement
2018-06-11 23:57:38,596 RCV reinforcement info
2018-06-11 23:57:38,670 RCV reinforcement
2018-06-11 23:57:38,906 RCV reinforcement info
2018-06-11 23:57:39,039 RCV reinforcement
2018-06-11 23:57:39,130 RCV commit
2018-06-11 23:57:39,313 appended honest commit 7700faa19b on top of eb43a063bf
2018-06-11 23:57:39,524 Weight: 43.82078824847025 #RFs 29
2018-06-11 23:57:39,524 weight: 43.82078824847025
2018-06-11 23:57:39,524 , 43.82078824847025
2018-06-11 23:57:39,914 RCV reinforcement info
2018-06-11 23:57:40,050 RCV proposal
2018-06-11 23:57:40,068 appended malicious propose dbc6ab1870 on top of c22275a9da
2018-06-11 23:57:40,069 REINFORCEMENT SENT state
2018-06-11 23:57:40,070 SNT reinforcement
2018-06-11 23:57:40,283 RCV reinforcement
2018-06-11 23:57:40,377 RCV reinforcement info
2018-06-11 23:57:40,983 RF found but not transmitted
2018-06-11 23:57:40,985 SNT reinforcement
2018-06-11 23:57:41,205 RCV reinforcement info
2018-06-11 23:57:41,580 RCV commit
2018-06-11 23:57:41,700 appended malicious commit 053fd99ac7 on top of dbc6ab1870
2018-06-11 23:57:41,796 Weight: 41.25652478828276 #RFs 15
2018-06-11 23:57:41,796 weight: 41.25652478828276
2018-06-11 23:57:41,796 , 41.25652478828276
2018-06-11 23:57:41,799 MALICIOUS MINING state
2018-06-11 23:57:41,799 start mining - depth 11
2018-06-11 23:57:41,805 start mining - hash 7700faa19b3bac8a508d493900f8db9f20c1d9a17346b937d99c99cad3e239d8
2018-06-11 23:57:41,806 Hashing frequency: 3584
2018-06-11 23:57:42,905 RF found but not transmitted
2018-06-11 23:57:45,332 RCV reinforcement info
2018-06-11 23:57:46,994 RCV reinforcement info
2018-06-11 23:57:47,832 RCV reinforcement info
2018-06-11 23:57:48,984 RCV reinforcement info
2018-06-11 23:57:49,866 RCV reinforcement info
2018-06-11 23:57:49,999 RCV reinforcement info
2018-06-11 23:57:50,144 RF found but not transmitted
2018-06-11 23:57:50,575 RCV proposal
2018-06-11 23:57:50,579 appended honest propose 542070f90f on top of 7700faa19b
2018-06-11 23:57:50,685 RCV reinforcement
2018-06-11 23:57:50,693 RCV reinforcement
2018-06-11 23:57:50,729 RCV reinforcement
2018-06-11 23:57:50,743 RCV reinforcement
2018-06-11 23:57:50,757 RCV reinforcement
2018-06-11 23:57:50,837 RCV reinforcement info
2018-06-11 23:57:50,918 RCV reinforcement
2018-06-11 23:57:52,126 RCV commit
2018-06-11 23:57:52,207 appended honest commit a9c9431c45 on top of 542070f90f
2018-06-11 23:57:52,288 Weight: 45.92871077839742 #RFs 10
2018-06-11 23:57:52,288 weight: 45.92871077839742
2018-06-11 23:57:52,288 , 45.92871077839742
2018-06-11 23:57:52,293 start mining - depth 12
2018-06-11 23:57:52,293 start mining - hash a9c9431c4579f48a5d196f5bb05c7f6b72feb92164880e2237a5a6237cc722af
2018-06-11 23:57:52,813 RCV reinforcement info
2018-06-11 23:57:53,117 RCV proposal
2018-06-11 23:57:53,120 appended honest propose 9bd489941f on top of a9c9431c45
2018-06-11 23:57:53,199 RCV reinforcement
2018-06-11 23:57:54,664 RCV commit
2018-06-11 23:57:54,668 appended honest commit 5b3cebed43 on top of 9bd489941f
2018-06-11 23:57:54,676 Weight: 46.99980299427557 #RFs 1
2018-06-11 23:57:54,676 weight: 46.99980299427557
2018-06-11 23:57:54,679 , 46.99980299427557
2018-06-11 23:57:54,680 start mining - depth 13
2018-06-11 23:57:54,681 start mining - hash 5b3cebed43c8e883aa3ed90b3ea5778853be71361e27a04b76239dbfca034668
2018-06-11 23:57:55,564 RCV reinforcement info
2018-06-11 23:57:55,869 RCV reinforcement info
2018-06-11 23:57:56,775 RCV reinforcement info
2018-06-11 23:57:56,931 RCV reinforcement info
2018-06-11 23:57:57,389 RCV reinforcement info
2018-06-11 23:57:57,643 RCV reinforcement info
2018-06-11 23:57:57,911 RF found but not transmitted
2018-06-11 23:57:58,787 RCV reinforcement info
2018-06-11 23:57:59,294 RCV reinforcement info
2018-06-11 23:58:01,574 RCV reinforcement info
2018-06-11 23:58:02,053 RCV proposal
2018-06-11 23:58:02,055 appended honest propose 31c7e1d7b2 on top of 5b3cebed43
2018-06-11 23:58:02,244 RCV reinforcement
2018-06-11 23:58:02,265 RCV reinforcement
2018-06-11 23:58:02,319 RCV reinforcement
2018-06-11 23:58:02,328 RCV reinforcement
2018-06-11 23:58:02,339 RCV reinforcement
2018-06-11 23:58:03,580 RCV commit
2018-06-11 23:58:03,633 appended honest commit c821ceacdf on top of 31c7e1d7b2
2018-06-11 23:58:03,687 Weight: 50.2249116644054 #RFs 9
2018-06-11 23:58:03,687 weight: 50.2249116644054
2018-06-11 23:58:03,687 , 50.2249116644054
2018-06-11 23:58:03,688 start mining - depth 14
2018-06-11 23:58:03,688 start mining - hash c821ceacdfefde32ef19b02e65fb83c89034bdc7fe3a8fcb72fc096947ebca23
2018-06-11 23:58:04,574 RCV reinforcement info
2018-06-11 23:58:04,659 RCV reinforcement info
2018-06-11 23:58:05,038 RCV reinforcement info
2018-06-11 23:58:06,102 RCV reinforcement info
2018-06-11 23:58:06,312 RCV reinforcement info
2018-06-11 23:58:07,498 RCV reinforcement info
2018-06-11 23:58:09,056 RCV reinforcement info
2018-06-11 23:58:09,176 RCV reinforcement info
2018-06-11 23:58:09,260 RCV proposal
2018-06-11 23:58:09,263 appended honest propose f64a2bfe5d on top of c821ceacdf
2018-06-11 23:58:09,427 RCV reinforcement
2018-06-11 23:58:09,438 RCV reinforcement
2018-06-11 23:58:09,446 RCV reinforcement
2018-06-11 23:58:09,474 RCV reinforcement
2018-06-11 23:58:09,778 RCV reinforcement info
2018-06-11 23:58:09,842 RCV reinforcement
2018-06-11 23:58:10,419 RCV reinforcement info
2018-06-11 23:58:10,480 RCV reinforcement
2018-06-11 23:58:10,801 RCV commit
2018-06-11 23:58:10,876 appended honest commit 03c2ed6cf3 on top of f64a2bfe5d
2018-06-11 23:58:10,951 Weight: 52.31493720018616 #RFs 9
2018-06-11 23:58:10,952 weight: 52.31493720018616
2018-06-11 23:58:10,952 , 52.31493720018616
2018-06-11 23:58:10,960 start mining - depth 15
2018-06-11 23:58:10,961 start mining - hash 03c2ed6cf3df2a203d694a06d9c4293986ded43edf2ceabe22bb3ffa0e945dab
2018-06-11 23:58:12,049 RCV reinforcement info
2018-06-11 23:58:12,113 RCV reinforcement info
2018-06-11 23:58:12,999 RF found but not transmitted
2018-06-11 23:58:13,419 RCV reinforcement info
2018-06-11 23:58:14,394 RCV reinforcement info
2018-06-11 23:58:14,415 RCV reinforcement info
2018-06-11 23:58:14,463 RCV reinforcement info
2018-06-11 23:58:16,227 RCV reinforcement info
2018-06-11 23:58:17,118 RCV reinforcement info
2018-06-11 23:58:18,097 RCV reinforcement info
2018-06-11 23:58:18,505 RCV reinforcement info
2018-06-11 23:58:18,688 RCV reinforcement info
2018-06-11 23:58:18,936 RCV reinforcement info
2018-06-11 23:58:19,933 RCV reinforcement info
2018-06-11 23:58:20,136 RCV reinforcement info
2018-06-11 23:58:20,700 RCV reinforcement info
2018-06-11 23:58:22,023 RCV reinforcement info
2018-06-11 23:58:24,208 RCV proposal
2018-06-11 23:58:24,211 appended honest propose 281549a97f on top of 03c2ed6cf3
2018-06-11 23:58:24,386 RCV reinforcement
2018-06-11 23:58:24,411 RCV reinforcement
2018-06-11 23:58:24,421 RCV reinforcement
2018-06-11 23:58:24,430 RCV reinforcement
2018-06-11 23:58:24,434 RCV reinforcement
2018-06-11 23:58:24,440 RCV reinforcement
2018-06-11 23:58:24,798 RCV reinforcement info
2018-06-11 23:58:24,876 RCV reinforcement
2018-06-11 23:58:25,273 RCV reinforcement info
2018-06-11 23:58:25,343 RCV reinforcement
2018-06-11 23:58:25,345 RF found but not transmitted
2018-06-11 23:58:25,763 RCV commit
2018-06-11 23:58:25,859 appended honest commit ece2cf638e on top of 281549a97f
2018-06-11 23:58:26,001 RF found but not transmitted
2018-06-11 23:58:26,004 Weight: 57.755370111408034 #RFs 18
2018-06-11 23:58:26,004 weight: 57.755370111408034
2018-06-11 23:58:26,004 , 57.755370111408034
2018-06-11 23:58:26,005 start mining - depth 16
2018-06-11 23:58:26,006 start mining - hash ece2cf638e0aee702cfdc30fd4d4382bc5f0f04e20c3ae557cb0d35dabb99405
2018-06-11 23:58:26,212 RCV reinforcement info
2018-06-11 23:58:27,650 RCV reinforcement info
2018-06-11 23:58:28,162 RCV malicious_prop_agreement
2018-06-11 23:58:28,198 RCV reinforcement info
2018-06-11 23:58:28,375 RCV reinforcement info
2018-06-11 23:58:28,567 RCV reinforcement info
2018-06-11 23:58:28,852 RCV reinforcement info
2018-06-11 23:58:28,963 RCV reinforcement info
2018-06-11 23:58:29,636 RCV reinforcement info
2018-06-11 23:58:30,687 RCV reinforcement info
2018-06-11 23:58:31,683 RCV reinforcement info
2018-06-11 23:58:31,890 RCV reinforcement info
2018-06-11 23:58:32,294 RCV reinforcement info
2018-06-11 23:58:32,330 RCV reinforcement info
2018-06-11 23:58:33,617 RCV reinforcement info
2018-06-11 23:58:34,131 RCV reinforcement info
2018-06-11 23:58:34,619 RF found but not transmitted
2018-06-11 23:58:35,835 RCV reinforcement info
2018-06-11 23:58:35,940 RCV reinforcement info
2018-06-11 23:58:37,604 RCV reinforcement info
2018-06-11 23:58:37,821 RCV reinforcement info
2018-06-11 23:58:40,073 RCV reinforcement info
2018-06-11 23:58:40,417 RCV reinforcement info
2018-06-11 23:58:41,977 RCV reinforcement info
2018-06-11 23:58:42,100 RCV reinforcement info
2018-06-11 23:58:46,431 RCV reinforcement info
2018-06-11 23:58:47,217 RCV reinforcement info
2018-06-11 23:58:48,424 RCV reinforcement info
2018-06-11 23:58:48,504 RCV reinforcement info
2018-06-11 23:58:48,536 RF found but not transmitted
2018-06-11 23:58:48,671 RCV proposal
2018-06-11 23:58:48,675 appended honest propose a826daec87 on top of ece2cf638e
2018-06-11 23:58:48,840 RCV reinforcement
2018-06-11 23:58:48,861 RCV reinforcement
2018-06-11 23:58:48,866 RCV reinforcement
2018-06-11 23:58:48,880 RCV reinforcement
2018-06-11 23:58:48,903 RCV reinforcement
2018-06-11 23:58:48,913 RCV reinforcement
2018-06-11 23:58:50,265 RCV commit
2018-06-11 23:58:50,501 appended honest commit db4afbfff7 on top of a826daec87
2018-06-11 23:58:50,764 Weight: 62.989789444747494 #RFs 27
2018-06-11 23:58:50,764 weight: 62.989789444747494
2018-06-11 23:58:50,764 , 62.989789444747494
2018-06-11 23:58:51,016 RCV proposal
2018-06-11 23:58:51,021 appended malicious propose a8c1083dcc on top of ece2cf638e
2018-06-11 23:58:51,022 REINFORCEMENT SENT state
2018-06-11 23:58:51,023 SNT reinforcement
2018-06-11 23:58:51,114 RCV reinforcement
2018-06-11 23:58:51,883 RCV reinforcement info
2018-06-11 23:58:52,128 RF found but not transmitted
2018-06-11 23:58:52,131 SNT reinforcement
2018-06-11 23:58:52,520 RCV commit
2018-06-11 23:58:52,620 appended malicious commit f960979d46 on top of a8c1083dcc
2018-06-11 23:58:52,704 Weight: 61.994973755375725 #RFs 10
2018-06-11 23:58:52,704 weight: 61.994973755375725
2018-06-11 23:58:52,706 , 61.994973755375725
2018-06-11 23:58:52,710 MALICIOUS MINING state
2018-06-11 23:58:52,713 start mining - depth 17
2018-06-11 23:58:52,713 start mining - hash db4afbfff799ce00f7d931cd41baf8bf2e2a238f4036fe0cf9cfb485e6fa5769
2018-06-11 23:58:52,718 Hashing frequency: 3682
2018-06-11 23:58:53,443 RCV proposal
2018-06-11 23:58:53,446 appended honest propose 78fd243bce on top of db4afbfff7
2018-06-11 23:58:53,519 RCV reinforcement
2018-06-11 23:58:53,903 RCV reinforcement info
2018-06-11 23:58:53,982 RCV reinforcement
2018-06-11 23:58:54,093 RCV reinforcement info
2018-06-11 23:58:54,173 RCV reinforcement
2018-06-11 23:58:54,963 RCV commit
2018-06-11 23:58:54,971 appended honest commit 85f53412d9 on top of 78fd243bce
2018-06-11 23:58:55,011 Weight: 64.2770786762367 #RFs 2
2018-06-11 23:58:55,012 weight: 64.2770786762367
2018-06-11 23:58:55,016 , 64.2770786762367
2018-06-11 23:58:55,018 start mining - depth 18
2018-06-11 23:58:55,020 start mining - hash 85f53412d95a83391ccfd54c4902a38481f33e9c270b36e92b60f57512caed30
2018-06-11 23:58:55,655 RCV reinforcement info
2018-06-11 23:58:55,730 RCV reinforcement info
2018-06-11 23:58:56,129 RCV reinforcement info
2018-06-11 23:58:56,306 RCV reinforcement info
2018-06-11 23:58:57,600 RCV reinforcement info
2018-06-11 23:58:57,992 RCV reinforcement info
2018-06-11 23:58:58,181 RCV reinforcement info
2018-06-11 23:58:58,470 RF found but not transmitted
2018-06-11 23:58:58,663 RF found but not transmitted
2018-06-11 23:58:58,873 RCV reinforcement info
2018-06-11 23:58:59,156 RCV reinforcement info
2018-06-11 23:58:59,723 RCV reinforcement info
2018-06-11 23:59:00,388 RCV reinforcement info
2018-06-11 23:59:00,455 RCV reinforcement info
2018-06-11 23:59:00,820 RF found but not transmitted
2018-06-11 23:59:01,512 RCV reinforcement info
2018-06-11 23:59:03,103 RCV reinforcement info
2018-06-11 23:59:03,480 RCV reinforcement info
2018-06-11 23:59:04,116 RF found but not transmitted
2018-06-11 23:59:04,118 hash found
2018-06-11 23:59:04,120 SNT malicious_proposal_agreement
2018-06-11 23:59:04,229 RCV reinforcement info
2018-06-11 23:59:06,326 RCV reinforcement info
2018-06-11 23:59:06,472 RCV reinforcement info
2018-06-11 23:59:07,853 RCV reinforcement info
2018-06-11 23:59:08,454 RCV reinforcement info
2018-06-11 23:59:08,544 RCV reinforcement info
2018-06-11 23:59:09,968 RF found but not transmitted
2018-06-11 23:59:10,185 RCV reinforcement info
2018-06-11 23:59:10,749 RCV reinforcement info
2018-06-11 23:59:10,967 RCV reinforcement info
2018-06-11 23:59:12,671 RCV reinforcement info
2018-06-11 23:59:13,134 RCV reinforcement info
2018-06-11 23:59:13,305 RF found but not transmitted
2018-06-11 23:59:13,825 RCV reinforcement info
2018-06-11 23:59:13,956 RCV proposal
2018-06-11 23:59:13,959 appended honest propose cdeb0b6547 on top of 85f53412d9
2018-06-11 23:59:14,077 RCV reinforcement
2018-06-11 23:59:14,095 RCV reinforcement
2018-06-11 23:59:14,110 RCV reinforcement
2018-06-11 23:59:14,127 RCV reinforcement
2018-06-11 23:59:14,147 RCV reinforcement
2018-06-11 23:59:14,163 RCV reinforcement
2018-06-11 23:59:15,550 RCV commit
2018-06-11 23:59:15,745 appended honest commit 06be9db1a2 on top of cdeb0b6547
2018-06-11 23:59:15,819 Weight: 70.26194265610043 #RFs 27
2018-06-11 23:59:15,819 weight: 70.26194265610043
2018-06-11 23:59:15,819 , 70.26194265610043
2018-06-11 23:59:15,829 appended malicious propose fb5580792f on top of 85f53412d9
2018-06-11 23:59:15,830 REINFORCEMENT COLLECTING state
2018-06-11 23:59:15,939 SNT proposal
2018-06-11 23:59:16,108 RCV reinforcement
2018-06-11 23:59:16,112 RCV reinforcement
2018-06-11 23:59:17,144 RCV reinforcement info
2018-06-11 23:59:17,265 RCV reinforcement info
2018-06-11 23:59:17,444 commit with 3 reinforcements
2018-06-11 23:59:17,460 appended malicious commit 30d95df0a0 on top of fb5580792f
2018-06-11 23:59:17,477 Weight: 67.65611675362808 #RFs 10
2018-06-11 23:59:17,477 weight: 67.65611675362808
2018-06-11 23:59:17,477 , 67.65611675362808
2018-06-11 23:59:17,477 MALICIOUS MINING state
2018-06-11 23:59:17,477 start mining - depth 19
2018-06-11 23:59:17,478 start mining - hash 06be9db1a26540fc6d356928a229a0d715716fb5fcfbb832f07d120418edc1c7
2018-06-11 23:59:17,478 SNT commit
2018-06-11 23:59:17,660 RCV reinforcement info
2018-06-11 23:59:17,761 RCV proposal
2018-06-11 23:59:17,765 appended honest propose 4191760166 on top of 06be9db1a2
2018-06-11 23:59:17,834 RCV reinforcement
2018-06-11 23:59:17,872 RCV reinforcement
2018-06-11 23:59:18,119 RCV reinforcement info
2018-06-11 23:59:18,183 RCV reinforcement
2018-06-11 23:59:18,831 RCV reinforcement info
2018-06-11 23:59:18,890 RCV reinforcement
2018-06-11 23:59:19,251 RCV commit
2018-06-11 23:59:19,282 appended honest commit 37331e3cb2 on top of 4191760166
2018-06-11 23:59:19,323 Weight: 72.3759227306446 #RFs 5
2018-06-11 23:59:19,324 weight: 72.3759227306446
2018-06-11 23:59:19,324 , 72.3759227306446
2018-06-11 23:59:19,325 start mining - depth 20
2018-06-11 23:59:19,325 start mining - hash 37331e3cb258a25bf30367d759c739927997d3171bb002fe0c82bacd71612080
2018-06-11 23:59:19,935 RCV reinforcement info
2018-06-11 23:59:20,063 RCV reinforcement info
2018-06-11 23:59:20,663 RCV reinforcement info
2018-06-11 23:59:20,891 RCV reinforcement info
2018-06-11 23:59:21,086 RCV reinforcement info
2018-06-11 23:59:21,141 RCV reinforcement info
2018-06-11 23:59:23,065 RCV reinforcement info
2018-06-11 23:59:23,915 RCV reinforcement info
2018-06-11 23:59:24,254 RCV reinforcement info
2018-06-11 23:59:25,017 RCV reinforcement info
2018-06-11 23:59:25,221 RCV reinforcement info
2018-06-11 23:59:26,196 RCV reinforcement info
2018-06-11 23:59:26,279 RCV reinforcement info
2018-06-11 23:59:26,366 RCV reinforcement info
2018-06-11 23:59:26,397 RCV reinforcement info
2018-06-11 23:59:26,833 RCV reinforcement info
2018-06-11 23:59:29,281 RCV proposal
2018-06-11 23:59:29,284 appended honest propose 8dbdcfcbeb on top of 37331e3cb2
2018-06-11 23:59:29,395 RCV reinforcement
2018-06-11 23:59:29,406 RCV reinforcement
2018-06-11 23:59:29,432 RCV reinforcement
2018-06-11 23:59:29,451 RCV reinforcement
2018-06-11 23:59:29,467 RCV reinforcement
2018-06-11 23:59:30,540 RCV reinforcement info
2018-06-11 23:59:30,623 RCV reinforcement
2018-06-11 23:59:30,848 RCV commit
2018-06-11 23:59:30,973 appended honest commit 318adb702c on top of 8dbdcfcbeb
2018-06-11 23:59:31,067 Weight: 76.73293777223614 #RFs 17
2018-06-11 23:59:31,067 weight: 76.73293777223614
2018-06-11 23:59:31,068 , 76.73293777223614
2018-06-11 23:59:31,069 start mining - depth 21
2018-06-11 23:59:31,069 start mining - hash 318adb702c0f12f7daf92d3e240f8495b41e9684218d6caf68964d2ad74ffe0d
2018-06-11 23:59:31,432 RCV reinforcement info
2018-06-11 23:59:31,816 RCV reinforcement info
2018-06-11 23:59:31,970 RCV reinforcement info
2018-06-11 23:59:32,781 RCV reinforcement info
2018-06-11 23:59:32,907 RCV reinforcement info
2018-06-11 23:59:33,252 RF found but not transmitted
2018-06-11 23:59:33,342 RCV proposal
2018-06-11 23:59:33,345 appended honest propose 5b9ebd8f1e on top of 318adb702c
2018-06-11 23:59:33,441 RCV reinforcement
2018-06-11 23:59:33,466 RCV reinforcement
2018-06-11 23:59:33,497 RCV reinforcement
2018-06-11 23:59:33,521 RCV reinforcement info
2018-06-11 23:59:33,612 RCV reinforcement
2018-06-11 23:59:34,892 RCV commit
2018-06-11 23:59:34,941 appended honest commit de12d5ad47 on top of 5b9ebd8f1e
2018-06-11 23:59:34,963 Weight: 78.41721867527922 #RFs 6
2018-06-11 23:59:34,963 weight: 78.41721867527922
2018-06-11 23:59:34,963 , 78.41721867527922
2018-06-11 23:59:34,964 start mining - depth 22
2018-06-11 23:59:34,965 start mining - hash de12d5ad470169d9da8b346e5909d865664aa7449bc36bc0a17f52bb948e9dd5
2018-06-11 23:59:35,191 RCV reinforcement info
2018-06-11 23:59:36,240 RCV reinforcement info
2018-06-11 23:59:36,599 RCV reinforcement info
2018-06-11 23:59:36,840 RCV reinforcement info
2018-06-11 23:59:36,981 RCV reinforcement info
2018-06-11 23:59:37,028 RCV reinforcement info
2018-06-11 23:59:37,346 RCV reinforcement info
2018-06-11 23:59:38,270 RCV reinforcement info
2018-06-11 23:59:38,349 RCV reinforcement info
2018-06-11 23:59:38,443 RF found but not transmitted
2018-06-11 23:59:38,445 hash found
2018-06-11 23:59:38,446 SNT malicious_proposal_agreement
2018-06-11 23:59:39,337 RCV reinforcement info
2018-06-11 23:59:39,562 RCV reinforcement info
2018-06-11 23:59:39,841 RCV reinforcement info
2018-06-11 23:59:40,805 RCV reinforcement info
2018-06-11 23:59:41,191 RCV reinforcement info
2018-06-11 23:59:41,705 RCV reinforcement info
2018-06-11 23:59:42,047 RCV reinforcement info
2018-06-11 23:59:42,757 RCV reinforcement info
2018-06-11 23:59:43,966 RCV reinforcement info
2018-06-11 23:59:44,461 RCV reinforcement info
2018-06-11 23:59:45,829 RF found but not transmitted
2018-06-11 23:59:46,406 RCV reinforcement info
2018-06-11 23:59:46,950 RCV reinforcement info
2018-06-11 23:59:47,240 RF found but not transmitted
2018-06-11 23:59:47,896 RCV reinforcement info
2018-06-11 23:59:49,726 RCV reinforcement info
2018-06-11 23:59:51,086 RCV proposal
2018-06-11 23:59:51,089 appended honest propose 459db3ad27 on top of de12d5ad47
2018-06-11 23:59:51,227 RCV reinforcement
2018-06-11 23:59:51,237 RCV reinforcement
2018-06-11 23:59:51,260 RCV reinforcement
2018-06-11 23:59:51,281 RCV reinforcement
2018-06-11 23:59:51,300 RCV reinforcement
2018-06-11 23:59:52,124 RCV reinforcement info
2018-06-11 23:59:52,246 RCV reinforcement
2018-06-11 23:59:52,678 RCV commit
2018-06-11 23:59:52,843 appended honest commit f2f712c044 on top of 459db3ad27
2018-06-11 23:59:52,996 Weight: 82.38990584508275 #RFs 24
2018-06-11 23:59:52,996 weight: 82.38990584508275
2018-06-11 23:59:52,996 , 82.38990584508275
2018-06-11 23:59:53,002 appended malicious propose 990b5f0c61 on top of de12d5ad47
2018-06-11 23:59:53,002 REINFORCEMENT COLLECTING state
2018-06-11 23:59:53,091 SNT proposal
2018-06-11 23:59:53,252 RCV reinforcement
2018-06-11 23:59:53,291 RCV reinforcement
2018-06-11 23:59:54,208 RCV reinforcement info
2018-06-11 23:59:54,598 commit with 3 reinforcements
2018-06-11 23:59:54,615 appended malicious commit af7e9d65f4 on top of 990b5f0c61
2018-06-11 23:59:54,630 Weight: 83.74299264394732 #RFs 11
2018-06-11 23:59:54,630 weight: 83.74299264394732
2018-06-11 23:59:54,630 , 83.74299264394732
2018-06-11 23:59:54,633 MALICIOUS MINING state
2018-06-11 23:59:54,633 start mining - depth 23
2018-06-11 23:59:54,633 start mining - hash af7e9d65f4747e23848b99883dbef98b20dc3688bc5323ffe3995d557e27a08e
2018-06-11 23:59:54,634 Hashing frequency: 3026
2018-06-11 23:59:54,634 SNT commit
2018-06-11 23:59:55,913 RCV reinforcement info
2018-06-11 23:59:55,935 RCV reinforcement info
2018-06-11 23:59:57,170 RCV reinforcement info
2018-06-11 23:59:58,149 RCV reinforcement info
2018-06-11 23:59:58,410 RCV reinforcement info
2018-06-11 23:59:58,443 RCV reinforcement info
2018-06-11 23:59:58,501 RCV reinforcement info
2018-06-11 23:59:59,671 RCV proposal
2018-06-11 23:59:59,674 appended honest propose 9df3173271 on top of af7e9d65f4
2018-06-11 23:59:59,802 RCV reinforcement
2018-06-11 23:59:59,828 RCV reinforcement
2018-06-11 23:59:59,840 RCV reinforcement
2018-06-11 23:59:59,844 RCV reinforcement
2018-06-11 23:59:59,873 RCV reinforcement
2018-06-12 00:00:00,685 RCV reinforcement info
2018-06-12 00:00:00,798 RCV reinforcement
2018-06-12 00:00:01,214 RCV commit
2018-06-12 00:00:01,277 appended honest commit ae2a64b454 on top of 9df3173271
2018-06-12 00:00:01,324 Weight: 85.78928167540724 #RFs 8
2018-06-12 00:00:01,324 weight: 85.78928167540724
2018-06-12 00:00:01,324 , 85.78928167540724
2018-06-12 00:00:01,342 start mining - depth 24
2018-06-12 00:00:01,343 start mining - hash ae2a64b45480f34ce0893d2857c370d0eace13b17e92b0e3392af8d6f12b0243
2018-06-12 00:00:02,173 RCV reinforcement info
2018-06-12 00:00:02,363 RCV malicious_prop_agreement
2018-06-12 00:00:03,003 RF found but not transmitted
2018-06-12 00:00:03,464 RCV reinforcement info
2018-06-12 00:00:03,548 RCV reinforcement info
2018-06-12 00:00:03,788 RCV reinforcement info
2018-06-12 00:00:05,140 RCV reinforcement info
2018-06-12 00:00:05,838 RCV reinforcement info
2018-06-12 00:00:06,042 RCV reinforcement info
2018-06-12 00:00:06,225 RCV reinforcement info
2018-06-12 00:00:07,336 RCV reinforcement info
2018-06-12 00:00:08,563 RCV reinforcement info
2018-06-12 00:00:09,378 RF found but not transmitted
2018-06-12 00:00:09,581 RCV reinforcement info
2018-06-12 00:00:11,112 RCV reinforcement info
2018-06-12 00:00:11,660 RF found but not transmitted
2018-06-12 00:00:12,431 RCV reinforcement info
2018-06-12 00:00:12,856 RCV reinforcement info
2018-06-12 00:00:12,955 RCV reinforcement info
2018-06-12 00:00:12,994 RCV reinforcement info
2018-06-12 00:00:13,254 RCV reinforcement info
2018-06-12 00:00:13,718 RF found but not transmitted
2018-06-12 00:00:14,295 RCV reinforcement info
2018-06-12 00:00:14,335 RCV reinforcement info
2018-06-12 00:00:14,399 RCV reinforcement info
2018-06-12 00:00:14,701 RCV reinforcement info
2018-06-12 00:00:15,625 RCV reinforcement info
2018-06-12 00:00:16,079 RCV reinforcement info
2018-06-12 00:00:16,748 RCV reinforcement info
2018-06-12 00:00:16,892 RCV reinforcement info
2018-06-12 00:00:17,837 RCV reinforcement info
2018-06-12 00:00:18,796 RF found but not transmitted
2018-06-12 00:00:19,379 RCV reinforcement info
2018-06-12 00:00:19,419 RCV reinforcement info
2018-06-12 00:00:21,435 RCV reinforcement info
2018-06-12 00:00:21,637 RCV reinforcement info
2018-06-12 00:00:21,663 RCV reinforcement info
2018-06-12 00:00:23,843 RCV proposal
2018-06-12 00:00:23,846 appended honest propose a0054ab40e on top of ae2a64b454
2018-06-12 00:00:24,017 RCV reinforcement
2018-06-12 00:00:24,034 RCV reinforcement
2018-06-12 00:00:24,043 RCV reinforcement
2018-06-12 00:00:24,052 RCV reinforcement
2018-06-12 00:00:24,066 RCV reinforcement
2018-06-12 00:00:24,074 RCV reinforcement
2018-06-12 00:00:24,317 RCV reinforcement info
2018-06-12 00:00:24,395 RCV reinforcement
2018-06-12 00:00:25,451 RCV commit
2018-06-12 00:00:25,616 appended honest commit b1bd5cffc6 on top of a0054ab40e
2018-06-12 00:00:25,691 RF found but not transmitted
2018-06-12 00:00:25,897 Weight: 92.80649198276043 #RFs 32
2018-06-12 00:00:25,897 weight: 92.80649198276043
2018-06-12 00:00:25,899 , 92.80649198276043
2018-06-12 00:00:26,165 RCV reinforcement info
2018-06-12 00:00:26,195 RCV proposal
2018-06-12 00:00:26,198 appended malicious propose 57301f6128 on top of ae2a64b454
2018-06-12 00:00:26,199 REINFORCEMENT SENT state
2018-06-12 00:00:26,200 SNT reinforcement
2018-06-12 00:00:26,303 RCV reinforcement
2018-06-12 00:00:26,640 RCV reinforcement info
2018-06-12 00:00:27,063 RCV reinforcement info
2018-06-12 00:00:27,719 RCV commit
2018-06-12 00:00:27,852 appended malicious commit d51641870d on top of 57301f6128
2018-06-12 00:00:27,949 Weight: 90.72448140065198 #RFs 19
2018-06-12 00:00:27,949 weight: 90.72448140065198
2018-06-12 00:00:27,949 , 90.72448140065198
2018-06-12 00:00:27,952 MALICIOUS MINING state
2018-06-12 00:00:27,952 start mining - depth 25
2018-06-12 00:00:27,952 start mining - hash b1bd5cffc66d590ca23513d910730fac61b2fd10eeb4d392d56595b45eb157dd
2018-06-12 00:00:30,178 RCV reinforcement info
2018-06-12 00:00:30,364 RCV reinforcement info
2018-06-12 00:00:30,553 RCV reinforcement info
2018-06-12 00:00:31,794 RCV reinforcement info
2018-06-12 00:00:32,011 RF found but not transmitted
2018-06-12 00:00:32,267 RF found but not transmitted
2018-06-12 00:00:32,481 RCV reinforcement info
2018-06-12 00:00:33,418 RCV reinforcement info
2018-06-12 00:00:34,399 RF found but not transmitted
2018-06-12 00:00:34,779 RCV reinforcement info
2018-06-12 00:00:35,073 RCV reinforcement info
2018-06-12 00:00:35,290 RCV reinforcement info
2018-06-12 00:00:35,616 RCV reinforcement info
2018-06-12 00:00:36,080 RCV reinforcement info
2018-06-12 00:00:36,125 RCV reinforcement info
2018-06-12 00:00:36,280 RCV reinforcement info
2018-06-12 00:00:38,031 RCV reinforcement info
2018-06-12 00:00:38,462 RCV reinforcement info
2018-06-12 00:00:38,471 RCV reinforcement info
2018-06-12 00:00:40,637 RCV reinforcement info
2018-06-12 00:00:42,046 RCV reinforcement info
2018-06-12 00:00:42,945 RCV reinforcement info
2018-06-12 00:00:44,004 RCV reinforcement info
2018-06-12 00:00:44,322 RCV reinforcement info
2018-06-12 00:00:45,041 RCV reinforcement info
2018-06-12 00:00:45,181 RCV reinforcement info
2018-06-12 00:00:47,277 RCV proposal
2018-06-12 00:00:47,282 appended honest propose d89bd9f280 on top of b1bd5cffc6
2018-06-12 00:00:47,368 RF found but not transmitted
2018-06-12 00:00:47,578 RCV reinforcement
2018-06-12 00:00:47,681 RCV reinforcement
2018-06-12 00:00:47,716 RCV reinforcement
2018-06-12 00:00:47,749 RCV reinforcement
2018-06-12 00:00:47,847 RCV reinforcement
2018-06-12 00:00:47,851 RCV reinforcement
2018-06-12 00:00:48,840 RCV reinforcement info
2018-06-12 00:00:48,953 RCV reinforcement
2018-06-12 00:00:49,098 RCV reinforcement info
2018-06-12 00:00:49,116 RCV commit
2018-06-12 00:00:49,388 appended honest commit 2eb7a14f62 on top of d89bd9f280
2018-06-12 00:00:49,613 Weight: 98.99526848138028 #RFs 26
2018-06-12 00:00:49,613 weight: 98.99526848138028
2018-06-12 00:00:49,613 , 98.99526848138028
2018-06-12 00:00:49,617 start mining - depth 26
2018-06-12 00:00:49,618 start mining - hash 2eb7a14f623534fb388ad31a8737e06b748733664ba81ce26d0cde62bb2a29d6
2018-06-12 00:00:49,635 RCV reinforcement
2018-06-12 00:00:50,736 RCV proposal
2018-06-12 00:00:50,740 appended honest propose a8cab43428 on top of 2eb7a14f62
