2018-06-15 01:10:12,139 ---------------------------------------------------------
2018-06-15 01:10:12,140 MINING state
2018-06-15 01:10:13,163 start mining - depth 0
2018-06-15 01:10:13,164 start mining - hash 5ac81705aa477aebd6f6f81152aef4d9ef3e34bb3ae6a5fd1409070648d0764d
2018-06-15 01:10:13,949 RCV reinforcement info
2018-06-15 01:10:13,953 , 0.24197384159974303
2018-06-15 01:10:15,471 RCV reinforcement info
2018-06-15 01:10:15,477 , 0.34321120159595564
2018-06-15 01:10:16,054 RF found but not transmitted
2018-06-15 01:10:16,056 RF found
2018-06-15 01:10:16,058 SNT reinforcement_information
2018-06-15 01:10:16,157 RCV reinforcement info
2018-06-15 01:10:16,161 , 0.7034614618676748
2018-06-15 01:10:16,454 RCV reinforcement info
2018-06-15 01:10:16,457 , 0.9114860222175581
2018-06-15 01:10:16,667 RCV reinforcement info
2018-06-15 01:10:16,670 , 1.3227208340158931
2018-06-15 01:10:17,669 RCV reinforcement info
2018-06-15 01:10:17,673 , 1.4181989799482908
2018-06-15 01:10:17,849 RCV reinforcement info
2018-06-15 01:10:17,851 , 1.5626934199947922
2018-06-15 01:10:18,489 RCV reinforcement info
2018-06-15 01:10:18,492 , 1.6368232593064234
2018-06-15 01:10:18,884 RCV reinforcement info
2018-06-15 01:10:18,887 , 1.8026912734110465
2018-06-15 01:10:19,556 RF found but not transmitted
2018-06-15 01:10:19,557 RF found
2018-06-15 01:10:19,559 SNT reinforcement_information
2018-06-15 01:10:19,675 RCV reinforcement info
2018-06-15 01:10:19,679 , 1.9425889490945367
2018-06-15 01:10:19,873 RF found but not transmitted
2018-06-15 01:10:19,875 RF found
2018-06-15 01:10:19,876 SNT reinforcement_information
2018-06-15 01:10:21,424 RCV reinforcement info
2018-06-15 01:10:21,428 , 2.1425220223452235
2018-06-15 01:10:21,492 RCV reinforcement info
2018-06-15 01:10:21,496 , 2.265618377094116
2018-06-15 01:10:22,025 RCV reinforcement info
2018-06-15 01:10:22,027 , 2.482244934194244
2018-06-15 01:10:22,066 RCV reinforcement info
2018-06-15 01:10:22,070 , 2.5812682169330214
2018-06-15 01:10:23,129 RF found but not transmitted
2018-06-15 01:10:23,131 RF found
2018-06-15 01:10:23,133 SNT reinforcement_information
2018-06-15 01:10:23,428 RCV reinforcement info
2018-06-15 01:10:23,430 , 2.8174259163384523
2018-06-15 01:10:23,797 RCV proposal
2018-06-15 01:10:23,800 appended honest propose ea20ac0ed7 on top of 5ac81705aa
2018-06-15 01:10:23,800 REINFORCEMENT SENT state
2018-06-15 01:10:23,800 RFs > 0 
2018-06-15 01:10:23,802 SNT reinforcement
2018-06-15 01:10:23,948 RCV reinforcement
2018-06-15 01:10:23,957 RCV reinforcement
2018-06-15 01:10:23,961 RCV reinforcement
2018-06-15 01:10:23,968 RCV reinforcement
2018-06-15 01:10:24,158 RCV reinforcement info
2018-06-15 01:10:24,160 , 3.203822222252817
2018-06-15 01:10:24,196 RCV reinforcement
2018-06-15 01:10:25,004 RCV reinforcement info
2018-06-15 01:10:25,008 , 3.4361005757057286
2018-06-15 01:10:25,057 RCV reinforcement
2018-06-15 01:10:25,361 RCV commit
2018-06-15 01:10:25,473 appended honest commit 36a3810446 on top of ea20ac0ed7
2018-06-15 01:10:25,567 Weight: 4.436100575705727 #RFs 21
2018-06-15 01:10:25,568 weight: 4.436100575705727
2018-06-15 01:10:25,568 , 4.436100575705727
2018-06-15 01:10:25,568 MINING state
2018-06-15 01:10:25,568 start mining - depth 1
2018-06-15 01:10:25,569 start mining - hash 36a38104469510c599cc1df8786bdfaca018fb413529f1859ad35a21471e343b
2018-06-15 01:10:25,676 RCV proposal
2018-06-15 01:10:25,679 appended malicious propose 51df4df227 on top of 5ac81705aa
2018-06-15 01:10:25,727 RCV reinforcement
2018-06-15 01:10:25,741 RCV reinforcement
2018-06-15 01:10:26,630 RCV reinforcement
2018-06-15 01:10:27,073 RCV reinforcement info
2018-06-15 01:10:27,081 , 4.715781892838708
2018-06-15 01:10:27,122 RCV reinforcement info
2018-06-15 01:10:27,127 , 4.896311808963498
2018-06-15 01:10:27,202 RCV commit
2018-06-15 01:10:27,224 appended malicious commit 3f168d367e on top of 51df4df227
2018-06-15 01:10:27,244 Weight: 1.581693169909352 #RFs 4
2018-06-15 01:10:27,244 weight: 1.581693169909352
2018-06-15 01:10:27,244 , 1.581693169909352
2018-06-15 01:10:27,456 RCV reinforcement info
2018-06-15 01:10:27,461 , 5.344042986314504
2018-06-15 01:10:27,587 RCV reinforcement info
2018-06-15 01:10:27,591 , 5.443964677268715
2018-06-15 01:10:28,341 RF found but not transmitted
2018-06-15 01:10:28,343 RF found
2018-06-15 01:10:28,346 SNT reinforcement_information
2018-06-15 01:10:29,324 RCV reinforcement info
2018-06-15 01:10:29,329 , 5.75937294477192
2018-06-15 01:10:29,882 RCV reinforcement info
2018-06-15 01:10:29,887 , 6.662047313234209
2018-06-15 01:10:31,283 RCV reinforcement info
2018-06-15 01:10:31,288 , 6.7615847440452495
2018-06-15 01:10:31,800 RCV reinforcement info
2018-06-15 01:10:31,805 , 6.8532084337959756
2018-06-15 01:10:32,430 RCV reinforcement info
2018-06-15 01:10:32,435 , 6.948084210073176
2018-06-15 01:10:32,480 RCV proposal
2018-06-15 01:10:32,483 appended honest propose 4bc8e61e4c on top of 36a3810446
2018-06-15 01:10:32,483 REINFORCEMENT SENT state
2018-06-15 01:10:32,484 RFs > 0 
2018-06-15 01:10:32,485 SNT reinforcement
2018-06-15 01:10:32,629 RCV reinforcement
2018-06-15 01:10:32,644 RCV reinforcement
2018-06-15 01:10:32,664 RCV reinforcement
2018-06-15 01:10:32,689 RCV reinforcement
2018-06-15 01:10:32,694 RCV reinforcement
2018-06-15 01:10:32,983 RCV reinforcement info
2018-06-15 01:10:32,988 , 7.038834862035181
2018-06-15 01:10:33,042 RCV reinforcement
2018-06-15 01:10:33,501 RCV reinforcement info
2018-06-15 01:10:33,506 , 7.149982115495811
2018-06-15 01:10:33,562 RCV reinforcement
2018-06-15 01:10:34,019 RCV commit
2018-06-15 01:10:34,088 appended honest commit 9b0aaa8470 on top of 4bc8e61e4c
2018-06-15 01:10:34,156 Weight: 7.948084210073176 #RFs 10
2018-06-15 01:10:34,156 weight: 7.948084210073176
2018-06-15 01:10:34,156 , 7.948084210073176
2018-06-15 01:10:34,156 MINING state
2018-06-15 01:10:34,157 start mining - depth 2
2018-06-15 01:10:34,157 start mining - hash 9b0aaa8470e9af09883f15c0b34f5ecf871487d3ab1e9880a80f4e3086f21f39
2018-06-15 01:10:34,589 RCV reinforcement info
2018-06-15 01:10:34,594 , 8.04172659471452
2018-06-15 01:10:34,946 RCV reinforcement info
2018-06-15 01:10:34,951 , 8.291914375324662
2018-06-15 01:10:35,023 RCV reinforcement info
2018-06-15 01:10:35,026 , 8.385290573790343
2018-06-15 01:10:38,478 RCV reinforcement info
2018-06-15 01:10:38,486 , 8.470268024295647
2018-06-15 01:10:38,882 RF found but not transmitted
2018-06-15 01:10:38,883 RF found
2018-06-15 01:10:38,885 SNT reinforcement_information
2018-06-15 01:10:38,942 RCV reinforcement info
2018-06-15 01:10:38,952 , 8.785194145708772
2018-06-15 01:10:39,436 RCV reinforcement info
2018-06-15 01:10:39,441 , 8.86224863086404
2018-06-15 01:10:39,578 RCV reinforcement info
2018-06-15 01:10:39,583 , 9.044602625109674
2018-06-15 01:10:41,545 RCV reinforcement info
2018-06-15 01:10:41,552 , 9.254641513118177
2018-06-15 01:10:42,494 RCV reinforcement info
2018-06-15 01:10:42,499 , 9.321494517568789
2018-06-15 01:10:43,939 RCV reinforcement info
2018-06-15 01:10:43,951 , 9.39465643887574
2018-06-15 01:10:44,276 RF found but not transmitted
2018-06-15 01:10:44,281 RF found
2018-06-15 01:10:44,285 SNT reinforcement_information
2018-06-15 01:10:44,694 RF found but not transmitted
2018-06-15 01:10:44,696 RF found
2018-06-15 01:10:44,698 SNT reinforcement_information
2018-06-15 01:10:46,137 RCV reinforcement info
2018-06-15 01:10:46,140 , 9.687513736391525
2018-06-15 01:10:46,593 RF found but not transmitted
2018-06-15 01:10:46,595 RF found
2018-06-15 01:10:46,597 SNT reinforcement_information
2018-06-15 01:10:48,604 RCV reinforcement info
2018-06-15 01:10:48,608 , 10.001105346483246
2018-06-15 01:10:48,735 RCV reinforcement info
2018-06-15 01:10:48,745 , 10.169745359480936
2018-06-15 01:10:49,023 RCV reinforcement info
2018-06-15 01:10:49,030 , 10.23255667264462
2018-06-15 01:10:49,401 RF found but not transmitted
2018-06-15 01:10:49,403 RF found
2018-06-15 01:10:49,407 SNT reinforcement_information
2018-06-15 01:10:49,627 RCV reinforcement info
2018-06-15 01:10:49,631 , 10.526110046392693
2018-06-15 01:10:50,041 RCV reinforcement info
2018-06-15 01:10:50,052 , 10.59376555872297
2018-06-15 01:10:50,249 RCV reinforcement info
2018-06-15 01:10:50,253 , 10.690165131191048
2018-06-15 01:10:50,395 RCV reinforcement info
2018-06-15 01:10:50,400 , 10.775868867202114
2018-06-15 01:10:50,455 RCV reinforcement info
2018-06-15 01:10:50,460 , 10.882299248252625
2018-06-15 01:10:51,561 RCV reinforcement info
2018-06-15 01:10:51,566 , 10.965916860995543
2018-06-15 01:10:51,936 RCV reinforcement info
2018-06-15 01:10:51,939 , 11.075927058656013
2018-06-15 01:10:52,564 RCV reinforcement info
2018-06-15 01:10:52,569 , 11.177515364536333
2018-06-15 01:10:52,871 RCV proposal
2018-06-15 01:10:52,874 appended honest propose 87e1195b12 on top of 9b0aaa8470
2018-06-15 01:10:52,875 REINFORCEMENT SENT state
2018-06-15 01:10:52,875 RFs > 0 
2018-06-15 01:10:52,876 SNT reinforcement
2018-06-15 01:10:53,053 RCV reinforcement
2018-06-15 01:10:53,058 RCV reinforcement
2018-06-15 01:10:53,062 RCV reinforcement info
2018-06-15 01:10:53,068 , 12.067712619813161
2018-06-15 01:10:53,072 RCV reinforcement
2018-06-15 01:10:53,075 RCV reinforcement
2018-06-15 01:10:53,108 RCV reinforcement
2018-06-15 01:10:53,126 RF found but not transmitted
2018-06-15 01:10:53,130 SNT reinforcement_information
2018-06-15 01:10:53,211 SNT reinforcement
2018-06-15 01:10:53,329 RCV reinforcement info
2018-06-15 01:10:53,337 , 12.819701182415223
2018-06-15 01:10:53,341 RCV reinforcement
2018-06-15 01:10:53,397 RCV reinforcement info
2018-06-15 01:10:53,409 , 12.924855137202407
2018-06-15 01:10:53,493 RCV reinforcement
2018-06-15 01:10:54,483 RCV commit
2018-06-15 01:10:54,735 appended honest commit 04daf1efc5 on top of 87e1195b12
2018-06-15 01:10:54,945 Weight: 13.819701182415223 #RFs 30
2018-06-15 01:10:54,945 weight: 13.819701182415223
2018-06-15 01:10:54,945 , 13.819701182415223
2018-06-15 01:10:54,946 MINING state
2018-06-15 01:10:54,946 start mining - depth 3
2018-06-15 01:10:54,981 start mining - hash 04daf1efc5fa58079a2823163e7fdba9782ff7b558a3a2b180f26ac084edc26b
2018-06-15 01:10:55,167 RCV proposal
2018-06-15 01:10:55,171 appended malicious propose 641351dd8c on top of 9b0aaa8470
2018-06-15 01:10:55,342 RCV reinforcement
2018-06-15 01:10:55,375 RCV reinforcement
2018-06-15 01:10:55,442 RCV reinforcement info
2018-06-15 01:10:55,448 , 13.92240486419077
2018-06-15 01:10:55,482 RCV reinforcement info
2018-06-15 01:10:55,488 , 14.075105359161993
2018-06-15 01:10:55,552 RCV reinforcement info
2018-06-15 01:10:55,557 , 14.346850391920105
2018-06-15 01:10:55,681 RCV reinforcement info
2018-06-15 01:10:55,687 , 14.624247650313436
2018-06-15 01:10:56,485 RCV reinforcement info
2018-06-15 01:10:56,502 , 14.82277562921796
2018-06-15 01:10:56,506 RCV reinforcement info
2018-06-15 01:10:56,511 , 15.387511666492937
2018-06-15 01:10:56,662 RCV commit
2018-06-15 01:10:56,724 appended malicious commit 4de1dcd0a3 on top of 641351dd8c
2018-06-15 01:10:56,771 Weight: 10.407311138283776 #RFs 10
2018-06-15 01:10:56,771 weight: 10.407311138283776
2018-06-15 01:10:56,771 , 10.407311138283776
2018-06-15 01:10:57,052 RCV reinforcement info
2018-06-15 01:10:57,058 , 15.806568878894522
2018-06-15 01:10:58,786 RCV reinforcement info
2018-06-15 01:10:58,791 , 15.938139239843633
2018-06-15 01:10:58,815 RCV reinforcement info
2018-06-15 01:10:58,820 , 16.008263721462985
2018-06-15 01:10:59,340 RCV reinforcement info
2018-06-15 01:10:59,346 , 16.173740936319135
2018-06-15 01:10:59,708 RCV reinforcement info
2018-06-15 01:10:59,713 , 16.572037185339855
2018-06-15 01:10:59,878 RCV reinforcement info
2018-06-15 01:10:59,883 , 16.82598154240867
2018-06-15 01:11:00,140 RF found but not transmitted
2018-06-15 01:11:00,142 RF found
2018-06-15 01:11:00,144 SNT reinforcement_information
2018-06-15 01:11:00,328 RCV reinforcement info
2018-06-15 01:11:00,335 , 17.196649530754954
2018-06-15 01:11:00,416 RCV reinforcement info
2018-06-15 01:11:00,420 , 17.31353786541724
2018-06-15 01:11:00,786 RCV reinforcement info
2018-06-15 01:11:00,791 , 17.39984518955245
2018-06-15 01:11:01,051 RCV reinforcement info
2018-06-15 01:11:01,054 , 17.528972663795127
2018-06-15 01:11:01,293 RCV reinforcement info
2018-06-15 01:11:01,299 , 17.617578640451153
2018-06-15 01:11:01,607 RCV reinforcement info
2018-06-15 01:11:01,614 , 17.696450114758377
2018-06-15 01:11:01,842 RCV reinforcement info
2018-06-15 01:11:01,847 , 17.866000406388633
2018-06-15 01:11:04,081 RCV reinforcement info
2018-06-15 01:11:04,089 , 17.946195366572077
2018-06-15 01:11:04,264 RCV reinforcement info
2018-06-15 01:11:04,295 , 18.15689194558392
2018-06-15 01:11:04,426 RCV reinforcement info
2018-06-15 01:11:04,431 , 18.29659871993484
2018-06-15 01:11:04,860 RCV proposal
2018-06-15 01:11:04,864 appended honest propose 43041df77b on top of 04daf1efc5
2018-06-15 01:11:04,865 REINFORCEMENT SENT state
2018-06-15 01:11:04,865 RFs > 0 
2018-06-15 01:11:04,866 SNT reinforcement
2018-06-15 01:11:05,052 RCV reinforcement
2018-06-15 01:11:05,082 RCV reinforcement
2018-06-15 01:11:05,111 RCV reinforcement
2018-06-15 01:11:05,116 RCV reinforcement info
2018-06-15 01:11:05,127 , 18.371464792465805
2018-06-15 01:11:05,133 RCV reinforcement
2018-06-15 01:11:05,192 RCV reinforcement
2018-06-15 01:11:06,404 RF found but not transmitted
2018-06-15 01:11:06,408 RCV commit
2018-06-15 01:11:06,540 appended honest commit 5d456f21eb on top of 43041df77b
2018-06-15 01:11:06,693 Weight: 19.371464792465805 #RFs 24
2018-06-15 01:11:06,693 weight: 19.371464792465805
2018-06-15 01:11:06,693 , 19.371464792465805
2018-06-15 01:11:06,693 MINING state
2018-06-15 01:11:06,694 start mining - depth 4
2018-06-15 01:11:06,695 start mining - hash 5d456f21eb8dd5a18d949fbd2b6aa37e32e2e208ec2c18d0eee02432b808254a
2018-06-15 01:11:07,052 RF found but not transmitted
2018-06-15 01:11:07,055 RF found
2018-06-15 01:11:07,057 SNT reinforcement_information
2018-06-15 01:11:08,973 RF found but not transmitted
2018-06-15 01:11:08,976 RF found
2018-06-15 01:11:08,978 SNT reinforcement_information
2018-06-15 01:11:09,331 RF found but not transmitted
2018-06-15 01:11:09,333 RF found
2018-06-15 01:11:09,336 SNT reinforcement_information
2018-06-15 01:11:10,507 RCV reinforcement info
2018-06-15 01:11:10,521 , 19.826005473319128
2018-06-15 01:11:10,587 RCV reinforcement info
2018-06-15 01:11:10,590 , 19.91107630304384
2018-06-15 01:11:10,937 RCV reinforcement info
2018-06-15 01:11:10,941 , 19.980300335488135
2018-06-15 01:11:11,074 RCV reinforcement info
2018-06-15 01:11:11,078 , 20.057027333980376
2018-06-15 01:11:13,399 RCV reinforcement info
2018-06-15 01:11:13,403 , 20.122702090914128
2018-06-15 01:11:14,369 RCV reinforcement info
2018-06-15 01:11:14,374 , 20.224904765704252
2018-06-15 01:11:14,407 RCV reinforcement info
2018-06-15 01:11:14,411 , 20.297472420147162
2018-06-15 01:11:14,569 RCV reinforcement info
2018-06-15 01:11:14,574 , 20.419901813097837
2018-06-15 01:11:15,108 RCV reinforcement info
2018-06-15 01:11:15,112 , 20.637677231109688
2018-06-15 01:11:16,121 RCV reinforcement info
2018-06-15 01:11:16,126 , 20.771522476175026
2018-06-15 01:11:17,346 RCV reinforcement info
2018-06-15 01:11:17,351 , 20.86246709088363
2018-06-15 01:11:17,560 RCV reinforcement info
2018-06-15 01:11:17,566 , 20.935154013486635
2018-06-15 01:11:17,578 RCV reinforcement info
2018-06-15 01:11:17,583 , 20.99777108874425
2018-06-15 01:11:19,409 RCV reinforcement info
2018-06-15 01:11:19,415 , 21.129208685068757
2018-06-15 01:11:20,484 RCV reinforcement info
2018-06-15 01:11:20,489 , 21.24098114921837
2018-06-15 01:11:20,846 RCV reinforcement info
2018-06-15 01:11:20,851 , 21.391689243368234
2018-06-15 01:11:21,436 RCV reinforcement info
2018-06-15 01:11:21,440 , 21.47802613746407
2018-06-15 01:11:21,472 RCV reinforcement info
2018-06-15 01:11:21,477 , 21.574377876924572
2018-06-15 01:11:21,580 RCV proposal
2018-06-15 01:11:21,585 appended honest propose f5e079d542 on top of 5d456f21eb
2018-06-15 01:11:21,586 REINFORCEMENT SENT state
2018-06-15 01:11:21,586 RFs > 0 
2018-06-15 01:11:21,588 SNT reinforcement
2018-06-15 01:11:21,768 RCV reinforcement
2018-06-15 01:11:21,775 RCV reinforcement
2018-06-15 01:11:21,788 RCV reinforcement
2018-06-15 01:11:21,793 RCV reinforcement
2018-06-15 01:11:21,799 RCV reinforcement
2018-06-15 01:11:21,851 RCV reinforcement info
2018-06-15 01:11:21,857 , 21.639723201694345
2018-06-15 01:11:21,912 RCV reinforcement
2018-06-15 01:11:23,128 RCV commit
2018-06-15 01:11:23,239 appended honest commit e776660f9a on top of f5e079d542
2018-06-15 01:11:23,388 Weight: 22.639723201694345 #RFs 22
2018-06-15 01:11:23,389 weight: 22.639723201694345
2018-06-15 01:11:23,389 , 22.639723201694345
2018-06-15 01:11:23,389 MINING state
2018-06-15 01:11:23,389 start mining - depth 5
2018-06-15 01:11:23,390 start mining - hash e776660f9ac9b350ca2f020999b5d43c87cf6f194c6a671e5f2c50d414fcd390
2018-06-15 01:11:23,391 Hashing frequency: 3754
2018-06-15 01:11:23,550 RCV reinforcement info
2018-06-15 01:11:23,561 , 22.768892432680197
2018-06-15 01:11:24,255 RCV reinforcement info
2018-06-15 01:11:24,264 , 22.964487187461042
2018-06-15 01:11:24,415 RCV reinforcement info
2018-06-15 01:11:24,420 , 23.45024991793004
2018-06-15 01:11:24,785 RCV reinforcement info
2018-06-15 01:11:24,790 , 23.594630149357688
2018-06-15 01:11:24,946 RF found but not transmitted
2018-06-15 01:11:24,949 RF found
2018-06-15 01:11:24,952 SNT reinforcement_information
2018-06-15 01:11:26,880 RCV reinforcement info
2018-06-15 01:11:26,885 , 23.896524304912493
2018-06-15 01:11:27,970 RCV reinforcement info
2018-06-15 01:11:27,975 , 23.984439940303556
2018-06-15 01:11:28,490 RF found but not transmitted
2018-06-15 01:11:28,493 RF found
2018-06-15 01:11:28,496 SNT reinforcement_information
2018-06-15 01:11:29,009 RCV reinforcement info
2018-06-15 01:11:29,014 , 24.162823725204316
2018-06-15 01:11:29,992 RCV reinforcement info
2018-06-15 01:11:29,997 , 24.249928906355642
2018-06-15 01:11:30,636 RF found but not transmitted
2018-06-15 01:11:30,639 RCV reinforcement info
2018-06-15 01:11:30,644 , 24.532550821711343
2018-06-15 01:11:30,645 RF found
2018-06-15 01:11:30,646 SNT reinforcement_information
2018-06-15 01:11:32,208 RCV reinforcement info
2018-06-15 01:11:32,213 , 24.70895195861377
2018-06-15 01:11:32,337 RCV reinforcement info
2018-06-15 01:11:32,342 , 25.06046963357818
2018-06-15 01:11:32,618 RCV reinforcement info
2018-06-15 01:11:32,623 , 25.16952634852676
2018-06-15 01:11:32,884 RCV reinforcement info
2018-06-15 01:11:32,889 , 25.2431807504067
2018-06-15 01:11:33,248 RCV reinforcement info
2018-06-15 01:11:33,252 , 25.315633951179105
2018-06-15 01:11:33,264 RCV reinforcement info
2018-06-15 01:11:33,269 , 25.37975807231422
2018-06-15 01:11:33,340 RCV reinforcement info
2018-06-15 01:11:33,353 , 25.500426437257172
2018-06-15 01:11:33,614 RCV reinforcement info
2018-06-15 01:11:33,619 , 25.775932530668918
2018-06-15 01:11:34,099 RCV proposal
2018-06-15 01:11:34,102 appended honest propose 54ee4dcf3b on top of e776660f9a
2018-06-15 01:11:34,103 REINFORCEMENT SENT state
2018-06-15 01:11:34,103 RFs > 0 
2018-06-15 01:11:34,104 SNT reinforcement
2018-06-15 01:11:34,273 RCV reinforcement
2018-06-15 01:11:34,276 RCV reinforcement
2018-06-15 01:11:34,281 RCV reinforcement
2018-06-15 01:11:34,284 RCV reinforcement
2018-06-15 01:11:34,288 RCV reinforcement
2018-06-15 01:11:34,340 RCV reinforcement info
2018-06-15 01:11:34,345 , 26.32789217030858
2018-06-15 01:11:34,408 RCV reinforcement
2018-06-15 01:11:34,912 RCV reinforcement info
2018-06-15 01:11:34,917 , 26.407003044839325
2018-06-15 01:11:34,981 RCV reinforcement
2018-06-15 01:11:35,691 RCV commit
2018-06-15 01:11:35,820 appended honest commit 7613c4e102 on top of 54ee4dcf3b
2018-06-15 01:11:35,967 Weight: 27.40700304483933 #RFs 22
2018-06-15 01:11:35,967 weight: 27.40700304483933
2018-06-15 01:11:35,969 , 27.40700304483933
2018-06-15 01:11:35,969 MINING state
2018-06-15 01:11:35,969 start mining - depth 6
2018-06-15 01:11:35,970 start mining - hash 7613c4e102b1503ee169ad5d74e16cad1d007798d5651ba8ec3164a033c0c517
2018-06-15 01:11:36,074 RCV proposal
2018-06-15 01:11:36,078 appended malicious propose e8492fc6d2 on top of e776660f9a
2018-06-15 01:11:36,143 RCV reinforcement
2018-06-15 01:11:36,156 RCV reinforcement
2018-06-15 01:11:36,681 RCV reinforcement info
2018-06-15 01:11:36,690 , 27.493871605591714
2018-06-15 01:11:36,795 RCV reinforcement info
2018-06-15 01:11:36,800 , 27.584031396006957
2018-06-15 01:11:36,877 RCV reinforcement info
2018-06-15 01:11:36,884 , 28.109033701096088
2018-06-15 01:11:37,618 RCV commit
2018-06-15 01:11:37,656 appended malicious commit 1d4f485f17 on top of e8492fc6d2
2018-06-15 01:11:37,719 Weight: 24.71004946504014 #RFs 7
2018-06-15 01:11:37,721 weight: 24.71004946504014
2018-06-15 01:11:37,721 , 24.71004946504014
2018-06-15 01:11:38,185 RF found but not transmitted
2018-06-15 01:11:38,186 RF found
2018-06-15 01:11:38,187 SNT reinforcement_information
2018-06-15 01:11:38,238 RCV reinforcement info
2018-06-15 01:11:38,260 , 28.299611503646197
2018-06-15 01:11:38,618 RCV reinforcement info
2018-06-15 01:11:38,623 , 28.501203239064992
2018-06-15 01:11:38,856 RCV reinforcement info
2018-06-15 01:11:38,861 , 28.671472662638035
2018-06-15 01:11:39,567 RCV reinforcement info
2018-06-15 01:11:39,570 , 28.779853293718368
2018-06-15 01:11:39,958 RCV reinforcement info
2018-06-15 01:11:39,963 , 29.469274065119546
2018-06-15 01:11:41,744 RCV reinforcement info
2018-06-15 01:11:41,749 , 29.597537112476722
2018-06-15 01:11:42,540 RCV reinforcement info
2018-06-15 01:11:42,545 , 29.688775180116245
2018-06-15 01:11:42,957 RCV reinforcement info
2018-06-15 01:11:42,962 , 30.111692350918055
2018-06-15 01:11:43,502 RCV reinforcement info
2018-06-15 01:11:43,508 , 30.20166178665511
2018-06-15 01:11:43,879 RCV proposal
2018-06-15 01:11:43,883 appended honest propose 8bfa506b41 on top of 7613c4e102
2018-06-15 01:11:43,883 REINFORCEMENT SENT state
2018-06-15 01:11:43,884 RFs > 0 
2018-06-15 01:11:43,885 SNT reinforcement
2018-06-15 01:11:44,030 RCV reinforcement
2018-06-15 01:11:44,040 RCV reinforcement
2018-06-15 01:11:44,047 RCV reinforcement
2018-06-15 01:11:44,067 RCV reinforcement
2018-06-15 01:11:44,074 RCV reinforcement
2018-06-15 01:11:45,169 RCV reinforcement info
2018-06-15 01:11:45,177 , 30.333999929240466
2018-06-15 01:11:45,227 RCV reinforcement
2018-06-15 01:11:45,437 RCV commit
2018-06-15 01:11:45,536 appended honest commit de602e0e13 on top of 8bfa506b41
2018-06-15 01:11:45,604 Weight: 31.333999929240466 #RFs 14
2018-06-15 01:11:45,605 weight: 31.333999929240466
2018-06-15 01:11:45,605 , 31.333999929240466
2018-06-15 01:11:45,605 MINING state
2018-06-15 01:11:45,605 start mining - depth 7
2018-06-15 01:11:45,607 start mining - hash de602e0e13f87f68369f14564f772a96a890c218073cacfd244bdd598dedcbce
2018-06-15 01:11:45,811 RCV proposal
2018-06-15 01:11:45,814 appended honest propose 5d072ebc37 on top of de602e0e13
2018-06-15 01:11:45,815 REINFORCEMENT SENT state
2018-06-15 01:11:47,316 RCV commit
2018-06-15 01:11:47,316 appended honest commit e6b5cb9087 on top of 5d072ebc37
2018-06-15 01:11:47,317 Weight: 32.33399992924046 #RFs 0
2018-06-15 01:11:47,317 weight: 32.33399992924046
2018-06-15 01:11:47,317 , 32.33399992924046
2018-06-15 01:11:47,317 MINING state
2018-06-15 01:11:47,317 start mining - depth 8
2018-06-15 01:11:47,317 start mining - hash e6b5cb9087e35c3ec2bb1ec7b20289add2b7fda647276d46e07af77afc76ebd3
2018-06-15 01:11:48,144 RCV reinforcement info
2018-06-15 01:11:48,149 , 32.42214265534741
2018-06-15 01:11:48,204 RCV reinforcement info
2018-06-15 01:11:48,208 , 32.63191910673364
2018-06-15 01:11:48,903 RCV reinforcement info
2018-06-15 01:11:48,907 , 33.43975854792007
2018-06-15 01:11:49,241 RCV reinforcement info
2018-06-15 01:11:49,249 , 33.504951519262576
2018-06-15 01:11:49,250 RF found but not transmitted
2018-06-15 01:11:49,251 RF found
2018-06-15 01:11:49,255 SNT reinforcement_information
2018-06-15 01:11:50,197 RF found but not transmitted
2018-06-15 01:11:50,198 RF found
2018-06-15 01:11:50,200 SNT reinforcement_information
2018-06-15 01:11:50,463 RCV reinforcement info
2018-06-15 01:11:50,467 , 34.51221109375622
2018-06-15 01:11:51,969 RCV proposal
2018-06-15 01:11:51,971 appended honest propose 184c23b76b on top of e6b5cb9087
2018-06-15 01:11:51,971 REINFORCEMENT SENT state
2018-06-15 01:11:51,972 RFs > 0 
2018-06-15 01:11:51,973 SNT reinforcement
2018-06-15 01:11:52,151 RCV reinforcement
2018-06-15 01:11:52,156 RCV reinforcement
2018-06-15 01:11:52,160 RCV reinforcement
2018-06-15 01:11:53,505 RCV commit
2018-06-15 01:11:53,549 appended honest commit e435857a21 on top of 184c23b76b
2018-06-15 01:11:53,592 Weight: 35.51221109375622 #RFs 7
2018-06-15 01:11:53,595 weight: 35.51221109375622
2018-06-15 01:11:53,596 , 35.51221109375622
2018-06-15 01:11:53,614 MINING state
2018-06-15 01:11:53,614 start mining - depth 9
2018-06-15 01:11:53,614 start mining - hash e435857a211cf7b1b96be8d35cf65fd7211964da983ca13b8e65eb8b104e715f
2018-06-15 01:11:53,754 RCV proposal
2018-06-15 01:11:53,757 appended malicious propose d4c770f5d6 on top of e6b5cb9087
2018-06-15 01:11:53,824 RCV reinforcement
2018-06-15 01:11:53,838 RCV reinforcement
2018-06-15 01:11:54,508 RCV reinforcement info
2018-06-15 01:11:54,512 , 35.64875800173583
2018-06-15 01:11:54,866 RCV reinforcement info
2018-06-15 01:11:54,870 , 35.733391691628555
2018-06-15 01:11:55,270 RCV proposal
2018-06-15 01:11:55,273 appended honest propose ecb5fd78d9 on top of e435857a21
2018-06-15 01:11:55,273 REINFORCEMENT SENT state
2018-06-15 01:11:55,295 RF found but not transmitted
2018-06-15 01:11:55,299 SNT reinforcement_information
2018-06-15 01:11:55,325 RF found but not transmitted
2018-06-15 01:11:55,449 SNT reinforcement
2018-06-15 01:11:55,530 RCV commit
2018-06-15 01:11:55,535 appended malicious commit 292a664b11 on top of d4c770f5d6
2018-06-15 01:11:55,538 Weight: 34.099157109198025 #RFs 3
2018-06-15 01:11:55,538 weight: 34.099157109198025
2018-06-15 01:11:55,538 , 34.099157109198025
2018-06-15 01:11:55,543 RCV reinforcement
2018-06-15 01:11:55,548 RCV reinforcement
2018-06-15 01:11:55,551 SNT reinforcement_information
2018-06-15 01:11:55,688 SNT reinforcement
2018-06-15 01:11:56,809 RCV commit
2018-06-15 01:11:56,837 appended honest commit 5ddbec2265 on top of ecb5fd78d9
2018-06-15 01:11:56,866 Weight: 36.9331731467118 #RFs 4
2018-06-15 01:11:56,866 weight: 36.9331731467118
2018-06-15 01:11:56,897 , 36.9331731467118
2018-06-15 01:11:56,898 MINING state
2018-06-15 01:11:56,898 start mining - depth 10
2018-06-15 01:11:56,899 start mining - hash 5ddbec22657369666f957cf0feea781a371482c1b54835ffb939031b3b7f9ae7
2018-06-15 01:11:57,941 RCV reinforcement info
2018-06-15 01:11:57,945 , 37.07659801137022
2018-06-15 01:11:57,958 RF found but not transmitted
2018-06-15 01:11:57,959 hash found
2018-06-15 01:11:57,962 appended honest propose 9181413c1e on top of 5ddbec2265
2018-06-15 01:11:57,962 REINFORCEMENT COLLECTING state
2018-06-15 01:11:57,962 SNT proposal
2018-06-15 01:11:58,042 RCV reinforcement info
2018-06-15 01:11:58,046 , 37.14810448915055
2018-06-15 01:11:58,112 RCV reinforcement
2018-06-15 01:11:58,116 RCV reinforcement
2018-06-15 01:11:58,708 RF found but not transmitted
2018-06-15 01:11:58,711 SNT reinforcement_information
2018-06-15 01:11:58,732 RF found but not transmitted
2018-06-15 01:11:58,777 SNT reinforcement
2018-06-15 01:11:58,861 SNT reinforcement_information
2018-06-15 01:11:58,912 SNT reinforcement
2018-06-15 01:11:59,464 commit with 2 reinforcements
2018-06-15 01:11:59,472 appended honest commit 103266589f on top of 9181413c1e
2018-06-15 01:11:59,475 Weight: 38.14810448915055 #RFs 2
2018-06-15 01:11:59,475 weight: 38.14810448915055
2018-06-15 01:11:59,475 , 38.14810448915055
2018-06-15 01:11:59,475 MINING state
2018-06-15 01:11:59,475 start mining - depth 11
2018-06-15 01:11:59,475 start mining - hash 103266589f0a044a580f38c73bb75f535e4013c62cec8d8eaac7d13fd9714121
2018-06-15 01:11:59,476 SNT commit
2018-06-15 01:11:59,686 RCV reinforcement info
2018-06-15 01:11:59,688 , 38.221345283689296
2018-06-15 01:11:59,972 RF found but not transmitted
2018-06-15 01:12:00,499 RCV reinforcement info
2018-06-15 01:12:00,504 , 38.28521057889067
2018-06-15 01:12:01,374 RCV reinforcement info
2018-06-15 01:12:01,379 , 38.450036190583205
2018-06-15 01:12:01,791 RCV reinforcement info
2018-06-15 01:12:01,795 , 38.532625966773125
2018-06-15 01:12:01,839 RCV reinforcement info
2018-06-15 01:12:01,843 , 38.599987228115076
2018-06-15 01:12:02,350 RCV reinforcement info
2018-06-15 01:12:02,356 , 38.67993098132342
2018-06-15 01:12:03,375 RCV reinforcement info
2018-06-15 01:12:03,382 , 38.77355051279898
2018-06-15 01:12:03,916 RCV reinforcement info
2018-06-15 01:12:03,922 , 38.85096631344157
2018-06-15 01:12:06,225 RCV reinforcement info
2018-06-15 01:12:06,229 , 38.928030746151535
2018-06-15 01:12:06,405 RCV reinforcement info
2018-06-15 01:12:06,412 , 39.02589253259085
2018-06-15 01:12:06,535 RCV reinforcement info
2018-06-15 01:12:06,541 , 39.08895766705282
2018-06-15 01:12:07,135 RCV reinforcement info
2018-06-15 01:12:07,142 , 39.15187637646577
2018-06-15 01:12:07,317 RCV reinforcement info
2018-06-15 01:12:07,325 , 39.4371291933883
2018-06-15 01:12:08,030 RCV reinforcement info
2018-06-15 01:12:08,041 , 39.569285888945245
2018-06-15 01:12:08,681 RCV reinforcement info
2018-06-15 01:12:08,686 , 39.704511930262036
2018-06-15 01:12:08,777 RF found but not transmitted
2018-06-15 01:12:08,829 RF found but not transmitted
2018-06-15 01:12:08,832 RF found
2018-06-15 01:12:08,834 SNT reinforcement_information
2018-06-15 01:12:08,966 RCV reinforcement info
2018-06-15 01:12:08,971 , 39.88581768724055
2018-06-15 01:12:09,160 RCV reinforcement info
2018-06-15 01:12:09,165 , 40.19746826142717
2018-06-15 01:12:09,717 RF found but not transmitted
2018-06-15 01:12:09,756 RCV reinforcement info
2018-06-15 01:12:09,760 , 40.49787616907185
2018-06-15 01:12:10,582 RF found but not transmitted
2018-06-15 01:12:12,181 RF found but not transmitted
2018-06-15 01:12:12,743 RCV reinforcement info
2018-06-15 01:12:12,749 , 40.68888004533938
2018-06-15 01:12:13,506 RCV reinforcement info
2018-06-15 01:12:13,510 , 40.90410641987844
2018-06-15 01:12:13,718 RCV reinforcement info
2018-06-15 01:12:13,725 , 40.996429157321266
2018-06-15 01:12:13,887 RCV reinforcement info
2018-06-15 01:12:13,892 , 41.12334081017027
2018-06-15 01:12:14,996 RCV reinforcement info
2018-06-15 01:12:15,000 , 41.66934616165868
2018-06-15 01:12:15,031 RCV proposal
2018-06-15 01:12:15,034 appended honest propose f08e2ff2c4 on top of 103266589f
2018-06-15 01:12:15,034 REINFORCEMENT SENT state
2018-06-15 01:12:15,034 RFs > 0 
2018-06-15 01:12:15,036 SNT reinforcement
2018-06-15 01:12:15,306 RCV reinforcement
2018-06-15 01:12:15,323 RCV reinforcement
2018-06-15 01:12:15,329 RCV reinforcement
2018-06-15 01:12:15,332 RCV reinforcement
2018-06-15 01:12:15,348 RCV reinforcement
2018-06-15 01:12:15,460 RCV reinforcement info
2018-06-15 01:12:15,467 , 41.75743337800682
2018-06-15 01:12:15,547 RCV reinforcement
2018-06-15 01:12:16,198 RF found but not transmitted
2018-06-15 01:12:16,204 SNT reinforcement_information
2018-06-15 01:12:16,265 SNT reinforcement
2018-06-15 01:12:16,570 RCV commit
2018-06-15 01:12:16,736 appended honest commit 04d699bf99 on top of f08e2ff2c4
2018-06-15 01:12:16,869 Weight: 42.995372655638306 #RFs 25
2018-06-15 01:12:16,869 weight: 42.995372655638306
2018-06-15 01:12:16,869 , 42.995372655638306
2018-06-15 01:12:16,869 MINING state
2018-06-15 01:12:16,870 start mining - depth 12
2018-06-15 01:12:16,870 start mining - hash 04d699bf99fc5f44e9f7a4338eae7c392fb03529532ad7dcf6323c68564fb6b9
2018-06-15 01:12:17,071 RCV proposal
2018-06-15 01:12:17,076 appended malicious propose e69a710c71 on top of 103266589f
2018-06-15 01:12:17,177 RCV reinforcement
2018-06-15 01:12:17,190 RCV reinforcement
2018-06-15 01:12:17,500 RCV reinforcement
2018-06-15 01:12:18,110 RCV reinforcement
2018-06-15 01:12:18,413 RCV reinforcement info
2018-06-15 01:12:18,417 , 43.10897621344691
2018-06-15 01:12:18,630 RCV commit
2018-06-15 01:12:18,734 appended malicious commit f9dbdba5bc on top of e69a710c71
2018-06-15 01:12:18,760 Weight: 41.41663006673219 #RFs 11
2018-06-15 01:12:18,760 weight: 41.41663006673219
2018-06-15 01:12:18,761 , 41.41663006673219
2018-06-15 01:12:18,859 RCV reinforcement info
2018-06-15 01:12:18,864 , 43.21206281999477
2018-06-15 01:12:19,017 RF found but not transmitted
2018-06-15 01:12:19,219 RCV reinforcement info
2018-06-15 01:12:19,234 , 43.274573371688845
2018-06-15 01:12:19,546 RF found but not transmitted
2018-06-15 01:12:19,925 RF found but not transmitted
2018-06-15 01:12:19,927 RF found
2018-06-15 01:12:19,930 SNT reinforcement_information
2018-06-15 01:12:20,063 RCV reinforcement
2018-06-15 01:12:20,081 RCV proposal
2018-06-15 01:12:20,083 appended honest propose 62bdbf71dd on top of 04d699bf99
2018-06-15 01:12:20,083 REINFORCEMENT SENT state
2018-06-15 01:12:20,083 RFs > 0 
2018-06-15 01:12:20,084 SNT reinforcement
2018-06-15 01:12:20,558 RCV reinforcement info
2018-06-15 01:12:20,570 , 43.61034270607718
2018-06-15 01:12:20,638 RCV reinforcement
2018-06-15 01:12:20,746 RCV reinforcement info
2018-06-15 01:12:20,752 , 43.91129273582262
2018-06-15 01:12:20,838 RCV reinforcement info
2018-06-15 01:12:20,843 , 44.02914946844191
2018-06-15 01:12:20,872 RCV reinforcement
2018-06-15 01:12:20,876 RCV reinforcement info
2018-06-15 01:12:20,881 , 44.09459205655598
2018-06-15 01:12:20,959 RCV reinforcement
2018-06-15 01:12:20,992 RCV reinforcement
2018-06-15 01:12:21,457 RCV commit
2018-06-15 01:12:21,524 appended honest commit 95e5218f43 on top of 62bdbf71dd
2018-06-15 01:12:21,561 Weight: 45.02914946844191 #RFs 7
2018-06-15 01:12:21,562 weight: 45.02914946844191
2018-06-15 01:12:21,562 , 45.02914946844191
2018-06-15 01:12:21,562 MINING state
2018-06-15 01:12:21,564 start mining - depth 13
2018-06-15 01:12:21,564 start mining - hash 95e5218f43439ad5194cd7393c190f2eb760c570ddcd6dd424a18135eb96671d
2018-06-15 01:12:21,805 RCV reinforcement info
2018-06-15 01:12:21,813 , 45.164913670613345
2018-06-15 01:12:22,374 RCV reinforcement info
2018-06-15 01:12:22,378 , 45.231141091417285
2018-06-15 01:12:22,690 RF found but not transmitted
2018-06-15 01:12:22,692 RF found
2018-06-15 01:12:22,694 SNT reinforcement_information
2018-06-15 01:12:23,160 RCV reinforcement info
2018-06-15 01:12:23,166 , 45.812294739906555
2018-06-15 01:12:23,860 RCV reinforcement info
2018-06-15 01:12:23,865 , 45.91989295916763
2018-06-15 01:12:24,364 RCV reinforcement info
2018-06-15 01:12:24,370 , 45.98603802498422
2018-06-15 01:12:24,691 RCV reinforcement info
2018-06-15 01:12:24,696 , 46.08070500284278
2018-06-15 01:12:27,150 RCV reinforcement info
2018-06-15 01:12:27,156 , 46.145473015024
2018-06-15 01:12:27,344 RCV reinforcement info
2018-06-15 01:12:27,349 , 46.22406671512297
2018-06-15 01:12:27,525 RCV reinforcement info
2018-06-15 01:12:27,530 , 46.368596140803916
2018-06-15 01:12:29,475 RCV reinforcement info
2018-06-15 01:12:29,480 , 46.44866466916833
2018-06-15 01:12:29,868 RCV proposal
2018-06-15 01:12:29,871 appended honest propose a2894d3500 on top of 95e5218f43
2018-06-15 01:12:29,872 REINFORCEMENT SENT state
2018-06-15 01:12:29,872 RFs > 0 
2018-06-15 01:12:29,873 SNT reinforcement
2018-06-15 01:12:30,030 RCV reinforcement
2018-06-15 01:12:30,054 RCV reinforcement
2018-06-15 01:12:30,058 RCV reinforcement
2018-06-15 01:12:30,062 RCV reinforcement
2018-06-15 01:12:30,229 RCV reinforcement info
2018-06-15 01:12:30,237 , 47.24618845409766
2018-06-15 01:12:30,328 RCV reinforcement info
2018-06-15 01:12:30,347 , 47.649167684674296
2018-06-15 01:12:30,354 RCV reinforcement
2018-06-15 01:12:30,398 RF found but not transmitted
2018-06-15 01:12:30,431 RCV reinforcement
2018-06-15 01:12:30,630 RCV reinforcement info
2018-06-15 01:12:30,637 , 47.718496734154456
2018-06-15 01:12:30,696 RCV reinforcement
2018-06-15 01:12:30,778 RCV reinforcement info
2018-06-15 01:12:30,795 , 47.98125106572341
2018-06-15 01:12:30,838 RCV reinforcement
2018-06-15 01:12:30,880 RF found but not transmitted
2018-06-15 01:12:30,886 SNT reinforcement_information
2018-06-15 01:12:30,938 SNT reinforcement
2018-06-15 01:12:31,099 RF found but not transmitted
2018-06-15 01:12:31,273 RCV reinforcement info
2018-06-15 01:12:31,278 , 49.06673425920673
2018-06-15 01:12:31,338 RCV reinforcement
2018-06-15 01:12:31,451 RCV commit
2018-06-15 01:12:31,577 appended honest commit bf7548305b on top of a2894d3500
2018-06-15 01:12:31,678 Weight: 49.18372728079408 #RFs 15
2018-06-15 01:12:31,678 weight: 49.18372728079408
2018-06-15 01:12:31,678 , 49.18372728079408
2018-06-15 01:12:31,678 MINING state
2018-06-15 01:12:31,679 start mining - depth 14
2018-06-15 01:12:31,679 start mining - hash bf7548305b9f632ef63d47eda7f40112b6b17960e812fd928f79f4333b705196
2018-06-15 01:12:31,679 Hashing frequency: 5335
2018-06-15 01:12:33,592 RF found but not transmitted
2018-06-15 01:12:33,594 RF found
2018-06-15 01:12:33,597 SNT reinforcement_information
2018-06-15 01:12:34,287 RF found but not transmitted
2018-06-15 01:12:34,519 RCV reinforcement info
2018-06-15 01:12:34,525 , 49.669182863597264
2018-06-15 01:12:34,708 RCV reinforcement info
2018-06-15 01:12:34,714 , 49.74800560236139
2018-06-15 01:12:34,779 RCV reinforcement info
2018-06-15 01:12:34,784 , 49.8957080634329
2018-06-15 01:12:35,067 RCV reinforcement info
2018-06-15 01:12:35,072 , 50.07366227977551
2018-06-15 01:12:35,114 RF found but not transmitted
2018-06-15 01:12:35,116 RF found
2018-06-15 01:12:35,118 SNT reinforcement_information
2018-06-15 01:12:35,365 RCV proposal
2018-06-15 01:12:35,374 appended honest propose 6a3f8cc5f0 on top of bf7548305b
2018-06-15 01:12:35,375 REINFORCEMENT SENT state
2018-06-15 01:12:35,375 RFs > 0 
2018-06-15 01:12:35,376 SNT reinforcement
2018-06-15 01:12:35,519 RCV reinforcement
2018-06-15 01:12:35,525 RCV reinforcement
2018-06-15 01:12:35,528 RCV reinforcement
2018-06-15 01:12:35,785 RF found but not transmitted
2018-06-15 01:12:36,893 RCV commit
2018-06-15 01:12:36,948 appended honest commit a63b068fd0 on top of 6a3f8cc5f0
2018-06-15 01:12:36,961 Weight: 51.20162397737198 #RFs 6
2018-06-15 01:12:36,961 weight: 51.20162397737198
2018-06-15 01:12:36,961 , 51.20162397737198
2018-06-15 01:12:36,961 MINING state
2018-06-15 01:12:36,961 start mining - depth 15
2018-06-15 01:12:36,962 start mining - hash a63b068fd031e4f3d83f74ccf7e0c8d99e831347f8faa2b107842f3b7f4cac5f
2018-06-15 01:12:37,129 RCV proposal
2018-06-15 01:12:37,132 appended malicious propose 6ce69341da on top of bf7548305b
2018-06-15 01:12:37,209 RCV reinforcement
2018-06-15 01:12:37,581 RCV reinforcement
2018-06-15 01:12:37,718 RF found but not transmitted
2018-06-15 01:12:38,166 RCV proposal
2018-06-15 01:12:38,168 appended honest propose 82070aaab1 on top of a63b068fd0
2018-06-15 01:12:38,169 REINFORCEMENT SENT state
2018-06-15 01:12:38,634 RCV commit
2018-06-15 01:12:38,647 appended malicious commit 056ccb45c4 on top of 6ce69341da
2018-06-15 01:12:38,671 Weight: 50.93085852675665 #RFs 4
2018-06-15 01:12:38,672 weight: 50.93085852675665
2018-06-15 01:12:38,672 , 50.93085852675665
2018-06-15 01:12:38,767 RCV reinforcement info
2018-06-15 01:12:38,776 , 51.44251474864978
2018-06-15 01:12:38,865 RCV reinforcement
2018-06-15 01:12:39,678 RCV commit
2018-06-15 01:12:39,681 appended honest commit 249cd471d7 on top of 82070aaab1
2018-06-15 01:12:39,683 Weight: 52.44251474864978 #RFs 1
2018-06-15 01:12:39,683 weight: 52.44251474864978
2018-06-15 01:12:39,683 , 52.44251474864978
2018-06-15 01:12:39,692 MINING state
2018-06-15 01:12:39,696 start mining - depth 16
2018-06-15 01:12:39,696 start mining - hash 249cd471d7839455b6a2bbed7184275ffdb40599319781e9067e0327f5f1d277
2018-06-15 01:12:39,944 RCV reinforcement info
2018-06-15 01:12:39,948 , 52.50528991602907
2018-06-15 01:12:40,231 RCV reinforcement info
2018-06-15 01:12:40,235 , 52.60566286977398
2018-06-15 01:12:40,445 RCV reinforcement info
2018-06-15 01:12:40,448 , 52.695904626928396
2018-06-15 01:12:40,685 RF found but not transmitted
2018-06-15 01:12:40,688 RF found
2018-06-15 01:12:40,690 SNT reinforcement_information
2018-06-15 01:12:41,114 RCV reinforcement info
2018-06-15 01:12:41,117 , 53.08473581741705
2018-06-15 01:12:41,470 RF found but not transmitted
2018-06-15 01:12:41,471 RF found
2018-06-15 01:12:41,472 SNT reinforcement_information
2018-06-15 01:12:41,669 RCV reinforcement info
2018-06-15 01:12:41,673 , 53.289495309914344
2018-06-15 01:12:41,692 RF found but not transmitted
2018-06-15 01:12:41,985 RCV reinforcement info
2018-06-15 01:12:41,989 , 53.36227746494695
2018-06-15 01:12:42,021 RF found but not transmitted
2018-06-15 01:12:42,953 RCV proposal
2018-06-15 01:12:42,955 appended honest propose 50ba7bd4ab on top of 249cd471d7
2018-06-15 01:12:42,955 REINFORCEMENT SENT state
2018-06-15 01:12:42,956 RFs > 0 
2018-06-15 01:12:42,957 SNT reinforcement
2018-06-15 01:12:43,063 RCV reinforcement
2018-06-15 01:12:43,083 RCV reinforcement
2018-06-15 01:12:43,106 RCV reinforcement
2018-06-15 01:12:43,822 RCV reinforcement info
2018-06-15 01:12:43,826 , 53.43885101089789
2018-06-15 01:12:43,914 RCV reinforcement
2018-06-15 01:12:44,116 RCV reinforcement info
2018-06-15 01:12:44,124 , 53.58548957156545
2018-06-15 01:12:44,176 RCV reinforcement
2018-06-15 01:12:44,431 RF found but not transmitted
2018-06-15 01:12:44,495 RCV commit
2018-06-15 01:12:44,564 appended honest commit 761c749648 on top of 50ba7bd4ab
2018-06-15 01:12:44,606 Weight: 54.58548957156545 #RFs 10
2018-06-15 01:12:44,606 weight: 54.58548957156545
2018-06-15 01:12:44,611 , 54.58548957156545
2018-06-15 01:12:44,612 MINING state
2018-06-15 01:12:44,612 start mining - depth 17
2018-06-15 01:12:44,613 start mining - hash 761c7496481c59333426ae5ef9f5097375b14cd891701c362e922c3c21f8a59b
2018-06-15 01:12:44,623 RF found but not transmitted
2018-06-15 01:12:44,661 RCV reinforcement info
2018-06-15 01:12:44,676 , 54.696306317102845
2018-06-15 01:12:45,024 RCV reinforcement info
2018-06-15 01:12:45,029 , 55.26834660356608
2018-06-15 01:12:45,424 RCV reinforcement info
2018-06-15 01:12:45,429 , 55.33114808535489
2018-06-15 01:12:45,539 RCV reinforcement info
2018-06-15 01:12:45,543 , 55.42034475566927
2018-06-15 01:12:47,612 RCV reinforcement info
2018-06-15 01:12:47,615 , 55.684704654711254
2018-06-15 01:12:50,052 RCV reinforcement info
2018-06-15 01:12:50,057 , 55.834149795135
2018-06-15 01:12:50,107 RF found but not transmitted
2018-06-15 01:12:50,108 RF found
2018-06-15 01:12:50,109 SNT reinforcement_information
2018-06-15 01:12:50,181 RCV reinforcement info
2018-06-15 01:12:50,186 , 56.548961903210426
2018-06-15 01:12:50,709 RCV reinforcement info
2018-06-15 01:12:50,713 , 57.26616937044134
2018-06-15 01:12:50,832 RF found but not transmitted
2018-06-15 01:12:50,997 RF found but not transmitted
2018-06-15 01:12:50,999 RF found
2018-06-15 01:12:51,003 SNT reinforcement_information
2018-06-15 01:12:54,247 RCV reinforcement info
2018-06-15 01:12:54,252 , 57.63114051846143
2018-06-15 01:12:54,821 RCV reinforcement info
2018-06-15 01:12:54,825 , 57.72623313226692
2018-06-15 01:12:55,278 RCV reinforcement info
2018-06-15 01:12:55,282 , 58.13493722463018
2018-06-15 01:12:55,603 RCV reinforcement info
2018-06-15 01:12:55,606 , 58.30996675861854
2018-06-15 01:12:56,152 RCV reinforcement info
2018-06-15 01:12:56,156 , 58.40373708351853
2018-06-15 01:12:56,469 RCV reinforcement info
2018-06-15 01:12:56,473 , 58.599225733228856
2018-06-15 01:12:57,255 RF found but not transmitted
2018-06-15 01:12:57,708 RCV reinforcement info
2018-06-15 01:12:57,712 , 58.83869291022479
2018-06-15 01:12:57,945 RCV reinforcement info
2018-06-15 01:12:57,950 , 58.91221371903128
2018-06-15 01:12:59,191 RCV reinforcement info
2018-06-15 01:12:59,195 , 59.14029547961974
2018-06-15 01:12:59,661 RCV reinforcement info
2018-06-15 01:12:59,666 , 59.2098357583162
2018-06-15 01:12:59,674 RF found but not transmitted
2018-06-15 01:13:00,427 RCV proposal
2018-06-15 01:13:00,430 appended honest propose 452229b048 on top of 761c749648
2018-06-15 01:13:00,430 REINFORCEMENT SENT state
2018-06-15 01:13:00,430 RFs > 0 
2018-06-15 01:13:00,432 SNT reinforcement
2018-06-15 01:13:00,624 RCV reinforcement
2018-06-15 01:13:00,663 RCV reinforcement
2018-06-15 01:13:00,667 RCV reinforcement
2018-06-15 01:13:00,679 RCV reinforcement
2018-06-15 01:13:00,683 RCV reinforcement
2018-06-15 01:13:00,724 RCV reinforcement info
2018-06-15 01:13:00,729 , 59.38791107795737
2018-06-15 01:13:00,830 RCV reinforcement
2018-06-15 01:13:00,989 RCV reinforcement info
2018-06-15 01:13:01,005 , 59.48891040019903
2018-06-15 01:13:01,072 RCV reinforcement
2018-06-15 01:13:01,982 RCV commit
2018-06-15 01:13:02,144 appended honest commit 2974a6b811 on top of 452229b048
2018-06-15 01:13:02,254 Weight: 60.48891040019903 #RFs 22
2018-06-15 01:13:02,254 weight: 60.48891040019903
2018-06-15 01:13:02,255 , 60.48891040019903
2018-06-15 01:13:02,256 MINING state
2018-06-15 01:13:02,256 start mining - depth 18
2018-06-15 01:13:02,257 start mining - hash 2974a6b811ca48fd92f3d8ebc085506a7d523898ea6fadbcaecf3ffc88e5f5ce
2018-06-15 01:13:02,412 RCV proposal
2018-06-15 01:13:02,415 appended malicious propose 12f24720b2 on top of 761c749648
2018-06-15 01:13:02,543 RCV reinforcement
2018-06-15 01:13:02,587 RCV reinforcement
2018-06-15 01:13:02,611 RCV reinforcement
2018-06-15 01:13:02,789 RCV reinforcement info
2018-06-15 01:13:02,795 , 60.55601029645798
2018-06-15 01:13:02,996 RCV reinforcement info
2018-06-15 01:13:03,001 , 60.71349134917704
2018-06-15 01:13:03,235 RCV reinforcement info
2018-06-15 01:13:03,241 , 60.77821537036901
2018-06-15 01:13:03,451 RCV reinforcement info
2018-06-15 01:13:03,457 , 60.87376758427318
2018-06-15 01:13:03,954 RCV commit
2018-06-15 01:13:04,014 appended malicious commit b3e5db4175 on top of 12f24720b2
2018-06-15 01:13:04,034 Weight: 58.22323853007306 #RFs 7
2018-06-15 01:13:04,034 weight: 58.22323853007306
2018-06-15 01:13:04,035 , 58.22323853007306
2018-06-15 01:13:04,317 RCV reinforcement info
2018-06-15 01:13:04,322 , 61.145391058964705
2018-06-15 01:13:04,517 RCV reinforcement info
2018-06-15 01:13:04,522 , 61.20902855637095
2018-06-15 01:13:04,861 RCV reinforcement info
2018-06-15 01:13:04,866 , 61.29787160551828
2018-06-15 01:13:06,038 RCV reinforcement info
2018-06-15 01:13:06,043 , 61.398517865740224
2018-06-15 01:13:06,434 RF found but not transmitted
2018-06-15 01:13:06,436 RF found
2018-06-15 01:13:06,439 SNT reinforcement_information
2018-06-15 01:13:07,041 RCV reinforcement info
2018-06-15 01:13:07,047 , 62.0866426280185
2018-06-15 01:13:07,504 RCV reinforcement info
2018-06-15 01:13:07,509 , 62.20313706177158
2018-06-15 01:13:07,577 RCV reinforcement info
2018-06-15 01:13:07,583 , 62.617036393600785
2018-06-15 01:13:07,695 RCV proposal
2018-06-15 01:13:07,698 appended honest propose 9a08f04662 on top of 2974a6b811
2018-06-15 01:13:07,699 REINFORCEMENT SENT state
2018-06-15 01:13:07,699 RFs > 0 
2018-06-15 01:13:07,700 SNT reinforcement
2018-06-15 01:13:07,858 RCV reinforcement
2018-06-15 01:13:07,869 RCV reinforcement
2018-06-15 01:13:07,873 RCV reinforcement
2018-06-15 01:13:07,877 RCV reinforcement
2018-06-15 01:13:07,882 RCV reinforcement
2018-06-15 01:13:07,983 RCV reinforcement info
2018-06-15 01:13:07,990 , 62.81405940486735
2018-06-15 01:13:08,052 RCV reinforcement
2018-06-15 01:13:09,221 RCV commit
2018-06-15 01:13:09,318 appended honest commit 1d7676fe66 on top of 9a08f04662
2018-06-15 01:13:09,381 Weight: 63.81405940486735 #RFs 13
2018-06-15 01:13:09,381 weight: 63.81405940486735
2018-06-15 01:13:09,381 , 63.81405940486735
2018-06-15 01:13:09,381 MINING state
2018-06-15 01:13:09,382 start mining - depth 19
2018-06-15 01:13:09,382 start mining - hash 1d7676fe6630c0481e22396d92475cbb492895b8e4839d3e008233fccff277de
2018-06-15 01:13:09,548 RCV reinforcement info
2018-06-15 01:13:09,554 , 64.17000571795202
2018-06-15 01:13:09,784 RCV reinforcement info
2018-06-15 01:13:09,792 , 64.25601713537202
2018-06-15 01:13:09,891 RCV reinforcement info
2018-06-15 01:13:09,896 , 64.32616102172223
2018-06-15 01:13:10,741 RF found but not transmitted
2018-06-15 01:13:11,238 RF found but not transmitted
2018-06-15 01:13:12,961 RCV reinforcement info
2018-06-15 01:13:12,967 , 64.42189876543473
2018-06-15 01:13:14,506 RF found but not transmitted
2018-06-15 01:13:14,507 RF found
2018-06-15 01:13:14,508 SNT reinforcement_information
2018-06-15 01:13:14,581 RCV reinforcement info
2018-06-15 01:13:14,592 , 64.71246325976963
2018-06-15 01:13:14,632 RCV reinforcement info
2018-06-15 01:13:14,637 , 64.82094635891252
2018-06-15 01:13:14,757 RF found but not transmitted
2018-06-15 01:13:14,925 RCV reinforcement info
2018-06-15 01:13:14,930 , 64.96492254117737
2018-06-15 01:13:15,345 RCV reinforcement info
2018-06-15 01:13:15,350 , 65.05412976142824
2018-06-15 01:13:15,907 RCV reinforcement info
2018-06-15 01:13:15,912 , 65.17729516369856
2018-06-15 01:13:15,931 RCV reinforcement info
2018-06-15 01:13:15,935 , 65.24562787709006
2018-06-15 01:13:16,133 RCV reinforcement info
2018-06-15 01:13:16,138 , 65.33824946705394
2018-06-15 01:13:17,819 RF found but not transmitted
2018-06-15 01:13:17,820 RF found
2018-06-15 01:13:17,821 SNT reinforcement_information
2018-06-15 01:13:18,092 RF found but not transmitted
2018-06-15 01:13:18,865 RF found but not transmitted
2018-06-15 01:13:18,867 RF found
2018-06-15 01:13:18,869 SNT reinforcement_information
2018-06-15 01:13:19,324 RCV reinforcement info
2018-06-15 01:13:19,330 , 65.71064154246426
2018-06-15 01:13:20,423 RCV reinforcement info
2018-06-15 01:13:20,427 , 66.04826251682634
2018-06-15 01:13:20,885 RCV reinforcement info
2018-06-15 01:13:20,890 , 66.20868481761418
2018-06-15 01:13:21,607 RCV reinforcement info
2018-06-15 01:13:21,612 , 66.3600879689409
2018-06-15 01:13:21,950 RCV reinforcement info
2018-06-15 01:13:21,955 , 66.47462910565008
2018-06-15 01:13:22,152 RCV reinforcement info
2018-06-15 01:13:22,158 , 66.54606952819958
2018-06-15 01:13:22,733 RF found but not transmitted
2018-06-15 01:13:22,737 hash found
2018-06-15 01:13:22,743 appended honest propose 05f494ba73 on top of 1d7676fe66
2018-06-15 01:13:22,743 REINFORCEMENT COLLECTING state
2018-06-15 01:13:22,802 SNT proposal
2018-06-15 01:13:23,017 RCV reinforcement
2018-06-15 01:13:23,037 RCV reinforcement
2018-06-15 01:13:23,093 RCV reinforcement
2018-06-15 01:13:23,106 RCV reinforcement
2018-06-15 01:13:23,122 RCV reinforcement
2018-06-15 01:13:23,131 RCV reinforcement
2018-06-15 01:13:23,194 RCV reinforcement info
2018-06-15 01:13:23,200 , 67.54606952819958
2018-06-15 01:13:23,277 RCV reinforcement
2018-06-15 01:13:24,304 RF found but not transmitted
2018-06-15 01:13:24,305 commit with 7 reinforcements
2018-06-15 01:13:24,343 appended honest commit df1ede4e3e on top of 05f494ba73
2018-06-15 01:13:24,392 Weight: 68.54606952819958 #RFs 21
2018-06-15 01:13:24,392 weight: 68.54606952819958
2018-06-15 01:13:24,392 , 68.54606952819958
2018-06-15 01:13:24,392 MINING state
2018-06-15 01:13:24,392 start mining - depth 20
2018-06-15 01:13:24,393 start mining - hash df1ede4e3e143f148b8164d198a84ccceb6d0b7e474ffedcfb8f4d0d52c4f84a
2018-06-15 01:13:24,395 SNT commit
2018-06-15 01:13:24,542 RCV reinforcement info
2018-06-15 01:13:24,641 RCV reinforcement
2018-06-15 01:13:24,700 RCV reinforcement info
2018-06-15 01:13:24,888 RCV reinforcement
2018-06-15 01:13:25,385 RCV reinforcement info
2018-06-15 01:13:25,390 , 68.64520887363814
2018-06-15 01:13:25,673 RCV reinforcement info
2018-06-15 01:13:25,678 , 69.52040336390252
2018-06-15 01:13:25,939 RCV reinforcement info
2018-06-15 01:13:25,944 , 69.59803998354491
2018-06-15 01:13:25,967 RCV reinforcement info
2018-06-15 01:13:25,974 , 69.76667346368825
2018-06-15 01:13:26,511 RCV reinforcement info
2018-06-15 01:13:26,516 , 69.87261827234803
2018-06-15 01:13:26,965 RCV reinforcement info
2018-06-15 01:13:26,970 , 70.05537866365462
2018-06-15 01:13:27,834 RCV reinforcement info
2018-06-15 01:13:27,839 , 70.2566913546615
2018-06-15 01:13:28,299 RCV reinforcement info
2018-06-15 01:13:28,304 , 70.32157104071007
2018-06-15 01:13:28,369 RCV reinforcement info
2018-06-15 01:13:28,374 , 70.43634102136278
2018-06-15 01:13:30,055 RCV reinforcement info
2018-06-15 01:13:30,060 , 70.53442312999748
2018-06-15 01:13:30,152 RCV reinforcement info
2018-06-15 01:13:30,157 , 70.63352640819622
2018-06-15 01:13:31,208 RF found but not transmitted
2018-06-15 01:13:31,240 RF found but not transmitted
2018-06-15 01:13:31,241 RF found
2018-06-15 01:13:31,244 SNT reinforcement_information
2018-06-15 01:13:31,872 RF found but not transmitted
2018-06-15 01:13:31,874 RF found
2018-06-15 01:13:31,878 SNT reinforcement_information
2018-06-15 01:13:32,372 RF found but not transmitted
2018-06-15 01:13:32,460 RCV reinforcement info
2018-06-15 01:13:32,465 , 71.46601113493801
2018-06-15 01:13:33,251 RCV reinforcement info
2018-06-15 01:13:33,257 , 71.54553280842362
2018-06-15 01:13:33,315 RCV reinforcement info
2018-06-15 01:13:33,320 , 71.87130608828316
2018-06-15 01:13:33,522 RCV reinforcement info
2018-06-15 01:13:33,528 , 71.95423043429356
2018-06-15 01:13:33,590 RCV proposal
2018-06-15 01:13:33,593 appended honest propose c879d7d874 on top of df1ede4e3e
2018-06-15 01:13:33,594 REINFORCEMENT SENT state
2018-06-15 01:13:33,594 RFs > 0 
2018-06-15 01:13:33,597 SNT reinforcement
2018-06-15 01:13:33,750 RCV reinforcement
2018-06-15 01:13:33,758 RCV reinforcement
2018-06-15 01:13:33,765 RCV reinforcement
2018-06-15 01:13:33,800 RCV reinforcement
2018-06-15 01:13:33,822 RCV reinforcement info
2018-06-15 01:13:33,832 , 72.07322932105697
2018-06-15 01:13:33,881 RF found but not transmitted
2018-06-15 01:13:33,905 RCV reinforcement
2018-06-15 01:13:34,038 RCV reinforcement info
2018-06-15 01:13:34,045 , 72.22073363239676
2018-06-15 01:13:34,133 RCV reinforcement
2018-06-15 01:13:34,939 RCV reinforcement info
2018-06-15 01:13:34,944 , 72.35408102299297
2018-06-15 01:13:34,950 RF found but not transmitted
2018-06-15 01:13:35,017 RCV reinforcement
2018-06-15 01:13:35,139 RCV commit
2018-06-15 01:13:35,271 appended honest commit 2bf291721b on top of c879d7d874
2018-06-15 01:13:35,374 Weight: 73.10173474563335 #RFs 18
2018-06-15 01:13:35,374 weight: 73.10173474563335
2018-06-15 01:13:35,374 , 73.10173474563335
2018-06-15 01:13:35,374 MINING state
2018-06-15 01:13:35,374 start mining - depth 21
2018-06-15 01:13:35,375 start mining - hash 2bf291721b3427480a7da3280fe634dae4b3b74b8b418c0473506d331f9dc808
2018-06-15 01:13:35,379 Hashing frequency: 7247
2018-06-15 01:13:35,740 RCV reinforcement info
2018-06-15 01:13:35,752 , 73.21274661563747
2018-06-15 01:13:36,846 RCV reinforcement info
2018-06-15 01:13:36,850 , 73.28607202580662
2018-06-15 01:13:37,198 RCV reinforcement info
2018-06-15 01:13:37,203 , 73.70629455657937
2018-06-15 01:13:37,988 RCV reinforcement info
2018-06-15 01:13:37,993 , 73.87028403228024
2018-06-15 01:13:38,705 RF found but not transmitted
2018-06-15 01:13:39,212 RCV reinforcement info
2018-06-15 01:13:39,217 , 73.94876336385359
2018-06-15 01:13:39,682 RCV reinforcement info
2018-06-15 01:13:39,687 , 74.05850914669168
2018-06-15 01:13:39,962 RCV reinforcement info
2018-06-15 01:13:39,965 , 74.34023033515419
2018-06-15 01:13:40,635 RF found but not transmitted
2018-06-15 01:13:40,760 RCV reinforcement info
2018-06-15 01:13:40,765 , 74.42418385091617
2018-06-15 01:13:41,326 RF found but not transmitted
2018-06-15 01:13:41,822 RCV reinforcement info
2018-06-15 01:13:41,827 , 74.60746647901813
2018-06-15 01:13:42,893 RF found but not transmitted
2018-06-15 01:13:42,894 RF found
2018-06-15 01:13:42,896 SNT reinforcement_information
2018-06-15 01:13:42,968 RCV reinforcement info
2018-06-15 01:13:42,973 , 74.77066612673461
2018-06-15 01:13:43,357 RCV reinforcement info
2018-06-15 01:13:43,362 , 74.84852945281557
2018-06-15 01:13:43,794 RF found but not transmitted
2018-06-15 01:13:43,796 RF found
2018-06-15 01:13:43,798 SNT reinforcement_information
2018-06-15 01:13:43,924 RCV reinforcement info
2018-06-15 01:13:43,938 , 75.03582906872985
2018-06-15 01:13:45,485 RF found but not transmitted
2018-06-15 01:13:45,488 RF found
2018-06-15 01:13:45,491 SNT reinforcement_information
2018-06-15 01:13:45,718 RF found but not transmitted
2018-06-15 01:13:47,025 RCV proposal
2018-06-15 01:13:47,028 appended honest propose 4d3cad7fc6 on top of 2bf291721b
2018-06-15 01:13:47,029 REINFORCEMENT SENT state
2018-06-15 01:13:47,029 RFs > 0 
2018-06-15 01:13:47,030 SNT reinforcement
2018-06-15 01:13:47,225 RCV reinforcement
2018-06-15 01:13:47,236 RCV reinforcement
2018-06-15 01:13:47,239 RCV reinforcement
2018-06-15 01:13:47,243 RCV reinforcement
2018-06-15 01:13:47,310 RCV reinforcement info
2018-06-15 01:13:47,315 , 75.21348094016976
2018-06-15 01:13:47,392 RCV reinforcement
2018-06-15 01:13:48,059 RCV reinforcement info
2018-06-15 01:13:48,064 , 75.277501161576
2018-06-15 01:13:48,114 RCV reinforcement info
2018-06-15 01:13:48,119 , 75.40236200791988
2018-06-15 01:13:48,150 RCV reinforcement
2018-06-15 01:13:48,165 RF found but not transmitted
2018-06-15 01:13:48,202 RCV reinforcement
2018-06-15 01:13:48,377 RF found but not transmitted
2018-06-15 01:13:48,610 RCV commit
2018-06-15 01:13:48,739 appended honest commit a387d6916e on top of 4d3cad7fc6
2018-06-15 01:13:48,797 Weight: 76.28854670540477 #RFs 17
2018-06-15 01:13:48,797 weight: 76.28854670540477
2018-06-15 01:13:48,797 , 76.28854670540477
2018-06-15 01:13:48,797 MINING state
2018-06-15 01:13:48,798 start mining - depth 22
2018-06-15 01:13:48,798 start mining - hash a387d6916edc0673ca8609adbcaedc3ff8afeac3d8b4e693aaaedbc1408b24e7
2018-06-15 01:13:48,912 RCV reinforcement info
2018-06-15 01:13:48,917 , 76.35732234076295
2018-06-15 01:13:49,061 RCV proposal
2018-06-15 01:13:49,065 appended malicious propose c4ac897726 on top of 2bf291721b
2018-06-15 01:13:49,120 RCV reinforcement
2018-06-15 01:13:49,136 RCV reinforcement
2018-06-15 01:13:49,727 RCV reinforcement
2018-06-15 01:13:50,386 RCV reinforcement info
2018-06-15 01:13:50,391 , 76.53470129142518
2018-06-15 01:13:50,626 RCV commit
2018-06-15 01:13:50,747 appended malicious commit 7c7c3f4bf5 on top of c4ac897726
2018-06-15 01:13:50,812 Weight: 76.14957739878541 #RFs 13
2018-06-15 01:13:50,812 weight: 76.14957739878541
2018-06-15 01:13:50,812 , 76.14957739878541
2018-06-15 01:13:52,299 RCV reinforcement info
2018-06-15 01:13:52,304 , 76.67820469239433
2018-06-15 01:13:52,774 RCV reinforcement info
2018-06-15 01:13:52,779 , 76.81164433482525
2018-06-15 01:13:53,357 RCV reinforcement info
2018-06-15 01:13:53,362 , 76.92212435978223
2018-06-15 01:13:54,146 RCV reinforcement info
2018-06-15 01:13:54,151 , 77.28806693607328
2018-06-15 01:13:54,520 RF found but not transmitted
2018-06-15 01:13:54,548 RCV reinforcement info
2018-06-15 01:13:54,553 , 77.74855812634512
2018-06-15 01:13:55,879 RCV reinforcement info
2018-06-15 01:13:55,883 , 77.93343331357174
2018-06-15 01:13:55,944 RCV reinforcement info
2018-06-15 01:13:55,949 , 78.08270623751297
2018-06-15 01:13:56,094 RCV reinforcement info
2018-06-15 01:13:56,099 , 78.37897252418075
2018-06-15 01:13:56,438 RF found but not transmitted
2018-06-15 01:13:56,555 RCV reinforcement info
2018-06-15 01:13:56,560 , 78.51739371891502
2018-06-15 01:13:58,289 RCV reinforcement info
2018-06-15 01:13:58,295 , 78.58907252349623
2018-06-15 01:13:58,970 RF found but not transmitted
2018-06-15 01:13:59,806 RF found but not transmitted
2018-06-15 01:14:01,152 RCV reinforcement info
2018-06-15 01:14:01,160 , 78.9052444720689
2018-06-15 01:14:01,576 RF found but not transmitted
2018-06-15 01:14:01,577 RF found
2018-06-15 01:14:01,579 SNT reinforcement_information
2018-06-15 01:14:01,677 RCV reinforcement info
2018-06-15 01:14:01,681 , 79.73379111809517
2018-06-15 01:14:01,796 RF found but not transmitted
2018-06-15 01:14:02,238 RF found but not transmitted
2018-06-15 01:14:02,242 RF found
2018-06-15 01:14:02,245 SNT reinforcement_information
2018-06-15 01:14:02,737 RCV reinforcement info
2018-06-15 01:14:02,742 , 79.92407808466486
2018-06-15 01:14:02,866 RF found but not transmitted
2018-06-15 01:14:02,868 RF found
2018-06-15 01:14:02,870 SNT reinforcement_information
2018-06-15 01:14:04,369 RCV proposal
2018-06-15 01:14:04,381 appended honest propose 97f614d493 on top of a387d6916e
2018-06-15 01:14:04,382 REINFORCEMENT SENT state
2018-06-15 01:14:04,382 RFs > 0 
2018-06-15 01:14:04,383 SNT reinforcement
2018-06-15 01:14:04,676 RCV reinforcement
2018-06-15 01:14:04,680 RCV reinforcement
2018-06-15 01:14:04,684 RCV reinforcement
2018-06-15 01:14:04,686 RCV reinforcement
2018-06-15 01:14:04,688 RCV reinforcement
2018-06-15 01:14:05,363 RCV reinforcement info
2018-06-15 01:14:05,368 , 80.7159030956453
2018-06-15 01:14:05,430 RCV reinforcement
2018-06-15 01:14:05,468 RCV reinforcement info
2018-06-15 01:14:05,482 , 80.83684018352366
2018-06-15 01:14:05,543 RCV reinforcement
2018-06-15 01:14:05,976 RCV commit
2018-06-15 01:14:06,100 appended honest commit 9cb13454ca on top of 97f614d493
2018-06-15 01:14:06,222 Weight: 81.7159030956453 #RFs 19
2018-06-15 01:14:06,222 weight: 81.7159030956453
2018-06-15 01:14:06,222 , 81.7159030956453
2018-06-15 01:14:06,222 MINING state
2018-06-15 01:14:06,223 start mining - depth 23
2018-06-15 01:14:06,230 start mining - hash 9cb13454cab10fb7b740b35d90a5972a19d9dc4aaa5094bdac8abca0c95d77b7
2018-06-15 01:14:06,633 RCV reinforcement info
2018-06-15 01:14:06,637 , 81.79428147913542
2018-06-15 01:14:08,097 RF found but not transmitted
2018-06-15 01:14:08,099 RF found
2018-06-15 01:14:08,102 SNT reinforcement_information
2018-06-15 01:14:08,537 RF found but not transmitted
2018-06-15 01:14:08,539 RF found
2018-06-15 01:14:08,542 SNT reinforcement_information
2018-06-15 01:14:08,686 RCV proposal
2018-06-15 01:14:08,690 appended honest propose efc491ddad on top of 9cb13454ca
2018-06-15 01:14:08,691 REINFORCEMENT SENT state
2018-06-15 01:14:08,691 RFs > 0 
2018-06-15 01:14:08,692 SNT reinforcement
2018-06-15 01:14:08,815 RCV reinforcement
2018-06-15 01:14:08,997 RCV reinforcement info
2018-06-15 01:14:09,002 , 82.13687920143039
2018-06-15 01:14:09,093 RCV reinforcement
2018-06-15 01:14:09,448 RCV reinforcement info
2018-06-15 01:14:09,482 , 82.24092558689489
2018-06-15 01:14:09,485 RCV reinforcement info
2018-06-15 01:14:09,490 , 82.38902537114448
2018-06-15 01:14:09,560 RCV reinforcement
2018-06-15 01:14:09,606 RCV reinforcement
2018-06-15 01:14:09,646 RCV reinforcement info
2018-06-15 01:14:09,651 , 83.38902537114448
2018-06-15 01:14:09,731 RCV reinforcement
2018-06-15 01:14:10,122 RCV commit
2018-06-15 01:14:10,147 appended honest commit b3e5cf0e8c on top of efc491ddad
2018-06-15 01:14:10,183 Weight: 83.2230016162366 #RFs 5
2018-06-15 01:14:10,184 weight: 83.2230016162366
2018-06-15 01:14:10,184 , 83.2230016162366
2018-06-15 01:14:10,184 MINING state
2018-06-15 01:14:10,184 start mining - depth 24
2018-06-15 01:14:10,185 start mining - hash b3e5cf0e8ce26be08cc51083740355ca17fd948282119ffbbdb091985b2d91a8
2018-06-15 01:14:10,615 RCV reinforcement info
2018-06-15 01:14:10,620 , 83.2858494708876
2018-06-15 01:14:11,050 RCV reinforcement info
2018-06-15 01:14:11,055 , 83.35295983529419
2018-06-15 01:14:11,072 RCV reinforcement info
2018-06-15 01:14:11,078 , 83.45527898037012
2018-06-15 01:14:11,656 RCV proposal
2018-06-15 01:14:11,659 appended honest propose 55c23c3d9e on top of b3e5cf0e8c
2018-06-15 01:14:11,659 REINFORCEMENT SENT state
2018-06-15 01:14:11,765 RCV reinforcement
2018-06-15 01:14:11,782 RCV reinforcement info
2018-06-15 01:14:11,787 , 83.55377065829342
2018-06-15 01:14:11,806 RCV reinforcement
2018-06-15 01:14:11,880 RCV reinforcement
2018-06-15 01:14:12,040 RCV reinforcement info
2018-06-15 01:14:12,044 , 83.78634162402342
2018-06-15 01:14:12,109 RCV reinforcement
2018-06-15 01:14:13,102 RCV reinforcement info
2018-06-15 01:14:13,106 , 83.85430339514153
2018-06-15 01:14:13,196 RCV reinforcement
2018-06-15 01:14:13,236 RCV commit
2018-06-15 01:14:13,263 appended honest commit d451c1ea8e on top of 55c23c3d9e
2018-06-15 01:14:13,301 Weight: 84.78634162402342 #RFs 5
2018-06-15 01:14:13,301 weight: 84.78634162402342
2018-06-15 01:14:13,301 , 84.78634162402342
2018-06-15 01:14:13,301 MINING state
2018-06-15 01:14:13,301 start mining - depth 25
2018-06-15 01:14:13,302 start mining - hash d451c1ea8ea16e536b9721f454801a5b897d5d7cfcb9a1c1a57516d4958b1d7a
2018-06-15 01:14:13,436 RCV proposal
2018-06-15 01:14:13,440 appended malicious propose 6cd5942ef7 on top of b3e5cf0e8c
2018-06-15 01:14:13,538 RCV reinforcement
2018-06-15 01:14:13,550 RCV reinforcement
2018-06-15 01:14:13,639 RCV reinforcement info
2018-06-15 01:14:13,652 , 84.8708149991063
2018-06-15 01:14:14,247 RCV reinforcement info
2018-06-15 01:14:14,251 , 85.03170119809973
2018-06-15 01:14:14,974 RCV commit
2018-06-15 01:14:15,012 appended malicious commit 586fdb3a7f on top of 6cd5942ef7
2018-06-15 01:14:15,030 Weight: 85.11707510957925 #RFs 4
2018-06-15 01:14:15,030 weight: 85.11707510957925
2018-06-15 01:14:15,031 , 85.11707510957925
2018-06-15 01:14:15,036 Switching branch - my current block was: 85.03170119809973
2018-06-15 01:14:15,046 start mining - depth 25
2018-06-15 01:14:15,046 start mining - hash 586fdb3a7fc79fe448e4c0e6acbc4758eeb4834c6fb186c244be880861654a00
2018-06-15 01:14:15,052 WIN: MALICIOUS WIN on block 25
2018-06-15 01:14:15,336 RF found but not transmitted
2018-06-15 01:14:15,337 hash found
2018-06-15 01:14:15,339 appended honest propose c47b4daa2f on top of 586fdb3a7f
2018-06-15 01:14:15,339 REINFORCEMENT COLLECTING state
2018-06-15 01:14:15,339 SNT proposal
2018-06-15 01:14:15,506 RCV reinforcement info
2018-06-15 01:14:15,512 , 85.18261798514517
2018-06-15 01:14:15,577 RCV reinforcement
2018-06-15 01:14:16,129 RCV reinforcement info
2018-06-15 01:14:16,133 , 85.36974104686621
2018-06-15 01:14:16,185 RCV reinforcement
2018-06-15 01:14:16,846 commit with 2 reinforcements
2018-06-15 01:14:16,853 appended honest commit ea0fc08fbb on top of c47b4daa2f
2018-06-15 01:14:16,857 Weight: 86.36974104686621 #RFs 2
2018-06-15 01:14:16,857 weight: 86.36974104686621
2018-06-15 01:14:16,857 , 86.36974104686621
2018-06-15 01:14:16,857 MINING state
2018-06-15 01:14:16,857 start mining - depth 26
2018-06-15 01:14:16,857 start mining - hash ea0fc08fbbbfbbb0ac10fa2f47dcb86c8af5137c03363d2312689f20879c9438
2018-06-15 01:14:16,858 SNT commit
2018-06-15 01:14:17,273 RF found but not transmitted
2018-06-15 01:14:17,648 RCV reinforcement info
2018-06-15 01:14:17,652 , 86.43528503032641
2018-06-15 01:14:18,177 RCV reinforcement info
2018-06-15 01:14:18,181 , 86.56872758471636
2018-06-15 01:14:18,557 RCV reinforcement info
2018-06-15 01:14:18,561 , 86.7312685380006
2018-06-15 01:14:19,038 RF found but not transmitted
2018-06-15 01:14:19,547 RCV reinforcement info
2018-06-15 01:14:19,551 , 87.33392750221631
2018-06-15 01:14:19,906 RCV reinforcement info
2018-06-15 01:14:19,910 , 87.41130272942746
2018-06-15 01:14:20,406 RCV reinforcement info
2018-06-15 01:14:20,410 , 87.51605022375927
2018-06-15 01:14:20,852 RCV reinforcement info
2018-06-15 01:14:20,856 , 87.62939869600582
2018-06-15 01:14:21,931 RCV reinforcement info
2018-06-15 01:14:21,935 , 87.69663032136648
2018-06-15 01:14:22,340 RCV reinforcement info
2018-06-15 01:14:22,344 , 87.76636446159112
2018-06-15 01:14:24,353 RF found but not transmitted
2018-06-15 01:14:24,513 RCV reinforcement info
2018-06-15 01:14:24,518 , 87.98674852722182
2018-06-15 01:14:25,135 RCV reinforcement info
2018-06-15 01:14:25,140 , 88.05962922345823
2018-06-15 01:14:25,746 RCV reinforcement info
2018-06-15 01:14:25,752 , 88.12823264663957
2018-06-15 01:14:25,882 RCV reinforcement info
2018-06-15 01:14:25,889 , 88.31446591622084
2018-06-15 01:14:26,457 RCV reinforcement info
2018-06-15 01:14:26,461 , 88.43338148330272
2018-06-15 01:14:26,496 RCV reinforcement info
2018-06-15 01:14:26,500 , 88.51055495878725
2018-06-15 01:14:27,727 RCV reinforcement info
2018-06-15 01:14:27,731 , 88.66882914291942
2018-06-15 01:14:28,503 RCV reinforcement info
2018-06-15 01:14:28,507 , 88.7343350603495
2018-06-15 01:14:28,570 RF found but not transmitted
2018-06-15 01:14:28,817 RCV reinforcement info
2018-06-15 01:14:28,820 , 88.7991481196248
2018-06-15 01:14:29,370 RCV reinforcement info
2018-06-15 01:14:29,373 , 89.4446175992281
2018-06-15 01:14:29,577 RCV proposal
2018-06-15 01:14:29,580 appended honest propose 474e22c992 on top of ea0fc08fbb
2018-06-15 01:14:29,580 REINFORCEMENT SENT state
2018-06-15 01:14:29,691 RCV reinforcement
2018-06-15 01:14:29,696 RCV reinforcement
2018-06-15 01:14:29,704 RCV reinforcement
2018-06-15 01:14:29,736 RCV reinforcement
2018-06-15 01:14:29,857 RCV reinforcement info
2018-06-15 01:14:29,862 , 89.76834169880846
2018-06-15 01:14:29,928 RCV reinforcement
2018-06-15 01:14:30,046 RCV reinforcement info
2018-06-15 01:14:30,050 , 89.83175774653847
2018-06-15 01:14:30,119 RCV reinforcement
2018-06-15 01:14:30,172 RF found but not transmitted
2018-06-15 01:14:30,790 RF found but not transmitted
2018-06-15 01:14:31,188 RCV reinforcement info
2018-06-15 01:14:31,192 , 90.83175774653847
2018-06-15 01:14:31,249 RCV commit
2018-06-15 01:14:31,406 appended honest commit 9cc3f39234 on top of 474e22c992
2018-06-15 01:14:31,541 Weight: 90.83175774653847 #RFs 21
2018-06-15 01:14:31,542 weight: 90.83175774653847
2018-06-15 01:14:31,542 , 90.83175774653847
2018-06-15 01:14:31,542 MINING state
2018-06-15 01:14:31,542 start mining - depth 27
2018-06-15 01:14:31,543 start mining - hash 9cc3f392344f3d5eec59df93048d7d52cdce22fb7ee82c1b7e5ae051f351c8d5
2018-06-15 01:14:31,577 RCV reinforcement
2018-06-15 01:14:31,753 RCV proposal
2018-06-15 01:14:31,758 appended malicious propose a3c961a481 on top of ea0fc08fbb
2018-06-15 01:14:31,828 RCV reinforcement
2018-06-15 01:14:32,293 RCV reinforcement info
2018-06-15 01:14:32,298 , 90.89525169212718
2018-06-15 01:14:32,321 RCV reinforcement info
2018-06-15 01:14:32,326 , 91.05533629700062
2018-06-15 01:14:32,422 RCV reinforcement info
2018-06-15 01:14:32,427 , 91.52277876934501
2018-06-15 01:14:32,474 RF found but not transmitted
2018-06-15 01:14:33,065 RF found but not transmitted
2018-06-15 01:14:33,241 RCV commit
2018-06-15 01:14:33,248 appended malicious commit ed45bc9d13 on top of a3c961a481
2018-06-15 01:14:33,268 Weight: 87.96907281235593 #RFs 2
2018-06-15 01:14:33,268 weight: 87.96907281235593
2018-06-15 01:14:33,268 , 87.96907281235593
2018-06-15 01:14:34,119 RCV reinforcement info
2018-06-15 01:14:34,123 , 91.634189730335
2018-06-15 01:14:35,046 RF found but not transmitted
2018-06-15 01:14:35,585 RF found but not transmitted
2018-06-15 01:14:35,587 RF found
2018-06-15 01:14:35,589 SNT reinforcement_information
2018-06-15 01:14:35,788 RF found but not transmitted
2018-06-15 01:14:35,790 RF found
2018-06-15 01:14:35,791 SNT reinforcement_information
2018-06-15 01:14:35,873 RCV reinforcement info
2018-06-15 01:14:35,894 , 92.80423599286141
2018-06-15 01:14:35,941 RCV reinforcement info
2018-06-15 01:14:35,961 , 92.87734354361861
2018-06-15 01:14:37,040 RF found but not transmitted
2018-06-15 01:14:37,041 RF found
2018-06-15 01:14:37,042 SNT reinforcement_information
2018-06-15 01:14:37,316 RF found but not transmitted
2018-06-15 01:14:37,634 RCV reinforcement info
2018-06-15 01:14:37,639 , 93.49888624840919
2018-06-15 01:14:38,602 RF found but not transmitted
2018-06-15 01:14:38,706 RCV reinforcement info
2018-06-15 01:14:38,711 , 93.57315599662238
2018-06-15 01:14:38,827 RF found but not transmitted
2018-06-15 01:14:38,828 RF found
2018-06-15 01:14:38,829 SNT reinforcement_information
2018-06-15 01:14:39,064 RCV reinforcement info
2018-06-15 01:14:39,069 , 93.75758064486644
2018-06-15 01:14:39,254 RF found but not transmitted
2018-06-15 01:14:40,316 RCV reinforcement info
2018-06-15 01:14:40,321 , 93.9127217979875
2018-06-15 01:14:40,474 RCV reinforcement info
2018-06-15 01:14:40,479 , 93.98313049759805
2018-06-15 01:14:41,084 RCV reinforcement info
2018-06-15 01:14:41,089 , 94.31458534640167
2018-06-15 01:14:41,504 RF found but not transmitted
2018-06-15 01:14:41,526 RCV reinforcement info
2018-06-15 01:14:41,536 , 94.45148248919543
2018-06-15 01:14:41,950 RCV reinforcement info
2018-06-15 01:14:41,954 , 94.51561427670038
2018-06-15 01:14:41,998 RF found but not transmitted
2018-06-15 01:14:42,001 RF found
2018-06-15 01:14:42,003 SNT reinforcement_information
2018-06-15 01:14:42,120 RF found but not transmitted
2018-06-15 01:14:42,482 RF found but not transmitted
2018-06-15 01:14:42,665 RF found but not transmitted
2018-06-15 01:14:42,668 RF found
2018-06-15 01:14:42,669 SNT reinforcement_information
2018-06-15 01:14:43,157 RCV reinforcement info
2018-06-15 01:14:43,163 , 94.84740903952785
2018-06-15 01:14:43,583 RF found but not transmitted
2018-06-15 01:14:44,295 RCV reinforcement info
2018-06-15 01:14:44,300 , 94.93162426496309
2018-06-15 01:14:44,389 RCV reinforcement info
2018-06-15 01:14:44,395 , 95.71297654121521
2018-06-15 01:14:44,896 RCV reinforcement info
2018-06-15 01:14:44,901 , 96.61387508259442
2018-06-15 01:14:45,752 RF found but not transmitted
2018-06-15 01:14:46,059 RF found but not transmitted
2018-06-15 01:14:46,062 hash found
2018-06-15 01:14:46,065 appended honest propose 9e1236713b on top of 9cc3f39234
2018-06-15 01:14:46,065 REINFORCEMENT COLLECTING state
2018-06-15 01:14:46,129 SNT proposal
2018-06-15 01:14:46,375 RCV reinforcement
2018-06-15 01:14:46,395 RCV reinforcement
2018-06-15 01:14:46,412 RCV reinforcement
2018-06-15 01:14:46,426 RCV reinforcement
2018-06-15 01:14:46,453 RCV reinforcement
2018-06-15 01:14:46,470 RCV reinforcement
2018-06-15 01:14:46,875 RCV reinforcement info
2018-06-15 01:14:46,880 , 97.61387508259442
2018-06-15 01:14:46,958 RCV reinforcement
2018-06-15 01:14:47,633 commit with 7 reinforcements
2018-06-15 01:14:47,677 appended honest commit f1b3912a64 on top of 9e1236713b
2018-06-15 01:14:47,718 Weight: 98.61387508259442 #RFs 25
2018-06-15 01:14:47,719 weight: 98.61387508259442
2018-06-15 01:14:47,719 , 98.61387508259442
2018-06-15 01:14:47,721 MINING state
2018-06-15 01:14:47,721 start mining - depth 28
2018-06-15 01:14:47,722 start mining - hash f1b3912a6482d44a9fa2c4d7a528357ac61af6d687f2fff8e8e977d790734335
2018-06-15 01:14:47,723 Hashing frequency: 13030
2018-06-15 01:14:47,723 SNT commit
2018-06-15 01:14:48,307 RCV proposal
2018-06-15 01:14:48,310 appended malicious propose 59bee3d7a6 on top of 9cc3f39234
2018-06-15 01:14:48,404 RCV reinforcement
2018-06-15 01:14:48,427 RCV reinforcement
2018-06-15 01:14:48,544 RF found but not transmitted
2018-06-15 01:14:48,548 RF found
2018-06-15 01:14:48,551 SNT reinforcement_information
2018-06-15 01:14:49,014 RCV reinforcement
2018-06-15 01:14:49,161 RF found but not transmitted
2018-06-15 01:14:49,363 RCV reinforcement info
2018-06-15 01:14:49,368 , 98.9220387624652
2018-06-15 01:14:49,768 RF found but not transmitted
2018-06-15 01:14:49,770 RF found
2018-06-15 01:14:49,773 SNT reinforcement_information
2018-06-15 01:14:49,891 RCV commit
2018-06-15 01:14:49,987 appended malicious commit 8a431ad962 on top of 59bee3d7a6
2018-06-15 01:14:50,054 Weight: 93.76830498347111 #RFs 11
2018-06-15 01:14:50,060 weight: 93.76830498347111
2018-06-15 01:14:50,060 , 93.76830498347111
2018-06-15 01:14:50,122 RCV reinforcement info
2018-06-15 01:14:50,129 , 99.2119818768568
2018-06-15 01:14:51,200 RCV reinforcement info
2018-06-15 01:14:51,206 , 99.4874694319966
2018-06-15 01:14:51,447 RCV reinforcement info
2018-06-15 01:14:51,452 , 99.61792306164162
2018-06-15 01:14:51,551 RF found but not transmitted
2018-06-15 01:14:52,021 RF found but not transmitted
2018-06-15 01:14:52,791 RCV proposal
2018-06-15 01:14:52,795 appended honest propose 362328790d on top of f1b3912a64
2018-06-15 01:14:52,796 REINFORCEMENT SENT state
2018-06-15 01:14:52,796 RFs > 0 
2018-06-15 01:14:52,797 SNT reinforcement
2018-06-15 01:14:52,909 RCV reinforcement
2018-06-15 01:14:52,914 RCV reinforcement
2018-06-15 01:14:53,001 RF found but not transmitted
2018-06-15 01:14:53,816 RF found but not transmitted
2018-06-15 01:14:53,829 RCV reinforcement info
2018-06-15 01:14:53,834 , 99.6862596266089
2018-06-15 01:14:53,862 RF found but not transmitted
2018-06-15 01:14:53,902 RCV reinforcement
2018-06-15 01:14:54,319 RCV commit
2018-06-15 01:14:54,360 appended honest commit bab390f540 on top of 362328790d
2018-06-15 01:14:54,425 Weight: 100.61792306164162 #RFs 6
2018-06-15 01:14:54,426 weight: 100.61792306164162
2018-06-15 01:14:54,431 , 100.61792306164162
2018-06-15 01:14:54,432 MINING state
2018-06-15 01:14:54,432 start mining - depth 29
2018-06-15 01:14:54,432 start mining - hash bab390f5407aa02bff801444e0f82534618ab033708bcbea416da9215d0b67f7
2018-06-15 01:14:54,585 RCV proposal
2018-06-15 01:14:54,597 appended malicious propose 37a4ebf6c5 on top of f1b3912a64
2018-06-15 01:14:54,672 RCV reinforcement
2018-06-15 01:14:56,101 RCV commit
2018-06-15 01:14:56,128 appended malicious commit b40f75efb7 on top of 37a4ebf6c5
2018-06-15 01:14:56,147 Weight: 100.57705350190852 #RFs 3
2018-06-15 01:14:56,147 weight: 100.57705350190852
2018-06-15 01:14:56,148 , 100.57705350190852
2018-06-15 01:14:57,235 RF found but not transmitted
2018-06-15 01:14:57,387 RF found but not transmitted
2018-06-15 01:14:57,392 RCV proposal
2018-06-15 01:14:57,395 appended honest propose 37d57a6934 on top of bab390f540
2018-06-15 01:14:57,395 REINFORCEMENT SENT state
2018-06-15 01:14:57,433 RF found but not transmitted
2018-06-15 01:14:57,528 RF found but not transmitted
2018-06-15 01:14:57,574 RF found but not transmitted
2018-06-15 01:14:57,586 RCV reinforcement info
2018-06-15 01:14:57,591 , 100.69241606269104
2018-06-15 01:14:57,697 RCV reinforcement
2018-06-15 01:14:57,961 RF found but not transmitted
2018-06-15 01:14:58,339 RF found but not transmitted
2018-06-15 01:14:58,344 SNT reinforcement_information
2018-06-15 01:14:58,468 SNT reinforcement
2018-06-15 01:14:58,531 RF found but not transmitted
2018-06-15 01:14:58,797 RF found but not transmitted
2018-06-15 01:14:58,910 RCV commit
2018-06-15 01:14:58,912 appended honest commit 95d40619b7 on top of 37d57a6934
2018-06-15 01:14:58,914 Weight: 101.77626478056361 #RFs 1
2018-06-15 01:14:58,914 weight: 101.77626478056361
2018-06-15 01:14:58,914 , 101.77626478056361
2018-06-15 01:14:58,915 MINING state
2018-06-15 01:14:58,915 start mining - depth 30
2018-06-15 01:14:58,915 start mining - hash 95d40619b7860bfa4f64c04e4c6325daa58702a16416897832d69ff5d9d276de
2018-06-15 01:14:59,339 RF found but not transmitted
2018-06-15 01:14:59,812 RCV reinforcement info
2018-06-15 01:14:59,815 , 101.85242110437639
2018-06-15 01:15:00,441 RCV reinforcement info
2018-06-15 01:15:00,445 , 101.93326897215614
2018-06-15 01:15:00,604 RCV reinforcement info
2018-06-15 01:15:00,608 , 102.17284390956236
2018-06-15 01:15:01,024 RCV reinforcement info
2018-06-15 01:15:01,028 , 102.29852357362891
2018-06-15 01:15:01,296 RF found but not transmitted
2018-06-15 01:15:01,464 RF found but not transmitted
2018-06-15 01:15:01,468 RF found
2018-06-15 01:15:01,471 SNT reinforcement_information
2018-06-15 01:15:02,151 RCV reinforcement info
2018-06-15 01:15:02,156 , 102.62429204696068
2018-06-15 01:15:02,322 RCV reinforcement info
2018-06-15 01:15:02,326 , 102.73090060649206
2018-06-15 01:15:03,090 RCV proposal
2018-06-15 01:15:03,092 appended honest propose b08895bb76 on top of 95d40619b7
2018-06-15 01:15:03,093 REINFORCEMENT SENT state
2018-06-15 01:15:03,093 RFs > 0 
2018-06-15 01:15:03,094 SNT reinforcement
2018-06-15 01:15:03,254 RCV reinforcement
2018-06-15 01:15:03,288 RCV reinforcement
2018-06-15 01:15:03,336 RCV reinforcement
2018-06-15 01:15:03,343 RCV reinforcement
2018-06-15 01:15:03,470 RF found but not transmitted
2018-06-15 01:15:04,392 RF found but not transmitted
2018-06-15 01:15:04,440 RF found but not transmitted
2018-06-15 01:15:04,645 RCV commit
2018-06-15 01:15:04,708 appended honest commit 8e3c0d2d6d on top of b08895bb76
2018-06-15 01:15:04,729 Weight: 103.73090060649206 #RFs 7
2018-06-15 01:15:04,729 weight: 103.73090060649206
2018-06-15 01:15:04,730 , 103.73090060649206
2018-06-15 01:15:04,730 MINING state
2018-06-15 01:15:04,730 start mining - depth 31
2018-06-15 01:15:04,731 start mining - hash 8e3c0d2d6dc904907afff2b2d54770000380f5541d731d112be554f7d49e6df2
2018-06-15 01:15:04,805 RCV proposal
2018-06-15 01:15:04,809 appended malicious propose 5b6099c3d7 on top of 95d40619b7
2018-06-15 01:15:04,906 RCV reinforcement
2018-06-15 01:15:04,924 RCV reinforcement
2018-06-15 01:15:05,040 RCV reinforcement
2018-06-15 01:15:05,472 RF found but not transmitted
2018-06-15 01:15:05,474 RF found
2018-06-15 01:15:05,476 SNT reinforcement_information
2018-06-15 01:15:05,649 RCV reinforcement info
2018-06-15 01:15:05,652 , 103.89623290791998
2018-06-15 01:15:06,213 RCV reinforcement
2018-06-15 01:15:06,337 RCV commit
2018-06-15 01:15:06,356 appended malicious commit 4bdcf3d637 on top of 5b6099c3d7
2018-06-15 01:15:06,378 Weight: 103.49967868538445 #RFs 6
2018-06-15 01:15:06,379 weight: 103.49967868538445
2018-06-15 01:15:06,379 , 103.49967868538445
2018-06-15 01:15:06,387 RF found but not transmitted
2018-06-15 01:15:06,389 RF found
2018-06-15 01:15:06,392 SNT reinforcement_information
2018-06-15 01:15:06,432 RF found but not transmitted
2018-06-15 01:15:06,504 RCV reinforcement info
2018-06-15 01:15:06,513 , 104.57926739625299
2018-06-15 01:15:06,711 RCV reinforcement info
2018-06-15 01:15:06,722 , 104.65622927612954
2018-06-15 01:15:07,276 RCV reinforcement info
2018-06-15 01:15:07,282 , 104.72398850766524
2018-06-15 01:15:07,366 RCV reinforcement info
2018-06-15 01:15:07,371 , 104.84132426229527
2018-06-15 01:15:07,461 RCV reinforcement info
2018-06-15 01:15:07,466 , 104.92601551857507
2018-06-15 01:15:07,474 RF found but not transmitted
2018-06-15 01:15:07,478 RF found
2018-06-15 01:15:07,481 SNT reinforcement_information
2018-06-15 01:15:09,226 RCV reinforcement info
2018-06-15 01:15:09,240 , 105.70419247514798
2018-06-15 01:15:09,689 RF found but not transmitted
2018-06-15 01:15:10,497 RCV reinforcement info
2018-06-15 01:15:10,502 , 105.81784808243802
2018-06-15 01:15:10,878 RCV proposal
2018-06-15 01:15:10,881 appended honest propose 1231c73f69 on top of 8e3c0d2d6d
2018-06-15 01:15:10,881 REINFORCEMENT SENT state
2018-06-15 01:15:10,882 RFs > 0 
2018-06-15 01:15:10,883 SNT reinforcement
2018-06-15 01:15:11,000 RCV reinforcement
2018-06-15 01:15:11,017 RCV reinforcement
2018-06-15 01:15:11,021 RCV reinforcement
2018-06-15 01:15:11,063 RCV reinforcement info
2018-06-15 01:15:11,068 , 105.88049450876396
2018-06-15 01:15:11,175 RCV reinforcement
2018-06-15 01:15:11,738 RCV reinforcement info
2018-06-15 01:15:11,743 , 105.95174308685995
2018-06-15 01:15:11,816 RCV reinforcement
2018-06-15 01:15:11,916 RF found but not transmitted
2018-06-15 01:15:12,011 RCV reinforcement info
2018-06-15 01:15:12,022 , 106.03606368157342
2018-06-15 01:15:12,069 RCV reinforcement
2018-06-15 01:15:12,474 RCV commit
2018-06-15 01:15:12,624 appended honest commit e2cac58e30 on top of 1231c73f69
2018-06-15 01:15:12,701 Weight: 106.96481510347743 #RFs 13
2018-06-15 01:15:12,702 weight: 106.96481510347743
2018-06-15 01:15:12,702 , 106.96481510347743
2018-06-15 01:15:12,704 MINING state
2018-06-15 01:15:12,705 start mining - depth 32
2018-06-15 01:15:12,705 start mining - hash e2cac58e3012aa29a2c977f979fc71f605a957b96c6bf2cb4affdc8e01d1e857
2018-06-15 01:15:12,879 RCV reinforcement info
2018-06-15 01:15:12,904 , 107.23775534728186
2018-06-15 01:15:14,373 RF found but not transmitted
2018-06-15 01:15:14,571 RCV reinforcement info
2018-06-15 01:15:14,578 , 107.400063601805
2018-06-15 01:15:15,083 RCV reinforcement info
2018-06-15 01:15:15,099 , 107.58787472034112
2018-06-15 01:15:16,277 RF found but not transmitted
2018-06-15 01:15:16,572 RF found but not transmitted
2018-06-15 01:15:17,816 RF found but not transmitted
2018-06-15 01:15:18,417 RCV reinforcement info
2018-06-15 01:15:18,421 , 107.69454210638298
2018-06-15 01:15:18,645 RF found but not transmitted
2018-06-15 01:15:18,875 RCV reinforcement info
2018-06-15 01:15:18,880 , 107.81825026155062
2018-06-15 01:15:19,117 RCV reinforcement info
2018-06-15 01:15:19,122 , 107.98365737350284
2018-06-15 01:15:19,205 RCV reinforcement info
2018-06-15 01:15:19,214 , 108.14081293897844
2018-06-15 01:15:19,809 RF found but not transmitted
2018-06-15 01:15:19,967 RCV reinforcement info
2018-06-15 01:15:19,972 , 108.44516690945362
2018-06-15 01:15:20,377 RCV reinforcement info
2018-06-15 01:15:20,382 , 108.59091119982273
2018-06-15 01:15:21,338 RF found but not transmitted
2018-06-15 01:15:21,471 RCV reinforcement info
2018-06-15 01:15:21,476 , 108.65757643400036
2018-06-15 01:15:21,605 RCV reinforcement info
2018-06-15 01:15:21,610 , 108.83844709918053
2018-06-15 01:15:22,760 RF found but not transmitted
2018-06-15 01:15:22,997 RCV reinforcement info
2018-06-15 01:15:23,001 , 108.90928753654029
2018-06-15 01:15:23,543 RCV reinforcement info
2018-06-15 01:15:23,548 , 109.7008339094698
2018-06-15 01:15:23,991 RF found but not transmitted
2018-06-15 01:15:23,994 RF found
2018-06-15 01:15:23,995 SNT reinforcement_information
2018-06-15 01:15:24,039 RF found but not transmitted
2018-06-15 01:15:25,136 RF found but not transmitted
2018-06-15 01:15:25,137 RF found
2018-06-15 01:15:25,140 SNT reinforcement_information
2018-06-15 01:15:25,365 RCV reinforcement info
2018-06-15 01:15:25,371 , 110.00409375379955
2018-06-15 01:15:25,816 RF found but not transmitted
2018-06-15 01:15:26,580 RCV reinforcement info
2018-06-15 01:15:26,584 , 110.07410324800574
2018-06-15 01:15:26,620 RF found but not transmitted
2018-06-15 01:15:26,666 RCV reinforcement info
2018-06-15 01:15:26,671 , 110.14130318544122
2018-06-15 01:15:26,800 RF found but not transmitted
2018-06-15 01:15:26,997 RCV reinforcement info
2018-06-15 01:15:27,004 , 110.25530734376866
2018-06-15 01:15:27,506 RF found but not transmitted
2018-06-15 01:15:27,565 RCV reinforcement info
2018-06-15 01:15:27,571 , 110.3339351462556
2018-06-15 01:15:28,082 RF found but not transmitted
2018-06-15 01:15:28,482 RF found but not transmitted
2018-06-15 01:15:28,586 RCV reinforcement info
2018-06-15 01:15:28,590 , 110.39655970635071
2018-06-15 01:15:28,917 RCV reinforcement info
2018-06-15 01:15:28,922 , 110.5952296717691
2018-06-15 01:15:30,113 RCV reinforcement info
2018-06-15 01:15:30,118 , 110.68634189520577
2018-06-15 01:15:30,279 RF found but not transmitted
2018-06-15 01:15:31,312 RCV reinforcement info
2018-06-15 01:15:31,317 , 110.75709807392053
2018-06-15 01:15:33,158 RCV reinforcement info
2018-06-15 01:15:33,162 , 111.11322623359973
2018-06-15 01:15:33,380 RF found but not transmitted
2018-06-15 01:15:33,383 RF found
2018-06-15 01:15:33,388 SNT reinforcement_information
2018-06-15 01:15:33,632 RF found but not transmitted
2018-06-15 01:15:33,826 RF found but not transmitted
2018-06-15 01:15:34,046 RCV reinforcement info
2018-06-15 01:15:34,050 , 111.30613919260765
2018-06-15 01:15:36,342 RF found but not transmitted
2018-06-15 01:15:37,115 RF found but not transmitted
2018-06-15 01:15:37,116 RF found
2018-06-15 01:15:37,117 SNT reinforcement_information
2018-06-15 01:15:37,534 RCV reinforcement info
2018-06-15 01:15:37,538 , 111.43527424375341
2018-06-15 01:15:37,919 RF found but not transmitted
2018-06-15 01:15:38,075 RCV reinforcement info
2018-06-15 01:15:38,080 , 111.55945913063361
2018-06-15 01:15:38,234 RF found but not transmitted
2018-06-15 01:15:38,397 RCV reinforcement info
2018-06-15 01:15:38,402 , 111.64289461673246
2018-06-15 01:15:38,657 RF found but not transmitted
2018-06-15 01:15:39,928 RCV reinforcement info
2018-06-15 01:15:39,932 , 111.72611235286423
2018-06-15 01:15:40,670 RF found but not transmitted
2018-06-15 01:15:41,033 RCV reinforcement info
2018-06-15 01:15:41,037 , 111.88756624992484
2018-06-15 01:15:41,512 RCV reinforcement info
2018-06-15 01:15:41,517 , 112.01954977951556
2018-06-15 01:15:42,248 RCV reinforcement info
2018-06-15 01:15:42,252 , 112.224476147839
2018-06-15 01:15:43,138 RF found but not transmitted
2018-06-15 01:15:43,254 RF found but not transmitted
2018-06-15 01:15:43,273 RF found but not transmitted
2018-06-15 01:15:43,606 RCV reinforcement info
2018-06-15 01:15:43,610 , 112.29618014476394
2018-06-15 01:15:43,753 RF found but not transmitted
2018-06-15 01:15:44,104 RCV reinforcement info
2018-06-15 01:15:44,108 , 112.37618877892604
2018-06-15 01:15:44,529 RCV reinforcement info
2018-06-15 01:15:44,534 , 112.48567591577152
2018-06-15 01:15:46,099 RF found but not transmitted
2018-06-15 01:15:46,170 RCV proposal
2018-06-15 01:15:46,173 appended honest propose a578b10f12 on top of e2cac58e30
2018-06-15 01:15:46,174 REINFORCEMENT SENT state
2018-06-15 01:15:46,174 RFs > 0 
2018-06-15 01:15:46,175 SNT reinforcement
2018-06-15 01:15:46,423 RCV reinforcement
2018-06-15 01:15:46,427 RCV reinforcement
2018-06-15 01:15:46,431 RCV reinforcement
2018-06-15 01:15:46,435 RCV reinforcement
2018-06-15 01:15:46,453 RCV reinforcement info
2018-06-15 01:15:46,458 , 112.74981874063636
2018-06-15 01:15:46,535 RCV reinforcement
2018-06-15 01:15:47,573 RF found but not transmitted
2018-06-15 01:15:47,804 RCV commit
2018-06-15 01:15:48,083 appended honest commit c26cb416a5 on top of a578b10f12
2018-06-15 01:15:48,382 Weight: 113.74981874063634 #RFs 39
2018-06-15 01:15:48,382 weight: 113.74981874063634
2018-06-15 01:15:48,382 , 113.74981874063634
2018-06-15 01:15:48,393 MINING state
2018-06-15 01:15:48,394 start mining - depth 33
2018-06-15 01:15:48,394 start mining - hash c26cb416a5d249aed32e846f3bf4c0c6dde2c9c57001db033e6b3dd35b511f83
2018-06-15 01:15:48,410 Hashing frequency: 15806
2018-06-15 01:15:48,544 RCV proposal
2018-06-15 01:15:48,564 appended malicious propose 40eb4d3317 on top of e2cac58e30
2018-06-15 01:15:48,647 RCV reinforcement
2018-06-15 01:15:48,672 RCV reinforcement
2018-06-15 01:15:48,937 RCV reinforcement info
2018-06-15 01:15:48,945 , 114.05669840114344
2018-06-15 01:15:50,117 RCV reinforcement
2018-06-15 01:15:50,194 RCV commit
2018-06-15 01:15:50,342 appended malicious commit 75f5d83509 on top of 40eb4d3317
2018-06-15 01:15:50,484 Weight: 112.66408353173303 #RFs 22
2018-06-15 01:15:50,484 weight: 112.66408353173303
2018-06-15 01:15:50,492 , 112.66408353173303
2018-06-15 01:15:50,645 RCV reinforcement info
2018-06-15 01:15:50,657 , 114.18818729644265
2018-06-15 01:15:50,669 RCV reinforcement info
2018-06-15 01:15:50,674 , 114.25410219198517
2018-06-15 01:15:50,827 RF found but not transmitted
2018-06-15 01:15:51,359 RCV reinforcement info
2018-06-15 01:15:51,364 , 114.3875624028293
2018-06-15 01:15:52,108 RF found but not transmitted
2018-06-15 01:15:52,131 RF found but not transmitted
2018-06-15 01:15:52,361 RF found but not transmitted
2018-06-15 01:15:52,364 RF found
2018-06-15 01:15:52,368 SNT reinforcement_information
2018-06-15 01:15:52,418 RF found but not transmitted
2018-06-15 01:15:52,452 RF found
2018-06-15 01:15:52,453 SNT reinforcement_information
2018-06-15 01:15:52,477 RF found but not transmitted
2018-06-15 01:15:52,852 RF found but not transmitted
2018-06-15 01:15:52,900 RCV proposal
2018-06-15 01:15:52,903 appended honest propose b1be46555f on top of c26cb416a5
2018-06-15 01:15:52,904 REINFORCEMENT SENT state
2018-06-15 01:15:52,904 RFs > 0 
2018-06-15 01:15:52,905 SNT reinforcement
2018-06-15 01:15:53,036 RF found but not transmitted
2018-06-15 01:15:53,075 SNT reinforcement_information
2018-06-15 01:15:53,176 SNT reinforcement
2018-06-15 01:15:53,263 RCV reinforcement
2018-06-15 01:15:53,268 RCV reinforcement
2018-06-15 01:15:53,275 RCV reinforcement
2018-06-15 01:15:53,555 RCV reinforcement info
2018-06-15 01:15:53,560 , 115.86379016953882
2018-06-15 01:15:53,694 RCV reinforcement
2018-06-15 01:15:53,751 RF found but not transmitted
2018-06-15 01:15:54,273 RCV reinforcement info
2018-06-15 01:15:54,278 , 116.08586038285033
2018-06-15 01:15:54,317 RF found but not transmitted
2018-06-15 01:15:54,377 RCV reinforcement
2018-06-15 01:15:54,501 RCV commit
2018-06-15 01:15:54,586 appended honest commit 55ed7a93d5 on top of b1be46555f
2018-06-15 01:15:54,624 Weight: 116.86379016953882 #RFs 8
2018-06-15 01:15:54,624 weight: 116.86379016953882
2018-06-15 01:15:54,624 , 116.86379016953882
2018-06-15 01:15:54,624 MINING state
2018-06-15 01:15:54,625 start mining - depth 34
2018-06-15 01:15:54,625 start mining - hash 55ed7a93d5a9ffd69fd826046bb2448dbf4b4c7a2743d0266cea02a04dbc371f
2018-06-15 01:15:54,691 RF found but not transmitted
2018-06-15 01:15:55,324 RCV reinforcement info
2018-06-15 01:15:55,329 , 116.98296583560766
2018-06-15 01:15:57,125 RCV proposal
2018-06-15 01:15:57,128 appended honest propose a1cc38faed on top of 55ed7a93d5
2018-06-15 01:15:57,128 REINFORCEMENT SENT state
2018-06-15 01:15:57,224 RCV reinforcement
2018-06-15 01:15:57,743 RCV reinforcement info
2018-06-15 01:15:57,751 , 117.0875795168329
2018-06-15 01:15:57,835 RCV reinforcement
2018-06-15 01:15:57,949 RF found but not transmitted
2018-06-15 01:15:57,993 RF found but not transmitted
2018-06-15 01:15:58,116 RCV reinforcement info
2018-06-15 01:15:58,120 , 117.25795230991125
2018-06-15 01:15:58,202 RCV reinforcement
2018-06-15 01:15:58,376 RF found but not transmitted
2018-06-15 01:15:58,555 RCV commit
2018-06-15 01:15:58,606 appended honest commit f24ac5d8f0 on top of a1cc38faed
2018-06-15 01:15:58,612 Weight: 118.25795230991125 #RFs 3
2018-06-15 01:15:58,612 weight: 118.25795230991125
2018-06-15 01:15:58,612 , 118.25795230991125
2018-06-15 01:15:58,613 MINING state
2018-06-15 01:15:58,613 start mining - depth 35
2018-06-15 01:15:58,613 start mining - hash f24ac5d8f036d2bf21d96578c752bc04d9fadd9807239c4d800c00b8c3118781
2018-06-15 01:15:58,978 RF found but not transmitted
2018-06-15 01:15:59,394 RF found but not transmitted
2018-06-15 01:15:59,662 RCV reinforcement info
2018-06-15 01:15:59,667 , 118.41313507860764
2018-06-15 01:16:00,533 RF found but not transmitted
2018-06-15 01:16:00,539 RF found
2018-06-15 01:16:00,542 SNT reinforcement_information
2018-06-15 01:16:03,555 RCV reinforcement info
2018-06-15 01:16:03,560 , 118.60443956256098
2018-06-15 01:16:03,881 RF found but not transmitted
2018-06-15 01:16:03,953 RF found but not transmitted
2018-06-15 01:16:05,166 RCV reinforcement info
2018-06-15 01:16:05,170 , 119.01434348233943
2018-06-15 01:16:05,495 RCV reinforcement info
2018-06-15 01:16:05,499 , 119.08769723591006
2018-06-15 01:16:05,623 RF found but not transmitted
2018-06-15 01:16:05,805 RCV reinforcement info
2018-06-15 01:16:05,810 , 119.19550549427679
2018-06-15 01:16:05,815 RF found but not transmitted
2018-06-15 01:16:06,725 RF found but not transmitted
2018-06-15 01:16:07,849 RF found but not transmitted
2018-06-15 01:16:07,884 RCV proposal
2018-06-15 01:16:07,886 appended honest propose 60b97475b4 on top of f24ac5d8f0
2018-06-15 01:16:07,887 REINFORCEMENT SENT state
2018-06-15 01:16:07,887 RFs > 0 
2018-06-15 01:16:07,888 SNT reinforcement
2018-06-15 01:16:08,069 RF found but not transmitted
2018-06-15 01:16:08,116 RCV reinforcement
2018-06-15 01:16:08,120 RCV reinforcement
2018-06-15 01:16:08,123 RCV reinforcement
2018-06-15 01:16:08,127 RCV reinforcement
2018-06-15 01:16:08,131 RCV reinforcement
2018-06-15 01:16:08,879 RCV reinforcement info
2018-06-15 01:16:08,899 , 119.38247360452027
2018-06-15 01:16:08,947 RCV reinforcement
2018-06-15 01:16:09,151 RF found but not transmitted
2018-06-15 01:16:09,400 RCV commit
2018-06-15 01:16:09,441 appended honest commit 3cfbc08840 on top of 60b97475b4
2018-06-15 01:16:09,486 Weight: 120.38247360452027 #RFs 7
2018-06-15 01:16:09,486 weight: 120.38247360452027
2018-06-15 01:16:09,487 , 120.38247360452027
2018-06-15 01:16:09,487 MINING state
2018-06-15 01:16:09,487 start mining - depth 36
2018-06-15 01:16:09,487 start mining - hash 3cfbc088402439528f9e6c5bff18c20761654e01b3e0795175595e1b8102efbc
2018-06-15 01:16:09,822 RCV reinforcement info
2018-06-15 01:16:09,827 , 120.92281361801689
2018-06-15 01:16:10,128 RF found but not transmitted
2018-06-15 01:16:10,129 RF found
2018-06-15 01:16:10,130 SNT reinforcement_information
2018-06-15 01:16:10,570 RF found but not transmitted
2018-06-15 01:16:11,332 RCV reinforcement info
2018-06-15 01:16:11,337 , 121.35684603731013
2018-06-15 01:16:13,053 RCV reinforcement info
2018-06-15 01:16:13,058 , 121.70320630583132
2018-06-15 01:16:13,059 RF found but not transmitted
2018-06-15 01:16:13,123 RF found but not transmitted
2018-06-15 01:16:14,161 RF found but not transmitted
2018-06-15 01:16:14,821 RCV reinforcement info
2018-06-15 01:16:14,829 , 121.80362347423474
2018-06-15 01:23:28,055 RF found but not transmitted
2018-06-15 01:23:28,452 RF found but not transmitted
2018-06-15 01:23:28,519 RF found but not transmitted
2018-06-15 01:23:28,709 RCV reinforcement info
2018-06-15 01:23:28,714 , 121.86950490324755
2018-06-15 01:23:28,863 RF found but not transmitted
2018-06-15 01:23:29,212 RF found but not transmitted
2018-06-15 01:23:29,213 RF found
2018-06-15 01:23:29,216 SNT reinforcement_information
2018-06-15 01:23:29,802 RF found but not transmitted
2018-06-15 01:23:30,387 RCV reinforcement info
2018-06-15 01:23:30,391 , 122.11633053927198
2018-06-15 01:23:30,948 RCV reinforcement info
2018-06-15 01:23:30,952 , 122.27616767956627
2018-06-15 01:23:32,647 RCV reinforcement info
2018-06-15 01:23:32,651 , 122.37256329605174
2018-06-15 01:23:32,700 RCV reinforcement info
2018-06-15 01:23:32,705 , 122.45181587748033
2018-06-15 01:23:33,300 RF found but not transmitted
2018-06-15 01:23:33,922 RCV reinforcement info
2018-06-15 01:23:33,927 , 122.52612033512938
2018-06-15 01:23:34,145 RF found but not transmitted
2018-06-15 01:23:34,919 RF found but not transmitted
2018-06-15 01:23:34,920 RF found
2018-06-15 01:23:34,923 SNT reinforcement_information
2018-06-15 01:23:34,974 RF found but not transmitted
2018-06-15 01:23:35,268 RCV reinforcement info
2018-06-15 01:23:35,314 , 123.53677918854893
