2018-06-15 01:10:12,085 ---------------------------------------------------------
2018-06-15 01:10:12,088 MALICIOUS MINING state
2018-06-15 01:10:13,114 start mining - depth 0
2018-06-15 01:10:13,115 start mining - hash 5ac81705aa477aebd6f6f81152aef4d9ef3e34bb3ae6a5fd1409070648d0764d
2018-06-15 01:10:13,952 RCV reinforcement info
2018-06-15 01:10:15,481 RCV reinforcement info
2018-06-15 01:10:16,131 RCV reinforcement info
2018-06-15 01:10:16,164 RCV reinforcement info
2018-06-15 01:10:16,298 RF found but not transmitted
2018-06-15 01:10:16,456 RCV reinforcement info
2018-06-15 01:10:16,667 RCV reinforcement info
2018-06-15 01:10:17,538 RCV malicious_prop_agreement
2018-06-15 01:10:17,674 RCV reinforcement info
2018-06-15 01:10:17,846 RCV reinforcement info
2018-06-15 01:10:18,486 RCV reinforcement info
2018-06-15 01:10:18,877 RCV reinforcement info
2018-06-15 01:10:19,616 RCV reinforcement info
2018-06-15 01:10:19,678 RCV reinforcement info
2018-06-15 01:10:19,932 RCV reinforcement info
2018-06-15 01:10:21,432 RCV reinforcement info
2018-06-15 01:10:21,495 RCV reinforcement info
2018-06-15 01:10:22,022 RCV reinforcement info
2018-06-15 01:10:22,074 RCV reinforcement info
2018-06-15 01:10:23,191 RCV reinforcement info
2018-06-15 01:10:23,425 RCV reinforcement info
2018-06-15 01:10:23,799 RCV proposal
2018-06-15 01:10:23,801 appended honest propose ea20ac0ed7 on top of 5ac81705aa
2018-06-15 01:10:23,909 RCV reinforcement
2018-06-15 01:10:23,916 RCV reinforcement
2018-06-15 01:10:23,929 RCV reinforcement
2018-06-15 01:10:23,942 RCV reinforcement
2018-06-15 01:10:23,951 RCV reinforcement
2018-06-15 01:10:24,142 RCV reinforcement info
2018-06-15 01:10:24,199 RCV reinforcement
2018-06-15 01:10:25,002 RCV reinforcement info
2018-06-15 01:10:25,057 RCV reinforcement
2018-06-15 01:10:25,369 RCV commit
2018-06-15 01:10:25,484 appended honest commit 36a3810446 on top of ea20ac0ed7
2018-06-15 01:10:25,563 Weight: 4.436100575705728 #RFs 21
2018-06-15 01:10:25,563 weight: 4.436100575705728
2018-06-15 01:10:25,563 , 4.436100575705728
2018-06-15 01:10:25,668 RCV proposal
2018-06-15 01:10:25,670 appended malicious propose 51df4df227 on top of 5ac81705aa
2018-06-15 01:10:25,670 REINFORCEMENT SENT state
2018-06-15 01:10:25,671 SNT reinforcement
2018-06-15 01:10:25,746 RCV reinforcement
2018-06-15 01:10:26,558 RF found but not transmitted
2018-06-15 01:10:26,560 SNT reinforcement
2018-06-15 01:10:27,086 RCV reinforcement info
2018-06-15 01:10:27,122 RCV reinforcement info
2018-06-15 01:10:27,213 RCV commit
2018-06-15 01:10:27,243 appended malicious commit 3f168d367e on top of 51df4df227
2018-06-15 01:10:27,254 Weight: 1.581693169909352 #RFs 4
2018-06-15 01:10:27,254 weight: 1.581693169909352
2018-06-15 01:10:27,255 , 1.581693169909352
2018-06-15 01:10:27,255 MALICIOUS MINING state
2018-06-15 01:10:27,255 start mining - depth 1
2018-06-15 01:10:27,256 start mining - hash 36a38104469510c599cc1df8786bdfaca018fb413529f1859ad35a21471e343b
2018-06-15 01:10:27,442 RCV reinforcement info
2018-06-15 01:10:27,584 RCV reinforcement info
2018-06-15 01:10:28,403 RCV reinforcement info
2018-06-15 01:10:29,320 RCV reinforcement info
2018-06-15 01:10:29,893 RCV reinforcement info
2018-06-15 01:10:31,292 RCV reinforcement info
2018-06-15 01:10:31,805 RCV reinforcement info
2018-06-15 01:10:32,011 RF found but not transmitted
2018-06-15 01:10:32,427 RCV reinforcement info
2018-06-15 01:10:32,481 RCV proposal
2018-06-15 01:10:32,485 appended honest propose 4bc8e61e4c on top of 36a3810446
2018-06-15 01:10:32,618 RCV reinforcement
2018-06-15 01:10:32,629 RCV reinforcement
2018-06-15 01:10:32,648 RCV reinforcement
2018-06-15 01:10:32,657 RCV reinforcement
2018-06-15 01:10:32,667 RCV reinforcement
2018-06-15 01:10:32,676 RCV reinforcement
2018-06-15 01:10:32,971 RCV reinforcement info
2018-06-15 01:10:33,036 RCV reinforcement
2018-06-15 01:10:33,501 RCV reinforcement info
2018-06-15 01:10:33,561 RCV reinforcement
2018-06-15 01:10:34,021 RCV commit
2018-06-15 01:10:34,107 appended honest commit 9b0aaa8470 on top of 4bc8e61e4c
2018-06-15 01:10:34,159 Weight: 7.948084210073177 #RFs 10
2018-06-15 01:10:34,160 weight: 7.948084210073177
2018-06-15 01:10:34,161 , 7.948084210073177
2018-06-15 01:10:34,162 start mining - depth 2
2018-06-15 01:10:34,163 start mining - hash 9b0aaa8470e9af09883f15c0b34f5ecf871487d3ab1e9880a80f4e3086f21f39
2018-06-15 01:10:34,593 RCV reinforcement info
2018-06-15 01:10:34,955 RCV reinforcement info
2018-06-15 01:10:35,019 RCV reinforcement info
2018-06-15 01:10:36,599 RF found but not transmitted
2018-06-15 01:10:38,469 RCV reinforcement info
2018-06-15 01:10:38,909 RCV reinforcement info
2018-06-15 01:10:38,949 RCV reinforcement info
2018-06-15 01:10:39,439 RCV reinforcement info
2018-06-15 01:10:39,572 RCV reinforcement info
2018-06-15 01:10:39,955 RF found but not transmitted
2018-06-15 01:10:41,545 RCV reinforcement info
2018-06-15 01:10:42,508 RCV reinforcement info
2018-06-15 01:10:43,908 RF found but not transmitted
2018-06-15 01:10:43,932 RCV reinforcement info
2018-06-15 01:10:44,376 RCV reinforcement info
2018-06-15 01:10:44,764 RCV reinforcement info
2018-06-15 01:10:46,134 RCV reinforcement info
2018-06-15 01:10:46,384 RCV malicious_prop_agreement
2018-06-15 01:10:46,669 RCV reinforcement info
2018-06-15 01:10:48,595 RCV reinforcement info
2018-06-15 01:10:48,731 RCV reinforcement info
2018-06-15 01:10:49,034 RCV reinforcement info
2018-06-15 01:10:49,495 RCV reinforcement info
2018-06-15 01:10:49,630 RCV reinforcement info
2018-06-15 01:10:50,043 RCV reinforcement info
2018-06-15 01:10:50,239 RCV reinforcement info
2018-06-15 01:10:50,393 RCV reinforcement info
2018-06-15 01:10:50,460 RCV reinforcement info
2018-06-15 01:10:51,570 RCV reinforcement info
2018-06-15 01:10:51,933 RCV reinforcement info
2018-06-15 01:10:52,556 RCV reinforcement info
2018-06-15 01:10:52,864 RCV proposal
2018-06-15 01:10:52,867 appended honest propose 87e1195b12 on top of 9b0aaa8470
2018-06-15 01:10:52,996 RCV reinforcement
2018-06-15 01:10:53,002 RCV reinforcement info
2018-06-15 01:10:53,006 RCV reinforcement
2018-06-15 01:10:53,010 RCV reinforcement
2018-06-15 01:10:53,020 RCV reinforcement
2018-06-15 01:10:53,041 RCV reinforcement
2018-06-15 01:10:53,103 RCV reinforcement
2018-06-15 01:10:53,149 RCV reinforcement info
2018-06-15 01:10:53,205 RCV reinforcement info
2018-06-15 01:10:53,241 RCV reinforcement
2018-06-15 01:10:53,311 RCV reinforcement
2018-06-15 01:10:53,368 RCV reinforcement info
2018-06-15 01:10:53,477 RCV reinforcement
2018-06-15 01:10:54,480 RCV commit
2018-06-15 01:10:54,693 appended honest commit 04daf1efc5 on top of 87e1195b12
2018-06-15 01:10:54,980 Weight: 13.819701182415224 #RFs 30
2018-06-15 01:10:54,981 weight: 13.819701182415224
2018-06-15 01:10:54,981 , 13.819701182415224
2018-06-15 01:10:55,145 RCV proposal
2018-06-15 01:10:55,149 appended malicious propose 641351dd8c on top of 9b0aaa8470
2018-06-15 01:10:55,158 REINFORCEMENT SENT state
2018-06-15 01:10:55,163 SNT reinforcement
2018-06-15 01:10:55,376 RCV reinforcement
2018-06-15 01:10:55,442 RCV reinforcement info
2018-06-15 01:10:55,488 RCV reinforcement info
2018-06-15 01:10:55,561 RCV reinforcement info
2018-06-15 01:10:55,691 RCV reinforcement info
2018-06-15 01:10:56,494 RCV reinforcement info
2018-06-15 01:10:56,498 RCV reinforcement info
2018-06-15 01:10:56,677 RCV commit
2018-06-15 01:10:56,750 appended malicious commit 4de1dcd0a3 on top of 641351dd8c
2018-06-15 01:10:56,780 Weight: 10.407311138283776 #RFs 10
2018-06-15 01:10:56,798 weight: 10.407311138283776
2018-06-15 01:10:56,799 , 10.407311138283776
2018-06-15 01:10:56,800 MALICIOUS MINING state
2018-06-15 01:10:56,800 start mining - depth 3
2018-06-15 01:10:56,801 start mining - hash 04daf1efc5fa58079a2823163e7fdba9782ff7b558a3a2b180f26ac084edc26b
2018-06-15 01:10:56,875 RF found but not transmitted
2018-06-15 01:10:56,892 RF found but not transmitted
2018-06-15 01:10:57,068 RCV reinforcement info
2018-06-15 01:10:58,782 RCV reinforcement info
2018-06-15 01:10:58,818 RCV reinforcement info
2018-06-15 01:10:59,333 RCV reinforcement info
2018-06-15 01:10:59,713 RCV reinforcement info
2018-06-15 01:10:59,870 RCV reinforcement info
2018-06-15 01:11:00,206 RCV reinforcement info
2018-06-15 01:11:00,332 RCV reinforcement info
2018-06-15 01:11:00,412 RCV reinforcement info
2018-06-15 01:11:00,782 RCV reinforcement info
2018-06-15 01:11:01,047 RCV reinforcement info
2018-06-15 01:11:01,292 RCV reinforcement info
2018-06-15 01:11:01,612 RCV reinforcement info
2018-06-15 01:11:01,845 RCV reinforcement info
2018-06-15 01:11:04,074 RCV reinforcement info
2018-06-15 01:11:04,286 RCV reinforcement info
2018-06-15 01:11:04,414 RCV reinforcement info
2018-06-15 01:11:04,870 RCV proposal
2018-06-15 01:11:04,874 appended honest propose 43041df77b on top of 04daf1efc5
2018-06-15 01:11:05,029 RCV reinforcement
2018-06-15 01:11:05,034 RCV reinforcement
2018-06-15 01:11:05,056 RCV reinforcement
2018-06-15 01:11:05,062 RCV reinforcement info
2018-06-15 01:11:05,077 RCV reinforcement
2018-06-15 01:11:05,085 RCV reinforcement
2018-06-15 01:11:05,192 RCV reinforcement
2018-06-15 01:11:05,271 RF found but not transmitted
2018-06-15 01:11:06,406 RCV commit
2018-06-15 01:11:06,525 appended honest commit 5d456f21eb on top of 43041df77b
2018-06-15 01:11:06,691 Weight: 19.371464792465805 #RFs 24
2018-06-15 01:11:06,691 weight: 19.371464792465805
2018-06-15 01:11:06,692 , 19.371464792465805
2018-06-15 01:11:06,695 start mining - depth 4
2018-06-15 01:11:06,695 start mining - hash 5d456f21eb8dd5a18d949fbd2b6aa37e32e2e208ec2c18d0eee02432b808254a
2018-06-15 01:11:07,123 RCV reinforcement info
2018-06-15 01:11:09,042 RCV reinforcement info
2018-06-15 01:11:09,404 RCV reinforcement info
2018-06-15 01:11:10,504 RCV reinforcement info
2018-06-15 01:11:10,587 RCV reinforcement info
2018-06-15 01:11:10,939 RCV reinforcement info
2018-06-15 01:11:11,077 RCV reinforcement info
2018-06-15 01:11:13,398 RCV reinforcement info
2018-06-15 01:11:14,371 RCV reinforcement info
2018-06-15 01:11:14,405 RCV reinforcement info
2018-06-15 01:11:14,573 RCV reinforcement info
2018-06-15 01:11:15,098 RCV reinforcement info
2018-06-15 01:11:16,132 RCV reinforcement info
2018-06-15 01:11:17,203 RF found but not transmitted
2018-06-15 01:11:17,339 RCV reinforcement info
2018-06-15 01:11:17,565 RCV reinforcement info
2018-06-15 01:11:17,578 RCV reinforcement info
2018-06-15 01:11:19,409 RCV reinforcement info
2018-06-15 01:11:20,477 RCV reinforcement info
2018-06-15 01:11:20,861 RCV reinforcement info
2018-06-15 01:11:21,428 RCV reinforcement info
2018-06-15 01:11:21,470 RCV reinforcement info
2018-06-15 01:11:21,572 RCV proposal
2018-06-15 01:11:21,575 appended honest propose f5e079d542 on top of 5d456f21eb
2018-06-15 01:11:21,717 RCV reinforcement
2018-06-15 01:11:21,728 RCV reinforcement
2018-06-15 01:11:21,744 RCV reinforcement
2018-06-15 01:11:21,754 RCV reinforcement
2018-06-15 01:11:21,766 RCV reinforcement
2018-06-15 01:11:21,770 RCV reinforcement
2018-06-15 01:11:21,851 RCV reinforcement info
2018-06-15 01:11:21,915 RCV reinforcement
2018-06-15 01:11:23,148 RCV commit
2018-06-15 01:11:23,249 appended honest commit e776660f9a on top of f5e079d542
2018-06-15 01:11:23,394 Weight: 22.639723201694345 #RFs 22
2018-06-15 01:11:23,394 weight: 22.639723201694345
2018-06-15 01:11:23,396 , 22.639723201694345
2018-06-15 01:11:23,397 start mining - depth 5
2018-06-15 01:11:23,398 start mining - hash e776660f9ac9b350ca2f020999b5d43c87cf6f194c6a671e5f2c50d414fcd390
2018-06-15 01:11:23,399 Hashing frequency: 3787
2018-06-15 01:11:23,562 RCV reinforcement info
2018-06-15 01:11:24,270 RCV reinforcement info
2018-06-15 01:11:24,415 RCV reinforcement info
2018-06-15 01:11:24,788 RCV reinforcement info
2018-06-15 01:11:25,016 RCV reinforcement info
2018-06-15 01:11:26,883 RCV reinforcement info
2018-06-15 01:11:27,973 RCV reinforcement info
2018-06-15 01:11:28,555 RCV reinforcement info
2018-06-15 01:11:29,017 RCV reinforcement info
2018-06-15 01:11:29,990 RCV reinforcement info
2018-06-15 01:11:30,629 RCV reinforcement info
2018-06-15 01:11:30,706 RCV reinforcement info
2018-06-15 01:11:31,867 RF found but not transmitted
2018-06-15 01:11:32,218 RCV reinforcement info
2018-06-15 01:11:32,343 RCV reinforcement info
2018-06-15 01:11:32,629 RCV reinforcement info
2018-06-15 01:11:32,880 RCV reinforcement info
2018-06-15 01:11:33,257 RCV reinforcement info
2018-06-15 01:11:33,275 RCV reinforcement info
2018-06-15 01:11:33,340 RCV reinforcement info
2018-06-15 01:11:33,505 RCV malicious_prop_agreement
2018-06-15 01:11:33,617 RCV reinforcement info
2018-06-15 01:11:33,966 RF found but not transmitted
2018-06-15 01:11:34,088 RCV proposal
2018-06-15 01:11:34,091 appended honest propose 54ee4dcf3b on top of e776660f9a
2018-06-15 01:11:34,213 RCV reinforcement
2018-06-15 01:11:34,230 RCV reinforcement
2018-06-15 01:11:34,238 RCV reinforcement
2018-06-15 01:11:34,253 RCV reinforcement
2018-06-15 01:11:34,264 RCV reinforcement
2018-06-15 01:11:34,276 RCV reinforcement
2018-06-15 01:11:34,348 RCV reinforcement info
2018-06-15 01:11:34,413 RCV reinforcement
2018-06-15 01:11:34,912 RCV reinforcement info
2018-06-15 01:11:34,977 RCV reinforcement
2018-06-15 01:11:35,681 RCV commit
2018-06-15 01:11:35,850 appended honest commit 7613c4e102 on top of 54ee4dcf3b
2018-06-15 01:11:35,953 Weight: 27.407003044839325 #RFs 22
2018-06-15 01:11:35,953 weight: 27.407003044839325
2018-06-15 01:11:35,953 , 27.407003044839325
2018-06-15 01:11:36,079 RCV proposal
2018-06-15 01:11:36,083 appended malicious propose e8492fc6d2 on top of e776660f9a
2018-06-15 01:11:36,084 REINFORCEMENT SENT state
2018-06-15 01:11:36,086 SNT reinforcement
2018-06-15 01:11:36,157 RCV reinforcement
2018-06-15 01:11:36,687 RCV reinforcement info
2018-06-15 01:11:36,785 RCV reinforcement info
2018-06-15 01:11:36,881 RCV reinforcement info
2018-06-15 01:11:37,608 RCV commit
2018-06-15 01:11:37,658 appended malicious commit 1d4f485f17 on top of e8492fc6d2
2018-06-15 01:11:37,707 Weight: 24.71004946504014 #RFs 7
2018-06-15 01:11:37,707 weight: 24.71004946504014
2018-06-15 01:11:37,707 , 24.71004946504014
2018-06-15 01:11:37,708 MALICIOUS MINING state
2018-06-15 01:11:37,709 start mining - depth 6
2018-06-15 01:11:37,710 start mining - hash 7613c4e102b1503ee169ad5d74e16cad1d007798d5651ba8ec3164a033c0c517
2018-06-15 01:11:38,248 RCV reinforcement info
2018-06-15 01:11:38,250 RCV reinforcement info
2018-06-15 01:11:38,612 RCV reinforcement info
2018-06-15 01:11:38,848 RCV reinforcement info
2018-06-15 01:11:39,563 RCV reinforcement info
2018-06-15 01:11:39,972 RCV reinforcement info
2018-06-15 01:11:41,744 RCV reinforcement info
2018-06-15 01:11:42,110 RF found but not transmitted
2018-06-15 01:11:42,543 RCV reinforcement info
2018-06-15 01:11:42,956 RCV reinforcement info
2018-06-15 01:11:43,506 RCV reinforcement info
2018-06-15 01:11:43,860 RF found but not transmitted
2018-06-15 01:11:43,897 RCV proposal
2018-06-15 01:11:43,901 appended honest propose 8bfa506b41 on top of 7613c4e102
2018-06-15 01:11:44,022 RCV reinforcement
2018-06-15 01:11:44,044 RCV reinforcement
2018-06-15 01:11:44,048 RCV reinforcement
2018-06-15 01:11:44,056 RCV reinforcement
2018-06-15 01:11:44,069 RCV reinforcement
2018-06-15 01:11:44,079 RCV reinforcement
2018-06-15 01:11:45,166 RCV reinforcement info
2018-06-15 01:11:45,223 RCV reinforcement
2018-06-15 01:11:45,458 RCV commit
2018-06-15 01:11:45,549 appended honest commit de602e0e13 on top of 8bfa506b41
2018-06-15 01:11:45,638 Weight: 31.333999929240463 #RFs 14
2018-06-15 01:11:45,638 weight: 31.333999929240463
2018-06-15 01:11:45,639 , 31.333999929240463
2018-06-15 01:11:45,641 start mining - depth 7
2018-06-15 01:11:45,642 start mining - hash de602e0e13f87f68369f14564f772a96a890c218073cacfd244bdd598dedcbce
2018-06-15 01:11:45,804 RCV proposal
2018-06-15 01:11:45,817 appended honest propose 5d072ebc37 on top of de602e0e13
2018-06-15 01:11:47,327 RCV commit
2018-06-15 01:11:47,329 appended honest commit e6b5cb9087 on top of 5d072ebc37
2018-06-15 01:11:47,330 Weight: 32.33399992924046 #RFs 0
2018-06-15 01:11:47,330 weight: 32.33399992924046
2018-06-15 01:11:47,330 , 32.33399992924046
2018-06-15 01:11:47,331 start mining - depth 8
2018-06-15 01:11:47,331 start mining - hash e6b5cb9087e35c3ec2bb1ec7b20289add2b7fda647276d46e07af77afc76ebd3
2018-06-15 01:11:48,153 RCV reinforcement info
2018-06-15 01:11:48,205 RCV reinforcement info
2018-06-15 01:11:48,907 RCV reinforcement info
2018-06-15 01:11:49,253 RCV reinforcement info
2018-06-15 01:11:49,311 RCV reinforcement info
2018-06-15 01:11:50,041 RF found but not transmitted
2018-06-15 01:11:50,291 RCV reinforcement info
2018-06-15 01:11:50,459 RCV reinforcement info
2018-06-15 01:11:51,967 RCV proposal
2018-06-15 01:11:51,970 appended honest propose 184c23b76b on top of e6b5cb9087
2018-06-15 01:11:52,087 RCV reinforcement
2018-06-15 01:11:52,094 RCV reinforcement
2018-06-15 01:11:52,119 RCV reinforcement
2018-06-15 01:11:52,144 RCV reinforcement
2018-06-15 01:11:52,659 RCV malicious_prop_agreement
2018-06-15 01:11:53,494 RCV commit
2018-06-15 01:11:53,570 appended honest commit e435857a21 on top of 184c23b76b
2018-06-15 01:11:53,609 Weight: 35.51221109375622 #RFs 7
2018-06-15 01:11:53,609 weight: 35.51221109375622
2018-06-15 01:11:53,610 , 35.51221109375622
2018-06-15 01:11:53,736 RCV proposal
2018-06-15 01:11:53,741 appended malicious propose d4c770f5d6 on top of e6b5cb9087
2018-06-15 01:11:53,742 REINFORCEMENT SENT state
2018-06-15 01:11:53,743 SNT reinforcement
2018-06-15 01:11:53,841 RCV reinforcement
2018-06-15 01:11:54,511 RCV reinforcement info
2018-06-15 01:11:54,857 RCV reinforcement info
2018-06-15 01:11:55,264 RCV proposal
2018-06-15 01:11:55,267 appended honest propose ecb5fd78d9 on top of e435857a21
2018-06-15 01:11:55,328 RCV commit
2018-06-15 01:11:55,365 appended malicious commit 292a664b11 on top of d4c770f5d6
2018-06-15 01:11:55,371 Weight: 34.099157109198025 #RFs 3
2018-06-15 01:11:55,371 weight: 34.099157109198025
2018-06-15 01:11:55,371 , 34.099157109198025
2018-06-15 01:11:55,376 MALICIOUS MINING state
2018-06-15 01:11:55,401 start mining - depth 9
2018-06-15 01:11:55,401 start mining - hash e435857a211cf7b1b96be8d35cf65fd7211964da983ca13b8e65eb8b104e715f
2018-06-15 01:11:55,415 RCV reinforcement
2018-06-15 01:11:55,438 RCV reinforcement info
2018-06-15 01:11:55,450 RCV reinforcement
2018-06-15 01:11:55,516 RCV reinforcement
2018-06-15 01:11:55,679 RCV reinforcement info
2018-06-15 01:11:55,760 RCV reinforcement
2018-06-15 01:11:56,819 RCV commit
2018-06-15 01:11:56,877 appended honest commit 5ddbec2265 on top of ecb5fd78d9
2018-06-15 01:11:56,889 Weight: 36.9331731467118 #RFs 4
2018-06-15 01:11:56,890 weight: 36.9331731467118
2018-06-15 01:11:56,895 , 36.9331731467118
2018-06-15 01:11:56,896 start mining - depth 10
2018-06-15 01:11:56,897 start mining - hash 5ddbec22657369666f957cf0feea781a371482c1b54835ffb939031b3b7f9ae7
2018-06-15 01:11:57,944 RCV reinforcement info
2018-06-15 01:11:58,004 RCV reinforcement info
2018-06-15 01:11:58,036 RCV proposal
2018-06-15 01:11:58,039 appended honest propose 9181413c1e on top of 5ddbec2265
2018-06-15 01:11:58,097 RCV reinforcement
2018-06-15 01:11:58,112 RCV reinforcement
2018-06-15 01:11:58,769 RCV reinforcement info
2018-06-15 01:11:58,854 RCV reinforcement
2018-06-15 01:11:58,922 RCV reinforcement info
2018-06-15 01:11:58,982 RCV reinforcement
2018-06-15 01:11:59,552 RCV commit
2018-06-15 01:11:59,558 appended honest commit 103266589f on top of 9181413c1e
2018-06-15 01:11:59,568 Weight: 38.14810448915055 #RFs 2
2018-06-15 01:11:59,569 weight: 38.14810448915055
2018-06-15 01:11:59,569 , 38.14810448915055
2018-06-15 01:11:59,569 start mining - depth 11
2018-06-15 01:11:59,570 start mining - hash 103266589f0a044a580f38c73bb75f535e4013c62cec8d8eaac7d13fd9714121
2018-06-15 01:11:59,684 RCV reinforcement info
2018-06-15 01:12:00,475 RCV reinforcement info
2018-06-15 01:12:00,826 RCV malicious_prop_agreement
2018-06-15 01:12:01,368 RCV reinforcement info
2018-06-15 01:12:01,793 RCV reinforcement info
2018-06-15 01:12:01,839 RCV reinforcement info
2018-06-15 01:12:02,070 RF found but not transmitted
2018-06-15 01:12:02,341 RCV reinforcement info
2018-06-15 01:12:03,287 RF found but not transmitted
2018-06-15 01:12:03,393 RCV reinforcement info
2018-06-15 01:12:03,910 RCV reinforcement info
2018-06-15 01:12:06,225 RCV reinforcement info
2018-06-15 01:12:06,421 RCV reinforcement info
2018-06-15 01:12:06,532 RCV reinforcement info
2018-06-15 01:12:07,137 RCV reinforcement info
2018-06-15 01:12:07,335 RCV reinforcement info
2018-06-15 01:12:08,046 RCV reinforcement info
2018-06-15 01:12:08,120 RF found but not transmitted
2018-06-15 01:12:08,678 RCV reinforcement info
2018-06-15 01:12:08,893 RCV reinforcement info
2018-06-15 01:12:08,953 RCV reinforcement info
2018-06-15 01:12:09,147 RCV reinforcement info
2018-06-15 01:12:09,749 RCV reinforcement info
2018-06-15 01:12:12,755 RCV reinforcement info
2018-06-15 01:12:13,511 RCV reinforcement info
2018-06-15 01:12:13,733 RCV reinforcement info
2018-06-15 01:12:13,890 RCV reinforcement info
2018-06-15 01:12:14,995 RCV reinforcement info
2018-06-15 01:12:15,039 RCV proposal
2018-06-15 01:12:15,042 appended honest propose f08e2ff2c4 on top of 103266589f
2018-06-15 01:12:15,241 RCV reinforcement
2018-06-15 01:12:15,260 RCV reinforcement
2018-06-15 01:12:15,292 RCV reinforcement
2018-06-15 01:12:15,298 RCV reinforcement
2018-06-15 01:12:15,313 RCV reinforcement
2018-06-15 01:12:15,348 RCV reinforcement
2018-06-15 01:12:15,443 RCV reinforcement info
2018-06-15 01:12:15,551 RCV reinforcement
2018-06-15 01:12:16,276 RCV reinforcement info
2018-06-15 01:12:16,348 RCV reinforcement
2018-06-15 01:12:16,590 RCV commit
2018-06-15 01:12:16,763 appended honest commit 04d699bf99 on top of f08e2ff2c4
2018-06-15 01:12:16,891 Weight: 42.99537265563831 #RFs 25
2018-06-15 01:12:16,892 weight: 42.99537265563831
2018-06-15 01:12:16,892 , 42.99537265563831
2018-06-15 01:12:17,073 RCV proposal
2018-06-15 01:12:17,079 appended malicious propose e69a710c71 on top of 103266589f
2018-06-15 01:12:17,079 REINFORCEMENT SENT state
2018-06-15 01:12:17,080 SNT reinforcement
2018-06-15 01:12:17,190 RCV reinforcement
2018-06-15 01:12:17,439 RF found but not transmitted
2018-06-15 01:12:17,442 SNT reinforcement
2018-06-15 01:12:18,112 RCV reinforcement
2018-06-15 01:12:18,415 RCV reinforcement info
2018-06-15 01:12:18,645 RCV commit
2018-06-15 01:12:18,718 appended malicious commit f9dbdba5bc on top of e69a710c71
2018-06-15 01:12:18,770 Weight: 41.41663006673219 #RFs 11
2018-06-15 01:12:18,770 weight: 41.41663006673219
2018-06-15 01:12:18,770 , 41.41663006673219
2018-06-15 01:12:18,776 MALICIOUS MINING state
2018-06-15 01:12:18,777 start mining - depth 12
2018-06-15 01:12:18,777 start mining - hash 04d699bf99fc5f44e9f7a4338eae7c392fb03529532ad7dcf6323c68564fb6b9
2018-06-15 01:12:18,874 RCV reinforcement info
2018-06-15 01:12:19,223 RCV reinforcement info
2018-06-15 01:12:19,696 RF found but not transmitted
2018-06-15 01:12:19,956 RCV proposal
2018-06-15 01:12:19,960 appended honest propose 62bdbf71dd on top of 04d699bf99
2018-06-15 01:12:20,052 RCV reinforcement
2018-06-15 01:12:20,071 RCV reinforcement info
2018-06-15 01:12:20,145 RCV reinforcement
2018-06-15 01:12:20,564 RCV reinforcement info
2018-06-15 01:12:20,643 RCV reinforcement
2018-06-15 01:12:20,760 RCV reinforcement info
2018-06-15 01:12:20,837 RCV reinforcement info
2018-06-15 01:12:20,881 RCV reinforcement
2018-06-15 01:12:20,885 RCV reinforcement info
2018-06-15 01:12:20,964 RCV reinforcement
2018-06-15 01:12:20,998 RCV reinforcement
2018-06-15 01:12:21,467 RCV commit
2018-06-15 01:12:21,505 appended honest commit 95e5218f43 on top of 62bdbf71dd
2018-06-15 01:12:21,547 Weight: 45.029149468441915 #RFs 7
2018-06-15 01:12:21,547 weight: 45.029149468441915
2018-06-15 01:12:21,548 , 45.029149468441915
2018-06-15 01:12:21,549 start mining - depth 13
2018-06-15 01:12:21,549 start mining - hash 95e5218f43439ad5194cd7393c190f2eb760c570ddcd6dd424a18135eb96671d
2018-06-15 01:12:21,801 RCV reinforcement info
2018-06-15 01:12:22,382 RCV reinforcement info
2018-06-15 01:12:22,807 RCV reinforcement info
2018-06-15 01:12:23,170 RCV reinforcement info
2018-06-15 01:12:23,853 RCV reinforcement info
2018-06-15 01:12:24,354 RCV reinforcement info
2018-06-15 01:12:24,684 RCV reinforcement info
2018-06-15 01:12:26,853 RF found but not transmitted
2018-06-15 01:12:27,142 RCV reinforcement info
2018-06-15 01:12:27,342 RCV reinforcement info
2018-06-15 01:12:27,533 RCV reinforcement info
2018-06-15 01:12:29,475 RCV reinforcement info
2018-06-15 01:12:29,747 RF found but not transmitted
2018-06-15 01:12:29,870 RCV proposal
2018-06-15 01:12:29,873 appended honest propose a2894d3500 on top of 95e5218f43
2018-06-15 01:12:29,982 RCV reinforcement
2018-06-15 01:12:29,990 RCV reinforcement
2018-06-15 01:12:30,015 RCV reinforcement
2018-06-15 01:12:30,024 RCV reinforcement
2018-06-15 01:12:30,037 RCV reinforcement
2018-06-15 01:12:30,158 RF found but not transmitted
2018-06-15 01:12:30,225 RCV reinforcement info
2018-06-15 01:12:30,327 RCV reinforcement info
2018-06-15 01:12:30,360 RCV reinforcement
2018-06-15 01:12:30,425 RCV reinforcement
2018-06-15 01:12:30,622 RCV reinforcement info
2018-06-15 01:12:30,688 RCV reinforcement
2018-06-15 01:12:30,783 RCV reinforcement info
2018-06-15 01:12:30,843 RCV reinforcement
2018-06-15 01:12:30,942 RCV reinforcement info
2018-06-15 01:12:31,005 RCV reinforcement
2018-06-15 01:12:31,283 RCV reinforcement info
2018-06-15 01:12:31,342 RCV reinforcement
2018-06-15 01:12:31,462 RCV commit
2018-06-15 01:12:31,573 appended honest commit bf7548305b on top of a2894d3500
2018-06-15 01:12:31,658 Weight: 49.18372728079409 #RFs 15
2018-06-15 01:12:31,658 weight: 49.18372728079409
2018-06-15 01:12:31,658 , 49.18372728079409
2018-06-15 01:12:31,659 start mining - depth 14
2018-06-15 01:12:31,659 start mining - hash bf7548305b9f632ef63d47eda7f40112b6b17960e812fd928f79f4333b705196
2018-06-15 01:12:31,660 Hashing frequency: 3650
2018-06-15 01:12:33,670 RCV reinforcement info
2018-06-15 01:12:34,517 RCV reinforcement info
2018-06-15 01:12:34,588 RF found but not transmitted
2018-06-15 01:12:34,590 hash found
2018-06-15 01:12:34,592 SNT malicious_proposal_agreement
2018-06-15 01:12:34,722 RCV reinforcement info
2018-06-15 01:12:34,794 RCV reinforcement info
2018-06-15 01:12:34,887 RF found but not transmitted
2018-06-15 01:12:35,074 RCV reinforcement info
2018-06-15 01:12:35,187 RCV reinforcement info
2018-06-15 01:12:35,342 RCV proposal
2018-06-15 01:12:35,345 appended honest propose 6a3f8cc5f0 on top of bf7548305b
2018-06-15 01:12:35,466 RCV reinforcement
2018-06-15 01:12:35,479 RCV reinforcement
2018-06-15 01:12:35,491 RCV reinforcement
2018-06-15 01:12:35,522 RCV reinforcement
2018-06-15 01:12:36,342 RF found but not transmitted
2018-06-15 01:12:36,903 RCV commit
2018-06-15 01:12:36,944 appended honest commit a63b068fd0 on top of 6a3f8cc5f0
2018-06-15 01:12:36,970 Weight: 51.20162397737199 #RFs 6
2018-06-15 01:12:36,970 weight: 51.20162397737199
2018-06-15 01:12:36,971 , 51.20162397737199
2018-06-15 01:12:36,977 appended malicious propose 6ce69341da on top of bf7548305b
2018-06-15 01:12:36,977 REINFORCEMENT COLLECTING state
2018-06-15 01:12:37,049 SNT proposal
2018-06-15 01:12:37,207 RCV reinforcement
2018-06-15 01:12:37,580 RCV reinforcement
2018-06-15 01:12:38,177 RCV proposal
2018-06-15 01:12:38,179 appended honest propose 82070aaab1 on top of a63b068fd0
2018-06-15 01:12:38,555 commit with 2 reinforcements
2018-06-15 01:12:38,566 appended malicious commit 056ccb45c4 on top of 6ce69341da
2018-06-15 01:12:38,570 Weight: 50.93085852675666 #RFs 4
2018-06-15 01:12:38,571 weight: 50.93085852675666
2018-06-15 01:12:38,571 , 50.93085852675666
2018-06-15 01:12:38,571 MALICIOUS MINING state
2018-06-15 01:12:38,571 start mining - depth 15
2018-06-15 01:12:38,571 start mining - hash a63b068fd031e4f3d83f74ccf7e0c8d99e831347f8faa2b107842f3b7f4cac5f
2018-06-15 01:12:38,572 SNT commit
2018-06-15 01:12:38,784 RCV reinforcement info
2018-06-15 01:12:38,872 RCV reinforcement
2018-06-15 01:12:39,687 RCV commit
2018-06-15 01:12:39,690 appended honest commit 249cd471d7 on top of 82070aaab1
2018-06-15 01:12:39,692 Weight: 52.442514748649785 #RFs 1
2018-06-15 01:12:39,693 weight: 52.442514748649785
2018-06-15 01:12:39,695 , 52.442514748649785
2018-06-15 01:12:39,696 start mining - depth 16
2018-06-15 01:12:39,696 start mining - hash 249cd471d7839455b6a2bbed7184275ffdb40599319781e9067e0327f5f1d277
2018-06-15 01:12:39,949 RCV reinforcement info
2018-06-15 01:12:40,235 RCV reinforcement info
2018-06-15 01:12:40,449 RCV reinforcement info
2018-06-15 01:12:40,757 RCV reinforcement info
2018-06-15 01:12:41,109 RCV reinforcement info
2018-06-15 01:12:41,534 RCV reinforcement info
2018-06-15 01:12:41,654 RF found but not transmitted
2018-06-15 01:12:41,673 RCV reinforcement info
2018-06-15 01:12:41,993 RCV reinforcement info
2018-06-15 01:12:42,946 RCV proposal
2018-06-15 01:12:42,949 appended honest propose 50ba7bd4ab on top of 249cd471d7
2018-06-15 01:12:43,050 RCV reinforcement
2018-06-15 01:12:43,067 RCV reinforcement
2018-06-15 01:12:43,081 RCV reinforcement
2018-06-15 01:12:43,093 RCV reinforcement
2018-06-15 01:12:43,815 RCV reinforcement info
2018-06-15 01:12:43,918 RCV reinforcement
2018-06-15 01:12:44,112 RCV reinforcement info
2018-06-15 01:12:44,175 RCV reinforcement
2018-06-15 01:12:44,483 RCV commit
2018-06-15 01:12:44,542 appended honest commit 761c749648 on top of 50ba7bd4ab
2018-06-15 01:12:44,596 Weight: 54.585489571565454 #RFs 10
2018-06-15 01:12:44,596 weight: 54.585489571565454
2018-06-15 01:12:44,596 , 54.585489571565454
2018-06-15 01:12:44,596 start mining - depth 17
2018-06-15 01:12:44,597 start mining - hash 761c7496481c59333426ae5ef9f5097375b14cd891701c362e922c3c21f8a59b
2018-06-15 01:12:44,661 RCV reinforcement info
2018-06-15 01:12:45,029 RCV reinforcement info
2018-06-15 01:12:45,431 RCV reinforcement info
2018-06-15 01:12:45,534 RCV reinforcement info
2018-06-15 01:12:47,213 RF found but not transmitted
2018-06-15 01:12:47,608 RCV reinforcement info
2018-06-15 01:12:50,051 RCV reinforcement info
2018-06-15 01:12:50,158 RCV reinforcement info
2018-06-15 01:12:50,194 RCV reinforcement info
2018-06-15 01:12:50,703 RCV reinforcement info
2018-06-15 01:12:51,061 RCV reinforcement info
2018-06-15 01:12:52,185 RF found but not transmitted
2018-06-15 01:12:52,186 hash found
2018-06-15 01:12:52,186 SNT malicious_proposal_agreement
2018-06-15 01:12:54,241 RCV reinforcement info
2018-06-15 01:12:54,406 RF found but not transmitted
2018-06-15 01:12:54,828 RCV reinforcement info
2018-06-15 01:12:55,283 RCV reinforcement info
2018-06-15 01:12:55,598 RCV reinforcement info
2018-06-15 01:12:56,149 RCV reinforcement info
2018-06-15 01:12:56,478 RCV reinforcement info
2018-06-15 01:12:57,708 RCV reinforcement info
2018-06-15 01:12:57,957 RCV reinforcement info
2018-06-15 01:12:59,190 RCV reinforcement info
2018-06-15 01:12:59,664 RCV reinforcement info
2018-06-15 01:13:00,413 RCV proposal
2018-06-15 01:13:00,416 appended honest propose 452229b048 on top of 761c749648
2018-06-15 01:13:00,567 RCV reinforcement
2018-06-15 01:13:00,577 RCV reinforcement
2018-06-15 01:13:00,597 RCV reinforcement
2018-06-15 01:13:00,613 RCV reinforcement
2018-06-15 01:13:00,617 RCV reinforcement
2018-06-15 01:13:00,631 RCV reinforcement
2018-06-15 01:13:00,712 RCV reinforcement info
2018-06-15 01:13:00,817 RCV reinforcement
2018-06-15 01:13:00,990 RCV reinforcement info
2018-06-15 01:13:01,076 RCV reinforcement
2018-06-15 01:13:01,971 RCV commit
2018-06-15 01:13:02,101 appended honest commit 2974a6b811 on top of 452229b048
2018-06-15 01:13:02,240 RF found but not transmitted
2018-06-15 01:13:02,244 Weight: 60.48891040019904 #RFs 22
2018-06-15 01:13:02,245 weight: 60.48891040019904
2018-06-15 01:13:02,245 , 60.48891040019904
2018-06-15 01:13:02,250 appended malicious propose 12f24720b2 on top of 761c749648
2018-06-15 01:13:02,252 REINFORCEMENT COLLECTING state
2018-06-15 01:13:02,328 SNT proposal
2018-06-15 01:13:02,420 SNT reinforcement
2018-06-15 01:13:02,621 RCV reinforcement
2018-06-15 01:13:02,628 RCV reinforcement
2018-06-15 01:13:02,779 RCV reinforcement info
2018-06-15 01:13:03,014 RCV reinforcement info
2018-06-15 01:13:03,239 RCV reinforcement info
2018-06-15 01:13:03,455 RCV reinforcement info
2018-06-15 01:13:03,832 commit with 3 reinforcements
2018-06-15 01:13:03,850 appended malicious commit b3e5db4175 on top of 12f24720b2
2018-06-15 01:13:03,859 Weight: 58.22323853007307 #RFs 7
2018-06-15 01:13:03,859 weight: 58.22323853007307
2018-06-15 01:13:03,860 , 58.22323853007307
2018-06-15 01:13:03,860 MALICIOUS MINING state
2018-06-15 01:13:03,860 start mining - depth 18
2018-06-15 01:13:03,860 start mining - hash 2974a6b811ca48fd92f3d8ebc085506a7d523898ea6fadbcaecf3ffc88e5f5ce
2018-06-15 01:13:03,861 SNT commit
2018-06-15 01:13:04,310 RCV reinforcement info
2018-06-15 01:13:04,506 RCV reinforcement info
2018-06-15 01:13:04,865 RCV reinforcement info
2018-06-15 01:13:04,956 RF found but not transmitted
2018-06-15 01:13:06,048 RCV reinforcement info
2018-06-15 01:13:06,507 RCV reinforcement info
2018-06-15 01:13:07,039 RCV reinforcement info
2018-06-15 01:13:07,501 RCV reinforcement info
2018-06-15 01:13:07,588 RCV reinforcement info
2018-06-15 01:13:07,673 RCV proposal
2018-06-15 01:13:07,676 appended honest propose 9a08f04662 on top of 2974a6b811
2018-06-15 01:13:07,823 RCV reinforcement
2018-06-15 01:13:07,835 RCV reinforcement
2018-06-15 01:13:07,853 RCV reinforcement
2018-06-15 01:13:07,859 RCV reinforcement
2018-06-15 01:13:07,862 RCV reinforcement
2018-06-15 01:13:07,892 RCV reinforcement
2018-06-15 01:13:07,979 RCV reinforcement info
2018-06-15 01:13:08,056 RCV reinforcement
2018-06-15 01:13:09,231 RCV commit
2018-06-15 01:13:09,332 appended honest commit 1d7676fe66 on top of 9a08f04662
2018-06-15 01:13:09,392 Weight: 63.81405940486736 #RFs 13
2018-06-15 01:13:09,392 weight: 63.81405940486736
2018-06-15 01:13:09,392 , 63.81405940486736
2018-06-15 01:13:09,393 start mining - depth 19
2018-06-15 01:13:09,394 start mining - hash 1d7676fe6630c0481e22396d92475cbb492895b8e4839d3e008233fccff277de
2018-06-15 01:13:09,539 RCV reinforcement info
2018-06-15 01:13:09,775 RCV reinforcement info
2018-06-15 01:13:09,880 RCV reinforcement info
2018-06-15 01:13:11,072 RF found but not transmitted
2018-06-15 01:13:12,968 RCV reinforcement info
2018-06-15 01:13:14,191 RF found but not transmitted
2018-06-15 01:13:14,546 RCV reinforcement info
2018-06-15 01:13:14,589 RCV reinforcement info
2018-06-15 01:13:14,641 RCV reinforcement info
2018-06-15 01:13:14,924 RCV reinforcement info
2018-06-15 01:13:15,349 RCV reinforcement info
2018-06-15 01:13:15,901 RCV reinforcement info
2018-06-15 01:13:15,931 RCV reinforcement info
2018-06-15 01:13:16,132 RCV reinforcement info
2018-06-15 01:13:16,960 RF found but not transmitted
2018-06-15 01:13:17,884 RCV reinforcement info
2018-06-15 01:13:18,933 RCV reinforcement info
2018-06-15 01:13:19,332 RCV reinforcement info
2018-06-15 01:13:20,426 RCV reinforcement info
2018-06-15 01:13:20,885 RCV reinforcement info
2018-06-15 01:13:21,608 RCV reinforcement info
2018-06-15 01:13:21,950 RCV reinforcement info
2018-06-15 01:13:22,152 RCV reinforcement info
2018-06-15 01:13:22,870 RCV proposal
2018-06-15 01:13:22,873 appended honest propose 05f494ba73 on top of 1d7676fe66
2018-06-15 01:13:23,008 RCV reinforcement
2018-06-15 01:13:23,028 RCV reinforcement
2018-06-15 01:13:23,043 RCV reinforcement
2018-06-15 01:13:23,063 RCV reinforcement
2018-06-15 01:13:23,070 RCV reinforcement
2018-06-15 01:13:23,083 RCV reinforcement
2018-06-15 01:13:23,177 RCV reinforcement info
2018-06-15 01:13:23,274 RCV reinforcement
2018-06-15 01:13:24,446 RCV reinforcement info
2018-06-15 01:13:24,520 RCV commit
2018-06-15 01:13:24,701 appended honest commit df1ede4e3e on top of 05f494ba73
2018-06-15 01:13:24,839 Weight: 68.54606952819958 #RFs 21
2018-06-15 01:13:24,840 weight: 68.54606952819958
2018-06-15 01:13:24,840 , 68.54606952819958
2018-06-15 01:13:24,843 start mining - depth 20
2018-06-15 01:13:24,843 start mining - hash df1ede4e3e143f148b8164d198a84ccceb6d0b7e474ffedcfb8f4d0d52c4f84a
2018-06-15 01:13:24,856 RCV reinforcement info
2018-06-15 01:13:24,860 RCV reinforcement
2018-06-15 01:13:24,888 RCV reinforcement
2018-06-15 01:13:25,394 RCV reinforcement info
2018-06-15 01:13:25,673 RCV reinforcement info
2018-06-15 01:13:25,941 RCV reinforcement info
2018-06-15 01:13:25,970 RCV reinforcement info
2018-06-15 01:13:26,506 RCV reinforcement info
2018-06-15 01:13:26,969 RCV reinforcement info
2018-06-15 01:13:27,840 RCV reinforcement info
2018-06-15 01:13:28,301 RCV reinforcement info
2018-06-15 01:13:28,367 RCV reinforcement info
2018-06-15 01:13:28,986 RF found but not transmitted
2018-06-15 01:13:30,074 RCV reinforcement info
2018-06-15 01:13:30,164 RCV reinforcement info
2018-06-15 01:13:30,725 RF found but not transmitted
2018-06-15 01:13:31,307 RCV reinforcement info
2018-06-15 01:13:31,953 RCV reinforcement info
2018-06-15 01:13:32,452 RCV reinforcement info
2018-06-15 01:13:33,246 RCV reinforcement info
2018-06-15 01:13:33,316 RCV reinforcement info
2018-06-15 01:13:33,531 RCV reinforcement info
2018-06-15 01:13:33,582 RCV proposal
2018-06-15 01:13:33,586 appended honest propose c879d7d874 on top of df1ede4e3e
2018-06-15 01:13:33,702 RCV reinforcement
2018-06-15 01:13:33,708 RCV reinforcement
2018-06-15 01:13:33,724 RCV reinforcement
2018-06-15 01:13:33,752 RCV reinforcement
2018-06-15 01:13:33,804 RCV reinforcement
2018-06-15 01:13:33,819 RCV reinforcement info
2018-06-15 01:13:33,899 RCV reinforcement
2018-06-15 01:13:34,051 RCV reinforcement info
2018-06-15 01:13:34,121 RCV reinforcement
2018-06-15 01:13:34,942 RCV reinforcement info
2018-06-15 01:13:35,024 RCV reinforcement
2018-06-15 01:13:35,129 RCV commit
2018-06-15 01:13:35,298 appended honest commit 2bf291721b on top of c879d7d874
2018-06-15 01:13:35,378 Weight: 73.10173474563335 #RFs 18
2018-06-15 01:13:35,378 weight: 73.10173474563335
2018-06-15 01:13:35,378 , 73.10173474563335
2018-06-15 01:13:35,398 start mining - depth 21
2018-06-15 01:13:35,399 start mining - hash 2bf291721b3427480a7da3280fe634dae4b3b74b8b418c0473506d331f9dc808
2018-06-15 01:13:35,400 Hashing frequency: 3188
2018-06-15 01:13:35,748 RCV reinforcement info
2018-06-15 01:13:36,842 RCV reinforcement info
2018-06-15 01:13:37,203 RCV reinforcement info
2018-06-15 01:13:37,991 RCV reinforcement info
2018-06-15 01:13:38,194 RF found but not transmitted
2018-06-15 01:13:39,161 RF found but not transmitted
2018-06-15 01:13:39,204 RCV reinforcement info
2018-06-15 01:13:39,687 RCV reinforcement info
2018-06-15 01:13:39,955 RCV reinforcement info
2018-06-15 01:13:39,972 RF found but not transmitted
2018-06-15 01:13:40,445 RCV malicious_prop_agreement
2018-06-15 01:13:40,760 RCV reinforcement info
2018-06-15 01:13:41,828 RCV reinforcement info
2018-06-15 01:13:42,949 RCV reinforcement info
2018-06-15 01:13:42,981 RCV reinforcement info
2018-06-15 01:13:43,361 RCV reinforcement info
2018-06-15 01:13:43,869 RCV reinforcement info
2018-06-15 01:13:43,930 RCV reinforcement info
2018-06-15 01:13:44,394 RF found but not transmitted
2018-06-15 01:13:45,556 RCV reinforcement info
2018-06-15 01:13:47,035 RCV proposal
2018-06-15 01:13:47,038 appended honest propose 4d3cad7fc6 on top of 2bf291721b
2018-06-15 01:13:47,194 RCV reinforcement
2018-06-15 01:13:47,201 RCV reinforcement
2018-06-15 01:13:47,205 RCV reinforcement
2018-06-15 01:13:47,209 RCV reinforcement
2018-06-15 01:13:47,229 RCV reinforcement
2018-06-15 01:13:47,320 RCV reinforcement info
2018-06-15 01:13:47,388 RCV reinforcement
2018-06-15 01:13:47,716 RF found but not transmitted
2018-06-15 01:13:48,070 RCV reinforcement info
2018-06-15 01:13:48,109 RCV reinforcement info
2018-06-15 01:13:48,154 RCV reinforcement
2018-06-15 01:13:48,208 RCV reinforcement
2018-06-15 01:13:48,619 RCV commit
2018-06-15 01:13:48,764 appended honest commit a387d6916e on top of 4d3cad7fc6
2018-06-15 01:13:48,870 Weight: 76.28854670540477 #RFs 17
2018-06-15 01:13:48,870 weight: 76.28854670540477
2018-06-15 01:13:48,871 , 76.28854670540477
2018-06-15 01:13:48,911 RCV reinforcement info
2018-06-15 01:13:49,039 RCV proposal
2018-06-15 01:13:49,043 appended malicious propose c4ac897726 on top of 2bf291721b
2018-06-15 01:13:49,044 REINFORCEMENT SENT state
2018-06-15 01:13:49,045 SNT reinforcement
2018-06-15 01:13:49,141 RCV reinforcement
2018-06-15 01:13:49,722 RCV reinforcement
2018-06-15 01:13:50,394 RCV reinforcement info
2018-06-15 01:13:50,612 RCV commit
2018-06-15 01:13:50,743 appended malicious commit 7c7c3f4bf5 on top of c4ac897726
2018-06-15 01:13:50,830 Weight: 76.14957739878541 #RFs 13
2018-06-15 01:13:50,830 weight: 76.14957739878541
2018-06-15 01:13:50,830 , 76.14957739878541
2018-06-15 01:13:50,831 MALICIOUS MINING state
2018-06-15 01:13:50,834 start mining - depth 22
2018-06-15 01:13:50,835 start mining - hash a387d6916edc0673ca8609adbcaedc3ff8afeac3d8b4e693aaaedbc1408b24e7
2018-06-15 01:13:52,313 RCV reinforcement info
2018-06-15 01:13:52,782 RCV reinforcement info
2018-06-15 01:13:53,365 RCV reinforcement info
2018-06-15 01:13:54,165 RCV reinforcement info
2018-06-15 01:13:54,545 RCV reinforcement info
2018-06-15 01:13:55,879 RCV reinforcement info
2018-06-15 01:13:55,939 RCV reinforcement info
2018-06-15 01:13:56,104 RCV reinforcement info
2018-06-15 01:13:56,565 RCV reinforcement info
2018-06-15 01:13:56,994 RF found but not transmitted
2018-06-15 01:13:58,278 RCV reinforcement info
2018-06-15 01:14:01,160 RCV reinforcement info
2018-06-15 01:14:01,640 RCV reinforcement info
2018-06-15 01:14:01,667 RCV reinforcement info
2018-06-15 01:14:02,315 RCV reinforcement info
2018-06-15 01:14:02,749 RCV reinforcement info
2018-06-15 01:14:02,941 RCV reinforcement info
2018-06-15 01:14:04,226 RF found but not transmitted
2018-06-15 01:14:04,306 RF found but not transmitted
2018-06-15 01:14:04,382 RCV proposal
2018-06-15 01:14:04,385 appended honest propose 97f614d493 on top of a387d6916e
2018-06-15 01:14:04,577 RCV reinforcement
2018-06-15 01:14:04,592 RCV reinforcement
2018-06-15 01:14:04,617 RCV reinforcement
2018-06-15 01:14:04,624 RCV reinforcement
2018-06-15 01:14:04,649 RCV reinforcement
2018-06-15 01:14:04,659 RCV reinforcement
2018-06-15 01:14:05,358 RCV reinforcement info
2018-06-15 01:14:05,430 RCV reinforcement
2018-06-15 01:14:05,451 RCV reinforcement info
2018-06-15 01:14:05,534 RCV reinforcement
2018-06-15 01:14:05,986 RCV commit
2018-06-15 01:14:06,072 appended honest commit 9cb13454ca on top of 97f614d493
2018-06-15 01:14:06,259 Weight: 81.7159030956453 #RFs 19
2018-06-15 01:14:06,261 weight: 81.7159030956453
2018-06-15 01:14:06,267 , 81.7159030956453
2018-06-15 01:14:06,279 start mining - depth 23
2018-06-15 01:14:06,285 start mining - hash 9cb13454cab10fb7b740b35d90a5972a19d9dc4aaa5094bdac8abca0c95d77b7
2018-06-15 01:14:06,652 RCV reinforcement info
2018-06-15 01:14:08,185 RCV reinforcement info
2018-06-15 01:14:08,638 RCV reinforcement info
2018-06-15 01:14:08,663 RCV proposal
2018-06-15 01:14:08,666 appended honest propose efc491ddad on top of 9cb13454ca
2018-06-15 01:14:08,788 RCV reinforcement
2018-06-15 01:14:08,808 RCV reinforcement
2018-06-15 01:14:08,983 RCV reinforcement info
2018-06-15 01:14:09,089 RCV reinforcement
2018-06-15 01:14:09,441 RCV reinforcement info
2018-06-15 01:14:09,464 RCV reinforcement info
2018-06-15 01:14:09,561 RCV reinforcement
2018-06-15 01:14:09,614 RCV reinforcement
2018-06-15 01:14:09,632 RCV reinforcement info
2018-06-15 01:14:09,727 RCV reinforcement
2018-06-15 01:14:10,132 RCV commit
2018-06-15 01:14:10,163 appended honest commit b3e5cf0e8c on top of efc491ddad
2018-06-15 01:14:10,189 Weight: 83.2230016162366 #RFs 5
2018-06-15 01:14:10,189 weight: 83.2230016162366
2018-06-15 01:14:10,189 , 83.2230016162366
2018-06-15 01:14:10,197 start mining - depth 24
2018-06-15 01:14:10,198 start mining - hash b3e5cf0e8ce26be08cc51083740355ca17fd948282119ffbbdb091985b2d91a8
2018-06-15 01:14:10,610 RCV reinforcement info
2018-06-15 01:14:10,682 RF found but not transmitted
2018-06-15 01:14:11,051 RCV reinforcement info
2018-06-15 01:14:11,068 RCV reinforcement info
2018-06-15 01:14:11,663 RCV proposal
2018-06-15 01:14:11,666 appended honest propose 55c23c3d9e on top of b3e5cf0e8c
2018-06-15 01:14:11,769 RCV reinforcement
2018-06-15 01:14:11,782 RCV reinforcement info
2018-06-15 01:14:11,811 RCV reinforcement
2018-06-15 01:14:11,890 RCV reinforcement
2018-06-15 01:14:12,048 RCV reinforcement info
2018-06-15 01:14:12,108 RCV reinforcement
2018-06-15 01:14:12,338 RCV malicious_prop_agreement
2018-06-15 01:14:13,102 RCV reinforcement info
2018-06-15 01:14:13,192 RCV reinforcement
2018-06-15 01:14:13,215 RCV commit
2018-06-15 01:14:13,256 appended honest commit d451c1ea8e on top of 55c23c3d9e
2018-06-15 01:14:13,283 Weight: 84.78634162402342 #RFs 5
2018-06-15 01:14:13,283 weight: 84.78634162402342
2018-06-15 01:14:13,298 , 84.78634162402342
2018-06-15 01:14:13,454 RCV proposal
2018-06-15 01:14:13,457 appended malicious propose 6cd5942ef7 on top of b3e5cf0e8c
2018-06-15 01:14:13,457 REINFORCEMENT SENT state
2018-06-15 01:14:13,458 SNT reinforcement
2018-06-15 01:14:13,560 RCV reinforcement
2018-06-15 01:14:13,638 RCV reinforcement info
2018-06-15 01:14:14,241 RCV reinforcement info
2018-06-15 01:14:14,964 RCV commit
2018-06-15 01:14:14,987 appended malicious commit 586fdb3a7f on top of 6cd5942ef7
2018-06-15 01:14:14,995 Weight: 85.11707510957925 #RFs 4
2018-06-15 01:14:14,996 weight: 85.11707510957925
2018-06-15 01:14:14,996 , 85.11707510957925
2018-06-15 01:14:14,998 MALICIOUS MINING state
2018-06-15 01:14:14,998 start mining - depth 25
2018-06-15 01:14:14,999 start mining - hash 586fdb3a7fc79fe448e4c0e6acbc4758eeb4834c6fb186c244be880861654a00
2018-06-15 01:14:15,403 RCV proposal
2018-06-15 01:14:15,406 appended honest propose c47b4daa2f on top of 586fdb3a7f
2018-06-15 01:14:15,502 RCV reinforcement info
2018-06-15 01:14:15,569 RCV reinforcement
2018-06-15 01:14:16,117 RCV reinforcement info
2018-06-15 01:14:16,182 RCV reinforcement
2018-06-15 01:14:16,941 RCV commit
2018-06-15 01:14:16,947 appended honest commit ea0fc08fbb on top of c47b4daa2f
2018-06-15 01:14:16,960 Weight: 86.36974104686621 #RFs 2
2018-06-15 01:14:16,961 weight: 86.36974104686621
2018-06-15 01:14:16,962 , 86.36974104686621
2018-06-15 01:14:16,962 start mining - depth 26
2018-06-15 01:14:16,963 start mining - hash ea0fc08fbbbfbbb0ac10fa2f47dcb86c8af5137c03363d2312689f20879c9438
2018-06-15 01:14:17,648 RCV reinforcement info
2018-06-15 01:14:18,177 RCV reinforcement info
2018-06-15 01:14:18,560 RCV reinforcement info
2018-06-15 01:14:19,563 RCV reinforcement info
2018-06-15 01:14:19,605 RCV malicious_prop_agreement
2018-06-15 01:14:19,905 RCV reinforcement info
2018-06-15 01:14:20,399 RCV reinforcement info
2018-06-15 01:14:20,860 RCV reinforcement info
2018-06-15 01:14:21,921 RCV reinforcement info
2018-06-15 01:14:22,348 RCV reinforcement info
2018-06-15 01:14:24,512 RCV reinforcement info
2018-06-15 01:14:25,132 RCV reinforcement info
2018-06-15 01:14:25,758 RCV reinforcement info
2018-06-15 01:14:25,878 RCV reinforcement info
2018-06-15 01:14:26,457 RCV reinforcement info
2018-06-15 01:14:26,506 RCV reinforcement info
2018-06-15 01:14:27,735 RCV reinforcement info
2018-06-15 01:14:28,507 RCV reinforcement info
2018-06-15 01:14:28,816 RCV reinforcement info
2018-06-15 01:14:29,368 RCV reinforcement info
2018-06-15 01:14:29,576 RCV proposal
2018-06-15 01:14:29,579 appended honest propose 474e22c992 on top of ea0fc08fbb
2018-06-15 01:14:29,691 RCV reinforcement
2018-06-15 01:14:29,705 RCV reinforcement
2018-06-15 01:14:29,718 RCV reinforcement
2018-06-15 01:14:29,739 RCV reinforcement
2018-06-15 01:14:29,857 RCV reinforcement info
2018-06-15 01:14:29,926 RCV reinforcement
2018-06-15 01:14:30,050 RCV reinforcement info
2018-06-15 01:14:30,119 RCV reinforcement
2018-06-15 01:14:31,194 RCV reinforcement info
2018-06-15 01:14:31,271 RCV commit
2018-06-15 01:14:31,471 appended honest commit 9cc3f39234 on top of 474e22c992
2018-06-15 01:14:31,610 Weight: 90.83175774653847 #RFs 21
2018-06-15 01:14:31,610 weight: 90.83175774653847
2018-06-15 01:14:31,611 , 90.83175774653847
2018-06-15 01:14:31,617 RCV reinforcement
2018-06-15 01:14:31,774 RCV proposal
2018-06-15 01:14:31,776 appended malicious propose a3c961a481 on top of ea0fc08fbb
2018-06-15 01:14:31,776 REINFORCEMENT SENT state
2018-06-15 01:14:31,837 RCV reinforcement
2018-06-15 01:14:32,305 RCV reinforcement info
2018-06-15 01:14:32,317 RCV reinforcement info
2018-06-15 01:14:32,419 RCV reinforcement info
2018-06-15 01:14:33,251 RCV commit
2018-06-15 01:14:33,258 appended malicious commit ed45bc9d13 on top of a3c961a481
2018-06-15 01:14:33,275 Weight: 87.96907281235593 #RFs 2
2018-06-15 01:14:33,275 weight: 87.96907281235593
2018-06-15 01:14:33,276 , 87.96907281235593
2018-06-15 01:14:33,276 MALICIOUS MINING state
2018-06-15 01:14:33,276 start mining - depth 27
2018-06-15 01:14:33,277 start mining - hash 9cc3f392344f3d5eec59df93048d7d52cdce22fb7ee82c1b7e5ae051f351c8d5
2018-06-15 01:14:34,129 RCV reinforcement info
2018-06-15 01:14:34,816 RF found but not transmitted
2018-06-15 01:14:35,658 RCV reinforcement info
2018-06-15 01:14:35,824 RCV reinforcement info
2018-06-15 01:14:35,881 RCV reinforcement info
2018-06-15 01:14:35,946 RCV reinforcement info
2018-06-15 01:14:37,110 RCV reinforcement info
2018-06-15 01:14:37,635 RCV reinforcement info
2018-06-15 01:14:37,643 RF found but not transmitted
2018-06-15 01:14:38,713 RCV reinforcement info
2018-06-15 01:14:38,758 RCV malicious_prop_agreement
2018-06-15 01:14:38,908 RCV reinforcement info
2018-06-15 01:14:39,067 RCV reinforcement info
2018-06-15 01:14:40,315 RCV reinforcement info
2018-06-15 01:14:40,483 RCV reinforcement info
2018-06-15 01:14:40,536 RF found but not transmitted
2018-06-15 01:14:41,092 RCV reinforcement info
2018-06-15 01:14:41,531 RCV reinforcement info
2018-06-15 01:14:41,950 RCV reinforcement info
2018-06-15 01:14:42,085 RCV reinforcement info
2018-06-15 01:14:42,749 RCV reinforcement info
2018-06-15 01:14:43,141 RCV reinforcement info
2018-06-15 01:14:44,305 RCV reinforcement info
2018-06-15 01:14:44,397 RCV reinforcement info
2018-06-15 01:14:44,889 RCV reinforcement info
2018-06-15 01:14:46,219 RCV proposal
2018-06-15 01:14:46,222 appended honest propose 9e1236713b on top of 9cc3f39234
2018-06-15 01:14:46,375 RCV reinforcement
2018-06-15 01:14:46,400 RCV reinforcement
2018-06-15 01:14:46,410 RCV reinforcement
2018-06-15 01:14:46,435 RCV reinforcement
2018-06-15 01:14:46,450 RCV reinforcement
2018-06-15 01:14:46,482 RCV reinforcement
2018-06-15 01:14:46,872 RCV reinforcement info
2018-06-15 01:14:46,958 RCV reinforcement
2018-06-15 01:14:47,021 RF found but not transmitted
2018-06-15 01:14:47,826 RCV commit
2018-06-15 01:14:47,969 appended honest commit f1b3912a64 on top of 9e1236713b
2018-06-15 01:14:48,128 Weight: 98.61387508259442 #RFs 25
2018-06-15 01:14:48,128 weight: 98.61387508259442
2018-06-15 01:14:48,129 , 98.61387508259442
2018-06-15 01:14:48,327 RCV proposal
2018-06-15 01:14:48,330 appended malicious propose 59bee3d7a6 on top of 9cc3f39234
2018-06-15 01:14:48,330 REINFORCEMENT SENT state
2018-06-15 01:14:48,331 SNT reinforcement
2018-06-15 01:14:48,421 RCV reinforcement
2018-06-15 01:14:48,630 RCV reinforcement info
2018-06-15 01:14:49,010 RCV reinforcement
2018-06-15 01:14:49,360 RCV reinforcement info
2018-06-15 01:14:49,853 RCV reinforcement info
2018-06-15 01:14:49,889 RCV commit
2018-06-15 01:14:49,986 appended malicious commit 8a431ad962 on top of 59bee3d7a6
2018-06-15 01:14:50,068 Weight: 93.76830498347111 #RFs 11
2018-06-15 01:14:50,068 weight: 93.76830498347111
2018-06-15 01:14:50,069 , 93.76830498347111
2018-06-15 01:14:50,069 MALICIOUS MINING state
2018-06-15 01:14:50,069 start mining - depth 28
2018-06-15 01:14:50,070 start mining - hash f1b3912a6482d44a9fa2c4d7a528357ac61af6d687f2fff8e8e977d790734335
2018-06-15 01:14:50,071 Hashing frequency: 3929
2018-06-15 01:14:50,123 RCV reinforcement info
2018-06-15 01:14:51,092 RF found but not transmitted
2018-06-15 01:14:51,203 RCV reinforcement info
2018-06-15 01:14:51,459 RCV reinforcement info
2018-06-15 01:14:51,737 RF found but not transmitted
2018-06-15 01:14:52,802 RCV proposal
2018-06-15 01:14:52,805 appended honest propose 362328790d on top of f1b3912a64
2018-06-15 01:14:52,906 RCV reinforcement
2018-06-15 01:14:52,910 RCV reinforcement
2018-06-15 01:14:52,927 RCV reinforcement
2018-06-15 01:14:53,715 RF found but not transmitted
2018-06-15 01:14:53,718 hash found
2018-06-15 01:14:53,720 SNT malicious_proposal_agreement
2018-06-15 01:14:53,843 RCV reinforcement info
2018-06-15 01:14:53,913 RCV reinforcement
2018-06-15 01:14:54,337 RCV commit
2018-06-15 01:14:54,376 appended honest commit bab390f540 on top of 362328790d
2018-06-15 01:14:54,429 Weight: 100.61792306164162 #RFs 6
2018-06-15 01:14:54,429 weight: 100.61792306164162
2018-06-15 01:14:54,432 , 100.61792306164162
2018-06-15 01:14:54,438 appended malicious propose 37a4ebf6c5 on top of f1b3912a64
2018-06-15 01:14:54,438 REINFORCEMENT COLLECTING state
2018-06-15 01:14:54,512 SNT proposal
2018-06-15 01:14:54,681 RCV reinforcement
2018-06-15 01:14:56,018 commit with 2 reinforcements
2018-06-15 01:14:56,030 appended malicious commit b40f75efb7 on top of 37a4ebf6c5
2018-06-15 01:14:56,034 Weight: 100.57705350190852 #RFs 3
2018-06-15 01:14:56,034 weight: 100.57705350190852
2018-06-15 01:14:56,034 , 100.57705350190852
2018-06-15 01:14:56,034 MALICIOUS MINING state
2018-06-15 01:14:56,034 start mining - depth 29
2018-06-15 01:14:56,034 start mining - hash bab390f5407aa02bff801444e0f82534618ab033708bcbea416da9215d0b67f7
2018-06-15 01:14:56,035 SNT commit
2018-06-15 01:14:56,316 RF found but not transmitted
2018-06-15 01:14:57,176 RF found but not transmitted
2018-06-15 01:14:57,381 RCV proposal
2018-06-15 01:14:57,384 appended honest propose 37d57a6934 on top of bab390f540
2018-06-15 01:14:57,587 RCV reinforcement info
2018-06-15 01:14:57,701 RCV reinforcement
2018-06-15 01:14:58,446 RCV reinforcement info
2018-06-15 01:14:58,498 RF found but not transmitted
2018-06-15 01:14:58,551 RCV reinforcement
2018-06-15 01:14:58,888 RCV commit
2018-06-15 01:14:58,892 appended honest commit 95d40619b7 on top of 37d57a6934
2018-06-15 01:14:58,894 Weight: 101.77626478056361 #RFs 1
2018-06-15 01:14:58,894 weight: 101.77626478056361
2018-06-15 01:14:58,894 , 101.77626478056361
2018-06-15 01:14:58,906 start mining - depth 30
2018-06-15 01:14:58,906 start mining - hash 95d40619b7860bfa4f64c04e4c6325daa58702a16416897832d69ff5d9d276de
2018-06-15 01:14:59,813 RCV reinforcement info
2018-06-15 01:14:59,857 RCV malicious_prop_agreement
2018-06-15 01:15:00,445 RCV reinforcement info
2018-06-15 01:15:00,604 RCV reinforcement info
2018-06-15 01:15:01,025 RCV reinforcement info
2018-06-15 01:15:01,552 RCV reinforcement info
2018-06-15 01:15:02,151 RCV reinforcement info
2018-06-15 01:15:02,316 RCV reinforcement info
2018-06-15 01:15:03,001 RF found but not transmitted
2018-06-15 01:15:03,106 RCV proposal
2018-06-15 01:15:03,109 appended honest propose b08895bb76 on top of 95d40619b7
2018-06-15 01:15:03,246 RCV reinforcement
2018-06-15 01:15:03,254 RCV reinforcement
2018-06-15 01:15:03,272 RCV reinforcement
2018-06-15 01:15:03,284 RCV reinforcement
2018-06-15 01:15:03,304 RCV reinforcement
2018-06-15 01:15:03,928 RF found but not transmitted
2018-06-15 01:15:04,653 RCV commit
2018-06-15 01:15:04,707 appended honest commit 8e3c0d2d6d on top of b08895bb76
2018-06-15 01:15:04,726 Weight: 103.73090060649206 #RFs 7
2018-06-15 01:15:04,726 weight: 103.73090060649206
2018-06-15 01:15:04,727 , 103.73090060649206
2018-06-15 01:15:04,785 RCV proposal
2018-06-15 01:15:04,787 appended malicious propose 5b6099c3d7 on top of 95d40619b7
2018-06-15 01:15:04,788 REINFORCEMENT SENT state
2018-06-15 01:15:04,789 SNT reinforcement
2018-06-15 01:15:04,890 RF found but not transmitted
2018-06-15 01:15:04,912 SNT reinforcement
2018-06-15 01:15:05,042 RCV reinforcement
2018-06-15 01:15:05,587 RCV reinforcement info
2018-06-15 01:15:05,629 RCV reinforcement info
2018-06-15 01:15:06,230 RCV reinforcement
2018-06-15 01:15:06,355 RCV commit
2018-06-15 01:15:06,371 appended malicious commit 4bdcf3d637 on top of 5b6099c3d7
2018-06-15 01:15:06,414 Weight: 103.49967868538445 #RFs 6
2018-06-15 01:15:06,414 weight: 103.49967868538445
2018-06-15 01:15:06,414 , 103.49967868538445
2018-06-15 01:15:06,414 MALICIOUS MINING state
2018-06-15 01:15:06,415 start mining - depth 31
2018-06-15 01:15:06,415 start mining - hash 8e3c0d2d6dc904907afff2b2d54770000380f5541d731d112be554f7d49e6df2
2018-06-15 01:15:06,448 RCV reinforcement info
2018-06-15 01:15:06,523 RCV reinforcement info
2018-06-15 01:15:06,698 RCV reinforcement info
2018-06-15 01:15:07,267 RCV reinforcement info
2018-06-15 01:15:07,370 RCV reinforcement info
2018-06-15 01:15:07,463 RCV reinforcement info
2018-06-15 01:15:07,598 RCV reinforcement info
2018-06-15 01:15:09,238 RCV reinforcement info
2018-06-15 01:15:10,501 RCV reinforcement info
2018-06-15 01:15:10,870 RCV proposal
2018-06-15 01:15:10,873 appended honest propose 1231c73f69 on top of 8e3c0d2d6d
2018-06-15 01:15:10,982 RCV reinforcement
2018-06-15 01:15:10,987 RCV reinforcement
2018-06-15 01:15:10,996 RCV reinforcement
2018-06-15 01:15:11,004 RCV reinforcement
2018-06-15 01:15:11,032 RCV reinforcement info
2018-06-15 01:15:11,180 RCV reinforcement
2018-06-15 01:15:11,757 RCV reinforcement info
2018-06-15 01:15:11,816 RCV reinforcement
2018-06-15 01:15:12,005 RCV reinforcement info
2018-06-15 01:15:12,078 RCV reinforcement
2018-06-15 01:15:12,480 RCV commit
2018-06-15 01:15:12,608 appended honest commit e2cac58e30 on top of 1231c73f69
2018-06-15 01:15:12,675 Weight: 106.96481510347743 #RFs 13
2018-06-15 01:15:12,675 weight: 106.96481510347743
2018-06-15 01:15:12,675 , 106.96481510347743
2018-06-15 01:15:12,676 start mining - depth 32
2018-06-15 01:15:12,677 start mining - hash e2cac58e3012aa29a2c977f979fc71f605a957b96c6bf2cb4affdc8e01d1e857
2018-06-15 01:15:12,899 RCV reinforcement info
2018-06-15 01:15:14,220 RF found but not transmitted
2018-06-15 01:15:14,221 hash found
2018-06-15 01:15:14,222 SNT malicious_proposal_agreement
2018-06-15 01:15:14,564 RCV reinforcement info
2018-06-15 01:15:15,086 RCV reinforcement info
2018-06-15 01:15:16,856 RF found but not transmitted
2018-06-15 01:15:18,409 RCV reinforcement info
2018-06-15 01:15:18,875 RCV reinforcement info
2018-06-15 01:15:19,119 RCV reinforcement info
2018-06-15 01:15:19,217 RCV reinforcement info
2018-06-15 01:15:19,978 RCV reinforcement info
2018-06-15 01:15:20,385 RCV reinforcement info
2018-06-15 01:15:21,484 RCV reinforcement info
2018-06-15 01:15:21,617 RCV reinforcement info
2018-06-15 01:15:22,996 RCV reinforcement info
2018-06-15 01:15:23,532 RCV reinforcement info
2018-06-15 01:15:24,052 RCV reinforcement info
2018-06-15 01:15:25,206 RCV reinforcement info
2018-06-15 01:15:25,350 RCV reinforcement info
2018-06-15 01:15:26,572 RCV reinforcement info
2018-06-15 01:15:26,663 RCV reinforcement info
2018-06-15 01:15:26,984 RCV reinforcement info
2018-06-15 01:15:27,562 RCV reinforcement info
2018-06-15 01:15:28,593 RCV reinforcement info
2018-06-15 01:15:28,928 RCV reinforcement info
2018-06-15 01:15:30,113 RCV reinforcement info
2018-06-15 01:15:31,309 RCV reinforcement info
2018-06-15 01:15:33,157 RCV reinforcement info
2018-06-15 01:15:33,459 RCV reinforcement info
2018-06-15 01:15:33,924 RF found but not transmitted
2018-06-15 01:15:34,041 RCV reinforcement info
2018-06-15 01:15:36,686 RF found but not transmitted
2018-06-15 01:15:37,191 RCV reinforcement info
2018-06-15 01:15:37,530 RCV reinforcement info
2018-06-15 01:15:38,078 RCV reinforcement info
2018-06-15 01:15:38,401 RCV reinforcement info
2018-06-15 01:15:39,917 RCV reinforcement info
2018-06-15 01:15:41,026 RCV reinforcement info
2018-06-15 01:15:41,520 RCV reinforcement info
2018-06-15 01:15:42,242 RCV reinforcement info
2018-06-15 01:15:43,609 RCV reinforcement info
2018-06-15 01:15:44,107 RCV reinforcement info
2018-06-15 01:15:44,526 RCV reinforcement info
2018-06-15 01:15:46,180 RCV proposal
2018-06-15 01:15:46,183 appended honest propose a578b10f12 on top of e2cac58e30
2018-06-15 01:15:46,344 RCV reinforcement
2018-06-15 01:15:46,367 RCV reinforcement
2018-06-15 01:15:46,372 RCV reinforcement
2018-06-15 01:15:46,386 RCV reinforcement info
2018-06-15 01:15:46,391 RCV reinforcement
2018-06-15 01:15:46,401 RCV reinforcement
2018-06-15 01:15:46,535 RCV reinforcement
2018-06-15 01:15:47,815 RCV commit
2018-06-15 01:15:48,148 appended honest commit c26cb416a5 on top of a578b10f12
2018-06-15 01:15:48,421 Weight: 113.74981874063634 #RFs 39
2018-06-15 01:15:48,421 weight: 113.74981874063634
2018-06-15 01:15:48,421 , 113.74981874063634
2018-06-15 01:15:48,427 appended malicious propose 40eb4d3317 on top of e2cac58e30
2018-06-15 01:15:48,427 REINFORCEMENT COLLECTING state
2018-06-15 01:15:48,482 SNT proposal
2018-06-15 01:15:48,649 RCV reinforcement
2018-06-15 01:15:48,683 RCV reinforcement
2018-06-15 01:15:48,938 RCV reinforcement info
2018-06-15 01:15:49,986 commit with 3 reinforcements
2018-06-15 01:15:50,030 appended malicious commit 75f5d83509 on top of 40eb4d3317
2018-06-15 01:15:50,097 Weight: 112.66408353173303 #RFs 22
2018-06-15 01:15:50,097 weight: 112.66408353173303
2018-06-15 01:15:50,098 , 112.66408353173303
2018-06-15 01:15:50,098 MALICIOUS MINING state
2018-06-15 01:15:50,098 start mining - depth 33
2018-06-15 01:15:50,099 start mining - hash c26cb416a5d249aed32e846f3bf4c0c6dde2c9c57001db033e6b3dd35b511f83
2018-06-15 01:15:50,099 Hashing frequency: 2952
2018-06-15 01:15:50,100 SNT commit
2018-06-15 01:15:50,417 RCV reinforcement
2018-06-15 01:15:50,614 RCV reinforcement info
2018-06-15 01:15:50,667 RCV reinforcement info
2018-06-15 01:15:51,351 RCV reinforcement info
2018-06-15 01:15:52,439 RCV reinforcement info
2018-06-15 01:15:52,535 RCV reinforcement info
2018-06-15 01:15:52,897 RCV proposal
2018-06-15 01:15:52,900 appended honest propose b1be46555f on top of c26cb416a5
2018-06-15 01:15:53,020 RCV reinforcement
2018-06-15 01:15:53,040 RCV reinforcement
2018-06-15 01:15:53,063 RCV reinforcement
2018-06-15 01:15:53,081 RCV reinforcement
2018-06-15 01:15:53,166 RCV reinforcement info
2018-06-15 01:15:53,250 RCV reinforcement
2018-06-15 01:15:53,558 RCV reinforcement info
2018-06-15 01:15:53,692 RCV reinforcement
2018-06-15 01:15:54,288 RCV reinforcement info
2018-06-15 01:15:54,382 RCV reinforcement
2018-06-15 01:15:54,510 RCV commit
2018-06-15 01:15:54,569 appended honest commit 55ed7a93d5 on top of b1be46555f
2018-06-15 01:15:54,633 Weight: 116.86379016953882 #RFs 8
2018-06-15 01:15:54,634 weight: 116.86379016953882
2018-06-15 01:15:54,653 , 116.86379016953882
2018-06-15 01:15:54,654 start mining - depth 34
2018-06-15 01:15:54,655 start mining - hash 55ed7a93d5a9ffd69fd826046bb2448dbf4b4c7a2743d0266cea02a04dbc371f
2018-06-15 01:15:55,323 RCV reinforcement info
2018-06-15 01:15:56,190 RF found but not transmitted
2018-06-15 01:15:57,132 RCV proposal
2018-06-15 01:15:57,134 appended honest propose a1cc38faed on top of 55ed7a93d5
2018-06-15 01:15:57,219 RCV reinforcement
2018-06-15 01:15:57,747 RCV reinforcement info
2018-06-15 01:15:57,839 RCV reinforcement
2018-06-15 01:15:57,941 RF found but not transmitted
2018-06-15 01:15:58,112 RCV reinforcement info
2018-06-15 01:15:58,198 RCV reinforcement
2018-06-15 01:15:58,565 RCV commit
2018-06-15 01:15:58,588 appended honest commit f24ac5d8f0 on top of a1cc38faed
2018-06-15 01:15:58,595 Weight: 118.25795230991125 #RFs 3
2018-06-15 01:15:58,595 weight: 118.25795230991125
2018-06-15 01:15:58,595 , 118.25795230991125
2018-06-15 01:15:58,596 start mining - depth 35
2018-06-15 01:15:58,607 start mining - hash f24ac5d8f036d2bf21d96578c752bc04d9fadd9807239c4d800c00b8c3118781
2018-06-15 01:15:59,666 RCV reinforcement info
2018-06-15 01:16:00,589 RF found but not transmitted
2018-06-15 01:16:00,606 RCV reinforcement info
2018-06-15 01:16:03,556 RCV reinforcement info
2018-06-15 01:16:05,162 RCV reinforcement info
2018-06-15 01:16:05,495 RCV reinforcement info
2018-06-15 01:16:05,802 RCV reinforcement info
2018-06-15 01:16:07,885 RCV proposal
2018-06-15 01:16:07,888 appended honest propose 60b97475b4 on top of f24ac5d8f0
2018-06-15 01:16:08,058 RCV reinforcement
2018-06-15 01:16:08,062 RCV reinforcement
2018-06-15 01:16:08,081 RCV reinforcement
2018-06-15 01:16:08,085 RCV reinforcement
2018-06-15 01:16:08,088 RCV reinforcement
2018-06-15 01:16:08,110 RCV reinforcement
2018-06-15 01:16:08,872 RCV reinforcement info
2018-06-15 01:16:08,953 RCV reinforcement
2018-06-15 01:16:09,409 RCV commit
2018-06-15 01:16:09,450 appended honest commit 3cfbc08840 on top of 60b97475b4
2018-06-15 01:16:09,471 Weight: 120.38247360452027 #RFs 7
2018-06-15 01:16:09,471 weight: 120.38247360452027
2018-06-15 01:16:09,471 , 120.38247360452027
2018-06-15 01:16:09,472 start mining - depth 36
2018-06-15 01:16:09,472 start mining - hash 3cfbc088402439528f9e6c5bff18c20761654e01b3e0795175595e1b8102efbc
2018-06-15 01:16:09,830 RCV reinforcement info
2018-06-15 01:16:10,205 RCV reinforcement info
2018-06-15 01:16:11,338 RCV reinforcement info
2018-06-15 01:16:13,050 RCV reinforcement info
2018-06-15 01:16:14,827 RCV reinforcement info
2018-06-15 01:16:14,843 RF found but not transmitted
2018-06-15 01:23:28,714 RCV reinforcement info
2018-06-15 01:23:29,285 RF found but not transmitted
2018-06-15 01:23:29,805 RCV reinforcement info
2018-06-15 01:23:30,400 RCV reinforcement info
2018-06-15 01:23:30,945 RCV reinforcement info
2018-06-15 01:23:32,655 RCV reinforcement info
2018-06-15 01:23:32,693 RCV reinforcement info
2018-06-15 01:23:33,934 RCV reinforcement info
2018-06-15 01:23:34,196 RF found but not transmitted
2018-06-15 01:23:35,194 RCV reinforcement info
2018-06-15 01:23:35,234 RCV reinforcement info
