1529017813 , 0.24197384159974303
1529017815 , 0.34321120159595564
1529017816 , 0.5072003922298703
1529017816 , 0.7034614618676748
1529017816 , 0.9114860222175581
1529017816 , 1.3227208340158931
1529017817 , 1.4181989799482908
1529017817 , 1.5626934199947922
1529017818 , 1.6368232593064234
1529017818 , 1.8026912734110465
1529017819 , 1.86720624041909
1529017819 , 2.0147641248475963
1529017821 , 2.1425220223452235
1529017821 , 2.265618377094116
1529017822 , 2.482244934194244
1529017822 , 2.5812682169330214
1529017823 , 2.7209852940952985
1529017823 , 2.8174259163384523
1529017824 , 3.203822222252817
1529017825 , 3.4361005757057286
1529017825 , 4.436100575705729
1529017827 , 4.8963118089635
1529017827 , 5.344042986314506
1529017827 , 5.443964677268717
1529017828 , 5.677489529709983
1529017829 , 5.759372944771922
1529017829 , 6.66204731323421
1529017831 , 6.761584744045251
1529017831 , 6.853208433795977
1529017832 , 6.948084210073178
1529017832 , 7.038834862035182
1529017833 , 7.1499821154958125
1529017834 , 7.948084210073178
1529017834 , 8.041726594714522
1529017834 , 8.291914375324664
1529017835 , 8.385290573790344
1529017838 , 8.470268024295649
1529017838 , 8.63398810001737
1529017838 , 8.785194145708774
1529017839 , 8.862248630864041
1529017839 , 9.044602625109675
1529017841 , 9.254641513118179
1529017842 , 9.32149451756879
1529017843 , 9.394656438875742
1529017844 , 9.515429365563161
1529017844 , 9.615631178192615
1529017846 , 9.687513736391526
1529017846 , 9.918770620812843
1529017848 , 10.001105346483248
1529017848 , 10.169745359480938
1529017849 , 10.232556672644623
1529017849 , 10.303587137112142
1529017849 , 10.526110046392695
1529017850 , 10.69016513119105
1529017850 , 10.882299248252627
1529017851 , 11.075927058656013
1529017852 , 11.177515364536333
1529017853 , 12.067712619813163
1529017853 , 12.227631600110566
1529017853 , 12.819701182415223
1529017853 , 12.924855137202409
1529017854 , 13.819701182415226
1529017855 , 14.075105359161997
1529017855 , 14.346850391920109
1529017855 , 14.624247650313439
1529017856 , 14.822775629217963
1529017856 , 15.38751166649294
1529017857 , 15.806568878894526
1529017858 , 15.938139239843636
1529017858 , 16.00826372146299
1529017859 , 16.17374093631914
1529017859 , 16.825981542408673
1529017860 , 17.12748641323666
1529017860 , 17.196649530754957
1529017860 , 17.313537865417246
1529017860 , 17.399845189552455
1529017861 , 17.52897266379513
1529017861 , 17.617578640451157
1529017861 , 17.866000406388636
1529017864 , 17.94619536657208
1529017864 , 18.156891945583922
1529017864 , 18.296598719934842
1529017865 , 18.371464792465808
1529017866 , 19.371464792465808
1529017867 , 19.527122741499937
1529017869 , 19.599068130584108
1529017869 , 19.734167437438497
1529017870 , 19.911076303043842
1529017871 , 20.05702733398038
1529017873 , 20.12270209091413
1529017874 , 20.297472420147166
1529017875 , 20.63767723110969
1529017876 , 20.77152247617503
1529017877 , 20.862467090883634
1529017877 , 20.93515401348664
1529017877 , 20.997771088744255
1529017879 , 21.12920868506876
1529017880 , 21.240981149218374
1529017880 , 21.391689243368237
1529017881 , 21.478026137464074
1529017881 , 21.574377876924576
1529017881 , 21.63972320169435
1529017883 , 22.63972320169435
1529017883 , 22.7688924326802
1529017884 , 22.964487187461046
1529017884 , 23.59463014935769
1529017885 , 23.819250328867405
1529017886 , 23.896524304912496
1529017888 , 24.061024142461136
1529017889 , 24.16282372520432
1529017889 , 24.249928906355645
1529017890 , 24.532550821711347
1529017890 , 24.630793152241043
1529017892 , 24.708951958613774
1529017892 , 25.169526348526762
1529017892 , 25.243180750406705
1529017893 , 25.31563395117911
1529017893 , 25.379758072314225
1529017893 , 25.500426437257175
1529017893 , 25.77593253066892
1529017894 , 26.40700304483933
1529017895 , 27.40700304483933
1529017896 , 27.584031396006957
1529017896 , 28.109033701096088
1529017898 , 28.216484360604312
1529017898 , 28.299611503646197
1529017898 , 28.501203239064992
1529017898 , 28.671472662638035
1529017899 , 28.779853293718368
1529017899 , 29.469274065119546
1529017901 , 29.597537112476722
1529017902 , 29.688775180116245
1529017902 , 30.111692350918055
1529017905 , 30.333999929240466
1529017905 , 31.333999929240466
1529017907 , 32.33399992924046
1529017908 , 32.42214265534741
1529017908 , 32.63191910673364
1529017908 , 33.43975854792007
1529017909 , 33.504951519262576
1529017909 , 33.900213507892765
1529017910 , 34.4231370708568
1529017910 , 34.51221109375622
1529017913 , 35.51221109375622
1529017914 , 35.64875800173583
1529017914 , 35.733391691628555
1529017915 , 35.83456531322546
1529017915 , 35.9331731467118
1529017916 , 36.9331731467118
1529017918 , 37.14810448915055
1529017918 , 38.14810448915055
1529017918 , 38.899896837361595
1529017919 , 38.14810448915055
1529017919 , 38.221345283689296
1529017920 , 38.28521057889067
1529017921 , 38.450036190583205
1529017921 , 38.599987228115076
1529017922 , 38.67993098132342
1529017923 , 38.77355051279898
1529017923 , 38.85096631344157
1529017926 , 38.928030746151535
1529017926 , 39.02589253259085
1529017926 , 39.08895766705282
1529017927 , 39.4371291933883
1529017928 , 39.569285888945245
1529017928 , 39.76837948833875
1529017928 , 39.88581768724055
1529017929 , 40.19746826142717
1529017929 , 40.49787616907185
1529017933 , 40.996429157321266
1529017933 , 41.12334081017027
1529017935 , 41.66934616165868
1529017936 , 42.083459871986456
1529017936 , 42.99537265563831
1529017938 , 43.108976213446915
1529017938 , 43.21206281999478
1529017939 , 43.27457337168885
1529017940 , 43.37149932946157
1529017940 , 43.976735323936694
1529017940 , 44.09459205655599
1529017941 , 45.029149468441915
1529017941 , 45.16491367061335
1529017942 , 45.23114109141729
1529017942 , 45.724682802383256
1529017943 , 45.81229473990656
1529017943 , 45.91989295916764
1529017944 , 45.986038024984225
1529017944 , 46.080705002842784
1529017947 , 46.14547301502401
1529017947 , 46.22406671512298
1529017949 , 46.44866466916834
1529017950 , 47.24618845409767
1529017950 , 47.6491676846743
1529017950 , 47.71849673415446
1529017950 , 47.98125106572342
1529017950 , 48.98125106572342
1529017951 , 49.06673425920674
1529017951 , 49.18372728079409
1529017953 , 49.305417642348324
1529017954 , 49.66918286359727
1529017955 , 50.07366227977552
1529017955 , 50.20162397737199
1529017956 , 51.20162397737199
1529017958 , 51.442514748649785
1529017959 , 52.442514748649785
1529017960 , 52.84374410983175
1529017961 , 53.084735817417055
1529017961 , 53.22111400472935
1529017961 , 53.362277464946956
1529017964 , 53.585489571565454
1529017964 , 54.585489571565454
1529017964 , 54.69630631710285
1529017965 , 55.3311480853549
1529017965 , 55.42034475566928
1529017967 , 55.68470465471126
1529017970 , 55.834149795135005
1529017970 , 56.54896190321043
1529017970 , 57.26616937044135
1529017971 , 57.428080549579704
1529017974 , 57.631140518461436
1529017974 , 57.72623313226693
1529017975 , 58.134937224630185
1529017975 , 58.30996675861855
1529017976 , 58.403737083518536
1529017976 , 58.59922573322886
1529017977 , 58.8386929102248
1529017977 , 58.912213719031286
1529017979 , 59.140295479619745
1529017980 , 59.38791107795738
1529017981 , 59.48891040019904
1529017982 , 60.48891040019904
1529017982 , 60.556010296457984
1529017983 , 60.71349134917705
1529017983 , 60.77821537036902
1529017984 , 61.20902855637096
1529017984 , 61.29787160551829
1529017986 , 61.39851786574023
1529017986 , 61.79410287257373
1529017987 , 62.08664262801851
1529017987 , 62.203137061771585
1529017987 , 62.81405940486736
1529017989 , 63.81405940486736
1529017989 , 64.17000571795202
1529017989 , 64.25601713537202
1529017989 , 64.32616102172224
1529017994 , 64.49297624574403
1529017994 , 64.71246325976965
1529017994 , 64.82094635891254
1529017995 , 65.05412976142824
1529017995 , 65.17729516369856
1529017995 , 65.24562787709007
1529017996 , 65.33824946705394
1529017997 , 65.40586640311436
1529017998 , 65.48359191667305
1529017999 , 65.71064154246426
1529018000 , 66.20868481761418
1529018001 , 66.47462910565008
1529018002 , 66.54606952819958
1529018003 , 67.54606952819958
1529018004 , 67.61347183287388
1529018004 , 68.54606952819958
1529018005 , 68.64520887363814
1529018005 , 69.52040336390252
1529018005 , 69.59803998354491
1529018005 , 69.76667346368825
1529018006 , 69.87261827234803
1529018006 , 70.05537866365462
1529018007 , 70.2566913546615
1529018008 , 70.32157104071007
1529018008 , 70.43634102136278
1529018010 , 70.53442312999748
1529018010 , 70.63352640819622
1529018011 , 70.71888221082145
1529018011 , 70.78390989291123
1529018012 , 71.46601113493801
1529018013 , 71.54553280842362
1529018013 , 72.07322932105697
1529018015 , 73.10173474563335
1529018015 , 73.21274661563747
1529018016 , 73.28607202580662
1529018017 , 73.70629455657937
1529018018 , 73.87028403228024
1529018019 , 73.94876336385359
1529018019 , 74.05850914669168
1529018019 , 74.34023033515419
1529018020 , 74.42418385091617
1529018022 , 74.70582002188684
1529018022 , 74.77066612673461
1529018023 , 75.03582906872985
1529018025 , 75.09966563765467
1529018028 , 75.277501161576
1529018028 , 75.40236200791988
1529018028 , 76.28854670540477
1529018032 , 76.81164433482525
1529018033 , 76.92212435978223
1529018034 , 77.28806693607328
1529018034 , 77.74855812634512
1529018035 , 77.93343331357174
1529018035 , 78.08270623751297
1529018036 , 78.51739371891502
1529018038 , 78.58907252349623
1529018041 , 78.9052444720689
1529018041 , 79.58028643470884
1529018041 , 79.73379111809517
1529018042 , 79.85480501612919
1529018042 , 79.92407808466486
1529018042 , 80.15444329469804
1529018045 , 80.7159030956453
1529018045 , 80.83684018352366
1529018046 , 81.7159030956453
1529018046 , 81.79428147913542
1529018048 , 81.90307088895909
1529018048 , 81.9708554465225
1529018048 , 82.13687920143039
1529018049 , 82.38902537114448
1529018049 , 83.38902537114448
1529018050 , 83.2230016162366
1529018050 , 83.2858494708876
1529018051 , 83.35295983529419
1529018051 , 83.45527898037012
1529018053 , 83.85430339514153
1529018053 , 84.78634162402342
1529018053 , 84.8708149991063
1529018054 , 85.03170119809973
1529018056 , 86.36974104686621
1529018057 , 86.43528503032641
1529018058 , 86.56872758471636
1529018058 , 86.7312685380006
1529018059 , 87.33392750221631
1529018059 , 87.41130272942746
1529018060 , 87.51605022375927
1529018060 , 87.62939869600582
1529018061 , 87.69663032136648
1529018062 , 87.76636446159112
1529018064 , 87.98674852722182
1529018065 , 88.05962922345823
1529018065 , 88.12823264663957
1529018065 , 88.31446591622084
1529018066 , 88.43338148330272
1529018066 , 88.51055495878725
1529018067 , 88.66882914291942
1529018068 , 88.7343350603495
1529018068 , 88.7991481196248
1529018069 , 89.4446175992281
1529018069 , 89.76834169880846
1529018070 , 89.83175774653847
1529018071 , 90.83175774653847
1529018072 , 91.05533629700062
1529018072 , 91.52277876934501
1529018074 , 91.634189730335
1529018075 , 92.55386951646273
1529018075 , 92.7365742265028
1529018075 , 92.87734354361861
1529018077 , 93.00980215106412
1529018077 , 93.49888624840919
1529018078 , 93.65183223354465
1529018080 , 93.9127217979875
1529018081 , 94.31458534640167
1529018081 , 94.45148248919543
1529018081 , 94.51561427670038
1529018082 , 94.62976416353675
1529018082 , 94.70273625086557
1529018083 , 94.84740903952785
1529018084 , 94.93162426496309
1529018084 , 96.61387508259442
1529018086 , 97.61387508259442
1529018088 , 98.61387508259442
1529018088 , 98.68505296275977
1529018089 , 98.9220387624652
1529018089 , 99.0668482848532
1529018090 , 99.2119818768568
1529018091 , 99.4874694319966
1529018091 , 99.61792306164162
1529018093 , 99.6862596266089
1529018094 , 100.61792306164162
1529018097 , 100.69241606269104
1529018098 , 100.85075778161303
1529018098 , 101.77626478056361
1529018099 , 101.85242110437639
1529018100 , 102.17284390956236
1529018101 , 102.29852357362891
1529018101 , 102.51697761885343
1529018102 , 102.62429204696068
1529018102 , 102.73090060649206
1529018104 , 103.73090060649206
1529018105 , 103.81772095345313
1529018105 , 103.89623290791998
1529018106 , 104.4411192358032
1529018106 , 104.57926739625299
1529018106 , 104.65622927612954
1529018107 , 104.72398850766524
1529018107 , 105.10887147412765
1529018110 , 105.81784808243802
1529018111 , 105.88049450876396
1529018112 , 106.03606368157342
1529018112 , 106.96481510347743
1529018112 , 107.23775534728186
1529018114 , 107.400063601805
1529018115 , 107.58787472034112
1529018118 , 107.69454210638298
1529018118 , 107.81825026155062
1529018119 , 108.44516690945362
1529018120 , 108.59091119982273
1529018121 , 108.65757643400036
1529018123 , 108.90928753654029
1529018123 , 109.7008339094698
1529018124 , 109.77502965587713
1529018125 , 109.89693329632274
1529018125 , 110.00409375379955
1529018126 , 110.07410324800574
1529018126 , 110.14130318544122
1529018126 , 110.25530734376866
1529018127 , 110.3339351462556
1529018128 , 110.5952296717691
1529018130 , 110.68634189520577
1529018131 , 110.75709807392053
1529018133 , 111.11322623359973
1529018133 , 111.19222719270292
1529018134 , 111.30613919260765
1529018137 , 111.37269900944972
1529018138 , 111.64289461673246
1529018139 , 111.72611235286423
1529018141 , 111.88756624992484
1529018142 , 112.224476147839
1529018143 , 112.29618014476394
1529018144 , 112.48567591577152
1529018146 , 112.74981874063636
1529018148 , 113.74981874063634
1529018148 , 114.05669840114344
1529018150 , 114.18818729644265
1529018150 , 114.25410219198517
1529018151 , 114.3875624028293
1529018152 , 114.4762145796314
1529018152 , 114.56209660598253
1529018153 , 114.86379016953882
1529018153 , 115.86379016953882
1529018154 , 116.86379016953882
1529018155 , 116.98296583560766
1529018158 , 117.25795230991125
1529018158 , 118.25795230991125
1529018159 , 118.41313507860764
1529018160 , 118.53071742491227
1529018163 , 118.60443956256098
1529018165 , 119.01434348233943
1529018165 , 119.08769723591006
1529018165 , 119.19550549427679
1529018168 , 119.38247360452027
1529018169 , 120.38247360452027
1529018170 , 121.25606453934823
1529018171 , 121.35684603731013
1529018174 , 121.80362347423474
1529018608 , 121.86950490324755
1529018609 , 122.02609817371487
1529018610 , 122.11633053927198
1529018610 , 122.27616767956627
1529018612 , 122.37256329605174
1529018612 , 122.45181587748033
1529018613 , 122.52612033512938
1529018615 , 123.30786165576333
1529018615 , 123.53677918854893
