2018-05-28 11:40:05,934 ---------------------------------------------------------
2018-05-28 11:40:05,974 MALICIOUS MINING state
2018-05-28 11:40:07,009 start mining - depth 0
2018-05-28 11:40:07,010 start mining - hash dc889e49643aeef587ad638ab1a26c1e239c726755541fd11a0c0eae25e1e2ab
2018-05-28 11:40:07,355 RCV reinforcement info
2018-05-28 11:40:08,737 RF found but not transmitted
2018-05-28 11:40:09,511 RCV reinforcement info
2018-05-28 11:40:10,162 RCV reinforcement info
2018-05-28 11:40:14,103 RCV reinforcement info
2018-05-28 11:40:14,951 RCV reinforcement info
2018-05-28 11:40:15,249 RCV reinforcement info
2018-05-28 11:40:15,481 RCV reinforcement info
2018-05-28 11:40:15,682 RF found but not transmitted
2018-05-28 11:40:16,339 RF found but not transmitted
2018-05-28 11:40:18,739 RF found but not transmitted
2018-05-28 11:40:20,116 RCV reinforcement info
2018-05-28 11:40:21,209 RCV proposal
2018-05-28 11:40:21,212 appended honest propose 08921a716f on top of dc889e4964
2018-05-28 11:40:21,301 RCV reinforcement
2018-05-28 11:40:21,312 RCV reinforcement
2018-05-28 11:40:21,975 RF found but not transmitted
2018-05-28 11:40:21,980 RCV reinforcement info
2018-05-28 11:40:22,041 RCV reinforcement
2018-05-28 11:40:22,737 RCV commit
2018-05-28 11:40:22,774 appended honest commit 225c43a27f on top of 08921a716f
2018-05-28 11:40:22,800 Weight: 2.680779859661734 #RFs 9
2018-05-28 11:40:22,801 weight: 2.680779859661734
2018-05-28 11:40:22,804 , 2.680779859661734
2018-05-28 11:40:22,804 start mining - depth 1
2018-05-28 11:40:22,805 start mining - hash 225c43a27f09b18183664f1e75db693ff08d2d667075f86b71d7785536c75285
2018-05-28 11:40:24,172 RCV reinforcement info
2018-05-28 11:40:26,249 RCV reinforcement info
2018-05-28 11:40:28,903 RF found but not transmitted
2018-05-28 11:40:29,949 RCV reinforcement info
2018-05-28 11:40:30,924 RCV reinforcement info
2018-05-28 11:40:32,154 RCV reinforcement info
2018-05-28 11:40:32,990 RF found but not transmitted
2018-05-28 11:40:34,087 RF found but not transmitted
2018-05-28 11:40:34,532 RCV reinforcement info
2018-05-28 11:40:35,840 RCV reinforcement info
2018-05-28 11:40:36,829 RF found but not transmitted
2018-05-28 11:40:37,505 RCV reinforcement info
2018-05-28 11:40:39,464 RF found but not transmitted
2018-05-28 11:40:39,465 hash found
2018-05-28 11:40:39,467 SNT malicious_proposal_agreement
2018-05-28 11:40:40,607 RCV proposal
2018-05-28 11:40:40,610 appended honest propose 291fd8a2df on top of 225c43a27f
2018-05-28 11:40:40,683 RCV reinforcement
2018-05-28 11:40:40,694 RCV reinforcement
2018-05-28 11:40:41,267 RCV reinforcement info
2018-05-28 11:40:41,330 RCV reinforcement
2018-05-28 11:40:41,997 RCV reinforcement info
2018-05-28 11:40:42,052 RCV reinforcement
2018-05-28 11:40:42,144 RCV commit
2018-05-28 11:40:42,184 appended honest commit d5ff0d8ef0 on top of 291fd8a2df
2018-05-28 11:40:42,220 Weight: 5.5525499259128015 #RFs 10
2018-05-28 11:40:42,220 weight: 5.5525499259128015
2018-05-28 11:40:42,220 , 5.5525499259128015
2018-05-28 11:40:42,225 appended malicious propose 83b886657a on top of 225c43a27f
2018-05-28 11:40:42,225 REINFORCEMENT COLLECTING state
2018-05-28 11:40:42,293 SNT proposal
2018-05-28 11:40:42,437 RCV reinforcement
2018-05-28 11:40:42,445 RCV reinforcement
2018-05-28 11:40:42,720 RCV reinforcement info
2018-05-28 11:40:43,787 RCV reinforcement info
2018-05-28 11:40:43,795 commit with 3 reinforcements
2018-05-28 11:40:43,812 appended malicious commit 6a2ae0f6f0 on top of 83b886657a
2018-05-28 11:40:43,827 Weight: 5.755930306701931 #RFs 11
2018-05-28 11:40:43,827 weight: 5.755930306701931
2018-05-28 11:40:43,827 , 5.755930306701931
2018-05-28 11:40:43,827 MALICIOUS MINING state
2018-05-28 11:40:43,828 start mining - depth 2
2018-05-28 11:40:43,830 start mining - hash 6a2ae0f6f03375be1f540ab8fcc1071dc7ca09f439312b73ccd76da38d285628
2018-05-28 11:40:43,831 SNT commit
2018-05-28 11:40:43,906 RCV reinforcement
2018-05-28 11:40:44,842 RCV reinforcement info
2018-05-28 11:40:45,449 RCV reinforcement info
2018-05-28 11:40:46,236 RCV reinforcement info
2018-05-28 11:40:46,410 RCV reinforcement info
2018-05-28 11:40:46,428 RCV reinforcement info
2018-05-28 11:40:46,519 RCV reinforcement info
2018-05-28 11:40:47,679 RCV reinforcement info
2018-05-28 11:40:50,341 RCV proposal
2018-05-28 11:40:50,348 appended honest propose be8b9aa491 on top of d5ff0d8ef0
2018-05-28 11:40:50,448 RCV reinforcement
2018-05-28 11:40:50,453 RCV reinforcement
2018-05-28 11:40:50,460 RCV reinforcement
2018-05-28 11:40:51,928 RCV commit
2018-05-28 11:40:51,956 appended honest commit 10d294a150 on top of be8b9aa491
2018-05-28 11:40:51,995 Weight: 8.076146888290172 #RFs 9
2018-05-28 11:40:51,995 weight: 8.076146888290172
2018-05-28 11:40:51,995 , 8.076146888290172
2018-05-28 11:40:52,075 RCV reinforcement info
2018-05-28 11:40:52,551 RCV reinforcement info
2018-05-28 11:40:53,113 RCV reinforcement info
2018-05-28 11:40:53,923 RF found but not transmitted
2018-05-28 11:40:55,062 RCV reinforcement info
2018-05-28 11:40:56,132 RCV reinforcement info
2018-05-28 11:40:56,696 RCV reinforcement info
2018-05-28 11:40:56,776 RF found but not transmitted
2018-05-28 11:40:57,221 RCV reinforcement info
2018-05-28 11:40:57,995 RF found but not transmitted
2018-05-28 11:41:00,642 RCV reinforcement info
2018-05-28 11:41:02,107 RCV reinforcement info
2018-05-28 11:41:02,267 RCV reinforcement info
2018-05-28 11:41:02,387 RCV reinforcement info
2018-05-28 11:41:02,913 RCV reinforcement info
2018-05-28 11:41:03,701 RCV reinforcement info
2018-05-28 11:41:04,015 RCV reinforcement info
2018-05-28 11:41:04,204 RCV reinforcement info
2018-05-28 11:41:06,789 RCV reinforcement info
2018-05-28 11:41:07,448 RCV reinforcement info
2018-05-28 11:41:07,586 RCV reinforcement info
2018-05-28 11:41:09,712 RCV reinforcement info
2018-05-28 11:41:09,879 RCV reinforcement info
2018-05-28 11:41:09,940 RCV reinforcement info
2018-05-28 11:41:10,254 RCV reinforcement info
2018-05-28 11:41:14,335 RCV reinforcement info
2018-05-28 11:41:15,743 RCV proposal
2018-05-28 11:41:15,746 appended honest propose 785335d02b on top of 10d294a150
2018-05-28 11:41:15,840 RCV reinforcement
2018-05-28 11:41:15,844 RCV reinforcement
2018-05-28 11:41:15,849 RCV reinforcement
2018-05-28 11:41:16,503 RCV reinforcement info
2018-05-28 11:41:16,560 RCV reinforcement
2018-05-28 11:41:17,102 RCV reinforcement info
2018-05-28 11:41:17,172 RCV reinforcement
2018-05-28 11:41:17,329 RCV commit
2018-05-28 11:41:17,413 appended honest commit b78d088895 on top of 785335d02b
2018-05-28 11:41:17,504 Weight: 12.866568079558483 #RFs 25
2018-05-28 11:41:17,504 weight: 12.866568079558483
2018-05-28 11:41:17,505 , 12.866568079558483
2018-05-28 11:41:18,808 RCV reinforcement info
2018-05-28 11:41:19,485 RF found but not transmitted
2018-05-28 11:41:19,552 RCV reinforcement info
2018-05-28 11:41:20,416 RCV reinforcement info
2018-05-28 11:41:20,580 RCV reinforcement info
2018-05-28 11:41:21,503 RCV reinforcement info
2018-05-28 11:41:22,037 RF found but not transmitted
2018-05-28 11:41:24,453 RCV reinforcement info
2018-05-28 11:41:26,180 RCV reinforcement info
2018-05-28 11:41:26,807 RF found but not transmitted
2018-05-28 11:41:27,176 RCV reinforcement info
2018-05-28 11:41:29,715 RCV reinforcement info
2018-05-28 11:41:31,204 RCV proposal
2018-05-28 11:41:31,208 appended honest propose 28cdbcedf3 on top of b78d088895
2018-05-28 11:41:31,301 RCV reinforcement
2018-05-28 11:41:31,310 RCV reinforcement
2018-05-28 11:41:31,319 RCV reinforcement
2018-05-28 11:41:32,506 RCV reinforcement info
2018-05-28 11:41:32,566 RCV reinforcement
2018-05-28 11:41:32,750 RCV commit
2018-05-28 11:41:32,812 appended honest commit ee4649d26d on top of 28cdbcedf3
2018-05-28 11:41:32,841 Weight: 15.929312875839837 #RFs 10
2018-05-28 11:41:32,842 weight: 15.929312875839837
2018-05-28 11:41:32,843 , 15.929312875839837
2018-05-28 11:41:34,982 RCV reinforcement info
2018-05-28 11:41:36,573 RCV reinforcement info
2018-05-28 11:41:37,085 RCV reinforcement info
2018-05-28 11:41:37,150 RF found but not transmitted
2018-05-28 11:41:41,504 RCV reinforcement info
2018-05-28 11:41:42,307 RF found but not transmitted
2018-05-28 11:41:43,082 RF found but not transmitted
2018-05-28 11:41:43,436 RCV reinforcement info
2018-05-28 11:41:44,863 RCV reinforcement info
2018-05-28 11:41:45,238 RCV reinforcement info
2018-05-28 11:41:48,110 RCV reinforcement info
2018-05-28 11:41:50,117 RCV reinforcement info
2018-05-28 11:41:50,325 RCV proposal
2018-05-28 11:41:50,328 appended honest propose 6c58f4fdbf on top of ee4649d26d
2018-05-28 11:41:50,426 RCV reinforcement
2018-05-28 11:41:50,430 RCV reinforcement
2018-05-28 11:41:50,446 RCV reinforcement
2018-05-28 11:41:51,706 RF found but not transmitted
2018-05-28 11:41:51,852 RCV commit
2018-05-28 11:41:51,905 appended honest commit 80ae93f702 on top of 6c58f4fdbf
2018-05-28 11:41:51,941 Weight: 18.384406946735407 #RFs 9
2018-05-28 11:41:51,943 weight: 18.384406946735407
2018-05-28 11:41:51,944 , 18.384406946735407
2018-05-28 11:41:51,967 RCV reinforcement info
2018-05-28 11:41:52,034 RCV reinforcement
2018-05-28 11:41:53,421 RCV proposal
2018-05-28 11:41:53,425 appended honest propose cda71f9d8f on top of 80ae93f702
2018-05-28 11:41:53,654 RCV reinforcement info
2018-05-28 11:41:53,718 RCV reinforcement
2018-05-28 11:41:54,938 RCV commit
2018-05-28 11:41:54,941 appended honest commit 90130701d1 on top of cda71f9d8f
2018-05-28 11:41:54,943 Weight: 19.451025283304663 #RFs 1
2018-05-28 11:41:54,944 weight: 19.451025283304663
2018-05-28 11:41:54,944 , 19.451025283304663
2018-05-28 11:41:54,988 RCV reinforcement info
2018-05-28 11:41:55,053 RCV reinforcement
2018-05-28 11:41:55,872 RCV reinforcement info
2018-05-28 11:41:57,819 RF found but not transmitted
2018-05-28 11:41:57,870 RF found but not transmitted
2018-05-28 11:41:58,637 RCV reinforcement info
2018-05-28 11:41:59,771 RCV reinforcement info
2018-05-28 11:42:01,963 RCV reinforcement info
2018-05-28 11:42:02,627 RCV reinforcement info
2018-05-28 11:42:02,795 RCV reinforcement info
2018-05-28 11:42:03,136 RCV reinforcement info
2018-05-28 11:42:04,163 RCV reinforcement info
2018-05-28 11:42:05,403 RCV reinforcement info
2018-05-28 11:42:05,885 RCV reinforcement info
2018-05-28 11:42:08,645 RCV reinforcement info
2018-05-28 11:42:10,362 RCV reinforcement info
2018-05-28 11:42:10,431 RCV reinforcement info
2018-05-28 11:42:11,898 RCV reinforcement info
2018-05-28 11:42:12,731 RCV proposal
2018-05-28 11:42:12,735 appended honest propose f89dd2a75a on top of 90130701d1
2018-05-28 11:42:12,830 RCV reinforcement
2018-05-28 11:42:12,836 RCV reinforcement
2018-05-28 11:42:12,845 RCV reinforcement
2018-05-28 11:42:14,082 RCV reinforcement info
2018-05-28 11:42:14,151 RCV reinforcement
2018-05-28 11:42:14,292 RCV commit
2018-05-28 11:42:14,346 appended honest commit 31c774d2f2 on top of f89dd2a75a
2018-05-28 11:42:14,398 Weight: 23.233487883629127 #RFs 14
2018-05-28 11:42:14,398 weight: 23.233487883629127
2018-05-28 11:42:14,398 , 23.233487883629127
2018-05-28 11:42:14,980 RCV reinforcement info
2018-05-28 11:42:16,255 RF found but not transmitted
2018-05-28 11:42:16,256 hash found
2018-05-28 11:42:16,259 appended malicious propose f177528c19 on top of 6a2ae0f6f0
2018-05-28 11:42:16,259 REINFORCEMENT COLLECTING state
2018-05-28 11:42:16,320 SNT proposal
2018-05-28 11:42:16,468 RCV reinforcement
2018-05-28 11:42:16,502 RCV reinforcement
2018-05-28 11:42:17,101 RCV reinforcement info
2018-05-28 11:42:17,201 RF found but not transmitted
2018-05-28 11:42:17,205 SNT reinforcement
2018-05-28 11:42:17,687 RCV reinforcement
2018-05-28 11:42:17,826 commit with 3 reinforcements
2018-05-28 11:42:17,903 appended malicious commit 6f11a94cea on top of f177528c19
2018-05-28 11:42:17,971 Weight: 15.870775461659086 #RFs 47
2018-05-28 11:42:17,971 weight: 15.870775461659086
2018-05-28 11:42:17,971 , 15.870775461659086
2018-05-28 11:42:17,974 MALICIOUS MINING state
2018-05-28 11:42:17,974 start mining - depth 3
2018-05-28 11:42:17,975 start mining - hash 6f11a94ceaa1ca1024b7c83bde73e1e6e83c3b3a952b61061b41604850a4cbea
2018-05-28 11:42:17,975 Hashing frequency: 7119
2018-05-28 11:42:17,976 SNT commit
2018-05-28 11:42:20,622 RF found but not transmitted
2018-05-28 11:42:20,778 RCV reinforcement info
2018-05-28 11:42:24,631 RCV reinforcement info
2018-05-28 11:42:24,754 RCV reinforcement info
2018-05-28 11:42:26,194 RCV reinforcement info
2018-05-28 11:42:26,981 RCV reinforcement info
2018-05-28 11:42:27,136 RCV reinforcement info
2018-05-28 11:42:31,445 RF found but not transmitted
2018-05-28 11:42:32,070 RCV reinforcement info
2018-05-28 11:42:32,564 RCV reinforcement info
2018-05-28 11:42:32,861 RCV reinforcement info
2018-05-28 11:42:34,143 RCV reinforcement info
2018-05-28 11:42:34,875 RCV reinforcement info
2018-05-28 11:42:35,291 RCV reinforcement info
2018-05-28 11:42:37,770 RF found but not transmitted
2018-05-28 11:42:37,806 RCV reinforcement info
2018-05-28 11:42:38,138 RF found but not transmitted
2018-05-28 11:42:39,313 RCV reinforcement info
2018-05-28 11:42:40,240 RF found but not transmitted
2018-05-28 11:42:41,087 RCV reinforcement info
2018-05-28 11:42:41,630 RCV reinforcement info
2018-05-28 11:42:42,761 RCV proposal
2018-05-28 11:42:42,765 appended malicious propose ea51258805 on top of 6f11a94cea
2018-05-28 11:42:42,766 REINFORCEMENT SENT state
2018-05-28 11:42:42,767 SNT reinforcement
2018-05-28 11:42:42,855 RCV reinforcement info
2018-05-28 11:42:42,868 RCV reinforcement
2018-05-28 11:42:44,312 RCV commit
2018-05-28 11:42:44,354 appended malicious commit b77702653a on top of ea51258805
2018-05-28 11:42:44,406 Weight: 18.24248158167762 #RFs 11
2018-05-28 11:42:44,406 weight: 18.24248158167762
2018-05-28 11:42:44,406 , 18.24248158167762
2018-05-28 11:42:44,408 MALICIOUS MINING state
2018-05-28 11:42:44,409 start mining - depth 4
2018-05-28 11:42:44,409 start mining - hash b77702653a65e077c18f41dc9900df20d226fb0aae075265b3f20a8aad7c822a
2018-05-28 11:42:46,262 RCV reinforcement info
2018-05-28 11:42:46,455 RCV proposal
2018-05-28 11:42:46,458 appended honest propose 30523d5a95 on top of 31c774d2f2
2018-05-28 11:42:46,545 RCV reinforcement
2018-05-28 11:42:46,561 RCV reinforcement
2018-05-28 11:42:46,581 RCV reinforcement
2018-05-28 11:42:46,811 RCV reinforcement info
2018-05-28 11:42:46,867 RCV reinforcement info
2018-05-28 11:42:46,915 RCV reinforcement
2018-05-28 11:42:46,961 RCV reinforcement
2018-05-28 11:42:47,366 RCV reinforcement info
2018-05-28 11:42:47,437 RCV reinforcement
2018-05-28 11:42:47,547 RF found but not transmitted
2018-05-28 11:42:48,046 RCV commit
2018-05-28 11:42:48,144 appended honest commit f106068356 on top of 30523d5a95
2018-05-28 11:42:48,246 Weight: 28.456327011017983 #RFs 22
2018-05-28 11:42:48,248 weight: 28.456327011017983
2018-05-28 11:42:48,249 , 28.456327011017983
2018-05-28 11:42:49,224 RCV reinforcement info
2018-05-28 11:42:50,877 RCV reinforcement info
2018-05-28 11:42:52,456 RF found but not transmitted
2018-05-28 11:42:53,473 RCV reinforcement info
2018-05-28 11:42:53,945 RF found but not transmitted
2018-05-28 11:42:53,946 hash found
2018-05-28 11:42:53,950 appended malicious propose 604373d75d on top of b77702653a
2018-05-28 11:42:53,950 REINFORCEMENT COLLECTING state
2018-05-28 11:42:53,950 SNT proposal
2018-05-28 11:42:54,102 RCV reinforcement
2018-05-28 11:42:54,788 RCV reinforcement
2018-05-28 11:42:55,035 RCV reinforcement
2018-05-28 11:42:55,459 commit with 2 reinforcements
2018-05-28 11:42:55,467 appended malicious commit 9206b585c3 on top of 604373d75d
2018-05-28 11:42:55,477 Weight: 20.030592579604942 #RFs 6
2018-05-28 11:42:55,477 weight: 20.030592579604942
2018-05-28 11:42:55,477 , 20.030592579604942
2018-05-28 11:42:55,479 MALICIOUS MINING state
2018-05-28 11:42:55,480 start mining - depth 5
2018-05-28 11:42:55,480 start mining - hash 9206b585c3586353b04310c3ebf9b9ac6f1fdee8fe9846de883cbf14a101b108
2018-05-28 11:42:55,481 SNT commit
2018-05-28 11:42:55,732 RF found but not transmitted
2018-05-28 11:42:55,839 RCV reinforcement info
2018-05-28 11:42:56,866 RF found but not transmitted
2018-05-28 11:42:57,680 RF found but not transmitted
2018-05-28 11:42:58,089 RF found but not transmitted
2018-05-28 11:42:58,594 RF found but not transmitted
2018-05-28 11:42:58,695 RCV reinforcement info
2018-05-28 11:42:59,163 RF found but not transmitted
2018-05-28 11:43:00,021 RF found but not transmitted
2018-05-28 11:43:00,105 RF found but not transmitted
2018-05-28 11:43:00,307 RF found but not transmitted
2018-05-28 11:43:00,645 RF found but not transmitted
2018-05-28 11:43:00,646 hash found
2018-05-28 11:43:00,649 appended malicious propose a1b705e566 on top of 9206b585c3
2018-05-28 11:43:00,649 REINFORCEMENT COLLECTING state
2018-05-28 11:43:00,709 SNT proposal
2018-05-28 11:43:00,858 RCV reinforcement
2018-05-28 11:43:01,361 RF found but not transmitted
2018-05-28 11:43:01,386 RCV reinforcement
2018-05-28 11:43:02,216 commit with 3 reinforcements
2018-05-28 11:43:02,228 appended malicious commit 076b405a3e on top of a1b705e566
2018-05-28 11:43:02,239 Weight: 22.89512331495682 #RFs 8
2018-05-28 11:43:02,239 weight: 22.89512331495682
2018-05-28 11:43:02,239 , 22.89512331495682
2018-05-28 11:43:02,240 MALICIOUS MINING state
2018-05-28 11:43:02,240 start mining - depth 6
2018-05-28 11:43:02,241 start mining - hash 076b405a3e3297a18d487199d3b53d2570860e4b5b173e5e1ae3ed79580e4048
2018-05-28 11:43:02,242 SNT commit
2018-05-28 11:43:03,442 RF found but not transmitted
2018-05-28 11:43:04,216 RCV reinforcement info
2018-05-28 11:43:04,813 RCV reinforcement info
2018-05-28 11:43:05,048 RCV reinforcement info
2018-05-28 11:43:05,272 RF found but not transmitted
2018-05-28 11:43:07,039 RF found but not transmitted
2018-05-28 11:43:07,520 RCV reinforcement info
2018-05-28 11:43:07,525 RF found but not transmitted
2018-05-28 11:43:08,222 RCV reinforcement info
2018-05-28 11:43:09,025 RCV reinforcement info
2018-05-28 11:43:09,439 RF found but not transmitted
2018-05-28 11:43:09,990 RCV reinforcement info
2018-05-28 11:43:10,045 RF found but not transmitted
2018-05-28 11:43:10,187 RCV reinforcement info
2018-05-28 11:43:10,455 RF found but not transmitted
2018-05-28 11:43:10,489 RF found but not transmitted
2018-05-28 11:43:11,520 RF found but not transmitted
2018-05-28 11:43:11,769 RF found but not transmitted
2018-05-28 11:43:11,790 RCV reinforcement info
2018-05-28 11:43:12,918 RF found but not transmitted
2018-05-28 11:43:12,958 RF found but not transmitted
2018-05-28 11:43:13,232 RF found but not transmitted
2018-05-28 11:43:13,597 RCV reinforcement info
2018-05-28 11:43:13,987 RCV reinforcement info
2018-05-28 11:43:14,288 RF found but not transmitted
2018-05-28 11:43:14,873 RF found but not transmitted
2018-05-28 11:43:15,446 RF found but not transmitted
2018-05-28 11:43:15,616 RF found but not transmitted
2018-05-28 11:43:15,838 RCV reinforcement info
2018-05-28 11:43:15,929 RCV reinforcement info
2018-05-28 11:43:16,579 RF found but not transmitted
2018-05-28 11:43:16,921 RF found but not transmitted
2018-05-28 11:43:17,673 RF found but not transmitted
2018-05-28 11:43:17,872 RF found but not transmitted
2018-05-28 11:43:18,045 RCV reinforcement info
2018-05-28 11:43:18,355 RF found but not transmitted
2018-05-28 11:43:18,416 RCV reinforcement info
2018-05-28 11:43:18,542 RF found but not transmitted
2018-05-28 11:43:19,075 RF found but not transmitted
2018-05-28 11:43:19,191 RF found but not transmitted
2018-05-28 11:43:20,169 RCV proposal
2018-05-28 11:43:20,178 appended honest propose 7425de2945 on top of f106068356
2018-05-28 11:43:20,274 RCV reinforcement
2018-05-28 11:43:20,286 RCV reinforcement
2018-05-28 11:43:20,293 RCV reinforcement
2018-05-28 11:43:20,365 RF found but not transmitted
2018-05-28 11:43:20,587 RF found but not transmitted
2018-05-28 11:43:21,758 RCV commit
2018-05-28 11:43:21,858 appended honest commit a44633c23a on top of 7425de2945
2018-05-28 11:43:21,932 Weight: 32.5333593264751 #RFs 20
2018-05-28 11:43:21,932 weight: 32.5333593264751
2018-05-28 11:43:21,932 , 32.5333593264751
2018-05-28 11:43:22,362 RCV proposal
2018-05-28 11:43:22,365 appended honest propose dcae620aa1 on top of a44633c23a
2018-05-28 11:43:23,398 RCV proposal
2018-05-28 11:43:23,402 appended malicious propose cb071c9484 on top of 076b405a3e
2018-05-28 11:43:23,402 REINFORCEMENT SENT state
2018-05-28 11:43:23,403 SNT reinforcement
2018-05-28 11:43:23,494 RCV reinforcement
2018-05-28 11:43:23,865 RCV commit
2018-05-28 11:43:23,871 appended honest commit 5542afecd1 on top of dcae620aa1
2018-05-28 11:43:23,871 Weight: 33.5333593264751 #RFs 0
2018-05-28 11:43:23,871 weight: 33.5333593264751
2018-05-28 11:43:23,871 , 33.5333593264751
2018-05-28 11:43:24,116 RCV reinforcement
2018-05-28 11:43:24,352 RF found but not transmitted
2018-05-28 11:43:24,717 RCV reinforcement info
2018-05-28 11:43:24,960 RCV commit
2018-05-28 11:43:25,027 appended malicious commit de4b4ae017 on top of cb071c9484
2018-05-28 11:43:25,075 Weight: 25.778162366603382 #RFs 13
2018-05-28 11:43:25,076 weight: 25.778162366603382
2018-05-28 11:43:25,080 , 25.778162366603382
2018-05-28 11:43:25,082 MALICIOUS MINING state
2018-05-28 11:43:25,083 start mining - depth 7
2018-05-28 11:43:25,084 start mining - hash de4b4ae017312fab209bf526f3b6c65bf746a222650bcab065ffd4758a19ed7f
2018-05-28 11:43:25,096 Hashing frequency: 10118
2018-05-28 11:43:25,280 RF found but not transmitted
2018-05-28 11:43:25,374 RF found but not transmitted
2018-05-28 11:43:25,653 RCV reinforcement info
2018-05-28 11:43:25,677 RF found but not transmitted
2018-05-28 11:43:26,396 RF found but not transmitted
2018-05-28 11:43:26,852 RF found but not transmitted
2018-05-28 11:43:27,955 RF found but not transmitted
2018-05-28 11:43:27,959 RCV reinforcement info
2018-05-28 11:43:28,116 RF found but not transmitted
2018-05-28 11:43:29,286 RF found but not transmitted
2018-05-28 11:43:29,485 RCV reinforcement info
2018-05-28 11:43:29,567 RF found but not transmitted
2018-05-28 11:43:29,735 RF found but not transmitted
2018-05-28 11:43:30,398 RCV proposal
2018-05-28 11:43:30,401 appended honest propose c9d4474e29 on top of 5542afecd1
2018-05-28 11:43:30,484 RCV reinforcement
2018-05-28 11:43:30,494 RCV reinforcement
2018-05-28 11:43:30,858 RCV reinforcement info
2018-05-28 11:43:30,962 RCV reinforcement
2018-05-28 11:43:31,734 RCV reinforcement info
2018-05-28 11:43:31,814 RCV reinforcement
2018-05-28 11:43:31,912 RCV commit
2018-05-28 11:43:31,927 appended honest commit bc78525e22 on top of c9d4474e29
2018-05-28 11:43:31,946 Weight: 36.6930337199329 #RFs 6
2018-05-28 11:43:31,946 weight: 36.6930337199329
2018-05-28 11:43:31,946 , 36.6930337199329
2018-05-28 11:43:32,398 RF found but not transmitted
2018-05-28 11:43:33,850 RCV reinforcement info
2018-05-28 11:43:34,175 RCV reinforcement info
2018-05-28 11:43:35,052 RF found but not transmitted
2018-05-28 11:43:35,747 RF found but not transmitted
2018-05-28 11:43:35,910 RCV reinforcement info
2018-05-28 11:43:37,111 RCV reinforcement info
2018-05-28 11:43:37,344 RCV reinforcement info
2018-05-28 11:43:38,084 RCV reinforcement info
2018-05-28 11:43:38,150 RCV reinforcement info
2018-05-28 11:43:39,618 RCV reinforcement info
2018-05-28 11:43:40,108 RF found but not transmitted
2018-05-28 11:43:40,556 RCV reinforcement info
2018-05-28 11:43:41,216 RCV reinforcement info
2018-05-28 11:43:41,595 RCV reinforcement info
2018-05-28 11:43:42,958 RCV proposal
2018-05-28 11:43:42,961 appended malicious propose 931f8adbb7 on top of de4b4ae017
2018-05-28 11:43:42,962 REINFORCEMENT SENT state
2018-05-28 11:43:42,962 SNT reinforcement
2018-05-28 11:43:43,053 RCV reinforcement
2018-05-28 11:43:43,394 RCV reinforcement
2018-05-28 11:43:43,567 RCV reinforcement info
2018-05-28 11:43:44,181 RCV reinforcement
2018-05-28 11:43:44,301 RCV reinforcement
2018-05-28 11:43:44,506 RCV commit
2018-05-28 11:43:44,546 appended malicious commit 08a60b996a on top of 931f8adbb7
2018-05-28 11:43:44,577 Weight: 28.124086327283823 #RFs 8
2018-05-28 11:43:44,577 weight: 28.124086327283823
2018-05-28 11:43:44,577 , 28.124086327283823
2018-05-28 11:43:44,577 MALICIOUS MINING state
2018-05-28 11:43:44,577 start mining - depth 8
2018-05-28 11:43:44,578 start mining - hash 08a60b996a024d9bc113341619537829c4af522a6c0d98b063c791fbe38a7e9f
2018-05-28 11:43:45,377 RCV reinforcement info
2018-05-28 11:43:45,791 RCV reinforcement info
2018-05-28 11:43:46,630 RCV reinforcement info
2018-05-28 11:43:46,904 RCV reinforcement info
2018-05-28 11:43:46,975 RCV reinforcement info
2018-05-28 11:43:48,125 RCV reinforcement info
2018-05-28 11:43:48,566 RF found but not transmitted
2018-05-28 11:43:48,995 RCV proposal
2018-05-28 11:43:48,997 appended honest propose 6d287d6237 on top of bc78525e22
2018-05-28 11:43:49,104 RCV reinforcement
2018-05-28 11:43:49,113 RCV reinforcement
2018-05-28 11:43:49,118 RCV reinforcement
2018-05-28 11:43:49,212 RF found but not transmitted
2018-05-28 11:43:49,379 RF found but not transmitted
2018-05-28 11:43:49,807 RCV reinforcement info
2018-05-28 11:43:49,892 RCV reinforcement
2018-05-28 11:43:49,953 RF found but not transmitted
2018-05-28 11:43:50,570 RCV commit
2018-05-28 11:43:50,642 appended honest commit 712e42c099 on top of 6d287d6237
2018-05-28 11:43:50,691 Weight: 42.200636023376404 #RFs 19
2018-05-28 11:43:50,691 weight: 42.200636023376404
2018-05-28 11:43:50,696 , 42.200636023376404
2018-05-28 11:43:50,898 RCV reinforcement info
2018-05-28 11:43:50,942 RCV reinforcement info
2018-05-28 11:43:51,786 RCV reinforcement info
2018-05-28 11:43:51,941 RCV reinforcement info
2018-05-28 11:43:51,982 RF found but not transmitted
2018-05-28 11:43:52,033 RCV reinforcement info
2018-05-28 11:43:52,714 RCV reinforcement info
2018-05-28 11:43:52,849 RF found but not transmitted
2018-05-28 11:43:53,353 RCV proposal
2018-05-28 11:43:53,356 appended honest propose 56c013765d on top of 712e42c099
2018-05-28 11:43:53,446 RCV reinforcement
2018-05-28 11:43:53,450 RCV reinforcement
2018-05-28 11:43:53,617 RCV reinforcement info
2018-05-28 11:43:53,725 RCV reinforcement
2018-05-28 11:43:53,888 RF found but not transmitted
2018-05-28 11:43:54,154 RCV reinforcement info
2018-05-28 11:43:54,228 RCV reinforcement
2018-05-28 11:43:54,783 RCV reinforcement info
2018-05-28 11:43:54,884 RCV reinforcement
2018-05-28 11:43:54,916 RCV commit
2018-05-28 11:43:54,972 appended honest commit 712a0f7d9e on top of 56c013765d
2018-05-28 11:43:55,006 Weight: 45.81189796206818 #RFs 8
2018-05-28 11:43:55,006 weight: 45.81189796206818
2018-05-28 11:43:55,006 , 45.81189796206818
2018-05-28 11:43:55,125 RCV proposal
2018-05-28 11:43:55,130 appended honest propose fa92789c90 on top of 712a0f7d9e
2018-05-28 11:43:55,131 RF found but not transmitted
2018-05-28 11:43:55,477 RF found but not transmitted
2018-05-28 11:43:56,141 RCV proposal
2018-05-28 11:43:56,145 appended malicious propose 8d3b4698b2 on top of 08a60b996a
2018-05-28 11:43:56,146 REINFORCEMENT SENT state
2018-05-28 11:43:56,150 SNT reinforcement
2018-05-28 11:43:56,251 RCV reinforcement
2018-05-28 11:43:56,617 RCV commit
2018-05-28 11:43:56,618 appended honest commit 5249483d75 on top of fa92789c90
2018-05-28 11:43:56,618 Weight: 46.81189796206818 #RFs 0
2018-05-28 11:43:56,618 weight: 46.81189796206818
2018-05-28 11:43:56,618 , 46.81189796206818
2018-05-28 11:43:57,092 RF found but not transmitted
2018-05-28 11:43:57,451 RCV reinforcement
2018-05-28 11:43:57,676 RCV reinforcement info
2018-05-28 11:43:57,688 RCV commit
2018-05-28 11:43:57,704 appended malicious commit 17cf1560c5 on top of 8d3b4698b2
2018-05-28 11:43:57,717 Weight: 31.307006484408483 #RFs 5
2018-05-28 11:43:57,717 weight: 31.307006484408483
2018-05-28 11:43:57,717 , 31.307006484408483
2018-05-28 11:43:57,724 MALICIOUS MINING state
2018-05-28 11:43:57,726 start mining - depth 9
2018-05-28 11:43:57,727 start mining - hash 17cf1560c5c30a58bfbc700d0e3a88822bdd69a95f14e8a3626ecb9f8d545ae7
2018-05-28 11:43:58,017 RCV reinforcement info
2018-05-28 11:43:58,764 RF found but not transmitted
2018-05-28 11:43:59,304 RF found but not transmitted
2018-05-28 11:43:59,415 RCV reinforcement info
2018-05-28 11:43:59,621 RF found but not transmitted
2018-05-28 11:43:59,990 RF found but not transmitted
2018-05-28 11:44:00,991 RCV reinforcement info
2018-05-28 11:44:02,836 RF found but not transmitted
2018-05-28 11:44:02,908 RCV reinforcement info
2018-05-28 11:44:03,000 RCV reinforcement info
2018-05-28 11:44:03,189 RF found but not transmitted
2018-05-28 11:44:03,798 RCV reinforcement info
2018-05-28 11:44:04,272 RCV reinforcement info
2018-05-28 11:44:04,610 RF found but not transmitted
2018-05-28 11:44:04,745 RCV reinforcement info
2018-05-28 11:44:04,884 RF found but not transmitted
2018-05-28 11:44:06,034 RF found but not transmitted
2018-05-28 11:44:08,223 RF found but not transmitted
2018-05-28 11:44:09,173 RF found but not transmitted
2018-05-28 11:44:09,891 RF found but not transmitted
2018-05-28 11:44:12,006 RF found but not transmitted
2018-05-28 11:44:12,045 RF found but not transmitted
2018-05-28 11:44:12,049 RF found but not transmitted
2018-05-28 11:44:13,452 RCV reinforcement info
2018-05-28 11:44:13,472 RF found but not transmitted
2018-05-28 11:44:14,726 RCV reinforcement info
2018-05-28 11:44:14,801 RCV reinforcement info
2018-05-28 11:44:15,205 RCV reinforcement info
2018-05-28 11:44:15,945 RCV reinforcement info
2018-05-28 11:44:16,073 RF found but not transmitted
2018-05-28 11:44:16,217 RF found but not transmitted
2018-05-28 11:44:16,308 RF found but not transmitted
2018-05-28 11:44:16,686 RF found but not transmitted
2018-05-28 11:44:16,754 RCV reinforcement info
2018-05-28 11:44:17,102 RF found but not transmitted
2018-05-28 11:44:17,659 RCV reinforcement info
2018-05-28 11:44:18,666 RF found but not transmitted
2018-05-28 11:44:19,457 RCV reinforcement info
2018-05-28 11:44:19,505 RCV proposal
2018-05-28 11:44:19,508 appended honest propose 461201400a on top of 5249483d75
2018-05-28 11:44:19,624 RCV reinforcement
2018-05-28 11:44:19,627 RCV reinforcement
2018-05-28 11:44:19,638 RCV reinforcement
2018-05-28 11:44:19,733 RCV reinforcement info
2018-05-28 11:44:19,819 RCV reinforcement
2018-05-28 11:44:21,076 RCV commit
2018-05-28 11:44:21,137 appended honest commit 77b13c9785 on top of 461201400a
2018-05-28 11:44:21,189 Weight: 53.20107359827371 #RFs 18
2018-05-28 11:44:21,190 weight: 53.20107359827371
2018-05-28 11:44:21,190 , 53.20107359827371
2018-05-28 11:44:21,209 RF found but not transmitted
2018-05-28 11:44:21,546 RCV reinforcement info
2018-05-28 11:44:21,674 RCV reinforcement info
2018-05-28 11:44:21,778 RF found but not transmitted
2018-05-28 11:44:22,014 RF found but not transmitted
2018-05-28 11:44:22,269 RCV proposal
2018-05-28 11:44:22,272 appended honest propose f7dd00fe6c on top of 77b13c9785
2018-05-28 11:44:22,344 RCV reinforcement
2018-05-28 11:44:22,826 RF found but not transmitted
2018-05-28 11:44:23,552 RF found but not transmitted
2018-05-28 11:44:23,774 RCV reinforcement info
2018-05-28 11:44:23,861 RCV reinforcement
2018-05-28 11:44:23,934 RF found but not transmitted
2018-05-28 11:44:23,959 RCV commit
2018-05-28 11:44:23,969 appended honest commit 37b0198d96 on top of f7dd00fe6c
2018-05-28 11:44:23,984 Weight: 54.51414888952241 #RFs 2
2018-05-28 11:44:23,984 weight: 54.51414888952241
2018-05-28 11:44:23,984 , 54.51414888952241
2018-05-28 11:44:24,575 RCV proposal
2018-05-28 11:44:24,577 appended honest propose ea607549f4 on top of 37b0198d96
2018-05-28 11:44:26,090 RCV reinforcement info
2018-05-28 11:44:26,109 RCV commit
2018-05-28 11:44:26,109 appended honest commit 67cc28fc3e on top of ea607549f4
2018-05-28 11:44:26,110 Weight: 55.51414888952241 #RFs 0
2018-05-28 11:44:26,110 weight: 55.51414888952241
2018-05-28 11:44:26,110 , 55.51414888952241
2018-05-28 11:44:26,198 RCV reinforcement
2018-05-28 11:44:26,255 RF found but not transmitted
2018-05-28 11:44:26,908 RF found but not transmitted
2018-05-28 11:44:27,326 RCV reinforcement info
2018-05-28 11:44:27,631 RF found but not transmitted
2018-05-28 11:44:28,151 RF found but not transmitted
2018-05-28 11:44:28,510 RCV proposal
2018-05-28 11:44:28,513 appended malicious propose 74bc0c3a0e on top of 17cf1560c5
2018-05-28 11:44:28,514 REINFORCEMENT SENT state
2018-05-28 11:44:28,517 SNT reinforcement
2018-05-28 11:44:28,627 RCV reinforcement
2018-05-28 11:44:29,011 RF found but not transmitted
2018-05-28 11:44:29,539 RCV reinforcement info
2018-05-28 11:44:29,888 RCV reinforcement info
2018-05-28 11:44:30,088 RCV commit
2018-05-28 11:44:30,217 appended malicious commit 860bf37eb0 on top of 74bc0c3a0e
2018-05-28 11:44:30,285 RF found but not transmitted
2018-05-28 11:44:30,287 Weight: 35.6127579872377 #RFs 20
2018-05-28 11:44:30,288 weight: 35.6127579872377
2018-05-28 11:44:30,288 , 35.6127579872377
2018-05-28 11:44:30,294 MALICIOUS MINING state
2018-05-28 11:44:30,296 start mining - depth 10
2018-05-28 11:44:30,296 start mining - hash 860bf37eb053ed030c16725845b37ac34f2cbe1f646166be724d76468a7eef43
2018-05-28 11:44:30,297 Hashing frequency: 14050
2018-05-28 11:44:31,420 RF found but not transmitted
2018-05-28 11:44:32,067 RF found but not transmitted
2018-05-28 11:44:34,418 RCV reinforcement info
2018-05-28 11:44:34,680 RF found but not transmitted
2018-05-28 11:44:35,725 RF found but not transmitted
2018-05-28 11:44:36,421 RF found but not transmitted
2018-05-28 11:44:37,046 RF found but not transmitted
2018-05-28 11:44:37,666 RF found but not transmitted
2018-05-28 11:44:37,972 RF found but not transmitted
2018-05-28 11:44:41,130 RF found but not transmitted
2018-05-28 11:44:41,377 RCV reinforcement info
2018-05-28 11:44:42,436 RCV reinforcement info
2018-05-28 11:44:43,104 RF found but not transmitted
2018-05-28 11:44:43,702 RCV reinforcement info
2018-05-28 11:44:44,116 RCV reinforcement info
2018-05-28 11:44:44,634 RCV reinforcement info
2018-05-28 11:44:44,725 RCV reinforcement info
2018-05-28 11:44:46,708 RF found but not transmitted
2018-05-28 11:44:47,710 RCV reinforcement info
2018-05-28 11:44:48,343 RCV proposal
2018-05-28 11:44:48,347 appended malicious propose 29e14b12f2 on top of 860bf37eb0
2018-05-28 11:44:48,347 REINFORCEMENT SENT state
2018-05-28 11:44:48,349 SNT reinforcement
2018-05-28 11:44:48,419 RF found but not transmitted
2018-05-28 11:44:48,455 RCV reinforcement
2018-05-28 11:44:48,631 RF found but not transmitted
2018-05-28 11:44:48,662 RCV reinforcement
2018-05-28 11:44:49,220 RF found but not transmitted
2018-05-28 11:44:49,402 RCV reinforcement
2018-05-28 11:44:49,406 RCV reinforcement info
2018-05-28 11:44:49,551 RF found but not transmitted
2018-05-28 11:44:49,895 RCV commit
2018-05-28 11:44:49,919 appended malicious commit d81b877e8a on top of 29e14b12f2
2018-05-28 11:44:49,972 Weight: 38.009324552631355 #RFs 6
2018-05-28 11:44:49,973 weight: 38.009324552631355
2018-05-28 11:44:49,973 , 38.009324552631355
2018-05-28 11:44:49,977 MALICIOUS MINING state
2018-05-28 11:44:49,978 start mining - depth 11
2018-05-28 11:44:49,979 start mining - hash d81b877e8aad7a1ab70d87983cbed19c8b000bd10b537c51c723fc431b1fe3b0
2018-05-28 11:44:50,144 RCV reinforcement info
2018-05-28 11:44:50,168 RF found but not transmitted
2018-05-28 11:44:50,676 RCV reinforcement info
2018-05-28 11:44:50,910 RCV proposal
2018-05-28 11:44:50,913 appended malicious propose 1668834517 on top of d81b877e8a
2018-05-28 11:44:50,913 REINFORCEMENT SENT state
2018-05-28 11:44:51,452 RF found but not transmitted
2018-05-28 11:44:51,516 RCV proposal
2018-05-28 11:44:51,519 appended honest propose f255e9a16e on top of 67cc28fc3e
2018-05-28 11:44:51,603 RCV reinforcement
2018-05-28 11:44:51,621 RCV reinforcement
2018-05-28 11:44:51,960 RF found but not transmitted
2018-05-28 11:44:52,388 RCV commit
2018-05-28 11:44:52,389 appended malicious commit 6375cd12c1 on top of 1668834517
2018-05-28 11:44:52,389 Weight: 39.009324552631355 #RFs 0
2018-05-28 11:44:52,389 weight: 39.009324552631355
2018-05-28 11:44:52,390 , 39.009324552631355
2018-05-28 11:44:52,390 MALICIOUS MINING state
2018-05-28 11:44:52,390 start mining - depth 12
2018-05-28 11:44:52,390 start mining - hash 6375cd12c1241603b6d1d29ddb4d97d5992faf490b2a4c2b6b9d6d17a6219890
2018-05-28 11:44:52,439 RCV reinforcement info
2018-05-28 11:44:52,442 RF found but not transmitted
2018-05-28 11:44:52,542 RCV reinforcement
2018-05-28 11:44:52,927 RCV reinforcement info
2018-05-28 11:44:53,024 RCV reinforcement
2018-05-28 11:44:53,111 RCV commit
2018-05-28 11:44:53,170 appended honest commit 47065827ed on top of f255e9a16e
2018-05-28 11:44:53,238 Weight: 58.694323040531195 #RFs 15
2018-05-28 11:44:53,238 weight: 58.694323040531195
2018-05-28 11:44:53,241 , 58.694323040531195
2018-05-28 11:44:53,258 RF found but not transmitted
2018-05-28 11:44:53,336 RF found but not transmitted
2018-05-28 11:44:53,780 RF found but not transmitted
2018-05-28 11:44:54,365 RCV proposal
2018-05-28 11:44:54,368 appended honest propose 744e0a031f on top of 47065827ed
2018-05-28 11:44:54,972 RCV reinforcement info
2018-05-28 11:44:55,065 RCV reinforcement
2018-05-28 11:44:55,520 RF found but not transmitted
2018-05-28 11:44:55,703 RF found but not transmitted
2018-05-28 11:44:55,886 RCV commit
2018-05-28 11:44:55,890 appended honest commit 8648ed4ffe on top of 744e0a031f
2018-05-28 11:44:55,892 Weight: 60.694323040531195 #RFs 1
2018-05-28 11:44:55,892 weight: 60.694323040531195
2018-05-28 11:44:55,892 , 60.694323040531195
2018-05-28 11:44:55,910 RF found but not transmitted
2018-05-28 11:44:56,859 RF found but not transmitted
2018-05-28 11:44:57,277 RF found but not transmitted
2018-05-28 11:44:58,161 RCV reinforcement info
2018-05-28 11:44:58,450 RCV reinforcement info
2018-05-28 11:44:59,359 RF found but not transmitted
2018-05-28 11:44:59,412 RF found but not transmitted
2018-05-28 11:45:00,660 RF found but not transmitted
2018-05-28 11:45:01,009 RF found but not transmitted
2018-05-28 11:45:02,903 RF found but not transmitted
2018-05-28 11:45:03,429 RF found but not transmitted
2018-05-28 11:45:04,046 RCV reinforcement info
2018-05-28 11:45:04,500 RCV reinforcement info
2018-05-28 11:45:05,030 RF found but not transmitted
2018-05-28 11:45:05,298 RCV proposal
2018-05-28 11:45:05,300 appended honest propose 96a9e7c280 on top of 8648ed4ffe
2018-05-28 11:45:05,409 RCV reinforcement
2018-05-28 11:45:05,424 RCV reinforcement
2018-05-28 11:45:05,459 RF found but not transmitted
2018-05-28 11:45:05,888 RF found but not transmitted
2018-05-28 11:45:06,115 RCV reinforcement info
2018-05-28 11:45:06,263 RCV reinforcement
2018-05-28 11:45:06,430 RF found but not transmitted
2018-05-28 11:45:06,847 RCV reinforcement info
2018-05-28 11:45:06,902 RCV commit
2018-05-28 11:45:06,930 appended honest commit 27904344aa on top of 96a9e7c280
2018-05-28 11:45:06,943 Weight: 62.867797736780496 #RFs 4
2018-05-28 11:45:06,943 weight: 62.867797736780496
2018-05-28 11:45:06,943 , 62.867797736780496
2018-05-28 11:45:07,008 RCV reinforcement
2018-05-28 11:45:07,034 RF found but not transmitted
2018-05-28 11:45:07,035 hash found
2018-05-28 11:45:07,038 appended malicious propose a62679f552 on top of 6375cd12c1
2018-05-28 11:45:07,038 REINFORCEMENT COLLECTING state
2018-05-28 11:45:07,158 SNT proposal
2018-05-28 11:45:07,264 RF found but not transmitted
2018-05-28 11:45:07,370 RCV reinforcement
2018-05-28 11:45:07,389 RCV reinforcement
2018-05-28 11:45:07,705 RF found but not transmitted
2018-05-28 11:45:07,939 RCV reinforcement info
2018-05-28 11:45:07,940 RF found but not transmitted
2018-05-28 11:45:07,959 RCV reinforcement info
2018-05-28 11:45:08,522 RF found but not transmitted
2018-05-28 11:45:08,616 RF found but not transmitted
2018-05-28 11:45:08,618 SNT reinforcement
2018-05-28 11:45:08,695 commit with 3 reinforcements
2018-05-28 11:45:08,718 appended malicious commit 05dfe33b1f on top of a62679f552
2018-05-28 11:45:08,747 Weight: 42.076558836211404 #RFs 11
2018-05-28 11:45:08,747 weight: 42.076558836211404
2018-05-28 11:45:08,748 , 42.076558836211404
2018-05-28 11:45:08,750 MALICIOUS MINING state
2018-05-28 11:45:08,750 END: HONEST WIN. 62.867797736780496 against 62.076558836211404
2018-05-28 11:45:08,751 start mining - depth 13
2018-05-28 11:45:08,751 start mining - hash 05dfe33b1f7ccbc0aa313dbcdae3c1920d36966b2b43e32f4533620c5f6ecd33
2018-05-28 11:45:08,758 SNT commit
2018-05-28 11:45:09,461 RCV proposal
2018-05-28 11:45:09,464 appended honest propose 12490897d1 on top of 27904344aa
2018-05-28 11:45:09,590 RCV reinforcement
2018-05-28 11:45:10,132 RCV reinforcement info
2018-05-28 11:45:10,223 RCV reinforcement
2018-05-28 11:45:10,473 RF found but not transmitted
2018-05-28 11:45:10,575 RCV reinforcement info
2018-05-28 11:45:10,680 RCV reinforcement
2018-05-28 11:45:10,965 RCV commit
2018-05-28 11:45:10,992 appended honest commit cbf3c4326e on top of 12490897d1
2018-05-28 11:45:11,004 Weight: 65.1455677467753 #RFs 4
2018-05-28 11:45:11,004 weight: 65.1455677467753
2018-05-28 11:45:11,004 , 65.1455677467753
