2018-05-28 15:52:53,934 ---------------------------------------------------------
2018-05-28 15:52:53,935 MALICIOUS MINING state
2018-05-28 15:52:54,961 start mining - depth 0
2018-05-28 15:52:54,961 start mining - hash 143cdafe7a680cf9c3b026c8777d4fb80dbb4b4c35881a939e46c2d275bd4ae0
2018-05-28 15:52:55,344 RCV reinforcement info
2018-05-28 15:52:56,412 RCV proposal
2018-05-28 15:52:56,415 appended honest propose b8057b7164 on top of 143cdafe7a
2018-05-28 15:52:56,471 RCV reinforcement
2018-05-28 15:52:56,660 RCV reinforcement info
2018-05-28 15:52:56,664 RCV reinforcement info
2018-05-28 15:52:56,722 RCV reinforcement
2018-05-28 15:52:56,748 RCV reinforcement
2018-05-28 15:52:57,369 RCV reinforcement info
2018-05-28 15:52:57,434 RCV reinforcement
2018-05-28 15:52:57,926 RCV reinforcement info
2018-05-28 15:52:57,929 RCV commit
2018-05-28 15:52:57,950 appended honest commit 6031031058 on top of b8057b7164
2018-05-28 15:52:57,967 Weight: 1.560621569876418 #RFs 4
2018-05-28 15:52:57,967 weight: 1.560621569876418
2018-05-28 15:52:57,967 , 1.560621569876418
2018-05-28 15:52:57,969 start mining - depth 1
2018-05-28 15:52:57,970 start mining - hash 6031031058767a21dfd0eaa7090615501f47d09779a3d10dac2e969ffd0eafb2
2018-05-28 15:52:58,033 RCV reinforcement
2018-05-28 15:52:58,364 RCV reinforcement info
2018-05-28 15:53:01,180 RCV reinforcement info
2018-05-28 15:53:01,545 RCV reinforcement info
2018-05-28 15:53:01,585 RF found but not transmitted
2018-05-28 15:53:02,055 RCV proposal
2018-05-28 15:53:02,060 appended honest propose 1e0c54df04 on top of 6031031058
2018-05-28 15:53:02,133 RCV reinforcement
2018-05-28 15:53:02,137 RCV reinforcement
2018-05-28 15:53:02,155 RCV reinforcement info
2018-05-28 15:53:02,217 RCV reinforcement
2018-05-28 15:53:02,239 RCV reinforcement info
2018-05-28 15:53:02,301 RCV reinforcement
2018-05-28 15:53:02,995 RCV reinforcement info
2018-05-28 15:53:03,057 RCV reinforcement
2018-05-28 15:53:03,258 RF found but not transmitted
2018-05-28 15:53:03,580 RCV commit
2018-05-28 15:53:03,598 appended honest commit d4b7b6f32e on top of 1e0c54df04
2018-05-28 15:53:03,618 Weight: 3.5772843850856493 #RFs 5
2018-05-28 15:53:03,619 weight: 3.5772843850856493
2018-05-28 15:53:03,619 , 3.5772843850856493
2018-05-28 15:53:03,619 start mining - depth 2
2018-05-28 15:53:03,620 start mining - hash d4b7b6f32eec0746c0e104cca011bdc1f581c92ca60be9ee521eccbdc4e0b677
2018-05-28 15:53:04,170 RCV reinforcement info
2018-05-28 15:53:05,119 RCV reinforcement info
2018-05-28 15:53:05,700 RCV reinforcement info
2018-05-28 15:53:06,023 RCV reinforcement info
2018-05-28 15:53:06,585 RF found but not transmitted
2018-05-28 15:53:06,806 RCV reinforcement info
2018-05-28 15:53:07,262 RCV reinforcement info
2018-05-28 15:53:07,695 RCV reinforcement info
2018-05-28 15:53:11,226 RCV reinforcement info
2018-05-28 15:53:13,235 RF found but not transmitted
2018-05-28 15:53:13,753 RF found but not transmitted
2018-05-28 15:53:17,722 RCV reinforcement info
2018-05-28 15:53:19,456 RCV reinforcement info
2018-05-28 15:53:19,915 RCV reinforcement info
2018-05-28 15:53:20,384 RCV reinforcement info
2018-05-28 15:53:20,549 RCV reinforcement info
2018-05-28 15:53:20,984 RCV reinforcement info
2018-05-28 15:53:21,030 RCV reinforcement info
2018-05-28 15:53:22,600 RCV reinforcement info
2018-05-28 15:53:23,085 RCV reinforcement info
2018-05-28 15:53:24,964 RF found but not transmitted
2018-05-28 15:53:25,058 RCV reinforcement info
2018-05-28 15:53:26,446 RCV reinforcement info
2018-05-28 15:53:28,650 RCV malicious_prop_agreement
2018-05-28 15:53:29,137 RF found but not transmitted
2018-05-28 15:53:29,202 RCV reinforcement info
2018-05-28 15:53:29,212 RCV reinforcement info
2018-05-28 15:53:30,094 RCV reinforcement info
2018-05-28 15:53:30,319 RF found but not transmitted
2018-05-28 15:53:30,633 RCV reinforcement info
2018-05-28 15:53:30,767 RF found but not transmitted
2018-05-28 15:53:32,351 RCV reinforcement info
2018-05-28 15:53:33,883 RCV reinforcement info
2018-05-28 15:53:34,053 RF found but not transmitted
2018-05-28 15:53:34,492 RCV reinforcement info
2018-05-28 15:53:34,859 RCV reinforcement info
2018-05-28 15:53:35,051 RCV reinforcement info
2018-05-28 15:53:35,766 RF found but not transmitted
2018-05-28 15:53:35,998 RCV reinforcement info
2018-05-28 15:53:36,359 RCV reinforcement info
2018-05-28 15:53:37,741 RCV proposal
2018-05-28 15:53:37,744 appended honest propose 39b250c6fb on top of d4b7b6f32e
2018-05-28 15:53:37,821 RCV reinforcement
2018-05-28 15:53:37,831 RCV reinforcement
2018-05-28 15:53:37,842 RCV reinforcement
2018-05-28 15:53:39,348 RCV commit
2018-05-28 15:53:39,459 appended honest commit 46d2f1f535 on top of 39b250c6fb
2018-05-28 15:53:39,575 Weight: 9.411187455633007 #RFs 30
2018-05-28 15:53:39,576 weight: 9.411187455633007
2018-05-28 15:53:39,576 , 9.411187455633007
2018-05-28 15:53:39,680 RCV proposal
2018-05-28 15:53:39,684 appended malicious propose 10e5f4bd04 on top of d4b7b6f32e
2018-05-28 15:53:39,684 REINFORCEMENT SENT state
2018-05-28 15:53:39,685 SNT reinforcement
2018-05-28 15:53:39,757 RCV reinforcement
2018-05-28 15:53:40,929 RCV reinforcement info
2018-05-28 15:53:41,275 RCV commit
2018-05-28 15:53:41,393 appended malicious commit 2bdba97888 on top of 10e5f4bd04
2018-05-28 15:53:41,471 Weight: 8.720442103421973 #RFs 27
2018-05-28 15:53:41,471 weight: 8.720442103421973
2018-05-28 15:53:41,471 , 8.720442103421973
2018-05-28 15:53:41,472 MALICIOUS MINING state
2018-05-28 15:53:41,472 start mining - depth 3
2018-05-28 15:53:41,473 start mining - hash 2bdba97888df29b8a0168c8e3922894371c9892980112af977e126365f9bcad1
2018-05-28 15:53:43,304 RCV reinforcement info
2018-05-28 15:53:44,464 RCV reinforcement info
2018-05-28 15:53:48,168 RCV proposal
2018-05-28 15:53:48,171 appended honest propose b73ad07c03 on top of 46d2f1f535
2018-05-28 15:53:48,237 RCV reinforcement
2018-05-28 15:53:48,241 RCV reinforcement
2018-05-28 15:53:49,104 RCV reinforcement info
2018-05-28 15:53:49,161 RCV reinforcement
2018-05-28 15:53:49,684 RCV commit
2018-05-28 15:53:49,703 appended honest commit 6b1ac798c4 on top of b73ad07c03
2018-05-28 15:53:49,711 Weight: 11.791500124924944 #RFs 4
2018-05-28 15:53:49,712 weight: 11.791500124924944
2018-05-28 15:53:49,712 , 11.791500124924944
2018-05-28 15:53:49,730 RF found but not transmitted
2018-05-28 15:53:49,805 RF found but not transmitted
2018-05-28 15:53:50,721 RCV reinforcement info
2018-05-28 15:53:50,984 RCV reinforcement info
2018-05-28 15:53:52,702 RCV reinforcement info
2018-05-28 15:53:52,824 RCV reinforcement info
2018-05-28 15:53:53,190 RCV reinforcement info
2018-05-28 15:53:53,211 RCV proposal
2018-05-28 15:53:53,216 appended malicious propose 4bd46d1790 on top of 2bdba97888
2018-05-28 15:53:53,217 REINFORCEMENT SENT state
2018-05-28 15:53:53,219 SNT reinforcement
2018-05-28 15:53:53,283 RCV reinforcement
2018-05-28 15:53:53,466 RCV reinforcement
2018-05-28 15:53:54,210 RCV reinforcement
2018-05-28 15:53:54,499 RCV reinforcement
2018-05-28 15:53:54,505 RCV reinforcement info
2018-05-28 15:53:54,748 RCV commit
2018-05-28 15:53:54,774 appended malicious commit d2ecc07f88 on top of 4bd46d1790
2018-05-28 15:53:54,793 Weight: 10.440846523126337 #RFs 6
2018-05-28 15:53:54,793 weight: 10.440846523126337
2018-05-28 15:53:54,794 , 10.440846523126337
2018-05-28 15:53:54,795 MALICIOUS MINING state
2018-05-28 15:53:54,799 start mining - depth 4
2018-05-28 15:53:54,800 start mining - hash d2ecc07f88a7562333157a21e870af065fdc54b811e213618bfb7c51e06d64b4
2018-05-28 15:53:54,800 Hashing frequency: 3256
2018-05-28 15:53:56,010 RCV reinforcement info
2018-05-28 15:53:56,811 RCV reinforcement info
2018-05-28 15:53:57,158 RCV reinforcement info
2018-05-28 15:53:57,349 RCV reinforcement info
2018-05-28 15:53:57,854 RF found but not transmitted
2018-05-28 15:53:58,577 RCV reinforcement info
2018-05-28 15:54:00,812 RCV reinforcement info
2018-05-28 15:54:01,487 RF found but not transmitted
2018-05-28 15:54:02,030 RF found but not transmitted
2018-05-28 15:54:05,200 RCV reinforcement info
2018-05-28 15:54:05,524 RF found but not transmitted
2018-05-28 15:54:05,563 RCV reinforcement info
2018-05-28 15:54:06,300 RCV reinforcement info
2018-05-28 15:54:07,411 RCV reinforcement info
2018-05-28 15:54:12,153 RCV proposal
2018-05-28 15:54:12,156 appended malicious propose 400361d400 on top of d2ecc07f88
2018-05-28 15:54:12,156 REINFORCEMENT SENT state
2018-05-28 15:54:12,157 SNT reinforcement
2018-05-28 15:54:12,236 RCV reinforcement info
2018-05-28 15:54:12,249 RCV reinforcement
2018-05-28 15:54:12,520 RF found but not transmitted
2018-05-28 15:54:12,523 SNT reinforcement
2018-05-28 15:54:12,925 RCV reinforcement
2018-05-28 15:54:13,689 RCV commit
2018-05-28 15:54:13,724 appended malicious commit d58848864c on top of 400361d400
2018-05-28 15:54:13,772 Weight: 14.958885211457478 #RFs 11
2018-05-28 15:54:13,772 weight: 14.958885211457478
2018-05-28 15:54:13,772 , 14.958885211457478
2018-05-28 15:54:13,772 MALICIOUS MINING state
2018-05-28 15:54:13,773 start mining - depth 5
2018-05-28 15:54:13,773 start mining - hash d58848864cea34d9790cceb191bbe6af4cf867013d5e52b1cc62b5830ebce0b3
2018-05-28 15:54:13,964 RCV reinforcement info
2018-05-28 15:54:15,909 RCV reinforcement info
2018-05-28 15:54:16,248 RCV reinforcement info
2018-05-28 15:54:16,369 RCV reinforcement info
2018-05-28 15:54:18,236 RCV reinforcement info
2018-05-28 15:54:18,731 RF found but not transmitted
2018-05-28 15:54:19,169 RCV reinforcement info
2018-05-28 15:54:19,689 RCV reinforcement info
2018-05-28 15:54:20,826 RCV reinforcement info
2018-05-28 15:54:21,676 RCV reinforcement info
2018-05-28 15:54:24,001 RCV reinforcement info
2018-05-28 15:54:24,037 RCV reinforcement info
2018-05-28 15:54:24,242 RCV reinforcement info
2018-05-28 15:54:24,731 RCV reinforcement info
2018-05-28 15:54:26,039 RCV reinforcement info
2018-05-28 15:54:26,097 RCV reinforcement info
2018-05-28 15:54:26,529 RCV reinforcement info
2018-05-28 15:54:28,525 RF found but not transmitted
2018-05-28 15:54:29,074 RF found but not transmitted
2018-05-28 15:54:29,980 RCV proposal
2018-05-28 15:54:29,983 appended malicious propose 3014c07b91 on top of d58848864c
2018-05-28 15:54:29,983 REINFORCEMENT SENT state
2018-05-28 15:54:29,984 SNT reinforcement
2018-05-28 15:54:30,053 RCV reinforcement
2018-05-28 15:54:30,444 RF found but not transmitted
2018-05-28 15:54:30,447 SNT reinforcement
2018-05-28 15:54:30,536 RCV reinforcement info
2018-05-28 15:54:30,882 RCV reinforcement
2018-05-28 15:54:30,885 RF found but not transmitted
2018-05-28 15:54:30,886 SNT reinforcement
2018-05-28 15:54:31,018 RCV reinforcement info
2018-05-28 15:54:31,533 RCV commit
2018-05-28 15:54:31,604 appended malicious commit e7832f812d on top of 3014c07b91
2018-05-28 15:54:31,630 Weight: 17.76040577709546 #RFs 13
2018-05-28 15:54:31,630 weight: 17.76040577709546
2018-05-28 15:54:31,631 , 17.76040577709546
2018-05-28 15:54:31,633 MALICIOUS MINING state
2018-05-28 15:54:31,634 start mining - depth 6
2018-05-28 15:54:31,634 start mining - hash e7832f812dcc11677bcfd8a0dd3b85f0ffe2e1074e2b3790abc566e10016bfea
2018-05-28 15:54:32,359 RCV reinforcement info
2018-05-28 15:54:32,854 RF found but not transmitted
2018-05-28 15:54:33,589 RF found but not transmitted
2018-05-28 15:54:34,324 RCV reinforcement info
2018-05-28 15:54:35,053 RF found but not transmitted
2018-05-28 15:54:35,709 RCV reinforcement info
2018-05-28 15:54:35,930 RF found but not transmitted
2018-05-28 15:54:37,674 RCV reinforcement info
2018-05-28 15:54:38,757 RCV reinforcement info
2018-05-28 15:54:39,377 RCV reinforcement info
2018-05-28 15:54:40,561 RCV reinforcement info
2018-05-28 15:54:41,483 RCV reinforcement info
2018-05-28 15:54:43,715 RCV reinforcement info
2018-05-28 15:54:44,337 RF found but not transmitted
2018-05-28 15:54:44,399 RCV reinforcement info
2018-05-28 15:54:45,948 RCV proposal
2018-05-28 15:54:45,952 appended honest propose 748c6c991c on top of 6b1ac798c4
2018-05-28 15:54:45,986 RF found but not transmitted
2018-05-28 15:54:46,039 RCV reinforcement
2018-05-28 15:54:46,054 RCV reinforcement
2018-05-28 15:54:46,058 RCV reinforcement
2018-05-28 15:54:47,603 RCV commit
2018-05-28 15:54:47,768 appended honest commit d63c9c6329 on top of 748c6c991c
2018-05-28 15:54:47,914 Weight: 20.48454399571807 #RFs 45
2018-05-28 15:54:47,914 weight: 20.48454399571807
2018-05-28 15:54:47,915 , 20.48454399571807
2018-05-28 15:54:48,587 RCV reinforcement info
2018-05-28 15:54:49,160 RCV reinforcement info
2018-05-28 15:54:50,038 RCV proposal
2018-05-28 15:54:50,042 appended honest propose bf8a120008 on top of d63c9c6329
2018-05-28 15:54:50,102 RCV reinforcement
2018-05-28 15:54:51,102 RCV reinforcement info
2018-05-28 15:54:51,161 RCV reinforcement
2018-05-28 15:54:51,513 RF found but not transmitted
2018-05-28 15:54:51,557 RCV commit
2018-05-28 15:54:51,569 appended honest commit bc7110f16a on top of bf8a120008
2018-05-28 15:54:51,575 Weight: 21.932644954693966 #RFs 3
2018-05-28 15:54:51,576 weight: 21.932644954693966
2018-05-28 15:54:51,576 , 21.932644954693966
2018-05-28 15:54:51,842 RCV reinforcement info
2018-05-28 15:54:52,317 RCV reinforcement info
2018-05-28 15:54:53,565 RCV proposal
2018-05-28 15:54:53,568 appended malicious propose b8fba7c0d8 on top of e7832f812d
2018-05-28 15:54:53,568 REINFORCEMENT SENT state
2018-05-28 15:54:53,569 SNT reinforcement
2018-05-28 15:54:53,657 RCV reinforcement
2018-05-28 15:54:53,974 RF found but not transmitted
2018-05-28 15:54:53,977 SNT reinforcement
2018-05-28 15:54:54,737 RCV reinforcement info
2018-05-28 15:54:54,933 RCV reinforcement info
2018-05-28 15:54:55,166 RCV commit
2018-05-28 15:54:55,244 appended malicious commit 61cfa7497d on top of b8fba7c0d8
2018-05-28 15:54:55,332 Weight: 23.85602765039806 #RFs 23
2018-05-28 15:54:55,332 weight: 23.85602765039806
2018-05-28 15:54:55,332 , 23.85602765039806
2018-05-28 15:54:55,335 MALICIOUS MINING state
2018-05-28 15:54:55,336 start mining - depth 7
2018-05-28 15:54:55,337 start mining - hash 61cfa7497dde66d10e8e1ad7002ebd828ea4675c152e662a82b48f011b9eebf6
2018-05-28 15:54:55,337 Hashing frequency: 3242
2018-05-28 15:54:55,960 RCV reinforcement info
2018-05-28 15:54:56,666 RCV reinforcement info
2018-05-28 15:54:56,855 RCV reinforcement info
2018-05-28 15:54:57,490 RCV reinforcement info
2018-05-28 15:54:57,999 RCV reinforcement info
