2018-05-28 16:22:39,336 ---------------------------------------------------------
2018-05-28 16:22:39,337 MALICIOUS MINING state
2018-05-28 16:22:40,362 start mining - depth 0
2018-05-28 16:22:40,363 start mining - hash d00a8ca0a7e5f1838a46e1b142088655c42dd7519df62f34f3139a9d6cc5a676
2018-05-28 16:22:40,771 RCV reinforcement info
2018-05-28 16:22:40,860 RCV reinforcement info
2018-05-28 16:22:40,979 RCV reinforcement info
2018-05-28 16:22:41,341 RCV reinforcement info
2018-05-28 16:22:41,825 RF found but not transmitted
2018-05-28 16:22:43,742 RCV reinforcement info
2018-05-28 16:22:45,181 RCV reinforcement info
2018-05-28 16:22:45,412 RCV reinforcement info
2018-05-28 16:22:46,620 RCV reinforcement info
2018-05-28 16:22:47,669 RCV reinforcement info
2018-05-28 16:22:47,962 RF found but not transmitted
2018-05-28 16:22:48,837 RCV reinforcement info
2018-05-28 16:22:49,217 RCV reinforcement info
2018-05-28 16:22:50,587 RCV reinforcement info
2018-05-28 16:22:50,921 RF found but not transmitted
2018-05-28 16:22:51,149 RCV reinforcement info
2018-05-28 16:22:53,352 RCV reinforcement info
2018-05-28 16:22:53,440 RCV reinforcement info
2018-05-28 16:22:54,201 RCV reinforcement info
2018-05-28 16:22:54,369 RCV reinforcement info
2018-05-28 16:22:56,687 RCV reinforcement info
2018-05-28 16:22:57,472 RCV reinforcement info
2018-05-28 16:22:57,493 RCV reinforcement info
2018-05-28 16:22:58,164 RCV reinforcement info
2018-05-28 16:23:00,604 RCV reinforcement info
2018-05-28 16:23:03,613 RCV reinforcement info
2018-05-28 16:23:05,304 RCV reinforcement info
2018-05-28 16:23:06,313 RCV reinforcement info
2018-05-28 16:23:06,580 RCV reinforcement info
2018-05-28 16:23:07,133 RCV reinforcement info
2018-05-28 16:23:08,358 RCV reinforcement info
2018-05-28 16:23:09,137 RCV reinforcement info
2018-05-28 16:23:11,352 RCV reinforcement info
2018-05-28 16:23:11,606 RCV reinforcement info
2018-05-28 16:23:12,677 RCV reinforcement info
2018-05-28 16:23:13,568 RCV reinforcement info
2018-05-28 16:23:13,862 RCV reinforcement info
2018-05-28 16:23:14,021 RCV reinforcement info
2018-05-28 16:23:14,071 RCV reinforcement info
2018-05-28 16:23:16,160 RCV reinforcement info
2018-05-28 16:23:17,235 RCV reinforcement info
2018-05-28 16:23:17,428 RCV reinforcement info
2018-05-28 16:23:18,147 RCV reinforcement info
2018-05-28 16:23:18,270 RCV reinforcement info
2018-05-28 16:23:18,838 RCV reinforcement info
2018-05-28 16:23:20,224 RCV reinforcement info
2018-05-28 16:23:22,223 RF found but not transmitted
2018-05-28 16:23:22,793 RCV reinforcement info
2018-05-28 16:23:22,814 RCV reinforcement info
2018-05-28 16:23:25,152 RCV reinforcement info
2018-05-28 16:23:25,734 RCV reinforcement info
2018-05-28 16:23:25,849 RCV reinforcement info
2018-05-28 16:23:26,816 RCV reinforcement info
2018-05-28 16:23:27,352 RCV reinforcement info
2018-05-28 16:23:27,391 RCV reinforcement info
2018-05-28 16:23:28,040 RCV reinforcement info
2018-05-28 16:23:31,557 RCV reinforcement info
2018-05-28 16:23:34,655 RCV reinforcement info
2018-05-28 16:23:35,554 RCV reinforcement info
2018-05-28 16:23:38,444 RCV reinforcement info
2018-05-28 16:23:38,525 RCV reinforcement info
2018-05-28 16:23:38,656 RCV reinforcement info
2018-05-28 16:23:39,124 RCV reinforcement info
2018-05-28 16:23:39,558 RCV reinforcement info
2018-05-28 16:23:39,595 RCV reinforcement info
2018-05-28 16:23:40,469 RF found but not transmitted
2018-05-28 16:23:43,474 RCV reinforcement info
2018-05-28 16:23:44,408 RCV proposal
2018-05-28 16:23:44,411 appended honest propose e8786eb945 on top of d00a8ca0a7
2018-05-28 16:23:44,479 RCV reinforcement
2018-05-28 16:23:44,491 RCV reinforcement
2018-05-28 16:23:44,495 RCV reinforcement
2018-05-28 16:23:44,607 RCV reinforcement info
2018-05-28 16:23:44,659 RCV reinforcement
2018-05-28 16:23:44,708 RCV reinforcement info
2018-05-28 16:23:44,768 RCV reinforcement
2018-05-28 16:23:44,773 RCV reinforcement info
2018-05-28 16:23:44,833 RCV reinforcement
2018-05-28 16:23:44,896 RCV reinforcement info
2018-05-28 16:23:44,960 RCV reinforcement
2018-05-28 16:23:45,035 RF found but not transmitted
2018-05-28 16:23:46,085 RCV commit
2018-05-28 16:23:46,312 appended honest commit 765ad6dde5 on top of e8786eb945
2018-05-28 16:23:46,506 Weight: 11.363790130193669 #RFs 65
2018-05-28 16:23:46,507 weight: 11.363790130193669
2018-05-28 16:23:46,507 , 11.363790130193669
2018-05-28 16:23:46,507 start mining - depth 1
2018-05-28 16:23:46,508 start mining - hash 765ad6dde502db89425227d1c088231d0a0b1bb2d7080622d42fae8dda79419e
2018-05-28 16:23:46,523 Hashing frequency: 3636
2018-05-28 16:23:46,673 RCV reinforcement info
2018-05-28 16:23:47,367 RCV reinforcement info
2018-05-28 16:23:48,269 RCV reinforcement info
2018-05-28 16:23:50,441 RCV proposal
2018-05-28 16:23:50,446 appended honest propose f3220cf9f5 on top of 765ad6dde5
2018-05-28 16:23:50,510 RCV reinforcement
2018-05-28 16:23:50,514 RCV reinforcement
2018-05-28 16:23:51,329 RF found but not transmitted
2018-05-28 16:23:51,675 RCV reinforcement info
2018-05-28 16:23:51,733 RCV reinforcement
2018-05-28 16:23:51,964 RCV commit
2018-05-28 16:23:51,979 appended honest commit d0789b0c0b on top of f3220cf9f5
2018-05-28 16:23:51,988 Weight: 13.406396720123787 #RFs 4
2018-05-28 16:23:51,988 weight: 13.406396720123787
2018-05-28 16:23:51,988 , 13.406396720123787
2018-05-28 16:23:52,407 RCV reinforcement info
2018-05-28 16:23:53,704 RCV reinforcement info
2018-05-28 16:23:53,968 RCV reinforcement info
2018-05-28 16:23:55,565 RCV reinforcement info
2018-05-28 16:23:57,301 RCV reinforcement info
2018-05-28 16:23:58,043 RCV reinforcement info
2018-05-28 16:23:58,330 RCV proposal
2018-05-28 16:23:58,332 appended honest propose ecfd9864a4 on top of d0789b0c0b
2018-05-28 16:23:58,416 RCV reinforcement
2018-05-28 16:23:58,420 RCV reinforcement
2018-05-28 16:23:58,429 RCV reinforcement
2018-05-28 16:23:58,542 RCV reinforcement info
2018-05-28 16:23:58,592 RCV reinforcement
2018-05-28 16:23:59,058 RCV reinforcement info
2018-05-28 16:23:59,115 RCV reinforcement
2018-05-28 16:23:59,288 RCV reinforcement info
2018-05-28 16:23:59,346 RCV reinforcement
2018-05-28 16:23:59,875 RCV commit
2018-05-28 16:23:59,910 appended honest commit 5514b6dcd6 on top of ecfd9864a4
2018-05-28 16:23:59,931 Weight: 15.802905437736767 #RFs 9
2018-05-28 16:23:59,931 weight: 15.802905437736767
2018-05-28 16:23:59,931 , 15.802905437736767
2018-05-28 16:24:01,750 RCV reinforcement info
2018-05-28 16:24:02,994 RCV reinforcement info
2018-05-28 16:24:04,841 RCV reinforcement info
2018-05-28 16:24:05,483 RCV reinforcement info
2018-05-28 16:24:05,662 RCV reinforcement info
2018-05-28 16:24:05,821 RCV reinforcement info
2018-05-28 16:24:08,886 RF found but not transmitted
2018-05-28 16:24:09,159 RCV reinforcement info
2018-05-28 16:24:09,198 RCV reinforcement info
2018-05-28 16:24:10,175 RCV proposal
2018-05-28 16:24:10,179 appended malicious propose bf5895e8bf on top of 765ad6dde5
2018-05-28 16:24:10,179 REINFORCEMENT SENT state
2018-05-28 16:24:10,180 SNT reinforcement
2018-05-28 16:24:10,238 RCV reinforcement
2018-05-28 16:24:10,327 RCV reinforcement info
2018-05-28 16:24:10,387 RCV reinforcement info
2018-05-28 16:24:11,134 RCV reinforcement info
2018-05-28 16:24:11,557 RF found but not transmitted
2018-05-28 16:24:11,561 SNT reinforcement
2018-05-28 16:24:11,733 RCV commit
2018-05-28 16:24:11,821 appended malicious commit 980387f141 on top of bf5895e8bf
2018-05-28 16:24:11,872 Weight: 17.415836724619993 #RFs 19
2018-05-28 16:24:11,872 weight: 17.415836724619993
2018-05-28 16:24:11,873 , 17.415836724619993
2018-05-28 16:24:11,873 MALICIOUS MINING state
2018-05-28 16:24:11,874 start mining - depth 2
2018-05-28 16:24:11,874 start mining - hash 980387f1414857749b38a4db11c7f33891347f1cc01425b8431683d3124ac0fd
2018-05-28 16:24:12,174 RCV reinforcement info
2018-05-28 16:24:13,386 RCV reinforcement info
2018-05-28 16:24:15,439 RCV reinforcement info
2018-05-28 16:24:16,348 RCV reinforcement info
2018-05-28 16:24:18,163 RCV reinforcement info
2018-05-28 16:24:18,362 RCV reinforcement info
2018-05-28 16:24:18,777 RF found but not transmitted
2018-05-28 16:24:18,853 RF found but not transmitted
2018-05-28 16:24:19,046 RF found but not transmitted
2018-05-28 16:24:19,227 RCV reinforcement info
2018-05-28 16:24:19,516 RCV reinforcement info
2018-05-28 16:24:20,628 RCV reinforcement info
2018-05-28 16:24:20,635 RF found but not transmitted
2018-05-28 16:24:20,927 RCV reinforcement info
2018-05-28 16:24:22,579 RCV reinforcement info
2018-05-28 16:24:25,280 RCV reinforcement info
2018-05-28 16:24:25,392 RF found but not transmitted
2018-05-28 16:24:25,665 RF found but not transmitted
2018-05-28 16:24:25,675 RCV reinforcement info
2018-05-28 16:24:27,255 RCV reinforcement info
2018-05-28 16:24:27,315 RCV reinforcement info
2018-05-28 16:24:27,451 RCV reinforcement info
2018-05-28 16:24:27,703 RCV reinforcement info
2018-05-28 16:24:29,077 RCV reinforcement info
2018-05-28 16:24:29,655 RCV reinforcement info
2018-05-28 16:24:30,370 RCV reinforcement info
2018-05-28 16:24:31,219 RCV reinforcement info
2018-05-28 16:24:32,121 RCV reinforcement info
2018-05-28 16:24:32,391 RCV reinforcement info
2018-05-28 16:24:32,498 RCV reinforcement info
2018-05-28 16:24:32,656 RCV reinforcement info
2018-05-28 16:24:32,702 RCV proposal
2018-05-28 16:24:32,706 appended malicious propose 771e0f46bf on top of 980387f141
2018-05-28 16:24:32,707 REINFORCEMENT SENT state
2018-05-28 16:24:32,708 SNT reinforcement
2018-05-28 16:24:32,761 RCV reinforcement
2018-05-28 16:24:33,915 RCV reinforcement info
2018-05-28 16:24:33,957 RCV reinforcement
2018-05-28 16:24:34,092 RF found but not transmitted
2018-05-28 16:24:34,095 SNT reinforcement
2018-05-28 16:24:34,222 RCV reinforcement info
2018-05-28 16:24:34,277 RCV commit
2018-05-28 16:24:34,362 appended malicious commit 5bf9243d4d on top of 771e0f46bf
2018-05-28 16:24:34,412 Weight: 22.271954601170236 #RFs 19
2018-05-28 16:24:34,413 weight: 22.271954601170236
2018-05-28 16:24:34,413 , 22.271954601170236
2018-05-28 16:24:34,413 MALICIOUS MINING state
2018-05-28 16:24:34,414 start mining - depth 3
2018-05-28 16:24:34,414 start mining - hash 5bf9243d4df609a56eb6b110ccb4cf2fafd4a1dc19ed3c9da5a4213de9d1cec6
2018-05-28 16:24:34,659 RCV proposal
2018-05-28 16:24:34,662 appended honest propose 68c83aa02d on top of 5514b6dcd6
2018-05-28 16:24:34,723 RCV reinforcement
2018-05-28 16:24:34,730 RCV reinforcement
2018-05-28 16:24:34,752 RCV reinforcement
2018-05-28 16:24:36,249 RCV commit
2018-05-28 16:24:36,385 appended honest commit 10e8d2075d on top of 68c83aa02d
2018-05-28 16:24:36,512 Weight: 23.75231120734476 #RFs 38
2018-05-28 16:24:36,513 weight: 23.75231120734476
2018-05-28 16:24:36,513 , 23.75231120734476
2018-05-28 16:24:40,021 RCV reinforcement info
2018-05-28 16:24:40,787 RCV reinforcement info
2018-05-28 16:24:41,969 RF found but not transmitted
2018-05-28 16:24:43,497 RF found but not transmitted
2018-05-28 16:24:44,513 RCV reinforcement info
2018-05-28 16:24:45,245 RCV reinforcement info
2018-05-28 16:24:45,368 RF found but not transmitted
2018-05-28 16:24:47,460 RCV reinforcement info
2018-05-28 16:24:47,876 RCV reinforcement info
2018-05-28 16:24:48,722 RCV reinforcement info
2018-05-28 16:24:51,230 RCV reinforcement info
2018-05-28 16:24:51,746 RCV proposal
2018-05-28 16:24:51,749 appended honest propose 71397fc48d on top of 10e8d2075d
2018-05-28 16:24:51,821 RCV reinforcement
2018-05-28 16:24:51,825 RCV reinforcement
2018-05-28 16:24:51,829 RCV reinforcement
2018-05-28 16:24:51,891 RCV reinforcement info
2018-05-28 16:24:51,942 RCV reinforcement
2018-05-28 16:24:53,282 RCV commit
2018-05-28 16:24:53,313 appended honest commit 98bc3e5757 on top of 71397fc48d
2018-05-28 16:24:53,338 Weight: 26.392975757561647 #RFs 8
2018-05-28 16:24:53,339 weight: 26.392975757561647
2018-05-28 16:24:53,339 , 26.392975757561647
2018-05-28 16:24:53,501 RCV reinforcement info
2018-05-28 16:24:55,291 RCV reinforcement info
2018-05-28 16:24:55,393 RCV reinforcement info
2018-05-28 16:24:55,716 RCV reinforcement info
2018-05-28 16:25:00,959 RCV reinforcement info
2018-05-28 16:25:03,728 RCV proposal
2018-05-28 16:25:03,733 appended honest propose 430ee451e6 on top of 98bc3e5757
2018-05-28 16:25:03,802 RCV reinforcement
2018-05-28 16:25:03,811 RCV reinforcement
2018-05-28 16:25:04,242 RCV reinforcement info
2018-05-28 16:25:04,303 RCV reinforcement
2018-05-28 16:25:05,096 RCV reinforcement info
2018-05-28 16:25:05,154 RCV reinforcement
2018-05-28 16:25:05,265 RCV commit
2018-05-28 16:25:05,305 appended honest commit c15b367ede on top of 430ee451e6
2018-05-28 16:25:05,324 Weight: 28.298630696202512 #RFs 6
2018-05-28 16:25:05,324 weight: 28.298630696202512
2018-05-28 16:25:05,325 , 28.298630696202512
2018-05-28 16:25:06,171 RCV reinforcement info
2018-05-28 16:25:06,333 RCV reinforcement info
2018-05-28 16:25:08,990 RCV reinforcement info
2018-05-28 16:25:10,087 RCV reinforcement info
2018-05-28 16:25:10,376 RCV reinforcement info
2018-05-28 16:25:11,081 RCV reinforcement info
2018-05-28 16:25:11,557 RCV proposal
2018-05-28 16:25:11,560 appended malicious propose 62cc1f9da8 on top of 5bf9243d4d
2018-05-28 16:25:11,561 REINFORCEMENT SENT state
2018-05-28 16:25:11,562 SNT reinforcement
2018-05-28 16:25:11,632 RCV reinforcement
2018-05-28 16:25:11,797 RCV reinforcement info
2018-05-28 16:25:12,340 RCV reinforcement info
2018-05-28 16:25:12,540 RCV reinforcement
2018-05-28 16:25:12,606 RCV reinforcement
2018-05-28 16:25:12,920 RCV reinforcement info
2018-05-28 16:25:13,125 RCV commit
2018-05-28 16:25:13,218 appended malicious commit f915b9d496 on top of 62cc1f9da8
2018-05-28 16:25:13,276 Weight: 25.662113299667915 #RFs 21
2018-05-28 16:25:13,277 weight: 25.662113299667915
2018-05-28 16:25:13,277 , 25.662113299667915
2018-05-28 16:25:13,279 MALICIOUS MINING state
2018-05-28 16:25:13,280 start mining - depth 4
2018-05-28 16:25:13,281 start mining - hash f915b9d49608f39b889b5f558ebfd4feb73de73c6bb952eb2c76ff9894a41a60
2018-05-28 16:25:13,282 Hashing frequency: 4708
2018-05-28 16:25:13,286 RCV reinforcement info
2018-05-28 16:25:14,247 RF found but not transmitted
2018-05-28 16:25:17,031 RCV reinforcement info
2018-05-28 16:25:17,518 RCV reinforcement info
2018-05-28 16:25:17,865 RF found but not transmitted
2018-05-28 16:25:17,866 hash found
2018-05-28 16:25:17,869 appended malicious propose b00d2f06ae on top of f915b9d496
2018-05-28 16:25:17,869 REINFORCEMENT COLLECTING state
2018-05-28 16:25:17,949 SNT proposal
2018-05-28 16:25:18,093 RCV reinforcement
2018-05-28 16:25:18,098 RCV reinforcement
2018-05-28 16:25:18,491 RCV reinforcement info
2018-05-28 16:25:18,599 RCV reinforcement info
2018-05-28 16:25:19,267 RCV reinforcement info
2018-05-28 16:25:19,452 commit with 3 reinforcements
2018-05-28 16:25:19,459 appended malicious commit 72c4e610a7 on top of b00d2f06ae
2018-05-28 16:25:19,463 Weight: 27.174596846060023 #RFs 3
2018-05-28 16:25:19,464 weight: 27.174596846060023
2018-05-28 16:25:19,464 , 27.174596846060023
2018-05-28 16:25:19,464 MALICIOUS MINING state
2018-05-28 16:25:19,464 start mining - depth 5
2018-05-28 16:25:19,464 start mining - hash 72c4e610a7797ebe55936618b597146ba2f00784e62f16808dccb4e948b4ff54
2018-05-28 16:25:19,465 SNT commit
2018-05-28 16:25:20,001 RCV reinforcement info
2018-05-28 16:25:20,633 RCV reinforcement info
2018-05-28 16:25:21,374 RF found but not transmitted
2018-05-28 16:25:21,945 RF found but not transmitted
2018-05-28 16:25:22,924 RF found but not transmitted
2018-05-28 16:25:23,156 RCV reinforcement info
2018-05-28 16:25:23,322 RF found but not transmitted
2018-05-28 16:25:23,408 RCV reinforcement info
2018-05-28 16:25:24,809 RCV reinforcement info
2018-05-28 16:25:26,432 RCV reinforcement info
2018-05-28 16:25:27,024 RCV reinforcement info
2018-05-28 16:25:27,670 RCV reinforcement info
2018-05-28 16:25:27,720 RCV reinforcement info
2018-05-28 16:25:28,437 RF found but not transmitted
2018-05-28 16:25:29,346 RCV reinforcement info
2018-05-28 16:25:30,458 RCV reinforcement info
2018-05-28 16:25:33,741 RF found but not transmitted
2018-05-28 16:25:33,961 RCV reinforcement info
2018-05-28 16:25:35,344 RCV reinforcement info
2018-05-28 16:25:35,507 RF found but not transmitted
2018-05-28 16:25:37,214 RF found but not transmitted
2018-05-28 16:25:41,266 RCV reinforcement info
2018-05-28 16:25:41,355 RCV reinforcement info
2018-05-28 16:25:42,984 RF found but not transmitted
2018-05-28 16:25:43,824 RF found but not transmitted
2018-05-28 16:25:44,266 RF found but not transmitted
2018-05-28 16:25:45,478 RCV reinforcement info
2018-05-28 16:25:45,644 RCV reinforcement info
2018-05-28 16:25:46,310 RCV reinforcement info
2018-05-28 16:25:47,695 RF found but not transmitted
2018-05-28 16:25:49,194 RF found but not transmitted
2018-05-28 16:25:49,733 RCV reinforcement info
2018-05-28 16:25:50,122 RCV reinforcement info
2018-05-28 16:25:50,187 RCV reinforcement info
2018-05-28 16:25:52,158 RCV reinforcement info
2018-05-28 16:25:52,354 RF found but not transmitted
2018-05-28 16:25:52,355 hash found
2018-05-28 16:25:52,358 appended malicious propose 377b40a280 on top of 72c4e610a7
2018-05-28 16:25:52,358 REINFORCEMENT COLLECTING state
2018-05-28 16:25:52,425 SNT proposal
2018-05-28 16:25:52,500 RCV reinforcement info
2018-05-28 16:25:52,510 RCV reinforcement info
2018-05-28 16:25:52,584 RCV reinforcement info
2018-05-28 16:25:52,593 RCV reinforcement
2018-05-28 16:25:52,609 RCV reinforcement
2018-05-28 16:25:52,681 RCV reinforcement info
2018-05-28 16:25:53,120 RCV reinforcement
2018-05-28 16:25:53,578 RF found but not transmitted
2018-05-28 16:25:53,930 commit with 3 reinforcements
2018-05-28 16:25:53,958 RF found but not transmitted
2018-05-28 16:25:53,961 appended malicious commit b908662272 on top of 377b40a280
2018-05-28 16:25:53,990 Weight: 31.65292599147173 #RFs 21
2018-05-28 16:25:53,990 weight: 31.65292599147173
2018-05-28 16:25:53,990 , 31.65292599147173
2018-05-28 16:25:53,992 MALICIOUS MINING state
2018-05-28 16:25:53,993 start mining - depth 6
2018-05-28 16:25:53,995 start mining - hash b90866227247c044fece92279ca5c5037292a76944c9b64d54d6024fae3d8387
2018-05-28 16:25:53,996 SNT commit
2018-05-28 16:25:54,296 RCV reinforcement info
2018-05-28 16:25:54,358 RCV reinforcement info
2018-05-28 16:25:54,489 RF found but not transmitted
2018-05-28 16:25:54,491 hash found
2018-05-28 16:25:54,498 RF found but not transmitted
2018-05-28 16:25:54,500 appended malicious propose cddec40ef1 on top of b908662272
2018-05-28 16:25:54,500 REINFORCEMENT COLLECTING state
2018-05-28 16:25:54,500 SNT proposal
2018-05-28 16:25:54,974 RF found but not transmitted
2018-05-28 16:25:55,326 RCV reinforcement info
2018-05-28 16:25:55,470 RF found but not transmitted
2018-05-28 16:25:55,783 RCV reinforcement info
2018-05-28 16:25:55,947 RCV reinforcement
2018-05-28 16:25:56,005 commit with 1 reinforcements
2018-05-28 16:25:56,010 appended malicious commit 67ff0772e5 on top of cddec40ef1
2018-05-28 16:25:56,013 Weight: 33.142334548321955 #RFs 1
2018-05-28 16:25:56,013 weight: 33.142334548321955
2018-05-28 16:25:56,015 , 33.142334548321955
2018-05-28 16:25:56,016 MALICIOUS MINING state
2018-05-28 16:25:56,016 start mining - depth 7
2018-05-28 16:25:56,016 start mining - hash 67ff0772e5b7350d9f4633f4668a8cc10d4ee2fe48fd0479fb398d870f3db5dc
2018-05-28 16:25:56,017 SNT commit
2018-05-28 16:25:56,605 RCV reinforcement info
2018-05-28 16:25:56,750 RCV reinforcement info
2018-05-28 16:25:56,847 RF found but not transmitted
2018-05-28 16:25:56,915 RCV proposal
2018-05-28 16:25:56,918 appended honest propose d0570bd435 on top of c15b367ede
2018-05-28 16:25:56,992 RCV reinforcement
2018-05-28 16:25:57,018 RCV reinforcement
2018-05-28 16:25:57,032 RCV reinforcement
2018-05-28 16:25:57,208 RF found but not transmitted
2018-05-28 16:25:58,233 RF found but not transmitted
2018-05-28 16:25:58,237 hash found
2018-05-28 16:25:58,240 appended malicious propose 0e3d4bb29d on top of 67ff0772e5
2018-05-28 16:25:58,240 REINFORCEMENT COLLECTING state
2018-05-28 16:25:58,240 SNT proposal
2018-05-28 16:25:58,558 RCV commit
2018-05-28 16:25:58,717 appended honest commit 9a51c748d2 on top of d0570bd435
2018-05-28 16:25:58,872 Weight: 38.45079931985326 #RFs 47
2018-05-28 16:25:58,873 weight: 38.45079931985326
2018-05-28 16:25:58,873 , 38.45079931985326
2018-05-28 16:25:59,746 commit with 0 reinforcements
2018-05-28 16:25:59,748 appended malicious commit 374f1d242a on top of 0e3d4bb29d
2018-05-28 16:25:59,749 Weight: 34.142334548321955 #RFs 0
2018-05-28 16:25:59,750 weight: 34.142334548321955
2018-05-28 16:25:59,750 , 34.142334548321955
2018-05-28 16:25:59,750 MALICIOUS MINING state
2018-05-28 16:25:59,751 start mining - depth 8
2018-05-28 16:25:59,751 start mining - hash 374f1d242aa9fdcf56fd830fc4341e694e41344e2d0e5236826e993001ad7ad9
2018-05-28 16:25:59,752 SNT commit
2018-05-28 16:26:00,760 RF found but not transmitted
2018-05-28 16:26:01,135 RCV reinforcement info
2018-05-28 16:26:01,409 RCV reinforcement info
2018-05-28 16:26:01,658 RF found but not transmitted
2018-05-28 16:26:02,035 RF found but not transmitted
2018-05-28 16:26:02,196 RF found but not transmitted
2018-05-28 16:26:02,977 RF found but not transmitted
2018-05-28 16:26:03,454 RCV reinforcement info
2018-05-28 16:26:03,827 RF found but not transmitted
2018-05-28 16:26:03,829 RF found but not transmitted
2018-05-28 16:26:03,885 RF found but not transmitted
2018-05-28 16:26:04,442 RF found but not transmitted
2018-05-28 16:26:04,602 RCV reinforcement info
2018-05-28 16:26:05,021 RF found but not transmitted
2018-05-28 16:26:05,062 RF found but not transmitted
2018-05-28 16:26:06,117 RCV reinforcement info
2018-05-28 16:26:07,455 RF found but not transmitted
2018-05-28 16:26:07,592 RF found but not transmitted
2018-05-28 16:26:08,912 RF found but not transmitted
2018-05-28 16:26:10,563 RCV reinforcement info
2018-05-28 16:26:11,311 RF found but not transmitted
2018-05-28 16:26:11,312 RF found but not transmitted
2018-05-28 16:26:11,613 RCV proposal
2018-05-28 16:26:11,618 appended honest propose f2f92e664d on top of 9a51c748d2
2018-05-28 16:26:11,694 RCV reinforcement
2018-05-28 16:26:11,710 RCV reinforcement
2018-05-28 16:26:11,730 RCV reinforcement
2018-05-28 16:26:11,955 RCV reinforcement info
2018-05-28 16:26:12,013 RCV reinforcement
2018-05-28 16:26:12,822 RF found but not transmitted
2018-05-28 16:26:12,952 RF found but not transmitted
2018-05-28 16:26:13,060 RF found but not transmitted
2018-05-28 16:26:13,141 RCV commit
2018-05-28 16:26:13,161 appended honest commit 7e5f8d698a on top of f2f92e664d
2018-05-28 16:26:13,206 Weight: 40.78145972914621 #RFs 7
2018-05-28 16:26:13,207 weight: 40.78145972914621
2018-05-28 16:26:13,207 , 40.78145972914621
2018-05-28 16:26:13,415 RCV reinforcement info
2018-05-28 16:26:13,468 RCV reinforcement info
2018-05-28 16:26:14,831 RCV reinforcement info
2018-05-28 16:26:15,444 RCV reinforcement info
2018-05-28 16:26:15,596 RCV reinforcement info
2018-05-28 16:26:16,321 RCV reinforcement info
2018-05-28 16:26:16,658 RF found but not transmitted
2018-05-28 16:26:17,162 RCV reinforcement info
2018-05-28 16:26:17,190 RCV reinforcement info
2018-05-28 16:26:17,500 RF found but not transmitted
2018-05-28 16:26:17,725 RF found but not transmitted
2018-05-28 16:26:17,757 RCV reinforcement info
2018-05-28 16:26:18,072 RF found but not transmitted
2018-05-28 16:26:18,255 RF found but not transmitted
2018-05-28 16:26:18,561 RCV reinforcement info
2018-05-28 16:26:20,232 RF found but not transmitted
2018-05-28 16:26:20,804 RCV reinforcement info
2018-05-28 16:26:20,816 RF found but not transmitted
2018-05-28 16:26:21,442 RCV reinforcement info
2018-05-28 16:26:21,480 RCV reinforcement info
2018-05-28 16:26:22,174 RF found but not transmitted
2018-05-28 16:26:23,349 RF found but not transmitted
2018-05-28 16:26:23,483 RF found but not transmitted
2018-05-28 16:26:23,513 RCV proposal
2018-05-28 16:26:23,516 appended malicious propose 2e94b0a690 on top of 374f1d242a
2018-05-28 16:26:23,516 REINFORCEMENT SENT state
2018-05-28 16:26:23,517 SNT reinforcement
2018-05-28 16:26:23,591 RCV reinforcement
2018-05-28 16:26:23,595 RF found but not transmitted
2018-05-28 16:26:23,685 RCV reinforcement info
2018-05-28 16:26:23,818 RCV reinforcement info
2018-05-28 16:26:25,071 RCV commit
2018-05-28 16:26:25,110 appended malicious commit da9c5d1ffd on top of 2e94b0a690
2018-05-28 16:26:25,155 Weight: 37.80985920810144 #RFs 14
2018-05-28 16:26:25,155 weight: 37.80985920810144
2018-05-28 16:26:25,155 , 37.80985920810144
2018-05-28 16:26:25,158 MALICIOUS MINING state
2018-05-28 16:26:25,158 start mining - depth 9
2018-05-28 16:26:25,159 start mining - hash da9c5d1ffd96a637b73bd1dfb3276e1cff73729ba63e0739f77c5afb412cf0c7
2018-05-28 16:26:25,169 Hashing frequency: 11849
2018-05-28 16:26:25,639 RF found but not transmitted
2018-05-28 16:26:27,873 RCV reinforcement info
2018-05-28 16:26:27,891 RCV reinforcement info
2018-05-28 16:26:28,389 RCV reinforcement info
2018-05-28 16:26:28,772 RCV reinforcement info
2018-05-28 16:26:29,492 RF found but not transmitted
2018-05-28 16:26:29,775 RF found but not transmitted
2018-05-28 16:26:30,277 RCV reinforcement info
2018-05-28 16:26:31,292 RF found but not transmitted
2018-05-28 16:26:31,703 RF found but not transmitted
2018-05-28 16:26:32,058 RF found but not transmitted
2018-05-28 16:26:33,104 RF found but not transmitted
2018-05-28 16:26:33,236 RCV reinforcement info
2018-05-28 16:26:33,588 RCV reinforcement info
2018-05-28 16:26:33,898 RF found but not transmitted
2018-05-28 16:26:34,159 RF found but not transmitted
2018-05-28 16:26:34,296 RF found but not transmitted
2018-05-28 16:26:34,799 RF found but not transmitted
2018-05-28 16:26:36,357 RCV reinforcement info
2018-05-28 16:26:36,401 RCV reinforcement info
2018-05-28 16:26:36,678 RCV reinforcement info
2018-05-28 16:26:36,742 RCV reinforcement info
2018-05-28 16:26:37,467 RCV proposal
2018-05-28 16:26:37,471 appended honest propose 40bbaab1db on top of 7e5f8d698a
2018-05-28 16:26:37,550 RCV reinforcement
2018-05-28 16:26:37,561 RCV reinforcement
2018-05-28 16:26:37,565 RCV reinforcement
2018-05-28 16:26:38,221 RF found but not transmitted
2018-05-28 16:26:38,548 RCV reinforcement info
2018-05-28 16:26:38,617 RCV reinforcement
2018-05-28 16:26:38,991 RCV reinforcement info
2018-05-28 16:26:39,076 RCV reinforcement info
2018-05-28 16:26:39,095 RCV reinforcement
2018-05-28 16:26:39,174 RCV commit
2018-05-28 16:26:39,286 appended honest commit eaada72840 on top of 40bbaab1db
2018-05-28 16:26:39,388 Weight: 46.09261443547217 #RFs 27
2018-05-28 16:26:39,388 weight: 46.09261443547217
2018-05-28 16:26:39,389 , 46.09261443547217
2018-05-28 16:26:39,392 RCV reinforcement
2018-05-28 16:26:39,404 RCV proposal
2018-05-28 16:26:39,407 appended malicious propose 5454ac1adc on top of da9c5d1ffd
2018-05-28 16:26:39,408 REINFORCEMENT SENT state
2018-05-28 16:26:39,409 SNT reinforcement
2018-05-28 16:26:39,539 RCV reinforcement
2018-05-28 16:26:39,742 RF found but not transmitted
2018-05-28 16:26:39,807 RCV reinforcement info
2018-05-28 16:26:40,200 RCV proposal
2018-05-28 16:26:40,204 appended honest propose c8702ae938 on top of eaada72840
2018-05-28 16:26:40,272 RCV reinforcement
2018-05-28 16:26:40,361 RF found but not transmitted
2018-05-28 16:26:40,366 SNT reinforcement
2018-05-28 16:26:40,814 RCV commit
2018-05-28 16:26:40,825 RF found but not transmitted
2018-05-28 16:26:40,850 appended malicious commit 1c13cfd7bd on top of 5454ac1adc
2018-05-28 16:26:40,883 Weight: 40.53391785420304 #RFs 9
2018-05-28 16:26:40,883 weight: 40.53391785420304
2018-05-28 16:26:40,883 , 40.53391785420304
2018-05-28 16:26:40,883 MALICIOUS MINING state
2018-05-28 16:26:40,886 start mining - depth 10
2018-05-28 16:26:40,887 start mining - hash 1c13cfd7bd6bb1f5ac751cbae504d780af4b76ac85820f6ed4392c041b8cc541
2018-05-28 16:26:41,159 RCV reinforcement info
2018-05-28 16:26:41,248 RCV reinforcement
2018-05-28 16:26:41,718 RCV commit
2018-05-28 16:26:41,724 appended honest commit a54fbc7c10 on top of c8702ae938
2018-05-28 16:26:41,735 Weight: 47.36909137874705 #RFs 1
2018-05-28 16:26:41,735 weight: 47.36909137874705
2018-05-28 16:26:41,735 , 47.36909137874705
2018-05-28 16:26:42,069 RCV reinforcement info
2018-05-28 16:26:42,662 RF found but not transmitted
2018-05-28 16:26:43,863 RCV reinforcement info
2018-05-28 16:26:44,207 RCV reinforcement info
2018-05-28 16:26:44,437 RF found but not transmitted
2018-05-28 16:26:44,537 RF found but not transmitted
2018-05-28 16:26:45,269 RCV reinforcement info
2018-05-28 16:26:45,418 RF found but not transmitted
2018-05-28 16:26:45,858 RCV reinforcement info
2018-05-28 16:26:46,026 RCV reinforcement info
2018-05-28 16:26:47,206 RCV reinforcement info
2018-05-28 16:26:47,625 RCV reinforcement info
2018-05-28 16:26:48,236 RCV reinforcement info
2018-05-28 16:26:48,765 RF found but not transmitted
2018-05-28 16:26:49,227 RF found but not transmitted
2018-05-28 16:26:49,418 RF found but not transmitted
2018-05-28 16:26:50,204 RF found but not transmitted
2018-05-28 16:26:50,771 RCV proposal
2018-05-28 16:26:50,774 appended honest propose 21f5145f1d on top of a54fbc7c10
2018-05-28 16:26:50,871 RCV reinforcement
2018-05-28 16:26:50,880 RCV reinforcement
2018-05-28 16:26:50,887 RCV reinforcement
2018-05-28 16:26:51,162 RF found but not transmitted
2018-05-28 16:26:52,185 RF found but not transmitted
2018-05-28 16:26:52,202 RF found but not transmitted
2018-05-28 16:26:52,310 RCV commit
2018-05-28 16:26:52,332 appended honest commit eb96476735 on top of 21f5145f1d
2018-05-28 16:26:52,350 Weight: 50.52706768342521 #RFs 9
2018-05-28 16:26:52,350 weight: 50.52706768342521
2018-05-28 16:26:52,350 , 50.52706768342521
2018-05-28 16:26:52,383 RCV reinforcement info
2018-05-28 16:26:52,443 RCV reinforcement
2018-05-28 16:26:52,456 RF found but not transmitted
2018-05-28 16:26:54,375 RCV reinforcement info
2018-05-28 16:26:54,945 RF found but not transmitted
2018-05-28 16:26:54,949 hash found
2018-05-28 16:26:54,954 appended malicious propose 48c43fee53 on top of 1c13cfd7bd
2018-05-28 16:26:54,955 REINFORCEMENT COLLECTING state
2018-05-28 16:26:55,018 SNT proposal
2018-05-28 16:26:55,147 RCV reinforcement
2018-05-28 16:26:55,192 RF found but not transmitted
2018-05-28 16:26:55,656 RCV reinforcement info
2018-05-28 16:26:55,679 RCV reinforcement info
2018-05-28 16:26:55,816 RF found but not transmitted
2018-05-28 16:26:56,526 commit with 2 reinforcements
2018-05-28 16:26:56,534 appended malicious commit 24c8cae013 on top of 48c43fee53
2018-05-28 16:26:56,539 Weight: 42.583660223019066 #RFs 3
2018-05-28 16:26:56,540 weight: 42.583660223019066
2018-05-28 16:26:56,540 , 42.583660223019066
2018-05-28 16:26:56,541 MALICIOUS MINING state
2018-05-28 16:26:56,541 start mining - depth 11
2018-05-28 16:26:56,542 start mining - hash 24c8cae013aee390f49caf0fd140044f1ebc911659576687d61189b041c8a908
2018-05-28 16:26:56,542 SNT commit
2018-05-28 16:26:57,779 RF found but not transmitted
2018-05-28 16:26:58,128 RF found but not transmitted
2018-05-28 16:26:58,280 RF found but not transmitted
2018-05-28 16:26:58,376 RF found but not transmitted
2018-05-28 16:26:58,397 RF found but not transmitted
2018-05-28 16:26:59,209 RF found but not transmitted
2018-05-28 16:26:59,736 RF found but not transmitted
2018-05-28 16:27:00,074 RF found but not transmitted
2018-05-28 16:27:00,721 RF found but not transmitted
2018-05-28 16:27:01,233 RF found but not transmitted
2018-05-28 16:27:01,402 RCV proposal
2018-05-28 16:27:01,406 appended honest propose 023eacfaaf on top of eb96476735
2018-05-28 16:27:01,481 RCV reinforcement
2018-05-28 16:27:01,491 RCV reinforcement
2018-05-28 16:27:02,596 RCV reinforcement info
2018-05-28 16:27:02,662 RCV reinforcement
2018-05-28 16:27:02,923 RCV commit
2018-05-28 16:27:02,940 appended honest commit cebeaa45d8 on top of 023eacfaaf
2018-05-28 16:27:02,949 Weight: 52.1569662216436 #RFs 4
2018-05-28 16:27:02,949 weight: 52.1569662216436
2018-05-28 16:27:02,949 , 52.1569662216436
2018-05-28 16:27:03,038 RCV reinforcement info
2018-05-28 16:27:03,291 RF found but not transmitted
2018-05-28 16:27:03,647 RF found but not transmitted
2018-05-28 16:27:04,715 RF found but not transmitted
2018-05-28 16:27:04,752 RF found but not transmitted
2018-05-28 16:27:04,898 RF found but not transmitted
2018-05-28 16:27:04,939 RF found but not transmitted
2018-05-28 16:27:05,562 RCV reinforcement info
2018-05-28 16:27:05,772 RF found but not transmitted
2018-05-28 16:27:07,935 RCV reinforcement info
2018-05-28 16:27:08,066 RCV reinforcement info
2018-05-28 16:27:08,823 RF found but not transmitted
2018-05-28 16:27:09,253 RF found but not transmitted
2018-05-28 16:27:09,928 RCV proposal
2018-05-28 16:27:09,931 appended honest propose 9341c696d8 on top of cebeaa45d8
2018-05-28 16:27:10,009 RCV reinforcement
2018-05-28 16:27:10,014 RCV reinforcement
2018-05-28 16:27:10,649 RF found but not transmitted
2018-05-28 16:27:10,862 RCV reinforcement info
2018-05-28 16:27:10,919 RCV reinforcement
2018-05-28 16:27:11,416 RF found but not transmitted
2018-05-28 16:27:11,456 RCV commit
2018-05-28 16:27:11,475 appended honest commit 99e30b2886 on top of 9341c696d8
2018-05-28 16:27:11,487 Weight: 53.738628298792335 #RFs 5
2018-05-28 16:27:11,487 weight: 53.738628298792335
2018-05-28 16:27:11,487 , 53.738628298792335
2018-05-28 16:27:12,181 RF found but not transmitted
2018-05-28 16:27:12,955 RCV reinforcement info
2018-05-28 16:27:13,237 RF found but not transmitted
2018-05-28 16:27:13,882 RCV reinforcement info
2018-05-28 16:27:14,097 RCV reinforcement info
2018-05-28 16:27:14,687 RCV reinforcement info
2018-05-28 16:27:14,857 RF found but not transmitted
2018-05-28 16:27:14,869 RF found but not transmitted
2018-05-28 16:27:16,286 RF found but not transmitted
2018-05-28 16:27:16,413 RF found but not transmitted
2018-05-28 16:27:16,706 RF found but not transmitted
2018-05-28 16:27:16,722 RF found but not transmitted
2018-05-28 16:27:16,728 RF found but not transmitted
2018-05-28 16:27:17,483 RF found but not transmitted
2018-05-28 16:27:18,766 RF found but not transmitted
2018-05-28 16:27:19,709 RCV reinforcement info
2018-05-28 16:27:20,432 RCV reinforcement info
2018-05-28 16:27:20,973 RCV reinforcement info
2018-05-28 16:27:21,916 RCV proposal
2018-05-28 16:27:21,919 appended honest propose 2c88002282 on top of 99e30b2886
2018-05-28 16:27:21,999 RCV reinforcement
2018-05-28 16:27:22,011 RCV reinforcement
2018-05-28 16:27:22,376 RCV reinforcement info
2018-05-28 16:27:22,444 RCV reinforcement
2018-05-28 16:27:23,209 RCV reinforcement info
2018-05-28 16:27:23,264 RCV reinforcement
2018-05-28 16:27:23,448 RCV commit
2018-05-28 16:27:23,487 appended honest commit 0225c234d3 on top of 2c88002282
2018-05-28 16:27:23,517 Weight: 55.74667772814933 #RFs 9
2018-05-28 16:27:23,517 weight: 55.74667772814933
2018-05-28 16:27:23,518 , 55.74667772814933
2018-05-28 16:27:24,274 RCV reinforcement info
2018-05-28 16:27:24,776 RF found but not transmitted
2018-05-28 16:27:24,781 hash found
2018-05-28 16:27:24,788 appended malicious propose b6cab6c8c6 on top of 24c8cae013
2018-05-28 16:27:24,788 REINFORCEMENT COLLECTING state
2018-05-28 16:27:24,856 SNT proposal
2018-05-28 16:27:25,011 RCV reinforcement
2018-05-28 16:27:25,035 RCV reinforcement
2018-05-28 16:27:25,329 RF found but not transmitted
2018-05-28 16:27:25,592 RF found but not transmitted
2018-05-28 16:27:25,670 RF found but not transmitted
2018-05-28 16:27:26,360 commit with 3 reinforcements
2018-05-28 16:27:26,381 appended malicious commit 3816fbc0dd on top of b6cab6c8c6
2018-05-28 16:27:26,404 Weight: 45.66639913162022 #RFs 17
2018-05-28 16:27:26,405 weight: 45.66639913162022
2018-05-28 16:27:26,405 , 45.66639913162022
2018-05-28 16:27:26,408 MALICIOUS MINING state
2018-05-28 16:27:26,409 start mining - depth 12
2018-05-28 16:27:26,409 start mining - hash 3816fbc0ddee07b4a1474ca9d4dbf0411c7adae0c4b95ac7bb693135a77c8b3d
2018-05-28 16:27:26,410 Hashing frequency: 17668
2018-05-28 16:27:26,410 SNT commit
2018-05-28 16:27:26,820 RCV reinforcement info
2018-05-28 16:27:26,927 RCV reinforcement info
2018-05-28 16:27:27,168 RCV reinforcement info
2018-05-28 16:27:27,841 RF found but not transmitted
2018-05-28 16:27:27,952 RF found but not transmitted
2018-05-28 16:27:28,404 RF found but not transmitted
2018-05-28 16:27:28,574 RF found but not transmitted
2018-05-28 16:27:28,594 RF found but not transmitted
2018-05-28 16:27:28,595 hash found
2018-05-28 16:27:28,606 appended malicious propose 77c29dbf8d on top of 3816fbc0dd
2018-05-28 16:27:28,606 REINFORCEMENT COLLECTING state
2018-05-28 16:27:28,607 SNT proposal
2018-05-28 16:27:28,746 RCV reinforcement
2018-05-28 16:27:29,006 RF found but not transmitted
2018-05-28 16:27:29,010 SNT reinforcement
2018-05-28 16:27:29,503 RF found but not transmitted
2018-05-28 16:27:29,835 RF found but not transmitted
2018-05-28 16:27:30,116 commit with 1 reinforcements
2018-05-28 16:27:30,125 appended malicious commit 9e3f1c8ca4 on top of 77c29dbf8d
2018-05-28 16:27:30,128 Weight: 46.952026840750655 #RFs 2
2018-05-28 16:27:30,128 weight: 46.952026840750655
2018-05-28 16:27:30,128 , 46.952026840750655
2018-05-28 16:27:30,128 MALICIOUS MINING state
2018-05-28 16:27:30,129 start mining - depth 13
2018-05-28 16:27:30,129 start mining - hash 9e3f1c8ca48df3bfd2b302e5e4006843712624b8d34361be04cf6966f63f420e
2018-05-28 16:27:30,131 SNT commit
2018-05-28 16:27:30,469 RF found but not transmitted
2018-05-28 16:27:31,201 RF found but not transmitted
2018-05-28 16:27:31,512 RCV reinforcement info
2018-05-28 16:27:31,537 RF found but not transmitted
2018-05-28 16:27:32,866 RF found but not transmitted
2018-05-28 16:27:33,159 RCV reinforcement info
2018-05-28 16:27:33,279 RCV reinforcement info
2018-05-28 16:27:33,508 RF found but not transmitted
2018-05-28 16:27:34,511 RF found but not transmitted
2018-05-28 16:27:34,790 RF found but not transmitted
2018-05-28 16:27:34,852 RCV reinforcement info
2018-05-28 16:27:35,664 RCV reinforcement info
2018-05-28 16:27:35,796 RF found but not transmitted
2018-05-28 16:27:36,115 RF found but not transmitted
2018-05-28 16:27:36,696 RF found but not transmitted
2018-05-28 16:27:37,197 RF found but not transmitted
2018-05-28 16:27:37,488 RF found but not transmitted
2018-05-28 16:27:37,709 RF found but not transmitted
2018-05-28 16:27:37,711 hash found
2018-05-28 16:27:37,715 appended malicious propose 9ac00518d7 on top of 9e3f1c8ca4
2018-05-28 16:27:37,715 REINFORCEMENT COLLECTING state
2018-05-28 16:27:37,788 SNT proposal
2018-05-28 16:27:37,928 RCV reinforcement info
2018-05-28 16:27:37,999 RCV reinforcement
2018-05-28 16:27:38,018 RCV reinforcement
2018-05-28 16:27:38,096 RCV proposal
2018-05-28 16:27:38,106 appended honest propose 4c1b481741 on top of 0225c234d3
2018-05-28 16:27:38,193 RCV reinforcement
2018-05-28 16:27:38,194 W: received reinforcement for 4c1b481741 instead of 9ac00518d7
2018-05-28 16:27:38,197 RCV reinforcement
2018-05-28 16:27:38,201 W: received reinforcement for 4c1b481741 instead of 9ac00518d7
2018-05-28 16:27:38,756 RCV reinforcement info
2018-05-28 16:27:38,832 RCV reinforcement
2018-05-28 16:27:38,834 W: received reinforcement for 4c1b481741 instead of 9ac00518d7
2018-05-28 16:27:38,842 RF found but not transmitted
2018-05-28 16:27:38,991 RF found but not transmitted
2018-05-28 16:27:39,295 commit with 3 reinforcements
2018-05-28 16:27:39,308 appended malicious commit 0c36cf18b3 on top of 9ac00518d7
2018-05-28 16:27:39,312 Weight: 48.81241003601767 #RFs 4
2018-05-28 16:27:39,312 weight: 48.81241003601767
2018-05-28 16:27:39,312 , 48.81241003601767
2018-05-28 16:27:39,312 MALICIOUS MINING state
2018-05-28 16:27:39,313 start mining - depth 14
2018-05-28 16:27:39,313 start mining - hash 0c36cf18b3e01e60339d11683423783551bfb5df9a56f2f6075e8dd966029f06
2018-05-28 16:27:39,314 SNT commit
2018-05-28 16:27:39,659 RCV commit
2018-05-28 16:27:39,726 appended honest commit ad788d7576 on top of 4c1b481741
2018-05-28 16:27:39,757 Weight: 58.15164077819468 #RFs 11
2018-05-28 16:27:39,758 weight: 58.15164077819468
2018-05-28 16:27:39,758 , 58.15164077819468
2018-05-28 16:27:40,739 RF found but not transmitted
2018-05-28 16:27:41,096 RF found but not transmitted
2018-05-28 16:27:41,323 RCV reinforcement info
2018-05-28 16:27:41,422 RF found but not transmitted
2018-05-28 16:27:41,497 RF found but not transmitted
2018-05-28 16:27:41,756 RCV reinforcement info
2018-05-28 16:27:41,939 RCV proposal
2018-05-28 16:27:41,941 appended honest propose 5f2481326a on top of ad788d7576
2018-05-28 16:27:42,014 RCV reinforcement
2018-05-28 16:27:42,840 RCV reinforcement info
2018-05-28 16:27:42,909 RCV reinforcement
2018-05-28 16:27:43,467 RCV commit
2018-05-28 16:27:43,474 appended honest commit 595045368c on top of 5f2481326a
2018-05-28 16:27:43,487 Weight: 59.406983932886185 #RFs 2
2018-05-28 16:27:43,488 weight: 59.406983932886185
2018-05-28 16:27:43,488 , 59.406983932886185
2018-05-28 16:27:43,832 RF found but not transmitted
2018-05-28 16:27:44,631 RCV reinforcement info
2018-05-28 16:27:45,270 RF found but not transmitted
2018-05-28 16:27:45,276 RCV reinforcement info
2018-05-28 16:27:45,396 RF found but not transmitted
2018-05-28 16:27:46,310 RF found but not transmitted
2018-05-28 16:27:47,455 RF found but not transmitted
2018-05-28 16:27:47,524 RF found but not transmitted
2018-05-28 16:27:47,853 RCV reinforcement info
2018-05-28 16:27:47,863 RF found but not transmitted
2018-05-28 16:27:48,425 RCV reinforcement info
2018-05-28 16:27:48,826 RF found but not transmitted
2018-05-28 16:27:48,860 RCV reinforcement info
2018-05-28 16:27:48,886 RF found but not transmitted
2018-05-28 16:27:49,029 RCV reinforcement info
2018-05-28 16:27:49,555 RF found but not transmitted
2018-05-28 16:27:50,014 RF found but not transmitted
2018-05-28 16:27:50,423 RF found but not transmitted
2018-05-28 16:27:50,487 RF found but not transmitted
2018-05-28 16:27:50,540 RF found but not transmitted
2018-05-28 16:27:52,584 RF found but not transmitted
2018-05-28 16:27:52,983 RCV reinforcement info
2018-05-28 16:27:53,420 RF found but not transmitted
2018-05-28 16:27:53,777 RF found but not transmitted
2018-05-28 16:27:54,277 RF found but not transmitted
2018-05-28 16:27:54,322 RF found but not transmitted
2018-05-28 16:27:54,382 RCV reinforcement info
2018-05-28 16:27:54,384 RF found but not transmitted
2018-05-28 16:27:54,531 RCV reinforcement info
2018-05-28 16:27:54,862 RCV reinforcement info
2018-05-28 16:27:55,072 RF found but not transmitted
2018-05-28 16:27:55,132 RF found but not transmitted
2018-05-28 16:27:55,133 RF found but not transmitted
2018-05-28 16:27:55,553 RF found but not transmitted
2018-05-28 16:27:55,582 RF found but not transmitted
2018-05-28 16:27:55,763 RCV reinforcement info
2018-05-28 16:27:56,181 RF found but not transmitted
2018-05-28 16:27:56,689 RF found but not transmitted
2018-05-28 16:27:57,213 RCV reinforcement info
2018-05-28 16:27:57,427 RCV reinforcement info
2018-05-28 16:27:58,296 RCV reinforcement info
2018-05-28 16:27:58,338 RCV reinforcement info
2018-05-28 16:27:58,628 RF found but not transmitted
2018-05-28 16:27:58,631 RCV reinforcement info
2018-05-28 16:27:58,769 RF found but not transmitted
2018-05-28 16:28:00,374 RCV reinforcement info
2018-05-28 16:28:00,636 RCV reinforcement info
2018-05-28 16:28:01,654 RF found but not transmitted
2018-05-28 16:28:01,819 RF found but not transmitted
2018-05-28 16:28:02,231 RF found but not transmitted
2018-05-28 16:28:02,291 RF found but not transmitted
2018-05-28 16:28:03,098 RF found but not transmitted
2018-05-28 16:28:03,702 RF found but not transmitted
2018-05-28 16:28:03,980 RCV reinforcement info
2018-05-28 16:28:04,272 RF found but not transmitted
2018-05-28 16:28:04,453 RF found but not transmitted
2018-05-28 16:28:05,030 RF found but not transmitted
2018-05-28 16:28:05,270 RF found but not transmitted
2018-05-28 16:28:05,347 RCV reinforcement info
2018-05-28 16:28:05,923 RF found but not transmitted
2018-05-28 16:28:06,119 RF found but not transmitted
2018-05-28 16:28:06,159 RF found but not transmitted
2018-05-28 16:28:06,517 RF found but not transmitted
2018-05-28 16:28:06,833 RF found but not transmitted
2018-05-28 16:28:06,842 RF found but not transmitted
2018-05-28 16:28:07,008 RF found but not transmitted
2018-05-28 16:28:07,519 RF found but not transmitted
2018-05-28 16:28:07,597 RCV reinforcement info
2018-05-28 16:28:07,986 RF found but not transmitted
2018-05-28 16:28:08,592 RF found but not transmitted
2018-05-28 16:28:08,744 RF found but not transmitted
2018-05-28 16:28:08,802 RF found but not transmitted
2018-05-28 16:28:09,544 RF found but not transmitted
2018-05-28 16:28:09,871 RF found but not transmitted
2018-05-28 16:28:09,874 RF found but not transmitted
2018-05-28 16:28:09,891 RF found but not transmitted
2018-05-28 16:28:10,369 RCV reinforcement info
2018-05-28 16:28:10,474 RF found but not transmitted
2018-05-28 16:28:10,625 RF found but not transmitted
2018-05-28 16:28:10,972 RCV reinforcement info
2018-05-28 16:28:11,138 RF found but not transmitted
2018-05-28 16:28:11,698 RCV reinforcement info
2018-05-28 16:28:11,934 RF found but not transmitted
2018-05-28 16:28:12,147 RF found but not transmitted
2018-05-28 16:28:12,161 RCV reinforcement info
2018-05-28 16:28:13,201 RCV proposal
2018-05-28 16:28:13,204 appended honest propose 646f637963 on top of 595045368c
2018-05-28 16:28:13,291 RCV reinforcement
2018-05-28 16:28:13,309 RCV reinforcement
2018-05-28 16:28:13,313 RCV reinforcement
2018-05-28 16:28:13,523 RF found but not transmitted
2018-05-28 16:28:13,597 RF found but not transmitted
2018-05-28 16:28:13,667 RF found but not transmitted
2018-05-28 16:28:13,740 RF found but not transmitted
2018-05-28 16:28:14,239 RF found but not transmitted
2018-05-28 16:28:14,265 RF found but not transmitted
2018-05-28 16:28:14,344 RCV reinforcement info
2018-05-28 16:28:14,437 RCV reinforcement
2018-05-28 16:28:14,532 RCV reinforcement info
2018-05-28 16:28:14,618 RCV reinforcement
2018-05-28 16:28:14,812 RCV commit
2018-05-28 16:28:14,893 appended honest commit b75f8f8bed on top of 646f637963
2018-05-28 16:28:14,980 Weight: 65.30526821597095 #RFs 26
2018-05-28 16:28:14,980 weight: 65.30526821597095
2018-05-28 16:28:14,980 , 65.30526821597095
2018-05-28 16:28:15,022 RF found but not transmitted
2018-05-28 16:28:15,096 RF found but not transmitted
2018-05-28 16:28:15,234 RF found but not transmitted
2018-05-28 16:28:15,338 RF found but not transmitted
2018-05-28 16:28:15,652 RF found but not transmitted
2018-05-28 16:28:15,916 RF found but not transmitted
2018-05-28 16:28:16,693 RF found but not transmitted
2018-05-28 16:28:16,821 RF found but not transmitted
2018-05-28 16:28:17,134 RF found but not transmitted
2018-05-28 16:28:17,384 RCV reinforcement info
2018-05-28 16:28:17,639 RCV reinforcement info
2018-05-28 16:28:18,063 RF found but not transmitted
2018-05-28 16:28:18,366 RF found but not transmitted
2018-05-28 16:28:18,757 RCV proposal
2018-05-28 16:28:18,760 appended honest propose cce81ad073 on top of b75f8f8bed
2018-05-28 16:28:18,855 RCV reinforcement
2018-05-28 16:28:19,096 RF found but not transmitted
2018-05-28 16:28:19,940 RCV reinforcement info
2018-05-28 16:28:20,007 RCV reinforcement
2018-05-28 16:28:20,160 RF found but not transmitted
2018-05-28 16:28:20,268 RCV commit
2018-05-28 16:28:20,277 appended honest commit e4e9b04a4e on top of cce81ad073
2018-05-28 16:28:20,284 Weight: 67.16871540221686 #RFs 3
2018-05-28 16:28:20,284 weight: 67.16871540221686
2018-05-28 16:28:20,284 , 67.16871540221686
2018-05-28 16:28:20,344 RCV reinforcement info
2018-05-28 16:28:20,416 RF found but not transmitted
2018-05-28 16:28:20,430 RCV reinforcement
2018-05-28 16:28:20,929 RF found but not transmitted
2018-05-28 16:28:21,114 RF found but not transmitted
2018-05-28 16:28:21,854 RF found but not transmitted
2018-05-28 16:28:21,877 RF found but not transmitted
2018-05-28 16:28:22,408 RF found but not transmitted
2018-05-28 16:28:22,424 RF found but not transmitted
2018-05-28 16:28:22,679 RCV reinforcement info
2018-05-28 16:28:23,043 RCV reinforcement info
2018-05-28 16:28:23,354 RF found but not transmitted
2018-05-28 16:28:24,661 RF found but not transmitted
2018-05-28 16:28:25,153 RF found but not transmitted
2018-05-28 16:28:26,704 RF found but not transmitted
2018-05-28 16:28:26,926 RF found but not transmitted
2018-05-28 16:28:27,381 RCV reinforcement info
2018-05-28 16:28:28,558 RCV reinforcement info
2018-05-28 16:28:28,676 RF found but not transmitted
2018-05-28 16:28:28,751 RF found but not transmitted
2018-05-28 16:28:28,782 RF found but not transmitted
2018-05-28 16:28:30,426 RF found but not transmitted
2018-05-28 16:28:30,637 RF found but not transmitted
2018-05-28 16:28:30,728 RF found but not transmitted
2018-05-28 16:28:30,978 RF found but not transmitted
2018-05-28 16:28:31,290 RCV reinforcement info
2018-05-28 16:28:31,676 RCV reinforcement info
2018-05-28 16:28:31,749 RF found but not transmitted
2018-05-28 16:28:32,452 RF found but not transmitted
2018-05-28 16:28:32,669 RF found but not transmitted
2018-05-28 16:28:33,182 RCV reinforcement info
2018-05-28 16:28:33,269 RF found but not transmitted
2018-05-28 16:28:34,439 RCV reinforcement info
2018-05-28 16:28:34,473 RCV reinforcement info
2018-05-28 16:28:35,127 RCV reinforcement info
2018-05-28 16:28:35,699 RF found but not transmitted
2018-05-28 16:28:35,795 RF found but not transmitted
2018-05-28 16:28:35,818 RF found but not transmitted
2018-05-28 16:28:35,883 RF found but not transmitted
2018-05-28 16:28:36,108 RF found but not transmitted
2018-05-28 16:28:36,394 RCV reinforcement info
2018-05-28 16:28:36,445 RF found but not transmitted
2018-05-28 16:28:37,287 RF found but not transmitted
2018-05-28 16:28:37,622 RCV reinforcement info
2018-05-28 16:28:37,638 RCV reinforcement info
2018-05-28 16:28:37,899 RCV reinforcement info
2018-05-28 16:28:38,033 RF found but not transmitted
2018-05-28 16:28:38,392 RF found but not transmitted
2018-05-28 16:28:38,609 RF found but not transmitted
2018-05-28 16:28:38,710 RCV proposal
2018-05-28 16:28:38,713 appended honest propose ee1e9ddebd on top of e4e9b04a4e
2018-05-28 16:28:38,843 RCV reinforcement
2018-05-28 16:28:38,862 RCV reinforcement
2018-05-28 16:28:38,874 RCV reinforcement
2018-05-28 16:28:38,947 RF found but not transmitted
2018-05-28 16:28:38,983 RCV reinforcement info
2018-05-28 16:28:39,084 RCV reinforcement
2018-05-28 16:28:39,980 RF found but not transmitted
2018-05-28 16:28:40,338 RCV commit
2018-05-28 16:28:40,383 RF found but not transmitted
2018-05-28 16:28:40,428 appended honest commit bf76186b1c on top of ee1e9ddebd
2018-05-28 16:28:40,506 Weight: 71.54562452167603 #RFs 15
2018-05-28 16:28:40,511 weight: 71.54562452167603
2018-05-28 16:28:40,511 , 71.54562452167603
2018-05-28 16:28:40,828 RF found but not transmitted
2018-05-28 16:28:41,245 RF found but not transmitted
2018-05-28 16:28:41,298 RF found but not transmitted
2018-05-28 16:28:41,418 RF found but not transmitted
2018-05-28 16:28:41,482 RCV reinforcement info
2018-05-28 16:28:41,502 RF found but not transmitted
2018-05-28 16:28:41,985 RF found but not transmitted
2018-05-28 16:28:42,429 RF found but not transmitted
2018-05-28 16:28:42,577 RF found but not transmitted
2018-05-28 16:28:42,730 RF found but not transmitted
2018-05-28 16:28:43,102 RCV reinforcement info
2018-05-28 16:28:43,490 RF found but not transmitted
2018-05-28 16:28:44,275 RF found but not transmitted
2018-05-28 16:28:44,710 RCV reinforcement info
2018-05-28 16:28:44,902 RCV reinforcement info
2018-05-28 16:28:45,262 RF found but not transmitted
2018-05-28 16:28:45,574 RF found but not transmitted
2018-05-28 16:28:45,677 RF found but not transmitted
2018-05-28 16:28:46,348 RCV reinforcement info
2018-05-28 16:28:46,417 RF found but not transmitted
2018-05-28 16:28:46,749 RF found but not transmitted
2018-05-28 16:28:46,770 RF found but not transmitted
2018-05-28 16:28:46,866 RF found but not transmitted
2018-05-28 16:28:46,999 RF found but not transmitted
2018-05-28 16:28:47,642 RF found but not transmitted
2018-05-28 16:28:48,945 RCV reinforcement info
2018-05-28 16:28:49,030 RF found but not transmitted
2018-05-28 16:28:49,227 RCV reinforcement info
2018-05-28 16:28:49,868 RCV reinforcement info
2018-05-28 16:28:49,974 RCV reinforcement info
2018-05-28 16:28:50,453 RCV reinforcement info
2018-05-28 16:28:50,720 RCV reinforcement info
2018-05-28 16:28:50,783 RF found but not transmitted
2018-05-28 16:28:51,270 RF found but not transmitted
2018-05-28 16:28:51,285 RF found but not transmitted
2018-05-28 16:28:51,404 RF found but not transmitted
2018-05-28 16:28:51,639 RF found but not transmitted
2018-05-28 16:28:51,782 RF found but not transmitted
2018-05-28 16:28:52,136 RF found but not transmitted
2018-05-28 16:28:52,474 RF found but not transmitted
2018-05-28 16:28:52,825 RCV reinforcement info
2018-05-28 16:28:52,869 RF found but not transmitted
2018-05-28 16:28:52,905 RF found but not transmitted
2018-05-28 16:28:54,417 RF found but not transmitted
2018-05-28 16:28:55,210 RF found but not transmitted
2018-05-28 16:28:55,212 hash found
2018-05-28 16:28:55,215 appended malicious propose 92058ded76 on top of 0c36cf18b3
2018-05-28 16:28:55,215 REINFORCEMENT COLLECTING state
2018-05-28 16:28:55,248 RF found but not transmitted
2018-05-28 16:28:55,285 SNT proposal
2018-05-28 16:28:55,351 RF found but not transmitted
2018-05-28 16:28:55,474 RCV reinforcement
2018-05-28 16:28:55,505 RCV reinforcement
2018-05-28 16:28:55,676 RF found but not transmitted
2018-05-28 16:28:56,001 RF found but not transmitted
2018-05-28 16:28:56,034 RF found but not transmitted
2018-05-28 16:28:56,223 RF found but not transmitted
2018-05-28 16:28:56,446 RCV reinforcement
2018-05-28 16:28:56,789 commit with 3 reinforcements
2018-05-28 16:28:56,868 appended malicious commit 03289774bf on top of 92058ded76
2018-05-28 16:28:56,936 Weight: 60.586695637960695 #RFs 40
2018-05-28 16:28:56,936 weight: 60.586695637960695
2018-05-28 16:28:56,936 , 60.586695637960695
2018-05-28 16:28:56,938 MALICIOUS MINING state
2018-05-28 16:28:56,939 start mining - depth 15
2018-05-28 16:28:56,940 start mining - hash 03289774bf5e0139a39dc8076d6d071a6203aaf53d2d614cb343aa2cc467ba70
2018-05-28 16:28:56,941 Hashing frequency: 42065
2018-05-28 16:28:56,942 SNT commit
2018-05-28 16:28:56,949 RF found but not transmitted
2018-05-28 16:28:57,803 RCV reinforcement info
2018-05-28 16:28:58,848 RCV reinforcement info
2018-05-28 16:28:59,154 RF found but not transmitted
2018-05-28 16:28:59,238 RF found but not transmitted
2018-05-28 16:28:59,343 RCV reinforcement info
2018-05-28 16:29:00,286 RF found but not transmitted
2018-05-28 16:29:00,922 RCV reinforcement info
2018-05-28 16:29:01,611 RF found but not transmitted
2018-05-28 16:29:02,898 RF found but not transmitted
2018-05-28 16:29:02,931 RF found but not transmitted
2018-05-28 16:29:02,936 RF found but not transmitted
2018-05-28 16:29:03,198 RF found but not transmitted
2018-05-28 16:29:03,289 RF found but not transmitted
2018-05-28 16:29:03,523 RF found but not transmitted
2018-05-28 16:29:03,791 RF found but not transmitted
2018-05-28 16:29:03,853 RF found but not transmitted
2018-05-28 16:29:04,056 RCV reinforcement info
2018-05-28 16:29:04,207 RF found but not transmitted
2018-05-28 16:29:04,481 RCV reinforcement info
2018-05-28 16:29:04,635 RF found but not transmitted
2018-05-28 16:29:04,839 RCV reinforcement info
2018-05-28 16:29:05,855 RF found but not transmitted
2018-05-28 16:29:05,978 RCV reinforcement info
2018-05-28 16:29:06,894 RF found but not transmitted
2018-05-28 16:29:07,084 RCV reinforcement info
2018-05-28 16:29:08,082 RF found but not transmitted
2018-05-28 16:29:08,119 RCV proposal
2018-05-28 16:29:08,122 appended honest propose d33a938a9d on top of bf76186b1c
2018-05-28 16:29:08,287 RCV reinforcement
2018-05-28 16:29:08,296 RCV reinforcement
2018-05-28 16:29:08,338 RCV reinforcement
2018-05-28 16:29:08,410 RF found but not transmitted
2018-05-28 16:29:08,540 RF found but not transmitted
2018-05-28 16:29:08,738 RF found but not transmitted
2018-05-28 16:29:08,895 RF found but not transmitted
2018-05-28 16:29:09,540 RF found but not transmitted
2018-05-28 16:29:09,553 RF found but not transmitted
2018-05-28 16:29:09,585 RCV commit
2018-05-28 16:29:09,691 appended honest commit d1f6e69e93 on top of d33a938a9d
2018-05-28 16:29:09,773 Weight: 76.96089340456984 #RFs 21
2018-05-28 16:29:09,776 weight: 76.96089340456984
2018-05-28 16:29:09,776 , 76.96089340456984
2018-05-28 16:29:09,898 RF found but not transmitted
2018-05-28 16:29:10,224 RCV proposal
2018-05-28 16:29:10,232 appended honest propose 787716349a on top of d1f6e69e93
2018-05-28 16:29:10,818 RCV reinforcement info
2018-05-28 16:29:10,893 RCV reinforcement
2018-05-28 16:29:11,222 RCV reinforcement info
2018-05-28 16:29:11,281 RCV reinforcement
2018-05-28 16:29:11,573 RF found but not transmitted
2018-05-28 16:29:11,726 RCV commit
2018-05-28 16:29:11,730 appended honest commit 475d4ee81b on top of 787716349a
2018-05-28 16:29:11,737 Weight: 78.03598412806687 #RFs 1
2018-05-28 16:29:11,737 weight: 78.03598412806687
2018-05-28 16:29:11,737 , 78.03598412806687
2018-05-28 16:29:13,492 RCV reinforcement info
2018-05-28 16:29:14,155 RF found but not transmitted
2018-05-28 16:29:14,179 RCV reinforcement info
2018-05-28 16:29:14,197 RF found but not transmitted
2018-05-28 16:29:14,347 RF found but not transmitted
2018-05-28 16:29:14,475 RF found but not transmitted
2018-05-28 16:29:14,532 RF found but not transmitted
2018-05-28 16:29:15,094 RF found but not transmitted
2018-05-28 16:29:15,160 RF found but not transmitted
2018-05-28 16:29:16,220 RCV reinforcement info
2018-05-28 16:29:16,540 RF found but not transmitted
2018-05-28 16:29:16,822 RF found but not transmitted
2018-05-28 16:29:17,136 RF found but not transmitted
2018-05-28 16:29:17,497 RCV reinforcement info
2018-05-28 16:29:17,916 RF found but not transmitted
2018-05-28 16:29:18,100 RF found but not transmitted
2018-05-28 16:29:18,424 RF found but not transmitted
2018-05-28 16:29:18,510 RF found but not transmitted
2018-05-28 16:29:18,889 RCV reinforcement info
2018-05-28 16:29:19,232 RCV reinforcement info
2018-05-28 16:29:19,340 RF found but not transmitted
2018-05-28 16:29:19,392 RF found but not transmitted
2018-05-28 16:29:19,406 RCV reinforcement info
2018-05-28 16:29:19,683 RCV reinforcement info
2018-05-28 16:29:20,147 RCV reinforcement info
2018-05-28 16:29:20,186 RCV reinforcement info
2018-05-28 16:29:20,522 RCV reinforcement info
2018-05-28 16:29:20,883 RCV reinforcement info
2018-05-28 16:29:21,535 RF found but not transmitted
2018-05-28 16:29:21,653 RF found but not transmitted
2018-05-28 16:29:21,654 RF found but not transmitted
2018-05-28 16:29:22,074 RF found but not transmitted
2018-05-28 16:29:22,615 RF found but not transmitted
2018-05-28 16:29:22,927 RF found but not transmitted
2018-05-28 16:29:23,265 RF found but not transmitted
2018-05-28 16:29:23,730 RCV proposal
2018-05-28 16:29:23,733 appended honest propose 57563f8c69 on top of 475d4ee81b
2018-05-28 16:29:23,880 RCV reinforcement
2018-05-28 16:29:23,896 RCV reinforcement
2018-05-28 16:29:23,900 RCV reinforcement
2018-05-28 16:29:25,126 RF found but not transmitted
2018-05-28 16:29:25,151 RCV reinforcement info
2018-05-28 16:29:25,280 RCV reinforcement
2018-05-28 16:29:25,319 RCV commit
2018-05-28 16:29:25,392 RF found but not transmitted
2018-05-28 16:29:25,403 appended honest commit d06fc1b77c on top of 57563f8c69
2018-05-28 16:29:25,442 Weight: 80.80757652385387 #RFs 12
2018-05-28 16:29:25,442 weight: 80.80757652385387
2018-05-28 16:29:25,442 , 80.80757652385387
2018-05-28 16:29:25,558 RCV reinforcement info
2018-05-28 16:29:26,296 RF found but not transmitted
2018-05-28 16:29:26,524 RF found but not transmitted
2018-05-28 16:29:26,643 RF found but not transmitted
2018-05-28 16:29:27,553 RF found but not transmitted
2018-05-28 16:29:27,609 RF found but not transmitted
2018-05-28 16:29:27,704 RF found but not transmitted
2018-05-28 16:29:27,807 RCV reinforcement info
2018-05-28 16:29:28,158 RCV reinforcement info
2018-05-28 16:29:28,608 RCV reinforcement info
2018-05-28 16:29:28,636 RCV reinforcement info
2018-05-28 16:29:28,714 RF found but not transmitted
2018-05-28 16:29:28,858 RF found but not transmitted
2018-05-28 16:29:29,685 RCV reinforcement info
2018-05-28 16:29:29,759 RF found but not transmitted
2018-05-28 16:29:30,420 RF found but not transmitted
2018-05-28 16:29:31,571 RF found but not transmitted
2018-05-28 16:29:31,864 RF found but not transmitted
2018-05-28 16:29:31,967 RF found but not transmitted
2018-05-28 16:29:32,725 RF found but not transmitted
2018-05-28 16:29:32,843 RCV proposal
2018-05-28 16:29:32,845 appended honest propose 6c9ed52871 on top of d06fc1b77c
2018-05-28 16:29:32,946 RCV reinforcement
2018-05-28 16:29:32,955 RCV reinforcement
2018-05-28 16:29:32,973 RCV reinforcement
2018-05-28 16:29:33,129 RF found but not transmitted
2018-05-28 16:29:33,210 RF found but not transmitted
2018-05-28 16:29:33,589 RF found but not transmitted
2018-05-28 16:29:33,652 RCV reinforcement info
2018-05-28 16:29:33,731 RCV reinforcement
2018-05-28 16:29:33,780 RF found but not transmitted
2018-05-28 16:29:34,052 RF found but not transmitted
2018-05-28 16:29:34,369 RCV commit
2018-05-28 16:29:34,397 RF found but not transmitted
2018-05-28 16:29:34,421 appended honest commit 696a80142f on top of 6c9ed52871
2018-05-28 16:29:34,438 Weight: 82.64319781445906 #RFs 7
2018-05-28 16:29:34,438 weight: 82.64319781445906
2018-05-28 16:29:34,438 , 82.64319781445906
2018-05-28 16:29:35,175 RF found but not transmitted
2018-05-28 16:29:35,391 RF found but not transmitted
2018-05-28 16:29:35,448 RF found but not transmitted
2018-05-28 16:29:35,576 RCV reinforcement info
2018-05-28 16:29:35,814 RF found but not transmitted
2018-05-28 16:29:36,458 RF found but not transmitted
2018-05-28 16:29:36,610 RCV reinforcement info
2018-05-28 16:29:37,176 RCV reinforcement info
2018-05-28 16:29:37,317 RCV reinforcement info
2018-05-28 16:29:37,563 RCV reinforcement info
2018-05-28 16:29:38,249 RF found but not transmitted
2018-05-28 16:29:38,964 RCV reinforcement info
2018-05-28 16:29:39,079 RF found but not transmitted
2018-05-28 16:29:39,752 RF found but not transmitted
2018-05-28 16:29:39,755 RF found but not transmitted
2018-05-28 16:29:39,756 hash found
2018-05-28 16:29:39,761 appended malicious propose 501362542e on top of 03289774bf
2018-05-28 16:29:39,761 REINFORCEMENT COLLECTING state
2018-05-28 16:29:39,839 SNT proposal
2018-05-28 16:29:40,042 RCV reinforcement
2018-05-28 16:29:40,076 RCV reinforcement
2018-05-28 16:29:40,465 RCV reinforcement info
2018-05-28 16:29:40,902 RCV reinforcement info
2018-05-28 16:29:40,992 RCV reinforcement info
2018-05-28 16:29:41,065 RF found but not transmitted
2018-05-28 16:29:41,274 RCV reinforcement info
2018-05-28 16:29:41,346 commit with 3 reinforcements
2018-05-28 16:29:41,409 appended malicious commit 3c6f64754a on top of 501362542e
2018-05-28 16:29:41,461 Weight: 67.57187460173648 #RFs 30
2018-05-28 16:29:41,463 weight: 67.57187460173648
2018-05-28 16:29:41,464 , 67.57187460173648
2018-05-28 16:29:41,464 MALICIOUS MINING state
2018-05-28 16:29:41,465 start mining - depth 16
2018-05-28 16:29:41,465 start mining - hash 3c6f64754a8f9dc70e5b4eebf4096c43dfcda7a106d9071201136c5440c5647b
2018-05-28 16:29:41,470 SNT commit
2018-05-28 16:29:43,410 RCV proposal
2018-05-28 16:29:43,413 appended malicious propose fe762678d5 on top of 3c6f64754a
2018-05-28 16:29:43,414 REINFORCEMENT SENT state
2018-05-28 16:29:43,807 RF found but not transmitted
2018-05-28 16:29:43,882 RF found but not transmitted
2018-05-28 16:29:44,531 RF found but not transmitted
2018-05-28 16:29:44,574 RCV reinforcement
2018-05-28 16:29:44,929 RCV commit
2018-05-28 16:29:44,930 appended malicious commit 2c2aa422aa on top of fe762678d5
2018-05-28 16:29:44,930 Weight: 68.57187460173648 #RFs 0
2018-05-28 16:29:44,930 weight: 68.57187460173648
2018-05-28 16:29:44,930 , 68.57187460173648
2018-05-28 16:29:44,931 MALICIOUS MINING state
2018-05-28 16:29:44,931 start mining - depth 17
2018-05-28 16:29:44,931 start mining - hash 2c2aa422aae39a7a7823f9dbad31365c253eb2211d0a11e60add51d3ad5a519f
2018-05-28 16:29:45,063 RF found but not transmitted
2018-05-28 16:29:45,143 RF found but not transmitted
2018-05-28 16:29:45,536 RF found but not transmitted
2018-05-28 16:29:45,980 RF found but not transmitted
2018-05-28 16:29:47,336 RF found but not transmitted
2018-05-28 16:29:47,583 RF found but not transmitted
2018-05-28 16:29:48,876 RF found but not transmitted
2018-05-28 16:29:49,149 RCV reinforcement info
2018-05-28 16:29:49,623 RF found but not transmitted
2018-05-28 16:29:50,339 RF found but not transmitted
2018-05-28 16:29:50,565 RCV reinforcement info
2018-05-28 16:29:50,751 RCV reinforcement info
2018-05-28 16:29:50,784 RF found but not transmitted
2018-05-28 16:29:50,860 RF found but not transmitted
2018-05-28 16:29:52,211 RCV reinforcement info
2018-05-28 16:29:52,285 RF found but not transmitted
2018-05-28 16:29:52,551 RF found but not transmitted
2018-05-28 16:29:52,734 RF found but not transmitted
2018-05-28 16:29:52,743 RCV reinforcement info
2018-05-28 16:29:54,084 RF found but not transmitted
2018-05-28 16:29:54,393 RCV reinforcement info
2018-05-28 16:29:54,984 RF found but not transmitted
2018-05-28 16:29:55,612 RF found but not transmitted
2018-05-28 16:29:56,370 RF found but not transmitted
2018-05-28 16:29:56,497 RF found but not transmitted
2018-05-28 16:29:57,010 RF found but not transmitted
2018-05-28 16:29:57,109 RCV proposal
2018-05-28 16:29:57,113 appended malicious propose 9af096b945 on top of 2c2aa422aa
2018-05-28 16:29:57,113 REINFORCEMENT SENT state
2018-05-28 16:29:57,114 SNT reinforcement
2018-05-28 16:29:57,129 RF found but not transmitted
2018-05-28 16:29:57,241 RCV reinforcement
2018-05-28 16:29:57,375 RF found but not transmitted
2018-05-28 16:29:57,392 RF found but not transmitted
2018-05-28 16:29:57,467 RCV reinforcement
2018-05-28 16:29:57,769 RF found but not transmitted
2018-05-28 16:29:57,939 RCV reinforcement info
2018-05-28 16:29:58,004 RCV reinforcement info
2018-05-28 16:29:58,160 RCV reinforcement info
2018-05-28 16:29:58,652 RCV commit
2018-05-28 16:29:58,661 appended malicious commit 92e9613b80 on top of 9af096b945
2018-05-28 16:29:58,705 Weight: 70.0602928255081 #RFs 3
2018-05-28 16:29:58,705 weight: 70.0602928255081
2018-05-28 16:29:58,705 , 70.0602928255081
2018-05-28 16:29:58,706 MALICIOUS MINING state
2018-05-28 16:29:58,711 start mining - depth 18
2018-05-28 16:29:58,711 start mining - hash 92e9613b80b8328290132029cb8329f690bee719ab60423ff99ea8bc812ca7f3
2018-05-28 16:29:58,712 Hashing frequency: 33384
2018-05-28 16:29:58,745 RCV reinforcement info
2018-05-28 16:29:58,880 RF found but not transmitted
2018-05-28 16:29:59,761 RF found but not transmitted
2018-05-28 16:29:59,988 RCV reinforcement info
2018-05-28 16:30:00,337 RF found but not transmitted
2018-05-28 16:30:00,345 RCV reinforcement info
2018-05-28 16:30:00,419 RCV reinforcement info
2018-05-28 16:30:00,478 RCV reinforcement info
2018-05-28 16:30:00,497 RF found but not transmitted
2018-05-28 16:30:00,573 RF found but not transmitted
2018-05-28 16:30:01,879 RF found but not transmitted
2018-05-28 16:30:02,623 RF found but not transmitted
2018-05-28 16:30:02,712 RF found but not transmitted
2018-05-28 16:30:02,835 RCV reinforcement info
2018-05-28 16:30:03,557 RF found but not transmitted
2018-05-28 16:30:03,892 RF found but not transmitted
2018-05-28 16:30:04,046 RF found but not transmitted
2018-05-28 16:30:04,274 RF found but not transmitted
2018-05-28 16:30:04,343 RF found but not transmitted
2018-05-28 16:30:04,379 RF found but not transmitted
2018-05-28 16:30:04,928 RF found but not transmitted
2018-05-28 16:30:05,122 RF found but not transmitted
2018-05-28 16:30:05,313 RF found but not transmitted
2018-05-28 16:30:06,205 RF found but not transmitted
2018-05-28 16:30:06,407 RF found but not transmitted
2018-05-28 16:30:07,924 RF found but not transmitted
2018-05-28 16:30:08,921 RF found but not transmitted
2018-05-28 16:30:09,581 RF found but not transmitted
2018-05-28 16:30:09,725 RF found but not transmitted
2018-05-28 16:30:10,116 RF found but not transmitted
2018-05-28 16:30:10,317 RCV reinforcement info
2018-05-28 16:30:10,321 RCV proposal
2018-05-28 16:30:10,331 appended honest propose 9326ec1399 on top of 696a80142f
2018-05-28 16:30:10,439 RCV reinforcement
2018-05-28 16:30:10,453 RCV reinforcement
2018-05-28 16:30:10,484 RCV reinforcement
2018-05-28 16:30:10,599 RCV reinforcement info
2018-05-28 16:30:10,668 RCV reinforcement
2018-05-28 16:30:11,650 RF found but not transmitted
2018-05-28 16:30:11,889 RCV commit
2018-05-28 16:30:12,046 appended honest commit 99f81f54a0 on top of 9326ec1399
2018-05-28 16:30:12,156 Weight: 87.90609425705925 #RFs 27
2018-05-28 16:30:12,156 weight: 87.90609425705925
2018-05-28 16:30:12,156 , 87.90609425705925
2018-05-28 16:30:12,368 RF found but not transmitted
2018-05-28 16:30:12,940 RF found but not transmitted
2018-05-28 16:30:13,418 RF found but not transmitted
2018-05-28 16:30:14,661 RCV reinforcement info
2018-05-28 16:30:15,044 RF found but not transmitted
2018-05-28 16:30:15,393 RCV reinforcement info
2018-05-28 16:30:15,747 RF found but not transmitted
2018-05-28 16:30:15,941 RCV reinforcement info
2018-05-28 16:30:16,146 RF found but not transmitted
2018-05-28 16:30:16,196 RF found but not transmitted
2018-05-28 16:30:16,360 RF found but not transmitted
2018-05-28 16:30:16,611 RCV reinforcement info
2018-05-28 16:30:16,733 RF found but not transmitted
2018-05-28 16:30:16,757 RF found but not transmitted
2018-05-28 16:30:16,966 RCV reinforcement info
2018-05-28 16:30:18,233 RF found but not transmitted
2018-05-28 16:30:18,350 RF found but not transmitted
2018-05-28 16:30:18,557 RF found but not transmitted
2018-05-28 16:30:18,745 RF found but not transmitted
2018-05-28 16:30:18,927 RF found but not transmitted
2018-05-28 16:30:19,950 RCV reinforcement info
2018-05-28 16:30:20,082 RF found but not transmitted
2018-05-28 16:30:20,828 RCV reinforcement info
2018-05-28 16:30:21,360 RCV reinforcement info
2018-05-28 16:30:21,406 RF found but not transmitted
2018-05-28 16:30:22,429 RF found but not transmitted
2018-05-28 16:30:23,068 RCV reinforcement info
2018-05-28 16:30:23,431 RF found but not transmitted
2018-05-28 16:30:23,466 RF found but not transmitted
2018-05-28 16:30:23,840 RF found but not transmitted
2018-05-28 16:30:24,342 RF found but not transmitted
2018-05-28 16:30:24,906 RF found but not transmitted
2018-05-28 16:30:25,143 RF found but not transmitted
2018-05-28 16:30:25,228 RCV reinforcement info
2018-05-28 16:30:25,499 RF found but not transmitted
2018-05-28 16:30:25,606 RF found but not transmitted
2018-05-28 16:30:25,816 RF found but not transmitted
2018-05-28 16:30:26,313 RCV reinforcement info
2018-05-28 16:30:26,573 RF found but not transmitted
2018-05-28 16:30:26,639 RF found but not transmitted
2018-05-28 16:30:26,938 RF found but not transmitted
2018-05-28 16:30:27,953 RCV reinforcement info
2018-05-28 16:30:28,539 RF found but not transmitted
2018-05-28 16:30:28,594 RF found but not transmitted
2018-05-28 16:30:29,834 RCV reinforcement info
2018-05-28 16:30:30,228 RCV reinforcement info
2018-05-28 16:30:30,273 RF found but not transmitted
2018-05-28 16:30:30,763 RF found but not transmitted
2018-05-28 16:30:30,898 RCV reinforcement info
2018-05-28 16:30:31,194 RF found but not transmitted
2018-05-28 16:30:31,199 RF found but not transmitted
2018-05-28 16:30:31,245 RF found but not transmitted
2018-05-28 16:30:31,783 RF found but not transmitted
2018-05-28 16:30:31,900 RCV reinforcement info
2018-05-28 16:30:32,443 RF found but not transmitted
2018-05-28 16:30:32,667 RCV reinforcement info
2018-05-28 16:30:33,035 RCV reinforcement info
2018-05-28 16:30:33,294 RCV reinforcement info
2018-05-28 16:30:33,531 RF found but not transmitted
2018-05-28 16:30:33,688 RCV reinforcement info
2018-05-28 16:30:34,510 RF found but not transmitted
2018-05-28 16:30:34,556 RF found but not transmitted
2018-05-28 16:30:35,109 RCV reinforcement info
2018-05-28 16:30:35,163 RF found but not transmitted
2018-05-28 16:30:35,640 RF found but not transmitted
2018-05-28 16:30:35,909 RF found but not transmitted
2018-05-28 16:30:36,195 RF found but not transmitted
2018-05-28 16:30:36,228 RF found but not transmitted
2018-05-28 16:30:36,265 RF found but not transmitted
2018-05-28 16:30:36,969 RF found but not transmitted
2018-05-28 16:30:37,077 RF found but not transmitted
2018-05-28 16:30:37,133 RF found but not transmitted
2018-05-28 16:30:37,381 RF found but not transmitted
2018-05-28 16:30:37,547 RF found but not transmitted
2018-05-28 16:30:38,534 RF found but not transmitted
2018-05-28 16:30:39,067 RF found but not transmitted
2018-05-28 16:30:39,556 RF found but not transmitted
2018-05-28 16:30:39,643 RF found but not transmitted
2018-05-28 16:30:39,860 RF found but not transmitted
2018-05-28 16:30:39,862 hash found
2018-05-28 16:30:39,865 appended malicious propose 8e26a2f3b2 on top of 92e9613b80
2018-05-28 16:30:39,865 REINFORCEMENT COLLECTING state
2018-05-28 16:30:39,930 SNT proposal
2018-05-28 16:30:40,042 RF found but not transmitted
2018-05-28 16:30:40,121 RCV reinforcement
2018-05-28 16:30:40,156 RCV reinforcement
2018-05-28 16:30:40,331 RF found but not transmitted
2018-05-28 16:30:40,935 RF found but not transmitted
2018-05-28 16:30:41,406 RF found but not transmitted
2018-05-28 16:30:41,418 RF found but not transmitted
2018-05-28 16:30:41,439 commit with 3 reinforcements
2018-05-28 16:30:41,490 appended malicious commit c2d0dac9dd on top of 8e26a2f3b2
2018-05-28 16:30:41,534 Weight: 76.65900044118835 #RFs 29
2018-05-28 16:30:41,534 weight: 76.65900044118835
2018-05-28 16:30:41,539 , 76.65900044118835
2018-05-28 16:30:41,539 MALICIOUS MINING state
2018-05-28 16:30:41,540 start mining - depth 19
2018-05-28 16:30:41,540 start mining - hash c2d0dac9dd07574347e0e4ce5c63dc403424f7053ac2ea1ef84c7c44c38a84dc
2018-05-28 16:30:41,540 SNT commit
2018-05-28 16:30:42,428 RF found but not transmitted
2018-05-28 16:30:42,488 RF found but not transmitted
2018-05-28 16:30:43,192 RCV reinforcement info
2018-05-28 16:30:43,437 RF found but not transmitted
2018-05-28 16:30:43,461 RF found but not transmitted
2018-05-28 16:30:43,579 RF found but not transmitted
2018-05-28 16:30:43,892 RF found but not transmitted
2018-05-28 16:30:43,953 RF found but not transmitted
2018-05-28 16:30:44,102 RF found but not transmitted
2018-05-28 16:30:44,612 RF found but not transmitted
2018-05-28 16:30:44,617 RCV reinforcement info
2018-05-28 16:30:45,085 RF found but not transmitted
2018-05-28 16:30:45,991 RF found but not transmitted
2018-05-28 16:30:46,261 RF found but not transmitted
2018-05-28 16:30:46,389 RCV reinforcement info
2018-05-28 16:30:46,422 RF found but not transmitted
2018-05-28 16:30:46,930 RF found but not transmitted
2018-05-28 16:30:48,074 RF found but not transmitted
2018-05-28 16:30:48,146 RF found but not transmitted
2018-05-28 16:30:48,524 RF found but not transmitted
2018-05-28 16:30:48,837 RF found but not transmitted
2018-05-28 16:30:49,008 RF found but not transmitted
2018-05-28 16:30:49,157 RCV reinforcement info
2018-05-28 16:30:49,787 RCV proposal
2018-05-28 16:30:49,793 appended honest propose d776ec4e28 on top of 99f81f54a0
2018-05-28 16:30:49,880 RCV reinforcement
2018-05-28 16:30:49,884 RCV reinforcement
2018-05-28 16:30:49,891 RCV reinforcement
2018-05-28 16:30:50,106 RF found but not transmitted
2018-05-28 16:30:50,113 RF found but not transmitted
2018-05-28 16:30:50,687 RF found but not transmitted
2018-05-28 16:30:51,123 RF found but not transmitted
2018-05-28 16:30:51,287 RF found but not transmitted
2018-05-28 16:30:51,418 RCV commit
2018-05-28 16:30:51,564 appended honest commit 06c1cbd5de on top of d776ec4e28
2018-05-28 16:30:51,673 Weight: 94.78280299632686 #RFs 25
2018-05-28 16:30:51,675 weight: 94.78280299632686
2018-05-28 16:30:51,675 , 94.78280299632686
2018-05-28 16:30:51,725 RCV proposal
2018-05-28 16:30:51,728 appended honest propose 2bab6d7fb5 on top of 06c1cbd5de
2018-05-28 16:30:51,800 RF found but not transmitted
2018-05-28 16:30:51,995 RF found but not transmitted
2018-05-28 16:30:52,043 RCV reinforcement info
2018-05-28 16:30:52,140 RCV reinforcement
2018-05-28 16:30:53,085 RF found but not transmitted
2018-05-28 16:30:53,230 RCV commit
2018-05-28 16:30:53,234 appended honest commit c905f2d2ac on top of 2bab6d7fb5
2018-05-28 16:30:53,236 Weight: 95.8482570775915 #RFs 1
2018-05-28 16:30:53,236 weight: 95.8482570775915
2018-05-28 16:30:53,236 , 95.8482570775915
2018-05-28 16:30:53,516 RCV reinforcement info
2018-05-28 16:30:53,773 RF found but not transmitted
2018-05-28 16:30:53,829 RF found but not transmitted
2018-05-28 16:30:53,955 RF found but not transmitted
2018-05-28 16:30:54,212 RF found but not transmitted
2018-05-28 16:30:54,311 RCV proposal
2018-05-28 16:30:54,313 appended honest propose aad32f1105 on top of c905f2d2ac
2018-05-28 16:30:54,390 RCV reinforcement
2018-05-28 16:30:54,762 RF found but not transmitted
2018-05-28 16:30:54,765 RCV reinforcement info
2018-05-28 16:30:54,872 RCV reinforcement
2018-05-28 16:30:55,337 RF found but not transmitted
2018-05-28 16:30:55,357 RF found but not transmitted
2018-05-28 16:30:55,746 RF found but not transmitted
2018-05-28 16:30:55,834 RCV commit
2018-05-28 16:30:55,837 appended honest commit e4222efaae on top of aad32f1105
2018-05-28 16:30:55,844 Weight: 96.93926976950237 #RFs 1
2018-05-28 16:30:55,844 weight: 96.93926976950237
2018-05-28 16:30:55,844 , 96.93926976950237
2018-05-28 16:30:56,043 RCV reinforcement info
2018-05-28 16:30:56,405 RF found but not transmitted
2018-05-28 16:30:56,922 RCV reinforcement info
2018-05-28 16:30:57,232 RF found but not transmitted
2018-05-28 16:30:57,338 RF found but not transmitted
2018-05-28 16:30:57,809 RCV reinforcement info
2018-05-28 16:30:58,063 RCV reinforcement info
2018-05-28 16:30:58,652 RF found but not transmitted
2018-05-28 16:30:58,927 RF found but not transmitted
2018-05-28 16:30:58,950 RF found but not transmitted
2018-05-28 16:30:59,547 RF found but not transmitted
2018-05-28 16:30:59,672 RCV reinforcement info
2018-05-28 16:30:59,769 RCV reinforcement info
2018-05-28 16:30:59,910 RF found but not transmitted
2018-05-28 16:31:00,177 RF found but not transmitted
2018-05-28 16:31:00,332 RF found but not transmitted
2018-05-28 16:31:00,542 RF found but not transmitted
2018-05-28 16:31:00,915 RF found but not transmitted
2018-05-28 16:31:00,940 RF found but not transmitted
2018-05-28 16:31:01,099 RF found but not transmitted
2018-05-28 16:31:01,660 RF found but not transmitted
2018-05-28 16:31:01,773 RCV reinforcement info
2018-05-28 16:31:02,083 RCV reinforcement info
2018-05-28 16:31:02,901 RF found but not transmitted
2018-05-28 16:31:04,205 RCV reinforcement info
2018-05-28 16:31:04,371 RCV reinforcement info
2018-05-28 16:31:04,968 RF found but not transmitted
2018-05-28 16:31:05,033 RCV reinforcement info
2018-05-28 16:31:05,271 RCV reinforcement info
2018-05-28 16:31:05,613 RF found but not transmitted
2018-05-28 16:31:05,809 RF found but not transmitted
2018-05-28 16:31:05,878 RF found but not transmitted
2018-05-28 16:31:05,988 RF found but not transmitted
2018-05-28 16:31:06,517 RF found but not transmitted
2018-05-28 16:31:06,576 RF found but not transmitted
2018-05-28 16:31:06,791 RCV reinforcement info
2018-05-28 16:31:06,877 RCV reinforcement info
2018-05-28 16:31:07,331 RF found but not transmitted
2018-05-28 16:31:07,693 RF found but not transmitted
2018-05-28 16:31:08,003 RCV reinforcement info
2018-05-28 16:31:09,492 RF found but not transmitted
2018-05-28 16:31:09,979 RF found but not transmitted
2018-05-28 16:31:10,240 RCV reinforcement info
2018-05-28 16:31:10,348 RF found but not transmitted
2018-05-28 16:31:10,605 RF found but not transmitted
2018-05-28 16:31:11,255 RF found but not transmitted
2018-05-28 16:31:11,433 RCV reinforcement info
2018-05-28 16:31:11,443 RF found but not transmitted
2018-05-28 16:31:11,520 RF found but not transmitted
2018-05-28 16:31:12,098 RCV reinforcement info
2018-05-28 16:31:12,141 RF found but not transmitted
2018-05-28 16:31:12,796 RCV reinforcement info
2018-05-28 16:31:13,164 RF found but not transmitted
2018-05-28 16:31:13,338 RF found but not transmitted
2018-05-28 16:31:13,373 RF found but not transmitted
2018-05-28 16:31:13,410 RF found but not transmitted
2018-05-28 16:31:13,755 RF found but not transmitted
2018-05-28 16:31:13,970 RF found but not transmitted
2018-05-28 16:31:14,311 RCV reinforcement info
2018-05-28 16:31:14,483 RF found but not transmitted
2018-05-28 16:31:15,053 RF found but not transmitted
2018-05-28 16:31:15,480 RF found but not transmitted
2018-05-28 16:31:15,764 RF found but not transmitted
2018-05-28 16:31:16,375 RF found but not transmitted
2018-05-28 16:31:16,727 RF found but not transmitted
2018-05-28 16:31:16,738 RF found but not transmitted
2018-05-28 16:31:16,793 RF found but not transmitted
2018-05-28 16:31:16,853 RF found but not transmitted
2018-05-28 16:31:17,193 RF found but not transmitted
2018-05-28 16:31:17,473 RF found but not transmitted
2018-05-28 16:31:17,511 RF found but not transmitted
2018-05-28 16:31:17,521 RF found but not transmitted
2018-05-28 16:31:17,682 RF found but not transmitted
2018-05-28 16:31:17,966 RF found but not transmitted
2018-05-28 16:31:18,075 RF found but not transmitted
2018-05-28 16:31:18,353 RCV reinforcement info
2018-05-28 16:31:18,421 RF found but not transmitted
2018-05-28 16:31:18,666 RF found but not transmitted
2018-05-28 16:31:18,794 RF found but not transmitted
2018-05-28 16:31:19,149 RCV reinforcement info
2018-05-28 16:31:19,195 RF found but not transmitted
2018-05-28 16:31:19,332 RF found but not transmitted
2018-05-28 16:31:19,619 RF found but not transmitted
2018-05-28 16:31:21,197 RCV reinforcement info
2018-05-28 16:31:21,282 RF found but not transmitted
2018-05-28 16:31:21,339 RF found but not transmitted
2018-05-28 16:31:21,598 RF found but not transmitted
2018-05-28 16:31:21,770 RCV reinforcement info
2018-05-28 16:31:22,100 RF found but not transmitted
2018-05-28 16:31:22,126 RF found but not transmitted
2018-05-28 16:31:22,481 RF found but not transmitted
2018-05-28 16:31:22,833 RF found but not transmitted
2018-05-28 16:31:23,140 RCV reinforcement info
2018-05-28 16:31:23,255 RF found but not transmitted
2018-05-28 16:31:23,394 RF found but not transmitted
2018-05-28 16:31:23,581 RF found but not transmitted
2018-05-28 16:31:24,392 RCV reinforcement info
2018-05-28 16:31:24,597 RF found but not transmitted
2018-05-28 16:31:24,953 RF found but not transmitted
2018-05-28 16:31:25,119 RF found but not transmitted
2018-05-28 16:31:26,231 RF found but not transmitted
2018-05-28 16:31:26,236 RF found but not transmitted
2018-05-28 16:31:26,711 RF found but not transmitted
2018-05-28 16:31:26,864 RF found but not transmitted
2018-05-28 16:31:27,335 RF found but not transmitted
2018-05-28 16:31:27,643 RF found but not transmitted
2018-05-28 16:31:27,687 RF found but not transmitted
2018-05-28 16:31:27,931 RCV reinforcement info
2018-05-28 16:31:28,062 RF found but not transmitted
2018-05-28 16:31:29,339 RF found but not transmitted
2018-05-28 16:31:29,531 RF found but not transmitted
2018-05-28 16:31:29,622 RF found but not transmitted
2018-05-28 16:31:30,157 RF found but not transmitted
2018-05-28 16:31:30,356 RCV reinforcement info
2018-05-28 16:31:30,376 RF found but not transmitted
2018-05-28 16:31:30,465 RF found but not transmitted
2018-05-28 16:31:32,080 RCV reinforcement info
2018-05-28 16:31:32,144 RF found but not transmitted
2018-05-28 16:31:32,298 RF found but not transmitted
2018-05-28 16:31:32,339 RF found but not transmitted
2018-05-28 16:31:32,385 RF found but not transmitted
2018-05-28 16:31:32,596 RF found but not transmitted
2018-05-28 16:31:32,871 RCV reinforcement info
2018-05-28 16:31:33,313 RCV reinforcement info
2018-05-28 16:31:33,382 RCV reinforcement info
2018-05-28 16:31:33,410 RCV reinforcement info
2018-05-28 16:31:33,445 RF found but not transmitted
2018-05-28 16:31:33,650 RF found but not transmitted
2018-05-28 16:31:33,820 RCV reinforcement info
2018-05-28 16:31:33,853 RF found but not transmitted
2018-05-28 16:31:33,864 RF found but not transmitted
2018-05-28 16:31:34,355 RF found but not transmitted
2018-05-28 16:31:34,372 RF found but not transmitted
2018-05-28 16:31:34,889 RF found but not transmitted
2018-05-28 16:31:35,628 RF found but not transmitted
2018-05-28 16:31:35,828 RF found but not transmitted
2018-05-28 16:31:36,755 RF found but not transmitted
2018-05-28 16:31:36,877 RCV reinforcement info
2018-05-28 16:31:36,981 RCV proposal
2018-05-28 16:31:36,984 appended honest propose 1e5fe0ad45 on top of e4222efaae
2018-05-28 16:31:37,120 RCV reinforcement
2018-05-28 16:31:37,145 RCV reinforcement
2018-05-28 16:31:37,173 RCV reinforcement
2018-05-28 16:31:37,634 RF found but not transmitted
2018-05-28 16:31:38,168 RF found but not transmitted
2018-05-28 16:31:38,456 RF found but not transmitted
2018-05-28 16:31:38,555 RCV commit
2018-05-28 16:31:38,743 appended honest commit e04a687cad on top of 1e5fe0ad45
2018-05-28 16:31:38,892 Weight: 104.73655516974682 #RFs 35
2018-05-28 16:31:38,895 weight: 104.73655516974682
2018-05-28 16:31:38,897 , 104.73655516974682
2018-05-28 16:31:39,089 RF found but not transmitted
2018-05-28 16:31:39,101 RF found but not transmitted
2018-05-28 16:31:39,256 RCV reinforcement info
2018-05-28 16:31:39,333 RF found but not transmitted
2018-05-28 16:31:40,589 RF found but not transmitted
2018-05-28 16:31:40,909 RCV reinforcement info
2018-05-28 16:31:40,960 RF found but not transmitted
2018-05-28 16:31:41,019 RF found but not transmitted
2018-05-28 16:31:41,667 RF found but not transmitted
2018-05-28 16:31:41,736 RF found but not transmitted
2018-05-28 16:31:41,847 RF found but not transmitted
2018-05-28 16:31:42,071 RF found but not transmitted
2018-05-28 16:31:42,140 RCV reinforcement info
2018-05-28 16:31:42,345 RF found but not transmitted
2018-05-28 16:31:42,631 RCV proposal
2018-05-28 16:31:42,634 appended honest propose 0d7cab05b0 on top of e04a687cad
2018-05-28 16:31:42,780 RCV reinforcement
2018-05-28 16:31:42,819 RCV reinforcement
2018-05-28 16:31:42,859 RF found but not transmitted
2018-05-28 16:31:43,194 RF found but not transmitted
2018-05-28 16:31:43,451 RF found but not transmitted
2018-05-28 16:31:43,600 RF found but not transmitted
2018-05-28 16:31:44,007 RF found but not transmitted
2018-05-28 16:31:44,049 RCV commit
2018-05-28 16:31:44,063 appended honest commit cbd93b9ed6 on top of 0d7cab05b0
2018-05-28 16:31:44,086 Weight: 106.19675454859218 #RFs 3
2018-05-28 16:31:44,087 weight: 106.19675454859218
2018-05-28 16:31:44,087 , 106.19675454859218
2018-05-28 16:31:44,452 RF found but not transmitted
2018-05-28 16:31:44,747 RF found but not transmitted
2018-05-28 16:31:44,937 RF found but not transmitted
2018-05-28 16:31:45,656 RF found but not transmitted
2018-05-28 16:31:45,672 RF found but not transmitted
2018-05-28 16:31:46,136 RCV reinforcement info
2018-05-28 16:31:46,168 RF found but not transmitted
2018-05-28 16:31:46,559 RF found but not transmitted
2018-05-28 16:31:46,596 RF found but not transmitted
2018-05-28 16:31:46,779 RF found but not transmitted
2018-05-28 16:31:46,848 RF found but not transmitted
2018-05-28 16:31:46,981 RF found but not transmitted
2018-05-28 16:31:47,482 RF found but not transmitted
2018-05-28 16:31:47,852 RF found but not transmitted
2018-05-28 16:31:48,520 RF found but not transmitted
2018-05-28 16:31:49,427 RF found but not transmitted
2018-05-28 16:31:49,854 RF found but not transmitted
2018-05-28 16:31:50,005 RF found but not transmitted
2018-05-28 16:31:50,391 RCV reinforcement info
2018-05-28 16:31:50,863 RCV reinforcement info
2018-05-28 16:31:51,330 RF found but not transmitted
2018-05-28 16:31:51,435 RF found but not transmitted
2018-05-28 16:31:51,528 RF found but not transmitted
2018-05-28 16:31:51,912 RF found but not transmitted
2018-05-28 16:31:52,685 RF found but not transmitted
2018-05-28 16:31:52,837 RF found but not transmitted
2018-05-28 16:31:53,027 RCV reinforcement info
2018-05-28 16:31:53,320 RF found but not transmitted
2018-05-28 16:31:53,724 RF found but not transmitted
2018-05-28 16:31:53,727 hash found
2018-05-28 16:31:53,730 appended malicious propose 09978f13f1 on top of c2d0dac9dd
2018-05-28 16:31:53,730 REINFORCEMENT COLLECTING state
2018-05-28 16:31:53,811 SNT proposal
2018-05-28 16:31:54,048 RCV reinforcement
2018-05-28 16:31:54,132 RCV reinforcement
2018-05-28 16:31:54,183 RF found but not transmitted
2018-05-28 16:31:54,280 RF found but not transmitted
2018-05-28 16:31:54,344 RF found but not transmitted
2018-05-28 16:31:54,701 RCV reinforcement
2018-05-28 16:31:54,936 RCV reinforcement info
2018-05-28 16:31:55,050 RCV proposal
2018-05-28 16:31:55,053 appended honest propose ebba973024 on top of cbd93b9ed6
2018-05-28 16:31:55,249 RCV reinforcement
2018-05-28 16:31:55,251 W: received reinforcement for ebba973024 instead of 09978f13f1
2018-05-28 16:31:55,292 RCV reinforcement
2018-05-28 16:31:55,294 W: received reinforcement for ebba973024 instead of 09978f13f1
2018-05-28 16:31:55,316 commit with 3 reinforcements
2018-05-28 16:31:55,363 RF found but not transmitted
2018-05-28 16:31:55,454 appended malicious commit 4b26734a06 on top of 09978f13f1
2018-05-28 16:31:55,563 Weight: 86.1237639353545 #RFs 44
2018-05-28 16:31:55,563 weight: 86.1237639353545
2018-05-28 16:31:55,563 , 86.1237639353545
2018-05-28 16:31:55,569 MALICIOUS MINING state
2018-05-28 16:31:55,570 END: HONEST WIN. 106.19675454859218 against 106.1237639353545
2018-05-28 16:31:55,570 start mining - depth 20
2018-05-28 16:31:55,571 start mining - hash 4b26734a064eebc0ec0e630fd44d4cd6fca3763610e84ce0da14922e125b7661
2018-05-28 16:31:55,571 Hashing frequency: 70411
2018-05-28 16:31:55,572 SNT commit
2018-05-28 16:31:55,725 RCV reinforcement info
2018-05-28 16:31:55,972 RCV reinforcement
2018-05-28 16:31:56,205 RF found but not transmitted
2018-05-28 16:31:56,316 RF found but not transmitted
2018-05-28 16:31:56,585 RCV reinforcement info
2018-05-28 16:31:56,603 RCV reinforcement info
2018-05-28 16:31:56,760 RCV commit
2018-05-28 16:31:56,786 appended honest commit fc4f4559b5 on top of ebba973024
2018-05-28 16:31:56,806 Weight: 108.17455454265428 #RFs 6
2018-05-28 16:31:56,806 weight: 108.17455454265428
2018-05-28 16:31:56,806 , 108.17455454265428
2018-05-28 16:31:56,855 RCV reinforcement
2018-05-28 16:31:56,862 RCV reinforcement
2018-05-28 16:31:57,190 RF found but not transmitted
2018-05-28 16:31:57,271 RCV reinforcement info
2018-05-28 16:31:57,664 RCV reinforcement
2018-05-28 16:31:58,039 RCV reinforcement info
2018-05-28 16:31:58,285 RF found but not transmitted
2018-05-28 16:31:58,702 RCV reinforcement info
2018-05-28 16:31:58,931 RF found but not transmitted
2018-05-28 16:31:58,986 RF found but not transmitted
2018-05-28 16:31:59,187 RF found but not transmitted
2018-05-28 16:31:59,297 RF found but not transmitted
