2018-06-11 23:37:54,285 ---------------------------------------------------------
2018-06-11 23:37:54,286 MINING state
2018-06-11 23:37:55,301 start mining - depth 0
2018-06-11 23:37:55,302 start mining - hash 97c44597a940e5615eca7ef390b522786728ebaa9f711fad94a62a97efb7ffb5
2018-06-11 23:37:55,772 RF found but not transmitted
2018-06-11 23:37:55,773 RF found
2018-06-11 23:37:55,775 SNT reinforcement_information
2018-06-11 23:37:55,866 RCV proposal
2018-06-11 23:37:55,868 appended honest propose a840ff0c6b on top of 97c44597a9
2018-06-11 23:37:55,868 REINFORCEMENT SENT state
2018-06-11 23:37:55,868 RFs > 0 
2018-06-11 23:37:55,869 SNT reinforcement
2018-06-11 23:37:55,974 RCV reinforcement info
2018-06-11 23:37:55,988 , 0.15925219324101073
2018-06-11 23:37:56,055 RCV reinforcement
2018-06-11 23:37:56,945 RCV reinforcement info
2018-06-11 23:37:56,951 , 0.23574972116341064
2018-06-11 23:37:57,054 RCV reinforcement
2018-06-11 23:37:57,292 RCV commit
2018-06-11 23:37:57,313 appended honest commit 388c6a6d64 on top of a840ff0c6b
2018-06-11 23:37:57,318 Weight: 1.2357497211634105 #RFs 3
2018-06-11 23:37:57,319 weight: 1.2357497211634105
2018-06-11 23:37:57,319 , 1.2357497211634105
2018-06-11 23:37:57,319 MINING state
2018-06-11 23:37:57,319 start mining - depth 1
2018-06-11 23:37:57,320 start mining - hash 388c6a6d64f579ac0c694e1f7394844b27206f5a4603244ee6fd7dd6b104f70a
2018-06-11 23:37:57,651 RCV reinforcement info
2018-06-11 23:37:57,656 , 1.5061629950836455
2018-06-11 23:37:59,757 RCV reinforcement info
2018-06-11 23:37:59,761 , 1.5866480747206997
2018-06-11 23:38:02,172 RCV proposal
2018-06-11 23:38:02,177 appended honest propose 32508dec78 on top of 388c6a6d64
2018-06-11 23:38:02,177 REINFORCEMENT SENT state
2018-06-11 23:38:02,254 RCV reinforcement
2018-06-11 23:38:02,992 RF found but not transmitted
2018-06-11 23:38:02,996 SNT reinforcement_information
2018-06-11 23:38:03,052 SNT reinforcement
2018-06-11 23:38:03,078 RF found but not transmitted
2018-06-11 23:38:03,127 SNT reinforcement_information
2018-06-11 23:38:03,187 SNT reinforcement
2018-06-11 23:38:03,699 RCV commit
2018-06-11 23:38:03,723 appended honest commit ca4ac81bd4 on top of 32508dec78
2018-06-11 23:38:03,744 Weight: 4.22543002916691 #RFs 4
2018-06-11 23:38:03,744 weight: 4.22543002916691
2018-06-11 23:38:03,745 , 4.22543002916691
2018-06-11 23:38:03,745 MINING state
2018-06-11 23:38:03,747 start mining - depth 2
2018-06-11 23:38:03,747 start mining - hash ca4ac81bd46defd2b0bc6ea938e58e828aaac9c5db1a9d72c3306659c3df2163
2018-06-11 23:38:04,272 RCV reinforcement info
2018-06-11 23:38:04,276 , 4.342445423981727
2018-06-11 23:38:07,236 RCV reinforcement info
2018-06-11 23:38:07,243 , 4.405397136318958
2018-06-11 23:38:07,279 RCV reinforcement info
2018-06-11 23:38:07,283 , 4.549665351431998
2018-06-11 23:38:07,429 RF found but not transmitted
2018-06-11 23:38:07,431 RF found
2018-06-11 23:38:07,433 SNT reinforcement_information
2018-06-11 23:38:08,383 RCV reinforcement info
2018-06-11 23:38:08,388 , 4.743804501645177
2018-06-11 23:38:08,464 RF found but not transmitted
2018-06-11 23:38:08,465 RF found
2018-06-11 23:38:08,467 SNT reinforcement_information
2018-06-11 23:38:09,250 RCV reinforcement info
2018-06-11 23:38:09,254 , 4.986962309762321
2018-06-11 23:38:09,774 RCV reinforcement info
2018-06-11 23:38:09,780 , 5.1449427307293725
2018-06-11 23:38:10,580 RCV reinforcement info
2018-06-11 23:38:10,584 , 5.564203963545131
2018-06-11 23:38:11,504 RCV reinforcement info
2018-06-11 23:38:11,509 , 5.69275007450863
2018-06-11 23:38:13,024 RCV reinforcement info
2018-06-11 23:38:13,028 , 5.7910095954856775
2018-06-11 23:38:13,862 RF found but not transmitted
2018-06-11 23:38:13,863 RF found
2018-06-11 23:38:13,865 SNT reinforcement_information
2018-06-11 23:38:14,455 RCV reinforcement info
2018-06-11 23:38:14,460 , 5.925169023568358
2018-06-11 23:38:14,468 RCV reinforcement info
2018-06-11 23:38:14,472 , 5.998894831059643
2018-06-11 23:38:15,279 RCV reinforcement info
2018-06-11 23:38:15,284 , 6.138359154593957
2018-06-11 23:38:15,348 RF found but not transmitted
2018-06-11 23:38:15,349 RF found
2018-06-11 23:38:15,350 SNT reinforcement_information
2018-06-11 23:38:18,314 RF found but not transmitted
2018-06-11 23:38:18,315 RF found
2018-06-11 23:38:18,316 SNT reinforcement_information
2018-06-11 23:38:20,797 RF found but not transmitted
2018-06-11 23:38:20,798 RF found
2018-06-11 23:38:20,799 SNT reinforcement_information
2018-06-11 23:38:21,146 RCV reinforcement info
2018-06-11 23:38:21,150 , 6.715110166203455
2018-06-11 23:38:21,552 RCV reinforcement info
2018-06-11 23:38:21,557 , 6.815258403243897
2018-06-11 23:38:22,182 RCV reinforcement info
2018-06-11 23:38:22,187 , 6.893486478339417
2018-06-11 23:38:22,327 RCV reinforcement info
2018-06-11 23:38:22,334 , 6.976418017723065
2018-06-11 23:38:22,344 RCV reinforcement info
2018-06-11 23:38:22,359 , 7.188113751639394
2018-06-11 23:38:23,397 RCV reinforcement info
2018-06-11 23:38:23,401 , 7.357292284422279
2018-06-11 23:38:23,763 RCV reinforcement info
2018-06-11 23:38:23,768 , 7.433168890735502
2018-06-11 23:38:24,531 RCV reinforcement info
2018-06-11 23:38:24,535 , 7.521459707434402
2018-06-11 23:38:24,657 RCV reinforcement info
2018-06-11 23:38:24,661 , 8.010551088595511
2018-06-11 23:38:25,027 RCV reinforcement info
2018-06-11 23:38:25,032 , 8.088727896456444
2018-06-11 23:38:25,923 RCV reinforcement info
2018-06-11 23:38:25,928 , 8.403730807300892
2018-06-11 23:38:26,775 RCV reinforcement info
2018-06-11 23:38:26,779 , 8.476029891190809
2018-06-11 23:38:27,025 RCV reinforcement info
2018-06-11 23:38:27,030 , 8.720480787750704
2018-06-11 23:38:27,685 RCV proposal
2018-06-11 23:38:27,688 appended honest propose 0f78b697ca on top of ca4ac81bd4
2018-06-11 23:38:27,688 REINFORCEMENT SENT state
2018-06-11 23:38:27,688 RFs > 0 
2018-06-11 23:38:27,689 SNT reinforcement
2018-06-11 23:38:27,885 RCV reinforcement
2018-06-11 23:38:27,888 RCV reinforcement
2018-06-11 23:38:27,897 RCV reinforcement
2018-06-11 23:38:27,904 RCV reinforcement
2018-06-11 23:38:27,933 RCV reinforcement
2018-06-11 23:38:28,266 RCV reinforcement info
2018-06-11 23:38:28,271 , 9.176919130627134
2018-06-11 23:38:28,352 RCV reinforcement
2018-06-11 23:38:28,839 RCV reinforcement info
2018-06-11 23:38:28,844 , 9.26658124892085
2018-06-11 23:38:28,903 RCV reinforcement info
2018-06-11 23:38:28,908 , 9.378833276976948
2018-06-11 23:38:28,929 RCV reinforcement
2018-06-11 23:38:28,984 RCV reinforcement
2018-06-11 23:38:29,296 RCV commit
2018-06-11 23:38:29,444 appended honest commit 388fa77f0f on top of 0f78b697ca
2018-06-11 23:38:29,675 Weight: 10.28917115868323 #RFs 33
2018-06-11 23:38:29,675 weight: 10.28917115868323
2018-06-11 23:38:29,676 , 10.28917115868323
2018-06-11 23:38:29,676 MINING state
2018-06-11 23:38:29,676 start mining - depth 3
2018-06-11 23:38:29,677 start mining - hash 388fa77f0fc66ec1fc039f69deddb286f8e59412f44c6c4d4211d21f425500e8
2018-06-11 23:38:29,942 RCV reinforcement info
2018-06-11 23:38:29,948 , 10.407856132613086
2018-06-11 23:38:31,455 RF found but not transmitted
2018-06-11 23:38:31,458 RF found
2018-06-11 23:38:31,461 SNT reinforcement_information
2018-06-11 23:38:31,935 RF found but not transmitted
2018-06-11 23:38:31,936 hash found
2018-06-11 23:38:31,940 appended honest propose 27b280d24a on top of 388fa77f0f
2018-06-11 23:38:31,940 REINFORCEMENT COLLECTING state
2018-06-11 23:38:31,994 SNT proposal
2018-06-11 23:38:32,144 RCV reinforcement
2018-06-11 23:38:32,221 RCV reinforcement info
2018-06-11 23:38:32,229 , 11.030158188242096
2018-06-11 23:38:32,300 RCV reinforcement
2018-06-11 23:38:33,497 commit with 3 reinforcements
2018-06-11 23:38:33,501 appended honest commit 0586ce0437 on top of 27b280d24a
2018-06-11 23:38:33,504 Weight: 12.030158188242096 #RFs 3
2018-06-11 23:38:33,504 weight: 12.030158188242096
2018-06-11 23:38:33,504 , 12.030158188242096
2018-06-11 23:38:33,504 MINING state
2018-06-11 23:38:33,504 start mining - depth 4
2018-06-11 23:38:33,505 start mining - hash 0586ce0437433d8474792d73e3c61854183c71fe27a9ba44f2dd6c9e5cdd71b0
2018-06-11 23:38:33,505 SNT commit
2018-06-11 23:38:35,204 RF found but not transmitted
2018-06-11 23:38:35,205 RF found
2018-06-11 23:38:35,207 SNT reinforcement_information
2018-06-11 23:38:36,417 RCV reinforcement info
2018-06-11 23:38:36,421 , 12.49913772397438
2018-06-11 23:38:36,430 RCV reinforcement info
2018-06-11 23:38:36,434 , 12.685933828378875
2018-06-11 23:38:37,714 RCV reinforcement info
2018-06-11 23:38:37,719 , 13.147332623607467
2018-06-11 23:38:38,463 RCV reinforcement info
2018-06-11 23:38:38,467 , 13.241490034505281
2018-06-11 23:38:39,064 RCV reinforcement info
2018-06-11 23:38:39,068 , 13.677538967576567
2018-06-11 23:38:39,406 RCV reinforcement info
2018-06-11 23:38:39,411 , 13.747088105322486
2018-06-11 23:38:40,049 RF found but not transmitted
2018-06-11 23:38:40,050 RF found
2018-06-11 23:38:40,052 SNT reinforcement_information
2018-06-11 23:38:40,579 RCV reinforcement info
2018-06-11 23:38:40,583 , 14.758735681790865
2018-06-11 23:38:40,766 RCV reinforcement info
2018-06-11 23:38:40,771 , 14.83664111859175
2018-06-11 23:38:41,186 RCV reinforcement info
2018-06-11 23:38:41,190 , 14.907965330952553
2018-06-11 23:38:41,334 RCV reinforcement info
2018-06-11 23:38:41,341 , 15.199733270893079
2018-06-11 23:38:43,182 RCV reinforcement info
2018-06-11 23:38:43,187 , 15.47508319386827
2018-06-11 23:38:43,488 RF found but not transmitted
2018-06-11 23:38:43,491 RF found
2018-06-11 23:38:43,494 SNT reinforcement_information
2018-06-11 23:38:43,839 RCV reinforcement info
2018-06-11 23:38:43,845 , 15.634167763186145
2018-06-11 23:38:44,417 RCV reinforcement info
2018-06-11 23:38:44,421 , 15.71283227546867
2018-06-11 23:38:44,632 RCV reinforcement info
2018-06-11 23:38:44,638 , 16.43433195684984
2018-06-11 23:38:44,763 RCV reinforcement info
2018-06-11 23:38:44,767 , 16.50600780195409
2018-06-11 23:38:44,990 RCV reinforcement info
2018-06-11 23:38:44,994 , 16.733614340848153
2018-06-11 23:38:45,121 RF found but not transmitted
2018-06-11 23:38:45,122 RF found
2018-06-11 23:38:45,124 SNT reinforcement_information
2018-06-11 23:38:47,292 RCV reinforcement info
2018-06-11 23:38:47,299 , 16.925699199019384
2018-06-11 23:38:47,428 RCV reinforcement info
2018-06-11 23:38:47,433 , 17.027093409006156
2018-06-11 23:38:49,094 RF found but not transmitted
2018-06-11 23:38:49,095 RF found
2018-06-11 23:38:49,097 SNT reinforcement_information
2018-06-11 23:38:49,933 RCV reinforcement info
2018-06-11 23:38:49,950 , 17.628765226917125
2018-06-11 23:38:50,762 RF found but not transmitted
2018-06-11 23:38:50,763 RF found
2018-06-11 23:38:50,764 SNT reinforcement_information
2018-06-11 23:38:51,178 RCV reinforcement info
2018-06-11 23:38:51,183 , 18.31603540242487
2018-06-11 23:38:51,415 RCV reinforcement info
2018-06-11 23:38:51,419 , 18.498369455606205
2018-06-11 23:38:52,197 RF found but not transmitted
2018-06-11 23:38:52,199 RF found
2018-06-11 23:38:52,202 SNT reinforcement_information
2018-06-11 23:38:53,835 RCV reinforcement info
2018-06-11 23:38:53,839 , 18.65609177949825
2018-06-11 23:38:54,250 RCV proposal
2018-06-11 23:38:54,254 appended honest propose b5670d8aed on top of 0586ce0437
2018-06-11 23:38:54,254 REINFORCEMENT SENT state
2018-06-11 23:38:54,254 RFs > 0 
2018-06-11 23:38:54,255 SNT reinforcement
2018-06-11 23:38:54,428 RCV reinforcement
2018-06-11 23:38:54,470 RCV reinforcement
2018-06-11 23:38:54,510 RCV reinforcement
2018-06-11 23:38:54,514 RCV reinforcement
2018-06-11 23:38:54,529 RCV reinforcement
2018-06-11 23:38:54,575 RCV reinforcement info
2018-06-11 23:38:54,585 , 18.8526914379514
2018-06-11 23:38:54,644 RCV reinforcement
2018-06-11 23:38:55,309 RCV reinforcement info
2018-06-11 23:38:55,313 , 18.952140324156247
2018-06-11 23:38:55,314 RF found but not transmitted
2018-06-11 23:38:55,323 SNT reinforcement_information
2018-06-11 23:38:55,404 SNT reinforcement
2018-06-11 23:38:55,569 RCV reinforcement
2018-06-11 23:38:55,573 RCV reinforcement info
2018-06-11 23:38:55,579 , 19.123453983555017
2018-06-11 23:38:55,643 RCV reinforcement
2018-06-11 23:38:55,825 RCV reinforcement info
2018-06-11 23:38:55,833 , 19.189865337183008
2018-06-11 23:38:55,909 RCV reinforcement
2018-06-11 23:38:55,988 RCV commit
2018-06-11 23:38:56,214 appended honest commit bc476310d4 on top of b5670d8aed
2018-06-11 23:38:56,399 Weight: 20.123453983555017 #RFs 33
2018-06-11 23:38:56,399 weight: 20.123453983555017
2018-06-11 23:38:56,411 , 20.123453983555017
2018-06-11 23:38:56,412 MINING state
2018-06-11 23:38:56,412 start mining - depth 5
2018-06-11 23:38:56,413 start mining - hash bc476310d48ab399a2c54398b28fce1bb372b2ee94e50841a8f0f15f462e6743
2018-06-11 23:38:56,414 Hashing frequency: 4445
2018-06-11 23:38:56,421 RCV reinforcement info
2018-06-11 23:38:56,426 RCV reinforcement info
2018-06-11 23:38:56,429 RCV reinforcement
2018-06-11 23:38:56,445 RCV reinforcement
2018-06-11 23:38:56,589 RCV proposal
2018-06-11 23:38:56,593 appended malicious propose 6d9c34dd97 on top of 0586ce0437
2018-06-11 23:38:56,685 RCV reinforcement
2018-06-11 23:38:56,701 RCV reinforcement
2018-06-11 23:38:57,755 RCV reinforcement info
2018-06-11 23:38:57,761 , 20.218607777296125
2018-06-11 23:38:57,925 RCV reinforcement info
2018-06-11 23:38:57,930 , 20.492894056753062
2018-06-11 23:38:58,030 RCV reinforcement
2018-06-11 23:38:58,106 RCV commit
2018-06-11 23:38:58,161 appended malicious commit b3d26d309d on top of 6d9c34dd97
2018-06-11 23:38:58,228 Weight: 14.534456334557259 #RFs 10
2018-06-11 23:38:58,230 weight: 14.534456334557259
2018-06-11 23:38:58,230 , 14.534456334557259
2018-06-11 23:38:58,335 RCV reinforcement info
2018-06-11 23:38:58,339 , 20.654504946722522
2018-06-11 23:38:58,965 RF found but not transmitted
2018-06-11 23:38:58,967 RF found
2018-06-11 23:38:58,969 SNT reinforcement_information
2018-06-11 23:38:59,065 RCV reinforcement info
2018-06-11 23:38:59,068 , 21.07346610651543
2018-06-11 23:38:59,533 RCV reinforcement info
2018-06-11 23:38:59,536 , 21.139283187972335
2018-06-11 23:39:00,417 RCV reinforcement info
2018-06-11 23:39:00,422 , 21.23486977954544
2018-06-11 23:39:00,567 RF found but not transmitted
2018-06-11 23:39:00,569 RF found
2018-06-11 23:39:00,570 SNT reinforcement_information
2018-06-11 23:39:00,702 RF found but not transmitted
2018-06-11 23:39:02,605 RF found but not transmitted
2018-06-11 23:39:02,987 RCV proposal
2018-06-11 23:39:02,990 appended honest propose e605c1b3ac on top of bc476310d4
2018-06-11 23:39:02,991 REINFORCEMENT SENT state
2018-06-11 23:39:02,991 RFs > 0 
2018-06-11 23:39:02,992 SNT reinforcement
2018-06-11 23:39:03,199 RCV reinforcement
2018-06-11 23:39:03,215 RCV reinforcement
2018-06-11 23:39:03,222 RCV reinforcement
2018-06-11 23:39:03,229 RCV reinforcement
2018-06-11 23:39:03,233 RCV reinforcement
2018-06-11 23:39:04,341 RCV reinforcement info
2018-06-11 23:39:04,347 , 21.419975366720877
2018-06-11 23:39:04,422 RCV reinforcement
2018-06-11 23:39:04,528 RCV commit
2018-06-11 23:39:04,592 appended honest commit be24720cb5 on top of e605c1b3ac
2018-06-11 23:39:04,648 Weight: 22.419975366720877 #RFs 9
2018-06-11 23:39:04,648 weight: 22.419975366720877
2018-06-11 23:39:04,648 , 22.419975366720877
2018-06-11 23:39:04,649 MINING state
2018-06-11 23:39:04,649 start mining - depth 6
2018-06-11 23:39:04,649 start mining - hash be24720cb5be3b4d9caecd356384efb8bc9c1ef3f743a8b02b57dfe13292b592
2018-06-11 23:39:04,834 RCV reinforcement info
2018-06-11 23:39:04,841 , 22.618404206017996
2018-06-11 23:39:04,846 RCV reinforcement info
2018-06-11 23:39:04,864 , 23.319724305776084
2018-06-11 23:39:05,317 RF found but not transmitted
2018-06-11 23:39:05,340 RCV reinforcement info
2018-06-11 23:39:05,347 , 23.454515488973275
2018-06-11 23:39:05,721 RCV reinforcement info
2018-06-11 23:39:05,726 , 23.54980102441737
2018-06-11 23:39:07,033 RCV reinforcement info
2018-06-11 23:39:07,039 , 23.716415781862263
2018-06-11 23:39:07,399 RCV proposal
2018-06-11 23:39:07,402 appended honest propose 85bc40a776 on top of be24720cb5
2018-06-11 23:39:07,402 REINFORCEMENT SENT state
2018-06-11 23:39:07,488 RCV reinforcement
2018-06-11 23:39:07,508 RCV reinforcement
2018-06-11 23:39:07,566 RCV reinforcement
2018-06-11 23:39:08,684 RCV reinforcement info
2018-06-11 23:39:08,692 , 23.978421722326225
2018-06-11 23:39:08,761 RCV reinforcement
2018-06-11 23:39:08,940 RCV commit
2018-06-11 23:39:08,984 appended honest commit 1e8d3eb4d9 on top of 85bc40a776
2018-06-11 23:39:09,008 Weight: 24.978421722326225 #RFs 6
2018-06-11 23:39:09,008 weight: 24.978421722326225
2018-06-11 23:39:09,016 , 24.978421722326225
2018-06-11 23:39:09,017 MINING state
2018-06-11 23:39:09,017 start mining - depth 7
2018-06-11 23:39:09,017 start mining - hash 1e8d3eb4d9976304a72768845cfb78c657c19f9edeaf5acae99599bdd002a87a
2018-06-11 23:39:09,328 RCV reinforcement info
2018-06-11 23:39:09,333 , 25.093075321728627
2018-06-11 23:39:09,873 RCV reinforcement info
2018-06-11 23:39:09,888 , 25.156390851221154
2018-06-11 23:39:11,398 RCV reinforcement info
2018-06-11 23:39:11,403 , 25.248803617398433
2018-06-11 23:39:12,142 RCV reinforcement info
2018-06-11 23:39:12,147 , 25.62194054713561
2018-06-11 23:39:12,605 RCV proposal
2018-06-11 23:39:12,608 appended honest propose 104e0bb9c4 on top of 1e8d3eb4d9
2018-06-11 23:39:12,608 REINFORCEMENT SENT state
2018-06-11 23:39:12,711 RCV reinforcement
2018-06-11 23:39:12,731 RCV reinforcement
2018-06-11 23:39:12,745 RCV reinforcement
2018-06-11 23:39:12,885 RCV reinforcement info
2018-06-11 23:39:12,891 , 25.69641823325153
2018-06-11 23:39:12,958 RCV reinforcement
2018-06-11 23:39:13,332 RCV reinforcement info
2018-06-11 23:39:13,336 , 25.765849522614882
2018-06-11 23:39:13,408 RCV reinforcement
2018-06-11 23:39:13,497 RF found but not transmitted
2018-06-11 23:39:13,503 SNT reinforcement_information
2018-06-11 23:39:13,585 SNT reinforcement
2018-06-11 23:39:13,850 RF found but not transmitted
2018-06-11 23:39:13,855 SNT reinforcement_information
2018-06-11 23:39:14,026 SNT reinforcement
2018-06-11 23:39:14,192 RCV reinforcement info
2018-06-11 23:39:14,197 , 27.024085277310277
2018-06-11 23:39:14,199 RCV reinforcement
2018-06-11 23:39:14,310 RCV commit
2018-06-11 23:39:14,330 appended honest commit 4b5db12571 on top of 104e0bb9c4
2018-06-11 23:39:14,348 Weight: 26.77393685370487 #RFs 6
2018-06-11 23:39:14,348 weight: 26.77393685370487
2018-06-11 23:39:14,348 , 26.77393685370487
2018-06-11 23:39:14,348 MINING state
2018-06-11 23:39:14,348 start mining - depth 8
2018-06-11 23:39:14,349 start mining - hash 4b5db12571d5a710573cea4532e5feca9720eac14e4bc49b91fb8b4e41b87770
2018-06-11 23:39:14,544 RCV reinforcement info
2018-06-11 23:39:14,549 , 27.178508866290954
2018-06-11 23:39:16,464 RCV reinforcement info
2018-06-11 23:39:16,468 , 28.145334537666606
2018-06-11 23:39:17,119 RCV reinforcement info
2018-06-11 23:39:17,123 , 28.2107005331109
2018-06-11 23:39:17,666 RCV reinforcement info
2018-06-11 23:39:17,671 , 28.335305671249024
2018-06-11 23:39:17,741 RCV reinforcement info
2018-06-11 23:39:17,746 , 28.85382749244989
2018-06-11 23:39:18,211 RCV reinforcement info
2018-06-11 23:39:18,217 , 28.98710576843872
2018-06-11 23:39:18,370 RF found but not transmitted
2018-06-11 23:39:18,372 RF found
2018-06-11 23:39:18,374 SNT reinforcement_information
2018-06-11 23:39:18,801 RCV reinforcement info
2018-06-11 23:39:18,805 , 29.22190575935099
2018-06-11 23:39:19,420 RCV reinforcement info
2018-06-11 23:39:19,425 , 29.285807595463915
2018-06-11 23:39:19,702 RCV reinforcement info
2018-06-11 23:39:19,707 , 29.48251138512669
2018-06-11 23:39:19,945 RCV reinforcement info
2018-06-11 23:39:19,950 , 29.56567888572636
2018-06-11 23:39:20,313 RF found but not transmitted
2018-06-11 23:39:23,516 RCV reinforcement info
2018-06-11 23:39:23,520 , 29.72294334946279
2018-06-11 23:39:23,575 RCV reinforcement info
2018-06-11 23:39:23,580 , 30.29902324225031
2018-06-11 23:39:24,533 RCV reinforcement info
2018-06-11 23:39:24,548 , 30.813157667685836
2018-06-11 23:39:24,740 RCV reinforcement info
2018-06-11 23:39:24,746 , 31.008486615214515
2018-06-11 23:39:25,063 RCV reinforcement info
2018-06-11 23:39:25,068 , 31.312441285888404
2018-06-11 23:39:25,547 RCV reinforcement info
2018-06-11 23:39:25,552 , 31.422092937666324
2018-06-11 23:39:26,296 RCV reinforcement info
2018-06-11 23:39:26,301 , 31.662148677868654
2018-06-11 23:39:26,638 RCV reinforcement info
2018-06-11 23:39:26,642 , 31.76190420429216
2018-06-11 23:39:27,177 RCV reinforcement info
2018-06-11 23:39:27,185 , 31.87253879468759
2018-06-11 23:39:27,988 RF found but not transmitted
2018-06-11 23:39:28,310 RCV reinforcement info
2018-06-11 23:39:28,316 , 32.19257310050953
2018-06-11 23:39:29,024 RCV reinforcement info
2018-06-11 23:39:29,030 , 32.347816409222595
2018-06-11 23:39:29,040 RF found but not transmitted
2018-06-11 23:39:29,759 RF found but not transmitted
2018-06-11 23:39:29,761 RF found
2018-06-11 23:39:29,764 SNT reinforcement_information
2018-06-11 23:39:30,429 RF found but not transmitted
2018-06-11 23:39:30,930 RCV reinforcement info
2018-06-11 23:39:30,942 , 32.56305287621741
2018-06-11 23:39:31,165 RF found but not transmitted
2018-06-11 23:39:31,718 RF found but not transmitted
2018-06-11 23:39:32,369 RCV reinforcement info
2018-06-11 23:39:32,375 , 32.65983176544054
2018-06-11 23:39:32,495 RCV reinforcement info
2018-06-11 23:39:32,500 , 32.8252060210692
2018-06-11 23:39:33,032 RCV reinforcement info
2018-06-11 23:39:33,037 , 33.04894953935022
2018-06-11 23:39:33,725 RCV reinforcement info
2018-06-11 23:39:33,730 , 33.16384053505486
2018-06-11 23:39:34,701 RCV reinforcement info
2018-06-11 23:39:34,711 , 33.277000393947745
2018-06-11 23:39:34,774 RCV reinforcement info
2018-06-11 23:39:34,779 , 33.360827833294124
2018-06-11 23:39:35,686 RCV reinforcement info
2018-06-11 23:39:35,696 , 33.43440669779355
2018-06-11 23:39:36,486 RCV reinforcement info
2018-06-11 23:39:36,491 , 33.515191814496816
2018-06-11 23:39:36,933 RF found but not transmitted
2018-06-11 23:39:36,936 RF found
2018-06-11 23:39:36,938 SNT reinforcement_information
2018-06-11 23:39:37,309 RF found but not transmitted
2018-06-11 23:39:37,311 RF found
2018-06-11 23:39:37,315 SNT reinforcement_information
2018-06-11 23:39:37,402 RF found but not transmitted
2018-06-11 23:39:37,720 RCV reinforcement info
2018-06-11 23:39:37,724 , 34.35023840877772
2018-06-11 23:39:38,408 RF found but not transmitted
2018-06-11 23:39:38,409 RF found
2018-06-11 23:39:38,411 SNT reinforcement_information
2018-06-11 23:39:38,779 RCV reinforcement info
2018-06-11 23:39:38,785 , 34.5774453956185
2018-06-11 23:39:40,248 RF found but not transmitted
2018-06-11 23:39:40,506 RCV reinforcement info
2018-06-11 23:39:40,511 , 34.65375587917334
2018-06-11 23:39:40,512 RF found but not transmitted
2018-06-11 23:39:40,522 RF found
2018-06-11 23:39:40,523 SNT reinforcement_information
2018-06-11 23:39:40,829 RF found but not transmitted
2018-06-11 23:39:41,260 RF found but not transmitted
2018-06-11 23:39:41,262 RF found
2018-06-11 23:39:41,265 SNT reinforcement_information
2018-06-11 23:39:41,590 RCV reinforcement info
2018-06-11 23:39:41,595 , 35.02618392370196
2018-06-11 23:39:42,056 RF found but not transmitted
2018-06-11 23:39:42,446 RF found but not transmitted
2018-06-11 23:39:42,447 RF found
2018-06-11 23:39:42,449 SNT reinforcement_information
2018-06-11 23:39:42,657 RCV reinforcement info
2018-06-11 23:39:42,673 , 35.75063140955376
2018-06-11 23:39:42,913 RCV reinforcement info
2018-06-11 23:39:42,917 , 35.824789145455284
2018-06-11 23:39:43,124 RCV proposal
2018-06-11 23:39:43,127 appended honest propose d33d40aac5 on top of 4b5db12571
2018-06-11 23:39:43,127 REINFORCEMENT SENT state
2018-06-11 23:39:43,128 RFs > 0 
2018-06-11 23:39:43,129 SNT reinforcement
2018-06-11 23:39:43,277 RCV reinforcement
2018-06-11 23:39:43,306 RCV reinforcement
2018-06-11 23:39:43,310 RCV reinforcement
2018-06-11 23:39:43,318 RCV reinforcement
2018-06-11 23:39:43,329 RCV reinforcement
2018-06-11 23:39:43,621 RCV reinforcement info
2018-06-11 23:39:43,625 , 35.89260572806701
2018-06-11 23:39:43,685 RCV reinforcement
2018-06-11 23:39:44,803 RCV commit
2018-06-11 23:39:45,076 appended honest commit 210bf0b058 on top of d33d40aac5
2018-06-11 23:39:45,103 RF found but not transmitted
2018-06-11 23:39:45,362 Weight: 36.89260572806701 #RFs 45
2018-06-11 23:39:45,362 weight: 36.89260572806701
2018-06-11 23:39:45,362 , 36.89260572806701
2018-06-11 23:39:45,362 MINING state
2018-06-11 23:39:45,363 start mining - depth 9
2018-06-11 23:39:45,363 start mining - hash 210bf0b058e988cdd2ec0ca9c6533ca483accc5826f14a10de10976a2e653d15
2018-06-11 23:39:45,369 RCV reinforcement info
2018-06-11 23:39:45,372 RCV reinforcement
2018-06-11 23:39:45,560 RCV proposal
2018-06-11 23:39:45,564 appended malicious propose 12ac647d31 on top of 4b5db12571
2018-06-11 23:39:45,659 RCV reinforcement
2018-06-11 23:39:45,681 RCV reinforcement
2018-06-11 23:39:45,696 RCV reinforcement
2018-06-11 23:39:45,840 RCV reinforcement info
2018-06-11 23:39:45,859 , 36.96755171902938
2018-06-11 23:39:46,499 RF found but not transmitted
2018-06-11 23:39:46,501 RF found
2018-06-11 23:39:46,504 SNT reinforcement_information
2018-06-11 23:39:47,455 RCV reinforcement info
2018-06-11 23:39:47,462 , 37.53185518412683
2018-06-11 23:39:47,499 RCV commit
2018-06-11 23:39:47,674 appended malicious commit ecb1953636 on top of 12ac647d31
2018-06-11 23:39:48,006 Weight: 31.32599225512874 #RFs 22
2018-06-11 23:39:48,006 weight: 31.32599225512874
2018-06-11 23:39:48,006 , 31.32599225512874
2018-06-11 23:39:48,474 RCV reinforcement info
2018-06-11 23:39:48,482 , 37.6067000591957
2018-06-11 23:39:49,568 RCV reinforcement info
2018-06-11 23:39:49,573 , 37.68468366802784
2018-06-11 23:39:49,667 RCV reinforcement info
2018-06-11 23:39:49,673 , 38.240315640033174
2018-06-11 23:39:50,611 RCV proposal
2018-06-11 23:39:50,637 appended honest propose d506b3fafb on top of 210bf0b058
2018-06-11 23:39:50,637 REINFORCEMENT SENT state
2018-06-11 23:39:50,637 RFs > 0 
2018-06-11 23:39:50,641 SNT reinforcement
2018-06-11 23:39:50,679 RF found but not transmitted
2018-06-11 23:39:50,979 SNT reinforcement_information
2018-06-11 23:39:51,232 SNT reinforcement
2018-06-11 23:39:51,675 RCV reinforcement
2018-06-11 23:39:51,836 RCV reinforcement
2018-06-11 23:39:51,995 RCV reinforcement info
2018-06-11 23:39:52,002 , 38.40654703892382
2018-06-11 23:39:52,008 RCV reinforcement
2018-06-11 23:39:52,086 RCV reinforcement
2018-06-11 23:39:52,112 RCV reinforcement
2018-06-11 23:39:52,152 RCV reinforcement info
2018-06-11 23:39:52,165 , 38.50501125036951
2018-06-11 23:39:52,244 RF found but not transmitted
2018-06-11 23:39:52,381 RCV reinforcement
2018-06-11 23:39:52,707 RCV reinforcement info
2018-06-11 23:39:52,717 , 38.594915523567835
2018-06-11 23:39:52,798 RCV commit
2018-06-11 23:39:53,001 appended honest commit 7a3c88bfcd on top of d506b3fafb
2018-06-11 23:39:53,043 Weight: 39.240315640033174 #RFs 6
2018-06-11 23:39:53,043 weight: 39.240315640033174
2018-06-11 23:39:53,044 , 39.240315640033174
2018-06-11 23:39:53,047 MINING state
2018-06-11 23:39:53,089 start mining - depth 10
2018-06-11 23:39:53,090 start mining - hash 7a3c88bfcd03cd5ea27a9f21aa3f99189fd5a987ee67a2678312d8f00765ee54
2018-06-11 23:39:53,146 RCV reinforcement
2018-06-11 23:39:53,382 RCV reinforcement info
2018-06-11 23:39:53,387 , 39.31789995897502
2018-06-11 23:39:53,460 RCV reinforcement info
2018-06-11 23:39:53,467 , 39.38096951779841
2018-06-11 23:39:53,545 RCV proposal
2018-06-11 23:39:53,548 appended malicious propose 0f025a92c6 on top of 210bf0b058
2018-06-11 23:39:53,686 RCV reinforcement
2018-06-11 23:39:53,693 RCV reinforcement
2018-06-11 23:39:53,928 RCV reinforcement info
2018-06-11 23:39:53,933 , 39.48750878056349
2018-06-11 23:39:54,220 RCV reinforcement info
2018-06-11 23:39:54,224 , 39.552813139744565
2018-06-11 23:39:54,399 RCV proposal
2018-06-11 23:39:54,402 appended honest propose 6f2b7ea01c on top of 7a3c88bfcd
2018-06-11 23:39:54,402 REINFORCEMENT SENT state
2018-06-11 23:39:54,563 RCV reinforcement
2018-06-11 23:39:54,572 RCV reinforcement
2018-06-11 23:39:54,584 RCV reinforcement
2018-06-11 23:39:54,939 RCV commit
2018-06-11 23:39:54,960 appended malicious commit f38e071a18 on top of 0f025a92c6
2018-06-11 23:39:54,972 Weight: 38.56609125744613 #RFs 4
2018-06-11 23:39:54,972 weight: 38.56609125744613
2018-06-11 23:39:54,972 , 38.56609125744613
2018-06-11 23:39:55,189 RCV reinforcement info
2018-06-11 23:39:55,194 , 39.65097366759145
2018-06-11 23:39:55,260 RCV reinforcement
2018-06-11 23:39:55,801 RCV reinforcement info
2018-06-11 23:39:55,811 , 39.793592436700294
2018-06-11 23:39:55,916 RCV reinforcement
2018-06-11 23:39:55,941 RCV commit
2018-06-11 23:39:55,977 appended honest commit f07f0f45d0 on top of 6f2b7ea01c
2018-06-11 23:39:56,026 Weight: 40.65097366759145 #RFs 5
2018-06-11 23:39:56,026 weight: 40.65097366759145
2018-06-11 23:39:56,026 , 40.65097366759145
2018-06-11 23:39:56,027 MINING state
2018-06-11 23:39:56,027 start mining - depth 11
2018-06-11 23:39:56,027 start mining - hash f07f0f45d089034ef92b644739bebf2e26c5a75b1553fb638709215c30bf68dc
2018-06-11 23:39:56,201 RCV reinforcement info
2018-06-11 23:39:56,205 , 40.82359704721677
2018-06-11 23:39:56,879 RCV reinforcement info
2018-06-11 23:39:56,890 , 40.906088797972565
2018-06-11 23:39:57,893 RCV reinforcement info
2018-06-11 23:39:57,898 , 40.98719322664867
2018-06-11 23:39:57,901 RF found but not transmitted
2018-06-11 23:39:59,491 RCV reinforcement info
2018-06-11 23:39:59,498 , 41.05709570327262
2018-06-11 23:40:00,103 RCV reinforcement info
2018-06-11 23:40:00,108 , 41.727844527315156
2018-06-11 23:40:00,392 RCV reinforcement info
2018-06-11 23:40:00,397 , 41.7934307730966
2018-06-11 23:40:01,768 RCV reinforcement info
2018-06-11 23:40:01,773 , 42.03261417072434
2018-06-11 23:40:02,266 RCV reinforcement info
2018-06-11 23:40:02,271 , 42.19340055737543
2018-06-11 23:40:02,538 RCV reinforcement info
2018-06-11 23:40:02,542 , 42.281562873458014
2018-06-11 23:40:02,897 RF found but not transmitted
2018-06-11 23:40:03,129 RCV proposal
2018-06-11 23:40:03,131 appended honest propose ab61287786 on top of f07f0f45d0
2018-06-11 23:40:03,132 REINFORCEMENT SENT state
2018-06-11 23:40:03,234 RCV reinforcement
2018-06-11 23:40:03,271 RCV reinforcement
2018-06-11 23:40:03,293 RCV reinforcement
2018-06-11 23:40:03,408 RCV reinforcement info
2018-06-11 23:40:03,412 , 42.35047401994677
2018-06-11 23:40:03,597 RCV reinforcement
2018-06-11 23:40:04,881 RCV commit
2018-06-11 23:40:04,942 appended honest commit a96819b326 on top of ab61287786
2018-06-11 23:40:05,011 Weight: 43.35047401994677 #RFs 10
2018-06-11 23:40:05,011 weight: 43.35047401994677
2018-06-11 23:40:05,020 , 43.35047401994677
2018-06-11 23:40:05,020 MINING state
2018-06-11 23:40:05,021 start mining - depth 12
2018-06-11 23:40:05,021 start mining - hash a96819b32695f78ab3e37495f75b0265791f240db4957f96d04135fa7f744113
2018-06-11 23:40:05,022 Hashing frequency: 7207
2018-06-11 23:40:05,693 RCV reinforcement info
2018-06-11 23:40:05,700 , 43.840076763231636
2018-06-11 23:40:06,118 RCV reinforcement info
2018-06-11 23:40:06,123 , 44.01248655848823
2018-06-11 23:40:06,443 RF found but not transmitted
2018-06-11 23:40:06,445 RF found
2018-06-11 23:40:06,447 SNT reinforcement_information
2018-06-11 23:40:06,473 RF found but not transmitted
2018-06-11 23:40:06,556 RF found
2018-06-11 23:40:06,577 SNT reinforcement_information
2018-06-11 23:40:07,257 RCV reinforcement info
2018-06-11 23:40:07,262 , 44.368226042713296
2018-06-11 23:40:07,411 RF found but not transmitted
2018-06-11 23:40:07,644 RF found but not transmitted
2018-06-11 23:40:07,645 RF found
2018-06-11 23:40:07,648 SNT reinforcement_information
2018-06-11 23:40:08,131 RCV reinforcement info
2018-06-11 23:40:08,136 , 44.539223469527386
2018-06-11 23:40:08,380 RCV reinforcement info
2018-06-11 23:40:08,385 , 44.82766078857131
2018-06-11 23:40:08,434 RCV reinforcement info
2018-06-11 23:40:08,440 , 45.254180852077575
2018-06-11 23:40:08,514 RCV reinforcement info
2018-06-11 23:40:08,520 , 45.34542772328013
2018-06-11 23:40:08,582 RCV reinforcement info
2018-06-11 23:40:08,589 , 45.56219617963667
2018-06-11 23:40:09,105 RCV reinforcement info
2018-06-11 23:40:09,111 , 45.62861380941571
2018-06-11 23:40:10,381 RCV reinforcement info
2018-06-11 23:40:10,386 , 45.824915909251686
2018-06-11 23:40:10,646 RCV reinforcement info
2018-06-11 23:40:10,651 , 45.967553023407035
2018-06-11 23:40:11,277 RCV reinforcement info
2018-06-11 23:40:11,289 , 46.37018476028717
2018-06-11 23:40:13,116 RCV reinforcement info
2018-06-11 23:40:13,121 , 47.06195135003391
2018-06-11 23:40:13,665 RCV proposal
2018-06-11 23:40:13,668 appended honest propose 9145f182b5 on top of a96819b326
2018-06-11 23:40:13,669 REINFORCEMENT SENT state
2018-06-11 23:40:13,669 RFs > 0 
2018-06-11 23:40:13,670 SNT reinforcement
2018-06-11 23:40:13,924 RCV reinforcement
2018-06-11 23:40:13,929 RCV reinforcement
2018-06-11 23:40:13,938 RCV reinforcement
2018-06-11 23:40:13,943 RCV reinforcement
2018-06-11 23:40:13,946 RCV reinforcement
2018-06-11 23:40:15,171 RCV reinforcement info
2018-06-11 23:40:15,176 , 47.150435627671094
2018-06-11 23:40:15,262 RCV reinforcement
2018-06-11 23:40:15,287 RCV commit
2018-06-11 23:40:15,413 appended honest commit 6a3d58c414 on top of 9145f182b5
2018-06-11 23:40:15,517 Weight: 48.06195135003391 #RFs 16
2018-06-11 23:40:15,517 weight: 48.06195135003391
2018-06-11 23:40:15,518 , 48.06195135003391
2018-06-11 23:40:15,518 MINING state
2018-06-11 23:40:15,518 start mining - depth 13
2018-06-11 23:40:15,519 start mining - hash 6a3d58c414e4d6a7d5c53579dbd39bcc452b408ffc68f109222531045e60d9a7
2018-06-11 23:40:15,645 RCV reinforcement info
2018-06-11 23:40:15,651 , 48.242970769968544
2018-06-11 23:40:15,779 RCV reinforcement info
2018-06-11 23:40:15,785 , 48.56311626016009
2018-06-11 23:40:16,358 RF found but not transmitted
2018-06-11 23:40:16,591 RF found but not transmitted
2018-06-11 23:40:16,593 RF found
2018-06-11 23:40:16,594 SNT reinforcement_information
2018-06-11 23:40:16,669 RCV reinforcement info
2018-06-11 23:40:16,701 , 48.79413271947998
2018-06-11 23:40:16,806 RCV reinforcement info
2018-06-11 23:40:16,813 , 48.963378438092626
2018-06-11 23:40:17,064 RF found but not transmitted
2018-06-11 23:40:18,023 RF found but not transmitted
2018-06-11 23:40:18,024 RF found
2018-06-11 23:40:18,026 SNT reinforcement_information
2018-06-11 23:40:19,633 RCV reinforcement info
2018-06-11 23:40:19,638 , 49.26141179156278
2018-06-11 23:40:20,120 RCV reinforcement info
2018-06-11 23:40:20,125 , 49.38129322101227
2018-06-11 23:40:20,150 RF found but not transmitted
2018-06-11 23:40:20,443 RCV proposal
2018-06-11 23:40:20,446 appended honest propose c8195b33fd on top of 6a3d58c414
2018-06-11 23:40:20,447 REINFORCEMENT SENT state
2018-06-11 23:40:20,448 RFs > 0 
2018-06-11 23:40:20,449 SNT reinforcement
2018-06-11 23:40:20,555 RCV reinforcement
2018-06-11 23:40:20,561 RCV reinforcement
2018-06-11 23:40:20,566 RCV reinforcement
2018-06-11 23:40:21,103 RF found but not transmitted
2018-06-11 23:40:21,506 RF found but not transmitted
2018-06-11 23:40:21,644 RCV reinforcement info
2018-06-11 23:40:21,652 , 50.23756608192719
2018-06-11 23:40:21,703 RCV reinforcement
2018-06-11 23:40:22,015 RCV commit
2018-06-11 23:40:22,106 appended honest commit 3e0b0605b8 on top of c8195b33fd
2018-06-11 23:40:22,144 Weight: 51.23756608192719 #RFs 9
2018-06-11 23:40:22,144 weight: 51.23756608192719
2018-06-11 23:40:22,144 , 51.23756608192719
2018-06-11 23:40:22,146 MINING state
2018-06-11 23:40:22,146 start mining - depth 14
2018-06-11 23:40:22,147 start mining - hash 3e0b0605b88479af27207791d7aa2ecae1c1b78354bc1eafac13420392f5d39c
2018-06-11 23:40:22,258 RCV reinforcement info
2018-06-11 23:40:22,263 , 51.30231366925673
2018-06-11 23:40:22,760 RCV reinforcement info
2018-06-11 23:40:22,764 , 51.4493312795932
2018-06-11 23:40:23,799 RCV reinforcement info
2018-06-11 23:40:23,805 , 51.51384534721318
2018-06-11 23:40:24,193 RCV reinforcement info
2018-06-11 23:40:24,197 , 51.788467375540385
2018-06-11 23:40:24,506 RCV proposal
2018-06-11 23:40:24,509 appended honest propose 0bfd884df7 on top of 3e0b0605b8
2018-06-11 23:40:24,510 REINFORCEMENT SENT state
2018-06-11 23:40:24,529 RCV reinforcement info
2018-06-11 23:40:24,534 , 52.00269491690035
2018-06-11 23:40:24,545 RF found but not transmitted
2018-06-11 23:40:24,604 RCV reinforcement
2018-06-11 23:40:24,618 RCV reinforcement
2018-06-11 23:40:24,651 RCV reinforcement
2018-06-11 23:40:24,704 RCV reinforcement
2018-06-11 23:40:25,990 RCV reinforcement info
2018-06-11 23:40:26,003 , 52.083781249923746
2018-06-11 23:40:26,060 RCV reinforcement
2018-06-11 23:40:26,081 RCV commit
2018-06-11 23:40:26,155 appended honest commit 906e3c47f0 on top of 0bfd884df7
2018-06-11 23:40:26,169 Weight: 53.00269491690035 #RFs 5
2018-06-11 23:40:26,170 weight: 53.00269491690035
2018-06-11 23:40:26,174 , 53.00269491690035
2018-06-11 23:40:26,174 MINING state
2018-06-11 23:40:26,175 start mining - depth 15
2018-06-11 23:40:26,175 start mining - hash 906e3c47f04ba87ef7cf712ae346a48bc367e27d30f36425fb0e80bf2b7bc779
2018-06-11 23:40:26,786 RCV reinforcement info
2018-06-11 23:40:26,791 , 53.142561844902296
2018-06-11 23:40:27,784 RCV reinforcement info
2018-06-11 23:40:27,788 , 53.249279386334265
2018-06-11 23:40:28,158 RCV reinforcement info
2018-06-11 23:40:28,162 , 53.334209031327354
2018-06-11 23:40:28,212 RCV reinforcement info
2018-06-11 23:40:28,217 , 53.39921452638362
2018-06-11 23:40:28,331 RCV reinforcement info
2018-06-11 23:40:28,336 , 53.46879821306874
2018-06-11 23:40:29,002 RCV reinforcement info
2018-06-11 23:40:29,006 , 53.5337564925801
2018-06-11 23:40:29,698 RCV reinforcement info
2018-06-11 23:40:29,702 , 54.09050808171094
2018-06-11 23:40:29,960 RCV reinforcement info
2018-06-11 23:40:29,965 , 54.487362596560445
2018-06-11 23:40:30,206 RCV reinforcement info
2018-06-11 23:40:30,211 , 54.6686978443738
2018-06-11 23:40:30,395 RCV reinforcement info
2018-06-11 23:40:30,400 , 54.81960904569404
2018-06-11 23:40:30,738 RCV reinforcement info
2018-06-11 23:40:30,742 , 54.884112553111315
2018-06-11 23:40:31,419 RCV reinforcement info
2018-06-11 23:40:31,424 , 54.95913226811464
2018-06-11 23:40:31,460 RCV reinforcement info
2018-06-11 23:40:31,464 , 55.12653572503098
2018-06-11 23:40:31,677 RCV reinforcement info
2018-06-11 23:40:31,682 , 55.191094121600884
2018-06-11 23:40:32,650 RCV reinforcement info
2018-06-11 23:40:32,654 , 55.2603632034383
2018-06-11 23:40:33,308 RCV reinforcement info
2018-06-11 23:40:33,312 , 55.358652181975124
2018-06-11 23:40:33,770 RF found but not transmitted
2018-06-11 23:40:33,803 RF found but not transmitted
2018-06-11 23:40:33,821 RCV reinforcement info
2018-06-11 23:40:33,826 , 55.428178235663786
2018-06-11 23:40:34,188 RF found but not transmitted
2018-06-11 23:40:34,392 RCV reinforcement info
2018-06-11 23:40:34,397 , 55.642103948203186
2018-06-11 23:40:34,900 RCV reinforcement info
2018-06-11 23:40:34,905 , 55.7089736663769
2018-06-11 23:40:34,971 RCV reinforcement info
2018-06-11 23:40:34,975 , 55.81369078375735
2018-06-11 23:40:36,944 RF found but not transmitted
2018-06-11 23:40:36,945 RF found
2018-06-11 23:40:36,947 SNT reinforcement_information
2018-06-11 23:40:37,841 RF found but not transmitted
2018-06-11 23:40:37,843 RF found
2018-06-11 23:40:37,848 SNT reinforcement_information
2018-06-11 23:40:38,035 RCV reinforcement info
2018-06-11 23:40:38,038 , 56.29617574028552
2018-06-11 23:40:39,195 RCV reinforcement info
2018-06-11 23:40:39,202 , 56.36002878836893
2018-06-11 23:40:39,249 RF found but not transmitted
2018-06-11 23:40:39,670 RCV reinforcement info
2018-06-11 23:40:39,675 , 56.493298084116354
2018-06-11 23:40:40,212 RCV reinforcement info
2018-06-11 23:40:40,220 , 57.44495172549669
2018-06-11 23:40:41,138 RF found but not transmitted
2018-06-11 23:40:41,548 RCV reinforcement info
2018-06-11 23:40:41,553 , 57.511288556489
2018-06-11 23:40:43,027 RF found but not transmitted
2018-06-11 23:40:43,028 RF found
2018-06-11 23:40:43,029 SNT reinforcement_information
2018-06-11 23:40:45,358 RCV reinforcement info
2018-06-11 23:40:45,363 , 57.64353505367668
2018-06-11 23:40:46,144 RCV reinforcement info
2018-06-11 23:40:46,149 , 57.71942852351309
2018-06-11 23:40:47,224 RCV reinforcement info
2018-06-11 23:40:47,228 , 58.21523021770711
2018-06-11 23:40:47,613 RCV reinforcement info
2018-06-11 23:40:47,618 , 58.2801232208075
2018-06-11 23:40:47,963 RCV reinforcement info
2018-06-11 23:40:47,967 , 58.458094391338626
2018-06-11 23:40:48,712 RF found but not transmitted
2018-06-11 23:40:48,963 RCV reinforcement info
2018-06-11 23:40:48,968 , 58.82927382152639
2018-06-11 23:40:49,606 RCV reinforcement info
2018-06-11 23:40:49,610 , 58.921970086501226
2018-06-11 23:40:50,012 RCV reinforcement info
2018-06-11 23:40:50,016 , 59.004183893921635
2018-06-11 23:40:51,067 RF found but not transmitted
2018-06-11 23:40:52,582 RCV reinforcement info
2018-06-11 23:40:52,587 , 59.12056085028678
2018-06-11 23:40:53,495 RF found but not transmitted
2018-06-11 23:40:53,524 RCV reinforcement info
2018-06-11 23:40:53,529 , 59.218885105389234
2018-06-11 23:40:53,748 RCV reinforcement info
2018-06-11 23:40:53,753 , 59.293528233779746
2018-06-11 23:40:55,316 RCV proposal
2018-06-11 23:40:55,319 appended honest propose 7b1e647cdd on top of 906e3c47f0
2018-06-11 23:40:55,319 REINFORCEMENT SENT state
2018-06-11 23:40:55,319 RFs > 0 
2018-06-11 23:40:55,320 SNT reinforcement
2018-06-11 23:40:55,617 RCV reinforcement
2018-06-11 23:40:55,646 RCV reinforcement
2018-06-11 23:40:55,684 RCV reinforcement
2018-06-11 23:40:55,687 RCV reinforcement
2018-06-11 23:40:55,695 RCV reinforcement
2018-06-11 23:40:56,983 RCV commit
2018-06-11 23:40:57,274 appended honest commit 2685953ac6 on top of 7b1e647cdd
2018-06-11 23:40:57,616 Weight: 60.293528233779746 #RFs 39
2018-06-11 23:40:57,616 weight: 60.293528233779746
2018-06-11 23:40:57,616 , 60.293528233779746
2018-06-11 23:40:57,617 MINING state
2018-06-11 23:40:57,617 start mining - depth 16
2018-06-11 23:40:57,618 start mining - hash 2685953ac6c34b4384b339719921c3f5bd82dd4860508191caf6626bca487601
2018-06-11 23:40:58,905 RCV reinforcement info
2018-06-11 23:40:58,911 , 60.40061213144273
2018-06-11 23:40:59,056 RCV reinforcement info
2018-06-11 23:40:59,063 , 60.48724725614083
2018-06-11 23:40:59,167 RCV reinforcement info
2018-06-11 23:40:59,174 , 60.5843388953784
2018-06-11 23:40:59,725 RCV reinforcement info
2018-06-11 23:40:59,731 , 60.67418659482592
2018-06-11 23:41:01,077 RCV reinforcement info
2018-06-11 23:41:01,091 , 60.84077324539551
2018-06-11 23:41:03,425 RCV reinforcement info
2018-06-11 23:41:03,430 , 60.96567505789971
2018-06-11 23:41:03,802 RCV reinforcement info
2018-06-11 23:41:03,807 , 61.03245078415356
2018-06-11 23:41:04,362 RF found but not transmitted
2018-06-11 23:41:04,365 RF found
2018-06-11 23:41:04,370 SNT reinforcement_information
2018-06-11 23:41:05,066 RF found but not transmitted
2018-06-11 23:41:05,284 RCV reinforcement info
2018-06-11 23:41:05,289 , 61.92587113113997
2018-06-11 23:41:05,723 RF found but not transmitted
2018-06-11 23:41:05,725 RF found
2018-06-11 23:41:05,728 SNT reinforcement_information
2018-06-11 23:41:06,251 RCV reinforcement info
2018-06-11 23:41:06,256 , 62.24349384824517
2018-06-11 23:41:06,689 RF found but not transmitted
2018-06-11 23:41:06,691 RF found
2018-06-11 23:41:06,694 SNT reinforcement_information
2018-06-11 23:41:06,834 RCV reinforcement info
2018-06-11 23:41:06,841 , 62.50048790940056
2018-06-11 23:41:07,002 RF found but not transmitted
2018-06-11 23:41:07,003 RF found
2018-06-11 23:41:07,004 SNT reinforcement_information
2018-06-11 23:41:07,504 RF found but not transmitted
2018-06-11 23:41:07,507 RF found
2018-06-11 23:41:07,511 SNT reinforcement_information
2018-06-11 23:41:08,801 RCV reinforcement info
2018-06-11 23:41:08,806 , 62.870264666285465
2018-06-11 23:41:09,563 RCV reinforcement info
2018-06-11 23:41:09,568 , 62.932778888497666
2018-06-11 23:41:09,585 RCV proposal
2018-06-11 23:41:09,589 appended honest propose 20ff606ff8 on top of 2685953ac6
2018-06-11 23:41:09,589 REINFORCEMENT SENT state
2018-06-11 23:41:09,590 RFs > 0 
2018-06-11 23:41:09,591 SNT reinforcement
2018-06-11 23:41:09,817 RCV reinforcement info
2018-06-11 23:41:09,846 , 63.09417031379493
2018-06-11 23:41:09,849 RCV reinforcement
2018-06-11 23:41:09,864 RCV reinforcement
2018-06-11 23:41:09,899 RCV reinforcement
2018-06-11 23:41:09,955 RCV reinforcement
2018-06-11 23:41:11,069 RCV commit
2018-06-11 23:41:11,210 appended honest commit 39796fa697 on top of 20ff606ff8
2018-06-11 23:41:11,408 Weight: 64.09417031379493 #RFs 18
2018-06-11 23:41:11,408 weight: 64.09417031379493
2018-06-11 23:41:11,409 , 64.09417031379493
2018-06-11 23:41:11,409 MINING state
2018-06-11 23:41:11,436 start mining - depth 17
2018-06-11 23:41:11,437 start mining - hash 39796fa697d0ddc01741dd383ce411555bb200d25b89d4bf47480d11bac4e1b9
2018-06-11 23:41:11,437 Hashing frequency: 6965
2018-06-11 23:41:11,683 RCV reinforcement info
2018-06-11 23:41:11,692 , 64.5539722911277
2018-06-11 23:41:11,855 RCV proposal
2018-06-11 23:41:11,859 appended malicious propose a706c3e720 on top of 2685953ac6
2018-06-11 23:41:11,993 RCV reinforcement
2018-06-11 23:41:12,022 RF found but not transmitted
2018-06-11 23:41:12,029 RCV reinforcement
2018-06-11 23:41:12,263 RCV reinforcement
2018-06-11 23:41:12,477 RCV reinforcement info
2018-06-11 23:41:12,483 , 64.62252918729246
2018-06-11 23:41:12,961 RCV reinforcement info
2018-06-11 23:41:12,966 , 64.72273683142237
2018-06-11 23:41:13,374 RCV commit
2018-06-11 23:41:13,458 appended malicious commit adddf2f487 on top of a706c3e720
2018-06-11 23:41:13,542 Weight: 63.83989550251198 #RFs 13
2018-06-11 23:41:13,543 weight: 63.83989550251198
2018-06-11 23:41:13,543 , 63.83989550251198
2018-06-11 23:41:14,149 RF found but not transmitted
2018-06-11 23:41:14,384 RCV reinforcement info
2018-06-11 23:41:14,389 , 64.96874955459845
2018-06-11 23:41:15,211 RCV reinforcement info
2018-06-11 23:41:15,216 , 65.04185353601586
2018-06-11 23:41:15,287 RCV reinforcement info
2018-06-11 23:41:15,294 , 65.43955695061318
2018-06-11 23:41:17,341 RCV reinforcement info
2018-06-11 23:41:17,346 , 65.84582297782421
2018-06-11 23:41:17,471 RCV proposal
2018-06-11 23:41:17,474 appended honest propose 53e067cdcf on top of 39796fa697
2018-06-11 23:41:17,475 REINFORCEMENT SENT state
2018-06-11 23:41:17,593 RCV reinforcement
2018-06-11 23:41:17,651 RCV reinforcement
2018-06-11 23:41:17,666 RCV reinforcement
2018-06-11 23:41:17,686 RCV reinforcement
2018-06-11 23:41:17,707 RCV reinforcement
2018-06-11 23:41:17,845 RCV reinforcement info
2018-06-11 23:41:17,850 , 65.96490236377326
2018-06-11 23:41:17,867 RCV reinforcement info
2018-06-11 23:41:17,876 , 66.25339292627456
2018-06-11 23:41:17,957 RCV reinforcement
2018-06-11 23:41:17,964 RCV reinforcement
2018-06-11 23:41:18,790 RF found but not transmitted
2018-06-11 23:41:18,794 SNT reinforcement_information
2018-06-11 23:41:18,942 SNT reinforcement
2018-06-11 23:41:19,174 RF found but not transmitted
2018-06-11 23:41:19,176 RCV reinforcement info
2018-06-11 23:41:19,191 , 66.43203404370331
2018-06-11 23:41:19,193 RCV reinforcement
2018-06-11 23:41:19,397 SNT reinforcement_information
2018-06-11 23:41:19,574 SNT reinforcement
2018-06-11 23:41:19,732 RCV reinforcement
2018-06-11 23:41:19,744 RCV commit
2018-06-11 23:41:19,764 appended honest commit f834b992ee on top of 53e067cdcf
2018-06-11 23:41:19,785 Weight: 67.13431354032551 #RFs 8
2018-06-11 23:41:19,785 weight: 67.13431354032551
2018-06-11 23:41:19,786 , 67.13431354032551
2018-06-11 23:41:19,786 MINING state
2018-06-11 23:41:19,786 start mining - depth 18
2018-06-11 23:41:19,787 start mining - hash f834b992eeb2eb3305f0cd4d53032124c6bdf61697b15b8b59cb6bbcc49b0286
2018-06-11 23:41:19,790 RCV proposal
2018-06-11 23:41:19,797 appended malicious propose 87e21c4daa on top of 39796fa697
2018-06-11 23:41:19,952 RCV reinforcement info
2018-06-11 23:41:19,955 , 67.2046359850412
2018-06-11 23:41:20,161 RCV reinforcement
2018-06-11 23:41:20,607 RCV reinforcement info
2018-06-11 23:41:20,611 , 67.6628540505238
2018-06-11 23:41:20,886 RF found but not transmitted
2018-06-11 23:41:20,887 RF found
2018-06-11 23:41:20,889 SNT reinforcement_information
2018-06-11 23:41:20,992 RCV commit
2018-06-11 23:41:21,013 appended malicious commit f20dab2f27 on top of 87e21c4daa
2018-06-11 23:41:21,030 Weight: 66.4107704163418 #RFs 4
2018-06-11 23:41:21,030 weight: 66.4107704163418
2018-06-11 23:41:21,031 , 66.4107704163418
2018-06-11 23:41:21,044 RCV reinforcement info
2018-06-11 23:41:21,050 , 67.88586950373568
2018-06-11 23:41:21,551 RF found but not transmitted
2018-06-11 23:41:22,262 RCV reinforcement info
2018-06-11 23:41:22,267 , 68.05771486009884
2018-06-11 23:41:23,044 RCV reinforcement info
2018-06-11 23:41:23,050 , 68.18323456683248
2018-06-11 23:41:25,783 RCV reinforcement info
2018-06-11 23:41:25,788 , 68.26817775481571
2018-06-11 23:41:26,177 RF found but not transmitted
2018-06-11 23:41:26,303 RCV proposal
2018-06-11 23:41:26,306 appended honest propose dff0977523 on top of f834b992ee
2018-06-11 23:41:26,306 REINFORCEMENT SENT state
2018-06-11 23:41:26,307 RFs > 0 
2018-06-11 23:41:26,308 SNT reinforcement
2018-06-11 23:41:26,456 RCV reinforcement
2018-06-11 23:41:26,476 RCV reinforcement
2018-06-11 23:41:26,486 RCV reinforcement
2018-06-11 23:41:26,500 RCV reinforcement
2018-06-11 23:41:27,836 RCV commit
2018-06-11 23:41:27,888 appended honest commit a0a3056aeb on top of dff0977523
2018-06-11 23:41:27,933 Weight: 69.26817775481571 #RFs 7
2018-06-11 23:41:27,933 weight: 69.26817775481571
2018-06-11 23:41:27,936 , 69.26817775481571
2018-06-11 23:41:27,936 MINING state
2018-06-11 23:41:27,937 start mining - depth 19
2018-06-11 23:41:27,937 start mining - hash a0a3056aeb86ae546ae495a13fcb8a7d38cd1bfe2943c1bb84e6e85d79c35644
2018-06-11 23:41:29,688 RCV reinforcement info
2018-06-11 23:41:29,692 , 69.34075413827588
2018-06-11 23:41:29,775 RCV reinforcement info
2018-06-11 23:41:29,780 , 69.48406729894769
2018-06-11 23:41:30,921 RF found but not transmitted
2018-06-11 23:41:31,221 RF found but not transmitted
2018-06-11 23:41:32,706 RF found but not transmitted
2018-06-11 23:41:34,174 RCV reinforcement info
2018-06-11 23:41:34,179 , 69.57771705126274
2018-06-11 23:41:34,420 RF found but not transmitted
2018-06-11 23:41:34,423 RF found
2018-06-11 23:41:34,427 SNT reinforcement_information
2018-06-11 23:41:34,808 RF found but not transmitted
2018-06-11 23:41:35,085 RF found but not transmitted
2018-06-11 23:41:35,088 RF found
2018-06-11 23:41:35,091 SNT reinforcement_information
2018-06-11 23:41:35,604 RCV reinforcement info
2018-06-11 23:41:35,609 , 70.05705093554485
2018-06-11 23:41:36,722 RCV reinforcement info
2018-06-11 23:41:36,727 , 70.34130092213424
2018-06-11 23:41:38,371 RCV reinforcement info
2018-06-11 23:41:38,376 , 70.43175504477648
2018-06-11 23:41:38,420 RCV reinforcement info
2018-06-11 23:41:38,424 , 70.54678298186289
2018-06-11 23:41:41,143 RCV proposal
2018-06-11 23:41:41,147 appended honest propose ea6a691786 on top of a0a3056aeb
2018-06-11 23:41:41,147 REINFORCEMENT SENT state
2018-06-11 23:41:41,147 RFs > 0 
2018-06-11 23:41:41,148 SNT reinforcement
2018-06-11 23:41:41,359 RCV reinforcement
2018-06-11 23:41:41,364 RCV reinforcement
2018-06-11 23:41:41,384 RCV reinforcement
2018-06-11 23:41:41,414 RCV reinforcement
2018-06-11 23:41:42,516 RCV reinforcement info
2018-06-11 23:41:42,534 , 70.75024341587239
2018-06-11 23:41:42,689 RF found but not transmitted
2018-06-11 23:41:42,693 SNT reinforcement_information
2018-06-11 23:41:42,832 SNT reinforcement
2018-06-11 23:41:43,046 RCV reinforcement
2018-06-11 23:41:43,066 RCV commit
2018-06-11 23:41:43,094 appended honest commit 3e1cab5f66 on top of ea6a691786
2018-06-11 23:41:43,118 Weight: 71.54678298186289 #RFs 9
2018-06-11 23:41:43,118 weight: 71.54678298186289
2018-06-11 23:41:43,119 , 71.54678298186289
2018-06-11 23:41:43,119 MINING state
2018-06-11 23:41:43,119 start mining - depth 20
2018-06-11 23:41:43,122 start mining - hash 3e1cab5f66d5278ea7a28d2cd248ebb9cb15b632bfac2a2c6f6b77bd40298eca
2018-06-11 23:41:43,427 RCV reinforcement info
2018-06-11 23:41:43,430 , 71.65217346710877
2018-06-11 23:41:43,557 RF found but not transmitted
2018-06-11 23:41:43,558 RF found
2018-06-11 23:41:43,560 SNT reinforcement_information
2018-06-11 23:41:43,859 RCV reinforcement info
2018-06-11 23:41:43,864 , 71.96185637890053
2018-06-11 23:41:44,288 RF found but not transmitted
2018-06-11 23:41:44,290 RF found
2018-06-11 23:41:44,291 SNT reinforcement_information
2018-06-11 23:41:45,695 RCV reinforcement info
2018-06-11 23:41:45,699 , 72.28113374425233
2018-06-11 23:41:46,516 RCV reinforcement info
2018-06-11 23:41:46,521 , 72.54164953542144
2018-06-11 23:41:47,078 RCV reinforcement info
2018-06-11 23:41:47,083 , 72.6073046137109
2018-06-11 23:41:47,095 RCV reinforcement info
2018-06-11 23:41:47,100 , 72.6778835739787
2018-06-11 23:41:47,650 RCV reinforcement info
2018-06-11 23:41:47,655 , 72.74183451569888
2018-06-11 23:41:47,699 RCV reinforcement info
2018-06-11 23:41:47,703 , 72.83393475192406
2018-06-11 23:41:47,753 RCV reinforcement info
2018-06-11 23:41:47,763 , 72.92427506409358
2018-06-11 23:41:48,035 RCV reinforcement info
2018-06-11 23:41:48,039 , 73.0276091023949
2018-06-11 23:41:48,280 RCV reinforcement info
2018-06-11 23:41:48,286 , 73.1129386602371
2018-06-11 23:41:48,305 RF found but not transmitted
2018-06-11 23:41:48,680 RCV reinforcement info
2018-06-11 23:41:48,685 , 73.17547655207034
2018-06-11 23:41:50,449 RCV reinforcement info
2018-06-11 23:41:50,454 , 73.71276670767408
2018-06-11 23:41:51,124 RCV reinforcement info
2018-06-11 23:41:51,130 , 73.80750706603905
2018-06-11 23:41:51,287 RCV reinforcement info
2018-06-11 23:41:51,292 , 73.88473150164491
2018-06-11 23:41:52,658 RCV proposal
2018-06-11 23:41:52,663 appended honest propose 586294bfe3 on top of 3e1cab5f66
2018-06-11 23:41:52,664 REINFORCEMENT SENT state
2018-06-11 23:41:52,664 RFs > 0 
2018-06-11 23:41:52,665 SNT reinforcement
2018-06-11 23:41:52,972 RCV reinforcement
2018-06-11 23:41:52,979 RCV reinforcement info
2018-06-11 23:41:52,988 , 74.26333671368805
2018-06-11 23:41:52,998 RCV reinforcement
2018-06-11 23:41:53,021 RCV reinforcement
2018-06-11 23:41:53,027 RCV reinforcement
2018-06-11 23:41:53,148 RCV reinforcement
2018-06-11 23:41:53,232 RCV reinforcement info
2018-06-11 23:41:53,244 , 74.40596660368246
2018-06-11 23:41:53,396 RCV reinforcement
2018-06-11 23:41:53,748 RF found but not transmitted
2018-06-11 23:41:53,752 SNT reinforcement_information
2018-06-11 23:41:53,884 SNT reinforcement
2018-06-11 23:41:54,095 RCV reinforcement info
2018-06-11 23:41:54,100 , 74.72371698700756
2018-06-11 23:41:54,132 RCV reinforcement
2018-06-11 23:41:54,448 RF found but not transmitted
2018-06-11 23:41:54,450 RCV commit
2018-06-11 23:41:54,644 appended honest commit b8f5aad4b1 on top of 586294bfe3
2018-06-11 23:41:54,853 Weight: 75.40596660368246 #RFs 19
2018-06-11 23:41:54,858 weight: 75.40596660368246
2018-06-11 23:41:54,862 , 75.40596660368246
2018-06-11 23:41:54,864 MINING state
2018-06-11 23:41:54,864 start mining - depth 21
2018-06-11 23:41:54,869 start mining - hash b8f5aad4b1c6ce0a68bf6e91293541878bba584c298f63459c14e459c79cb919
2018-06-11 23:41:55,194 RCV reinforcement info
2018-06-11 23:41:55,202 , 75.50279468874105
2018-06-11 23:41:55,243 RCV reinforcement info
2018-06-11 23:41:55,251 , 75.81771174953012
2018-06-11 23:41:56,872 RCV proposal
2018-06-11 23:41:56,875 appended honest propose 69703a20ed on top of b8f5aad4b1
2018-06-11 23:41:56,875 REINFORCEMENT SENT state
2018-06-11 23:41:57,008 RCV reinforcement
2018-06-11 23:41:57,019 RCV reinforcement
2018-06-11 23:41:57,281 RCV reinforcement info
2018-06-11 23:41:57,287 , 75.90545896021604
2018-06-11 23:41:57,376 RF found but not transmitted
2018-06-11 23:41:57,429 RCV reinforcement
2018-06-11 23:41:57,598 RCV reinforcement info
2018-06-11 23:41:57,605 , 76.19960668588853
2018-06-11 23:41:57,766 RCV reinforcement
2018-06-11 23:41:58,213 RF found but not transmitted
2018-06-11 23:41:58,218 SNT reinforcement_information
2018-06-11 23:41:58,397 SNT reinforcement
2018-06-11 23:41:58,671 RCV reinforcement info
2018-06-11 23:41:58,781 , 76.61830498235689
2018-06-11 23:41:58,788 RCV commit
2018-06-11 23:41:58,877 appended honest commit bce55e7563 on top of 69703a20ed
2018-06-11 23:41:58,927 Weight: 76.90545896021604 #RFs 3
2018-06-11 23:41:58,927 weight: 76.90545896021604
2018-06-11 23:41:58,934 , 76.90545896021604
2018-06-11 23:41:58,935 MINING state
2018-06-11 23:41:58,935 start mining - depth 22
2018-06-11 23:41:58,939 start mining - hash bce55e75631f15406b388dfc019b0dd920dae216b75c9ce86a3704fedbc7a2d5
2018-06-11 23:41:58,945 RCV reinforcement info
2018-06-11 23:41:58,954 RCV reinforcement
2018-06-11 23:41:58,962 RCV reinforcement
2018-06-11 23:41:59,001 RCV reinforcement info
2018-06-11 23:41:59,233 RCV reinforcement info
2018-06-11 23:41:59,245 , 76.9780883859745
2018-06-11 23:41:59,272 RCV reinforcement
2018-06-11 23:42:00,511 RCV proposal
2018-06-11 23:42:00,515 appended honest propose 0b33648570 on top of bce55e7563
2018-06-11 23:42:00,515 REINFORCEMENT SENT state
2018-06-11 23:42:00,586 RCV reinforcement
2018-06-11 23:42:01,132 RCV reinforcement info
2018-06-11 23:42:01,137 , 77.56735128373145
2018-06-11 23:42:01,235 RCV reinforcement
2018-06-11 23:42:02,025 RCV commit
2018-06-11 23:42:02,028 appended honest commit 32e72ef461 on top of 0b33648570
2018-06-11 23:42:02,031 Weight: 77.9780883859745 #RFs 1
2018-06-11 23:42:02,031 weight: 77.9780883859745
2018-06-11 23:42:02,031 , 77.9780883859745
2018-06-11 23:42:02,031 MINING state
2018-06-11 23:42:02,031 start mining - depth 23
2018-06-11 23:42:02,032 start mining - hash 32e72ef461abc08bb6e63727d52924a04d72fe5184a48ee917ccf01c8832348f
2018-06-11 23:42:02,261 RCV reinforcement info
2018-06-11 23:42:02,265 , 78.15421608459738
2018-06-11 23:42:02,979 RCV reinforcement info
2018-06-11 23:42:02,984 , 79.0666038473981
2018-06-11 23:42:03,161 RCV reinforcement info
2018-06-11 23:42:03,165 , 79.14049456666366
2018-06-11 23:42:04,262 RCV proposal
2018-06-11 23:42:04,264 appended honest propose 3e7971577d on top of 32e72ef461
2018-06-11 23:42:04,265 REINFORCEMENT SENT state
2018-06-11 23:42:04,339 RCV reinforcement info
2018-06-11 23:42:04,344 , 79.23233944331508
2018-06-11 23:42:04,365 RCV reinforcement
2018-06-11 23:42:04,442 RCV reinforcement
2018-06-11 23:42:05,790 RCV commit
2018-06-11 23:42:05,810 appended honest commit 3d5ba36529 on top of 3e7971577d
2018-06-11 23:42:05,818 Weight: 80.23233944331508 #RFs 4
2018-06-11 23:42:05,829 weight: 80.23233944331508
2018-06-11 23:42:05,830 , 80.23233944331508
2018-06-11 23:42:05,830 MINING state
2018-06-11 23:42:05,830 start mining - depth 24
2018-06-11 23:42:05,830 start mining - hash 3d5ba36529f116e0db79dcf8e75d38a6ff2e0c81d509051eb3a9f96d69b8841f
2018-06-11 23:42:05,979 RCV proposal
2018-06-11 23:42:05,981 appended malicious propose 3e298060e9 on top of 32e72ef461
2018-06-11 23:42:06,186 RF found but not transmitted
2018-06-11 23:42:06,189 RF found
2018-06-11 23:42:06,191 SNT reinforcement_information
2018-06-11 23:42:07,027 RF found but not transmitted
2018-06-11 23:42:07,482 RCV commit
2018-06-11 23:42:07,487 appended malicious commit e5d56b0c99 on top of 3e298060e9
2018-06-11 23:42:07,489 Weight: 79.97199377095743 #RFs 1
2018-06-11 23:42:07,489 weight: 79.97199377095743
2018-06-11 23:42:07,502 , 79.97199377095743
2018-06-11 23:42:08,478 RCV reinforcement info
2018-06-11 23:42:08,484 , 80.60390725198059
2018-06-11 23:42:09,069 RCV reinforcement info
2018-06-11 23:42:09,073 , 80.77822794933677
2018-06-11 23:42:09,219 RCV reinforcement info
2018-06-11 23:42:09,223 , 80.86034683738433
2018-06-11 23:42:09,247 RCV reinforcement info
2018-06-11 23:42:09,251 , 80.94138553714298
2018-06-11 23:42:09,425 RF found but not transmitted
2018-06-11 23:42:09,427 RF found
2018-06-11 23:42:09,428 SNT reinforcement_information
2018-06-11 23:42:10,140 RCV reinforcement info
2018-06-11 23:42:10,160 , 81.41747520791047
2018-06-11 23:42:10,195 RF found but not transmitted
2018-06-11 23:42:10,196 RF found
2018-06-11 23:42:10,197 SNT reinforcement_information
2018-06-11 23:42:10,832 RF found but not transmitted
2018-06-11 23:42:10,834 RF found
2018-06-11 23:42:10,837 SNT reinforcement_information
2018-06-11 23:42:11,222 RCV reinforcement info
2018-06-11 23:42:11,226 , 82.02357397842438
2018-06-11 23:42:11,496 RCV proposal
2018-06-11 23:42:11,498 appended honest propose 6a3d88079b on top of 3d5ba36529
2018-06-11 23:42:11,498 REINFORCEMENT SENT state
2018-06-11 23:42:11,499 RFs > 0 
2018-06-11 23:42:11,499 SNT reinforcement
2018-06-11 23:42:11,695 RCV reinforcement
2018-06-11 23:42:11,723 RCV reinforcement
2018-06-11 23:42:11,732 RCV reinforcement
2018-06-11 23:42:11,737 RCV reinforcement
2018-06-11 23:42:12,652 RF found but not transmitted
2018-06-11 23:42:12,657 SNT reinforcement_information
2018-06-11 23:42:12,720 SNT reinforcement
2018-06-11 23:42:12,900 RCV reinforcement info
2018-06-11 23:42:12,904 , 82.25456825085145
2018-06-11 23:42:12,906 RF found but not transmitted
2018-06-11 23:42:13,036 RCV reinforcement
2018-06-11 23:42:13,087 RCV commit
2018-06-11 23:42:13,124 appended honest commit 2af59670a4 on top of 6a3d88079b
2018-06-11 23:42:13,221 Weight: 83.14974588261265 #RFs 11
2018-06-11 23:42:13,221 weight: 83.14974588261265
2018-06-11 23:42:13,221 , 83.14974588261265
2018-06-11 23:42:13,222 MINING state
2018-06-11 23:42:13,222 start mining - depth 25
2018-06-11 23:42:13,222 start mining - hash 2af59670a4ef2603d4dd987e9cb9385c318fb41f425ae423208f299b83014d66
2018-06-11 23:42:13,224 Hashing frequency: 6397
2018-06-11 23:42:13,483 RCV proposal
2018-06-11 23:42:13,486 appended malicious propose f54b2014b7 on top of 3d5ba36529
2018-06-11 23:42:13,578 RCV reinforcement
2018-06-11 23:42:13,596 RCV reinforcement
2018-06-11 23:42:14,500 RF found but not transmitted
2018-06-11 23:42:14,502 RF found
2018-06-11 23:42:14,506 SNT reinforcement_information
2018-06-11 23:42:14,645 RCV reinforcement info
2018-06-11 23:42:14,650 , 83.37830282078417
2018-06-11 23:42:14,670 RCV reinforcement info
2018-06-11 23:42:14,674 , 83.58743930240676
2018-06-11 23:42:14,936 RCV reinforcement
2018-06-11 23:42:14,963 RCV reinforcement
2018-06-11 23:42:15,018 RCV commit
2018-06-11 23:42:15,058 appended malicious commit d9891da80c on top of f54b2014b7
2018-06-11 23:42:15,073 Weight: 81.8428327328515 #RFs 4
2018-06-11 23:42:15,074 weight: 81.8428327328515
2018-06-11 23:42:15,074 , 81.8428327328515
2018-06-11 23:42:15,863 RCV reinforcement info
2018-06-11 23:42:15,867 , 84.06234820774955
2018-06-11 23:42:16,561 RCV reinforcement info
2018-06-11 23:42:16,567 , 84.43376749382661
2018-06-11 23:42:17,957 RCV reinforcement info
2018-06-11 23:42:17,964 , 85.0657610519441
2018-06-11 23:42:19,351 RCV reinforcement info
2018-06-11 23:42:19,356 , 85.36050305492437
2018-06-11 23:42:20,387 RCV reinforcement info
2018-06-11 23:42:20,392 , 85.49138354133304
2018-06-11 23:42:20,963 RCV reinforcement info
2018-06-11 23:42:20,968 , 85.6310060043986
2018-06-11 23:42:21,139 RCV reinforcement info
2018-06-11 23:42:21,145 , 85.69973074951079
2018-06-11 23:42:21,598 RCV reinforcement info
2018-06-11 23:42:21,603 , 85.8278880155781
2018-06-11 23:42:21,921 RCV reinforcement info
2018-06-11 23:42:21,926 , 86.45756893929803
2018-06-11 23:42:22,221 RCV reinforcement info
2018-06-11 23:42:22,226 , 86.52231156309044
2018-06-11 23:42:22,431 RCV reinforcement info
2018-06-11 23:42:22,436 , 86.63555744339672
2018-06-11 23:42:22,733 RCV reinforcement info
2018-06-11 23:42:22,737 , 86.85350624699704
2018-06-11 23:42:23,381 RCV reinforcement info
2018-06-11 23:42:23,385 , 87.51271515774955
2018-06-11 23:42:23,421 RCV reinforcement info
2018-06-11 23:42:23,426 , 87.73423934445822
2018-06-11 23:42:25,440 RCV reinforcement info
2018-06-11 23:42:25,445 , 87.80645139536867
2018-06-11 23:42:26,324 RCV reinforcement info
2018-06-11 23:42:26,328 , 88.03820323090122
2018-06-11 23:42:26,423 RCV proposal
2018-06-11 23:42:26,426 appended honest propose 3873e21cbb on top of 2af59670a4
2018-06-11 23:42:26,427 REINFORCEMENT SENT state
2018-06-11 23:42:26,427 RFs > 0 
2018-06-11 23:42:26,428 SNT reinforcement
2018-06-11 23:42:26,743 RF found but not transmitted
2018-06-11 23:42:26,793 RCV reinforcement
2018-06-11 23:42:26,817 RCV reinforcement
2018-06-11 23:42:26,860 RCV reinforcement
2018-06-11 23:42:26,867 RCV reinforcement
2018-06-11 23:42:26,905 RCV reinforcement
2018-06-11 23:42:27,075 RCV reinforcement info
2018-06-11 23:42:27,088 , 88.11717048626282
2018-06-11 23:42:27,191 RCV reinforcement
2018-06-11 23:42:28,077 RCV commit
2018-06-11 23:42:28,150 RF found but not transmitted
2018-06-11 23:42:28,289 appended honest commit a503b15c24 on top of 3873e21cbb
2018-06-11 23:42:28,434 Weight: 89.11717048626282 #RFs 20
2018-06-11 23:42:28,434 weight: 89.11717048626282
2018-06-11 23:42:28,434 , 89.11717048626282
2018-06-11 23:42:28,434 MINING state
2018-06-11 23:42:28,441 start mining - depth 26
2018-06-11 23:42:28,466 start mining - hash a503b15c245536cda6a5621674e621a213a24cd188000f7a35816d9364cd5ea2
2018-06-11 23:42:28,650 RCV proposal
2018-06-11 23:42:28,655 appended malicious propose 15277ef980 on top of 2af59670a4
2018-06-11 23:42:28,757 RCV reinforcement
2018-06-11 23:42:29,517 RCV reinforcement info
2018-06-11 23:42:29,522 , 89.19202216770576
2018-06-11 23:42:30,152 RCV commit
2018-06-11 23:42:30,188 appended malicious commit 02e80f0ab4 on top of 15277ef980
2018-06-11 23:42:30,201 Weight: 84.95747996386582 #RFs 4
2018-06-11 23:42:30,201 weight: 84.95747996386582
2018-06-11 23:42:30,201 , 84.95747996386582
2018-06-11 23:42:30,633 RCV reinforcement info
2018-06-11 23:42:30,637 , 89.25641711492972
2018-06-11 23:42:31,261 RCV reinforcement info
2018-06-11 23:42:31,266 , 89.36400311347307
2018-06-11 23:42:31,406 RCV reinforcement info
2018-06-11 23:42:31,410 , 89.44346780302641
2018-06-11 23:42:31,746 RF found but not transmitted
2018-06-11 23:42:31,747 RF found
2018-06-11 23:42:31,749 SNT reinforcement_information
2018-06-11 23:42:33,342 RCV reinforcement info
2018-06-11 23:42:33,347 , 89.57523992206335
2018-06-11 23:42:33,792 RCV reinforcement info
2018-06-11 23:42:33,797 , 89.68172125518593
2018-06-11 23:42:33,911 RCV reinforcement info
2018-06-11 23:42:33,915 , 89.7572709746694
2018-06-11 23:42:36,020 RCV reinforcement info
2018-06-11 23:42:36,025 , 89.82450548678558
2018-06-11 23:42:36,102 RCV reinforcement info
2018-06-11 23:42:36,107 , 89.97395154560198
2018-06-11 23:42:37,458 RCV reinforcement info
2018-06-11 23:42:37,464 , 90.05175252399778
2018-06-11 23:42:37,510 RCV reinforcement info
2018-06-11 23:42:37,519 , 90.14776949036909
2018-06-11 23:42:40,070 RCV reinforcement info
2018-06-11 23:42:40,074 , 90.21850319762221
2018-06-11 23:42:40,231 RF found but not transmitted
2018-06-11 23:42:40,233 RF found
2018-06-11 23:42:40,236 SNT reinforcement_information
2018-06-11 23:42:40,621 RF found but not transmitted
2018-06-11 23:42:40,623 RF found
2018-06-11 23:42:40,625 SNT reinforcement_information
2018-06-11 23:42:41,423 RCV reinforcement info
2018-06-11 23:42:41,426 , 90.94844367586245
2018-06-11 23:42:42,193 RF found but not transmitted
2018-06-11 23:42:43,137 RCV reinforcement info
2018-06-11 23:42:43,143 , 91.31849534330844
2018-06-11 23:42:43,267 RCV reinforcement info
2018-06-11 23:42:43,274 , 91.39883023484838
2018-06-11 23:42:43,432 RCV reinforcement info
2018-06-11 23:42:43,437 , 91.487649436129
2018-06-11 23:42:43,905 RCV reinforcement info
2018-06-11 23:42:43,913 , 91.57106985029928
2018-06-11 23:42:44,276 RCV reinforcement info
2018-06-11 23:42:44,281 , 91.64612981518819
2018-06-11 23:42:44,650 RF found but not transmitted
2018-06-11 23:42:44,653 RF found
2018-06-11 23:42:44,655 SNT reinforcement_information
2018-06-11 23:42:46,179 RF found but not transmitted
2018-06-11 23:42:47,846 RF found but not transmitted
2018-06-11 23:42:47,848 RF found
2018-06-11 23:42:47,849 SNT reinforcement_information
2018-06-11 23:42:48,365 RF found but not transmitted
2018-06-11 23:42:48,368 RF found
2018-06-11 23:42:48,372 SNT reinforcement_information
2018-06-11 23:42:48,640 RCV reinforcement info
2018-06-11 23:42:48,643 , 92.1218447333864
2018-06-11 23:42:49,974 RCV proposal
2018-06-11 23:42:49,977 appended honest propose b5dd80aae9 on top of a503b15c24
2018-06-11 23:42:49,978 REINFORCEMENT SENT state
2018-06-11 23:42:49,978 RFs > 0 
2018-06-11 23:42:49,979 SNT reinforcement
2018-06-11 23:42:50,217 RCV reinforcement
2018-06-11 23:42:50,336 RCV reinforcement
2018-06-11 23:42:50,379 RCV reinforcement
2018-06-11 23:42:50,385 RCV reinforcement
2018-06-11 23:42:50,390 RCV reinforcement
2018-06-11 23:42:50,469 RCV reinforcement info
2018-06-11 23:42:50,476 , 92.19184256055973
2018-06-11 23:42:50,587 RCV reinforcement
2018-06-11 23:42:50,742 RCV reinforcement info
2018-06-11 23:42:50,752 , 92.31635558747999
2018-06-11 23:42:50,848 RCV reinforcement
2018-06-11 23:42:51,085 RCV reinforcement info
2018-06-11 23:42:51,093 , 92.48057936216159
2018-06-11 23:42:51,182 RCV reinforcement
2018-06-11 23:42:51,291 RF found but not transmitted
2018-06-11 23:42:51,296 SNT reinforcement_information
2018-06-11 23:42:51,360 SNT reinforcement
2018-06-11 23:42:51,677 RCV commit
2018-06-11 23:42:51,957 appended honest commit 95a6eb218a on top of b5dd80aae9
2018-06-11 23:42:52,210 Weight: 93.31635558747999 #RFs 27
2018-06-11 23:42:52,211 weight: 93.31635558747999
2018-06-11 23:42:52,211 , 93.31635558747999
2018-06-11 23:42:52,211 MINING state
2018-06-11 23:42:52,211 start mining - depth 27
2018-06-11 23:42:52,212 start mining - hash 95a6eb218a494604418e73a9e36c72c58541e7a4ac2edb32b5fb0c318fd45b3f
2018-06-11 23:42:52,358 RCV proposal
2018-06-11 23:42:52,365 appended malicious propose 4b8473c8f7 on top of a503b15c24
2018-06-11 23:42:52,458 RCV reinforcement
2018-06-11 23:42:52,481 RCV reinforcement
2018-06-11 23:42:53,518 RF found but not transmitted
2018-06-11 23:42:53,951 RCV commit
2018-06-11 23:42:54,034 appended malicious commit aa3182f7aa on top of 4b8473c8f7
2018-06-11 23:42:54,112 Weight: 93.75551797478933 #RFs 16
2018-06-11 23:42:54,112 weight: 93.75551797478933
2018-06-11 23:42:54,113 , 93.75551797478933
2018-06-11 23:42:55,233 RCV reinforcement info
2018-06-11 23:42:55,238 , 93.3927314712882
2018-06-11 23:42:56,941 RCV reinforcement info
2018-06-11 23:42:56,946 , 93.59010902846849
2018-06-11 23:42:57,622 RCV proposal
2018-06-11 23:42:57,625 appended honest propose 36a8b5bc49 on top of 95a6eb218a
2018-06-11 23:42:57,626 REINFORCEMENT SENT state
2018-06-11 23:42:57,721 RCV reinforcement
2018-06-11 23:42:59,138 RCV commit
2018-06-11 23:42:59,145 appended honest commit 85994d8fc4 on top of 36a8b5bc49
2018-06-11 23:42:59,160 Weight: 94.59010902846849 #RFs 2
2018-06-11 23:42:59,161 weight: 94.59010902846849
2018-06-11 23:42:59,161 , 94.59010902846849
2018-06-11 23:42:59,161 MINING state
2018-06-11 23:42:59,161 start mining - depth 28
2018-06-11 23:42:59,162 start mining - hash 85994d8fc4613ed5645442381d3490fb36178c3f16975fcd9c0536f8a1e6a51e
2018-06-11 23:43:00,055 RCV reinforcement info
2018-06-11 23:43:00,059 , 94.68619380905041
2018-06-11 23:43:00,602 RCV reinforcement info
2018-06-11 23:43:00,606 , 94.81103396806179
2018-06-11 23:43:01,881 RCV reinforcement info
2018-06-11 23:43:01,885 , 94.97692022128707
2018-06-11 23:43:02,790 RCV reinforcement info
2018-06-11 23:43:02,794 , 95.08241164707981
2018-06-11 23:43:03,707 RCV reinforcement info
2018-06-11 23:43:03,711 , 95.38936220680284
2018-06-11 23:43:04,151 RCV reinforcement info
2018-06-11 23:43:04,156 , 95.49395039492383
2018-06-11 23:43:05,781 RCV reinforcement info
2018-06-11 23:43:05,786 , 95.61219094519387
2018-06-11 23:43:07,877 RCV reinforcement info
2018-06-11 23:43:07,881 , 96.42549556320938
2018-06-11 23:43:08,024 RCV reinforcement info
2018-06-11 23:43:08,029 , 96.65403273729407
2018-06-11 23:43:08,535 RCV reinforcement info
2018-06-11 23:43:08,540 , 96.95575258984267
2018-06-11 23:43:08,580 RCV reinforcement info
2018-06-11 23:43:08,584 , 97.02816652780764
2018-06-11 23:43:08,778 RCV reinforcement info
2018-06-11 23:43:08,782 , 97.10145532478293
2018-06-11 23:43:09,618 RCV reinforcement info
2018-06-11 23:43:09,623 , 97.22921420497148
2018-06-11 23:43:10,649 RCV reinforcement info
2018-06-11 23:43:10,653 , 97.31306246377737
2018-06-11 23:43:11,594 RCV reinforcement info
2018-06-11 23:43:11,601 , 97.61262399759832
2018-06-11 23:43:12,190 RCV proposal
2018-06-11 23:43:12,193 appended honest propose 04938cdfc4 on top of 85994d8fc4
2018-06-11 23:43:12,194 REINFORCEMENT SENT state
2018-06-11 23:43:12,256 RCV reinforcement info
2018-06-11 23:43:12,260 , 97.68864933739586
2018-06-11 23:43:12,369 RCV reinforcement
2018-06-11 23:43:12,405 RCV reinforcement
2018-06-11 23:43:12,419 RCV reinforcement
2018-06-11 23:43:12,494 RCV reinforcement
2018-06-11 23:43:13,104 RCV reinforcement info
2018-06-11 23:43:13,110 , 98.68864933739586
2018-06-11 23:43:13,202 RCV reinforcement
2018-06-11 23:43:13,564 RF found but not transmitted
2018-06-11 23:43:13,567 SNT reinforcement_information
2018-06-11 23:43:13,651 SNT reinforcement
2018-06-11 23:43:13,902 RCV commit
2018-06-11 23:43:14,018 appended honest commit 07cb6a0a0a on top of 04938cdfc4
2018-06-11 23:43:14,048 Weight: 99.68864933739586 #RFs 17
2018-06-11 23:43:14,048 weight: 99.68864933739586
2018-06-11 23:43:14,048 , 99.68864933739586
2018-06-11 23:43:14,049 MINING state
2018-06-11 23:43:14,049 start mining - depth 29
2018-06-11 23:43:14,049 start mining - hash 07cb6a0a0a92e7bb152403c067a68f6809cfd83cf1a45662dee0b5393ce1a4b8
2018-06-11 23:43:14,050 Hashing frequency: 6282
2018-06-11 23:43:14,314 RCV reinforcement info
2018-06-11 23:43:14,321 , 99.7708419186951
2018-06-11 23:43:14,346 RCV reinforcement info
2018-06-11 23:43:14,364 , 99.84524461465394
2018-06-11 23:43:14,421 RCV reinforcement info
2018-06-11 23:43:14,428 , 100.0074682374778
2018-06-11 23:43:14,613 RF found but not transmitted
2018-06-11 23:43:14,615 RF found
2018-06-11 23:43:14,617 SNT reinforcement_information
2018-06-11 23:43:14,752 RF found but not transmitted
2018-06-11 23:43:14,755 RF found
2018-06-11 23:43:14,760 SNT reinforcement_information
2018-06-11 23:43:15,815 RCV reinforcement info
2018-06-11 23:43:15,820 , 100.52627797706602
2018-06-11 23:43:16,105 RCV reinforcement info
2018-06-11 23:43:16,109 , 100.71701103775459
2018-06-11 23:43:16,267 RCV reinforcement info
2018-06-11 23:43:16,272 , 101.24035048766955
2018-06-11 23:43:17,938 RCV reinforcement info
2018-06-11 23:43:17,943 , 101.32131842578332
2018-06-11 23:43:17,988 RCV reinforcement info
2018-06-11 23:43:17,993 , 101.48459914138762
2018-06-11 23:43:18,925 RCV reinforcement info
2018-06-11 23:43:18,929 , 101.66688440791943
2018-06-11 23:43:19,257 RCV reinforcement info
2018-06-11 23:43:19,262 , 102.08283295573011
2018-06-11 23:43:20,279 RF found but not transmitted
2018-06-11 23:43:20,791 RCV reinforcement info
2018-06-11 23:43:20,795 , 102.43510790979985
2018-06-11 23:43:21,001 RCV reinforcement info
2018-06-11 23:43:21,006 , 102.65606370157252
2018-06-11 23:43:21,262 RF found but not transmitted
2018-06-11 23:43:21,264 RF found
2018-06-11 23:43:21,268 SNT reinforcement_information
2018-06-11 23:43:21,423 RF found but not transmitted
2018-06-11 23:43:21,430 RF found
2018-06-11 23:43:21,431 SNT reinforcement_information
2018-06-11 23:43:22,303 RCV reinforcement info
2018-06-11 23:43:22,308 , 103.55911651037175
2018-06-11 23:43:23,159 RCV reinforcement info
2018-06-11 23:43:23,164 , 103.64498284132966
2018-06-11 23:43:23,821 RCV reinforcement info
2018-06-11 23:43:23,826 , 103.77882962614233
2018-06-11 23:43:24,949 RCV reinforcement info
2018-06-11 23:43:24,954 , 103.84361938042099
2018-06-11 23:43:25,100 RCV reinforcement info
2018-06-11 23:43:25,105 , 104.17706564261789
2018-06-11 23:43:25,733 RCV reinforcement info
2018-06-11 23:43:25,739 , 104.29145901840462
2018-06-11 23:43:26,154 RCV reinforcement info
2018-06-11 23:43:26,159 , 104.46287183784685
2018-06-11 23:43:26,626 RCV reinforcement info
2018-06-11 23:43:26,631 , 104.5984025471129
2018-06-11 23:43:26,868 RCV reinforcement info
2018-06-11 23:43:26,872 , 104.81290792742298
2018-06-11 23:43:26,950 RCV proposal
2018-06-11 23:43:26,954 appended honest propose d1aaab731d on top of 07cb6a0a0a
2018-06-11 23:43:26,954 REINFORCEMENT SENT state
2018-06-11 23:43:26,954 RFs > 0 
2018-06-11 23:43:26,955 SNT reinforcement
2018-06-11 23:43:27,152 RCV reinforcement
2018-06-11 23:43:27,158 RCV reinforcement
2018-06-11 23:43:27,213 RCV reinforcement
2018-06-11 23:43:27,217 RCV reinforcement
2018-06-11 23:43:27,261 RCV reinforcement
2018-06-11 23:43:28,243 RCV reinforcement info
2018-06-11 23:43:28,250 , 104.90138819708521
2018-06-11 23:43:28,352 RCV reinforcement
2018-06-11 23:43:28,580 RCV reinforcement info
2018-06-11 23:43:28,585 , 105.24222860216751
2018-06-11 23:43:28,625 RCV commit
2018-06-11 23:43:28,872 appended honest commit 5c6f147184 on top of d1aaab731d
2018-06-11 23:43:29,060 Weight: 105.90138819708521 #RFs 26
2018-06-11 23:43:29,060 weight: 105.90138819708521
2018-06-11 23:43:29,060 , 105.90138819708521
2018-06-11 23:43:29,062 MINING state
2018-06-11 23:43:29,062 start mining - depth 30
2018-06-11 23:43:29,063 start mining - hash 5c6f1471848bace35c2d3e4c56242abbc46f636409e915148678ad76648985a6
2018-06-11 23:43:29,077 RCV reinforcement
2018-06-11 23:43:29,398 RF found but not transmitted
2018-06-11 23:43:29,779 RCV reinforcement info
2018-06-11 23:43:29,785 , 106.23660028920534
2018-06-11 23:43:29,873 RCV reinforcement info
2018-06-11 23:43:29,878 , 106.3978905491397
2018-06-11 23:43:30,537 RCV reinforcement info
2018-06-11 23:43:30,542 , 106.59358610407496
2018-06-11 23:43:32,801 RCV reinforcement info
2018-06-11 23:43:32,806 , 106.6724303286208
2018-06-11 23:43:33,269 RCV reinforcement info
2018-06-11 23:43:33,274 , 106.83558810916662
2018-06-11 23:43:34,633 RCV reinforcement info
2018-06-11 23:43:34,638 , 106.90346754451855
2018-06-11 23:43:35,906 RCV reinforcement info
2018-06-11 23:43:35,910 , 107.03937535019504
2018-06-11 23:43:36,265 RF found but not transmitted
2018-06-11 23:43:37,268 RCV reinforcement info
2018-06-11 23:43:37,273 , 107.10261427993923
