2018-06-11 23:37:54,230 ---------------------------------------------------------
2018-06-11 23:37:54,232 MALICIOUS MINING state
2018-06-11 23:37:55,257 start mining - depth 0
2018-06-11 23:37:55,258 start mining - hash 97c44597a940e5615eca7ef390b522786728ebaa9f711fad94a62a97efb7ffb5
2018-06-11 23:37:55,803 RCV proposal
2018-06-11 23:37:55,805 appended honest propose a840ff0c6b on top of 97c44597a9
2018-06-11 23:37:55,876 RCV reinforcement info
2018-06-11 23:37:55,920 RCV reinforcement info
2018-06-11 23:37:55,978 RCV reinforcement
2018-06-11 23:37:56,052 RCV reinforcement
2018-06-11 23:37:56,941 RCV reinforcement info
2018-06-11 23:37:57,048 RCV reinforcement
2018-06-11 23:37:57,293 RCV commit
2018-06-11 23:37:57,315 appended honest commit 388c6a6d64 on top of a840ff0c6b
2018-06-11 23:37:57,321 Weight: 1.2357497211634105 #RFs 3
2018-06-11 23:37:57,321 weight: 1.2357497211634105
2018-06-11 23:37:57,321 , 1.2357497211634105
2018-06-11 23:37:57,322 start mining - depth 1
2018-06-11 23:37:57,322 start mining - hash 388c6a6d64f579ac0c694e1f7394844b27206f5a4603244ee6fd7dd6b104f70a
2018-06-11 23:37:57,651 RCV reinforcement info
2018-06-11 23:37:57,721 RF found but not transmitted
2018-06-11 23:37:59,766 RCV reinforcement info
2018-06-11 23:38:00,665 RF found but not transmitted
2018-06-11 23:38:02,172 RCV proposal
2018-06-11 23:38:02,175 appended honest propose 32508dec78 on top of 388c6a6d64
2018-06-11 23:38:02,258 RCV reinforcement
2018-06-11 23:38:03,064 RCV reinforcement info
2018-06-11 23:38:03,129 RCV reinforcement
2018-06-11 23:38:03,203 RCV reinforcement info
2018-06-11 23:38:03,269 RCV reinforcement
2018-06-11 23:38:03,700 RCV commit
2018-06-11 23:38:03,724 appended honest commit ca4ac81bd4 on top of 32508dec78
2018-06-11 23:38:03,750 Weight: 4.22543002916691 #RFs 4
2018-06-11 23:38:03,750 weight: 4.22543002916691
2018-06-11 23:38:03,750 , 4.22543002916691
2018-06-11 23:38:03,751 start mining - depth 2
2018-06-11 23:38:03,751 start mining - hash ca4ac81bd46defd2b0bc6ea938e58e828aaac9c5db1a9d72c3306659c3df2163
2018-06-11 23:38:04,275 RCV reinforcement info
2018-06-11 23:38:04,284 RF found but not transmitted
2018-06-11 23:38:07,236 RCV reinforcement info
2018-06-11 23:38:07,279 RCV reinforcement info
2018-06-11 23:38:07,520 RCV reinforcement info
2018-06-11 23:38:08,384 RCV reinforcement info
2018-06-11 23:38:08,529 RCV reinforcement info
2018-06-11 23:38:09,252 RCV reinforcement info
2018-06-11 23:38:09,778 RCV reinforcement info
2018-06-11 23:38:10,583 RCV reinforcement info
2018-06-11 23:38:10,816 RF found but not transmitted
2018-06-11 23:38:11,513 RCV reinforcement info
2018-06-11 23:38:13,024 RCV reinforcement info
2018-06-11 23:38:13,933 RCV reinforcement info
2018-06-11 23:38:14,460 RCV reinforcement info
2018-06-11 23:38:14,476 RCV reinforcement info
2018-06-11 23:38:15,282 RCV reinforcement info
2018-06-11 23:38:15,410 RCV reinforcement info
2018-06-11 23:38:17,698 RF found but not transmitted
2018-06-11 23:38:18,375 RCV reinforcement info
2018-06-11 23:38:20,859 RCV reinforcement info
2018-06-11 23:38:21,146 RCV reinforcement info
2018-06-11 23:38:21,560 RCV reinforcement info
2018-06-11 23:38:22,181 RCV reinforcement info
2018-06-11 23:38:22,327 RCV reinforcement info
2018-06-11 23:38:22,348 RCV reinforcement info
2018-06-11 23:38:23,396 RCV reinforcement info
2018-06-11 23:38:23,769 RCV reinforcement info
2018-06-11 23:38:24,536 RCV reinforcement info
2018-06-11 23:38:24,666 RCV reinforcement info
2018-06-11 23:38:25,019 RCV reinforcement info
2018-06-11 23:38:25,932 RCV reinforcement info
2018-06-11 23:38:26,778 RCV reinforcement info
2018-06-11 23:38:27,030 RCV reinforcement info
2018-06-11 23:38:27,693 RCV proposal
2018-06-11 23:38:27,697 appended honest propose 0f78b697ca on top of ca4ac81bd4
2018-06-11 23:38:27,852 RCV reinforcement
2018-06-11 23:38:27,864 RCV reinforcement
2018-06-11 23:38:27,881 RCV reinforcement
2018-06-11 23:38:27,887 RCV reinforcement
2018-06-11 23:38:27,890 RCV reinforcement
2018-06-11 23:38:27,920 RCV reinforcement
2018-06-11 23:38:28,265 RCV reinforcement info
2018-06-11 23:38:28,342 RCV reinforcement
2018-06-11 23:38:28,835 RCV reinforcement info
2018-06-11 23:38:28,893 RCV reinforcement info
2018-06-11 23:38:28,925 RCV reinforcement
2018-06-11 23:38:28,975 RCV reinforcement
2018-06-11 23:38:29,297 RCV commit
2018-06-11 23:38:29,487 appended honest commit 388fa77f0f on top of 0f78b697ca
2018-06-11 23:38:29,653 Weight: 10.289171158683232 #RFs 33
2018-06-11 23:38:29,654 weight: 10.289171158683232
2018-06-11 23:38:29,657 , 10.289171158683232
2018-06-11 23:38:29,658 start mining - depth 3
2018-06-11 23:38:29,658 start mining - hash 388fa77f0fc66ec1fc039f69deddb286f8e59412f44c6c4d4211d21f425500e8
2018-06-11 23:38:29,942 RCV reinforcement info
2018-06-11 23:38:31,527 RCV reinforcement info
2018-06-11 23:38:32,061 RCV proposal
2018-06-11 23:38:32,064 appended honest propose 27b280d24a on top of 388fa77f0f
2018-06-11 23:38:32,135 RCV reinforcement
2018-06-11 23:38:32,217 RCV reinforcement info
2018-06-11 23:38:32,288 RCV reinforcement
2018-06-11 23:38:33,581 RCV commit
2018-06-11 23:38:33,619 appended honest commit 0586ce0437 on top of 27b280d24a
2018-06-11 23:38:33,627 Weight: 12.030158188242098 #RFs 3
2018-06-11 23:38:33,627 weight: 12.030158188242098
2018-06-11 23:38:33,628 , 12.030158188242098
2018-06-11 23:38:33,629 start mining - depth 4
2018-06-11 23:38:33,630 start mining - hash 0586ce0437433d8474792d73e3c61854183c71fe27a9ba44f2dd6c9e5cdd71b0
2018-06-11 23:38:35,269 RCV reinforcement info
2018-06-11 23:38:36,419 RCV reinforcement info
2018-06-11 23:38:36,421 RCV reinforcement info
2018-06-11 23:38:37,714 RCV reinforcement info
2018-06-11 23:38:38,471 RCV reinforcement info
2018-06-11 23:38:39,072 RCV reinforcement info
2018-06-11 23:38:39,401 RCV reinforcement info
2018-06-11 23:38:39,553 RF found but not transmitted
2018-06-11 23:38:40,118 RCV reinforcement info
2018-06-11 23:38:40,585 RCV reinforcement info
2018-06-11 23:38:40,766 RCV reinforcement info
2018-06-11 23:38:41,186 RCV reinforcement info
2018-06-11 23:38:41,328 RCV reinforcement info
2018-06-11 23:38:43,181 RCV reinforcement info
2018-06-11 23:38:43,562 RCV reinforcement info
2018-06-11 23:38:43,838 RCV reinforcement info
2018-06-11 23:38:44,426 RCV reinforcement info
2018-06-11 23:38:44,641 RCV reinforcement info
2018-06-11 23:38:44,764 RCV reinforcement info
2018-06-11 23:38:44,921 RCV malicious_prop_agreement
2018-06-11 23:38:44,993 RCV reinforcement info
2018-06-11 23:38:45,182 RCV reinforcement info
2018-06-11 23:38:47,293 RCV reinforcement info
2018-06-11 23:38:47,431 RCV reinforcement info
2018-06-11 23:38:49,158 RCV reinforcement info
2018-06-11 23:38:49,936 RCV reinforcement info
2018-06-11 23:38:50,444 RF found but not transmitted
2018-06-11 23:38:50,822 RCV reinforcement info
2018-06-11 23:38:51,184 RCV reinforcement info
2018-06-11 23:38:51,427 RCV reinforcement info
2018-06-11 23:38:52,267 RCV reinforcement info
2018-06-11 23:38:53,837 RCV reinforcement info
2018-06-11 23:38:54,257 RCV proposal
2018-06-11 23:38:54,260 appended honest propose b5670d8aed on top of 0586ce0437
2018-06-11 23:38:54,417 RCV reinforcement
2018-06-11 23:38:54,423 RCV reinforcement
2018-06-11 23:38:54,450 RCV reinforcement
2018-06-11 23:38:54,463 RCV reinforcement
2018-06-11 23:38:54,486 RCV reinforcement
2018-06-11 23:38:54,503 RCV reinforcement
2018-06-11 23:38:54,572 RCV reinforcement info
2018-06-11 23:38:54,644 RCV reinforcement
2018-06-11 23:38:55,317 RCV reinforcement info
2018-06-11 23:38:55,383 RCV reinforcement
2018-06-11 23:38:55,408 RCV reinforcement info
2018-06-11 23:38:55,507 RCV reinforcement info
2018-06-11 23:38:55,552 RCV reinforcement
2018-06-11 23:38:55,632 RCV reinforcement
2018-06-11 23:38:55,816 RCV reinforcement info
2018-06-11 23:38:55,905 RCV reinforcement
2018-06-11 23:38:55,922 RCV commit
2018-06-11 23:38:56,110 appended honest commit bc476310d4 on top of b5670d8aed
2018-06-11 23:38:56,335 Weight: 20.123453983555017 #RFs 33
2018-06-11 23:38:56,336 weight: 20.123453983555017
2018-06-11 23:38:56,336 , 20.123453983555017
2018-06-11 23:38:56,346 RCV reinforcement info
2018-06-11 23:38:56,349 RCV reinforcement info
2018-06-11 23:38:56,374 RCV reinforcement
2018-06-11 23:38:56,440 RCV reinforcement
2018-06-11 23:38:56,583 RCV proposal
2018-06-11 23:38:56,586 appended malicious propose 6d9c34dd97 on top of 0586ce0437
2018-06-11 23:38:56,588 REINFORCEMENT SENT state
2018-06-11 23:38:56,589 SNT reinforcement
2018-06-11 23:38:56,714 RCV reinforcement
2018-06-11 23:38:57,755 RCV reinforcement info
2018-06-11 23:38:57,930 RCV reinforcement info
2018-06-11 23:38:58,026 RCV reinforcement
2018-06-11 23:38:58,086 RCV commit
2018-06-11 23:38:58,172 appended malicious commit b3d26d309d on top of 6d9c34dd97
2018-06-11 23:38:58,196 Weight: 14.53445633455726 #RFs 10
2018-06-11 23:38:58,196 weight: 14.53445633455726
2018-06-11 23:38:58,197 , 14.53445633455726
2018-06-11 23:38:58,197 MALICIOUS MINING state
2018-06-11 23:38:58,197 start mining - depth 5
2018-06-11 23:38:58,198 start mining - hash bc476310d48ab399a2c54398b28fce1bb372b2ee94e50841a8f0f15f462e6743
2018-06-11 23:38:58,199 Hashing frequency: 3352
2018-06-11 23:38:58,328 RCV reinforcement info
2018-06-11 23:38:58,488 RF found but not transmitted
2018-06-11 23:38:59,027 RCV reinforcement info
2018-06-11 23:38:59,049 RCV reinforcement info
2018-06-11 23:38:59,522 RCV reinforcement info
2018-06-11 23:39:00,411 RCV reinforcement info
2018-06-11 23:39:00,635 RCV reinforcement info
2018-06-11 23:39:02,994 RCV proposal
2018-06-11 23:39:02,997 appended honest propose e605c1b3ac on top of bc476310d4
2018-06-11 23:39:03,126 RCV reinforcement
2018-06-11 23:39:03,133 RCV reinforcement
2018-06-11 23:39:03,148 RCV reinforcement
2018-06-11 23:39:03,168 RCV reinforcement
2018-06-11 23:39:03,191 RCV reinforcement
2018-06-11 23:39:03,212 RCV reinforcement
2018-06-11 23:39:04,347 RCV reinforcement info
2018-06-11 23:39:04,421 RCV reinforcement
2018-06-11 23:39:04,515 RF found but not transmitted
2018-06-11 23:39:04,529 RCV commit
2018-06-11 23:39:04,591 appended honest commit be24720cb5 on top of e605c1b3ac
2018-06-11 23:39:04,632 Weight: 22.419975366720877 #RFs 9
2018-06-11 23:39:04,632 weight: 22.419975366720877
2018-06-11 23:39:04,632 , 22.419975366720877
2018-06-11 23:39:04,633 start mining - depth 6
2018-06-11 23:39:04,634 start mining - hash be24720cb5be3b4d9caecd356384efb8bc9c1ef3f743a8b02b57dfe13292b592
2018-06-11 23:39:04,845 RCV reinforcement info
2018-06-11 23:39:04,851 RCV reinforcement info
2018-06-11 23:39:05,341 RCV reinforcement info
2018-06-11 23:39:05,718 RCV reinforcement info
2018-06-11 23:39:07,033 RCV reinforcement info
2018-06-11 23:39:07,400 RCV proposal
2018-06-11 23:39:07,403 appended honest propose 85bc40a776 on top of be24720cb5
2018-06-11 23:39:07,488 RCV reinforcement
2018-06-11 23:39:07,511 RCV reinforcement
2018-06-11 23:39:07,569 RCV reinforcement
2018-06-11 23:39:08,697 RCV reinforcement info
2018-06-11 23:39:08,765 RCV reinforcement
2018-06-11 23:39:08,918 RCV commit
2018-06-11 23:39:08,970 appended honest commit 1e8d3eb4d9 on top of 85bc40a776
2018-06-11 23:39:09,013 Weight: 24.97842172232622 #RFs 6
2018-06-11 23:39:09,014 weight: 24.97842172232622
2018-06-11 23:39:09,017 , 24.97842172232622
2018-06-11 23:39:09,019 start mining - depth 7
2018-06-11 23:39:09,019 start mining - hash 1e8d3eb4d9976304a72768845cfb78c657c19f9edeaf5acae99599bdd002a87a
2018-06-11 23:39:09,327 RCV reinforcement info
2018-06-11 23:39:09,880 RCV reinforcement info
2018-06-11 23:39:11,079 RF found but not transmitted
2018-06-11 23:39:11,400 RCV reinforcement info
2018-06-11 23:39:12,151 RCV reinforcement info
2018-06-11 23:39:12,605 RCV proposal
2018-06-11 23:39:12,608 appended honest propose 104e0bb9c4 on top of 1e8d3eb4d9
2018-06-11 23:39:12,712 RCV reinforcement
2018-06-11 23:39:12,731 RCV reinforcement
2018-06-11 23:39:12,750 RCV reinforcement
2018-06-11 23:39:12,885 RCV reinforcement info
2018-06-11 23:39:12,958 RCV reinforcement
2018-06-11 23:39:13,329 RCV reinforcement info
2018-06-11 23:39:13,411 RCV reinforcement
2018-06-11 23:39:13,577 RCV reinforcement info
2018-06-11 23:39:13,656 RCV reinforcement
2018-06-11 23:39:13,962 RCV reinforcement info
2018-06-11 23:39:14,019 RCV reinforcement info
2018-06-11 23:39:14,063 RCV reinforcement
2018-06-11 23:39:14,184 RCV reinforcement
2018-06-11 23:39:14,206 RCV commit
2018-06-11 23:39:14,231 appended honest commit 4b5db12571 on top of 104e0bb9c4
2018-06-11 23:39:14,254 Weight: 26.773936853704868 #RFs 6
2018-06-11 23:39:14,254 weight: 26.773936853704868
2018-06-11 23:39:14,254 , 26.773936853704868
2018-06-11 23:39:14,255 start mining - depth 8
2018-06-11 23:39:14,255 start mining - hash 4b5db12571d5a710573cea4532e5feca9720eac14e4bc49b91fb8b4e41b87770
2018-06-11 23:39:14,532 RCV reinforcement info
2018-06-11 23:39:15,105 RF found but not transmitted
2018-06-11 23:39:15,408 RF found but not transmitted
2018-06-11 23:39:16,465 RCV reinforcement info
2018-06-11 23:39:17,120 RCV reinforcement info
2018-06-11 23:39:17,662 RCV reinforcement info
2018-06-11 23:39:17,753 RCV reinforcement info
2018-06-11 23:39:18,220 RCV reinforcement info
2018-06-11 23:39:18,434 RCV reinforcement info
2018-06-11 23:39:18,810 RCV reinforcement info
2018-06-11 23:39:19,421 RCV reinforcement info
2018-06-11 23:39:19,704 RCV reinforcement info
2018-06-11 23:39:19,954 RCV reinforcement info
2018-06-11 23:39:21,411 RF found but not transmitted
2018-06-11 23:39:23,518 RCV reinforcement info
2018-06-11 23:39:23,572 RCV reinforcement info
2018-06-11 23:39:24,538 RCV reinforcement info
2018-06-11 23:39:24,740 RCV reinforcement info
2018-06-11 23:39:25,072 RCV reinforcement info
2018-06-11 23:39:25,556 RCV reinforcement info
2018-06-11 23:39:26,297 RCV reinforcement info
2018-06-11 23:39:26,627 RCV reinforcement info
2018-06-11 23:39:27,181 RCV reinforcement info
2018-06-11 23:39:27,927 RF found but not transmitted
2018-06-11 23:39:28,312 RCV reinforcement info
2018-06-11 23:39:29,031 RCV reinforcement info
2018-06-11 23:39:29,831 RCV reinforcement info
2018-06-11 23:39:30,930 RCV reinforcement info
2018-06-11 23:39:32,371 RCV reinforcement info
2018-06-11 23:39:32,495 RCV reinforcement info
2018-06-11 23:39:32,505 RCV malicious_prop_agreement
2018-06-11 23:39:32,675 RF found but not transmitted
2018-06-11 23:39:33,032 RCV reinforcement info
2018-06-11 23:39:33,738 RCV reinforcement info
2018-06-11 23:39:34,710 RCV reinforcement info
2018-06-11 23:39:34,764 RCV reinforcement info
2018-06-11 23:39:34,866 RF found but not transmitted
2018-06-11 23:39:35,682 RCV reinforcement info
2018-06-11 23:39:36,486 RCV reinforcement info
2018-06-11 23:39:37,007 RCV reinforcement info
2018-06-11 23:39:37,383 RCV reinforcement info
2018-06-11 23:39:37,722 RCV reinforcement info
2018-06-11 23:39:38,346 RF found but not transmitted
2018-06-11 23:39:38,479 RCV reinforcement info
2018-06-11 23:39:38,496 RF found but not transmitted
2018-06-11 23:39:38,772 RCV reinforcement info
2018-06-11 23:39:40,515 RCV reinforcement info
2018-06-11 23:39:40,585 RCV reinforcement info
2018-06-11 23:39:41,354 RCV reinforcement info
2018-06-11 23:39:41,586 RCV reinforcement info
2018-06-11 23:39:42,556 RCV reinforcement info
2018-06-11 23:39:42,653 RCV reinforcement info
2018-06-11 23:39:42,906 RCV reinforcement info
2018-06-11 23:39:43,135 RCV proposal
2018-06-11 23:39:43,138 appended honest propose d33d40aac5 on top of 4b5db12571
2018-06-11 23:39:43,271 RCV reinforcement
2018-06-11 23:39:43,274 RCV reinforcement
2018-06-11 23:39:43,293 RCV reinforcement
2018-06-11 23:39:43,297 RCV reinforcement
2018-06-11 23:39:43,309 RCV reinforcement
2018-06-11 23:39:43,325 RCV reinforcement
2018-06-11 23:39:43,604 RCV reinforcement info
2018-06-11 23:39:43,677 RCV reinforcement
2018-06-11 23:39:44,804 RCV commit
2018-06-11 23:39:45,114 appended honest commit 210bf0b058 on top of d33d40aac5
2018-06-11 23:39:45,393 Weight: 36.892605728067004 #RFs 45
2018-06-11 23:39:45,393 weight: 36.892605728067004
2018-06-11 23:39:45,410 , 36.892605728067004
2018-06-11 23:39:45,417 RCV reinforcement info
2018-06-11 23:39:45,420 RCV reinforcement
2018-06-11 23:39:45,568 RCV proposal
2018-06-11 23:39:45,571 appended malicious propose 12ac647d31 on top of 4b5db12571
2018-06-11 23:39:45,572 REINFORCEMENT SENT state
2018-06-11 23:39:45,573 SNT reinforcement
2018-06-11 23:39:45,685 RCV reinforcement
2018-06-11 23:39:45,702 RCV reinforcement
2018-06-11 23:39:45,859 RCV reinforcement info
2018-06-11 23:39:46,570 RCV reinforcement info
2018-06-11 23:39:47,459 RCV reinforcement info
2018-06-11 23:39:47,499 RCV commit
2018-06-11 23:39:47,672 appended malicious commit ecb1953636 on top of 12ac647d31
2018-06-11 23:39:48,009 Weight: 31.325992255128735 #RFs 22
2018-06-11 23:39:48,010 weight: 31.325992255128735
2018-06-11 23:39:48,010 , 31.325992255128735
2018-06-11 23:39:48,013 MALICIOUS MINING state
2018-06-11 23:39:48,014 start mining - depth 9
2018-06-11 23:39:48,015 start mining - hash 210bf0b058e988cdd2ec0ca9c6533ca483accc5826f14a10de10976a2e653d15
2018-06-11 23:39:48,474 RCV reinforcement info
2018-06-11 23:39:49,570 RCV reinforcement info
2018-06-11 23:39:49,667 RCV reinforcement info
2018-06-11 23:39:49,786 RF found but not transmitted
2018-06-11 23:39:50,619 RCV proposal
2018-06-11 23:39:50,623 appended honest propose d506b3fafb on top of 210bf0b058
2018-06-11 23:39:50,834 RCV reinforcement
2018-06-11 23:39:50,868 RCV reinforcement
2018-06-11 23:39:50,900 RCV reinforcement
2018-06-11 23:39:50,922 RCV reinforcement
2018-06-11 23:39:50,969 RCV reinforcement
2018-06-11 23:39:51,206 RCV reinforcement info
2018-06-11 23:39:51,523 RCV malicious_prop_agreement
2018-06-11 23:39:51,545 RCV reinforcement info
2018-06-11 23:39:51,669 RCV reinforcement
2018-06-11 23:39:51,792 RCV reinforcement info
2018-06-11 23:39:51,935 RCV reinforcement
2018-06-11 23:39:52,312 RCV reinforcement
2018-06-11 23:39:52,696 RCV reinforcement info
2018-06-11 23:39:52,807 RCV commit
2018-06-11 23:39:52,977 appended honest commit 7a3c88bfcd on top of d506b3fafb
2018-06-11 23:39:53,015 Weight: 39.24031564003317 #RFs 6
2018-06-11 23:39:53,015 weight: 39.24031564003317
2018-06-11 23:39:53,016 , 39.24031564003317
2018-06-11 23:39:53,139 RCV reinforcement
2018-06-11 23:39:53,373 RCV reinforcement info
2018-06-11 23:39:53,456 RCV reinforcement info
2018-06-11 23:39:53,550 RCV proposal
2018-06-11 23:39:53,553 appended malicious propose 0f025a92c6 on top of 210bf0b058
2018-06-11 23:39:53,553 REINFORCEMENT SENT state
2018-06-11 23:39:53,555 SNT reinforcement
2018-06-11 23:39:53,714 RCV reinforcement
2018-06-11 23:39:53,941 RCV reinforcement info
2018-06-11 23:39:54,233 RCV reinforcement info
2018-06-11 23:39:54,403 RCV proposal
2018-06-11 23:39:54,406 appended honest propose 6f2b7ea01c on top of 7a3c88bfcd
2018-06-11 23:39:54,564 RCV reinforcement
2018-06-11 23:39:54,569 RCV reinforcement
2018-06-11 23:39:54,587 RCV reinforcement
2018-06-11 23:39:54,938 RCV commit
2018-06-11 23:39:54,952 appended malicious commit f38e071a18 on top of 0f025a92c6
2018-06-11 23:39:54,963 Weight: 38.566091257446125 #RFs 4
2018-06-11 23:39:54,964 weight: 38.566091257446125
2018-06-11 23:39:54,964 , 38.566091257446125
2018-06-11 23:39:54,967 MALICIOUS MINING state
2018-06-11 23:39:54,967 start mining - depth 10
2018-06-11 23:39:54,967 start mining - hash 7a3c88bfcd03cd5ea27a9f21aa3f99189fd5a987ee67a2678312d8f00765ee54
2018-06-11 23:39:55,180 RCV reinforcement info
2018-06-11 23:39:55,259 RCV reinforcement
2018-06-11 23:39:55,806 RCV reinforcement info
2018-06-11 23:39:55,917 RCV reinforcement
2018-06-11 23:39:55,950 RCV commit
2018-06-11 23:39:55,998 appended honest commit f07f0f45d0 on top of 6f2b7ea01c
2018-06-11 23:39:56,010 Weight: 40.650973667591444 #RFs 5
2018-06-11 23:39:56,010 weight: 40.650973667591444
2018-06-11 23:39:56,010 , 40.650973667591444
2018-06-11 23:39:56,011 start mining - depth 11
2018-06-11 23:39:56,012 start mining - hash f07f0f45d089034ef92b644739bebf2e26c5a75b1553fb638709215c30bf68dc
2018-06-11 23:39:56,187 RF found but not transmitted
2018-06-11 23:39:56,206 RCV reinforcement info
2018-06-11 23:39:56,883 RCV reinforcement info
2018-06-11 23:39:57,897 RCV reinforcement info
2018-06-11 23:39:58,788 RF found but not transmitted
2018-06-11 23:39:59,494 RCV reinforcement info
2018-06-11 23:40:00,103 RCV reinforcement info
2018-06-11 23:40:00,394 RCV reinforcement info
2018-06-11 23:40:01,768 RCV reinforcement info
2018-06-11 23:40:02,280 RCV reinforcement info
2018-06-11 23:40:02,540 RCV reinforcement info
2018-06-11 23:40:03,121 RCV proposal
2018-06-11 23:40:03,124 appended honest propose ab61287786 on top of f07f0f45d0
2018-06-11 23:40:03,248 RCV reinforcement
2018-06-11 23:40:03,271 RCV reinforcement
2018-06-11 23:40:03,292 RCV reinforcement
2018-06-11 23:40:03,408 RCV reinforcement info
2018-06-11 23:40:03,592 RCV reinforcement
2018-06-11 23:40:04,891 RCV commit
2018-06-11 23:40:04,940 appended honest commit a96819b326 on top of ab61287786
2018-06-11 23:40:04,970 Weight: 43.350474019946766 #RFs 10
2018-06-11 23:40:04,971 weight: 43.350474019946766
2018-06-11 23:40:04,971 , 43.350474019946766
2018-06-11 23:40:04,974 start mining - depth 12
2018-06-11 23:40:04,974 start mining - hash a96819b32695f78ab3e37495f75b0265791f240db4957f96d04135fa7f744113
2018-06-11 23:40:04,975 Hashing frequency: 3531
2018-06-11 23:40:05,696 RCV reinforcement info
2018-06-11 23:40:06,116 RCV reinforcement info
2018-06-11 23:40:06,566 RCV reinforcement info
2018-06-11 23:40:06,699 RCV reinforcement info
2018-06-11 23:40:07,247 RCV reinforcement info
2018-06-11 23:40:07,749 RCV reinforcement info
2018-06-11 23:40:08,140 RCV reinforcement info
2018-06-11 23:40:08,382 RCV reinforcement info
2018-06-11 23:40:08,445 RCV reinforcement info
2018-06-11 23:40:08,516 RCV reinforcement info
2018-06-11 23:40:08,564 RCV reinforcement info
2018-06-11 23:40:09,105 RCV reinforcement info
2018-06-11 23:40:09,593 RF found but not transmitted
2018-06-11 23:40:10,383 RCV reinforcement info
2018-06-11 23:40:10,650 RCV reinforcement info
2018-06-11 23:40:11,282 RCV reinforcement info
2018-06-11 23:40:13,117 RCV reinforcement info
2018-06-11 23:40:13,667 RCV proposal
2018-06-11 23:40:13,670 appended honest propose 9145f182b5 on top of a96819b326
2018-06-11 23:40:13,830 RCV reinforcement
2018-06-11 23:40:13,857 RCV reinforcement
2018-06-11 23:40:13,871 RCV reinforcement
2018-06-11 23:40:13,887 RCV reinforcement
2018-06-11 23:40:13,905 RCV reinforcement
2018-06-11 23:40:13,913 RCV reinforcement
2018-06-11 23:40:14,757 RF found but not transmitted
2018-06-11 23:40:15,172 RCV reinforcement info
2018-06-11 23:40:15,262 RCV reinforcement
2018-06-11 23:40:15,296 RCV commit
2018-06-11 23:40:15,427 appended honest commit 6a3d58c414 on top of 9145f182b5
2018-06-11 23:40:15,504 Weight: 48.0619513500339 #RFs 16
2018-06-11 23:40:15,504 weight: 48.0619513500339
2018-06-11 23:40:15,505 , 48.0619513500339
2018-06-11 23:40:15,520 start mining - depth 13
2018-06-11 23:40:15,522 start mining - hash 6a3d58c414e4d6a7d5c53579dbd39bcc452b408ffc68f109222531045e60d9a7
2018-06-11 23:40:15,654 RCV reinforcement info
2018-06-11 23:40:15,772 RCV reinforcement info
2018-06-11 23:40:16,663 RCV reinforcement info
2018-06-11 23:40:16,684 RCV reinforcement info
2018-06-11 23:40:16,807 RCV reinforcement info
2018-06-11 23:40:18,095 RCV reinforcement info
2018-06-11 23:40:19,642 RCV reinforcement info
2018-06-11 23:40:20,130 RCV reinforcement info
2018-06-11 23:40:20,456 RCV proposal
2018-06-11 23:40:20,460 appended honest propose c8195b33fd on top of 6a3d58c414
2018-06-11 23:40:20,575 RCV reinforcement
2018-06-11 23:40:20,579 RCV reinforcement
2018-06-11 23:40:20,584 RCV reinforcement
2018-06-11 23:40:20,588 RCV reinforcement
2018-06-11 23:40:21,283 RF found but not transmitted
2018-06-11 23:40:21,555 RF found but not transmitted
2018-06-11 23:40:21,642 RCV reinforcement info
2018-06-11 23:40:21,707 RCV reinforcement
2018-06-11 23:40:22,025 RCV commit
2018-06-11 23:40:22,087 appended honest commit 3e0b0605b8 on top of c8195b33fd
2018-06-11 23:40:22,158 Weight: 51.237566081927184 #RFs 9
2018-06-11 23:40:22,158 weight: 51.237566081927184
2018-06-11 23:40:22,164 , 51.237566081927184
2018-06-11 23:40:22,166 start mining - depth 14
2018-06-11 23:40:22,167 start mining - hash 3e0b0605b88479af27207791d7aa2ecae1c1b78354bc1eafac13420392f5d39c
2018-06-11 23:40:22,250 RCV reinforcement info
2018-06-11 23:40:22,752 RCV reinforcement info
2018-06-11 23:40:23,802 RCV reinforcement info
2018-06-11 23:40:24,189 RCV reinforcement info
2018-06-11 23:40:24,506 RCV proposal
2018-06-11 23:40:24,509 appended honest propose 0bfd884df7 on top of 3e0b0605b8
2018-06-11 23:40:24,524 RCV reinforcement info
2018-06-11 23:40:24,600 RCV reinforcement
2018-06-11 23:40:24,613 RCV reinforcement
2018-06-11 23:40:24,649 RCV reinforcement
2018-06-11 23:40:24,703 RCV reinforcement
2018-06-11 23:40:25,987 RCV reinforcement info
2018-06-11 23:40:26,063 RCV reinforcement
2018-06-11 23:40:26,098 RCV commit
2018-06-11 23:40:26,118 appended honest commit 906e3c47f0 on top of 0bfd884df7
2018-06-11 23:40:26,155 Weight: 53.002694916900346 #RFs 5
2018-06-11 23:40:26,155 weight: 53.002694916900346
2018-06-11 23:40:26,172 , 53.002694916900346
2018-06-11 23:40:26,174 start mining - depth 15
2018-06-11 23:40:26,174 start mining - hash 906e3c47f04ba87ef7cf712ae346a48bc367e27d30f36425fb0e80bf2b7bc779
2018-06-11 23:40:26,794 RCV reinforcement info
2018-06-11 23:40:27,784 RCV reinforcement info
2018-06-11 23:40:28,153 RCV reinforcement info
2018-06-11 23:40:28,212 RCV reinforcement info
2018-06-11 23:40:28,308 RF found but not transmitted
2018-06-11 23:40:28,321 RCV reinforcement info
2018-06-11 23:40:29,002 RCV reinforcement info
2018-06-11 23:40:29,059 RF found but not transmitted
2018-06-11 23:40:29,698 RCV reinforcement info
2018-06-11 23:40:29,960 RCV reinforcement info
2018-06-11 23:40:30,206 RCV reinforcement info
2018-06-11 23:40:30,395 RCV reinforcement info
2018-06-11 23:40:30,413 RF found but not transmitted
2018-06-11 23:40:30,739 RCV reinforcement info
2018-06-11 23:40:31,422 RCV reinforcement info
2018-06-11 23:40:31,463 RCV reinforcement info
2018-06-11 23:40:31,677 RCV reinforcement info
2018-06-11 23:40:32,654 RCV reinforcement info
2018-06-11 23:40:33,308 RCV reinforcement info
2018-06-11 23:40:33,829 RCV reinforcement info
2018-06-11 23:40:34,393 RCV reinforcement info
2018-06-11 23:40:34,899 RCV reinforcement info
2018-06-11 23:40:34,974 RCV reinforcement info
2018-06-11 23:40:37,025 RCV reinforcement info
2018-06-11 23:40:37,909 RCV reinforcement info
2018-06-11 23:40:38,018 RCV reinforcement info
2018-06-11 23:40:38,980 RF found but not transmitted
2018-06-11 23:40:39,195 RCV reinforcement info
2018-06-11 23:40:39,678 RCV reinforcement info
2018-06-11 23:40:40,222 RCV reinforcement info
2018-06-11 23:40:41,548 RCV reinforcement info
2018-06-11 23:40:43,100 RCV reinforcement info
2018-06-11 23:40:45,362 RCV reinforcement info
2018-06-11 23:40:46,146 RCV reinforcement info
2018-06-11 23:40:47,224 RCV reinforcement info
2018-06-11 23:40:47,613 RCV reinforcement info
2018-06-11 23:40:47,959 RCV reinforcement info
2018-06-11 23:40:48,654 RF found but not transmitted
2018-06-11 23:40:48,972 RCV reinforcement info
2018-06-11 23:40:49,606 RCV reinforcement info
2018-06-11 23:40:50,019 RCV reinforcement info
2018-06-11 23:40:50,736 RF found but not transmitted
2018-06-11 23:40:52,330 RF found but not transmitted
2018-06-11 23:40:52,577 RCV reinforcement info
2018-06-11 23:40:53,511 RCV reinforcement info
2018-06-11 23:40:53,533 RF found but not transmitted
2018-06-11 23:40:53,753 RCV reinforcement info
2018-06-11 23:40:55,307 RCV proposal
2018-06-11 23:40:55,310 appended honest propose 7b1e647cdd on top of 906e3c47f0
2018-06-11 23:40:55,501 RCV reinforcement
2018-06-11 23:40:55,598 RCV reinforcement
2018-06-11 23:40:55,610 RCV reinforcement
2018-06-11 23:40:55,622 RCV reinforcement
2018-06-11 23:40:55,630 RCV reinforcement
2018-06-11 23:40:55,646 RCV reinforcement
2018-06-11 23:40:56,982 RCV commit
2018-06-11 23:40:57,167 RF found but not transmitted
2018-06-11 23:40:57,172 appended honest commit 2685953ac6 on top of 7b1e647cdd
2018-06-11 23:40:57,476 Weight: 60.29352823377974 #RFs 39
2018-06-11 23:40:57,476 weight: 60.29352823377974
2018-06-11 23:40:57,476 , 60.29352823377974
2018-06-11 23:40:57,480 start mining - depth 16
2018-06-11 23:40:57,480 start mining - hash 2685953ac6c34b4384b339719921c3f5bd82dd4860508191caf6626bca487601
2018-06-11 23:40:58,858 RCV malicious_prop_agreement
2018-06-11 23:40:58,923 RCV reinforcement info
2018-06-11 23:40:58,937 RF found but not transmitted
2018-06-11 23:40:59,048 RCV reinforcement info
2018-06-11 23:40:59,086 RF found but not transmitted
2018-06-11 23:40:59,151 RCV reinforcement info
2018-06-11 23:40:59,722 RCV reinforcement info
2018-06-11 23:41:01,081 RCV reinforcement info
2018-06-11 23:41:02,052 RF found but not transmitted
2018-06-11 23:41:02,306 RF found but not transmitted
2018-06-11 23:41:02,557 RF found but not transmitted
2018-06-11 23:41:03,437 RCV reinforcement info
2018-06-11 23:41:03,806 RCV reinforcement info
2018-06-11 23:41:04,441 RCV reinforcement info
2018-06-11 23:41:05,282 RCV reinforcement info
2018-06-11 23:41:05,802 RCV reinforcement info
2018-06-11 23:41:06,234 RCV reinforcement info
2018-06-11 23:41:06,773 RCV reinforcement info
2018-06-11 23:41:06,837 RCV reinforcement info
2018-06-11 23:41:07,083 RCV reinforcement info
2018-06-11 23:41:07,588 RCV reinforcement info
2018-06-11 23:41:08,810 RCV reinforcement info
2018-06-11 23:41:09,574 RCV reinforcement info
2018-06-11 23:41:09,612 RCV proposal
2018-06-11 23:41:09,616 appended honest propose 20ff606ff8 on top of 2685953ac6
2018-06-11 23:41:09,749 RCV reinforcement info
2018-06-11 23:41:09,813 RCV reinforcement
2018-06-11 23:41:09,841 RCV reinforcement
2018-06-11 23:41:09,864 RCV reinforcement
2018-06-11 23:41:09,903 RCV reinforcement
2018-06-11 23:41:09,952 RCV reinforcement
2018-06-11 23:41:11,080 RCV commit
2018-06-11 23:41:11,276 appended honest commit 39796fa697 on top of 20ff606ff8
2018-06-11 23:41:11,456 Weight: 64.09417031379492 #RFs 18
2018-06-11 23:41:11,456 weight: 64.09417031379492
2018-06-11 23:41:11,571 , 64.09417031379492
2018-06-11 23:41:11,693 RCV reinforcement info
2018-06-11 23:41:11,854 RCV proposal
2018-06-11 23:41:11,858 appended malicious propose a706c3e720 on top of 2685953ac6
2018-06-11 23:41:11,859 REINFORCEMENT SENT state
2018-06-11 23:41:11,860 SNT reinforcement
2018-06-11 23:41:12,040 RCV reinforcement
2018-06-11 23:41:12,273 RCV reinforcement
2018-06-11 23:41:12,472 RCV reinforcement info
2018-06-11 23:41:12,947 RCV reinforcement info
2018-06-11 23:41:13,370 RCV commit
2018-06-11 23:41:13,447 appended malicious commit adddf2f487 on top of a706c3e720
2018-06-11 23:41:13,540 Weight: 63.83989550251197 #RFs 13
2018-06-11 23:41:13,540 weight: 63.83989550251197
2018-06-11 23:41:13,540 , 63.83989550251197
2018-06-11 23:41:13,542 MALICIOUS MINING state
2018-06-11 23:41:13,542 start mining - depth 17
2018-06-11 23:41:13,543 start mining - hash 39796fa697d0ddc01741dd383ce411555bb200d25b89d4bf47480d11bac4e1b9
2018-06-11 23:41:13,544 Hashing frequency: 3601
2018-06-11 23:41:14,040 RF found but not transmitted
2018-06-11 23:41:14,384 RCV reinforcement info
2018-06-11 23:41:14,857 RCV malicious_prop_agreement
2018-06-11 23:41:15,206 RCV reinforcement info
2018-06-11 23:41:15,295 RCV reinforcement info
2018-06-11 23:41:17,345 RCV reinforcement info
2018-06-11 23:41:17,475 RCV proposal
2018-06-11 23:41:17,478 appended honest propose 53e067cdcf on top of 39796fa697
2018-06-11 23:41:17,594 RCV reinforcement
2018-06-11 23:41:17,651 RCV reinforcement
2018-06-11 23:41:17,670 RCV reinforcement
2018-06-11 23:41:17,690 RCV reinforcement
2018-06-11 23:41:17,707 RCV reinforcement
2018-06-11 23:41:17,843 RCV reinforcement info
2018-06-11 23:41:17,867 RCV reinforcement info
2018-06-11 23:41:17,943 RF found but not transmitted
2018-06-11 23:41:17,960 RCV reinforcement
2018-06-11 23:41:17,964 RCV reinforcement
2018-06-11 23:41:18,806 RCV reinforcement info
2018-06-11 23:41:18,909 RF found but not transmitted
2018-06-11 23:41:18,930 RCV reinforcement info
2018-06-11 23:41:18,998 RCV reinforcement
2018-06-11 23:41:19,140 RCV reinforcement
2018-06-11 23:41:19,197 RCV commit
2018-06-11 23:41:19,227 appended honest commit f834b992ee on top of 53e067cdcf
2018-06-11 23:41:19,331 Weight: 67.1343135403255 #RFs 8
2018-06-11 23:41:19,332 weight: 67.1343135403255
2018-06-11 23:41:19,332 , 67.1343135403255
2018-06-11 23:41:19,505 RCV proposal
2018-06-11 23:41:19,509 appended malicious propose 87e21c4daa on top of 39796fa697
2018-06-11 23:41:19,509 REINFORCEMENT SENT state
2018-06-11 23:41:19,515 SNT reinforcement
2018-06-11 23:41:19,667 RCV reinforcement info
2018-06-11 23:41:19,741 RCV reinforcement
2018-06-11 23:41:19,951 RCV reinforcement info
2018-06-11 23:41:20,148 RCV reinforcement
2018-06-11 23:41:20,609 RCV reinforcement info
2018-06-11 23:41:20,972 RCV reinforcement info
2018-06-11 23:41:20,991 RCV commit
2018-06-11 23:41:21,014 appended malicious commit f20dab2f27 on top of 87e21c4daa
2018-06-11 23:41:21,043 Weight: 66.41077041634179 #RFs 4
2018-06-11 23:41:21,043 weight: 66.41077041634179
2018-06-11 23:41:21,043 , 66.41077041634179
2018-06-11 23:41:21,043 MALICIOUS MINING state
2018-06-11 23:41:21,043 start mining - depth 18
2018-06-11 23:41:21,044 start mining - hash f834b992eeb2eb3305f0cd4d53032124c6bdf61697b15b8b59cb6bbcc49b0286
2018-06-11 23:41:21,049 RCV reinforcement info
2018-06-11 23:41:22,261 RCV reinforcement info
2018-06-11 23:41:22,262 RF found but not transmitted
2018-06-11 23:41:23,041 RCV reinforcement info
2018-06-11 23:41:25,089 RF found but not transmitted
2018-06-11 23:41:25,791 RCV reinforcement info
2018-06-11 23:41:26,304 RCV proposal
2018-06-11 23:41:26,312 appended honest propose dff0977523 on top of f834b992ee
2018-06-11 23:41:26,438 RCV reinforcement
2018-06-11 23:41:26,445 RCV reinforcement
2018-06-11 23:41:26,471 RCV reinforcement
2018-06-11 23:41:26,481 RCV reinforcement
2018-06-11 23:41:26,506 RCV reinforcement
2018-06-11 23:41:27,835 RCV commit
2018-06-11 23:41:27,878 appended honest commit a0a3056aeb on top of dff0977523
2018-06-11 23:41:27,908 Weight: 69.2681777548157 #RFs 7
2018-06-11 23:41:27,908 weight: 69.2681777548157
2018-06-11 23:41:27,908 , 69.2681777548157
2018-06-11 23:41:27,924 start mining - depth 19
2018-06-11 23:41:27,925 start mining - hash a0a3056aeb86ae546ae495a13fcb8a7d38cd1bfe2943c1bb84e6e85d79c35644
2018-06-11 23:41:29,697 RCV reinforcement info
2018-06-11 23:41:29,772 RCV reinforcement info
2018-06-11 23:41:33,463 RF found but not transmitted
2018-06-11 23:41:34,174 RCV reinforcement info
2018-06-11 23:41:34,488 RCV reinforcement info
2018-06-11 23:41:35,158 RCV reinforcement info
2018-06-11 23:41:35,603 RCV reinforcement info
2018-06-11 23:41:36,724 RCV reinforcement info
2018-06-11 23:41:38,371 RCV reinforcement info
2018-06-11 23:41:38,413 RCV reinforcement info
2018-06-11 23:41:41,154 RCV proposal
2018-06-11 23:41:41,157 appended honest propose ea6a691786 on top of a0a3056aeb
2018-06-11 23:41:41,320 RCV reinforcement
2018-06-11 23:41:41,338 RCV reinforcement
2018-06-11 23:41:41,356 RCV reinforcement
2018-06-11 23:41:41,377 RCV reinforcement
2018-06-11 23:41:41,408 RCV reinforcement
2018-06-11 23:41:42,514 RCV reinforcement info
2018-06-11 23:41:42,765 RCV reinforcement
2018-06-11 23:41:42,813 RCV reinforcement info
2018-06-11 23:41:42,852 RCV commit
2018-06-11 23:41:42,898 appended honest commit 3e1cab5f66 on top of ea6a691786
2018-06-11 23:41:42,933 Weight: 71.54678298186288 #RFs 9
2018-06-11 23:41:42,933 weight: 71.54678298186288
2018-06-11 23:41:42,933 , 71.54678298186288
2018-06-11 23:41:42,934 start mining - depth 20
2018-06-11 23:41:42,935 start mining - hash 3e1cab5f66d5278ea7a28d2cd248ebb9cb15b632bfac2a2c6f6b77bd40298eca
2018-06-11 23:41:43,054 RCV reinforcement
2018-06-11 23:41:43,408 RCV reinforcement info
2018-06-11 23:41:43,631 RCV reinforcement info
2018-06-11 23:41:43,872 RCV reinforcement info
2018-06-11 23:41:44,361 RCV reinforcement info
2018-06-11 23:41:45,703 RCV reinforcement info
2018-06-11 23:41:46,418 RF found but not transmitted
2018-06-11 23:41:46,521 RCV reinforcement info
2018-06-11 23:41:47,082 RCV reinforcement info
2018-06-11 23:41:47,086 RCV reinforcement info
2018-06-11 23:41:47,655 RCV reinforcement info
2018-06-11 23:41:47,702 RCV reinforcement info
2018-06-11 23:41:47,747 RCV reinforcement info
2018-06-11 23:41:48,031 RCV reinforcement info
2018-06-11 23:41:48,275 RCV reinforcement info
2018-06-11 23:41:48,680 RCV reinforcement info
2018-06-11 23:41:49,708 RF found but not transmitted
2018-06-11 23:41:50,449 RCV reinforcement info
2018-06-11 23:41:51,125 RCV reinforcement info
2018-06-11 23:41:51,300 RCV reinforcement info
2018-06-11 23:41:52,495 RF found but not transmitted
2018-06-11 23:41:52,661 RCV proposal
2018-06-11 23:41:52,664 appended honest propose 586294bfe3 on top of 3e1cab5f66
2018-06-11 23:41:52,832 RCV reinforcement
2018-06-11 23:41:52,840 RCV reinforcement info
2018-06-11 23:41:52,893 RCV reinforcement
2018-06-11 23:41:52,906 RCV reinforcement
2018-06-11 23:41:52,954 RCV reinforcement
2018-06-11 23:41:52,958 RCV reinforcement
2018-06-11 23:41:53,140 RCV reinforcement
2018-06-11 23:41:53,231 RCV reinforcement info
2018-06-11 23:41:53,384 RCV reinforcement
2018-06-11 23:41:53,871 RCV reinforcement info
2018-06-11 23:41:53,924 RCV reinforcement info
2018-06-11 23:41:54,092 RCV reinforcement
2018-06-11 23:41:54,118 RCV reinforcement
2018-06-11 23:41:54,355 RCV commit
2018-06-11 23:41:54,514 appended honest commit b8f5aad4b1 on top of 586294bfe3
2018-06-11 23:41:54,669 Weight: 75.40596660368244 #RFs 19
2018-06-11 23:41:54,669 weight: 75.40596660368244
2018-06-11 23:41:54,669 , 75.40596660368244
2018-06-11 23:41:54,673 start mining - depth 21
2018-06-11 23:41:54,674 start mining - hash b8f5aad4b1c6ce0a68bf6e91293541878bba584c298f63459c14e459c79cb919
2018-06-11 23:41:54,746 RF found but not transmitted
2018-06-11 23:41:55,189 RCV reinforcement info
2018-06-11 23:41:55,232 RCV reinforcement info
2018-06-11 23:41:56,876 RCV proposal
2018-06-11 23:41:56,879 appended honest propose 69703a20ed on top of b8f5aad4b1
2018-06-11 23:41:57,008 RCV reinforcement
2018-06-11 23:41:57,024 RCV reinforcement
2018-06-11 23:41:57,281 RCV reinforcement info
2018-06-11 23:41:57,425 RCV reinforcement
2018-06-11 23:41:57,596 RCV reinforcement info
2018-06-11 23:41:57,765 RCV reinforcement
2018-06-11 23:41:58,238 RCV reinforcement info
2018-06-11 23:41:58,386 RCV reinforcement info
2018-06-11 23:41:58,453 RCV reinforcement info
2018-06-11 23:41:58,467 RCV reinforcement
2018-06-11 23:41:58,557 RCV commit
2018-06-11 23:41:58,581 appended honest commit bce55e7563 on top of 69703a20ed
2018-06-11 23:41:58,621 Weight: 76.90545896021602 #RFs 3
2018-06-11 23:41:58,621 weight: 76.90545896021602
2018-06-11 23:41:58,621 , 76.90545896021602
2018-06-11 23:41:58,623 start mining - depth 22
2018-06-11 23:41:58,624 start mining - hash bce55e75631f15406b388dfc019b0dd920dae216b75c9ce86a3704fedbc7a2d5
2018-06-11 23:41:58,658 RCV reinforcement
2018-06-11 23:41:58,836 RCV reinforcement
2018-06-11 23:41:58,989 RCV reinforcement info
2018-06-11 23:41:59,226 RCV reinforcement info
2018-06-11 23:41:59,265 RCV reinforcement
2018-06-11 23:42:00,509 RCV proposal
2018-06-11 23:42:00,515 appended honest propose 0b33648570 on top of bce55e7563
2018-06-11 23:42:00,586 RCV reinforcement
2018-06-11 23:42:01,135 RCV reinforcement info
2018-06-11 23:42:01,236 RCV reinforcement
2018-06-11 23:42:02,035 RCV commit
2018-06-11 23:42:02,039 appended honest commit 32e72ef461 on top of 0b33648570
2018-06-11 23:42:02,041 Weight: 77.97808838597449 #RFs 1
2018-06-11 23:42:02,041 weight: 77.97808838597449
2018-06-11 23:42:02,041 , 77.97808838597449
2018-06-11 23:42:02,051 start mining - depth 23
2018-06-11 23:42:02,051 start mining - hash 32e72ef461abc08bb6e63727d52924a04d72fe5184a48ee917ccf01c8832348f
2018-06-11 23:42:02,269 RCV reinforcement info
2018-06-11 23:42:02,979 RCV reinforcement info
2018-06-11 23:42:03,164 RCV reinforcement info
2018-06-11 23:42:03,844 RCV malicious_prop_agreement
2018-06-11 23:42:04,262 RCV proposal
2018-06-11 23:42:04,264 appended honest propose 3e7971577d on top of 32e72ef461
2018-06-11 23:42:04,339 RCV reinforcement info
2018-06-11 23:42:04,364 RCV reinforcement
2018-06-11 23:42:04,446 RCV reinforcement
2018-06-11 23:42:05,799 RCV commit
2018-06-11 23:42:05,822 appended honest commit 3d5ba36529 on top of 3e7971577d
2018-06-11 23:42:05,838 Weight: 80.23233944331507 #RFs 4
2018-06-11 23:42:05,838 weight: 80.23233944331507
2018-06-11 23:42:05,845 , 80.23233944331507
2018-06-11 23:42:05,977 RCV proposal
2018-06-11 23:42:05,980 appended malicious propose 3e298060e9 on top of 32e72ef461
2018-06-11 23:42:05,980 REINFORCEMENT SENT state
2018-06-11 23:42:06,271 RCV reinforcement info
2018-06-11 23:42:07,481 RCV commit
2018-06-11 23:42:07,485 appended malicious commit e5d56b0c99 on top of 3e298060e9
2018-06-11 23:42:07,487 Weight: 79.97199377095741 #RFs 1
2018-06-11 23:42:07,487 weight: 79.97199377095741
2018-06-11 23:42:07,487 , 79.97199377095741
2018-06-11 23:42:07,489 MALICIOUS MINING state
2018-06-11 23:42:07,489 start mining - depth 24
2018-06-11 23:42:07,490 start mining - hash 3d5ba36529f116e0db79dcf8e75d38a6ff2e0c81d509051eb3a9f96d69b8841f
2018-06-11 23:42:08,483 RCV reinforcement info
2018-06-11 23:42:09,067 RCV reinforcement info
2018-06-11 23:42:09,211 RCV reinforcement info
2018-06-11 23:42:09,243 RCV reinforcement info
2018-06-11 23:42:09,507 RCV reinforcement info
2018-06-11 23:42:10,140 RCV reinforcement info
2018-06-11 23:42:10,327 RCV reinforcement info
2018-06-11 23:42:10,910 RCV reinforcement info
2018-06-11 23:42:11,222 RCV reinforcement info
2018-06-11 23:42:11,500 RCV proposal
2018-06-11 23:42:11,502 appended honest propose 6a3d88079b on top of 3d5ba36529
2018-06-11 23:42:11,624 RCV reinforcement
2018-06-11 23:42:11,649 RF found but not transmitted
2018-06-11 23:42:11,650 RCV reinforcement
2018-06-11 23:42:11,663 RCV reinforcement
2018-06-11 23:42:11,685 RCV reinforcement
2018-06-11 23:42:11,703 RCV reinforcement
2018-06-11 23:42:11,804 RF found but not transmitted
2018-06-11 23:42:11,805 hash found
2018-06-11 23:42:11,806 SNT malicious_proposal_agreement
2018-06-11 23:42:12,738 RCV reinforcement info
2018-06-11 23:42:12,801 RCV reinforcement
2018-06-11 23:42:12,900 RCV reinforcement info
2018-06-11 23:42:13,031 RCV reinforcement
2018-06-11 23:42:13,073 RCV commit
2018-06-11 23:42:13,162 appended honest commit 2af59670a4 on top of 6a3d88079b
2018-06-11 23:42:13,215 Weight: 83.14974588261263 #RFs 11
2018-06-11 23:42:13,215 weight: 83.14974588261263
2018-06-11 23:42:13,216 , 83.14974588261263
2018-06-11 23:42:13,219 appended malicious propose f54b2014b7 on top of 3d5ba36529
2018-06-11 23:42:13,220 REINFORCEMENT COLLECTING state
2018-06-11 23:42:13,377 SNT proposal
2018-06-11 23:42:13,586 RCV reinforcement
2018-06-11 23:42:13,595 RCV reinforcement
2018-06-11 23:42:14,579 RCV reinforcement info
2018-06-11 23:42:14,652 RCV reinforcement info
2018-06-11 23:42:14,676 RCV reinforcement info
2018-06-11 23:42:14,881 commit with 3 reinforcements
2018-06-11 23:42:14,891 appended malicious commit d9891da80c on top of f54b2014b7
2018-06-11 23:42:14,901 Weight: 81.84283273285149 #RFs 4
2018-06-11 23:42:14,902 weight: 81.84283273285149
2018-06-11 23:42:14,902 , 81.84283273285149
2018-06-11 23:42:14,902 MALICIOUS MINING state
2018-06-11 23:42:14,902 start mining - depth 25
2018-06-11 23:42:14,903 start mining - hash 2af59670a4ef2603d4dd987e9cb9385c318fb41f425ae423208f299b83014d66
2018-06-11 23:42:14,903 Hashing frequency: 3123
2018-06-11 23:42:14,904 SNT commit
2018-06-11 23:42:15,082 RCV reinforcement
2018-06-11 23:42:15,087 RCV reinforcement
2018-06-11 23:42:15,260 RCV malicious_prop_agreement
2018-06-11 23:42:15,850 RCV reinforcement info
2018-06-11 23:42:16,561 RCV reinforcement info
2018-06-11 23:42:17,967 RCV reinforcement info
2018-06-11 23:42:19,360 RCV reinforcement info
2018-06-11 23:42:20,396 RCV reinforcement info
2018-06-11 23:42:20,947 RCV reinforcement info
2018-06-11 23:42:21,124 RCV reinforcement info
2018-06-11 23:42:21,601 RCV reinforcement info
2018-06-11 23:42:21,924 RCV reinforcement info
2018-06-11 23:42:22,229 RCV reinforcement info
2018-06-11 23:42:22,430 RCV reinforcement info
2018-06-11 23:42:22,732 RCV reinforcement info
2018-06-11 23:42:23,388 RCV reinforcement info
2018-06-11 23:42:23,440 RCV reinforcement info
2018-06-11 23:42:25,450 RCV reinforcement info
2018-06-11 23:42:26,327 RCV reinforcement info
2018-06-11 23:42:26,431 RCV proposal
2018-06-11 23:42:26,434 appended honest propose 3873e21cbb on top of 2af59670a4
2018-06-11 23:42:26,646 RCV reinforcement
2018-06-11 23:42:26,712 RCV reinforcement
2018-06-11 23:42:26,729 RCV reinforcement
2018-06-11 23:42:26,745 RCV reinforcement
2018-06-11 23:42:26,778 RCV reinforcement
2018-06-11 23:42:26,793 RCV reinforcement
2018-06-11 23:42:27,041 RCV reinforcement info
2018-06-11 23:42:27,184 RCV reinforcement
2018-06-11 23:42:28,087 RCV commit
2018-06-11 23:42:28,299 appended honest commit a503b15c24 on top of 3873e21cbb
2018-06-11 23:42:28,460 Weight: 89.11717048626281 #RFs 20
2018-06-11 23:42:28,460 weight: 89.11717048626281
2018-06-11 23:42:28,460 , 89.11717048626281
2018-06-11 23:42:28,651 RCV proposal
2018-06-11 23:42:28,655 appended malicious propose 15277ef980 on top of 2af59670a4
2018-06-11 23:42:28,655 REINFORCEMENT SENT state
2018-06-11 23:42:28,755 RCV reinforcement
2018-06-11 23:42:29,526 RCV reinforcement info
2018-06-11 23:42:30,152 RCV commit
2018-06-11 23:42:30,177 appended malicious commit 02e80f0ab4 on top of 15277ef980
2018-06-11 23:42:30,204 Weight: 84.95747996386581 #RFs 4
2018-06-11 23:42:30,205 weight: 84.95747996386581
2018-06-11 23:42:30,205 , 84.95747996386581
2018-06-11 23:42:30,207 MALICIOUS MINING state
2018-06-11 23:42:30,208 start mining - depth 26
2018-06-11 23:42:30,208 start mining - hash a503b15c245536cda6a5621674e621a213a24cd188000f7a35816d9364cd5ea2
2018-06-11 23:42:30,645 RCV reinforcement info
2018-06-11 23:42:31,265 RCV reinforcement info
2018-06-11 23:42:31,410 RCV reinforcement info
2018-06-11 23:42:31,847 RCV reinforcement info
2018-06-11 23:42:33,351 RCV reinforcement info
2018-06-11 23:42:33,798 RCV reinforcement info
2018-06-11 23:42:33,918 RCV reinforcement info
2018-06-11 23:42:36,022 RCV reinforcement info
2018-06-11 23:42:36,089 RCV reinforcement info
2018-06-11 23:42:37,455 RCV reinforcement info
2018-06-11 23:42:37,517 RCV reinforcement info
2018-06-11 23:42:40,073 RCV reinforcement info
2018-06-11 23:42:40,330 RCV reinforcement info
2018-06-11 23:42:40,702 RCV reinforcement info
2018-06-11 23:42:41,410 RCV reinforcement info
2018-06-11 23:42:43,143 RCV reinforcement info
2018-06-11 23:42:43,267 RCV reinforcement info
2018-06-11 23:42:43,442 RCV reinforcement info
2018-06-11 23:42:43,905 RCV reinforcement info
2018-06-11 23:42:44,276 RCV reinforcement info
2018-06-11 23:42:44,542 RF found but not transmitted
2018-06-11 23:42:44,730 RCV reinforcement info
2018-06-11 23:42:45,380 RCV malicious_prop_agreement
2018-06-11 23:42:46,750 RF found but not transmitted
2018-06-11 23:42:47,916 RCV reinforcement info
2018-06-11 23:42:48,436 RCV reinforcement info
2018-06-11 23:42:48,620 RCV reinforcement info
2018-06-11 23:42:48,904 RF found but not transmitted
2018-06-11 23:42:49,975 RCV proposal
2018-06-11 23:42:49,979 appended honest propose b5dd80aae9 on top of a503b15c24
2018-06-11 23:42:50,196 RCV reinforcement
2018-06-11 23:42:50,227 RCV reinforcement
2018-06-11 23:42:50,261 RCV reinforcement
2018-06-11 23:42:50,291 RCV reinforcement
2018-06-11 23:42:50,324 RCV reinforcement
2018-06-11 23:42:50,342 RCV reinforcement
2018-06-11 23:42:50,464 RCV reinforcement info
2018-06-11 23:42:50,586 RCV reinforcement
2018-06-11 23:42:50,730 RCV reinforcement info
2018-06-11 23:42:50,839 RCV reinforcement
2018-06-11 23:42:51,089 RCV reinforcement info
2018-06-11 23:42:51,175 RCV reinforcement
2018-06-11 23:42:51,371 RCV reinforcement info
2018-06-11 23:42:51,447 RCV reinforcement
2018-06-11 23:42:51,633 RCV commit
2018-06-11 23:42:51,923 appended honest commit 95a6eb218a on top of b5dd80aae9
2018-06-11 23:42:52,196 Weight: 93.31635558747998 #RFs 27
2018-06-11 23:42:52,196 weight: 93.31635558747998
2018-06-11 23:42:52,196 , 93.31635558747998
2018-06-11 23:42:52,363 RCV proposal
2018-06-11 23:42:52,366 appended malicious propose 4b8473c8f7 on top of a503b15c24
2018-06-11 23:42:52,366 REINFORCEMENT SENT state
2018-06-11 23:42:52,368 SNT reinforcement
2018-06-11 23:42:52,473 RCV reinforcement
2018-06-11 23:42:53,951 RCV commit
2018-06-11 23:42:54,059 appended malicious commit aa3182f7aa on top of 4b8473c8f7
2018-06-11 23:42:54,183 Weight: 93.75551797478931 #RFs 16
2018-06-11 23:42:54,183 weight: 93.75551797478931
2018-06-11 23:42:54,183 , 93.75551797478931
2018-06-11 23:42:54,184 MALICIOUS MINING state
2018-06-11 23:42:54,184 start mining - depth 27
2018-06-11 23:42:54,184 start mining - hash aa3182f7aa443b8451f59c42dd1fc516c2fa55c5ecdd3b83a07f15acaa8fc3b1
2018-06-11 23:42:55,236 RCV reinforcement info
2018-06-11 23:42:56,949 RCV reinforcement info
2018-06-11 23:42:57,433 RF found but not transmitted
2018-06-11 23:42:57,626 RF found but not transmitted
2018-06-11 23:42:57,630 RCV proposal
2018-06-11 23:42:57,633 appended honest propose 36a8b5bc49 on top of 95a6eb218a
2018-06-11 23:42:57,727 RCV reinforcement
2018-06-11 23:42:59,139 RCV commit
2018-06-11 23:42:59,146 appended honest commit 85994d8fc4 on top of 36a8b5bc49
2018-06-11 23:42:59,167 Weight: 94.59010902846848 #RFs 2
2018-06-11 23:42:59,167 weight: 94.59010902846848
2018-06-11 23:42:59,171 , 94.59010902846848
2018-06-11 23:42:59,172 Synchronizing branches
2018-06-11 23:42:59,172 start mining - depth 28
2018-06-11 23:42:59,172 start mining - hash 85994d8fc4613ed5645442381d3490fb36178c3f16975fcd9c0536f8a1e6a51e
2018-06-11 23:43:00,055 RCV reinforcement info
2018-06-11 23:43:00,602 RCV reinforcement info
2018-06-11 23:43:01,888 RCV reinforcement info
2018-06-11 23:43:02,797 RCV reinforcement info
2018-06-11 23:43:03,613 RF found but not transmitted
2018-06-11 23:43:03,710 RCV reinforcement info
2018-06-11 23:43:04,149 RCV reinforcement info
2018-06-11 23:43:05,790 RCV reinforcement info
2018-06-11 23:43:07,868 RCV reinforcement info
2018-06-11 23:43:08,022 RCV reinforcement info
2018-06-11 23:43:08,539 RCV reinforcement info
2018-06-11 23:43:08,578 RCV reinforcement info
2018-06-11 23:43:08,779 RCV reinforcement info
2018-06-11 23:43:09,611 RCV reinforcement info
2018-06-11 23:43:10,654 RCV reinforcement info
2018-06-11 23:43:11,620 RCV reinforcement info
2018-06-11 23:43:12,177 RCV proposal
2018-06-11 23:43:12,180 appended honest propose 04938cdfc4 on top of 85994d8fc4
2018-06-11 23:43:12,264 RCV reinforcement info
2018-06-11 23:43:12,365 RCV reinforcement
2018-06-11 23:43:12,402 RCV reinforcement
2018-06-11 23:43:12,428 RCV reinforcement
2018-06-11 23:43:12,494 RCV reinforcement
2018-06-11 23:43:12,720 RF found but not transmitted
2018-06-11 23:43:13,114 RCV reinforcement info
2018-06-11 23:43:13,207 RCV reinforcement
2018-06-11 23:43:13,665 RCV reinforcement info
2018-06-11 23:43:13,733 RCV commit
2018-06-11 23:43:13,835 appended honest commit 07cb6a0a0a on top of 04938cdfc4
2018-06-11 23:43:13,963 Weight: 99.68864933739584 #RFs 17
2018-06-11 23:43:13,963 weight: 99.68864933739584
2018-06-11 23:43:13,963 , 99.68864933739584
2018-06-11 23:43:13,963 start mining - depth 29
2018-06-11 23:43:13,964 start mining - hash 07cb6a0a0a92e7bb152403c067a68f6809cfd83cf1a45662dee0b5393ce1a4b8
2018-06-11 23:43:13,984 RCV reinforcement
2018-06-11 23:43:14,295 RCV reinforcement info
2018-06-11 23:43:14,359 RCV reinforcement info
2018-06-11 23:43:14,402 RCV reinforcement info
2018-06-11 23:43:14,656 RF found but not transmitted
2018-06-11 23:43:14,686 RCV reinforcement info
2018-06-11 23:43:14,840 RCV reinforcement info
2018-06-11 23:43:15,812 RCV reinforcement info
2018-06-11 23:43:16,111 RCV reinforcement info
2018-06-11 23:43:16,161 RF found but not transmitted
2018-06-11 23:43:16,265 RCV reinforcement info
2018-06-11 23:43:17,944 RCV reinforcement info
2018-06-11 23:43:17,975 RCV reinforcement info
2018-06-11 23:43:18,573 RF found but not transmitted
2018-06-11 23:43:18,929 RCV reinforcement info
2018-06-11 23:43:19,266 RCV reinforcement info
2018-06-11 23:43:19,516 RF found but not transmitted
2018-06-11 23:43:19,879 RF found but not transmitted
2018-06-11 23:43:20,794 RCV reinforcement info
2018-06-11 23:43:21,010 RCV reinforcement info
2018-06-11 23:43:21,350 RCV reinforcement info
2018-06-11 23:43:21,509 RCV reinforcement info
2018-06-11 23:43:22,294 RCV reinforcement info
2018-06-11 23:43:23,165 RCV reinforcement info
2018-06-11 23:43:23,831 RCV reinforcement info
2018-06-11 23:43:24,952 RCV reinforcement info
2018-06-11 23:43:25,100 RCV reinforcement info
2018-06-11 23:43:25,738 RCV reinforcement info
2018-06-11 23:43:26,157 RCV reinforcement info
2018-06-11 23:43:26,635 RCV reinforcement info
2018-06-11 23:43:26,867 RCV reinforcement info
2018-06-11 23:43:26,950 RCV proposal
2018-06-11 23:43:26,953 appended honest propose d1aaab731d on top of 07cb6a0a0a
2018-06-11 23:43:27,122 RCV reinforcement
2018-06-11 23:43:27,140 RCV reinforcement
2018-06-11 23:43:27,144 RCV reinforcement
2018-06-11 23:43:27,201 RCV reinforcement
2018-06-11 23:43:27,205 RCV reinforcement
2018-06-11 23:43:27,249 RCV reinforcement
2018-06-11 23:43:28,240 RCV reinforcement info
2018-06-11 23:43:28,348 RCV reinforcement
2018-06-11 23:43:28,593 RCV reinforcement info
2018-06-11 23:43:28,704 RCV commit
2018-06-11 23:43:28,924 appended honest commit 5c6f147184 on top of d1aaab731d
2018-06-11 23:43:29,091 Weight: 105.9013881970852 #RFs 26
2018-06-11 23:43:29,091 weight: 105.9013881970852
2018-06-11 23:43:29,096 , 105.9013881970852
2018-06-11 23:43:29,099 start mining - depth 30
2018-06-11 23:43:29,100 start mining - hash 5c6f1471848bace35c2d3e4c56242abbc46f636409e915148678ad76648985a6
2018-06-11 23:43:29,102 Hashing frequency: 3833
2018-06-11 23:43:29,106 RCV reinforcement
2018-06-11 23:43:29,245 RF found but not transmitted
2018-06-11 23:43:29,357 RF found but not transmitted
2018-06-11 23:43:29,779 RCV reinforcement info
2018-06-11 23:43:29,883 RCV reinforcement info
2018-06-11 23:43:30,547 RCV reinforcement info
2018-06-11 23:43:32,800 RCV reinforcement info
2018-06-11 23:43:33,279 RCV reinforcement info
2018-06-11 23:43:33,379 RCV malicious_prop_agreement
2018-06-11 23:43:34,642 RCV reinforcement info
2018-06-11 23:43:35,912 RCV reinforcement info
2018-06-11 23:43:36,201 RF found but not transmitted
2018-06-11 23:43:37,270 RCV reinforcement info
2018-06-11 23:43:37,566 RF found but not transmitted
2018-06-11 23:43:37,981 RF found but not transmitted
