2018-06-13 00:36:25,943 ---------------------------------------------------------
2018-06-13 00:36:25,945 MALICIOUS MINING state
2018-06-13 00:36:26,959 start mining - depth 0
2018-06-13 00:36:26,960 start mining - hash 557fd243b5fc0f1212c3eccab8735366c3562e9d0a1decbafe5e6eb92ec94928
2018-06-13 00:36:27,705 RF found but not transmitted
2018-06-13 00:36:28,993 RF found but not transmitted
2018-06-13 00:36:30,251 RCV malicious_prop_agreement
2018-06-13 00:36:30,652 RCV reinforcement info
2018-06-13 00:36:31,132 RF found but not transmitted
2018-06-13 00:36:31,348 RCV reinforcement info
2018-06-13 00:36:33,053 RCV reinforcement info
2018-06-13 00:36:33,489 RCV reinforcement info
2018-06-13 00:36:36,398 RF found but not transmitted
2018-06-13 00:36:37,079 RF found but not transmitted
2018-06-13 00:36:37,360 RCV reinforcement info
2018-06-13 00:36:38,508 RCV reinforcement info
2018-06-13 00:36:39,244 RCV reinforcement info
2018-06-13 00:36:39,945 RCV reinforcement info
2018-06-13 00:36:40,346 RCV reinforcement info
2018-06-13 00:36:42,818 RCV reinforcement info
2018-06-13 00:36:44,251 RF found but not transmitted
2018-06-13 00:36:45,267 RF found but not transmitted
2018-06-13 00:36:45,686 RCV reinforcement info
2018-06-13 00:36:49,033 RCV reinforcement info
2018-06-13 00:36:53,635 RCV reinforcement info
2018-06-13 00:36:56,377 RF found but not transmitted
2018-06-13 00:36:56,452 RF found but not transmitted
2018-06-13 00:36:57,390 RF found but not transmitted
2018-06-13 00:36:57,887 RCV reinforcement info
2018-06-13 00:36:58,041 RCV reinforcement info
2018-06-13 00:36:58,152 RF found but not transmitted
2018-06-13 00:36:58,625 RCV reinforcement info
2018-06-13 00:37:03,858 RCV reinforcement info
2018-06-13 00:37:04,262 RCV reinforcement info
2018-06-13 00:37:05,736 RCV reinforcement info
2018-06-13 00:37:08,336 RCV reinforcement info
2018-06-13 00:37:08,847 RCV reinforcement info
2018-06-13 00:37:10,676 RCV reinforcement info
2018-06-13 00:37:11,003 RCV reinforcement info
2018-06-13 00:37:11,562 RCV reinforcement info
2018-06-13 00:37:12,671 RCV reinforcement info
2018-06-13 00:37:12,783 RF found but not transmitted
2018-06-13 00:37:13,171 RF found but not transmitted
2018-06-13 00:37:13,268 RCV reinforcement info
2018-06-13 00:37:14,400 RCV proposal
2018-06-13 00:37:14,404 appended honest propose e749991ea4 on top of 557fd243b5
2018-06-13 00:37:14,468 RCV reinforcement
2018-06-13 00:37:14,474 RCV reinforcement
2018-06-13 00:37:15,785 RF found but not transmitted
2018-06-13 00:37:15,968 RCV commit
2018-06-13 00:37:16,099 appended honest commit 2e677aee00 on top of e749991ea4
2018-06-13 00:37:16,237 Weight: 5.134515935059207 #RFs 26
2018-06-13 00:37:16,238 weight: 5.134515935059207
2018-06-13 00:37:16,238 , 5.134515935059207
2018-06-13 00:37:16,389 RCV proposal
2018-06-13 00:37:16,392 appended malicious propose 6ff12c1349 on top of 557fd243b5
2018-06-13 00:37:16,392 REINFORCEMENT SENT state
2018-06-13 00:37:16,395 SNT reinforcement
2018-06-13 00:37:16,631 RCV reinforcement
2018-06-13 00:37:16,635 RCV reinforcement
2018-06-13 00:37:16,639 RCV reinforcement
2018-06-13 00:37:16,645 RCV reinforcement
2018-06-13 00:37:16,651 RCV reinforcement
2018-06-13 00:37:17,365 RCV reinforcement
2018-06-13 00:37:17,963 RCV reinforcement info
2018-06-13 00:37:18,023 RCV reinforcement
2018-06-13 00:37:18,114 RCV commit
2018-06-13 00:37:18,483 appended malicious commit 8ab33be0d7 on top of 6ff12c1349
2018-06-13 00:37:18,767 Weight: 17.585903557468253 #RFs 66
2018-06-13 00:37:18,768 weight: 17.585903557468253
2018-06-13 00:37:18,769 , 17.585903557468253
2018-06-13 00:37:18,774 MALICIOUS MINING state
2018-06-13 00:37:18,778 start mining - depth 1
2018-06-13 00:37:18,779 start mining - hash 8ab33be0d7c7f065cd919bc86c2ad18e29bbaa538e29ce0a1736da8a625e9c57
2018-06-13 00:37:19,222 RCV reinforcement info
2018-06-13 00:37:20,939 RF found but not transmitted
2018-06-13 00:37:21,938 RF found but not transmitted
2018-06-13 00:37:22,543 RCV reinforcement info
2018-06-13 00:37:22,834 RCV reinforcement info
2018-06-13 00:37:23,819 RF found but not transmitted
2018-06-13 00:37:27,305 RCV malicious_prop_agreement
2018-06-13 00:37:28,175 RF found but not transmitted
2018-06-13 00:37:28,228 RCV reinforcement info
2018-06-13 00:37:31,547 RCV reinforcement info
2018-06-13 00:37:32,958 RF found but not transmitted
2018-06-13 00:37:35,676 RCV reinforcement info
2018-06-13 00:37:36,531 RF found but not transmitted
2018-06-13 00:37:39,181 RF found but not transmitted
2018-06-13 00:37:40,443 RCV proposal
2018-06-13 00:37:40,447 appended honest propose 021682dbb5 on top of 8ab33be0d7
2018-06-13 00:37:40,497 RCV reinforcement
2018-06-13 00:37:40,526 RCV reinforcement
2018-06-13 00:37:41,975 RCV commit
2018-06-13 00:37:42,011 appended honest commit 705c54a28f on top of 021682dbb5
2018-06-13 00:37:42,042 Weight: 19.212623152797427 #RFs 6
2018-06-13 00:37:42,042 weight: 19.212623152797427
2018-06-13 00:37:42,042 , 19.212623152797427
2018-06-13 00:37:42,160 RCV reinforcement info
2018-06-13 00:37:42,248 RCV proposal
2018-06-13 00:37:42,262 appended malicious propose cd0f5486bd on top of 8ab33be0d7
2018-06-13 00:37:42,263 REINFORCEMENT SENT state
2018-06-13 00:37:42,264 SNT reinforcement
2018-06-13 00:37:42,513 RF found but not transmitted
2018-06-13 00:37:42,517 RCV reinforcement
2018-06-13 00:37:42,530 RCV reinforcement
2018-06-13 00:37:42,539 SNT reinforcement
2018-06-13 00:37:42,684 RCV reinforcement
2018-06-13 00:37:42,687 RCV reinforcement
2018-06-13 00:37:42,691 RCV reinforcement
2018-06-13 00:37:42,709 RCV reinforcement
2018-06-13 00:37:42,727 RCV reinforcement
2018-06-13 00:37:42,917 RCV reinforcement
2018-06-13 00:37:44,022 RCV commit
2018-06-13 00:37:44,264 appended malicious commit 347a0062c4 on top of cd0f5486bd
2018-06-13 00:37:44,606 Weight: 28.42311833317803 #RFs 41
2018-06-13 00:37:44,607 weight: 28.42311833317803
2018-06-13 00:37:44,607 , 28.42311833317803
2018-06-13 00:37:44,613 MALICIOUS MINING state
2018-06-13 00:37:44,613 start mining - depth 2
2018-06-13 00:37:44,615 start mining - hash 347a0062c48ca48e95b89d08942fbf86d25feb77156c142acbca835a1bc9069e
2018-06-13 00:37:44,617 Hashing frequency: 4125
2018-06-13 00:37:44,623 RCV reinforcement
2018-06-13 00:37:47,324 RCV reinforcement info
2018-06-13 00:37:51,848 RCV reinforcement info
2018-06-13 00:37:52,391 RF found but not transmitted
2018-06-13 00:37:52,605 RF found but not transmitted
2018-06-13 00:37:52,922 RCV reinforcement info
2018-06-13 00:37:55,400 RCV reinforcement info
2018-06-13 00:37:57,189 RCV reinforcement info
2018-06-13 00:37:57,979 RF found but not transmitted
2018-06-13 00:38:01,117 RCV reinforcement info
2018-06-13 00:38:02,109 RF found but not transmitted
2018-06-13 00:38:02,205 RF found but not transmitted
2018-06-13 00:38:05,522 RCV reinforcement info
2018-06-13 00:38:05,707 RCV reinforcement info
2018-06-13 00:38:07,158 RCV reinforcement info
2018-06-13 00:38:10,756 RCV reinforcement info
2018-06-13 00:38:12,197 RCV reinforcement info
2018-06-13 00:38:12,402 RCV reinforcement info
2018-06-13 00:38:14,088 RCV reinforcement info
2018-06-13 00:38:15,537 RCV reinforcement info
2018-06-13 00:38:17,836 RCV reinforcement info
2018-06-13 00:38:18,475 RCV reinforcement info
2018-06-13 00:38:22,813 RF found but not transmitted
2018-06-13 00:38:25,053 RCV malicious_prop_agreement
2018-06-13 00:38:25,198 RF found but not transmitted
2018-06-13 00:38:26,539 RF found but not transmitted
2018-06-13 00:38:27,343 RCV reinforcement info
2018-06-13 00:38:27,474 RF found but not transmitted
2018-06-13 00:38:29,093 RCV proposal
2018-06-13 00:38:29,098 appended honest propose 28e45b97f7 on top of 347a0062c4
2018-06-13 00:38:29,174 RCV reinforcement
2018-06-13 00:38:29,179 RCV reinforcement
2018-06-13 00:38:30,682 RCV commit
2018-06-13 00:38:30,816 appended honest commit bbd007158d on top of 28e45b97f7
2018-06-13 00:38:30,927 Weight: 31.642211527687056 #RFs 17
2018-06-13 00:38:30,927 weight: 31.642211527687056
2018-06-13 00:38:30,928 , 31.642211527687056
2018-06-13 00:38:31,170 RF found but not transmitted
2018-06-13 00:38:31,192 RCV proposal
2018-06-13 00:38:31,199 appended malicious propose 0a3a21db02 on top of 347a0062c4
2018-06-13 00:38:31,200 REINFORCEMENT SENT state
2018-06-13 00:38:31,209 SNT reinforcement
2018-06-13 00:38:31,441 RCV reinforcement
2018-06-13 00:38:31,454 RCV reinforcement
2018-06-13 00:38:31,464 RCV reinforcement
2018-06-13 00:38:31,480 RCV reinforcement
2018-06-13 00:38:31,567 RCV reinforcement
2018-06-13 00:38:31,802 RCV reinforcement
2018-06-13 00:38:32,008 RCV reinforcement
2018-06-13 00:38:33,046 RCV reinforcement
2018-06-13 00:38:33,057 RCV reinforcement info
2018-06-13 00:38:33,148 RCV commit
2018-06-13 00:38:33,846 appended malicious commit df43f0b26f on top of 0a3a21db02
2018-06-13 00:38:34,315 Weight: 41.81800571566018 #RFs 67
2018-06-13 00:38:34,315 weight: 41.81800571566018
2018-06-13 00:38:34,315 , 41.81800571566018
2018-06-13 00:38:34,318 MALICIOUS MINING state
2018-06-13 00:38:34,320 start mining - depth 3
2018-06-13 00:38:34,321 start mining - hash df43f0b26fd39e5fe1d6bc9ec8dac4feeb7a3694bcac5ffe97db3b261c8a3ac4
2018-06-13 00:38:35,054 RF found but not transmitted
2018-06-13 00:38:35,161 RF found but not transmitted
2018-06-13 00:38:37,011 RF found but not transmitted
2018-06-13 00:38:37,417 RCV reinforcement info
2018-06-13 00:38:39,186 RF found but not transmitted
2018-06-13 00:38:39,714 RCV reinforcement info
2018-06-13 00:38:40,415 RCV malicious_prop_agreement
2018-06-13 00:38:41,246 RCV reinforcement info
2018-06-13 00:38:41,656 RCV reinforcement info
2018-06-13 00:38:42,339 RCV reinforcement info
2018-06-13 00:38:44,904 RCV reinforcement info
2018-06-13 00:38:47,023 RCV reinforcement info
2018-06-13 00:38:47,100 RF found but not transmitted
2018-06-13 00:38:47,103 RCV reinforcement info
2018-06-13 00:38:48,852 RF found but not transmitted
2018-06-13 00:38:49,167 RCV reinforcement info
2018-06-13 00:38:49,899 RCV reinforcement info
2018-06-13 00:38:49,993 RCV reinforcement info
2018-06-13 00:38:50,254 RF found but not transmitted
2018-06-13 00:38:50,638 RF found but not transmitted
2018-06-13 00:38:50,768 RCV reinforcement info
2018-06-13 00:38:53,311 RCV reinforcement info
2018-06-13 00:38:53,862 RCV reinforcement info
2018-06-13 00:38:54,182 RCV reinforcement info
2018-06-13 00:38:54,822 RF found but not transmitted
2018-06-13 00:38:54,870 RCV reinforcement info
2018-06-13 00:38:55,014 RCV reinforcement info
2018-06-13 00:38:55,571 RCV reinforcement info
2018-06-13 00:38:55,718 RF found but not transmitted
2018-06-13 00:38:57,399 RCV reinforcement info
2018-06-13 00:38:58,562 RCV reinforcement info
2018-06-13 00:38:58,598 RCV reinforcement info
2018-06-13 00:39:00,569 RCV reinforcement info
2018-06-13 00:39:04,447 RCV reinforcement info
2018-06-13 00:39:04,556 RF found but not transmitted
2018-06-13 00:39:05,365 RCV reinforcement info
2018-06-13 00:39:08,861 RCV reinforcement info
2018-06-13 00:39:09,020 RCV reinforcement info
2018-06-13 00:39:09,379 RF found but not transmitted
2018-06-13 00:39:10,275 RCV reinforcement info
2018-06-13 00:39:10,390 RF found but not transmitted
2018-06-13 00:39:11,917 RCV reinforcement info
2018-06-13 00:39:13,268 RCV reinforcement info
2018-06-13 00:39:13,962 RF found but not transmitted
2018-06-13 00:39:14,372 RCV reinforcement info
2018-06-13 00:39:17,109 RF found but not transmitted
2018-06-13 00:39:20,802 RCV reinforcement info
2018-06-13 00:39:20,957 RCV reinforcement info
2018-06-13 00:39:21,124 RCV reinforcement info
2018-06-13 00:39:21,127 RCV reinforcement info
2018-06-13 00:39:21,652 RF found but not transmitted
2018-06-13 00:39:23,914 RCV reinforcement info
2018-06-13 00:39:23,915 RF found but not transmitted
2018-06-13 00:39:24,381 RCV reinforcement info
2018-06-13 00:39:25,552 RCV reinforcement info
2018-06-13 00:39:25,892 RCV reinforcement info
2018-06-13 00:39:28,659 RCV reinforcement info
2018-06-13 00:39:30,505 RCV reinforcement info
2018-06-13 00:39:32,183 RCV reinforcement info
2018-06-13 00:39:33,181 RCV reinforcement info
2018-06-13 00:39:36,088 RCV reinforcement info
2018-06-13 00:39:36,225 RCV reinforcement info
2018-06-13 00:39:39,138 RCV reinforcement info
2018-06-13 00:39:41,006 RCV reinforcement info
2018-06-13 00:39:43,480 RF found but not transmitted
2018-06-13 00:39:43,485 RCV reinforcement info
2018-06-13 00:39:43,907 RF found but not transmitted
2018-06-13 00:39:44,624 RCV reinforcement info
2018-06-13 00:39:47,293 RCV reinforcement info
2018-06-13 00:39:47,785 RCV reinforcement info
2018-06-13 00:39:49,161 RCV reinforcement info
2018-06-13 00:39:55,143 RCV reinforcement info
2018-06-13 00:39:56,070 RCV reinforcement info
2018-06-13 00:39:57,764 RCV reinforcement info
2018-06-13 00:39:59,030 RCV reinforcement info
2018-06-13 00:39:59,040 RCV reinforcement info
2018-06-13 00:40:00,780 RCV reinforcement info
2018-06-13 00:40:02,427 RF found but not transmitted
2018-06-13 00:40:02,926 RCV reinforcement info
2018-06-13 00:40:08,753 RCV reinforcement info
2018-06-13 00:40:10,728 RCV reinforcement info
2018-06-13 00:40:15,639 RCV reinforcement info
2018-06-13 00:40:15,745 RCV reinforcement info
2018-06-13 00:40:15,893 RCV reinforcement info
2018-06-13 00:40:18,451 RCV reinforcement info
2018-06-13 00:40:18,458 RF found but not transmitted
2018-06-13 00:40:18,783 RF found but not transmitted
2018-06-13 00:40:19,700 RCV reinforcement info
2018-06-13 00:40:21,328 RCV reinforcement info
2018-06-13 00:40:24,492 RCV proposal
2018-06-13 00:40:24,502 appended honest propose 4cc3713456 on top of df43f0b26f
2018-06-13 00:40:24,577 RCV reinforcement
2018-06-13 00:40:24,596 RCV reinforcement
2018-06-13 00:40:25,069 RCV reinforcement info
2018-06-13 00:40:25,141 RCV reinforcement
2018-06-13 00:40:25,576 RF found but not transmitted
2018-06-13 00:40:26,229 RCV commit
2018-06-13 00:40:26,745 appended honest commit db9735c385 on top of 4cc3713456
2018-06-13 00:40:27,155 Weight: 55.97993014007556 #RFs 67
2018-06-13 00:40:27,155 weight: 55.97993014007556
2018-06-13 00:40:27,155 , 55.97993014007556
2018-06-13 00:40:27,161 RCV reinforcement info
2018-06-13 00:40:27,320 RCV proposal
2018-06-13 00:40:27,325 appended malicious propose 178e6fe090 on top of df43f0b26f
2018-06-13 00:40:27,326 REINFORCEMENT SENT state
2018-06-13 00:40:27,328 SNT reinforcement
2018-06-13 00:40:27,484 RCV reinforcement
2018-06-13 00:40:27,492 RCV reinforcement
2018-06-13 00:40:27,532 RCV reinforcement
2018-06-13 00:40:27,541 RCV reinforcement
2018-06-13 00:40:27,561 RCV reinforcement
2018-06-13 00:40:27,627 RCV reinforcement
2018-06-13 00:40:27,871 RCV reinforcement info
2018-06-13 00:40:28,133 RCV reinforcement
2018-06-13 00:40:28,246 RF found but not transmitted
2018-06-13 00:40:28,249 SNT reinforcement
2018-06-13 00:40:28,697 RCV reinforcement
2018-06-13 00:40:29,235 RCV reinforcement
2018-06-13 00:40:29,548 RCV reinforcement
2018-06-13 00:40:29,581 RCV commit
2018-06-13 00:40:30,890 appended malicious commit 2b23a9739a on top of 178e6fe090
2018-06-13 00:40:32,064 Weight: 85.53686835549735 #RFs 183
2018-06-13 00:40:32,064 weight: 85.53686835549735
2018-06-13 00:40:32,064 , 85.53686835549735
2018-06-13 00:40:32,068 MALICIOUS MINING state
2018-06-13 00:40:32,069 start mining - depth 4
2018-06-13 00:40:32,069 start mining - hash 2b23a9739a585954d925d2e477020154a353e3041e4bd204a5d82ae6a01ef2d0
2018-06-13 00:40:32,070 Hashing frequency: 8822
2018-06-13 00:40:32,482 RCV reinforcement info
2018-06-13 00:40:33,192 RCV reinforcement info
2018-06-13 00:40:36,022 RCV proposal
2018-06-13 00:40:36,028 appended honest propose 23574f657e on top of 2b23a9739a
2018-06-13 00:40:36,082 RCV reinforcement
2018-06-13 00:40:36,521 RCV reinforcement info
2018-06-13 00:40:36,589 RCV reinforcement
2018-06-13 00:40:36,839 RF found but not transmitted
2018-06-13 00:40:37,534 RCV commit
2018-06-13 00:40:37,541 appended honest commit 9f8114917b on top of 23574f657e
2018-06-13 00:40:37,554 Weight: 86.99108828665034 #RFs 2
2018-06-13 00:40:37,554 weight: 86.99108828665034
2018-06-13 00:40:37,554 , 86.99108828665034
2018-06-13 00:40:37,555 start mining - depth 5
2018-06-13 00:40:37,556 start mining - hash 9f8114917b4562934cf50f8084202da28e79b74121cd38f902ce620cf8e4ab71
2018-06-13 00:40:37,695 RCV reinforcement info
2018-06-13 00:40:37,854 RCV proposal
2018-06-13 00:40:37,859 appended honest propose 3ac4258795 on top of 9f8114917b
2018-06-13 00:40:37,939 RCV reinforcement
2018-06-13 00:40:39,380 RCV commit
2018-06-13 00:40:39,384 appended honest commit 3eabf46a00 on top of 3ac4258795
2018-06-13 00:40:39,387 Weight: 88.16874295411999 #RFs 1
2018-06-13 00:40:39,387 weight: 88.16874295411999
2018-06-13 00:40:39,387 , 88.16874295411999
2018-06-13 00:40:39,401 start mining - depth 6
2018-06-13 00:40:39,401 start mining - hash 3eabf46a002d20458a8ac2ed8019c27ec60c5841b74193b57ad9509ee207e93d
2018-06-13 00:40:40,744 RCV proposal
2018-06-13 00:40:40,749 appended honest propose 657ba7b671 on top of 3eabf46a00
2018-06-13 00:40:41,078 RF found but not transmitted
2018-06-13 00:40:41,375 RCV reinforcement info
2018-06-13 00:40:41,428 RCV reinforcement
2018-06-13 00:40:41,900 RF found but not transmitted
2018-06-13 00:40:42,037 RCV malicious_prop_agreement
2018-06-13 00:40:42,265 RCV commit
2018-06-13 00:40:42,268 appended honest commit b9a304f796 on top of 657ba7b671
2018-06-13 00:40:42,270 Weight: 89.25220063938193 #RFs 1
2018-06-13 00:40:42,270 weight: 89.25220063938193
2018-06-13 00:40:42,270 , 89.25220063938193
2018-06-13 00:40:42,348 RCV proposal
2018-06-13 00:40:42,351 appended malicious propose bf5ee08664 on top of 3eabf46a00
2018-06-13 00:40:42,351 REINFORCEMENT SENT state
2018-06-13 00:40:42,352 SNT reinforcement
2018-06-13 00:40:42,439 RCV reinforcement
2018-06-13 00:40:42,894 RCV reinforcement info
2018-06-13 00:40:42,926 RCV reinforcement
2018-06-13 00:40:42,989 RCV reinforcement
2018-06-13 00:40:43,436 RCV reinforcement info
2018-06-13 00:40:43,881 RCV commit
2018-06-13 00:40:43,914 appended malicious commit e26bdb1779 on top of bf5ee08664
2018-06-13 00:40:43,927 Weight: 90.57430314757974 #RFs 6
2018-06-13 00:40:43,928 weight: 90.57430314757974
2018-06-13 00:40:43,940 , 90.57430314757974
2018-06-13 00:40:43,940 MALICIOUS MINING state
2018-06-13 00:40:43,940 start mining - depth 7
2018-06-13 00:40:43,941 start mining - hash e26bdb1779d067ef7938297090467ec8871f5c77ab6c8a31826929afd09b659b
2018-06-13 00:40:45,819 RCV reinforcement info
2018-06-13 00:40:46,129 RCV reinforcement info
2018-06-13 00:40:46,265 RCV malicious_prop_agreement
2018-06-13 00:40:48,309 RCV reinforcement info
2018-06-13 00:40:48,740 RCV reinforcement info
2018-06-13 00:40:48,892 RCV reinforcement info
2018-06-13 00:40:50,897 RF found but not transmitted
2018-06-13 00:40:52,685 RCV reinforcement info
2018-06-13 00:40:53,699 RCV proposal
2018-06-13 00:40:53,702 appended honest propose 97651e1c46 on top of b9a304f796
2018-06-13 00:40:53,789 RCV reinforcement
2018-06-13 00:40:53,801 RCV reinforcement
2018-06-13 00:40:55,199 RCV commit
2018-06-13 00:40:55,359 appended honest commit ea0c231f80 on top of 97651e1c46
2018-06-13 00:40:55,400 Weight: 91.58104455813456 #RFs 8
2018-06-13 00:40:55,402 weight: 91.58104455813456
2018-06-13 00:40:55,451 , 91.58104455813456
2018-06-13 00:40:55,454 Synchronizing branches
2018-06-13 00:40:55,454 start mining - depth 8
2018-06-13 00:40:55,454 start mining - hash ea0c231f806520451b9be534ad1870468b61c6284d7ff2fee7624831640e0e26
2018-06-13 00:40:55,458 RCV reinforcement info
2018-06-13 00:40:55,490 RF found but not transmitted
2018-06-13 00:40:55,635 RCV reinforcement info
2018-06-13 00:40:58,136 RF found but not transmitted
2018-06-13 00:40:58,427 RCV malicious_prop_agreement
2018-06-13 00:40:59,778 RCV reinforcement info
2018-06-13 00:41:00,417 RCV reinforcement info
2018-06-13 00:41:04,726 RCV reinforcement info
2018-06-13 00:41:07,924 RF found but not transmitted
2018-06-13 00:41:09,029 RCV reinforcement info
2018-06-13 00:41:11,622 RCV proposal
2018-06-13 00:41:11,625 appended honest propose a85cb19f7d on top of ea0c231f80
2018-06-13 00:41:11,712 RCV reinforcement
2018-06-13 00:41:11,722 RCV reinforcement
2018-06-13 00:41:13,167 RCV commit
2018-06-13 00:41:13,201 appended honest commit f71923e017 on top of a85cb19f7d
2018-06-13 00:41:13,233 Weight: 93.76735164513501 #RFs 6
2018-06-13 00:41:13,233 weight: 93.76735164513501
2018-06-13 00:41:13,233 , 93.76735164513501
2018-06-13 00:41:13,407 RCV proposal
2018-06-13 00:41:13,411 appended malicious propose cd0f6fc129 on top of ea0c231f80
2018-06-13 00:41:13,411 REINFORCEMENT SENT state
2018-06-13 00:41:13,412 SNT reinforcement
2018-06-13 00:41:13,583 RCV reinforcement
2018-06-13 00:41:13,591 RCV reinforcement
2018-06-13 00:41:13,604 RCV reinforcement
2018-06-13 00:41:13,609 RCV reinforcement
2018-06-13 00:41:13,842 RCV reinforcement info
2018-06-13 00:41:14,671 RCV reinforcement info
2018-06-13 00:41:14,744 RCV reinforcement info
2018-06-13 00:41:14,972 RCV commit
2018-06-13 00:41:15,150 appended malicious commit 84bd7298cd on top of cd0f6fc129
2018-06-13 00:41:15,316 Weight: 98.30250307359496 #RFs 30
2018-06-13 00:41:15,316 weight: 98.30250307359496
2018-06-13 00:41:15,316 , 98.30250307359496
2018-06-13 00:41:15,319 MALICIOUS MINING state
2018-06-13 00:41:15,320 start mining - depth 9
2018-06-13 00:41:15,320 start mining - hash 84bd7298cd1e6276aebcae841ec6797703aba537afe02b0a911b035e3fe94ba9
2018-06-13 00:41:15,996 RCV reinforcement info
2018-06-13 00:41:17,584 RCV reinforcement info
2018-06-13 00:41:19,472 RF found but not transmitted
2018-06-13 00:41:21,332 RCV reinforcement info
2018-06-13 00:41:22,213 RCV reinforcement info
2018-06-13 00:41:22,859 RCV reinforcement info
2018-06-13 00:41:24,687 RF found but not transmitted
2018-06-13 00:41:24,689 hash found
2018-06-13 00:41:24,690 SNT malicious_proposal_agreement
2018-06-13 00:41:25,096 RCV reinforcement info
2018-06-13 00:41:25,845 RCV reinforcement info
2018-06-13 00:41:26,146 RF found but not transmitted
2018-06-13 00:41:26,499 RCV reinforcement info
2018-06-13 00:41:29,854 RCV reinforcement info
2018-06-13 00:41:32,573 RCV reinforcement info
2018-06-13 00:41:34,797 RF found but not transmitted
2018-06-13 00:41:35,445 RCV reinforcement info
2018-06-13 00:41:36,056 RCV reinforcement info
2018-06-13 00:41:36,933 RF found but not transmitted
2018-06-13 00:41:36,988 RCV reinforcement info
2018-06-13 00:41:37,495 RCV reinforcement info
2018-06-13 00:41:38,099 RCV reinforcement info
2018-06-13 00:41:39,814 RF found but not transmitted
2018-06-13 00:41:42,112 RF found but not transmitted
2018-06-13 00:41:42,514 RF found but not transmitted
2018-06-13 00:41:43,494 RCV proposal
2018-06-13 00:41:43,498 appended honest propose f4ff1d5272 on top of 84bd7298cd
2018-06-13 00:41:43,578 RCV reinforcement
2018-06-13 00:41:43,591 RCV reinforcement
2018-06-13 00:41:45,077 RCV commit
2018-06-13 00:41:45,160 appended honest commit 8e82a50f85 on top of f4ff1d5272
2018-06-13 00:41:45,259 Weight: 101.57352455559798 #RFs 15
2018-06-13 00:41:45,259 weight: 101.57352455559798
2018-06-13 00:41:45,259 , 101.57352455559798
2018-06-13 00:41:45,267 appended malicious propose d16a7df582 on top of 84bd7298cd
2018-06-13 00:41:45,267 REINFORCEMENT COLLECTING state
2018-06-13 00:41:45,319 SNT proposal
2018-06-13 00:41:45,559 RCV reinforcement
2018-06-13 00:41:45,577 RCV reinforcement
2018-06-13 00:41:45,594 RCV reinforcement
2018-06-13 00:41:45,623 RCV reinforcement
2018-06-13 00:41:45,654 RCV reinforcement
2018-06-13 00:41:45,664 RCV reinforcement
2018-06-13 00:41:45,928 RCV reinforcement info
2018-06-13 00:41:46,171 RCV reinforcement info
2018-06-13 00:41:46,229 RCV reinforcement
2018-06-13 00:41:46,824 commit with 7 reinforcements
2018-06-13 00:41:46,886 appended malicious commit 0cce1f7f54 on top of d16a7df582
2018-06-13 00:41:46,947 Weight: 106.56259158614245 #RFs 41
2018-06-13 00:41:46,947 weight: 106.56259158614245
2018-06-13 00:41:46,947 , 106.56259158614245
2018-06-13 00:41:46,949 MALICIOUS MINING state
2018-06-13 00:41:46,950 start mining - depth 10
2018-06-13 00:41:46,951 start mining - hash 0cce1f7f54cb6df5e8578190f4c612a888afe9ec6cdfd4edba268f4b4f0fa61b
2018-06-13 00:41:46,951 Hashing frequency: 3867
2018-06-13 00:41:46,952 SNT commit
2018-06-13 00:41:48,954 RCV reinforcement info
2018-06-13 00:41:49,496 RCV reinforcement info
2018-06-13 00:41:50,849 RCV malicious_prop_agreement
2018-06-13 00:41:51,050 RF found but not transmitted
2018-06-13 00:41:52,578 RF found but not transmitted
2018-06-13 00:41:53,108 RCV reinforcement info
2018-06-13 00:41:53,337 RF found but not transmitted
2018-06-13 00:41:53,431 RF found but not transmitted
2018-06-13 00:41:56,241 RCV reinforcement info
2018-06-13 00:41:56,912 RF found but not transmitted
2018-06-13 00:41:57,533 RF found but not transmitted
2018-06-13 00:41:59,015 RF found but not transmitted
2018-06-13 00:42:01,828 RCV reinforcement info
2018-06-13 00:42:01,954 RCV reinforcement info
2018-06-13 00:42:02,251 RCV reinforcement info
2018-06-13 00:42:04,491 RCV reinforcement info
2018-06-13 00:42:05,721 RF found but not transmitted
2018-06-13 00:42:06,364 RCV reinforcement info
2018-06-13 00:42:07,067 RCV reinforcement info
2018-06-13 00:42:08,253 RF found but not transmitted
2018-06-13 00:42:09,712 RCV proposal
2018-06-13 00:42:09,716 appended honest propose e0ccece3b9 on top of 0cce1f7f54
2018-06-13 00:42:09,830 RCV reinforcement
2018-06-13 00:42:09,841 RCV reinforcement
2018-06-13 00:42:10,594 RCV reinforcement info
2018-06-13 00:42:10,672 RCV reinforcement
2018-06-13 00:42:11,268 RCV commit
2018-06-13 00:42:11,330 appended honest commit 023d351e33 on top of e0ccece3b9
2018-06-13 00:42:11,430 Weight: 108.94525462345203 #RFs 11
2018-06-13 00:42:11,431 weight: 108.94525462345203
2018-06-13 00:42:11,431 , 108.94525462345203
2018-06-13 00:42:11,595 RCV proposal
2018-06-13 00:42:11,603 appended malicious propose a6c1199bd1 on top of 0cce1f7f54
2018-06-13 00:42:11,604 REINFORCEMENT SENT state
2018-06-13 00:42:11,607 SNT reinforcement
2018-06-13 00:42:11,867 RCV reinforcement
2018-06-13 00:42:11,872 RCV reinforcement
2018-06-13 00:42:11,884 RCV reinforcement
2018-06-13 00:42:11,901 RCV reinforcement
2018-06-13 00:42:11,926 RCV reinforcement
2018-06-13 00:42:12,238 RCV reinforcement
2018-06-13 00:42:13,107 RCV reinforcement info
2018-06-13 00:42:13,210 RCV commit
2018-06-13 00:42:13,450 appended malicious commit de2e5818c9 on top of a6c1199bd1
2018-06-13 00:42:13,746 Weight: 116.63921870520018 #RFs 35
2018-06-13 00:42:13,746 weight: 116.63921870520018
2018-06-13 00:42:13,748 , 116.63921870520018
2018-06-13 00:42:13,750 MALICIOUS MINING state
2018-06-13 00:42:13,751 start mining - depth 11
2018-06-13 00:42:13,751 start mining - hash de2e5818c998b750bad6f357829c831f0673abd71fd29045bb728ca6f4d653cd
2018-06-13 00:42:14,536 RCV reinforcement info
2018-06-13 00:42:16,665 RF found but not transmitted
2018-06-13 00:42:16,892 RCV reinforcement info
2018-06-13 00:42:17,987 RCV reinforcement info
2018-06-13 00:42:18,656 RCV reinforcement info
2018-06-13 00:42:19,480 RCV reinforcement info
2018-06-13 00:42:20,493 RF found but not transmitted
2018-06-13 00:42:27,396 RCV reinforcement info
2018-06-13 00:42:28,347 RCV proposal
2018-06-13 00:42:28,351 appended honest propose b297126c92 on top of de2e5818c9
2018-06-13 00:42:28,408 RCV reinforcement info
2018-06-13 00:42:28,478 RCV reinforcement
2018-06-13 00:42:29,886 RCV commit
2018-06-13 00:42:29,907 appended honest commit 9540f98b29 on top of b297126c92
2018-06-13 00:42:29,969 Weight: 119.34583662253785 #RFs 7
2018-06-13 00:42:29,970 weight: 119.34583662253785
2018-06-13 00:42:29,970 , 119.34583662253785
2018-06-13 00:42:29,971 start mining - depth 12
2018-06-13 00:42:29,971 start mining - hash 9540f98b2913038c6ed58405d592b6e1c8025f9ec25185c8b9cd7b689f8aded7
2018-06-13 00:42:35,315 RCV reinforcement info
2018-06-13 00:42:39,802 RCV reinforcement info
2018-06-13 00:42:40,546 RCV reinforcement info
2018-06-13 00:42:41,253 RCV reinforcement info
2018-06-13 00:42:41,268 RCV reinforcement info
2018-06-13 00:42:42,971 RCV reinforcement info
2018-06-13 00:42:44,070 RCV reinforcement info
2018-06-13 00:42:46,347 RCV reinforcement info
2018-06-13 00:42:48,131 RCV reinforcement info
2018-06-13 00:42:48,442 RCV proposal
2018-06-13 00:42:48,445 appended honest propose 105000a367 on top of 9540f98b29
2018-06-13 00:42:48,516 RCV reinforcement
2018-06-13 00:42:48,529 RCV reinforcement
2018-06-13 00:42:49,706 RCV malicious_prop_agreement
2018-06-13 00:42:49,992 RCV commit
2018-06-13 00:42:50,044 appended honest commit 7568eb6620 on top of 105000a367
2018-06-13 00:42:50,090 Weight: 121.91284768213167 #RFs 9
2018-06-13 00:42:50,090 weight: 121.91284768213167
2018-06-13 00:42:50,090 , 121.91284768213167
2018-06-13 00:42:50,199 RCV proposal
2018-06-13 00:42:50,201 appended malicious propose d1abef16e3 on top of 9540f98b29
2018-06-13 00:42:50,202 REINFORCEMENT SENT state
2018-06-13 00:42:50,334 RCV reinforcement
2018-06-13 00:42:50,347 RCV reinforcement
2018-06-13 00:42:50,370 RCV reinforcement
2018-06-13 00:42:50,380 RCV reinforcement
2018-06-13 00:42:50,385 RCV reinforcement
2018-06-13 00:42:50,544 RCV reinforcement info
2018-06-13 00:42:50,605 RCV reinforcement
2018-06-13 00:42:51,351 RCV reinforcement
2018-06-13 00:42:51,528 RCV reinforcement
2018-06-13 00:42:51,775 RCV commit
2018-06-13 00:42:51,943 appended malicious commit b6ce49070f on top of d1abef16e3
2018-06-13 00:42:52,108 Weight: 125.74937898880091 #RFs 24
2018-06-13 00:42:52,109 weight: 125.74937898880091
2018-06-13 00:42:52,109 , 125.74937898880091
2018-06-13 00:42:52,109 MALICIOUS MINING state
2018-06-13 00:42:52,110 start mining - depth 13
2018-06-13 00:42:52,124 start mining - hash b6ce49070fdf4ee28c80992417742e8684e1cdda0d76349fdcb54b3bd3ef3676
2018-06-13 00:42:52,143 Hashing frequency: 3424
2018-06-13 00:42:52,630 RCV proposal
2018-06-13 00:42:52,633 appended honest propose 3c867650d4 on top of b6ce49070f
2018-06-13 00:42:53,518 RCV reinforcement info
2018-06-13 00:42:53,586 RCV reinforcement
2018-06-13 00:42:54,161 RCV commit
2018-06-13 00:42:54,164 appended honest commit 548790a7bb on top of 3c867650d4
2018-06-13 00:42:54,164 Weight: 126.74937898880091 #RFs 0
2018-06-13 00:42:54,165 weight: 126.74937898880091
2018-06-13 00:42:54,165 , 126.74937898880091
2018-06-13 00:42:54,166 start mining - depth 14
2018-06-13 00:42:54,166 start mining - hash 548790a7bbca11b3f8ecb6a2231f38fed1e0194b8052c4d42ca9d5169a9c54cc
2018-06-13 00:42:54,893 RF found but not transmitted
2018-06-13 00:42:57,672 RCV reinforcement info
2018-06-13 00:42:57,773 RCV reinforcement info
2018-06-13 00:42:58,195 RCV reinforcement info
2018-06-13 00:42:58,929 RCV malicious_prop_agreement
2018-06-13 00:42:58,964 RCV reinforcement info
2018-06-13 00:43:00,530 RCV reinforcement info
2018-06-13 00:43:00,711 RCV reinforcement info
2018-06-13 00:43:00,919 RF found but not transmitted
2018-06-13 00:43:01,381 RF found but not transmitted
2018-06-13 00:43:02,776 RCV reinforcement info
2018-06-13 00:43:03,240 RF found but not transmitted
2018-06-13 00:43:03,533 RCV reinforcement info
2018-06-13 00:43:04,383 RF found but not transmitted
2018-06-13 00:43:07,682 RCV reinforcement info
2018-06-13 00:43:08,688 RCV reinforcement info
2018-06-13 00:43:13,404 RCV reinforcement info
2018-06-13 00:43:13,843 RCV reinforcement info
2018-06-13 00:43:15,336 RCV reinforcement info
2018-06-13 00:43:17,686 RCV proposal
2018-06-13 00:43:17,688 appended honest propose a3cdd4f7ee on top of 548790a7bb
2018-06-13 00:43:17,806 RCV reinforcement
2018-06-13 00:43:17,834 RCV reinforcement
2018-06-13 00:43:18,069 RCV reinforcement info
2018-06-13 00:43:18,135 RCV reinforcement
2018-06-13 00:43:18,908 RF found but not transmitted
2018-06-13 00:43:19,229 RCV commit
2018-06-13 00:43:19,278 appended honest commit 701f05733c on top of a3cdd4f7ee
2018-06-13 00:43:19,345 Weight: 129.8420926479542 #RFs 13
2018-06-13 00:43:19,345 weight: 129.8420926479542
2018-06-13 00:43:19,346 , 129.8420926479542
2018-06-13 00:43:19,477 RCV proposal
2018-06-13 00:43:19,480 appended malicious propose ba82402d82 on top of 548790a7bb
2018-06-13 00:43:19,480 REINFORCEMENT SENT state
2018-06-13 00:43:19,481 SNT reinforcement
2018-06-13 00:43:19,687 RCV reinforcement
2018-06-13 00:43:19,700 RCV reinforcement
2018-06-13 00:43:19,704 RCV reinforcement
2018-06-13 00:43:19,792 RCV reinforcement
2018-06-13 00:43:19,820 RCV reinforcement
2018-06-13 00:43:19,900 RCV reinforcement
2018-06-13 00:43:20,489 RCV reinforcement
2018-06-13 00:43:20,904 RCV reinforcement info
2018-06-13 00:43:21,069 RCV commit
2018-06-13 00:43:21,291 appended malicious commit 6c30809843 on top of ba82402d82
2018-06-13 00:43:21,443 Weight: 133.17211694399307 #RFs 32
2018-06-13 00:43:21,443 weight: 133.17211694399307
2018-06-13 00:43:21,444 , 133.17211694399307
2018-06-13 00:43:21,444 MALICIOUS MINING state
2018-06-13 00:43:21,444 start mining - depth 15
2018-06-13 00:43:21,445 start mining - hash 6c308098436d8b016ee17c2a4acb33381c862fc7ffbcfcf24f9d3c003a6b1d46
2018-06-13 00:43:21,723 RCV proposal
2018-06-13 00:43:21,727 appended honest propose 5305330235 on top of 6c30809843
2018-06-13 00:43:23,233 RCV commit
2018-06-13 00:43:23,235 appended honest commit 5abc9dfc9b on top of 5305330235
2018-06-13 00:43:23,235 Weight: 134.17211694399307 #RFs 0
2018-06-13 00:43:23,236 weight: 134.17211694399307
2018-06-13 00:43:23,236 , 134.17211694399307
2018-06-13 00:43:23,237 start mining - depth 16
2018-06-13 00:43:23,237 start mining - hash 5abc9dfc9bdb00a55d1e46cca1ffbd65025c43608c1d1508424dbf39028881f3
2018-06-13 00:43:23,948 RCV reinforcement info
2018-06-13 00:43:24,249 RCV reinforcement info
2018-06-13 00:43:24,650 RCV malicious_prop_agreement
2018-06-13 00:43:25,068 RF found but not transmitted
2018-06-13 00:43:26,257 RCV reinforcement info
2018-06-13 00:43:27,188 RCV reinforcement info
2018-06-13 00:43:27,631 RCV reinforcement info
2018-06-13 00:43:29,633 RF found but not transmitted
2018-06-13 00:43:35,602 RF found but not transmitted
2018-06-13 00:43:36,101 RCV reinforcement info
2018-06-13 00:43:36,436 RCV proposal
2018-06-13 00:43:36,438 appended honest propose 6b5037fa40 on top of 5abc9dfc9b
2018-06-13 00:43:36,504 RCV reinforcement
2018-06-13 00:43:36,523 RCV reinforcement
2018-06-13 00:43:36,863 RF found but not transmitted
2018-06-13 00:43:37,968 RCV commit
2018-06-13 00:43:37,993 appended honest commit 3ac99268c3 on top of 6b5037fa40
2018-06-13 00:43:38,020 Weight: 136.07387493892088 #RFs 6
2018-06-13 00:43:38,020 weight: 136.07387493892088
2018-06-13 00:43:38,020 , 136.07387493892088
2018-06-13 00:43:38,288 RCV proposal
2018-06-13 00:43:38,291 appended malicious propose d1ba6f0822 on top of 5abc9dfc9b
2018-06-13 00:43:38,291 REINFORCEMENT SENT state
2018-06-13 00:43:38,292 SNT reinforcement
2018-06-13 00:43:38,447 RCV reinforcement
2018-06-13 00:43:38,451 RCV reinforcement
2018-06-13 00:43:38,477 RCV reinforcement
2018-06-13 00:43:38,551 RCV reinforcement
2018-06-13 00:43:38,562 RCV reinforcement
2018-06-13 00:43:38,589 RCV reinforcement info
2018-06-13 00:43:38,758 RCV reinforcement
2018-06-13 00:43:38,813 RCV reinforcement info
2018-06-13 00:43:39,613 RCV reinforcement
2018-06-13 00:43:39,748 RCV commit
2018-06-13 00:43:39,868 appended malicious commit 56a05fee6e on top of d1ba6f0822
2018-06-13 00:43:39,987 Weight: 140.35737089944146 #RFs 23
2018-06-13 00:43:39,988 weight: 140.35737089944146
2018-06-13 00:43:39,988 , 140.35737089944146
2018-06-13 00:43:39,988 MALICIOUS MINING state
2018-06-13 00:43:39,988 start mining - depth 17
2018-06-13 00:43:39,989 start mining - hash 56a05fee6e66feb3f94f0ebc801172d98b5ee347217999a1917d74e8d6b79eb2
2018-06-13 00:43:43,447 RF found but not transmitted
2018-06-13 00:43:44,696 RCV reinforcement info
2018-06-13 00:43:46,321 RCV reinforcement info
2018-06-13 00:43:46,391 RCV reinforcement info
2018-06-13 00:43:46,457 RCV reinforcement info
2018-06-13 00:43:46,482 RCV reinforcement info
2018-06-13 00:43:47,300 RCV proposal
2018-06-13 00:43:47,303 appended honest propose 2cb3a0d445 on top of 56a05fee6e
2018-06-13 00:43:47,373 RCV reinforcement
2018-06-13 00:43:47,394 RCV reinforcement
2018-06-13 00:43:48,144 RCV reinforcement info
2018-06-13 00:43:48,202 RCV reinforcement
2018-06-13 00:43:48,832 RCV commit
2018-06-13 00:43:48,864 appended honest commit 54c8a2f166 on top of 2cb3a0d445
2018-06-13 00:43:48,891 Weight: 142.46362413047288 #RFs 5
2018-06-13 00:43:48,891 weight: 142.46362413047288
2018-06-13 00:43:48,895 , 142.46362413047288
2018-06-13 00:43:48,896 start mining - depth 18
2018-06-13 00:43:48,896 start mining - hash 54c8a2f166088b990685a71e5108d5bd572182a46c5613632a70c703f34532ce
2018-06-13 00:43:50,846 RCV reinforcement info
2018-06-13 00:43:51,647 RCV reinforcement info
2018-06-13 00:43:53,519 RCV reinforcement info
2018-06-13 00:43:53,726 RCV reinforcement info
2018-06-13 00:43:54,303 RCV reinforcement info
2018-06-13 00:43:54,597 RCV reinforcement info
2018-06-13 00:43:57,565 RF found but not transmitted
2018-06-13 00:43:59,916 RCV reinforcement info
2018-06-13 00:44:01,021 RCV reinforcement info
2018-06-13 00:44:01,959 RCV reinforcement info
2018-06-13 00:44:02,700 RCV reinforcement info
2018-06-13 00:44:03,115 RCV reinforcement info
2018-06-13 00:44:04,342 RCV reinforcement info
2018-06-13 00:44:04,365 RCV reinforcement info
2018-06-13 00:44:05,497 RCV reinforcement info
2018-06-13 00:44:06,374 RCV reinforcement info
2018-06-13 00:44:08,009 RCV reinforcement info
2018-06-13 00:44:08,190 RF found but not transmitted
2018-06-13 00:44:10,337 RCV reinforcement info
2018-06-13 00:44:10,828 RCV malicious_prop_agreement
2018-06-13 00:44:11,927 RCV reinforcement info
2018-06-13 00:44:12,093 RCV reinforcement info
2018-06-13 00:44:14,908 RCV reinforcement info
2018-06-13 00:44:20,821 RF found but not transmitted
2018-06-13 00:44:21,369 RCV reinforcement info
2018-06-13 00:44:21,878 RCV reinforcement info
2018-06-13 00:44:23,739 RCV reinforcement info
2018-06-13 00:44:24,564 RCV reinforcement info
2018-06-13 00:44:24,868 RCV reinforcement info
2018-06-13 00:44:25,618 RCV reinforcement info
2018-06-13 00:44:27,003 RCV reinforcement info
2018-06-13 00:44:27,727 RF found but not transmitted
2018-06-13 00:44:31,072 RCV reinforcement info
2018-06-13 00:44:32,149 RCV reinforcement info
2018-06-13 00:44:32,492 RCV reinforcement info
2018-06-13 00:44:34,777 RCV reinforcement info
2018-06-13 00:44:35,462 RF found but not transmitted
2018-06-13 00:44:35,866 RCV reinforcement info
2018-06-13 00:44:36,890 RCV reinforcement info
2018-06-13 00:44:37,198 RCV reinforcement info
2018-06-13 00:44:38,693 RCV reinforcement info
2018-06-13 00:44:38,728 RCV proposal
2018-06-13 00:44:38,731 appended honest propose 0a5a193c65 on top of 54c8a2f166
2018-06-13 00:44:38,818 RCV reinforcement
2018-06-13 00:44:38,832 RCV reinforcement
2018-06-13 00:44:39,537 RCV reinforcement info
2018-06-13 00:44:39,663 RCV reinforcement
2018-06-13 00:44:40,421 RCV reinforcement info
2018-06-13 00:44:40,644 RCV reinforcement
2018-06-13 00:44:40,874 RCV commit
2018-06-13 00:44:41,120 appended honest commit bfd3774a62 on top of 0a5a193c65
2018-06-13 00:44:41,889 Weight: 150.98022677553465 #RFs 35
2018-06-13 00:44:41,889 weight: 150.98022677553465
2018-06-13 00:44:41,889 , 150.98022677553465
2018-06-13 00:44:41,987 RCV reinforcement info
2018-06-13 00:44:41,990 RCV reinforcement
2018-06-13 00:44:42,496 RCV proposal
2018-06-13 00:44:42,504 appended malicious propose 7125121953 on top of 54c8a2f166
2018-06-13 00:44:42,504 REINFORCEMENT SENT state
2018-06-13 00:44:42,506 SNT reinforcement
2018-06-13 00:44:42,936 RCV reinforcement
2018-06-13 00:44:43,211 RCV reinforcement
2018-06-13 00:44:43,220 RCV reinforcement
2018-06-13 00:44:43,225 RCV reinforcement
2018-06-13 00:44:43,228 RCV reinforcement
2018-06-13 00:44:43,491 RF found but not transmitted
2018-06-13 00:44:43,495 SNT reinforcement
2018-06-13 00:44:43,868 RCV reinforcement
2018-06-13 00:44:43,877 RCV reinforcement
2018-06-13 00:44:44,015 RCV reinforcement
2018-06-13 00:44:44,230 RCV reinforcement
2018-06-13 00:44:44,426 RCV reinforcement
2018-06-13 00:44:44,536 RCV reinforcement
2018-06-13 00:44:44,720 RCV commit
2018-06-13 00:44:45,276 appended malicious commit af8f1f88a1 on top of 7125121953
2018-06-13 00:44:45,854 Weight: 158.01510643995664 #RFs 76
2018-06-13 00:44:45,855 weight: 158.01510643995664
2018-06-13 00:44:45,855 , 158.01510643995664
2018-06-13 00:44:45,874 MALICIOUS MINING state
2018-06-13 00:44:45,874 start mining - depth 19
2018-06-13 00:44:45,874 start mining - hash af8f1f88a10a723677e588147e8a7203926a4ab5cfe46e0e8655b93150ab4aaf
2018-06-13 00:44:45,875 Hashing frequency: 5918
2018-06-13 00:44:46,770 RCV reinforcement info
2018-06-13 00:44:47,641 RCV malicious_prop_agreement
2018-06-13 00:44:48,581 RCV reinforcement info
2018-06-13 00:44:48,910 RF found but not transmitted
2018-06-13 00:44:51,958 RCV reinforcement info
2018-06-13 00:44:53,823 RF found but not transmitted
2018-06-13 00:44:54,118 RCV reinforcement info
2018-06-13 00:44:57,028 RCV reinforcement info
2018-06-13 00:45:02,269 RCV proposal
2018-06-13 00:45:02,273 appended honest propose 90a387e69a on top of af8f1f88a1
2018-06-13 00:45:02,338 RCV reinforcement
2018-06-13 00:45:02,361 RCV reinforcement
2018-06-13 00:45:03,803 RCV commit
2018-06-13 00:45:03,827 appended honest commit 09775b5503 on top of 90a387e69a
2018-06-13 00:45:03,875 Weight: 160.17589127912169 #RFs 5
2018-06-13 00:45:03,875 weight: 160.17589127912169
2018-06-13 00:45:03,876 , 160.17589127912169
2018-06-13 00:45:04,000 RCV proposal
2018-06-13 00:45:04,004 appended malicious propose 506b360771 on top of af8f1f88a1
2018-06-13 00:45:04,004 REINFORCEMENT SENT state
2018-06-13 00:45:04,006 SNT reinforcement
2018-06-13 00:45:04,198 RCV reinforcement
2018-06-13 00:45:04,210 RCV reinforcement
2018-06-13 00:45:04,228 RCV reinforcement
2018-06-13 00:45:04,233 RCV reinforcement
2018-06-13 00:45:04,309 RCV reinforcement
2018-06-13 00:45:04,354 RCV reinforcement
2018-06-13 00:45:04,447 RCV reinforcement
2018-06-13 00:45:04,683 RCV reinforcement info
2018-06-13 00:45:04,902 RCV reinforcement info
2018-06-13 00:45:05,511 RCV reinforcement
2018-06-13 00:45:05,648 RCV commit
2018-06-13 00:45:05,935 appended malicious commit a74d9e06b6 on top of 506b360771
2018-06-13 00:45:06,070 RF found but not transmitted
2018-06-13 00:45:06,175 Weight: 165.28069451592216 #RFs 33
2018-06-13 00:45:06,175 weight: 165.28069451592216
2018-06-13 00:45:06,175 , 165.28069451592216
2018-06-13 00:45:06,176 MALICIOUS MINING state
2018-06-13 00:45:06,176 start mining - depth 20
2018-06-13 00:45:06,177 start mining - hash a74d9e06b6ec55e030e2cc0082427224d3334333fd3b651bd337c1ad974e94c9
2018-06-13 00:45:07,144 RCV reinforcement info
2018-06-13 00:45:09,529 RCV malicious_prop_agreement
2018-06-13 00:45:11,458 RCV proposal
2018-06-13 00:45:11,461 appended honest propose e8ccfec805 on top of a74d9e06b6
2018-06-13 00:45:11,536 RCV reinforcement
2018-06-13 00:45:11,739 RF found but not transmitted
2018-06-13 00:45:12,977 RCV commit
2018-06-13 00:45:12,981 appended honest commit e0f57772a2 on top of e8ccfec805
2018-06-13 00:45:12,983 Weight: 166.74047876317735 #RFs 1
2018-06-13 00:45:12,984 weight: 166.74047876317735
2018-06-13 00:45:12,984 , 166.74047876317735
2018-06-13 00:45:13,050 RCV proposal
2018-06-13 00:45:13,054 appended malicious propose e23ebfb29e on top of a74d9e06b6
2018-06-13 00:45:13,055 REINFORCEMENT SENT state
2018-06-13 00:45:13,056 SNT reinforcement
2018-06-13 00:45:13,327 RCV reinforcement
2018-06-13 00:45:13,338 RCV reinforcement
2018-06-13 00:45:13,350 RCV reinforcement
2018-06-13 00:45:13,356 RCV reinforcement
2018-06-13 00:45:13,359 RCV reinforcement
2018-06-13 00:45:13,673 RF found but not transmitted
2018-06-13 00:45:13,676 SNT reinforcement
2018-06-13 00:45:13,779 RCV reinforcement info
2018-06-13 00:45:14,604 RCV commit
2018-06-13 00:45:14,709 appended malicious commit f17e6c9c5d on top of e23ebfb29e
2018-06-13 00:45:14,804 Weight: 168.92288139333658 #RFs 12
2018-06-13 00:45:14,805 weight: 168.92288139333658
2018-06-13 00:45:14,825 , 168.92288139333658
2018-06-13 00:45:14,825 MALICIOUS MINING state
2018-06-13 00:45:14,825 start mining - depth 21
2018-06-13 00:45:14,828 start mining - hash f17e6c9c5dfeff293bfc0be7e16e9de6e02ceb6633a97589b7bac5c69fd17140
2018-06-13 00:45:15,194 RF found but not transmitted
2018-06-13 00:45:15,784 RCV reinforcement info
2018-06-13 00:45:19,307 RCV reinforcement info
2018-06-13 00:45:20,814 RCV malicious_prop_agreement
2018-06-13 00:45:21,464 RCV reinforcement info
2018-06-13 00:45:22,793 RCV reinforcement info
2018-06-13 00:45:23,100 RCV reinforcement info
2018-06-13 00:45:23,173 RCV reinforcement info
2018-06-13 00:45:23,335 RCV reinforcement info
2018-06-13 00:45:26,868 RF found but not transmitted
2018-06-13 00:45:27,601 RCV reinforcement info
2018-06-13 00:45:27,947 RCV reinforcement info
2018-06-13 00:45:27,962 RCV reinforcement info
2018-06-13 00:45:32,071 RF found but not transmitted
2018-06-13 00:45:32,221 RF found but not transmitted
2018-06-13 00:45:32,465 RF found but not transmitted
2018-06-13 00:45:33,865 RCV reinforcement info
2018-06-13 00:45:34,033 RCV reinforcement info
2018-06-13 00:45:35,814 RCV reinforcement info
2018-06-13 00:45:37,917 RCV reinforcement info
2018-06-13 00:45:39,639 RCV reinforcement info
2018-06-13 00:45:39,802 RCV reinforcement info
2018-06-13 00:45:43,325 RCV proposal
2018-06-13 00:45:43,329 appended honest propose d53b040eb7 on top of f17e6c9c5d
2018-06-13 00:45:43,399 RCV reinforcement
2018-06-13 00:45:43,421 RCV reinforcement
2018-06-13 00:45:43,675 RF found but not transmitted
2018-06-13 00:45:44,909 RCV commit
2018-06-13 00:45:45,028 appended honest commit 2f5e15709b on top of d53b040eb7
2018-06-13 00:45:45,154 Weight: 173.07138776827543 #RFs 16
2018-06-13 00:45:45,155 weight: 173.07138776827543
2018-06-13 00:45:45,155 , 173.07138776827543
2018-06-13 00:45:45,311 RCV proposal
2018-06-13 00:45:45,316 appended malicious propose 8dd5af6d53 on top of f17e6c9c5d
2018-06-13 00:45:45,316 REINFORCEMENT SENT state
2018-06-13 00:45:45,317 SNT reinforcement
2018-06-13 00:45:45,565 RCV reinforcement
2018-06-13 00:45:45,576 RCV reinforcement
2018-06-13 00:45:45,608 RCV reinforcement
2018-06-13 00:45:45,643 RCV reinforcement
2018-06-13 00:45:45,648 RCV reinforcement
2018-06-13 00:45:46,994 RCV commit
2018-06-13 00:45:47,323 appended malicious commit cdc8319900 on top of 8dd5af6d53
2018-06-13 00:45:47,656 Weight: 177.73059065450957 #RFs 42
2018-06-13 00:45:47,656 weight: 177.73059065450957
2018-06-13 00:45:47,657 , 177.73059065450957
2018-06-13 00:45:47,657 MALICIOUS MINING state
2018-06-13 00:45:47,657 start mining - depth 22
2018-06-13 00:45:47,658 start mining - hash cdc831990084f4dcd248921c947a1a1a60382c518df4793351db590dfb3f6c84
2018-06-13 00:45:47,688 Hashing frequency: 3223
2018-06-13 00:45:47,925 RF found but not transmitted
2018-06-13 00:45:48,121 RCV reinforcement info
2018-06-13 00:45:49,200 RF found but not transmitted
2018-06-13 00:45:50,188 RF found but not transmitted
2018-06-13 00:45:53,662 RCV reinforcement info
2018-06-13 00:45:54,321 RF found but not transmitted
2018-06-13 00:45:54,649 RCV reinforcement info
2018-06-13 00:45:57,771 RF found but not transmitted
2018-06-13 00:45:58,383 RCV reinforcement info
2018-06-13 00:45:59,565 RCV reinforcement info
2018-06-13 00:45:59,738 RCV proposal
2018-06-13 00:45:59,741 appended honest propose 042e9060e9 on top of cdc8319900
2018-06-13 00:45:59,921 RCV reinforcement
2018-06-13 00:45:59,934 RCV reinforcement
2018-06-13 00:46:01,081 RCV commit
2018-06-13 00:46:01,151 appended honest commit 8f456b20f2 on top of 042e9060e9
2018-06-13 00:46:01,199 Weight: 179.30151692616872 #RFs 5
2018-06-13 00:46:01,199 weight: 179.30151692616872
2018-06-13 00:46:01,244 , 179.30151692616872
2018-06-13 00:46:01,249 start mining - depth 23
2018-06-13 00:46:01,250 start mining - hash 8f456b20f2604033d71b3621664417b478ecd852c66681e13c91c012018f4df5
2018-06-13 00:46:03,707 RCV reinforcement info
2018-06-13 00:46:07,577 RCV reinforcement info
2018-06-13 00:46:07,836 RF found but not transmitted
2018-06-13 00:46:09,846 RCV reinforcement info
2018-06-13 00:46:10,209 RCV reinforcement info
2018-06-13 00:46:10,589 RCV reinforcement info
2018-06-13 00:46:12,724 RCV reinforcement info
2018-06-13 00:46:15,794 RF found but not transmitted
2018-06-13 00:46:16,521 RF found but not transmitted
2018-06-13 00:46:16,796 RF found but not transmitted
2018-06-13 00:46:17,468 RCV reinforcement info
2018-06-13 00:46:18,816 RF found but not transmitted
2018-06-13 00:46:19,288 RF found but not transmitted
2018-06-13 00:46:22,516 RCV reinforcement info
2018-06-13 00:46:24,042 RCV reinforcement info
2018-06-13 00:46:25,156 RCV reinforcement info
2018-06-13 00:46:26,290 RCV reinforcement info
2018-06-13 00:46:27,004 RF found but not transmitted
2018-06-13 00:46:27,057 RF found but not transmitted
2018-06-13 00:46:27,358 RCV reinforcement info
2018-06-13 00:46:33,731 RCV reinforcement info
2018-06-13 00:46:33,975 RCV reinforcement info
2018-06-13 00:46:34,392 RCV reinforcement info
2018-06-13 00:46:34,830 RCV malicious_prop_agreement
2018-06-13 00:46:36,579 RCV reinforcement info
2018-06-13 00:46:37,060 RCV reinforcement info
2018-06-13 00:46:39,626 RCV reinforcement info
2018-06-13 00:46:39,745 RCV proposal
2018-06-13 00:46:39,749 appended honest propose ade43644ce on top of 8f456b20f2
2018-06-13 00:46:39,835 RCV reinforcement
2018-06-13 00:46:39,856 RCV reinforcement
2018-06-13 00:46:40,118 RCV reinforcement info
2018-06-13 00:46:40,193 RCV reinforcement
2018-06-13 00:46:40,961 RCV reinforcement info
2018-06-13 00:46:41,053 RCV reinforcement
2018-06-13 00:46:41,199 RCV reinforcement info
2018-06-13 00:46:41,298 RCV reinforcement
2018-06-13 00:46:41,522 RCV commit
2018-06-13 00:46:41,644 appended honest commit 5f96a162e4 on top of ade43644ce
2018-06-13 00:46:41,850 Weight: 185.28578569700505 #RFs 20
2018-06-13 00:46:41,850 weight: 185.28578569700505
2018-06-13 00:46:41,850 , 185.28578569700505
2018-06-13 00:46:42,079 RCV proposal
2018-06-13 00:46:42,083 appended malicious propose 2c51d750f4 on top of 8f456b20f2
2018-06-13 00:46:42,083 REINFORCEMENT SENT state
2018-06-13 00:46:42,084 SNT reinforcement
2018-06-13 00:46:42,373 RCV reinforcement
2018-06-13 00:46:42,385 RCV reinforcement
2018-06-13 00:46:42,390 RCV reinforcement
2018-06-13 00:46:42,394 RCV reinforcement
2018-06-13 00:46:42,397 RCV reinforcement
2018-06-13 00:46:42,756 RCV reinforcement
2018-06-13 00:46:42,926 RCV reinforcement
2018-06-13 00:46:43,831 RCV commit
2018-06-13 00:46:44,303 appended malicious commit 65df6d3519 on top of 2c51d750f4
2018-06-13 00:46:44,734 Weight: 193.36400777193498 #RFs 66
2018-06-13 00:46:44,734 weight: 193.36400777193498
2018-06-13 00:46:44,734 , 193.36400777193498
2018-06-13 00:46:44,737 MALICIOUS MINING state
2018-06-13 00:46:44,737 start mining - depth 24
2018-06-13 00:46:44,738 start mining - hash 65df6d3519206514437a414b900165771c8348fc424680bb19e9125f6e01d5ea
2018-06-13 00:46:46,024 RCV reinforcement info
2018-06-13 00:46:48,019 RCV reinforcement info
2018-06-13 00:46:49,164 RCV reinforcement info
2018-06-13 00:46:49,803 RCV reinforcement info
2018-06-13 00:46:50,408 RCV reinforcement info
2018-06-13 00:46:50,972 RCV malicious_prop_agreement
2018-06-13 00:46:53,770 RCV reinforcement info
2018-06-13 00:46:54,268 RCV reinforcement info
2018-06-13 00:46:55,274 RCV reinforcement info
2018-06-13 00:46:56,051 RF found but not transmitted
2018-06-13 00:46:57,240 RCV proposal
2018-06-13 00:46:57,244 appended honest propose d8b78aee0f on top of 65df6d3519
2018-06-13 00:46:57,336 RCV reinforcement
2018-06-13 00:46:57,361 RCV reinforcement
2018-06-13 00:46:58,393 RF found but not transmitted
2018-06-13 00:46:58,830 RCV commit
2018-06-13 00:46:58,928 appended honest commit 8ae6f631ea on top of d8b78aee0f
2018-06-13 00:46:58,957 Weight: 195.7866958866039 #RFs 8
2018-06-13 00:46:58,957 weight: 195.7866958866039
2018-06-13 00:46:58,958 , 195.7866958866039
2018-06-13 00:46:59,271 RCV proposal
2018-06-13 00:46:59,305 appended malicious propose c82ebdb478 on top of 65df6d3519
2018-06-13 00:46:59,306 REINFORCEMENT SENT state
2018-06-13 00:46:59,307 SNT reinforcement
2018-06-13 00:46:59,581 RCV reinforcement
2018-06-13 00:46:59,587 RCV reinforcement
2018-06-13 00:46:59,592 RCV reinforcement
2018-06-13 00:46:59,614 RCV reinforcement
2018-06-13 00:46:59,626 RCV reinforcement
2018-06-13 00:47:00,650 RF found but not transmitted
2018-06-13 00:47:00,653 SNT reinforcement
2018-06-13 00:47:00,948 RCV commit
2018-06-13 00:47:01,073 appended malicious commit c9a1b02b2a on top of c82ebdb478
2018-06-13 00:47:01,244 Weight: 199.86008844367709 #RFs 19
2018-06-13 00:47:01,244 weight: 199.86008844367709
2018-06-13 00:47:01,245 , 199.86008844367709
2018-06-13 00:47:01,245 MALICIOUS MINING state
2018-06-13 00:47:01,245 start mining - depth 25
2018-06-13 00:47:01,246 start mining - hash c9a1b02b2a1dfce26dcf99df9eaa1f94b0d5a994f17651eef50d6d3d35946286
2018-06-13 00:47:01,246 Hashing frequency: 3808
2018-06-13 00:47:01,251 RCV reinforcement
2018-06-13 00:47:01,922 RCV malicious_prop_agreement
2018-06-13 00:47:03,249 RCV reinforcement info
2018-06-13 00:47:04,232 RCV reinforcement info
2018-06-13 00:47:05,003 RCV proposal
2018-06-13 00:47:05,007 appended honest propose 87761a45e1 on top of c9a1b02b2a
2018-06-13 00:47:05,093 RCV reinforcement
2018-06-13 00:47:06,000 RCV reinforcement info
2018-06-13 00:47:06,094 RCV reinforcement
2018-06-13 00:47:06,535 RCV commit
2018-06-13 00:47:06,567 appended honest commit c1d5ec5c95 on top of 87761a45e1
2018-06-13 00:47:06,591 Weight: 201.3256187698079 #RFs 3
2018-06-13 00:47:06,591 weight: 201.3256187698079
2018-06-13 00:47:06,591 , 201.3256187698079
2018-06-13 00:47:06,684 RCV proposal
2018-06-13 00:47:06,700 appended malicious propose 254e077b5c on top of c9a1b02b2a
2018-06-13 00:47:06,702 REINFORCEMENT SENT state
2018-06-13 00:47:06,854 RCV reinforcement
2018-06-13 00:47:06,877 RCV reinforcement
2018-06-13 00:47:06,881 RCV reinforcement
2018-06-13 00:47:06,900 RCV reinforcement
2018-06-13 00:47:07,298 RCV reinforcement
2018-06-13 00:47:07,742 RF found but not transmitted
2018-06-13 00:47:07,746 SNT reinforcement
2018-06-13 00:47:08,013 RCV reinforcement info
2018-06-13 00:47:08,230 RCV commit
2018-06-13 00:47:08,368 appended malicious commit 78d1cf542c on top of 254e077b5c
2018-06-13 00:47:08,400 Weight: 202.39058380670724 #RFs 8
2018-06-13 00:47:08,400 weight: 202.39058380670724
2018-06-13 00:47:08,404 , 202.39058380670724
2018-06-13 00:47:08,404 MALICIOUS MINING state
2018-06-13 00:47:08,404 start mining - depth 26
2018-06-13 00:47:08,405 start mining - hash 78d1cf542c952ca1c5174b94a055084a0b76ff3b01b8a49589f41748c6bd5e95
2018-06-13 00:47:09,862 RCV proposal
2018-06-13 00:47:09,865 appended honest propose ad75a1a476 on top of c1d5ec5c95
2018-06-13 00:47:09,976 RCV reinforcement
2018-06-13 00:47:11,447 RCV commit
2018-06-13 00:47:11,456 appended honest commit e1093beabe on top of ad75a1a476
2018-06-13 00:47:11,464 Weight: 202.43908427210206 #RFs 1
2018-06-13 00:47:11,474 weight: 202.43908427210206
2018-06-13 00:47:11,475 , 202.43908427210206
2018-06-13 00:47:11,499 Synchronizing branches
2018-06-13 00:47:11,499 start mining - depth 27
2018-06-13 00:47:11,502 start mining - hash e1093beabe3b3c7425ad37bc837f67d381865dd49392f5a5a52352732da14fbd
2018-06-13 00:47:11,542 RF found but not transmitted
2018-06-13 00:47:11,715 RCV reinforcement info
2018-06-13 00:47:14,458 RCV reinforcement info
2018-06-13 00:47:14,521 RF found but not transmitted
2018-06-13 00:47:14,522 hash found
2018-06-13 00:47:14,523 SNT malicious_proposal_agreement
2018-06-13 00:47:14,837 RCV reinforcement info
2018-06-13 00:47:15,758 RCV proposal
2018-06-13 00:47:15,761 appended honest propose 9606f8ad9b on top of e1093beabe
2018-06-13 00:47:15,851 RCV reinforcement
2018-06-13 00:47:17,262 RCV commit
2018-06-13 00:47:17,276 appended honest commit 0556db2939 on top of 9606f8ad9b
2018-06-13 00:47:17,282 Weight: 204.0583858703271 #RFs 3
2018-06-13 00:47:17,282 weight: 204.0583858703271
2018-06-13 00:47:17,282 , 204.0583858703271
2018-06-13 00:47:17,286 appended malicious propose 38fbd5cad2 on top of e1093beabe
2018-06-13 00:47:17,286 REINFORCEMENT COLLECTING state
2018-06-13 00:47:17,375 SNT proposal
2018-06-13 00:47:17,564 RCV reinforcement
2018-06-13 00:47:17,574 RCV reinforcement
2018-06-13 00:47:17,908 RCV reinforcement
2018-06-13 00:47:18,360 RCV reinforcement info
2018-06-13 00:47:18,659 RCV reinforcement
2018-06-13 00:47:18,880 commit with 5 reinforcements
2018-06-13 00:47:18,893 appended malicious commit 3eab45136e on top of 38fbd5cad2
2018-06-13 00:47:18,901 Weight: 205.2398170371183 #RFs 7
2018-06-13 00:47:18,901 weight: 205.2398170371183
2018-06-13 00:47:18,901 , 205.2398170371183
2018-06-13 00:47:18,901 MALICIOUS MINING state
2018-06-13 00:47:18,901 start mining - depth 28
2018-06-13 00:47:18,902 start mining - hash 3eab45136e8173bf0a7ec713e8d0673b4ead893fd8642dc83a903540997c8b3b
2018-06-13 00:47:18,902 SNT commit
2018-06-13 00:47:19,572 RCV reinforcement info
2018-06-13 00:47:20,352 RCV malicious_prop_agreement
2018-06-13 00:47:21,477 RCV reinforcement info
2018-06-13 00:47:22,335 RCV reinforcement info
2018-06-13 00:47:22,594 RCV reinforcement info
2018-06-13 00:47:24,476 RCV reinforcement info
2018-06-13 00:47:24,961 RCV proposal
2018-06-13 00:47:24,964 appended honest propose 6f38a25b3a on top of 3eab45136e
2018-06-13 00:47:25,060 RCV reinforcement
2018-06-13 00:47:25,819 RF found but not transmitted
2018-06-13 00:47:26,494 RCV commit
2018-06-13 00:47:26,556 appended honest commit f1d06dc45b on top of 6f38a25b3a
2018-06-13 00:47:26,573 Weight: 207.0712536123347 #RFs 5
2018-06-13 00:47:26,574 weight: 207.0712536123347
2018-06-13 00:47:26,574 , 207.0712536123347
2018-06-13 00:47:26,736 RCV proposal
2018-06-13 00:47:26,751 appended malicious propose f3a5e9776e on top of 3eab45136e
2018-06-13 00:47:26,753 REINFORCEMENT SENT state
2018-06-13 00:47:26,754 SNT reinforcement
2018-06-13 00:47:26,981 RCV reinforcement
2018-06-13 00:47:26,997 RCV reinforcement
2018-06-13 00:47:27,035 RCV reinforcement
2018-06-13 00:47:27,044 RCV reinforcement
2018-06-13 00:47:27,306 RCV reinforcement
2018-06-13 00:47:27,906 RCV reinforcement
2018-06-13 00:47:28,324 RCV commit
2018-06-13 00:47:28,395 appended malicious commit 6d76635a17 on top of f3a5e9776e
2018-06-13 00:47:28,454 Weight: 209.0237231582659 #RFs 13
2018-06-13 00:47:28,454 weight: 209.0237231582659
2018-06-13 00:47:28,454 , 209.0237231582659
2018-06-13 00:47:28,455 MALICIOUS MINING state
2018-06-13 00:47:28,475 start mining - depth 29
2018-06-13 00:47:28,485 start mining - hash 6d76635a171c04d738121cd7a080c751f7de6515f6b15a3258c1fa783598be5e
2018-06-13 00:47:28,702 RF found but not transmitted
2018-06-13 00:47:29,281 RCV reinforcement info
2018-06-13 00:47:29,992 RCV reinforcement info
2018-06-13 00:47:31,982 RF found but not transmitted
2018-06-13 00:47:32,044 RCV reinforcement info
2018-06-13 00:47:33,121 RF found but not transmitted
2018-06-13 00:47:33,122 hash found
2018-06-13 00:47:33,123 SNT malicious_proposal_agreement
2018-06-13 00:47:33,521 RF found but not transmitted
2018-06-13 00:47:34,157 RCV reinforcement info
2018-06-13 00:47:35,088 RCV reinforcement info
2018-06-13 00:47:38,434 RF found but not transmitted
2018-06-13 00:47:43,920 RCV reinforcement info
2018-06-13 00:47:45,274 RCV reinforcement info
2018-06-13 00:47:45,494 RCV reinforcement info
2018-06-13 00:47:46,161 RCV reinforcement info
2018-06-13 00:47:47,099 RCV reinforcement info
2018-06-13 00:47:47,276 RCV reinforcement info
2018-06-13 00:47:49,174 RCV reinforcement info
2018-06-13 00:47:49,966 RCV reinforcement info
2018-06-13 00:47:50,526 RF found but not transmitted
2018-06-13 00:47:50,905 RCV reinforcement info
2018-06-13 00:47:51,881 RF found but not transmitted
2018-06-13 00:47:52,668 RF found but not transmitted
2018-06-13 00:47:54,444 RCV reinforcement info
2018-06-13 00:47:55,860 RCV reinforcement info
2018-06-13 00:47:58,274 RF found but not transmitted
2018-06-13 00:47:58,477 RCV reinforcement info
2018-06-13 00:48:02,129 RF found but not transmitted
2018-06-13 00:48:03,995 RF found but not transmitted
2018-06-13 00:48:06,106 RCV proposal
2018-06-13 00:48:06,110 appended honest propose eebf4fac23 on top of 6d76635a17
2018-06-13 00:48:06,203 RCV reinforcement
2018-06-13 00:48:06,225 RCV reinforcement
2018-06-13 00:48:07,906 RCV commit
2018-06-13 00:48:08,065 appended honest commit 45b382eec3 on top of eebf4fac23
2018-06-13 00:48:08,138 Weight: 212.9345164907256 #RFs 17
2018-06-13 00:48:08,138 weight: 212.9345164907256
2018-06-13 00:48:08,138 , 212.9345164907256
2018-06-13 00:48:08,150 appended malicious propose b4feab90ed on top of 6d76635a17
2018-06-13 00:48:08,150 REINFORCEMENT COLLECTING state
2018-06-13 00:48:08,357 SNT proposal
2018-06-13 00:48:08,694 RCV reinforcement
2018-06-13 00:48:08,773 RCV reinforcement
2018-06-13 00:48:08,858 RCV reinforcement
2018-06-13 00:48:08,971 RCV reinforcement
2018-06-13 00:48:09,064 RCV reinforcement
2018-06-13 00:48:09,082 RCV reinforcement
2018-06-13 00:48:09,110 RCV reinforcement info
2018-06-13 00:48:09,177 RCV reinforcement info
2018-06-13 00:48:09,224 RCV reinforcement
2018-06-13 00:48:09,563 RCV reinforcement
2018-06-13 00:48:09,862 commit with 7 reinforcements
2018-06-13 00:48:10,013 appended malicious commit 09be555cf4 on top of b4feab90ed
2018-06-13 00:48:10,144 Weight: 231.1847246875854 #RFs 72
2018-06-13 00:48:10,144 weight: 231.1847246875854
2018-06-13 00:48:10,144 , 231.1847246875854
2018-06-13 00:48:10,147 MALICIOUS MINING state
2018-06-13 00:48:10,147 start mining - depth 30
2018-06-13 00:48:10,147 start mining - hash 09be555cf441fce5be635cd23390ec2540cc0691b1505f18abc18696f13a2a94
2018-06-13 00:48:10,148 Hashing frequency: 3398
2018-06-13 00:48:10,150 SNT commit
2018-06-13 00:48:12,075 RCV reinforcement info
2018-06-13 00:48:12,350 RCV malicious_prop_agreement
