2018-05-29 19:44:50,944 ---------------------------------------------------------
2018-05-29 19:44:50,945 MALICIOUS MINING state
2018-05-29 19:44:51,971 start mining - depth 0
2018-05-29 19:44:51,972 start mining - hash 8ad10c10025933419e1c320a26f4386e41d934d5585df22279141eacce4b0d20
2018-05-29 19:44:52,438 RCV reinforcement info
2018-05-29 19:44:53,636 RF found but not transmitted
2018-05-29 19:44:58,427 RF found but not transmitted
2018-05-29 19:44:59,805 RCV proposal
2018-05-29 19:44:59,814 appended honest propose 9b5284a35e on top of 8ad10c1002
2018-05-29 19:44:59,872 RCV reinforcement
2018-05-29 19:44:59,995 RCV reinforcement info
2018-05-29 19:45:00,054 RCV reinforcement
2018-05-29 19:45:00,488 RCV reinforcement info
2018-05-29 19:45:00,556 RCV reinforcement
2018-05-29 19:45:01,326 RCV commit
2018-05-29 19:45:01,333 appended honest commit b90f4d43db on top of 9b5284a35e
2018-05-29 19:45:01,339 Weight: 1.9945544356758635 #RFs 3
2018-05-29 19:45:01,339 weight: 1.9945544356758635
2018-05-29 19:45:01,340 , 1.9945544356758635
2018-05-29 19:45:01,340 start mining - depth 1
2018-05-29 19:45:01,340 start mining - hash b90f4d43dbc40db253cbde36b04a570d749d6bd17a74f77d08046ab9dcd57756
2018-05-29 19:45:02,473 RCV reinforcement info
2018-05-29 19:45:02,522 RCV reinforcement info
2018-05-29 19:45:03,849 RCV malicious_prop_agreement
2018-05-29 19:45:06,597 RCV reinforcement info
2018-05-29 19:45:07,217 RCV proposal
2018-05-29 19:45:07,220 appended honest propose 0dad562c3b on top of b90f4d43db
2018-05-29 19:45:07,281 RCV reinforcement
2018-05-29 19:45:07,285 RCV reinforcement
2018-05-29 19:45:08,729 RCV commit
2018-05-29 19:45:08,745 appended honest commit a3551e8fb4 on top of 0dad562c3b
2018-05-29 19:45:08,751 Weight: 3.570079148765087 #RFs 3
2018-05-29 19:45:08,751 weight: 3.570079148765087
2018-05-29 19:45:08,751 , 3.570079148765087
2018-05-29 19:45:08,808 RCV proposal
2018-05-29 19:45:08,811 appended malicious propose 71c93650e8 on top of b90f4d43db
2018-05-29 19:45:08,811 REINFORCEMENT SENT state
2018-05-29 19:45:08,864 RCV reinforcement
2018-05-29 19:45:09,695 RCV reinforcement info
2018-05-29 19:45:10,331 RCV commit
2018-05-29 19:45:10,339 appended malicious commit d5be1b7ef0 on top of 71c93650e8
2018-05-29 19:45:10,345 Weight: 3.777426519856018 #RFs 3
2018-05-29 19:45:10,345 weight: 3.777426519856018
2018-05-29 19:45:10,345 , 3.777426519856018
2018-05-29 19:45:10,345 MALICIOUS MINING state
2018-05-29 19:45:10,345 start mining - depth 2
2018-05-29 19:45:10,346 start mining - hash d5be1b7ef0cf3dc56f0a1c10369f7ba2f153056d13c85c7d464b0fce47963f8d
2018-05-29 19:45:10,979 RF found but not transmitted
2018-05-29 19:45:10,980 hash found
2018-05-29 19:45:10,981 SNT malicious_proposal_agreement
2018-05-29 19:45:11,114 RCV reinforcement info
2018-05-29 19:45:11,233 RF found but not transmitted
2018-05-29 19:45:11,537 RCV reinforcement info
2018-05-29 19:45:11,834 RF found but not transmitted
2018-05-29 19:45:11,949 RCV proposal
2018-05-29 19:45:11,952 appended honest propose 039ead5fb6 on top of a3551e8fb4
2018-05-29 19:45:12,010 RCV reinforcement
2018-05-29 19:45:12,013 RCV reinforcement
2018-05-29 19:45:12,557 RF found but not transmitted
2018-05-29 19:45:13,470 RCV commit
2018-05-29 19:45:13,488 appended honest commit 3be56bcc02 on top of 039ead5fb6
2018-05-29 19:45:13,493 Weight: 5.676915744610322 #RFs 3
2018-05-29 19:45:13,494 weight: 5.676915744610322
2018-05-29 19:45:13,494 , 5.676915744610322
2018-05-29 19:45:13,494 Synchronizing branches
2018-05-29 19:45:13,494 start mining - depth 3
2018-05-29 19:45:13,495 start mining - hash 3be56bcc027f210ae996aec68e4c270fcda82f0b9ed207f0a0c780ea6070e80a
2018-05-29 19:45:15,104 RCV reinforcement info
2018-05-29 19:45:15,925 RCV reinforcement info
2018-05-29 19:45:16,739 RF found but not transmitted
2018-05-29 19:45:16,813 RCV malicious_prop_agreement
2018-05-29 19:45:17,805 RCV reinforcement info
2018-05-29 19:45:21,812 RCV reinforcement info
2018-05-29 19:45:23,005 RCV reinforcement info
2018-05-29 19:45:24,722 RCV reinforcement info
2018-05-29 19:45:24,942 RCV reinforcement info
2018-05-29 19:45:25,084 RF found but not transmitted
2018-05-29 19:45:25,790 RCV reinforcement info
2018-05-29 19:45:26,332 RCV reinforcement info
2018-05-29 19:45:27,574 RCV reinforcement info
2018-05-29 19:45:29,023 RCV reinforcement info
2018-05-29 19:45:29,883 RCV reinforcement info
2018-05-29 19:45:32,612 RCV reinforcement info
2018-05-29 19:45:33,674 RCV reinforcement info
2018-05-29 19:45:33,744 RF found but not transmitted
2018-05-29 19:45:34,340 RCV reinforcement info
2018-05-29 19:45:35,137 RCV reinforcement info
2018-05-29 19:45:36,832 RCV reinforcement info
2018-05-29 19:45:37,071 RF found but not transmitted
2018-05-29 19:45:37,901 RCV reinforcement info
2018-05-29 19:45:40,092 RCV reinforcement info
2018-05-29 19:45:40,143 RCV reinforcement info
2018-05-29 19:45:41,892 RCV reinforcement info
2018-05-29 19:45:42,002 RCV reinforcement info
2018-05-29 19:45:42,351 RCV reinforcement info
2018-05-29 19:45:42,775 RCV reinforcement info
2018-05-29 19:45:44,175 RCV reinforcement info
2018-05-29 19:45:45,306 RF found but not transmitted
2018-05-29 19:45:46,099 RCV reinforcement info
2018-05-29 19:45:46,448 RCV reinforcement info
2018-05-29 19:45:46,531 RCV reinforcement info
2018-05-29 19:45:49,184 RF found but not transmitted
2018-05-29 19:45:49,350 RF found but not transmitted
2018-05-29 19:45:49,877 RCV reinforcement info
2018-05-29 19:45:50,106 RCV reinforcement info
2018-05-29 19:45:50,425 RCV reinforcement info
2018-05-29 19:45:50,620 RCV reinforcement info
2018-05-29 19:45:52,110 RF found but not transmitted
2018-05-29 19:45:53,313 RCV reinforcement info
2018-05-29 19:45:53,913 RCV reinforcement info
2018-05-29 19:45:54,460 RCV reinforcement info
2018-05-29 19:45:55,311 RCV reinforcement info
2018-05-29 19:45:55,593 RCV reinforcement info
2018-05-29 19:45:56,599 RCV reinforcement info
2018-05-29 19:45:57,044 RCV reinforcement info
2018-05-29 19:45:57,959 RCV reinforcement info
2018-05-29 19:45:58,303 RCV reinforcement info
2018-05-29 19:45:58,915 RCV reinforcement info
2018-05-29 19:45:59,345 RF found but not transmitted
2018-05-29 19:45:59,910 RCV reinforcement info
2018-05-29 19:45:59,939 RCV reinforcement info
2018-05-29 19:45:59,976 RCV reinforcement info
2018-05-29 19:46:00,409 RCV reinforcement info
2018-05-29 19:46:01,482 RCV reinforcement info
2018-05-29 19:46:01,813 RCV reinforcement info
2018-05-29 19:46:03,283 RCV reinforcement info
2018-05-29 19:46:03,293 RCV reinforcement info
2018-05-29 19:46:04,264 RF found but not transmitted
2018-05-29 19:46:06,062 RCV reinforcement info
2018-05-29 19:46:06,589 RCV reinforcement info
2018-05-29 19:46:07,310 RF found but not transmitted
2018-05-29 19:46:07,519 RCV reinforcement info
2018-05-29 19:46:09,317 RF found but not transmitted
2018-05-29 19:46:11,552 RCV reinforcement info
2018-05-29 19:46:12,971 RCV reinforcement info
2018-05-29 19:46:13,444 RCV reinforcement info
2018-05-29 19:46:14,317 RCV reinforcement info
2018-05-29 19:46:15,259 RCV reinforcement info
2018-05-29 19:46:15,390 RCV reinforcement info
2018-05-29 19:46:17,182 RCV reinforcement info
2018-05-29 19:46:19,525 RCV reinforcement info
2018-05-29 19:46:19,945 RCV reinforcement info
2018-05-29 19:46:19,969 RF found but not transmitted
2018-05-29 19:46:20,104 RCV reinforcement info
2018-05-29 19:46:20,283 RCV reinforcement info
2018-05-29 19:46:22,706 RCV reinforcement info
2018-05-29 19:46:22,971 RCV reinforcement info
2018-05-29 19:46:24,871 RCV proposal
2018-05-29 19:46:24,874 appended honest propose 3fddd56485 on top of 3be56bcc02
2018-05-29 19:46:24,953 RCV reinforcement
2018-05-29 19:46:24,957 RCV reinforcement
2018-05-29 19:46:24,966 RCV reinforcement
2018-05-29 19:46:26,565 RCV commit
2018-05-29 19:46:26,787 appended honest commit 533a5fab48 on top of 3fddd56485
2018-05-29 19:46:26,919 RF found but not transmitted
2018-05-29 19:46:27,075 Weight: 22.256186382302015 #RFs 66
2018-05-29 19:46:27,075 weight: 22.256186382302015
2018-05-29 19:46:27,075 , 22.256186382302015
2018-05-29 19:46:27,237 RCV proposal
2018-05-29 19:46:27,245 appended malicious propose 9d9bc4f2c7 on top of 3be56bcc02
2018-05-29 19:46:27,245 REINFORCEMENT SENT state
2018-05-29 19:46:27,247 SNT reinforcement
2018-05-29 19:46:27,337 RCV reinforcement
2018-05-29 19:46:27,954 RCV reinforcement info
2018-05-29 19:46:28,160 RF found but not transmitted
2018-05-29 19:46:28,164 SNT reinforcement
2018-05-29 19:46:28,844 RCV commit
2018-05-29 19:46:28,969 appended malicious commit 0eb8058b9e on top of 9d9bc4f2c7
2018-05-29 19:46:29,101 Weight: 16.766993068640897 #RFs 42
2018-05-29 19:46:29,101 weight: 16.766993068640897
2018-05-29 19:46:29,101 , 16.766993068640897
2018-05-29 19:46:29,102 MALICIOUS MINING state
2018-05-29 19:46:29,102 start mining - depth 4
2018-05-29 19:46:29,102 start mining - hash 533a5fab48b3273ede8795c0e3a076eae039a80cbfcad16129609f0f2cd1cc41
2018-05-29 19:46:29,106 Hashing frequency: 5250
2018-05-29 19:46:29,352 RCV reinforcement info
2018-05-29 19:46:30,865 RCV reinforcement info
2018-05-29 19:46:34,976 RF found but not transmitted
2018-05-29 19:46:35,974 RCV reinforcement info
2018-05-29 19:46:36,502 RCV reinforcement info
2018-05-29 19:46:37,111 RCV reinforcement info
2018-05-29 19:46:37,438 RCV reinforcement info
2018-05-29 19:46:37,766 RF found but not transmitted
2018-05-29 19:46:38,516 RCV reinforcement info
2018-05-29 19:46:40,420 RCV reinforcement info
2018-05-29 19:46:41,004 RCV reinforcement info
2018-05-29 19:46:41,287 RCV malicious_prop_agreement
2018-05-29 19:46:42,086 RCV reinforcement info
2018-05-29 19:46:42,285 RCV reinforcement info
2018-05-29 19:46:42,959 RF found but not transmitted
2018-05-29 19:46:43,383 RF found but not transmitted
2018-05-29 19:46:44,588 RF found but not transmitted
2018-05-29 19:46:45,694 RCV reinforcement info
2018-05-29 19:46:45,830 RCV reinforcement info
2018-05-29 19:46:47,695 RCV reinforcement info
2018-05-29 19:46:49,711 RCV reinforcement info
2018-05-29 19:46:49,892 RCV reinforcement info
2018-05-29 19:46:51,538 RCV reinforcement info
2018-05-29 19:46:51,784 RCV reinforcement info
2018-05-29 19:46:53,372 RF found but not transmitted
2018-05-29 19:46:53,631 RCV reinforcement info
2018-05-29 19:46:53,861 RCV reinforcement info
2018-05-29 19:46:54,672 RCV reinforcement info
2018-05-29 19:46:55,608 RCV reinforcement info
2018-05-29 19:46:56,068 RCV proposal
2018-05-29 19:46:56,072 appended honest propose 9dae76ab2c on top of 533a5fab48
2018-05-29 19:46:56,148 RCV reinforcement
2018-05-29 19:46:56,154 RCV reinforcement
2018-05-29 19:46:56,170 RCV reinforcement
2018-05-29 19:46:56,880 RCV reinforcement info
2018-05-29 19:46:56,937 RCV reinforcement
2018-05-29 19:46:57,117 RCV reinforcement info
2018-05-29 19:46:57,173 RCV reinforcement
2018-05-29 19:46:57,639 RCV commit
2018-05-29 19:46:57,733 appended honest commit 8fb8cfa8f1 on top of 9dae76ab2c
2018-05-29 19:46:57,816 Weight: 28.19368782270769 #RFs 24
2018-05-29 19:46:57,816 weight: 28.19368782270769
2018-05-29 19:46:57,816 , 28.19368782270769
2018-05-29 19:46:57,820 RCV reinforcement info
2018-05-29 19:46:57,835 RCV reinforcement
2018-05-29 19:46:57,932 RCV proposal
2018-05-29 19:46:57,936 appended malicious propose 604b4287a5 on top of 533a5fab48
2018-05-29 19:46:57,936 REINFORCEMENT SENT state
2018-05-29 19:46:57,937 SNT reinforcement
2018-05-29 19:46:57,990 RCV reinforcement
2018-05-29 19:46:58,393 RF found but not transmitted
2018-05-29 19:46:58,395 SNT reinforcement
2018-05-29 19:46:58,469 RCV reinforcement info
2018-05-29 19:46:58,597 RCV reinforcement info
2018-05-29 19:46:58,952 RCV reinforcement info
2018-05-29 19:46:59,038 RCV reinforcement info
2018-05-29 19:46:59,482 RCV commit
2018-05-29 19:46:59,535 appended malicious commit 0239067ce5 on top of 604b4287a5
2018-05-29 19:46:59,566 Weight: 24.666825814776566 #RFs 14
2018-05-29 19:46:59,566 weight: 24.666825814776566
2018-05-29 19:46:59,567 , 24.666825814776566
2018-05-29 19:46:59,567 MALICIOUS MINING state
2018-05-29 19:46:59,567 start mining - depth 5
2018-05-29 19:46:59,568 start mining - hash 8fb8cfa8f173a570650e7b570690b5338803cc311ddee30602307af0dad12bb7
2018-05-29 19:46:59,666 RCV reinforcement info
2018-05-29 19:47:01,867 RCV reinforcement info
2018-05-29 19:47:01,870 RCV reinforcement info
2018-05-29 19:47:03,056 RCV reinforcement info
2018-05-29 19:47:04,082 RCV reinforcement info
2018-05-29 19:47:08,072 RCV reinforcement info
2018-05-29 19:47:08,732 RF found but not transmitted
2018-05-29 19:47:10,589 RCV reinforcement info
2018-05-29 19:47:11,204 RCV reinforcement info
2018-05-29 19:47:11,304 RCV reinforcement info
2018-05-29 19:47:12,267 RCV reinforcement info
2018-05-29 19:47:16,225 RCV reinforcement info
2018-05-29 19:47:17,000 RCV reinforcement info
2018-05-29 19:47:18,326 RCV reinforcement info
2018-05-29 19:47:19,198 RCV reinforcement info
2018-05-29 19:47:19,458 RCV reinforcement info
2018-05-29 19:47:20,129 RCV reinforcement info
2018-05-29 19:47:21,294 RCV reinforcement info
2018-05-29 19:47:23,155 RF found but not transmitted
2018-05-29 19:47:23,425 RCV reinforcement info
2018-05-29 19:47:23,982 RCV reinforcement info
2018-05-29 19:47:24,321 RCV reinforcement info
2018-05-29 19:47:26,392 RCV reinforcement info
2018-05-29 19:47:27,172 RF found but not transmitted
2018-05-29 19:47:28,211 RCV malicious_prop_agreement
2018-05-29 19:47:28,360 RCV proposal
2018-05-29 19:47:28,364 appended honest propose 6cd562deaf on top of 8fb8cfa8f1
2018-05-29 19:47:28,435 RCV reinforcement
2018-05-29 19:47:28,445 RCV reinforcement
2018-05-29 19:47:28,449 RCV reinforcement
2018-05-29 19:47:29,134 RCV reinforcement info
2018-05-29 19:47:29,188 RCV reinforcement
2018-05-29 19:47:29,463 RF found but not transmitted
2018-05-29 19:47:29,984 RCV commit
2018-05-29 19:47:30,063 appended honest commit 987461e788 on top of 6cd562deaf
2018-05-29 19:47:30,155 Weight: 34.196668892481455 #RFs 26
2018-05-29 19:47:30,155 weight: 34.196668892481455
2018-05-29 19:47:30,155 , 34.196668892481455
2018-05-29 19:47:30,296 RCV proposal
2018-05-29 19:47:30,299 appended malicious propose 1da9cf6cbd on top of 8fb8cfa8f1
2018-05-29 19:47:30,299 REINFORCEMENT SENT state
2018-05-29 19:47:30,300 SNT reinforcement
2018-05-29 19:47:30,355 RCV reinforcement
2018-05-29 19:47:30,528 RCV reinforcement info
2018-05-29 19:47:31,033 RCV reinforcement info
2018-05-29 19:47:31,834 RCV commit
2018-05-29 19:47:31,913 appended malicious commit 782a6a0c6c on top of 1da9cf6cbd
2018-05-29 19:47:31,972 Weight: 31.980445546268207 #RFs 19
2018-05-29 19:47:31,972 weight: 31.980445546268207
2018-05-29 19:47:31,972 , 31.980445546268207
2018-05-29 19:47:31,975 MALICIOUS MINING state
2018-05-29 19:47:31,975 start mining - depth 6
2018-05-29 19:47:31,976 start mining - hash 987461e788aee81281d8fa7fb64bb4068c90196343990c545815c117ccb304cb
2018-05-29 19:47:31,976 Hashing frequency: 3395
2018-05-29 19:47:31,981 RCV reinforcement
2018-05-29 19:47:33,153 RCV reinforcement info
2018-05-29 19:47:33,966 RCV reinforcement info
2018-05-29 19:47:36,046 RF found but not transmitted
2018-05-29 19:47:36,163 RCV proposal
2018-05-29 19:47:36,166 appended honest propose 477b323eaf on top of 987461e788
2018-05-29 19:47:36,242 RCV reinforcement
2018-05-29 19:47:36,250 RCV reinforcement
2018-05-29 19:47:36,265 RCV reinforcement
2018-05-29 19:47:37,696 RCV commit
2018-05-29 19:47:37,715 appended honest commit 6f05b954dd on top of 477b323eaf
2018-05-29 19:47:37,724 Weight: 35.66267301786991 #RFs 4
2018-05-29 19:47:37,724 weight: 35.66267301786991
2018-05-29 19:47:37,724 , 35.66267301786991
2018-05-29 19:47:37,725 start mining - depth 7
2018-05-29 19:47:37,725 start mining - hash 6f05b954ddfceb1e74da1df9a32fd9e78d87f267d639909d2f1127c52649318b
2018-05-29 19:47:38,689 RCV reinforcement info
2018-05-29 19:47:38,831 RCV reinforcement info
2018-05-29 19:47:40,001 RF found but not transmitted
2018-05-29 19:47:42,171 RCV reinforcement info
2018-05-29 19:47:43,164 RCV reinforcement info
2018-05-29 19:47:45,350 RF found but not transmitted
2018-05-29 19:47:46,238 RCV reinforcement info
2018-05-29 19:47:46,782 RCV reinforcement info
2018-05-29 19:47:46,865 RF found but not transmitted
2018-05-29 19:47:47,043 RCV reinforcement info
2018-05-29 19:47:48,100 RCV reinforcement info
2018-05-29 19:47:48,176 RCV reinforcement info
2018-05-29 19:47:48,520 RCV reinforcement info
2018-05-29 19:47:48,702 RCV reinforcement info
2018-05-29 19:47:48,763 RCV reinforcement info
2018-05-29 19:47:49,110 RCV reinforcement info
2018-05-29 19:47:51,036 RF found but not transmitted
2018-05-29 19:47:52,175 RCV reinforcement info
2018-05-29 19:47:53,262 RCV reinforcement info
2018-05-29 19:47:55,307 RCV reinforcement info
2018-05-29 19:47:56,097 RCV reinforcement info
2018-05-29 19:47:57,382 RF found but not transmitted
2018-05-29 19:47:57,745 RCV reinforcement info
2018-05-29 19:47:58,186 RF found but not transmitted
2018-05-29 19:47:58,255 RCV reinforcement info
2018-05-29 19:48:00,013 RF found but not transmitted
2018-05-29 19:48:00,502 RF found but not transmitted
2018-05-29 19:48:00,581 RCV reinforcement info
2018-05-29 19:48:03,168 RF found but not transmitted
2018-05-29 19:48:03,458 RCV reinforcement info
2018-05-29 19:48:03,801 RCV reinforcement info
2018-05-29 19:48:05,648 RCV reinforcement info
2018-05-29 19:48:06,184 RCV reinforcement info
2018-05-29 19:48:06,934 RCV reinforcement info
2018-05-29 19:48:08,171 RCV reinforcement info
2018-05-29 19:48:08,562 RF found but not transmitted
2018-05-29 19:48:10,553 RCV reinforcement info
2018-05-29 19:48:10,800 RCV reinforcement info
2018-05-29 19:48:11,795 RCV reinforcement info
2018-05-29 19:48:15,329 RCV reinforcement info
2018-05-29 19:48:16,832 RCV reinforcement info
2018-05-29 19:48:17,461 RF found but not transmitted
2018-05-29 19:48:17,463 hash found
2018-05-29 19:48:17,464 SNT malicious_proposal_agreement
2018-05-29 19:48:18,016 RF found but not transmitted
2018-05-29 19:48:18,077 RCV reinforcement info
2018-05-29 19:48:18,088 RCV reinforcement info
2018-05-29 19:48:18,985 RCV reinforcement info
2018-05-29 19:48:22,822 RCV reinforcement info
2018-05-29 19:48:22,907 RCV reinforcement info
2018-05-29 19:48:24,695 RCV reinforcement info
2018-05-29 19:48:24,989 RCV reinforcement info
2018-05-29 19:48:25,227 RCV reinforcement info
2018-05-29 19:48:25,382 RF found but not transmitted
2018-05-29 19:48:27,438 RCV reinforcement info
2018-05-29 19:48:27,742 RCV reinforcement info
2018-05-29 19:48:27,998 RCV reinforcement info
2018-05-29 19:48:28,257 RCV reinforcement info
2018-05-29 19:48:28,336 RCV proposal
2018-05-29 19:48:28,339 appended honest propose 558c09cb4b on top of 6f05b954dd
2018-05-29 19:48:28,415 RCV reinforcement
2018-05-29 19:48:28,442 RCV reinforcement
2018-05-29 19:48:28,455 RCV reinforcement
2018-05-29 19:48:29,091 RCV reinforcement info
2018-05-29 19:48:29,149 RCV reinforcement
2018-05-29 19:48:29,956 RCV commit
2018-05-29 19:48:29,971 RF found but not transmitted
2018-05-29 19:48:30,091 appended honest commit e0550c4dcb on top of 558c09cb4b
2018-05-29 19:48:30,261 Weight: 44.18444176404907 #RFs 44
2018-05-29 19:48:30,261 weight: 44.18444176404907
2018-05-29 19:48:30,261 , 44.18444176404907
2018-05-29 19:48:30,269 appended malicious propose 7cd64fe105 on top of 6f05b954dd
2018-05-29 19:48:30,269 REINFORCEMENT COLLECTING state
2018-05-29 19:48:30,318 SNT proposal
2018-05-29 19:48:30,372 SNT reinforcement
2018-05-29 19:48:30,472 RCV reinforcement
2018-05-29 19:48:30,486 RCV reinforcement
2018-05-29 19:48:30,879 RCV reinforcement info
2018-05-29 19:48:31,822 commit with 3 reinforcements
2018-05-29 19:48:31,861 appended malicious commit 709f15dc7a on top of 7cd64fe105
2018-05-29 19:48:31,898 Weight: 41.011232789307066 #RFs 31
2018-05-29 19:48:31,898 weight: 41.011232789307066
2018-05-29 19:48:31,898 , 41.011232789307066
2018-05-29 19:48:31,898 MALICIOUS MINING state
2018-05-29 19:48:31,898 start mining - depth 8
2018-05-29 19:48:31,899 start mining - hash e0550c4dcb0904fb5ed3ddff3eade5bd38bf34072c479807b1b2810ea4bc059a
2018-05-29 19:48:31,899 SNT commit
2018-05-29 19:48:32,508 RCV proposal
2018-05-29 19:48:32,511 appended honest propose 64ddd09527 on top of e0550c4dcb
2018-05-29 19:48:32,576 RCV reinforcement
2018-05-29 19:48:34,035 RCV commit
2018-05-29 19:48:34,039 appended honest commit fa14af6586 on top of 64ddd09527
2018-05-29 19:48:34,041 Weight: 45.4134326481827 #RFs 1
2018-05-29 19:48:34,041 weight: 45.4134326481827
2018-05-29 19:48:34,041 , 45.4134326481827
2018-05-29 19:48:34,043 start mining - depth 9
2018-05-29 19:48:34,044 start mining - hash fa14af65865f7c0b8a901f83d2f11c50c1940d817ad00462c2976a41ce732d56
2018-05-29 19:48:34,044 Hashing frequency: 3232
2018-05-29 19:48:34,918 RCV reinforcement info
2018-05-29 19:48:36,755 RCV reinforcement info
2018-05-29 19:48:37,432 RCV reinforcement info
2018-05-29 19:48:39,136 RCV reinforcement info
2018-05-29 19:48:39,211 RCV reinforcement info
2018-05-29 19:48:39,637 RCV reinforcement info
2018-05-29 19:48:40,160 RCV malicious_prop_agreement
2018-05-29 19:48:40,330 RCV reinforcement info
2018-05-29 19:48:40,613 RCV proposal
2018-05-29 19:48:40,616 appended honest propose 42f12da66e on top of fa14af6586
2018-05-29 19:48:40,675 RCV reinforcement
2018-05-29 19:48:40,685 RCV reinforcement
2018-05-29 19:48:40,746 RCV reinforcement info
2018-05-29 19:48:40,810 RCV reinforcement
2018-05-29 19:48:41,085 RCV reinforcement info
2018-05-29 19:48:41,134 RCV reinforcement
2018-05-29 19:48:42,149 RCV commit
2018-05-29 19:48:42,190 appended honest commit d1e3f9d465 on top of 42f12da66e
2018-05-29 19:48:42,215 Weight: 48.70144052827299 #RFs 9
2018-05-29 19:48:42,215 weight: 48.70144052827299
2018-05-29 19:48:42,215 , 48.70144052827299
2018-05-29 19:48:42,275 RCV proposal
2018-05-29 19:48:42,277 appended malicious propose 2f32de21cb on top of fa14af6586
2018-05-29 19:48:42,277 REINFORCEMENT SENT state
2018-05-29 19:48:42,322 RCV reinforcement
2018-05-29 19:48:42,702 RCV reinforcement info
2018-05-29 19:48:43,084 RCV reinforcement info
2018-05-29 19:48:43,411 RF found but not transmitted
2018-05-29 19:48:43,414 SNT reinforcement
2018-05-29 19:48:43,784 RCV commit
2018-05-29 19:48:43,796 appended malicious commit 1640c6674b on top of 2f32de21cb
2018-05-29 19:48:43,802 Weight: 46.66220827848749 #RFs 3
2018-05-29 19:48:43,802 weight: 46.66220827848749
2018-05-29 19:48:43,802 , 46.66220827848749
2018-05-29 19:48:43,802 MALICIOUS MINING state
2018-05-29 19:48:43,803 start mining - depth 10
2018-05-29 19:48:43,803 start mining - hash d1e3f9d465b17f55c2e4463647ae6c75ca517c094f3132f74caad90af086438a
2018-05-29 19:48:45,310 RCV reinforcement info
2018-05-29 19:48:45,876 RCV reinforcement info
2018-05-29 19:48:46,305 RCV reinforcement info
2018-05-29 19:48:46,455 RCV reinforcement info
2018-05-29 19:48:46,742 RCV reinforcement info
2018-05-29 19:48:49,130 RCV reinforcement info
2018-05-29 19:48:49,293 RF found but not transmitted
2018-05-29 19:48:49,904 RF found but not transmitted
2018-05-29 19:48:50,943 RCV reinforcement info
2018-05-29 19:48:51,008 RCV reinforcement info
2018-05-29 19:48:51,267 RCV reinforcement info
2018-05-29 19:48:52,008 RCV reinforcement info
2018-05-29 19:48:52,715 RF found but not transmitted
2018-05-29 19:48:53,759 RF found but not transmitted
2018-05-29 19:48:54,083 RCV reinforcement info
2018-05-29 19:48:54,696 RCV reinforcement info
2018-05-29 19:48:55,215 RCV reinforcement info
2018-05-29 19:48:56,173 RCV reinforcement info
2018-05-29 19:48:56,684 RCV reinforcement info
2018-05-29 19:48:56,984 RCV reinforcement info
2018-05-29 19:48:57,488 RCV reinforcement info
2018-05-29 19:49:01,737 RCV reinforcement info
2018-05-29 19:49:03,295 RCV reinforcement info
2018-05-29 19:49:03,620 RCV reinforcement info
2018-05-29 19:49:03,674 RCV reinforcement info
2018-05-29 19:49:04,922 RCV reinforcement info
2018-05-29 19:49:05,846 RCV reinforcement info
2018-05-29 19:49:10,046 RF found but not transmitted
2018-05-29 19:49:10,105 RCV reinforcement info
2018-05-29 19:49:12,679 RCV reinforcement info
2018-05-29 19:49:13,424 RCV reinforcement info
2018-05-29 19:49:13,608 RCV reinforcement info
2018-05-29 19:49:14,926 RCV reinforcement info
2018-05-29 19:49:15,406 RF found but not transmitted
2018-05-29 19:49:15,460 RCV reinforcement info
2018-05-29 19:49:15,652 RCV reinforcement info
2018-05-29 19:49:15,842 RF found but not transmitted
2018-05-29 19:49:16,478 RCV reinforcement info
2018-05-29 19:49:18,909 RCV reinforcement info
2018-05-29 19:49:19,347 RCV reinforcement info
2018-05-29 19:49:21,313 RCV reinforcement info
2018-05-29 19:49:22,495 RCV reinforcement info
2018-05-29 19:49:24,524 RF found but not transmitted
2018-05-29 19:49:24,624 RCV reinforcement info
2018-05-29 19:49:25,699 RCV reinforcement info
2018-05-29 19:49:26,531 RF found but not transmitted
2018-05-29 19:49:26,532 hash found
2018-05-29 19:49:26,533 SNT malicious_proposal_agreement
2018-05-29 19:49:28,584 RCV proposal
2018-05-29 19:49:28,587 appended honest propose 9cbb9b68dd on top of d1e3f9d465
2018-05-29 19:49:28,669 RCV reinforcement
2018-05-29 19:49:28,673 RCV reinforcement
2018-05-29 19:49:28,681 RCV reinforcement
2018-05-29 19:49:29,821 RCV reinforcement info
2018-05-29 19:49:29,887 RCV reinforcement
2018-05-29 19:49:30,198 RCV commit
2018-05-29 19:49:30,342 appended honest commit d19ba9a5b5 on top of 9cbb9b68dd
2018-05-29 19:49:30,448 Weight: 56.982469728889605 #RFs 40
2018-05-29 19:49:30,448 weight: 56.982469728889605
2018-05-29 19:49:30,448 , 56.982469728889605
2018-05-29 19:49:30,460 appended malicious propose 3dcfccb959 on top of d1e3f9d465
2018-05-29 19:49:30,461 REINFORCEMENT COLLECTING state
2018-05-29 19:49:30,520 SNT proposal
2018-05-29 19:49:30,657 RCV reinforcement
2018-05-29 19:49:30,666 RCV reinforcement
2018-05-29 19:49:32,026 commit with 3 reinforcements
2018-05-29 19:49:32,063 appended malicious commit bcce3a5f65 on top of 3dcfccb959
2018-05-29 19:49:32,097 Weight: 53.213655776926615 #RFs 20
2018-05-29 19:49:32,097 weight: 53.213655776926615
2018-05-29 19:49:32,097 , 53.213655776926615
2018-05-29 19:49:32,097 MALICIOUS MINING state
2018-05-29 19:49:32,097 start mining - depth 11
2018-05-29 19:49:32,098 start mining - hash d19ba9a5b5dfb04d7528f6ffbc86ea4e0a6735adb2c7b4792898586fa545b0ba
2018-05-29 19:49:32,098 SNT commit
2018-05-29 19:49:32,489 RCV reinforcement info
2018-05-29 19:49:32,833 RCV reinforcement info
2018-05-29 19:49:33,667 RCV reinforcement info
2018-05-29 19:49:34,363 RCV reinforcement info
2018-05-29 19:49:35,162 RCV reinforcement info
2018-05-29 19:49:36,513 RF found but not transmitted
2018-05-29 19:49:37,198 RCV reinforcement info
2018-05-29 19:49:40,783 RCV malicious_prop_agreement
2018-05-29 19:49:41,608 RCV reinforcement info
2018-05-29 19:49:41,700 RCV reinforcement info
2018-05-29 19:49:42,750 RCV reinforcement info
2018-05-29 19:49:47,347 RCV reinforcement info
2018-05-29 19:49:50,336 RCV reinforcement info
2018-05-29 19:49:50,775 RF found but not transmitted
2018-05-29 19:49:51,440 RF found but not transmitted
2018-05-29 19:49:51,474 RCV reinforcement info
2018-05-29 19:49:54,082 RCV reinforcement info
2018-05-29 19:49:54,720 RCV reinforcement info
2018-05-29 19:49:55,941 RCV reinforcement info
2018-05-29 19:49:57,285 RCV reinforcement info
2018-05-29 19:49:58,232 RCV reinforcement info
2018-05-29 19:49:59,611 RCV proposal
2018-05-29 19:49:59,615 appended honest propose 010389056c on top of d19ba9a5b5
2018-05-29 19:49:59,703 RCV reinforcement
2018-05-29 19:49:59,707 RCV reinforcement
2018-05-29 19:49:59,729 RCV reinforcement
2018-05-29 19:50:00,604 RCV reinforcement info
2018-05-29 19:50:00,662 RCV reinforcement
2018-05-29 19:50:00,804 RCV reinforcement info
2018-05-29 19:50:00,861 RCV reinforcement
2018-05-29 19:50:01,040 RF found but not transmitted
2018-05-29 19:50:01,171 RCV commit
2018-05-29 19:50:01,228 appended honest commit 563c1444ed on top of 010389056c
2018-05-29 19:50:01,282 Weight: 61.458511807596416 #RFs 18
2018-05-29 19:50:01,282 weight: 61.458511807596416
2018-05-29 19:50:01,282 , 61.458511807596416
2018-05-29 19:50:01,413 RCV proposal
2018-05-29 19:50:01,422 appended malicious propose 4bb39739f0 on top of d19ba9a5b5
2018-05-29 19:50:01,423 REINFORCEMENT SENT state
2018-05-29 19:50:01,424 SNT reinforcement
2018-05-29 19:50:01,496 RCV reinforcement
2018-05-29 19:50:01,719 RCV reinforcement info
2018-05-29 19:50:01,910 RCV reinforcement info
2018-05-29 19:50:02,029 RCV reinforcement info
2018-05-29 19:50:02,174 RCV proposal
2018-05-29 19:50:02,177 appended honest propose 08d3aaba2a on top of 563c1444ed
2018-05-29 19:50:02,256 RCV reinforcement
2018-05-29 19:50:02,267 RCV reinforcement
2018-05-29 19:50:02,282 RCV reinforcement
2018-05-29 19:50:02,431 RCV reinforcement info
2018-05-29 19:50:02,493 RCV reinforcement
2018-05-29 19:50:02,501 RCV reinforcement info
2018-05-29 19:50:02,561 RCV reinforcement
2018-05-29 19:50:02,613 RCV reinforcement info
2018-05-29 19:50:02,672 RCV reinforcement
2018-05-29 19:50:03,028 RCV commit
2018-05-29 19:50:03,089 appended malicious commit 95a4437d1a on top of 4bb39739f0
2018-05-29 19:50:03,137 Weight: 62.22140317197572 #RFs 19
2018-05-29 19:50:03,137 weight: 62.22140317197572
2018-05-29 19:50:03,138 , 62.22140317197572
2018-05-29 19:50:03,139 MALICIOUS MINING state
2018-05-29 19:50:03,139 start mining - depth 12
2018-05-29 19:50:03,139 start mining - hash 95a4437d1aad5f6309054ff1b6faa288b744fe3ef9372c29f40a9593f4168334
2018-05-29 19:50:03,140 Hashing frequency: 4684
2018-05-29 19:50:03,698 RCV commit
2018-05-29 19:50:03,715 appended honest commit 2422b1141f on top of 08d3aaba2a
2018-05-29 19:50:03,731 Weight: 63.08312331688164 #RFs 5
2018-05-29 19:50:03,731 weight: 63.08312331688164
2018-05-29 19:50:03,731 , 63.08312331688164
2018-05-29 19:50:03,732 Synchronizing branches
2018-05-29 19:50:03,732 start mining - depth 13
2018-05-29 19:50:03,733 start mining - hash 2422b1141f56455be22d9eb57f8a275c47a98ae4ea5d61bc5d8f0c5f0a9d3136
2018-05-29 19:50:07,045 RCV proposal
2018-05-29 19:50:07,047 appended honest propose 4d3aa3b3cd on top of 2422b1141f
2018-05-29 19:50:07,504 RCV reinforcement info
2018-05-29 19:50:07,534 RCV reinforcement info
2018-05-29 19:50:07,579 RCV reinforcement
2018-05-29 19:50:07,608 RCV reinforcement
2018-05-29 19:50:08,522 RCV reinforcement info
2018-05-29 19:50:08,568 RCV commit
2018-05-29 19:50:08,574 appended honest commit 768bd9c2c2 on top of 4d3aa3b3cd
2018-05-29 19:50:08,578 Weight: 64.24874289823502 #RFs 2
2018-05-29 19:50:08,578 weight: 64.24874289823502
2018-05-29 19:50:08,578 , 64.24874289823502
2018-05-29 19:50:08,579 start mining - depth 14
2018-05-29 19:50:08,579 start mining - hash 768bd9c2c28663bb707d422a32ede4682a8c947cc1b5c7e395c95125a4cc8fba
2018-05-29 19:50:08,602 RCV reinforcement
2018-05-29 19:50:09,196 RCV reinforcement info
2018-05-29 19:50:09,548 RCV reinforcement info
2018-05-29 19:50:10,307 RF found but not transmitted
2018-05-29 19:50:11,212 RCV reinforcement info
2018-05-29 19:50:14,042 RCV reinforcement info
2018-05-29 19:50:14,521 RCV reinforcement info
2018-05-29 19:50:14,713 RCV reinforcement info
2018-05-29 19:50:16,323 RCV reinforcement info
2018-05-29 19:50:17,762 RCV proposal
2018-05-29 19:50:17,765 appended honest propose b003ca7825 on top of 768bd9c2c2
2018-05-29 19:50:17,846 RCV reinforcement
2018-05-29 19:50:17,862 RCV reinforcement
2018-05-29 19:50:17,870 RCV reinforcement
2018-05-29 19:50:18,099 RCV reinforcement info
2018-05-29 19:50:18,166 RCV reinforcement
2018-05-29 19:50:18,594 RCV reinforcement info
2018-05-29 19:50:18,661 RCV reinforcement
2018-05-29 19:50:19,234 RF found but not transmitted
2018-05-29 19:50:19,294 RCV commit
2018-05-29 19:50:19,342 appended honest commit e38fe6cb08 on top of b003ca7825
2018-05-29 19:50:19,365 Weight: 66.387841866975 #RFs 8
2018-05-29 19:50:19,365 weight: 66.387841866975
2018-05-29 19:50:19,365 , 66.387841866975
2018-05-29 19:50:19,366 start mining - depth 15
2018-05-29 19:50:19,366 start mining - hash e38fe6cb088697562e711265a9735292c9c96b065a11deb495fca416a4e6deef
2018-05-29 19:50:21,670 RCV reinforcement info
2018-05-29 19:50:22,275 RCV proposal
2018-05-29 19:50:22,278 appended honest propose b5e73fcfaf on top of e38fe6cb08
2018-05-29 19:50:22,348 RCV reinforcement
2018-05-29 19:50:22,743 RF found but not transmitted
2018-05-29 19:50:23,793 RCV commit
2018-05-29 19:50:23,796 appended honest commit 734d4980f3 on top of b5e73fcfaf
2018-05-29 19:50:23,799 Weight: 67.51667541071087 #RFs 1
2018-05-29 19:50:23,799 weight: 67.51667541071087
2018-05-29 19:50:23,799 , 67.51667541071087
2018-05-29 19:50:23,802 start mining - depth 16
2018-05-29 19:50:23,802 start mining - hash 734d4980f3d4ca3e9f071726306ffe16205accb628a1287308a9576dfa7d177a
2018-05-29 19:50:24,407 RF found but not transmitted
2018-05-29 19:50:25,137 RCV reinforcement info
2018-05-29 19:50:25,677 RF found but not transmitted
2018-05-29 19:50:26,981 RCV reinforcement info
2018-05-29 19:50:28,286 RCV reinforcement info
2018-05-29 19:50:30,602 RCV reinforcement info
2018-05-29 19:50:31,105 RF found but not transmitted
2018-05-29 19:50:32,239 RCV reinforcement info
2018-05-29 19:50:34,661 RF found but not transmitted
2018-05-29 19:50:34,663 hash found
2018-05-29 19:50:34,664 SNT malicious_proposal_agreement
2018-05-29 19:50:35,155 RCV reinforcement info
2018-05-29 19:50:35,313 RCV reinforcement info
2018-05-29 19:50:35,443 RCV reinforcement info
2018-05-29 19:50:37,148 RCV reinforcement info
2018-05-29 19:50:38,510 RCV proposal
2018-05-29 19:50:38,513 appended honest propose cdc7a4eb06 on top of 734d4980f3
2018-05-29 19:50:38,605 RCV reinforcement
2018-05-29 19:50:38,609 RCV reinforcement
2018-05-29 19:50:38,620 RCV reinforcement
2018-05-29 19:50:38,678 RCV reinforcement info
2018-05-29 19:50:38,739 RCV reinforcement
2018-05-29 19:50:38,884 RCV reinforcement info
2018-05-29 19:50:38,947 RCV reinforcement
2018-05-29 19:50:39,764 RCV reinforcement info
2018-05-29 19:50:39,793 RCV reinforcement info
2018-05-29 19:50:39,859 RCV reinforcement
2018-05-29 19:50:39,891 RCV reinforcement
2018-05-29 19:50:40,064 RCV commit
2018-05-29 19:50:40,098 appended honest commit 38e5807129 on top of cdc7a4eb06
2018-05-29 19:50:40,123 Weight: 70.38810169683042 #RFs 13
2018-05-29 19:50:40,124 weight: 70.38810169683042
2018-05-29 19:50:40,124 , 70.38810169683042
2018-05-29 19:50:40,129 appended malicious propose 63711a17b6 on top of 734d4980f3
2018-05-29 19:50:40,129 REINFORCEMENT COLLECTING state
2018-05-29 19:50:40,205 SNT proposal
2018-05-29 19:50:40,266 RCV reinforcement info
2018-05-29 19:50:40,315 RCV reinforcement
2018-05-29 19:50:40,316 W: received reinforcement for cdc7a4eb06 instead of 63711a17b6
2018-05-29 19:50:40,355 RCV reinforcement
2018-05-29 19:50:40,363 RCV reinforcement
2018-05-29 19:50:40,804 RCV reinforcement
2018-05-29 19:50:41,281 RCV reinforcement
2018-05-29 19:50:41,712 commit with 3 reinforcements
2018-05-29 19:50:41,729 appended malicious commit 5e581aa477 on top of 63711a17b6
2018-05-29 19:50:41,743 Weight: 71.38524022473467 #RFs 9
2018-05-29 19:50:41,743 weight: 71.38524022473467
2018-05-29 19:50:41,743 , 71.38524022473467
2018-05-29 19:50:41,746 MALICIOUS MINING state
2018-05-29 19:50:41,746 start mining - depth 17
2018-05-29 19:50:41,746 start mining - hash 5e581aa477a104edf5f5b8327fe61d82ac7304411d8d698b9d636d4dbeb9328a
2018-05-29 19:50:41,747 SNT commit
2018-05-29 19:50:43,669 RCV reinforcement info
2018-05-29 19:50:45,093 RCV reinforcement info
2018-05-29 19:50:45,162 RCV reinforcement info
2018-05-29 19:50:45,758 RCV reinforcement info
2018-05-29 19:50:46,345 RCV reinforcement info
2018-05-29 19:50:46,402 RCV reinforcement info
2018-05-29 19:50:46,906 RF found but not transmitted
2018-05-29 19:50:46,987 RCV reinforcement info
2018-05-29 19:50:48,850 RF found but not transmitted
2018-05-29 19:50:51,605 RCV reinforcement info
2018-05-29 19:50:51,665 RF found but not transmitted
2018-05-29 19:50:55,762 RF found but not transmitted
2018-05-29 19:50:56,429 RF found but not transmitted
2018-05-29 19:50:56,440 RCV reinforcement info
2018-05-29 19:50:57,258 RCV reinforcement info
2018-05-29 19:50:57,939 RCV reinforcement info
2018-05-29 19:50:58,132 RCV reinforcement info
2018-05-29 19:50:58,218 RCV reinforcement info
2018-05-29 19:50:58,234 RCV reinforcement info
2018-05-29 19:50:58,323 RF found but not transmitted
2018-05-29 19:50:58,366 RCV reinforcement info
2018-05-29 19:50:59,801 RF found but not transmitted
2018-05-29 19:50:59,851 RCV reinforcement info
2018-05-29 19:51:02,238 RCV proposal
2018-05-29 19:51:02,241 appended honest propose a44ae990c1 on top of 38e5807129
2018-05-29 19:51:02,320 RCV reinforcement
2018-05-29 19:51:02,336 RCV reinforcement
2018-05-29 19:51:02,341 RCV reinforcement
2018-05-29 19:51:03,792 RCV commit
2018-05-29 19:51:03,848 appended honest commit 8d8a3affa5 on top of a44ae990c1
2018-05-29 19:51:03,899 Weight: 74.9080782892308 #RFs 16
2018-05-29 19:51:03,899 weight: 74.9080782892308
2018-05-29 19:51:03,900 , 74.9080782892308
2018-05-29 19:51:03,905 Synchronizing branches
2018-05-29 19:51:03,906 start mining - depth 18
2018-05-29 19:51:03,906 start mining - hash 8d8a3affa599392bbfa16c4a0a088f50ffc502e09d69579713b447b31eee016c
2018-05-29 19:51:03,907 Hashing frequency: 3160
2018-05-29 19:51:04,011 RCV reinforcement info
2018-05-29 19:51:04,183 RCV reinforcement info
2018-05-29 19:51:04,355 RCV reinforcement info
2018-05-29 19:51:04,458 RCV reinforcement info
2018-05-29 19:51:05,597 RCV reinforcement info
2018-05-29 19:51:07,487 RCV reinforcement info
2018-05-29 19:51:09,549 RCV proposal
2018-05-29 19:51:09,552 appended honest propose aefa4a070f on top of 8d8a3affa5
2018-05-29 19:51:09,632 RCV reinforcement
2018-05-29 19:51:09,635 RCV reinforcement
2018-05-29 19:51:10,127 RCV reinforcement info
2018-05-29 19:51:10,187 RCV reinforcement info
2018-05-29 19:51:10,216 RCV reinforcement
2018-05-29 19:51:10,251 RCV reinforcement
2018-05-29 19:51:11,022 RCV reinforcement info
2018-05-29 19:51:11,085 RCV reinforcement
2018-05-29 19:51:11,106 RCV commit
2018-05-29 19:51:11,134 appended honest commit a5cca4d3b9 on top of aefa4a070f
2018-05-29 19:51:11,160 Weight: 76.68776815931503 #RFs 7
2018-05-29 19:51:11,160 weight: 76.68776815931503
2018-05-29 19:51:11,160 , 76.68776815931503
2018-05-29 19:51:11,166 start mining - depth 19
2018-05-29 19:51:11,167 start mining - hash a5cca4d3b92a006a8d332b687cdd678d128263916df0e18748dd9f7a8970ad70
2018-05-29 19:51:13,839 RCV reinforcement info
2018-05-29 19:51:15,278 RCV reinforcement info
2018-05-29 19:51:15,910 RF found but not transmitted
2018-05-29 19:51:16,276 RCV reinforcement info
2018-05-29 19:51:19,713 RCV reinforcement info
2018-05-29 19:51:20,195 RCV malicious_prop_agreement
2018-05-29 19:51:20,769 RCV reinforcement info
2018-05-29 19:51:21,342 RCV reinforcement info
2018-05-29 19:51:21,498 RCV reinforcement info
2018-05-29 19:51:22,239 RCV reinforcement info
2018-05-29 19:51:22,614 RCV reinforcement info
2018-05-29 19:51:22,670 RCV reinforcement info
2018-05-29 19:51:22,779 RCV reinforcement info
2018-05-29 19:51:24,324 RCV reinforcement info
2018-05-29 19:51:24,810 RCV reinforcement info
2018-05-29 19:51:26,077 RF found but not transmitted
2018-05-29 19:51:26,897 RCV reinforcement info
2018-05-29 19:51:28,251 RCV reinforcement info
2018-05-29 19:51:29,816 RF found but not transmitted
2018-05-29 19:51:35,437 RCV reinforcement info
2018-05-29 19:51:35,643 RCV reinforcement info
2018-05-29 19:51:36,063 RCV reinforcement info
2018-05-29 19:51:36,887 RF found but not transmitted
2018-05-29 19:51:37,234 RF found but not transmitted
2018-05-29 19:51:37,693 RCV reinforcement info
2018-05-29 19:51:37,814 RCV proposal
2018-05-29 19:51:37,817 appended honest propose 601544505a on top of a5cca4d3b9
2018-05-29 19:51:37,922 RCV reinforcement
2018-05-29 19:51:37,946 RCV reinforcement
2018-05-29 19:51:37,976 RCV reinforcement
2018-05-29 19:51:38,963 RCV reinforcement info
2018-05-29 19:51:39,044 RCV reinforcement
2018-05-29 19:51:39,067 RCV reinforcement info
2018-05-29 19:51:39,135 RCV reinforcement
2018-05-29 19:51:39,225 RCV reinforcement info
2018-05-29 19:51:39,288 RCV reinforcement
2018-05-29 19:51:39,408 RCV commit
2018-05-29 19:51:39,478 appended honest commit 6d816f0f4e on top of 601544505a
2018-05-29 19:51:39,544 Weight: 81.93838013073199 #RFs 21
2018-05-29 19:51:39,544 weight: 81.93838013073199
2018-05-29 19:51:39,547 , 81.93838013073199
2018-05-29 19:51:39,686 RCV proposal
2018-05-29 19:51:39,691 appended malicious propose e79dd51482 on top of a5cca4d3b9
2018-05-29 19:51:39,691 REINFORCEMENT SENT state
2018-05-29 19:51:39,692 SNT reinforcement
2018-05-29 19:51:39,777 RCV reinforcement
2018-05-29 19:51:39,858 RCV reinforcement info
2018-05-29 19:51:40,424 RCV reinforcement info
2018-05-29 19:51:40,539 RF found but not transmitted
2018-05-29 19:51:40,541 SNT reinforcement
2018-05-29 19:51:40,933 RCV reinforcement info
2018-05-29 19:51:41,244 RCV commit
2018-05-29 19:51:41,330 appended malicious commit 1e9be27411 on top of e79dd51482
2018-05-29 19:51:41,384 Weight: 79.73475861770262 #RFs 17
2018-05-29 19:51:41,384 weight: 79.73475861770262
2018-05-29 19:51:41,385 , 79.73475861770262
2018-05-29 19:51:41,391 MALICIOUS MINING state
2018-05-29 19:51:41,392 start mining - depth 20
2018-05-29 19:51:41,392 start mining - hash 6d816f0f4ec7e65a19ee63db9420f4806066f4d8644284e27d49cf974f6a2453
2018-05-29 19:51:41,458 RCV reinforcement info
2018-05-29 19:51:41,897 RCV reinforcement info
2018-05-29 19:51:43,073 RCV reinforcement info
2018-05-29 19:51:44,287 RCV reinforcement info
2018-05-29 19:51:45,952 RCV reinforcement info
2018-05-29 19:51:46,348 RCV reinforcement info
2018-05-29 19:51:46,398 RF found but not transmitted
2018-05-29 19:51:46,416 RCV reinforcement info
2018-05-29 19:51:46,555 RCV reinforcement info
2018-05-29 19:51:46,564 RF found but not transmitted
2018-05-29 19:51:47,514 RCV reinforcement info
2018-05-29 19:51:48,197 RF found but not transmitted
2018-05-29 19:51:48,928 RCV proposal
2018-05-29 19:51:48,931 appended honest propose 40d8cb6cf5 on top of 6d816f0f4e
2018-05-29 19:51:49,010 RCV reinforcement
2018-05-29 19:51:49,014 RCV reinforcement
2018-05-29 19:51:49,029 RCV reinforcement
2018-05-29 19:51:50,276 RF found but not transmitted
2018-05-29 19:51:50,337 RCV reinforcement info
2018-05-29 19:51:50,408 RCV reinforcement
2018-05-29 19:51:50,474 RCV commit
2018-05-29 19:51:50,518 appended honest commit 144a10fdfc on top of 40d8cb6cf5
2018-05-29 19:51:50,552 Weight: 84.78617271661226 #RFs 12
2018-05-29 19:51:50,552 weight: 84.78617271661226
2018-05-29 19:51:50,553 , 84.78617271661226
2018-05-29 19:51:50,556 start mining - depth 21
2018-05-29 19:51:50,556 start mining - hash 144a10fdfc8928f93103f8fbbd72d10e43d5c52b8bd39a7e345e9055adde82dd
2018-05-29 19:51:51,012 RCV reinforcement info
2018-05-29 19:51:51,216 RCV reinforcement info
2018-05-29 19:51:51,859 RCV reinforcement info
2018-05-29 19:51:53,196 RCV malicious_prop_agreement
2018-05-29 19:51:55,293 RCV reinforcement info
2018-05-29 19:51:55,437 RCV reinforcement info
2018-05-29 19:51:55,509 RF found but not transmitted
2018-05-29 19:51:56,453 RCV reinforcement info
2018-05-29 19:51:57,126 RCV reinforcement info
2018-05-29 19:51:57,490 RCV proposal
2018-05-29 19:51:57,492 appended honest propose f6c08a50a0 on top of 144a10fdfc
2018-05-29 19:51:57,577 RCV reinforcement
2018-05-29 19:51:57,587 RCV reinforcement
2018-05-29 19:51:57,603 RCV reinforcement
2018-05-29 19:51:58,358 RCV reinforcement info
2018-05-29 19:51:58,429 RCV reinforcement
2018-05-29 19:51:59,046 RCV commit
2018-05-29 19:51:59,077 appended honest commit 4da66f62a1 on top of f6c08a50a0
2018-05-29 19:51:59,094 Weight: 86.64971677790435 #RFs 8
2018-05-29 19:51:59,094 weight: 86.64971677790435
2018-05-29 19:51:59,094 , 86.64971677790435
2018-05-29 19:51:59,195 RCV proposal
2018-05-29 19:51:59,198 appended malicious propose 29f828e6d3 on top of 144a10fdfc
2018-05-29 19:51:59,199 REINFORCEMENT SENT state
2018-05-29 19:51:59,200 SNT reinforcement
2018-05-29 19:51:59,283 RCV reinforcement
2018-05-29 19:52:00,519 RCV reinforcement info
2018-05-29 19:52:00,718 RCV commit
2018-05-29 19:52:00,745 appended malicious commit b56d82506c on top of 29f828e6d3
2018-05-29 19:52:00,763 Weight: 86.87163115882548 #RFs 5
2018-05-29 19:52:00,763 weight: 86.87163115882548
2018-05-29 19:52:00,763 , 86.87163115882548
2018-05-29 19:52:00,763 MALICIOUS MINING state
2018-05-29 19:52:00,764 start mining - depth 22
2018-05-29 19:52:00,771 start mining - hash b56d82506c613cc7e988f2b52321ee448ed00170a470118388b426c068eec873
2018-05-29 19:52:00,927 RCV reinforcement info
2018-05-29 19:52:01,803 RCV proposal
2018-05-29 19:52:01,805 appended honest propose 9db86e9fe4 on top of 4da66f62a1
2018-05-29 19:52:01,878 RCV reinforcement
2018-05-29 19:52:03,195 RF found but not transmitted
2018-05-29 19:52:03,330 RCV commit
2018-05-29 19:52:03,337 appended honest commit f371bceddb on top of 9db86e9fe4
2018-05-29 19:52:03,342 Weight: 87.87892483732733 #RFs 2
2018-05-29 19:52:03,342 weight: 87.87892483732733
2018-05-29 19:52:03,342 , 87.87892483732733
2018-05-29 19:52:03,343 Synchronizing branches
2018-05-29 19:52:03,343 start mining - depth 23
2018-05-29 19:52:03,343 start mining - hash f371bceddb9271e565ecf691b7ac8748b5b7fe1da1a3dfd9a2b288325d95b02b
2018-05-29 19:52:05,023 RCV reinforcement info
2018-05-29 19:52:05,065 RCV reinforcement info
2018-05-29 19:52:05,251 RCV reinforcement info
2018-05-29 19:52:06,483 RCV reinforcement info
2018-05-29 19:52:07,087 RCV reinforcement info
2018-05-29 19:52:07,140 RCV reinforcement info
2018-05-29 19:52:07,989 RF found but not transmitted
2018-05-29 19:52:08,619 RCV reinforcement info
2018-05-29 19:52:08,857 RCV reinforcement info
2018-05-29 19:52:08,870 RCV reinforcement info
2018-05-29 19:52:09,388 RCV reinforcement info
2018-05-29 19:52:10,015 RCV reinforcement info
2018-05-29 19:52:13,227 RCV reinforcement info
2018-05-29 19:52:13,975 RCV reinforcement info
2018-05-29 19:52:16,394 RCV reinforcement info
2018-05-29 19:52:17,171 RF found but not transmitted
2018-05-29 19:52:19,402 RCV reinforcement info
2018-05-29 19:52:20,743 RF found but not transmitted
2018-05-29 19:52:23,276 RCV reinforcement info
2018-05-29 19:52:25,023 RCV reinforcement info
2018-05-29 19:52:25,906 RCV reinforcement info
2018-05-29 19:52:26,724 RCV reinforcement info
2018-05-29 19:52:28,280 RCV malicious_prop_agreement
2018-05-29 19:52:29,886 RCV reinforcement info
2018-05-29 19:52:29,905 RCV reinforcement info
2018-05-29 19:52:30,263 RF found but not transmitted
2018-05-29 19:52:30,909 RCV reinforcement info
2018-05-29 19:52:31,553 RF found but not transmitted
2018-05-29 19:52:32,826 RCV reinforcement info
2018-05-29 19:52:33,162 RCV reinforcement info
2018-05-29 19:52:33,191 RCV reinforcement info
2018-05-29 19:52:33,342 RCV reinforcement info
2018-05-29 19:52:34,364 RCV reinforcement info
2018-05-29 19:52:35,642 RCV reinforcement info
2018-05-29 19:52:35,853 RCV reinforcement info
2018-05-29 19:52:36,799 RCV reinforcement info
2018-05-29 19:52:37,221 RF found but not transmitted
2018-05-29 19:52:37,801 RCV reinforcement info
2018-05-29 19:52:37,947 RCV reinforcement info
2018-05-29 19:52:38,784 RF found but not transmitted
2018-05-29 19:52:39,239 RF found but not transmitted
2018-05-29 19:52:39,555 RCV reinforcement info
2018-05-29 19:52:40,624 RF found but not transmitted
2018-05-29 19:52:42,288 RCV reinforcement info
2018-05-29 19:52:42,946 RCV reinforcement info
2018-05-29 19:52:45,432 RCV reinforcement info
2018-05-29 19:52:45,926 RCV reinforcement info
2018-05-29 19:52:46,052 RCV reinforcement info
2018-05-29 19:52:48,468 RF found but not transmitted
2018-05-29 19:52:49,263 RCV reinforcement info
2018-05-29 19:52:49,546 RF found but not transmitted
2018-05-29 19:52:49,912 RCV proposal
2018-05-29 19:52:49,915 appended honest propose 9796deb4e5 on top of f371bceddb
2018-05-29 19:52:49,998 RCV reinforcement
2018-05-29 19:52:50,008 RCV reinforcement
2018-05-29 19:52:50,025 RCV reinforcement
2018-05-29 19:52:50,105 RCV reinforcement info
2018-05-29 19:52:50,179 RCV reinforcement
2018-05-29 19:52:51,605 RCV commit
2018-05-29 19:52:51,733 appended honest commit a0875b5373 on top of 9796deb4e5
2018-05-29 19:52:51,878 Weight: 96.12585987892248 #RFs 40
2018-05-29 19:52:51,878 weight: 96.12585987892248
2018-05-29 19:52:51,879 , 96.12585987892248
2018-05-29 19:52:51,882 RCV reinforcement info
2018-05-29 19:52:51,902 RCV reinforcement
2018-05-29 19:52:52,037 RCV proposal
2018-05-29 19:52:52,040 appended malicious propose 8d2cc26e3d on top of f371bceddb
2018-05-29 19:52:52,041 REINFORCEMENT SENT state
2018-05-29 19:52:52,042 SNT reinforcement
2018-05-29 19:52:52,147 RCV reinforcement
2018-05-29 19:52:52,223 RCV reinforcement info
2018-05-29 19:52:52,318 RCV reinforcement info
2018-05-29 19:52:52,360 RCV reinforcement info
2018-05-29 19:52:53,235 RCV reinforcement info
2018-05-29 19:52:53,388 RCV reinforcement info
2018-05-29 19:52:53,599 RCV commit
2018-05-29 19:52:53,719 appended malicious commit 808dbebd09 on top of 8d2cc26e3d
2018-05-29 19:52:53,818 Weight: 94.1541336258281 #RFs 26
2018-05-29 19:52:53,818 weight: 94.1541336258281
2018-05-29 19:52:53,819 , 94.1541336258281
2018-05-29 19:52:53,819 MALICIOUS MINING state
2018-05-29 19:52:53,819 start mining - depth 24
2018-05-29 19:52:53,820 start mining - hash a0875b5373487cb9375111b446745df160c7483acd838cb65588706a97626436
2018-05-29 19:52:53,821 Hashing frequency: 5829
2018-05-29 19:52:54,143 RCV reinforcement info
2018-05-29 19:52:55,852 RCV reinforcement info
2018-05-29 19:52:56,601 RCV reinforcement info
2018-05-29 19:52:57,784 RCV reinforcement info
2018-05-29 19:52:57,930 RCV reinforcement info
2018-05-29 19:52:59,556 RCV reinforcement info
2018-05-29 19:53:01,510 RCV reinforcement info
2018-05-29 19:53:01,743 RCV reinforcement info
2018-05-29 19:53:03,723 RF found but not transmitted
2018-05-29 19:53:04,322 RCV reinforcement info
2018-05-29 19:53:04,430 RCV reinforcement info
2018-05-29 19:53:05,731 RCV reinforcement info
2018-05-29 19:53:06,182 RCV reinforcement info
2018-05-29 19:53:06,297 RCV reinforcement info
2018-05-29 19:53:07,478 RCV reinforcement info
2018-05-29 19:53:08,881 RCV reinforcement info
2018-05-29 19:53:08,956 RCV reinforcement info
2018-05-29 19:53:10,180 RF found but not transmitted
2018-05-29 19:53:11,716 RF found but not transmitted
2018-05-29 19:53:12,739 RCV reinforcement info
2018-05-29 19:53:13,265 RCV reinforcement info
2018-05-29 19:53:13,329 RCV reinforcement info
2018-05-29 19:53:14,047 RCV reinforcement info
2018-05-29 19:53:14,233 RCV reinforcement info
2018-05-29 19:53:15,338 RCV reinforcement info
2018-05-29 19:53:15,522 RCV reinforcement info
2018-05-29 19:53:15,737 RCV reinforcement info
2018-05-29 19:53:16,912 RCV reinforcement info
2018-05-29 19:53:17,444 RCV reinforcement info
2018-05-29 19:53:18,795 RCV reinforcement info
2018-05-29 19:53:19,616 RCV reinforcement info
2018-05-29 19:53:20,834 RCV reinforcement info
2018-05-29 19:53:21,085 RCV reinforcement info
2018-05-29 19:53:21,138 RCV malicious_prop_agreement
2018-05-29 19:53:22,176 RCV reinforcement info
2018-05-29 19:53:22,614 RCV reinforcement info
2018-05-29 19:53:22,786 RCV reinforcement info
2018-05-29 19:53:23,179 RCV reinforcement info
2018-05-29 19:53:23,187 RF found but not transmitted
2018-05-29 19:53:23,611 RCV reinforcement info
2018-05-29 19:53:24,667 RCV reinforcement info
2018-05-29 19:53:24,793 RCV reinforcement info
2018-05-29 19:53:25,244 RF found but not transmitted
2018-05-29 19:53:25,572 RF found but not transmitted
2018-05-29 19:53:26,654 RCV proposal
2018-05-29 19:53:26,657 appended honest propose e74e07aded on top of a0875b5373
2018-05-29 19:53:26,753 RCV reinforcement
2018-05-29 19:53:26,784 RCV reinforcement
2018-05-29 19:53:26,804 RCV reinforcement
2018-05-29 19:53:28,305 RCV commit
2018-05-29 19:53:28,490 appended honest commit 76e216cca0 on top of e74e07aded
2018-05-29 19:53:28,639 Weight: 104.77295662165277 #RFs 42
2018-05-29 19:53:28,639 weight: 104.77295662165277
2018-05-29 19:53:28,639 , 104.77295662165277
2018-05-29 19:53:28,811 RCV proposal
2018-05-29 19:53:28,816 appended malicious propose 20ce59ef3e on top of a0875b5373
2018-05-29 19:53:28,817 REINFORCEMENT SENT state
2018-05-29 19:53:28,819 SNT reinforcement
2018-05-29 19:53:28,900 RCV reinforcement
2018-05-29 19:53:29,943 RCV reinforcement info
2018-05-29 19:53:30,451 RCV commit
2018-05-29 19:53:30,535 appended malicious commit 14a842e9d4 on top of 20ce59ef3e
2018-05-29 19:53:30,624 Weight: 103.12195854596112 #RFs 28
2018-05-29 19:53:30,624 weight: 103.12195854596112
2018-05-29 19:53:30,624 , 103.12195854596112
2018-05-29 19:53:30,625 MALICIOUS MINING state
2018-05-29 19:53:30,625 start mining - depth 25
2018-05-29 19:53:30,625 start mining - hash 76e216cca0f8e7578e455c6d3969c830fea2a1987e751314ac4977458a80c1f3
2018-05-29 19:53:30,631 RCV reinforcement info
2018-05-29 19:53:31,095 RCV reinforcement info
2018-05-29 19:53:34,414 RCV reinforcement info
2018-05-29 19:53:34,470 RCV reinforcement info
2018-05-29 19:53:35,182 RF found but not transmitted
2018-05-29 19:53:37,730 RCV reinforcement info
2018-05-29 19:53:37,811 RF found but not transmitted
2018-05-29 19:53:37,985 RCV reinforcement info
2018-05-29 19:53:38,102 RF found but not transmitted
2018-05-29 19:53:38,887 RF found but not transmitted
2018-05-29 19:53:39,185 RCV reinforcement info
2018-05-29 19:53:41,588 RF found but not transmitted
2018-05-29 19:53:41,590 hash found
2018-05-29 19:53:41,591 SNT malicious_proposal_agreement
2018-05-29 19:53:42,512 RF found but not transmitted
2018-05-29 19:53:43,264 RCV reinforcement info
2018-05-29 19:53:43,389 RCV reinforcement info
2018-05-29 19:53:45,261 RF found but not transmitted
2018-05-29 19:53:45,744 RF found but not transmitted
2018-05-29 19:53:45,985 RCV reinforcement info
2018-05-29 19:53:47,281 RF found but not transmitted
2018-05-29 19:53:47,636 RCV reinforcement info
2018-05-29 19:53:50,411 RCV reinforcement info
2018-05-29 19:53:51,752 RCV reinforcement info
2018-05-29 19:53:52,864 RCV reinforcement info
2018-05-29 19:53:53,286 RCV reinforcement info
2018-05-29 19:53:54,235 RCV reinforcement info
2018-05-29 19:53:55,232 RCV reinforcement info
2018-05-29 19:53:55,734 RCV proposal
2018-05-29 19:53:55,738 appended honest propose 80066364f5 on top of 76e216cca0
2018-05-29 19:53:55,826 RCV reinforcement
2018-05-29 19:53:55,866 RCV reinforcement
2018-05-29 19:53:55,872 RCV reinforcement
2018-05-29 19:53:56,238 RCV reinforcement info
2018-05-29 19:53:56,304 RCV reinforcement
2018-05-29 19:53:57,314 RCV commit
2018-05-29 19:53:57,379 appended honest commit 9d537738e5 on top of 80066364f5
2018-05-29 19:53:57,489 Weight: 109.2747422941519 #RFs 19
2018-05-29 19:53:57,492 weight: 109.2747422941519
2018-05-29 19:53:57,492 , 109.2747422941519
2018-05-29 19:53:57,498 appended malicious propose 524fc4b084 on top of 76e216cca0
2018-05-29 19:53:57,498 REINFORCEMENT COLLECTING state
2018-05-29 19:53:57,558 SNT proposal
2018-05-29 19:53:57,725 RCV reinforcement
2018-05-29 19:53:57,738 RCV reinforcement
2018-05-29 19:53:58,646 RCV reinforcement info
2018-05-29 19:53:59,064 commit with 3 reinforcements
2018-05-29 19:53:59,100 appended malicious commit 8ab53f9490 on top of 524fc4b084
2018-05-29 19:53:59,130 Weight: 108.22412831054513 #RFs 13
2018-05-29 19:53:59,130 weight: 108.22412831054513
2018-05-29 19:53:59,130 , 108.22412831054513
2018-05-29 19:53:59,130 MALICIOUS MINING state
2018-05-29 19:53:59,130 start mining - depth 26
2018-05-29 19:53:59,131 start mining - hash 9d537738e55701745b2eef0d8c5a7e433abe1a8cd8eae5fb3efdbb41c6ff4334
2018-05-29 19:53:59,131 Hashing frequency: 3363
2018-05-29 19:53:59,131 SNT commit
2018-05-29 19:53:59,921 RCV reinforcement info
2018-05-29 19:54:02,729 RCV reinforcement info
2018-05-29 19:54:03,020 RCV reinforcement info
2018-05-29 19:54:03,023 RCV reinforcement info
2018-05-29 19:54:03,357 RCV reinforcement info
2018-05-29 19:54:04,554 RCV reinforcement info
2018-05-29 19:54:05,076 RCV reinforcement info
2018-05-29 19:54:06,794 RCV reinforcement info
2018-05-29 19:54:08,125 RCV reinforcement info
2018-05-29 19:54:08,208 RF found but not transmitted
2018-05-29 19:54:08,349 RCV reinforcement info
2018-05-29 19:54:08,624 RCV proposal
2018-05-29 19:54:08,627 appended honest propose 1c1d78faa9 on top of 9d537738e5
2018-05-29 19:54:08,699 RCV reinforcement
2018-05-29 19:54:08,721 RCV reinforcement
2018-05-29 19:54:09,145 RF found but not transmitted
2018-05-29 19:54:10,169 RCV commit
2018-05-29 19:54:10,219 appended honest commit dccfebaea2 on top of 1c1d78faa9
2018-05-29 19:54:10,247 Weight: 111.74980720768744 #RFs 11
2018-05-29 19:54:10,247 weight: 111.74980720768744
2018-05-29 19:54:10,247 , 111.74980720768744
2018-05-29 19:54:10,248 start mining - depth 27
2018-05-29 19:54:10,249 start mining - hash dccfebaea26e34096d0961c8de1c57a1251a7c1cf05381ed793d37501decb74b
2018-05-29 19:54:13,638 RF found but not transmitted
2018-05-29 19:54:15,362 RF found but not transmitted
2018-05-29 19:54:16,885 RCV reinforcement info
2018-05-29 19:54:17,031 RF found but not transmitted
2018-05-29 19:54:17,185 RCV proposal
2018-05-29 19:54:17,187 appended honest propose 5d9f881a56 on top of dccfebaea2
2018-05-29 19:54:17,244 RCV reinforcement
2018-05-29 19:54:18,214 RCV reinforcement info
2018-05-29 19:54:18,296 RCV reinforcement
2018-05-29 19:54:18,712 RCV commit
2018-05-29 19:54:18,724 appended honest commit a8e5f15d87 on top of 5d9f881a56
2018-05-29 19:54:18,727 Weight: 112.95024844361133 #RFs 2
2018-05-29 19:54:18,728 weight: 112.95024844361133
2018-05-29 19:54:18,728 , 112.95024844361133
2018-05-29 19:54:18,729 start mining - depth 28
2018-05-29 19:54:18,730 start mining - hash a8e5f15d87a855d70dcc3da61f77a102f74b3cfe330ee770a3f15809545a76b7
2018-05-29 19:54:19,548 RCV proposal
2018-05-29 19:54:19,551 appended honest propose bb5bb289ee on top of a8e5f15d87
2018-05-29 19:54:21,055 RCV commit
2018-05-29 19:54:21,055 appended honest commit 5af09c4cdf on top of bb5bb289ee
2018-05-29 19:54:21,055 Weight: 113.95024844361133 #RFs 0
2018-05-29 19:54:21,056 weight: 113.95024844361133
2018-05-29 19:54:21,056 , 113.95024844361133
2018-05-29 19:54:21,056 start mining - depth 29
2018-05-29 19:54:21,056 start mining - hash 5af09c4cdf22343d0d0235ba8b8770b13c2fac9102781b3b025d6bf80416f0e1
2018-05-29 19:54:22,689 RCV reinforcement info
2018-05-29 19:54:24,501 RCV reinforcement info
2018-05-29 19:54:25,332 RCV reinforcement info
2018-05-29 19:54:25,585 RCV reinforcement info
2018-05-29 19:54:26,061 RCV reinforcement info
2018-05-29 19:54:26,623 RCV proposal
2018-05-29 19:54:26,626 appended honest propose 374cff07df on top of 5af09c4cdf
2018-05-29 19:54:26,725 RCV reinforcement
2018-05-29 19:54:26,741 RCV reinforcement
2018-05-29 19:54:26,745 RCV reinforcement
2018-05-29 19:54:26,830 RCV reinforcement info
2018-05-29 19:54:26,910 RCV reinforcement
2018-05-29 19:54:28,120 RCV commit
2018-05-29 19:54:28,149 appended honest commit 3cd3e15740 on top of 374cff07df
2018-05-29 19:54:28,172 Weight: 115.71289583606752 #RFs 5
2018-05-29 19:54:28,172 weight: 115.71289583606752
2018-05-29 19:54:28,172 , 115.71289583606752
2018-05-29 19:54:28,172 start mining - depth 30
2018-05-29 19:54:28,173 start mining - hash 3cd3e15740bd2f8f31250f7200f1b83456ed6d0434630e324fb8854adb7dbf47
2018-05-29 19:54:28,576 RCV reinforcement info
2018-05-29 19:54:29,231 RCV reinforcement info
2018-05-29 19:54:30,185 RCV proposal
2018-05-29 19:54:30,187 appended honest propose a7e5f853ac on top of 3cd3e15740
2018-05-29 19:54:30,266 RCV reinforcement
2018-05-29 19:54:31,690 RCV commit
2018-05-29 19:54:31,697 appended honest commit d9aeefd4c2 on top of a7e5f853ac
2018-05-29 19:54:31,715 Weight: 116.89378575626856 #RFs 2
2018-05-29 19:54:31,715 weight: 116.89378575626856
2018-05-29 19:54:31,715 , 116.89378575626856
2018-05-29 19:54:31,716 start mining - depth 31
2018-05-29 19:54:31,716 start mining - hash d9aeefd4c2c9478ff45c33dfc5b09c3f7ed86311dc50adf07c7749e6e18a208f
2018-05-29 19:54:32,297 RCV reinforcement info
2018-05-29 19:54:32,649 RCV reinforcement info
2018-05-29 19:54:33,654 RCV reinforcement info
2018-05-29 19:54:33,725 RF found but not transmitted
2018-05-29 19:54:34,485 RCV reinforcement info
2018-05-29 19:54:34,535 RCV reinforcement info
2018-05-29 19:54:35,614 RCV proposal
2018-05-29 19:54:35,616 appended honest propose 048eebb958 on top of d9aeefd4c2
2018-05-29 19:54:35,691 RCV reinforcement
2018-05-29 19:54:35,711 RCV reinforcement
2018-05-29 19:54:36,302 RCV reinforcement info
2018-05-29 19:54:36,407 RCV reinforcement
2018-05-29 19:54:37,149 RCV commit
2018-05-29 19:54:37,178 appended honest commit 805f16bd4d on top of 048eebb958
2018-05-29 19:54:37,199 Weight: 118.89442582629448 #RFs 6
2018-05-29 19:54:37,199 weight: 118.89442582629448
2018-05-29 19:54:37,199 , 118.89442582629448
2018-05-29 19:54:37,200 start mining - depth 32
2018-05-29 19:54:37,200 start mining - hash 805f16bd4d7b4f03a97556b943c2dbc420adbb512c99964f0b8ef10b36c536f4
2018-05-29 19:54:37,715 RCV reinforcement info
2018-05-29 19:54:38,601 RCV reinforcement info
2018-05-29 19:54:39,713 RCV reinforcement info
2018-05-29 19:54:40,185 RCV reinforcement info
2018-05-29 19:54:42,801 RF found but not transmitted
2018-05-29 19:54:43,768 RCV reinforcement info
2018-05-29 19:54:44,372 RF found but not transmitted
2018-05-29 19:54:46,196 RCV reinforcement info
2018-05-29 19:54:46,300 RCV reinforcement info
2018-05-29 19:54:46,908 RF found but not transmitted
2018-05-29 19:54:46,909 hash found
2018-05-29 19:54:46,910 SNT malicious_proposal_agreement
2018-05-29 19:54:47,094 RF found but not transmitted
2018-05-29 19:54:47,583 RCV reinforcement info
2018-05-29 19:54:47,660 RCV reinforcement info
