2018-05-28 14:13:29,920 ---------------------------------------------------------
2018-05-28 14:13:29,921 MINING state
2018-05-28 14:13:30,949 start mining - depth 0
2018-05-28 14:13:30,950 start mining - hash 8102b1cd066804bca8c43a1585e7909c2fb5b152ea1792b2d7e167fe057bcf0f
2018-05-28 14:13:33,452 RCV reinforcement info
2018-05-28 14:13:33,456 , 0.09136132423894432
2018-05-28 14:13:33,810 RCV reinforcement info
2018-05-28 14:13:33,814 , 0.16324302835451054
2018-05-28 14:13:34,817 RCV reinforcement info
2018-05-28 14:13:34,820 , 0.4701870085660793
2018-05-28 14:13:38,263 RF found but not transmitted
2018-05-28 14:13:38,264 RF found
2018-05-28 14:13:38,266 SNT reinforcement_information
2018-05-28 14:13:38,916 RCV reinforcement info
2018-05-28 14:13:38,920 , 1.2156412290567435
2018-05-28 14:13:41,495 RF found but not transmitted
2018-05-28 14:13:41,497 RF found
2018-05-28 14:13:41,499 SNT reinforcement_information
2018-05-28 14:13:41,929 RCV reinforcement info
2018-05-28 14:13:41,931 , 2.312390403504783
2018-05-28 14:13:43,813 RCV proposal
2018-05-28 14:13:43,817 appended honest propose 7788649ff1 on top of 8102b1cd06
2018-05-28 14:13:43,817 REINFORCEMENT SENT state
2018-05-28 14:13:43,818 RFs > 0 
2018-05-28 14:13:43,819 SNT reinforcement
2018-05-28 14:13:43,903 RCV reinforcement
2018-05-28 14:13:43,915 RCV reinforcement
2018-05-28 14:13:44,411 RCV reinforcement info
2018-05-28 14:13:44,415 , 2.400911930589716
2018-05-28 14:13:44,463 RCV reinforcement
2018-05-28 14:13:44,607 RCV reinforcement info
2018-05-28 14:13:44,611 , 2.4979061959146036
2018-05-28 14:13:44,678 RCV reinforcement
2018-05-28 14:13:44,732 RCV reinforcement info
2018-05-28 14:13:44,737 , 2.599369073223273
2018-05-28 14:13:44,790 RCV reinforcement
2018-05-28 14:13:45,313 RCV reinforcement info
2018-05-28 14:13:45,317 , 3.599369073223273
2018-05-28 14:13:45,378 RCV commit
2018-05-28 14:13:45,438 appended honest commit 9ea5bfe11a on top of 7788649ff1
2018-05-28 14:13:45,457 Weight: 3.599369073223273 #RFs 10
2018-05-28 14:13:45,457 weight: 3.599369073223273
2018-05-28 14:13:45,457 , 3.599369073223273
2018-05-28 14:13:45,457 MINING state
2018-05-28 14:13:45,457 start mining - depth 1
2018-05-28 14:13:45,458 start mining - hash 9ea5bfe11aa94809e37e81d100df2df4f190c90b551a9f328c9c9ab0c22c7e00
2018-05-28 14:13:45,495 RCV reinforcement
2018-05-28 14:13:50,528 RCV reinforcement info
2018-05-28 14:13:50,532 , 3.71848193260246
2018-05-28 14:13:50,873 RCV reinforcement info
2018-05-28 14:13:50,878 , 3.809617947166297
2018-05-28 14:13:51,715 RCV reinforcement info
2018-05-28 14:13:51,719 , 3.8878859835950856
2018-05-28 14:13:53,675 RCV reinforcement info
2018-05-28 14:13:53,678 , 4.659280148700507
2018-05-28 14:13:54,216 RCV reinforcement info
2018-05-28 14:13:54,219 , 4.877564183060274
2018-05-28 14:13:54,516 RF found but not transmitted
2018-05-28 14:13:54,518 RF found
2018-05-28 14:13:54,520 SNT reinforcement_information
2018-05-28 14:13:56,127 RCV reinforcement info
2018-05-28 14:13:56,132 , 5.1556559745299655
2018-05-28 14:13:58,379 RCV reinforcement info
2018-05-28 14:13:58,383 , 5.938762901354309
2018-05-28 14:14:01,990 RCV reinforcement info
2018-05-28 14:14:01,994 , 6.0548529382473975
2018-05-28 14:14:02,530 RCV reinforcement info
2018-05-28 14:14:02,534 , 6.253273950639702
2018-05-28 14:14:05,496 RCV reinforcement info
2018-05-28 14:14:05,500 , 6.456273258061453
2018-05-28 14:14:07,166 RF found but not transmitted
2018-05-28 14:14:07,167 RF found
2018-05-28 14:14:07,170 SNT reinforcement_information
2018-05-28 14:14:07,452 RF found but not transmitted
2018-05-28 14:14:07,453 RF found
2018-05-28 14:14:07,456 SNT reinforcement_information
2018-05-28 14:14:08,009 RCV reinforcement info
2018-05-28 14:14:08,014 , 7.002875702720933
2018-05-28 14:14:09,547 RF found but not transmitted
2018-05-28 14:14:09,549 RF found
2018-05-28 14:14:09,551 SNT reinforcement_information
2018-05-28 14:14:11,410 RCV reinforcement info
2018-05-28 14:14:11,414 , 7.287253096311398
2018-05-28 14:14:12,902 RF found but not transmitted
2018-05-28 14:14:12,904 RF found
2018-05-28 14:14:12,907 SNT reinforcement_information
2018-05-28 14:14:14,126 RF found but not transmitted
2018-05-28 14:14:14,128 RF found
2018-05-28 14:14:14,131 SNT reinforcement_information
2018-05-28 14:14:15,392 RCV reinforcement info
2018-05-28 14:14:15,396 , 7.589159978807716
2018-05-28 14:14:15,789 RCV reinforcement info
2018-05-28 14:14:15,793 , 7.8363156754265155
2018-05-28 14:14:16,925 RCV reinforcement info
2018-05-28 14:14:16,930 , 8.034692410770973
2018-05-28 14:14:18,347 RCV reinforcement info
2018-05-28 14:14:18,352 , 8.303904925680454
2018-05-28 14:14:19,447 RCV reinforcement info
2018-05-28 14:14:19,451 , 8.495508398768736
2018-05-28 14:14:19,543 RCV reinforcement info
2018-05-28 14:14:19,545 , 8.575547512776513
2018-05-28 14:14:20,917 RCV reinforcement info
2018-05-28 14:14:20,921 , 8.770962804034493
2018-05-28 14:14:21,885 RCV reinforcement info
2018-05-28 14:14:21,890 , 8.83599240425906
2018-05-28 14:14:24,783 RCV reinforcement info
2018-05-28 14:14:24,787 , 9.05790708624614
2018-05-28 14:14:25,433 RCV reinforcement info
2018-05-28 14:14:25,438 , 9.20033347324788
2018-05-28 14:14:27,549 RCV reinforcement info
2018-05-28 14:14:27,554 , 9.418680040879238
2018-05-28 14:14:27,661 RCV reinforcement info
2018-05-28 14:14:27,666 , 9.489777081556564
2018-05-28 14:14:29,965 RCV reinforcement info
2018-05-28 14:14:29,970 , 9.647473241290465
2018-05-28 14:14:30,182 RCV reinforcement info
2018-05-28 14:14:30,187 , 9.719964194235637
2018-05-28 14:14:32,769 RCV reinforcement info
2018-05-28 14:14:32,774 , 9.787916060333908
2018-05-28 14:14:34,273 RF found but not transmitted
2018-05-28 14:14:34,275 RF found
2018-05-28 14:14:34,278 SNT reinforcement_information
2018-05-28 14:14:38,600 RF found but not transmitted
2018-05-28 14:14:38,602 RF found
2018-05-28 14:14:38,604 SNT reinforcement_information
2018-05-28 14:14:41,051 RCV reinforcement info
2018-05-28 14:14:41,055 , 10.199340616077762
2018-05-28 14:14:41,099 RCV reinforcement info
2018-05-28 14:14:41,103 , 10.329275237132748
2018-05-28 14:14:41,114 RF found but not transmitted
2018-05-28 14:14:41,116 RF found
2018-05-28 14:14:41,118 SNT reinforcement_information
2018-05-28 14:14:43,901 RF found but not transmitted
2018-05-28 14:14:43,904 hash found
2018-05-28 14:14:43,908 appended honest propose 53e068ebdb on top of 9ea5bfe11a
2018-05-28 14:14:43,909 REINFORCEMENT COLLECTING state
2018-05-28 14:14:43,968 SNT proposal
2018-05-28 14:14:44,089 RF found but not transmitted
2018-05-28 14:14:44,093 SNT reinforcement_information
2018-05-28 14:14:44,188 SNT reinforcement
2018-05-28 14:14:44,254 RCV reinforcement
2018-05-28 14:14:44,269 RCV reinforcement
2018-05-28 14:14:44,284 RCV reinforcement
2018-05-28 14:14:45,474 commit with 4 reinforcements
2018-05-28 14:14:45,525 appended honest commit 9095b83014 on top of 53e068ebdb
2018-05-28 14:14:45,576 Weight: 11.535210167272416 #RFs 38
2018-05-28 14:14:45,576 weight: 11.535210167272416
2018-05-28 14:14:45,576 , 11.535210167272416
2018-05-28 14:14:45,576 MINING state
2018-05-28 14:14:45,576 start mining - depth 2
2018-05-28 14:14:45,577 start mining - hash 9095b83014e616d2f2e09698fac0a8488844d8f86184a2f04f93171453622721
2018-05-28 14:14:45,577 Hashing frequency: 4007
2018-05-28 14:14:45,578 SNT commit
2018-05-28 14:14:45,753 RCV reinforcement info
2018-05-28 14:14:45,888 RCV reinforcement
2018-05-28 14:14:46,264 RF found but not transmitted
2018-05-28 14:14:48,347 RCV reinforcement info
2018-05-28 14:14:48,352 , 11.619305674795877
2018-05-28 14:14:49,699 RF found but not transmitted
2018-05-28 14:14:49,805 RCV reinforcement info
2018-05-28 14:14:49,810 , 11.713279282458602
2018-05-28 14:14:51,127 RF found but not transmitted
2018-05-28 14:14:51,128 RF found
2018-05-28 14:14:51,132 SNT reinforcement_information
2018-05-28 14:14:51,153 RF found but not transmitted
2018-05-28 14:14:51,646 RCV reinforcement info
2018-05-28 14:14:51,650 , 11.865142514378064
2018-05-28 14:14:53,542 RCV reinforcement info
2018-05-28 14:14:53,546 , 11.946442106493818
2018-05-28 14:14:57,431 RF found but not transmitted
2018-05-28 14:14:59,015 RF found but not transmitted
2018-05-28 14:14:59,018 RF found
2018-05-28 14:14:59,020 SNT reinforcement_information
2018-05-28 14:14:59,924 RCV reinforcement info
2018-05-28 14:14:59,929 , 12.195104616382372
2018-05-28 14:15:00,938 RF found but not transmitted
2018-05-28 14:15:02,758 RCV reinforcement info
2018-05-28 14:15:02,763 , 12.313343493151935
2018-05-28 14:15:03,411 RF found but not transmitted
2018-05-28 14:15:04,225 RF found but not transmitted
2018-05-28 14:15:04,967 RF found but not transmitted
2018-05-28 14:15:04,969 RF found
2018-05-28 14:15:04,971 SNT reinforcement_information
2018-05-28 14:15:05,512 RF found but not transmitted
2018-05-28 14:15:05,516 RF found
2018-05-28 14:15:05,518 SNT reinforcement_information
2018-05-28 14:15:06,646 RCV reinforcement info
2018-05-28 14:15:06,650 , 12.862624130217895
2018-05-28 14:15:07,830 RCV reinforcement info
2018-05-28 14:15:07,835 , 13.191256199613541
2018-05-28 14:15:10,247 RF found but not transmitted
2018-05-28 14:15:10,653 RF found but not transmitted
2018-05-28 14:15:10,656 RF found
2018-05-28 14:15:10,659 SNT reinforcement_information
2018-05-28 14:15:13,597 RF found but not transmitted
2018-05-28 14:15:13,599 RF found
2018-05-28 14:15:13,601 SNT reinforcement_information
2018-05-28 14:15:13,744 RCV reinforcement info
2018-05-28 14:15:13,749 , 14.195209319948559
2018-05-28 14:15:14,958 RCV proposal
2018-05-28 14:15:14,963 appended honest propose 8a439499c0 on top of 9095b83014
2018-05-28 14:15:14,964 REINFORCEMENT SENT state
2018-05-28 14:15:14,964 RFs > 0 
2018-05-28 14:15:14,965 SNT reinforcement
2018-05-28 14:15:15,054 RCV reinforcement
2018-05-28 14:15:15,058 RCV reinforcement
2018-05-28 14:15:15,547 RCV reinforcement info
2018-05-28 14:15:15,552 , 14.481438542357717
2018-05-28 14:15:15,609 RCV reinforcement
2018-05-28 14:15:16,117 RF found but not transmitted
2018-05-28 14:15:16,430 RCV reinforcement info
2018-05-28 14:15:16,435 , 14.570350371250152
2018-05-28 14:15:16,493 RCV reinforcement
2018-05-28 14:15:16,609 RCV commit
2018-05-28 14:15:16,680 appended honest commit 93bd3b5401 on top of 8a439499c0
2018-05-28 14:15:16,753 RF found but not transmitted
2018-05-28 14:15:16,762 Weight: 15.481438542357717 #RFs 16
2018-05-28 14:15:16,763 weight: 15.481438542357717
2018-05-28 14:15:16,763 , 15.481438542357717
2018-05-28 14:15:16,763 MINING state
2018-05-28 14:15:16,763 start mining - depth 3
2018-05-28 14:15:16,764 start mining - hash 93bd3b5401ff124c00bf6e41000c7627fa948bec0b395c9b918257b0435a8dd9
2018-05-28 14:15:16,769 RCV reinforcement info
2018-05-28 14:15:16,787 RCV reinforcement
2018-05-28 14:15:17,121 RCV reinforcement info
2018-05-28 14:15:17,123 , 15.571781070168822
2018-05-28 14:15:17,131 RCV reinforcement info
2018-05-28 14:15:17,135 , 16.11320282218079
2018-05-28 14:15:17,828 RF found but not transmitted
2018-05-28 14:15:18,218 RF found but not transmitted
2018-05-28 14:15:18,331 RF found but not transmitted
2018-05-28 14:15:18,954 RCV reinforcement info
2018-05-28 14:15:18,958 , 16.19145752422036
2018-05-28 14:15:18,960 RF found but not transmitted
2018-05-28 14:15:21,895 RF found but not transmitted
2018-05-28 14:15:21,898 RF found
2018-05-28 14:15:21,902 SNT reinforcement_information
2018-05-28 14:15:22,421 RCV reinforcement info
2018-05-28 14:15:22,426 , 16.691543334280784
2018-05-28 14:15:23,227 RCV reinforcement info
2018-05-28 14:15:23,231 , 16.78015072749617
2018-05-28 14:15:25,172 RCV reinforcement info
2018-05-28 14:15:25,177 , 16.860253990170822
2018-05-28 14:15:25,219 RF found but not transmitted
2018-05-28 14:15:25,957 RF found but not transmitted
2018-05-28 14:15:25,958 RF found
2018-05-28 14:15:25,963 SNT reinforcement_information
2018-05-28 14:15:26,188 RF found but not transmitted
2018-05-28 14:15:26,191 RF found
2018-05-28 14:15:26,193 SNT reinforcement_information
2018-05-28 14:15:26,551 RF found but not transmitted
2018-05-28 14:15:26,864 RCV reinforcement info
2018-05-28 14:15:26,868 , 17.123336291192636
2018-05-28 14:15:28,347 RCV reinforcement info
2018-05-28 14:15:28,350 , 17.200405147646375
2018-05-28 14:15:31,722 RCV reinforcement info
2018-05-28 14:15:31,726 , 17.324331792480805
2018-05-28 14:15:31,754 RCV reinforcement info
2018-05-28 14:15:31,758 , 17.417270104192077
2018-05-28 14:15:31,995 RF found but not transmitted
2018-05-28 14:15:31,996 RF found
2018-05-28 14:15:31,998 SNT reinforcement_information
2018-05-28 14:15:32,626 RCV reinforcement info
2018-05-28 14:15:32,630 , 17.59517335832064
2018-05-28 14:15:32,747 RF found but not transmitted
2018-05-28 14:15:32,750 RF found
2018-05-28 14:15:32,753 SNT reinforcement_information
2018-05-28 14:15:33,686 RCV reinforcement info
2018-05-28 14:15:33,690 , 17.83702897156216
2018-05-28 14:15:39,014 RF found but not transmitted
2018-05-28 14:15:41,317 RCV reinforcement info
2018-05-28 14:15:41,322 , 17.94882656050325
2018-05-28 14:15:42,397 RF found but not transmitted
2018-05-28 14:15:42,399 RF found
2018-05-28 14:15:42,401 SNT reinforcement_information
2018-05-28 14:15:42,828 RF found but not transmitted
2018-05-28 14:15:42,830 RF found
2018-05-28 14:15:42,832 SNT reinforcement_information
2018-05-28 14:15:43,511 RF found but not transmitted
2018-05-28 14:15:43,512 RF found
2018-05-28 14:15:43,515 SNT reinforcement_information
2018-05-28 14:15:43,769 RCV reinforcement info
2018-05-28 14:15:43,773 , 18.470986872891807
2018-05-28 14:15:43,780 RCV reinforcement info
2018-05-28 14:15:43,783 , 18.627275434791542
2018-05-28 14:15:44,772 RF found but not transmitted
2018-05-28 14:15:46,441 RCV proposal
2018-05-28 14:15:46,444 appended honest propose 19c2bb86e5 on top of 93bd3b5401
2018-05-28 14:15:46,445 REINFORCEMENT SENT state
2018-05-28 14:15:46,445 RFs > 0 
2018-05-28 14:15:46,446 SNT reinforcement
2018-05-28 14:15:46,553 RCV reinforcement
2018-05-28 14:15:46,555 RCV reinforcement
2018-05-28 14:15:47,981 RF found but not transmitted
2018-05-28 14:15:47,985 SNT reinforcement_information
2018-05-28 14:15:48,091 SNT reinforcement
2018-05-28 14:15:48,274 RCV commit
2018-05-28 14:15:48,326 appended honest commit 8293c7a212 on top of 19c2bb86e5
2018-05-28 14:15:48,378 Weight: 19.627275434791546 #RFs 23
2018-05-28 14:15:48,379 weight: 19.627275434791546
2018-05-28 14:15:48,380 , 19.627275434791546
2018-05-28 14:15:48,380 MINING state
2018-05-28 14:15:48,381 start mining - depth 4
2018-05-28 14:15:48,381 start mining - hash 8293c7a21219f11f4bc56f0304f8a2678449d7c88cfc63c102dd33504c042ad1
2018-05-28 14:15:48,382 Hashing frequency: 6713
2018-05-28 14:15:48,388 RCV proposal
2018-05-28 14:15:48,395 appended malicious propose 9eb761388e on top of 93bd3b5401
2018-05-28 14:15:48,399 RCV reinforcement
2018-05-28 14:15:48,421 RCV reinforcement
2018-05-28 14:15:49,848 RCV commit
2018-05-28 14:15:49,900 appended malicious commit 86ee447be5 on top of 9eb761388e
2018-05-28 14:15:49,966 Weight: 19.886003856442727 #RFs 15
2018-05-28 14:15:49,966 weight: 19.886003856442727
2018-05-28 14:15:49,966 , 19.886003856442727
2018-05-28 14:15:54,270 RF found but not transmitted
2018-05-28 14:15:54,273 RF found
2018-05-28 14:15:54,276 SNT reinforcement_information
2018-05-28 14:15:54,594 RCV reinforcement info
2018-05-28 14:15:54,597 , 19.763106628039633
2018-05-28 14:15:56,191 RF found but not transmitted
2018-05-28 14:15:57,163 RCV reinforcement info
2018-05-28 14:15:57,167 , 19.855723834276954
2018-05-28 14:15:58,450 RF found but not transmitted
2018-05-28 14:15:58,630 RCV reinforcement info
2018-05-28 14:15:58,634 , 19.990562275196577
2018-05-28 14:15:59,255 RF found but not transmitted
2018-05-28 14:15:59,544 RCV reinforcement info
2018-05-28 14:15:59,547 , 20.055471623924838
2018-05-28 14:15:59,903 RF found but not transmitted
2018-05-28 14:16:03,490 RCV reinforcement info
2018-05-28 14:16:03,495 , 20.320925569807198
2018-05-28 14:16:05,612 RCV reinforcement info
2018-05-28 14:16:05,615 , 20.39741919732188
2018-05-28 14:16:06,906 RCV reinforcement info
2018-05-28 14:16:06,910 , 20.503030023403884
2018-05-28 14:16:07,688 RF found but not transmitted
2018-05-28 14:16:07,689 RF found
2018-05-28 14:16:07,691 SNT reinforcement_information
2018-05-28 14:16:07,771 RCV reinforcement info
2018-05-28 14:16:07,775 , 20.97041085731828
2018-05-28 14:16:08,122 RCV reinforcement info
2018-05-28 14:16:08,127 , 21.058457752327993
2018-05-28 14:16:08,346 RCV reinforcement info
2018-05-28 14:16:08,349 , 21.418800665253876
2018-05-28 14:16:08,403 RF found but not transmitted
2018-05-28 14:16:09,678 RF found but not transmitted
2018-05-28 14:16:09,752 RF found but not transmitted
2018-05-28 14:16:10,572 RCV reinforcement info
2018-05-28 14:16:10,576 , 21.484548349951506
2018-05-28 14:16:11,561 RF found but not transmitted
2018-05-28 14:16:12,894 RCV reinforcement info
2018-05-28 14:16:12,898 , 21.650227977991403
2018-05-28 14:16:13,142 RF found but not transmitted
2018-05-28 14:16:14,676 RCV reinforcement info
2018-05-28 14:16:14,679 , 21.753546799105337
2018-05-28 14:16:15,046 RF found but not transmitted
2018-05-28 14:16:15,047 RF found
2018-05-28 14:16:15,049 SNT reinforcement_information
2018-05-28 14:16:15,291 RF found but not transmitted
2018-05-28 14:16:15,292 RF found
2018-05-28 14:16:15,293 SNT reinforcement_information
2018-05-28 14:16:15,900 RF found but not transmitted
2018-05-28 14:16:20,961 RF found but not transmitted
2018-05-28 14:16:20,965 RF found
2018-05-28 14:16:20,968 SNT reinforcement_information
2018-05-28 14:16:21,373 RF found but not transmitted
2018-05-28 14:16:21,620 RF found but not transmitted
2018-05-28 14:16:22,984 RF found but not transmitted
2018-05-28 14:16:22,986 RF found
2018-05-28 14:16:22,988 SNT reinforcement_information
2018-05-28 14:16:23,267 RF found but not transmitted
2018-05-28 14:16:23,271 RF found
2018-05-28 14:16:23,274 SNT reinforcement_information
2018-05-28 14:16:23,438 RF found but not transmitted
2018-05-28 14:16:23,441 RF found
2018-05-28 14:16:23,444 SNT reinforcement_information
2018-05-28 14:16:23,672 RF found but not transmitted
2018-05-28 14:16:25,056 RF found but not transmitted
2018-05-28 14:16:25,058 RF found
2018-05-28 14:16:25,060 SNT reinforcement_information
2018-05-28 14:16:25,826 RF found but not transmitted
2018-05-28 14:16:25,862 RCV proposal
2018-05-28 14:16:25,865 appended honest propose 3f21703d0f on top of 8293c7a212
2018-05-28 14:16:25,865 REINFORCEMENT SENT state
2018-05-28 14:16:25,866 RFs > 0 
2018-05-28 14:16:25,867 SNT reinforcement
2018-05-28 14:16:25,950 RCV reinforcement info
2018-05-28 14:16:25,960 RCV reinforcement
2018-05-28 14:16:26,012 RCV reinforcement
2018-05-28 14:16:27,452 RCV commit
2018-05-28 14:16:27,549 appended honest commit d200426d8f on top of 3f21703d0f
2018-05-28 14:16:27,634 Weight: 24.06833516066734 #RFs 23
2018-05-28 14:16:27,634 weight: 24.06833516066734
2018-05-28 14:16:27,635 , 24.06833516066734
2018-05-28 14:16:27,642 MINING state
2018-05-28 14:16:27,643 start mining - depth 5
2018-05-28 14:16:27,644 start mining - hash d200426d8f2a6d792878bb5c5f77e62ca5934ecf330b4b222c8c0863fa9df6e6
2018-05-28 14:16:28,382 RF found but not transmitted
2018-05-28 14:16:29,488 RF found but not transmitted
2018-05-28 14:16:29,491 RF found
2018-05-28 14:16:29,494 SNT reinforcement_information
2018-05-28 14:16:29,557 RCV reinforcement info
2018-05-28 14:16:29,562 , 24.27179652969505
2018-05-28 14:16:31,693 RF found but not transmitted
2018-05-28 14:16:31,723 RCV reinforcement info
2018-05-28 14:16:31,728 , 24.36130619395774
2018-05-28 14:16:31,880 RF found but not transmitted
2018-05-28 14:16:31,881 RF found
2018-05-28 14:16:31,883 SNT reinforcement_information
2018-05-28 14:16:32,664 RCV reinforcement info
2018-05-28 14:16:32,668 , 24.6234447201494
2018-05-28 14:16:32,796 RF found but not transmitted
2018-05-28 14:16:32,798 hash found
2018-05-28 14:16:32,805 appended honest propose 45a8581e73 on top of d200426d8f
2018-05-28 14:16:32,805 REINFORCEMENT COLLECTING state
2018-05-28 14:16:32,861 SNT proposal
2018-05-28 14:16:32,948 RCV reinforcement info
2018-05-28 14:16:32,951 , 24.864950213402608
2018-05-28 14:16:33,004 RCV reinforcement
2018-05-28 14:16:33,015 RCV reinforcement
2018-05-28 14:16:33,483 RCV reinforcement info
2018-05-28 14:16:33,489 , 24.95675694974271
2018-05-28 14:16:33,551 RCV reinforcement
2018-05-28 14:16:34,363 commit with 4 reinforcements
2018-05-28 14:16:34,374 appended honest commit 92d4155cf8 on top of 45a8581e73
2018-05-28 14:16:34,386 Weight: 25.95675694974271 #RFs 7
2018-05-28 14:16:34,386 weight: 25.95675694974271
2018-05-28 14:16:34,386 , 25.95675694974271
2018-05-28 14:16:34,386 MINING state
2018-05-28 14:16:34,386 start mining - depth 6
2018-05-28 14:16:34,387 start mining - hash 92d4155cf866916e1fbf8d2138381ef8b97fd3ab6f24e3b9ad7725904ed9abd0
2018-05-28 14:16:34,388 SNT commit
2018-05-28 14:16:35,785 RCV reinforcement info
2018-05-28 14:16:35,790 , 26.080824435126324
2018-05-28 14:16:36,646 RF found but not transmitted
2018-05-28 14:16:36,647 RF found
2018-05-28 14:16:36,650 SNT reinforcement_information
2018-05-28 14:16:39,545 RF found but not transmitted
2018-05-28 14:16:44,284 RCV reinforcement info
2018-05-28 14:16:44,290 , 26.237433264502975
2018-05-28 14:16:44,565 RF found but not transmitted
2018-05-28 14:16:47,530 RF found but not transmitted
2018-05-28 14:16:49,805 RF found but not transmitted
2018-05-28 14:16:49,914 RF found but not transmitted
2018-05-28 14:16:49,915 RF found
2018-05-28 14:16:49,917 SNT reinforcement_information
2018-05-28 14:16:50,155 RCV reinforcement info
2018-05-28 14:16:50,159 , 26.391290121638786
2018-05-28 14:16:50,254 RF found but not transmitted
2018-05-28 14:16:50,800 RF found but not transmitted
2018-05-28 14:16:50,801 RF found
2018-05-28 14:16:50,803 SNT reinforcement_information
2018-05-28 14:16:50,869 RCV reinforcement info
2018-05-28 14:16:50,872 , 26.528001579911205
2018-05-28 14:16:52,098 RF found but not transmitted
2018-05-28 14:16:52,126 RF found but not transmitted
2018-05-28 14:16:52,869 RF found but not transmitted
2018-05-28 14:16:53,518 RCV reinforcement info
2018-05-28 14:16:53,523 , 26.61881068568118
2018-05-28 14:16:54,041 RCV reinforcement info
2018-05-28 14:16:54,044 , 26.686250533731855
2018-05-28 14:16:54,138 RCV reinforcement info
2018-05-28 14:16:54,142 , 26.780720003935922
2018-05-28 14:16:54,736 RCV reinforcement info
2018-05-28 14:16:54,741 , 26.854167537676524
2018-05-28 14:16:55,120 RCV reinforcement info
2018-05-28 14:16:55,125 , 26.94438989228039
2018-05-28 14:16:55,318 RF found but not transmitted
2018-05-28 14:16:55,814 RCV reinforcement info
2018-05-28 14:16:55,819 , 27.017329043843702
2018-05-28 14:16:56,861 RF found but not transmitted
2018-05-28 14:16:56,949 RCV reinforcement info
2018-05-28 14:16:56,954 , 27.082664216290016
2018-05-28 14:16:58,296 RCV reinforcement info
2018-05-28 14:16:58,298 , 27.146277664151405
2018-05-28 14:16:58,887 RCV reinforcement info
2018-05-28 14:16:58,891 , 27.237962925344135
2018-05-28 14:17:00,671 RCV reinforcement info
2018-05-28 14:17:00,676 , 27.327902283970904
2018-05-28 14:17:01,220 RCV reinforcement info
2018-05-28 14:17:01,224 , 27.39545940245915
2018-05-28 14:17:01,246 RF found but not transmitted
2018-05-28 14:17:01,458 RF found but not transmitted
2018-05-28 14:17:01,462 RF found
2018-05-28 14:17:01,464 SNT reinforcement_information
2018-05-28 14:17:01,585 RF found but not transmitted
2018-05-28 14:17:01,936 RF found but not transmitted
2018-05-28 14:17:03,481 RF found but not transmitted
2018-05-28 14:17:04,180 RCV proposal
2018-05-28 14:17:04,183 appended honest propose 9ac945f3b3 on top of 92d4155cf8
2018-05-28 14:17:04,184 REINFORCEMENT SENT state
2018-05-28 14:17:04,184 RFs > 0 
2018-05-28 14:17:04,185 SNT reinforcement
2018-05-28 14:17:04,336 RCV reinforcement
2018-05-28 14:17:04,344 RCV reinforcement
2018-05-28 14:17:05,039 RCV reinforcement info
2018-05-28 14:17:05,045 , 27.57755536645052
2018-05-28 14:17:05,067 RF found but not transmitted
2018-05-28 14:17:05,099 RCV reinforcement
2018-05-28 14:17:05,448 RF found but not transmitted
2018-05-28 14:17:05,480 RCV reinforcement info
2018-05-28 14:17:05,486 , 27.66426731180784
2018-05-28 14:17:05,556 RCV reinforcement
2018-05-28 14:17:05,564 RCV reinforcement info
2018-05-28 14:17:05,570 , 27.75748835876489
2018-05-28 14:17:05,625 RCV reinforcement
2018-05-28 14:17:05,746 RCV commit
2018-05-28 14:17:05,838 appended honest commit 90fc69b66a on top of 9ac945f3b3
2018-05-28 14:17:05,860 RF found but not transmitted
2018-05-28 14:17:05,896 Weight: 28.494430070870877 #RFs 19
2018-05-28 14:17:05,896 weight: 28.494430070870877
2018-05-28 14:17:05,897 , 28.494430070870877
2018-05-28 14:17:05,898 MINING state
2018-05-28 14:17:05,898 start mining - depth 7
2018-05-28 14:17:05,898 start mining - hash 90fc69b66aed1374c897b63bb4922d3f94bc98c9ab30eb01a82fe0902c6486da
2018-05-28 14:17:05,901 Hashing frequency: 9960
2018-05-28 14:17:06,842 RF found but not transmitted
2018-05-28 14:17:06,999 RF found but not transmitted
2018-05-28 14:17:08,393 RF found but not transmitted
2018-05-28 14:17:08,395 RF found
2018-05-28 14:17:08,398 SNT reinforcement_information
2018-05-28 14:17:11,524 RCV reinforcement info
2018-05-28 14:17:11,529 , 29.497824505231307
2018-05-28 14:17:12,400 RCV reinforcement info
2018-05-28 14:17:12,404 , 29.568257319126158
2018-05-28 14:17:12,959 RCV reinforcement info
2018-05-28 14:17:12,963 , 29.779004009562954
2018-05-28 14:17:13,043 RF found but not transmitted
2018-05-28 14:17:13,045 RF found
2018-05-28 14:17:13,048 SNT reinforcement_information
2018-05-28 14:17:14,987 RF found but not transmitted
2018-05-28 14:17:14,989 RF found
2018-05-28 14:17:14,992 SNT reinforcement_information
2018-05-28 14:17:15,640 RCV reinforcement info
2018-05-28 14:17:15,643 , 30.430001692392562
2018-05-28 14:17:15,835 RF found but not transmitted
2018-05-28 14:17:16,682 RCV reinforcement info
2018-05-28 14:17:16,686 , 30.5369066551134
2018-05-28 14:17:17,131 RCV reinforcement info
2018-05-28 14:17:17,135 , 30.992242980272724
2018-05-28 14:17:18,441 RF found but not transmitted
2018-05-28 14:17:18,546 RCV reinforcement info
2018-05-28 14:17:18,551 , 31.08610449010236
2018-05-28 14:17:18,987 RCV reinforcement info
2018-05-28 14:17:18,992 , 31.191439498169085
2018-05-28 14:17:19,894 RCV reinforcement info
2018-05-28 14:17:19,899 , 31.79258548666738
2018-05-28 14:17:21,096 RCV reinforcement info
2018-05-28 14:17:21,101 , 31.86812970871982
2018-05-28 14:17:21,255 RCV reinforcement info
2018-05-28 14:17:21,259 , 32.009369739966125
2018-05-28 14:17:21,279 RF found but not transmitted
2018-05-28 14:17:21,314 RCV reinforcement info
2018-05-28 14:17:21,318 , 32.192026590693246
2018-05-28 14:17:21,891 RF found but not transmitted
2018-05-28 14:17:22,103 RF found but not transmitted
2018-05-28 14:17:22,509 RF found but not transmitted
2018-05-28 14:17:23,435 RCV reinforcement info
2018-05-28 14:17:23,440 , 32.42489590386585
2018-05-28 14:17:23,500 RCV reinforcement info
2018-05-28 14:17:23,503 , 32.64767314346383
2018-05-28 14:17:25,185 RCV reinforcement info
2018-05-28 14:17:25,188 , 32.77225992110954
2018-05-28 14:17:25,432 RCV reinforcement info
2018-05-28 14:17:25,437 , 33.650248108994035
2018-05-28 14:17:26,109 RCV reinforcement info
2018-05-28 14:17:26,114 , 33.71954726303097
2018-05-28 14:17:28,081 RCV reinforcement info
2018-05-28 14:17:28,085 , 33.924656697208825
2018-05-28 14:17:28,998 RCV reinforcement info
2018-05-28 14:17:29,003 , 34.066375427767596
2018-05-28 14:17:29,168 RCV reinforcement info
2018-05-28 14:17:29,173 , 34.6648226526723
2018-05-28 14:17:29,290 RF found but not transmitted
2018-05-28 14:17:29,329 RCV reinforcement info
2018-05-28 14:17:29,334 , 35.582995291228265
2018-05-28 14:17:29,418 RF found but not transmitted
2018-05-28 14:17:29,421 RF found
2018-05-28 14:17:29,423 SNT reinforcement_information
2018-05-28 14:17:29,527 RF found but not transmitted
2018-05-28 14:17:29,825 RF found but not transmitted
2018-05-28 14:17:32,127 RCV reinforcement info
2018-05-28 14:17:32,131 , 35.929113639678455
2018-05-28 14:17:32,562 RF found but not transmitted
2018-05-28 14:17:32,564 RF found
2018-05-28 14:17:32,566 SNT reinforcement_information
2018-05-28 14:17:33,282 RCV reinforcement info
2018-05-28 14:17:33,286 , 36.40581643031174
2018-05-28 14:17:33,523 RF found but not transmitted
2018-05-28 14:17:33,747 RF found but not transmitted
2018-05-28 14:17:33,929 RF found but not transmitted
2018-05-28 14:17:33,931 RF found
2018-05-28 14:17:33,933 SNT reinforcement_information
2018-05-28 14:17:34,643 RCV reinforcement info
2018-05-28 14:17:34,645 , 37.06644499114542
2018-05-28 14:17:35,719 RCV reinforcement info
2018-05-28 14:17:35,722 , 37.204467100106775
2018-05-28 14:17:35,958 RF found but not transmitted
2018-05-28 14:17:35,960 RF found
2018-05-28 14:17:35,962 SNT reinforcement_information
2018-05-28 14:17:36,133 RCV reinforcement info
2018-05-28 14:17:36,137 , 37.56196836145027
2018-05-28 14:17:36,309 RF found but not transmitted
2018-05-28 14:17:36,419 RCV reinforcement info
2018-05-28 14:17:36,424 , 37.69900649637908
2018-05-28 14:17:36,922 RCV reinforcement info
2018-05-28 14:17:36,926 , 37.90695628557207
2018-05-28 14:17:37,348 RF found but not transmitted
2018-05-28 14:17:40,765 RCV reinforcement info
2018-05-28 14:17:40,770 , 38.073311853303125
2018-05-28 14:17:41,522 RCV reinforcement info
2018-05-28 14:17:41,527 , 38.1471595581658
2018-05-28 14:17:41,583 RCV reinforcement info
2018-05-28 14:17:41,588 , 38.92811231356323
2018-05-28 14:17:41,757 RCV reinforcement info
2018-05-28 14:17:41,761 , 39.088675124120286
2018-05-28 14:17:41,875 RF found but not transmitted
2018-05-28 14:17:42,354 RCV reinforcement info
2018-05-28 14:17:42,359 , 39.2565283184025
2018-05-28 14:17:42,604 RF found but not transmitted
2018-05-28 14:17:42,608 RF found
2018-05-28 14:17:42,611 SNT reinforcement_information
2018-05-28 14:17:42,926 RF found but not transmitted
2018-05-28 14:17:44,737 RF found but not transmitted
2018-05-28 14:17:44,740 RF found
2018-05-28 14:17:44,743 SNT reinforcement_information
2018-05-28 14:17:45,130 RF found but not transmitted
2018-05-28 14:17:45,132 RF found
2018-05-28 14:17:45,136 SNT reinforcement_information
2018-05-28 14:17:45,481 RCV proposal
2018-05-28 14:17:45,485 appended honest propose e275525d84 on top of 90fc69b66a
2018-05-28 14:17:45,485 REINFORCEMENT SENT state
2018-05-28 14:17:45,485 RFs > 0 
2018-05-28 14:17:45,486 SNT reinforcement
2018-05-28 14:17:45,587 RCV reinforcement
2018-05-28 14:17:45,593 RCV reinforcement
2018-05-28 14:17:45,906 RCV reinforcement info
2018-05-28 14:17:45,912 , 39.89302390582412
2018-05-28 14:17:45,981 RCV reinforcement
2018-05-28 14:17:46,630 RCV reinforcement info
2018-05-28 14:17:46,637 , 40.028031011887045
2018-05-28 14:17:46,711 RCV reinforcement
2018-05-28 14:17:46,956 RF found but not transmitted
2018-05-28 14:17:46,959 SNT reinforcement_information
2018-05-28 14:17:47,037 SNT reinforcement
2018-05-28 14:17:47,214 RCV commit
2018-05-28 14:17:47,442 appended honest commit 4fa93838b6 on top of e275525d84
2018-05-28 14:17:47,560 Weight: 40.79789759098773 #RFs 43
2018-05-28 14:17:47,560 weight: 40.79789759098773
2018-05-28 14:17:47,560 , 40.79789759098773
2018-05-28 14:17:47,563 MINING state
2018-05-28 14:17:47,563 start mining - depth 8
2018-05-28 14:17:47,564 start mining - hash 4fa93838b62bc531f20ad1686959b80fd6422bcc02cc8e71aee6749130d4f474
2018-05-28 14:17:47,856 RCV reinforcement info
2018-05-28 14:17:47,860 , 40.943423182651884
2018-05-28 14:17:49,240 RF found but not transmitted
2018-05-28 14:17:50,408 RF found but not transmitted
2018-05-28 14:17:50,574 RF found but not transmitted
2018-05-28 14:17:50,575 RF found
2018-05-28 14:17:50,578 SNT reinforcement_information
2018-05-28 14:17:51,594 RF found but not transmitted
2018-05-28 14:17:51,596 RF found
2018-05-28 14:17:51,599 SNT reinforcement_information
2018-05-28 14:17:52,165 RCV reinforcement info
2018-05-28 14:17:52,169 , 41.28626383074634
2018-05-28 14:17:53,398 RF found but not transmitted
2018-05-28 14:17:53,955 RCV proposal
2018-05-28 14:17:53,958 appended honest propose 4d2729edc9 on top of 4fa93838b6
2018-05-28 14:17:53,959 REINFORCEMENT SENT state
2018-05-28 14:17:53,959 RFs > 0 
2018-05-28 14:17:53,960 SNT reinforcement
2018-05-28 14:17:54,035 RCV reinforcement
2018-05-28 14:17:54,402 RCV reinforcement info
2018-05-28 14:17:54,407 , 41.56156314249657
2018-05-28 14:17:54,467 RCV reinforcement
2018-05-28 14:17:55,487 RCV commit
2018-05-28 14:17:55,501 appended honest commit eff458a9ae on top of 4d2729edc9
2018-05-28 14:17:55,525 Weight: 42.56156314249657 #RFs 5
2018-05-28 14:17:55,525 weight: 42.56156314249657
2018-05-28 14:17:55,526 , 42.56156314249657
2018-05-28 14:17:55,526 MINING state
2018-05-28 14:17:55,526 start mining - depth 9
2018-05-28 14:17:55,527 start mining - hash eff458a9ae3c37d6b1fc5ac87dce0b41a831bf715011d25025cde898634b2383
2018-05-28 14:17:56,308 RCV reinforcement info
2018-05-28 14:17:56,312 , 42.8276502329742
2018-05-28 14:17:58,164 RCV reinforcement info
2018-05-28 14:17:58,168 , 43.06986959419422
2018-05-28 14:17:59,135 RCV reinforcement info
2018-05-28 14:17:59,140 , 43.15771011512508
2018-05-28 14:17:59,520 RCV reinforcement info
2018-05-28 14:17:59,524 , 43.25982355883647
2018-05-28 14:18:00,494 RF found but not transmitted
2018-05-28 14:18:00,495 RF found
2018-05-28 14:18:00,497 SNT reinforcement_information
2018-05-28 14:18:01,400 RF found but not transmitted
2018-05-28 14:18:01,401 RF found
2018-05-28 14:18:01,404 SNT reinforcement_information
2018-05-28 14:18:01,740 RF found but not transmitted
2018-05-28 14:18:01,745 RF found
2018-05-28 14:18:01,747 SNT reinforcement_information
2018-05-28 14:18:01,820 RCV reinforcement info
2018-05-28 14:18:01,825 , 43.751495052775375
2018-05-28 14:18:02,490 RCV reinforcement info
2018-05-28 14:18:02,495 , 43.965975731172236
2018-05-28 14:18:02,555 RCV reinforcement info
2018-05-28 14:18:02,559 , 44.14182588692188
2018-05-28 14:18:04,144 RF found but not transmitted
2018-05-28 14:18:04,426 RCV reinforcement info
2018-05-28 14:18:04,430 , 44.501022009203886
2018-05-28 14:18:05,958 RCV reinforcement info
2018-05-28 14:18:05,964 , 44.59026471809009
2018-05-28 14:18:09,064 RCV reinforcement info
2018-05-28 14:18:09,068 , 44.683856188404505
2018-05-28 14:18:09,429 RF found but not transmitted
2018-05-28 14:18:10,410 RF found but not transmitted
2018-05-28 14:18:10,413 RF found
2018-05-28 14:18:10,417 SNT reinforcement_information
2018-05-28 14:18:11,052 RCV reinforcement info
2018-05-28 14:18:11,057 , 44.826447520459105
2018-05-28 14:18:11,963 RCV proposal
2018-05-28 14:18:11,969 appended malicious propose c41933c9c5 on top of 86ee447be5
2018-05-28 14:18:12,030 RCV reinforcement
2018-05-28 14:18:12,042 RCV reinforcement
2018-05-28 14:18:12,771 RF found but not transmitted
2018-05-28 14:18:12,839 RF found but not transmitted
2018-05-28 14:18:12,842 RF found
2018-05-28 14:18:12,844 SNT reinforcement_information
2018-05-28 14:18:13,727 RCV commit
2018-05-28 14:18:14,046 appended malicious commit 8d501554e5 on top of c41933c9c5
2018-05-28 14:18:14,049 RF found but not transmitted
2018-05-28 14:18:14,378 Weight: 36.13987385837913 #RFs 94
2018-05-28 14:18:14,378 weight: 36.13987385837913
2018-05-28 14:18:14,378 , 36.13987385837913
2018-05-28 14:18:14,483 RCV reinforcement info
2018-05-28 14:18:14,486 , 44.97164437056266
2018-05-28 14:18:15,074 RCV reinforcement info
2018-05-28 14:18:15,079 , 45.03723226491045
2018-05-28 14:18:15,457 RCV reinforcement info
2018-05-28 14:18:15,462 , 45.14240541805936
2018-05-28 14:18:17,150 RF found but not transmitted
2018-05-28 14:18:17,506 RF found but not transmitted
2018-05-28 14:18:17,772 RF found but not transmitted
2018-05-28 14:18:20,615 RCV reinforcement info
2018-05-28 14:18:20,619 , 45.20703296759653
2018-05-28 14:18:21,753 RF found but not transmitted
2018-05-28 14:18:22,418 RCV reinforcement info
2018-05-28 14:18:22,422 , 45.33780219312726
2018-05-28 14:18:22,844 RF found but not transmitted
2018-05-28 14:18:23,496 RCV reinforcement info
2018-05-28 14:18:23,498 , 45.4188848370545
2018-05-28 14:18:23,897 RF found but not transmitted
2018-05-28 14:18:24,138 RCV proposal
2018-05-28 14:18:24,142 appended malicious propose 6cdc29fff9 on top of 8d501554e5
2018-05-28 14:18:24,208 RCV reinforcement
2018-05-28 14:18:24,221 RCV reinforcement
2018-05-28 14:18:24,700 RCV reinforcement
2018-05-28 14:18:25,317 RCV reinforcement
2018-05-28 14:18:25,660 RCV commit
2018-05-28 14:18:25,670 appended malicious commit d2988a46a3 on top of 6cdc29fff9
2018-05-28 14:18:25,674 Weight: 37.28781586109576 #RFs 2
2018-05-28 14:18:25,674 weight: 37.28781586109576
2018-05-28 14:18:25,674 , 37.28781586109576
2018-05-28 14:18:26,498 RF found but not transmitted
2018-05-28 14:18:26,501 RF found
2018-05-28 14:18:26,505 SNT reinforcement_information
2018-05-28 14:18:28,983 RF found but not transmitted
2018-05-28 14:18:28,985 RF found
2018-05-28 14:18:28,986 SNT reinforcement_information
2018-05-28 14:18:29,043 RCV reinforcement info
2018-05-28 14:18:29,053 , 45.712755378459384
2018-05-28 14:18:29,266 RCV reinforcement info
2018-05-28 14:18:29,270 , 46.020514187684675
2018-05-28 14:18:29,586 RCV reinforcement info
2018-05-28 14:18:29,591 , 46.083762358244535
2018-05-28 14:18:30,669 RF found but not transmitted
2018-05-28 14:18:31,196 RCV reinforcement info
2018-05-28 14:18:31,199 , 46.17004366695337
2018-05-28 14:18:31,678 RF found but not transmitted
2018-05-28 14:18:31,681 RF found
2018-05-28 14:18:31,683 SNT reinforcement_information
2018-05-28 14:18:32,558 RCV reinforcement info
2018-05-28 14:18:32,563 , 46.40250392775246
2018-05-28 14:18:34,002 RCV reinforcement info
2018-05-28 14:18:34,007 , 46.688922536788354
2018-05-28 14:18:36,310 RCV reinforcement info
2018-05-28 14:18:36,314 , 46.76395821967308
2018-05-28 14:18:38,989 RF found but not transmitted
2018-05-28 14:18:40,172 RCV proposal
2018-05-28 14:18:40,175 appended honest propose 8b6d288093 on top of eff458a9ae
2018-05-28 14:18:40,176 REINFORCEMENT SENT state
2018-05-28 14:18:40,176 RFs > 0 
2018-05-28 14:18:40,177 SNT reinforcement
2018-05-28 14:18:40,276 RCV reinforcement
2018-05-28 14:18:40,305 RCV reinforcement
2018-05-28 14:18:41,175 RCV reinforcement info
2018-05-28 14:18:41,181 , 46.88611125869056
2018-05-28 14:18:41,244 RCV reinforcement
2018-05-28 14:18:41,338 RCV reinforcement info
2018-05-28 14:18:41,345 , 47.15167132281998
2018-05-28 14:18:41,399 RCV reinforcement
2018-05-28 14:18:41,790 RCV commit
2018-05-28 14:18:41,922 appended honest commit 187a90c8ed on top of 8b6d288093
2018-05-28 14:18:42,103 Weight: 47.88611125869057 #RFs 33
2018-05-28 14:18:42,104 weight: 47.88611125869057
2018-05-28 14:18:42,105 , 47.88611125869057
2018-05-28 14:18:42,105 MINING state
2018-05-28 14:18:42,105 start mining - depth 10
2018-05-28 14:18:42,106 start mining - hash 187a90c8ed0de700791cac306128f7363103fa5595407fd0a9ec65b6b5f15b25
2018-05-28 14:18:42,108 Hashing frequency: 15310
2018-05-28 14:18:43,889 RF found but not transmitted
2018-05-28 14:18:43,948 RCV reinforcement info
2018-05-28 14:18:43,953 , 48.01552961253252
2018-05-28 14:18:44,585 RCV reinforcement info
2018-05-28 14:18:44,590 , 48.08874072115241
2018-05-28 14:18:44,986 RCV reinforcement info
2018-05-28 14:18:44,991 , 48.81751488766606
2018-05-28 14:18:47,592 RF found but not transmitted
2018-05-28 14:18:47,913 RF found but not transmitted
2018-05-28 14:18:47,915 RF found
2018-05-28 14:18:47,917 SNT reinforcement_information
2018-05-28 14:18:48,742 RF found but not transmitted
2018-05-28 14:18:48,831 RF found but not transmitted
2018-05-28 14:18:48,833 RF found
2018-05-28 14:18:48,835 SNT reinforcement_information
2018-05-28 14:18:49,545 RCV reinforcement info
2018-05-28 14:18:49,549 , 49.35160127752476
2018-05-28 14:18:50,571 RCV reinforcement info
2018-05-28 14:18:50,576 , 49.42520712461447
2018-05-28 14:18:51,296 RCV reinforcement info
2018-05-28 14:18:51,301 , 49.49873064778375
2018-05-28 14:18:52,575 RCV proposal
2018-05-28 14:18:52,579 appended honest propose 1937861e8c on top of 187a90c8ed
2018-05-28 14:18:52,580 REINFORCEMENT SENT state
2018-05-28 14:18:52,580 RFs > 0 
2018-05-28 14:18:52,581 SNT reinforcement
2018-05-28 14:18:52,696 RCV reinforcement info
2018-05-28 14:18:52,699 , 49.57850632886686
2018-05-28 14:18:52,713 RCV reinforcement
2018-05-28 14:18:52,718 RCV reinforcement
2018-05-28 14:18:54,131 RCV commit
2018-05-28 14:18:54,174 appended honest commit 16fb2869eb on top of 1937861e8c
2018-05-28 14:18:54,213 Weight: 50.57850632886686 #RFs 9
2018-05-28 14:18:54,214 weight: 50.57850632886686
2018-05-28 14:18:54,214 , 50.57850632886686
2018-05-28 14:18:54,214 MINING state
2018-05-28 14:18:54,214 start mining - depth 11
2018-05-28 14:18:54,215 start mining - hash 16fb2869ebe9cc8d91db288d483d25d3e2c077113e565d3183ec1483600f4168
2018-05-28 14:18:54,236 RF found but not transmitted
2018-05-28 14:18:54,240 hash found
2018-05-28 14:18:54,249 appended honest propose 3a4e6f15d4 on top of 16fb2869eb
2018-05-28 14:18:54,249 REINFORCEMENT COLLECTING state
2018-05-28 14:18:54,249 SNT proposal
2018-05-28 14:18:54,843 RCV reinforcement info
2018-05-28 14:18:54,847 , 50.91717527535631
2018-05-28 14:18:54,913 RCV reinforcement
2018-05-28 14:18:54,994 RF found but not transmitted
2018-05-28 14:18:55,036 RF found but not transmitted
2018-05-28 14:18:55,041 SNT reinforcement_information
2018-05-28 14:18:55,125 SNT reinforcement
2018-05-28 14:18:55,240 RCV proposal
2018-05-28 14:18:55,250 appended malicious propose 29d4548a20 on top of d2988a46a3
2018-05-28 14:18:55,291 RCV reinforcement
2018-05-28 14:18:55,295 W: received reinforcement for 29d4548a20 instead of 3a4e6f15d4
2018-05-28 14:18:55,298 RCV reinforcement
2018-05-28 14:18:55,301 W: received reinforcement for 29d4548a20 instead of 3a4e6f15d4
2018-05-28 14:18:55,754 commit with 1 reinforcements
2018-05-28 14:18:55,757 appended honest commit 659e84bcf7 on top of 3a4e6f15d4
2018-05-28 14:18:55,758 Weight: 51.91717527535631 #RFs 1
2018-05-28 14:18:55,758 weight: 51.91717527535631
2018-05-28 14:18:55,758 , 51.91717527535631
2018-05-28 14:18:55,758 MINING state
2018-05-28 14:18:55,759 start mining - depth 12
2018-05-28 14:18:55,759 start mining - hash 659e84bcf7be76c2771c58dfc15f0e3447c1f2eeabe0397ddfc3376383bb166d
2018-05-28 14:18:55,759 SNT commit
2018-05-28 14:18:55,849 RF found but not transmitted
2018-05-28 14:18:55,850 RF found but not transmitted
2018-05-28 14:18:55,987 RF found but not transmitted
2018-05-28 14:18:55,992 RF found
2018-05-28 14:18:55,994 SNT reinforcement_information
2018-05-28 14:18:56,458 RCV reinforcement
2018-05-28 14:18:56,553 RF found but not transmitted
2018-05-28 14:18:56,746 RCV commit
2018-05-28 14:18:56,826 appended malicious commit 7154d1b5fb on top of 29d4548a20
2018-05-28 14:18:56,877 Weight: 41.67631428429298 #RFs 17
2018-05-28 14:18:56,877 weight: 41.67631428429298
2018-05-28 14:18:56,878 , 41.67631428429298
2018-05-28 14:18:56,883 RCV reinforcement
2018-05-28 14:18:57,394 RF found but not transmitted
2018-05-28 14:18:57,541 RCV reinforcement info
2018-05-28 14:18:57,544 , 52.449001572906795
2018-05-28 14:18:57,805 RF found but not transmitted
2018-05-28 14:18:57,806 RF found
2018-05-28 14:18:57,808 SNT reinforcement_information
2018-05-28 14:18:58,091 RCV reinforcement info
2018-05-28 14:18:58,095 , 52.95457781851709
2018-05-28 14:18:59,537 RCV proposal
2018-05-28 14:18:59,540 appended malicious propose 38017abcc5 on top of 7154d1b5fb
2018-05-28 14:18:59,614 RCV reinforcement
2018-05-28 14:18:59,626 RCV reinforcement
2018-05-28 14:18:59,960 RCV reinforcement
2018-05-28 14:19:00,039 RCV reinforcement info
2018-05-28 14:19:00,043 , 53.3268458787214
2018-05-28 14:19:00,064 RCV reinforcement
2018-05-28 14:19:00,848 RF found but not transmitted
2018-05-28 14:19:01,058 RCV reinforcement info
2018-05-28 14:19:01,062 , 53.416951540802124
2018-05-28 14:19:01,071 RCV commit
2018-05-28 14:19:01,083 appended malicious commit aa958ce9e3 on top of 38017abcc5
2018-05-28 14:19:01,096 Weight: 43.35627332015121 #RFs 4
2018-05-28 14:19:01,096 weight: 43.35627332015121
2018-05-28 14:19:01,096 , 43.35627332015121
2018-05-28 14:19:01,692 RCV reinforcement info
2018-05-28 14:19:01,696 , 53.48753021044516
2018-05-28 14:19:01,755 RF found but not transmitted
2018-05-28 14:19:01,757 RF found
2018-05-28 14:19:01,760 SNT reinforcement_information
2018-05-28 14:19:01,824 RCV reinforcement info
2018-05-28 14:19:01,827 , 54.164597271829585
2018-05-28 14:19:02,159 RCV reinforcement info
2018-05-28 14:19:02,163 , 54.26431012659998
2018-05-28 14:19:02,668 RCV reinforcement info
2018-05-28 14:19:02,672 , 54.38415711155817
2018-05-28 14:19:04,580 RCV reinforcement info
2018-05-28 14:19:04,584 , 54.59305065975805
2018-05-28 14:19:05,705 RCV proposal
2018-05-28 14:19:05,707 appended honest propose 4c76aaad8f on top of 659e84bcf7
2018-05-28 14:19:05,707 REINFORCEMENT SENT state
2018-05-28 14:19:05,708 RFs > 0 
2018-05-28 14:19:05,709 SNT reinforcement
2018-05-28 14:19:05,826 RCV reinforcement
2018-05-28 14:19:05,831 RCV reinforcement
2018-05-28 14:19:06,842 RF found but not transmitted
2018-05-28 14:19:07,279 RCV reinforcement info
2018-05-28 14:19:07,283 , 54.7725197369767
2018-05-28 14:19:07,294 RCV commit
2018-05-28 14:19:07,354 RF found but not transmitted
2018-05-28 14:19:07,359 appended honest commit 5f5b38f3a5 on top of 4c76aaad8f
2018-05-28 14:19:07,387 Weight: 55.59305065975805 #RFs 12
2018-05-28 14:19:07,387 weight: 55.59305065975805
2018-05-28 14:19:07,388 , 55.59305065975805
2018-05-28 14:19:07,388 MINING state
2018-05-28 14:19:07,388 start mining - depth 13
2018-05-28 14:19:07,389 start mining - hash 5f5b38f3a58f5e7fc50d766084da7f2f6cbeb5c5f92af6e19f63b7ca194bb849
2018-05-28 14:19:07,417 RCV reinforcement
2018-05-28 14:19:08,559 RCV reinforcement info
2018-05-28 14:19:08,562 , 55.690666671781166
2018-05-28 14:19:09,087 RF found but not transmitted
2018-05-28 14:19:09,414 RCV reinforcement info
2018-05-28 14:19:09,419 , 55.753959585494975
2018-05-28 14:19:09,916 RCV reinforcement info
2018-05-28 14:19:09,921 , 55.85331900235392
2018-05-28 14:19:10,166 RCV reinforcement info
2018-05-28 14:19:10,170 , 55.9498053583146
2018-05-28 14:19:12,483 RF found but not transmitted
2018-05-28 14:19:12,484 RF found
2018-05-28 14:19:12,487 SNT reinforcement_information
2018-05-28 14:19:12,993 RCV reinforcement info
2018-05-28 14:19:12,997 , 56.29068391858553
2018-05-28 14:19:14,504 RF found but not transmitted
2018-05-28 14:19:14,668 RF found but not transmitted
2018-05-28 14:19:14,669 RF found
2018-05-28 14:19:14,672 SNT reinforcement_information
2018-05-28 14:19:15,374 RCV proposal
2018-05-28 14:19:15,377 appended honest propose b6f82d83f4 on top of 5f5b38f3a5
2018-05-28 14:19:15,377 REINFORCEMENT SENT state
2018-05-28 14:19:15,377 RFs > 0 
2018-05-28 14:19:15,378 SNT reinforcement
2018-05-28 14:19:15,483 RCV reinforcement info
2018-05-28 14:19:15,496 , 56.80407359163391
2018-05-28 14:19:15,506 RCV reinforcement
2018-05-28 14:19:15,567 RCV reinforcement
2018-05-28 14:19:15,856 RCV reinforcement info
2018-05-28 14:19:15,863 , 56.868933109967585
2018-05-28 14:19:15,934 RCV reinforcement
2018-05-28 14:19:16,551 RCV proposal
2018-05-28 14:19:16,555 appended malicious propose 42c7874a69 on top of aa958ce9e3
2018-05-28 14:19:16,634 RCV reinforcement
2018-05-28 14:19:16,643 RCV reinforcement
2018-05-28 14:19:16,907 RCV commit
2018-05-28 14:19:16,947 appended honest commit 35f40a563e on top of b6f82d83f4
2018-05-28 14:19:16,981 Weight: 57.868933109967585 #RFs 9
2018-05-28 14:19:16,981 weight: 57.868933109967585
2018-05-28 14:19:16,981 , 57.868933109967585
2018-05-28 14:19:16,981 MINING state
2018-05-28 14:19:16,982 start mining - depth 14
2018-05-28 14:19:16,982 start mining - hash 35f40a563ecb9c72ad446937533c0d9ee43bf5e93c6329a78ebcafc3a4d5b5fd
2018-05-28 14:19:17,459 RF found but not transmitted
2018-05-28 14:19:17,462 RF found
2018-05-28 14:19:17,466 SNT reinforcement_information
2018-05-28 14:19:17,960 RCV reinforcement
2018-05-28 14:19:18,087 RCV commit
2018-05-28 14:19:18,128 appended malicious commit 585078d7f9 on top of 42c7874a69
2018-05-28 14:19:18,155 Weight: 45.70222730458591 #RFs 8
2018-05-28 14:19:18,155 weight: 45.70222730458591
2018-05-28 14:19:18,155 , 45.70222730458591
2018-05-28 14:19:18,305 RF found but not transmitted
2018-05-28 14:19:19,629 RCV reinforcement info
2018-05-28 14:19:19,633 , 58.12604045762845
2018-05-28 14:19:20,129 RF found but not transmitted
2018-05-28 14:19:21,887 RCV reinforcement info
2018-05-28 14:19:21,891 , 58.218448738879964
2018-05-28 14:19:22,791 RF found but not transmitted
2018-05-28 14:19:23,120 RF found but not transmitted
2018-05-28 14:19:23,293 RF found but not transmitted
2018-05-28 14:19:23,438 RF found but not transmitted
2018-05-28 14:19:24,502 RCV reinforcement info
2018-05-28 14:19:24,506 , 58.49918267772632
2018-05-28 14:19:24,650 RCV reinforcement info
2018-05-28 14:19:24,655 , 58.660535956787605
2018-05-28 14:19:24,993 RF found but not transmitted
2018-05-28 14:19:25,833 RCV reinforcement info
2018-05-28 14:19:25,838 , 58.785010895257656
2018-05-28 14:19:26,843 RF found but not transmitted
2018-05-28 14:19:28,180 RCV reinforcement info
2018-05-28 14:19:28,185 , 58.88619045434029
2018-05-28 14:19:28,371 RCV reinforcement info
2018-05-28 14:19:28,375 , 58.96679414235225
2018-05-28 14:19:28,521 RCV reinforcement info
2018-05-28 14:19:28,525 , 59.03423238254192
2018-05-28 14:19:30,847 RF found but not transmitted
2018-05-28 14:19:32,142 RCV reinforcement info
2018-05-28 14:19:32,146 , 59.1187573690582
2018-05-28 14:19:32,147 RF found but not transmitted
2018-05-28 14:19:32,790 RF found but not transmitted
2018-05-28 14:19:34,544 RF found but not transmitted
2018-05-28 14:19:34,547 RF found
2018-05-28 14:19:34,548 SNT reinforcement_information
2018-05-28 14:19:35,579 RF found but not transmitted
2018-05-28 14:19:35,582 hash found
2018-05-28 14:19:35,588 appended honest propose 8be35d3b1e on top of 35f40a563e
2018-05-28 14:19:35,588 REINFORCEMENT COLLECTING state
2018-05-28 14:19:35,659 SNT proposal
2018-05-28 14:19:35,832 RCV reinforcement
2018-05-28 14:19:35,849 RCV reinforcement
2018-05-28 14:19:35,875 RCV reinforcement
2018-05-28 14:19:36,359 RCV proposal
2018-05-28 14:19:36,362 appended malicious propose bdf2c3e437 on top of 585078d7f9
2018-05-28 14:19:36,438 RCV reinforcement
2018-05-28 14:19:36,439 W: received reinforcement for bdf2c3e437 instead of 8be35d3b1e
2018-05-28 14:19:36,447 RCV reinforcement
2018-05-28 14:19:36,448 W: received reinforcement for bdf2c3e437 instead of 8be35d3b1e
2018-05-28 14:19:36,548 RCV reinforcement info
2018-05-28 14:19:36,553 , 59.5381606240784
2018-05-28 14:19:36,604 RCV reinforcement
2018-05-28 14:19:37,163 RF found but not transmitted
2018-05-28 14:19:37,171 SNT reinforcement_information
2018-05-28 14:19:37,260 SNT reinforcement
2018-05-28 14:19:37,359 commit with 4 reinforcements
2018-05-28 14:19:37,373 RF found but not transmitted
2018-05-28 14:19:37,377 appended honest commit 43e486ffcc on top of 8be35d3b1e
2018-05-28 14:19:37,401 Weight: 60.5381606240784 #RFs 12
2018-05-28 14:19:37,401 weight: 60.5381606240784
2018-05-28 14:19:37,401 , 60.5381606240784
2018-05-28 14:19:37,401 MINING state
2018-05-28 14:19:37,402 start mining - depth 15
2018-05-28 14:19:37,402 start mining - hash 43e486ffcca47a4f32bc51aa854ae4a8224e767e4f28412b85edb08533c14a67
2018-05-28 14:19:37,403 SNT commit
2018-05-28 14:19:37,689 RCV reinforcement
2018-05-28 14:19:37,702 RF found but not transmitted
2018-05-28 14:19:37,933 RCV commit
2018-05-28 14:19:37,984 appended malicious commit 0451ff788e on top of bdf2c3e437
2018-05-28 14:19:38,041 Weight: 49.88019276394406 #RFs 13
2018-05-28 14:19:38,041 weight: 49.88019276394406
2018-05-28 14:19:38,043 , 49.88019276394406
2018-05-28 14:19:39,297 RCV reinforcement info
2018-05-28 14:19:39,302 , 61.40078528286564
2018-05-28 14:19:40,044 RF found but not transmitted
2018-05-28 14:19:40,082 RF found but not transmitted
2018-05-28 14:19:40,618 RCV reinforcement info
2018-05-28 14:19:40,623 , 61.51775215835699
2018-05-28 14:19:41,264 RCV reinforcement info
2018-05-28 14:19:41,267 , 61.66239236661741
2018-05-28 14:19:41,885 RF found but not transmitted
2018-05-28 14:19:42,242 RCV reinforcement info
2018-05-28 14:19:42,246 , 61.87180069915872
2018-05-28 14:19:43,291 RCV reinforcement info
2018-05-28 14:19:43,295 , 61.936915534479795
2018-05-28 14:19:43,583 RF found but not transmitted
2018-05-28 14:19:43,585 RF found
2018-05-28 14:19:43,586 SNT reinforcement_information
2018-05-28 14:19:45,982 RF found but not transmitted
2018-05-28 14:19:46,690 RF found but not transmitted
2018-05-28 14:19:47,290 RF found but not transmitted
2018-05-28 14:19:47,293 RF found
2018-05-28 14:19:47,298 SNT reinforcement_information
2018-05-28 14:19:47,383 RCV reinforcement info
2018-05-28 14:19:47,387 , 62.382854440678386
2018-05-28 14:19:48,379 RF found but not transmitted
2018-05-28 14:19:48,381 RF found
2018-05-28 14:19:48,388 SNT reinforcement_information
2018-05-28 14:19:48,496 RCV reinforcement info
2018-05-28 14:19:48,501 , 62.51876030482491
2018-05-28 14:19:49,102 RF found but not transmitted
2018-05-28 14:19:49,592 RF found but not transmitted
2018-05-28 14:19:50,226 RF found but not transmitted
2018-05-28 14:19:50,229 RF found
2018-05-28 14:19:50,231 SNT reinforcement_information
2018-05-28 14:19:51,291 RCV reinforcement info
2018-05-28 14:19:51,296 , 62.852887567911196
2018-05-28 14:19:52,863 RCV proposal
2018-05-28 14:19:52,866 appended honest propose 67740ab6dc on top of 43e486ffcc
2018-05-28 14:19:52,866 REINFORCEMENT SENT state
2018-05-28 14:19:52,867 RFs > 0 
2018-05-28 14:19:52,868 SNT reinforcement
2018-05-28 14:19:53,022 RCV reinforcement
2018-05-28 14:19:53,026 RCV reinforcement
2018-05-28 14:19:53,048 RCV reinforcement info
2018-05-28 14:19:53,054 , 62.99186617758925
2018-05-28 14:19:53,105 RCV reinforcement info
2018-05-28 14:19:53,110 , 63.095059997350575
2018-05-28 14:19:53,142 RCV reinforcement
2018-05-28 14:19:53,196 RCV reinforcement
2018-05-28 14:19:53,209 RF found but not transmitted
2018-05-28 14:19:53,565 RCV reinforcement info
2018-05-28 14:19:53,573 , 63.26069825159204
2018-05-28 14:19:53,645 RCV reinforcement
2018-05-28 14:19:54,168 RCV reinforcement info
2018-05-28 14:19:54,172 , 63.52158998860207
2018-05-28 14:19:54,251 RCV reinforcement
2018-05-28 14:19:54,404 RF found but not transmitted
2018-05-28 14:19:54,424 RCV commit
2018-05-28 14:19:54,497 appended honest commit 711ade3091 on top of 67740ab6dc
2018-05-28 14:19:54,563 Weight: 64.21697312468254 #RFs 14
2018-05-28 14:19:54,563 weight: 64.21697312468254
2018-05-28 14:19:54,563 , 64.21697312468254
2018-05-28 14:19:54,565 MINING state
2018-05-28 14:19:54,584 start mining - depth 16
2018-05-28 14:19:54,585 start mining - hash 711ade30918ef3d2f1933299731fde81af8ea88ab030f8a1ec8b1026ba20804f
2018-05-28 14:19:54,596 Hashing frequency: 15447
2018-05-28 14:19:54,813 RF found but not transmitted
2018-05-28 14:19:54,888 RF found but not transmitted
2018-05-28 14:19:54,977 RCV reinforcement info
2018-05-28 14:19:54,982 , 64.71377167400712
2018-05-28 14:19:57,361 RF found but not transmitted
2018-05-28 14:19:58,141 RF found but not transmitted
2018-05-28 14:19:58,850 RF found but not transmitted
2018-05-28 14:19:58,893 RCV reinforcement info
2018-05-28 14:19:58,897 , 64.85418607722139
2018-05-28 14:19:58,993 RF found but not transmitted
2018-05-28 14:19:59,900 RCV reinforcement info
2018-05-28 14:19:59,905 , 64.9715585746478
2018-05-28 14:20:01,323 RF found but not transmitted
2018-05-28 14:20:01,608 RF found but not transmitted
2018-05-28 14:20:01,609 RF found
2018-05-28 14:20:01,611 SNT reinforcement_information
2018-05-28 14:20:02,192 RF found but not transmitted
2018-05-28 14:20:03,016 RF found but not transmitted
2018-05-28 14:20:03,202 RF found but not transmitted
2018-05-28 14:20:05,054 RF found but not transmitted
2018-05-28 14:20:05,531 RF found but not transmitted
2018-05-28 14:20:05,538 RF found
2018-05-28 14:20:05,541 SNT reinforcement_information
2018-05-28 14:20:06,257 RCV reinforcement info
2018-05-28 14:20:06,262 , 66.11628882566261
2018-05-28 14:20:06,557 RF found but not transmitted
2018-05-28 14:20:07,660 RCV reinforcement info
2018-05-28 14:20:07,665 , 66.31126802654978
2018-05-28 14:20:07,876 RF found but not transmitted
2018-05-28 14:20:08,010 RF found but not transmitted
2018-05-28 14:20:08,315 RF found but not transmitted
2018-05-28 14:20:08,317 RF found
2018-05-28 14:20:08,319 SNT reinforcement_information
2018-05-28 14:20:09,031 RF found but not transmitted
2018-05-28 14:20:09,206 RF found but not transmitted
2018-05-28 14:20:09,598 RF found but not transmitted
2018-05-28 14:20:09,600 hash found
2018-05-28 14:20:09,603 appended honest propose 047991a801 on top of 711ade3091
2018-05-28 14:20:09,603 REINFORCEMENT COLLECTING state
2018-05-28 14:20:09,660 SNT proposal
2018-05-28 14:20:09,853 RCV reinforcement
2018-05-28 14:20:09,862 RCV reinforcement
2018-05-28 14:20:09,876 RCV reinforcement
2018-05-28 14:20:10,202 RCV reinforcement info
2018-05-28 14:20:10,207 , 66.76377232628342
2018-05-28 14:20:10,289 RCV reinforcement
2018-05-28 14:20:10,540 RCV reinforcement info
2018-05-28 14:20:10,545 , 67.76377232628342
2018-05-28 14:20:10,619 RCV reinforcement
2018-05-28 14:20:10,735 RF found but not transmitted
2018-05-28 14:20:10,819 RCV reinforcement info
2018-05-28 14:20:10,827 , 68.36660054377089
2018-05-28 14:20:10,903 RCV reinforcement
2018-05-28 14:20:11,051 RCV reinforcement info
2018-05-28 14:20:11,057 , 68.43333627362573
2018-05-28 14:20:11,122 RCV reinforcement
2018-05-28 14:20:11,164 commit with 4 reinforcements
2018-05-28 14:20:11,190 appended honest commit f3b1ac8989 on top of 047991a801
2018-05-28 14:20:11,214 Weight: 69.43333627362573 #RFs 12
2018-05-28 14:20:11,214 weight: 69.43333627362573
2018-05-28 14:20:11,215 , 69.43333627362573
2018-05-28 14:20:11,215 MINING state
2018-05-28 14:20:11,215 start mining - depth 17
2018-05-28 14:20:11,215 start mining - hash f3b1ac898902a0dafa5c400f9a40da03a40765186d937f3476728b04848fa031
2018-05-28 14:20:11,227 SNT commit
2018-05-28 14:20:11,570 RF found but not transmitted
2018-05-28 14:20:11,574 RF found
2018-05-28 14:20:11,579 SNT reinforcement_information
2018-05-28 14:20:11,652 RF found but not transmitted
2018-05-28 14:20:12,244 RF found but not transmitted
2018-05-28 14:20:12,741 RF found but not transmitted
2018-05-28 14:20:12,882 RF found but not transmitted
2018-05-28 14:20:13,154 RCV reinforcement info
2018-05-28 14:20:13,159 , 69.68028081824151
2018-05-28 14:20:14,128 RF found but not transmitted
2018-05-28 14:20:14,765 RF found but not transmitted
2018-05-28 14:20:14,868 RF found but not transmitted
2018-05-28 14:20:15,098 RF found but not transmitted
2018-05-28 14:20:15,553 RCV reinforcement info
2018-05-28 14:20:15,557 , 69.74829441376876
2018-05-28 14:20:16,209 RF found but not transmitted
2018-05-28 14:20:16,211 RF found
2018-05-28 14:20:16,214 SNT reinforcement_information
2018-05-28 14:20:16,241 RF found but not transmitted
2018-05-28 14:20:16,494 RCV reinforcement info
2018-05-28 14:20:16,499 , 69.97342636234545
2018-05-28 14:20:16,628 RCV reinforcement info
2018-05-28 14:20:16,631 , 70.1791460423403
2018-05-28 14:20:17,271 RF found but not transmitted
2018-05-28 14:20:17,631 RF found but not transmitted
2018-05-28 14:20:17,860 RCV reinforcement info
2018-05-28 14:20:17,864 , 70.565816148241
2018-05-28 14:20:18,253 RCV proposal
2018-05-28 14:20:18,256 appended honest propose 4ae4104162 on top of f3b1ac8989
2018-05-28 14:20:18,256 REINFORCEMENT SENT state
2018-05-28 14:20:18,256 RFs > 0 
2018-05-28 14:20:18,257 SNT reinforcement
2018-05-28 14:20:18,376 RCV reinforcement
2018-05-28 14:20:18,384 RF found but not transmitted
2018-05-28 14:20:18,395 RCV reinforcement
2018-05-28 14:20:18,937 RCV reinforcement info
2018-05-28 14:20:18,943 , 70.6324994693911
2018-05-28 14:20:18,987 RF found but not transmitted
2018-05-28 14:20:18,992 RCV reinforcement
2018-05-28 14:20:19,685 RF found but not transmitted
2018-05-28 14:20:19,708 RF found but not transmitted
2018-05-28 14:20:19,793 RCV commit
2018-05-28 14:20:19,833 appended honest commit a427b644f3 on top of 4ae4104162
2018-05-28 14:20:19,883 Weight: 71.6324994693911 #RFs 8
2018-05-28 14:20:19,884 weight: 71.6324994693911
2018-05-28 14:20:19,888 , 71.6324994693911
2018-05-28 14:20:19,888 MINING state
2018-05-28 14:20:19,888 start mining - depth 18
2018-05-28 14:20:19,889 start mining - hash a427b644f3fc32b62fa8ea23f6a79dd375dcdec7177c0a18d625eb1197d494e2
2018-05-28 14:20:19,965 RCV reinforcement info
2018-05-28 14:20:19,970 , 71.78763468646308
2018-05-28 14:20:21,043 RCV proposal
2018-05-28 14:20:21,045 appended honest propose 9291055443 on top of a427b644f3
2018-05-28 14:20:21,046 REINFORCEMENT SENT state
2018-05-28 14:20:21,114 RCV reinforcement
2018-05-28 14:20:21,585 RF found but not transmitted
2018-05-28 14:20:21,798 RF found but not transmitted
2018-05-28 14:20:22,514 RF found but not transmitted
2018-05-28 14:20:22,552 RCV commit
2018-05-28 14:20:22,556 appended honest commit ed1c33dfef on top of 9291055443
2018-05-28 14:20:22,558 Weight: 72.78763468646308 #RFs 1
2018-05-28 14:20:22,558 weight: 72.78763468646308
2018-05-28 14:20:22,558 , 72.78763468646308
2018-05-28 14:20:22,558 MINING state
2018-05-28 14:20:22,558 start mining - depth 19
2018-05-28 14:20:22,559 start mining - hash ed1c33dfef76ef9f01a51fdf9cd319d04a7ac588925aaf22bc771ccd05aedde3
2018-05-28 14:20:22,584 RF found but not transmitted
2018-05-28 14:20:22,588 RF found
2018-05-28 14:20:22,592 SNT reinforcement_information
2018-05-28 14:20:23,421 RF found but not transmitted
2018-05-28 14:20:23,499 RF found but not transmitted
2018-05-28 14:20:23,555 RF found but not transmitted
2018-05-28 14:20:24,658 RCV reinforcement info
2018-05-28 14:20:24,661 , 73.80543583434928
2018-05-28 14:20:24,666 RF found but not transmitted
2018-05-28 14:20:25,167 RF found but not transmitted
2018-05-28 14:20:26,394 RCV reinforcement info
2018-05-28 14:20:26,398 , 73.90553055954983
2018-05-28 14:20:26,738 RF found but not transmitted
2018-05-28 14:20:26,739 RF found
2018-05-28 14:20:26,740 SNT reinforcement_information
2018-05-28 14:20:27,380 RF found but not transmitted
2018-05-28 14:20:27,381 RF found
2018-05-28 14:20:27,384 SNT reinforcement_information
2018-05-28 14:20:27,569 RF found but not transmitted
2018-05-28 14:20:27,848 RF found but not transmitted
2018-05-28 14:20:28,854 RF found but not transmitted
2018-05-28 14:20:28,855 RF found
2018-05-28 14:20:28,857 SNT reinforcement_information
2018-05-28 14:20:28,927 RF found but not transmitted
2018-05-28 14:20:29,269 RF found but not transmitted
2018-05-28 14:20:29,274 RF found
2018-05-28 14:20:29,275 SNT reinforcement_information
2018-05-28 14:20:30,670 RF found but not transmitted
2018-05-28 14:20:31,116 RF found but not transmitted
2018-05-28 14:20:31,164 RCV reinforcement info
2018-05-28 14:20:31,168 , 74.52394343998188
2018-05-28 14:20:31,227 RF found but not transmitted
2018-05-28 14:20:31,543 RCV reinforcement info
2018-05-28 14:20:31,547 , 74.64688267773818
2018-05-28 14:20:32,109 RCV reinforcement info
2018-05-28 14:20:32,112 , 74.98076360937482
2018-05-28 14:20:32,937 RF found but not transmitted
2018-05-28 14:20:33,887 RF found but not transmitted
2018-05-28 14:20:35,570 RF found but not transmitted
2018-05-28 14:20:35,829 RF found but not transmitted
2018-05-28 14:20:36,107 RF found but not transmitted
2018-05-28 14:20:36,367 RCV reinforcement info
2018-05-28 14:20:36,371 , 75.65780357448322
2018-05-28 14:20:37,878 RF found but not transmitted
2018-05-28 14:20:37,948 RCV reinforcement info
2018-05-28 14:20:37,952 , 75.74185805328439
2018-05-28 14:20:38,213 RF found but not transmitted
2018-05-28 14:20:38,661 RCV reinforcement info
2018-05-28 14:20:38,665 , 75.81472251056496
2018-05-28 14:20:39,368 RF found but not transmitted
2018-05-28 14:20:40,124 RCV reinforcement info
2018-05-28 14:20:40,128 , 75.8823857940916
2018-05-28 14:20:40,541 RF found but not transmitted
2018-05-28 14:20:40,542 hash found
2018-05-28 14:20:40,544 appended honest propose 46346e5163 on top of ed1c33dfef
2018-05-28 14:20:40,544 REINFORCEMENT COLLECTING state
2018-05-28 14:20:40,616 SNT proposal
2018-05-28 14:20:40,795 RCV reinforcement
2018-05-28 14:20:40,814 RCV reinforcement
2018-05-28 14:20:40,843 RCV reinforcement
2018-05-28 14:20:41,023 RF found but not transmitted
2018-05-28 14:20:41,496 RCV reinforcement info
2018-05-28 14:20:41,502 , 76.8823857940916
2018-05-28 14:20:41,573 RCV reinforcement
2018-05-28 14:20:41,591 RF found but not transmitted
2018-05-28 14:20:41,800 RCV reinforcement info
2018-05-28 14:20:41,804 , 76.96579382962496
2018-05-28 14:20:41,901 RCV reinforcement
2018-05-28 14:20:42,120 commit with 4 reinforcements
2018-05-28 14:20:42,142 appended honest commit e5b2f3bf86 on top of 46346e5163
2018-05-28 14:20:42,164 RF found but not transmitted
2018-05-28 14:20:42,173 Weight: 77.96579382962496 #RFs 16
2018-05-28 14:20:42,174 weight: 77.96579382962496
2018-05-28 14:20:42,174 , 77.96579382962496
2018-05-28 14:20:42,174 MINING state
2018-05-28 14:20:42,174 start mining - depth 20
2018-05-28 14:20:42,174 start mining - hash e5b2f3bf8689679b0b3f6848493f97c2d8048a143f51db902808d5f03581bb4c
2018-05-28 14:20:42,175 SNT commit
2018-05-28 14:20:42,325 RF found but not transmitted
2018-05-28 14:20:42,603 RF found but not transmitted
2018-05-28 14:20:43,339 RCV reinforcement info
2018-05-28 14:20:43,343 , 78.25416392750724
2018-05-28 14:20:43,641 RF found but not transmitted
2018-05-28 14:20:43,754 RF found but not transmitted
2018-05-28 14:20:44,663 RF found but not transmitted
2018-05-28 14:20:45,505 RF found but not transmitted
2018-05-28 14:20:45,547 RF found but not transmitted
2018-05-28 14:20:45,755 RCV reinforcement info
2018-05-28 14:20:45,761 , 78.33474624147817
2018-05-28 14:20:46,679 RF found but not transmitted
2018-05-28 14:20:47,002 RCV reinforcement info
2018-05-28 14:20:47,007 , 79.18205482431884
2018-05-28 14:20:47,364 RF found but not transmitted
2018-05-28 14:20:48,977 RF found but not transmitted
2018-05-28 14:20:50,066 RF found but not transmitted
2018-05-28 14:20:50,087 RF found but not transmitted
2018-05-28 14:20:51,160 RF found but not transmitted
2018-05-28 14:20:51,319 RF found but not transmitted
2018-05-28 14:20:51,322 RF found
2018-05-28 14:20:51,323 SNT reinforcement_information
2018-05-28 14:20:51,346 RF found but not transmitted
2018-05-28 14:20:51,418 hash found
2018-05-28 14:20:51,425 appended honest propose 1d5fac1dcc on top of e5b2f3bf86
2018-05-28 14:20:51,425 REINFORCEMENT COLLECTING state
2018-05-28 14:20:51,499 SNT proposal
2018-05-28 14:20:51,661 RCV reinforcement
2018-05-28 14:20:51,673 RCV reinforcement
2018-05-28 14:20:52,321 RCV proposal
2018-05-28 14:20:52,325 appended malicious propose 381f8dd3e0 on top of 0451ff788e
2018-05-28 14:20:52,424 RCV reinforcement
2018-05-28 14:20:52,426 W: received reinforcement for 381f8dd3e0 instead of 1d5fac1dcc
2018-05-28 14:20:52,435 RCV reinforcement
2018-05-28 14:20:52,437 W: received reinforcement for 381f8dd3e0 instead of 1d5fac1dcc
2018-05-28 14:20:52,524 RF found but not transmitted
2018-05-28 14:20:53,004 commit with 3 reinforcements
2018-05-28 14:20:53,011 appended honest commit d42e3e2876 on top of 1d5fac1dcc
2018-05-28 14:20:53,019 Weight: 80.48884066580064 #RFs 4
2018-05-28 14:20:53,020 weight: 80.48884066580064
2018-05-28 14:20:53,021 , 80.48884066580064
2018-05-28 14:20:53,021 MINING state
2018-05-28 14:20:53,021 start mining - depth 21
2018-05-28 14:20:53,021 start mining - hash d42e3e2876b1d99db517734e677d8a7cc7c9cbb1b56d17623e6c4d686bc5e747
2018-05-28 14:20:53,024 SNT commit
2018-05-28 14:20:53,347 RF found but not transmitted
2018-05-28 14:20:53,451 RF found but not transmitted
2018-05-28 14:20:53,727 RCV reinforcement info
2018-05-28 14:20:53,732 , 80.7950061136398
2018-05-28 14:20:53,980 RCV commit
2018-05-28 14:20:54,139 appended malicious commit 4934aee4e0 on top of 381f8dd3e0
2018-05-28 14:20:54,238 RF found but not transmitted
2018-05-28 14:20:54,332 Weight: 57.897491096111196 #RFs 34
2018-05-28 14:20:54,332 weight: 57.897491096111196
2018-05-28 14:20:54,333 , 57.897491096111196
2018-05-28 14:20:55,154 RF found but not transmitted
2018-05-28 14:20:56,266 RF found but not transmitted
2018-05-28 14:20:56,473 RF found but not transmitted
2018-05-28 14:20:56,730 RCV reinforcement info
2018-05-28 14:20:56,734 , 80.86988088964387
2018-05-28 14:20:56,763 RF found but not transmitted
2018-05-28 14:20:57,057 RF found but not transmitted
2018-05-28 14:20:57,177 RF found but not transmitted
2018-05-28 14:20:57,200 RF found but not transmitted
2018-05-28 14:20:57,404 RF found but not transmitted
