2018-05-28 14:13:30,079 ---------------------------------------------------------
2018-05-28 14:13:30,080 MINING state
2018-05-28 14:13:31,094 start mining - depth 0
2018-05-28 14:13:31,095 start mining - hash 8102b1cd066804bca8c43a1585e7909c2fb5b152ea1792b2d7e167fe057bcf0f
2018-05-28 14:13:33,452 RCV reinforcement info
2018-05-28 14:13:33,456 , 0.09136132423894432
2018-05-28 14:13:33,758 RF found but not transmitted
2018-05-28 14:13:33,760 RF found
2018-05-28 14:13:33,762 SNT reinforcement_information
2018-05-28 14:13:34,813 RCV reinforcement info
2018-05-28 14:13:34,817 , 0.4701870085660793
2018-05-28 14:13:38,320 RCV reinforcement info
2018-05-28 14:13:38,323 , 0.6212332004556298
2018-05-28 14:13:38,867 RF found but not transmitted
2018-05-28 14:13:38,869 RF found
2018-05-28 14:13:38,870 SNT reinforcement_information
2018-05-28 14:13:41,556 RCV reinforcement info
2018-05-28 14:13:41,560 , 1.3446948605231472
2018-05-28 14:13:41,926 RCV reinforcement info
2018-05-28 14:13:41,929 , 2.312390403504783
2018-05-28 14:13:43,703 RF found but not transmitted
2018-05-28 14:13:43,704 hash found
2018-05-28 14:13:43,708 appended honest propose 7788649ff1 on top of 8102b1cd06
2018-05-28 14:13:43,708 REINFORCEMENT COLLECTING state
2018-05-28 14:13:43,761 SNT proposal
2018-05-28 14:13:43,897 RCV reinforcement
2018-05-28 14:13:43,912 RCV reinforcement
2018-05-28 14:13:43,918 RCV reinforcement
2018-05-28 14:13:44,406 RCV reinforcement info
2018-05-28 14:13:44,411 , 2.400911930589716
2018-05-28 14:13:44,460 RCV reinforcement
2018-05-28 14:13:44,607 RCV reinforcement info
2018-05-28 14:13:44,611 , 2.4979061959146036
2018-05-28 14:13:44,675 RCV reinforcement
2018-05-28 14:13:44,730 RCV reinforcement info
2018-05-28 14:13:44,734 , 2.599369073223273
2018-05-28 14:13:44,786 RCV reinforcement
2018-05-28 14:13:45,266 commit with 4 reinforcements
2018-05-28 14:13:45,277 appended honest commit 9ea5bfe11a on top of 7788649ff1
2018-05-28 14:13:45,290 Weight: 3.599369073223273 #RFs 10
2018-05-28 14:13:45,291 weight: 3.599369073223273
2018-05-28 14:13:45,291 , 3.599369073223273
2018-05-28 14:13:45,291 MINING state
2018-05-28 14:13:45,291 start mining - depth 1
2018-05-28 14:13:45,292 start mining - hash 9ea5bfe11aa94809e37e81d100df2df4f190c90b551a9f328c9c9ab0c22c7e00
2018-05-28 14:13:45,295 SNT commit
2018-05-28 14:13:45,375 RCV reinforcement info
2018-05-28 14:13:45,453 RCV reinforcement
2018-05-28 14:13:50,472 RF found but not transmitted
2018-05-28 14:13:50,474 RF found
2018-05-28 14:13:50,476 SNT reinforcement_information
2018-05-28 14:13:50,817 RF found but not transmitted
2018-05-28 14:13:50,819 RF found
2018-05-28 14:13:50,821 SNT reinforcement_information
2018-05-28 14:13:51,715 RCV reinforcement info
2018-05-28 14:13:51,720 , 3.8878859835950856
2018-05-28 14:13:53,672 RCV reinforcement info
2018-05-28 14:13:53,676 , 4.659280148700507
2018-05-28 14:13:54,213 RCV reinforcement info
2018-05-28 14:13:54,218 , 4.877564183060274
2018-05-28 14:13:54,574 RCV reinforcement info
2018-05-28 14:13:54,578 , 5.00310510368305
2018-05-28 14:13:56,130 RCV reinforcement info
2018-05-28 14:13:56,133 , 5.1556559745299655
2018-05-28 14:13:56,316 RF found but not transmitted
2018-05-28 14:13:58,379 RCV reinforcement info
2018-05-28 14:13:58,383 , 5.938762901354309
2018-05-28 14:14:01,988 RCV reinforcement info
2018-05-28 14:14:01,992 , 6.0548529382473975
2018-05-28 14:14:02,474 RF found but not transmitted
2018-05-28 14:14:02,477 RF found
2018-05-28 14:14:02,479 SNT reinforcement_information
2018-05-28 14:14:04,347 RF found but not transmitted
2018-05-28 14:14:04,856 RF found but not transmitted
2018-05-28 14:14:05,443 RF found but not transmitted
2018-05-28 14:14:05,444 RF found
2018-05-28 14:14:05,446 SNT reinforcement_information
2018-05-28 14:14:06,696 RF found but not transmitted
2018-05-28 14:14:07,236 RCV reinforcement info
2018-05-28 14:14:07,241 , 6.552701766014003
2018-05-28 14:14:07,505 RCV reinforcement info
2018-05-28 14:14:07,510 , 6.932732478611813
2018-05-28 14:14:08,009 RCV reinforcement info
2018-05-28 14:14:08,013 , 7.002875702720933
2018-05-28 14:14:09,610 RCV reinforcement info
2018-05-28 14:14:09,614 , 7.098072071694719
2018-05-28 14:14:10,759 RF found but not transmitted
2018-05-28 14:14:11,407 RCV reinforcement info
2018-05-28 14:14:11,412 , 7.287253096311398
2018-05-28 14:14:12,966 RCV reinforcement info
2018-05-28 14:14:12,970 , 7.356125742601024
2018-05-28 14:14:14,185 RCV reinforcement info
2018-05-28 14:14:14,189 , 7.498172432699683
2018-05-28 14:14:15,397 RCV reinforcement info
2018-05-28 14:14:15,400 , 7.589159978807716
2018-05-28 14:14:15,789 RCV reinforcement info
2018-05-28 14:14:15,793 , 7.8363156754265155
2018-05-28 14:14:16,677 RF found but not transmitted
2018-05-28 14:14:16,864 RF found but not transmitted
2018-05-28 14:14:16,867 RF found
2018-05-28 14:14:16,869 SNT reinforcement_information
2018-05-28 14:14:18,347 RCV reinforcement info
2018-05-28 14:14:18,352 , 8.303904925680454
2018-05-28 14:14:19,386 RF found but not transmitted
2018-05-28 14:14:19,387 RF found
2018-05-28 14:14:19,389 SNT reinforcement_information
2018-05-28 14:14:19,540 RCV reinforcement info
2018-05-28 14:14:19,543 , 8.575547512776513
2018-05-28 14:14:20,914 RCV reinforcement info
2018-05-28 14:14:20,918 , 8.770962804034493
2018-05-28 14:14:21,886 RCV reinforcement info
2018-05-28 14:14:21,889 , 8.83599240425906
2018-05-28 14:14:24,779 RCV reinforcement info
2018-05-28 14:14:24,783 , 9.05790708624614
2018-05-28 14:14:25,376 RF found but not transmitted
2018-05-28 14:14:25,378 RF found
2018-05-28 14:14:25,380 SNT reinforcement_information
2018-05-28 14:14:27,488 RF found but not transmitted
2018-05-28 14:14:27,489 RF found
2018-05-28 14:14:27,492 SNT reinforcement_information
2018-05-28 14:14:27,664 RCV reinforcement info
2018-05-28 14:14:27,669 , 9.489777081556564
2018-05-28 14:14:28,895 RF found but not transmitted
2018-05-28 14:14:29,966 RCV reinforcement info
2018-05-28 14:14:29,971 , 9.647473241290465
2018-05-28 14:14:30,124 RF found but not transmitted
2018-05-28 14:14:30,126 RF found
2018-05-28 14:14:30,128 SNT reinforcement_information
2018-05-28 14:14:32,411 RF found but not transmitted
2018-05-28 14:14:32,770 RCV reinforcement info
2018-05-28 14:14:32,775 , 9.787916060333908
2018-05-28 14:14:34,328 RCV reinforcement info
2018-05-28 14:14:34,336 , 9.86107261643971
2018-05-28 14:14:38,664 RCV reinforcement info
2018-05-28 14:14:38,669 , 10.116991497111371
2018-05-28 14:14:39,209 RF found but not transmitted
2018-05-28 14:14:41,048 RCV reinforcement info
2018-05-28 14:14:41,052 , 10.199340616077762
2018-05-28 14:14:41,099 RCV reinforcement info
2018-05-28 14:14:41,104 , 10.329275237132748
2018-05-28 14:14:41,170 RCV reinforcement info
2018-05-28 14:14:41,174 , 10.535210167272416
2018-05-28 14:14:42,884 RF found but not transmitted
2018-05-28 14:14:44,033 RCV proposal
2018-05-28 14:14:44,036 appended honest propose 53e068ebdb on top of 9ea5bfe11a
2018-05-28 14:14:44,037 REINFORCEMENT SENT state
2018-05-28 14:14:44,037 RFs > 0 
2018-05-28 14:14:44,040 SNT reinforcement
2018-05-28 14:14:44,130 RCV reinforcement
2018-05-28 14:14:44,150 RCV reinforcement
2018-05-28 14:14:44,184 RCV reinforcement info
2018-05-28 14:14:44,189 , 10.622749824693933
2018-05-28 14:14:44,260 RCV reinforcement
2018-05-28 14:14:45,631 RCV commit
2018-05-28 14:14:45,766 appended honest commit 9095b83014 on top of 53e068ebdb
2018-05-28 14:14:45,922 Weight: 11.535210167272417 #RFs 38
2018-05-28 14:14:45,922 weight: 11.535210167272417
2018-05-28 14:14:45,922 , 11.535210167272417
2018-05-28 14:14:45,923 MINING state
2018-05-28 14:14:45,923 start mining - depth 2
2018-05-28 14:14:45,925 start mining - hash 9095b83014e616d2f2e09698fac0a8488844d8f86184a2f04f93171453622721
2018-05-28 14:14:45,938 Hashing frequency: 7251
2018-05-28 14:14:45,941 RCV reinforcement info
2018-05-28 14:14:45,944 RCV reinforcement
2018-05-28 14:14:48,347 RCV reinforcement info
2018-05-28 14:14:48,352 , 11.619305674795879
2018-05-28 14:14:49,805 RCV reinforcement info
2018-05-28 14:14:49,809 , 11.713279282458604
2018-05-28 14:14:49,811 RF found but not transmitted
2018-05-28 14:14:51,186 RCV reinforcement info
2018-05-28 14:14:51,190 , 11.776849034928702
2018-05-28 14:14:51,646 RCV reinforcement info
2018-05-28 14:14:51,650 , 11.865142514378066
2018-05-28 14:14:51,768 RF found but not transmitted
2018-05-28 14:14:51,998 RF found but not transmitted
2018-05-28 14:14:53,488 RF found but not transmitted
2018-05-28 14:14:53,489 RF found
2018-05-28 14:14:53,491 SNT reinforcement_information
2018-05-28 14:14:59,077 RCV reinforcement info
2018-05-28 14:14:59,082 , 12.077639429819227
2018-05-28 14:14:59,921 RCV reinforcement info
2018-05-28 14:14:59,926 , 12.195104616382373
2018-05-28 14:15:02,205 RF found but not transmitted
2018-05-28 14:15:02,702 RF found but not transmitted
2018-05-28 14:15:02,704 RF found
2018-05-28 14:15:02,706 SNT reinforcement_information
2018-05-28 14:15:05,037 RCV reinforcement info
2018-05-28 14:15:05,042 , 12.489135972892601
2018-05-28 14:15:05,573 RCV reinforcement info
2018-05-28 14:15:05,578 , 12.785434345194846
2018-05-28 14:15:06,646 RCV reinforcement info
2018-05-28 14:15:06,651 , 12.862624130217897
2018-05-28 14:15:06,816 RF found but not transmitted
2018-05-28 14:15:07,763 RF found but not transmitted
2018-05-28 14:15:07,765 RF found
2018-05-28 14:15:07,767 SNT reinforcement_information
2018-05-28 14:15:10,728 RCV reinforcement info
2018-05-28 14:15:10,733 , 13.391865561722913
2018-05-28 14:15:11,089 RF found but not transmitted
2018-05-28 14:15:11,646 RF found but not transmitted
2018-05-28 14:15:13,662 RCV reinforcement info
2018-05-28 14:15:13,666 , 14.083181857428904
2018-05-28 14:15:13,746 RCV reinforcement info
2018-05-28 14:15:13,751 , 14.19520931994856
2018-05-28 14:15:14,950 RCV proposal
2018-05-28 14:15:14,953 appended honest propose 8a439499c0 on top of 9095b83014
2018-05-28 14:15:14,954 REINFORCEMENT SENT state
2018-05-28 14:15:14,954 RFs > 0 
2018-05-28 14:15:14,955 SNT reinforcement
2018-05-28 14:15:15,043 RCV reinforcement
2018-05-28 14:15:15,051 RCV reinforcement
2018-05-28 14:15:15,543 RCV reinforcement info
2018-05-28 14:15:15,548 , 14.481438542357719
2018-05-28 14:15:15,605 RCV reinforcement
2018-05-28 14:15:16,430 RCV reinforcement info
2018-05-28 14:15:16,435 , 14.570350371250154
2018-05-28 14:15:16,493 RCV reinforcement
2018-05-28 14:15:16,575 RF found but not transmitted
2018-05-28 14:15:16,577 SNT reinforcement_information
2018-05-28 14:15:16,682 SNT reinforcement
2018-05-28 14:15:16,791 RCV commit
2018-05-28 14:15:16,820 appended honest commit 93bd3b5401 on top of 8a439499c0
2018-05-28 14:15:16,841 Weight: 15.481438542357719 #RFs 16
2018-05-28 14:15:16,841 weight: 15.481438542357719
2018-05-28 14:15:16,843 , 15.481438542357719
2018-05-28 14:15:16,843 MINING state
2018-05-28 14:15:16,843 start mining - depth 3
2018-05-28 14:15:16,843 start mining - hash 93bd3b5401ff124c00bf6e41000c7627fa948bec0b395c9b918257b0435a8dd9
2018-05-28 14:15:17,052 RF found but not transmitted
2018-05-28 14:15:17,055 RF found
2018-05-28 14:15:17,058 SNT reinforcement_information
2018-05-28 14:15:17,134 RCV reinforcement info
2018-05-28 14:15:17,137 , 16.11320282218079
2018-05-28 14:15:18,193 RF found but not transmitted
2018-05-28 14:15:18,901 RF found but not transmitted
2018-05-28 14:15:18,903 RF found
2018-05-28 14:15:18,906 SNT reinforcement_information
2018-05-28 14:15:19,357 RF found but not transmitted
2018-05-28 14:15:20,959 RF found but not transmitted
2018-05-28 14:15:21,960 RCV reinforcement info
2018-05-28 14:15:21,964 , 16.30526912265849
2018-05-28 14:15:22,423 RCV reinforcement info
2018-05-28 14:15:22,426 , 16.691543334280784
2018-05-28 14:15:23,163 RF found but not transmitted
2018-05-28 14:15:23,224 RCV reinforcement info
2018-05-28 14:15:23,229 , 16.780150727496174
2018-05-28 14:15:25,172 RCV reinforcement info
2018-05-28 14:15:25,177 , 16.860253990170822
2018-05-28 14:15:26,026 RCV reinforcement info
2018-05-28 14:15:26,030 , 16.959262390486167
2018-05-28 14:15:26,250 RCV reinforcement info
2018-05-28 14:15:26,255 , 17.02482612950412
2018-05-28 14:15:26,862 RCV reinforcement info
2018-05-28 14:15:26,864 , 17.123336291192636
2018-05-28 14:15:27,019 RF found but not transmitted
2018-05-28 14:15:27,126 RF found but not transmitted
2018-05-28 14:15:27,563 RF found but not transmitted
2018-05-28 14:15:28,344 RCV reinforcement info
2018-05-28 14:15:28,348 , 17.200405147646375
2018-05-28 14:15:29,995 RF found but not transmitted
2018-05-28 14:15:31,657 RF found but not transmitted
2018-05-28 14:15:31,658 RF found
2018-05-28 14:15:31,660 SNT reinforcement_information
2018-05-28 14:15:31,747 RCV reinforcement info
2018-05-28 14:15:31,752 , 17.41727010419208
2018-05-28 14:15:32,102 RCV reinforcement info
2018-05-28 14:15:32,106 , 17.510452531741482
2018-05-28 14:15:32,573 RF found but not transmitted
2018-05-28 14:15:32,575 RF found
2018-05-28 14:15:32,577 SNT reinforcement_information
2018-05-28 14:15:32,807 RCV reinforcement info
2018-05-28 14:15:32,811 , 17.660380320791948
2018-05-28 14:15:33,619 RF found but not transmitted
2018-05-28 14:15:33,623 RF found
2018-05-28 14:15:33,625 SNT reinforcement_information
2018-05-28 14:15:34,290 RF found but not transmitted
2018-05-28 14:15:34,745 RF found but not transmitted
2018-05-28 14:15:39,559 RF found but not transmitted
2018-05-28 14:15:40,552 RF found but not transmitted
2018-05-28 14:15:41,231 RF found but not transmitted
2018-05-28 14:15:41,314 RCV reinforcement info
2018-05-28 14:15:41,319 , 17.948826560503253
2018-05-28 14:15:42,009 RF found but not transmitted
2018-05-28 14:15:42,458 RCV reinforcement info
2018-05-28 14:15:42,463 , 18.089233234000904
2018-05-28 14:15:42,882 RCV reinforcement info
2018-05-28 14:15:42,887 , 18.24615693052092
2018-05-28 14:15:43,570 RCV reinforcement info
2018-05-28 14:15:43,574 , 18.37696295545707
2018-05-28 14:15:43,712 RF found but not transmitted
2018-05-28 14:15:43,715 RF found
2018-05-28 14:15:43,718 SNT reinforcement_information
2018-05-28 14:15:43,775 RCV reinforcement info
2018-05-28 14:15:43,779 , 18.627275434791546
2018-05-28 14:15:44,272 RF found but not transmitted
2018-05-28 14:15:46,443 RCV proposal
2018-05-28 14:15:46,447 appended honest propose 19c2bb86e5 on top of 93bd3b5401
2018-05-28 14:15:46,447 REINFORCEMENT SENT state
2018-05-28 14:15:46,447 RFs > 0 
2018-05-28 14:15:46,449 SNT reinforcement
2018-05-28 14:15:46,536 RCV reinforcement
2018-05-28 14:15:46,547 RCV reinforcement
2018-05-28 14:15:47,209 RF found but not transmitted
2018-05-28 14:15:48,022 RCV commit
2018-05-28 14:15:48,114 appended honest commit 8293c7a212 on top of 19c2bb86e5
2018-05-28 14:15:48,239 Weight: 19.627275434791546 #RFs 23
2018-05-28 14:15:48,240 weight: 19.627275434791546
2018-05-28 14:15:48,240 , 19.627275434791546
2018-05-28 14:15:48,241 MINING state
2018-05-28 14:15:48,241 start mining - depth 4
2018-05-28 14:15:48,241 start mining - hash 8293c7a21219f11f4bc56f0304f8a2678449d7c88cfc63c102dd33504c042ad1
2018-05-28 14:15:48,242 Hashing frequency: 6677
2018-05-28 14:15:48,251 RCV reinforcement info
2018-05-28 14:15:48,272 RCV reinforcement
2018-05-28 14:15:48,311 RCV proposal
2018-05-28 14:15:48,315 appended malicious propose 9eb761388e on top of 93bd3b5401
2018-05-28 14:15:48,394 RCV reinforcement
2018-05-28 14:15:48,413 RCV reinforcement
2018-05-28 14:15:49,859 RCV commit
2018-05-28 14:15:49,921 appended malicious commit 86ee447be5 on top of 9eb761388e
2018-05-28 14:15:49,967 Weight: 19.88600385644273 #RFs 15
2018-05-28 14:15:49,967 weight: 19.88600385644273
2018-05-28 14:15:49,967 , 19.88600385644273
2018-05-28 14:15:52,708 RF found but not transmitted
2018-05-28 14:15:54,339 RCV reinforcement info
2018-05-28 14:15:54,344 , 19.691479862766126
2018-05-28 14:15:54,591 RCV reinforcement info
2018-05-28 14:15:54,595 , 19.763106628039633
2018-05-28 14:15:57,105 RF found but not transmitted
2018-05-28 14:15:57,107 RF found
2018-05-28 14:15:57,109 SNT reinforcement_information
2018-05-28 14:15:58,626 RCV reinforcement info
2018-05-28 14:15:58,631 , 19.990562275196577
2018-05-28 14:15:59,541 RCV reinforcement info
2018-05-28 14:15:59,545 , 20.055471623924838
2018-05-28 14:16:03,490 RCV reinforcement info
2018-05-28 14:16:03,494 , 20.320925569807198
2018-05-28 14:16:05,291 RF found but not transmitted
2018-05-28 14:16:05,550 RF found but not transmitted
2018-05-28 14:16:05,551 RF found
2018-05-28 14:16:05,553 SNT reinforcement_information
2018-05-28 14:16:05,711 RF found but not transmitted
2018-05-28 14:16:06,848 RF found but not transmitted
2018-05-28 14:16:06,850 RF found
2018-05-28 14:16:06,852 SNT reinforcement_information
2018-05-28 14:16:07,750 RCV reinforcement info
2018-05-28 14:16:07,754 , 20.63204346075581
2018-05-28 14:16:07,768 RCV reinforcement info
2018-05-28 14:16:07,772 , 20.97041085731828
2018-05-28 14:16:08,122 RCV reinforcement info
2018-05-28 14:16:08,127 , 21.058457752327993
2018-05-28 14:16:08,342 RCV reinforcement info
2018-05-28 14:16:08,346 , 21.418800665253876
2018-05-28 14:16:10,370 RF found but not transmitted
2018-05-28 14:16:10,575 RCV reinforcement info
2018-05-28 14:16:10,579 , 21.484548349951506
2018-05-28 14:16:12,891 RCV reinforcement info
2018-05-28 14:16:12,897 , 21.650227977991403
2018-05-28 14:16:14,671 RCV reinforcement info
2018-05-28 14:16:14,677 , 21.753546799105337
2018-05-28 14:16:15,114 RCV reinforcement info
2018-05-28 14:16:15,118 , 21.83184986974127
2018-05-28 14:16:15,345 RCV reinforcement info
2018-05-28 14:16:15,349 , 21.92188373249945
2018-05-28 14:16:19,324 RF found but not transmitted
2018-05-28 14:16:21,018 RCV reinforcement info
2018-05-28 14:16:21,023 , 22.189200926865315
2018-05-28 14:16:23,048 RCV reinforcement info
2018-05-28 14:16:23,052 , 22.29757529753097
2018-05-28 14:16:23,337 RCV reinforcement info
2018-05-28 14:16:23,342 , 22.46531911034883
2018-05-28 14:16:23,496 RCV reinforcement info
2018-05-28 14:16:23,500 , 22.568107888713037
2018-05-28 14:16:23,785 RF found but not transmitted
2018-05-28 14:16:25,114 RCV reinforcement info
2018-05-28 14:16:25,118 , 22.97588649618387
2018-05-28 14:16:25,869 RCV proposal
2018-05-28 14:16:25,872 appended honest propose 3f21703d0f on top of 8293c7a212
2018-05-28 14:16:25,872 REINFORCEMENT SENT state
2018-05-28 14:16:25,873 RFs > 0 
2018-05-28 14:16:25,874 SNT reinforcement
2018-05-28 14:16:25,960 RCV reinforcement
2018-05-28 14:16:25,963 RCV reinforcement info
2018-05-28 14:16:26,012 RCV reinforcement
2018-05-28 14:16:26,746 RF found but not transmitted
2018-05-28 14:16:27,330 RF found but not transmitted
2018-05-28 14:16:27,460 RCV commit
2018-05-28 14:16:27,550 appended honest commit d200426d8f on top of 3f21703d0f
2018-05-28 14:16:27,665 Weight: 24.06833516066734 #RFs 23
2018-05-28 14:16:27,665 weight: 24.06833516066734
2018-05-28 14:16:27,667 , 24.06833516066734
2018-05-28 14:16:27,668 MINING state
2018-05-28 14:16:27,668 start mining - depth 5
2018-05-28 14:16:27,668 start mining - hash d200426d8f2a6d792878bb5c5f77e62ca5934ecf330b4b222c8c0863fa9df6e6
2018-05-28 14:16:29,488 RF found but not transmitted
2018-05-28 14:16:29,492 RF found
2018-05-28 14:16:29,495 SNT reinforcement_information
2018-05-28 14:16:29,548 RCV reinforcement info
2018-05-28 14:16:29,558 , 24.27179652969505
2018-05-28 14:16:31,726 RCV reinforcement info
2018-05-28 14:16:31,730 , 24.36130619395774
2018-05-28 14:16:31,952 RCV reinforcement info
2018-05-28 14:16:31,956 , 24.424035921088812
2018-05-28 14:16:32,610 RF found but not transmitted
2018-05-28 14:16:32,612 RF found
2018-05-28 14:16:32,614 SNT reinforcement_information
2018-05-28 14:16:32,852 RF found but not transmitted
2018-05-28 14:16:32,854 RF found
2018-05-28 14:16:32,856 SNT reinforcement_information
2018-05-28 14:16:32,933 RCV proposal
2018-05-28 14:16:32,936 appended honest propose 45a8581e73 on top of d200426d8f
2018-05-28 14:16:32,937 REINFORCEMENT SENT state
2018-05-28 14:16:32,937 RFs > 0 
2018-05-28 14:16:32,938 SNT reinforcement
2018-05-28 14:16:33,016 RCV reinforcement
2018-05-28 14:16:33,487 RCV reinforcement info
2018-05-28 14:16:33,495 , 24.95675694974271
2018-05-28 14:16:33,551 RCV reinforcement
2018-05-28 14:16:34,449 RCV commit
2018-05-28 14:16:34,473 appended honest commit 92d4155cf8 on top of 45a8581e73
2018-05-28 14:16:34,493 Weight: 25.95675694974271 #RFs 7
2018-05-28 14:16:34,493 weight: 25.95675694974271
2018-05-28 14:16:34,495 , 25.95675694974271
2018-05-28 14:16:34,495 MINING state
2018-05-28 14:16:34,495 start mining - depth 6
2018-05-28 14:16:34,496 start mining - hash 92d4155cf866916e1fbf8d2138381ef8b97fd3ab6f24e3b9ad7725904ed9abd0
2018-05-28 14:16:34,636 RF found but not transmitted
2018-05-28 14:16:35,689 RF found but not transmitted
2018-05-28 14:16:35,728 RF found but not transmitted
2018-05-28 14:16:35,730 RF found
2018-05-28 14:16:35,732 SNT reinforcement_information
2018-05-28 14:16:36,411 RF found but not transmitted
2018-05-28 14:16:36,716 RCV reinforcement info
2018-05-28 14:16:36,722 , 26.16279025935262
2018-05-28 14:16:38,194 RF found but not transmitted
2018-05-28 14:16:38,955 RF found but not transmitted
2018-05-28 14:16:42,515 RF found but not transmitted
2018-05-28 14:16:44,281 RCV reinforcement info
2018-05-28 14:16:44,285 , 26.237433264502975
2018-05-28 14:16:45,684 RF found but not transmitted
2018-05-28 14:16:47,963 RF found but not transmitted
2018-05-28 14:16:49,976 RCV reinforcement info
2018-05-28 14:16:49,980 , 26.31505271393049
2018-05-28 14:16:50,155 RCV reinforcement info
2018-05-28 14:16:50,159 , 26.391290121638786
2018-05-28 14:16:50,777 RF found but not transmitted
2018-05-28 14:16:50,778 RF found
2018-05-28 14:16:50,781 SNT reinforcement_information
2018-05-28 14:16:50,866 RCV reinforcement info
2018-05-28 14:16:50,870 , 26.528001579911205
2018-05-28 14:16:53,519 RCV reinforcement info
2018-05-28 14:16:53,523 , 26.61881068568118
2018-05-28 14:16:54,036 RCV reinforcement info
2018-05-28 14:16:54,040 , 26.686250533731855
2018-05-28 14:16:54,138 RCV reinforcement info
2018-05-28 14:16:54,142 , 26.780720003935922
2018-05-28 14:16:54,675 RF found but not transmitted
2018-05-28 14:16:54,678 RF found
2018-05-28 14:16:54,681 SNT reinforcement_information
2018-05-28 14:16:55,125 RCV reinforcement info
2018-05-28 14:16:55,130 , 26.94438989228039
2018-05-28 14:16:55,760 RF found but not transmitted
2018-05-28 14:16:55,762 RF found
2018-05-28 14:16:55,765 SNT reinforcement_information
2018-05-28 14:16:56,950 RCV reinforcement info
2018-05-28 14:16:56,954 , 27.082664216290016
2018-05-28 14:16:58,111 RF found but not transmitted
2018-05-28 14:16:58,291 RCV reinforcement info
2018-05-28 14:16:58,295 , 27.146277664151405
2018-05-28 14:16:58,826 RF found but not transmitted
2018-05-28 14:16:58,827 RF found
2018-05-28 14:16:58,829 SNT reinforcement_information
2018-05-28 14:17:00,614 RF found but not transmitted
2018-05-28 14:17:00,616 RF found
2018-05-28 14:17:00,619 SNT reinforcement_information
2018-05-28 14:17:01,158 RF found but not transmitted
2018-05-28 14:17:01,160 RF found
2018-05-28 14:17:01,162 SNT reinforcement_information
2018-05-28 14:17:01,521 RCV reinforcement info
2018-05-28 14:17:01,526 , 27.494430070870877
2018-05-28 14:17:02,993 RF found but not transmitted
2018-05-28 14:17:04,066 RF found but not transmitted
2018-05-28 14:17:04,067 hash found
2018-05-28 14:17:04,070 appended honest propose 9ac945f3b3 on top of 92d4155cf8
2018-05-28 14:17:04,070 REINFORCEMENT COLLECTING state
2018-05-28 14:17:04,117 SNT proposal
2018-05-28 14:17:04,284 RCV reinforcement
2018-05-28 14:17:04,338 RCV reinforcement
2018-05-28 14:17:04,355 RCV reinforcement
2018-05-28 14:17:04,979 RF found but not transmitted
2018-05-28 14:17:04,983 SNT reinforcement_information
2018-05-28 14:17:05,036 SNT reinforcement
2018-05-28 14:17:05,091 RF found but not transmitted
2018-05-28 14:17:05,411 RF found but not transmitted
2018-05-28 14:17:05,416 SNT reinforcement_information
2018-05-28 14:17:05,478 SNT reinforcement
2018-05-28 14:17:05,569 RCV reinforcement info
2018-05-28 14:17:05,573 , 27.75748835876489
2018-05-28 14:17:05,619 commit with 4 reinforcements
2018-05-28 14:17:05,650 appended honest commit 90fc69b66a on top of 9ac945f3b3
2018-05-28 14:17:05,681 Weight: 28.494430070870877 #RFs 19
2018-05-28 14:17:05,682 weight: 28.494430070870877
2018-05-28 14:17:05,683 , 28.494430070870877
2018-05-28 14:17:05,683 MINING state
2018-05-28 14:17:05,683 start mining - depth 7
2018-05-28 14:17:05,683 start mining - hash 90fc69b66aed1374c897b63bb4922d3f94bc98c9ab30eb01a82fe0902c6486da
2018-05-28 14:17:05,684 Hashing frequency: 8271
2018-05-28 14:17:05,684 SNT commit
2018-05-28 14:17:05,779 RCV reinforcement
2018-05-28 14:17:06,136 RF found but not transmitted
2018-05-28 14:17:08,460 RCV reinforcement info
2018-05-28 14:17:08,465 , 29.410715273521635
2018-05-28 14:17:08,547 RF found but not transmitted
2018-05-28 14:17:08,566 RF found but not transmitted
2018-05-28 14:17:11,522 RCV reinforcement info
2018-05-28 14:17:11,526 , 29.497824505231307
2018-05-28 14:17:12,039 RF found but not transmitted
2018-05-28 14:17:12,400 RCV reinforcement info
2018-05-28 14:17:12,406 , 29.568257319126158
2018-05-28 14:17:12,615 RF found but not transmitted
2018-05-28 14:17:12,956 RCV reinforcement info
2018-05-28 14:17:12,961 , 29.779004009562954
2018-05-28 14:17:13,114 RCV reinforcement info
2018-05-28 14:17:13,119 , 30.273584079597338
2018-05-28 14:17:15,065 RCV reinforcement info
2018-05-28 14:17:15,070 , 30.336606179883553
2018-05-28 14:17:15,637 RCV reinforcement info
2018-05-28 14:17:15,640 , 30.430001692392562
2018-05-28 14:17:16,682 RCV reinforcement info
2018-05-28 14:17:16,686 , 30.5369066551134
2018-05-28 14:17:17,129 RCV reinforcement info
2018-05-28 14:17:17,134 , 30.992242980272724
2018-05-28 14:17:18,484 RF found but not transmitted
2018-05-28 14:17:18,486 RF found
2018-05-28 14:17:18,488 SNT reinforcement_information
2018-05-28 14:17:18,925 RF found but not transmitted
2018-05-28 14:17:18,928 RF found
2018-05-28 14:17:18,930 SNT reinforcement_information
2018-05-28 14:17:19,243 RF found but not transmitted
2018-05-28 14:17:19,838 RF found but not transmitted
2018-05-28 14:17:19,840 RF found
2018-05-28 14:17:19,842 SNT reinforcement_information
2018-05-28 14:17:20,713 RF found but not transmitted
2018-05-28 14:17:20,774 RF found but not transmitted
2018-05-28 14:17:20,863 RF found but not transmitted
2018-05-28 14:17:21,092 RCV reinforcement info
2018-05-28 14:17:21,097 , 31.86812970871982
2018-05-28 14:17:21,103 RF found but not transmitted
2018-05-28 14:17:21,158 RF found but not transmitted
2018-05-28 14:17:21,191 RF found but not transmitted
2018-05-28 14:17:21,192 RF found
2018-05-28 14:17:21,195 SNT reinforcement_information
2018-05-28 14:17:21,262 RF found but not transmitted
2018-05-28 14:17:21,263 RF found
2018-05-28 14:17:21,265 SNT reinforcement_information
2018-05-28 14:17:23,435 RCV reinforcement info
2018-05-28 14:17:23,439 , 32.42489590386585
2018-05-28 14:17:23,497 RCV reinforcement info
2018-05-28 14:17:23,501 , 32.64767314346383
2018-05-28 14:17:23,943 RF found but not transmitted
2018-05-28 14:17:25,181 RCV reinforcement info
2018-05-28 14:17:25,185 , 32.77225992110954
2018-05-28 14:17:25,432 RCV reinforcement info
2018-05-28 14:17:25,437 , 33.650248108994035
2018-05-28 14:17:26,054 RF found but not transmitted
2018-05-28 14:17:26,056 RF found
2018-05-28 14:17:26,058 SNT reinforcement_information
2018-05-28 14:17:28,022 RF found but not transmitted
2018-05-28 14:17:28,027 RF found
2018-05-28 14:17:28,030 SNT reinforcement_information
2018-05-28 14:17:28,999 RCV reinforcement info
2018-05-28 14:17:29,003 , 34.066375427767596
2018-05-28 14:17:29,168 RCV reinforcement info
2018-05-28 14:17:29,173 , 34.6648226526723
2018-05-28 14:17:29,273 RF found but not transmitted
2018-05-28 14:17:29,275 RF found
2018-05-28 14:17:29,278 SNT reinforcement_information
2018-05-28 14:17:29,483 RCV reinforcement info
2018-05-28 14:17:29,487 , 35.849055817118646
2018-05-28 14:17:32,069 RF found but not transmitted
2018-05-28 14:17:32,070 RF found
2018-05-28 14:17:32,072 SNT reinforcement_information
2018-05-28 14:17:32,620 RCV reinforcement info
2018-05-28 14:17:32,624 , 36.01502810505974
2018-05-28 14:17:33,222 RF found but not transmitted
2018-05-28 14:17:33,225 RF found
2018-05-28 14:17:33,228 SNT reinforcement_information
2018-05-28 14:17:33,992 RCV reinforcement info
2018-05-28 14:17:33,996 , 36.476829679605174
2018-05-28 14:17:34,254 RF found but not transmitted
2018-05-28 14:17:34,640 RCV reinforcement info
2018-05-28 14:17:34,646 , 37.06644499114542
2018-05-28 14:17:35,703 RF found but not transmitted
2018-05-28 14:17:35,716 RCV reinforcement info
2018-05-28 14:17:35,721 , 37.204467100106775
2018-05-28 14:17:36,018 RCV reinforcement info
2018-05-28 14:17:36,023 , 37.4894724342651
2018-05-28 14:17:36,135 RCV reinforcement info
2018-05-28 14:17:36,137 , 37.56196836145027
2018-05-28 14:17:36,274 RF found but not transmitted
2018-05-28 14:17:36,419 RCV reinforcement info
2018-05-28 14:17:36,424 , 37.69900649637908
2018-05-28 14:17:36,485 RF found but not transmitted
2018-05-28 14:17:36,918 RCV reinforcement info
2018-05-28 14:17:36,923 , 37.90695628557207
2018-05-28 14:17:39,462 RF found but not transmitted
2018-05-28 14:17:39,525 RF found but not transmitted
2018-05-28 14:17:39,946 RF found but not transmitted
2018-05-28 14:17:40,263 RF found but not transmitted
2018-05-28 14:17:40,703 RF found but not transmitted
2018-05-28 14:17:40,704 RF found
2018-05-28 14:17:40,707 SNT reinforcement_information
2018-05-28 14:17:41,523 RCV reinforcement info
2018-05-28 14:17:41,528 RF found but not transmitted
2018-05-28 14:17:41,527 , 38.1471595581658
2018-05-28 14:17:41,529 RF found
2018-05-28 14:17:41,530 SNT reinforcement_information
2018-05-28 14:17:41,708 RF found but not transmitted
2018-05-28 14:17:41,760 RCV reinforcement info
2018-05-28 14:17:41,763 , 39.088675124120286
2018-05-28 14:17:42,286 RF found but not transmitted
2018-05-28 14:17:42,290 RF found
2018-05-28 14:17:42,292 SNT reinforcement_information
2018-05-28 14:17:42,667 RCV reinforcement info
2018-05-28 14:17:42,671 , 39.56407301157934
2018-05-28 14:17:44,495 RF found but not transmitted
2018-05-28 14:17:44,799 RCV reinforcement info
2018-05-28 14:17:44,804 , 39.642843273927795
2018-05-28 14:17:45,197 RCV reinforcement info
2018-05-28 14:17:45,201 , 39.79789759098773
2018-05-28 14:17:45,470 RCV proposal
2018-05-28 14:17:45,473 appended honest propose e275525d84 on top of 90fc69b66a
2018-05-28 14:17:45,473 REINFORCEMENT SENT state
2018-05-28 14:17:45,474 RFs > 0 
2018-05-28 14:17:45,475 SNT reinforcement
2018-05-28 14:17:45,566 RCV reinforcement
2018-05-28 14:17:45,584 RCV reinforcement
2018-05-28 14:17:45,906 RCV reinforcement info
2018-05-28 14:17:45,913 , 39.89302390582412
2018-05-28 14:17:45,979 RCV reinforcement
2018-05-28 14:17:46,634 RCV reinforcement info
2018-05-28 14:17:46,640 , 40.028031011887045
2018-05-28 14:17:46,708 RCV reinforcement
2018-05-28 14:17:47,029 RCV reinforcement info
2018-05-28 14:17:47,038 , 40.22478026365896
2018-05-28 14:17:47,116 RCV reinforcement
2018-05-28 14:17:47,190 RCV commit
2018-05-28 14:17:47,372 appended honest commit 4fa93838b6 on top of e275525d84
2018-05-28 14:17:47,525 Weight: 40.79789759098772 #RFs 43
2018-05-28 14:17:47,525 weight: 40.79789759098772
2018-05-28 14:17:47,525 , 40.79789759098772
2018-05-28 14:17:47,526 MINING state
2018-05-28 14:17:47,526 start mining - depth 8
2018-05-28 14:17:47,526 start mining - hash 4fa93838b62bc531f20ad1686959b80fd6422bcc02cc8e71aee6749130d4f474
2018-05-28 14:17:47,852 RCV reinforcement info
2018-05-28 14:17:47,858 , 40.94342318265188
2018-05-28 14:17:50,007 RF found but not transmitted
2018-05-28 14:17:50,183 RF found but not transmitted
2018-05-28 14:17:50,274 RF found but not transmitted
2018-05-28 14:17:50,640 RCV reinforcement info
2018-05-28 14:17:50,645 , 41.07397161779241
2018-05-28 14:17:50,781 RF found but not transmitted
2018-05-28 14:17:50,878 RF found but not transmitted
2018-05-28 14:17:51,649 RCV reinforcement info
2018-05-28 14:17:51,653 , 41.136973861433894
2018-05-28 14:17:52,107 RF found but not transmitted
2018-05-28 14:17:52,111 RF found
2018-05-28 14:17:52,114 SNT reinforcement_information
2018-05-28 14:17:53,954 RCV proposal
2018-05-28 14:17:53,957 appended honest propose 4d2729edc9 on top of 4fa93838b6
2018-05-28 14:17:53,958 REINFORCEMENT SENT state
2018-05-28 14:17:53,958 RFs > 0 
2018-05-28 14:17:53,961 SNT reinforcement
2018-05-28 14:17:54,022 RF found but not transmitted
2018-05-28 14:17:54,032 RCV reinforcement
2018-05-28 14:17:54,333 RF found but not transmitted
2018-05-28 14:17:54,337 SNT reinforcement_information
2018-05-28 14:17:54,401 SNT reinforcement
2018-05-28 14:17:55,031 RF found but not transmitted
2018-05-28 14:17:55,487 RCV commit
2018-05-28 14:17:55,506 appended honest commit eff458a9ae on top of 4d2729edc9
2018-05-28 14:17:55,518 Weight: 42.56156314249656 #RFs 5
2018-05-28 14:17:55,518 weight: 42.56156314249656
2018-05-28 14:17:55,518 , 42.56156314249656
2018-05-28 14:17:55,522 MINING state
2018-05-28 14:17:55,522 start mining - depth 9
2018-05-28 14:17:55,523 start mining - hash eff458a9ae3c37d6b1fc5ac87dce0b41a831bf715011d25025cde898634b2383
2018-05-28 14:17:56,302 RCV reinforcement info
2018-05-28 14:17:56,307 , 42.82765023297419
2018-05-28 14:17:56,509 RF found but not transmitted
2018-05-28 14:17:58,102 RF found but not transmitted
2018-05-28 14:17:58,104 RF found
2018-05-28 14:17:58,108 SNT reinforcement_information
2018-05-28 14:17:59,073 RF found but not transmitted
2018-05-28 14:17:59,077 RF found
2018-05-28 14:17:59,079 SNT reinforcement_information
2018-05-28 14:17:59,347 RF found but not transmitted
2018-05-28 14:17:59,456 RF found but not transmitted
2018-05-28 14:17:59,460 RF found
2018-05-28 14:17:59,462 SNT reinforcement_information
2018-05-28 14:18:00,129 RF found but not transmitted
2018-05-28 14:18:00,550 RCV reinforcement info
2018-05-28 14:18:00,554 , 43.525925506722764
2018-05-28 14:18:01,403 RF found but not transmitted
2018-05-28 14:18:01,460 RCV reinforcement info
2018-05-28 14:18:01,464 , 43.615653480788296
2018-05-28 14:18:01,801 RCV reinforcement info
2018-05-28 14:18:01,805 , 43.6858546900656
2018-05-28 14:18:01,821 RCV reinforcement info
2018-05-28 14:18:01,825 , 43.75149505277537
2018-05-28 14:18:02,018 RF found but not transmitted
2018-05-28 14:18:02,436 RF found but not transmitted
2018-05-28 14:18:02,437 RF found
2018-05-28 14:18:02,439 SNT reinforcement_information
2018-05-28 14:18:02,555 RCV reinforcement info
2018-05-28 14:18:02,560 , 44.14182588692187
2018-05-28 14:18:03,286 RF found but not transmitted
2018-05-28 14:18:04,365 RF found but not transmitted
2018-05-28 14:18:04,368 RF found
2018-05-28 14:18:04,372 SNT reinforcement_information
2018-05-28 14:18:04,606 RF found but not transmitted
2018-05-28 14:18:05,693 RF found but not transmitted
2018-05-28 14:18:05,896 RF found but not transmitted
2018-05-28 14:18:05,897 RF found
2018-05-28 14:18:05,901 SNT reinforcement_information
2018-05-28 14:18:07,458 RF found but not transmitted
2018-05-28 14:18:07,919 RF found but not transmitted
2018-05-28 14:18:08,991 RF found but not transmitted
2018-05-28 14:18:08,994 RF found
2018-05-28 14:18:08,996 SNT reinforcement_information
2018-05-28 14:18:10,479 RCV reinforcement info
2018-05-28 14:18:10,483 , 44.760012630741514
2018-05-28 14:18:11,053 RCV reinforcement info
2018-05-28 14:18:11,057 , 44.8264475204591
2018-05-28 14:18:11,946 RCV proposal
2018-05-28 14:18:11,955 appended malicious propose c41933c9c5 on top of 86ee447be5
2018-05-28 14:18:12,030 RCV reinforcement
2018-05-28 14:18:12,042 RCV reinforcement
2018-05-28 14:18:12,514 RF found but not transmitted
2018-05-28 14:18:12,906 RCV reinforcement info
2018-05-28 14:18:12,910 , 44.90170754333212
2018-05-28 14:18:13,727 RCV commit
2018-05-28 14:18:14,059 appended malicious commit 8d501554e5 on top of c41933c9c5
2018-05-28 14:18:14,388 Weight: 36.13987385837913 #RFs 94
2018-05-28 14:18:14,389 weight: 36.13987385837913
2018-05-28 14:18:14,389 , 36.13987385837913
2018-05-28 14:18:14,409 RF found but not transmitted
2018-05-28 14:18:14,410 RF found
2018-05-28 14:18:14,411 SNT reinforcement_information
2018-05-28 14:18:15,071 RCV reinforcement info
2018-05-28 14:18:15,076 , 45.03723226491044
2018-05-28 14:18:15,458 RCV reinforcement info
2018-05-28 14:18:15,462 , 45.142405418059354
2018-05-28 14:18:18,686 RF found but not transmitted
2018-05-28 14:18:20,612 RCV reinforcement info
2018-05-28 14:18:20,616 , 45.207032967596525
2018-05-28 14:18:22,418 RCV reinforcement info
2018-05-28 14:18:22,422 , 45.33780219312725
2018-05-28 14:18:22,572 RF found but not transmitted
2018-05-28 14:18:23,437 RF found but not transmitted
2018-05-28 14:18:23,441 RF found
2018-05-28 14:18:23,443 SNT reinforcement_information
2018-05-28 14:18:23,975 RF found but not transmitted
2018-05-28 14:18:24,138 RCV proposal
2018-05-28 14:18:24,142 appended malicious propose 6cdc29fff9 on top of 8d501554e5
2018-05-28 14:18:24,213 RCV reinforcement
2018-05-28 14:18:24,222 RCV reinforcement
2018-05-28 14:18:24,704 RCV reinforcement
2018-05-28 14:18:25,317 RCV reinforcement
2018-05-28 14:18:25,660 RCV commit
2018-05-28 14:18:25,667 appended malicious commit d2988a46a3 on top of 6cdc29fff9
2018-05-28 14:18:25,674 Weight: 37.28781586109576 #RFs 2
2018-05-28 14:18:25,674 weight: 37.28781586109576
2018-05-28 14:18:25,674 , 37.28781586109576
2018-05-28 14:18:26,572 RCV reinforcement info
2018-05-28 14:18:26,576 , 45.51524110749459
2018-05-28 14:18:26,937 RF found but not transmitted
2018-05-28 14:18:28,312 RF found but not transmitted
2018-05-28 14:18:28,944 RF found but not transmitted
2018-05-28 14:18:28,946 RF found
2018-05-28 14:18:28,948 SNT reinforcement_information
2018-05-28 14:18:29,045 RCV reinforcement info
2018-05-28 14:18:29,049 , 45.71275537845938
2018-05-28 14:18:29,211 RF found but not transmitted
2018-05-28 14:18:29,215 RF found
2018-05-28 14:18:29,217 SNT reinforcement_information
2018-05-28 14:18:29,586 RCV reinforcement info
2018-05-28 14:18:29,591 , 46.08376235824453
2018-05-28 14:18:30,274 RF found but not transmitted
2018-05-28 14:18:31,193 RCV reinforcement info
2018-05-28 14:18:31,196 , 46.17004366695336
2018-05-28 14:18:31,515 RF found but not transmitted
2018-05-28 14:18:31,740 RCV reinforcement info
2018-05-28 14:18:31,744 , 46.25349721274533
2018-05-28 14:18:32,456 RF found but not transmitted
2018-05-28 14:18:32,554 RCV reinforcement info
2018-05-28 14:18:32,558 , 46.402503927752456
2018-05-28 14:18:33,226 RF found but not transmitted
2018-05-28 14:18:33,942 RF found but not transmitted
2018-05-28 14:18:33,943 RF found
2018-05-28 14:18:33,946 SNT reinforcement_information
2018-05-28 14:18:35,212 RF found but not transmitted
2018-05-28 14:18:36,249 RF found but not transmitted
2018-05-28 14:18:36,252 RF found
2018-05-28 14:18:36,254 SNT reinforcement_information
2018-05-28 14:18:36,450 RF found but not transmitted
2018-05-28 14:18:40,171 RCV proposal
2018-05-28 14:18:40,175 appended honest propose 8b6d288093 on top of eff458a9ae
2018-05-28 14:18:40,175 REINFORCEMENT SENT state
2018-05-28 14:18:40,175 RFs > 0 
2018-05-28 14:18:40,176 SNT reinforcement
2018-05-28 14:18:40,277 RCV reinforcement
2018-05-28 14:18:40,301 RCV reinforcement
2018-05-28 14:18:41,176 RCV reinforcement info
2018-05-28 14:18:41,181 , 46.886111258690555
2018-05-28 14:18:41,249 RCV reinforcement
2018-05-28 14:18:41,335 RCV reinforcement info
2018-05-28 14:18:41,340 , 47.15167132281997
2018-05-28 14:18:41,400 RCV reinforcement
2018-05-28 14:18:41,785 RCV commit
2018-05-28 14:18:41,914 appended honest commit 187a90c8ed on top of 8b6d288093
2018-05-28 14:18:42,069 Weight: 47.886111258690555 #RFs 33
2018-05-28 14:18:42,071 weight: 47.886111258690555
2018-05-28 14:18:42,073 , 47.886111258690555
2018-05-28 14:18:42,073 MINING state
2018-05-28 14:18:42,073 start mining - depth 10
2018-05-28 14:18:42,074 start mining - hash 187a90c8ed0de700791cac306128f7363103fa5595407fd0a9ec65b6b5f15b25
2018-05-28 14:18:42,074 Hashing frequency: 15327
2018-05-28 14:18:42,440 RF found but not transmitted
2018-05-28 14:18:43,891 RF found but not transmitted
2018-05-28 14:18:43,893 RF found
2018-05-28 14:18:43,895 SNT reinforcement_information
2018-05-28 14:18:44,582 RCV reinforcement info
2018-05-28 14:18:44,585 , 48.0887407211524
2018-05-28 14:18:44,986 RCV reinforcement info
2018-05-28 14:18:44,991 , 48.81751488766604
2018-05-28 14:18:47,360 RF found but not transmitted
2018-05-28 14:18:47,982 RCV reinforcement info
2018-05-28 14:18:47,987 , 49.100033028375954
2018-05-28 14:18:48,888 RCV reinforcement info
2018-05-28 14:18:48,892 , 49.24774276107883
2018-05-28 14:18:49,544 RCV reinforcement info
2018-05-28 14:18:49,548 , 49.35160127752474
2018-05-28 14:18:50,505 RF found but not transmitted
2018-05-28 14:18:50,508 RF found
2018-05-28 14:18:50,512 SNT reinforcement_information
2018-05-28 14:18:50,984 RF found but not transmitted
2018-05-28 14:18:51,296 RCV reinforcement info
2018-05-28 14:18:51,301 , 49.49873064778374
2018-05-28 14:18:51,303 RF found but not transmitted
2018-05-28 14:18:52,440 RF found but not transmitted
2018-05-28 14:18:52,443 hash found
2018-05-28 14:18:52,447 appended honest propose 1937861e8c on top of 187a90c8ed
2018-05-28 14:18:52,447 REINFORCEMENT COLLECTING state
2018-05-28 14:18:52,505 SNT proposal
2018-05-28 14:18:52,599 RCV reinforcement info
2018-05-28 14:18:52,604 , 49.578506328866844
2018-05-28 14:18:52,681 RCV reinforcement
2018-05-28 14:18:52,691 RCV reinforcement
2018-05-28 14:18:52,702 RCV reinforcement
2018-05-28 14:18:52,749 RF found but not transmitted
2018-05-28 14:18:53,985 RF found but not transmitted
2018-05-28 14:18:54,013 commit with 4 reinforcements
2018-05-28 14:18:54,039 appended honest commit 16fb2869eb on top of 1937861e8c
2018-05-28 14:18:54,059 Weight: 50.578506328866844 #RFs 9
2018-05-28 14:18:54,059 weight: 50.578506328866844
2018-05-28 14:18:54,059 , 50.578506328866844
2018-05-28 14:18:54,060 MINING state
2018-05-28 14:18:54,060 start mining - depth 11
2018-05-28 14:18:54,060 start mining - hash 16fb2869ebe9cc8d91db288d483d25d3e2c077113e565d3183ec1483600f4168
2018-05-28 14:18:54,061 SNT commit
2018-05-28 14:18:54,311 RCV proposal
2018-05-28 14:18:54,316 appended honest propose 3a4e6f15d4 on top of 16fb2869eb
2018-05-28 14:18:54,317 REINFORCEMENT SENT state
2018-05-28 14:18:54,774 RF found but not transmitted
2018-05-28 14:18:54,780 SNT reinforcement_information
2018-05-28 14:18:54,852 SNT reinforcement
2018-05-28 14:18:54,899 RF found but not transmitted
2018-05-28 14:18:55,125 RCV reinforcement info
2018-05-28 14:18:55,132 , 50.988766001046294
2018-05-28 14:18:55,205 RCV proposal
2018-05-28 14:18:55,224 appended malicious propose 29d4548a20 on top of d2988a46a3
2018-05-28 14:18:55,232 RCV reinforcement
2018-05-28 14:18:55,290 RCV reinforcement
2018-05-28 14:18:55,294 RCV reinforcement
2018-05-28 14:18:55,823 RCV commit
2018-05-28 14:18:55,826 appended honest commit 659e84bcf7 on top of 3a4e6f15d4
2018-05-28 14:18:55,828 Weight: 51.91717527535629 #RFs 1
2018-05-28 14:18:55,829 weight: 51.91717527535629
2018-05-28 14:18:55,829 , 51.91717527535629
2018-05-28 14:18:55,829 MINING state
2018-05-28 14:18:55,830 start mining - depth 12
2018-05-28 14:18:55,830 start mining - hash 659e84bcf7be76c2771c58dfc15f0e3447c1f2eeabe0397ddfc3376383bb166d
2018-05-28 14:18:56,051 RCV reinforcement info
2018-05-28 14:18:56,055 , 52.01290527749146
2018-05-28 14:18:56,250 RF found but not transmitted
2018-05-28 14:18:56,452 RCV reinforcement
2018-05-28 14:18:56,747 RCV commit
2018-05-28 14:18:56,811 appended malicious commit 7154d1b5fb on top of 29d4548a20
2018-05-28 14:18:56,877 Weight: 41.67631428429298 #RFs 17
2018-05-28 14:18:56,878 weight: 41.67631428429298
2018-05-28 14:18:56,878 , 41.67631428429298
2018-05-28 14:18:56,891 RCV reinforcement
2018-05-28 14:18:57,472 RF found but not transmitted
2018-05-28 14:18:57,473 RF found
2018-05-28 14:18:57,474 SNT reinforcement_information
2018-05-28 14:18:57,836 RF found but not transmitted
2018-05-28 14:18:57,862 RCV reinforcement info
2018-05-28 14:18:57,866 , 52.56318638438682
2018-05-28 14:18:58,091 RCV reinforcement info
2018-05-28 14:18:58,095 , 52.95457781851707
2018-05-28 14:18:58,172 RF found but not transmitted
2018-05-28 14:18:59,547 RCV proposal
2018-05-28 14:18:59,550 appended malicious propose 38017abcc5 on top of 7154d1b5fb
2018-05-28 14:18:59,613 RCV reinforcement
2018-05-28 14:18:59,626 RCV reinforcement
2018-05-28 14:18:59,960 RCV reinforcement
2018-05-28 14:19:00,036 RCV reinforcement info
2018-05-28 14:19:00,040 , 53.326845878721386
2018-05-28 14:19:00,061 RCV reinforcement
2018-05-28 14:19:00,670 RF found but not transmitted
2018-05-28 14:19:01,000 RF found but not transmitted
2018-05-28 14:19:01,060 RCV reinforcement info
2018-05-28 14:19:01,064 , 53.41695154080211
2018-05-28 14:19:01,078 RCV commit
2018-05-28 14:19:01,091 appended malicious commit aa958ce9e3 on top of 38017abcc5
2018-05-28 14:19:01,103 Weight: 43.35627332015121 #RFs 4
2018-05-28 14:19:01,104 weight: 43.35627332015121
2018-05-28 14:19:01,104 , 43.35627332015121
2018-05-28 14:19:01,694 RCV reinforcement info
2018-05-28 14:19:01,697 , 53.48753021044514
2018-05-28 14:19:01,816 RCV reinforcement info
2018-05-28 14:19:01,820 , 53.955135846775406
2018-05-28 14:19:01,823 RCV reinforcement info
2018-05-28 14:19:01,833 , 54.16459727182957
2018-05-28 14:19:02,159 RCV reinforcement info
2018-05-28 14:19:02,163 , 54.264310126599966
2018-05-28 14:19:02,611 RF found but not transmitted
2018-05-28 14:19:02,615 RF found
2018-05-28 14:19:02,618 SNT reinforcement_information
2018-05-28 14:19:03,791 RF found but not transmitted
2018-05-28 14:19:04,585 RCV reinforcement info
2018-05-28 14:19:04,589 , 54.593050659758035
2018-05-28 14:19:05,580 RF found but not transmitted
2018-05-28 14:19:05,584 hash found
2018-05-28 14:19:05,589 appended honest propose 4c76aaad8f on top of 659e84bcf7
2018-05-28 14:19:05,589 REINFORCEMENT COLLECTING state
2018-05-28 14:19:05,650 SNT proposal
2018-05-28 14:19:05,810 RCV reinforcement
2018-05-28 14:19:05,829 RCV reinforcement
2018-05-28 14:19:05,839 RCV reinforcement
2018-05-28 14:19:07,154 commit with 4 reinforcements
2018-05-28 14:19:07,175 appended honest commit 5f5b38f3a5 on top of 4c76aaad8f
2018-05-28 14:19:07,190 Weight: 55.593050659758035 #RFs 12
2018-05-28 14:19:07,190 weight: 55.593050659758035
2018-05-28 14:19:07,193 , 55.593050659758035
2018-05-28 14:19:07,193 MINING state
2018-05-28 14:19:07,194 start mining - depth 13
2018-05-28 14:19:07,194 start mining - hash 5f5b38f3a58f5e7fc50d766084da7f2f6cbeb5c5f92af6e19f63b7ca194bb849
2018-05-28 14:19:07,195 SNT commit
2018-05-28 14:19:07,307 RCV reinforcement info
2018-05-28 14:19:07,422 RCV reinforcement
2018-05-28 14:19:07,806 RF found but not transmitted
2018-05-28 14:19:08,553 RCV reinforcement info
2018-05-28 14:19:08,559 , 55.69066667178115
2018-05-28 14:19:09,359 RF found but not transmitted
2018-05-28 14:19:09,362 RF found
2018-05-28 14:19:09,366 SNT reinforcement_information
2018-05-28 14:19:09,383 RF found but not transmitted
2018-05-28 14:19:09,558 RF found but not transmitted
2018-05-28 14:19:09,855 RF found but not transmitted
2018-05-28 14:19:09,856 RF found
2018-05-28 14:19:09,857 SNT reinforcement_information
2018-05-28 14:19:10,164 RCV reinforcement info
2018-05-28 14:19:10,168 , 55.949805358314585
2018-05-28 14:19:10,804 RF found but not transmitted
2018-05-28 14:19:11,237 RF found but not transmitted
2018-05-28 14:19:11,576 RF found but not transmitted
2018-05-28 14:19:11,638 RF found but not transmitted
2018-05-28 14:19:12,549 RCV reinforcement info
2018-05-28 14:19:12,553 , 56.16431430465316
2018-05-28 14:19:12,995 RCV reinforcement info
2018-05-28 14:19:13,000 , 56.290683918585515
2018-05-28 14:19:14,739 RCV reinforcement info
2018-05-28 14:19:14,743 , 56.627723158456455
2018-05-28 14:19:15,358 RF found but not transmitted
2018-05-28 14:19:15,359 RF found
2018-05-28 14:19:15,361 SNT reinforcement_information
2018-05-28 14:19:15,458 RCV proposal
2018-05-28 14:19:15,461 appended honest propose b6f82d83f4 on top of 5f5b38f3a5
2018-05-28 14:19:15,461 REINFORCEMENT SENT state
2018-05-28 14:19:15,461 RFs > 0 
2018-05-28 14:19:15,462 SNT reinforcement
2018-05-28 14:19:15,561 RCV reinforcement
2018-05-28 14:19:15,566 RCV reinforcement
2018-05-28 14:19:15,776 RF found but not transmitted
2018-05-28 14:19:15,780 SNT reinforcement_information
2018-05-28 14:19:15,859 SNT reinforcement
2018-05-28 14:19:16,563 RCV proposal
2018-05-28 14:19:16,566 appended malicious propose 42c7874a69 on top of aa958ce9e3
2018-05-28 14:19:16,638 RCV reinforcement
2018-05-28 14:19:16,644 RCV reinforcement
2018-05-28 14:19:16,907 RCV commit
2018-05-28 14:19:16,950 appended honest commit 35f40a563e on top of b6f82d83f4
2018-05-28 14:19:16,976 Weight: 57.86893310996757 #RFs 9
2018-05-28 14:19:16,976 weight: 57.86893310996757
2018-05-28 14:19:16,976 , 57.86893310996757
2018-05-28 14:19:16,976 MINING state
2018-05-28 14:19:16,980 start mining - depth 14
2018-05-28 14:19:16,980 start mining - hash 35f40a563ecb9c72ad446937533c0d9ee43bf5e93c6329a78ebcafc3a4d5b5fd
2018-05-28 14:19:17,529 RCV reinforcement info
2018-05-28 14:19:17,532 , 57.9357950778787
2018-05-28 14:19:17,952 RCV reinforcement
2018-05-28 14:19:18,101 RCV commit
2018-05-28 14:19:18,143 appended malicious commit 585078d7f9 on top of 42c7874a69
2018-05-28 14:19:18,161 Weight: 45.70222730458591 #RFs 8
2018-05-28 14:19:18,161 weight: 45.70222730458591
2018-05-28 14:19:18,161 , 45.70222730458591
2018-05-28 14:19:19,562 RF found but not transmitted
2018-05-28 14:19:19,567 RF found
2018-05-28 14:19:19,569 SNT reinforcement_information
2018-05-28 14:19:20,132 RF found but not transmitted
2018-05-28 14:19:21,009 RF found but not transmitted
2018-05-28 14:19:21,888 RCV reinforcement info
2018-05-28 14:19:21,892 , 58.21844873887995
2018-05-28 14:19:22,674 RF found but not transmitted
2018-05-28 14:19:23,267 RF found but not transmitted
2018-05-28 14:19:24,443 RF found but not transmitted
2018-05-28 14:19:24,445 RF found
2018-05-28 14:19:24,447 SNT reinforcement_information
2018-05-28 14:19:24,589 RF found but not transmitted
2018-05-28 14:19:24,591 RF found
2018-05-28 14:19:24,593 SNT reinforcement_information
2018-05-28 14:19:25,203 RF found but not transmitted
2018-05-28 14:19:25,546 RF found but not transmitted
2018-05-28 14:19:25,833 RCV reinforcement info
2018-05-28 14:19:25,838 , 58.78501089525764
2018-05-28 14:19:25,955 RF found but not transmitted
2018-05-28 14:19:26,460 RF found but not transmitted
2018-05-28 14:19:26,831 RF found but not transmitted
2018-05-28 14:19:28,181 RCV reinforcement info
2018-05-28 14:19:28,186 , 58.88619045434027
2018-05-28 14:19:28,368 RCV reinforcement info
2018-05-28 14:19:28,373 , 58.966794142352235
2018-05-28 14:19:28,455 RF found but not transmitted
2018-05-28 14:19:28,459 RF found
2018-05-28 14:19:28,462 SNT reinforcement_information
2018-05-28 14:19:29,274 RF found but not transmitted
2018-05-28 14:19:29,931 RF found but not transmitted
2018-05-28 14:19:31,218 RF found but not transmitted
2018-05-28 14:19:31,364 RF found but not transmitted
2018-05-28 14:19:31,887 RF found but not transmitted
2018-05-28 14:19:32,075 RF found but not transmitted
2018-05-28 14:19:32,078 RF found
2018-05-28 14:19:32,080 SNT reinforcement_information
2018-05-28 14:19:32,135 RF found but not transmitted
2018-05-28 14:19:33,238 RF found but not transmitted
2018-05-28 14:19:33,606 RF found but not transmitted
2018-05-28 14:19:33,879 RF found but not transmitted
2018-05-28 14:19:34,074 RF found but not transmitted
2018-05-28 14:19:34,613 RCV reinforcement info
2018-05-28 14:19:34,621 , 59.19928992431306
2018-05-28 14:19:34,661 RF found but not transmitted
2018-05-28 14:19:35,515 RF found but not transmitted
2018-05-28 14:19:35,733 RCV proposal
2018-05-28 14:19:35,736 appended honest propose 8be35d3b1e on top of 35f40a563e
2018-05-28 14:19:35,737 REINFORCEMENT SENT state
2018-05-28 14:19:35,737 RFs > 0 
2018-05-28 14:19:35,738 SNT reinforcement
2018-05-28 14:19:35,846 RCV reinforcement
2018-05-28 14:19:35,857 RCV reinforcement
2018-05-28 14:19:36,375 RCV proposal
2018-05-28 14:19:36,378 appended malicious propose bdf2c3e437 on top of 585078d7f9
2018-05-28 14:19:36,440 RCV reinforcement
2018-05-28 14:19:36,452 RCV reinforcement
2018-05-28 14:19:36,542 RCV reinforcement info
2018-05-28 14:19:36,547 , 59.53816062407839
2018-05-28 14:19:36,605 RCV reinforcement
2018-05-28 14:19:37,240 RCV reinforcement info
2018-05-28 14:19:37,248 , 59.65148264427972
2018-05-28 14:19:37,351 RCV reinforcement
2018-05-28 14:19:37,410 RF found but not transmitted
2018-05-28 14:19:37,480 RF found but not transmitted
2018-05-28 14:19:37,498 RCV commit
2018-05-28 14:19:37,579 appended honest commit 43e486ffcc on top of 8be35d3b1e
2018-05-28 14:19:37,610 Weight: 60.53816062407839 #RFs 12
2018-05-28 14:19:37,610 weight: 60.53816062407839
2018-05-28 14:19:37,614 , 60.53816062407839
2018-05-28 14:19:37,615 MINING state
2018-05-28 14:19:37,615 start mining - depth 15
2018-05-28 14:19:37,616 start mining - hash 43e486ffcca47a4f32bc51aa854ae4a8224e767e4f28412b85edb08533c14a67
2018-05-28 14:19:37,661 RF found but not transmitted
2018-05-28 14:19:37,693 RCV reinforcement
2018-05-28 14:19:37,939 RCV commit
2018-05-28 14:19:38,006 appended malicious commit 0451ff788e on top of bdf2c3e437
2018-05-28 14:19:38,062 Weight: 49.88019276394406 #RFs 13
2018-05-28 14:19:38,062 weight: 49.88019276394406
2018-05-28 14:19:38,065 , 49.88019276394406
2018-05-28 14:19:39,296 RCV reinforcement info
2018-05-28 14:19:39,301 , 61.40078528286563
2018-05-28 14:19:40,338 RF found but not transmitted
2018-05-28 14:19:40,619 RCV reinforcement info
2018-05-28 14:19:40,624 , 61.51775215835698
2018-05-28 14:19:40,920 RF found but not transmitted
2018-05-28 14:19:41,269 RCV reinforcement info
2018-05-28 14:19:41,273 , 61.6623923666174
2018-05-28 14:19:41,530 RF found but not transmitted
2018-05-28 14:19:42,242 RCV reinforcement info
2018-05-28 14:19:42,246 , 61.871800699158705
2018-05-28 14:19:43,226 RF found but not transmitted
2018-05-28 14:19:43,227 RF found
2018-05-28 14:19:43,228 SNT reinforcement_information
2018-05-28 14:19:43,387 RF found but not transmitted
2018-05-28 14:19:43,538 RF found but not transmitted
2018-05-28 14:19:43,659 RCV reinforcement info
2018-05-28 14:19:43,661 , 62.04001539408168
2018-05-28 14:19:46,549 RF found but not transmitted
2018-05-28 14:19:47,360 RCV reinforcement info
2018-05-28 14:19:47,365 , 62.23339306233465
2018-05-28 14:19:47,383 RCV reinforcement info
2018-05-28 14:19:47,388 , 62.38285444067837
2018-05-28 14:19:47,469 RF found but not transmitted
2018-05-28 14:19:48,431 RF found but not transmitted
2018-05-28 14:19:48,432 RF found
2018-05-28 14:19:48,433 SNT reinforcement_information
2018-05-28 14:19:48,504 RCV reinforcement info
2018-05-28 14:19:48,509 , 62.518760304824895
2018-05-28 14:19:49,014 RF found but not transmitted
2018-05-28 14:19:49,736 RF found but not transmitted
2018-05-28 14:19:50,295 RCV reinforcement info
2018-05-28 14:19:50,300 , 62.7518550979541
2018-05-28 14:19:50,607 RF found but not transmitted
2018-05-28 14:19:51,219 RF found but not transmitted
2018-05-28 14:19:51,222 RF found
2018-05-28 14:19:51,226 SNT reinforcement_information
2018-05-28 14:19:52,469 RF found but not transmitted
2018-05-28 14:19:52,863 RCV proposal
2018-05-28 14:19:52,866 appended honest propose 67740ab6dc on top of 43e486ffcc
2018-05-28 14:19:52,866 REINFORCEMENT SENT state
2018-05-28 14:19:52,867 RFs > 0 
2018-05-28 14:19:52,868 SNT reinforcement
2018-05-28 14:19:52,981 RF found but not transmitted
2018-05-28 14:19:53,005 SNT reinforcement_information
2018-05-28 14:19:53,019 RF found but not transmitted
2018-05-28 14:19:53,022 RF found but not transmitted
2018-05-28 14:19:53,107 SNT reinforcement
2018-05-28 14:19:53,200 RCV reinforcement info
2018-05-28 14:19:53,207 , 63.09505999735056
2018-05-28 14:19:53,216 RCV reinforcement
2018-05-28 14:19:53,219 RCV reinforcement
2018-05-28 14:19:53,221 RCV reinforcement
2018-05-28 14:19:53,564 RCV reinforcement info
2018-05-28 14:19:53,576 , 63.260698251592025
2018-05-28 14:19:53,642 RCV reinforcement
2018-05-28 14:19:54,171 RCV reinforcement info
2018-05-28 14:19:54,176 , 63.52158998860205
2018-05-28 14:19:54,245 RCV reinforcement
2018-05-28 14:19:54,424 RCV commit
2018-05-28 14:19:54,468 appended honest commit 711ade3091 on top of 67740ab6dc
2018-05-28 14:19:54,577 RF found but not transmitted
2018-05-28 14:19:54,582 Weight: 64.21697312468253 #RFs 14
2018-05-28 14:19:54,582 weight: 64.21697312468253
2018-05-28 14:19:54,583 , 64.21697312468253
2018-05-28 14:19:54,584 MINING state
2018-05-28 14:19:54,584 start mining - depth 16
2018-05-28 14:19:54,585 start mining - hash 711ade30918ef3d2f1933299731fde81af8ea88ab030f8a1ec8b1026ba20804f
2018-05-28 14:19:54,585 Hashing frequency: 17058
2018-05-28 14:19:54,975 RCV reinforcement info
2018-05-28 14:19:54,982 , 64.7137716740071
2018-05-28 14:19:55,026 RF found but not transmitted
2018-05-28 14:19:55,640 RF found but not transmitted
2018-05-28 14:19:56,690 RF found but not transmitted
2018-05-28 14:19:58,571 RF found but not transmitted
2018-05-28 14:19:58,768 RF found but not transmitted
2018-05-28 14:19:58,895 RCV reinforcement info
2018-05-28 14:19:58,899 , 64.85418607722137
2018-05-28 14:19:59,814 RF found but not transmitted
2018-05-28 14:19:59,832 RF found but not transmitted
2018-05-28 14:19:59,833 RF found
2018-05-28 14:19:59,836 SNT reinforcement_information
2018-05-28 14:19:59,930 RF found but not transmitted
2018-05-28 14:20:00,144 RF found but not transmitted
2018-05-28 14:20:00,867 RF found but not transmitted
2018-05-28 14:20:01,673 RCV reinforcement info
2018-05-28 14:20:01,677 , 65.0538200421775
2018-05-28 14:20:02,254 RF found but not transmitted
2018-05-28 14:20:03,404 RF found but not transmitted
2018-05-28 14:20:05,603 RCV reinforcement info
2018-05-28 14:20:05,607 , 66.0404959526177
2018-05-28 14:20:06,259 RCV reinforcement info
2018-05-28 14:20:06,261 , 66.1162888256626
2018-05-28 14:20:06,344 RF found but not transmitted
2018-05-28 14:20:06,397 RF found but not transmitted
2018-05-28 14:20:07,600 RF found but not transmitted
2018-05-28 14:20:07,603 RF found
2018-05-28 14:20:07,606 SNT reinforcement_information
2018-05-28 14:20:08,057 RF found but not transmitted
2018-05-28 14:20:08,373 RCV reinforcement info
2018-05-28 14:20:08,378 , 66.40684592029642
2018-05-28 14:20:09,741 RCV proposal
2018-05-28 14:20:09,744 appended honest propose 047991a801 on top of 711ade3091
2018-05-28 14:20:09,745 REINFORCEMENT SENT state
2018-05-28 14:20:09,745 RFs > 0 
2018-05-28 14:20:09,746 SNT reinforcement
2018-05-28 14:20:09,829 RF found but not transmitted
2018-05-28 14:20:09,860 RCV reinforcement
2018-05-28 14:20:09,877 RCV reinforcement
2018-05-28 14:20:10,202 RCV reinforcement info
2018-05-28 14:20:10,216 , 66.7637723262834
2018-05-28 14:20:10,290 RCV reinforcement
2018-05-28 14:20:10,540 RCV reinforcement info
2018-05-28 14:20:10,545 , 67.7637723262834
2018-05-28 14:20:10,619 RCV reinforcement
2018-05-28 14:20:10,816 RCV reinforcement info
2018-05-28 14:20:10,821 , 68.36660054377086
2018-05-28 14:20:10,894 RCV reinforcement
2018-05-28 14:20:10,964 RF found but not transmitted
2018-05-28 14:20:10,967 SNT reinforcement_information
2018-05-28 14:20:11,052 SNT reinforcement
2018-05-28 14:20:11,347 RCV commit
2018-05-28 14:20:11,415 appended honest commit f3b1ac8989 on top of 047991a801
2018-05-28 14:20:11,442 Weight: 69.43333627362571 #RFs 12
2018-05-28 14:20:11,442 weight: 69.43333627362571
2018-05-28 14:20:11,443 , 69.43333627362571
2018-05-28 14:20:11,443 MINING state
2018-05-28 14:20:11,443 start mining - depth 17
2018-05-28 14:20:11,443 start mining - hash f3b1ac898902a0dafa5c400f9a40da03a40765186d937f3476728b04848fa031
2018-05-28 14:20:11,714 RCV reinforcement info
2018-05-28 14:20:11,721 , 69.51209562017293
2018-05-28 14:20:13,154 RCV reinforcement info
2018-05-28 14:20:13,159 , 69.6802808182415
2018-05-28 14:20:13,248 RF found but not transmitted
2018-05-28 14:20:13,906 RF found but not transmitted
2018-05-28 14:20:15,363 RF found but not transmitted
2018-05-28 14:20:15,523 RF found but not transmitted
2018-05-28 14:20:15,553 RCV reinforcement info
2018-05-28 14:20:15,557 , 69.74829441376875
2018-05-28 14:20:16,069 RF found but not transmitted
2018-05-28 14:20:16,281 RCV reinforcement info
2018-05-28 14:20:16,285 , 69.90728497284933
2018-05-28 14:20:16,491 RCV reinforcement info
2018-05-28 14:20:16,495 , 69.97342636234544
2018-05-28 14:20:16,621 RCV reinforcement info
2018-05-28 14:20:16,625 , 70.17914604234029
2018-05-28 14:20:17,861 RCV reinforcement info
2018-05-28 14:20:17,866 , 70.56581614824098
2018-05-28 14:20:18,085 RF found but not transmitted
2018-05-28 14:20:18,170 RF found but not transmitted
2018-05-28 14:20:18,172 hash found
2018-05-28 14:20:18,177 appended honest propose 4ae4104162 on top of f3b1ac8989
2018-05-28 14:20:18,177 REINFORCEMENT COLLECTING state
2018-05-28 14:20:18,177 SNT proposal
2018-05-28 14:20:18,347 RCV reinforcement
2018-05-28 14:20:18,365 RCV reinforcement
2018-05-28 14:20:18,392 RCV reinforcement
2018-05-28 14:20:18,736 RF found but not transmitted
2018-05-28 14:20:18,934 RCV reinforcement info
2018-05-28 14:20:18,939 , 70.63249946939109
2018-05-28 14:20:18,987 RCV reinforcement
2018-05-28 14:20:19,382 RF found but not transmitted
2018-05-28 14:20:19,680 commit with 3 reinforcements
2018-05-28 14:20:19,696 appended honest commit a427b644f3 on top of 4ae4104162
2018-05-28 14:20:19,711 Weight: 71.63249946939109 #RFs 8
2018-05-28 14:20:19,711 weight: 71.63249946939109
2018-05-28 14:20:19,711 , 71.63249946939109
2018-05-28 14:20:19,711 MINING state
2018-05-28 14:20:19,714 start mining - depth 18
2018-05-28 14:20:19,714 start mining - hash a427b644f3fc32b62fa8ea23f6a79dd375dcdec7177c0a18d625eb1197d494e2
2018-05-28 14:20:19,715 SNT commit
2018-05-28 14:20:19,838 RF found but not transmitted
2018-05-28 14:20:19,841 RF found
2018-05-28 14:20:19,843 SNT reinforcement_information
2018-05-28 14:20:20,526 RF found but not transmitted
2018-05-28 14:20:21,037 RCV proposal
2018-05-28 14:20:21,039 appended honest propose 9291055443 on top of a427b644f3
2018-05-28 14:20:21,040 REINFORCEMENT SENT state
2018-05-28 14:20:21,040 RFs > 0 
2018-05-28 14:20:21,041 SNT reinforcement
2018-05-28 14:20:21,432 RF found but not transmitted
2018-05-28 14:20:22,040 RF found but not transmitted
2018-05-28 14:20:22,429 RF found but not transmitted
2018-05-28 14:20:22,485 RF found but not transmitted
2018-05-28 14:20:22,541 RCV commit
2018-05-28 14:20:22,545 appended honest commit ed1c33dfef on top of 9291055443
2018-05-28 14:20:22,547 Weight: 72.78763468646306 #RFs 1
2018-05-28 14:20:22,547 weight: 72.78763468646306
2018-05-28 14:20:22,547 , 72.78763468646306
2018-05-28 14:20:22,548 MINING state
2018-05-28 14:20:22,548 start mining - depth 19
2018-05-28 14:20:22,548 start mining - hash ed1c33dfef76ef9f01a51fdf9cd319d04a7ac588925aaf22bc771ccd05aedde3
2018-05-28 14:20:22,664 RCV reinforcement info
2018-05-28 14:20:22,669 , 73.65594648212667
2018-05-28 14:20:23,233 RF found but not transmitted
2018-05-28 14:20:24,594 RF found but not transmitted
2018-05-28 14:20:24,596 RF found
2018-05-28 14:20:24,599 SNT reinforcement_information
2018-05-28 14:20:25,036 RF found but not transmitted
2018-05-28 14:20:25,128 RF found but not transmitted
2018-05-28 14:20:25,243 RF found but not transmitted
2018-05-28 14:20:26,394 RCV reinforcement info
2018-05-28 14:20:26,398 , 73.90553055954982
2018-05-28 14:20:26,807 RCV reinforcement info
2018-05-28 14:20:26,812 , 73.9865016099003
2018-05-28 14:20:26,892 RF found but not transmitted
2018-05-28 14:20:27,455 RCV reinforcement info
2018-05-28 14:20:27,459 , 74.04965066593498
2018-05-28 14:20:28,499 RF found but not transmitted
2018-05-28 14:20:28,867 RF found but not transmitted
2018-05-28 14:20:28,916 RCV reinforcement info
2018-05-28 14:20:28,920 , 74.37598777411984
2018-05-28 14:20:29,336 RCV reinforcement info
2018-05-28 14:20:29,341 , 74.44025395778533
2018-05-28 14:20:29,809 RF found but not transmitted
2018-05-28 14:20:29,852 RF found but not transmitted
2018-05-28 14:20:31,102 RF found but not transmitted
2018-05-28 14:20:31,104 RF found
2018-05-28 14:20:31,107 SNT reinforcement_information
2018-05-28 14:20:31,544 RCV reinforcement info
2018-05-28 14:20:31,547 , 74.64688267773816
2018-05-28 14:20:31,881 RF found but not transmitted
2018-05-28 14:20:31,936 RF found but not transmitted
2018-05-28 14:20:32,106 RCV reinforcement info
2018-05-28 14:20:32,110 , 74.9807636093748
2018-05-28 14:20:33,001 RF found but not transmitted
2018-05-28 14:20:33,483 RF found but not transmitted
2018-05-28 14:20:33,714 RF found but not transmitted
2018-05-28 14:20:34,189 RF found but not transmitted
2018-05-28 14:20:35,403 RF found but not transmitted
2018-05-28 14:20:35,739 RF found but not transmitted
2018-05-28 14:20:36,019 RF found but not transmitted
2018-05-28 14:20:36,372 RCV reinforcement info
2018-05-28 14:20:36,375 , 75.65780357448321
2018-05-28 14:20:36,672 RF found but not transmitted
2018-05-28 14:20:36,708 RF found but not transmitted
2018-05-28 14:20:37,879 RF found but not transmitted
2018-05-28 14:20:37,881 RF found
2018-05-28 14:20:37,884 SNT reinforcement_information
2018-05-28 14:20:38,133 RF found but not transmitted
2018-05-28 14:20:38,663 RCV reinforcement info
2018-05-28 14:20:38,667 , 75.81472251056495
2018-05-28 14:20:39,033 RF found but not transmitted
2018-05-28 14:20:40,062 RF found but not transmitted
2018-05-28 14:20:40,064 RF found
2018-05-28 14:20:40,066 SNT reinforcement_information
2018-05-28 14:20:40,686 RCV proposal
2018-05-28 14:20:40,688 appended honest propose 46346e5163 on top of ed1c33dfef
2018-05-28 14:20:40,689 REINFORCEMENT SENT state
2018-05-28 14:20:40,689 RFs > 0 
2018-05-28 14:20:40,690 SNT reinforcement
2018-05-28 14:20:40,825 RCV reinforcement
2018-05-28 14:20:40,837 RCV reinforcement
2018-05-28 14:20:41,040 RF found but not transmitted
2018-05-28 14:20:41,420 RF found but not transmitted
2018-05-28 14:20:41,426 SNT reinforcement_information
2018-05-28 14:20:41,506 SNT reinforcement
2018-05-28 14:20:41,767 RF found but not transmitted
2018-05-28 14:20:41,816 RCV reinforcement info
2018-05-28 14:20:41,839 , 76.96579382962494
2018-05-28 14:20:41,900 RCV reinforcement
2018-05-28 14:20:42,257 RCV commit
2018-05-28 14:20:42,313 appended honest commit e5b2f3bf86 on top of 46346e5163
2018-05-28 14:20:42,378 Weight: 77.96579382962494 #RFs 16
2018-05-28 14:20:42,379 weight: 77.96579382962494
2018-05-28 14:20:42,384 , 77.96579382962494
2018-05-28 14:20:42,384 MINING state
2018-05-28 14:20:42,388 start mining - depth 20
2018-05-28 14:20:42,389 start mining - hash e5b2f3bf8689679b0b3f6848493f97c2d8048a143f51db902808d5f03581bb4c
2018-05-28 14:20:43,275 RF found but not transmitted
2018-05-28 14:20:43,276 RF found
2018-05-28 14:20:43,277 SNT reinforcement_information
2018-05-28 14:20:44,512 RF found but not transmitted
2018-05-28 14:20:44,752 RF found but not transmitted
2018-05-28 14:20:45,127 RF found but not transmitted
2018-05-28 14:20:45,317 RF found but not transmitted
2018-05-28 14:20:45,450 RF found but not transmitted
2018-05-28 14:20:45,661 RF found but not transmitted
2018-05-28 14:20:45,756 RCV reinforcement info
2018-05-28 14:20:45,760 , 78.33474624147816
2018-05-28 14:20:47,006 RCV reinforcement info
2018-05-28 14:20:47,011 , 79.18205482431883
2018-05-28 14:20:49,220 RF found but not transmitted
2018-05-28 14:20:49,793 RF found but not transmitted
2018-05-28 14:20:50,205 RF found but not transmitted
2018-05-28 14:20:51,409 RCV reinforcement info
2018-05-28 14:20:51,413 , 79.48884066580062
2018-05-28 14:20:51,574 RCV proposal
2018-05-28 14:20:51,577 appended honest propose 1d5fac1dcc on top of e5b2f3bf86
2018-05-28 14:20:51,577 REINFORCEMENT SENT state
2018-05-28 14:20:51,577 RFs > 0 
2018-05-28 14:20:51,578 SNT reinforcement
2018-05-28 14:20:51,675 RCV reinforcement
2018-05-28 14:20:52,253 RF found but not transmitted
2018-05-28 14:20:52,319 RCV proposal
2018-05-28 14:20:52,324 appended malicious propose 381f8dd3e0 on top of 0451ff788e
2018-05-28 14:20:52,424 RCV reinforcement
2018-05-28 14:20:52,437 RCV reinforcement
2018-05-28 14:20:53,101 RCV commit
2018-05-28 14:20:53,113 appended honest commit d42e3e2876 on top of 1d5fac1dcc
2018-05-28 14:20:53,132 Weight: 80.48884066580062 #RFs 4
2018-05-28 14:20:53,132 weight: 80.48884066580062
2018-05-28 14:20:53,132 , 80.48884066580062
2018-05-28 14:20:53,132 MINING state
2018-05-28 14:20:53,133 start mining - depth 21
2018-05-28 14:20:53,133 start mining - hash d42e3e2876b1d99db517734e677d8a7cc7c9cbb1b56d17623e6c4d686bc5e747
2018-05-28 14:20:53,666 RF found but not transmitted
2018-05-28 14:20:53,667 RF found
2018-05-28 14:20:53,668 SNT reinforcement_information
2018-05-28 14:20:54,044 RCV commit
2018-05-28 14:20:54,278 appended malicious commit 4934aee4e0 on top of 381f8dd3e0
2018-05-28 14:20:54,397 Weight: 57.897491096111196 #RFs 34
2018-05-28 14:20:54,398 weight: 57.897491096111196
2018-05-28 14:20:54,398 , 57.897491096111196
2018-05-28 14:20:55,568 RF found but not transmitted
2018-05-28 14:20:55,699 RF found but not transmitted
2018-05-28 14:20:56,730 RCV reinforcement info
2018-05-28 14:20:56,735 , 80.86988088964385
2018-05-28 14:20:57,249 RF found but not transmitted
