2018-05-28 11:19:35,941 ---------------------------------------------------------
2018-05-28 11:19:35,943 MINING state
2018-05-28 11:19:36,954 start mining - depth 0
2018-05-28 11:19:36,955 start mining - hash 617153b7c07e905db566af6a67ef75d31fa7da45b867f9f30dd965cd5cd485c1
2018-05-28 11:19:37,136 RCV reinforcement info
2018-05-28 11:19:37,142 , 0.1205714373267545
2018-05-28 11:19:38,699 RCV reinforcement info
2018-05-28 11:19:38,703 , 0.18543784676182137
2018-05-28 11:19:38,766 RCV reinforcement info
2018-05-28 11:19:38,769 , 0.6091247786669449
2018-05-28 11:19:42,771 RF found but not transmitted
2018-05-28 11:19:42,772 RF found
2018-05-28 11:19:42,774 SNT reinforcement_information
2018-05-28 11:19:43,316 RCV reinforcement info
2018-05-28 11:19:43,319 , 0.9373750081967488
2018-05-28 11:19:44,068 RCV reinforcement info
2018-05-28 11:19:44,072 , 1.0306932302478164
2018-05-28 11:19:45,125 RCV reinforcement info
2018-05-28 11:19:45,129 , 1.143685154792938
2018-05-28 11:19:48,868 RCV reinforcement info
2018-05-28 11:19:48,872 , 1.2066867835547093
2018-05-28 11:19:51,187 RCV reinforcement info
2018-05-28 11:19:51,191 , 1.363827381253082
2018-05-28 11:19:53,114 RCV reinforcement info
2018-05-28 11:19:53,118 , 1.54134682913018
2018-05-28 11:19:53,140 RCV reinforcement info
2018-05-28 11:19:53,144 , 1.6540458587568987
2018-05-28 11:19:58,037 RCV reinforcement info
2018-05-28 11:19:58,041 , 1.7311530843717367
2018-05-28 11:19:59,231 RCV reinforcement info
2018-05-28 11:19:59,236 , 1.9810516327428158
2018-05-28 11:19:59,601 RCV reinforcement info
2018-05-28 11:19:59,606 , 2.4449496691441652
2018-05-28 11:20:00,559 RCV reinforcement info
2018-05-28 11:20:00,563 , 2.550165989918473
2018-05-28 11:20:06,917 RCV reinforcement info
2018-05-28 11:20:06,921 , 2.6306352948513827
2018-05-28 11:20:10,370 RF found but not transmitted
2018-05-28 11:20:10,371 RF found
2018-05-28 11:20:10,373 SNT reinforcement_information
2018-05-28 11:20:10,892 RCV reinforcement info
2018-05-28 11:20:10,895 , 2.908513345325354
2018-05-28 11:20:12,796 RCV proposal
2018-05-28 11:20:12,798 appended honest propose 80b74d50e7 on top of 617153b7c0
2018-05-28 11:20:12,799 REINFORCEMENT SENT state
2018-05-28 11:20:12,799 RFs > 0 
2018-05-28 11:20:12,800 SNT reinforcement
2018-05-28 11:20:12,898 RCV reinforcement
2018-05-28 11:20:12,902 RCV reinforcement
2018-05-28 11:20:14,067 RCV reinforcement info
2018-05-28 11:20:14,071 , 2.972415667355011
2018-05-28 11:20:14,134 RCV reinforcement
2018-05-28 11:20:14,354 RCV commit
2018-05-28 11:20:14,428 appended honest commit ee863f520d on top of 80b74d50e7
2018-05-28 11:20:14,495 Weight: 3.972415667355011 #RFs 19
2018-05-28 11:20:14,495 weight: 3.972415667355011
2018-05-28 11:20:14,495 , 3.972415667355011
2018-05-28 11:20:14,495 MINING state
2018-05-28 11:20:14,495 start mining - depth 1
2018-05-28 11:20:14,495 start mining - hash ee863f520d265b32994b854046c3548da76478bbed00ec55c5e5adaf93a45508
2018-05-28 11:20:14,867 RCV reinforcement info
2018-05-28 11:20:14,871 , 4.083468095094464
2018-05-28 11:20:15,713 RCV reinforcement info
2018-05-28 11:20:15,718 , 4.170414910319402
2018-05-28 11:20:16,668 RCV reinforcement info
2018-05-28 11:20:16,672 , 4.323611194558201
2018-05-28 11:20:18,063 RCV reinforcement info
2018-05-28 11:20:18,069 , 4.389955999302258
2018-05-28 11:20:18,647 RCV reinforcement info
2018-05-28 11:20:18,652 , 4.4612908279832615
2018-05-28 11:20:19,541 RF found but not transmitted
2018-05-28 11:20:19,543 RF found
2018-05-28 11:20:19,545 SNT reinforcement_information
2018-05-28 11:20:20,420 RCV reinforcement info
2018-05-28 11:20:20,425 , 5.20710987346385
2018-05-28 11:20:22,296 RF found but not transmitted
2018-05-28 11:20:22,299 RF found
2018-05-28 11:20:22,301 SNT reinforcement_information
2018-05-28 11:20:23,075 RF found but not transmitted
2018-05-28 11:20:23,077 RF found
2018-05-28 11:20:23,079 SNT reinforcement_information
2018-05-28 11:20:23,684 RCV reinforcement info
2018-05-28 11:20:23,688 , 5.435892372748469
2018-05-28 11:20:24,490 RCV reinforcement info
2018-05-28 11:20:24,495 , 6.100540510116059
2018-05-28 11:20:26,140 RCV reinforcement info
2018-05-28 11:20:26,145 , 6.844760413232985
2018-05-28 11:20:27,468 RCV reinforcement info
2018-05-28 11:20:27,471 , 6.928736211116522
2018-05-28 11:20:27,858 RCV reinforcement info
2018-05-28 11:20:27,863 , 7.178607818726604
2018-05-28 11:20:29,328 RCV reinforcement info
2018-05-28 11:20:29,334 , 7.257692633812035
2018-05-28 11:20:29,860 RCV reinforcement info
2018-05-28 11:20:29,865 , 7.405721478058932
2018-05-28 11:20:30,287 RCV reinforcement info
2018-05-28 11:20:30,290 , 7.51563098173208
2018-05-28 11:20:32,483 RCV reinforcement info
2018-05-28 11:20:32,487 , 7.621702526416655
2018-05-28 11:20:33,276 RCV reinforcement info
2018-05-28 11:20:33,279 , 7.701221091862137
2018-05-28 11:20:34,911 RCV reinforcement info
2018-05-28 11:20:34,916 , 7.867354616716049
2018-05-28 11:20:36,590 RF found but not transmitted
2018-05-28 11:20:36,592 RF found
2018-05-28 11:20:36,593 SNT reinforcement_information
2018-05-28 11:20:37,903 RCV reinforcement info
2018-05-28 11:20:37,908 , 8.134235306199201
2018-05-28 11:20:39,750 RCV reinforcement info
2018-05-28 11:20:39,754 , 8.390231733139258
2018-05-28 11:20:40,654 RCV reinforcement info
2018-05-28 11:20:40,659 , 8.562376030829515
2018-05-28 11:20:41,049 RF found but not transmitted
2018-05-28 11:20:41,051 RF found
2018-05-28 11:20:41,053 SNT reinforcement_information
2018-05-28 11:20:42,377 RCV reinforcement info
2018-05-28 11:20:42,383 , 8.707111256457045
2018-05-28 11:20:44,510 RCV reinforcement info
2018-05-28 11:20:44,513 , 8.874034514802322
2018-05-28 11:20:45,785 RF found but not transmitted
2018-05-28 11:20:45,786 RF found
2018-05-28 11:20:45,787 SNT reinforcement_information
2018-05-28 11:20:48,812 RCV reinforcement info
2018-05-28 11:20:48,817 , 9.010801836810398
2018-05-28 11:20:48,884 RCV reinforcement info
2018-05-28 11:20:48,888 , 9.11044167810119
2018-05-28 11:20:50,357 RCV reinforcement info
2018-05-28 11:20:50,361 , 9.259130998290054
2018-05-28 11:20:52,820 RCV reinforcement info
2018-05-28 11:20:52,824 , 9.359499518345633
2018-05-28 11:20:53,472 RCV reinforcement info
2018-05-28 11:20:53,477 , 9.437707754356735
2018-05-28 11:20:54,717 RCV reinforcement info
2018-05-28 11:20:54,722 , 9.841408218430498
2018-05-28 11:20:55,612 RCV reinforcement info
2018-05-28 11:20:55,616 , 10.10543049356935
2018-05-28 11:20:56,764 RCV reinforcement info
2018-05-28 11:20:56,768 , 10.520946585916466
2018-05-28 11:20:59,626 RCV reinforcement info
2018-05-28 11:20:59,632 , 10.70258877619413
2018-05-28 11:21:00,352 RCV reinforcement info
2018-05-28 11:21:00,357 , 10.865041163958441
2018-05-28 11:21:04,292 RCV reinforcement info
2018-05-28 11:21:04,297 , 10.955731293604744
2018-05-28 11:21:05,327 RCV proposal
2018-05-28 11:21:05,330 appended honest propose 2c7da4b95e on top of ee863f520d
2018-05-28 11:21:05,331 REINFORCEMENT SENT state
2018-05-28 11:21:05,331 RFs > 0 
2018-05-28 11:21:05,332 SNT reinforcement
2018-05-28 11:21:05,447 RCV reinforcement
2018-05-28 11:21:05,450 RCV reinforcement
2018-05-28 11:21:05,770 RCV reinforcement info
2018-05-28 11:21:05,775 , 11.039191204412681
2018-05-28 11:21:05,836 RCV reinforcement
2018-05-28 11:21:06,589 RCV reinforcement info
2018-05-28 11:21:06,594 , 11.1619898566546
2018-05-28 11:21:06,644 RCV reinforcement
2018-05-28 11:21:06,953 RCV commit
2018-05-28 11:21:07,117 appended honest commit 151705d120 on top of 2c7da4b95e
2018-05-28 11:21:07,249 Weight: 12.039191204412681 #RFs 40
2018-05-28 11:21:07,249 weight: 12.039191204412681
2018-05-28 11:21:07,249 , 12.039191204412681
2018-05-28 11:21:07,250 MINING state
2018-05-28 11:21:07,250 start mining - depth 2
2018-05-28 11:21:07,250 start mining - hash 151705d12042306b80b84c816441ce6738b1ac0a080a072bc65d89e48eebabb3
2018-05-28 11:21:07,251 Hashing frequency: 4981
2018-05-28 11:21:07,941 RCV reinforcement info
2018-05-28 11:21:07,945 , 12.185321587811435
2018-05-28 11:21:08,529 RCV reinforcement info
2018-05-28 11:21:08,534 , 12.261357977311599
2018-05-28 11:21:08,557 RCV reinforcement info
2018-05-28 11:21:08,561 , 12.495541294202788
2018-05-28 11:21:09,048 RCV reinforcement info
2018-05-28 11:21:09,052 , 12.63649590494017
2018-05-28 11:21:09,146 RCV reinforcement info
2018-05-28 11:21:09,150 , 12.75402651533465
2018-05-28 11:21:09,592 RCV reinforcement info
2018-05-28 11:21:09,596 , 12.824523407296866
2018-05-28 11:21:11,400 RCV reinforcement info
2018-05-28 11:21:11,405 , 12.88939591528173
2018-05-28 11:21:12,616 RCV reinforcement info
2018-05-28 11:21:12,620 , 13.042142739216949
2018-05-28 11:21:13,763 RCV reinforcement info
2018-05-28 11:21:13,768 , 13.22084378882624
2018-05-28 11:21:14,644 RCV reinforcement info
2018-05-28 11:21:14,647 , 13.292892981244462
2018-05-28 11:21:15,357 RF found but not transmitted
2018-05-28 11:21:15,358 RF found
2018-05-28 11:21:15,360 SNT reinforcement_information
2018-05-28 11:21:17,242 RF found but not transmitted
2018-05-28 11:21:17,244 RF found
2018-05-28 11:21:17,246 SNT reinforcement_information
2018-05-28 11:21:17,749 RF found but not transmitted
2018-05-28 11:21:17,751 RF found
2018-05-28 11:21:17,753 SNT reinforcement_information
2018-05-28 11:21:18,451 RCV reinforcement info
2018-05-28 11:21:18,455 , 13.70360783614364
2018-05-28 11:21:19,926 RCV reinforcement info
2018-05-28 11:21:19,931 , 13.80000094805647
2018-05-28 11:21:20,173 RCV reinforcement info
2018-05-28 11:21:20,177 , 13.8878099851918
2018-05-28 11:21:21,041 RCV reinforcement info
2018-05-28 11:21:21,045 , 13.967762741767528
2018-05-28 11:21:23,083 RCV reinforcement info
2018-05-28 11:21:23,090 , 14.061322602024038
2018-05-28 11:21:24,600 RCV reinforcement info
2018-05-28 11:21:24,605 , 14.137216404075765
2018-05-28 11:21:24,895 RCV reinforcement info
2018-05-28 11:21:24,900 , 14.355464449693148
2018-05-28 11:21:27,773 RCV reinforcement info
2018-05-28 11:21:27,777 , 14.57448716753572
2018-05-28 11:21:28,223 RCV reinforcement info
2018-05-28 11:21:28,227 , 14.674133715540579
2018-05-28 11:21:28,358 RCV reinforcement info
2018-05-28 11:21:28,361 , 14.87256937501334
2018-05-28 11:21:28,388 RF found but not transmitted
2018-05-28 11:21:28,390 RF found
2018-05-28 11:21:28,392 SNT reinforcement_information
2018-05-28 11:21:28,666 RCV reinforcement info
2018-05-28 11:21:28,670 , 15.084700036769945
2018-05-28 11:21:29,146 RCV reinforcement info
2018-05-28 11:21:29,151 , 15.153047755764105
2018-05-28 11:21:31,515 RCV reinforcement info
2018-05-28 11:21:31,518 , 15.22190264294591
2018-05-28 11:21:34,816 RCV reinforcement info
2018-05-28 11:21:34,820 , 15.291011128293597
2018-05-28 11:21:36,575 RCV reinforcement info
2018-05-28 11:21:36,579 , 15.374922988988803
2018-05-28 11:21:38,256 RCV reinforcement info
2018-05-28 11:21:38,261 , 15.46017896517749
2018-05-28 11:21:38,429 RCV reinforcement info
2018-05-28 11:21:38,435 , 15.614777825373935
2018-05-28 11:21:38,901 RF found but not transmitted
2018-05-28 11:21:38,903 RF found
2018-05-28 11:21:38,907 SNT reinforcement_information
2018-05-28 11:21:39,500 RCV reinforcement info
2018-05-28 11:21:39,504 , 16.130187601961225
2018-05-28 11:21:41,343 RCV reinforcement info
2018-05-28 11:21:41,349 , 16.296569782152442
2018-05-28 11:21:41,400 RCV reinforcement info
2018-05-28 11:21:41,405 , 16.398386035082588
2018-05-28 11:21:41,746 RCV reinforcement info
2018-05-28 11:21:41,750 , 16.572076026553614
2018-05-28 11:21:43,472 RCV reinforcement info
2018-05-28 11:21:43,476 , 16.649998113093197
2018-05-28 11:21:45,410 RCV reinforcement info
2018-05-28 11:21:45,413 , 17.476716139715336
2018-05-28 11:21:47,275 RCV reinforcement info
2018-05-28 11:21:47,279 , 17.581105008804556
2018-05-28 11:21:48,882 RCV reinforcement info
2018-05-28 11:21:48,884 , 17.66609816912521
2018-05-28 11:21:49,951 RCV reinforcement info
2018-05-28 11:21:49,954 , 17.81607890726419
2018-05-28 11:21:50,392 RCV reinforcement info
2018-05-28 11:21:50,396 , 17.942217339929357
2018-05-28 11:21:50,704 RF found but not transmitted
2018-05-28 11:21:50,705 RF found
2018-05-28 11:21:50,708 SNT reinforcement_information
2018-05-28 11:21:51,113 RCV reinforcement info
2018-05-28 11:21:51,118 , 18.388982283056826
2018-05-28 11:21:52,046 RF found but not transmitted
2018-05-28 11:21:52,047 RF found
2018-05-28 11:21:52,051 SNT reinforcement_information
2018-05-28 11:21:52,410 RCV reinforcement info
2018-05-28 11:21:52,414 , 18.711364623446592
2018-05-28 11:21:54,400 RCV reinforcement info
2018-05-28 11:21:54,405 , 18.904320687835188
2018-05-28 11:21:54,830 RCV reinforcement info
2018-05-28 11:21:54,834 , 19.22332478365722
2018-05-28 11:21:54,936 RCV reinforcement info
2018-05-28 11:21:54,939 , 19.29295554208788
2018-05-28 11:21:58,192 RCV reinforcement info
2018-05-28 11:21:58,196 , 19.409319086794962
2018-05-28 11:21:58,765 RCV reinforcement info
2018-05-28 11:21:58,770 , 19.668603084517294
2018-05-28 11:21:59,584 RCV reinforcement info
2018-05-28 11:21:59,589 , 19.743790006570634
2018-05-28 11:21:59,789 RF found but not transmitted
2018-05-28 11:21:59,791 RF found
2018-05-28 11:21:59,792 SNT reinforcement_information
2018-05-28 11:22:00,344 RCV reinforcement info
2018-05-28 11:22:00,348 , 20.1534817193762
2018-05-28 11:22:01,182 RCV reinforcement info
2018-05-28 11:22:01,187 , 20.288159663529846
2018-05-28 11:22:01,446 RF found but not transmitted
2018-05-28 11:22:01,448 RF found
2018-05-28 11:22:01,449 SNT reinforcement_information
2018-05-28 11:22:01,546 RCV reinforcement info
2018-05-28 11:22:01,551 , 20.819043164603514
2018-05-28 11:22:01,809 RF found but not transmitted
2018-05-28 11:22:01,811 hash found
2018-05-28 11:22:01,815 appended honest propose 7a0df15d5f on top of 151705d120
2018-05-28 11:22:01,815 REINFORCEMENT COLLECTING state
2018-05-28 11:22:01,871 SNT proposal
2018-05-28 11:22:02,024 RCV reinforcement
2018-05-28 11:22:02,059 RCV reinforcement
2018-05-28 11:22:02,099 RCV reinforcement
2018-05-28 11:22:03,381 commit with 4 reinforcements
2018-05-28 11:22:03,466 appended honest commit 91dc7a9c0b on top of 7a0df15d5f
2018-05-28 11:22:03,537 Weight: 21.819043164603514 #RFs 57
2018-05-28 11:22:03,537 weight: 21.819043164603514
2018-05-28 11:22:03,537 , 21.819043164603514
2018-05-28 11:22:03,537 MINING state
2018-05-28 11:22:03,537 start mining - depth 3
2018-05-28 11:22:03,538 start mining - hash 91dc7a9c0b70240f15fa9f1ff09ad5510b54b534d1959ceda94b9fe5b31a279a
2018-05-28 11:22:03,538 SNT commit
2018-05-28 11:22:04,149 RCV reinforcement info
2018-05-28 11:22:04,156 , 21.882306024134156
2018-05-28 11:22:04,181 RCV proposal
2018-05-28 11:22:04,186 appended malicious propose 7d9fa3e31b on top of 151705d120
2018-05-28 11:22:04,256 RCV reinforcement
2018-05-28 11:22:04,269 RCV reinforcement
2018-05-28 11:22:04,334 RCV reinforcement
2018-05-28 11:22:04,362 RF found but not transmitted
2018-05-28 11:22:05,059 RCV reinforcement info
2018-05-28 11:22:05,063 , 21.97886109184802
2018-05-28 11:22:05,790 RCV commit
2018-05-28 11:22:05,937 appended malicious commit 32e59947ce on top of 7d9fa3e31b
2018-05-28 11:22:06,065 Weight: 21.346104456264076 #RFs 38
2018-05-28 11:22:06,065 weight: 21.346104456264076
2018-05-28 11:22:06,065 , 21.346104456264076
2018-05-28 11:22:06,847 RCV reinforcement info
2018-05-28 11:22:06,851 , 22.049858392997205
2018-05-28 11:22:07,129 RCV reinforcement info
2018-05-28 11:22:07,134 , 22.242003889993402
2018-05-28 11:22:07,969 RF found but not transmitted
2018-05-28 11:22:07,971 RF found
2018-05-28 11:22:07,973 SNT reinforcement_information
2018-05-28 11:22:08,348 RF found but not transmitted
2018-05-28 11:22:08,682 RCV reinforcement info
2018-05-28 11:22:08,687 , 22.418443351561134
2018-05-28 11:22:08,942 RCV reinforcement info
2018-05-28 11:22:08,948 , 22.660031770819497
2018-05-28 11:22:08,967 RF found but not transmitted
2018-05-28 11:22:09,610 RCV reinforcement info
2018-05-28 11:22:09,614 , 22.739549617867517
2018-05-28 11:22:11,050 RF found but not transmitted
2018-05-28 11:22:11,052 RF found
2018-05-28 11:22:11,055 SNT reinforcement_information
2018-05-28 11:22:12,482 RF found but not transmitted
2018-05-28 11:22:12,531 RCV reinforcement info
2018-05-28 11:22:12,535 , 22.91466569348762
2018-05-28 11:22:12,889 RF found but not transmitted
2018-05-28 11:22:12,967 RF found but not transmitted
2018-05-28 11:22:12,968 RF found
2018-05-28 11:22:12,972 SNT reinforcement_information
2018-05-28 11:22:13,326 RF found but not transmitted
2018-05-28 11:22:13,328 RF found
2018-05-28 11:22:13,329 SNT reinforcement_information
2018-05-28 11:22:13,860 RCV reinforcement info
2018-05-28 11:22:13,865 , 23.317328146997998
2018-05-28 11:22:15,971 RF found but not transmitted
2018-05-28 11:22:15,973 RF found
2018-05-28 11:22:15,975 SNT reinforcement_information
2018-05-28 11:22:16,886 RCV reinforcement info
2018-05-28 11:22:16,890 , 23.71349142733461
2018-05-28 11:22:17,218 RF found but not transmitted
2018-05-28 11:22:18,190 RCV reinforcement info
2018-05-28 11:22:18,194 , 23.953903374241147
2018-05-28 11:22:20,291 RCV reinforcement info
2018-05-28 11:22:20,296 , 24.178947739952036
2018-05-28 11:22:20,370 RCV reinforcement info
2018-05-28 11:22:20,374 , 24.34422831237562
2018-05-28 11:22:20,786 RCV reinforcement info
2018-05-28 11:22:20,790 , 24.448846585087775
2018-05-28 11:22:21,222 RCV reinforcement info
2018-05-28 11:22:21,225 RF found but not transmitted
2018-05-28 11:22:21,228 , 25.034645204482203
2018-05-28 11:22:21,230 RF found
2018-05-28 11:22:21,231 SNT reinforcement_information
2018-05-28 11:22:22,879 RF found but not transmitted
2018-05-28 11:22:22,882 RF found
2018-05-28 11:22:22,885 SNT reinforcement_information
2018-05-28 11:22:23,747 RCV proposal
2018-05-28 11:22:23,760 appended honest propose 900f5a5579 on top of 91dc7a9c0b
2018-05-28 11:22:23,760 REINFORCEMENT SENT state
2018-05-28 11:22:23,760 RFs > 0 
2018-05-28 11:22:23,762 SNT reinforcement
2018-05-28 11:22:23,852 RCV reinforcement
2018-05-28 11:22:23,856 RCV reinforcement
2018-05-28 11:22:24,606 RCV reinforcement info
2018-05-28 11:22:24,614 , 25.416627524143273
2018-05-28 11:22:24,666 RCV reinforcement
2018-05-28 11:22:25,336 RCV commit
2018-05-28 11:22:25,441 appended honest commit d99b8371e7 on top of 900f5a5579
2018-05-28 11:22:25,526 Weight: 26.416627524143273 #RFs 23
2018-05-28 11:22:25,526 weight: 26.416627524143273
2018-05-28 11:22:25,526 , 26.416627524143273
2018-05-28 11:22:25,527 MINING state
2018-05-28 11:22:25,527 start mining - depth 4
2018-05-28 11:22:25,527 start mining - hash d99b8371e740eb7b069ba90b372629d037df81f631f920fa7c1dbd4ff1161110
2018-05-28 11:22:25,528 Hashing frequency: 5479
2018-05-28 11:22:25,984 RCV reinforcement info
2018-05-28 11:22:25,989 , 26.534126721037826
2018-05-28 11:22:27,340 RF found but not transmitted
2018-05-28 11:22:27,342 RF found
2018-05-28 11:22:27,345 SNT reinforcement_information
2018-05-28 11:22:28,981 RF found but not transmitted
2018-05-28 11:22:28,983 RF found
2018-05-28 11:22:28,988 SNT reinforcement_information
2018-05-28 11:22:29,604 RCV reinforcement info
2018-05-28 11:22:29,608 , 26.832273250208104
2018-05-28 11:22:29,705 RCV reinforcement info
2018-05-28 11:22:29,708 , 26.950756139213578
2018-05-28 11:22:29,749 RCV reinforcement info
2018-05-28 11:22:29,755 , 27.02420174219112
2018-05-28 11:22:30,445 RCV proposal
2018-05-28 11:22:30,447 appended honest propose 5799510061 on top of d99b8371e7
2018-05-28 11:22:30,448 REINFORCEMENT SENT state
2018-05-28 11:22:30,448 RFs > 0 
2018-05-28 11:22:30,449 SNT reinforcement
2018-05-28 11:22:30,525 RCV reinforcement
2018-05-28 11:22:31,969 RF found but not transmitted
2018-05-28 11:22:31,973 RCV commit
2018-05-28 11:22:31,997 appended honest commit e771ceb1c0 on top of 5799510061
2018-05-28 11:22:32,021 Weight: 28.02420174219112 #RFs 6
2018-05-28 11:22:32,021 weight: 28.02420174219112
2018-05-28 11:22:32,022 , 28.02420174219112
2018-05-28 11:22:32,022 MINING state
2018-05-28 11:22:32,023 start mining - depth 5
2018-05-28 11:22:32,025 start mining - hash e771ceb1c0f1a0b0fb25872381262ffbb755e5f1c17776a3626abdd3911a0eaa
2018-05-28 11:22:33,159 RF found but not transmitted
2018-05-28 11:22:33,864 RCV proposal
2018-05-28 11:22:33,867 appended honest propose bd482182d4 on top of e771ceb1c0
2018-05-28 11:22:33,867 REINFORCEMENT SENT state
2018-05-28 11:22:34,074 RCV reinforcement info
2018-05-28 11:22:34,078 , 28.209248266708425
2018-05-28 11:22:34,143 RCV reinforcement
2018-05-28 11:22:35,377 RCV commit
2018-05-28 11:22:35,381 appended honest commit ed290ea6df on top of bd482182d4
2018-05-28 11:22:35,385 Weight: 29.209248266708425 #RFs 1
2018-05-28 11:22:35,385 weight: 29.209248266708425
2018-05-28 11:22:35,385 , 29.209248266708425
2018-05-28 11:22:35,385 MINING state
2018-05-28 11:22:35,386 start mining - depth 6
2018-05-28 11:22:35,393 start mining - hash ed290ea6df230e999c9294342695fdc858db66ec44b1335901b7404b3ae0593b
2018-05-28 11:22:36,597 RCV reinforcement info
2018-05-28 11:22:36,601 , 29.305129948217424
2018-05-28 11:22:37,627 RCV reinforcement info
2018-05-28 11:22:37,631 , 29.80081447595064
2018-05-28 11:22:38,178 RCV reinforcement info
2018-05-28 11:22:38,182 , 29.927063982409265
2018-05-28 11:22:39,197 RCV reinforcement info
2018-05-28 11:22:39,201 , 30.05360875824265
2018-05-28 11:22:41,803 RF found but not transmitted
2018-05-28 11:22:41,804 RF found
2018-05-28 11:22:41,807 SNT reinforcement_information
2018-05-28 11:22:42,846 RCV reinforcement info
2018-05-28 11:22:42,850 , 30.95132646679546
2018-05-28 11:22:43,894 RCV proposal
2018-05-28 11:22:43,899 appended malicious propose cc0bd21df3 on top of 32e59947ce
2018-05-28 11:22:43,966 RCV reinforcement
2018-05-28 11:22:43,973 RCV reinforcement
2018-05-28 11:22:45,017 RCV reinforcement info
2018-05-28 11:22:45,021 , 31.02607630864469
2018-05-28 11:22:45,221 RCV reinforcement info
2018-05-28 11:22:45,223 , 31.09994742365464
2018-05-28 11:22:45,493 RCV commit
2018-05-28 11:22:45,583 appended malicious commit 8c8a2c7766 on top of cc0bd21df3
2018-05-28 11:22:45,661 Weight: 27.890444777446156 #RFs 25
2018-05-28 11:22:45,661 weight: 27.890444777446156
2018-05-28 11:22:45,661 , 27.890444777446156
2018-05-28 11:22:45,771 RF found but not transmitted
2018-05-28 11:22:45,773 hash found
2018-05-28 11:22:45,778 appended honest propose 32377af3de on top of ed290ea6df
2018-05-28 11:22:45,778 REINFORCEMENT COLLECTING state
2018-05-28 11:22:45,844 SNT proposal
2018-05-28 11:22:45,925 RCV reinforcement info
2018-05-28 11:22:45,932 , 31.170146623412858
2018-05-28 11:22:46,013 RCV reinforcement
2018-05-28 11:22:46,038 RCV reinforcement
2018-05-28 11:22:46,061 RCV reinforcement
2018-05-28 11:22:46,165 RCV reinforcement info
2018-05-28 11:22:46,170 , 31.263331699065116
2018-05-28 11:22:46,233 RCV reinforcement
2018-05-28 11:22:46,375 RCV reinforcement info
2018-05-28 11:22:46,380 , 31.382205991505103
2018-05-28 11:22:46,433 RCV reinforcement
2018-05-28 11:22:46,815 RCV proposal
2018-05-28 11:22:46,819 appended malicious propose 9ce0f6eb1f on top of 8c8a2c7766
2018-05-28 11:22:47,104 RCV reinforcement
2018-05-28 11:22:47,106 W: received reinforcement for 9ce0f6eb1f instead of 32377af3de
2018-05-28 11:22:47,351 commit with 4 reinforcements
2018-05-28 11:22:47,371 appended honest commit 19101cd967 on top of 32377af3de
2018-05-28 11:22:47,387 Weight: 32.3822059915051 #RFs 11
2018-05-28 11:22:47,388 weight: 32.3822059915051
2018-05-28 11:22:47,388 , 32.3822059915051
2018-05-28 11:22:47,388 MINING state
2018-05-28 11:22:47,388 start mining - depth 7
2018-05-28 11:22:47,389 start mining - hash 19101cd9678a3110f17be97f35e0329adb7caade52ec723324be3895258d4037
2018-05-28 11:22:47,390 SNT commit
2018-05-28 11:22:48,339 RCV commit
2018-05-28 11:22:48,343 appended malicious commit 52680ef0b5 on top of 9ce0f6eb1f
2018-05-28 11:22:48,347 Weight: 29.24066287949745 #RFs 1
2018-05-28 11:22:48,348 weight: 29.24066287949745
2018-05-28 11:22:48,348 , 29.24066287949745
2018-05-28 11:22:49,279 RCV reinforcement info
2018-05-28 11:22:49,284 , 32.463744146577206
2018-05-28 11:22:49,803 RF found but not transmitted
2018-05-28 11:22:51,986 RF found but not transmitted
2018-05-28 11:22:51,987 RF found
2018-05-28 11:22:51,989 SNT reinforcement_information
2018-05-28 11:22:52,972 RF found but not transmitted
2018-05-28 11:22:52,974 hash found
2018-05-28 11:22:52,978 appended honest propose 367ec3aa08 on top of 19101cd967
2018-05-28 11:22:52,978 REINFORCEMENT COLLECTING state
2018-05-28 11:22:53,035 SNT proposal
2018-05-28 11:22:53,179 RCV reinforcement
2018-05-28 11:22:53,260 RF found but not transmitted
2018-05-28 11:22:53,266 SNT reinforcement_information
2018-05-28 11:22:53,333 SNT reinforcement
2018-05-28 11:22:54,333 RF found but not transmitted
2018-05-28 11:22:54,337 SNT reinforcement_information
2018-05-28 11:22:54,394 SNT reinforcement
2018-05-28 11:22:54,540 commit with 2 reinforcements
2018-05-28 11:22:54,546 appended honest commit 163a99f93a on top of 367ec3aa08
2018-05-28 11:22:54,552 Weight: 33.5661080101412 #RFs 2
2018-05-28 11:22:54,553 weight: 33.5661080101412
2018-05-28 11:22:54,553 , 33.5661080101412
2018-05-28 11:22:54,553 MINING state
2018-05-28 11:22:54,553 start mining - depth 8
2018-05-28 11:22:54,554 start mining - hash 163a99f93a7eaa1447e13116fcc00485739f7cd3afac50aec0beaeed9ab620b4
2018-05-28 11:22:54,556 SNT commit
2018-05-28 11:22:55,392 RCV reinforcement info
2018-05-28 11:22:55,396 , 33.93884371065896
2018-05-28 11:22:55,471 RF found but not transmitted
2018-05-28 11:22:55,953 RF found but not transmitted
2018-05-28 11:22:56,336 RF found but not transmitted
2018-05-28 11:22:57,086 RF found but not transmitted
2018-05-28 11:22:57,088 RF found
2018-05-28 11:22:57,090 SNT reinforcement_information
2018-05-28 11:22:58,615 RF found but not transmitted
2018-05-28 11:22:58,617 RF found
2018-05-28 11:22:58,619 SNT reinforcement_information
2018-05-28 11:22:59,015 RF found but not transmitted
2018-05-28 11:22:59,018 RF found
2018-05-28 11:22:59,020 SNT reinforcement_information
2018-05-28 11:23:01,150 RCV reinforcement info
2018-05-28 11:23:01,155 , 34.367996006029756
2018-05-28 11:23:01,504 RF found but not transmitted
2018-05-28 11:23:02,258 RCV reinforcement info
2018-05-28 11:23:02,262 , 34.4692721663047
2018-05-28 11:23:02,786 RF found but not transmitted
2018-05-28 11:23:03,314 RCV reinforcement info
2018-05-28 11:23:03,318 , 34.56900323814925
2018-05-28 11:23:03,423 RCV reinforcement info
2018-05-28 11:23:03,428 , 34.65778126838498
2018-05-28 11:23:03,670 RF found but not transmitted
2018-05-28 11:23:03,672 RF found
2018-05-28 11:23:03,674 SNT reinforcement_information
2018-05-28 11:23:03,981 RCV reinforcement info
2018-05-28 11:23:03,985 , 34.96750918423203
2018-05-28 11:23:04,931 RF found but not transmitted
2018-05-28 11:23:07,088 RF found but not transmitted
2018-05-28 11:23:07,424 RF found but not transmitted
2018-05-28 11:23:07,427 RF found
2018-05-28 11:23:07,429 SNT reinforcement_information
2018-05-28 11:23:07,872 RF found but not transmitted
2018-05-28 11:23:09,408 RF found but not transmitted
2018-05-28 11:23:09,486 RF found but not transmitted
2018-05-28 11:23:09,649 RCV proposal
2018-05-28 11:23:09,652 appended malicious propose 08cff22e4c on top of 52680ef0b5
2018-05-28 11:23:09,733 RCV reinforcement
2018-05-28 11:23:09,738 RCV reinforcement
2018-05-28 11:23:10,034 RCV reinforcement
2018-05-28 11:23:10,096 RF found but not transmitted
2018-05-28 11:23:10,913 RF found but not transmitted
2018-05-28 11:23:11,176 RCV commit
2018-05-28 11:23:11,219 appended malicious commit fc4bb77831 on top of 08cff22e4c
2018-05-28 11:23:11,259 Weight: 32.139713955952985 #RFs 10
2018-05-28 11:23:11,260 weight: 32.139713955952985
2018-05-28 11:23:11,263 , 32.139713955952985
2018-05-28 11:23:11,456 RF found but not transmitted
2018-05-28 11:23:11,582 RCV reinforcement info
2018-05-28 11:23:11,586 , 35.224810462934045
2018-05-28 11:23:12,093 RF found but not transmitted
2018-05-28 11:23:12,097 RF found
2018-05-28 11:23:12,100 SNT reinforcement_information
2018-05-28 11:23:13,141 RCV reinforcement info
2018-05-28 11:23:13,146 , 35.56192171278473
2018-05-28 11:23:13,836 RCV reinforcement info
2018-05-28 11:23:13,840 , 35.64445464214598
2018-05-28 11:23:15,052 RCV proposal
2018-05-28 11:23:15,054 appended malicious propose 0b78f89474 on top of fc4bb77831
2018-05-28 11:23:15,890 RCV reinforcement
2018-05-28 11:23:16,121 RCV reinforcement info
2018-05-28 11:23:16,126 , 35.776623164147104
2018-05-28 11:23:16,386 RF found but not transmitted
2018-05-28 11:23:16,534 RCV commit
2018-05-28 11:23:16,541 appended malicious commit 275a0e350c on top of 0b78f89474
2018-05-28 11:23:16,550 Weight: 33.28903613364756 #RFs 2
2018-05-28 11:23:16,550 weight: 33.28903613364756
2018-05-28 11:23:16,551 , 33.28903613364756
2018-05-28 11:23:17,352 RCV proposal
2018-05-28 11:23:17,355 appended malicious propose 9deb54b327 on top of 275a0e350c
2018-05-28 11:23:17,505 RCV reinforcement info
2018-05-28 11:23:17,509 , 35.864207921559
2018-05-28 11:23:18,419 RF found but not transmitted
2018-05-28 11:23:18,871 RCV commit
2018-05-28 11:23:18,874 appended malicious commit 8c43e7c535 on top of 9deb54b327
2018-05-28 11:23:18,881 Weight: 34.35633657591528 #RFs 1
2018-05-28 11:23:18,881 weight: 34.35633657591528
2018-05-28 11:23:18,882 , 34.35633657591528
2018-05-28 11:23:18,939 RCV reinforcement
2018-05-28 11:23:21,918 RCV reinforcement info
2018-05-28 11:23:21,922 , 36.311791890022846
2018-05-28 11:23:22,183 RCV reinforcement info
2018-05-28 11:23:22,187 , 36.44263365633963
2018-05-28 11:23:22,883 RF found but not transmitted
2018-05-28 11:23:23,797 RF found but not transmitted
2018-05-28 11:23:24,314 RCV proposal
2018-05-28 11:23:24,316 appended malicious propose a676c6c2d8 on top of 8c43e7c535
2018-05-28 11:23:24,318 RF found but not transmitted
2018-05-28 11:23:24,409 RCV reinforcement
2018-05-28 11:23:24,416 RCV reinforcement
2018-05-28 11:23:24,573 RF found but not transmitted
2018-05-28 11:23:24,597 RF found but not transmitted
2018-05-28 11:23:24,891 RCV reinforcement
2018-05-28 11:23:24,996 RCV reinforcement
2018-05-28 11:23:25,552 RCV reinforcement info
2018-05-28 11:23:25,556 , 36.542648528095214
2018-05-28 11:23:25,844 RCV commit
2018-05-28 11:23:25,858 appended malicious commit f4e4ff7fb9 on top of a676c6c2d8
2018-05-28 11:23:25,882 Weight: 36.14985767120182 #RFs 5
2018-05-28 11:23:25,882 weight: 36.14985767120182
2018-05-28 11:23:25,882 , 36.14985767120182
2018-05-28 11:23:26,261 RCV reinforcement info
2018-05-28 11:23:26,265 , 36.645794705319425
2018-05-28 11:23:26,494 RF found but not transmitted
2018-05-28 11:23:29,746 RF found but not transmitted
2018-05-28 11:23:32,248 RCV reinforcement info
2018-05-28 11:23:32,253 , 36.852699892144926
2018-05-28 11:23:32,358 RCV reinforcement info
2018-05-28 11:23:32,362 , 36.930756595682666
2018-05-28 11:23:33,533 RF found but not transmitted
2018-05-28 11:23:33,711 RF found but not transmitted
2018-05-28 11:23:34,642 RF found but not transmitted
2018-05-28 11:23:35,447 RCV reinforcement info
2018-05-28 11:23:35,451 , 37.28763643371031
2018-05-28 11:23:35,743 RCV proposal
2018-05-28 11:23:35,747 appended malicious propose 46e627071e on top of f4e4ff7fb9
2018-05-28 11:23:35,822 RCV reinforcement
2018-05-28 11:23:35,825 RCV reinforcement
2018-05-28 11:23:36,020 RCV reinforcement
2018-05-28 11:23:36,969 RCV reinforcement
2018-05-28 11:23:37,300 RCV commit
2018-05-28 11:23:37,342 appended malicious commit 94a52e7c13 on top of 46e627071e
2018-05-28 11:23:37,380 Weight: 39.057372401827124 #RFs 11
2018-05-28 11:23:37,380 weight: 39.057372401827124
2018-05-28 11:23:37,380 , 39.057372401827124
2018-05-28 11:23:37,384 Switching branch - my current block was: 37.28763643371031
2018-05-28 11:23:37,385 start mining - depth 10
2018-05-28 11:23:37,386 start mining - hash 94a52e7c13bd13738c4a3b68c2075b12ed0f84d26023847fdaf72b237cc3e59d
2018-05-28 11:23:37,386 END: MALICIOUS WIN
2018-05-28 11:23:37,393 Hashing frequency: 12824
2018-05-28 11:23:37,494 RF found but not transmitted
2018-05-28 11:23:37,650 RF found but not transmitted
2018-05-28 11:23:39,637 RF found but not transmitted
2018-05-28 11:23:39,811 RF found but not transmitted
2018-05-28 11:23:39,812 RF found
2018-05-28 11:23:39,813 SNT reinforcement_information
2018-05-28 11:23:40,645 RF found but not transmitted
2018-05-28 11:23:41,504 RF found but not transmitted
2018-05-28 11:23:41,505 hash found
2018-05-28 11:23:41,509 appended malicious propose 89c74176f1 on top of 94a52e7c13
2018-05-28 11:23:41,509 REINFORCEMENT COLLECTING state
2018-05-28 11:23:41,574 SNT proposal
2018-05-28 11:23:41,677 RF found but not transmitted
2018-05-28 11:23:41,731 RCV reinforcement
2018-05-28 11:23:41,744 RCV reinforcement
2018-05-28 11:23:42,488 RF found but not transmitted
2018-05-28 11:23:42,714 RCV reinforcement
2018-05-28 11:23:42,847 RF found but not transmitted
2018-05-28 11:23:43,080 commit with 3 reinforcements
2018-05-28 11:23:43,094 appended malicious commit bfea0e4509 on top of 89c74176f1
2018-05-28 11:23:43,110 Weight: 41.059152517460426 #RFs 7
2018-05-28 11:23:43,110 weight: 41.059152517460426
2018-05-28 11:23:43,110 , 41.059152517460426
2018-05-28 11:23:43,110 MINING state
2018-05-28 11:23:43,110 start mining - depth 11
2018-05-28 11:23:43,111 start mining - hash bfea0e4509c85395b753227e8a8b743db5498ab25eedcba91135132ad08815fc
2018-05-28 11:23:43,111 END: MALICIOUS WIN
2018-05-28 11:23:43,111 SNT commit
2018-05-28 11:23:43,547 RCV reinforcement info
2018-05-28 11:23:43,553 , 41.149534620839205
2018-05-28 11:23:43,896 RCV reinforcement info
2018-05-28 11:23:43,900 , 41.388800163008696
2018-05-28 11:23:44,143 RF found but not transmitted
