2018-05-15 23:32:50,208 ---------------------------------------------------------
2018-05-15 23:32:50,209 PURE BLOCKCHAIN state
2018-05-15 23:32:51,232 start mining - depth 0
2018-05-15 23:32:51,232 start mining - hash 94f324432c585171654fd7b150a9264b5f3b5d31ad63fd56db31698b66aa8625
2018-05-15 23:33:01,159 RCV proposal_commit
2018-05-15 23:33:01,163 appended honest propose c0f6ac8380 on top of 94f324432c
2018-05-15 23:33:01,164 appended honest commit 9b8e3d5c64 on top of c0f6ac8380
2018-05-15 23:33:01,164 weight: 1
2018-05-15 23:33:01,164 , 1
2018-05-15 23:33:01,164 start mining - depth 1
2018-05-15 23:33:01,165 start mining - hash 9b8e3d5c645fae7d8036fac20ac59df200c8c8cde4f02bdd13ab05aa33bd3912
2018-05-15 23:33:02,306 RCV proposal_commit
2018-05-15 23:33:02,312 appended honest propose 72e0cb5e67 on top of 9b8e3d5c64
2018-05-15 23:33:02,312 appended honest commit 6c99e44f83 on top of 72e0cb5e67
2018-05-15 23:33:02,312 weight: 2
2018-05-15 23:33:02,312 , 2
2018-05-15 23:33:02,312 start mining - depth 2
2018-05-15 23:33:02,313 start mining - hash 6c99e44f837ed760e6d927673c3ddfeaea34c47602b60ac827b915148c2e14f8
2018-05-15 23:33:13,147 RCV proposal_commit
2018-05-15 23:33:13,150 appended honest propose 24de54c41a on top of 6c99e44f83
2018-05-15 23:33:13,150 appended honest commit 05f6d6b552 on top of 24de54c41a
2018-05-15 23:33:13,151 weight: 3
2018-05-15 23:33:13,151 , 3
2018-05-15 23:33:13,151 start mining - depth 3
2018-05-15 23:33:13,151 start mining - hash 05f6d6b55232fd4f84b829a9b9c6ccc476fc3e5d82eb8e7746d270e9d8a6a9e7
2018-05-15 23:33:36,306 RCV proposal_commit
2018-05-15 23:33:36,311 appended malicious propose f077ab331e on top of 6c99e44f83
2018-05-15 23:33:36,313 appended malicious commit 4030a44869 on top of f077ab331e
2018-05-15 23:33:36,314 weight: 3
2018-05-15 23:33:36,314 , 3
2018-05-15 23:33:42,492 RCV proposal_commit
2018-05-15 23:33:42,495 appended malicious propose f8143c0099 on top of 4030a44869
2018-05-15 23:33:42,496 appended malicious commit 065cde44f3 on top of f8143c0099
2018-05-15 23:33:42,496 weight: 4
2018-05-15 23:33:42,496 , 4
2018-05-15 23:33:42,496 start mining - depth 4
2018-05-15 23:33:42,497 start mining - hash 065cde44f3e3d837ed3da67b37e205475c9fbc13b36a986130194fd650d9fb1b
2018-05-15 23:33:42,497 END: MALICIOUS WIN
