2018-05-28 12:52:52,550 ---------------------------------------------------------
2018-05-28 12:52:52,552 MINING state
2018-05-28 12:52:53,560 start mining - depth 0
2018-05-28 12:52:53,561 start mining - hash 908bb66f8c0155956016a566a6829f3bdf3851543548743e8d2a9638eac2afc3
2018-05-28 12:52:55,826 RCV reinforcement info
2018-05-28 12:52:55,829 , 0.08753035630604106
2018-05-28 12:52:56,102 RCV reinforcement info
2018-05-28 12:52:56,106 , 0.17081550026377368
2018-05-28 12:52:56,729 RCV reinforcement info
2018-05-28 12:52:56,733 , 0.6330875110850869
2018-05-28 12:52:57,436 RF found but not transmitted
2018-05-28 12:52:57,438 RF found
2018-05-28 12:52:57,442 SNT reinforcement_information
2018-05-28 12:52:57,942 RCV reinforcement info
2018-05-28 12:52:57,946 , 0.8006643507691567
2018-05-28 12:52:58,365 RCV reinforcement info
2018-05-28 12:52:58,369 , 0.9963076431145275
2018-05-28 12:52:58,470 RCV reinforcement info
2018-05-28 12:52:58,475 , 1.1781554679262844
2018-05-28 12:52:58,863 RF found but not transmitted
2018-05-28 12:52:58,864 RF found
2018-05-28 12:52:58,866 SNT reinforcement_information
2018-05-28 12:53:02,590 RCV reinforcement info
2018-05-28 12:53:02,593 , 1.4536776171737216
2018-05-28 12:53:03,038 RF found but not transmitted
2018-05-28 12:53:03,040 RF found
2018-05-28 12:53:03,042 SNT reinforcement_information
2018-05-28 12:53:04,646 RF found but not transmitted
2018-05-28 12:53:04,647 RF found
2018-05-28 12:53:04,650 SNT reinforcement_information
2018-05-28 12:53:04,870 RF found but not transmitted
2018-05-28 12:53:04,871 RF found
2018-05-28 12:53:04,872 SNT reinforcement_information
2018-05-28 12:53:05,909 RCV reinforcement info
2018-05-28 12:53:05,912 , 1.9328994463205187
2018-05-28 12:53:06,434 RF found but not transmitted
2018-05-28 12:53:06,435 RF found
2018-05-28 12:53:06,437 SNT reinforcement_information
2018-05-28 12:53:10,228 RCV reinforcement info
2018-05-28 12:53:10,233 , 2.107814049547052
2018-05-28 12:53:12,422 RF found but not transmitted
2018-05-28 12:53:12,424 RF found
2018-05-28 12:53:12,426 SNT reinforcement_information
2018-05-28 12:53:16,012 RCV reinforcement info
2018-05-28 12:53:16,016 , 2.570241450538111
2018-05-28 12:53:16,474 RCV reinforcement info
2018-05-28 12:53:16,477 , 2.6996815320322036
2018-05-28 12:53:16,830 RF found but not transmitted
2018-05-28 12:53:16,832 RF found
2018-05-28 12:53:16,834 SNT reinforcement_information
2018-05-28 12:53:19,638 RF found but not transmitted
2018-05-28 12:53:19,641 RF found
2018-05-28 12:53:19,644 SNT reinforcement_information
2018-05-28 12:53:21,050 RCV reinforcement info
2018-05-28 12:53:21,054 , 3.202549394133262
2018-05-28 12:53:22,477 RCV reinforcement info
2018-05-28 12:53:22,480 , 3.317837897057702
2018-05-28 12:53:22,687 RCV reinforcement info
2018-05-28 12:53:22,691 , 3.8300683360250614
2018-05-28 12:53:23,327 RCV reinforcement info
2018-05-28 12:53:23,330 , 3.897557310217802
2018-05-28 12:53:23,892 RCV reinforcement info
2018-05-28 12:53:23,895 , 3.998155737630299
2018-05-28 12:53:24,511 RF found but not transmitted
2018-05-28 12:53:24,512 RF found
2018-05-28 12:53:24,514 SNT reinforcement_information
2018-05-28 12:53:24,649 RF found but not transmitted
2018-05-28 12:53:24,650 RF found
2018-05-28 12:53:24,652 SNT reinforcement_information
2018-05-28 12:53:24,928 RCV reinforcement info
2018-05-28 12:53:24,931 , 4.661263870890054
2018-05-28 12:53:26,169 RCV reinforcement info
2018-05-28 12:53:26,175 , 4.757759312461486
2018-05-28 12:53:27,191 RCV reinforcement info
2018-05-28 12:53:27,194 , 4.984130671649849
2018-05-28 12:53:27,792 RCV reinforcement info
2018-05-28 12:53:27,796 , 5.138031063347393
2018-05-28 12:53:28,068 RF found but not transmitted
2018-05-28 12:53:28,069 hash found
2018-05-28 12:53:28,073 appended honest propose 92b0d2f7fd on top of 908bb66f8c
2018-05-28 12:53:28,074 REINFORCEMENT COLLECTING state
2018-05-28 12:53:28,143 SNT proposal
2018-05-28 12:53:28,279 RCV reinforcement
2018-05-28 12:53:28,303 RCV reinforcement
2018-05-28 12:53:28,319 RCV reinforcement
2018-05-28 12:53:28,373 RCV reinforcement info
2018-05-28 12:53:28,377 , 5.23636400174188
2018-05-28 12:53:28,425 RCV reinforcement
2018-05-28 12:53:28,987 RCV reinforcement info
2018-05-28 12:53:28,991 , 5.388166322550827
2018-05-28 12:53:29,044 RCV reinforcement
2018-05-28 12:53:29,645 commit with 4 reinforcements
2018-05-28 12:53:29,690 appended honest commit 5e854ab793 on top of 92b0d2f7fd
2018-05-28 12:53:29,733 Weight: 6.388166322550828 #RFs 33
2018-05-28 12:53:29,733 weight: 6.388166322550828
2018-05-28 12:53:29,734 , 6.388166322550828
2018-05-28 12:53:29,734 MINING state
2018-05-28 12:53:29,734 start mining - depth 1
2018-05-28 12:53:29,734 start mining - hash 5e854ab79323cf722b3ef649814cd575e6cd59565dcb674811408abee6b6e585
2018-05-28 12:53:29,735 SNT commit
2018-05-28 12:53:29,754 RF found but not transmitted
2018-05-28 12:53:29,802 RF found
2018-05-28 12:53:29,804 SNT reinforcement_information
2018-05-28 12:53:32,665 RCV reinforcement info
2018-05-28 12:53:32,669 , 7.627060352312697
2018-05-28 12:53:33,243 RF found but not transmitted
2018-05-28 12:53:33,246 RF found
2018-05-28 12:53:33,248 SNT reinforcement_information
2018-05-28 12:53:34,599 RCV reinforcement info
2018-05-28 12:53:34,603 , 7.844439525887016
2018-05-28 12:53:35,782 RF found but not transmitted
2018-05-28 12:53:35,783 RF found
2018-05-28 12:53:35,786 SNT reinforcement_information
2018-05-28 12:53:35,887 RCV reinforcement info
2018-05-28 12:53:35,891 , 8.143346218808142
2018-05-28 12:53:36,847 RCV reinforcement info
2018-05-28 12:53:36,851 , 8.225697375012144
2018-05-28 12:53:38,965 RCV reinforcement info
2018-05-28 12:53:38,970 , 8.379201837507797
2018-05-28 12:53:39,026 RF found but not transmitted
2018-05-28 12:53:39,028 RF found
2018-05-28 12:53:39,031 SNT reinforcement_information
2018-05-28 12:53:39,882 RF found but not transmitted
2018-05-28 12:53:39,964 RCV reinforcement info
2018-05-28 12:53:39,969 , 8.730804789294224
2018-05-28 12:53:41,539 RCV reinforcement info
2018-05-28 12:53:41,543 , 8.816643648172159
2018-05-28 12:53:43,251 RCV reinforcement info
2018-05-28 12:53:43,256 , 8.953307510434694
2018-05-28 12:53:43,848 RCV proposal
2018-05-28 12:53:43,850 appended honest propose 6c0ca78b48 on top of 5e854ab793
2018-05-28 12:53:43,851 REINFORCEMENT SENT state
2018-05-28 12:53:43,851 RFs > 0 
2018-05-28 12:53:43,852 SNT reinforcement
2018-05-28 12:53:43,944 RCV reinforcement
2018-05-28 12:53:43,947 RCV reinforcement
2018-05-28 12:53:44,634 RCV reinforcement info
2018-05-28 12:53:44,638 , 9.12489571075332
2018-05-28 12:53:44,688 RCV reinforcement
2018-05-28 12:53:45,391 RCV commit
2018-05-28 12:53:45,438 appended honest commit 5301bd3ef5 on top of 6c0ca78b48
2018-05-28 12:53:45,477 Weight: 10.12489571075332 #RFs 13
2018-05-28 12:53:45,477 weight: 10.12489571075332
2018-05-28 12:53:45,478 , 10.12489571075332
2018-05-28 12:53:45,478 MINING state
2018-05-28 12:53:45,478 start mining - depth 2
2018-05-28 12:53:45,481 start mining - hash 5301bd3ef5bf65d9638b24b66669280ce1a11b8b0bf7e3df02292c7ca1a2c95d
2018-05-28 12:53:45,617 RCV proposal
2018-05-28 12:53:45,620 appended malicious propose f60cfdcdf5 on top of 5e854ab793
2018-05-28 12:53:45,674 RCV reinforcement
2018-05-28 12:53:45,688 RCV reinforcement
2018-05-28 12:53:45,876 RCV reinforcement info
2018-05-28 12:53:45,880 , 11.098457545835728
2018-05-28 12:53:46,160 RCV reinforcement info
2018-05-28 12:53:46,164 , 11.190313652811675
2018-05-28 12:53:47,037 RCV reinforcement info
2018-05-28 12:53:47,041 , 11.277843442521648
2018-05-28 12:53:47,132 RCV commit
2018-05-28 12:53:47,149 appended malicious commit bd21bd5481 on top of f60cfdcdf5
2018-05-28 12:53:47,173 Weight: 8.361908660884431 #RFs 6
2018-05-28 12:53:47,173 weight: 8.361908660884431
2018-05-28 12:53:47,173 , 8.361908660884431
2018-05-28 12:53:47,180 RCV reinforcement
2018-05-28 12:53:47,210 RCV reinforcement
2018-05-28 12:53:48,069 RCV reinforcement info
2018-05-28 12:53:48,073 , 11.491710214045495
2018-05-28 12:53:48,265 RF found but not transmitted
2018-05-28 12:53:48,575 RCV reinforcement info
2018-05-28 12:53:48,580 , 11.570471488284284
2018-05-28 12:53:48,600 RF found but not transmitted
2018-05-28 12:53:49,022 RCV reinforcement info
2018-05-28 12:53:49,026 , 11.670569067838105
2018-05-28 12:53:49,451 RCV reinforcement info
2018-05-28 12:53:49,456 , 11.740786208444483
2018-05-28 12:53:50,640 RF found but not transmitted
2018-05-28 12:53:51,932 RF found but not transmitted
2018-05-28 12:53:51,934 RF found
2018-05-28 12:53:51,937 SNT reinforcement_information
2018-05-28 12:53:52,140 RF found but not transmitted
2018-05-28 12:53:52,365 RCV proposal
2018-05-28 12:53:52,369 appended malicious propose f3cba59f1e on top of bd21bd5481
2018-05-28 12:53:52,410 RCV reinforcement
2018-05-28 12:53:52,774 RCV reinforcement
2018-05-28 12:53:52,912 RF found but not transmitted
2018-05-28 12:53:52,915 RF found
2018-05-28 12:53:52,918 SNT reinforcement_information
2018-05-28 12:53:53,873 RCV commit
2018-05-28 12:53:53,883 appended malicious commit b9d5d3c39a on top of f3cba59f1e
2018-05-28 12:53:53,889 Weight: 10.463418021714755 #RFs 3
2018-05-28 12:53:53,889 weight: 10.463418021714755
2018-05-28 12:53:53,889 , 10.463418021714755
2018-05-28 12:53:54,060 RF found but not transmitted
2018-05-28 12:53:56,306 RCV reinforcement info
2018-05-28 12:53:56,311 , 12.44947455574658
2018-05-28 12:53:56,921 RF found but not transmitted
2018-05-28 12:53:56,924 RF found
2018-05-28 12:53:56,926 SNT reinforcement_information
2018-05-28 12:53:57,736 RCV proposal
2018-05-28 12:53:57,739 appended malicious propose e70d6eea9f on top of b9d5d3c39a
2018-05-28 12:53:57,789 RCV reinforcement
2018-05-28 12:53:57,804 RCV reinforcement
2018-05-28 12:53:57,868 RCV reinforcement info
2018-05-28 12:53:57,872 , 12.715999403969725
2018-05-28 12:53:58,418 RCV reinforcement info
2018-05-28 12:53:58,422 , 12.860354119819496
2018-05-28 12:53:58,846 RCV reinforcement info
2018-05-28 12:53:58,850 , 13.159341512069872
2018-05-28 12:53:59,056 RF found but not transmitted
2018-05-28 12:53:59,262 RCV commit
2018-05-28 12:53:59,268 appended malicious commit 2118bfbfbe on top of e70d6eea9f
2018-05-28 12:53:59,271 Weight: 11.601152779807933 #RFs 2
2018-05-28 12:53:59,271 weight: 11.601152779807933
2018-05-28 12:53:59,272 , 11.601152779807933
2018-05-28 12:53:59,644 RCV reinforcement info
2018-05-28 12:53:59,649 , 13.356118324787625
2018-05-28 12:54:01,476 RCV reinforcement info
2018-05-28 12:54:01,480 , 13.47031269432052
2018-05-28 12:54:02,605 RCV reinforcement info
2018-05-28 12:54:02,609 , 13.53867060644115
2018-05-28 12:54:03,503 RF found but not transmitted
2018-05-28 12:54:03,505 RF found
2018-05-28 12:54:03,507 SNT reinforcement_information
2018-05-28 12:54:03,977 RF found but not transmitted
2018-05-28 12:54:04,128 RCV reinforcement info
2018-05-28 12:54:04,132 , 13.675692410270255
2018-05-28 12:54:06,244 RCV proposal
2018-05-28 12:54:06,247 appended honest propose a2193dad3b on top of 5301bd3ef5
2018-05-28 12:54:06,247 REINFORCEMENT SENT state
2018-05-28 12:54:06,247 RFs > 0 
2018-05-28 12:54:06,248 SNT reinforcement
2018-05-28 12:54:06,344 RCV reinforcement
2018-05-28 12:54:06,348 RCV reinforcement info
2018-05-28 12:54:06,363 RCV reinforcement
2018-05-28 12:54:07,829 RCV commit
2018-05-28 12:54:07,922 appended honest commit a5b05f3a07 on top of a2193dad3b
2018-05-28 12:54:07,984 Weight: 15.55877783454222 #RFs 20
2018-05-28 12:54:07,984 weight: 15.55877783454222
2018-05-28 12:54:07,985 , 15.55877783454222
2018-05-28 12:54:07,985 MINING state
2018-05-28 12:54:07,985 start mining - depth 3
2018-05-28 12:54:07,986 start mining - hash a5b05f3a073db3c915be8cab2beb4222ee7b3e98c5f2fa02cdc934f31ada90f1
2018-05-28 12:54:07,986 Hashing frequency: 6183
2018-05-28 12:54:08,014 RCV proposal
2018-05-28 12:54:08,017 appended honest propose b598cf7473 on top of a5b05f3a07
2018-05-28 12:54:08,018 REINFORCEMENT SENT state
2018-05-28 12:54:09,406 RCV commit
2018-05-28 12:54:09,407 appended honest commit e42bf2d14d on top of b598cf7473
2018-05-28 12:54:09,407 Weight: 16.55877783454222 #RFs 0
2018-05-28 12:54:09,407 weight: 16.55877783454222
2018-05-28 12:54:09,408 , 16.55877783454222
2018-05-28 12:54:09,408 MINING state
2018-05-28 12:54:09,408 start mining - depth 4
2018-05-28 12:54:09,408 start mining - hash e42bf2d14d965bea8fb43bdb5b592ecde955f55ea8b7b0e06c6a042aabcc6f92
2018-05-28 12:54:09,999 RCV reinforcement info
2018-05-28 12:54:10,003 , 16.63322220562561
2018-05-28 12:54:10,142 RCV reinforcement info
2018-05-28 12:54:10,146 , 17.587572535288757
2018-05-28 12:54:10,618 RF found but not transmitted
2018-05-28 12:54:11,068 RCV reinforcement info
2018-05-28 12:54:11,071 , 17.653755765934452
2018-05-28 12:54:11,526 RCV reinforcement info
2018-05-28 12:54:11,530 , 17.864281168785066
2018-05-28 12:54:11,568 RCV reinforcement info
2018-05-28 12:54:11,572 , 17.94716941087699
2018-05-28 12:54:12,032 RCV reinforcement info
2018-05-28 12:54:12,035 , 18.030451641277473
2018-05-28 12:54:12,405 RCV reinforcement info
2018-05-28 12:54:12,408 , 18.59817481674141
2018-05-28 12:54:13,414 RF found but not transmitted
2018-05-28 12:54:14,020 RF found but not transmitted
2018-05-28 12:54:14,022 RF found
2018-05-28 12:54:14,024 SNT reinforcement_information
2018-05-28 12:54:16,584 RCV reinforcement info
2018-05-28 12:54:16,588 , 19.023304033385003
2018-05-28 12:54:16,743 RCV reinforcement info
2018-05-28 12:54:16,746 , 19.107381845931677
2018-05-28 12:54:16,837 RCV reinforcement info
2018-05-28 12:54:16,840 , 19.30573015117412
2018-05-28 12:54:16,974 RCV proposal
2018-05-28 12:54:16,977 appended honest propose 2d310dde13 on top of e42bf2d14d
2018-05-28 12:54:16,977 REINFORCEMENT SENT state
2018-05-28 12:54:16,977 RFs > 0 
2018-05-28 12:54:16,978 SNT reinforcement
2018-05-28 12:54:17,066 RCV reinforcement
2018-05-28 12:54:17,078 RCV reinforcement
2018-05-28 12:54:17,248 RF found but not transmitted
2018-05-28 12:54:17,306 RCV reinforcement info
2018-05-28 12:54:17,310 , 19.63799334838337
2018-05-28 12:54:17,375 RCV reinforcement
2018-05-28 12:54:17,508 RF found but not transmitted
2018-05-28 12:54:18,506 RCV commit
2018-05-28 12:54:18,540 appended honest commit 38e47c2dd9 on top of 2d310dde13
2018-05-28 12:54:18,574 Weight: 20.63799334838337 #RFs 12
2018-05-28 12:54:18,574 weight: 20.63799334838337
2018-05-28 12:54:18,574 , 20.63799334838337
2018-05-28 12:54:18,575 MINING state
2018-05-28 12:54:18,577 start mining - depth 5
2018-05-28 12:54:18,577 start mining - hash 38e47c2dd91831f7e6ca4054d035f14780334f186bb8919749f0bd39022a8fa4
2018-05-28 12:54:19,495 RCV reinforcement info
2018-05-28 12:54:19,500 , 20.763705846387744
2018-05-28 12:54:19,602 RCV reinforcement info
2018-05-28 12:54:19,607 , 20.872497853459745
2018-05-28 12:54:19,785 RCV reinforcement info
2018-05-28 12:54:19,790 , 20.965344202715386
2018-05-28 12:54:20,306 RCV reinforcement info
2018-05-28 12:54:20,310 , 21.119353124404544
2018-05-28 12:54:22,441 RCV reinforcement info
2018-05-28 12:54:22,446 , 21.584784206580956
2018-05-28 12:54:23,898 RF found but not transmitted
2018-05-28 12:54:24,225 RCV reinforcement info
2018-05-28 12:54:24,229 , 21.64977392143729
2018-05-28 12:54:28,448 RCV reinforcement info
2018-05-28 12:54:28,452 , 21.721556841758346
2018-05-28 12:54:30,323 RF found but not transmitted
2018-05-28 12:54:30,770 RCV reinforcement info
2018-05-28 12:54:30,775 , 21.990576938909513
2018-05-28 12:54:31,323 RCV reinforcement info
2018-05-28 12:54:31,327 , 22.776972763364654
2018-05-28 12:54:31,846 RF found but not transmitted
2018-05-28 12:54:31,940 RCV reinforcement info
2018-05-28 12:54:31,942 , 23.39146945891198
2018-05-28 12:54:32,180 RCV reinforcement info
2018-05-28 12:54:32,184 , 23.605865941873226
2018-05-28 12:54:32,773 RCV reinforcement info
2018-05-28 12:54:32,778 , 23.78700868831171
2018-05-28 12:54:32,976 RF found but not transmitted
2018-05-28 12:54:32,979 RF found
2018-05-28 12:54:32,981 SNT reinforcement_information
2018-05-28 12:54:33,546 RF found but not transmitted
2018-05-28 12:54:33,586 RCV reinforcement info
2018-05-28 12:54:33,590 , 23.969108346775382
2018-05-28 12:54:35,409 RCV reinforcement info
2018-05-28 12:54:35,414 , 24.125790660808132
2018-05-28 12:54:35,547 RF found but not transmitted
2018-05-28 12:54:35,550 RF found
2018-05-28 12:54:35,553 SNT reinforcement_information
2018-05-28 12:54:36,249 RCV reinforcement info
2018-05-28 12:54:36,253 , 24.363546834457516
2018-05-28 12:54:36,608 RCV reinforcement info
2018-05-28 12:54:36,614 , 24.725292556632454
2018-05-28 12:54:38,467 RF found but not transmitted
2018-05-28 12:54:39,638 RCV reinforcement info
2018-05-28 12:54:39,643 , 24.836968477225582
2018-05-28 12:54:39,765 RCV reinforcement info
2018-05-28 12:54:39,770 , 24.93781127576788
2018-05-28 12:54:39,887 RCV reinforcement info
2018-05-28 12:54:39,892 , 25.068989204146057
2018-05-28 12:54:40,888 RCV reinforcement info
2018-05-28 12:54:40,893 , 25.13150627986475
2018-05-28 12:54:41,152 RCV reinforcement info
2018-05-28 12:54:41,156 , 25.392573178399687
2018-05-28 12:54:42,363 RF found but not transmitted
2018-05-28 12:54:42,365 RF found
2018-05-28 12:54:42,367 SNT reinforcement_information
2018-05-28 12:54:43,039 RF found but not transmitted
2018-05-28 12:54:43,099 RCV reinforcement info
2018-05-28 12:54:43,104 , 25.662623116001164
2018-05-28 12:54:43,515 RF found but not transmitted
2018-05-28 12:54:43,813 RF found but not transmitted
2018-05-28 12:54:43,816 RF found
2018-05-28 12:54:43,818 SNT reinforcement_information
2018-05-28 12:54:43,889 RCV reinforcement info
2018-05-28 12:54:43,891 , 26.310624282405165
2018-05-28 12:54:45,140 RF found but not transmitted
2018-05-28 12:54:45,143 RF found
2018-05-28 12:54:45,146 SNT reinforcement_information
2018-05-28 12:54:45,272 RCV reinforcement info
2018-05-28 12:54:45,274 , 26.74192411276787
2018-05-28 12:54:45,808 RF found but not transmitted
2018-05-28 12:54:45,810 RF found
2018-05-28 12:54:45,813 SNT reinforcement_information
2018-05-28 12:54:47,409 RF found but not transmitted
2018-05-28 12:54:47,664 RF found but not transmitted
2018-05-28 12:54:47,966 RF found but not transmitted
2018-05-28 12:54:48,640 RCV reinforcement info
2018-05-28 12:54:48,644 , 26.980176860944272
2018-05-28 12:54:49,229 RF found but not transmitted
2018-05-28 12:54:49,233 RF found
2018-05-28 12:54:49,236 SNT reinforcement_information
2018-05-28 12:54:53,627 RF found but not transmitted
2018-05-28 12:54:54,381 RF found but not transmitted
2018-05-28 12:54:54,383 RF found
2018-05-28 12:54:54,386 SNT reinforcement_information
2018-05-28 12:54:54,567 RCV reinforcement info
2018-05-28 12:54:54,571 , 27.27659465464061
2018-05-28 12:54:54,894 RCV reinforcement info
2018-05-28 12:54:54,898 , 27.40489243106446
2018-05-28 12:54:55,944 RCV reinforcement info
2018-05-28 12:54:55,948 , 27.502926796983637
2018-05-28 12:54:56,270 RCV reinforcement info
2018-05-28 12:54:56,274 , 27.663862435730195
2018-05-28 12:54:57,840 RCV reinforcement info
2018-05-28 12:54:57,844 , 27.73580739273987
2018-05-28 12:54:57,926 RCV reinforcement info
2018-05-28 12:54:57,930 , 27.88319028233607
2018-05-28 12:54:57,966 RF found but not transmitted
2018-05-28 12:54:58,313 RCV reinforcement info
2018-05-28 12:54:58,317 , 27.996398580046744
2018-05-28 12:54:59,521 RCV reinforcement info
2018-05-28 12:54:59,526 , 28.06442733575098
2018-05-28 12:55:00,470 RF found but not transmitted
2018-05-28 12:55:02,282 RCV reinforcement info
2018-05-28 12:55:02,286 , 28.149168743581008
2018-05-28 12:55:03,766 RF found but not transmitted
2018-05-28 12:55:04,031 RCV reinforcement info
2018-05-28 12:55:04,035 , 28.223587472600382
2018-05-28 12:55:06,262 RF found but not transmitted
2018-05-28 12:55:06,574 RCV reinforcement info
2018-05-28 12:55:06,579 , 28.418360507429043
2018-05-28 12:55:07,510 RCV reinforcement info
2018-05-28 12:55:07,514 , 28.556367082485018
2018-05-28 12:55:07,910 RF found but not transmitted
2018-05-28 12:55:08,443 RCV reinforcement info
2018-05-28 12:55:08,447 , 28.67015618161548
2018-05-28 12:55:10,124 RCV reinforcement info
2018-05-28 12:55:10,129 , 28.75390321026177
2018-05-28 12:55:10,912 RF found but not transmitted
2018-05-28 12:55:11,555 RF found but not transmitted
2018-05-28 12:55:11,673 RF found but not transmitted
2018-05-28 12:55:11,763 RF found but not transmitted
2018-05-28 12:55:11,767 RF found
2018-05-28 12:55:11,769 SNT reinforcement_information
2018-05-28 12:55:11,963 RF found but not transmitted
2018-05-28 12:55:12,812 RCV reinforcement info
2018-05-28 12:55:12,814 , 28.931408496878408
2018-05-28 12:55:15,065 RCV reinforcement info
2018-05-28 12:55:15,069 , 29.027705483097577
2018-05-28 12:55:15,829 RF found but not transmitted
2018-05-28 12:55:15,831 RF found
2018-05-28 12:55:15,833 SNT reinforcement_information
2018-05-28 12:55:18,000 RCV reinforcement info
2018-05-28 12:55:18,004 , 29.332909584397342
2018-05-28 12:55:18,537 RF found but not transmitted
2018-05-28 12:55:18,652 RCV proposal
2018-05-28 12:55:18,656 appended honest propose 6340e360cf on top of 38e47c2dd9
2018-05-28 12:55:18,656 REINFORCEMENT SENT state
2018-05-28 12:55:18,656 RFs > 0 
2018-05-28 12:55:18,658 SNT reinforcement
2018-05-28 12:55:18,738 RCV reinforcement
2018-05-28 12:55:18,761 RCV reinforcement
2018-05-28 12:55:19,664 RF found but not transmitted
2018-05-28 12:55:19,668 SNT reinforcement_information
2018-05-28 12:55:19,736 SNT reinforcement
2018-05-28 12:55:20,318 RF found but not transmitted
2018-05-28 12:55:20,322 RCV commit
2018-05-28 12:55:20,503 appended honest commit 16b635653b on top of 6340e360cf
2018-05-28 12:55:20,698 Weight: 30.442042930045424 #RFs 53
2018-05-28 12:55:20,699 weight: 30.442042930045424
2018-05-28 12:55:20,699 , 30.442042930045424
2018-05-28 12:55:20,700 MINING state
2018-05-28 12:55:20,700 start mining - depth 6
2018-05-28 12:55:20,701 start mining - hash 16b635653bbcb96d27d55e9d004694786a4a427b0a3775cdf536b0efd73ac493
2018-05-28 12:55:20,701 Hashing frequency: 7840
2018-05-28 12:55:21,897 RCV reinforcement info
2018-05-28 12:55:21,902 , 30.62347676616566
2018-05-28 12:55:21,985 RCV reinforcement info
2018-05-28 12:55:21,989 , 30.688651303838284
2018-05-28 12:55:24,557 RCV proposal
2018-05-28 12:55:24,562 appended honest propose 76af5cbb69 on top of 16b635653b
2018-05-28 12:55:24,562 REINFORCEMENT SENT state
2018-05-28 12:55:24,620 RF found but not transmitted
2018-05-28 12:55:24,661 RCV proposal
2018-05-28 12:55:24,664 appended honest propose 4db9d1df1e on top of 16b635653b
2018-05-28 12:55:25,878 RF found but not transmitted
2018-05-28 12:55:25,883 SNT reinforcement_information
2018-05-28 12:55:25,953 SNT reinforcement
2018-05-28 12:55:26,080 RCV commit
2018-05-28 12:55:26,085 appended honest commit ea7b361a20 on top of 76af5cbb69
2018-05-28 12:55:26,086 Weight: 31.507217467718053 #RFs 1
2018-05-28 12:55:26,086 weight: 31.507217467718053
2018-05-28 12:55:26,086 , 31.507217467718053
2018-05-28 12:55:26,086 MINING state
2018-05-28 12:55:26,086 start mining - depth 7
2018-05-28 12:55:26,087 start mining - hash ea7b361a20c36189adcbd8baa3d7ce59cb23a18d91a9bbeb307d4312828fba3c
2018-05-28 12:55:26,173 RCV commit
2018-05-28 12:55:26,175 appended honest commit 66977367c7 on top of 4db9d1df1e
2018-05-28 12:55:26,177 Weight: 31.62347676616566 #RFs 1
2018-05-28 12:55:26,178 weight: 31.62347676616566
2018-05-28 12:55:26,178 , 31.62347676616566
2018-05-28 12:55:26,846 RCV reinforcement info
2018-05-28 12:55:26,850 , 31.57442890947892
2018-05-28 12:55:29,248 RF found but not transmitted
2018-05-28 12:55:29,250 RF found
2018-05-28 12:55:29,252 SNT reinforcement_information
2018-05-28 12:55:30,331 RF found but not transmitted
2018-05-28 12:55:30,333 RF found
2018-05-28 12:55:30,336 SNT reinforcement_information
2018-05-28 12:55:30,521 RCV reinforcement info
2018-05-28 12:55:30,525 , 32.21391429049844
2018-05-28 12:55:31,118 RF found but not transmitted
2018-05-28 12:55:33,319 RF found but not transmitted
2018-05-28 12:55:36,311 RCV reinforcement info
2018-05-28 12:55:36,472 RF found but not transmitted
2018-05-28 12:55:36,473 RF found
2018-05-28 12:55:36,474 SNT reinforcement_information
2018-05-28 12:55:36,528 RCV reinforcement info
2018-05-28 12:55:39,173 RF found but not transmitted
2018-05-28 12:55:40,140 RCV reinforcement info
2018-05-28 12:55:40,144 , 32.464911878893226
2018-05-28 12:55:40,213 RCV reinforcement info
2018-05-28 12:55:40,215 , 32.607866181117025
2018-05-28 12:55:40,894 RF found but not transmitted
2018-05-28 12:55:40,896 RF found
2018-05-28 12:55:40,899 SNT reinforcement_information
2018-05-28 12:55:41,384 RCV reinforcement info
2018-05-28 12:55:41,905 RCV reinforcement info
2018-05-28 12:55:41,909 , 33.19203180351757
2018-05-28 12:55:42,739 RCV reinforcement info
2018-05-28 12:55:44,713 RF found but not transmitted
2018-05-28 12:55:44,714 RF found
2018-05-28 12:55:44,716 SNT reinforcement_information
2018-05-28 12:55:46,734 RCV reinforcement info
2018-05-28 12:55:48,209 RCV reinforcement info
2018-05-28 12:55:48,482 RF found but not transmitted
2018-05-28 12:55:48,484 RF found
2018-05-28 12:55:48,486 SNT reinforcement_information
2018-05-28 12:55:50,935 RF found but not transmitted
2018-05-28 12:55:52,576 RCV reinforcement info
2018-05-28 12:55:53,310 RF found but not transmitted
2018-05-28 12:55:53,347 RCV proposal
2018-05-28 12:55:53,351 appended malicious propose 1cf9a56c79 on top of 2118bfbfbe
2018-05-28 12:55:53,424 RCV reinforcement
2018-05-28 12:55:53,430 RCV reinforcement
2018-05-28 12:55:53,859 RF found but not transmitted
2018-05-28 12:55:53,862 RF found
2018-05-28 12:55:53,864 SNT reinforcement_information
2018-05-28 12:55:55,053 RCV commit
2018-05-28 12:55:55,306 appended malicious commit a7bb2e02af on top of 1cf9a56c79
2018-05-28 12:55:55,522 Weight: 26.732745757728775 #RFs 68
2018-05-28 12:55:55,522 weight: 26.732745757728775
2018-05-28 12:55:55,522 , 26.732745757728775
2018-05-28 12:55:55,923 RF found but not transmitted
2018-05-28 12:55:57,193 RCV reinforcement info
2018-05-28 12:55:57,197 , 33.75592278936782
2018-05-28 12:55:57,381 RF found but not transmitted
2018-05-28 12:55:57,384 RF found
2018-05-28 12:55:57,387 SNT reinforcement_information
2018-05-28 12:55:58,679 RF found but not transmitted
2018-05-28 12:55:58,680 RF found
2018-05-28 12:55:58,682 SNT reinforcement_information
2018-05-28 12:55:59,161 RCV reinforcement info
2018-05-28 12:55:59,165 , 34.120388330244744
2018-05-28 12:56:02,929 RCV reinforcement info
2018-05-28 12:56:02,933 , 34.248716971625235
2018-05-28 12:56:03,315 RF found but not transmitted
2018-05-28 12:56:03,665 RCV reinforcement info
2018-05-28 12:56:03,749 RCV reinforcement info
2018-05-28 12:56:03,753 , 34.33015687363178
2018-05-28 12:56:04,432 RF found but not transmitted
2018-05-28 12:56:04,435 RF found
2018-05-28 12:56:04,437 SNT reinforcement_information
2018-05-28 12:56:05,142 RCV proposal
2018-05-28 12:56:05,146 appended malicious propose 6adac56852 on top of a7bb2e02af
2018-05-28 12:56:05,225 RCV reinforcement
2018-05-28 12:56:05,237 RCV reinforcement
2018-05-28 12:56:05,952 RF found but not transmitted
2018-05-28 12:56:06,665 RCV commit
2018-05-28 12:56:06,711 appended malicious commit 9397ab6ba8 on top of 6adac56852
2018-05-28 12:56:06,726 Weight: 29.075039941543857 #RFs 8
2018-05-28 12:56:06,727 weight: 29.075039941543857
2018-05-28 12:56:06,727 , 29.075039941543857
2018-05-28 12:56:07,003 RF found but not transmitted
2018-05-28 12:56:07,005 RF found
2018-05-28 12:56:07,007 SNT reinforcement_information
2018-05-28 12:56:07,532 RCV reinforcement info
2018-05-28 12:56:07,536 , 34.63631294562308
2018-05-28 12:56:08,286 RCV reinforcement info
2018-05-28 12:56:08,410 RCV reinforcement info
2018-05-28 12:56:08,414 , 34.705656658105866
2018-05-28 12:56:08,704 RF found but not transmitted
2018-05-28 12:56:08,823 RCV reinforcement info
2018-05-28 12:56:08,826 , 34.777635963530514
2018-05-28 12:56:13,084 RCV reinforcement info
2018-05-28 12:56:13,281 RF found but not transmitted
2018-05-28 12:56:13,283 RF found
2018-05-28 12:56:13,284 SNT reinforcement_information
2018-05-28 12:56:13,902 RCV reinforcement info
2018-05-28 12:56:13,904 , 35.066680400038635
2018-05-28 12:56:15,982 RCV reinforcement info
2018-05-28 12:56:16,303 RF found but not transmitted
2018-05-28 12:56:16,306 RF found
2018-05-28 12:56:16,308 SNT reinforcement_information
2018-05-28 12:56:16,372 RF found but not transmitted
2018-05-28 12:56:16,374 RF found
2018-05-28 12:56:16,376 SNT reinforcement_information
2018-05-28 12:56:16,703 RCV reinforcement info
2018-05-28 12:56:16,707 , 35.37793449068955
2018-05-28 12:56:16,865 RCV reinforcement info
2018-05-28 12:56:16,869 , 35.521788199539955
2018-05-28 12:56:17,000 RF found but not transmitted
2018-05-28 12:56:17,094 RF found but not transmitted
2018-05-28 12:56:18,113 RF found but not transmitted
2018-05-28 12:56:18,116 RF found
2018-05-28 12:56:18,118 SNT reinforcement_information
2018-05-28 12:56:18,969 RF found but not transmitted
2018-05-28 12:56:18,972 RF found
2018-05-28 12:56:18,975 SNT reinforcement_information
2018-05-28 12:56:20,431 RF found but not transmitted
2018-05-28 12:56:20,824 RF found but not transmitted
2018-05-28 12:56:20,826 RF found
2018-05-28 12:56:20,830 SNT reinforcement_information
2018-05-28 12:56:24,747 RCV proposal
2018-05-28 12:56:24,752 appended malicious propose 2e6b051531 on top of 9397ab6ba8
2018-05-28 12:56:24,807 RCV reinforcement
2018-05-28 12:56:25,423 RCV reinforcement info
2018-05-28 12:56:25,737 RF found but not transmitted
2018-05-28 12:56:26,266 RCV commit
2018-05-28 12:56:26,280 appended malicious commit 2ff348fec2 on top of 2e6b051531
2018-05-28 12:56:26,302 Weight: 30.810694816910186 #RFs 6
2018-05-28 12:56:26,302 weight: 30.810694816910186
2018-05-28 12:56:26,302 , 30.810694816910186
2018-05-28 12:56:26,762 RCV reinforcement info
2018-05-28 12:56:26,766 , 35.88913136693477
2018-05-28 12:56:28,407 RCV reinforcement info
2018-05-28 12:56:28,949 RCV reinforcement info
2018-05-28 12:56:29,246 RF found but not transmitted
2018-05-28 12:56:29,248 RF found
2018-05-28 12:56:29,250 SNT reinforcement_information
2018-05-28 12:56:29,387 RCV reinforcement info
2018-05-28 12:56:29,390 , 36.03911964145643
2018-05-28 12:56:29,771 RF found but not transmitted
2018-05-28 12:56:29,772 RF found
2018-05-28 12:56:29,774 SNT reinforcement_information
2018-05-28 12:56:29,810 RF found but not transmitted
2018-05-28 12:56:30,384 RCV reinforcement info
2018-05-28 12:56:30,388 , 36.646909161821306
2018-05-28 12:56:33,527 RCV reinforcement info
2018-05-28 12:56:34,209 RF found but not transmitted
2018-05-28 12:56:34,211 RF found
2018-05-28 12:56:34,214 SNT reinforcement_information
2018-05-28 12:56:36,434 RF found but not transmitted
2018-05-28 12:56:37,461 RF found but not transmitted
2018-05-28 12:56:37,536 RF found but not transmitted
2018-05-28 12:56:37,538 RF found
2018-05-28 12:56:37,541 SNT reinforcement_information
2018-05-28 12:56:37,880 RF found but not transmitted
2018-05-28 12:56:37,881 RF found
2018-05-28 12:56:37,883 SNT reinforcement_information
2018-05-28 12:56:39,795 RF found but not transmitted
2018-05-28 12:56:40,232 RCV reinforcement info
2018-05-28 12:56:40,236 , 37.218704706450985
2018-05-28 12:56:41,114 RF found but not transmitted
2018-05-28 12:56:41,117 RF found
2018-05-28 12:56:41,118 SNT reinforcement_information
2018-05-28 12:56:41,208 RF found but not transmitted
2018-05-28 12:56:41,209 RF found
2018-05-28 12:56:41,210 SNT reinforcement_information
2018-05-28 12:56:42,049 RCV reinforcement info
2018-05-28 12:56:42,053 , 38.158484520646184
2018-05-28 12:56:43,736 RCV reinforcement info
2018-05-28 12:56:44,064 RCV reinforcement info
2018-05-28 12:56:44,068 , 38.285107960098486
2018-05-28 12:56:45,392 RCV reinforcement info
2018-05-28 12:56:45,396 , 38.37433074537759
2018-05-28 12:56:46,654 RF found but not transmitted
2018-05-28 12:56:49,202 RCV reinforcement info
2018-05-28 12:56:49,638 RCV reinforcement info
2018-05-28 12:56:49,642 , 38.48601870445905
2018-05-28 12:56:49,859 RCV reinforcement info
2018-05-28 12:56:50,256 RCV reinforcement info
2018-05-28 12:56:50,260 , 38.56390750198359
2018-05-28 12:56:50,455 RF found but not transmitted
2018-05-28 12:56:50,456 RF found
2018-05-28 12:56:50,457 SNT reinforcement_information
2018-05-28 12:56:50,516 RCV reinforcement info
2018-05-28 12:56:50,520 , 38.82110980238931
2018-05-28 12:56:50,733 RCV reinforcement info
2018-05-28 12:56:50,736 , 38.995468123628626
2018-05-28 12:56:50,802 RCV reinforcement info
2018-05-28 12:56:50,804 , 39.08107827893181
2018-05-28 12:56:51,061 RF found but not transmitted
2018-05-28 12:56:51,062 RF found
2018-05-28 12:56:51,065 SNT reinforcement_information
2018-05-28 12:56:52,327 RF found but not transmitted
2018-05-28 12:56:52,330 RF found
2018-05-28 12:56:52,331 SNT reinforcement_information
2018-05-28 12:56:53,032 RF found but not transmitted
2018-05-28 12:56:53,426 RF found but not transmitted
2018-05-28 12:56:53,679 RF found but not transmitted
2018-05-28 12:56:53,680 hash found
2018-05-28 12:56:53,684 appended honest propose 98c71887f0 on top of ea7b361a20
2018-05-28 12:56:53,685 REINFORCEMENT COLLECTING state
2018-05-28 12:56:53,751 SNT proposal
2018-05-28 12:56:53,914 RCV reinforcement
2018-05-28 12:56:53,931 RCV reinforcement
2018-05-28 12:56:55,256 commit with 3 reinforcements
2018-05-28 12:56:55,338 appended honest commit 4568517147 on top of 98c71887f0
2018-05-28 12:56:55,402 Weight: 40.32947948379417 #RFs 54
2018-05-28 12:56:55,402 weight: 40.32947948379417
2018-05-28 12:56:55,402 , 40.32947948379417
2018-05-28 12:56:55,404 MINING state
2018-05-28 12:56:55,405 start mining - depth 8
2018-05-28 12:56:55,405 start mining - hash 45685171475a78251c76ca788c36dcfa72749cbc4f523ba23cb9a2f0bca82b71
2018-05-28 12:56:55,405 Hashing frequency: 10193
2018-05-28 12:56:55,406 SNT commit
2018-05-28 12:56:55,434 RF found but not transmitted
2018-05-28 12:56:56,025 RF found but not transmitted
2018-05-28 12:56:56,682 RCV reinforcement info
2018-05-28 12:56:56,686 , 40.507041072743014
2018-05-28 12:56:56,750 RF found but not transmitted
2018-05-28 12:56:56,752 RF found
2018-05-28 12:56:56,756 SNT reinforcement_information
2018-05-28 12:56:58,052 RCV reinforcement info
2018-05-28 12:56:58,056 , 40.742280673145075
2018-05-28 12:56:59,044 RF found but not transmitted
2018-05-28 12:56:59,557 RF found but not transmitted
2018-05-28 12:56:59,608 RF found but not transmitted
2018-05-28 12:56:59,647 RF found but not transmitted
2018-05-28 12:56:59,648 RF found
2018-05-28 12:56:59,649 SNT reinforcement_information
2018-05-28 12:56:59,713 RCV reinforcement info
2018-05-28 12:56:59,716 , 41.01539650267412
2018-05-28 12:56:59,999 RCV reinforcement info
2018-05-28 12:57:00,018 , 41.098261820618475
2018-05-28 12:57:00,844 RF found but not transmitted
2018-05-28 12:57:02,990 RCV reinforcement info
2018-05-28 12:57:02,996 , 41.561557396863854
2018-05-28 12:57:03,573 RF found but not transmitted
2018-05-28 12:57:03,640 RF found but not transmitted
2018-05-28 12:57:03,643 RF found
2018-05-28 12:57:03,645 SNT reinforcement_information
2018-05-28 12:57:05,213 RCV reinforcement info
2018-05-28 12:57:05,217 , 42.20442838164736
2018-05-28 12:57:05,643 RCV reinforcement info
2018-05-28 12:57:05,647 , 42.84262361749066
2018-05-28 12:57:06,301 RCV reinforcement info
2018-05-28 12:57:06,305 , 42.91706645474277
2018-05-28 12:57:06,782 RCV reinforcement info
2018-05-28 12:57:06,786 , 43.03977716038489
2018-05-28 12:57:06,823 RF found but not transmitted
2018-05-28 12:57:06,883 RCV reinforcement info
2018-05-28 12:57:06,887 , 43.14657125021491
2018-05-28 12:57:07,347 RCV reinforcement info
2018-05-28 12:57:07,350 , 43.279013290511905
2018-05-28 12:57:08,645 RF found but not transmitted
2018-05-28 12:57:08,646 RF found
2018-05-28 12:57:08,647 SNT reinforcement_information
2018-05-28 12:57:08,715 RCV reinforcement info
2018-05-28 12:57:08,719 , 43.553514962959326
2018-05-28 12:57:09,321 RCV reinforcement info
2018-05-28 12:57:09,325 , 43.8644295404917
2018-05-28 12:57:09,738 RF found but not transmitted
2018-05-28 12:57:09,791 RF found but not transmitted
2018-05-28 12:57:09,944 RF found but not transmitted
2018-05-28 12:57:09,946 hash found
2018-05-28 12:57:09,951 appended honest propose e5428155e6 on top of 4568517147
2018-05-28 12:57:09,951 REINFORCEMENT COLLECTING state
2018-05-28 12:57:10,026 SNT proposal
2018-05-28 12:57:10,180 RCV reinforcement
2018-05-28 12:57:10,215 RCV reinforcement
2018-05-28 12:57:10,222 RCV reinforcement
2018-05-28 12:57:11,157 RCV reinforcement info
2018-05-28 12:57:11,162 , 44.60875197503589
2018-05-28 12:57:11,226 RCV reinforcement
2018-05-28 12:57:11,528 commit with 4 reinforcements
2018-05-28 12:57:11,555 appended honest commit eec40c5dd3 on top of e5428155e6
2018-05-28 12:57:11,586 Weight: 45.60875197503589 #RFs 18
2018-05-28 12:57:11,586 weight: 45.60875197503589
2018-05-28 12:57:11,586 , 45.60875197503589
2018-05-28 12:57:11,586 MINING state
2018-05-28 12:57:11,586 start mining - depth 9
2018-05-28 12:57:11,587 start mining - hash eec40c5dd306c7e08d2475199ab733bbcdb2c547a922f9810e97906d9a16a221
2018-05-28 12:57:11,587 SNT commit
2018-05-28 12:57:12,051 RF found but not transmitted
2018-05-28 12:57:12,163 RCV reinforcement info
2018-05-28 12:57:12,169 , 45.762022130557824
2018-05-28 12:57:14,482 RCV proposal
2018-05-28 12:57:14,485 appended honest propose e5fe7ccf73 on top of eec40c5dd3
2018-05-28 12:57:14,486 REINFORCEMENT SENT state
2018-05-28 12:57:14,553 RCV reinforcement
2018-05-28 12:57:15,132 RF found but not transmitted
2018-05-28 12:57:15,242 RF found but not transmitted
2018-05-28 12:57:15,423 RF found but not transmitted
2018-05-28 12:57:15,913 RCV reinforcement info
2018-05-28 12:57:15,918 , 46.762022130557824
2018-05-28 12:57:15,967 RCV reinforcement
2018-05-28 12:57:16,044 RCV commit
2018-05-28 12:57:16,048 appended honest commit 42225a0b2f on top of e5fe7ccf73
2018-05-28 12:57:16,050 Weight: 46.762022130557824 #RFs 1
2018-05-28 12:57:16,050 weight: 46.762022130557824
2018-05-28 12:57:16,050 , 46.762022130557824
2018-05-28 12:57:16,051 MINING state
2018-05-28 12:57:16,054 start mining - depth 10
2018-05-28 12:57:16,055 start mining - hash 42225a0b2f248a148d693214ea68b3dd39e1ed4d71215be9dfe19ae8562d0f49
2018-05-28 12:57:17,186 RF found but not transmitted
2018-05-28 12:57:18,266 RCV reinforcement info
2018-05-28 12:57:18,270 , 46.82462474956565
2018-05-28 12:57:18,738 RCV reinforcement info
2018-05-28 12:57:18,742 , 46.966807094977945
2018-05-28 12:57:20,146 RF found but not transmitted
2018-05-28 12:57:20,894 RF found but not transmitted
2018-05-28 12:57:21,323 RCV reinforcement info
2018-05-28 12:57:21,327 , 47.20854991686825
2018-05-28 12:57:21,569 RF found but not transmitted
2018-05-28 12:57:21,838 RCV reinforcement info
2018-05-28 12:57:21,842 , 47.296452792969966
2018-05-28 12:57:23,153 RF found but not transmitted
2018-05-28 12:57:23,156 RF found
2018-05-28 12:57:23,158 SNT reinforcement_information
2018-05-28 12:57:23,236 RF found but not transmitted
2018-05-28 12:57:24,684 RCV reinforcement info
2018-05-28 12:57:24,689 , 47.445909633568725
2018-05-28 12:57:25,067 RF found but not transmitted
2018-05-28 12:57:25,242 RCV reinforcement info
2018-05-28 12:57:25,246 , 48.252651080952646
2018-05-28 12:57:25,636 RF found but not transmitted
2018-05-28 12:57:25,948 RCV reinforcement info
2018-05-28 12:57:25,953 , 48.315906108796455
2018-05-28 12:57:26,439 RCV reinforcement info
2018-05-28 12:57:26,443 , 48.472068179262955
2018-05-28 12:57:26,783 RCV reinforcement info
2018-05-28 12:57:26,787 , 48.55289699497197
2018-05-28 12:57:27,502 RCV reinforcement info
2018-05-28 12:57:27,511 , 48.73279287846936
2018-05-28 12:57:28,048 RF found but not transmitted
2018-05-28 12:57:28,445 RF found but not transmitted
2018-05-28 12:57:28,447 RF found
2018-05-28 12:57:28,449 SNT reinforcement_information
2018-05-28 12:57:29,508 RCV reinforcement info
2018-05-28 12:57:29,512 , 49.03740141558528
2018-05-28 12:57:29,956 RF found but not transmitted
2018-05-28 12:57:30,613 RCV reinforcement info
2018-05-28 12:57:30,617 , 49.143908763516905
2018-05-28 12:57:31,366 RF found but not transmitted
2018-05-28 12:57:31,692 RCV reinforcement info
2018-05-28 12:57:31,696 , 49.2352063585007
2018-05-28 12:57:32,826 RF found but not transmitted
2018-05-28 12:57:34,416 RF found but not transmitted
2018-05-28 12:57:34,493 RF found but not transmitted
2018-05-28 12:57:34,496 RF found
2018-05-28 12:57:34,499 SNT reinforcement_information
2018-05-28 12:57:34,868 RCV reinforcement info
2018-05-28 12:57:34,872 , 49.92943149734593
2018-05-28 12:57:35,556 RF found but not transmitted
2018-05-28 12:57:35,560 RF found
2018-05-28 12:57:35,564 SNT reinforcement_information
2018-05-28 12:57:36,070 RF found but not transmitted
2018-05-28 12:57:36,071 RF found
2018-05-28 12:57:36,075 SNT reinforcement_information
2018-05-28 12:57:36,455 RF found but not transmitted
2018-05-28 12:57:37,770 RF found but not transmitted
2018-05-28 12:57:39,486 RCV reinforcement info
2018-05-28 12:57:39,490 , 50.17779413888185
2018-05-28 12:57:39,755 RCV proposal
2018-05-28 12:57:39,761 appended malicious propose 9dc99937b6 on top of 2ff348fec2
2018-05-28 12:57:39,816 RCV reinforcement
2018-05-28 12:57:39,840 RCV reinforcement
2018-05-28 12:57:41,361 RCV commit
2018-05-28 12:57:41,418 RF found but not transmitted
2018-05-28 12:57:41,494 appended malicious commit 675f8262dd on top of 9dc99937b6
2018-05-28 12:57:41,626 Weight: 37.568799425440325 #RFs 38
2018-05-28 12:57:41,627 weight: 37.568799425440325
2018-05-28 12:57:41,627 , 37.568799425440325
2018-05-28 12:57:41,633 RCV reinforcement info
2018-05-28 12:57:41,644 , 50.25787494985611
2018-05-28 12:57:41,645 RF found
2018-05-28 12:57:41,649 SNT reinforcement_information
2018-05-28 12:57:41,956 RF found but not transmitted
2018-05-28 12:57:41,958 RF found
2018-05-28 12:57:41,961 SNT reinforcement_information
2018-05-28 12:57:42,589 RF found but not transmitted
2018-05-28 12:57:43,055 RCV reinforcement info
2018-05-28 12:57:43,059 , 50.78720638232475
2018-05-28 12:57:43,462 RCV reinforcement info
2018-05-28 12:57:43,466 , 51.00291468652864
2018-05-28 12:57:43,489 RF found but not transmitted
2018-05-28 12:57:43,490 RF found
2018-05-28 12:57:43,491 SNT reinforcement_information
2018-05-28 12:57:44,564 RCV reinforcement info
2018-05-28 12:57:44,568 , 51.15041808189136
2018-05-28 12:57:45,165 RCV reinforcement info
2018-05-28 12:57:45,169 , 51.22990457625208
2018-05-28 12:57:45,837 RF found but not transmitted
2018-05-28 12:57:45,838 RF found
2018-05-28 12:57:45,840 SNT reinforcement_information
2018-05-28 12:57:45,919 RF found but not transmitted
2018-05-28 12:57:46,255 RCV proposal
2018-05-28 12:57:46,258 appended honest propose 522444083e on top of 42225a0b2f
2018-05-28 12:57:46,258 REINFORCEMENT SENT state
2018-05-28 12:57:46,258 RFs > 0 
2018-05-28 12:57:46,259 SNT reinforcement
2018-05-28 12:57:46,269 RF found but not transmitted
2018-05-28 12:57:46,384 RCV reinforcement
2018-05-28 12:57:46,390 RCV reinforcement
2018-05-28 12:57:46,411 RCV reinforcement info
2018-05-28 12:57:46,416 , 51.35747640138489
2018-05-28 12:57:46,486 RCV reinforcement
2018-05-28 12:57:47,372 RCV reinforcement info
2018-05-28 12:57:47,380 , 51.476814932156714
2018-05-28 12:57:47,446 RCV reinforcement
2018-05-28 12:57:47,575 RF found but not transmitted
2018-05-28 12:57:47,578 SNT reinforcement_information
2018-05-28 12:57:47,671 SNT reinforcement
2018-05-28 12:57:47,907 RCV commit
2018-05-28 12:57:48,051 appended honest commit a2240632be on top of 522444083e
2018-05-28 12:57:48,120 Weight: 52.2943102307016 #RFs 29
2018-05-28 12:57:48,121 weight: 52.2943102307016
2018-05-28 12:57:48,121 , 52.2943102307016
2018-05-28 12:57:48,122 MINING state
2018-05-28 12:57:48,122 start mining - depth 11
2018-05-28 12:57:48,122 start mining - hash a2240632be2f8b877340dd1bb1a65fec7ec4aa1faea37be609f80ff952a7cca3
2018-05-28 12:57:48,128 RF found but not transmitted
2018-05-28 12:57:48,594 RF found but not transmitted
2018-05-28 12:57:48,597 RF found
2018-05-28 12:57:48,600 SNT reinforcement_information
2018-05-28 12:57:49,657 RF found but not transmitted
2018-05-28 12:57:49,659 RF found
2018-05-28 12:57:49,660 SNT reinforcement_information
2018-05-28 12:57:50,095 RCV reinforcement info
2018-05-28 12:57:50,100 , 52.57494882153664
2018-05-28 12:57:50,321 RCV reinforcement info
2018-05-28 12:57:50,325 , 52.689792756500275
2018-05-28 12:57:51,222 RCV proposal
2018-05-28 12:57:51,226 appended malicious propose 43ef421b65 on top of 675f8262dd
2018-05-28 12:57:51,295 RCV reinforcement
2018-05-28 12:57:51,323 RCV reinforcement
2018-05-28 12:57:51,929 RF found but not transmitted
2018-05-28 12:57:51,931 RF found
2018-05-28 12:57:51,935 SNT reinforcement_information
2018-05-28 12:57:52,052 RCV reinforcement info
2018-05-28 12:57:52,056 , 53.640472753908014
2018-05-28 12:57:52,165 RCV reinforcement info
2018-05-28 12:57:52,173 , 53.7249422742366
2018-05-28 12:57:52,255 RCV reinforcement
2018-05-28 12:57:52,750 RCV commit
2018-05-28 12:57:52,766 appended malicious commit d539597a94 on top of 43ef421b65
2018-05-28 12:57:52,793 Weight: 40.229681988813326 #RFs 6
2018-05-28 12:57:52,794 weight: 40.229681988813326
2018-05-28 12:57:52,794 , 40.229681988813326
2018-05-28 12:57:52,796 RF found but not transmitted
2018-05-28 12:57:53,032 RCV reinforcement info
2018-05-28 12:57:53,040 , 53.991209438630655
2018-05-28 12:57:53,579 RF found but not transmitted
2018-05-28 12:57:54,048 RCV reinforcement info
2018-05-28 12:57:54,053 , 54.1665561752738
2018-05-28 12:57:54,232 RCV reinforcement info
2018-05-28 12:57:54,237 , 54.86406512010964
2018-05-28 12:57:54,583 RF found but not transmitted
2018-05-28 12:57:54,871 RCV proposal
2018-05-28 12:57:54,874 appended malicious propose f6d81f0306 on top of d539597a94
2018-05-28 12:57:54,995 RCV reinforcement
2018-05-28 12:57:55,855 RCV reinforcement
2018-05-28 12:57:56,385 RCV commit
2018-05-28 12:57:56,396 appended malicious commit d01333704c on top of f6d81f0306
2018-05-28 12:57:56,399 Weight: 41.295542857533306 #RFs 1
2018-05-28 12:57:56,399 weight: 41.295542857533306
2018-05-28 12:57:56,399 , 41.295542857533306
2018-05-28 12:57:56,695 RCV reinforcement info
2018-05-28 12:57:56,702 , 54.93170523995459
2018-05-28 12:57:57,715 RF found but not transmitted
2018-05-28 12:57:58,044 RF found but not transmitted
2018-05-28 12:57:59,397 RF found but not transmitted
2018-05-28 12:57:59,755 RF found but not transmitted
2018-05-28 12:57:59,757 hash found
2018-05-28 12:57:59,761 appended honest propose d1d3c55ac4 on top of a2240632be
2018-05-28 12:57:59,761 REINFORCEMENT COLLECTING state
2018-05-28 12:57:59,906 SNT proposal
2018-05-28 12:58:00,231 RCV reinforcement
2018-05-28 12:58:00,247 RCV reinforcement
2018-05-28 12:58:01,410 commit with 3 reinforcements
2018-05-28 12:58:01,431 appended honest commit 66cd098f26 on top of d1d3c55ac4
2018-05-28 12:58:01,467 Weight: 55.93170523995459 #RFs 11
2018-05-28 12:58:01,467 weight: 55.93170523995459
2018-05-28 12:58:01,467 , 55.93170523995459
2018-05-28 12:58:01,471 MINING state
2018-05-28 12:58:01,471 start mining - depth 12
2018-05-28 12:58:01,471 start mining - hash 66cd098f26324bffd5a759c84d51d53bf2d296e47e83754ae4a07bf4c8b801c0
2018-05-28 12:58:01,472 Hashing frequency: 13447
2018-05-28 12:58:01,472 SNT commit
2018-05-28 12:58:02,044 RCV proposal
2018-05-28 12:58:02,048 appended honest propose 61a50bdb39 on top of 66cd098f26
2018-05-28 12:58:02,048 REINFORCEMENT SENT state
2018-05-28 12:58:02,269 RCV proposal
2018-05-28 12:58:02,272 appended malicious propose 699a82447e on top of d01333704c
2018-05-28 12:58:02,357 RCV reinforcement
2018-05-28 12:58:02,453 RCV reinforcement
2018-05-28 12:58:02,778 RF found but not transmitted
2018-05-28 12:58:03,549 RCV commit
2018-05-28 12:58:03,550 appended honest commit 83c27a0de7 on top of 61a50bdb39
2018-05-28 12:58:03,550 Weight: 56.93170523995459 #RFs 0
2018-05-28 12:58:03,550 weight: 56.93170523995459
2018-05-28 12:58:03,550 , 56.93170523995459
2018-05-28 12:58:03,550 MINING state
2018-05-28 12:58:03,551 start mining - depth 13
2018-05-28 12:58:03,551 start mining - hash 83c27a0de705345af73afb6dc54a19e78801631fe754c8cfbe9274eef9ca1988
2018-05-28 12:58:03,611 RF found but not transmitted
2018-05-28 12:58:03,679 RCV reinforcement
2018-05-28 12:58:03,790 RCV commit
2018-05-28 12:58:03,801 appended malicious commit 53cb58341c on top of 699a82447e
2018-05-28 12:58:03,808 Weight: 43.37209693851508 #RFs 3
2018-05-28 12:58:03,808 weight: 43.37209693851508
2018-05-28 12:58:03,811 , 43.37209693851508
2018-05-28 12:58:03,886 RCV reinforcement info
2018-05-28 12:58:03,889 , 57.18039703341995
2018-05-28 12:58:04,078 RCV reinforcement info
2018-05-28 12:58:04,082 , 57.30723441854416
2018-05-28 12:58:04,579 RF found but not transmitted
2018-05-28 12:58:06,261 RCV reinforcement info
2018-05-28 12:58:06,265 , 57.39867433193086
2018-05-28 12:58:07,223 RF found but not transmitted
2018-05-28 12:58:07,955 RCV reinforcement info
2018-05-28 12:58:07,960 , 57.464483393140675
2018-05-28 12:58:08,633 RF found but not transmitted
2018-05-28 12:58:10,731 RF found but not transmitted
2018-05-28 12:58:10,733 RF found
2018-05-28 12:58:10,734 SNT reinforcement_information
2018-05-28 12:58:11,192 RCV reinforcement info
2018-05-28 12:58:11,195 , 57.656207014163336
2018-05-28 12:58:11,445 RF found but not transmitted
2018-05-28 12:58:11,658 RCV reinforcement info
2018-05-28 12:58:11,662 , 57.800752890888546
2018-05-28 12:58:11,893 RCV reinforcement info
2018-05-28 12:58:11,896 , 57.89988303947726
2018-05-28 12:58:12,061 RCV reinforcement info
2018-05-28 12:58:12,065 , 57.99668515511862
2018-05-28 12:58:12,178 RF found but not transmitted
2018-05-28 12:58:12,228 RF found but not transmitted
2018-05-28 12:58:12,538 RF found but not transmitted
2018-05-28 12:58:12,780 RCV reinforcement info
2018-05-28 12:58:12,784 , 58.21971566605516
2018-05-28 12:58:12,911 RCV reinforcement info
2018-05-28 12:58:12,915 , 58.58419781036424
2018-05-28 12:58:13,172 RF found but not transmitted
2018-05-28 12:58:13,324 RF found but not transmitted
2018-05-28 12:58:13,686 RCV reinforcement info
2018-05-28 12:58:13,690 , 58.69564198080864
2018-05-28 12:58:14,009 RCV reinforcement info
2018-05-28 12:58:14,012 , 58.8178008505614
2018-05-28 12:58:14,308 RCV reinforcement info
2018-05-28 12:58:14,312 , 59.01038997085811
2018-05-28 12:58:14,722 RF found but not transmitted
2018-05-28 12:58:15,783 RF found but not transmitted
2018-05-28 12:58:15,892 RF found but not transmitted
2018-05-28 12:58:15,896 RF found
2018-05-28 12:58:15,898 SNT reinforcement_information
2018-05-28 12:58:15,931 RF found but not transmitted
2018-05-28 12:58:15,990 RF found but not transmitted
2018-05-28 12:58:17,476 RF found but not transmitted
2018-05-28 12:58:17,477 RF found
2018-05-28 12:58:17,478 SNT reinforcement_information
2018-05-28 12:58:17,562 RCV reinforcement info
2018-05-28 12:58:17,568 , 59.627785061740866
2018-05-28 12:58:18,216 RCV proposal
2018-05-28 12:58:18,218 appended honest propose 7c912a14e7 on top of 83c27a0de7
2018-05-28 12:58:18,219 REINFORCEMENT SENT state
2018-05-28 12:58:18,219 RFs > 0 
2018-05-28 12:58:18,220 SNT reinforcement
2018-05-28 12:58:18,324 RCV reinforcement
2018-05-28 12:58:18,328 RCV reinforcement
2018-05-28 12:58:18,396 RF found but not transmitted
2018-05-28 12:58:18,556 RCV reinforcement info
2018-05-28 12:58:18,559 , 59.69425363693883
2018-05-28 12:58:18,561 RF found but not transmitted
2018-05-28 12:58:18,624 RCV reinforcement
2018-05-28 12:58:18,821 RCV reinforcement info
2018-05-28 12:58:18,825 , 59.823937083304465
2018-05-28 12:58:18,906 RCV reinforcement
2018-05-28 12:58:19,050 RF found but not transmitted
2018-05-28 12:58:19,471 RF found but not transmitted
2018-05-28 12:58:19,761 RCV commit
2018-05-28 12:58:19,846 appended honest commit 035a9c50d0 on top of 7c912a14e7
2018-05-28 12:58:19,902 Weight: 60.7574685081065 #RFs 18
2018-05-28 12:58:19,902 weight: 60.7574685081065
2018-05-28 12:58:19,903 , 60.7574685081065
2018-05-28 12:58:19,903 MINING state
2018-05-28 12:58:19,904 start mining - depth 14
2018-05-28 12:58:19,906 start mining - hash 035a9c50d027608d4acec7a653fdc041ff45b5f966509317187dccbc42377259
2018-05-28 12:58:20,476 RF found but not transmitted
2018-05-28 12:58:20,555 RF found but not transmitted
2018-05-28 12:58:21,031 RCV reinforcement info
2018-05-28 12:58:21,036 , 61.04439285578752
2018-05-28 12:58:21,222 RF found but not transmitted
2018-05-28 12:58:21,494 RF found but not transmitted
2018-05-28 12:58:22,807 RF found but not transmitted
2018-05-28 12:58:23,178 RF found but not transmitted
2018-05-28 12:58:23,226 RCV reinforcement info
2018-05-28 12:58:23,230 , 61.74575497597049
2018-05-28 12:58:23,680 RF found but not transmitted
2018-05-28 12:58:23,683 RF found
2018-05-28 12:58:23,685 SNT reinforcement_information
2018-05-28 12:58:24,474 RF found but not transmitted
2018-05-28 12:58:24,960 RF found but not transmitted
2018-05-28 12:58:26,284 RF found but not transmitted
2018-05-28 12:58:26,287 hash found
2018-05-28 12:58:26,296 appended honest propose 4747230028 on top of 035a9c50d0
2018-05-28 12:58:26,296 REINFORCEMENT COLLECTING state
2018-05-28 12:58:26,315 RF found but not transmitted
2018-05-28 12:58:26,359 SNT proposal
2018-05-28 12:58:26,494 RF found but not transmitted
2018-05-28 12:58:26,520 RCV reinforcement
2018-05-28 12:58:26,538 RCV reinforcement
2018-05-28 12:58:27,116 RF found but not transmitted
2018-05-28 12:58:27,441 RCV reinforcement info
2018-05-28 12:58:27,446 , 62.06201760465848
2018-05-28 12:58:27,513 RCV reinforcement
2018-05-28 12:58:27,868 commit with 4 reinforcements
2018-05-28 12:58:27,880 appended honest commit 5537a0e729 on top of 4747230028
2018-05-28 12:58:27,885 Weight: 63.06201760465848 #RFs 4
2018-05-28 12:58:27,886 weight: 63.06201760465848
2018-05-28 12:58:27,886 , 63.06201760465848
2018-05-28 12:58:27,886 MINING state
2018-05-28 12:58:27,886 start mining - depth 15
2018-05-28 12:58:27,887 start mining - hash 5537a0e729119425ceaaf3825065a3b7086767be38291f691420ce18ec1671e8
2018-05-28 12:58:27,889 SNT commit
2018-05-28 12:58:30,267 RCV reinforcement info
2018-05-28 12:58:30,271 , 63.23562740589603
2018-05-28 12:58:31,248 RCV reinforcement info
2018-05-28 12:58:31,252 , 63.44694187070071
2018-05-28 12:58:31,716 RF found but not transmitted
2018-05-28 12:58:31,762 RCV reinforcement info
2018-05-28 12:58:31,766 , 63.71858049814202
2018-05-28 12:58:33,321 RF found but not transmitted
2018-05-28 12:58:33,923 RF found but not transmitted
2018-05-28 12:58:34,133 RCV proposal
2018-05-28 12:58:34,137 appended malicious propose e765dd0f10 on top of 53cb58341c
2018-05-28 12:58:34,220 RCV reinforcement
2018-05-28 12:58:34,238 RCV reinforcement
2018-05-28 12:58:34,298 RCV reinforcement
2018-05-28 12:58:34,572 RCV reinforcement
2018-05-28 12:58:34,676 RF found but not transmitted
2018-05-28 12:58:34,679 RF found
2018-05-28 12:58:34,681 SNT reinforcement_information
2018-05-28 12:58:35,687 RF found but not transmitted
2018-05-28 12:58:35,718 RCV commit
2018-05-28 12:58:35,798 appended malicious commit f99db3a63a on top of e765dd0f10
2018-05-28 12:58:35,894 Weight: 49.52356575207946 #RFs 24
2018-05-28 12:58:35,894 weight: 49.52356575207946
2018-05-28 12:58:35,895 , 49.52356575207946
2018-05-28 12:58:35,943 RF found but not transmitted
2018-05-28 12:58:36,111 RF found but not transmitted
2018-05-28 12:58:36,143 RF found but not transmitted
2018-05-28 12:58:36,426 RF found but not transmitted
2018-05-28 12:58:36,534 RCV proposal
2018-05-28 12:58:36,537 appended malicious propose 7f0b451772 on top of f99db3a63a
2018-05-28 12:58:36,915 RF found but not transmitted
2018-05-28 12:58:37,520 RCV reinforcement info
2018-05-28 12:58:37,524 , 63.957825393215465
2018-05-28 12:58:37,769 RCV reinforcement info
2018-05-28 12:58:37,775 , 64.04189031003843
2018-05-28 12:58:38,037 RF found but not transmitted
2018-05-28 12:58:38,056 RCV commit
2018-05-28 12:58:38,056 appended malicious commit a3519104e5 on top of 7f0b451772
2018-05-28 12:58:38,056 Weight: 50.52356575207946 #RFs 0
2018-05-28 12:58:38,056 weight: 50.52356575207946
2018-05-28 12:58:38,057 , 50.52356575207946
2018-05-28 12:58:39,193 RCV reinforcement info
2018-05-28 12:58:39,198 , 64.16645369011091
2018-05-28 12:58:39,605 RF found but not transmitted
2018-05-28 12:58:39,672 RF found but not transmitted
2018-05-28 12:58:39,673 RF found
2018-05-28 12:58:39,676 SNT reinforcement_information
2018-05-28 12:58:39,739 RF found but not transmitted
2018-05-28 12:58:42,423 RF found but not transmitted
2018-05-28 12:58:43,103 RF found but not transmitted
2018-05-28 12:58:43,105 RF found
2018-05-28 12:58:43,107 SNT reinforcement_information
2018-05-28 12:58:43,356 RF found but not transmitted
2018-05-28 12:58:44,357 RCV reinforcement info
2018-05-28 12:58:44,362 , 64.7553021446641
2018-05-28 12:58:45,510 RCV reinforcement info
2018-05-28 12:58:45,514 , 64.8625239921624
2018-05-28 12:58:45,620 RF found but not transmitted
2018-05-28 12:58:45,690 RF found but not transmitted
2018-05-28 12:58:47,192 RF found but not transmitted
2018-05-28 12:58:48,648 RCV reinforcement info
2018-05-28 12:58:48,654 , 65.07474415398309
2018-05-28 12:58:49,701 RF found but not transmitted
2018-05-28 12:58:50,689 RF found but not transmitted
2018-05-28 12:58:50,775 RCV reinforcement info
2018-05-28 12:58:50,780 , 65.23294286420787
2018-05-28 12:58:50,993 RF found but not transmitted
2018-05-28 12:58:52,024 RF found but not transmitted
2018-05-28 12:58:52,074 RF found but not transmitted
2018-05-28 12:58:52,349 RCV reinforcement info
2018-05-28 12:58:52,353 , 65.38802856677036
2018-05-28 12:58:52,765 RF found but not transmitted
2018-05-28 12:58:53,669 RCV reinforcement info
2018-05-28 12:58:53,674 , 65.59986252285198
2018-05-28 12:58:53,887 RF found but not transmitted
2018-05-28 12:58:54,109 RF found but not transmitted
2018-05-28 12:58:54,595 RF found but not transmitted
2018-05-28 12:58:55,670 RF found but not transmitted
2018-05-28 12:58:55,671 RF found
2018-05-28 12:58:55,673 SNT reinforcement_information
2018-05-28 12:58:59,012 RCV reinforcement info
2018-05-28 12:58:59,017 , 66.42470490227326
2018-05-28 12:58:59,495 RF found but not transmitted
2018-05-28 12:58:59,876 RF found but not transmitted
2018-05-28 12:59:00,293 RF found but not transmitted
2018-05-28 12:59:00,296 RF found
2018-05-28 12:59:00,298 SNT reinforcement_information
2018-05-28 12:59:00,319 RF found but not transmitted
2018-05-28 12:59:00,320 RF found but not transmitted
2018-05-28 12:59:00,778 RF found but not transmitted
2018-05-28 12:59:01,417 RF found but not transmitted
2018-05-28 12:59:01,418 RF found
2018-05-28 12:59:01,423 SNT reinforcement_information
2018-05-28 12:59:01,764 RF found but not transmitted
2018-05-28 12:59:02,595 RCV reinforcement info
2018-05-28 12:59:02,600 , 67.05907832383927
2018-05-28 12:59:03,415 RF found but not transmitted
2018-05-28 12:59:03,701 RCV reinforcement info
2018-05-28 12:59:03,705 , 67.13525427571348
2018-05-28 12:59:04,003 RF found but not transmitted
2018-05-28 12:59:04,108 RCV proposal
2018-05-28 12:59:04,110 appended malicious propose 89d8fc3e6b on top of a3519104e5
2018-05-28 12:59:04,194 RCV reinforcement
2018-05-28 12:59:04,213 RCV reinforcement
2018-05-28 12:59:04,438 RF found but not transmitted
2018-05-28 12:59:04,843 RCV reinforcement
2018-05-28 12:59:05,148 RCV reinforcement
2018-05-28 12:59:05,579 RF found but not transmitted
2018-05-28 12:59:05,635 RCV reinforcement
2018-05-28 12:59:05,773 RCV commit
2018-05-28 12:59:05,854 appended malicious commit 3a6aaf36fc on top of 89d8fc3e6b
2018-05-28 12:59:05,965 Weight: 55.580808752566064 #RFs 21
2018-05-28 12:59:05,966 weight: 55.580808752566064
2018-05-28 12:59:05,972 , 55.580808752566064
2018-05-28 12:59:05,993 RCV reinforcement info
2018-05-28 12:59:06,000 , 67.20306682012367
2018-05-28 12:59:06,441 RCV reinforcement info
2018-05-28 12:59:06,448 , 67.27223097934095
2018-05-28 12:59:09,707 RF found but not transmitted
2018-05-28 12:59:10,367 RF found but not transmitted
2018-05-28 12:59:10,561 RF found but not transmitted
2018-05-28 12:59:10,585 RF found but not transmitted
2018-05-28 12:59:10,845 RF found but not transmitted
2018-05-28 12:59:11,266 RCV reinforcement info
2018-05-28 12:59:11,270 , 67.34375812791006
2018-05-28 12:59:11,811 RCV reinforcement info
2018-05-28 12:59:11,816 , 67.4629219468494
2018-05-28 12:59:12,031 RCV reinforcement info
2018-05-28 12:59:12,036 , 67.74254767255576
2018-05-28 12:59:13,451 RF found but not transmitted
2018-05-28 12:59:13,962 RCV reinforcement info
2018-05-28 12:59:13,966 , 67.81884786345718
2018-05-28 12:59:14,299 RF found but not transmitted
2018-05-28 12:59:14,959 RF found but not transmitted
2018-05-28 12:59:15,432 RF found but not transmitted
2018-05-28 12:59:15,556 RF found but not transmitted
2018-05-28 12:59:15,656 RF found but not transmitted
2018-05-28 12:59:16,009 RF found but not transmitted
2018-05-28 12:59:16,255 RF found but not transmitted
2018-05-28 12:59:16,667 RCV reinforcement info
2018-05-28 12:59:16,672 , 67.96115182335963
2018-05-28 12:59:17,282 RF found but not transmitted
2018-05-28 12:59:17,897 RCV reinforcement info
2018-05-28 12:59:17,902 , 68.09958636544418
2018-05-28 12:59:18,114 RF found but not transmitted
2018-05-28 12:59:18,358 RF found but not transmitted
2018-05-28 12:59:18,359 RF found
2018-05-28 12:59:18,360 SNT reinforcement_information
2018-05-28 12:59:18,741 RF found but not transmitted
2018-05-28 12:59:18,857 RF found but not transmitted
2018-05-28 12:59:19,037 RF found but not transmitted
2018-05-28 12:59:19,664 RF found but not transmitted
2018-05-28 12:59:19,666 RF found
2018-05-28 12:59:19,669 SNT reinforcement_information
2018-05-28 12:59:20,339 RCV reinforcement info
2018-05-28 12:59:20,344 , 68.58079607993018
2018-05-28 12:59:21,178 RF found but not transmitted
2018-05-28 12:59:21,405 RF found but not transmitted
2018-05-28 12:59:22,169 RF found but not transmitted
2018-05-28 12:59:22,688 RF found but not transmitted
2018-05-28 12:59:22,692 RF found
2018-05-28 12:59:22,695 SNT reinforcement_information
2018-05-28 12:59:23,041 RF found but not transmitted
2018-05-28 12:59:24,186 RF found but not transmitted
2018-05-28 12:59:24,627 RF found but not transmitted
2018-05-28 12:59:24,648 RF found but not transmitted
2018-05-28 12:59:26,210 RCV reinforcement info
2018-05-28 12:59:26,216 , 68.77633345279091
2018-05-28 12:59:26,273 RF found but not transmitted
2018-05-28 12:59:26,398 RF found but not transmitted
2018-05-28 12:59:26,510 RF found but not transmitted
2018-05-28 12:59:27,075 RF found but not transmitted
2018-05-28 12:59:28,193 RF found but not transmitted
2018-05-28 12:59:28,345 RF found but not transmitted
2018-05-28 12:59:29,275 RCV reinforcement info
2018-05-28 12:59:29,280 , 68.8537660474975
2018-05-28 12:59:29,682 RCV reinforcement info
2018-05-28 12:59:29,686 , 68.91629461741172
2018-05-28 12:59:30,461 RF found but not transmitted
2018-05-28 12:59:30,474 RCV reinforcement info
2018-05-28 12:59:30,478 , 69.1380733525571
2018-05-28 12:59:31,180 RCV reinforcement info
2018-05-28 12:59:31,185 , 69.20234586405502
2018-05-28 12:59:31,392 RF found but not transmitted
2018-05-28 12:59:32,086 RCV reinforcement info
2018-05-28 12:59:32,090 , 69.43521570496796
2018-05-28 12:59:32,465 RCV reinforcement info
2018-05-28 12:59:32,469 , 69.5347202179281
2018-05-28 12:59:32,701 RF found but not transmitted
2018-05-28 12:59:33,041 RF found but not transmitted
2018-05-28 12:59:33,372 RF found but not transmitted
2018-05-28 12:59:33,373 RF found
2018-05-28 12:59:33,376 SNT reinforcement_information
2018-05-28 12:59:34,063 RF found but not transmitted
2018-05-28 12:59:34,098 RF found but not transmitted
2018-05-28 12:59:35,541 RF found but not transmitted
2018-05-28 12:59:35,767 RF found but not transmitted
2018-05-28 12:59:37,212 RF found but not transmitted
2018-05-28 12:59:37,276 RF found but not transmitted
2018-05-28 12:59:37,551 RF found but not transmitted
2018-05-28 12:59:37,625 RF found but not transmitted
2018-05-28 12:59:38,139 RF found but not transmitted
2018-05-28 12:59:39,094 RF found but not transmitted
2018-05-28 12:59:40,084 RCV reinforcement info
2018-05-28 12:59:40,088 , 69.80634426474084
2018-05-28 12:59:40,391 RF found but not transmitted
2018-05-28 12:59:40,656 RF found but not transmitted
2018-05-28 12:59:41,935 RCV reinforcement info
2018-05-28 12:59:41,942 , 70.40899848011948
2018-05-28 12:59:42,445 RF found but not transmitted
2018-05-28 12:59:42,908 RF found but not transmitted
2018-05-28 12:59:43,154 RCV reinforcement info
2018-05-28 12:59:43,158 , 70.49151594320378
2018-05-28 12:59:43,689 RCV reinforcement info
2018-05-28 12:59:43,694 , 70.60837306882516
2018-05-28 12:59:44,426 RCV reinforcement info
2018-05-28 12:59:44,433 , 70.7453244799992
2018-05-28 12:59:45,318 RF found but not transmitted
2018-05-28 12:59:45,932 RCV reinforcement info
2018-05-28 12:59:45,936 , 70.8100965981284
2018-05-28 12:59:46,662 RCV reinforcement info
2018-05-28 12:59:46,666 , 70.99219846031791
2018-05-28 12:59:47,968 RF found but not transmitted
2018-05-28 12:59:47,972 RF found
2018-05-28 12:59:47,975 SNT reinforcement_information
2018-05-28 12:59:48,636 RF found but not transmitted
2018-05-28 12:59:48,637 RF found
2018-05-28 12:59:48,640 SNT reinforcement_information
2018-05-28 12:59:48,754 RF found but not transmitted
2018-05-28 12:59:48,949 RCV reinforcement info
2018-05-28 12:59:48,954 , 71.52543994300443
2018-05-28 12:59:49,103 RF found but not transmitted
2018-05-28 12:59:49,739 RCV reinforcement info
2018-05-28 12:59:49,746 , 71.61491625223059
2018-05-28 12:59:50,112 RCV reinforcement info
2018-05-28 12:59:50,117 , 71.74113174302882
2018-05-28 12:59:50,419 RF found but not transmitted
2018-05-28 12:59:50,419 RF found
2018-05-28 12:59:50,421 SNT reinforcement_information
2018-05-28 12:59:50,502 RCV reinforcement info
2018-05-28 12:59:50,508 , 71.9247789074293
2018-05-28 12:59:50,579 RF found but not transmitted
2018-05-28 12:59:51,176 RCV reinforcement info
2018-05-28 12:59:51,183 , 72.03720344132454
2018-05-28 12:59:51,616 RCV reinforcement info
2018-05-28 12:59:51,620 , 72.10379036529626
2018-05-28 12:59:52,767 RF found but not transmitted
2018-05-28 12:59:53,234 RF found but not transmitted
2018-05-28 12:59:53,354 RF found but not transmitted
2018-05-28 12:59:53,509 RF found but not transmitted
2018-05-28 12:59:53,550 RCV reinforcement info
2018-05-28 12:59:53,554 , 72.54487440282365
2018-05-28 12:59:53,618 RCV reinforcement info
2018-05-28 12:59:53,622 , 72.6182453424421
2018-05-28 12:59:53,681 RF found but not transmitted
2018-05-28 12:59:54,622 RF found but not transmitted
2018-05-28 12:59:55,370 RF found but not transmitted
2018-05-28 12:59:55,703 RF found but not transmitted
2018-05-28 12:59:55,724 RF found but not transmitted
2018-05-28 12:59:58,578 RF found but not transmitted
2018-05-28 12:59:58,728 RCV reinforcement info
2018-05-28 12:59:58,732 , 72.71383377321126
2018-05-28 12:59:58,822 RCV reinforcement info
2018-05-28 12:59:58,826 , 72.94876692337434
2018-05-28 13:00:00,849 RCV reinforcement info
2018-05-28 13:00:00,853 , 73.0227277574292
2018-05-28 13:00:02,029 RF found but not transmitted
2018-05-28 13:00:02,314 RCV reinforcement info
2018-05-28 13:00:02,319 , 73.0910761029014
2018-05-28 13:00:02,367 RCV reinforcement info
2018-05-28 13:00:02,371 , 73.20791035631606
2018-05-28 13:00:03,469 RF found but not transmitted
2018-05-28 13:00:03,906 RCV reinforcement info
2018-05-28 13:00:03,911 , 73.50339406660716
2018-05-28 13:00:03,978 RF found but not transmitted
2018-05-28 13:00:04,198 RCV reinforcement info
2018-05-28 13:00:04,203 , 74.01332517003833
2018-05-28 13:00:04,798 RF found but not transmitted
2018-05-28 13:00:04,800 RF found
2018-05-28 13:00:04,801 SNT reinforcement_information
2018-05-28 13:00:04,978 RCV reinforcement info
2018-05-28 13:00:04,981 , 74.25601528120643
2018-05-28 13:00:05,845 RF found but not transmitted
2018-05-28 13:00:06,191 RCV reinforcement info
2018-05-28 13:00:06,195 , 74.3273281720408
2018-05-28 13:00:06,402 RCV reinforcement info
2018-05-28 13:00:06,406 , 74.46659339454685
2018-05-28 13:00:07,127 RCV reinforcement info
2018-05-28 13:00:07,132 , 74.54572317964136
2018-05-28 13:00:07,689 RCV reinforcement info
2018-05-28 13:00:07,693 , 74.6163687114494
2018-05-28 13:00:07,975 RCV reinforcement info
2018-05-28 13:00:07,980 , 74.70290404296648
2018-05-28 13:00:08,077 RF found but not transmitted
2018-05-28 13:00:08,221 RF found but not transmitted
2018-05-28 13:00:08,222 RF found
2018-05-28 13:00:08,224 SNT reinforcement_information
2018-05-28 13:00:08,946 RF found but not transmitted
2018-05-28 13:00:09,696 RF found but not transmitted
2018-05-28 13:00:10,049 RF found but not transmitted
2018-05-28 13:00:10,113 RF found but not transmitted
2018-05-28 13:00:10,115 RF found
2018-05-28 13:00:10,123 SNT reinforcement_information
2018-05-28 13:00:10,387 RCV reinforcement info
2018-05-28 13:00:10,391 , 75.08553048440419
2018-05-28 13:00:11,096 RF found but not transmitted
2018-05-28 13:00:11,524 RF found but not transmitted
2018-05-28 13:00:11,850 RF found but not transmitted
2018-05-28 13:00:12,286 RCV reinforcement info
2018-05-28 13:00:12,290 , 75.24664946412068
2018-05-28 13:00:12,486 RF found but not transmitted
2018-05-28 13:00:12,718 RCV reinforcement info
2018-05-28 13:00:12,722 , 75.33659059270869
2018-05-28 13:00:12,801 RF found but not transmitted
2018-05-28 13:00:12,808 RF found
2018-05-28 13:00:12,810 SNT reinforcement_information
2018-05-28 13:00:13,000 RF found but not transmitted
2018-05-28 13:00:14,379 RF found but not transmitted
2018-05-28 13:00:14,437 RF found but not transmitted
2018-05-28 13:00:14,934 RF found but not transmitted
2018-05-28 13:00:15,292 RCV reinforcement info
2018-05-28 13:00:15,296 , 75.69572814183744
2018-05-28 13:00:15,482 RCV reinforcement info
2018-05-28 13:00:15,486 , 75.94897822113167
2018-05-28 13:00:16,080 RF found but not transmitted
2018-05-28 13:00:16,412 RF found but not transmitted
2018-05-28 13:00:17,187 RCV reinforcement info
2018-05-28 13:00:17,191 , 76.01420475815426
2018-05-28 13:00:17,522 RF found but not transmitted
2018-05-28 13:00:17,524 RF found
2018-05-28 13:00:17,526 SNT reinforcement_information
2018-05-28 13:00:19,790 RF found but not transmitted
2018-05-28 13:00:20,149 RF found but not transmitted
2018-05-28 13:00:20,578 RF found but not transmitted
2018-05-28 13:00:22,398 RCV reinforcement info
2018-05-28 13:00:22,403 , 76.21640538402387
2018-05-28 13:00:23,324 RF found but not transmitted
2018-05-28 13:00:23,364 RCV proposal
2018-05-28 13:00:23,369 appended malicious propose bdd29a1ea0 on top of 3a6aaf36fc
2018-05-28 13:00:23,452 RCV reinforcement
2018-05-28 13:00:23,473 RCV reinforcement
2018-05-28 13:00:24,895 RCV reinforcement info
2018-05-28 13:00:24,902 , 76.29776816972038
2018-05-28 13:00:25,053 RCV commit
2018-05-28 13:00:25,236 appended malicious commit 38538ff1a2 on top of bdd29a1ea0
2018-05-28 13:00:25,371 Weight: 63.06507995435211 #RFs 39
2018-05-28 13:00:25,371 weight: 63.06507995435211
2018-05-28 13:00:25,376 , 63.06507995435211
2018-05-28 13:00:25,459 RF found but not transmitted
2018-05-28 13:00:25,540 RF found but not transmitted
2018-05-28 13:00:26,153 RF found but not transmitted
2018-05-28 13:00:26,604 RF found but not transmitted
2018-05-28 13:00:26,760 RCV reinforcement info
2018-05-28 13:00:26,765 , 76.42601132563696
2018-05-28 13:00:26,835 RCV reinforcement info
2018-05-28 13:00:26,840 , 76.54245797144328
2018-05-28 13:00:26,953 RF found but not transmitted
2018-05-28 13:00:26,954 RF found
2018-05-28 13:00:26,955 SNT reinforcement_information
2018-05-28 13:00:28,054 RF found but not transmitted
2018-05-28 13:00:28,132 RCV reinforcement info
2018-05-28 13:00:28,137 , 76.84548580605866
2018-05-28 13:00:29,622 RF found but not transmitted
2018-05-28 13:00:29,919 RF found but not transmitted
2018-05-28 13:00:30,170 RCV reinforcement info
2018-05-28 13:00:30,175 , 77.33237996468593
2018-05-28 13:00:31,073 RCV proposal
2018-05-28 13:00:31,095 appended honest propose 877b8f30a3 on top of 5537a0e729
2018-05-28 13:00:31,095 REINFORCEMENT SENT state
2018-05-28 13:00:31,095 RFs > 0 
2018-05-28 13:00:31,097 SNT reinforcement
2018-05-28 13:00:31,249 RCV reinforcement
2018-05-28 13:00:31,286 RCV reinforcement
2018-05-28 13:00:31,477 RF found but not transmitted
2018-05-28 13:00:32,859 RCV commit
2018-05-28 13:00:33,175 RF found but not transmitted
2018-05-28 13:00:33,256 appended honest commit 78008fcb7d on top of 877b8f30a3
2018-05-28 13:00:33,654 Weight: 78.33237996468591 #RFs 90
2018-05-28 13:00:33,655 weight: 78.33237996468591
2018-05-28 13:00:33,655 , 78.33237996468591
2018-05-28 13:00:33,656 MINING state
2018-05-28 13:00:33,656 start mining - depth 16
2018-05-28 13:00:33,657 start mining - hash 78008fcb7d9d1aa124cbe9a7ef24c47f6c2922b0b062dbd6b1bfe29fbc860c54
2018-05-28 13:00:33,673 Hashing frequency: 47112
2018-05-28 13:00:33,677 RCV reinforcement info
2018-05-28 13:00:33,681 , 78.40957833923551
2018-05-28 13:00:33,875 RF found but not transmitted
2018-05-28 13:00:33,878 RF found
2018-05-28 13:00:33,883 SNT reinforcement_information
2018-05-28 13:00:34,478 RCV reinforcement info
2018-05-28 13:00:34,487 , 78.7846312236169
2018-05-28 13:00:35,521 RCV reinforcement info
2018-05-28 13:00:35,526 , 78.84890941369694
2018-05-28 13:00:35,592 RF found but not transmitted
2018-05-28 13:00:35,622 RCV reinforcement info
2018-05-28 13:00:35,627 , 79.31898480780937
2018-05-28 13:00:36,659 RF found but not transmitted
2018-05-28 13:00:36,703 RF found but not transmitted
2018-05-28 13:00:37,450 RF found but not transmitted
2018-05-28 13:00:37,974 RF found but not transmitted
2018-05-28 13:00:38,455 RCV reinforcement info
2018-05-28 13:00:38,460 , 79.43510199569819
2018-05-28 13:00:38,674 RF found but not transmitted
2018-05-28 13:00:39,258 RF found but not transmitted
2018-05-28 13:00:40,100 RCV reinforcement info
2018-05-28 13:00:40,105 , 79.52677261782122
2018-05-28 13:00:40,541 RCV reinforcement info
2018-05-28 13:00:40,546 , 79.61001780967645
2018-05-28 13:00:41,825 RF found but not transmitted
2018-05-28 13:00:41,827 RF found
2018-05-28 13:00:41,829 SNT reinforcement_information
2018-05-28 13:00:42,531 RCV reinforcement info
2018-05-28 13:00:42,536 , 79.943411531482
2018-05-28 13:00:43,263 RCV reinforcement info
2018-05-28 13:00:43,268 , 80.02339878422359
2018-05-28 13:00:44,719 RF found but not transmitted
2018-05-28 13:00:44,720 RF found
2018-05-28 13:00:44,721 SNT reinforcement_information
2018-05-28 13:00:45,362 RCV reinforcement info
2018-05-28 13:00:45,367 , 80.48564101362986
2018-05-28 13:00:45,424 RF found but not transmitted
2018-05-28 13:00:45,639 RF found but not transmitted
2018-05-28 13:00:45,659 RF found but not transmitted
2018-05-28 13:00:45,905 RCV reinforcement info
2018-05-28 13:00:45,910 , 80.56197421632542
2018-05-28 13:00:46,166 RCV reinforcement info
2018-05-28 13:00:46,171 , 81.19985337848115
2018-05-28 13:00:46,527 RF found but not transmitted
2018-05-28 13:00:46,619 RF found but not transmitted
2018-05-28 13:00:46,620 hash found
2018-05-28 13:00:46,625 appended honest propose 60fe08a279 on top of 78008fcb7d
2018-05-28 13:00:46,625 REINFORCEMENT COLLECTING state
2018-05-28 13:00:46,721 SNT proposal
2018-05-28 13:00:46,803 RCV reinforcement info
2018-05-28 13:00:46,823 , 81.29624067500883
2018-05-28 13:00:46,912 RCV reinforcement
2018-05-28 13:00:46,934 RCV reinforcement
2018-05-28 13:00:46,965 RCV reinforcement
2018-05-28 13:00:48,062 RF found but not transmitted
2018-05-28 13:00:48,229 commit with 4 reinforcements
2018-05-28 13:00:48,260 appended honest commit b08e726869 on top of 60fe08a279
2018-05-28 13:00:48,302 Weight: 82.29624067500883 #RFs 16
2018-05-28 13:00:48,302 weight: 82.29624067500883
2018-05-28 13:00:48,302 , 82.29624067500883
2018-05-28 13:00:48,302 MINING state
2018-05-28 13:00:48,303 start mining - depth 17
2018-05-28 13:00:48,303 start mining - hash b08e726869d6fd8ec5c740af8bf5cff1b40decf6f325e77987f438050ddd358b
2018-05-28 13:00:48,304 SNT commit
2018-05-28 13:00:48,766 RCV reinforcement info
2018-05-28 13:00:48,770 , 82.3985020840147
2018-05-28 13:00:55,112 RCV reinforcement info
2018-05-28 13:00:55,116 , 82.63932789153858
2018-05-28 13:00:56,238 RF found but not transmitted
2018-05-28 13:00:56,301 RF found but not transmitted
2018-05-28 13:00:56,475 RF found but not transmitted
2018-05-28 13:00:56,477 hash found
2018-05-28 13:00:56,480 appended honest propose bb3c8006f3 on top of b08e726869
2018-05-28 13:00:56,480 REINFORCEMENT COLLECTING state
2018-05-28 13:00:56,480 SNT proposal
2018-05-28 13:00:56,709 RCV reinforcement
2018-05-28 13:00:56,718 RCV reinforcement
2018-05-28 13:00:57,331 RF found but not transmitted
2018-05-28 13:00:57,335 SNT reinforcement_information
2018-05-28 13:00:57,431 SNT reinforcement
2018-05-28 13:00:57,782 RF found but not transmitted
2018-05-28 13:00:57,791 SNT reinforcement_information
2018-05-28 13:00:57,805 RF found but not transmitted
2018-05-28 13:00:57,884 SNT reinforcement
2018-05-28 13:00:57,984 SNT reinforcement_information
2018-05-28 13:00:58,026 RF found but not transmitted
2018-05-28 13:00:58,092 SNT reinforcement
2018-05-28 13:00:58,196 commit with 2 reinforcements
2018-05-28 13:00:58,202 appended honest commit 921887d719 on top of bb3c8006f3
2018-05-28 13:00:58,204 Weight: 83.63932789153858 #RFs 2
2018-05-28 13:00:58,204 weight: 83.63932789153858
2018-05-28 13:00:58,204 , 83.63932789153858
2018-05-28 13:00:58,204 MINING state
2018-05-28 13:00:58,204 start mining - depth 18
2018-05-28 13:00:58,205 start mining - hash 921887d71909791cb76f7d692b88af822ab7ebbc564a076a276fb35991422322
2018-05-28 13:00:58,206 SNT commit
2018-05-28 13:00:58,925 RF found but not transmitted
2018-05-28 13:00:58,929 hash found
2018-05-28 13:00:58,934 appended honest propose 4c9ae0bd61 on top of 921887d719
2018-05-28 13:00:58,936 REINFORCEMENT COLLECTING state
2018-05-28 13:00:58,936 SNT proposal
2018-05-28 13:00:59,225 RCV reinforcement info
2018-05-28 13:00:59,232 , 83.78947908636395
2018-05-28 13:00:59,242 RF found but not transmitted
2018-05-28 13:00:59,305 RCV reinforcement
2018-05-28 13:00:59,491 RF found but not transmitted
2018-05-28 13:00:59,605 RF found but not transmitted
2018-05-28 13:00:59,811 RCV reinforcement info
2018-05-28 13:00:59,815 , 83.87566827015986
2018-05-28 13:00:59,896 RCV reinforcement
2018-05-28 13:01:00,443 commit with 2 reinforcements
2018-05-28 13:01:00,448 appended honest commit 94721de8ee on top of 4c9ae0bd61
2018-05-28 13:01:00,452 Weight: 84.87566827015986 #RFs 2
2018-05-28 13:01:00,454 weight: 84.87566827015986
2018-05-28 13:01:00,454 , 84.87566827015986
2018-05-28 13:01:00,454 MINING state
2018-05-28 13:01:00,455 start mining - depth 19
2018-05-28 13:01:00,455 start mining - hash 94721de8ee7da3d76444ab46806facd30162aa4fe79ff235c7a3f4a9a7f8b8f8
2018-05-28 13:01:00,458 SNT commit
2018-05-28 13:01:01,066 RF found but not transmitted
2018-05-28 13:01:01,504 RF found but not transmitted
2018-05-28 13:01:02,227 RF found but not transmitted
2018-05-28 13:01:02,261 RCV reinforcement info
2018-05-28 13:01:02,265 , 84.94129859556446
2018-05-28 13:01:02,307 RF found but not transmitted
2018-05-28 13:01:03,286 RF found but not transmitted
2018-05-28 13:01:04,240 RF found but not transmitted
2018-05-28 13:01:05,012 RCV reinforcement info
2018-05-28 13:01:05,017 , 85.03735246124145
2018-05-28 13:01:05,385 RCV reinforcement info
2018-05-28 13:01:05,389 , 85.29621383017208
2018-05-28 13:01:05,861 RCV reinforcement info
2018-05-28 13:01:05,865 , 85.36150479649162
2018-05-28 13:01:06,548 RCV proposal
2018-05-28 13:01:06,550 appended honest propose a44156e20f on top of 94721de8ee
2018-05-28 13:01:06,551 REINFORCEMENT SENT state
2018-05-28 13:01:06,698 RCV reinforcement
2018-05-28 13:01:06,706 RCV reinforcement
2018-05-28 13:01:07,150 RF found but not transmitted
2018-05-28 13:01:07,544 RF found but not transmitted
2018-05-28 13:01:07,683 RF found but not transmitted
2018-05-28 13:01:07,969 RF found but not transmitted
2018-05-28 13:01:07,981 RF found but not transmitted
2018-05-28 13:01:08,043 RCV commit
2018-05-28 13:01:08,055 appended honest commit 1836ecf59d on top of a44156e20f
2018-05-28 13:01:08,062 Weight: 86.36150479649162 #RFs 4
2018-05-28 13:01:08,062 weight: 86.36150479649162
2018-05-28 13:01:08,080 , 86.36150479649162
2018-05-28 13:01:08,081 MINING state
2018-05-28 13:01:08,090 start mining - depth 20
2018-05-28 13:01:08,099 start mining - hash 1836ecf59d44b2e12c57eaad7ede2a8ad614ee66c516dedd3abb2cf86be371db
2018-05-28 13:01:08,140 RF found but not transmitted
2018-05-28 13:01:08,563 RF found but not transmitted
2018-05-28 13:01:08,794 RCV reinforcement info
2018-05-28 13:01:08,799 , 86.50250626172343
2018-05-28 13:01:09,188 RCV reinforcement info
2018-05-28 13:01:09,196 , 86.84964208532608
2018-05-28 13:01:09,575 RF found but not transmitted
2018-05-28 13:01:10,684 RF found but not transmitted
2018-05-28 13:01:11,069 RF found but not transmitted
2018-05-28 13:01:11,249 RCV reinforcement info
2018-05-28 13:01:11,254 , 87.0554528170611
2018-05-28 13:01:12,098 RCV reinforcement info
2018-05-28 13:01:12,102 , 87.26605049782093
2018-05-28 13:01:12,770 RF found but not transmitted
2018-05-28 13:01:12,770 hash found
2018-05-28 13:01:12,773 appended honest propose c068b60710 on top of 1836ecf59d
2018-05-28 13:01:12,773 REINFORCEMENT COLLECTING state
2018-05-28 13:01:12,773 SNT proposal
2018-05-28 13:01:12,966 RCV reinforcement
2018-05-28 13:01:12,986 RCV reinforcement
2018-05-28 13:01:12,998 RCV reinforcement
2018-05-28 13:01:13,065 RF found but not transmitted
2018-05-28 13:01:13,226 RCV reinforcement info
2018-05-28 13:01:13,235 , 87.43123599200482
2018-05-28 13:01:13,314 RCV reinforcement
2018-05-28 13:01:13,892 RF found but not transmitted
2018-05-28 13:01:13,952 RCV reinforcement info
2018-05-28 13:01:13,956 , 88.43123599200482
2018-05-28 13:01:14,033 RCV reinforcement
2018-05-28 13:01:14,119 RF found but not transmitted
2018-05-28 13:01:14,126 SNT reinforcement_information
2018-05-28 13:01:14,224 SNT reinforcement
2018-05-28 13:01:14,327 commit with 3 reinforcements
2018-05-28 13:01:14,342 appended honest commit ddcd95c137 on top of c068b60710
2018-05-28 13:01:14,353 Weight: 89.43123599200482 #RFs 6
2018-05-28 13:01:14,356 weight: 89.43123599200482
2018-05-28 13:01:14,357 , 89.43123599200482
2018-05-28 13:01:14,357 MINING state
2018-05-28 13:01:14,357 start mining - depth 21
2018-05-28 13:01:14,357 start mining - hash ddcd95c1378e8aacbc3c2df6e2dd4933f712399ff9a51f4a1db069c54dfe2c44
2018-05-28 13:01:14,363 SNT commit
2018-05-28 13:01:14,640 RF found but not transmitted
2018-05-28 13:01:14,668 RF found but not transmitted
2018-05-28 13:01:15,005 RF found but not transmitted
2018-05-28 13:01:15,797 RF found but not transmitted
2018-05-28 13:01:16,041 RF found but not transmitted
2018-05-28 13:01:16,065 RF found but not transmitted
2018-05-28 13:01:16,323 RCV reinforcement info
2018-05-28 13:01:16,327 , 89.5000935162876
2018-05-28 13:01:17,268 RCV reinforcement info
2018-05-28 13:01:17,273 , 89.96497253928385
2018-05-28 13:01:18,127 RCV reinforcement info
2018-05-28 13:01:18,134 , 90.095720031072
2018-05-28 13:01:18,264 RF found but not transmitted
2018-05-28 13:01:18,307 RCV reinforcement info
2018-05-28 13:01:18,311 , 90.29070535963024
2018-05-28 13:01:18,373 RCV reinforcement info
2018-05-28 13:01:18,377 , 90.80641879319683
2018-05-28 13:01:18,492 RCV reinforcement info
2018-05-28 13:01:18,495 , 90.89325853084618
2018-05-28 13:01:18,594 RF found but not transmitted
2018-05-28 13:01:18,879 RF found but not transmitted
2018-05-28 13:01:19,072 RCV reinforcement info
2018-05-28 13:01:19,077 , 90.96911216821604
2018-05-28 13:01:19,790 RF found but not transmitted
2018-05-28 13:01:20,014 RF found but not transmitted
2018-05-28 13:01:20,317 RF found but not transmitted
2018-05-28 13:01:20,336 RF found but not transmitted
2018-05-28 13:01:20,725 RF found but not transmitted
2018-05-28 13:01:20,730 RF found but not transmitted
2018-05-28 13:01:20,886 RF found but not transmitted
2018-05-28 13:01:21,832 RF found but not transmitted
2018-05-28 13:01:22,203 RF found but not transmitted
2018-05-28 13:01:22,910 RF found but not transmitted
2018-05-28 13:01:23,853 RF found but not transmitted
2018-05-28 13:01:23,926 RF found but not transmitted
2018-05-28 13:01:25,398 RF found but not transmitted
2018-05-28 13:01:25,552 RF found but not transmitted
2018-05-28 13:01:25,573 RCV reinforcement info
2018-05-28 13:01:25,578 , 91.10686568504411
2018-05-28 13:01:25,673 RCV reinforcement info
2018-05-28 13:01:25,677 , 91.1814094505151
2018-05-28 13:01:25,757 RCV proposal
2018-05-28 13:01:25,759 appended honest propose 3748ca534d on top of ddcd95c137
2018-05-28 13:01:25,760 REINFORCEMENT SENT state
2018-05-28 13:01:25,845 RCV reinforcement
2018-05-28 13:01:25,872 RCV reinforcement
2018-05-28 13:01:26,331 RCV proposal
2018-05-28 13:01:26,335 appended malicious propose e9ae6d4be8 on top of 38538ff1a2
2018-05-28 13:01:26,433 RCV reinforcement
2018-05-28 13:01:26,442 RCV reinforcement
2018-05-28 13:01:26,482 RF found but not transmitted
2018-05-28 13:01:26,687 RF found but not transmitted
2018-05-28 13:01:27,127 RCV reinforcement
2018-05-28 13:01:27,275 RCV reinforcement info
2018-05-28 13:01:27,280 , 91.3769018633279
2018-05-28 13:01:27,353 RCV commit
2018-05-28 13:01:27,423 appended honest commit b05a432e88 on top of 3748ca534d
2018-05-28 13:01:27,475 Weight: 92.1814094505151 #RFs 9
2018-05-28 13:01:27,475 weight: 92.1814094505151
2018-05-28 13:01:27,484 , 92.1814094505151
2018-05-28 13:01:27,484 MINING state
2018-05-28 13:01:27,485 start mining - depth 22
2018-05-28 13:01:27,487 start mining - hash b05a432e883431ea583586719a5e2d1ac6a83a3770a80abc262ef37044893137
2018-05-28 13:01:27,511 RCV reinforcement
2018-05-28 13:01:27,641 RF found but not transmitted
2018-05-28 13:01:27,772 RF found but not transmitted
2018-05-28 13:01:27,878 RCV reinforcement
2018-05-28 13:01:27,982 RCV commit
2018-05-28 13:01:28,161 appended malicious commit e22137651f on top of e9ae6d4be8
2018-05-28 13:01:28,325 Weight: 68.12669982413902 #RFs 33
2018-05-28 13:01:28,326 weight: 68.12669982413902
2018-05-28 13:01:28,326 , 68.12669982413902
2018-05-28 13:01:29,736 RCV reinforcement info
2018-05-28 13:01:29,740 , 92.34409580045477
2018-05-28 13:01:30,601 RF found but not transmitted
2018-05-28 13:01:31,056 RF found but not transmitted
2018-05-28 13:01:31,114 RF found but not transmitted
