2018-06-12 12:56:13,482 ---------------------------------------------------------
2018-06-12 12:56:13,485 MALICIOUS MINING state
2018-06-12 12:56:14,507 start mining - depth 0
2018-06-12 12:56:14,508 start mining - hash 9a9a1616d4695ea1c9a284754773516ae9c0a3b05561b6a9854b7fcb94a07e30
2018-06-12 12:56:15,220 RCV reinforcement info
2018-06-12 12:56:15,508 RCV reinforcement info
2018-06-12 12:56:16,853 RCV reinforcement info
2018-06-12 12:56:18,316 RCV reinforcement info
2018-06-12 12:56:18,615 RF found but not transmitted
2018-06-12 12:56:19,816 RCV reinforcement info
2018-06-12 12:56:20,379 RCV reinforcement info
2018-06-12 12:56:20,446 RF found but not transmitted
2018-06-12 12:56:21,146 RCV reinforcement info
2018-06-12 12:56:23,272 RCV reinforcement info
2018-06-12 12:56:23,454 RF found but not transmitted
2018-06-12 12:56:25,033 RCV reinforcement info
2018-06-12 12:56:26,865 RCV proposal
2018-06-12 12:56:26,867 appended honest propose 6eb777852f on top of 9a9a1616d4
2018-06-12 12:56:27,013 RCV reinforcement
2018-06-12 12:56:27,020 RCV reinforcement
2018-06-12 12:56:27,032 RCV reinforcement
2018-06-12 12:56:28,393 RCV commit
2018-06-12 12:56:28,443 appended honest commit 3691019bd1 on top of 6eb777852f
2018-06-12 12:56:28,468 Weight: 2.547300216670215 #RFs 9
2018-06-12 12:56:28,468 weight: 2.547300216670215
2018-06-12 12:56:28,468 , 2.547300216670215
2018-06-12 12:56:28,468 start mining - depth 1
2018-06-12 12:56:28,469 start mining - hash 3691019bd1fa39ca593cfbf6b9a9f0335574f4017ec0f440d456a542ef47735b
2018-06-12 12:56:30,332 RF found but not transmitted
2018-06-12 12:56:32,103 RCV proposal
2018-06-12 12:56:32,106 appended honest propose 55fad8aa90 on top of 3691019bd1
2018-06-12 12:56:32,842 RF found but not transmitted
2018-06-12 12:56:33,539 RCV reinforcement info
2018-06-12 12:56:33,638 RCV reinforcement
2018-06-12 12:56:33,658 RCV commit
2018-06-12 12:56:33,664 appended honest commit fdd99540e1 on top of 55fad8aa90
2018-06-12 12:56:33,664 Weight: 3.547300216670215 #RFs 0
2018-06-12 12:56:33,664 weight: 3.547300216670215
2018-06-12 12:56:33,664 , 3.547300216670215
2018-06-12 12:56:33,665 start mining - depth 2
2018-06-12 12:56:33,665 start mining - hash fdd99540e1a99fe7bf6e3552d45f6f738cebdec442abe2e7e687833fd853fa23
2018-06-12 12:56:33,929 RCV reinforcement info
2018-06-12 12:56:34,053 RCV reinforcement info
2018-06-12 12:56:35,308 RCV reinforcement info
2018-06-12 12:56:35,804 RF found but not transmitted
2018-06-12 12:56:39,820 RCV reinforcement info
2018-06-12 12:56:40,144 RCV reinforcement info
2018-06-12 12:56:40,731 RCV reinforcement info
2018-06-12 12:56:40,978 RF found but not transmitted
2018-06-12 12:56:41,138 RCV reinforcement info
2018-06-12 12:56:42,049 RCV reinforcement info
2018-06-12 12:56:42,164 RCV reinforcement info
2018-06-12 12:56:43,726 RCV reinforcement info
2018-06-12 12:56:44,364 RF found but not transmitted
2018-06-12 12:56:44,367 hash found
2018-06-12 12:56:44,368 SNT malicious_proposal_agreement
2018-06-12 12:56:44,793 RCV reinforcement info
2018-06-12 12:56:46,762 RF found but not transmitted
2018-06-12 12:56:47,759 RCV reinforcement info
2018-06-12 12:56:48,363 RCV reinforcement info
2018-06-12 12:56:49,322 RCV reinforcement info
2018-06-12 12:56:50,404 RCV reinforcement info
2018-06-12 12:56:50,735 RCV reinforcement info
2018-06-12 12:56:51,328 RCV reinforcement info
2018-06-12 12:56:51,376 RCV reinforcement info
2018-06-12 12:56:51,621 RCV reinforcement info
2018-06-12 12:56:55,387 RF found but not transmitted
2018-06-12 12:56:56,108 RF found but not transmitted
2018-06-12 12:56:56,310 RCV reinforcement info
2018-06-12 12:56:56,951 RCV reinforcement info
2018-06-12 12:56:57,263 RCV reinforcement info
2018-06-12 12:56:59,920 RCV reinforcement info
2018-06-12 12:57:00,062 RF found but not transmitted
2018-06-12 12:57:00,131 RF found but not transmitted
2018-06-12 12:57:00,862 RCV reinforcement info
2018-06-12 12:57:01,127 RCV reinforcement info
2018-06-12 12:57:07,536 RCV reinforcement info
2018-06-12 12:57:08,493 RCV reinforcement info
2018-06-12 12:57:08,949 RCV reinforcement info
2018-06-12 12:57:10,162 RCV reinforcement info
2018-06-12 12:57:10,204 RCV reinforcement info
2018-06-12 12:57:10,885 RCV reinforcement info
2018-06-12 12:57:12,443 RCV reinforcement info
2018-06-12 12:57:12,872 RF found but not transmitted
2018-06-12 12:57:13,143 RCV reinforcement info
2018-06-12 12:57:13,673 RCV reinforcement info
2018-06-12 12:57:14,508 RCV proposal
2018-06-12 12:57:14,511 appended honest propose 5816f23fa6 on top of fdd99540e1
2018-06-12 12:57:14,597 RCV reinforcement
2018-06-12 12:57:14,609 RCV reinforcement
2018-06-12 12:57:14,622 RCV reinforcement
2018-06-12 12:57:14,715 RCV reinforcement info
2018-06-12 12:57:14,848 RCV reinforcement
2018-06-12 12:57:14,960 RCV reinforcement info
2018-06-12 12:57:15,063 RCV reinforcement
2018-06-12 12:57:15,166 RCV reinforcement info
2018-06-12 12:57:15,292 RCV reinforcement
2018-06-12 12:57:15,839 RCV reinforcement info
2018-06-12 12:57:15,965 RCV reinforcement
2018-06-12 12:57:16,205 RCV commit
2018-06-12 12:57:16,320 appended honest commit a3465e96fb on top of 5816f23fa6
2018-06-12 12:57:16,450 Weight: 11.654732462818927 #RFs 37
2018-06-12 12:57:16,450 weight: 11.654732462818927
2018-06-12 12:57:16,450 , 11.654732462818927
2018-06-12 12:57:16,468 appended malicious propose 46002acb7b on top of fdd99540e1
2018-06-12 12:57:16,470 REINFORCEMENT COLLECTING state
2018-06-12 12:57:16,598 SNT proposal
2018-06-12 12:57:16,822 RCV reinforcement
2018-06-12 12:57:16,863 RCV reinforcement
2018-06-12 12:57:17,646 RCV reinforcement
2018-06-12 12:57:17,756 RCV reinforcement
2018-06-12 12:57:18,101 commit with 3 reinforcements
2018-06-12 12:57:18,167 appended malicious commit 238a32d895 on top of 46002acb7b
2018-06-12 12:57:18,249 Weight: 12.289564287664756 #RFs 30
2018-06-12 12:57:18,249 weight: 12.289564287664756
2018-06-12 12:57:18,249 , 12.289564287664756
2018-06-12 12:57:18,250 MALICIOUS MINING state
2018-06-12 12:57:18,250 start mining - depth 3
2018-06-12 12:57:18,250 start mining - hash 238a32d89515b95815faf3356c2a69f72e599a972710232dd2e2a48f2b3d3177
2018-06-12 12:57:18,251 Hashing frequency: 3436
2018-06-12 12:57:18,252 SNT commit
2018-06-12 12:57:18,770 RCV reinforcement info
2018-06-12 12:57:19,279 RF found but not transmitted
2018-06-12 12:57:20,897 RCV proposal
2018-06-12 12:57:20,901 appended honest propose 5c7eeabe6c on top of 238a32d895
2018-06-12 12:57:20,998 RCV reinforcement
2018-06-12 12:57:21,382 RCV reinforcement info
2018-06-12 12:57:21,483 RCV reinforcement
2018-06-12 12:57:21,720 RF found but not transmitted
2018-06-12 12:57:22,392 RCV commit
2018-06-12 12:57:22,395 appended honest commit 1a75ac9718 on top of 5c7eeabe6c
2018-06-12 12:57:22,397 Weight: 13.506482501345165 #RFs 1
2018-06-12 12:57:22,397 weight: 13.506482501345165
2018-06-12 12:57:22,397 , 13.506482501345165
2018-06-12 12:57:22,400 start mining - depth 4
2018-06-12 12:57:22,400 start mining - hash 1a75ac97181ddbb0289e256621e9abff3f4a078735b3c33c263a08cd245f758c
2018-06-12 12:57:25,418 RCV reinforcement info
2018-06-12 12:57:25,711 RCV reinforcement info
2018-06-12 12:57:26,132 RCV reinforcement info
2018-06-12 12:57:26,611 RCV reinforcement info
2018-06-12 12:57:27,546 RF found but not transmitted
2018-06-12 12:57:27,600 RF found but not transmitted
2018-06-12 12:57:28,289 RF found but not transmitted
2018-06-12 12:57:30,072 RF found but not transmitted
2018-06-12 12:57:31,380 RCV reinforcement info
2018-06-12 12:57:34,765 RCV reinforcement info
2018-06-12 12:57:35,368 RCV reinforcement info
2018-06-12 12:57:35,694 RCV reinforcement info
2018-06-12 12:57:37,125 RF found but not transmitted
2018-06-12 12:57:38,176 RCV reinforcement info
2018-06-12 12:57:38,555 RCV reinforcement info
2018-06-12 12:57:39,033 RCV reinforcement info
2018-06-12 12:57:40,320 RCV reinforcement info
2018-06-12 12:57:40,613 RCV reinforcement info
2018-06-12 12:57:40,708 RCV reinforcement info
2018-06-12 12:57:41,353 RF found but not transmitted
2018-06-12 12:57:41,385 RCV reinforcement info
2018-06-12 12:57:42,232 RCV reinforcement info
2018-06-12 12:57:42,846 RCV reinforcement info
2018-06-12 12:57:43,858 RCV reinforcement info
2018-06-12 12:57:44,129 RCV reinforcement info
2018-06-12 12:57:44,404 RCV reinforcement info
2018-06-12 12:57:45,350 RCV proposal
2018-06-12 12:57:45,352 appended honest propose 1f97d2de5d on top of 1a75ac9718
2018-06-12 12:57:45,441 RCV reinforcement
2018-06-12 12:57:45,459 RCV reinforcement
2018-06-12 12:57:45,477 RCV reinforcement
2018-06-12 12:57:46,437 RF found but not transmitted
2018-06-12 12:57:46,910 RCV commit
2018-06-12 12:57:46,968 appended honest commit a594deb99d on top of 1f97d2de5d
2018-06-12 12:57:47,023 Weight: 16.99984756895345 #RFs 20
2018-06-12 12:57:47,023 weight: 16.99984756895345
2018-06-12 12:57:47,024 , 16.99984756895345
2018-06-12 12:57:47,026 start mining - depth 5
2018-06-12 12:57:47,027 start mining - hash a594deb99d6e0a4d26af1deb53f95d52acbc0ac5424bc773ca64d2ceee68d766
2018-06-12 12:57:47,140 RCV reinforcement info
2018-06-12 12:57:49,620 RCV reinforcement info
2018-06-12 12:57:49,645 RCV reinforcement info
2018-06-12 12:57:50,865 RCV reinforcement info
2018-06-12 12:57:51,091 RF found but not transmitted
2018-06-12 12:57:51,232 RCV reinforcement info
2018-06-12 12:57:51,553 RCV reinforcement info
2018-06-12 12:57:51,997 RCV reinforcement info
2018-06-12 12:57:55,331 RCV reinforcement info
2018-06-12 12:57:55,399 RF found but not transmitted
2018-06-12 12:57:58,459 RCV malicious_prop_agreement
2018-06-12 12:57:59,513 RF found but not transmitted
2018-06-12 12:58:02,187 RCV reinforcement info
2018-06-12 12:58:07,508 RCV reinforcement info
2018-06-12 12:58:07,848 RCV reinforcement info
2018-06-12 12:58:09,231 RCV proposal
2018-06-12 12:58:09,235 appended honest propose 807b1da932 on top of a594deb99d
2018-06-12 12:58:09,307 RCV reinforcement
2018-06-12 12:58:09,320 RCV reinforcement
2018-06-12 12:58:09,490 RCV reinforcement info
2018-06-12 12:58:09,564 RCV reinforcement
2018-06-12 12:58:09,790 RCV reinforcement info
2018-06-12 12:58:09,925 RCV reinforcement
2018-06-12 12:58:10,139 RF found but not transmitted
2018-06-12 12:58:10,770 RCV commit
2018-06-12 12:58:10,824 appended honest commit f37909d03e on top of 807b1da932
2018-06-12 12:58:10,876 Weight: 19.785516485397586 #RFs 12
2018-06-12 12:58:10,877 weight: 19.785516485397586
2018-06-12 12:58:10,877 , 19.785516485397586
2018-06-12 12:58:11,009 RCV proposal
2018-06-12 12:58:11,012 appended malicious propose 04133c6a59 on top of a594deb99d
2018-06-12 12:58:11,012 REINFORCEMENT SENT state
2018-06-12 12:58:11,013 SNT reinforcement
2018-06-12 12:58:11,105 RCV reinforcement
2018-06-12 12:58:11,127 RCV reinforcement info
2018-06-12 12:58:11,418 RCV reinforcement info
2018-06-12 12:58:12,254 RCV reinforcement info
2018-06-12 12:58:12,545 RCV commit
2018-06-12 12:58:12,613 appended malicious commit 36cf124505 on top of 04133c6a59
2018-06-12 12:58:12,654 Weight: 20.224975614095996 #RFs 12
2018-06-12 12:58:12,654 weight: 20.224975614095996
2018-06-12 12:58:12,654 , 20.224975614095996
2018-06-12 12:58:12,656 MALICIOUS MINING state
2018-06-12 12:58:12,657 start mining - depth 6
2018-06-12 12:58:12,657 start mining - hash 36cf124505f2905438880e7a3075a200b7a6b0ebf614ecd897bd10b48a7ceab9
2018-06-12 12:58:14,745 RCV reinforcement info
2018-06-12 12:58:16,731 RF found but not transmitted
2018-06-12 12:58:17,089 RCV reinforcement info
2018-06-12 12:58:17,861 RCV reinforcement info
2018-06-12 12:58:19,270 RCV proposal
2018-06-12 12:58:19,274 appended honest propose 450ebef289 on top of f37909d03e
2018-06-12 12:58:19,368 RCV reinforcement
2018-06-12 12:58:19,384 RCV reinforcement
2018-06-12 12:58:19,397 RCV reinforcement
2018-06-12 12:58:20,792 RCV commit
2018-06-12 12:58:20,818 appended honest commit b5a33c7a0f on top of 450ebef289
2018-06-12 12:58:20,830 Weight: 22.04327411422969 #RFs 6
2018-06-12 12:58:20,830 weight: 22.04327411422969
2018-06-12 12:58:20,840 , 22.04327411422969
2018-06-12 12:58:20,841 Synchronizing branches
2018-06-12 12:58:20,841 start mining - depth 7
2018-06-12 12:58:20,842 start mining - hash b5a33c7a0f857ba6d5e7e400455aaf9be2762e825638b4a33c640b94610e5672
2018-06-12 12:58:20,842 Hashing frequency: 3450
2018-06-12 12:58:21,352 RF found but not transmitted
2018-06-12 12:58:22,385 RCV reinforcement info
2018-06-12 12:58:22,475 RF found but not transmitted
2018-06-12 12:58:22,504 RCV reinforcement info
2018-06-12 12:58:23,672 RCV reinforcement info
2018-06-12 12:58:23,735 RCV reinforcement info
2018-06-12 12:58:24,335 RF found but not transmitted
2018-06-12 12:58:26,189 RF found but not transmitted
2018-06-12 12:58:26,760 RCV reinforcement info
2018-06-12 12:58:27,024 RF found but not transmitted
2018-06-12 12:58:27,072 RCV reinforcement info
2018-06-12 12:58:27,550 RCV reinforcement info
2018-06-12 12:58:27,657 RCV reinforcement info
2018-06-12 12:58:28,285 RCV reinforcement info
2018-06-12 12:58:29,126 RCV malicious_prop_agreement
2018-06-12 12:58:29,168 RCV reinforcement info
2018-06-12 12:58:29,357 RCV reinforcement info
2018-06-12 12:58:29,885 RF found but not transmitted
2018-06-12 12:58:30,753 RCV reinforcement info
2018-06-12 12:58:31,652 RCV reinforcement info
2018-06-12 12:58:32,303 RCV reinforcement info
2018-06-12 12:58:32,408 RCV proposal
2018-06-12 12:58:32,413 appended honest propose 1d09f4ea4b on top of b5a33c7a0f
2018-06-12 12:58:32,529 RCV reinforcement
2018-06-12 12:58:32,573 RCV reinforcement
2018-06-12 12:58:32,612 RCV reinforcement
2018-06-12 12:58:34,028 RCV commit
2018-06-12 12:58:34,096 appended honest commit 5af6000779 on top of 1d09f4ea4b
2018-06-12 12:58:34,158 Weight: 25.763098802325615 #RFs 14
2018-06-12 12:58:34,158 weight: 25.763098802325615
2018-06-12 12:58:34,158 , 25.763098802325615
2018-06-12 12:58:34,300 RCV proposal
2018-06-12 12:58:34,304 appended malicious propose ccd249e8af on top of b5a33c7a0f
2018-06-12 12:58:34,304 REINFORCEMENT SENT state
2018-06-12 12:58:34,305 SNT reinforcement
2018-06-12 12:58:34,379 RCV reinforcement
2018-06-12 12:58:34,640 RCV reinforcement info
2018-06-12 12:58:35,204 RCV reinforcement
2018-06-12 12:58:35,274 RCV reinforcement info
2018-06-12 12:58:35,396 RCV reinforcement
2018-06-12 12:58:35,606 RCV reinforcement info
2018-06-12 12:58:35,877 RCV commit
2018-06-12 12:58:35,962 appended malicious commit 0200541376 on top of ccd249e8af
2018-06-12 12:58:36,062 Weight: 27.085321624769602 #RFs 17
2018-06-12 12:58:36,063 weight: 27.085321624769602
2018-06-12 12:58:36,063 , 27.085321624769602
2018-06-12 12:58:36,065 MALICIOUS MINING state
2018-06-12 12:58:36,065 start mining - depth 8
2018-06-12 12:58:36,065 start mining - hash 02005413763011834189333ba8186d269b66cd25c713ae84c9d65cd0e9d996e0
2018-06-12 12:58:37,260 RCV reinforcement info
2018-06-12 12:58:38,847 RCV reinforcement info
2018-06-12 12:58:39,551 RCV reinforcement info
2018-06-12 12:58:39,604 RCV reinforcement info
2018-06-12 12:58:40,789 RCV reinforcement info
2018-06-12 12:58:40,953 RCV reinforcement info
2018-06-12 12:58:42,118 RCV reinforcement info
2018-06-12 12:58:45,142 RCV reinforcement info
2018-06-12 12:58:45,590 RCV malicious_prop_agreement
2018-06-12 12:58:46,371 RCV proposal
2018-06-12 12:58:46,374 appended honest propose 924e1c3794 on top of 0200541376
2018-06-12 12:58:46,509 RCV reinforcement
2018-06-12 12:58:46,519 RCV reinforcement
2018-06-12 12:58:46,534 RCV reinforcement
2018-06-12 12:58:46,670 RCV reinforcement info
2018-06-12 12:58:46,825 RCV reinforcement
2018-06-12 12:58:47,864 RCV commit
2018-06-12 12:58:47,907 appended honest commit 8bf008a560 on top of 924e1c3794
2018-06-12 12:58:47,955 Weight: 30.872046763800803 #RFs 9
2018-06-12 12:58:47,955 weight: 30.872046763800803
2018-06-12 12:58:47,957 , 30.872046763800803
2018-06-12 12:58:48,182 RCV proposal
2018-06-12 12:58:48,186 appended malicious propose e99d7f7026 on top of 0200541376
2018-06-12 12:58:48,187 REINFORCEMENT SENT state
2018-06-12 12:58:48,285 RCV reinforcement
2018-06-12 12:58:48,528 RCV reinforcement info
2018-06-12 12:58:48,890 RCV reinforcement
2018-06-12 12:58:49,735 RCV commit
2018-06-12 12:58:49,761 appended malicious commit 008b1c61c7 on top of e99d7f7026
2018-06-12 12:58:49,790 Weight: 29.182922221199778 #RFs 5
2018-06-12 12:58:49,790 weight: 29.182922221199778
2018-06-12 12:58:49,791 , 29.182922221199778
2018-06-12 12:58:49,792 MALICIOUS MINING state
2018-06-12 12:58:49,792 start mining - depth 9
2018-06-12 12:58:49,793 start mining - hash 8bf008a56014e7a6da3924a7b4d94f4b108895e1879e2fd9e79eb4acb4271a67
2018-06-12 12:58:49,824 RCV reinforcement info
2018-06-12 12:58:50,239 RF found but not transmitted
2018-06-12 12:58:51,106 RCV reinforcement info
2018-06-12 12:58:51,436 RF found but not transmitted
2018-06-12 12:58:52,467 RCV reinforcement info
2018-06-12 12:58:54,847 RCV reinforcement info
2018-06-12 12:58:55,539 RCV reinforcement info
2018-06-12 12:58:57,685 RCV reinforcement info
2018-06-12 12:58:58,087 RCV proposal
2018-06-12 12:58:58,090 appended honest propose 7eb107b5a0 on top of 8bf008a560
2018-06-12 12:58:58,221 RCV reinforcement
2018-06-12 12:58:58,232 RCV reinforcement
2018-06-12 12:58:58,362 RCV reinforcement info
2018-06-12 12:58:58,456 RCV reinforcement
2018-06-12 12:58:58,825 RCV reinforcement info
2018-06-12 12:58:58,898 RCV reinforcement
2018-06-12 12:58:59,390 RF found but not transmitted
2018-06-12 12:58:59,609 RCV commit
2018-06-12 12:58:59,653 appended honest commit 7ca2460eb4 on top of 7eb107b5a0
2018-06-12 12:58:59,679 Weight: 33.11335496314559 #RFs 9
2018-06-12 12:58:59,679 weight: 33.11335496314559
2018-06-12 12:58:59,679 , 33.11335496314559
2018-06-12 12:58:59,680 start mining - depth 10
2018-06-12 12:58:59,680 start mining - hash 7ca2460eb45abadda7a1ca0f8929915bec9b1ce0487bab0b4a8ceeb1800fcb02
2018-06-12 12:58:59,685 RCV reinforcement info
2018-06-12 12:58:59,733 RCV reinforcement
2018-06-12 12:58:59,911 RCV reinforcement info
2018-06-12 12:59:00,221 RCV reinforcement info
2018-06-12 12:59:00,872 RCV reinforcement info
2018-06-12 12:59:01,333 RCV reinforcement info
2018-06-12 12:59:01,532 RCV reinforcement info
2018-06-12 12:59:01,617 RF found but not transmitted
2018-06-12 12:59:01,619 hash found
2018-06-12 12:59:01,620 SNT malicious_proposal_agreement
2018-06-12 12:59:02,636 RCV proposal
2018-06-12 12:59:02,639 appended honest propose 53dcab9122 on top of 7ca2460eb4
2018-06-12 12:59:02,643 RF found but not transmitted
2018-06-12 12:59:02,708 RCV reinforcement
2018-06-12 12:59:02,721 RCV reinforcement
2018-06-12 12:59:03,236 RCV reinforcement info
2018-06-12 12:59:03,348 RCV reinforcement
2018-06-12 12:59:04,164 RCV commit
2018-06-12 12:59:04,197 appended honest commit a06a098dfe on top of 53dcab9122
2018-06-12 12:59:04,218 Weight: 35.235779445895716 #RFs 6
2018-06-12 12:59:04,218 weight: 35.235779445895716
2018-06-12 12:59:04,218 , 35.235779445895716
2018-06-12 12:59:04,226 appended malicious propose d3dde16a5c on top of 7ca2460eb4
2018-06-12 12:59:04,226 REINFORCEMENT COLLECTING state
2018-06-12 12:59:04,313 SNT proposal
2018-06-12 12:59:04,510 RCV reinforcement info
2018-06-12 12:59:04,519 RCV reinforcement
2018-06-12 12:59:04,553 RCV reinforcement
2018-06-12 12:59:04,843 RCV reinforcement
2018-06-12 12:59:05,397 RCV reinforcement info
2018-06-12 12:59:05,819 commit with 3 reinforcements
2018-06-12 12:59:05,840 appended malicious commit 7eef881271 on top of d3dde16a5c
2018-06-12 12:59:05,862 Weight: 35.80157000535504 #RFs 6
2018-06-12 12:59:05,862 weight: 35.80157000535504
2018-06-12 12:59:05,863 , 35.80157000535504
2018-06-12 12:59:05,865 MALICIOUS MINING state
2018-06-12 12:59:05,865 start mining - depth 11
2018-06-12 12:59:05,866 start mining - hash 7eef881271f9c4f207871dfadce974cc5893edb4d1d653990e9e8e8a85d9a958
2018-06-12 12:59:05,866 SNT commit
2018-06-12 12:59:08,279 RCV reinforcement info
2018-06-12 12:59:09,427 RCV reinforcement info
2018-06-12 12:59:09,461 RCV reinforcement info
2018-06-12 12:59:11,791 RCV reinforcement info
2018-06-12 12:59:12,209 RCV reinforcement info
2018-06-12 12:59:12,702 RF found but not transmitted
2018-06-12 12:59:12,981 RCV reinforcement info
2018-06-12 12:59:16,243 RF found but not transmitted
2018-06-12 12:59:18,418 RCV reinforcement info
2018-06-12 12:59:18,603 RCV proposal
2018-06-12 12:59:18,607 appended honest propose eb9d1b2cb6 on top of 7eef881271
2018-06-12 12:59:18,707 RCV reinforcement
2018-06-12 12:59:18,726 RCV reinforcement
2018-06-12 12:59:18,737 RCV reinforcement
2018-06-12 12:59:18,741 RCV reinforcement info
2018-06-12 12:59:18,853 RCV reinforcement info
2018-06-12 12:59:18,864 RCV reinforcement info
2018-06-12 12:59:18,882 RCV reinforcement
2018-06-12 12:59:18,975 RCV reinforcement
2018-06-12 12:59:18,995 RCV reinforcement
2018-06-12 12:59:19,478 RF found but not transmitted
2018-06-12 12:59:20,209 RCV commit
2018-06-12 12:59:20,258 appended honest commit 385fd176fa on top of eb9d1b2cb6
2018-06-12 12:59:20,279 Weight: 39.41174949666397 #RFs 9
2018-06-12 12:59:20,279 weight: 39.41174949666397
2018-06-12 12:59:20,279 , 39.41174949666397
2018-06-12 12:59:20,282 start mining - depth 12
2018-06-12 12:59:20,283 start mining - hash 385fd176fa2d2675d795aceac61d9e6fc771729fa0df6560c10bd682420ac8c1
2018-06-12 12:59:20,916 RCV reinforcement info
2018-06-12 12:59:21,164 RF found but not transmitted
2018-06-12 12:59:21,437 RCV reinforcement info
2018-06-12 12:59:22,538 RCV reinforcement info
2018-06-12 12:59:23,404 RCV reinforcement info
2018-06-12 12:59:23,622 RCV reinforcement info
2018-06-12 12:59:23,630 RCV reinforcement info
2018-06-12 12:59:24,284 RCV reinforcement info
2018-06-12 12:59:25,214 RCV reinforcement info
2018-06-12 12:59:25,806 RCV reinforcement info
2018-06-12 12:59:27,252 RCV reinforcement info
2018-06-12 12:59:27,544 RCV reinforcement info
2018-06-12 12:59:27,747 RCV reinforcement info
2018-06-12 12:59:28,401 RCV proposal
2018-06-12 12:59:28,404 appended honest propose f9ba6852a6 on top of 385fd176fa
2018-06-12 12:59:28,515 RCV reinforcement
2018-06-12 12:59:28,521 RCV reinforcement
2018-06-12 12:59:28,534 RCV reinforcement
2018-06-12 12:59:28,882 RCV reinforcement info
2018-06-12 12:59:28,953 RCV reinforcement
2018-06-12 12:59:29,763 RCV reinforcement info
2018-06-12 12:59:29,843 RCV reinforcement
2018-06-12 12:59:29,992 RCV commit
2018-06-12 12:59:30,029 appended honest commit 07157c1f23 on top of f9ba6852a6
2018-06-12 12:59:30,085 Weight: 42.75573816050638 #RFs 12
2018-06-12 12:59:30,085 weight: 42.75573816050638
2018-06-12 12:59:30,085 , 42.75573816050638
2018-06-12 12:59:30,086 start mining - depth 13
2018-06-12 12:59:30,086 start mining - hash 07157c1f23336de4cce4b81ca2723b834841c77467dd9fb9ba380d7bdae29977
2018-06-12 12:59:30,087 Hashing frequency: 3710
2018-06-12 12:59:30,539 RCV reinforcement info
2018-06-12 12:59:33,308 RCV reinforcement info
2018-06-12 12:59:34,353 RF found but not transmitted
2018-06-12 12:59:34,381 RCV proposal
2018-06-12 12:59:34,384 appended honest propose a77a17a3d2 on top of 07157c1f23
2018-06-12 12:59:34,454 RCV reinforcement
2018-06-12 12:59:35,456 RCV reinforcement info
2018-06-12 12:59:35,538 RCV reinforcement
2018-06-12 12:59:35,908 RCV commit
2018-06-12 12:59:35,923 appended honest commit 522c811cb1 on top of a77a17a3d2
2018-06-12 12:59:35,930 Weight: 44.12807709234169 #RFs 3
2018-06-12 12:59:35,930 weight: 44.12807709234169
2018-06-12 12:59:35,930 , 44.12807709234169
2018-06-12 12:59:35,931 start mining - depth 14
2018-06-12 12:59:35,931 start mining - hash 522c811cb17db45703f1ac1e7155aefc15509258c48b53aaad8b1fd831fe54a8
2018-06-12 12:59:36,184 RCV reinforcement info
2018-06-12 12:59:37,525 RCV reinforcement info
2018-06-12 12:59:37,779 RCV reinforcement info
2018-06-12 12:59:40,413 RF found but not transmitted
2018-06-12 12:59:41,458 RCV reinforcement info
2018-06-12 12:59:41,560 RF found but not transmitted
2018-06-12 12:59:42,825 RCV reinforcement info
2018-06-12 12:59:43,439 RCV reinforcement info
2018-06-12 12:59:45,347 RCV reinforcement info
2018-06-12 12:59:45,628 RCV reinforcement info
2018-06-12 12:59:45,837 RF found but not transmitted
2018-06-12 12:59:46,207 RCV reinforcement info
2018-06-12 12:59:46,880 RCV reinforcement info
2018-06-12 12:59:47,223 RCV reinforcement info
2018-06-12 12:59:48,008 RF found but not transmitted
2018-06-12 12:59:50,091 RCV reinforcement info
2018-06-12 12:59:51,432 RF found but not transmitted
2018-06-12 12:59:51,435 RCV reinforcement info
2018-06-12 12:59:52,493 RCV reinforcement info
2018-06-12 12:59:52,985 RF found but not transmitted
2018-06-12 12:59:53,897 RCV reinforcement info
2018-06-12 12:59:54,080 RCV reinforcement info
2018-06-12 12:59:54,830 RCV reinforcement info
2018-06-12 12:59:55,140 RCV reinforcement info
2018-06-12 12:59:55,646 RCV reinforcement info
2018-06-12 12:59:55,677 RF found but not transmitted
2018-06-12 12:59:56,380 RCV reinforcement info
2018-06-12 12:59:56,741 RCV reinforcement info
2018-06-12 12:59:57,917 RCV proposal
2018-06-12 12:59:57,920 appended honest propose fabc78c814 on top of 522c811cb1
2018-06-12 12:59:58,044 RCV reinforcement
2018-06-12 12:59:58,059 RCV reinforcement
2018-06-12 12:59:58,084 RCV reinforcement
2018-06-12 12:59:58,116 RCV reinforcement info
2018-06-12 12:59:58,244 RCV reinforcement
2018-06-12 12:59:58,372 RCV reinforcement info
2018-06-12 12:59:58,439 RCV reinforcement info
2018-06-12 12:59:58,535 RCV reinforcement
2018-06-12 12:59:58,561 RCV reinforcement
2018-06-12 12:59:59,418 RCV commit
2018-06-12 12:59:59,529 appended honest commit 38c8567989 on top of fabc78c814
2018-06-12 12:59:59,642 Weight: 50.38787279887533 #RFs 23
2018-06-12 12:59:59,642 weight: 50.38787279887533
2018-06-12 12:59:59,643 , 50.38787279887533
2018-06-12 12:59:59,645 start mining - depth 15
2018-06-12 12:59:59,646 start mining - hash 38c8567989bbe9832366f233579b9956815f168c26cd2c80ac5f69188c96489e
2018-06-12 13:00:00,807 RCV reinforcement info
2018-06-12 13:00:01,228 RF found but not transmitted
2018-06-12 13:00:02,123 RF found but not transmitted
2018-06-12 13:00:02,124 hash found
2018-06-12 13:00:02,125 SNT malicious_proposal_agreement
2018-06-12 13:00:03,022 RCV reinforcement info
2018-06-12 13:00:04,024 RCV proposal
2018-06-12 13:00:04,027 appended honest propose f0189a391a on top of 38c8567989
2018-06-12 13:00:04,120 RCV reinforcement
2018-06-12 13:00:04,146 RCV reinforcement
2018-06-12 13:00:05,045 RCV reinforcement info
2018-06-12 13:00:05,133 RCV reinforcement
2018-06-12 13:00:05,536 RCV commit
2018-06-12 13:00:05,550 appended honest commit 0dee8d3c2d on top of f0189a391a
2018-06-12 13:00:05,556 Weight: 52.0519566654664 #RFs 3
2018-06-12 13:00:05,556 weight: 52.0519566654664
2018-06-12 13:00:05,556 , 52.0519566654664
2018-06-12 13:00:05,562 appended malicious propose 61d0dbd8bc on top of 38c8567989
2018-06-12 13:00:05,562 REINFORCEMENT COLLECTING state
2018-06-12 13:00:05,633 SNT proposal
2018-06-12 13:00:05,810 RCV reinforcement
2018-06-12 13:00:07,139 commit with 2 reinforcements
2018-06-12 13:00:07,145 appended malicious commit 8b3ed9ca27 on top of 61d0dbd8bc
2018-06-12 13:00:07,148 Weight: 51.59665555250681 #RFs 2
2018-06-12 13:00:07,148 weight: 51.59665555250681
2018-06-12 13:00:07,148 , 51.59665555250681
2018-06-12 13:00:07,150 MALICIOUS MINING state
2018-06-12 13:00:07,150 start mining - depth 16
2018-06-12 13:00:07,151 start mining - hash 0dee8d3c2db5185392ccac5c9bb7f78dd61b6dc56f7d383c7879508d740f2709
2018-06-12 13:00:07,151 SNT commit
2018-06-12 13:00:08,126 RCV proposal
2018-06-12 13:00:08,129 appended honest propose 1342fd3322 on top of 0dee8d3c2d
2018-06-12 13:00:08,281 RF found but not transmitted
2018-06-12 13:00:09,654 RCV commit
2018-06-12 13:00:09,655 appended honest commit 6de7ee1dc4 on top of 1342fd3322
2018-06-12 13:00:09,655 Weight: 53.0519566654664 #RFs 0
2018-06-12 13:00:09,655 weight: 53.0519566654664
2018-06-12 13:00:09,655 , 53.0519566654664
2018-06-12 13:00:09,656 start mining - depth 17
2018-06-12 13:00:09,656 start mining - hash 6de7ee1dc4cd32c1b3a94d4376316254904c531b343a3df5289a4ab24176291d
2018-06-12 13:00:09,665 RCV reinforcement info
2018-06-12 13:00:09,756 RCV reinforcement
2018-06-12 13:00:11,268 RCV reinforcement info
2018-06-12 13:00:11,492 RCV reinforcement info
2018-06-12 13:00:13,220 RCV reinforcement info
2018-06-12 13:00:13,451 RCV reinforcement info
2018-06-12 13:00:13,693 RF found but not transmitted
2018-06-12 13:00:14,680 RCV reinforcement info
2018-06-12 13:00:15,288 RCV reinforcement info
2018-06-12 13:00:16,387 RF found but not transmitted
2018-06-12 13:00:23,582 RCV reinforcement info
2018-06-12 13:00:25,469 RCV reinforcement info
2018-06-12 13:00:25,625 RCV reinforcement info
2018-06-12 13:00:26,207 RCV malicious_prop_agreement
2018-06-12 13:00:26,210 RCV reinforcement info
2018-06-12 13:00:27,667 RCV reinforcement info
2018-06-12 13:00:29,229 RCV reinforcement info
2018-06-12 13:00:29,492 RCV reinforcement info
2018-06-12 13:00:30,334 RCV reinforcement info
2018-06-12 13:00:30,515 RF found but not transmitted
2018-06-12 13:00:30,533 RCV reinforcement info
2018-06-12 13:00:31,468 RCV reinforcement info
2018-06-12 13:00:31,673 RF found but not transmitted
2018-06-12 13:00:31,796 RCV reinforcement info
2018-06-12 13:00:32,518 RCV reinforcement info
2018-06-12 13:00:32,630 RCV reinforcement info
2018-06-12 13:00:33,124 RCV reinforcement info
2018-06-12 13:00:34,095 RCV reinforcement info
2018-06-12 13:00:34,743 RCV reinforcement info
2018-06-12 13:00:35,464 RCV proposal
2018-06-12 13:00:35,466 appended honest propose 521b3839a2 on top of 6de7ee1dc4
2018-06-12 13:00:35,604 RCV reinforcement
2018-06-12 13:00:35,629 RCV reinforcement
2018-06-12 13:00:35,720 RCV proposal
2018-06-12 13:00:35,723 appended honest propose 91f6bc70ff on top of 6de7ee1dc4
2018-06-12 13:00:36,865 RF found but not transmitted
2018-06-12 13:00:37,036 RCV commit
2018-06-12 13:00:37,094 appended honest commit db7a9ba931 on top of 521b3839a2
2018-06-12 13:00:37,170 Weight: 56.45190451988258 #RFs 13
2018-06-12 13:00:37,170 weight: 56.45190451988258
2018-06-12 13:00:37,179 , 56.45190451988258
2018-06-12 13:00:37,358 RCV commit
2018-06-12 13:00:37,409 appended honest commit 8dea6e06af on top of 91f6bc70ff
2018-06-12 13:00:37,436 Weight: 55.60828624297434 #RFs 9
2018-06-12 13:00:37,436 weight: 55.60828624297434
2018-06-12 13:00:37,437 , 55.60828624297434
2018-06-12 13:00:37,523 RCV proposal
2018-06-12 13:00:37,526 appended malicious propose b9dd45c573 on top of 6de7ee1dc4
2018-06-12 13:00:37,526 REINFORCEMENT SENT state
2018-06-12 13:00:37,528 SNT reinforcement
2018-06-12 13:00:37,695 RCV reinforcement
2018-06-12 13:00:38,994 RCV commit
2018-06-12 13:00:39,063 appended malicious commit 77f26c6420 on top of b9dd45c573
2018-06-12 13:00:39,155 Weight: 57.97761526364513 #RFs 16
2018-06-12 13:00:39,166 weight: 57.97761526364513
2018-06-12 13:00:39,168 , 57.97761526364513
2018-06-12 13:00:39,173 MALICIOUS MINING state
2018-06-12 13:00:39,173 start mining - depth 18
2018-06-12 13:00:39,173 start mining - hash 77f26c6420e28996ee331175ff90e0aa49cad6a3a34ad9defdaeb7e7d836cf4f
2018-06-12 13:00:39,174 Hashing frequency: 3644
2018-06-12 13:00:40,273 RF found but not transmitted
2018-06-12 13:00:41,189 RF found but not transmitted
2018-06-12 13:00:41,826 RCV proposal
2018-06-12 13:00:41,829 appended honest propose 513ce07dbf on top of 77f26c6420
2018-06-12 13:00:42,697 RCV reinforcement info
2018-06-12 13:00:42,826 RCV reinforcement
2018-06-12 13:00:43,363 RCV commit
2018-06-12 13:00:43,366 appended honest commit 2b6861e609 on top of 513ce07dbf
2018-06-12 13:00:43,368 Weight: 59.08970765644967 #RFs 1
2018-06-12 13:00:43,369 weight: 59.08970765644967
2018-06-12 13:00:43,369 , 59.08970765644967
2018-06-12 13:00:43,369 start mining - depth 19
2018-06-12 13:00:43,370 start mining - hash 2b6861e6099377173079935c575d2bb5b6106bae6eaa3eba2987c034c6ed2f38
2018-06-12 13:00:44,567 RCV reinforcement info
2018-06-12 13:00:44,839 RCV reinforcement info
2018-06-12 13:00:45,562 RCV reinforcement info
2018-06-12 13:00:46,562 RCV reinforcement info
2018-06-12 13:00:46,896 RCV reinforcement info
2018-06-12 13:00:48,841 RCV reinforcement info
2018-06-12 13:00:50,583 RCV reinforcement info
2018-06-12 13:00:51,228 RCV reinforcement info
2018-06-12 13:00:51,779 RF found but not transmitted
2018-06-12 13:00:52,121 RF found but not transmitted
2018-06-12 13:00:52,491 RCV reinforcement info
2018-06-12 13:00:54,762 RCV reinforcement info
2018-06-12 13:00:55,054 RCV reinforcement info
2018-06-12 13:00:55,069 RCV reinforcement info
2018-06-12 13:00:55,350 RCV reinforcement info
2018-06-12 13:00:56,542 RCV reinforcement info
2018-06-12 13:00:58,159 RCV reinforcement info
2018-06-12 13:00:58,908 RCV reinforcement info
2018-06-12 13:00:59,172 RCV reinforcement info
2018-06-12 13:00:59,985 RCV reinforcement info
2018-06-12 13:01:00,338 RF found but not transmitted
2018-06-12 13:01:03,522 RCV reinforcement info
2018-06-12 13:01:05,806 RCV reinforcement info
2018-06-12 13:01:06,604 RCV proposal
2018-06-12 13:01:06,607 appended honest propose 6e96b85fa9 on top of 2b6861e609
2018-06-12 13:01:06,792 RCV reinforcement
2018-06-12 13:01:06,810 RCV reinforcement
2018-06-12 13:01:06,845 RCV reinforcement
2018-06-12 13:01:08,046 RCV commit
2018-06-12 13:01:08,200 appended honest commit a713e613cc on top of 6e96b85fa9
2018-06-12 13:01:08,348 Weight: 64.65947022092935 #RFs 20
2018-06-12 13:01:08,348 weight: 64.65947022092935
2018-06-12 13:01:08,348 , 64.65947022092935
2018-06-12 13:01:08,355 start mining - depth 20
2018-06-12 13:01:08,357 start mining - hash a713e613cce267f026741e10b173d989713ff4cedf6b33676707c7ac10dddc44
2018-06-12 13:01:10,439 RCV reinforcement info
2018-06-12 13:01:11,709 RCV reinforcement info
2018-06-12 13:01:12,051 RCV malicious_prop_agreement
2018-06-12 13:01:12,195 RCV reinforcement info
2018-06-12 13:01:13,052 RCV reinforcement info
2018-06-12 13:01:13,065 RCV reinforcement info
2018-06-12 13:01:13,417 RCV reinforcement info
2018-06-12 13:01:13,856 RCV reinforcement info
2018-06-12 13:01:15,360 RCV reinforcement info
2018-06-12 13:01:16,672 RCV reinforcement info
2018-06-12 13:01:17,895 RCV proposal
2018-06-12 13:01:17,898 appended honest propose 9f61ba0c79 on top of a713e613cc
2018-06-12 13:01:18,046 RCV reinforcement
2018-06-12 13:01:18,054 RCV reinforcement
2018-06-12 13:01:18,642 RCV reinforcement info
2018-06-12 13:01:18,736 RCV reinforcement info
2018-06-12 13:01:18,817 RCV reinforcement
2018-06-12 13:01:18,899 RCV reinforcement
2018-06-12 13:01:19,441 RCV commit
2018-06-12 13:01:19,535 appended honest commit 9a7f9f15a1 on top of 9f61ba0c79
2018-06-12 13:01:19,596 Weight: 67.44497467180912 #RFs 11
2018-06-12 13:01:19,596 weight: 67.44497467180912
2018-06-12 13:01:19,597 , 67.44497467180912
2018-06-12 13:01:19,787 RCV proposal
2018-06-12 13:01:19,791 appended malicious propose f28334b16e on top of a713e613cc
2018-06-12 13:01:19,792 REINFORCEMENT SENT state
2018-06-12 13:01:19,916 RCV reinforcement
2018-06-12 13:01:21,365 RCV commit
2018-06-12 13:01:21,398 appended malicious commit 9993ff9b54 on top of f28334b16e
2018-06-12 13:01:21,420 Weight: 66.3205295251183 #RFs 6
2018-06-12 13:01:21,420 weight: 66.3205295251183
2018-06-12 13:01:21,421 , 66.3205295251183
2018-06-12 13:01:21,421 MALICIOUS MINING state
2018-06-12 13:01:21,421 start mining - depth 21
2018-06-12 13:01:21,422 start mining - hash 9a7f9f15a1325c638080490c53099ebb39d54aae0a3bdfc37e4a5bde936ebc29
2018-06-12 13:01:21,449 RCV reinforcement info
2018-06-12 13:01:22,442 RCV reinforcement info
2018-06-12 13:01:23,378 RCV reinforcement info
2018-06-12 13:01:23,922 RCV reinforcement info
2018-06-12 13:01:25,045 RCV proposal
2018-06-12 13:01:25,050 appended honest propose 764b92f781 on top of 9a7f9f15a1
2018-06-12 13:01:25,100 RCV reinforcement info
2018-06-12 13:01:25,192 RCV reinforcement
2018-06-12 13:01:25,200 RCV reinforcement
2018-06-12 13:01:25,278 RCV reinforcement
2018-06-12 13:01:25,409 RCV reinforcement info
2018-06-12 13:01:25,504 RCV reinforcement
2018-06-12 13:01:25,893 RCV reinforcement info
2018-06-12 13:01:26,026 RCV reinforcement
2018-06-12 13:01:26,512 RCV commit
2018-06-12 13:01:26,539 appended honest commit 2cf1f69176 on top of 764b92f781
2018-06-12 13:01:26,575 Weight: 69.73541471979142 #RFs 6
2018-06-12 13:01:26,580 weight: 69.73541471979142
2018-06-12 13:01:26,580 , 69.73541471979142
2018-06-12 13:01:26,581 start mining - depth 22
2018-06-12 13:01:26,581 start mining - hash 2cf1f69176fa860ed4d5004e29e911a2b9e503848c85370a30e335eb3c24a971
2018-06-12 13:01:30,187 RCV reinforcement info
2018-06-12 13:01:30,809 RCV reinforcement info
2018-06-12 13:01:30,999 RCV reinforcement info
2018-06-12 13:01:31,046 RCV reinforcement info
2018-06-12 13:01:31,379 RCV reinforcement info
2018-06-12 13:01:31,788 RCV reinforcement info
2018-06-12 13:01:32,419 RF found but not transmitted
2018-06-12 13:01:33,922 RCV reinforcement info
2018-06-12 13:01:34,401 RF found but not transmitted
2018-06-12 13:01:35,067 RCV reinforcement info
2018-06-12 13:01:35,344 RCV proposal
2018-06-12 13:01:35,347 appended honest propose ffa7ef6682 on top of 2cf1f69176
2018-06-12 13:01:35,514 RCV reinforcement
2018-06-12 13:01:35,549 RCV reinforcement
2018-06-12 13:01:35,578 RCV reinforcement
2018-06-12 13:01:36,589 RF found but not transmitted
2018-06-12 13:01:36,859 RCV commit
2018-06-12 13:01:36,899 appended honest commit b19c2e708f on top of ffa7ef6682
2018-06-12 13:01:36,919 Weight: 71.85810049645649 #RFs 8
2018-06-12 13:01:36,919 weight: 71.85810049645649
2018-06-12 13:01:36,919 , 71.85810049645649
2018-06-12 13:01:36,931 start mining - depth 23
2018-06-12 13:01:36,932 start mining - hash b19c2e708fc624486fb77a27cecc0825a11358895500a0e98241173da04a4260
2018-06-12 13:01:37,174 RF found but not transmitted
2018-06-12 13:01:38,005 RF found but not transmitted
2018-06-12 13:01:38,006 hash found
2018-06-12 13:01:38,007 SNT malicious_proposal_agreement
2018-06-12 13:01:39,854 RCV reinforcement info
2018-06-12 13:01:40,041 RCV proposal
2018-06-12 13:01:40,043 appended honest propose c8f9a8f596 on top of b19c2e708f
2018-06-12 13:01:40,155 RCV reinforcement
2018-06-12 13:01:41,252 RCV reinforcement info
2018-06-12 13:01:41,383 RCV reinforcement
2018-06-12 13:01:41,549 RCV commit
2018-06-12 13:01:41,554 appended honest commit c3be33967a on top of c8f9a8f596
2018-06-12 13:01:41,559 Weight: 73.48366513241729 #RFs 2
2018-06-12 13:01:41,559 weight: 73.48366513241729
2018-06-12 13:01:41,559 , 73.48366513241729
2018-06-12 13:01:41,564 appended malicious propose 3eeecd86bc on top of b19c2e708f
2018-06-12 13:01:41,564 REINFORCEMENT COLLECTING state
2018-06-12 13:01:41,685 SNT proposal
2018-06-12 13:01:42,032 RCV reinforcement
2018-06-12 13:01:42,715 RCV reinforcement
2018-06-12 13:01:43,187 commit with 3 reinforcements
2018-06-12 13:01:43,198 appended malicious commit 6fc439b858 on top of 3eeecd86bc
2018-06-12 13:01:43,206 Weight: 73.36211777876184 #RFs 4
2018-06-12 13:01:43,207 weight: 73.36211777876184
2018-06-12 13:01:43,207 , 73.36211777876184
2018-06-12 13:01:43,210 MALICIOUS MINING state
2018-06-12 13:01:43,210 start mining - depth 24
2018-06-12 13:01:43,210 start mining - hash c3be33967af1ae6e63170ee840be8da63feb86743edfe77e6b55a46944fdfcfc
2018-06-12 13:01:43,211 Hashing frequency: 3348
2018-06-12 13:01:43,212 SNT commit
2018-06-12 13:01:43,429 RCV reinforcement
2018-06-12 13:01:43,876 RCV reinforcement info
2018-06-12 13:01:44,446 RCV proposal
2018-06-12 13:01:44,448 appended honest propose f4018be21d on top of c3be33967a
2018-06-12 13:01:45,289 RCV reinforcement info
2018-06-12 13:01:45,465 RCV reinforcement info
2018-06-12 13:01:45,638 RCV reinforcement
2018-06-12 13:01:45,726 RCV reinforcement
2018-06-12 13:01:46,156 RCV commit
2018-06-12 13:01:46,168 appended honest commit 322bc30b08 on top of f4018be21d
2018-06-12 13:01:46,175 Weight: 74.77788925891565 #RFs 3
2018-06-12 13:01:46,175 weight: 74.77788925891565
2018-06-12 13:01:46,175 , 74.77788925891565
2018-06-12 13:01:46,178 start mining - depth 25
2018-06-12 13:01:46,178 start mining - hash 322bc30b08d0aeef15c5eca0e924aa9f733e9df372b6636832aca93df15a6948
2018-06-12 13:01:46,427 RCV reinforcement info
2018-06-12 13:01:49,261 RCV reinforcement info
2018-06-12 13:01:50,234 RCV reinforcement info
2018-06-12 13:01:53,709 RCV reinforcement info
2018-06-12 13:01:54,568 RCV malicious_prop_agreement
2018-06-12 13:01:54,845 RCV reinforcement info
2018-06-12 13:01:55,561 RCV reinforcement info
2018-06-12 13:01:57,078 RCV proposal
2018-06-12 13:01:57,081 appended honest propose 24ca2789eb on top of 322bc30b08
2018-06-12 13:01:57,167 RCV reinforcement
2018-06-12 13:01:57,448 RCV reinforcement info
2018-06-12 13:01:57,571 RCV reinforcement
2018-06-12 13:01:58,205 RCV reinforcement info
2018-06-12 13:01:58,313 RCV reinforcement
2018-06-12 13:01:58,614 RCV commit
2018-06-12 13:01:58,671 appended honest commit 2bb3d12155 on top of 24ca2789eb
2018-06-12 13:01:58,701 Weight: 78.30619572463108 #RFs 8
2018-06-12 13:01:58,701 weight: 78.30619572463108
2018-06-12 13:01:58,701 , 78.30619572463108
2018-06-12 13:01:58,978 RCV proposal
2018-06-12 13:01:58,983 appended malicious propose bafa5a905c on top of 322bc30b08
2018-06-12 13:01:58,984 REINFORCEMENT SENT state
2018-06-12 13:01:59,094 RCV reinforcement
2018-06-12 13:02:00,211 RCV reinforcement info
2018-06-12 13:02:00,476 RCV commit
2018-06-12 13:02:00,488 appended malicious commit 66cb18e12e on top of bafa5a905c
2018-06-12 13:02:00,509 Weight: 76.46924595641937 #RFs 4
2018-06-12 13:02:00,510 weight: 76.46924595641937
2018-06-12 13:02:00,510 , 76.46924595641937
2018-06-12 13:02:00,512 MALICIOUS MINING state
2018-06-12 13:02:00,512 start mining - depth 26
2018-06-12 13:02:00,513 start mining - hash 2bb3d121557b30e0a5a68215d928a8c500aee2969f8e95fa636c2bd6fea2eef3
2018-06-12 13:02:02,604 RCV reinforcement info
2018-06-12 13:02:02,710 RCV reinforcement info
2018-06-12 13:02:04,314 RCV reinforcement info
2018-06-12 13:02:05,701 RCV proposal
2018-06-12 13:02:05,704 appended honest propose 8efdbcc063 on top of 2bb3d12155
2018-06-12 13:02:05,816 RCV reinforcement
2018-06-12 13:02:06,102 RF found but not transmitted
2018-06-12 13:02:06,979 RF found but not transmitted
2018-06-12 13:02:07,285 RCV commit
2018-06-12 13:02:07,315 appended honest commit 97c42eed91 on top of 8efdbcc063
2018-06-12 13:02:07,347 Weight: 80.11050868472749 #RFs 4
2018-06-12 13:02:07,347 weight: 80.11050868472749
2018-06-12 13:02:07,347 , 80.11050868472749
2018-06-12 13:02:07,356 start mining - depth 27
2018-06-12 13:02:07,356 start mining - hash 97c42eed91faf80c7a993e624f4d192acb1d978f3371ba73102e8cfd230d8392
2018-06-12 13:02:07,549 RCV reinforcement info
2018-06-12 13:02:09,065 RCV reinforcement info
2018-06-12 13:02:13,126 RCV reinforcement info
2018-06-12 13:02:18,213 RCV reinforcement info
2018-06-12 13:02:19,814 RF found but not transmitted
2018-06-12 13:02:20,041 RCV reinforcement info
2018-06-12 13:02:20,595 RF found but not transmitted
2018-06-12 13:02:21,097 RCV reinforcement info
2018-06-12 13:02:22,832 RF found but not transmitted
2018-06-12 13:02:22,943 RCV reinforcement info
2018-06-12 13:02:23,372 RCV reinforcement info
2018-06-12 13:02:23,648 RCV reinforcement info
2018-06-12 13:02:25,011 RCV reinforcement info
2018-06-12 13:02:25,071 RCV reinforcement info
2018-06-12 13:02:26,485 RCV reinforcement info
2018-06-12 13:02:26,617 RCV reinforcement info
2018-06-12 13:02:26,748 RCV reinforcement info
2018-06-12 13:02:27,580 RF found but not transmitted
2018-06-12 13:02:29,046 RCV reinforcement info
2018-06-12 13:02:29,086 RCV reinforcement info
2018-06-12 13:02:29,510 RCV reinforcement info
2018-06-12 13:02:30,173 RCV reinforcement info
2018-06-12 13:02:31,048 RCV reinforcement info
2018-06-12 13:02:31,813 RCV reinforcement info
2018-06-12 13:02:32,063 RCV reinforcement info
2018-06-12 13:02:32,115 RCV reinforcement info
2018-06-12 13:02:32,349 RCV reinforcement info
2018-06-12 13:02:33,026 RCV reinforcement info
2018-06-12 13:02:33,375 RCV reinforcement info
2018-06-12 13:02:34,383 RF found but not transmitted
2018-06-12 13:02:34,630 RF found but not transmitted
2018-06-12 13:02:34,699 RCV proposal
2018-06-12 13:02:34,708 appended honest propose 8f14d921aa on top of 97c42eed91
2018-06-12 13:02:34,845 RCV reinforcement
2018-06-12 13:02:34,878 RCV reinforcement
2018-06-12 13:02:34,911 RCV reinforcement
2018-06-12 13:02:35,084 RCV reinforcement info
2018-06-12 13:02:35,219 RCV reinforcement
2018-06-12 13:02:35,519 RCV reinforcement info
2018-06-12 13:02:35,684 RCV reinforcement
2018-06-12 13:02:35,960 RCV reinforcement info
2018-06-12 13:02:36,054 RCV reinforcement
2018-06-12 13:02:36,357 RCV commit
2018-06-12 13:02:36,548 appended honest commit 2fa0c8bd7d on top of 8f14d921aa
2018-06-12 13:02:36,686 Weight: 85.52864675938879 #RFs 27
2018-06-12 13:02:36,687 weight: 85.52864675938879
2018-06-12 13:02:36,687 , 85.52864675938879
2018-06-12 13:02:36,690 start mining - depth 28
2018-06-12 13:02:36,690 start mining - hash 2fa0c8bd7d83d463e1d314d9a776e2af1261e8edd6edb147a18309c264af6620
2018-06-12 13:02:36,781 RCV reinforcement info
2018-06-12 13:02:39,065 RCV reinforcement info
2018-06-12 13:02:41,546 RCV reinforcement info
2018-06-12 13:02:41,711 RCV reinforcement info
2018-06-12 13:02:44,045 RCV reinforcement info
2018-06-12 13:02:45,358 RCV reinforcement info
2018-06-12 13:02:46,804 RCV reinforcement info
2018-06-12 13:02:49,654 RCV reinforcement info
2018-06-12 13:02:50,741 RCV reinforcement info
2018-06-12 13:02:51,902 RCV reinforcement info
2018-06-12 13:02:53,971 RF found but not transmitted
2018-06-12 13:02:55,604 RF found but not transmitted
2018-06-12 13:02:57,590 RCV reinforcement info
2018-06-12 13:02:58,628 RCV reinforcement info
2018-06-12 13:02:59,062 RCV proposal
2018-06-12 13:02:59,065 appended honest propose c21175f331 on top of 2fa0c8bd7d
2018-06-12 13:02:59,177 RCV reinforcement
2018-06-12 13:02:59,182 RCV reinforcement
2018-06-12 13:02:59,196 RCV reinforcement
2018-06-12 13:02:59,953 RCV reinforcement info
2018-06-12 13:03:00,037 RCV reinforcement
2018-06-12 13:03:00,508 RCV reinforcement info
2018-06-12 13:03:00,583 RCV reinforcement
2018-06-12 13:03:00,750 RCV commit
2018-06-12 13:03:00,805 appended honest commit f515975239 on top of c21175f331
2018-06-12 13:03:00,841 Weight: 89.0354764126431 #RFs 13
2018-06-12 13:03:00,842 weight: 89.0354764126431
2018-06-12 13:03:00,842 , 89.0354764126431
2018-06-12 13:03:00,843 start mining - depth 29
2018-06-12 13:03:00,843 start mining - hash f51597523949b91b6b3fe7e6db3b2c689539fdb307db363fe7097813485020af
2018-06-12 13:03:00,844 Hashing frequency: 4138
2018-06-12 13:03:01,748 RCV reinforcement info
2018-06-12 13:03:02,466 RCV reinforcement info
2018-06-12 13:03:03,263 RF found but not transmitted
2018-06-12 13:03:04,068 RCV reinforcement info
2018-06-12 13:03:04,166 RF found but not transmitted
2018-06-12 13:03:04,242 RCV reinforcement info
2018-06-12 13:03:05,303 RCV reinforcement info
2018-06-12 13:03:07,010 RCV reinforcement info
2018-06-12 13:03:07,551 RCV reinforcement info
2018-06-12 13:03:07,775 RF found but not transmitted
2018-06-12 13:03:08,748 RCV reinforcement info
2018-06-12 13:03:08,964 RF found but not transmitted
2018-06-12 13:03:10,110 RF found but not transmitted
2018-06-12 13:03:12,904 RCV reinforcement info
2018-06-12 13:03:12,994 RCV proposal
2018-06-12 13:03:12,997 appended honest propose 51c3b884bb on top of f515975239
2018-06-12 13:03:13,090 RCV reinforcement
2018-06-12 13:03:13,128 RCV reinforcement
2018-06-12 13:03:13,244 RCV reinforcement info
2018-06-12 13:03:13,360 RCV reinforcement info
2018-06-12 13:03:13,394 RCV reinforcement
2018-06-12 13:03:13,485 RCV reinforcement
2018-06-12 13:03:14,483 RCV commit
2018-06-12 13:03:14,529 appended honest commit 2838401b45 on top of 51c3b884bb
2018-06-12 13:03:14,565 Weight: 91.7982105548611 #RFs 11
2018-06-12 13:03:14,565 weight: 91.7982105548611
2018-06-12 13:03:14,565 , 91.7982105548611
2018-06-12 13:03:14,566 start mining - depth 30
2018-06-12 13:03:14,567 start mining - hash 2838401b450bac02e82480146ba8e7d28869c88fe9e3da90a753f580520cc5de
2018-06-12 13:03:16,105 RCV malicious_prop_agreement
2018-06-12 13:03:16,110 RF found but not transmitted
2018-06-12 13:03:17,371 RF found but not transmitted
2018-06-12 13:03:19,756 RCV reinforcement info
2018-06-12 13:03:19,928 RCV reinforcement info
2018-06-12 13:03:20,068 RCV reinforcement info
2018-06-12 13:03:20,088 RF found but not transmitted
2018-06-12 13:03:20,955 RCV reinforcement info
2018-06-12 13:03:21,100 RCV reinforcement info
2018-06-12 13:03:23,337 RCV reinforcement info
2018-06-12 13:03:23,454 RCV reinforcement info
2018-06-12 13:03:26,425 RF found but not transmitted
2018-06-12 13:03:26,603 RCV reinforcement info
2018-06-12 13:03:26,813 RCV reinforcement info
2018-06-12 13:03:32,026 RF found but not transmitted
2018-06-12 13:03:32,984 RCV reinforcement info
2018-06-12 13:03:33,356 RCV reinforcement info
2018-06-12 13:03:33,634 RF found but not transmitted
2018-06-12 13:03:33,708 RF found but not transmitted
2018-06-12 13:03:34,913 RCV reinforcement info
2018-06-12 13:03:36,263 RCV reinforcement info
2018-06-12 13:03:37,409 RCV reinforcement info
2018-06-12 13:03:38,195 RCV proposal
2018-06-12 13:03:38,198 appended honest propose cdfa17f562 on top of 2838401b45
2018-06-12 13:03:38,287 RCV reinforcement
2018-06-12 13:03:38,303 RCV reinforcement
2018-06-12 13:03:38,335 RCV reinforcement
2018-06-12 13:03:39,345 RCV reinforcement info
2018-06-12 13:03:39,445 RCV reinforcement
2018-06-12 13:03:39,765 RCV commit
2018-06-12 13:03:39,811 appended honest commit aa8b86e138 on top of cdfa17f562
2018-06-12 13:03:39,892 Weight: 96.03962242804946 #RFs 15
2018-06-12 13:03:39,892 weight: 96.03962242804946
2018-06-12 13:03:39,893 , 96.03962242804946
2018-06-12 13:03:40,107 RCV proposal
2018-06-12 13:03:40,112 appended malicious propose b456b4fa8f on top of 2838401b45
2018-06-12 13:03:40,112 REINFORCEMENT SENT state
2018-06-12 13:03:40,113 SNT reinforcement
2018-06-12 13:03:40,251 RCV reinforcement
2018-06-12 13:03:40,290 RCV reinforcement
2018-06-12 13:03:40,368 RCV reinforcement
2018-06-12 13:03:41,647 RCV commit
2018-06-12 13:03:41,712 appended malicious commit cfff4de0d0 on top of b456b4fa8f
2018-06-12 13:03:41,774 Weight: 97.00268998918293 #RFs 17
2018-06-12 13:03:41,774 weight: 97.00268998918293
2018-06-12 13:03:41,774 , 97.00268998918293
2018-06-12 13:03:41,779 MALICIOUS MINING state
2018-06-12 13:03:41,779 start mining - depth 31
2018-06-12 13:03:41,780 start mining - hash cfff4de0d0819ec12093496a3485d7fb48b80742ea00a14c7fb58a83e8812b30
2018-06-12 13:03:42,127 RCV reinforcement info
2018-06-12 13:03:46,541 RCV reinforcement info
2018-06-12 13:03:46,590 RF found but not transmitted
2018-06-12 13:03:47,117 RCV reinforcement info
2018-06-12 13:03:48,341 RCV reinforcement info
2018-06-12 13:03:48,567 RF found but not transmitted
2018-06-12 13:03:51,232 RF found but not transmitted
2018-06-12 13:03:51,518 RCV reinforcement info
2018-06-12 13:03:52,113 RCV reinforcement info
2018-06-12 13:03:52,153 RCV reinforcement info
2018-06-12 13:03:52,589 RCV reinforcement info
2018-06-12 13:03:53,254 RCV reinforcement info
2018-06-12 13:03:54,152 RF found but not transmitted
2018-06-12 13:03:54,234 RCV reinforcement info
2018-06-12 13:03:55,654 RCV proposal
2018-06-12 13:03:55,657 appended honest propose c6ce4ceaf9 on top of cfff4de0d0
2018-06-12 13:03:55,773 RCV reinforcement
2018-06-12 13:03:55,788 RCV reinforcement
2018-06-12 13:03:57,163 RCV commit
2018-06-12 13:03:57,237 appended honest commit c007431398 on top of c6ce4ceaf9
2018-06-12 13:03:57,267 Weight: 99.21824981815556 #RFs 10
2018-06-12 13:03:57,267 weight: 99.21824981815556
2018-06-12 13:03:57,267 , 99.21824981815556
2018-06-12 13:03:57,268 start mining - depth 32
2018-06-12 13:03:57,268 start mining - hash c007431398770d9522b5f204ad18c51c9f361be6e733f0d79dadb6c66f26be6c
2018-06-12 13:04:00,269 RCV reinforcement info
2018-06-12 13:04:00,406 RF found but not transmitted
2018-06-12 13:04:01,902 RCV reinforcement info
2018-06-12 13:04:03,417 RCV reinforcement info
2018-06-12 13:04:03,743 RCV reinforcement info
2018-06-12 13:04:04,039 RCV reinforcement info
2018-06-12 13:04:04,207 RCV proposal
2018-06-12 13:04:04,210 appended honest propose 22e2b35d01 on top of c007431398
2018-06-12 13:04:04,331 RCV reinforcement
2018-06-12 13:04:04,406 RCV reinforcement
2018-06-12 13:04:04,640 RCV reinforcement info
2018-06-12 13:04:04,752 RCV reinforcement
2018-06-12 13:04:04,843 RF found but not transmitted
2018-06-12 13:04:05,156 RF found but not transmitted
2018-06-12 13:04:05,282 RCV reinforcement info
2018-06-12 13:04:05,386 RCV reinforcement
2018-06-12 13:04:05,608 RCV commit
2018-06-12 13:04:05,658 appended honest commit 38682464ee on top of 22e2b35d01
2018-06-12 13:04:05,706 Weight: 101.3881889059921 #RFs 7
2018-06-12 13:04:05,706 weight: 101.3881889059921
2018-06-12 13:04:05,707 , 101.3881889059921
2018-06-12 13:04:05,723 start mining - depth 33
2018-06-12 13:04:05,723 start mining - hash 38682464eed5738121f07282d76eaf17b94078cec046f3fb5dd4bdd4edd02823
2018-06-12 13:04:05,726 Hashing frequency: 3458
2018-06-12 13:04:06,417 RCV reinforcement info
2018-06-12 13:04:06,675 RCV reinforcement info
2018-06-12 13:04:07,806 RCV reinforcement info
2018-06-12 13:04:07,886 RCV reinforcement info
2018-06-12 13:04:08,455 RCV reinforcement info
2018-06-12 13:04:08,766 RCV reinforcement info
2018-06-12 13:04:09,010 RCV reinforcement info
2018-06-12 13:04:09,110 RCV reinforcement info
2018-06-12 13:04:09,477 RF found but not transmitted
2018-06-12 13:04:11,602 RCV proposal
2018-06-12 13:04:11,605 appended honest propose 5b3aa8e71e on top of 38682464ee
2018-06-12 13:04:11,719 RCV reinforcement
2018-06-12 13:04:11,748 RCV reinforcement
2018-06-12 13:04:11,756 RCV reinforcement
2018-06-12 13:04:11,908 RCV reinforcement info
2018-06-12 13:04:12,028 RCV reinforcement
2018-06-12 13:04:13,215 RCV commit
2018-06-12 13:04:13,256 appended honest commit 59d4f84d7b on top of 5b3aa8e71e
2018-06-12 13:04:13,282 Weight: 104.39436313193148 #RFs 8
2018-06-12 13:04:13,282 weight: 104.39436313193148
2018-06-12 13:04:13,282 , 104.39436313193148
2018-06-12 13:04:13,283 start mining - depth 34
2018-06-12 13:04:13,283 start mining - hash 59d4f84d7b077c90e992abc50f30dd89bc231ff2acb3e279403ddbf64414aa8b
2018-06-12 13:04:14,262 RCV reinforcement info
2018-06-12 13:04:14,597 RCV reinforcement info
2018-06-12 13:04:14,795 RCV reinforcement info
2018-06-12 13:04:16,257 RCV reinforcement info
2018-06-12 13:04:16,426 RCV reinforcement info
2018-06-12 13:04:17,573 RCV reinforcement info
2018-06-12 13:04:17,639 RCV reinforcement info
2018-06-12 13:04:18,225 RF found but not transmitted
2018-06-12 13:04:19,359 RCV reinforcement info
2018-06-12 13:04:19,815 RF found but not transmitted
2018-06-12 13:04:19,941 RCV reinforcement info
2018-06-12 13:04:20,099 RCV reinforcement info
2018-06-12 13:04:20,395 RCV reinforcement info
2018-06-12 13:04:20,862 RF found but not transmitted
2018-06-12 13:04:21,630 RCV reinforcement info
2018-06-12 13:04:27,548 RCV reinforcement info
2018-06-12 13:04:28,216 RCV reinforcement info
2018-06-12 13:04:28,604 RCV reinforcement info
2018-06-12 13:04:29,566 RCV reinforcement info
2018-06-12 13:04:30,947 RCV proposal
2018-06-12 13:04:30,950 appended honest propose 618b13173f on top of 59d4f84d7b
2018-06-12 13:04:31,094 RCV proposal
2018-06-12 13:04:31,101 appended honest propose ffbd3c8ab6 on top of 59d4f84d7b
2018-06-12 13:04:31,162 RCV reinforcement
2018-06-12 13:04:31,173 RF found but not transmitted
2018-06-12 13:04:31,184 RCV reinforcement
2018-06-12 13:04:31,343 RCV reinforcement info
2018-06-12 13:04:31,500 RCV reinforcement
2018-06-12 13:04:32,530 RCV commit
2018-06-12 13:04:32,591 appended honest commit 7a9c93232c on top of 618b13173f
2018-06-12 13:04:32,641 Weight: 107.17686754545831 #RFs 9
2018-06-12 13:04:32,641 weight: 107.17686754545831
2018-06-12 13:04:32,641 , 107.17686754545831
2018-06-12 13:04:32,642 start mining - depth 35
2018-06-12 13:04:32,642 start mining - hash 7a9c93232c7961791bdea874c3b1d9eeaf5c919b058331fcf62a73bf7ff7a92c
2018-06-12 13:04:32,666 RCV commit
2018-06-12 13:04:32,823 appended honest commit 512220b5b3 on top of ffbd3c8ab6
2018-06-12 13:04:32,863 Weight: 106.52128229780674 #RFs 8
2018-06-12 13:04:32,864 weight: 106.52128229780674
2018-06-12 13:04:32,864 , 106.52128229780674
2018-06-12 13:04:32,990 RCV reinforcement info
2018-06-12 13:04:33,110 RCV reinforcement info
2018-06-12 13:04:33,460 RCV reinforcement info
2018-06-12 13:04:33,479 RCV reinforcement info
2018-06-12 13:04:37,472 RCV reinforcement info
2018-06-12 13:04:37,836 RCV reinforcement info
2018-06-12 13:04:38,303 RCV reinforcement info
2018-06-12 13:04:40,392 RCV reinforcement info
2018-06-12 13:04:41,035 RF found but not transmitted
2018-06-12 13:04:41,824 RCV reinforcement info
2018-06-12 13:04:42,979 RCV proposal
2018-06-12 13:04:42,982 appended honest propose fed99962c7 on top of 7a9c93232c
2018-06-12 13:04:43,134 RCV reinforcement
2018-06-12 13:04:43,157 RCV reinforcement
2018-06-12 13:04:43,179 RCV reinforcement
2018-06-12 13:04:43,288 RCV reinforcement info
2018-06-12 13:04:43,396 RCV reinforcement
2018-06-12 13:04:44,587 RCV commit
2018-06-12 13:04:44,637 appended honest commit bb82db6e57 on top of fed99962c7
2018-06-12 13:04:44,678 Weight: 109.46706425517553 #RFs 10
2018-06-12 13:04:44,679 weight: 109.46706425517553
2018-06-12 13:04:44,679 , 109.46706425517553
2018-06-12 13:04:44,680 start mining - depth 36
2018-06-12 13:04:44,680 start mining - hash bb82db6e57e80f62e46a5c343ddbec29853a4ada2a2401e5a25ccbd7c857aab4
2018-06-12 13:04:44,959 RCV reinforcement info
2018-06-12 13:04:45,013 RCV reinforcement info
2018-06-12 13:04:46,052 RCV reinforcement info
2018-06-12 13:04:48,784 RCV reinforcement info
2018-06-12 13:04:48,949 RF found but not transmitted
2018-06-12 13:04:49,051 RCV reinforcement info
2018-06-12 13:04:49,546 RCV reinforcement info
2018-06-12 13:04:49,866 RCV reinforcement info
2018-06-12 13:04:51,815 RCV reinforcement info
2018-06-12 13:04:52,549 RCV reinforcement info
2018-06-12 13:04:53,000 RF found but not transmitted
2018-06-12 13:04:54,237 RCV reinforcement info
2018-06-12 13:04:54,656 RF found but not transmitted
2018-06-12 13:04:55,443 RCV reinforcement info
2018-06-12 13:04:55,607 RCV reinforcement info
2018-06-12 13:04:55,648 RF found but not transmitted
2018-06-12 13:04:57,300 RCV reinforcement info
2018-06-12 13:04:58,163 RCV reinforcement info
2018-06-12 13:04:58,430 RF found but not transmitted
2018-06-12 13:04:59,728 RCV reinforcement info
2018-06-12 13:05:00,761 RCV reinforcement info
2018-06-12 13:05:02,034 RCV malicious_prop_agreement
2018-06-12 13:05:02,951 RF found but not transmitted
2018-06-12 13:05:03,233 RCV reinforcement info
2018-06-12 13:05:03,586 RCV reinforcement info
2018-06-12 13:05:04,679 RF found but not transmitted
2018-06-12 13:05:07,690 RCV reinforcement info
2018-06-12 13:05:08,010 RCV reinforcement info
2018-06-12 13:05:08,733 RCV reinforcement info
2018-06-12 13:05:08,830 RF found but not transmitted
2018-06-12 13:05:09,033 RCV reinforcement info
2018-06-12 13:05:10,586 RF found but not transmitted
2018-06-12 13:05:10,885 RCV reinforcement info
2018-06-12 13:05:13,177 RCV reinforcement info
2018-06-12 13:05:14,478 RCV reinforcement info
2018-06-12 13:05:15,215 RCV reinforcement info
2018-06-12 13:05:18,281 RCV reinforcement info
2018-06-12 13:05:18,493 RF found but not transmitted
2018-06-12 13:05:19,829 RCV reinforcement info
2018-06-12 13:05:20,167 RCV reinforcement info
2018-06-12 13:05:20,248 RCV reinforcement info
2018-06-12 13:05:20,656 RCV proposal
2018-06-12 13:05:20,660 appended honest propose 57fb22f717 on top of bb82db6e57
2018-06-12 13:05:20,765 RCV reinforcement
2018-06-12 13:05:20,769 RCV reinforcement
2018-06-12 13:05:20,784 RCV reinforcement
2018-06-12 13:05:21,848 RCV reinforcement info
2018-06-12 13:05:22,026 RCV reinforcement
2018-06-12 13:05:22,140 RF found but not transmitted
2018-06-12 13:05:22,258 RCV reinforcement info
2018-06-12 13:05:22,355 RCV reinforcement
2018-06-12 13:05:22,393 RCV commit
2018-06-12 13:05:22,772 appended honest commit 9c6e927b6f on top of 57fb22f717
2018-06-12 13:05:22,978 Weight: 116.67682709740043 #RFs 31
2018-06-12 13:05:22,979 weight: 116.67682709740043
2018-06-12 13:05:22,979 , 116.67682709740043
2018-06-12 13:05:23,350 RCV proposal
2018-06-12 13:05:23,363 appended malicious propose 05c8d477dc on top of bb82db6e57
2018-06-12 13:05:23,363 REINFORCEMENT SENT state
2018-06-12 13:05:23,365 SNT reinforcement
2018-06-12 13:05:23,651 RCV reinforcement
2018-06-12 13:05:23,879 RCV reinforcement
2018-06-12 13:05:23,941 RCV reinforcement info
2018-06-12 13:05:24,165 RCV reinforcement info
2018-06-12 13:05:24,545 RCV reinforcement info
2018-06-12 13:05:25,096 RCV commit
2018-06-12 13:05:25,282 appended malicious commit 6aad120bc6 on top of 05c8d477dc
2018-06-12 13:05:25,472 Weight: 114.86133372797309 #RFs 22
2018-06-12 13:05:25,472 weight: 114.86133372797309
2018-06-12 13:05:25,472 , 114.86133372797309
2018-06-12 13:05:25,477 MALICIOUS MINING state
2018-06-12 13:05:25,478 start mining - depth 37
2018-06-12 13:05:25,478 start mining - hash 9c6e927b6fd6d994f8e435bdb12cc7e20b671da7135d133c6153b4cead1d6fb4
2018-06-12 13:05:25,479 Hashing frequency: 4194
2018-06-12 13:05:25,576 RCV malicious_prop_agreement
2018-06-12 13:05:25,752 RCV reinforcement info
2018-06-12 13:05:26,314 RF found but not transmitted
2018-06-12 13:05:26,419 RCV reinforcement info
2018-06-12 13:05:28,597 RCV proposal
2018-06-12 13:05:28,600 appended honest propose 0bb35433f6 on top of 9c6e927b6f
2018-06-12 13:05:28,749 RCV reinforcement
2018-06-12 13:05:28,768 RCV reinforcement
2018-06-12 13:05:28,800 RCV reinforcement
2018-06-12 13:05:29,242 RCV reinforcement info
2018-06-12 13:05:29,340 RCV reinforcement
2018-06-12 13:05:30,069 RCV reinforcement info
2018-06-12 13:05:30,190 RCV reinforcement
2018-06-12 13:05:30,329 RCV commit
2018-06-12 13:05:30,346 appended honest commit a9533ceea9 on top of 0bb35433f6
2018-06-12 13:05:30,375 Weight: 118.89970950633545 #RFs 6
2018-06-12 13:05:30,375 weight: 118.89970950633545
2018-06-12 13:05:30,376 , 118.89970950633545
2018-06-12 13:05:30,789 RCV proposal
2018-06-12 13:05:30,792 appended malicious propose 52d2bfa6db on top of 9c6e927b6f
2018-06-12 13:05:30,793 REINFORCEMENT SENT state
2018-06-12 13:05:30,794 SNT reinforcement
2018-06-12 13:05:32,303 RCV commit
2018-06-12 13:05:32,310 appended malicious commit d548520935 on top of 52d2bfa6db
2018-06-12 13:05:32,314 Weight: 117.81204262668805 #RFs 2
2018-06-12 13:05:32,314 weight: 117.81204262668805
2018-06-12 13:05:32,314 , 117.81204262668805
2018-06-12 13:05:32,314 MALICIOUS MINING state
2018-06-12 13:05:32,315 start mining - depth 38
2018-06-12 13:05:32,315 start mining - hash a9533ceea97dc9ce6e6c4f0503a68151a9fa543a3ef6da383905e6dc0543c5d2
2018-06-12 13:05:32,912 RCV reinforcement info
2018-06-12 13:05:34,123 RCV reinforcement info
2018-06-12 13:05:34,163 RCV reinforcement info
2018-06-12 13:05:34,225 RCV reinforcement info
2018-06-12 13:05:34,472 RCV reinforcement info
2018-06-12 13:05:35,748 RF found but not transmitted
2018-06-12 13:05:36,542 RCV reinforcement info
2018-06-12 13:05:40,777 RF found but not transmitted
2018-06-12 13:05:42,169 RF found but not transmitted
2018-06-12 13:05:42,308 RCV reinforcement info
2018-06-12 13:05:42,630 RCV reinforcement info
2018-06-12 13:05:42,722 RCV reinforcement info
2018-06-12 13:05:42,812 RCV reinforcement info
2018-06-12 13:05:43,060 RCV reinforcement info
2018-06-12 13:05:44,718 RCV reinforcement info
2018-06-12 13:05:45,182 RCV malicious_prop_agreement
2018-06-12 13:05:45,730 RCV reinforcement info
2018-06-12 13:05:47,379 RCV reinforcement info
2018-06-12 13:05:47,410 RCV reinforcement info
2018-06-12 13:05:48,323 RCV reinforcement info
2018-06-12 13:05:49,329 RCV reinforcement info
2018-06-12 13:05:52,171 RCV reinforcement info
2018-06-12 13:05:53,685 RCV reinforcement info
2018-06-12 13:05:57,715 RCV reinforcement info
2018-06-12 13:05:58,292 RF found but not transmitted
2018-06-12 13:05:59,475 RF found but not transmitted
2018-06-12 13:05:59,689 RCV reinforcement info
2018-06-12 13:06:00,468 RCV reinforcement info
2018-06-12 13:06:00,947 RCV reinforcement info
2018-06-12 13:06:01,121 RCV reinforcement info
2018-06-12 13:06:01,290 RCV reinforcement info
2018-06-12 13:06:01,316 RF found but not transmitted
2018-06-12 13:06:01,670 RCV proposal
2018-06-12 13:06:01,673 appended honest propose f871743253 on top of a9533ceea9
2018-06-12 13:06:01,804 RCV reinforcement
2018-06-12 13:06:01,809 RCV reinforcement
2018-06-12 13:06:01,845 RCV reinforcement
2018-06-12 13:06:02,337 RCV reinforcement info
2018-06-12 13:06:02,416 RCV reinforcement
2018-06-12 13:06:03,249 RCV commit
2018-06-12 13:06:03,354 appended honest commit 739564702d on top of f871743253
2018-06-12 13:06:03,545 Weight: 124.88072150075317 #RFs 26
2018-06-12 13:06:03,545 weight: 124.88072150075317
2018-06-12 13:06:03,545 , 124.88072150075317
2018-06-12 13:06:03,757 RCV proposal
2018-06-12 13:06:03,761 appended malicious propose 3324e6bab3 on top of a9533ceea9
2018-06-12 13:06:03,762 REINFORCEMENT SENT state
2018-06-12 13:06:03,764 SNT reinforcement
2018-06-12 13:06:04,039 RCV reinforcement
2018-06-12 13:06:04,264 RCV proposal
2018-06-12 13:06:04,267 appended honest propose 6973a02ed7 on top of 739564702d
2018-06-12 13:06:05,283 RCV commit
2018-06-12 13:06:05,432 appended malicious commit dd0c947090 on top of 3324e6bab3
2018-06-12 13:06:05,498 Weight: 124.50407831604576 #RFs 19
2018-06-12 13:06:05,499 weight: 124.50407831604576
2018-06-12 13:06:05,499 , 124.50407831604576
2018-06-12 13:06:05,499 MALICIOUS MINING state
2018-06-12 13:06:05,499 start mining - depth 39
2018-06-12 13:06:05,500 start mining - hash 739564702d585f65c46331f19cec8bd7e4bf8d7173ba195557b91f5e4569b3b4
2018-06-12 13:06:05,810 RCV commit
2018-06-12 13:06:05,810 appended honest commit 193d4cc32a on top of 6973a02ed7
2018-06-12 13:06:05,812 Weight: 125.88072150075317 #RFs 0
2018-06-12 13:06:05,812 weight: 125.88072150075317
2018-06-12 13:06:05,812 , 125.88072150075317
2018-06-12 13:06:05,815 start mining - depth 40
2018-06-12 13:06:05,816 start mining - hash 193d4cc32a0f1305e0f629525da9d856e11310b9f081d0245ada5292f2e8c1b4
2018-06-12 13:06:06,556 RF found but not transmitted
2018-06-12 13:06:09,825 RCV reinforcement info
2018-06-12 13:06:11,239 RCV reinforcement info
2018-06-12 13:06:11,474 RCV reinforcement info
2018-06-12 13:06:12,383 RF found but not transmitted
2018-06-12 13:06:13,403 RCV reinforcement info
2018-06-12 13:06:14,017 RF found but not transmitted
2018-06-12 13:06:15,302 RCV reinforcement info
2018-06-12 13:06:15,671 RCV reinforcement info
2018-06-12 13:06:16,252 RF found but not transmitted
2018-06-12 13:06:18,858 RCV reinforcement info
2018-06-12 13:06:19,614 RCV malicious_prop_agreement
2018-06-12 13:06:19,816 RCV reinforcement info
2018-06-12 13:06:20,695 RCV proposal
2018-06-12 13:06:20,698 appended honest propose 3e69d268b6 on top of 193d4cc32a
2018-06-12 13:06:20,801 RCV reinforcement
2018-06-12 13:06:20,818 RCV reinforcement
2018-06-12 13:06:20,839 RCV reinforcement
2018-06-12 13:06:22,055 RF found but not transmitted
2018-06-12 13:06:22,238 RCV commit
2018-06-12 13:06:22,263 appended honest commit db95d47f1b on top of 3e69d268b6
2018-06-12 13:06:22,305 Weight: 128.99778187099764 #RFs 8
2018-06-12 13:06:22,305 weight: 128.99778187099764
2018-06-12 13:06:22,305 , 128.99778187099764
2018-06-12 13:06:22,468 RCV proposal
2018-06-12 13:06:22,470 appended malicious propose 76a3a1e886 on top of 193d4cc32a
2018-06-12 13:06:22,471 REINFORCEMENT SENT state
2018-06-12 13:06:22,472 SNT reinforcement
2018-06-12 13:06:22,670 RCV reinforcement
2018-06-12 13:06:22,680 RCV reinforcement info
2018-06-12 13:06:23,030 RCV reinforcement
2018-06-12 13:06:23,257 RCV reinforcement info
2018-06-12 13:06:23,895 RF found but not transmitted
2018-06-12 13:06:23,896 SNT reinforcement
2018-06-12 13:06:24,053 RCV commit
2018-06-12 13:06:24,166 appended malicious commit d1e84a5fe5 on top of 76a3a1e886
2018-06-12 13:06:24,189 Weight: 128.0617570244139 #RFs 11
2018-06-12 13:06:24,189 weight: 128.0617570244139
2018-06-12 13:06:24,189 , 128.0617570244139
2018-06-12 13:06:24,189 MALICIOUS MINING state
2018-06-12 13:06:24,189 start mining - depth 41
2018-06-12 13:06:24,190 start mining - hash db95d47f1b32d3bf58c3663b173d6c94c699331ab107f1462ebb9df976e5b22c
2018-06-12 13:06:25,209 RCV reinforcement info
2018-06-12 13:06:25,806 RF found but not transmitted
2018-06-12 13:06:28,788 RCV reinforcement info
2018-06-12 13:06:28,955 RCV reinforcement info
2018-06-12 13:06:29,060 RCV reinforcement info
2018-06-12 13:06:29,963 RCV reinforcement info
2018-06-12 13:06:30,034 RCV reinforcement info
2018-06-12 13:06:30,170 RCV reinforcement info
2018-06-12 13:06:32,851 RCV reinforcement info
2018-06-12 13:06:34,092 RCV reinforcement info
2018-06-12 13:06:34,747 RCV reinforcement info
2018-06-12 13:06:37,039 RCV reinforcement info
2018-06-12 13:06:38,621 RCV malicious_prop_agreement
2018-06-12 13:06:40,790 RCV reinforcement info
2018-06-12 13:06:42,026 RCV reinforcement info
2018-06-12 13:06:42,041 RF found but not transmitted
2018-06-12 13:06:42,088 RCV reinforcement info
2018-06-12 13:06:43,236 RCV reinforcement info
2018-06-12 13:06:44,633 RCV reinforcement info
2018-06-12 13:06:44,997 RCV reinforcement info
2018-06-12 13:06:45,163 RF found but not transmitted
2018-06-12 13:06:45,993 RCV reinforcement info
2018-06-12 13:06:47,020 RCV proposal
2018-06-12 13:06:47,024 appended honest propose 1dbd3edfe3 on top of db95d47f1b
2018-06-12 13:06:47,124 RCV reinforcement
2018-06-12 13:06:47,152 RCV reinforcement
2018-06-12 13:06:47,168 RCV reinforcement
2018-06-12 13:06:47,848 RF found but not transmitted
2018-06-12 13:06:48,612 RCV commit
2018-06-12 13:06:48,732 appended honest commit 2aaa007961 on top of 1dbd3edfe3
2018-06-12 13:06:49,006 Weight: 132.6816114183689 #RFs 20
2018-06-12 13:06:49,006 weight: 132.6816114183689
2018-06-12 13:06:49,006 , 132.6816114183689
2018-06-12 13:06:49,168 RCV reinforcement info
2018-06-12 13:06:49,381 RCV proposal
2018-06-12 13:06:49,384 appended malicious propose 81b99395a5 on top of db95d47f1b
2018-06-12 13:06:49,385 REINFORCEMENT SENT state
2018-06-12 13:06:49,386 SNT reinforcement
2018-06-12 13:06:49,549 RCV reinforcement
2018-06-12 13:06:49,694 RCV reinforcement info
2018-06-12 13:06:50,877 RCV commit
2018-06-12 13:06:50,913 appended malicious commit 7eff740893 on top of 81b99395a5
2018-06-12 13:06:50,939 Weight: 132.21160240767725 #RFs 9
2018-06-12 13:06:50,939 weight: 132.21160240767725
2018-06-12 13:06:50,939 , 132.21160240767725
2018-06-12 13:06:50,940 MALICIOUS MINING state
2018-06-12 13:06:50,940 start mining - depth 42
2018-06-12 13:06:50,942 start mining - hash 2aaa007961d78082a0d9db4e76ac7e4305f7251db90cd23ae8bcd06053e9f5d7
2018-06-12 13:06:50,943 Hashing frequency: 4407
2018-06-12 13:06:51,233 RF found but not transmitted
2018-06-12 13:06:52,644 RF found but not transmitted
2018-06-12 13:06:54,136 RCV reinforcement info
2018-06-12 13:06:56,652 RF found but not transmitted
2018-06-12 13:06:58,298 RCV reinforcement info
2018-06-12 13:06:58,388 RCV reinforcement info
2018-06-12 13:06:58,558 RCV proposal
2018-06-12 13:06:58,561 appended honest propose 212c121368 on top of 2aaa007961
2018-06-12 13:06:58,686 RCV reinforcement
2018-06-12 13:06:58,738 RCV reinforcement
2018-06-12 13:06:58,754 RCV reinforcement
2018-06-12 13:06:58,946 RF found but not transmitted
2018-06-12 13:07:00,112 RCV commit
2018-06-12 13:07:00,146 appended honest commit 8217ec1645 on top of 212c121368
2018-06-12 13:07:00,163 Weight: 134.2133953854934 #RFs 5
2018-06-12 13:07:00,163 weight: 134.2133953854934
2018-06-12 13:07:00,163 , 134.2133953854934
2018-06-12 13:07:00,165 start mining - depth 43
2018-06-12 13:07:00,165 start mining - hash 8217ec1645c7b0f931d239ec94a60303769378f313b9e4cc76bbc22bbe563cb1
2018-06-12 13:07:00,436 RCV reinforcement info
2018-06-12 13:07:00,531 RCV reinforcement info
2018-06-12 13:07:00,840 RCV reinforcement info
2018-06-12 13:07:01,413 RCV reinforcement info
2018-06-12 13:07:01,936 RCV proposal
2018-06-12 13:07:01,939 appended honest propose 6c3d5ac778 on top of 8217ec1645
2018-06-12 13:07:02,022 RCV reinforcement
2018-06-12 13:07:03,447 RCV commit
2018-06-12 13:07:03,466 appended honest commit a4bc12bf9e on top of 6c3d5ac778
2018-06-12 13:07:03,474 Weight: 136.09294346247316 #RFs 4
2018-06-12 13:07:03,474 weight: 136.09294346247316
2018-06-12 13:07:03,474 , 136.09294346247316
2018-06-12 13:07:03,475 start mining - depth 44
2018-06-12 13:07:03,475 start mining - hash a4bc12bf9edcf47a30f24c16b2a739afb6bfb2119ad304e8019b53be2d535f92
2018-06-12 13:07:03,891 RCV reinforcement info
2018-06-12 13:07:04,315 RCV reinforcement info
2018-06-12 13:07:04,370 RCV reinforcement info
2018-06-12 13:07:05,422 RF found but not transmitted
2018-06-12 13:07:08,533 RCV reinforcement info
2018-06-12 13:07:09,707 RCV malicious_prop_agreement
2018-06-12 13:07:11,964 RF found but not transmitted
2018-06-12 13:07:12,357 RCV reinforcement info
2018-06-12 13:07:12,617 RCV reinforcement info
2018-06-12 13:07:12,666 RCV reinforcement info
2018-06-12 13:07:14,440 RCV reinforcement info
2018-06-12 13:07:16,734 RCV reinforcement info
2018-06-12 13:07:16,842 RF found but not transmitted
2018-06-12 13:07:17,914 RCV reinforcement info
2018-06-12 13:07:19,046 RF found but not transmitted
2018-06-12 13:07:19,216 RF found but not transmitted
2018-06-12 13:07:19,290 RCV reinforcement info
2018-06-12 13:07:19,573 RF found but not transmitted
2018-06-12 13:07:19,595 RCV reinforcement info
2018-06-12 13:07:21,970 RCV reinforcement info
2018-06-12 13:07:22,725 RF found but not transmitted
2018-06-12 13:07:25,817 RCV reinforcement info
2018-06-12 13:07:26,695 RCV reinforcement info
2018-06-12 13:07:26,706 RF found but not transmitted
2018-06-12 13:07:27,325 RCV reinforcement info
2018-06-12 13:07:28,197 RCV reinforcement info
2018-06-12 13:07:29,958 RCV reinforcement info
2018-06-12 13:07:30,158 RF found but not transmitted
2018-06-12 13:07:31,781 RCV reinforcement info
2018-06-12 13:07:32,014 RCV reinforcement info
2018-06-12 13:07:33,316 RF found but not transmitted
2018-06-12 13:07:33,762 RCV reinforcement info
