2018-06-10 17:03:43,931 ---------------------------------------------------------
2018-06-10 17:03:43,933 PURE BLOCKCHAIN state
2018-06-10 17:03:44,958 start mining - depth 0
2018-06-10 17:03:44,960 start mining - hash d59ff881ac2953e0a4f6d9155f942c2a15f2644185b3adb02bc654b8866ea0c8
2018-06-10 17:03:47,547 RF found but not transmitted
2018-06-10 17:03:47,821 RF found but not transmitted
2018-06-10 17:04:01,323 RF found but not transmitted
2018-06-10 17:04:02,077 RF found but not transmitted
2018-06-10 17:04:02,774 RCV proposal_commit
2018-06-10 17:04:02,776 appended honest propose 67810e2346 on top of d59ff881ac
2018-06-10 17:04:02,777 appended honest commit 733aecde62 on top of 67810e2346
2018-06-10 17:04:02,777 weight: 1
2018-06-10 17:04:02,777 , 1
2018-06-10 17:04:02,777 start mining - depth 1
2018-06-10 17:04:02,777 start mining - hash 733aecde62bd490795dde6ced35e1620f2779e40accf048d60b2fb1e8e611748
2018-06-10 17:04:05,862 RF found but not transmitted
2018-06-10 17:04:09,226 RF found but not transmitted
2018-06-10 17:04:13,372 RF found but not transmitted
2018-06-10 17:04:14,142 RCV proposal_commit
2018-06-10 17:04:14,145 appended honest propose 3786e1b57b on top of 733aecde62
2018-06-10 17:04:14,145 appended honest commit 356b3ba17a on top of 3786e1b57b
2018-06-10 17:04:14,145 weight: 2
2018-06-10 17:04:14,145 , 2
2018-06-10 17:04:14,146 start mining - depth 2
2018-06-10 17:04:14,146 start mining - hash 356b3ba17af1ba35df799b0887af60fd011fbb05303b7e8f45f8729220e5e811
2018-06-10 17:04:16,165 RF found but not transmitted
2018-06-10 17:04:21,473 RF found but not transmitted
2018-06-10 17:04:37,271 RF found but not transmitted
2018-06-10 17:04:40,541 RF found but not transmitted
2018-06-10 17:04:40,542 hash found
2018-06-10 17:04:40,547 appended honest propose 2856e072da on top of 356b3ba17a
2018-06-10 17:04:40,548 appended honest commit c21f9417af on top of 2856e072da
2018-06-10 17:04:40,548 weight: 3
2018-06-10 17:04:40,548 , 3
2018-06-10 17:04:40,549 SNT proposal_commit
2018-06-10 17:04:40,607 start mining - depth 3
2018-06-10 17:04:40,607 start mining - hash c21f9417aff670e78947617885ffa0d4bd1829d8ad586fdf91203d7c6093581a
2018-06-10 17:04:43,984 RF found but not transmitted
2018-06-10 17:04:43,985 hash found
2018-06-10 17:04:43,989 appended honest propose 602a1e3303 on top of c21f9417af
2018-06-10 17:04:43,989 appended honest commit 7edfd7837d on top of 602a1e3303
2018-06-10 17:04:43,989 weight: 4
2018-06-10 17:04:43,989 , 4
2018-06-10 17:04:43,989 SNT proposal_commit
2018-06-10 17:04:44,059 start mining - depth 4
2018-06-10 17:04:44,059 start mining - hash 7edfd7837d56ea0ba39d0066dc45f1b3f4d2a1438cfc37f43e315f2c3e03da8c
2018-06-10 17:04:44,060 Hashing frequency: 3212
2018-06-10 17:04:49,935 RCV proposal_commit
2018-06-10 17:04:49,937 appended honest propose e4e6cc2275 on top of 7edfd7837d
2018-06-10 17:04:49,937 appended honest commit 1a5fdff502 on top of e4e6cc2275
2018-06-10 17:04:49,938 weight: 5
2018-06-10 17:04:49,938 , 5
2018-06-10 17:04:49,938 start mining - depth 5
2018-06-10 17:04:49,938 start mining - hash 1a5fdff5022b02c086b02e34f6cffd3a981976137c28752094cc0bbf49204406
2018-06-10 17:04:52,248 RF found but not transmitted
2018-06-10 17:04:54,641 RF found but not transmitted
2018-06-10 17:04:55,651 RCV proposal_commit
2018-06-10 17:04:55,653 appended malicious propose 93ee1a1858 on top of c21f9417af
2018-06-10 17:04:55,654 appended malicious commit a0044461e1 on top of 93ee1a1858
2018-06-10 17:04:55,654 weight: 4
2018-06-10 17:04:55,654 , 4
2018-06-10 17:04:57,656 RCV proposal_commit
2018-06-10 17:04:57,658 appended malicious propose b471caca50 on top of a0044461e1
2018-06-10 17:04:57,659 appended malicious commit 2824fe8d89 on top of b471caca50
2018-06-10 17:04:57,659 weight: 5
2018-06-10 17:04:57,659 , 5
2018-06-10 17:04:57,984 RF found but not transmitted
2018-06-10 17:05:00,282 RF found but not transmitted
2018-06-10 17:05:02,037 RCV proposal_commit
2018-06-10 17:05:02,040 appended honest propose c9600d692a on top of 1a5fdff502
2018-06-10 17:05:02,040 appended honest commit 32c10846db on top of c9600d692a
2018-06-10 17:05:02,040 weight: 6
2018-06-10 17:05:02,040 , 6
2018-06-10 17:05:02,041 start mining - depth 6
2018-06-10 17:05:02,041 start mining - hash 32c10846dbcb357b6a15b2dc7b99c65757f370561e817019f81b11848c552bec
2018-06-10 17:05:02,946 RF found but not transmitted
2018-06-10 17:05:04,166 RF found but not transmitted
2018-06-10 17:05:05,221 RCV proposal_commit
2018-06-10 17:05:05,223 appended honest propose a0eb2bf951 on top of 32c10846db
2018-06-10 17:05:05,223 appended honest commit 7bced26820 on top of a0eb2bf951
2018-06-10 17:05:05,223 weight: 7
2018-06-10 17:05:05,224 , 7
2018-06-10 17:05:05,224 start mining - depth 7
2018-06-10 17:05:05,224 start mining - hash 7bced2682051cfef8bfadd1fec3c533be8301d6b1142db0fca518445d8f7fd6a
2018-06-10 17:05:06,767 RCV proposal_commit
2018-06-10 17:05:06,771 appended malicious propose b5acc48051 on top of 2824fe8d89
2018-06-10 17:05:06,772 appended malicious commit 0e4df75a2b on top of b5acc48051
2018-06-10 17:05:06,772 weight: 6
2018-06-10 17:05:06,772 , 6
2018-06-10 17:05:06,858 RCV proposal_commit
2018-06-10 17:05:06,861 appended malicious propose 67225d3e28 on top of 0e4df75a2b
2018-06-10 17:05:06,861 appended malicious commit d8e482d64d on top of 67225d3e28
2018-06-10 17:05:06,861 weight: 7
2018-06-10 17:05:06,861 , 7
2018-06-10 17:05:08,455 RF found but not transmitted
2018-06-10 17:05:10,283 RF found but not transmitted
2018-06-10 17:05:14,649 RCV proposal_commit
2018-06-10 17:05:14,651 appended malicious propose 017b5524b0 on top of d8e482d64d
2018-06-10 17:05:14,652 appended malicious commit 4c09c5ff24 on top of 017b5524b0
2018-06-10 17:05:14,652 weight: 8
2018-06-10 17:05:14,652 , 8
2018-06-10 17:05:14,652 start mining - depth 8
2018-06-10 17:05:14,653 start mining - hash 4c09c5ff24a9d55cce0909c08a6623d3131611d3f9194b2498448c38725e5181
2018-06-10 17:05:14,653 END: MALICIOUS WIN
2018-06-10 17:05:14,706 RCV proposal_commit
2018-06-10 17:05:14,709 appended malicious propose e3207e7843 on top of d8e482d64d
2018-06-10 17:05:14,710 appended malicious commit 09968e12ee on top of e3207e7843
2018-06-10 17:05:14,710 weight: 8
2018-06-10 17:05:14,710 , 8
2018-06-10 17:05:17,657 RF found but not transmitted
2018-06-10 17:05:58,593 ---------------------------------------------------------
2018-06-10 17:05:58,597 PURE BLOCKCHAIN state
2018-06-10 17:05:59,622 start mining - depth 0
2018-06-10 17:05:59,623 start mining - hash d8a17ac59bffbcbc57c6836fe0c741ed4a63febe12d2ff694442a2072b17d120
2018-06-10 17:06:01,324 RF found but not transmitted
2018-06-10 17:06:07,291 RF found but not transmitted
2018-06-10 17:06:15,865 RF found but not transmitted
2018-06-10 17:06:26,061 RF found but not transmitted
2018-06-10 17:06:30,109 RF found but not transmitted
2018-06-10 17:06:30,110 hash found
2018-06-10 17:06:30,112 appended honest propose d73c25e56c on top of d8a17ac59b
2018-06-10 17:06:30,112 appended honest commit d090298589 on top of d73c25e56c
2018-06-10 17:06:30,112 weight: 1
2018-06-10 17:06:30,112 , 1
2018-06-10 17:06:30,115 SNT proposal_commit
2018-06-10 17:06:30,186 start mining - depth 1
2018-06-10 17:06:30,186 start mining - hash d090298589fd374f437b7fa5a125a31c3ea360160a1d511f69a542d72dfdd4a9
2018-06-10 17:06:32,886 RF found but not transmitted
2018-06-10 17:06:35,302 RF found but not transmitted
2018-06-10 17:06:35,855 RCV proposal_commit
2018-06-10 17:06:35,860 appended honest propose 15aae17232 on top of d090298589
2018-06-10 17:06:35,860 appended honest commit 9dc87763a3 on top of 15aae17232
2018-06-10 17:06:35,861 weight: 2
2018-06-10 17:06:35,862 , 2
2018-06-10 17:06:35,862 start mining - depth 2
2018-06-10 17:06:35,862 start mining - hash 9dc87763a339a20f57fbf990d9475ee35dc145d42c511a5fde33f931d02fac87
2018-06-10 17:06:36,008 RF found but not transmitted
2018-06-10 17:06:36,202 RF found but not transmitted
2018-06-10 17:06:36,780 RF found but not transmitted
2018-06-10 17:06:39,144 RF found but not transmitted
2018-06-10 17:06:42,262 RF found but not transmitted
2018-06-10 17:06:46,277 RF found but not transmitted
2018-06-10 17:06:46,847 RF found but not transmitted
2018-06-10 17:06:48,700 RF found but not transmitted
2018-06-10 17:06:49,462 RCV proposal_commit
2018-06-10 17:06:49,465 appended malicious propose ab7441296d on top of d090298589
2018-06-10 17:06:49,466 appended malicious commit 10ce04c605 on top of ab7441296d
2018-06-10 17:06:49,466 weight: 2
2018-06-10 17:06:49,466 , 2
2018-06-10 17:06:49,738 RF found but not transmitted
2018-06-10 17:06:51,924 RCV proposal_commit
2018-06-10 17:06:51,927 appended honest propose 796deee456 on top of 9dc87763a3
2018-06-10 17:06:51,927 appended honest commit 969747201b on top of 796deee456
2018-06-10 17:06:51,928 weight: 3
2018-06-10 17:06:51,928 , 3
2018-06-10 17:06:51,930 start mining - depth 3
2018-06-10 17:06:51,931 start mining - hash 969747201b1e8314b6195a584148210d24c4ad7b9e22875cc16a515a5de3a92d
2018-06-10 17:06:56,883 RF found but not transmitted
2018-06-10 17:06:56,886 hash found
2018-06-10 17:06:56,890 appended honest propose 00fa4f0cec on top of 969747201b
2018-06-10 17:06:56,891 appended honest commit 3ca2b46c87 on top of 00fa4f0cec
2018-06-10 17:06:56,891 weight: 4
2018-06-10 17:06:56,891 , 4
2018-06-10 17:06:56,891 SNT proposal_commit
2018-06-10 17:06:56,944 start mining - depth 4
2018-06-10 17:06:56,945 start mining - hash 3ca2b46c87e6c8c0f1ec739dea60b853b177d2cefc72de997718319628c3872d
2018-06-10 17:06:59,519 RCV proposal_commit
2018-06-10 17:06:59,522 appended malicious propose f17c01631d on top of 10ce04c605
2018-06-10 17:06:59,522 appended malicious commit 0ff48d7333 on top of f17c01631d
2018-06-10 17:06:59,522 weight: 3
2018-06-10 17:06:59,522 , 3
2018-06-10 17:07:04,029 RCV proposal_commit
2018-06-10 17:07:04,037 appended malicious propose fb0a025fb1 on top of 0ff48d7333
2018-06-10 17:07:04,038 appended malicious commit b5a13c364d on top of fb0a025fb1
2018-06-10 17:07:04,038 weight: 4
2018-06-10 17:07:04,038 , 4
2018-06-10 17:07:08,643 RF found but not transmitted
2018-06-10 17:07:16,445 RCV proposal_commit
2018-06-10 17:07:16,450 appended malicious propose 703d761294 on top of b5a13c364d
2018-06-10 17:07:16,450 appended malicious commit 3a9c182538 on top of 703d761294
2018-06-10 17:07:16,450 weight: 5
2018-06-10 17:07:16,451 , 5
2018-06-10 17:07:16,451 start mining - depth 5
2018-06-10 17:07:16,451 start mining - hash 3a9c1825386a91de718f0936fe16a2524a9f0c4ccb423da8611ec5031bafe8dc
2018-06-10 17:07:16,452 END: MALICIOUS WIN
2018-06-10 17:07:16,452 Hashing frequency: 4219
2018-06-10 17:07:16,694 RF found but not transmitted
2018-06-10 17:07:31,958 ---------------------------------------------------------
2018-06-10 17:07:31,959 PURE BLOCKCHAIN state
2018-06-10 17:07:33,007 start mining - depth 0
2018-06-10 17:07:33,008 start mining - hash 58ade29b92876c2a847b75f3cd4dcbd9c52d323dd92946f8ca2e99c35155addd
2018-06-10 17:07:36,402 RF found but not transmitted
2018-06-10 17:07:46,746 RF found but not transmitted
2018-06-10 17:07:47,725 RF found but not transmitted
2018-06-10 17:07:48,715 RF found but not transmitted
2018-06-10 17:07:49,435 RF found but not transmitted
2018-06-10 17:07:51,041 RCV proposal_commit
2018-06-10 17:07:51,043 appended honest propose 08546c2ff7 on top of 58ade29b92
2018-06-10 17:07:51,044 appended honest commit 7b307a4c48 on top of 08546c2ff7
2018-06-10 17:07:51,044 weight: 1
2018-06-10 17:07:51,045 , 1
2018-06-10 17:07:51,049 start mining - depth 1
2018-06-10 17:07:51,049 start mining - hash 7b307a4c48f5ae2ea77301de71d22869d70506d22d4b56b7798480f45d388e33
2018-06-10 17:07:51,451 RF found but not transmitted
2018-06-10 17:07:54,975 RF found but not transmitted
2018-06-10 17:07:55,592 RF found but not transmitted
2018-06-10 17:07:56,130 RF found but not transmitted
2018-06-10 17:07:59,304 RF found but not transmitted
2018-06-10 17:08:00,140 RF found but not transmitted
2018-06-10 17:08:08,439 RCV proposal_commit
2018-06-10 17:08:08,441 appended honest propose aa78ba4926 on top of 7b307a4c48
2018-06-10 17:08:08,442 appended honest commit 871133fa4f on top of aa78ba4926
2018-06-10 17:08:08,442 weight: 2
2018-06-10 17:08:08,442 , 2
2018-06-10 17:08:08,443 start mining - depth 2
2018-06-10 17:08:08,443 start mining - hash 871133fa4f7cf1a0bc3bb21bb36cb41b46b37283814055095111ae3753f01760
2018-06-10 17:08:15,402 RF found but not transmitted
2018-06-10 17:08:17,993 RF found but not transmitted
2018-06-10 17:08:18,211 RF found but not transmitted
2018-06-10 17:08:21,258 RF found but not transmitted
2018-06-10 17:08:23,432 RF found but not transmitted
2018-06-10 17:08:29,733 RF found but not transmitted
2018-06-10 17:08:30,777 RCV proposal_commit
2018-06-10 17:08:30,780 appended malicious propose b8e3ce4a05 on top of 871133fa4f
2018-06-10 17:08:30,781 appended malicious commit 0d355bb1f1 on top of b8e3ce4a05
2018-06-10 17:08:30,781 weight: 3
2018-06-10 17:08:30,781 , 3
2018-06-10 17:08:30,782 start mining - depth 3
2018-06-10 17:08:30,782 start mining - hash 0d355bb1f17499c6daa6fcc2cd6a995610e57ba919c65ee1b8bb40538d8f5e63
2018-06-10 17:08:30,783 END: MALICIOUS WIN
2018-06-10 17:08:32,839 RCV proposal_commit
2018-06-10 17:08:32,842 appended malicious propose c5681f17d2 on top of 0d355bb1f1
2018-06-10 17:08:32,842 appended malicious commit e7b51b057e on top of c5681f17d2
2018-06-10 17:08:32,842 weight: 4
2018-06-10 17:08:32,842 , 4
2018-06-10 17:08:32,842 start mining - depth 4
2018-06-10 17:08:32,843 start mining - hash e7b51b057eb0c08ae8170d07cce34673d0b623dc3d2697df9c734548a88d0fca
2018-06-10 17:08:32,844 END: MALICIOUS WIN
2018-06-10 17:08:32,844 Hashing frequency: 3290
2018-06-10 17:08:43,905 ---------------------------------------------------------
2018-06-10 17:08:43,906 PURE BLOCKCHAIN state
2018-06-10 17:08:44,943 start mining - depth 0
2018-06-10 17:08:44,944 start mining - hash 3881de8f928d27e9987c8ed4fbd14bbea25cc8aafd899678d3fb8740bddf0c4b
2018-06-10 17:09:00,818 RF found but not transmitted
2018-06-10 17:09:05,439 RF found but not transmitted
2018-06-10 17:09:08,768 RF found but not transmitted
2018-06-10 17:09:08,770 hash found
2018-06-10 17:09:08,773 appended honest propose 207a6da90b on top of 3881de8f92
2018-06-10 17:09:08,773 appended honest commit 85a7896a57 on top of 207a6da90b
2018-06-10 17:09:08,774 weight: 1
2018-06-10 17:09:08,774 , 1
2018-06-10 17:09:08,776 SNT proposal_commit
2018-06-10 17:09:08,854 start mining - depth 1
2018-06-10 17:09:08,854 start mining - hash 85a7896a5760456daa3ec7bda6771eb328170395f4dade6e12148a3fd1402783
2018-06-10 17:09:13,446 RF found but not transmitted
2018-06-10 17:09:16,373 RF found but not transmitted
2018-06-10 17:09:19,128 RF found but not transmitted
2018-06-10 17:09:21,823 RF found but not transmitted
2018-06-10 17:09:22,838 RF found but not transmitted
2018-06-10 17:09:29,072 RF found but not transmitted
2018-06-10 17:09:36,782 RF found but not transmitted
2018-06-10 17:09:36,929 RF found but not transmitted
2018-06-10 17:09:37,958 RCV proposal_commit
2018-06-10 17:09:37,961 appended honest propose 9a00733cfc on top of 85a7896a57
2018-06-10 17:09:37,962 appended honest commit 56ea4c6797 on top of 9a00733cfc
2018-06-10 17:09:37,962 weight: 2
2018-06-10 17:09:37,962 , 2
2018-06-10 17:09:37,965 start mining - depth 2
2018-06-10 17:09:37,966 start mining - hash 56ea4c6797d714f74a682f1add34dca6c912cf5297ba4e8c265b677a0f70c7fa
2018-06-10 17:09:38,688 RCV proposal_commit
2018-06-10 17:09:38,693 appended malicious propose 5aad021221 on top of 85a7896a57
2018-06-10 17:09:38,694 appended malicious commit 3cceb22665 on top of 5aad021221
2018-06-10 17:09:38,694 weight: 2
2018-06-10 17:09:38,705 , 2
2018-06-10 17:09:39,188 RF found but not transmitted
2018-06-10 17:09:39,208 RF found but not transmitted
2018-06-10 17:09:39,632 RF found but not transmitted
2018-06-10 17:09:41,613 RCV proposal_commit
2018-06-10 17:09:41,615 appended malicious propose c5cc1c2f35 on top of 3cceb22665
2018-06-10 17:09:41,616 appended malicious commit 3a57546d7f on top of c5cc1c2f35
2018-06-10 17:09:41,616 weight: 3
2018-06-10 17:09:41,618 , 3
2018-06-10 17:09:41,618 start mining - depth 3
2018-06-10 17:09:41,619 start mining - hash 3a57546d7fc9375deb54bc48728652c3ffa96b76aaf66a6db79a3592de2ef6fb
2018-06-10 17:09:41,619 END: MALICIOUS WIN
2018-06-10 17:09:42,108 RF found but not transmitted
2018-06-10 17:09:43,323 RF found but not transmitted
2018-06-10 17:09:54,456 ---------------------------------------------------------
2018-06-10 17:09:54,470 PURE BLOCKCHAIN state
2018-06-10 17:09:55,496 start mining - depth 0
2018-06-10 17:09:55,496 start mining - hash 513ee25902f2a70428a26f6880400117445afa0dd9ece88a1b949632820abf72
2018-06-10 17:09:56,179 RF found but not transmitted
2018-06-10 17:09:57,658 RF found but not transmitted
2018-06-10 17:10:00,479 RF found but not transmitted
2018-06-10 17:10:00,961 RF found but not transmitted
2018-06-10 17:10:06,282 RF found but not transmitted
2018-06-10 17:10:12,684 RF found but not transmitted
2018-06-10 17:10:12,686 hash found
2018-06-10 17:10:12,688 appended honest propose de4ded28ee on top of 513ee25902
2018-06-10 17:10:12,688 appended honest commit 865a22bcbc on top of de4ded28ee
2018-06-10 17:10:12,688 weight: 1
2018-06-10 17:10:12,689 , 1
2018-06-10 17:10:12,691 SNT proposal_commit
2018-06-10 17:10:12,775 start mining - depth 1
2018-06-10 17:10:12,777 start mining - hash 865a22bcbcb8f0330f964c3459e26f8bf1449376ba939d0298a3bbfed420e350
2018-06-10 17:10:13,243 RF found but not transmitted
2018-06-10 17:10:15,217 RF found but not transmitted
2018-06-10 17:10:29,913 RF found but not transmitted
2018-06-10 17:10:40,440 RF found but not transmitted
2018-06-10 17:10:54,552 RCV proposal_commit
2018-06-10 17:10:54,554 appended honest propose 0003e9705e on top of 865a22bcbc
2018-06-10 17:10:54,555 appended honest commit a5187177ea on top of 0003e9705e
2018-06-10 17:10:54,555 weight: 2
2018-06-10 17:10:54,555 , 2
2018-06-10 17:10:54,558 start mining - depth 2
2018-06-10 17:10:54,558 start mining - hash a5187177eadf5fdd4822a33a0f8fe8e8f57fc58756f46afa33e7f69bfb7e5d43
2018-06-10 17:10:54,566 Hashing frequency: 3224
2018-06-10 17:10:54,743 RF found but not transmitted
2018-06-10 17:10:56,376 RF found but not transmitted
2018-06-10 17:11:17,595 RCV proposal_commit
2018-06-10 17:11:17,601 appended malicious propose 568866f2d5 on top of a5187177ea
2018-06-10 17:11:17,602 appended malicious commit 4730979624 on top of 568866f2d5
2018-06-10 17:11:17,602 weight: 3
2018-06-10 17:11:17,602 , 3
2018-06-10 17:11:17,605 start mining - depth 3
2018-06-10 17:11:17,605 start mining - hash 47309796244e1b18fe1669c50750537588720c58908278e90d31b7f919854beb
2018-06-10 17:11:17,606 END: MALICIOUS WIN
2018-06-10 17:11:29,660 ---------------------------------------------------------
2018-06-10 17:11:29,682 PURE BLOCKCHAIN state
2018-06-10 17:11:30,703 start mining - depth 0
2018-06-10 17:11:30,707 start mining - hash ee156abbecbdcae02244a4f4e019af7e9bc19a570976efa9f7926cca3ab8a6b9
2018-06-10 17:11:35,920 RF found but not transmitted
2018-06-10 17:11:46,726 RF found but not transmitted
2018-06-10 17:11:46,729 hash found
2018-06-10 17:11:46,731 appended honest propose 669a8a4f3d on top of ee156abbec
2018-06-10 17:11:46,732 appended honest commit 09a0b8c1fb on top of 669a8a4f3d
2018-06-10 17:11:46,732 weight: 1
2018-06-10 17:11:46,732 , 1
2018-06-10 17:11:46,734 SNT proposal_commit
2018-06-10 17:11:46,807 start mining - depth 1
2018-06-10 17:11:46,807 start mining - hash 09a0b8c1fb54c73520a80a8dd618a32d16c31c79e77dffe98c75cd2e81e18303
2018-06-10 17:11:46,995 RF found but not transmitted
2018-06-10 17:11:47,915 RF found but not transmitted
2018-06-10 17:11:54,070 RF found but not transmitted
2018-06-10 17:11:54,575 RF found but not transmitted
2018-06-10 17:11:55,537 RF found but not transmitted
2018-06-10 17:11:55,538 hash found
2018-06-10 17:11:55,542 appended honest propose 6b6d0c415d on top of 09a0b8c1fb
2018-06-10 17:11:55,543 appended honest commit 8a579e9c34 on top of 6b6d0c415d
2018-06-10 17:11:55,543 weight: 2
2018-06-10 17:11:55,543 , 2
2018-06-10 17:11:55,546 SNT proposal_commit
2018-06-10 17:11:55,604 start mining - depth 2
2018-06-10 17:11:55,604 start mining - hash 8a579e9c344a31432374b851bada8b8224304d3a50f7ddd21a4874a5831baa55
2018-06-10 17:11:56,935 RCV proposal_commit
2018-06-10 17:11:56,938 appended malicious propose 63865b7eac on top of 09a0b8c1fb
2018-06-10 17:11:56,938 appended malicious commit 0697c70819 on top of 63865b7eac
2018-06-10 17:11:56,938 weight: 2
2018-06-10 17:11:56,939 , 2
2018-06-10 17:12:07,185 RCV proposal_commit
2018-06-10 17:12:07,188 appended malicious propose a9623077c5 on top of 0697c70819
2018-06-10 17:12:07,188 appended malicious commit a06221cef9 on top of a9623077c5
2018-06-10 17:12:07,189 weight: 3
2018-06-10 17:12:07,189 , 3
2018-06-10 17:12:07,189 start mining - depth 3
2018-06-10 17:12:07,189 start mining - hash a06221cef95f893f78ae11267cf02fccb4d8900832a73da09ffaafc5b282e3b3
2018-06-10 17:12:07,189 END: MALICIOUS WIN
2018-06-10 17:12:10,808 RCV proposal_commit
2018-06-10 17:12:10,810 appended malicious propose 22e75091b4 on top of a06221cef9
2018-06-10 17:12:10,811 appended malicious commit ea96de5d99 on top of 22e75091b4
2018-06-10 17:12:10,811 weight: 4
2018-06-10 17:12:10,811 , 4
2018-06-10 17:12:10,811 start mining - depth 4
2018-06-10 17:12:10,811 start mining - hash ea96de5d991bb692e44754b82c772cfc764e70dc9049a3edbe642ecf235f3920
2018-06-10 17:12:10,811 END: MALICIOUS WIN
2018-06-10 17:12:22,943 RF found but not transmitted
2018-06-10 17:12:23,386 RCV proposal_commit
2018-06-10 17:12:23,388 appended malicious propose 64ec11597a on top of ea96de5d99
2018-06-10 17:12:23,388 appended malicious commit 8af9e4d1be on top of 64ec11597a
2018-06-10 17:12:23,389 weight: 5
2018-06-10 17:12:23,389 , 5
2018-06-10 17:12:23,389 start mining - depth 5
2018-06-10 17:12:23,389 start mining - hash 8af9e4d1be259fc3b5f2332ff2721898704008b00e7c1fc095d5e3229f54aca7
2018-06-10 17:12:23,394 END: MALICIOUS WIN
2018-06-10 17:12:27,090 RCV proposal_commit
2018-06-10 17:12:27,093 appended malicious propose d4abad62df on top of 8af9e4d1be
2018-06-10 17:12:27,093 appended malicious commit 24f5e05355 on top of d4abad62df
2018-06-10 17:12:27,093 weight: 6
2018-06-10 17:12:27,093 , 6
2018-06-10 17:12:27,094 start mining - depth 6
2018-06-10 17:12:27,094 start mining - hash 24f5e0535534e2f3210b04a6dd672bdb662c64239ce4a858894fcf82d52add1c
2018-06-10 17:12:27,094 END: MALICIOUS WIN
2018-06-10 17:12:27,379 RF found but not transmitted
2018-06-10 17:12:41,946 ---------------------------------------------------------
2018-06-10 17:12:41,951 PURE BLOCKCHAIN state
2018-06-10 17:12:42,960 start mining - depth 0
2018-06-10 17:12:42,961 start mining - hash 03b365381d3532e2e27813c3f63a6354b89477159fe38b4d84e7677fab09fad9
2018-06-10 17:12:43,084 RCV proposal_commit
2018-06-10 17:12:43,086 appended honest propose 8fffddd765 on top of 03b365381d
2018-06-10 17:12:43,086 appended honest commit 54d688a136 on top of 8fffddd765
2018-06-10 17:12:43,086 weight: 1
2018-06-10 17:12:43,086 , 1
2018-06-10 17:12:43,090 start mining - depth 1
2018-06-10 17:12:43,090 start mining - hash 54d688a136746afc91c82c1559ab5f538848a610b44367c5ec6eaba9c0d90d5b
2018-06-10 17:12:48,900 RF found but not transmitted
2018-06-10 17:12:48,901 hash found
2018-06-10 17:12:48,906 appended honest propose 03616d0627 on top of 54d688a136
2018-06-10 17:12:48,906 appended honest commit 67de318dc9 on top of 03616d0627
2018-06-10 17:12:48,906 weight: 2
2018-06-10 17:12:48,906 , 2
2018-06-10 17:12:48,907 SNT proposal_commit
2018-06-10 17:12:48,960 start mining - depth 2
2018-06-10 17:12:48,960 start mining - hash 67de318dc92496515cc8d0fce7e4a6fdf14536e8403d8066fad0bd7817bde8ab
2018-06-10 17:12:51,737 RF found but not transmitted
2018-06-10 17:12:52,353 RF found but not transmitted
2018-06-10 17:12:59,507 RCV proposal_commit
2018-06-10 17:12:59,512 appended honest propose 0583c9da3b on top of 67de318dc9
2018-06-10 17:12:59,512 appended honest commit 5f7818cb6c on top of 0583c9da3b
2018-06-10 17:12:59,512 weight: 3
2018-06-10 17:12:59,512 , 3
2018-06-10 17:12:59,515 start mining - depth 3
2018-06-10 17:12:59,515 start mining - hash 5f7818cb6cdee2910cd6c817c771caee10f561212e8cf7f95df6f3e1ea2f3639
2018-06-10 17:13:04,616 RF found but not transmitted
2018-06-10 17:13:06,046 RCV proposal_commit
2018-06-10 17:13:06,049 appended honest propose 01f5f25559 on top of 5f7818cb6c
2018-06-10 17:13:06,049 appended honest commit d3598dc89e on top of 01f5f25559
2018-06-10 17:13:06,049 weight: 4
2018-06-10 17:13:06,050 , 4
2018-06-10 17:13:06,050 start mining - depth 4
2018-06-10 17:13:06,050 start mining - hash d3598dc89e23248b6bb09fb18d544863f96370a983848f15a1dd43745a73b2cd
2018-06-10 17:13:06,148 RF found but not transmitted
2018-06-10 17:13:09,220 RF found but not transmitted
2018-06-10 17:13:09,801 RCV proposal_commit
2018-06-10 17:13:09,804 appended malicious propose 17d63a2a87 on top of 5f7818cb6c
2018-06-10 17:13:09,804 appended malicious commit 636eb5733b on top of 17d63a2a87
2018-06-10 17:13:09,804 weight: 4
2018-06-10 17:13:09,805 , 4
2018-06-10 17:13:10,097 RCV proposal_commit
2018-06-10 17:13:10,100 appended malicious propose 565d4bad8b on top of 636eb5733b
2018-06-10 17:13:10,100 appended malicious commit 50d4eec13c on top of 565d4bad8b
2018-06-10 17:13:10,101 weight: 5
2018-06-10 17:13:10,102 , 5
2018-06-10 17:13:10,103 start mining - depth 5
2018-06-10 17:13:10,103 start mining - hash 50d4eec13cd46e32fc1134955c24a2920112ef28fa7b5f1f076525bd95b97a51
2018-06-10 17:13:10,103 END: MALICIOUS WIN
2018-06-10 17:13:13,649 RCV proposal_commit
2018-06-10 17:13:13,652 appended malicious propose dd932a9fd9 on top of 50d4eec13c
2018-06-10 17:13:13,652 appended malicious commit 317584a7db on top of dd932a9fd9
2018-06-10 17:13:13,652 weight: 6
2018-06-10 17:13:13,652 , 6
2018-06-10 17:13:13,653 start mining - depth 6
2018-06-10 17:13:13,653 start mining - hash 317584a7dbea8a87ae02304684e4206cc00467db7b82b3fcafa345a0c11e9187
2018-06-10 17:13:13,653 END: MALICIOUS WIN
2018-06-10 17:13:27,529 ---------------------------------------------------------
2018-06-10 17:13:27,532 PURE BLOCKCHAIN state
2018-06-10 17:13:28,557 start mining - depth 0
2018-06-10 17:13:28,558 start mining - hash ba1296ab4f335c18234fd35e24b18d414ef33daa116a162c85fa9e1971c1b834
2018-06-10 17:13:28,701 RF found but not transmitted
2018-06-10 17:13:29,510 RF found but not transmitted
2018-06-10 17:13:33,541 RF found but not transmitted
2018-06-10 17:13:48,541 RF found but not transmitted
2018-06-10 17:13:59,859 RF found but not transmitted
2018-06-10 17:14:11,680 RF found but not transmitted
2018-06-10 17:14:12,653 RF found but not transmitted
2018-06-10 17:14:20,988 RF found but not transmitted
2018-06-10 17:14:36,518 RF found but not transmitted
2018-06-10 17:14:40,910 RF found but not transmitted
2018-06-10 17:14:45,425 RF found but not transmitted
2018-06-10 17:14:51,582 RF found but not transmitted
2018-06-10 17:14:56,804 RF found but not transmitted
2018-06-10 17:14:57,187 RF found but not transmitted
2018-06-10 17:15:25,531 RF found but not transmitted
2018-06-10 17:15:28,541 RF found but not transmitted
2018-06-10 17:15:32,221 RF found but not transmitted
2018-06-10 17:15:35,723 RF found but not transmitted
2018-06-10 17:15:35,724 hash found
2018-06-10 17:15:35,730 appended honest propose 5bd4ba2c79 on top of ba1296ab4f
2018-06-10 17:15:35,731 appended honest commit 5b9e2c49a4 on top of 5bd4ba2c79
2018-06-10 17:15:35,731 weight: 1
2018-06-10 17:15:35,731 , 1
2018-06-10 17:15:35,737 SNT proposal_commit
2018-06-10 17:15:35,791 start mining - depth 1
2018-06-10 17:15:35,791 start mining - hash 5b9e2c49a4c8286199da9e3bfb6a4c87d67aa162ebc907520977da98310c900d
2018-06-10 17:15:35,792 Hashing frequency: 6998
2018-06-10 17:15:36,349 RF found but not transmitted
2018-06-10 17:15:41,463 RF found but not transmitted
2018-06-10 17:15:48,831 RF found but not transmitted
2018-06-10 17:15:49,119 RF found but not transmitted
2018-06-10 17:15:58,075 RF found but not transmitted
2018-06-10 17:16:00,448 RF found but not transmitted
2018-06-10 17:16:08,549 RF found but not transmitted
2018-06-10 17:16:21,737 RF found but not transmitted
2018-06-10 17:16:24,982 RF found but not transmitted
2018-06-10 17:16:36,394 RF found but not transmitted
2018-06-10 17:16:39,876 RF found but not transmitted
2018-06-10 17:16:43,438 RCV proposal_commit
2018-06-10 17:16:43,442 appended honest propose 547c7d833e on top of 5b9e2c49a4
2018-06-10 17:16:43,461 appended honest commit 4e6e65364b on top of 547c7d833e
2018-06-10 17:16:43,461 weight: 2
2018-06-10 17:16:43,464 , 2
2018-06-10 17:16:43,466 start mining - depth 2
2018-06-10 17:16:43,466 start mining - hash 4e6e65364b50943959c4fe7bc765eb2c7f688bd92f1102216b56e5e257dd0c3e
2018-06-10 17:16:43,467 Hashing frequency: 3732
2018-06-10 17:16:43,594 RF found but not transmitted
2018-06-10 17:16:46,124 RF found but not transmitted
2018-06-10 17:16:46,126 hash found
2018-06-10 17:16:46,130 appended honest propose 906c72518c on top of 4e6e65364b
2018-06-10 17:16:46,130 appended honest commit 4ea67ad9e0 on top of 906c72518c
2018-06-10 17:16:46,131 weight: 3
2018-06-10 17:16:46,131 , 3
2018-06-10 17:16:46,131 SNT proposal_commit
2018-06-10 17:16:46,192 start mining - depth 3
2018-06-10 17:16:46,192 start mining - hash 4ea67ad9e06ab5dd7e037f5de928f1605d7e22ebfe80381dd1fb95861232fcc3
2018-06-10 17:16:52,199 RF found but not transmitted
2018-06-10 17:16:53,734 RF found but not transmitted
2018-06-10 17:16:54,532 RCV proposal_commit
2018-06-10 17:16:54,534 appended malicious propose 7b3bb81cd3 on top of 4ea67ad9e0
2018-06-10 17:16:54,535 appended malicious commit 67fabc7650 on top of 7b3bb81cd3
2018-06-10 17:16:54,535 weight: 4
2018-06-10 17:16:54,535 , 4
2018-06-10 17:16:54,538 start mining - depth 4
2018-06-10 17:16:54,538 start mining - hash 67fabc76500614ccdab2083de6cf211016937d5c1a9b343700479147d80c27ec
2018-06-10 17:16:54,538 END: MALICIOUS WIN
2018-06-10 17:16:57,543 RF found but not transmitted
2018-06-10 17:17:15,326 ---------------------------------------------------------
2018-06-10 17:17:15,329 PURE BLOCKCHAIN state
2018-06-10 17:17:16,350 start mining - depth 0
2018-06-10 17:17:16,351 start mining - hash 7338bbc753dca24c9633ffc76e2ba4ca3a189c3672ca5ca9294ef102aa8995fb
2018-06-10 17:17:16,866 RF found but not transmitted
2018-06-10 17:17:23,026 RF found but not transmitted
2018-06-10 17:17:34,813 RCV proposal_commit
2018-06-10 17:17:34,815 appended honest propose f9f1db63cc on top of 7338bbc753
2018-06-10 17:17:34,816 appended honest commit bdc064931b on top of f9f1db63cc
2018-06-10 17:17:34,816 weight: 1
2018-06-10 17:17:34,816 , 1
2018-06-10 17:17:34,818 start mining - depth 1
2018-06-10 17:17:34,818 start mining - hash bdc064931b04c5cfb9aa580595d57331fe8ee40549139e23e6548bec547463a6
2018-06-10 17:17:37,213 RF found but not transmitted
2018-06-10 17:17:45,550 RF found but not transmitted
2018-06-10 17:17:46,780 RF found but not transmitted
2018-06-10 17:17:53,355 RF found but not transmitted
2018-06-10 17:17:53,794 RF found but not transmitted
2018-06-10 17:18:08,834 RF found but not transmitted
2018-06-10 17:18:08,836 hash found
2018-06-10 17:18:08,839 appended honest propose 8c066b200e on top of bdc064931b
2018-06-10 17:18:08,840 appended honest commit f799100832 on top of 8c066b200e
2018-06-10 17:18:08,840 weight: 2
2018-06-10 17:18:08,840 , 2
2018-06-10 17:18:08,840 SNT proposal_commit
2018-06-10 17:18:08,920 start mining - depth 2
2018-06-10 17:18:08,920 start mining - hash f799100832e2a481475487d42f2256d9b7c5f31487ee8eb5ee8d27186bb14ed0
2018-06-10 17:18:12,004 RF found but not transmitted
2018-06-10 17:18:15,716 RF found but not transmitted
2018-06-10 17:18:16,561 RF found but not transmitted
2018-06-10 17:18:17,039 RCV proposal_commit
2018-06-10 17:18:17,042 appended honest propose 1bbc387755 on top of f799100832
2018-06-10 17:18:17,042 appended honest commit c5effb0068 on top of 1bbc387755
2018-06-10 17:18:17,042 weight: 3
2018-06-10 17:18:17,044 , 3
2018-06-10 17:18:17,044 start mining - depth 3
2018-06-10 17:18:17,045 start mining - hash c5effb0068f33f31ab3bbf267cb708ee7ba82cbd8af7b5414bb43d5a1d47f4b3
2018-06-10 17:18:17,045 Hashing frequency: 3344
2018-06-10 17:18:18,418 RF found but not transmitted
2018-06-10 17:18:18,714 RCV proposal_commit
2018-06-10 17:18:18,716 appended malicious propose c60d547f04 on top of c5effb0068
2018-06-10 17:18:18,717 appended malicious commit 6dbea981f5 on top of c60d547f04
2018-06-10 17:18:18,717 weight: 4
2018-06-10 17:18:18,727 , 4
2018-06-10 17:18:18,731 start mining - depth 4
2018-06-10 17:18:18,731 start mining - hash 6dbea981f56eb2f332b5f4a3645e69c8d293b1c26d8c3646522d97b12568842d
2018-06-10 17:18:18,732 END: MALICIOUS WIN
2018-06-10 17:18:22,838 RCV proposal_commit
2018-06-10 17:18:22,840 appended malicious propose 8780af849b on top of 6dbea981f5
2018-06-10 17:18:22,841 appended malicious commit 5b6a49eb75 on top of 8780af849b
2018-06-10 17:18:22,841 weight: 5
2018-06-10 17:18:22,841 , 5
2018-06-10 17:18:22,841 start mining - depth 5
2018-06-10 17:18:22,841 start mining - hash 5b6a49eb75e3abde4093fa16f55759472664a9479d8bb3ef9a6509fddfce54c0
2018-06-10 17:18:22,842 END: MALICIOUS WIN
2018-06-10 17:18:26,676 RCV proposal_commit
2018-06-10 17:18:26,678 appended malicious propose 919fd1b550 on top of 5b6a49eb75
2018-06-10 17:18:26,678 appended malicious commit db75afd932 on top of 919fd1b550
2018-06-10 17:18:26,679 weight: 6
2018-06-10 17:18:26,679 , 6
2018-06-10 17:18:26,679 start mining - depth 6
2018-06-10 17:18:26,679 start mining - hash db75afd932e6e2b48be20734f2dc2570f493ba44d75357f669410adfdb8486dc
2018-06-10 17:18:26,679 END: MALICIOUS WIN
2018-06-10 17:18:27,948 RF found but not transmitted
2018-06-10 17:18:30,034 RF found but not transmitted
2018-06-10 17:18:43,037 ---------------------------------------------------------
2018-06-10 17:18:43,038 PURE BLOCKCHAIN state
2018-06-10 17:18:44,065 start mining - depth 0
2018-06-10 17:18:44,067 start mining - hash 15892e08f0b1444ce74c829f991aa9acad426a308db5d280438f1f99728575de
2018-06-10 17:18:50,021 RF found but not transmitted
2018-06-10 17:18:50,929 RF found but not transmitted
2018-06-10 17:18:56,131 RF found but not transmitted
2018-06-10 17:18:56,133 hash found
2018-06-10 17:18:56,138 appended honest propose c85e89d136 on top of 15892e08f0
2018-06-10 17:18:56,138 appended honest commit 821397272d on top of c85e89d136
2018-06-10 17:18:56,138 weight: 1
2018-06-10 17:18:56,139 , 1
2018-06-10 17:18:56,139 SNT proposal_commit
2018-06-10 17:18:56,191 start mining - depth 1
2018-06-10 17:18:56,191 start mining - hash 821397272de938274af50e1f8f3344eae2381a86a5bf4d33f8221402cd3456e7
2018-06-10 17:18:57,451 RF found but not transmitted
2018-06-10 17:19:03,843 RF found but not transmitted
2018-06-10 17:19:03,845 hash found
2018-06-10 17:19:03,848 appended honest propose b2e9061f0d on top of 821397272d
2018-06-10 17:19:03,849 appended honest commit 7b5d42cef0 on top of b2e9061f0d
2018-06-10 17:19:03,849 weight: 2
2018-06-10 17:19:03,849 , 2
2018-06-10 17:19:03,850 SNT proposal_commit
2018-06-10 17:19:03,903 start mining - depth 2
2018-06-10 17:19:03,903 start mining - hash 7b5d42cef02e182dcc9324b44afc291e4b305bbb446cc5dd8d0434bf260eeaf3
2018-06-10 17:19:04,364 RF found but not transmitted
2018-06-10 17:19:05,988 RF found but not transmitted
2018-06-10 17:19:13,836 RF found but not transmitted
2018-06-10 17:19:13,837 hash found
2018-06-10 17:19:13,841 appended honest propose b4be0221b3 on top of 7b5d42cef0
2018-06-10 17:19:13,841 appended honest commit cc2b5ad70f on top of b4be0221b3
2018-06-10 17:19:13,841 weight: 3
2018-06-10 17:19:13,841 , 3
2018-06-10 17:19:13,842 SNT proposal_commit
2018-06-10 17:19:13,902 start mining - depth 3
2018-06-10 17:19:13,902 start mining - hash cc2b5ad70fadde690ee79c477901b7fa28409a22d613564062d973515804bd74
2018-06-10 17:19:15,794 RF found but not transmitted
2018-06-10 17:19:15,913 RCV proposal_commit
2018-06-10 17:19:15,915 appended honest propose dfe5e7d8d0 on top of cc2b5ad70f
2018-06-10 17:19:15,916 appended honest commit 534a5f3183 on top of dfe5e7d8d0
2018-06-10 17:19:15,916 weight: 4
2018-06-10 17:19:15,916 , 4
2018-06-10 17:19:15,916 start mining - depth 4
2018-06-10 17:19:15,916 start mining - hash 534a5f3183419edb826c359083fa7eb410af0104e6576578f4988d93364e25ad
2018-06-10 17:19:17,162 RCV proposal_commit
2018-06-10 17:19:17,164 appended malicious propose bbf6e61af7 on top of cc2b5ad70f
2018-06-10 17:19:17,165 appended malicious commit 8cb4d98ba3 on top of bbf6e61af7
2018-06-10 17:19:17,165 weight: 4
2018-06-10 17:19:17,165 , 4
2018-06-10 17:19:18,953 RCV proposal_commit
2018-06-10 17:19:18,955 appended honest propose ead3f87686 on top of 534a5f3183
2018-06-10 17:19:18,955 appended honest commit fd29e1066c on top of ead3f87686
2018-06-10 17:19:18,956 weight: 5
2018-06-10 17:19:18,956 , 5
2018-06-10 17:19:18,956 start mining - depth 5
2018-06-10 17:19:18,956 start mining - hash fd29e1066c36cf88d36c68ed4a2295950fc30a0b3eccc36a56b99eb25047b594
2018-06-10 17:19:19,239 RF found but not transmitted
2018-06-10 17:19:19,933 RF found but not transmitted
2018-06-10 17:19:19,935 hash found
2018-06-10 17:19:19,939 appended honest propose 3e25975258 on top of fd29e1066c
2018-06-10 17:19:19,939 appended honest commit 3963b965b7 on top of 3e25975258
2018-06-10 17:19:19,939 weight: 6
2018-06-10 17:19:19,939 , 6
2018-06-10 17:19:19,939 SNT proposal_commit
2018-06-10 17:19:19,992 start mining - depth 6
2018-06-10 17:19:19,992 start mining - hash 3963b965b7a479355912aa9ed14f97263747cb23483711a07742fbc989777d0f
2018-06-10 17:19:21,112 RF found but not transmitted
2018-06-10 17:19:23,628 RF found but not transmitted
2018-06-10 17:19:23,916 RF found but not transmitted
2018-06-10 17:19:31,209 RCV proposal_commit
2018-06-10 17:19:31,211 appended malicious propose 9c8c7a3b1b on top of 8cb4d98ba3
2018-06-10 17:19:31,212 appended malicious commit bd2b0dd7dd on top of 9c8c7a3b1b
2018-06-10 17:19:31,212 weight: 5
2018-06-10 17:19:31,212 , 5
2018-06-10 17:19:31,400 RF found but not transmitted
2018-06-10 17:19:34,758 RF found but not transmitted
2018-06-10 17:19:37,389 RCV proposal_commit
2018-06-10 17:19:37,391 appended malicious propose c3b4fb2127 on top of bd2b0dd7dd
2018-06-10 17:19:37,392 appended malicious commit 8e69671d67 on top of c3b4fb2127
2018-06-10 17:19:37,392 weight: 6
2018-06-10 17:19:37,392 , 6
2018-06-10 17:19:40,985 RF found but not transmitted
2018-06-10 17:19:41,489 RF found but not transmitted
2018-06-10 17:19:44,798 RF found but not transmitted
2018-06-10 17:19:45,155 RF found but not transmitted
2018-06-10 17:19:46,483 RF found but not transmitted
2018-06-10 17:19:48,671 RF found but not transmitted
2018-06-10 17:19:54,039 RF found but not transmitted
2018-06-10 17:19:59,147 RF found but not transmitted
2018-06-10 17:20:00,879 RCV proposal_commit
2018-06-10 17:20:00,882 appended malicious propose 70f04f6be1 on top of 8e69671d67
2018-06-10 17:20:00,883 appended malicious commit c52f1871f6 on top of 70f04f6be1
2018-06-10 17:20:00,883 weight: 7
2018-06-10 17:20:00,883 , 7
2018-06-10 17:20:00,883 start mining - depth 7
2018-06-10 17:20:00,883 start mining - hash c52f1871f6ffdb0bce9989d6eac0f4a94c39a9ca5674548f30b248f70ed05ef8
2018-06-10 17:20:00,883 END: MALICIOUS WIN
2018-06-10 17:20:00,884 Hashing frequency: 4174
2018-06-10 17:20:05,355 RF found but not transmitted
2018-06-10 17:20:14,791 ---------------------------------------------------------
2018-06-10 17:20:14,792 PURE BLOCKCHAIN state
2018-06-10 17:20:15,820 start mining - depth 0
2018-06-10 17:20:15,821 start mining - hash 24906ccc38839c070f714cf8e5cc294b35b477c59d86ee66f694fa8539dc4c42
2018-06-10 17:20:27,589 RF found but not transmitted
2018-06-10 17:20:28,184 RF found but not transmitted
2018-06-10 17:20:29,673 RCV proposal_commit
2018-06-10 17:20:29,675 appended honest propose b9cb7df5ae on top of 24906ccc38
2018-06-10 17:20:29,675 appended honest commit 36037772d0 on top of b9cb7df5ae
2018-06-10 17:20:29,675 weight: 1
2018-06-10 17:20:29,676 , 1
2018-06-10 17:20:29,676 start mining - depth 1
2018-06-10 17:20:29,676 start mining - hash 36037772d02f8d3abfc676b9aa95d756d7614f5b04110477110799554454dcf5
2018-06-10 17:20:30,363 RF found but not transmitted
2018-06-10 17:20:35,351 RF found but not transmitted
2018-06-10 17:20:38,210 RF found but not transmitted
2018-06-10 17:20:39,093 RF found but not transmitted
2018-06-10 17:20:49,470 RF found but not transmitted
2018-06-10 17:20:49,826 RF found but not transmitted
2018-06-10 17:20:51,635 RF found but not transmitted
2018-06-10 17:20:53,565 RF found but not transmitted
2018-06-10 17:21:03,140 RF found but not transmitted
2018-06-10 17:21:04,617 RF found but not transmitted
2018-06-10 17:21:11,684 RF found but not transmitted
2018-06-10 17:21:14,127 RF found but not transmitted
2018-06-10 17:21:31,918 RF found but not transmitted
2018-06-10 17:21:40,533 RF found but not transmitted
2018-06-10 17:21:44,302 RF found but not transmitted
2018-06-10 17:21:46,656 RF found but not transmitted
2018-06-10 17:22:04,594 RF found but not transmitted
2018-06-10 17:22:06,023 RF found but not transmitted
2018-06-10 17:22:08,577 RF found but not transmitted
2018-06-10 17:22:15,186 RF found but not transmitted
2018-06-10 17:22:15,426 RF found but not transmitted
2018-06-10 17:22:17,213 RCV proposal_commit
2018-06-10 17:22:17,216 appended honest propose 43930ae930 on top of 36037772d0
2018-06-10 17:22:17,224 appended honest commit 2d5fa3255c on top of 43930ae930
2018-06-10 17:22:17,225 weight: 2
2018-06-10 17:22:17,225 , 2
2018-06-10 17:22:17,226 start mining - depth 2
2018-06-10 17:22:17,226 start mining - hash 2d5fa3255c2d75f87f3092dfb11ac94fb2289e846f09e623df36bc20248d297d
2018-06-10 17:22:17,227 Hashing frequency: 6622
2018-06-10 17:22:17,393 RF found but not transmitted
2018-06-10 17:22:18,127 RCV proposal_commit
2018-06-10 17:22:18,131 appended malicious propose b75801e31d on top of 2d5fa3255c
2018-06-10 17:22:18,131 appended malicious commit 83203f8bb3 on top of b75801e31d
2018-06-10 17:22:18,132 weight: 3
2018-06-10 17:22:18,133 , 3
2018-06-10 17:22:18,136 start mining - depth 3
2018-06-10 17:22:18,136 start mining - hash 83203f8bb3bc4d749544372a09532bfa6fc506aeeea27ecc441c03bdd14d09f3
2018-06-10 17:22:18,136 END: MALICIOUS WIN
2018-06-10 17:22:18,701 RF found but not transmitted
2018-06-10 19:17:58,810 ---------------------------------------------------------
2018-06-10 19:17:58,815 PURE BLOCKCHAIN state
2018-06-10 19:17:59,848 start mining - depth 0
2018-06-10 19:17:59,849 start mining - hash a837ffd9be691aa8d3cbca1fb43814029f0cf660c6774b608ecca76ad9229fda
2018-06-10 19:18:01,722 RCV proposal_commit
2018-06-10 19:18:01,724 appended honest propose 517955322e on top of a837ffd9be
2018-06-10 19:18:01,724 appended honest commit 597d56e137 on top of 517955322e
2018-06-10 19:18:01,725 weight: 1
2018-06-10 19:18:01,725 , 1
2018-06-10 19:18:01,729 start mining - depth 1
2018-06-10 19:18:01,729 start mining - hash 597d56e1377434d4d5f162cc6b0aa9d83ef8bc31c63b785e2ced7e0a0747f41a
2018-06-10 19:18:12,153 RF found but not transmitted
2018-06-10 19:18:18,307 RF found but not transmitted
2018-06-10 19:18:21,421 RF found but not transmitted
2018-06-10 19:18:23,440 RF found but not transmitted
2018-06-10 19:18:28,026 RF found but not transmitted
2018-06-10 19:18:30,446 RF found but not transmitted
2018-06-10 19:18:30,449 hash found
2018-06-10 19:18:30,453 appended honest propose 376cd5d623 on top of 597d56e137
2018-06-10 19:18:30,454 appended honest commit 021c706932 on top of 376cd5d623
2018-06-10 19:18:30,455 weight: 2
2018-06-10 19:18:30,455 , 2
2018-06-10 19:18:30,457 SNT proposal_commit
2018-06-10 19:18:30,512 start mining - depth 2
2018-06-10 19:18:30,512 start mining - hash 021c706932ded4a433e7dcb51a9dfbbd5def58ae2649fbe9403a801b01f8f515
2018-06-10 19:18:33,881 RF found but not transmitted
2018-06-10 19:18:34,789 RCV proposal_commit
2018-06-10 19:18:34,792 appended honest propose 6d36a41166 on top of 021c706932
2018-06-10 19:18:34,792 appended honest commit 496772dda8 on top of 6d36a41166
2018-06-10 19:18:34,792 weight: 3
2018-06-10 19:18:34,793 , 3
2018-06-10 19:18:34,793 start mining - depth 3
2018-06-10 19:18:34,793 start mining - hash 496772dda82d07c8ec433608a92253e391a6df208517fbcdaca259c3a6f8de18
2018-06-10 19:18:37,660 RCV proposal_commit
2018-06-10 19:18:37,663 appended malicious propose 1ccdcd4f8f on top of 021c706932
2018-06-10 19:18:37,663 appended malicious commit db09e45671 on top of 1ccdcd4f8f
2018-06-10 19:18:37,663 weight: 3
2018-06-10 19:18:37,664 , 3
2018-06-10 19:18:43,454 RF found but not transmitted
2018-06-10 19:18:44,137 RF found but not transmitted
2018-06-10 19:18:45,203 RF found but not transmitted
2018-06-10 19:18:45,489 RF found but not transmitted
2018-06-10 19:18:46,817 RCV proposal_commit
2018-06-10 19:18:46,823 appended malicious propose 2d53c2210d on top of db09e45671
2018-06-10 19:18:46,827 appended malicious commit 0134adb771 on top of 2d53c2210d
2018-06-10 19:18:46,827 weight: 4
2018-06-10 19:18:46,827 , 4
2018-06-10 19:18:46,829 start mining - depth 4
2018-06-10 19:18:46,829 start mining - hash 0134adb771c45db2da9f25bca9e2deae76d177ba052128a87f72679a3450cc54
2018-06-10 19:18:46,832 END: MALICIOUS WIN
2018-06-10 19:18:47,427 RCV proposal_commit
2018-06-10 19:18:47,429 appended malicious propose 4e9a0b7db2 on top of 0134adb771
2018-06-10 19:18:47,429 appended malicious commit 00b328dd80 on top of 4e9a0b7db2
2018-06-10 19:18:47,429 weight: 5
2018-06-10 19:18:47,432 , 5
2018-06-10 19:18:47,432 start mining - depth 5
2018-06-10 19:18:47,433 start mining - hash 00b328dd80083ec10568cb054f275df6704bc751ae8bdec66069ed614ee12ee7
2018-06-10 19:18:47,433 END: MALICIOUS WIN
2018-06-10 19:18:47,549 RF found but not transmitted
2018-06-10 19:18:47,925 RF found but not transmitted
2018-06-10 19:19:01,184 ---------------------------------------------------------
2018-06-10 19:19:01,190 PURE BLOCKCHAIN state
2018-06-10 19:19:02,219 start mining - depth 0
2018-06-10 19:19:02,221 start mining - hash 0b3c9e485733638639dd702082bd541d392fd3d90d568d2c5db6df62b99ec61c
2018-06-10 19:19:04,165 RF found but not transmitted
2018-06-10 19:19:11,027 RF found but not transmitted
2018-06-10 19:19:15,946 RF found but not transmitted
2018-06-10 19:19:16,678 RF found but not transmitted
2018-06-10 19:19:18,101 RF found but not transmitted
2018-06-10 19:19:18,102 hash found
2018-06-10 19:19:18,106 appended honest propose 457e054279 on top of 0b3c9e4857
2018-06-10 19:19:18,106 appended honest commit c3a5cdc2fb on top of 457e054279
2018-06-10 19:19:18,106 weight: 1
2018-06-10 19:19:18,106 , 1
2018-06-10 19:19:18,109 SNT proposal_commit
2018-06-10 19:19:18,168 start mining - depth 1
2018-06-10 19:19:18,168 start mining - hash c3a5cdc2fba8a400e7e3546d1c2532bc26d4d7c7467900085bb331d405e4abde
2018-06-10 19:19:18,768 RF found but not transmitted
2018-06-10 19:19:24,845 RF found but not transmitted
2018-06-10 19:19:32,602 RF found but not transmitted
2018-06-10 19:19:37,784 RF found but not transmitted
2018-06-10 19:19:45,242 RF found but not transmitted
2018-06-10 19:20:02,002 RF found but not transmitted
2018-06-10 19:20:04,339 RCV proposal_commit
2018-06-10 19:20:04,342 appended honest propose 95b7a13726 on top of c3a5cdc2fb
2018-06-10 19:20:04,343 appended honest commit fcece017e0 on top of 95b7a13726
2018-06-10 19:20:04,344 weight: 2
2018-06-10 19:20:04,345 , 2
2018-06-10 19:20:04,348 start mining - depth 2
2018-06-10 19:20:04,348 start mining - hash fcece017e0e069b091da179e0f46273e9e9b592b3854c577d17bc74be5afc754
2018-06-10 19:20:04,359 Hashing frequency: 3407
2018-06-10 19:20:06,507 RF found but not transmitted
2018-06-10 19:20:19,208 RF found but not transmitted
2018-06-10 19:20:19,859 RF found but not transmitted
2018-06-10 19:20:23,107 RF found but not transmitted
2018-06-10 19:20:25,868 RCV proposal_commit
2018-06-10 19:20:25,871 appended honest propose e4858abd8c on top of fcece017e0
2018-06-10 19:20:25,872 appended honest commit 864e76ed56 on top of e4858abd8c
2018-06-10 19:20:25,872 weight: 3
2018-06-10 19:20:25,877 , 3
2018-06-10 19:20:25,878 start mining - depth 3
2018-06-10 19:20:25,878 start mining - hash 864e76ed56a7f5342e2e1f3550da12a5bf3980cc6f9de3beb9534c5c67a1bec9
2018-06-10 19:20:26,829 RF found but not transmitted
2018-06-10 19:20:29,589 RF found but not transmitted
2018-06-10 19:20:29,986 RCV proposal_commit
2018-06-10 19:20:29,988 appended malicious propose 958f41b485 on top of 864e76ed56
2018-06-10 19:20:29,988 appended malicious commit 148c793ba5 on top of 958f41b485
2018-06-10 19:20:29,988 weight: 4
2018-06-10 19:20:29,989 , 4
2018-06-10 19:20:29,998 start mining - depth 4
2018-06-10 19:20:29,998 start mining - hash 148c793ba52a5376eb3999525d70e9f3af126c5ecbfd06824d99afc68a5ab95d
2018-06-10 19:20:29,998 END: MALICIOUS WIN
2018-06-10 19:20:32,915 RF found but not transmitted
2018-06-10 19:20:33,065 RF found but not transmitted
2018-06-10 19:20:35,556 RF found but not transmitted
2018-06-10 19:20:38,060 RF found but not transmitted
2018-06-10 19:20:39,001 RCV proposal_commit
2018-06-10 19:20:39,004 appended malicious propose 2ff6bc217b on top of 148c793ba5
2018-06-10 19:20:39,004 appended malicious commit a004da1d13 on top of 2ff6bc217b
2018-06-10 19:20:39,004 weight: 5
2018-06-10 19:20:39,004 , 5
2018-06-10 19:20:39,009 start mining - depth 5
2018-06-10 19:20:39,009 start mining - hash a004da1d135f18c125cb0b9d3fba65f2d96beb89f4d5796b0628f0ffb8873e85
2018-06-10 19:20:39,009 END: MALICIOUS WIN
2018-06-10 19:20:48,387 ---------------------------------------------------------
2018-06-10 19:20:48,394 PURE BLOCKCHAIN state
2018-06-10 19:20:49,437 start mining - depth 0
2018-06-10 19:20:49,439 start mining - hash e202a09ff0f6cc0abf0dc48675109ee89337463bde10def5bfe3302960f49b7e
2018-06-10 19:20:52,771 RF found but not transmitted
2018-06-10 19:20:56,127 RCV proposal_commit
2018-06-10 19:20:56,129 appended honest propose c3c3326eec on top of e202a09ff0
2018-06-10 19:20:56,129 appended honest commit eab2c81406 on top of c3c3326eec
2018-06-10 19:20:56,129 weight: 1
2018-06-10 19:20:56,130 , 1
2018-06-10 19:20:56,130 start mining - depth 1
2018-06-10 19:20:56,130 start mining - hash eab2c81406d448e9b39fd47b3ec011e9b96b13f8ea2c3a7795bf17dad6517c47
2018-06-10 19:21:13,206 RF found but not transmitted
2018-06-10 19:21:16,387 RF found but not transmitted
2018-06-10 19:21:28,543 RF found but not transmitted
2018-06-10 19:21:31,564 RF found but not transmitted
2018-06-10 19:21:31,566 hash found
2018-06-10 19:21:31,570 appended honest propose 7a9b06fef2 on top of eab2c81406
2018-06-10 19:21:31,571 appended honest commit d3948c3bd0 on top of 7a9b06fef2
2018-06-10 19:21:31,571 weight: 2
2018-06-10 19:21:31,571 , 2
2018-06-10 19:21:31,571 SNT proposal_commit
2018-06-10 19:21:31,645 start mining - depth 2
2018-06-10 19:21:31,646 start mining - hash d3948c3bd00f522ccc0e59022e3edbd871f671eca33d1e79c03705656fcc562b
2018-06-10 19:21:33,839 RF found but not transmitted
2018-06-10 19:21:34,592 RCV proposal_commit
2018-06-10 19:21:34,595 appended honest propose 37e470a65b on top of d3948c3bd0
2018-06-10 19:21:34,595 appended honest commit 0908b3c87c on top of 37e470a65b
2018-06-10 19:21:34,595 weight: 3
2018-06-10 19:21:34,596 , 3
2018-06-10 19:21:34,596 start mining - depth 3
2018-06-10 19:21:34,596 start mining - hash 0908b3c87ce62c320a00b188ce0ea05c1abc966e7c4a00c399d9acc6ba54eaaf
2018-06-10 19:21:37,902 RF found but not transmitted
2018-06-10 19:21:51,566 RF found but not transmitted
2018-06-10 19:22:02,721 RCV proposal_commit
2018-06-10 19:22:02,724 appended malicious propose 627db2985f on top of 0908b3c87c
2018-06-10 19:22:02,725 appended malicious commit 2e216fdcd0 on top of 627db2985f
2018-06-10 19:22:02,725 weight: 4
2018-06-10 19:22:02,734 , 4
2018-06-10 19:22:02,736 start mining - depth 4
2018-06-10 19:22:02,736 start mining - hash 2e216fdcd0650f742d90d415ac8abaa968396575f89dba3f5bdca92ee4c43e44
2018-06-10 19:22:02,737 END: MALICIOUS WIN
2018-06-10 19:22:02,737 Hashing frequency: 4017
2018-06-10 19:22:03,346 RCV proposal_commit
2018-06-10 19:22:03,349 appended malicious propose d3a8e4d68a on top of 2e216fdcd0
2018-06-10 19:22:03,349 appended malicious commit 0f04adaaac on top of d3a8e4d68a
2018-06-10 19:22:03,349 weight: 5
2018-06-10 19:22:03,349 , 5
2018-06-10 19:22:03,350 start mining - depth 5
2018-06-10 19:22:03,350 start mining - hash 0f04adaaacae36c228a74ca4b466bc47564a344c34716dbb48c77cda11c31e15
2018-06-10 19:22:03,350 END: MALICIOUS WIN
2018-06-10 19:22:29,626 ---------------------------------------------------------
2018-06-10 19:22:29,629 PURE BLOCKCHAIN state
2018-06-10 19:22:30,678 start mining - depth 0
2018-06-10 19:22:30,679 start mining - hash c79c3f8876a4c255a92df176bd715db2e5aa5e626ebd898a1398255d68f22ce8
2018-06-10 19:22:31,420 RCV proposal_commit
2018-06-10 19:22:31,423 appended honest propose 881de3b830 on top of c79c3f8876
2018-06-10 19:22:31,423 appended honest commit 6e53b9b656 on top of 881de3b830
2018-06-10 19:22:31,423 weight: 1
2018-06-10 19:22:31,426 , 1
2018-06-10 19:22:31,428 start mining - depth 1
2018-06-10 19:22:31,428 start mining - hash 6e53b9b656a4adbacb59b2fa2b50e211643ca0124f8a431311227bbf4cf0bc3f
2018-06-10 19:22:32,419 RCV proposal_commit
2018-06-10 19:22:32,421 appended honest propose 5bfd11569c on top of 6e53b9b656
2018-06-10 19:22:32,422 appended honest commit e6fe51a100 on top of 5bfd11569c
2018-06-10 19:22:32,422 weight: 2
2018-06-10 19:22:32,422 , 2
2018-06-10 19:22:32,422 start mining - depth 2
2018-06-10 19:22:32,422 start mining - hash e6fe51a10080df0496b1afc1bf87758dd6dfc4b037d1b9a7c55cf9ed6f98bfe8
2018-06-10 19:22:33,794 RCV proposal_commit
2018-06-10 19:22:33,797 appended honest propose 5517efbc02 on top of e6fe51a100
2018-06-10 19:22:33,798 appended honest commit 3fcc0186b3 on top of 5517efbc02
2018-06-10 19:22:33,798 weight: 3
2018-06-10 19:22:33,798 , 3
2018-06-10 19:22:33,798 start mining - depth 3
2018-06-10 19:22:33,798 start mining - hash 3fcc0186b3aebca820b369bfeb5c16313955e1b7f1c6c5edf6f6d2adc09c0091
2018-06-10 19:22:34,328 RCV proposal_commit
2018-06-10 19:22:34,330 appended malicious propose 954fdaddab on top of 6e53b9b656
2018-06-10 19:22:34,330 appended malicious commit 0d55143fb4 on top of 954fdaddab
2018-06-10 19:22:34,331 weight: 2
2018-06-10 19:22:34,331 , 2
2018-06-10 19:22:36,918 RF found but not transmitted
2018-06-10 19:22:36,923 hash found
2018-06-10 19:22:36,927 appended honest propose 1d466ab18b on top of 3fcc0186b3
2018-06-10 19:22:36,927 appended honest commit 56f2f22e54 on top of 1d466ab18b
2018-06-10 19:22:36,927 weight: 4
2018-06-10 19:22:36,928 , 4
2018-06-10 19:22:36,931 SNT proposal_commit
2018-06-10 19:22:36,988 start mining - depth 4
2018-06-10 19:22:36,998 start mining - hash 56f2f22e543f38248cbeb4f9c850cd715cfcc15268f6c7fd490c8300923f4d32
2018-06-10 19:22:37,268 RF found but not transmitted
2018-06-10 19:22:38,074 RCV proposal_commit
2018-06-10 19:22:38,076 appended honest propose 8963efa6f9 on top of 56f2f22e54
2018-06-10 19:22:38,077 appended honest commit cafaa6d4c4 on top of 8963efa6f9
2018-06-10 19:22:38,077 weight: 5
2018-06-10 19:22:38,077 , 5
2018-06-10 19:22:38,077 start mining - depth 5
2018-06-10 19:22:38,077 start mining - hash cafaa6d4c4ffac504fa369040f66953a8938754eefe9a826f88365912122f7ef
2018-06-10 19:22:44,117 RF found but not transmitted
2018-06-10 19:22:51,882 RF found but not transmitted
2018-06-10 19:22:52,414 RF found but not transmitted
2018-06-10 19:22:52,414 hash found
2018-06-10 19:22:52,418 appended honest propose a579084f2c on top of cafaa6d4c4
2018-06-10 19:22:52,418 appended honest commit 0f33c12534 on top of a579084f2c
2018-06-10 19:22:52,418 weight: 6
2018-06-10 19:22:52,418 , 6
2018-06-10 19:22:52,420 SNT proposal_commit
2018-06-10 19:22:52,495 start mining - depth 6
2018-06-10 19:22:52,495 start mining - hash 0f33c12534585d33012afc7a7d9f3b2fa3266e00b637ef8f1d21cbdffc6c5b59
2018-06-10 19:22:54,947 RCV proposal_commit
2018-06-10 19:22:54,955 appended honest propose 3c1b1dc31b on top of 0f33c12534
2018-06-10 19:22:54,955 appended honest commit 4304dea097 on top of 3c1b1dc31b
2018-06-10 19:22:54,956 weight: 7
2018-06-10 19:22:54,956 , 7
2018-06-10 19:22:54,956 start mining - depth 7
2018-06-10 19:22:54,956 start mining - hash 4304dea09704c34a9d3032b0d05a527a3b8de6b1b2e02e09e5fd5b5a4e7dbbd3
2018-06-10 19:22:59,476 RF found but not transmitted
2018-06-10 19:23:02,626 RCV proposal_commit
2018-06-10 19:23:02,630 appended malicious propose 6da11a6bb2 on top of 0d55143fb4
2018-06-10 19:23:02,631 appended malicious commit ad53f4b156 on top of 6da11a6bb2
2018-06-10 19:23:02,631 weight: 3
2018-06-10 19:23:02,631 , 3
2018-06-10 19:23:02,737 RF found but not transmitted
2018-06-10 19:23:02,927 RCV proposal_commit
2018-06-10 19:23:02,930 appended malicious propose f7ff745523 on top of ad53f4b156
2018-06-10 19:23:02,931 appended malicious commit 0462b47c81 on top of f7ff745523
2018-06-10 19:23:02,931 weight: 4
2018-06-10 19:23:02,931 , 4
2018-06-10 19:23:08,641 RF found but not transmitted
2018-06-10 19:23:19,673 RF found but not transmitted
2018-06-10 19:23:21,149 RF found but not transmitted
2018-06-10 19:23:23,699 RF found but not transmitted
2018-06-10 19:23:27,975 RF found but not transmitted
2018-06-10 19:23:28,986 RF found but not transmitted
2018-06-10 19:23:31,303 RF found but not transmitted
2018-06-10 19:23:31,325 RCV proposal_commit
2018-06-10 19:23:31,328 appended malicious propose 69eea782c0 on top of 0462b47c81
2018-06-10 19:23:31,329 appended malicious commit 9f34695b9b on top of 69eea782c0
2018-06-10 19:23:31,329 weight: 5
2018-06-10 19:23:31,329 , 5
2018-06-10 19:23:31,843 RF found but not transmitted
2018-06-10 19:23:32,725 RF found but not transmitted
2018-06-10 19:23:35,975 RF found but not transmitted
2018-06-10 19:23:36,106 RCV proposal_commit
2018-06-10 19:23:36,109 appended malicious propose 1955a38bc4 on top of 9f34695b9b
2018-06-10 19:23:36,109 appended malicious commit 9ddc91c404 on top of 1955a38bc4
2018-06-10 19:23:36,110 weight: 6
2018-06-10 19:23:36,110 , 6
2018-06-10 19:23:36,377 RCV proposal_commit
2018-06-10 19:23:36,380 appended malicious propose a64e6b1e16 on top of 9ddc91c404
2018-06-10 19:23:36,380 appended malicious commit ae3fd25813 on top of a64e6b1e16
2018-06-10 19:23:36,380 weight: 7
2018-06-10 19:23:36,380 , 7
2018-06-10 19:23:40,604 RCV proposal_commit
2018-06-10 19:23:40,607 appended malicious propose 5bfe2b8fae on top of ae3fd25813
2018-06-10 19:23:40,607 appended malicious commit c85a208f4e on top of 5bfe2b8fae
2018-06-10 19:23:40,607 weight: 8
2018-06-10 19:23:40,607 , 8
2018-06-10 19:23:40,607 start mining - depth 8
2018-06-10 19:23:40,608 start mining - hash c85a208f4eb0ab80b08c62136c69f0fa6b3d8398b2321915d19ddb7424f15bc3
2018-06-10 19:23:40,608 END: MALICIOUS WIN
2018-06-10 19:23:40,608 Hashing frequency: 3816
2018-06-10 19:23:48,668 RF found but not transmitted
2018-06-10 19:23:48,816 RF found but not transmitted
2018-06-10 19:23:49,647 RCV proposal_commit
2018-06-10 19:23:49,650 appended malicious propose 8e37a835ac on top of c85a208f4e
2018-06-10 19:23:49,650 appended malicious commit d4fd366f88 on top of 8e37a835ac
2018-06-10 19:23:49,650 weight: 9
2018-06-10 19:23:49,651 , 9
2018-06-10 19:23:49,651 start mining - depth 9
2018-06-10 19:23:49,651 start mining - hash d4fd366f887dd52c16f1800b8361e72d33f3e167656108df4e72c6f06112a3cd
2018-06-10 19:23:49,651 END: MALICIOUS WIN
2018-06-10 19:24:01,500 ---------------------------------------------------------
2018-06-10 19:24:01,501 PURE BLOCKCHAIN state
2018-06-10 19:24:02,528 start mining - depth 0
2018-06-10 19:24:02,529 start mining - hash cd005821f7485780d65f34eec5692a14be48aae8d093c9ae66c7580657dd13fa
2018-06-10 19:24:03,846 RF found but not transmitted
2018-06-10 19:24:06,670 RF found but not transmitted
2018-06-10 19:24:08,069 RCV proposal_commit
2018-06-10 19:24:08,073 appended honest propose 067afcfbf1 on top of cd005821f7
2018-06-10 19:24:08,073 appended honest commit bbb4b2f936 on top of 067afcfbf1
2018-06-10 19:24:08,073 weight: 1
2018-06-10 19:24:08,073 , 1
2018-06-10 19:24:08,074 start mining - depth 1
2018-06-10 19:24:08,074 start mining - hash bbb4b2f936e2d6464a8b372747dfc0e14a2c6fe98852d0d7f0c31060ffec840c
2018-06-10 19:24:11,839 RF found but not transmitted
2018-06-10 19:24:20,535 RF found but not transmitted
2018-06-10 19:24:20,991 RF found but not transmitted
2018-06-10 19:24:25,990 RF found but not transmitted
2018-06-10 19:24:30,668 RF found but not transmitted
2018-06-10 19:24:31,400 RF found but not transmitted
2018-06-10 19:24:36,961 RCV proposal_commit
2018-06-10 19:24:36,963 appended honest propose a4c8203c14 on top of bbb4b2f936
2018-06-10 19:24:36,963 appended honest commit 83e8e573d3 on top of a4c8203c14
2018-06-10 19:24:36,964 weight: 2
2018-06-10 19:24:36,964 , 2
2018-06-10 19:24:36,964 start mining - depth 2
2018-06-10 19:24:36,964 start mining - hash 83e8e573d355408c96bfac4e256751583ff83492db05a8e80a5b1b8a8c29ba02
2018-06-10 19:24:37,683 RF found but not transmitted
2018-06-10 19:24:43,800 RF found but not transmitted
2018-06-10 19:24:45,716 RF found but not transmitted
2018-06-10 19:24:47,373 RF found but not transmitted
2018-06-10 19:24:53,176 RF found but not transmitted
2018-06-10 19:24:53,542 RF found but not transmitted
2018-06-10 19:24:55,348 RF found but not transmitted
2018-06-10 19:24:57,768 RF found but not transmitted
2018-06-10 19:25:05,777 RCV proposal_commit
2018-06-10 19:25:05,779 appended honest propose 381e766a01 on top of 83e8e573d3
2018-06-10 19:25:05,780 appended honest commit 82bf4216e7 on top of 381e766a01
2018-06-10 19:25:05,780 weight: 3
2018-06-10 19:25:05,781 , 3
2018-06-10 19:25:05,782 start mining - depth 3
2018-06-10 19:25:05,782 start mining - hash 82bf4216e7a139e21678acf079d66aad3c7fce6b05583656f103286745117da5
2018-06-10 19:25:05,783 Hashing frequency: 3445
2018-06-10 19:25:06,953 RCV proposal_commit
2018-06-10 19:25:06,956 appended honest propose 6fc417c8ac on top of 82bf4216e7
2018-06-10 19:25:06,956 appended honest commit bbc8a66df5 on top of 6fc417c8ac
2018-06-10 19:25:06,956 weight: 4
2018-06-10 19:25:06,957 , 4
2018-06-10 19:25:06,957 start mining - depth 4
2018-06-10 19:25:06,957 start mining - hash bbc8a66df56ede7ec351a643b4ce2d51c65df187b984a0b8c25a4dda73547844
2018-06-10 19:25:06,993 RF found but not transmitted
2018-06-10 19:25:08,448 RF found but not transmitted
2018-06-10 19:25:08,796 RF found but not transmitted
2018-06-10 19:25:12,255 RCV proposal_commit
2018-06-10 19:25:12,258 appended malicious propose be66b14fd1 on top of 82bf4216e7
2018-06-10 19:25:12,258 appended malicious commit dc66279c54 on top of be66b14fd1
2018-06-10 19:25:12,258 weight: 4
2018-06-10 19:25:12,258 , 4
2018-06-10 19:25:13,981 RF found but not transmitted
2018-06-10 19:25:14,893 RF found but not transmitted
2018-06-10 19:25:16,932 RF found but not transmitted
2018-06-10 19:25:18,067 RF found but not transmitted
2018-06-10 19:25:19,150 RCV proposal_commit
2018-06-10 19:25:19,153 appended malicious propose 71497544e8 on top of dc66279c54
2018-06-10 19:25:19,153 appended malicious commit 9bafb42a25 on top of 71497544e8
2018-06-10 19:25:19,153 weight: 5
2018-06-10 19:25:19,156 , 5
2018-06-10 19:25:19,156 start mining - depth 5
2018-06-10 19:25:19,156 start mining - hash 9bafb42a25abc4c326f4fb69b29f246a1caa71e5e883aa0642a75b8bc187be59
2018-06-10 19:25:19,156 END: MALICIOUS WIN
2018-06-10 19:25:28,220 RF found but not transmitted
2018-06-10 19:25:29,494 RF found but not transmitted
2018-06-10 19:25:32,243 RF found but not transmitted
2018-06-10 19:25:34,375 RF found but not transmitted
2018-06-10 19:25:34,543 RF found but not transmitted
2018-06-10 19:25:39,147 RCV proposal_commit
2018-06-10 19:25:39,149 appended malicious propose 943a8048f9 on top of 9bafb42a25
2018-06-10 19:25:39,150 appended malicious commit 089e790d98 on top of 943a8048f9
2018-06-10 19:25:39,150 weight: 6
2018-06-10 19:25:39,150 , 6
2018-06-10 19:25:39,153 start mining - depth 6
2018-06-10 19:25:39,153 start mining - hash 089e790d9808840dbb80f20ba9bcb2946de72790324a6b0be39b44cf0f24417c
2018-06-10 19:25:39,153 END: MALICIOUS WIN
2018-06-10 19:25:43,417 RF found but not transmitted
2018-06-10 19:25:43,774 RF found but not transmitted
2018-06-10 19:25:44,443 RCV proposal_commit
2018-06-10 19:25:44,448 appended malicious propose 1c1753069c on top of 089e790d98
2018-06-10 19:25:44,448 appended malicious commit cc39dd99aa on top of 1c1753069c
2018-06-10 19:25:44,449 weight: 7
2018-06-10 19:25:44,449 , 7
2018-06-10 19:25:44,449 start mining - depth 7
2018-06-10 19:25:44,449 start mining - hash cc39dd99aab2d4d73ffcc977c851539f7bd3bcc9308d2628586c2da75557918e
2018-06-10 19:25:44,450 END: MALICIOUS WIN
2018-06-10 19:25:47,836 RF found but not transmitted
2018-06-10 19:25:48,846 RCV proposal_commit
2018-06-10 19:25:48,848 appended malicious propose cb1c4b876a on top of cc39dd99aa
2018-06-10 19:25:48,849 appended malicious commit 6abd12b612 on top of cb1c4b876a
2018-06-10 19:25:48,849 weight: 8
2018-06-10 19:25:48,849 , 8
2018-06-10 19:25:48,849 start mining - depth 8
2018-06-10 19:25:48,849 start mining - hash 6abd12b6124b3e1de08728d636bc228422ffa502aa219e7603ad377c8d21c918
2018-06-10 19:25:48,850 END: MALICIOUS WIN
2018-06-10 19:25:50,570 RCV proposal_commit
2018-06-10 19:25:50,574 appended malicious propose 926bd9524d on top of 6abd12b612
2018-06-10 19:25:50,575 appended malicious commit 72f692d8d2 on top of 926bd9524d
2018-06-10 19:25:50,575 weight: 9
2018-06-10 19:25:50,575 , 9
2018-06-10 19:25:50,575 start mining - depth 9
2018-06-10 19:25:50,575 start mining - hash 72f692d8d20140c389e3ea937c3126b5454e7a17fbb6abeb9ec093e27117224b
2018-06-10 19:25:50,575 END: MALICIOUS WIN
2018-06-10 19:25:52,127 RF found but not transmitted
2018-06-10 19:25:53,050 RCV proposal_commit
2018-06-10 19:25:53,052 appended malicious propose 1a0f9670ed on top of 72f692d8d2
2018-06-10 19:25:53,052 appended malicious commit 1010ce1e3e on top of 1a0f9670ed
2018-06-10 19:25:53,052 weight: 10
2018-06-10 19:25:53,052 , 10
2018-06-10 19:25:53,053 start mining - depth 10
2018-06-10 19:25:53,053 start mining - hash 1010ce1e3e1a104298f200ebdcc65d2a96e833b5769be1552d3582bf3ad0abc8
2018-06-10 19:25:53,053 END: MALICIOUS WIN
2018-06-10 19:25:56,423 RF found but not transmitted
2018-06-10 19:25:56,740 RCV proposal_commit
2018-06-10 19:25:56,743 appended malicious propose 3843840799 on top of 1010ce1e3e
2018-06-10 19:25:56,743 appended malicious commit c9a627d5ca on top of 3843840799
2018-06-10 19:25:56,743 weight: 11
2018-06-10 19:25:56,743 , 11
2018-06-10 19:25:56,744 start mining - depth 11
2018-06-10 19:25:56,744 start mining - hash c9a627d5cad1cfc4cf32fca1cea349c02840e1bffaf20185b085d8fc518f5be9
2018-06-10 19:25:56,744 END: MALICIOUS WIN
2018-06-10 19:25:59,625 RF found but not transmitted
2018-06-10 19:25:59,951 RF found but not transmitted
2018-06-10 19:26:05,476 RF found but not transmitted
2018-06-10 19:26:07,647 RCV proposal_commit
2018-06-10 19:26:07,649 appended malicious propose d0e1714580 on top of c9a627d5ca
2018-06-10 19:26:07,650 appended malicious commit abfc76184e on top of d0e1714580
2018-06-10 19:26:07,650 weight: 12
2018-06-10 19:26:07,650 , 12
2018-06-10 19:26:07,650 start mining - depth 12
2018-06-10 19:26:07,650 start mining - hash abfc76184efa41882f44cee9237bc00d6342fe7d40f500603b6149eec4702ae8
2018-06-10 19:26:07,651 END: MALICIOUS WIN
2018-06-10 19:26:07,651 Hashing frequency: 3352
2018-06-10 19:26:08,971 RCV proposal_commit
2018-06-10 19:26:08,974 appended malicious propose f4f5398d00 on top of abfc76184e
2018-06-10 19:26:08,974 appended malicious commit 965a00d400 on top of f4f5398d00
2018-06-10 19:26:08,974 weight: 13
2018-06-10 19:26:08,974 , 13
2018-06-10 19:26:08,975 start mining - depth 13
2018-06-10 19:26:08,975 start mining - hash 965a00d400b24d5f8ede2452a2d99cd1cc605386f849e13b8f0722037945e230
2018-06-10 19:26:08,975 END: MALICIOUS WIN
2018-06-10 19:26:11,649 RF found but not transmitted
2018-06-10 19:26:14,114 RF found but not transmitted
2018-06-10 19:26:17,915 RCV proposal_commit
2018-06-10 19:26:17,918 appended malicious propose eb209759ac on top of 965a00d400
2018-06-10 19:26:17,918 appended malicious commit 7a84e56f17 on top of eb209759ac
2018-06-10 19:26:17,918 weight: 14
2018-06-10 19:26:17,918 , 14
2018-06-10 19:26:17,919 start mining - depth 14
2018-06-10 19:26:17,919 start mining - hash 7a84e56f1737729148621430520d9fb057462d3d1b6ad09c58d62d3fbd6c260e
2018-06-10 19:26:17,919 END: MALICIOUS WIN
2018-06-10 19:26:25,422 RCV proposal_commit
2018-06-10 19:26:25,425 appended malicious propose 6ec154f156 on top of 7a84e56f17
2018-06-10 19:26:25,426 appended malicious commit ced009c059 on top of 6ec154f156
2018-06-10 19:26:25,426 weight: 15
2018-06-10 19:26:25,426 , 15
2018-06-10 19:26:25,427 start mining - depth 15
2018-06-10 19:26:25,427 start mining - hash ced009c059416881f3da5bee57719b04f4af23fc9a7731d562c19777cfb93ccd
2018-06-10 19:26:25,427 END: MALICIOUS WIN
2018-06-10 19:26:30,101 RF found but not transmitted
2018-06-10 19:26:30,624 RCV proposal_commit
2018-06-10 19:26:30,626 appended malicious propose 440fb17c8b on top of ced009c059
2018-06-10 19:26:30,626 appended malicious commit 62a5e7c863 on top of 440fb17c8b
2018-06-10 19:26:30,627 weight: 16
2018-06-10 19:26:30,627 , 16
2018-06-10 19:26:30,628 start mining - depth 16
2018-06-10 19:26:30,628 start mining - hash 62a5e7c8635f9ab06058f7bac167102bbd24a8699d7ab363598109e49b951eb7
2018-06-10 19:26:30,628 END: MALICIOUS WIN
2018-06-10 19:26:32,377 RCV proposal_commit
2018-06-10 19:26:32,379 appended malicious propose 88fe49239b on top of 62a5e7c863
2018-06-10 19:26:32,380 appended malicious commit 9b1a7cec1c on top of 88fe49239b
2018-06-10 19:26:32,380 weight: 17
2018-06-10 19:26:32,380 , 17
2018-06-10 19:26:32,384 start mining - depth 17
2018-06-10 19:26:32,384 start mining - hash 9b1a7cec1c24210fa4ff9c38ec2569a6c96a739c9563cb103f2b2b61988471e0
2018-06-10 19:26:32,384 END: MALICIOUS WIN
2018-06-10 19:26:35,040 RF found but not transmitted
2018-06-10 19:26:35,373 RF found but not transmitted
2018-06-10 19:26:37,080 RF found but not transmitted
2018-06-10 19:26:40,894 RF found but not transmitted
2018-06-10 19:26:42,553 RF found but not transmitted
2018-06-10 19:26:45,263 RF found but not transmitted
2018-06-10 19:26:47,308 RCV proposal_commit
2018-06-10 19:26:47,311 appended malicious propose 4a4601572a on top of 9b1a7cec1c
2018-06-10 19:26:47,311 appended malicious commit de0c2ac744 on top of 4a4601572a
2018-06-10 19:26:47,311 weight: 18
2018-06-10 19:26:47,312 , 18
2018-06-10 19:26:47,318 start mining - depth 18
2018-06-10 19:26:47,318 start mining - hash de0c2ac744d37ef8e19a7ac4ff5166f35b6957d07b7b9f1c79a78c50de6365a7
2018-06-10 19:26:47,319 END: MALICIOUS WIN
2018-06-10 19:26:49,286 RCV proposal_commit
2018-06-10 19:26:49,290 appended malicious propose 1bc743c54b on top of de0c2ac744
2018-06-10 19:26:49,290 appended malicious commit 6bc3824b2d on top of 1bc743c54b
2018-06-10 19:26:49,290 weight: 19
2018-06-10 19:26:49,291 , 19
2018-06-10 19:26:49,291 start mining - depth 19
2018-06-10 19:26:49,291 start mining - hash 6bc3824b2d468759877cbfc8e1e41c14f70b98f919d384b9d898996147afe7f2
2018-06-10 19:26:49,291 END: MALICIOUS WIN
2018-06-10 19:26:52,286 RCV proposal_commit
2018-06-10 19:26:52,288 appended malicious propose d521e7e6ba on top of 6bc3824b2d
2018-06-10 19:26:52,289 appended malicious commit 420b10526a on top of d521e7e6ba
2018-06-10 19:26:52,289 weight: 20
2018-06-10 19:26:52,289 , 20
2018-06-10 19:26:52,289 start mining - depth 20
2018-06-10 19:26:52,290 start mining - hash 420b10526a8bbfde45ff1c5ae26f61ade3c46e7af33d2c26158d16877bcfdcbe
2018-06-10 19:26:52,290 END: MALICIOUS WIN
2018-06-10 19:26:55,033 RF found but not transmitted
2018-06-10 19:26:58,216 RF found but not transmitted
2018-06-10 19:27:00,577 RCV proposal_commit
2018-06-10 19:27:00,579 appended malicious propose 85fb6058fa on top of 420b10526a
2018-06-10 19:27:00,579 appended malicious commit 8a158bb502 on top of 85fb6058fa
2018-06-10 19:27:00,580 weight: 21
2018-06-10 19:27:00,580 , 21
2018-06-10 19:27:00,580 start mining - depth 21
2018-06-10 19:27:00,580 start mining - hash 8a158bb502d97da6a14081dd081a82db4e79a99e8bb457848bd50c47e7704533
2018-06-10 19:27:00,580 END: MALICIOUS WIN
2018-06-10 19:27:01,035 RCV proposal_commit
2018-06-10 19:27:01,038 appended malicious propose bb743cd8ce on top of 8a158bb502
2018-06-10 19:27:01,038 appended malicious commit 8da6017f7b on top of bb743cd8ce
2018-06-10 19:27:01,038 weight: 22
2018-06-10 19:27:01,038 , 22
2018-06-10 19:27:01,039 start mining - depth 22
2018-06-10 19:27:01,039 start mining - hash 8da6017f7b3ba78c929c113745b0a14988ed1c69c49de90efa43c39694f2d8a6
2018-06-10 19:27:01,039 END: MALICIOUS WIN
2018-06-10 19:27:03,768 RF found but not transmitted
2018-06-10 19:27:04,109 RCV proposal_commit
2018-06-10 19:27:04,111 appended malicious propose 4339a0c4c7 on top of 8da6017f7b
2018-06-10 19:27:04,111 appended malicious commit 50cfc3b5fa on top of 4339a0c4c7
2018-06-10 19:27:04,111 weight: 23
2018-06-10 19:27:04,111 , 23
2018-06-10 19:27:04,112 start mining - depth 23
2018-06-10 19:27:04,112 start mining - hash 50cfc3b5fab926886e7ac2beb3414475cc26e75cfc4d5cf51c48765e02001d24
2018-06-10 19:27:04,114 END: MALICIOUS WIN
2018-06-10 19:27:09,612 RF found but not transmitted
2018-06-10 19:27:12,823 RF found but not transmitted
2018-06-10 19:27:12,825 hash found
2018-06-10 19:27:12,827 appended malicious propose 443ce949b7 on top of 50cfc3b5fa
2018-06-10 19:27:12,828 appended malicious commit 03e9c1802d on top of 443ce949b7
2018-06-10 19:27:12,828 weight: 24
2018-06-10 19:27:12,828 , 24
2018-06-10 19:27:12,828 SNT proposal_commit
2018-06-10 19:27:12,902 start mining - depth 24
2018-06-10 19:27:12,903 start mining - hash 03e9c1802d1e6173a4ea0355fb7f5592373480e8eeedf1857fe1f6182fe270b1
2018-06-10 19:27:12,903 END: MALICIOUS WIN
2018-06-10 19:27:12,904 Hashing frequency: 3522
2018-06-10 19:27:16,285 RCV proposal_commit
2018-06-10 19:27:16,288 appended malicious propose fee6c4ae85 on top of 03e9c1802d
2018-06-10 19:27:16,288 appended malicious commit 51ee6af042 on top of fee6c4ae85
2018-06-10 19:27:16,288 weight: 25
2018-06-10 19:27:16,288 , 25
2018-06-10 19:27:16,289 start mining - depth 25
2018-06-10 19:27:16,289 start mining - hash 51ee6af0426b1c4f6584a34308f0c061627675a3b35185505f0dff4215e228ff
2018-06-10 19:27:16,289 END: MALICIOUS WIN
2018-06-10 19:27:17,576 RCV proposal_commit
2018-06-10 19:27:17,578 appended malicious propose 17bb348a7f on top of 51ee6af042
2018-06-10 19:27:17,578 appended malicious commit 0f472097cd on top of 17bb348a7f
2018-06-10 19:27:17,579 weight: 26
2018-06-10 19:27:17,579 , 26
2018-06-10 19:27:17,579 start mining - depth 26
2018-06-10 19:27:17,579 start mining - hash 0f472097cd8cb0d67c3e79818198b4710ab89ce436a10f904619697130687a12
2018-06-10 19:27:17,579 END: MALICIOUS WIN
2018-06-10 19:27:22,108 RF found but not transmitted
2018-06-10 19:27:32,083 RCV proposal_commit
2018-06-10 19:27:32,086 appended malicious propose 7c10bd0849 on top of 0f472097cd
2018-06-10 19:27:32,087 appended malicious commit 601325c4a2 on top of 7c10bd0849
2018-06-10 19:27:32,087 weight: 27
2018-06-10 19:27:32,088 , 27
2018-06-10 19:27:32,088 start mining - depth 27
2018-06-10 19:27:32,089 start mining - hash 601325c4a262df263846e0d57cd84d18b121b1357f12029d831bded20de40835
2018-06-10 19:27:32,089 END: MALICIOUS WIN
2018-06-10 19:27:32,954 RCV proposal_commit
2018-06-10 19:27:32,956 appended malicious propose f163fc7b31 on top of 601325c4a2
2018-06-10 19:27:32,956 appended malicious commit 9a00c2fdca on top of f163fc7b31
2018-06-10 19:27:32,957 weight: 28
2018-06-10 19:27:32,960 , 28
2018-06-10 19:27:32,960 start mining - depth 28
2018-06-10 19:27:32,960 start mining - hash 9a00c2fdca7152729eedd90e1e56e0a6b00d456d6651ceeff7306a2c4d7940c2
2018-06-10 19:27:32,961 END: MALICIOUS WIN
2018-06-10 19:27:34,914 RCV proposal_commit
2018-06-10 19:27:34,916 appended malicious propose 2d352545da on top of 9a00c2fdca
2018-06-10 19:27:34,917 appended malicious commit 5db63536c7 on top of 2d352545da
2018-06-10 19:27:34,917 weight: 29
2018-06-10 19:27:34,917 , 29
2018-06-10 19:27:34,918 start mining - depth 29
2018-06-10 19:27:34,918 start mining - hash 5db63536c7eaec41fa063ea60e7552902a77575c17d4271034a5926f525a3e3a
2018-06-10 19:27:34,919 END: MALICIOUS WIN
2018-06-10 19:27:42,488 RF found but not transmitted
2018-06-10 19:27:46,630 RCV proposal_commit
2018-06-10 19:27:46,633 appended malicious propose f65f9a36bc on top of 5db63536c7
2018-06-10 19:27:46,633 appended malicious commit c68bf7277d on top of f65f9a36bc
2018-06-10 19:27:46,633 weight: 30
2018-06-10 19:27:46,633 , 30
2018-06-10 19:27:46,633 start mining - depth 30
2018-06-10 19:27:46,634 start mining - hash c68bf7277d67ac4328f001d5583bbdba56db551409fbb802527564c3b9de1e7e
2018-06-10 19:27:46,634 END: MALICIOUS WIN
2018-06-10 19:27:48,944 RCV proposal_commit
2018-06-10 19:27:48,951 appended malicious propose b95e35751f on top of c68bf7277d
2018-06-10 19:27:48,951 appended malicious commit 5139bb9b0e on top of b95e35751f
2018-06-10 19:27:48,951 weight: 31
2018-06-10 19:27:48,951 , 31
2018-06-10 19:27:48,952 start mining - depth 31
2018-06-10 19:27:48,952 start mining - hash 5139bb9b0eb99e733dccefba436d320af1e2209a25fef00dc1acb897411b15d7
2018-06-10 19:27:48,952 END: MALICIOUS WIN
2018-06-10 19:27:50,429 RF found but not transmitted
2018-06-10 19:28:00,579 RF found but not transmitted
2018-06-10 19:28:00,856 RCV proposal_commit
2018-06-10 19:28:00,860 appended malicious propose a356f81f39 on top of 5139bb9b0e
2018-06-10 19:28:00,861 appended malicious commit e4bf1ef77b on top of a356f81f39
2018-06-10 19:28:00,861 weight: 32
2018-06-10 19:28:00,861 , 32
2018-06-10 19:28:00,861 start mining - depth 32
2018-06-10 19:28:00,861 start mining - hash e4bf1ef77be1ab41729529c4ca25d0134e3a4524ba1d1b7e70e4ba29f2e0e7cd
2018-06-10 19:28:00,861 END: MALICIOUS WIN
2018-06-10 19:28:01,040 RCV proposal_commit
2018-06-10 19:28:01,043 appended malicious propose 52dc9e1506 on top of e4bf1ef77b
2018-06-10 19:28:01,043 appended malicious commit ead6efb126 on top of 52dc9e1506
2018-06-10 19:28:01,043 weight: 33
2018-06-10 19:28:01,043 , 33
2018-06-10 19:28:01,043 start mining - depth 33
2018-06-10 19:28:01,044 start mining - hash ead6efb126c6899938bf91f6ea01a12d0f2c32ecc71aeef727cf931d1150d22b
2018-06-10 19:28:01,044 END: MALICIOUS WIN
2018-06-10 19:28:02,037 RCV proposal_commit
2018-06-10 19:28:02,039 appended malicious propose 5efcd4f66a on top of ead6efb126
2018-06-10 19:28:02,039 appended malicious commit 46ff68de7a on top of 5efcd4f66a
2018-06-10 19:28:02,039 weight: 34
2018-06-10 19:28:02,039 , 34
2018-06-10 19:28:02,041 start mining - depth 34
2018-06-10 19:28:02,042 start mining - hash 46ff68de7a6f5a3887e0c54bbe5efaf0d77a199f6887babc015bf351e88bad7a
2018-06-10 19:28:02,042 END: MALICIOUS WIN
2018-06-10 19:28:13,375 RF found but not transmitted
2018-06-10 19:28:13,801 RCV proposal_commit
2018-06-10 19:28:13,805 appended malicious propose 86ed1108d5 on top of 46ff68de7a
2018-06-10 19:28:13,806 appended malicious commit dac5f9c14d on top of 86ed1108d5
2018-06-10 19:28:13,806 weight: 35
2018-06-10 19:28:13,806 , 35
2018-06-10 19:28:13,806 start mining - depth 35
2018-06-10 19:28:13,807 start mining - hash dac5f9c14df3addc0b26737df286ff28d5d4080f22cf1c14d77663ba819c885b
2018-06-10 19:28:13,807 END: MALICIOUS WIN
2018-06-10 19:28:13,807 Hashing frequency: 3282
2018-06-10 19:28:20,206 RF found but not transmitted
2018-06-10 19:28:22,138 RCV proposal_commit
2018-06-10 19:28:22,141 appended malicious propose 649894b427 on top of dac5f9c14d
2018-06-10 19:28:22,141 appended malicious commit 3112360006 on top of 649894b427
2018-06-10 19:28:22,141 weight: 36
2018-06-10 19:28:22,141 , 36
2018-06-10 19:28:22,142 start mining - depth 36
2018-06-10 19:28:22,142 start mining - hash 3112360006e9e9812c435e48bbb3363263603df45748bf2ebba01263d98b96ac
2018-06-10 19:28:22,142 END: MALICIOUS WIN
2018-06-10 19:28:23,455 RCV proposal_commit
2018-06-10 19:28:23,460 appended malicious propose c0eba2d07e on top of 3112360006
2018-06-10 19:28:23,460 appended malicious commit 7b0f015e68 on top of c0eba2d07e
2018-06-10 19:28:23,460 weight: 37
2018-06-10 19:28:23,460 , 37
2018-06-10 19:28:23,461 start mining - depth 37
2018-06-10 19:28:23,461 start mining - hash 7b0f015e6888693477329b28c6caf1ef278b1aef553a85a19cbbfc08fb122e5b
2018-06-10 19:28:23,461 END: MALICIOUS WIN
2018-06-10 19:28:23,628 RCV proposal_commit
2018-06-10 19:28:23,631 appended malicious propose 1a94f66afb on top of 7b0f015e68
2018-06-10 19:28:23,631 appended malicious commit cd76bf0576 on top of 1a94f66afb
2018-06-10 19:28:23,631 weight: 38
2018-06-10 19:28:23,634 , 38
2018-06-10 19:28:23,635 start mining - depth 38
2018-06-10 19:28:23,635 start mining - hash cd76bf05764300d41735a5a34e5e3a911bc0a1b5cb2985dffd37e0a3cf83833d
2018-06-10 19:28:23,635 END: MALICIOUS WIN
2018-06-10 19:28:27,159 RF found but not transmitted
2018-06-10 19:28:33,638 RCV proposal_commit
2018-06-10 19:28:33,640 appended malicious propose 8ebafe4d63 on top of cd76bf0576
2018-06-10 19:28:33,641 appended malicious commit eba53185d6 on top of 8ebafe4d63
2018-06-10 19:28:33,641 weight: 39
2018-06-10 19:28:33,641 , 39
2018-06-10 19:28:33,641 start mining - depth 39
2018-06-10 19:28:33,641 start mining - hash eba53185d612d4ce75abbdfdddbd1c8301dc409fd93eefb4e01433e82b1cf550
2018-06-10 19:28:33,642 END: MALICIOUS WIN
2018-06-10 19:28:56,083 ---------------------------------------------------------
2018-06-10 19:28:56,086 PURE BLOCKCHAIN state
2018-06-10 19:28:57,105 start mining - depth 0
2018-06-10 19:28:57,106 start mining - hash 53e1a460df1f65fa31e4943f57cb27699f778e71068779e170fcf8b2f82c50a9
2018-06-10 19:28:57,482 RF found but not transmitted
2018-06-10 19:28:58,505 RCV proposal_commit
2018-06-10 19:28:58,508 appended honest propose 9476680088 on top of 53e1a460df
2018-06-10 19:28:58,508 appended honest commit 4912229b04 on top of 9476680088
2018-06-10 19:28:58,508 weight: 1
2018-06-10 19:28:58,508 , 1
2018-06-10 19:28:58,510 start mining - depth 1
2018-06-10 19:28:58,511 start mining - hash 4912229b0493c6f08ac889eba789ff2479dfd13114e9cb17570e67161c89969c
2018-06-10 19:28:58,703 RF found but not transmitted
2018-06-10 19:29:02,675 RF found but not transmitted
2018-06-10 19:29:05,894 RF found but not transmitted
2018-06-10 19:29:08,489 RF found but not transmitted
2018-06-10 19:29:12,718 RF found but not transmitted
2018-06-10 19:29:12,720 hash found
2018-06-10 19:29:12,723 appended honest propose e7aeb078ec on top of 4912229b04
2018-06-10 19:29:12,724 appended honest commit bf49594f2a on top of e7aeb078ec
2018-06-10 19:29:12,724 weight: 2
2018-06-10 19:29:12,724 , 2
2018-06-10 19:29:12,724 SNT proposal_commit
2018-06-10 19:29:12,778 start mining - depth 2
2018-06-10 19:29:12,779 start mining - hash bf49594f2af98a5daf957b710c2f9d589dde964a978b0a05825909a5a1ca99b5
2018-06-10 19:29:19,401 RF found but not transmitted
2018-06-10 19:29:19,891 RCV proposal_commit
2018-06-10 19:29:19,893 appended malicious propose 5fdec04715 on top of bf49594f2a
2018-06-10 19:29:19,894 appended malicious commit 96a79cd185 on top of 5fdec04715
2018-06-10 19:29:19,894 weight: 3
2018-06-10 19:29:19,894 , 3
2018-06-10 19:29:19,906 start mining - depth 3
2018-06-10 19:29:19,906 start mining - hash 96a79cd185267513c3f202b5e4e26773b29eb2f02cbdbcab434c9ace7ea6ff0f
2018-06-10 19:29:19,906 END: MALICIOUS WIN
2018-06-10 19:29:25,069 RF found but not transmitted
2018-06-10 19:29:29,974 RF found but not transmitted
2018-06-10 19:29:33,887 RF found but not transmitted
2018-06-10 19:29:43,165 ---------------------------------------------------------
2018-06-10 19:29:43,166 PURE BLOCKCHAIN state
2018-06-10 19:29:44,184 start mining - depth 0
2018-06-10 19:29:44,184 start mining - hash 1b5e09117214abe7c10adf3c444383938aeb7b4833007e5ef8b2df0f775b297f
2018-06-10 19:29:45,238 RCV proposal_commit
2018-06-10 19:29:45,240 appended honest propose 317d7b79c2 on top of 1b5e091172
2018-06-10 19:29:45,241 appended honest commit 15df5f15dc on top of 317d7b79c2
2018-06-10 19:29:45,241 weight: 1
2018-06-10 19:29:45,241 , 1
2018-06-10 19:29:45,241 start mining - depth 1
2018-06-10 19:29:45,241 start mining - hash 15df5f15dc61ac4f56b3aa5fdb1d509181150732484382cde6b4e7a0ab4eeb9b
2018-06-10 19:29:50,680 RCV proposal_commit
2018-06-10 19:29:50,683 appended honest propose eb03b2f269 on top of 15df5f15dc
2018-06-10 19:29:50,683 appended honest commit 7382631da2 on top of eb03b2f269
2018-06-10 19:29:50,683 weight: 2
2018-06-10 19:29:50,683 , 2
2018-06-10 19:29:50,684 start mining - depth 2
2018-06-10 19:29:50,684 start mining - hash 7382631da26c59271317aa739960b23a9eea1d17d321c386c3e31ccd6b99ab28
2018-06-10 19:29:54,616 RF found but not transmitted
2018-06-10 19:29:55,017 RF found but not transmitted
2018-06-10 19:30:11,189 RF found but not transmitted
2018-06-10 19:30:12,182 RF found but not transmitted
2018-06-10 19:30:14,473 RF found but not transmitted
2018-06-10 19:30:18,118 RCV proposal_commit
2018-06-10 19:30:18,121 appended malicious propose 3767569c48 on top of 15df5f15dc
2018-06-10 19:30:18,122 appended malicious commit 8d25825c86 on top of 3767569c48
2018-06-10 19:30:18,122 weight: 2
2018-06-10 19:30:18,122 , 2
2018-06-10 19:30:18,533 RF found but not transmitted
2018-06-10 19:30:20,524 RCV proposal_commit
2018-06-10 19:30:20,527 appended malicious propose 85324c7637 on top of 8d25825c86
2018-06-10 19:30:20,527 appended malicious commit 4f6a8e8670 on top of 85324c7637
2018-06-10 19:30:20,527 weight: 3
2018-06-10 19:30:20,533 , 3
2018-06-10 19:30:20,533 start mining - depth 3
2018-06-10 19:30:20,534 start mining - hash 4f6a8e8670139c8988a980c90c881af7a2b9417258fa20b3d8f42f50004e859d
2018-06-10 19:30:20,534 END: MALICIOUS WIN
2018-06-10 19:30:32,807 ---------------------------------------------------------
2018-06-10 19:30:32,815 PURE BLOCKCHAIN state
2018-06-10 19:30:33,832 start mining - depth 0
2018-06-10 19:30:33,833 start mining - hash ba0b76af15d61f29fe7b3afe56cc48f309db666611f0372ae29de122384790ce
2018-06-10 19:30:38,466 RF found but not transmitted
2018-06-10 19:30:41,697 RF found but not transmitted
2018-06-10 19:30:42,280 RF found but not transmitted
2018-06-10 19:30:43,290 RF found but not transmitted
2018-06-10 19:30:43,417 RF found but not transmitted
2018-06-10 19:30:43,422 hash found
2018-06-10 19:30:43,425 appended honest propose 3b5cbb3a64 on top of ba0b76af15
2018-06-10 19:30:43,425 appended honest commit 9e4b28e17b on top of 3b5cbb3a64
2018-06-10 19:30:43,425 weight: 1
2018-06-10 19:30:43,425 , 1
2018-06-10 19:30:43,425 SNT proposal_commit
2018-06-10 19:30:43,485 start mining - depth 1
2018-06-10 19:30:43,485 start mining - hash 9e4b28e17be18b8872b9aacf19b6a4eee906273b67a604e31e3437363bfe667d
2018-06-10 19:30:52,888 RF found but not transmitted
2018-06-10 19:30:53,986 RF found but not transmitted
2018-06-10 19:30:59,156 RCV proposal_commit
2018-06-10 19:30:59,161 appended malicious propose 8312248d35 on top of 9e4b28e17b
2018-06-10 19:30:59,162 appended malicious commit cc68ee3074 on top of 8312248d35
2018-06-10 19:30:59,162 weight: 2
2018-06-10 19:30:59,165 , 2
2018-06-10 19:30:59,172 start mining - depth 2
2018-06-10 19:30:59,172 start mining - hash cc68ee307419bb13ba1fd06c2b22d19176fa8b52042e5df33e39178ad5c4390d
2018-06-10 19:30:59,172 END: MALICIOUS WIN
2018-06-10 19:30:59,632 RCV proposal_commit
2018-06-10 19:30:59,635 appended malicious propose 61aa85a832 on top of cc68ee3074
2018-06-10 19:30:59,635 appended malicious commit 36ec3c62f3 on top of 61aa85a832
2018-06-10 19:30:59,635 weight: 3
2018-06-10 19:30:59,635 , 3
2018-06-10 19:30:59,636 start mining - depth 3
2018-06-10 19:30:59,636 start mining - hash 36ec3c62f37f96f5b1f4a4926cfceaae734368fbc75b5b5117d79bb768c80cd4
2018-06-10 19:30:59,637 END: MALICIOUS WIN
2018-06-10 19:31:02,637 RCV proposal_commit
2018-06-10 19:31:02,640 appended malicious propose ef6c8d7123 on top of 36ec3c62f3
2018-06-10 19:31:02,641 appended malicious commit 6580720cda on top of ef6c8d7123
2018-06-10 19:31:02,641 weight: 4
2018-06-10 19:31:02,641 , 4
2018-06-10 19:31:02,642 start mining - depth 4
2018-06-10 19:31:02,649 start mining - hash 6580720cda39b6dec86ab7a843f5bc096364f3a1ed4c0e76feeb508c2fd3e3dc
2018-06-10 19:31:02,650 END: MALICIOUS WIN
2018-06-10 19:31:15,382 ---------------------------------------------------------
2018-06-10 19:31:15,383 PURE BLOCKCHAIN state
2018-06-10 19:31:16,420 start mining - depth 0
2018-06-10 19:31:16,421 start mining - hash 16d0e315e0da7e574b1f7dbba9a205f09ba11ba56389ba392cf1f13e80d77d3c
2018-06-10 19:31:17,371 RF found but not transmitted
2018-06-10 19:31:23,967 RF found but not transmitted
2018-06-10 19:31:32,826 RF found but not transmitted
2018-06-10 19:31:37,462 RF found but not transmitted
2018-06-10 19:31:48,530 RF found but not transmitted
2018-06-10 19:31:51,714 RF found but not transmitted
2018-06-10 19:31:52,655 RF found but not transmitted
2018-06-10 19:32:02,541 RF found but not transmitted
2018-06-10 19:32:06,750 RF found but not transmitted
2018-06-10 19:32:07,370 RCV proposal_commit
2018-06-10 19:32:07,373 appended honest propose 3e769bdbcc on top of 16d0e315e0
2018-06-10 19:32:07,373 appended honest commit e72a02deae on top of 3e769bdbcc
2018-06-10 19:32:07,373 weight: 1
2018-06-10 19:32:07,374 , 1
2018-06-10 19:32:07,382 start mining - depth 1
2018-06-10 19:32:07,382 start mining - hash e72a02deae65a20516aba52c1679a61d2d503677e89f7eca2df02d5d249b98e3
2018-06-10 19:32:08,881 RCV proposal_commit
2018-06-10 19:32:08,883 appended honest propose 62209d358b on top of e72a02deae
2018-06-10 19:32:08,883 appended honest commit f98ced8102 on top of 62209d358b
2018-06-10 19:32:08,883 weight: 2
2018-06-10 19:32:08,883 , 2
2018-06-10 19:32:08,884 start mining - depth 2
2018-06-10 19:32:08,884 start mining - hash f98ced8102d6c2c055e6075172206f9622025dcd8a2a649ba73ffd4cd2a4834f
2018-06-10 19:32:10,808 RCV proposal_commit
2018-06-10 19:32:10,811 appended malicious propose 28d18e2b1d on top of e72a02deae
2018-06-10 19:32:10,811 appended malicious commit 9112ba96c8 on top of 28d18e2b1d
2018-06-10 19:32:10,811 weight: 2
2018-06-10 19:32:10,811 , 2
2018-06-10 19:32:12,676 RF found but not transmitted
2018-06-10 19:32:13,831 RF found but not transmitted
2018-06-10 19:32:14,824 RF found but not transmitted
2018-06-10 19:32:15,540 RF found but not transmitted
2018-06-10 19:32:17,141 RF found but not transmitted
2018-06-10 19:32:18,139 RF found but not transmitted
2018-06-10 19:32:21,202 RF found but not transmitted
2018-06-10 19:32:28,121 RCV proposal_commit
2018-06-10 19:32:28,124 appended malicious propose 0582c176ac on top of 9112ba96c8
2018-06-10 19:32:28,124 appended malicious commit 67ef80fddd on top of 0582c176ac
2018-06-10 19:32:28,124 weight: 3
2018-06-10 19:32:28,124 , 3
2018-06-10 19:32:28,125 start mining - depth 3
2018-06-10 19:32:28,125 start mining - hash 67ef80fddd9a6d51d8b02e6dafd370efedcf5c3c4518c6d0c6812304ba1f50f3
2018-06-10 19:32:28,125 END: MALICIOUS WIN
2018-06-10 19:32:28,125 Hashing frequency: 3913
2018-06-10 19:32:29,731 RCV proposal_commit
2018-06-10 19:32:29,736 appended malicious propose 8ec84cb418 on top of 67ef80fddd
2018-06-10 19:32:29,736 appended malicious commit 822945032d on top of 8ec84cb418
2018-06-10 19:32:29,736 weight: 4
2018-06-10 19:32:29,739 , 4
2018-06-10 19:32:29,740 start mining - depth 4
2018-06-10 19:32:29,740 start mining - hash 822945032dbf1e5b9e2735977e82b5b5563da864dd9981b5d01f978ff888b009
2018-06-10 19:32:29,740 END: MALICIOUS WIN
2018-06-10 19:32:31,376 RF found but not transmitted
2018-06-10 19:32:31,377 hash found
2018-06-10 19:32:31,381 appended malicious propose 8c3f5debb0 on top of 822945032d
2018-06-10 19:32:31,382 appended malicious commit 80d07934f1 on top of 8c3f5debb0
2018-06-10 19:32:31,382 weight: 5
2018-06-10 19:32:31,382 , 5
2018-06-10 19:32:31,382 SNT proposal_commit
2018-06-10 19:32:31,471 start mining - depth 5
2018-06-10 19:32:31,472 start mining - hash 80d07934f1b501a05ee19423a8625946fb557cec5399874ba8f735327d722d29
2018-06-10 19:32:31,472 END: MALICIOUS WIN
2018-06-10 19:32:31,718 RCV proposal_commit
2018-06-10 19:32:31,722 appended malicious propose 0d7087333d on top of 80d07934f1
2018-06-10 19:32:31,723 appended malicious commit 595c5939cd on top of 0d7087333d
2018-06-10 19:32:31,723 weight: 6
2018-06-10 19:32:31,723 , 6
2018-06-10 19:32:31,723 start mining - depth 6
2018-06-10 19:32:31,723 start mining - hash 595c5939cd4e43b62baccff69fbc8deaa359867bd8645f69e018ac469922b105
2018-06-10 19:32:31,723 END: MALICIOUS WIN
2018-06-10 19:32:41,622 ---------------------------------------------------------
2018-06-10 19:32:41,623 PURE BLOCKCHAIN state
2018-06-10 19:32:42,634 start mining - depth 0
2018-06-10 19:32:42,635 start mining - hash e50962104fb2ae874fb52ab95e0115dea3e5c7857fdea7e267b864716f458e74
2018-06-10 19:32:48,026 RF found but not transmitted
2018-06-10 19:32:49,579 RF found but not transmitted
2018-06-10 19:32:52,007 RF found but not transmitted
2018-06-10 19:32:53,394 RF found but not transmitted
2018-06-10 19:33:00,685 RF found but not transmitted
2018-06-10 19:33:10,181 RF found but not transmitted
2018-06-10 19:33:15,305 RF found but not transmitted
2018-06-10 19:33:15,306 hash found
2018-06-10 19:33:15,308 appended honest propose ccc003dc4a on top of e50962104f
2018-06-10 19:33:15,309 appended honest commit d7768c14b6 on top of ccc003dc4a
2018-06-10 19:33:15,309 weight: 1
2018-06-10 19:33:15,309 , 1
2018-06-10 19:33:15,310 SNT proposal_commit
2018-06-10 19:33:15,365 start mining - depth 1
2018-06-10 19:33:15,365 start mining - hash d7768c14b691cd02d39c8977c702b1c9d356ef9fa7e17774ca8f66f313e208ab
2018-06-10 19:33:20,432 RF found but not transmitted
2018-06-10 19:33:22,423 RF found but not transmitted
2018-06-10 19:33:23,672 RCV proposal_commit
2018-06-10 19:33:23,674 appended honest propose 345c6cb5a7 on top of d7768c14b6
2018-06-10 19:33:23,675 appended honest commit 029c910b85 on top of 345c6cb5a7
2018-06-10 19:33:23,675 weight: 2
2018-06-10 19:33:23,678 , 2
2018-06-10 19:33:23,679 start mining - depth 2
2018-06-10 19:33:23,679 start mining - hash 029c910b855d817ef06b72d906f706ce5bac574a2ccb8e0baf04437a3aa128a1
2018-06-10 19:33:27,460 RF found but not transmitted
2018-06-10 19:33:27,537 RF found but not transmitted
2018-06-10 19:33:29,225 RCV proposal_commit
2018-06-10 19:33:29,227 appended malicious propose 19f87e8eff on top of 029c910b85
2018-06-10 19:33:29,228 appended malicious commit 3b56c70d2a on top of 19f87e8eff
2018-06-10 19:33:29,228 weight: 3
2018-06-10 19:33:29,228 , 3
2018-06-10 19:33:29,232 start mining - depth 3
2018-06-10 19:33:29,232 start mining - hash 3b56c70d2af299f20d74151c242cc1146baf9555952d568a35103e89b147fe96
2018-06-10 19:33:29,232 END: MALICIOUS WIN
2018-06-10 19:33:29,690 RCV proposal_commit
2018-06-10 19:33:29,696 appended malicious propose 3019283556 on top of 3b56c70d2a
2018-06-10 19:33:29,696 appended malicious commit 0238e78a54 on top of 3019283556
2018-06-10 19:33:29,697 weight: 4
2018-06-10 19:33:29,697 , 4
2018-06-10 19:33:29,702 start mining - depth 4
2018-06-10 19:33:29,702 start mining - hash 0238e78a54053dee373e1c7bb7bd2dbf8efc9dc367725257ca4f4acce26fec73
2018-06-10 19:33:29,702 END: MALICIOUS WIN
2018-06-10 19:33:31,498 RF found but not transmitted
