2018-06-11 19:20:23,947 ---------------------------------------------------------
2018-06-11 19:20:23,948 MALICIOUS MINING state
2018-06-11 19:20:24,976 start mining - depth 0
2018-06-11 19:20:24,977 start mining - hash 721a6e71ba8b845d115029e081bf3fbe9fbbdccb1eb1f5dbbf2306422818c751
2018-06-11 19:20:26,232 RCV reinforcement info
2018-06-11 19:20:28,309 RCV reinforcement info
2018-06-11 19:20:28,690 RCV reinforcement info
2018-06-11 19:20:30,346 RCV reinforcement info
2018-06-11 19:20:35,258 RCV reinforcement info
2018-06-11 19:20:35,442 RCV reinforcement info
2018-06-11 19:20:35,541 RCV reinforcement info
2018-06-11 19:20:36,104 RCV proposal
2018-06-11 19:20:36,106 appended honest propose 068ac21db1 on top of 721a6e71ba
2018-06-11 19:20:36,177 RCV reinforcement
2018-06-11 19:20:36,210 RCV reinforcement
2018-06-11 19:20:37,649 RCV commit
2018-06-11 19:20:37,674 appended honest commit f9c72eae92 on top of 068ac21db1
2018-06-11 19:20:37,709 Weight: 3.454248009875007 #RFs 7
2018-06-11 19:20:37,711 weight: 3.454248009875007
2018-06-11 19:20:37,711 , 3.454248009875007
2018-06-11 19:20:37,711 start mining - depth 1
2018-06-11 19:20:37,712 start mining - hash f9c72eae92ea32f99dccc5a1b0f4597f7cce7feef63f0bb09843af8edde00129
2018-06-11 19:20:38,125 RCV reinforcement info
2018-06-11 19:20:38,802 RCV reinforcement info
2018-06-11 19:20:38,924 RCV reinforcement info
2018-06-11 19:20:41,263 RCV reinforcement info
2018-06-11 19:20:41,778 RCV reinforcement info
2018-06-11 19:20:42,443 RCV malicious_prop_agreement
2018-06-11 19:20:42,599 RCV reinforcement info
2018-06-11 19:20:43,565 RF found but not transmitted
2018-06-11 19:20:46,237 RCV reinforcement info
2018-06-11 19:20:49,083 RCV reinforcement info
2018-06-11 19:20:50,278 RF found but not transmitted
2018-06-11 19:20:50,523 RCV reinforcement info
2018-06-11 19:20:51,263 RCV reinforcement info
2018-06-11 19:20:55,686 RCV reinforcement info
2018-06-11 19:20:57,078 RCV reinforcement info
2018-06-11 19:20:57,295 RCV reinforcement info
2018-06-11 19:20:57,708 RCV reinforcement info
2018-06-11 19:20:59,286 RCV reinforcement info
2018-06-11 19:21:00,247 RCV reinforcement info
2018-06-11 19:21:01,620 RCV reinforcement info
2018-06-11 19:21:02,363 RCV reinforcement info
2018-06-11 19:21:02,478 RF found but not transmitted
2018-06-11 19:21:02,999 RCV reinforcement info
2018-06-11 19:21:03,178 RCV reinforcement info
2018-06-11 19:21:03,247 RCV reinforcement info
2018-06-11 19:21:03,781 RCV reinforcement info
2018-06-11 19:21:04,260 RCV proposal
2018-06-11 19:21:04,263 appended honest propose cedfb5e8e6 on top of f9c72eae92
2018-06-11 19:21:04,319 RCV reinforcement
2018-06-11 19:21:04,323 RCV reinforcement
2018-06-11 19:21:05,623 RCV reinforcement info
2018-06-11 19:21:05,679 RCV reinforcement
2018-06-11 19:21:05,807 RCV commit
2018-06-11 19:21:05,900 appended honest commit 6a0827e6a2 on top of cedfb5e8e6
2018-06-11 19:21:06,004 Weight: 8.274289837764888 #RFs 23
2018-06-11 19:21:06,004 weight: 8.274289837764888
2018-06-11 19:21:06,004 , 8.274289837764888
2018-06-11 19:21:06,120 RCV proposal
2018-06-11 19:21:06,126 appended malicious propose 21a150c68a on top of f9c72eae92
2018-06-11 19:21:06,127 REINFORCEMENT SENT state
2018-06-11 19:21:06,128 SNT reinforcement
2018-06-11 19:21:06,300 RCV reinforcement
2018-06-11 19:21:06,315 RCV reinforcement
2018-06-11 19:21:06,320 RCV reinforcement
2018-06-11 19:21:06,324 RCV reinforcement
2018-06-11 19:21:06,339 RCV reinforcement
2018-06-11 19:21:06,920 RCV proposal
2018-06-11 19:21:06,923 appended honest propose 6fff3ad112 on top of 6a0827e6a2
2018-06-11 19:21:07,738 RCV commit
2018-06-11 19:21:07,946 appended malicious commit 781ecbe9a6 on top of 21a150c68a
2018-06-11 19:21:08,167 Weight: 16.267698864071928 #RFs 44
2018-06-11 19:21:08,168 weight: 16.267698864071928
2018-06-11 19:21:08,168 , 16.267698864071928
2018-06-11 19:21:08,169 MALICIOUS MINING state
2018-06-11 19:21:08,169 start mining - depth 2
2018-06-11 19:21:08,170 start mining - hash 781ecbe9a67f4349e9f937f1cd076b6b9d8b125ab2fedd7cd780c486f3407c58
2018-06-11 19:21:08,440 RCV commit
2018-06-11 19:21:08,440 appended honest commit e7e5b668cb on top of 6fff3ad112
2018-06-11 19:21:08,441 Weight: 9.274289837764888 #RFs 0
2018-06-11 19:21:08,441 weight: 9.274289837764888
2018-06-11 19:21:08,441 , 9.274289837764888
2018-06-11 19:21:08,444 Synchronizing branches
2018-06-11 19:21:08,444 start mining - depth 2
2018-06-11 19:21:08,445 start mining - hash 781ecbe9a67f4349e9f937f1cd076b6b9d8b125ab2fedd7cd780c486f3407c58
2018-06-11 19:21:09,271 RCV malicious_prop_agreement
2018-06-11 19:21:09,886 RCV reinforcement info
2018-06-11 19:21:10,728 RF found but not transmitted
2018-06-11 19:21:11,113 RCV reinforcement info
2018-06-11 19:21:12,189 RCV reinforcement info
2018-06-11 19:21:14,661 RCV reinforcement info
2018-06-11 19:21:15,196 RCV reinforcement info
2018-06-11 19:21:16,469 RF found but not transmitted
2018-06-11 19:21:16,865 RF found but not transmitted
2018-06-11 19:21:16,878 RCV reinforcement info
2018-06-11 19:21:17,049 RF found but not transmitted
2018-06-11 19:21:17,577 RCV reinforcement info
2018-06-11 19:21:20,688 RCV reinforcement info
2018-06-11 19:21:23,007 RF found but not transmitted
2018-06-11 19:21:23,447 RF found but not transmitted
2018-06-11 19:21:25,711 RCV reinforcement info
2018-06-11 19:21:25,823 RCV reinforcement info
2018-06-11 19:21:26,440 RCV reinforcement info
2018-06-11 19:21:27,170 RCV reinforcement info
2018-06-11 19:21:27,712 RCV reinforcement info
2018-06-11 19:21:28,736 RCV reinforcement info
2018-06-11 19:21:29,301 RCV proposal
2018-06-11 19:21:29,319 appended honest propose 6b7177fdcf on top of 781ecbe9a6
2018-06-11 19:21:29,377 RCV reinforcement
2018-06-11 19:21:29,390 RCV reinforcement
2018-06-11 19:21:29,631 RCV reinforcement info
2018-06-11 19:21:29,684 RCV reinforcement
2018-06-11 19:21:30,849 RCV commit
2018-06-11 19:21:30,920 appended honest commit d6f9dd6c65 on top of 6b7177fdcf
2018-06-11 19:21:30,999 Weight: 20.026101722612502 #RFs 15
2018-06-11 19:21:30,999 weight: 20.026101722612502
2018-06-11 19:21:30,999 , 20.026101722612502
2018-06-11 19:21:31,153 RCV proposal
2018-06-11 19:21:31,156 appended malicious propose 1a63f2e21c on top of 781ecbe9a6
2018-06-11 19:21:31,158 REINFORCEMENT SENT state
2018-06-11 19:21:31,159 SNT reinforcement
2018-06-11 19:21:31,383 RCV reinforcement
2018-06-11 19:21:31,395 RCV reinforcement
2018-06-11 19:21:31,398 RCV reinforcement
2018-06-11 19:21:31,412 RCV reinforcement
2018-06-11 19:21:31,421 RCV reinforcement
2018-06-11 19:21:31,582 RCV reinforcement
2018-06-11 19:21:31,812 RCV reinforcement
2018-06-11 19:21:32,005 RF found but not transmitted
2018-06-11 19:21:32,008 SNT reinforcement
2018-06-11 19:21:32,675 RCV reinforcement
2018-06-11 19:21:32,752 RCV reinforcement
2018-06-11 19:21:32,778 RCV commit
2018-06-11 19:21:32,986 appended malicious commit 992fac90e7 on top of 1a63f2e21c
2018-06-11 19:21:33,214 Weight: 27.089357697899143 #RFs 40
2018-06-11 19:21:33,214 weight: 27.089357697899143
2018-06-11 19:21:33,214 , 27.089357697899143
2018-06-11 19:21:33,215 MALICIOUS MINING state
2018-06-11 19:21:33,215 start mining - depth 3
2018-06-11 19:21:33,215 start mining - hash 992fac90e7c02a16b6a18668f3706f6db36317098c1faa36e7b0e1a9e7b9a40f
2018-06-11 19:21:33,216 Hashing frequency: 3667
2018-06-11 19:21:37,359 RCV reinforcement info
2018-06-11 19:21:37,901 RCV reinforcement info
2018-06-11 19:21:38,055 RCV reinforcement info
2018-06-11 19:21:38,870 RCV reinforcement info
2018-06-11 19:21:39,063 RCV reinforcement info
2018-06-11 19:21:40,425 RF found but not transmitted
2018-06-11 19:21:40,442 RF found but not transmitted
2018-06-11 19:21:40,794 RCV reinforcement info
2018-06-11 19:21:41,541 RCV reinforcement info
2018-06-11 19:21:42,409 RCV reinforcement info
2018-06-11 19:21:43,203 RF found but not transmitted
2018-06-11 19:21:43,940 RCV reinforcement info
2018-06-11 19:21:43,958 RF found but not transmitted
2018-06-11 19:21:45,333 RCV proposal
2018-06-11 19:21:45,337 appended honest propose bb72373478 on top of 992fac90e7
2018-06-11 19:21:45,402 RCV reinforcement
2018-06-11 19:21:45,428 RCV reinforcement
2018-06-11 19:21:45,905 RCV reinforcement info
2018-06-11 19:21:45,957 RCV reinforcement
2018-06-11 19:21:46,861 RCV commit
2018-06-11 19:21:46,905 appended honest commit 66eb488115 on top of bb72373478
2018-06-11 19:21:46,964 Weight: 29.527794921879345 #RFs 9
2018-06-11 19:21:46,965 weight: 29.527794921879345
2018-06-11 19:21:46,967 , 29.527794921879345
2018-06-11 19:21:46,969 start mining - depth 4
2018-06-11 19:21:46,969 start mining - hash 66eb4881155b0783819a761cc183bc21d70ccd56def0c8dd938dc36a10fb4c38
2018-06-11 19:21:48,112 RCV reinforcement info
2018-06-11 19:21:50,605 RCV reinforcement info
2018-06-11 19:21:50,857 RCV reinforcement info
2018-06-11 19:21:51,997 RCV malicious_prop_agreement
2018-06-11 19:21:52,118 RCV reinforcement info
2018-06-11 19:21:52,746 RCV reinforcement info
2018-06-11 19:21:54,603 RF found but not transmitted
2018-06-11 19:21:55,925 RCV proposal
2018-06-11 19:21:55,929 appended honest propose 3ae79c6bff on top of 66eb488115
2018-06-11 19:21:56,084 RCV reinforcement
2018-06-11 19:21:56,117 RCV reinforcement
2018-06-11 19:21:57,435 RCV commit
2018-06-11 19:21:57,466 appended honest commit b45e0285b9 on top of 3ae79c6bff
2018-06-11 19:21:57,507 Weight: 31.041767097407472 #RFs 5
2018-06-11 19:21:57,507 weight: 31.041767097407472
2018-06-11 19:21:57,508 , 31.041767097407472
2018-06-11 19:21:57,672 RCV proposal
2018-06-11 19:21:57,677 appended malicious propose 7c13547555 on top of 66eb488115
2018-06-11 19:21:57,678 REINFORCEMENT SENT state
2018-06-11 19:21:57,679 SNT reinforcement
2018-06-11 19:21:57,859 RCV reinforcement
2018-06-11 19:21:57,869 RCV reinforcement
2018-06-11 19:21:57,873 RCV reinforcement
2018-06-11 19:21:58,457 RCV reinforcement
2018-06-11 19:21:58,491 RF found but not transmitted
2018-06-11 19:21:58,494 SNT reinforcement
2018-06-11 19:21:58,747 RCV reinforcement info
2018-06-11 19:21:59,211 RCV commit
2018-06-11 19:21:59,290 appended malicious commit 2d16332f62 on top of 7c13547555
2018-06-11 19:21:59,347 Weight: 33.614921918135735 #RFs 13
2018-06-11 19:21:59,348 weight: 33.614921918135735
2018-06-11 19:21:59,348 , 33.614921918135735
2018-06-11 19:21:59,348 MALICIOUS MINING state
2018-06-11 19:21:59,348 start mining - depth 5
2018-06-11 19:21:59,350 start mining - hash 2d16332f62d0c8b673f7385405b56058539f4d7b0fc7586c4d653367322a19db
2018-06-11 19:22:00,893 RCV reinforcement info
2018-06-11 19:22:02,829 RCV reinforcement info
2018-06-11 19:22:07,807 RCV reinforcement info
2018-06-11 19:22:08,469 RF found but not transmitted
2018-06-11 19:22:09,036 RCV reinforcement info
2018-06-11 19:22:10,763 RF found but not transmitted
2018-06-11 19:22:11,138 RCV reinforcement info
2018-06-11 19:22:11,163 RF found but not transmitted
2018-06-11 19:22:11,877 RF found but not transmitted
2018-06-11 19:22:13,523 RCV reinforcement info
2018-06-11 19:22:15,533 RCV reinforcement info
2018-06-11 19:22:16,517 RCV reinforcement info
2018-06-11 19:22:17,280 RCV malicious_prop_agreement
2018-06-11 19:22:17,886 RCV reinforcement info
2018-06-11 19:22:20,469 RCV reinforcement info
2018-06-11 19:22:21,393 RCV reinforcement info
2018-06-11 19:22:22,132 RCV reinforcement info
2018-06-11 19:22:22,333 RCV reinforcement info
2018-06-11 19:22:22,541 RF found but not transmitted
2018-06-11 19:22:22,687 RCV reinforcement info
2018-06-11 19:22:25,430 RF found but not transmitted
2018-06-11 19:22:26,321 RCV reinforcement info
2018-06-11 19:22:27,532 RCV reinforcement info
2018-06-11 19:22:27,649 RCV reinforcement info
2018-06-11 19:22:28,532 RCV reinforcement info
2018-06-11 19:22:28,970 RCV reinforcement info
2018-06-11 19:22:30,538 RCV reinforcement info
2018-06-11 19:22:31,597 RCV reinforcement info
2018-06-11 19:22:33,966 RCV reinforcement info
2018-06-11 19:22:34,843 RF found but not transmitted
2018-06-11 19:22:35,686 RCV reinforcement info
2018-06-11 19:22:35,765 RF found but not transmitted
2018-06-11 19:22:38,159 RCV reinforcement info
2018-06-11 19:22:39,100 RCV reinforcement info
2018-06-11 19:22:39,318 RCV reinforcement info
2018-06-11 19:22:39,734 RCV reinforcement info
2018-06-11 19:22:41,348 RCV reinforcement info
2018-06-11 19:22:42,413 RCV reinforcement info
2018-06-11 19:22:42,537 RF found but not transmitted
2018-06-11 19:22:43,004 RCV reinforcement info
2018-06-11 19:22:43,061 RF found but not transmitted
2018-06-11 19:22:43,147 RF found but not transmitted
2018-06-11 19:22:44,732 RF found but not transmitted
2018-06-11 19:22:47,373 RCV reinforcement info
2018-06-11 19:22:49,692 RCV reinforcement info
2018-06-11 19:22:50,538 RCV reinforcement info
2018-06-11 19:22:50,890 RCV reinforcement info
2018-06-11 19:22:51,037 RCV reinforcement info
2018-06-11 19:22:51,555 RF found but not transmitted
2018-06-11 19:22:51,768 RF found but not transmitted
2018-06-11 19:22:52,320 RCV reinforcement info
2018-06-11 19:22:55,058 RF found but not transmitted
2018-06-11 19:22:57,624 RF found but not transmitted
2018-06-11 19:22:59,451 RCV reinforcement info
2018-06-11 19:22:59,646 RF found but not transmitted
2018-06-11 19:23:02,101 RF found but not transmitted
2018-06-11 19:23:02,285 RCV reinforcement info
2018-06-11 19:23:03,665 RF found but not transmitted
2018-06-11 19:23:06,115 RCV reinforcement info
2018-06-11 19:23:07,443 RCV reinforcement info
2018-06-11 19:23:07,673 RCV reinforcement info
2018-06-11 19:23:08,032 RF found but not transmitted
2018-06-11 19:23:09,982 RF found but not transmitted
2018-06-11 19:23:11,546 RCV proposal
2018-06-11 19:23:11,550 appended honest propose 2cfd7df4bc on top of 2d16332f62
2018-06-11 19:23:11,616 RCV reinforcement
2018-06-11 19:23:11,630 RCV reinforcement
2018-06-11 19:23:12,744 RCV reinforcement info
2018-06-11 19:23:12,802 RCV reinforcement
2018-06-11 19:23:12,859 RCV reinforcement info
2018-06-11 19:23:12,924 RCV reinforcement
2018-06-11 19:23:13,208 RCV commit
2018-06-11 19:23:13,489 appended honest commit 906e54cc5d on top of 2cfd7df4bc
2018-06-11 19:23:13,735 Weight: 44.264289384783794 #RFs 43
2018-06-11 19:23:13,736 weight: 44.264289384783794
2018-06-11 19:23:13,736 , 44.264289384783794
2018-06-11 19:23:13,938 RCV proposal
2018-06-11 19:23:13,953 appended malicious propose c24a10a0f8 on top of 2d16332f62
2018-06-11 19:23:13,953 REINFORCEMENT SENT state
2018-06-11 19:23:13,955 SNT reinforcement
2018-06-11 19:23:14,123 RCV reinforcement
2018-06-11 19:23:14,127 RCV reinforcement
2018-06-11 19:23:14,151 RCV reinforcement
2018-06-11 19:23:14,166 RCV reinforcement
2018-06-11 19:23:14,171 RCV reinforcement
2018-06-11 19:23:14,365 RCV reinforcement info
2018-06-11 19:23:14,811 RCV reinforcement
2018-06-11 19:23:14,965 RCV reinforcement
2018-06-11 19:23:15,422 RCV reinforcement
2018-06-11 19:23:15,852 RCV commit
2018-06-11 19:23:16,565 appended malicious commit fc50b5e2fa on top of c24a10a0f8
2018-06-11 19:23:17,228 Weight: 64.48315874567405 #RFs 124
2018-06-11 19:23:17,228 weight: 64.48315874567405
2018-06-11 19:23:17,228 , 64.48315874567405
2018-06-11 19:23:17,228 MALICIOUS MINING state
2018-06-11 19:23:17,229 start mining - depth 6
2018-06-11 19:23:17,229 start mining - hash fc50b5e2fac0b6890cd11a46111d25fffe0a6ff5e39c9a05119ae7669a0514f6
2018-06-11 19:23:17,230 Hashing frequency: 5552
2018-06-11 19:23:18,239 RCV malicious_prop_agreement
2018-06-11 19:23:19,866 RCV reinforcement info
2018-06-11 19:23:20,259 RF found but not transmitted
2018-06-11 19:23:20,718 RCV reinforcement info
2018-06-11 19:23:21,444 RCV proposal
2018-06-11 19:23:21,451 appended honest propose cdbf8363c5 on top of fc50b5e2fa
2018-06-11 19:23:21,525 RCV reinforcement
2018-06-11 19:23:21,543 RCV reinforcement
2018-06-11 19:23:21,575 RCV reinforcement info
2018-06-11 19:23:21,639 RCV reinforcement
2018-06-11 19:23:21,866 RCV reinforcement info
2018-06-11 19:23:21,925 RCV reinforcement
2018-06-11 19:23:22,957 RCV commit
2018-06-11 19:23:22,986 appended honest commit 49a3eb1ed2 on top of cdbf8363c5
2018-06-11 19:23:22,993 Weight: 65.86460210914726 #RFs 3
2018-06-11 19:23:22,993 weight: 65.86460210914726
2018-06-11 19:23:22,993 , 65.86460210914726
2018-06-11 19:23:23,066 RCV proposal
2018-06-11 19:23:23,077 appended malicious propose 7fed57cb30 on top of fc50b5e2fa
2018-06-11 19:23:23,078 REINFORCEMENT SENT state
2018-06-11 19:23:23,079 SNT reinforcement
2018-06-11 19:23:23,232 RCV reinforcement
2018-06-11 19:23:23,248 RCV reinforcement
2018-06-11 19:23:23,253 RCV reinforcement
2018-06-11 19:23:23,257 RCV reinforcement
2018-06-11 19:23:23,298 RCV reinforcement
2018-06-11 19:23:23,417 RCV reinforcement info
2018-06-11 19:23:23,614 RCV reinforcement info
2018-06-11 19:23:23,748 RF found but not transmitted
2018-06-11 19:23:23,750 SNT reinforcement
2018-06-11 19:23:24,594 RCV commit
2018-06-11 19:23:24,647 appended malicious commit c6e5aea350 on top of 7fed57cb30
2018-06-11 19:23:24,675 Weight: 67.58734521598642 #RFs 8
2018-06-11 19:23:24,676 weight: 67.58734521598642
2018-06-11 19:23:24,676 , 67.58734521598642
2018-06-11 19:23:24,676 MALICIOUS MINING state
2018-06-11 19:23:24,676 start mining - depth 7
2018-06-11 19:23:24,677 start mining - hash c6e5aea35029403240d5d3c1f3cb1910e78caf6322d858cd665e3d167c1aedd0
2018-06-11 19:23:24,703 RCV reinforcement
2018-06-11 19:23:25,465 RCV reinforcement info
2018-06-11 19:23:25,549 RCV reinforcement info
2018-06-11 19:23:25,755 RCV malicious_prop_agreement
2018-06-11 19:23:29,104 RCV proposal
2018-06-11 19:23:29,107 appended honest propose f302882f56 on top of 49a3eb1ed2
2018-06-11 19:23:29,180 RCV reinforcement
2018-06-11 19:23:30,653 RCV commit
2018-06-11 19:23:30,682 appended honest commit 9cf2d6d917 on top of f302882f56
2018-06-11 19:23:30,691 Weight: 67.78546456960113 #RFs 4
2018-06-11 19:23:30,691 weight: 67.78546456960113
2018-06-11 19:23:30,691 , 67.78546456960113
2018-06-11 19:23:30,693 Synchronizing branches
2018-06-11 19:23:30,693 start mining - depth 8
2018-06-11 19:23:30,693 start mining - hash 9cf2d6d917fbf4f8938241f4b25049baa866fdd34b41fab3eebbbd19bb33f548
2018-06-11 19:23:31,103 RCV malicious_prop_agreement
2018-06-11 19:23:31,552 RCV proposal
2018-06-11 19:23:31,555 appended honest propose 7adefdfbb6 on top of 9cf2d6d917
2018-06-11 19:23:32,325 RF found but not transmitted
2018-06-11 19:23:33,062 RCV commit
2018-06-11 19:23:33,062 appended honest commit e47158763c on top of 7adefdfbb6
2018-06-11 19:23:33,062 Weight: 68.78546456960113 #RFs 0
2018-06-11 19:23:33,063 weight: 68.78546456960113
2018-06-11 19:23:33,063 , 68.78546456960113
2018-06-11 19:23:33,123 RCV proposal
2018-06-11 19:23:33,126 appended malicious propose 3976eba75f on top of 9cf2d6d917
2018-06-11 19:23:33,126 REINFORCEMENT SENT state
2018-06-11 19:23:33,127 SNT reinforcement
2018-06-11 19:23:33,265 RCV reinforcement
2018-06-11 19:23:33,282 RCV reinforcement
2018-06-11 19:23:33,301 RCV reinforcement
2018-06-11 19:23:33,837 RCV reinforcement
2018-06-11 19:23:33,859 RCV reinforcement
2018-06-11 19:23:34,665 RCV commit
2018-06-11 19:23:34,727 appended malicious commit d6775fff1a on top of 3976eba75f
2018-06-11 19:23:34,743 Weight: 70.46931125559469 #RFs 7
2018-06-11 19:23:34,743 weight: 70.46931125559469
2018-06-11 19:23:34,744 , 70.46931125559469
2018-06-11 19:23:34,744 MALICIOUS MINING state
2018-06-11 19:23:34,761 start mining - depth 9
2018-06-11 19:23:34,762 start mining - hash d6775fff1a108feb4448dea38289231130238ce1b0a416edb24983962ff214be
2018-06-11 19:23:34,764 RF found but not transmitted
2018-06-11 19:23:37,282 RCV malicious_prop_agreement
2018-06-11 19:23:37,570 RCV reinforcement info
2018-06-11 19:23:38,779 RF found but not transmitted
2018-06-11 19:23:39,513 RCV reinforcement info
2018-06-11 19:23:40,464 RCV reinforcement info
2018-06-11 19:23:43,636 RCV reinforcement info
2018-06-11 19:23:43,880 RCV reinforcement info
2018-06-11 19:23:51,115 RCV reinforcement info
2018-06-11 19:23:51,457 RCV reinforcement info
2018-06-11 19:23:51,779 RCV reinforcement info
2018-06-11 19:23:53,229 RCV reinforcement info
2018-06-11 19:23:54,639 RCV reinforcement info
2018-06-11 19:23:54,893 RF found but not transmitted
2018-06-11 19:23:56,118 RF found but not transmitted
2018-06-11 19:23:59,150 RCV reinforcement info
2018-06-11 19:24:00,761 RF found but not transmitted
2018-06-11 19:24:00,810 RCV reinforcement info
2018-06-11 19:24:01,986 RCV reinforcement info
2018-06-11 19:24:03,523 RCV reinforcement info
2018-06-11 19:24:03,572 RCV reinforcement info
2018-06-11 19:24:05,234 RF found but not transmitted
2018-06-11 19:24:08,125 RF found but not transmitted
2018-06-11 19:24:08,321 RCV reinforcement info
2018-06-11 19:24:09,041 RF found but not transmitted
2018-06-11 19:24:09,106 RCV reinforcement info
2018-06-11 19:24:09,200 RCV reinforcement info
2018-06-11 19:24:09,243 RF found but not transmitted
2018-06-11 19:24:09,557 RCV reinforcement info
2018-06-11 19:24:10,559 RCV reinforcement info
2018-06-11 19:24:11,262 RCV reinforcement info
2018-06-11 19:24:12,454 RF found but not transmitted
2018-06-11 19:24:13,437 RCV reinforcement info
2018-06-11 19:24:14,208 RCV reinforcement info
2018-06-11 19:24:14,805 RCV proposal
2018-06-11 19:24:14,810 appended honest propose b37dd4a9a0 on top of d6775fff1a
2018-06-11 19:24:14,926 RCV reinforcement
2018-06-11 19:24:14,931 RCV reinforcement
2018-06-11 19:24:16,064 RF found but not transmitted
2018-06-11 19:24:16,458 RCV commit
2018-06-11 19:24:16,586 appended honest commit 226452f2e2 on top of b37dd4a9a0
2018-06-11 19:24:16,731 Weight: 76.24944407596855 #RFs 23
2018-06-11 19:24:16,731 weight: 76.24944407596855
2018-06-11 19:24:16,732 , 76.24944407596855
2018-06-11 19:24:16,879 RCV proposal
2018-06-11 19:24:16,895 appended malicious propose aad216c666 on top of d6775fff1a
2018-06-11 19:24:16,895 REINFORCEMENT SENT state
2018-06-11 19:24:16,897 SNT reinforcement
2018-06-11 19:24:17,080 RCV reinforcement
2018-06-11 19:24:17,101 RCV reinforcement
2018-06-11 19:24:17,104 RCV reinforcement
2018-06-11 19:24:17,111 RCV reinforcement
2018-06-11 19:24:17,115 RCV reinforcement
2018-06-11 19:24:18,263 RCV reinforcement
2018-06-11 19:24:18,608 RCV commit
2018-06-11 19:24:19,053 appended malicious commit 7792f34e60 on top of aad216c666
2018-06-11 19:24:19,430 Weight: 86.21349118569832 #RFs 66
2018-06-11 19:24:19,430 weight: 86.21349118569832
2018-06-11 19:24:19,430 , 86.21349118569832
2018-06-11 19:24:19,433 MALICIOUS MINING state
2018-06-11 19:24:19,433 start mining - depth 10
2018-06-11 19:24:19,434 start mining - hash 7792f34e6099ae50657e4c1ebb2ed290acefc1cdebfb578f711a40289a0f1377
2018-06-11 19:24:19,436 Hashing frequency: 3341
2018-06-11 19:24:19,440 RCV reinforcement info
2018-06-11 19:24:20,683 RF found but not transmitted
2018-06-11 19:24:22,582 RF found but not transmitted
2018-06-11 19:24:24,946 RF found but not transmitted
2018-06-11 19:24:26,853 RCV reinforcement info
2018-06-11 19:24:29,450 RCV reinforcement info
2018-06-11 19:24:29,543 RCV reinforcement info
2018-06-11 19:24:30,819 RCV reinforcement info
2018-06-11 19:24:31,256 RCV malicious_prop_agreement
2018-06-11 19:24:31,365 RCV reinforcement info
2018-06-11 19:24:34,863 RCV reinforcement info
2018-06-11 19:24:35,472 RCV reinforcement info
2018-06-11 19:24:37,536 RF found but not transmitted
2018-06-11 19:24:42,853 RCV reinforcement info
2018-06-11 19:24:42,894 RCV proposal
2018-06-11 19:24:42,898 appended honest propose 5523e7a38f on top of 7792f34e60
2018-06-11 19:24:42,959 RCV reinforcement
2018-06-11 19:24:42,985 RCV reinforcement
2018-06-11 19:24:44,146 RF found but not transmitted
2018-06-11 19:24:44,434 RCV commit
2018-06-11 19:24:44,465 appended honest commit 28f4cd8a4b on top of 5523e7a38f
2018-06-11 19:24:44,508 Weight: 88.05058074402726 #RFs 8
2018-06-11 19:24:44,508 weight: 88.05058074402726
2018-06-11 19:24:44,508 , 88.05058074402726
2018-06-11 19:24:44,644 RCV proposal
2018-06-11 19:24:44,648 appended malicious propose bf6eb473ea on top of 7792f34e60
2018-06-11 19:24:44,649 REINFORCEMENT SENT state
2018-06-11 19:24:44,650 SNT reinforcement
2018-06-11 19:24:44,831 RCV reinforcement
2018-06-11 19:24:44,838 RCV reinforcement
2018-06-11 19:24:44,850 RCV reinforcement
2018-06-11 19:24:44,854 RCV reinforcement
2018-06-11 19:24:44,861 RCV reinforcement
2018-06-11 19:24:44,909 RCV reinforcement
2018-06-11 19:24:45,337 RCV reinforcement
2018-06-11 19:24:46,259 RCV commit
2018-06-11 19:24:46,479 appended malicious commit f7eab5b37f on top of bf6eb473ea
2018-06-11 19:24:46,626 Weight: 93.42829084448091 #RFs 34
2018-06-11 19:24:46,626 weight: 93.42829084448091
2018-06-11 19:24:46,628 , 93.42829084448091
2018-06-11 19:24:46,629 MALICIOUS MINING state
2018-06-11 19:24:46,629 start mining - depth 11
2018-06-11 19:24:46,630 start mining - hash f7eab5b37f36bf3abf5f6db4a87424ad623cc09752dd8ffc09beff2fb0eb6aea
2018-06-11 19:24:48,603 RCV reinforcement info
2018-06-11 19:24:50,846 RCV reinforcement info
2018-06-11 19:24:51,293 RCV reinforcement info
2018-06-11 19:24:52,869 RF found but not transmitted
2018-06-11 19:24:53,748 RCV reinforcement info
2018-06-11 19:24:54,602 RF found but not transmitted
2018-06-11 19:24:54,868 RF found but not transmitted
2018-06-11 19:24:57,019 RCV proposal
2018-06-11 19:24:57,023 appended honest propose 5e44f52ed5 on top of f7eab5b37f
2018-06-11 19:24:57,094 RCV reinforcement
2018-06-11 19:24:57,106 RCV reinforcement
2018-06-11 19:24:58,537 RCV commit
2018-06-11 19:24:58,558 appended honest commit c4e477cf16 on top of 5e44f52ed5
2018-06-11 19:24:58,578 Weight: 95.00724957238295 #RFs 4
2018-06-11 19:24:58,578 weight: 95.00724957238295
2018-06-11 19:24:58,578 , 95.00724957238295
2018-06-11 19:24:58,580 start mining - depth 12
2018-06-11 19:24:58,580 start mining - hash c4e477cf1651944fa187c8cfe9a22226e27d0f585aa2653aeaa6d86b06febc34
2018-06-11 19:24:59,840 RCV malicious_prop_agreement
2018-06-11 19:25:00,480 RCV proposal
2018-06-11 19:25:00,482 appended honest propose afd8aae623 on top of c4e477cf16
2018-06-11 19:25:01,998 RCV commit
2018-06-11 19:25:01,999 appended honest commit 36f11fb437 on top of afd8aae623
2018-06-11 19:25:01,999 Weight: 96.00724957238295 #RFs 0
2018-06-11 19:25:01,999 weight: 96.00724957238295
2018-06-11 19:25:01,999 , 96.00724957238295
2018-06-11 19:25:02,061 RCV proposal
2018-06-11 19:25:02,063 appended malicious propose c2685bb8f4 on top of c4e477cf16
2018-06-11 19:25:02,064 REINFORCEMENT SENT state
2018-06-11 19:25:02,141 RCV reinforcement
2018-06-11 19:25:02,145 RCV reinforcement
2018-06-11 19:25:02,164 RCV reinforcement
2018-06-11 19:25:02,229 RCV reinforcement
2018-06-11 19:25:03,588 RCV commit
2018-06-11 19:25:03,610 appended malicious commit 186bfab7b5 on top of c2685bb8f4
2018-06-11 19:25:03,627 Weight: 97.2050901440142 #RFs 4
2018-06-11 19:25:03,627 weight: 97.2050901440142
2018-06-11 19:25:03,627 , 97.2050901440142
2018-06-11 19:25:03,628 MALICIOUS MINING state
2018-06-11 19:25:03,634 start mining - depth 13
2018-06-11 19:25:03,635 start mining - hash 186bfab7b5b73885a7a926eaf58a9dc1387194546bb6015c82cf0a14e402bb98
2018-06-11 19:25:04,669 RF found but not transmitted
2018-06-11 19:25:05,962 RCV proposal
2018-06-11 19:25:05,965 appended honest propose a554478088 on top of 186bfab7b5
2018-06-11 19:25:06,141 RCV reinforcement info
2018-06-11 19:25:06,197 RCV reinforcement
2018-06-11 19:25:06,605 RCV malicious_prop_agreement
2018-06-11 19:25:07,151 RCV reinforcement info
2018-06-11 19:25:07,210 RCV reinforcement info
2018-06-11 19:25:07,225 RCV reinforcement
2018-06-11 19:25:07,286 RCV reinforcement
2018-06-11 19:25:07,477 RCV commit
2018-06-11 19:25:07,480 appended honest commit a1f6a5f7fb on top of a554478088
2018-06-11 19:25:07,482 Weight: 98.43078575845523 #RFs 1
2018-06-11 19:25:07,482 weight: 98.43078575845523
2018-06-11 19:25:07,482 , 98.43078575845523
2018-06-11 19:25:07,600 RCV proposal
2018-06-11 19:25:07,602 appended malicious propose 9e47e74941 on top of 186bfab7b5
2018-06-11 19:25:07,603 REINFORCEMENT SENT state
2018-06-11 19:25:07,604 SNT reinforcement
2018-06-11 19:25:07,764 RCV reinforcement
2018-06-11 19:25:07,774 RCV reinforcement
2018-06-11 19:25:07,778 RCV reinforcement
2018-06-11 19:25:07,875 RCV reinforcement
2018-06-11 19:25:08,517 RCV reinforcement info
2018-06-11 19:25:08,895 RF found but not transmitted
2018-06-11 19:25:08,898 SNT reinforcement
2018-06-11 19:25:09,242 RCV commit
2018-06-11 19:25:09,263 appended malicious commit 6004e77e07 on top of 9e47e74941
2018-06-11 19:25:09,283 Weight: 100.61279783524313 #RFs 9
2018-06-11 19:25:09,283 weight: 100.61279783524313
2018-06-11 19:25:09,283 , 100.61279783524313
2018-06-11 19:25:09,284 MALICIOUS MINING state
2018-06-11 19:25:09,284 start mining - depth 14
2018-06-11 19:25:09,284 start mining - hash 6004e77e07a638d5df352fa77af1506b75e74439c1a16c4a3fc919e173c636e2
2018-06-11 19:25:11,347 RCV reinforcement info
2018-06-11 19:25:11,796 RF found but not transmitted
2018-06-11 19:25:15,881 RCV reinforcement info
2018-06-11 19:25:15,922 RCV reinforcement info
2018-06-11 19:25:16,007 RCV reinforcement info
2018-06-11 19:25:17,537 RCV reinforcement info
2018-06-11 19:25:18,312 RCV malicious_prop_agreement
2018-06-11 19:25:19,175 RCV reinforcement info
2018-06-11 19:25:20,028 RCV proposal
2018-06-11 19:25:20,035 appended honest propose ee6db9d02a on top of 6004e77e07
2018-06-11 19:25:20,102 RCV reinforcement
2018-06-11 19:25:21,566 RCV commit
2018-06-11 19:25:21,596 appended honest commit 45d69bdfbd on top of ee6db9d02a
2018-06-11 19:25:21,613 Weight: 102.78181678853423 #RFs 6
2018-06-11 19:25:21,613 weight: 102.78181678853423
2018-06-11 19:25:21,613 , 102.78181678853423
2018-06-11 19:25:21,759 RCV proposal
2018-06-11 19:25:21,762 appended malicious propose 454a86b035 on top of 6004e77e07
2018-06-11 19:25:21,763 REINFORCEMENT SENT state
2018-06-11 19:25:21,764 SNT reinforcement
2018-06-11 19:25:21,919 RCV reinforcement
2018-06-11 19:25:21,948 RCV reinforcement
2018-06-11 19:25:21,972 RCV reinforcement
2018-06-11 19:25:21,983 RCV reinforcement
2018-06-11 19:25:21,987 RCV reinforcement
2018-06-11 19:25:22,239 RCV reinforcement
2018-06-11 19:25:23,383 RCV commit
2018-06-11 19:25:23,535 appended malicious commit 9455aa398a on top of 454a86b035
2018-06-11 19:25:23,721 Weight: 107.27488532832918 #RFs 23
2018-06-11 19:25:23,721 weight: 107.27488532832918
2018-06-11 19:25:23,723 , 107.27488532832918
2018-06-11 19:25:23,729 MALICIOUS MINING state
2018-06-11 19:25:23,729 start mining - depth 15
2018-06-11 19:25:23,731 start mining - hash 9455aa398a8ea1766e49a6f7e7e1c5233abeb459dfc644555ffb94aea2768a06
2018-06-11 19:25:23,732 Hashing frequency: 3429
2018-06-11 19:25:23,867 RCV malicious_prop_agreement
2018-06-11 19:25:26,113 RCV reinforcement info
2018-06-11 19:25:27,518 RF found but not transmitted
2018-06-11 19:25:27,913 RCV reinforcement info
2018-06-11 19:25:28,912 RCV reinforcement info
2018-06-11 19:25:29,807 RCV reinforcement info
2018-06-11 19:25:30,439 RCV proposal
2018-06-11 19:25:30,443 appended honest propose 3603b44d16 on top of 9455aa398a
2018-06-11 19:25:30,516 RCV reinforcement
2018-06-11 19:25:30,535 RCV reinforcement
2018-06-11 19:25:31,667 RF found but not transmitted
2018-06-11 19:25:31,961 RCV commit
2018-06-11 19:25:31,993 appended honest commit 41cb3fffb2 on top of 3603b44d16
2018-06-11 19:25:32,008 Weight: 108.83306450188913 #RFs 4
2018-06-11 19:25:32,008 weight: 108.83306450188913
2018-06-11 19:25:32,008 , 108.83306450188913
2018-06-11 19:25:32,154 RCV proposal
2018-06-11 19:25:32,157 appended malicious propose 155a41ac41 on top of 9455aa398a
2018-06-11 19:25:32,158 REINFORCEMENT SENT state
2018-06-11 19:25:32,159 SNT reinforcement
2018-06-11 19:25:32,294 RCV reinforcement
2018-06-11 19:25:32,307 RCV reinforcement
2018-06-11 19:25:32,315 RCV reinforcement
2018-06-11 19:25:32,335 RCV reinforcement
2018-06-11 19:25:32,411 RCV reinforcement
2018-06-11 19:25:32,758 RF found but not transmitted
2018-06-11 19:25:32,763 SNT reinforcement
2018-06-11 19:25:32,844 RCV reinforcement
2018-06-11 19:25:33,252 RCV reinforcement
2018-06-11 19:25:33,702 RCV commit
2018-06-11 19:25:33,841 appended malicious commit a5c8356891 on top of 155a41ac41
2018-06-11 19:25:33,898 Weight: 114.24733021358665 #RFs 15
2018-06-11 19:25:33,898 weight: 114.24733021358665
2018-06-11 19:25:33,904 , 114.24733021358665
2018-06-11 19:25:33,905 MALICIOUS MINING state
2018-06-11 19:25:33,905 start mining - depth 16
2018-06-11 19:25:33,906 start mining - hash a5c8356891dce39b7a1c11e161a78874d5dd0bf7e91179c7d37ea98f37ef8bb1
2018-06-11 19:25:33,914 RF found but not transmitted
2018-06-11 19:25:35,478 RCV reinforcement info
2018-06-11 19:25:35,518 RCV reinforcement info
2018-06-11 19:25:36,144 RCV reinforcement info
2018-06-11 19:25:36,252 RCV reinforcement info
2018-06-11 19:25:36,792 RCV reinforcement info
2018-06-11 19:25:38,007 RCV reinforcement info
2018-06-11 19:25:39,577 RCV reinforcement info
2018-06-11 19:25:40,075 RF found but not transmitted
2018-06-11 19:25:42,812 RCV reinforcement info
2018-06-11 19:25:43,331 RF found but not transmitted
2018-06-11 19:25:44,556 RCV reinforcement info
2018-06-11 19:25:45,263 RF found but not transmitted
2018-06-11 19:25:46,186 RCV reinforcement info
2018-06-11 19:25:48,324 RF found but not transmitted
2018-06-11 19:25:48,950 RCV reinforcement info
2018-06-11 19:25:49,428 RF found but not transmitted
2018-06-11 19:25:49,670 RF found but not transmitted
2018-06-11 19:25:50,486 RCV reinforcement info
2018-06-11 19:25:51,046 RCV reinforcement info
2018-06-11 19:25:51,299 RCV proposal
2018-06-11 19:25:51,304 appended honest propose 08790b3c85 on top of a5c8356891
2018-06-11 19:25:51,389 RCV reinforcement
2018-06-11 19:25:51,392 RCV reinforcement
2018-06-11 19:25:52,843 RCV commit
2018-06-11 19:25:52,933 appended honest commit 6436b6d154 on top of 08790b3c85
2018-06-11 19:25:53,014 Weight: 117.6823276614853 #RFs 13
2018-06-11 19:25:53,015 weight: 117.6823276614853
2018-06-11 19:25:53,015 , 117.6823276614853
2018-06-11 19:25:53,015 start mining - depth 17
2018-06-11 19:25:53,017 start mining - hash 6436b6d1544fb2d3be18eaaefa2249756b8e55015beed55553873eaca244d9ed
2018-06-11 19:25:54,105 RCV reinforcement info
2018-06-11 19:25:56,536 RCV reinforcement info
2018-06-11 19:26:00,094 RCV reinforcement info
2018-06-11 19:26:00,303 RCV reinforcement info
2018-06-11 19:26:01,601 RF found but not transmitted
2018-06-11 19:26:03,317 RF found but not transmitted
2018-06-11 19:26:03,481 RCV reinforcement info
2018-06-11 19:26:05,070 RCV reinforcement info
2018-06-11 19:26:07,674 RF found but not transmitted
2018-06-11 19:26:08,083 RF found but not transmitted
2018-06-11 19:26:08,625 RCV reinforcement info
2018-06-11 19:26:08,939 RCV reinforcement info
2018-06-11 19:26:09,594 RCV reinforcement info
2018-06-11 19:26:09,991 RF found but not transmitted
2018-06-11 19:26:09,993 hash found
2018-06-11 19:26:09,994 SNT malicious_proposal_agreement
2018-06-11 19:26:11,132 RCV reinforcement info
2018-06-11 19:26:12,742 RCV reinforcement info
2018-06-11 19:26:13,421 RCV reinforcement info
2018-06-11 19:26:15,360 RCV reinforcement info
2018-06-11 19:26:17,790 RCV reinforcement info
2018-06-11 19:26:18,075 RCV reinforcement info
2018-06-11 19:26:18,135 RCV reinforcement info
2018-06-11 19:26:18,793 RCV reinforcement info
2018-06-11 19:26:20,479 RF found but not transmitted
2018-06-11 19:26:20,930 RCV reinforcement info
2018-06-11 19:26:20,985 RCV reinforcement info
2018-06-11 19:26:21,866 RF found but not transmitted
2018-06-11 19:26:22,101 RCV reinforcement info
2018-06-11 19:26:23,232 RCV reinforcement info
2018-06-11 19:26:26,627 RCV reinforcement info
2018-06-11 19:26:27,749 RCV reinforcement info
2018-06-11 19:26:27,814 RCV reinforcement info
2018-06-11 19:26:29,503 RF found but not transmitted
2018-06-11 19:26:35,146 RCV proposal
2018-06-11 19:26:35,149 appended honest propose 1ef8e83c6f on top of 6436b6d154
2018-06-11 19:26:35,229 RCV reinforcement
2018-06-11 19:26:35,245 RCV reinforcement
2018-06-11 19:26:35,307 RF found but not transmitted
2018-06-11 19:26:35,852 RCV reinforcement info
2018-06-11 19:26:35,957 RCV reinforcement
2018-06-11 19:26:36,023 RCV reinforcement info
2018-06-11 19:26:36,118 RCV reinforcement
2018-06-11 19:26:36,142 RCV reinforcement info
2018-06-11 19:26:36,247 RCV reinforcement
2018-06-11 19:26:36,453 RCV reinforcement info
2018-06-11 19:26:36,522 RCV reinforcement
2018-06-11 19:26:36,746 RCV commit
2018-06-11 19:26:36,880 RF found but not transmitted
2018-06-11 19:26:36,937 appended honest commit 40d5412a02 on top of 1ef8e83c6f
2018-06-11 19:26:37,083 Weight: 123.43664633054189 #RFs 27
2018-06-11 19:26:37,083 weight: 123.43664633054189
2018-06-11 19:26:37,083 , 123.43664633054189
2018-06-11 19:26:37,107 appended malicious propose 0be8266443 on top of 6436b6d154
2018-06-11 19:26:37,107 REINFORCEMENT COLLECTING state
2018-06-11 19:26:37,164 SNT proposal
2018-06-11 19:26:37,224 SNT reinforcement
2018-06-11 19:26:37,629 RCV reinforcement
2018-06-11 19:26:37,649 RCV reinforcement
2018-06-11 19:26:37,669 RCV reinforcement
2018-06-11 19:26:37,684 RCV reinforcement
2018-06-11 19:26:37,706 RCV reinforcement
2018-06-11 19:26:37,721 RCV reinforcement
2018-06-11 19:26:37,964 RCV reinforcement
2018-06-11 19:26:38,020 RCV reinforcement
2018-06-11 19:26:38,042 RCV reinforcement
2018-06-11 19:26:38,223 RCV reinforcement
2018-06-11 19:26:38,656 RCV reinforcement info
2018-06-11 19:26:38,667 commit with 7 reinforcements
2018-06-11 19:26:38,760 appended malicious commit 0ecb1b85b6 on top of 0be8266443
2018-06-11 19:26:38,856 Weight: 137.4804214171274 #RFs 71
2018-06-11 19:26:38,857 weight: 137.4804214171274
2018-06-11 19:26:38,857 , 137.4804214171274
2018-06-11 19:26:38,857 MALICIOUS MINING state
2018-06-11 19:26:38,857 start mining - depth 18
2018-06-11 19:26:38,858 start mining - hash 0ecb1b85b666bc73494c38a313f6b24fad7a548b97305999139108f5d43aed5f
2018-06-11 19:26:38,858 Hashing frequency: 3893
2018-06-11 19:26:38,859 SNT commit
2018-06-11 19:26:39,789 RCV reinforcement info
2018-06-11 19:26:40,099 RCV reinforcement info
2018-06-11 19:26:41,100 RCV reinforcement info
2018-06-11 19:26:41,668 RCV reinforcement info
2018-06-11 19:26:41,751 RCV reinforcement info
2018-06-11 19:26:42,080 RCV malicious_prop_agreement
2018-06-11 19:26:43,772 RCV reinforcement info
2018-06-11 19:26:43,872 RCV reinforcement info
2018-06-11 19:26:46,833 RCV reinforcement info
2018-06-11 19:26:49,654 RF found but not transmitted
2018-06-11 19:26:50,226 RCV reinforcement info
2018-06-11 19:26:50,694 RCV reinforcement info
2018-06-11 19:26:53,733 RCV reinforcement info
2018-06-11 19:26:54,594 RF found but not transmitted
2018-06-11 19:26:55,696 RF found but not transmitted
2018-06-11 19:26:56,975 RCV reinforcement info
2018-06-11 19:26:57,128 RF found but not transmitted
2018-06-11 19:26:58,921 RF found but not transmitted
2018-06-11 19:26:59,164 RF found but not transmitted
2018-06-11 19:26:59,838 RCV reinforcement info
2018-06-11 19:27:00,364 RCV reinforcement info
2018-06-11 19:27:01,583 RF found but not transmitted
2018-06-11 19:27:02,425 RF found but not transmitted
2018-06-11 19:27:05,525 RCV reinforcement info
2018-06-11 19:27:07,798 RCV reinforcement info
2018-06-11 19:27:08,203 RF found but not transmitted
2018-06-11 19:27:09,895 RCV reinforcement info
2018-06-11 19:27:10,719 RCV reinforcement info
2018-06-11 19:27:16,419 RF found but not transmitted
2018-06-11 19:27:16,548 RF found but not transmitted
2018-06-11 19:27:16,746 RCV reinforcement info
2018-06-11 19:27:17,983 RCV reinforcement info
2018-06-11 19:27:18,209 RCV reinforcement info
2018-06-11 19:27:19,462 RF found but not transmitted
2018-06-11 19:27:20,760 RCV reinforcement info
2018-06-11 19:27:21,321 RF found but not transmitted
2018-06-11 19:27:23,986 RCV reinforcement info
2018-06-11 19:27:25,247 RF found but not transmitted
2018-06-11 19:27:25,963 RCV reinforcement info
2018-06-11 19:27:27,620 RCV reinforcement info
2018-06-11 19:27:28,169 RF found but not transmitted
2018-06-11 19:27:29,135 RCV reinforcement info
2018-06-11 19:27:29,900 RCV reinforcement info
2018-06-11 19:27:30,669 RCV reinforcement info
2018-06-11 19:27:30,730 RCV reinforcement info
2018-06-11 19:27:32,378 RF found but not transmitted
2018-06-11 19:27:32,556 RF found but not transmitted
2018-06-11 19:27:32,777 RF found but not transmitted
2018-06-11 19:27:34,096 RCV reinforcement info
2018-06-11 19:27:34,513 RCV reinforcement info
2018-06-11 19:27:35,338 RCV reinforcement info
2018-06-11 19:27:36,528 RF found but not transmitted
2018-06-11 19:27:37,642 RCV reinforcement info
2018-06-11 19:27:38,687 RCV reinforcement info
2018-06-11 19:27:39,195 RCV reinforcement info
2018-06-11 19:27:39,873 RCV reinforcement info
2018-06-11 19:27:40,199 RCV reinforcement info
2018-06-11 19:27:40,435 RCV reinforcement info
2018-06-11 19:27:40,912 RCV reinforcement info
2018-06-11 19:27:43,715 RF found but not transmitted
2018-06-11 19:27:47,047 RCV reinforcement info
2018-06-11 19:27:47,457 RCV reinforcement info
2018-06-11 19:27:48,066 RCV reinforcement info
2018-06-11 19:27:48,867 RF found but not transmitted
2018-06-11 19:27:49,782 RCV reinforcement info
2018-06-11 19:27:50,287 RCV proposal
2018-06-11 19:27:50,292 appended honest propose 6194979560 on top of 0ecb1b85b6
2018-06-11 19:27:50,369 RCV reinforcement
2018-06-11 19:27:50,384 RCV reinforcement
2018-06-11 19:27:50,499 RF found but not transmitted
2018-06-11 19:27:51,507 RF found but not transmitted
2018-06-11 19:27:51,736 RCV reinforcement info
2018-06-11 19:27:51,807 RCV reinforcement
2018-06-11 19:27:51,950 RCV commit
2018-06-11 19:27:52,202 appended honest commit 0c346fe91b on top of 6194979560
2018-06-11 19:27:52,481 Weight: 145.14887127142163 #RFs 43
2018-06-11 19:27:52,482 weight: 145.14887127142163
2018-06-11 19:27:52,482 , 145.14887127142163
2018-06-11 19:27:52,641 RCV proposal
2018-06-11 19:27:52,658 appended malicious propose ef6f59e282 on top of 0ecb1b85b6
2018-06-11 19:27:52,659 REINFORCEMENT SENT state
2018-06-11 19:27:52,660 SNT reinforcement
2018-06-11 19:27:52,901 RCV reinforcement
2018-06-11 19:27:52,910 RCV reinforcement info
2018-06-11 19:27:52,920 RCV reinforcement
2018-06-11 19:27:52,930 RCV reinforcement
2018-06-11 19:27:52,934 RCV reinforcement
2018-06-11 19:27:52,937 RCV reinforcement
2018-06-11 19:27:53,116 RCV reinforcement
2018-06-11 19:27:53,568 RCV reinforcement
2018-06-11 19:27:53,901 RCV reinforcement
2018-06-11 19:27:54,239 RF found but not transmitted
2018-06-11 19:27:54,241 SNT reinforcement
2018-06-11 19:27:54,521 RF found but not transmitted
2018-06-11 19:27:54,524 SNT reinforcement
2018-06-11 19:27:54,758 RCV commit
2018-06-11 19:27:55,691 appended malicious commit d632cbe8e8 on top of ef6f59e282
2018-06-11 19:27:56,298 Weight: 167.60501517846174 #RFs 115
2018-06-11 19:27:56,298 weight: 167.60501517846174
2018-06-11 19:27:56,299 , 167.60501517846174
2018-06-11 19:27:56,300 MALICIOUS MINING state
2018-06-11 19:27:56,300 start mining - depth 19
2018-06-11 19:27:56,302 start mining - hash d632cbe8e81a6cb6204cf2ec95979781c33bbe3e2b6ec1abf935ca13d06b5274
2018-06-11 19:27:56,303 Hashing frequency: 4051
2018-06-11 19:27:58,281 RCV malicious_prop_agreement
2018-06-11 19:28:00,527 RCV reinforcement info
2018-06-11 19:28:01,807 RCV reinforcement info
2018-06-11 19:28:02,360 RCV reinforcement info
2018-06-11 19:28:02,953 RCV reinforcement info
2018-06-11 19:28:02,979 RF found but not transmitted
2018-06-11 19:28:03,166 RCV reinforcement info
2018-06-11 19:28:05,012 RCV reinforcement info
2018-06-11 19:28:05,720 RCV reinforcement info
2018-06-11 19:28:05,815 RCV reinforcement info
2018-06-11 19:28:06,094 RCV proposal
2018-06-11 19:28:06,098 appended honest propose dc755edcba on top of d632cbe8e8
2018-06-11 19:28:06,179 RCV reinforcement
2018-06-11 19:28:06,199 RCV reinforcement
2018-06-11 19:28:06,289 RCV reinforcement info
2018-06-11 19:28:06,353 RCV reinforcement
2018-06-11 19:28:07,633 RCV commit
2018-06-11 19:28:07,696 appended honest commit c4aff71e83 on top of dc755edcba
2018-06-11 19:28:07,740 Weight: 170.26414055835377 #RFs 9
2018-06-11 19:28:07,740 weight: 170.26414055835377
2018-06-11 19:28:07,740 , 170.26414055835377
2018-06-11 19:28:07,851 RCV proposal
2018-06-11 19:28:07,855 appended malicious propose 6d39523897 on top of d632cbe8e8
2018-06-11 19:28:07,856 REINFORCEMENT SENT state
2018-06-11 19:28:07,857 SNT reinforcement
2018-06-11 19:28:08,025 RCV reinforcement
2018-06-11 19:28:08,029 RCV reinforcement
2018-06-11 19:28:08,033 RCV reinforcement
2018-06-11 19:28:08,047 RCV reinforcement
2018-06-11 19:28:09,423 RCV commit
2018-06-11 19:28:09,499 appended malicious commit 7507279748 on top of 6d39523897
2018-06-11 19:28:09,542 Weight: 169.8113638547943 #RFs 11
2018-06-11 19:28:09,543 weight: 169.8113638547943
2018-06-11 19:28:09,543 , 169.8113638547943
2018-06-11 19:28:09,543 MALICIOUS MINING state
2018-06-11 19:28:09,544 start mining - depth 20
2018-06-11 19:28:09,544 start mining - hash c4aff71e83ed8c82ac80a5ba219ed75cb1ab807c809def72efe33056d1bfde89
2018-06-11 19:28:12,486 RCV reinforcement info
2018-06-11 19:28:12,852 RCV reinforcement info
2018-06-11 19:28:15,189 RCV proposal
2018-06-11 19:28:15,191 appended honest propose 68af198dd3 on top of c4aff71e83
2018-06-11 19:28:15,563 RCV reinforcement info
2018-06-11 19:28:15,639 RCV reinforcement
2018-06-11 19:28:16,703 RCV commit
2018-06-11 19:28:16,729 appended honest commit d81d858695 on top of 68af198dd3
2018-06-11 19:28:16,734 Weight: 172.77880618262282 #RFs 3
2018-06-11 19:28:16,735 weight: 172.77880618262282
2018-06-11 19:28:16,735 , 172.77880618262282
2018-06-11 19:28:16,736 start mining - depth 21
2018-06-11 19:28:16,736 start mining - hash d81d85869522ce651799b38c9ea73ec14ebee60598cfe3e0e7395d19aea7ad2f
2018-06-11 19:28:17,213 RCV reinforcement info
2018-06-11 19:28:18,462 RF found but not transmitted
2018-06-11 19:28:18,796 RCV reinforcement info
2018-06-11 19:28:25,916 RCV reinforcement info
2018-06-11 19:28:27,699 RCV proposal
2018-06-11 19:28:27,701 appended honest propose c377118340 on top of d81d858695
2018-06-11 19:28:27,785 RCV reinforcement
2018-06-11 19:28:28,702 RF found but not transmitted
2018-06-11 19:28:29,208 RCV commit
2018-06-11 19:28:29,227 appended honest commit ad0fbd466a on top of c377118340
2018-06-11 19:28:29,233 Weight: 174.23823283215714 #RFs 3
2018-06-11 19:28:29,233 weight: 174.23823283215714
2018-06-11 19:28:29,233 , 174.23823283215714
2018-06-11 19:28:29,234 start mining - depth 22
2018-06-11 19:28:29,234 start mining - hash ad0fbd466aea90c1981f65234d9805802113ccf05d6750901bd3d76f8ccbd9a0
2018-06-11 19:28:29,704 RCV reinforcement info
2018-06-11 19:28:30,802 RF found but not transmitted
2018-06-11 19:28:31,994 RCV reinforcement info
2018-06-11 19:28:34,268 RCV reinforcement info
2018-06-11 19:28:36,322 RCV reinforcement info
2018-06-11 19:28:37,328 RCV proposal
2018-06-11 19:28:37,331 appended honest propose 5055ca014b on top of ad0fbd466a
2018-06-11 19:28:37,399 RCV reinforcement
2018-06-11 19:28:37,419 RCV reinforcement
2018-06-11 19:28:37,488 RCV reinforcement info
2018-06-11 19:28:37,554 RCV reinforcement
2018-06-11 19:28:38,412 RCV reinforcement info
2018-06-11 19:28:38,486 RCV reinforcement
2018-06-11 19:28:38,756 RCV reinforcement info
2018-06-11 19:28:38,832 RCV reinforcement
2018-06-11 19:28:38,871 RCV commit
2018-06-11 19:28:38,910 appended honest commit d11f567441 on top of 5055ca014b
2018-06-11 19:28:38,922 Weight: 176.00325107558552 #RFs 5
2018-06-11 19:28:38,922 weight: 176.00325107558552
2018-06-11 19:28:38,924 , 176.00325107558552
2018-06-11 19:28:38,924 start mining - depth 23
2018-06-11 19:28:38,925 start mining - hash d11f567441f2126002b86f80dd07be3bddd1c9ba96054149ea725a7890082ede
2018-06-11 19:28:39,337 RCV reinforcement info
2018-06-11 19:28:40,587 RF found but not transmitted
2018-06-11 19:28:40,871 RF found but not transmitted
2018-06-11 19:28:41,930 RCV reinforcement info
2018-06-11 19:28:43,683 RF found but not transmitted
2018-06-11 19:28:43,800 RCV reinforcement info
2018-06-11 19:28:44,953 RCV reinforcement info
2018-06-11 19:28:45,481 RCV reinforcement info
2018-06-11 19:28:46,584 RF found but not transmitted
2018-06-11 19:28:50,254 RCV reinforcement info
2018-06-11 19:28:50,308 RCV reinforcement info
2018-06-11 19:28:51,054 RCV reinforcement info
2018-06-11 19:28:56,168 RCV reinforcement info
2018-06-11 19:28:57,156 RCV reinforcement info
2018-06-11 19:28:58,505 RCV reinforcement info
2018-06-11 19:28:59,888 RCV reinforcement info
2018-06-11 19:29:00,725 RCV reinforcement info
2018-06-11 19:29:02,628 RF found but not transmitted
2018-06-11 19:29:03,075 RCV reinforcement info
2018-06-11 19:29:04,629 RCV reinforcement info
2018-06-11 19:29:05,720 RF found but not transmitted
2018-06-11 19:29:08,792 RF found but not transmitted
2018-06-11 19:29:09,573 RF found but not transmitted
2018-06-11 19:29:09,709 RCV reinforcement info
2018-06-11 19:29:10,148 RCV reinforcement info
2018-06-11 19:29:10,511 RCV reinforcement info
2018-06-11 19:29:12,344 RF found but not transmitted
2018-06-11 19:29:12,543 RCV reinforcement info
2018-06-11 19:29:13,025 RCV reinforcement info
2018-06-11 19:29:14,173 RCV malicious_prop_agreement
2018-06-11 19:29:17,320 RCV proposal
2018-06-11 19:29:17,323 appended honest propose ee7fde2c50 on top of d11f567441
2018-06-11 19:29:17,413 RCV reinforcement
2018-06-11 19:29:17,444 RCV reinforcement
2018-06-11 19:29:18,882 RCV reinforcement info
2018-06-11 19:29:18,938 RCV commit
2018-06-11 19:29:19,165 appended honest commit e04778ed9d on top of ee7fde2c50
2018-06-11 19:29:19,327 Weight: 179.69382042849642 #RFs 20
2018-06-11 19:29:19,329 weight: 179.69382042849642
2018-06-11 19:29:19,329 , 179.69382042849642
2018-06-11 19:29:19,339 RCV reinforcement
2018-06-11 19:29:19,394 RCV proposal
2018-06-11 19:29:19,400 appended honest propose 8fd701ed60 on top of e04778ed9d
2018-06-11 19:29:19,552 RCV proposal
2018-06-11 19:29:19,555 appended malicious propose d1a4631d27 on top of d11f567441
2018-06-11 19:29:19,556 REINFORCEMENT SENT state
2018-06-11 19:29:19,557 SNT reinforcement
2018-06-11 19:29:19,801 RCV reinforcement
2018-06-11 19:29:19,906 RCV reinforcement
2018-06-11 19:29:19,992 RCV reinforcement
2018-06-11 19:29:20,035 RCV reinforcement
2018-06-11 19:29:20,045 RCV reinforcement
2018-06-11 19:29:20,086 RCV reinforcement info
2018-06-11 19:29:20,233 RCV reinforcement
2018-06-11 19:29:20,239 RF found but not transmitted
2018-06-11 19:29:20,246 SNT reinforcement
2018-06-11 19:29:20,473 RCV reinforcement info
2018-06-11 19:29:20,535 RCV reinforcement info
2018-06-11 19:29:20,582 RCV reinforcement
2018-06-11 19:29:20,677 RCV reinforcement
2018-06-11 19:29:20,794 RCV reinforcement
2018-06-11 19:29:20,869 RCV commit
2018-06-11 19:29:20,872 appended honest commit 47b4425fe3 on top of 8fd701ed60
2018-06-11 19:29:20,874 Weight: 180.82692410940032 #RFs 1
2018-06-11 19:29:20,875 weight: 180.82692410940032
2018-06-11 19:29:20,875 , 180.82692410940032
2018-06-11 19:29:21,324 RCV commit
2018-06-11 19:29:21,721 appended malicious commit ebc034640c on top of d1a4631d27
2018-06-11 19:29:22,115 Weight: 188.67257446932138 #RFs 64
2018-06-11 19:29:22,115 weight: 188.67257446932138
2018-06-11 19:29:22,116 , 188.67257446932138
2018-06-11 19:29:22,160 MALICIOUS MINING state
2018-06-11 19:29:22,163 start mining - depth 24
2018-06-11 19:29:22,175 start mining - hash ebc034640ce52cae7ff66fa4343407099b1ca09c20c9dbb74775840dd1688ad7
2018-06-11 19:29:22,181 Hashing frequency: 4521
2018-06-11 19:29:22,736 RCV reinforcement info
2018-06-11 19:29:25,839 RCV malicious_prop_agreement
2018-06-11 19:29:26,272 RF found but not transmitted
2018-06-11 19:29:27,363 RCV reinforcement info
2018-06-11 19:29:29,054 RCV reinforcement info
2018-06-11 19:29:29,580 RCV reinforcement info
2018-06-11 19:29:31,143 RCV reinforcement info
2018-06-11 19:29:32,152 RCV reinforcement info
2018-06-11 19:29:35,621 RCV reinforcement info
2018-06-11 19:29:39,606 RF found but not transmitted
2018-06-11 19:29:40,337 RCV reinforcement info
2018-06-11 19:29:41,903 RCV reinforcement info
2018-06-11 19:29:44,950 RCV reinforcement info
2018-06-11 19:29:50,558 RCV reinforcement info
2018-06-11 19:29:51,233 RCV reinforcement info
2018-06-11 19:29:51,270 RCV reinforcement info
2018-06-11 19:29:51,320 RCV reinforcement info
2018-06-11 19:29:52,207 RCV proposal
2018-06-11 19:29:52,212 appended honest propose 428bd610bb on top of ebc034640c
2018-06-11 19:29:52,325 RCV reinforcement
2018-06-11 19:29:52,353 RCV reinforcement
2018-06-11 19:29:53,782 RCV commit
2018-06-11 19:29:53,966 appended honest commit d7538a2d51 on top of 428bd610bb
2018-06-11 19:29:54,055 Weight: 191.7244818875152 #RFs 14
2018-06-11 19:29:54,055 weight: 191.7244818875152
2018-06-11 19:29:54,055 , 191.7244818875152
2018-06-11 19:29:54,296 RCV proposal
2018-06-11 19:29:54,313 appended malicious propose fe1a019dc7 on top of ebc034640c
2018-06-11 19:29:54,333 REINFORCEMENT SENT state
2018-06-11 19:29:54,335 SNT reinforcement
2018-06-11 19:29:54,736 RCV reinforcement
2018-06-11 19:29:54,757 RCV reinforcement info
2018-06-11 19:29:54,765 RCV reinforcement
2018-06-11 19:29:54,775 RCV reinforcement
2018-06-11 19:29:54,779 RCV reinforcement
2018-06-11 19:29:54,783 RCV reinforcement
2018-06-11 19:29:55,025 RCV reinforcement info
2018-06-11 19:29:55,544 RCV reinforcement
2018-06-11 19:29:56,025 RCV commit
2018-06-11 19:29:56,406 appended malicious commit a64e70e4f3 on top of fe1a019dc7
2018-06-11 19:29:56,827 Weight: 197.85159207310298 #RFs 49
2018-06-11 19:29:56,828 weight: 197.85159207310298
2018-06-11 19:29:56,828 , 197.85159207310298
2018-06-11 19:29:56,831 MALICIOUS MINING state
2018-06-11 19:29:56,831 start mining - depth 25
2018-06-11 19:29:56,833 start mining - hash a64e70e4f38dcf1ffcb80ef1b6a06cbfe71851a9bf39d780dbfacd0a26c5a2f3
2018-06-11 19:29:59,031 RCV reinforcement info
2018-06-11 19:30:01,781 RCV malicious_prop_agreement
2018-06-11 19:30:03,849 RCV reinforcement info
2018-06-11 19:30:03,865 RCV reinforcement info
2018-06-11 19:30:04,684 RF found but not transmitted
2018-06-11 19:30:09,436 RCV reinforcement info
2018-06-11 19:30:11,497 RCV reinforcement info
2018-06-11 19:30:11,576 RCV reinforcement info
2018-06-11 19:30:12,690 RCV reinforcement info
2018-06-11 19:30:12,986 RCV reinforcement info
2018-06-11 19:30:14,157 RF found but not transmitted
2018-06-11 19:30:14,850 RCV reinforcement info
2018-06-11 19:30:15,030 RF found but not transmitted
2018-06-11 19:30:15,048 RCV reinforcement info
2018-06-11 19:30:15,989 RCV reinforcement info
2018-06-11 19:30:16,389 RCV reinforcement info
2018-06-11 19:30:16,460 RCV reinforcement info
2018-06-11 19:30:20,725 RCV reinforcement info
2018-06-11 19:30:23,942 RCV reinforcement info
2018-06-11 19:30:26,066 RF found but not transmitted
2018-06-11 19:30:27,653 RCV reinforcement info
2018-06-11 19:30:30,167 RF found but not transmitted
2018-06-11 19:30:31,527 RCV reinforcement info
2018-06-11 19:30:35,019 RCV reinforcement info
2018-06-11 19:30:36,103 RCV reinforcement info
2018-06-11 19:30:36,250 RCV reinforcement info
2018-06-11 19:30:38,722 RF found but not transmitted
2018-06-11 19:30:39,263 RCV reinforcement info
2018-06-11 19:30:40,152 RCV reinforcement info
2018-06-11 19:30:40,590 RF found but not transmitted
2018-06-11 19:30:42,943 RCV reinforcement info
2018-06-11 19:30:43,505 RF found but not transmitted
2018-06-11 19:30:44,015 RCV reinforcement info
2018-06-11 19:30:44,350 RCV reinforcement info
2018-06-11 19:30:44,957 RCV reinforcement info
2018-06-11 19:30:45,229 RCV reinforcement info
2018-06-11 19:30:45,338 RF found but not transmitted
2018-06-11 19:30:45,695 RCV reinforcement info
2018-06-11 19:30:47,040 RCV reinforcement info
2018-06-11 19:30:47,259 RCV reinforcement info
2018-06-11 19:30:49,109 RCV reinforcement info
2018-06-11 19:30:49,271 RCV reinforcement info
2018-06-11 19:30:49,696 RCV reinforcement info
2018-06-11 19:30:51,806 RCV reinforcement info
2018-06-11 19:30:53,620 RCV reinforcement info
2018-06-11 19:30:54,120 RCV reinforcement info
2018-06-11 19:30:54,309 RCV reinforcement info
2018-06-11 19:30:55,307 RCV reinforcement info
2018-06-11 19:30:55,489 RF found but not transmitted
2018-06-11 19:30:55,722 RF found but not transmitted
2018-06-11 19:30:56,250 RCV reinforcement info
2018-06-11 19:30:56,684 RCV reinforcement info
2018-06-11 19:30:57,788 RCV reinforcement info
2018-06-11 19:31:00,423 RCV proposal
2018-06-11 19:31:00,434 appended honest propose bb65ad5663 on top of a64e70e4f3
2018-06-11 19:31:00,541 RCV reinforcement
2018-06-11 19:31:00,543 RF found but not transmitted
2018-06-11 19:31:00,579 RCV reinforcement
2018-06-11 19:31:00,749 RCV reinforcement info
2018-06-11 19:31:00,887 RCV reinforcement
2018-06-11 19:31:00,941 RCV reinforcement info
2018-06-11 19:31:01,038 RCV reinforcement
2018-06-11 19:31:01,917 RCV reinforcement info
2018-06-11 19:31:02,025 RCV reinforcement
2018-06-11 19:31:02,181 RCV commit
2018-06-11 19:31:02,577 appended honest commit 5baf156c0d on top of bb65ad5663
2018-06-11 19:31:02,930 Weight: 205.68217637280827 #RFs 43
2018-06-11 19:31:02,930 weight: 205.68217637280827
2018-06-11 19:31:02,931 , 205.68217637280827
2018-06-11 19:31:03,234 RCV proposal
2018-06-11 19:31:03,247 appended malicious propose f1a63d87f5 on top of a64e70e4f3
2018-06-11 19:31:03,270 REINFORCEMENT SENT state
2018-06-11 19:31:03,282 SNT reinforcement
2018-06-11 19:31:03,710 RCV reinforcement
2018-06-11 19:31:03,716 RCV reinforcement
2018-06-11 19:31:03,722 RCV reinforcement
2018-06-11 19:31:03,743 RCV reinforcement
2018-06-11 19:31:03,751 RCV reinforcement
2018-06-11 19:31:04,038 RCV reinforcement
2018-06-11 19:31:04,328 RCV reinforcement info
2018-06-11 19:31:04,859 RCV reinforcement
2018-06-11 19:31:04,958 RCV reinforcement
2018-06-11 19:31:05,087 RCV reinforcement
2018-06-11 19:31:05,259 RCV reinforcement
2018-06-11 19:31:05,299 RCV reinforcement info
2018-06-11 19:31:05,420 RCV reinforcement
2018-06-11 19:31:05,464 RCV commit
2018-06-11 19:31:06,276 appended malicious commit c36a056c10 on top of f1a63d87f5
2018-06-11 19:31:06,954 Weight: 216.37996031298107 #RFs 91
2018-06-11 19:31:06,954 weight: 216.37996031298107
2018-06-11 19:31:06,954 , 216.37996031298107
2018-06-11 19:31:06,959 MALICIOUS MINING state
2018-06-11 19:31:06,959 start mining - depth 26
2018-06-11 19:31:06,960 start mining - hash c36a056c104c1f09d9d49b7466597cccad8cc3fdcd7c93d3278b13bf85981e9f
2018-06-11 19:31:06,961 Hashing frequency: 5420
2018-06-11 19:31:08,330 RCV reinforcement info
2018-06-11 19:31:09,723 RCV reinforcement info
