2018-06-10 16:35:32,014 ---------------------------------------------------------
2018-06-10 16:35:32,015 MALICIOUS PURE BLOCKCHAIN state
2018-06-10 16:35:33,053 start mining - depth 0
2018-06-10 16:35:33,054 start mining - hash 13578b7c9b135157f6f18ffdc5e67399b8696ea091ab49acfec1ba29cb6849a7
2018-06-10 16:35:44,090 RCV malicious_prop_agreement
2018-06-10 16:35:44,091 start mal hidden SELFISH mining on top of - hash 6bab5ac9db179ae99ad53751487f3ff55f89eb8c0421c56828139664ff07a481
2018-06-10 16:35:45,797 RF found but not transmitted
2018-06-10 16:35:52,702 RF found but not transmitted
2018-06-10 16:35:54,951 RF found but not transmitted
2018-06-10 16:36:02,966 RF found but not transmitted
2018-06-10 16:36:07,161 RF found but not transmitted
2018-06-10 16:36:09,657 RF found but not transmitted
2018-06-10 16:36:11,314 RCV proposal_commit
2018-06-10 16:36:11,316 appended honest propose 1dee9e6da0 on top of 13578b7c9b
2018-06-10 16:36:11,317 appended honest commit ac762e8607 on top of 1dee9e6da0
2018-06-10 16:36:11,317 weight: 1
2018-06-10 16:36:11,317 , 1
2018-06-10 16:36:11,376 RCV proposal_commit
2018-06-10 16:36:11,379 appended malicious propose 6bd282bf14 on top of 13578b7c9b
2018-06-10 16:36:11,380 appended malicious commit c7473eee87 on top of 6bd282bf14
2018-06-10 16:36:11,380 weight: 1
2018-06-10 16:36:11,380 , 1
2018-06-10 16:36:11,381 start mining - depth 1
2018-06-10 16:36:11,381 start mining - hash c7473eee87c2d8a95f13fcd48726ed04fe9255197ecd5863859e22b91df34bdf
2018-06-10 16:36:17,487 RF found but not transmitted
2018-06-10 16:36:19,645 RF found but not transmitted
2018-06-10 16:36:23,366 RCV proposal_commit
2018-06-10 16:36:23,369 appended malicious propose 4691b854da on top of c7473eee87
2018-06-10 16:36:23,369 appended malicious commit e3dd1511a9 on top of 4691b854da
2018-06-10 16:36:23,370 weight: 2
2018-06-10 16:36:23,370 , 2
2018-06-10 16:36:23,370 start mining - depth 2
2018-06-10 16:36:23,371 start mining - hash e3dd1511a9717ade1df412b40f553d4ab6ee6d2250624b54e8f07de4da3471c1
2018-06-10 16:36:37,452 RF found but not transmitted
2018-06-10 16:36:40,548 RF found but not transmitted
2018-06-10 16:36:40,990 RF found but not transmitted
2018-06-10 16:36:43,809 RF found but not transmitted
2018-06-10 16:36:44,501 RF found but not transmitted
2018-06-10 16:36:45,922 RCV proposal_commit
2018-06-10 16:36:45,925 appended honest propose 2a7b0722b1 on top of e3dd1511a9
2018-06-10 16:36:45,925 appended honest commit ea6e223ca0 on top of 2a7b0722b1
2018-06-10 16:36:45,926 weight: 3
2018-06-10 16:36:45,926 , 3
2018-06-10 16:36:46,205 RCV proposal_commit
2018-06-10 16:36:46,209 appended honest propose 3c95c46f2d on top of ea6e223ca0
2018-06-10 16:36:46,209 appended honest commit 6cbe630af9 on top of 3c95c46f2d
2018-06-10 16:36:46,209 weight: 4
2018-06-10 16:36:46,209 , 4
2018-06-10 16:36:46,209 LOSE: MALICIOUS LOST 2 - 0
2018-06-10 16:36:46,210 start mining - depth 4
2018-06-10 16:36:46,210 start mining - hash 6cbe630af93018d0e02bb782194d74502dfd9155e9e26d58aedea3fa08e2af74
2018-06-10 16:36:46,210 Hashing frequency: 3977
2018-06-10 16:36:46,230 RF found but not transmitted
2018-06-10 16:36:46,232 hash found
2018-06-10 16:36:46,234 SNT malicious_proposal_agreement
2018-06-10 16:37:00,560 RCV proposal_commit
2018-06-10 16:37:00,563 appended honest propose 8eb2a89353 on top of 6cbe630af9
2018-06-10 16:37:00,563 appended honest commit c591986e87 on top of 8eb2a89353
2018-06-10 16:37:00,563 weight: 5
2018-06-10 16:37:00,563 , 5
2018-06-10 16:37:00,568 appended malicious propose 18cae8b628 on top of 6cbe630af9
2018-06-10 16:37:00,569 appended malicious commit 1470691552 on top of 18cae8b628
2018-06-10 16:37:00,569 weight: 5
2018-06-10 16:37:00,569 SNT proposal_commit
2018-06-10 16:37:00,618 start mining - depth 5
2018-06-10 16:37:00,619 start mining - hash 1470691552c19c368ddc6be4f8008cd2d7210606221650eb9193ead564c05cf0
2018-06-10 16:37:00,637 RF found but not transmitted
2018-06-10 16:37:00,638 hash found
2018-06-10 16:37:00,641 appended malicious propose 4d7c682a71 on top of 1470691552
2018-06-10 16:37:00,642 appended malicious commit 4f4744a12c on top of 4d7c682a71
2018-06-10 16:37:00,642 weight: 6
2018-06-10 16:37:00,642 SNT proposal_commit
2018-06-10 16:37:00,733 , 6
2018-06-10 16:37:00,735 WIN: MALICIOUS WIN
2018-06-10 16:37:00,735 start mining - depth 6
2018-06-10 16:37:00,736 start mining - hash 4f4744a12c2d4bf0751fdda7e44a59479bb97f2e0173a55e71ffa86976432e4d
2018-06-10 16:37:01,044 RCV malicious_prop_agreement
2018-06-10 16:37:01,044 start mal hidden SELFISH mining on top of - hash 61df5c0d9188df9e50a5976e057d1d0b495d6af4a574ddd40c3a8a9846c1cda9
2018-06-10 16:37:04,788 RF found but not transmitted
2018-06-10 16:37:05,328 RF found but not transmitted
2018-06-10 16:37:13,949 RF found but not transmitted
2018-06-10 16:37:16,856 RF found but not transmitted
2018-06-10 16:37:18,344 RF found but not transmitted
2018-06-10 16:37:21,000 RF found but not transmitted
2018-06-10 16:37:21,188 RF found but not transmitted
2018-06-10 16:37:23,829 RF found but not transmitted
2018-06-10 16:37:33,323 RF found but not transmitted
2018-06-10 16:37:36,527 RF found but not transmitted
2018-06-10 16:37:37,651 RF found but not transmitted
2018-06-10 16:37:55,153 RF found but not transmitted
2018-06-10 16:37:59,914 RF found but not transmitted
2018-06-10 16:38:02,736 RF found but not transmitted
2018-06-10 16:38:04,226 RF found but not transmitted
2018-06-10 16:38:05,949 RF found but not transmitted
2018-06-10 16:38:06,928 RF found but not transmitted
2018-06-10 16:38:08,519 RF found but not transmitted
2018-06-10 16:38:18,579 RF found but not transmitted
2018-06-10 16:38:18,866 RF found but not transmitted
2018-06-10 16:38:25,159 RF found but not transmitted
2018-06-10 16:38:29,751 RF found but not transmitted
2018-06-10 16:38:29,787 RF found but not transmitted
2018-06-10 16:38:37,356 RCV proposal_commit
2018-06-10 16:38:37,363 appended honest propose c059def902 on top of 4f4744a12c
2018-06-10 16:38:37,365 appended honest commit 368bed106b on top of c059def902
2018-06-10 16:38:37,365 weight: 7
2018-06-10 16:38:37,365 , 7
2018-06-10 16:38:37,413 RCV proposal_commit
2018-06-10 16:38:37,417 appended malicious propose ccaeb3c3a8 on top of 4f4744a12c
2018-06-10 16:38:37,430 appended malicious commit 00db200092 on top of ccaeb3c3a8
2018-06-10 16:38:37,430 weight: 7
2018-06-10 16:38:37,430 , 7
2018-06-10 16:38:37,434 start mining - depth 7
2018-06-10 16:38:37,434 start mining - hash 00db2000924e49480b510d4af763c832210faddc577ad772b970cd29f80fb108
2018-06-10 16:38:37,434 Hashing frequency: 5227
2018-06-10 16:38:41,278 RF found but not transmitted
2018-06-10 16:38:41,279 hash found
2018-06-10 16:38:41,284 appended malicious propose 791455b597 on top of 00db200092
2018-06-10 16:38:41,284 appended malicious commit 5b60a33c5d on top of 791455b597
2018-06-10 16:38:41,284 weight: 8
2018-06-10 16:38:41,284 SNT proposal_commit
2018-06-10 16:38:41,337 , 8
2018-06-10 16:38:41,337 WIN: MALICIOUS WIN
2018-06-10 16:38:41,337 start mining - depth 8
2018-06-10 16:38:41,338 start mining - hash 5b60a33c5df2df480db05b173883f4b32f01c7f47269da1ee3c5da91d35b0b60
2018-06-10 16:38:42,561 RF found but not transmitted
2018-06-10 16:38:45,836 RF found but not transmitted
2018-06-10 16:38:46,579 RCV malicious_prop_agreement
2018-06-10 16:38:46,579 start mal hidden SELFISH mining on top of - hash e98ecbda03ed445187f35011c84d08f3f84a74b95db782c970d68100721ae5b8
2018-06-10 16:38:47,588 RF found but not transmitted
2018-06-10 16:38:48,665 RF found but not transmitted
2018-06-10 16:38:52,276 RF found but not transmitted
2018-06-10 16:38:59,713 RF found but not transmitted
2018-06-10 16:39:01,780 RF found but not transmitted
2018-06-10 16:39:02,062 RF found but not transmitted
2018-06-10 16:39:10,065 RF found but not transmitted
2018-06-10 16:39:13,765 RF found but not transmitted
2018-06-10 16:39:20,492 RF found but not transmitted
2018-06-10 16:39:20,708 RF found but not transmitted
2018-06-10 16:39:31,091 RF found but not transmitted
2018-06-10 16:39:31,494 RF found but not transmitted
2018-06-10 16:39:31,905 RF found but not transmitted
2018-06-10 16:39:32,269 RF found but not transmitted
2018-06-10 16:39:37,808 RF found but not transmitted
2018-06-10 16:39:39,249 RCV proposal_commit
2018-06-10 16:39:39,254 appended honest propose 2e431ab712 on top of 5b60a33c5d
2018-06-10 16:39:39,255 appended honest commit 883890a845 on top of 2e431ab712
2018-06-10 16:39:39,255 weight: 9
2018-06-10 16:39:39,255 , 9
2018-06-10 16:39:39,325 RCV proposal_commit
2018-06-10 16:39:39,328 appended malicious propose f7b31aebaf on top of 5b60a33c5d
2018-06-10 16:39:39,331 appended malicious commit f4b5c917c7 on top of f7b31aebaf
2018-06-10 16:39:39,331 weight: 9
2018-06-10 16:39:39,331 , 9
2018-06-10 16:39:39,334 start mining - depth 9
2018-06-10 16:39:39,334 start mining - hash f4b5c917c74d874e7ec5ab5e77ee877edb00fc566f91ea2a413c3d026de329dc
2018-06-10 16:39:39,334 Hashing frequency: 3332
2018-06-10 16:39:39,469 RF found but not transmitted
2018-06-10 16:39:41,096 RCV proposal_commit
2018-06-10 16:39:41,103 appended honest propose 61389333a3 on top of 883890a845
2018-06-10 16:39:41,103 appended honest commit 985b2f8eae on top of 61389333a3
2018-06-10 16:39:41,103 weight: 10
2018-06-10 16:39:41,103 , 10
2018-06-10 16:39:41,104 LOSE: MALICIOUS LOST 2 - 1
2018-06-10 16:39:41,104 start mining - depth 10
2018-06-10 16:39:41,104 start mining - hash 985b2f8eae69780291e3b15199dbb2936435e9569dbaa7f23bcf4b9ac492dca5
2018-06-10 16:39:52,583 RCV malicious_prop_agreement
2018-06-10 16:39:52,583 start mal hidden SELFISH mining on top of - hash 5a060b40fd2c31cace1db1c2fa985f52c67c95cb6dbc5ca5dfcfeab8de63898b
2018-06-10 16:39:56,273 RF found but not transmitted
2018-06-10 16:40:04,260 RF found but not transmitted
2018-06-10 16:40:10,923 RF found but not transmitted
2018-06-10 16:40:16,834 RCV proposal_commit
2018-06-10 16:40:16,839 appended honest propose 615a7b658e on top of 985b2f8eae
2018-06-10 16:40:16,840 appended honest commit a9c69363d6 on top of 615a7b658e
2018-06-10 16:40:16,840 weight: 11
2018-06-10 16:40:16,840 , 11
2018-06-10 16:40:16,908 RCV proposal_commit
2018-06-10 16:40:16,910 appended malicious propose 33a1ec066f on top of 985b2f8eae
2018-06-10 16:40:16,911 appended malicious commit b3d77a8b46 on top of 33a1ec066f
2018-06-10 16:40:16,911 weight: 11
2018-06-10 16:40:16,911 , 11
2018-06-10 16:40:16,913 start mining - depth 11
2018-06-10 16:40:16,914 start mining - hash b3d77a8b465d4cb712d0a65dbf7ab9805a00df59caeb6d1ca5e44faae762a36f
2018-06-10 16:40:21,430 RCV proposal_commit
2018-06-10 16:40:21,432 appended malicious propose 76cd77196e on top of b3d77a8b46
2018-06-10 16:40:21,433 appended malicious commit db1c84e917 on top of 76cd77196e
2018-06-10 16:40:21,433 weight: 12
2018-06-10 16:40:21,433 , 12
2018-06-10 16:40:21,433 start mining - depth 12
2018-06-10 16:40:21,434 start mining - hash db1c84e917888b8f83324720cac84b99b8b060858acbcfe497fc73c694d16556
2018-06-10 16:40:25,761 RCV proposal_commit
2018-06-10 16:40:25,763 appended honest propose b89bd47019 on top of db1c84e917
2018-06-10 16:40:25,763 appended honest commit cfc2ff2b7b on top of b89bd47019
2018-06-10 16:40:25,763 weight: 13
2018-06-10 16:40:25,763 , 13
2018-06-10 16:40:27,483 RF found but not transmitted
2018-06-10 16:40:28,398 RF found but not transmitted
2018-06-10 16:40:28,399 hash found
2018-06-10 16:40:28,403 appended malicious propose 891ff1e297 on top of db1c84e917
2018-06-10 16:40:28,403 appended malicious commit fb97dcc53f on top of 891ff1e297
2018-06-10 16:40:28,403 weight: 13
2018-06-10 16:40:28,403 SNT proposal_commit
2018-06-10 16:40:28,456 , 13
2018-06-10 16:40:28,457 start mining - depth 13
2018-06-10 16:40:28,457 start mining - hash fb97dcc53f3a4f92dd86890feb3ea2e04664dcc2843f25eedcd43a219efb270b
2018-06-10 16:40:29,232 RF found but not transmitted
2018-06-10 16:40:36,277 RF found but not transmitted
2018-06-10 16:40:36,962 RF found but not transmitted
2018-06-10 16:40:39,598 RCV proposal_commit
2018-06-10 16:40:39,600 appended malicious propose 90f436283e on top of fb97dcc53f
2018-06-10 16:40:39,601 appended malicious commit f41f4e80aa on top of 90f436283e
2018-06-10 16:40:39,601 weight: 14
2018-06-10 16:40:39,601 , 14
2018-06-10 16:40:39,601 start mining - depth 14
2018-06-10 16:40:39,602 start mining - hash f41f4e80aa9d5541866c57c60682340d9c8b193bef067271b99142c66295edf5
2018-06-10 16:40:39,602 Hashing frequency: 3282
2018-06-10 16:40:40,038 RF found but not transmitted
2018-06-10 16:40:42,714 RCV malicious_prop_agreement
2018-06-10 16:40:42,715 start mal hidden SELFISH mining on top of - hash 389a7ef92758e6bffb1d7cb147d9a4025be456980da282354a099d34a9fe3d7b
2018-06-10 16:40:42,768 RF found but not transmitted
2018-06-10 16:40:45,556 RF found but not transmitted
2018-06-10 16:40:59,028 RF found but not transmitted
2018-06-10 16:41:01,147 RF found but not transmitted
2018-06-10 16:41:03,771 RF found but not transmitted
2018-06-10 16:41:05,276 RF found but not transmitted
2018-06-10 16:41:09,210 RF found but not transmitted
2018-06-10 16:41:13,231 RF found but not transmitted
2018-06-10 16:41:16,115 RF found but not transmitted
2018-06-10 16:41:19,125 RF found but not transmitted
2018-06-10 16:41:19,605 RF found but not transmitted
2018-06-10 16:41:20,750 RCV proposal_commit
2018-06-10 16:41:20,753 appended honest propose c49ae0fd48 on top of f41f4e80aa
2018-06-10 16:41:20,754 appended honest commit c7a87aec3c on top of c49ae0fd48
2018-06-10 16:41:20,754 weight: 15
2018-06-10 16:41:20,754 , 15
2018-06-10 16:41:20,818 RCV proposal_commit
2018-06-10 16:41:20,821 appended malicious propose 94b0cb0017 on top of f41f4e80aa
2018-06-10 16:41:20,822 appended malicious commit 008985086b on top of 94b0cb0017
2018-06-10 16:41:20,822 weight: 15
2018-06-10 16:41:20,822 , 15
2018-06-10 16:41:20,828 start mining - depth 15
2018-06-10 16:41:20,828 start mining - hash 008985086b11788bde7bc197be5e31a3a5c1f8212eb41f667154a5dc92988b86
2018-06-10 16:41:23,324 RF found but not transmitted
2018-06-10 16:41:25,296 RCV proposal_commit
2018-06-10 16:41:25,299 appended honest propose ee70ab239b on top of c7a87aec3c
2018-06-10 16:41:25,299 appended honest commit 5b668a8029 on top of ee70ab239b
2018-06-10 16:41:25,299 weight: 16
2018-06-10 16:41:25,299 , 16
2018-06-10 16:41:25,300 LOSE: MALICIOUS LOST 2 - 1
2018-06-10 16:41:25,300 start mining - depth 16
2018-06-10 16:41:25,300 start mining - hash 5b668a80298c7aca372863596e2fc5ea5113061a745162f42ab8ecdb09c8d2b5
2018-06-10 16:41:31,335 RF found but not transmitted
2018-06-10 16:41:36,016 RF found but not transmitted
2018-06-10 16:41:37,281 RCV malicious_prop_agreement
2018-06-10 16:41:37,282 start mal hidden SELFISH mining on top of - hash a6cc237e6840ebf87acbbbf6af89dc1b21f277d7cb931273b63ec5a48db048c6
2018-06-10 16:41:41,246 RF found but not transmitted
2018-06-10 16:41:42,480 RF found but not transmitted
2018-06-10 16:41:46,964 RCV proposal_commit
2018-06-10 16:41:46,969 appended honest propose 0d9ae747ff on top of 5b668a8029
2018-06-10 16:41:46,969 appended honest commit 2f94cd9695 on top of 0d9ae747ff
2018-06-10 16:41:46,969 weight: 17
2018-06-10 16:41:46,970 , 17
2018-06-10 16:41:47,023 RCV proposal_commit
2018-06-10 16:41:47,026 appended malicious propose a50da41826 on top of 5b668a8029
2018-06-10 16:41:47,027 appended malicious commit e78296120c on top of a50da41826
2018-06-10 16:41:47,027 weight: 17
2018-06-10 16:41:47,027 , 17
2018-06-10 16:41:47,029 start mining - depth 17
2018-06-10 16:41:47,029 start mining - hash e78296120c399e4448b340289ddfd17dcab723f04de61a5f019615bcf83231ac
2018-06-10 16:41:47,036 Hashing frequency: 3734
2018-06-10 16:41:50,036 RF found but not transmitted
2018-06-10 16:41:50,321 RF found but not transmitted
2018-06-10 16:41:50,763 RF found but not transmitted
2018-06-10 16:41:51,398 RCV proposal_commit
2018-06-10 16:41:51,401 appended malicious propose 44e98aff4a on top of e78296120c
2018-06-10 16:41:51,401 appended malicious commit bb010779f9 on top of 44e98aff4a
2018-06-10 16:41:51,401 weight: 18
2018-06-10 16:41:51,401 , 18
2018-06-10 16:41:51,401 start mining - depth 18
2018-06-10 16:41:51,402 start mining - hash bb010779f9c33034c9db92efcde6a78906967723500931442ec2f1b20d8d9fa7
2018-06-10 16:41:55,911 RF found but not transmitted
2018-06-10 16:41:59,883 RF found but not transmitted
2018-06-10 16:42:05,244 RF found but not transmitted
2018-06-10 16:42:10,338 RCV proposal_commit
2018-06-10 16:42:10,341 appended honest propose c60b52eb5e on top of bb010779f9
2018-06-10 16:42:10,341 appended honest commit ee4949a0b3 on top of c60b52eb5e
2018-06-10 16:42:10,341 weight: 19
2018-06-10 16:42:10,341 , 19
2018-06-10 16:42:17,349 RF found but not transmitted
2018-06-10 16:42:21,229 RF found but not transmitted
2018-06-10 16:42:21,528 RF found but not transmitted
2018-06-10 16:42:22,140 RF found but not transmitted
2018-06-10 16:42:24,991 RCV proposal_commit
2018-06-10 16:42:24,996 appended malicious propose 5bdf0d0311 on top of bb010779f9
2018-06-10 16:42:24,997 appended malicious commit 280e81e622 on top of 5bdf0d0311
2018-06-10 16:42:24,997 weight: 19
2018-06-10 16:42:24,997 , 19
2018-06-10 16:42:25,014 start mining - depth 19
2018-06-10 16:42:25,014 start mining - hash 280e81e6228182b8a945e16e734114f9587f370be09ff2514630f2ef865b4fb6
2018-06-10 16:42:25,216 RF found but not transmitted
2018-06-10 16:42:28,613 RF found but not transmitted
2018-06-10 16:42:29,719 RF found but not transmitted
2018-06-10 16:42:35,992 RF found but not transmitted
2018-06-10 16:42:36,789 RF found but not transmitted
2018-06-10 16:42:39,086 RF found but not transmitted
2018-06-10 16:42:44,603 RF found but not transmitted
2018-06-10 16:42:44,605 hash found
2018-06-10 16:42:44,610 appended malicious propose fbc6fcbf15 on top of 280e81e622
2018-06-10 16:42:44,610 appended malicious commit 013fe8fd44 on top of fbc6fcbf15
2018-06-10 16:42:44,611 weight: 20
2018-06-10 16:42:44,611 SNT proposal_commit
2018-06-10 16:42:44,660 , 20
2018-06-10 16:42:44,660 WIN: MALICIOUS WIN
2018-06-10 16:42:44,660 start mining - depth 20
2018-06-10 16:42:44,661 start mining - hash 013fe8fd44a94177224943cd59524e7bab729e460435f08089429c7867bbe51b
2018-06-10 16:42:47,080 RF found but not transmitted
2018-06-10 16:42:47,960 RCV malicious_prop_agreement
2018-06-10 16:42:47,960 start mal hidden SELFISH mining on top of - hash 4967ac1904f230c9f6c8485d75b3543cc4ccc2b7df6dada4abd87e3792bbdb5f
2018-06-10 16:42:48,863 RF found but not transmitted
2018-06-10 16:42:52,209 RF found but not transmitted
2018-06-10 16:42:56,624 RF found but not transmitted
2018-06-10 16:43:00,540 RF found but not transmitted
2018-06-10 16:43:02,400 RF found but not transmitted
2018-06-10 16:43:02,759 RCV proposal_commit
2018-06-10 16:43:02,762 appended honest propose 27ce08ecf0 on top of 013fe8fd44
2018-06-10 16:43:02,762 appended honest commit 0169e30def on top of 27ce08ecf0
2018-06-10 16:43:02,762 weight: 21
2018-06-10 16:43:02,762 , 21
2018-06-10 16:43:02,823 RCV proposal_commit
2018-06-10 16:43:02,825 appended malicious propose 2703c4f118 on top of 013fe8fd44
2018-06-10 16:43:02,826 appended malicious commit bdd9f35500 on top of 2703c4f118
2018-06-10 16:43:02,826 weight: 21
2018-06-10 16:43:02,826 , 21
2018-06-10 16:43:02,831 start mining - depth 21
2018-06-10 16:43:02,832 start mining - hash bdd9f355008543ea990e770f4bbf815ae9ca7ff50e6f4f0b60628bdc3d1a2f91
2018-06-10 16:43:02,832 Hashing frequency: 4191
2018-06-10 16:43:04,924 RCV proposal_commit
2018-06-10 16:43:04,926 appended malicious propose babc332321 on top of bdd9f35500
2018-06-10 16:43:04,927 appended malicious commit 071f982df8 on top of babc332321
2018-06-10 16:43:04,927 weight: 22
2018-06-10 16:43:04,927 , 22
2018-06-10 16:43:04,927 start mining - depth 22
2018-06-10 16:43:04,927 start mining - hash 071f982df8f0a636c11c0658696952900d0641a1a3126aadfcc92ffab8a9414f
2018-06-10 16:43:05,050 RF found but not transmitted
2018-06-10 16:43:05,350 RF found but not transmitted
2018-06-10 16:43:05,948 RCV proposal_commit
2018-06-10 16:43:05,950 appended honest propose f9a7af39b0 on top of 071f982df8
2018-06-10 16:43:05,950 appended honest commit 76558ac2a7 on top of f9a7af39b0
2018-06-10 16:43:05,950 weight: 23
2018-06-10 16:43:05,950 , 23
2018-06-10 16:43:06,525 RF found but not transmitted
2018-06-10 16:43:07,597 RCV proposal_commit
2018-06-10 16:43:07,605 appended malicious propose a92b1e1970 on top of 071f982df8
2018-06-10 16:43:07,605 appended malicious commit f2144d1171 on top of a92b1e1970
2018-06-10 16:43:07,605 weight: 23
2018-06-10 16:43:07,605 , 23
2018-06-10 16:43:07,607 start mining - depth 23
2018-06-10 16:43:07,607 start mining - hash f2144d11711668db64236534958426abb627d6401f71ee91041ef65935524e01
2018-06-10 16:43:11,159 RCV proposal_commit
2018-06-10 16:43:11,163 appended malicious propose 55e954833f on top of f2144d1171
2018-06-10 16:43:11,163 appended malicious commit fff5ce02dd on top of 55e954833f
2018-06-10 16:43:11,163 weight: 24
2018-06-10 16:43:11,163 , 24
2018-06-10 16:43:11,165 start mining - depth 24
2018-06-10 16:43:11,165 start mining - hash fff5ce02dd4ddd673c23e50c1fde4d17bf76711ec261fc81875af2acc1d264aa
2018-06-10 16:43:11,721 RF found but not transmitted
2018-06-10 16:43:11,722 hash found
2018-06-10 16:43:11,725 SNT malicious_proposal_agreement
2018-06-10 16:43:40,592 RCV proposal_commit
2018-06-10 16:43:40,597 appended honest propose 910f012d8e on top of fff5ce02dd
2018-06-10 16:43:40,598 appended honest commit b89ed9bdaa on top of 910f012d8e
2018-06-10 16:43:40,598 weight: 25
2018-06-10 16:43:40,598 , 25
2018-06-10 16:43:40,604 appended malicious propose 21341ea5dc on top of fff5ce02dd
2018-06-10 16:43:40,605 appended malicious commit 5b129e7786 on top of 21341ea5dc
2018-06-10 16:43:40,605 weight: 25
2018-06-10 16:43:40,605 SNT proposal_commit
2018-06-10 16:43:40,652 start mining - depth 25
2018-06-10 16:43:40,652 start mining - hash 5b129e778607c91ad59ca84edf8daaf0d1ea0f8058bc7012f3d2975a2b4a677d
2018-06-10 16:43:41,764 RCV proposal_commit
2018-06-10 16:43:41,767 appended malicious propose c916dccd53 on top of 5b129e7786
2018-06-10 16:43:41,767 appended malicious commit b7fac16634 on top of c916dccd53
2018-06-10 16:43:41,767 weight: 26
2018-06-10 16:43:41,767 , 26
2018-06-10 16:43:41,770 start mining - depth 26
2018-06-10 16:43:41,770 start mining - hash b7fac16634115e3d049c49acaef74cbe1c35190f38d8e38549a180cee47f6eb2
2018-06-10 16:43:49,313 RF found but not transmitted
2018-06-10 16:43:49,405 RF found but not transmitted
2018-06-10 16:43:52,093 RF found but not transmitted
2018-06-10 16:43:56,973 RF found but not transmitted
2018-06-10 16:44:00,375 RF found but not transmitted
2018-06-10 16:44:00,376 hash found
2018-06-10 16:44:00,378 SNT malicious_proposal_agreement
2018-06-10 16:44:02,248 RCV proposal_commit
2018-06-10 16:44:02,250 appended honest propose d3c94c4b89 on top of b7fac16634
2018-06-10 16:44:02,251 appended honest commit a712216f25 on top of d3c94c4b89
2018-06-10 16:44:02,251 weight: 27
2018-06-10 16:44:02,251 , 27
2018-06-10 16:44:02,254 appended malicious propose 45c977649b on top of b7fac16634
2018-06-10 16:44:02,266 appended malicious commit e4ecbf2b14 on top of 45c977649b
2018-06-10 16:44:02,266 weight: 27
2018-06-10 16:44:02,266 SNT proposal_commit
2018-06-10 16:44:02,348 start mining - depth 27
2018-06-10 16:44:02,348 start mining - hash e4ecbf2b14b914b26ca30cc28e6f75f21a5eac0d78f8a1e4ef5c63bec7b357ea
2018-06-10 16:44:06,131 RF found but not transmitted
2018-06-10 16:44:11,588 RF found but not transmitted
2018-06-10 16:44:16,696 RF found but not transmitted
2018-06-10 16:44:16,754 RF found but not transmitted
2018-06-10 16:44:27,817 RF found but not transmitted
2018-06-10 16:44:29,163 RCV proposal_commit
2018-06-10 16:44:29,166 appended malicious propose e543910ef9 on top of e4ecbf2b14
2018-06-10 16:44:29,167 appended malicious commit 57bcf429ae on top of e543910ef9
2018-06-10 16:44:29,167 weight: 28
2018-06-10 16:44:29,167 , 28
2018-06-10 16:44:29,167 start mining - depth 28
2018-06-10 16:44:29,167 start mining - hash 57bcf429ae56ef2404ea6e5ded0527001a17c37f06fb001256ebc1002e525e67
2018-06-10 16:44:29,168 Hashing frequency: 3023
2018-06-10 16:44:32,140 RF found but not transmitted
2018-06-10 16:44:32,605 RF found but not transmitted
2018-06-10 16:44:33,004 RF found but not transmitted
2018-06-10 16:44:34,496 RF found but not transmitted
2018-06-10 16:44:47,337 RF found but not transmitted
2018-06-10 16:44:49,083 RF found but not transmitted
2018-06-10 16:44:49,086 hash found
2018-06-10 16:44:49,088 SNT malicious_proposal_agreement
2018-06-10 16:44:59,684 RCV proposal_commit
2018-06-10 16:44:59,687 appended honest propose 4acf7d7779 on top of 57bcf429ae
2018-06-10 16:44:59,688 appended honest commit 7852ee71ce on top of 4acf7d7779
2018-06-10 16:44:59,688 weight: 29
2018-06-10 16:44:59,689 , 29
2018-06-10 16:44:59,696 appended malicious propose 2b340f7ada on top of 57bcf429ae
2018-06-10 16:44:59,698 appended malicious commit a4155ea0e5 on top of 2b340f7ada
2018-06-10 16:44:59,698 weight: 29
2018-06-10 16:44:59,698 SNT proposal_commit
2018-06-10 16:44:59,777 start mining - depth 29
2018-06-10 16:44:59,778 start mining - hash a4155ea0e535bbedfa70ab812b8ca3cbdaacfdbde327bad0915e5dbd7fc5aa30
2018-06-10 16:45:01,864 RF found but not transmitted
2018-06-10 16:45:07,098 RCV proposal_commit
2018-06-10 16:45:07,102 appended malicious propose f23da4a6b8 on top of a4155ea0e5
2018-06-10 16:45:07,102 appended malicious commit 6c403f941a on top of f23da4a6b8
2018-06-10 16:45:07,103 weight: 30
2018-06-10 16:45:07,103 , 30
2018-06-10 16:45:07,103 start mining - depth 30
2018-06-10 16:45:07,103 start mining - hash 6c403f941ac706e28827d1d73e1dca785a431fb31486761c04f046e567a4c616
2018-06-10 16:45:11,807 RCV malicious_prop_agreement
2018-06-10 16:45:11,807 start mal hidden SELFISH mining on top of - hash 7f5508e3b9801c295e8d1a965706b6c886fb0921614bb0531c2cbc70c2f9a588
2018-06-10 16:45:12,803 RF found but not transmitted
2018-06-10 16:45:18,340 RF found but not transmitted
2018-06-10 16:45:21,915 RF found but not transmitted
2018-06-10 16:45:29,869 RF found but not transmitted
2018-06-10 16:45:32,053 RF found but not transmitted
2018-06-10 16:45:33,023 RF found but not transmitted
2018-06-10 16:45:38,879 RF found but not transmitted
2018-06-10 16:45:56,500 RF found but not transmitted
2018-06-10 16:45:56,713 RF found but not transmitted
2018-06-10 16:46:05,644 RF found but not transmitted
2018-06-10 16:46:07,261 RF found but not transmitted
2018-06-10 16:46:08,175 RCV proposal_commit
2018-06-10 16:46:08,178 appended honest propose 056fd5779b on top of 6c403f941a
2018-06-10 16:46:08,179 appended honest commit be207615c7 on top of 056fd5779b
2018-06-10 16:46:08,179 weight: 31
2018-06-10 16:46:08,179 , 31
2018-06-10 16:46:08,237 RCV proposal_commit
2018-06-10 16:46:08,240 appended malicious propose efc8470ea5 on top of 6c403f941a
2018-06-10 16:46:08,241 appended malicious commit 36c529be2b on top of efc8470ea5
2018-06-10 16:46:08,241 weight: 31
2018-06-10 16:46:08,242 , 31
2018-06-10 16:46:08,244 start mining - depth 31
2018-06-10 16:46:08,245 start mining - hash 36c529be2b95b2ea1a289dd55eb6545f9d40494ed2e0a933915a86d05cebfb98
2018-06-10 16:46:08,255 Hashing frequency: 4864
2018-06-10 16:46:11,802 RF found but not transmitted
2018-06-10 16:46:16,084 RCV proposal_commit
2018-06-10 16:46:16,087 appended malicious propose e9b8427f7a on top of 36c529be2b
2018-06-10 16:46:16,088 appended malicious commit 5e9acaff45 on top of e9b8427f7a
2018-06-10 16:46:16,088 weight: 32
2018-06-10 16:46:16,088 , 32
2018-06-10 16:46:16,088 start mining - depth 32
2018-06-10 16:46:16,088 start mining - hash 5e9acaff45e99f4b8946cddecd9cc0016cc8d990dc4b10e7201d8eaa901812c3
2018-06-10 16:46:16,838 RF found but not transmitted
2018-06-10 16:46:17,383 RF found but not transmitted
2018-06-10 16:46:21,146 RF found but not transmitted
2018-06-10 16:46:22,586 RCV malicious_prop_agreement
2018-06-10 16:46:22,587 start mal hidden SELFISH mining on top of - hash e1ab9cb9c7dd5dfe207539ad31460d91eb81bdfaed063eb11df227c6b7e74c58
2018-06-10 16:46:23,320 RF found but not transmitted
2018-06-10 16:46:29,247 RF found but not transmitted
2018-06-10 16:46:34,715 RF found but not transmitted
2018-06-10 16:46:35,036 RF found but not transmitted
2018-06-10 16:46:35,619 RF found but not transmitted
2018-06-10 16:46:38,422 RF found but not transmitted
2018-06-10 16:46:47,005 RF found but not transmitted
2018-06-10 16:46:47,779 RF found but not transmitted
2018-06-10 16:46:52,158 RF found but not transmitted
2018-06-10 16:46:52,336 RF found but not transmitted
2018-06-10 16:46:57,493 RCV proposal_commit
2018-06-10 16:46:57,496 appended honest propose fc09efb959 on top of 5e9acaff45
2018-06-10 16:46:57,497 appended honest commit 765e0212d2 on top of fc09efb959
2018-06-10 16:46:57,497 weight: 33
2018-06-10 16:46:57,497 , 33
2018-06-10 16:46:57,556 RCV proposal_commit
2018-06-10 16:46:57,559 appended malicious propose 80ff53d1f1 on top of 5e9acaff45
2018-06-10 16:46:57,560 appended malicious commit 59c26ca7bc on top of 80ff53d1f1
2018-06-10 16:46:57,560 weight: 33
2018-06-10 16:46:57,560 , 33
2018-06-10 16:46:57,563 start mining - depth 33
2018-06-10 16:46:57,563 start mining - hash 59c26ca7bc2057bd36df716ede6e572c5a6ebaedba183984535f6e680ccb155a
2018-06-10 16:47:07,307 RF found but not transmitted
2018-06-10 16:47:08,636 RF found but not transmitted
2018-06-10 16:47:09,900 RF found but not transmitted
2018-06-10 16:47:11,934 RF found but not transmitted
2018-06-10 16:47:11,936 hash found
2018-06-10 16:47:11,940 appended malicious propose 907b72cb30 on top of 59c26ca7bc
2018-06-10 16:47:11,940 appended malicious commit a042f0bbf3 on top of 907b72cb30
2018-06-10 16:47:11,941 weight: 34
2018-06-10 16:47:11,941 SNT proposal_commit
2018-06-10 16:47:11,995 , 34
2018-06-10 16:47:11,995 WIN: MALICIOUS WIN
2018-06-10 16:47:11,995 start mining - depth 34
2018-06-10 16:47:11,996 start mining - hash a042f0bbf32005e0cbce748f95b469af4c2fb93ede5c7ec9e35f4b06f6e8eeb7
2018-06-10 16:47:11,996 Hashing frequency: 3512
2018-06-10 16:47:12,637 RF found but not transmitted
2018-06-10 16:47:15,514 RF found but not transmitted
2018-06-10 16:47:21,246 RF found but not transmitted
2018-06-10 16:47:21,248 hash found
2018-06-10 16:47:21,250 SNT malicious_proposal_agreement
2018-06-10 16:47:23,048 RCV proposal_commit
2018-06-10 16:47:23,050 appended honest propose 85292292a8 on top of a042f0bbf3
2018-06-10 16:47:23,050 appended honest commit bac3e67b7d on top of 85292292a8
2018-06-10 16:47:23,050 weight: 35
2018-06-10 16:47:23,050 , 35
2018-06-10 16:47:23,052 appended malicious propose 82115e4522 on top of a042f0bbf3
2018-06-10 16:47:23,053 appended malicious commit 73b750ec1c on top of 82115e4522
2018-06-10 16:47:23,053 weight: 35
2018-06-10 16:47:23,053 SNT proposal_commit
2018-06-10 16:47:23,095 start mining - depth 35
2018-06-10 16:47:23,095 start mining - hash 73b750ec1ca7e29097bcec3f6a6f729fcf6d92faa020b0edab5081f2b6f0f6d9
2018-06-10 16:47:30,349 RCV proposal_commit
2018-06-10 16:47:30,355 appended honest propose 38a3ce5cbc on top of bac3e67b7d
2018-06-10 16:47:30,355 appended honest commit 305040debf on top of 38a3ce5cbc
2018-06-10 16:47:30,355 weight: 36
2018-06-10 16:47:30,355 , 36
2018-06-10 16:47:30,355 LOSE: MALICIOUS LOST 2 - 1
2018-06-10 16:47:30,356 start mining - depth 36
2018-06-10 16:47:30,356 start mining - hash 305040debf028ffdb8d394fafc44924f41cb8a6d2cf1a078c925b14b28522370
2018-06-10 16:47:31,121 RF found but not transmitted
2018-06-10 16:47:32,049 RF found but not transmitted
2018-06-10 16:47:32,051 hash found
2018-06-10 16:47:32,052 SNT malicious_proposal_agreement
2018-06-10 16:47:33,778 RCV proposal_commit
2018-06-10 16:47:33,779 appended honest propose d03c73456a on top of 305040debf
2018-06-10 16:47:33,779 appended honest commit f2b1cef8e7 on top of d03c73456a
2018-06-10 16:47:33,779 weight: 37
2018-06-10 16:47:33,779 , 37
2018-06-10 16:47:33,781 appended malicious propose d8aded7556 on top of 305040debf
2018-06-10 16:47:33,782 appended malicious commit 4e309a71a7 on top of d8aded7556
2018-06-10 16:47:33,782 weight: 37
2018-06-10 16:47:33,782 SNT proposal_commit
2018-06-10 16:47:33,833 start mining - depth 37
2018-06-10 16:47:33,833 start mining - hash 4e309a71a7ebef919033c210d0d12f0ef625e1e7285f7750b07400b244067a5d
2018-06-10 16:47:34,708 RCV proposal_commit
2018-06-10 16:47:34,710 appended malicious propose 905ee9d796 on top of 4e309a71a7
2018-06-10 16:47:34,711 appended malicious commit 2817ec1b71 on top of 905ee9d796
2018-06-10 16:47:34,711 weight: 38
2018-06-10 16:47:34,711 , 38
2018-06-10 16:47:34,711 start mining - depth 38
2018-06-10 16:47:34,711 start mining - hash 2817ec1b71423a076a116fa6672477dd650b78281ebfed39d16291fdaacadfbf
2018-06-10 16:47:35,278 RCV malicious_prop_agreement
2018-06-10 16:47:35,278 start mal hidden SELFISH mining on top of - hash ef3b7d9e2aa8a0ef0c53f7d23d113d749dea4694b04b693db2505f2283586052
2018-06-10 16:47:38,671 RF found but not transmitted
2018-06-10 16:47:43,594 RF found but not transmitted
2018-06-10 16:47:48,891 RCV proposal_commit
2018-06-10 16:47:48,893 appended honest propose 74af3fce95 on top of 2817ec1b71
2018-06-10 16:47:48,893 appended honest commit 2d33fd1f0e on top of 74af3fce95
2018-06-10 16:47:48,894 weight: 39
2018-06-10 16:47:48,894 , 39
2018-06-10 16:47:48,940 RCV proposal_commit
2018-06-10 16:47:48,942 appended malicious propose 12ae3265bf on top of 2817ec1b71
2018-06-10 16:47:48,943 appended malicious commit 6ff1e68aea on top of 12ae3265bf
2018-06-10 16:47:48,943 weight: 39
2018-06-10 16:47:48,943 , 39
2018-06-10 16:47:48,944 start mining - depth 39
2018-06-10 16:47:48,944 start mining - hash 6ff1e68aead3eae228b3ce3c8939386db9ec3ef965b72aa27e5a3e679682836e
2018-06-10 16:47:49,568 RF found but not transmitted
2018-06-10 16:48:00,571 RCV proposal_commit
2018-06-10 16:48:00,575 appended malicious propose 048cd65e83 on top of 6ff1e68aea
2018-06-10 16:48:00,576 appended malicious commit ecc26035c2 on top of 048cd65e83
2018-06-10 16:48:00,576 weight: 40
2018-06-10 16:48:00,576 , 40
2018-06-10 16:48:00,578 start mining - depth 40
2018-06-10 16:48:00,579 start mining - hash ecc26035c21bbab669d52b764302c901283099d4f5153a1e5aeac245a16d4ab2
2018-06-10 16:48:01,069 RF found but not transmitted
2018-06-10 16:48:14,165 RF found but not transmitted
2018-06-10 16:48:18,778 RF found but not transmitted
2018-06-10 16:48:20,694 RF found but not transmitted
2018-06-10 16:48:23,024 RCV malicious_prop_agreement
2018-06-10 16:48:23,025 start mal hidden SELFISH mining on top of - hash e62a741b25f8afaf0c79131729f503736fda088a405045b8bef47cf0453ec96e
2018-06-10 16:48:25,361 RF found but not transmitted
2018-06-10 16:48:31,793 RF found but not transmitted
2018-06-10 16:48:43,863 RF found but not transmitted
2018-06-10 16:48:44,873 RF found but not transmitted
2018-06-10 16:48:49,610 RF found but not transmitted
2018-06-10 16:48:54,803 RF found but not transmitted
2018-06-10 16:49:06,305 RCV proposal_commit
2018-06-10 16:49:06,313 appended honest propose 6907a9902c on top of ecc26035c2
2018-06-10 16:49:06,314 appended honest commit f59349ef31 on top of 6907a9902c
2018-06-10 16:49:06,315 weight: 41
2018-06-10 16:49:06,315 , 41
2018-06-10 16:49:06,386 RCV proposal_commit
2018-06-10 16:49:06,395 appended malicious propose ea031d049a on top of ecc26035c2
2018-06-10 16:49:06,396 appended malicious commit b931cb4df9 on top of ea031d049a
2018-06-10 16:49:06,397 weight: 41
2018-06-10 16:49:06,397 , 41
2018-06-10 16:49:06,401 start mining - depth 41
2018-06-10 16:49:06,401 start mining - hash b931cb4df9ce043384400e7e5c5aac52bb414acf90ada068ce4f4eae69bf3143
2018-06-10 16:49:06,401 Hashing frequency: 6127
2018-06-10 16:49:11,554 RF found but not transmitted
2018-06-10 16:49:14,421 RCV proposal_commit
2018-06-10 16:49:14,425 appended malicious propose 290d53bae8 on top of b931cb4df9
2018-06-10 16:49:14,425 appended malicious commit 25f1bb0c64 on top of 290d53bae8
2018-06-10 16:49:14,425 weight: 42
2018-06-10 16:49:14,425 , 42
2018-06-10 16:49:14,426 start mining - depth 42
2018-06-10 16:49:14,426 start mining - hash 25f1bb0c64bab8c1692c2c054fa4d942afab277ea06303f3bfeef5f280557a2b
2018-06-10 16:49:15,766 RCV proposal_commit
2018-06-10 16:49:15,768 appended honest propose f306d8c1e0 on top of 25f1bb0c64
2018-06-10 16:49:15,769 appended honest commit ba18c25784 on top of f306d8c1e0
2018-06-10 16:49:15,769 weight: 43
2018-06-10 16:49:15,769 , 43
2018-06-10 16:49:23,074 RF found but not transmitted
2018-06-10 16:49:25,524 RF found but not transmitted
2018-06-10 16:49:29,349 RCV proposal_commit
2018-06-10 16:49:29,353 appended honest propose d3806c1716 on top of ba18c25784
2018-06-10 16:49:29,353 appended honest commit fe0e1c22b1 on top of d3806c1716
2018-06-10 16:49:29,353 weight: 44
2018-06-10 16:49:29,353 , 44
2018-06-10 16:49:29,354 LOSE: MALICIOUS LOST 2 - 0
2018-06-10 16:49:29,355 start mining - depth 44
2018-06-10 16:49:29,355 start mining - hash fe0e1c22b19d9ea6bfc1bb071935cf290fad177a5651a13599223d53e63c261c
2018-06-10 16:49:30,962 RF found but not transmitted
2018-06-10 16:49:35,460 RF found but not transmitted
2018-06-10 16:49:36,922 RCV malicious_prop_agreement
2018-06-10 16:49:36,922 start mal hidden SELFISH mining on top of - hash bbaa3bbdbb23d5fca1317ba3c3673ad962e5a18c80bb28a3e60a4b35d95e1aeb
2018-06-10 16:49:42,199 RF found but not transmitted
2018-06-10 16:49:43,538 RF found but not transmitted
2018-06-10 16:49:45,702 RF found but not transmitted
2018-06-10 16:49:47,734 RCV proposal_commit
2018-06-10 16:49:47,737 appended honest propose ec85e93b5f on top of fe0e1c22b1
2018-06-10 16:49:47,737 appended honest commit 6bb50befa6 on top of ec85e93b5f
2018-06-10 16:49:47,737 weight: 45
2018-06-10 16:49:47,738 , 45
2018-06-10 16:49:47,780 RCV proposal_commit
2018-06-10 16:49:47,783 appended malicious propose 094ff4c6a4 on top of fe0e1c22b1
2018-06-10 16:49:47,784 appended malicious commit fe4d409c2d on top of 094ff4c6a4
2018-06-10 16:49:47,784 weight: 45
2018-06-10 16:49:47,784 , 45
2018-06-10 16:49:47,795 start mining - depth 45
2018-06-10 16:49:47,795 start mining - hash fe4d409c2dce7d06dff8d1c7e9c1a377fade2faec6b4ebfa1fb0f89ec7ebc505
2018-06-10 16:49:48,279 RF found but not transmitted
2018-06-10 16:49:48,604 RCV proposal_commit
2018-06-10 16:49:48,606 appended malicious propose 34576618c2 on top of fe4d409c2d
2018-06-10 16:49:48,607 appended malicious commit c07900eb5d on top of 34576618c2
2018-06-10 16:49:48,607 weight: 46
2018-06-10 16:49:48,607 , 46
2018-06-10 16:49:48,607 start mining - depth 46
2018-06-10 16:49:48,607 start mining - hash c07900eb5d18644f1da7d43c64b9630ebfa2347a100b4d62a621183e42653bd3
2018-06-10 16:49:51,630 RF found but not transmitted
2018-06-10 16:49:53,906 RCV malicious_prop_agreement
2018-06-10 16:49:53,906 start mal hidden SELFISH mining on top of - hash cfae9e2135fae984cccaf078eac1907a1088bb58ece7a9e2aa20fdfa67b9a5b3
2018-06-10 16:49:55,152 RF found but not transmitted
2018-06-10 16:49:57,761 RF found but not transmitted
2018-06-10 16:50:07,697 RF found but not transmitted
2018-06-10 16:50:11,960 RF found but not transmitted
2018-06-10 16:50:16,036 RF found but not transmitted
2018-06-10 16:50:22,030 RF found but not transmitted
2018-06-10 16:50:23,642 RF found but not transmitted
2018-06-10 16:50:24,271 RF found but not transmitted
2018-06-10 16:50:31,913 RF found but not transmitted
2018-06-10 16:50:38,986 RF found but not transmitted
2018-06-10 16:50:42,626 RF found but not transmitted
2018-06-10 16:50:45,106 RF found but not transmitted
2018-06-10 16:50:48,438 RF found but not transmitted
2018-06-10 16:50:49,286 RF found but not transmitted
2018-06-10 16:50:53,106 RF found but not transmitted
2018-06-10 16:50:54,332 RF found but not transmitted
2018-06-10 16:50:56,276 RF found but not transmitted
2018-06-10 16:51:01,401 RF found but not transmitted
2018-06-10 16:51:03,935 RF found but not transmitted
2018-06-10 16:51:05,741 RF found but not transmitted
2018-06-10 16:51:07,431 RF found but not transmitted
2018-06-10 16:51:08,285 RF found but not transmitted
2018-06-10 16:51:10,709 RF found but not transmitted
2018-06-10 16:51:12,091 RF found but not transmitted
2018-06-10 16:51:14,454 RF found but not transmitted
2018-06-10 16:51:35,755 RF found but not transmitted
2018-06-10 16:51:36,705 RF found but not transmitted
2018-06-10 16:51:38,384 RF found but not transmitted
2018-06-10 16:51:45,815 RCV proposal_commit
2018-06-10 16:51:45,818 appended honest propose 5b72f15a60 on top of c07900eb5d
2018-06-10 16:51:45,829 appended honest commit 42bcda0fb1 on top of 5b72f15a60
2018-06-10 16:51:45,831 weight: 47
2018-06-10 16:51:45,831 , 47
2018-06-10 16:51:45,923 RCV proposal_commit
2018-06-10 16:51:45,930 appended malicious propose 303e318d6b on top of c07900eb5d
2018-06-10 16:51:45,932 appended malicious commit 3a88ab3d4c on top of 303e318d6b
2018-06-10 16:51:45,932 weight: 47
2018-06-10 16:51:45,933 , 47
2018-06-10 16:51:45,936 start mining - depth 47
2018-06-10 16:51:45,936 start mining - hash 3a88ab3d4cf2f1bce3177ddc027441455659b1b161c86470522232c2cac550c9
2018-06-10 16:51:45,936 Hashing frequency: 8807
2018-06-10 16:51:45,970 RF found but not transmitted
2018-06-10 16:51:49,336 RCV proposal_commit
2018-06-10 16:51:49,340 appended honest propose c3804583c6 on top of 42bcda0fb1
2018-06-10 16:51:49,340 appended honest commit d77021be17 on top of c3804583c6
2018-06-10 16:51:49,340 weight: 48
2018-06-10 16:51:49,340 , 48
2018-06-10 16:51:49,341 LOSE: MALICIOUS LOST 2 - 1
2018-06-10 16:51:49,341 start mining - depth 48
2018-06-10 16:51:49,341 start mining - hash d77021be1706e7c8b5b6b2c9b4671c44f63f80dd7ee9c36c71b9c06c0d513b20
2018-06-10 16:51:57,990 RCV malicious_prop_agreement
2018-06-10 16:51:57,991 start mal hidden SELFISH mining on top of - hash ac07e234c9a8290a0fa59ec7dad8a7166a9b5beb421c086b37eaa82ffc8c2df5
2018-06-10 16:52:08,807 RF found but not transmitted
2018-06-10 16:52:12,972 RF found but not transmitted
2018-06-10 16:52:17,149 RCV proposal_commit
2018-06-10 16:52:17,152 appended honest propose 8faef3ec1d on top of d77021be17
2018-06-10 16:52:17,152 appended honest commit 866194967d on top of 8faef3ec1d
2018-06-10 16:52:17,152 weight: 49
2018-06-10 16:52:17,153 , 49
2018-06-10 16:52:17,231 RCV proposal_commit
2018-06-10 16:52:17,234 appended malicious propose 8175b5883e on top of d77021be17
2018-06-10 16:52:17,234 appended malicious commit 1129e1d65d on top of 8175b5883e
2018-06-10 16:52:17,235 weight: 49
2018-06-10 16:52:17,238 , 49
2018-06-10 16:52:17,244 start mining - depth 49
2018-06-10 16:52:17,244 start mining - hash 1129e1d65d9b6c8126dfbca35eba7d83296c0f049ce66b18f039233821dcc95c
2018-06-10 16:52:17,554 RCV proposal_commit
2018-06-10 16:52:17,556 appended honest propose cd08d0eb16 on top of 866194967d
2018-06-10 16:52:17,556 appended honest commit a17926c595 on top of cd08d0eb16
2018-06-10 16:52:17,556 weight: 50
2018-06-10 16:52:17,558 , 50
2018-06-10 16:52:17,558 LOSE: MALICIOUS LOST 2 - 1
2018-06-10 16:52:17,559 start mining - depth 50
2018-06-10 16:52:17,559 start mining - hash a17926c5954d804ad6ef7f58ceb744acb92ecd5650d784ea0e586928a4e6e5dc
2018-06-10 16:52:17,654 RF found but not transmitted
2018-06-10 16:52:33,215 RCV malicious_prop_agreement
2018-06-10 16:52:33,216 start mal hidden SELFISH mining on top of - hash 5ff444f528d90228b14f6665cc54cebb8798daabe54d141d92b11bcdb411ea0c
2018-06-10 16:52:35,052 RF found but not transmitted
2018-06-10 16:52:36,050 RF found but not transmitted
2018-06-10 16:52:40,278 RCV proposal_commit
2018-06-10 16:52:40,279 appended honest propose 52d8167666 on top of a17926c595
2018-06-10 16:52:40,280 appended honest commit f3246300c5 on top of 52d8167666
2018-06-10 16:52:40,280 weight: 51
2018-06-10 16:52:40,280 , 51
2018-06-10 16:52:40,338 RCV proposal_commit
2018-06-10 16:52:40,346 appended malicious propose 673e85d4de on top of a17926c595
2018-06-10 16:52:40,346 appended malicious commit aad5d22230 on top of 673e85d4de
2018-06-10 16:52:40,347 weight: 51
2018-06-10 16:52:40,347 , 51
2018-06-10 16:52:40,348 start mining - depth 51
2018-06-10 16:52:40,348 start mining - hash aad5d22230e7b7eec713820760aedf6d5e202fab4ce2804e500385a69d8d1d24
2018-06-10 16:52:41,173 RCV proposal_commit
2018-06-10 16:52:41,177 appended malicious propose 69704af56d on top of aad5d22230
2018-06-10 16:52:41,177 appended malicious commit 643c810dc4 on top of 69704af56d
2018-06-10 16:52:41,178 weight: 52
2018-06-10 16:52:41,178 , 52
2018-06-10 16:52:41,178 start mining - depth 52
2018-06-10 16:52:41,178 start mining - hash 643c810dc4ee16b596af2fc1d2a6443e3faf3ba1f859bfb5fc4c349cded2807e
2018-06-10 16:52:44,024 RCV malicious_prop_agreement
2018-06-10 16:52:44,024 start mal hidden SELFISH mining on top of - hash 5554039df83ec943c54917e3cc250fa6222c6737680c98be90b2e2fb3b991146
2018-06-10 16:52:47,201 RCV proposal_commit
2018-06-10 16:52:47,203 appended honest propose 6addddb7e8 on top of 643c810dc4
2018-06-10 16:52:47,203 appended honest commit 16ad8b32b9 on top of 6addddb7e8
2018-06-10 16:52:47,204 weight: 53
2018-06-10 16:52:47,204 , 53
2018-06-10 16:52:47,261 RCV proposal_commit
2018-06-10 16:52:47,264 appended malicious propose 920092d6d5 on top of 643c810dc4
2018-06-10 16:52:47,264 appended malicious commit fe27fe12f6 on top of 920092d6d5
2018-06-10 16:52:47,264 weight: 53
2018-06-10 16:52:47,264 , 53
2018-06-10 16:52:47,271 start mining - depth 53
2018-06-10 16:52:47,271 start mining - hash fe27fe12f6c4cc4fa3d69954cf280823058e44287eb82f323e54d6ade8ce1db4
2018-06-10 16:52:47,272 Hashing frequency: 3377
2018-06-10 16:52:52,107 RF found but not transmitted
2018-06-10 16:52:54,369 RF found but not transmitted
2018-06-10 16:52:55,824 RCV proposal_commit
2018-06-10 16:52:55,827 appended malicious propose 91a7fbcfa5 on top of fe27fe12f6
2018-06-10 16:52:55,827 appended malicious commit 079d5c4837 on top of 91a7fbcfa5
2018-06-10 16:52:55,827 weight: 54
2018-06-10 16:52:55,828 , 54
2018-06-10 16:52:55,828 start mining - depth 54
2018-06-10 16:52:55,828 start mining - hash 079d5c48377c4d962d02c377b1f718179132c8800fc269abc12ce95347538e0b
2018-06-10 16:53:00,732 RF found but not transmitted
2018-06-10 16:53:05,270 RF found but not transmitted
2018-06-10 16:53:06,181 RCV proposal_commit
2018-06-10 16:53:06,183 appended honest propose 3f47cc9946 on top of 079d5c4837
2018-06-10 16:53:06,184 appended honest commit a098f7098a on top of 3f47cc9946
2018-06-10 16:53:06,184 weight: 55
2018-06-10 16:53:06,184 , 55
2018-06-10 16:53:07,305 RF found but not transmitted
2018-06-10 16:53:08,437 RF found but not transmitted
2018-06-10 16:53:09,586 RCV proposal_commit
2018-06-10 16:53:09,589 appended malicious propose 907e263da6 on top of 079d5c4837
2018-06-10 16:53:09,589 appended malicious commit 5e00679208 on top of 907e263da6
2018-06-10 16:53:09,589 weight: 55
2018-06-10 16:53:09,590 , 55
2018-06-10 16:53:09,592 start mining - depth 55
2018-06-10 16:53:09,592 start mining - hash 5e006792084b451db30546d9d63c636e60609bcf5256b2e38873120157a950b7
2018-06-10 16:53:09,694 RF found but not transmitted
2018-06-10 16:53:13,097 RF found but not transmitted
2018-06-10 16:53:13,665 RF found but not transmitted
2018-06-10 16:53:13,832 RCV proposal_commit
2018-06-10 16:53:13,834 appended malicious propose 7c8b6ef224 on top of 5e00679208
2018-06-10 16:53:13,835 appended malicious commit 42e5b11998 on top of 7c8b6ef224
2018-06-10 16:53:13,835 weight: 56
2018-06-10 16:53:13,835 , 56
2018-06-10 16:53:13,835 start mining - depth 56
2018-06-10 16:53:13,835 start mining - hash 42e5b119987199f6382899ef0d23aa3b7b3d325e52699c6eb5a5be2838b931c1
2018-06-10 16:53:14,147 RF found but not transmitted
2018-06-10 16:53:15,123 RF found but not transmitted
2018-06-10 16:53:15,125 hash found
2018-06-10 16:53:15,127 SNT malicious_proposal_agreement
2018-06-10 16:53:34,689 RCV proposal_commit
2018-06-10 16:53:34,693 appended honest propose c1adde5bb6 on top of 42e5b11998
2018-06-10 16:53:34,694 appended honest commit ee4ae3ba9b on top of c1adde5bb6
2018-06-10 16:53:34,694 weight: 57
2018-06-10 16:53:34,694 , 57
2018-06-10 16:53:34,698 appended malicious propose 6374ce614a on top of 42e5b11998
2018-06-10 16:53:34,698 appended malicious commit 4fb92950b6 on top of 6374ce614a
2018-06-10 16:53:34,699 weight: 57
2018-06-10 16:53:34,699 SNT proposal_commit
2018-06-10 16:53:34,792 start mining - depth 57
2018-06-10 16:53:34,795 start mining - hash 4fb92950b6f12238a04427878a848947bc322f99161537da013f88e155da8bd1
2018-06-10 16:53:35,858 RF found but not transmitted
2018-06-10 16:53:47,398 RF found but not transmitted
2018-06-10 16:53:48,231 RCV proposal_commit
2018-06-10 16:53:48,236 appended honest propose 3fda309e6c on top of ee4ae3ba9b
2018-06-10 16:53:48,237 appended honest commit 6143c042b4 on top of 3fda309e6c
2018-06-10 16:53:48,237 weight: 58
2018-06-10 16:53:48,237 , 58
2018-06-10 16:53:48,247 LOSE: MALICIOUS LOST 2 - 1
2018-06-10 16:53:48,247 start mining - depth 58
2018-06-10 16:53:48,247 start mining - hash 6143c042b4b6082414522516df3ccbc9b705cd67acd853a240aa80ad61d0bf1b
2018-06-10 16:53:48,248 Hashing frequency: 2278
2018-06-10 16:53:50,258 RCV proposal_commit
2018-06-10 16:53:50,261 appended honest propose 121c3370c2 on top of 6143c042b4
2018-06-10 16:53:50,261 appended honest commit e83d39b7bb on top of 121c3370c2
2018-06-10 16:53:50,261 weight: 59
2018-06-10 16:53:50,262 , 59
2018-06-10 16:53:52,440 RF found but not transmitted
2018-06-10 16:53:52,442 hash found
2018-06-10 16:53:52,446 appended malicious propose cdafd57ef0 on top of 6143c042b4
2018-06-10 16:53:52,447 appended malicious commit becd2135b8 on top of cdafd57ef0
2018-06-10 16:53:52,447 weight: 59
2018-06-10 16:53:52,447 SNT proposal_commit
2018-06-10 16:53:52,507 , 59
2018-06-10 16:53:52,526 start mining - depth 59
2018-06-10 16:53:52,526 start mining - hash becd2135b85ee5bae63e6a1387070f2a623bd5ecfaebbb50a590672899d6e383
2018-06-10 16:53:56,837 RCV proposal_commit
2018-06-10 16:53:56,839 appended malicious propose c445e8c5eb on top of becd2135b8
2018-06-10 16:53:56,840 appended malicious commit 1a32b71562 on top of c445e8c5eb
2018-06-10 16:53:56,840 weight: 60
2018-06-10 16:53:56,840 , 60
2018-06-10 16:53:56,840 start mining - depth 60
2018-06-10 16:53:56,840 start mining - hash 1a32b71562c1ce3c2cc70ee3710b16d6b754c7aadfae08d3c8f74e9f257cd0d1
2018-06-10 16:53:58,008 RF found but not transmitted
2018-06-10 16:54:01,191 RF found but not transmitted
2018-06-10 16:54:04,078 RCV malicious_prop_agreement
2018-06-10 16:54:04,078 start mal hidden SELFISH mining on top of - hash 6f48b6603bc798ac50120924e14f9bc6b311b0a950e545f6c54a3aab3c007786
2018-06-10 16:54:05,094 RF found but not transmitted
2018-06-10 16:54:07,276 RF found but not transmitted
2018-06-10 16:54:07,605 RF found but not transmitted
2018-06-10 16:54:09,864 RF found but not transmitted
2018-06-10 16:54:14,078 RF found but not transmitted
2018-06-10 16:54:25,384 RF found but not transmitted
2018-06-10 16:54:39,080 RF found but not transmitted
