2018-06-10 14:55:56,342 ---------------------------------------------------------
2018-06-10 14:55:56,343 PURE BLOCKCHAIN state
2018-06-10 14:55:57,364 start mining - depth 0
2018-06-10 14:55:57,365 start mining - hash f710252c83ecf5dbe941dd1a76fe58f8ba421bf1ab0fc09a1ef74ad533b64af4
2018-06-10 14:56:03,317 RF found but not transmitted
2018-06-10 14:56:11,708 RF found but not transmitted
2018-06-10 14:56:20,494 RF found but not transmitted
2018-06-10 14:56:22,875 RF found but not transmitted
2018-06-10 14:56:23,560 RF found but not transmitted
2018-06-10 14:56:24,162 RF found but not transmitted
2018-06-10 14:56:28,723 RF found but not transmitted
2018-06-10 14:56:29,409 RF found but not transmitted
2018-06-10 14:56:45,072 RF found but not transmitted
2018-06-10 14:56:50,582 RF found but not transmitted
2018-06-10 14:56:54,653 RF found but not transmitted
2018-06-10 14:57:01,629 RF found but not transmitted
2018-06-10 14:57:20,320 RF found but not transmitted
2018-06-10 14:57:23,484 RCV proposal_commit
2018-06-10 14:57:23,487 appended honest propose 4155b02fb3 on top of f710252c83
2018-06-10 14:57:23,489 appended honest commit 7c78439f21 on top of 4155b02fb3
2018-06-10 14:57:23,489 weight: 1
2018-06-10 14:57:23,489 , 1
2018-06-10 14:57:23,489 start mining - depth 1
2018-06-10 14:57:23,489 start mining - hash 7c78439f217e15305375aabafc0ab4dbe6a770477375c327af65bfbfdd2083b4
2018-06-10 14:57:23,504 Hashing frequency: 4729
2018-06-10 14:57:23,583 RCV proposal_commit
2018-06-10 14:57:23,586 appended malicious propose 932066f972 on top of f710252c83
2018-06-10 14:57:23,593 appended malicious commit 9ed917bdf3 on top of 932066f972
2018-06-10 14:57:23,593 weight: 1
2018-06-10 14:57:23,594 , 1
2018-06-10 14:57:26,003 RF found but not transmitted
2018-06-10 14:57:27,637 RCV proposal_commit
2018-06-10 14:57:27,639 appended honest propose f17eba0537 on top of 7c78439f21
2018-06-10 14:57:27,640 appended honest commit 5b9a1b6b06 on top of f17eba0537
2018-06-10 14:57:27,640 weight: 2
2018-06-10 14:57:27,640 , 2
2018-06-10 14:57:27,640 start mining - depth 2
2018-06-10 14:57:27,640 start mining - hash 5b9a1b6b0638ead8b44573dd62712651a37489c8dc99efddf74958e4a8ace756
2018-06-10 14:57:28,435 RF found but not transmitted
2018-06-10 14:57:33,803 RF found but not transmitted
2018-06-10 14:57:34,202 RF found but not transmitted
2018-06-10 14:57:39,506 RF found but not transmitted
2018-06-10 14:57:45,085 RF found but not transmitted
2018-06-10 14:57:48,051 RF found but not transmitted
2018-06-10 14:57:48,423 RF found but not transmitted
2018-06-10 14:57:48,556 RF found but not transmitted
2018-06-10 14:57:58,837 RF found but not transmitted
2018-06-10 14:58:02,964 RF found but not transmitted
2018-06-10 14:58:03,705 RF found but not transmitted
2018-06-10 14:58:04,902 RF found but not transmitted
2018-06-10 14:58:08,925 RF found but not transmitted
2018-06-10 14:58:15,462 RF found but not transmitted
2018-06-10 14:58:20,376 RF found but not transmitted
2018-06-10 14:58:22,552 RF found but not transmitted
2018-06-10 14:58:23,058 RF found but not transmitted
2018-06-10 14:58:23,093 RF found but not transmitted
2018-06-10 14:58:24,271 RCV proposal_commit
2018-06-10 14:58:24,274 appended honest propose 7ffc7623b2 on top of 5b9a1b6b06
2018-06-10 14:58:24,275 appended honest commit db3aed006d on top of 7ffc7623b2
2018-06-10 14:58:24,275 weight: 3
2018-06-10 14:58:24,275 , 3
2018-06-10 14:58:24,289 start mining - depth 3
2018-06-10 14:58:24,289 start mining - hash db3aed006d92f117d61613081b0deee6deccbdb014ce614f54ebcb5f4f0d7a17
2018-06-10 14:58:24,290 Hashing frequency: 3322
2018-06-10 14:58:24,353 RCV proposal_commit
2018-06-10 14:58:24,356 appended malicious propose ec38239aa6 on top of 5b9a1b6b06
2018-06-10 14:58:24,357 appended malicious commit 4fb02a6004 on top of ec38239aa6
2018-06-10 14:58:24,358 weight: 3
2018-06-10 14:58:24,358 , 3
2018-06-10 14:58:27,501 RF found but not transmitted
2018-06-10 14:58:44,663 RCV proposal_commit
2018-06-10 14:58:44,666 appended malicious propose 3bba2862c9 on top of 4fb02a6004
2018-06-10 14:58:44,666 appended malicious commit 92f9676b67 on top of 3bba2862c9
2018-06-10 14:58:44,667 weight: 4
2018-06-10 14:58:44,667 , 4
2018-06-10 14:58:44,667 start mining - depth 4
2018-06-10 14:58:44,667 start mining - hash 92f9676b674d1eb23ec47129766c42fbe07c0d718f4ea8137c7e39dc213cb218
2018-06-10 14:58:45,170 RF found but not transmitted
2018-06-10 14:58:56,136 RF found but not transmitted
2018-06-10 14:59:01,687 RF found but not transmitted
2018-06-10 14:59:03,126 RF found but not transmitted
2018-06-10 14:59:07,999 RF found but not transmitted
2018-06-10 14:59:12,134 RF found but not transmitted
2018-06-10 14:59:12,830 RF found but not transmitted
2018-06-10 14:59:16,130 RF found but not transmitted
2018-06-10 14:59:16,841 RF found but not transmitted
2018-06-10 14:59:17,088 RCV proposal_commit
2018-06-10 14:59:17,091 appended honest propose 78589de030 on top of 92f9676b67
2018-06-10 14:59:17,092 appended honest commit b13c493b84 on top of 78589de030
2018-06-10 14:59:17,092 weight: 5
2018-06-10 14:59:17,092 , 5
2018-06-10 14:59:17,092 start mining - depth 5
2018-06-10 14:59:17,092 start mining - hash b13c493b84f315bcbd52198784c41e7f013e64dae7a9566297f12b171a13e036
2018-06-10 14:59:17,400 RF found but not transmitted
2018-06-10 14:59:17,658 RCV proposal_commit
2018-06-10 14:59:17,660 appended honest propose 387d061a65 on top of b13c493b84
2018-06-10 14:59:17,660 appended honest commit bfa0add374 on top of 387d061a65
2018-06-10 14:59:17,661 weight: 6
2018-06-10 14:59:17,661 , 6
2018-06-10 14:59:17,661 start mining - depth 6
2018-06-10 14:59:17,661 start mining - hash bfa0add374f4c37f541b559de87e9b24a1ea75b01bc44f364bd225f5566d2c89
2018-06-10 14:59:24,875 RF found but not transmitted
2018-06-10 14:59:32,577 RF found but not transmitted
2018-06-10 14:59:35,915 RF found but not transmitted
2018-06-10 14:59:35,917 hash found
2018-06-10 14:59:35,920 appended honest propose fa65c35376 on top of bfa0add374
2018-06-10 14:59:35,920 appended honest commit 1217566eb5 on top of fa65c35376
2018-06-10 14:59:35,920 weight: 7
2018-06-10 14:59:35,921 , 7
2018-06-10 14:59:35,923 SNT proposal_commit
2018-06-10 14:59:35,978 start mining - depth 7
2018-06-10 14:59:35,978 start mining - hash 1217566eb54d5e5865db0964185aefa32e56aa5a6c0316e4fba1225508454c52
2018-06-10 14:59:35,979 Hashing frequency: 3904
2018-06-10 14:59:36,051 RCV proposal_commit
2018-06-10 14:59:36,053 appended malicious propose 0995e2bf20 on top of bfa0add374
2018-06-10 14:59:36,054 appended malicious commit ef6b23e1e2 on top of 0995e2bf20
2018-06-10 14:59:36,054 weight: 7
2018-06-10 14:59:36,054 , 7
2018-06-10 14:59:36,678 RF found but not transmitted
2018-06-10 14:59:37,139 RF found but not transmitted
2018-06-10 14:59:43,918 RF found but not transmitted
2018-06-10 14:59:44,631 RCV proposal_commit
2018-06-10 14:59:44,633 appended honest propose 606668fe43 on top of 1217566eb5
2018-06-10 14:59:44,633 appended honest commit 49cdb467c5 on top of 606668fe43
2018-06-10 14:59:44,633 weight: 8
2018-06-10 14:59:44,634 , 8
2018-06-10 14:59:44,634 start mining - depth 8
2018-06-10 14:59:44,634 start mining - hash 49cdb467c5f7f34be10ec324f9fc87cd4cb498c111fd8575146d75f9041d4033
2018-06-10 14:59:44,851 RF found but not transmitted
2018-06-10 14:59:44,852 hash found
2018-06-10 14:59:44,857 appended honest propose 389cb446e8 on top of 49cdb467c5
2018-06-10 14:59:44,857 appended honest commit 6602407c0e on top of 389cb446e8
2018-06-10 14:59:44,857 weight: 9
2018-06-10 14:59:44,858 , 9
2018-06-10 14:59:44,858 SNT proposal_commit
2018-06-10 14:59:44,911 start mining - depth 9
2018-06-10 14:59:44,911 start mining - hash 6602407c0e4a8d82a4f746427bb9abdf5947ad7db8015685fcf097191a7cf4df
2018-06-10 14:59:45,463 RF found but not transmitted
2018-06-10 14:59:46,635 RF found but not transmitted
2018-06-10 14:59:50,490 RF found but not transmitted
2018-06-10 14:59:53,544 RF found but not transmitted
2018-06-10 14:59:59,780 RF found but not transmitted
2018-06-10 15:00:04,346 RF found but not transmitted
2018-06-10 15:00:07,992 RF found but not transmitted
2018-06-10 15:00:08,009 RF found but not transmitted
2018-06-10 15:00:11,828 RF found but not transmitted
2018-06-10 15:00:13,504 RCV proposal_commit
2018-06-10 15:00:13,507 appended malicious propose 7e246da318 on top of 49cdb467c5
2018-06-10 15:00:13,507 appended malicious commit 8a17433d78 on top of 7e246da318
2018-06-10 15:00:13,508 weight: 9
2018-06-10 15:00:13,508 , 9
2018-06-10 15:00:13,918 RF found but not transmitted
2018-06-10 15:00:18,021 RF found but not transmitted
2018-06-10 15:00:25,252 RCV proposal_commit
2018-06-10 15:00:25,255 appended honest propose 677702f5d5 on top of 6602407c0e
2018-06-10 15:00:25,256 appended honest commit bbfb9dee35 on top of 677702f5d5
2018-06-10 15:00:25,256 weight: 10
2018-06-10 15:00:25,256 , 10
2018-06-10 15:00:25,256 start mining - depth 10
2018-06-10 15:00:25,256 start mining - hash bbfb9dee35d5c87314eacfa91a60b99973da2b413fd018a80cf45a4dc09cc4b9
2018-06-10 15:00:25,307 RF found but not transmitted
2018-06-10 15:00:30,606 RF found but not transmitted
2018-06-10 15:00:43,864 RF found but not transmitted
2018-06-10 15:00:43,905 RCV proposal_commit
2018-06-10 15:00:43,908 appended honest propose 25f2511330 on top of bbfb9dee35
2018-06-10 15:00:43,908 appended honest commit 62bd23feaa on top of 25f2511330
2018-06-10 15:00:43,908 weight: 11
2018-06-10 15:00:43,908 , 11
2018-06-10 15:00:43,911 start mining - depth 11
2018-06-10 15:00:43,911 start mining - hash 62bd23feaabf6539a57cdcffbad1b5101f9771ac7f9e3cefed4890e3324a8bf1
2018-06-10 15:00:43,911 Hashing frequency: 3694
2018-06-10 15:00:43,978 RCV proposal_commit
2018-06-10 15:00:43,980 appended malicious propose c5ffc7fbdd on top of bbfb9dee35
2018-06-10 15:00:43,981 appended malicious commit 66a385e3b3 on top of c5ffc7fbdd
2018-06-10 15:00:43,981 weight: 11
2018-06-10 15:00:43,988 , 11
2018-06-10 15:00:46,447 RF found but not transmitted
2018-06-10 15:00:47,173 RCV proposal_commit
2018-06-10 15:00:47,175 appended honest propose 91542d78a3 on top of 62bd23feaa
2018-06-10 15:00:47,175 appended honest commit 466251c34b on top of 91542d78a3
2018-06-10 15:00:47,176 weight: 12
2018-06-10 15:00:47,176 , 12
2018-06-10 15:00:47,176 start mining - depth 12
2018-06-10 15:00:47,176 start mining - hash 466251c34bd703f031e1217471e3fcad0443791351714b8d576da424cf891975
2018-06-10 15:00:47,933 RF found but not transmitted
2018-06-10 15:00:47,935 hash found
2018-06-10 15:00:47,939 appended honest propose 42b4f90a55 on top of 466251c34b
2018-06-10 15:00:47,939 appended honest commit cb6123facc on top of 42b4f90a55
2018-06-10 15:00:47,939 weight: 13
2018-06-10 15:00:47,940 , 13
2018-06-10 15:00:47,940 SNT proposal_commit
2018-06-10 15:00:47,998 start mining - depth 13
2018-06-10 15:00:47,998 start mining - hash cb6123facc2332d4a614e9f6cab8bb39ecbb44f05b9083614be013f23039e2a7
2018-06-10 15:00:48,096 RCV proposal_commit
2018-06-10 15:00:48,098 appended malicious propose 17cfdf4101 on top of 466251c34b
2018-06-10 15:00:48,099 appended malicious commit 5e788f1fbd on top of 17cfdf4101
2018-06-10 15:00:48,099 weight: 13
2018-06-10 15:00:48,100 , 13
2018-06-10 15:00:48,231 RF found but not transmitted
2018-06-10 15:00:48,233 hash found
2018-06-10 15:00:48,235 appended honest propose 993f24fce1 on top of cb6123facc
2018-06-10 15:00:48,236 appended honest commit c512992097 on top of 993f24fce1
2018-06-10 15:00:48,236 weight: 14
2018-06-10 15:00:48,236 , 14
2018-06-10 15:00:48,236 SNT proposal_commit
2018-06-10 15:00:48,311 start mining - depth 14
2018-06-10 15:00:48,311 start mining - hash c512992097c865b8a2148d2fff0e743560a37dddd15f930a70ac50e4fb729a2e
2018-06-10 15:00:51,697 RF found but not transmitted
2018-06-10 15:01:10,869 RF found but not transmitted
2018-06-10 15:01:11,836 RCV proposal_commit
2018-06-10 15:01:11,839 appended honest propose 2f52b3fdf7 on top of c512992097
2018-06-10 15:01:11,839 appended honest commit 19549d764f on top of 2f52b3fdf7
2018-06-10 15:01:11,840 weight: 15
2018-06-10 15:01:11,840 , 15
2018-06-10 15:01:11,841 start mining - depth 15
2018-06-10 15:01:11,841 start mining - hash 19549d764f0804ddbecf4c98fb3e8f1cef6fa4e08c7ea79bb84ef47dd8ae2319
2018-06-10 15:01:11,909 RCV proposal_commit
2018-06-10 15:01:11,912 appended malicious propose 3891d8d121 on top of c512992097
2018-06-10 15:01:11,912 appended malicious commit c4f22ae042 on top of 3891d8d121
2018-06-10 15:01:11,913 weight: 15
2018-06-10 15:01:11,915 , 15
2018-06-10 15:01:12,382 RF found but not transmitted
2018-06-10 15:01:13,240 RF found but not transmitted
2018-06-10 15:01:17,418 RF found but not transmitted
2018-06-10 15:01:19,478 RCV proposal_commit
2018-06-10 15:01:19,481 appended malicious propose 6e9639b454 on top of c4f22ae042
2018-06-10 15:01:19,481 appended malicious commit ce4bafb123 on top of 6e9639b454
2018-06-10 15:01:19,481 weight: 16
2018-06-10 15:01:19,481 , 16
2018-06-10 15:01:19,482 start mining - depth 16
2018-06-10 15:01:19,482 start mining - hash ce4bafb123d29fbb312e5f0af5ad6b15fc265c8a46a2c63808f3fa28060a1bab
2018-06-10 15:01:23,679 RF found but not transmitted
2018-06-10 15:01:27,159 RF found but not transmitted
2018-06-10 15:01:28,484 RF found but not transmitted
2018-06-10 15:01:30,913 RF found but not transmitted
2018-06-10 15:01:36,762 RF found but not transmitted
2018-06-10 15:01:40,856 RCV proposal_commit
2018-06-10 15:01:40,858 appended honest propose c9829e746b on top of ce4bafb123
2018-06-10 15:01:40,859 appended honest commit 39c8fc23d6 on top of c9829e746b
2018-06-10 15:01:40,859 weight: 17
2018-06-10 15:01:40,859 , 17
2018-06-10 15:01:40,859 start mining - depth 17
2018-06-10 15:01:40,859 start mining - hash 39c8fc23d6642e265c8e1ee83534056183ebf4220bc51461e813733c7012a9b1
2018-06-10 15:01:40,944 RCV proposal_commit
2018-06-10 15:01:40,946 appended malicious propose ff5dadb33a on top of ce4bafb123
2018-06-10 15:01:40,947 appended malicious commit f55f0f46a3 on top of ff5dadb33a
2018-06-10 15:01:40,947 weight: 17
2018-06-10 15:01:40,947 , 17
2018-06-10 15:01:41,345 RCV proposal_commit
2018-06-10 15:01:41,348 appended malicious propose 64bacf9c4e on top of f55f0f46a3
2018-06-10 15:01:41,348 appended malicious commit 8b5133037e on top of 64bacf9c4e
2018-06-10 15:01:41,348 weight: 18
2018-06-10 15:01:41,348 , 18
2018-06-10 15:01:41,349 start mining - depth 18
2018-06-10 15:01:41,349 start mining - hash 8b5133037ef17962a88d5e622bfd4bce7df8526149b28db815aa0ee2db17bcbc
2018-06-10 15:01:47,296 RF found but not transmitted
2018-06-10 15:01:47,331 RCV proposal_commit
2018-06-10 15:01:47,334 appended honest propose a095092a68 on top of 8b5133037e
2018-06-10 15:01:47,335 appended honest commit 0d90a7f4fb on top of a095092a68
2018-06-10 15:01:47,335 weight: 19
2018-06-10 15:01:47,335 , 19
2018-06-10 15:01:47,336 start mining - depth 19
2018-06-10 15:01:47,337 start mining - hash 0d90a7f4fb4dc494aaab7885f9862cb9e01a1befd31583ef69e22dad91a45f0e
2018-06-10 15:01:47,337 Hashing frequency: 3462
2018-06-10 15:02:05,030 RF found but not transmitted
2018-06-10 15:02:05,548 RF found but not transmitted
2018-06-10 15:02:05,550 hash found
2018-06-10 15:02:05,553 appended honest propose c97e3db762 on top of 0d90a7f4fb
2018-06-10 15:02:05,553 appended honest commit df63fa7586 on top of c97e3db762
2018-06-10 15:02:05,553 weight: 20
2018-06-10 15:02:05,553 , 20
2018-06-10 15:02:05,553 SNT proposal_commit
2018-06-10 15:02:05,617 start mining - depth 20
2018-06-10 15:02:05,617 start mining - hash df63fa75863a7736109996041ff31416ee33b161d40ba1f4691fcd365c40fd13
2018-06-10 15:02:07,256 RF found but not transmitted
2018-06-10 15:02:08,849 RF found but not transmitted
2018-06-10 15:02:17,114 RF found but not transmitted
2018-06-10 15:02:24,358 RF found but not transmitted
2018-06-10 15:02:25,145 RF found but not transmitted
2018-06-10 15:02:34,614 RCV proposal_commit
2018-06-10 15:02:34,617 appended honest propose b2e0bc68ce on top of df63fa7586
2018-06-10 15:02:34,618 appended honest commit f94907e257 on top of b2e0bc68ce
2018-06-10 15:02:34,618 weight: 21
2018-06-10 15:02:34,618 , 21
2018-06-10 15:02:34,619 start mining - depth 21
2018-06-10 15:02:34,619 start mining - hash f94907e25739b0f1cec8c0ace35e98081b4b35b362ed413e55ef3001999f44e8
2018-06-10 15:02:34,675 RCV proposal_commit
2018-06-10 15:02:34,677 appended malicious propose 4f6b652c3d on top of df63fa7586
2018-06-10 15:02:34,678 appended malicious commit 5bb8aac4c3 on top of 4f6b652c3d
2018-06-10 15:02:34,678 weight: 21
2018-06-10 15:02:34,678 , 21
2018-06-10 15:02:35,012 RCV proposal_commit
2018-06-10 15:02:35,014 appended malicious propose 73fdef6f76 on top of 5bb8aac4c3
2018-06-10 15:02:35,015 appended malicious commit 756970d5a9 on top of 73fdef6f76
2018-06-10 15:02:35,015 weight: 22
2018-06-10 15:02:35,018 , 22
2018-06-10 15:02:35,020 start mining - depth 22
2018-06-10 15:02:35,020 start mining - hash 756970d5a9f0de484ba4c572008418daf4d669e6b452993b7f3caa9cc1922027
2018-06-10 15:02:35,325 RCV proposal_commit
2018-06-10 15:02:35,327 appended honest propose 50dba86a2f on top of 756970d5a9
2018-06-10 15:02:35,328 appended honest commit 70287a1496 on top of 50dba86a2f
2018-06-10 15:02:35,328 weight: 23
2018-06-10 15:02:35,328 , 23
2018-06-10 15:02:35,328 start mining - depth 23
2018-06-10 15:02:35,328 start mining - hash 70287a1496ae46c1b26b4806d2204b1c0762f166342bd6e4514b9b78974d1a1e
2018-06-10 15:02:39,169 RF found but not transmitted
2018-06-10 15:02:41,076 RF found but not transmitted
2018-06-10 15:02:41,684 RF found but not transmitted
2018-06-10 15:02:41,686 hash found
2018-06-10 15:02:41,689 appended honest propose 2018962bc5 on top of 70287a1496
2018-06-10 15:02:41,690 appended honest commit 5d4ca815b7 on top of 2018962bc5
2018-06-10 15:02:41,690 weight: 24
2018-06-10 15:02:41,690 , 24
2018-06-10 15:02:41,690 SNT proposal_commit
2018-06-10 15:02:41,743 start mining - depth 24
2018-06-10 15:02:41,743 start mining - hash 5d4ca815b7ad19cb86f72d170f06ec800acc01331a8e12fe9da297b8a8f005ba
2018-06-10 15:02:44,388 RCV proposal_commit
2018-06-10 15:02:44,390 appended honest propose b3d5e81bb4 on top of 5d4ca815b7
2018-06-10 15:02:44,391 appended honest commit d07bf80ab3 on top of b3d5e81bb4
2018-06-10 15:02:44,391 weight: 25
2018-06-10 15:02:44,391 , 25
2018-06-10 15:02:44,391 start mining - depth 25
2018-06-10 15:02:44,391 start mining - hash d07bf80ab38c16808d06ee518b65c02a4f1a652118d642cac2cbdd8979be57b9
2018-06-10 15:02:44,459 RCV proposal_commit
2018-06-10 15:02:44,461 appended malicious propose 3338cb2f2d on top of 5d4ca815b7
2018-06-10 15:02:44,462 appended malicious commit e1de471b4f on top of 3338cb2f2d
2018-06-10 15:02:44,462 weight: 25
2018-06-10 15:02:44,464 , 25
2018-06-10 15:02:45,194 RF found but not transmitted
2018-06-10 15:02:45,212 RCV proposal_commit
2018-06-10 15:02:45,214 appended malicious propose 27845bbeea on top of e1de471b4f
2018-06-10 15:02:45,214 appended malicious commit 3774220e15 on top of 27845bbeea
2018-06-10 15:02:45,214 weight: 26
2018-06-10 15:02:45,215 , 26
2018-06-10 15:02:45,215 start mining - depth 26
2018-06-10 15:02:45,215 start mining - hash 3774220e152e91551a295707d40eb900d21ba1193e34dfcf07380f19192aaaf4
2018-06-10 15:02:46,601 RF found but not transmitted
2018-06-10 15:02:47,732 RF found but not transmitted
2018-06-10 15:02:51,970 RF found but not transmitted
2018-06-10 15:02:52,567 RF found but not transmitted
2018-06-10 15:02:52,569 hash found
2018-06-10 15:02:52,574 appended honest propose 8a4c4994bd on top of 3774220e15
2018-06-10 15:02:52,574 appended honest commit 2caf42e3e1 on top of 8a4c4994bd
2018-06-10 15:02:52,574 weight: 27
2018-06-10 15:02:52,574 , 27
2018-06-10 15:02:52,576 SNT proposal_commit
2018-06-10 15:02:52,633 start mining - depth 27
2018-06-10 15:02:52,633 start mining - hash 2caf42e3e18b9f7d066681b2112b26402cf20f1bf97c8ba2e5678252188a28a7
2018-06-10 15:02:52,645 Hashing frequency: 3542
2018-06-10 15:02:52,716 RCV proposal_commit
2018-06-10 15:02:52,717 appended malicious propose 94ceabbdbd on top of 3774220e15
2018-06-10 15:02:52,718 appended malicious commit b4ee0406f6 on top of 94ceabbdbd
2018-06-10 15:02:52,718 weight: 27
2018-06-10 15:02:52,718 , 27
2018-06-10 15:02:55,788 RCV proposal_commit
2018-06-10 15:02:55,790 appended malicious propose fb8be4ca15 on top of b4ee0406f6
2018-06-10 15:02:55,790 appended malicious commit 49c3228519 on top of fb8be4ca15
2018-06-10 15:02:55,790 weight: 28
2018-06-10 15:02:55,790 , 28
2018-06-10 15:02:55,791 start mining - depth 28
2018-06-10 15:02:55,791 start mining - hash 49c32285191ab13a281145f72197c39749f6cb6a45a3b9179d39eb1bb2f0cde4
2018-06-10 15:02:57,476 RF found but not transmitted
2018-06-10 15:03:00,973 RF found but not transmitted
2018-06-10 15:03:02,137 RF found but not transmitted
2018-06-10 15:03:02,246 RF found but not transmitted
2018-06-10 15:03:02,617 RF found but not transmitted
2018-06-10 15:03:04,992 RF found but not transmitted
2018-06-10 15:03:13,795 RF found but not transmitted
2018-06-10 15:03:17,743 RF found but not transmitted
2018-06-10 15:03:18,945 RF found but not transmitted
2018-06-10 15:03:26,955 RF found but not transmitted
2018-06-10 15:03:33,545 RF found but not transmitted
2018-06-10 15:03:36,156 RF found but not transmitted
2018-06-10 15:03:40,213 RF found but not transmitted
2018-06-10 15:03:46,591 RF found but not transmitted
2018-06-10 15:03:46,592 hash found
2018-06-10 15:03:46,596 appended honest propose e66903d130 on top of 49c3228519
2018-06-10 15:03:46,597 appended honest commit e43d5a3390 on top of e66903d130
2018-06-10 15:03:46,597 weight: 29
2018-06-10 15:03:46,597 , 29
2018-06-10 15:03:46,600 SNT proposal_commit
2018-06-10 15:03:46,650 start mining - depth 29
2018-06-10 15:03:46,651 start mining - hash e43d5a339058cee16fd5c5bdd4f8f0e74a5af625eb67ac9c1f3f0d5784c6ccd3
2018-06-10 15:03:46,735 RCV proposal_commit
2018-06-10 15:03:46,738 appended malicious propose 89bd380d50 on top of 49c3228519
2018-06-10 15:03:46,746 appended malicious commit 9d1c359c45 on top of 89bd380d50
2018-06-10 15:03:46,746 weight: 29
2018-06-10 15:03:46,755 , 29
2018-06-10 15:03:46,761 RCV proposal_commit
2018-06-10 15:03:46,768 appended malicious propose d63ed41b6a on top of 49c3228519
2018-06-10 15:03:46,769 appended malicious commit bb12c66ae4 on top of d63ed41b6a
2018-06-10 15:03:46,769 weight: 29
2018-06-10 15:03:46,769 , 29
2018-06-10 15:03:47,850 RCV proposal_commit
2018-06-10 15:03:47,853 appended malicious propose 0b9d74557a on top of 9d1c359c45
2018-06-10 15:03:47,854 appended malicious commit dad82b6836 on top of 0b9d74557a
2018-06-10 15:03:47,854 weight: 30
2018-06-10 15:03:47,856 , 30
2018-06-10 15:03:47,856 start mining - depth 30
2018-06-10 15:03:47,856 start mining - hash dad82b68361a64943124dd11cdc959a19e2256715477837aff61a56454accad7
2018-06-10 15:03:53,232 RF found but not transmitted
2018-06-10 15:03:58,483 RF found but not transmitted
2018-06-10 15:04:09,461 RF found but not transmitted
2018-06-10 15:04:11,166 RF found but not transmitted
2018-06-10 15:04:26,936 RF found but not transmitted
2018-06-10 15:04:26,978 RF found but not transmitted
2018-06-10 15:04:28,486 RF found but not transmitted
2018-06-10 15:04:30,933 RF found but not transmitted
2018-06-10 15:04:35,279 RF found but not transmitted
2018-06-10 15:04:35,403 RF found but not transmitted
2018-06-10 15:04:36,675 RF found but not transmitted
2018-06-10 15:04:40,103 RF found but not transmitted
2018-06-10 15:04:43,897 RF found but not transmitted
2018-06-10 15:04:46,093 RCV proposal_commit
2018-06-10 15:04:46,096 appended honest propose ccdda67459 on top of dad82b6836
2018-06-10 15:04:46,096 appended honest commit e5b0adf844 on top of ccdda67459
2018-06-10 15:04:46,097 weight: 31
2018-06-10 15:04:46,097 , 31
2018-06-10 15:04:46,099 start mining - depth 31
2018-06-10 15:04:46,099 start mining - hash e5b0adf844ff7c17aeafac35ee8ef442dcb0d853f217bc206dd8b6d00e4ce406
2018-06-10 15:04:46,099 Hashing frequency: 6163
2018-06-10 15:04:46,170 RCV proposal_commit
2018-06-10 15:04:46,173 appended malicious propose e3305e0607 on top of dad82b6836
2018-06-10 15:04:46,175 appended malicious commit f551bf49e3 on top of e3305e0607
2018-06-10 15:04:46,175 weight: 31
2018-06-10 15:04:46,176 , 31
2018-06-10 15:04:47,665 RF found but not transmitted
2018-06-10 15:04:52,058 RCV proposal_commit
2018-06-10 15:04:52,061 appended malicious propose 8ee23bf50c on top of f551bf49e3
2018-06-10 15:04:52,062 appended malicious commit 635811444c on top of 8ee23bf50c
2018-06-10 15:04:52,062 weight: 32
2018-06-10 15:04:52,062 , 32
2018-06-10 15:04:52,062 start mining - depth 32
2018-06-10 15:04:52,063 start mining - hash 635811444c36edfecea89b4c7998fbdfef7c40c7c0478d86ae0ea1a345d01a50
2018-06-10 15:05:01,336 RF found but not transmitted
2018-06-10 15:05:02,241 RF found but not transmitted
2018-06-10 15:05:03,285 RCV proposal_commit
2018-06-10 15:05:03,287 appended honest propose 571e7465b1 on top of 635811444c
2018-06-10 15:05:03,288 appended honest commit 3ccff61bfc on top of 571e7465b1
2018-06-10 15:05:03,288 weight: 33
2018-06-10 15:05:03,288 , 33
2018-06-10 15:05:03,288 start mining - depth 33
2018-06-10 15:05:03,288 start mining - hash 3ccff61bfc675cccfb2262fa050ab44fb09862286a285d45f5b46d81deeb9ebe
2018-06-10 15:05:03,364 RCV proposal_commit
2018-06-10 15:05:03,366 appended malicious propose 1948f6746e on top of 635811444c
2018-06-10 15:05:03,368 appended malicious commit 345389dbf6 on top of 1948f6746e
2018-06-10 15:05:03,368 weight: 33
2018-06-10 15:05:03,368 , 33
2018-06-10 15:05:04,311 RF found but not transmitted
2018-06-10 15:05:14,516 RF found but not transmitted
2018-06-10 15:05:14,518 hash found
2018-06-10 15:05:14,521 appended honest propose a6c9ff4cf7 on top of 3ccff61bfc
2018-06-10 15:05:14,522 appended honest commit 72dcfc0483 on top of a6c9ff4cf7
2018-06-10 15:05:14,522 weight: 34
2018-06-10 15:05:14,522 , 34
2018-06-10 15:05:14,522 SNT proposal_commit
2018-06-10 15:05:14,577 start mining - depth 34
2018-06-10 15:05:14,578 start mining - hash 72dcfc048326a17d99f52d014bbdada259ec5ec6f0f3d387bb42ef859e43ec8f
2018-06-10 15:05:26,487 RF found but not transmitted
2018-06-10 15:05:32,058 RF found but not transmitted
2018-06-10 15:05:37,666 RF found but not transmitted
2018-06-10 15:05:39,093 RF found but not transmitted
2018-06-10 15:05:42,061 RF found but not transmitted
2018-06-10 15:05:47,614 RF found but not transmitted
2018-06-10 15:05:51,466 RF found but not transmitted
2018-06-10 15:06:00,930 RF found but not transmitted
2018-06-10 15:06:01,101 RF found but not transmitted
2018-06-10 15:06:07,351 RF found but not transmitted
2018-06-10 15:06:07,352 hash found
2018-06-10 15:06:07,357 appended honest propose 0105ae81a1 on top of 72dcfc0483
2018-06-10 15:06:07,358 appended honest commit 5b5864041d on top of 0105ae81a1
2018-06-10 15:06:07,358 weight: 35
2018-06-10 15:06:07,358 , 35
2018-06-10 15:06:07,361 SNT proposal_commit
2018-06-10 15:06:07,440 start mining - depth 35
2018-06-10 15:06:07,441 start mining - hash 5b5864041d17d8be71401be278d885858381eade0ee8bf618c17031a9c6299c1
2018-06-10 15:06:07,441 Hashing frequency: 4396
2018-06-10 15:06:07,522 RCV proposal_commit
2018-06-10 15:06:07,525 appended malicious propose 40dd1730cb on top of 72dcfc0483
2018-06-10 15:06:07,526 appended malicious commit 1bf2534bac on top of 40dd1730cb
2018-06-10 15:06:07,526 weight: 35
2018-06-10 15:06:07,526 , 35
2018-06-10 15:06:16,321 RCV proposal_commit
2018-06-10 15:06:16,327 appended malicious propose 0983436d77 on top of 1bf2534bac
2018-06-10 15:06:16,327 appended malicious commit 2c8864cb28 on top of 0983436d77
2018-06-10 15:06:16,327 weight: 36
2018-06-10 15:06:16,328 , 36
2018-06-10 15:06:16,329 start mining - depth 36
2018-06-10 15:06:16,329 start mining - hash 2c8864cb2879fd8f3df969521b59d025664df235c4c8734f01ec0d1907037f6d
2018-06-10 15:06:19,676 RF found but not transmitted
2018-06-10 15:06:22,214 RF found but not transmitted
2018-06-10 15:06:36,202 RF found but not transmitted
2018-06-10 15:06:43,935 RF found but not transmitted
2018-06-10 15:06:44,141 RF found but not transmitted
2018-06-10 15:06:45,378 RF found but not transmitted
2018-06-10 15:06:48,246 RF found but not transmitted
2018-06-10 15:06:50,566 RF found but not transmitted
2018-06-10 15:06:52,585 RF found but not transmitted
2018-06-10 15:06:56,111 RCV proposal_commit
2018-06-10 15:06:56,114 appended honest propose a6499c6333 on top of 2c8864cb28
2018-06-10 15:06:56,114 appended honest commit afd41dc2c9 on top of a6499c6333
2018-06-10 15:06:56,114 weight: 37
2018-06-10 15:06:56,115 , 37
2018-06-10 15:06:56,117 start mining - depth 37
2018-06-10 15:06:56,117 start mining - hash afd41dc2c993e554cd3f363ce08469f8150ca38363ecca7ce12afbf13315e925
2018-06-10 15:06:56,205 RCV proposal_commit
2018-06-10 15:06:56,208 appended malicious propose 91ae6d53c7 on top of 2c8864cb28
2018-06-10 15:06:56,209 appended malicious commit cda7583de9 on top of 91ae6d53c7
2018-06-10 15:06:56,209 weight: 37
2018-06-10 15:06:56,209 , 37
2018-06-10 15:07:01,505 RF found but not transmitted
2018-06-10 15:07:06,341 RCV proposal_commit
2018-06-10 15:07:06,343 appended honest propose 578630cb9d on top of afd41dc2c9
2018-06-10 15:07:06,344 appended honest commit bf9c14d439 on top of 578630cb9d
2018-06-10 15:07:06,344 weight: 38
2018-06-10 15:07:06,344 , 38
2018-06-10 15:07:06,344 start mining - depth 38
2018-06-10 15:07:06,344 start mining - hash bf9c14d43955d92b022083294559b9558029b1c8a46d04ecbd35bb794a4131e7
2018-06-10 15:07:13,619 RCV proposal_commit
2018-06-10 15:07:13,621 appended honest propose 3c23a62fc4 on top of bf9c14d439
2018-06-10 15:07:13,622 appended honest commit cd5135cd69 on top of 3c23a62fc4
2018-06-10 15:07:13,622 weight: 39
2018-06-10 15:07:13,622 , 39
2018-06-10 15:07:13,622 start mining - depth 39
2018-06-10 15:07:13,623 start mining - hash cd5135cd69df6abcc639b7a81a17e426c45365cb1dce7713246152063175233e
2018-06-10 15:07:13,623 Hashing frequency: 3557
2018-06-10 15:07:13,674 RCV proposal_commit
2018-06-10 15:07:13,677 appended malicious propose 851ac41d02 on top of bf9c14d439
2018-06-10 15:07:13,677 appended malicious commit 39069eeeae on top of 851ac41d02
2018-06-10 15:07:13,677 weight: 39
2018-06-10 15:07:13,677 , 39
2018-06-10 15:07:17,786 RF found but not transmitted
2018-06-10 15:07:18,350 RF found but not transmitted
2018-06-10 15:07:21,311 RF found but not transmitted
2018-06-10 15:07:27,847 RF found but not transmitted
2018-06-10 15:07:30,153 RF found but not transmitted
2018-06-10 15:07:32,886 RF found but not transmitted
2018-06-10 15:07:34,642 RF found but not transmitted
2018-06-10 15:07:38,893 RF found but not transmitted
2018-06-10 15:07:45,798 RF found but not transmitted
2018-06-10 15:07:48,179 RF found but not transmitted
2018-06-10 15:07:51,106 RCV proposal_commit
2018-06-10 15:07:51,108 appended malicious propose 0fe279a50e on top of 39069eeeae
2018-06-10 15:07:51,109 appended malicious commit 986023c433 on top of 0fe279a50e
2018-06-10 15:07:51,109 weight: 40
2018-06-10 15:07:51,110 , 40
2018-06-10 15:07:51,113 start mining - depth 40
2018-06-10 15:07:51,113 start mining - hash 986023c433c9f810a94a0641ef95935cb245c120fc804f7427f93c4fc4356b7b
2018-06-10 15:07:52,023 RF found but not transmitted
2018-06-10 15:07:54,785 RF found but not transmitted
2018-06-10 15:08:05,403 RF found but not transmitted
2018-06-10 15:08:05,724 RF found but not transmitted
2018-06-10 15:08:05,726 hash found
2018-06-10 15:08:05,729 appended honest propose 54ccddf6be on top of 986023c433
2018-06-10 15:08:05,730 appended honest commit f4a117103a on top of 54ccddf6be
2018-06-10 15:08:05,730 weight: 41
2018-06-10 15:08:05,730 , 41
2018-06-10 15:08:05,732 SNT proposal_commit
2018-06-10 15:08:05,783 start mining - depth 41
2018-06-10 15:08:05,784 start mining - hash f4a117103a00b164e49db369384e20abbbdbb993ba6b5934815517f329b52a57
2018-06-10 15:08:05,856 RCV proposal_commit
2018-06-10 15:08:05,858 appended malicious propose 4fe01a929e on top of 986023c433
2018-06-10 15:08:05,859 appended malicious commit 4d05db2b10 on top of 4fe01a929e
2018-06-10 15:08:05,859 weight: 41
2018-06-10 15:08:05,860 , 41
2018-06-10 15:08:07,280 RF found but not transmitted
2018-06-10 15:08:07,655 RF found but not transmitted
2018-06-10 15:08:09,745 RF found but not transmitted
2018-06-10 15:08:16,032 RCV proposal_commit
2018-06-10 15:08:16,034 appended malicious propose 9a519b8860 on top of 4d05db2b10
2018-06-10 15:08:16,035 appended malicious commit 2b61779afe on top of 9a519b8860
2018-06-10 15:08:16,035 weight: 42
2018-06-10 15:08:16,035 , 42
2018-06-10 15:08:16,035 start mining - depth 42
2018-06-10 15:08:16,035 start mining - hash 2b61779afeba35eb6b48b72f88a6529509146123db5f7da884b56a4c898af165
2018-06-10 15:08:16,036 Hashing frequency: 3305
2018-06-10 15:08:17,605 RF found but not transmitted
2018-06-10 15:08:22,387 RF found but not transmitted
2018-06-10 15:08:23,040 RF found but not transmitted
2018-06-10 15:08:25,580 RF found but not transmitted
2018-06-10 15:08:26,098 RF found but not transmitted
2018-06-10 15:08:27,140 RF found but not transmitted
2018-06-10 15:08:32,571 RF found but not transmitted
2018-06-10 15:08:34,807 RF found but not transmitted
2018-06-10 15:08:43,061 RF found but not transmitted
2018-06-10 15:08:50,528 RF found but not transmitted
2018-06-10 15:08:55,619 RF found but not transmitted
2018-06-10 15:08:57,719 RF found but not transmitted
2018-06-10 15:09:00,068 RF found but not transmitted
2018-06-10 15:09:02,839 RF found but not transmitted
2018-06-10 15:09:03,409 RF found but not transmitted
2018-06-10 15:09:05,282 RF found but not transmitted
2018-06-10 15:09:16,226 RF found but not transmitted
2018-06-10 15:09:16,457 RF found but not transmitted
2018-06-10 15:09:17,549 RF found but not transmitted
2018-06-10 15:09:18,668 RF found but not transmitted
2018-06-10 15:09:20,995 RF found but not transmitted
2018-06-10 15:09:24,855 RF found but not transmitted
2018-06-10 15:09:25,696 RF found but not transmitted
2018-06-10 15:09:26,877 RF found but not transmitted
2018-06-10 15:09:47,139 RF found but not transmitted
2018-06-10 15:09:50,052 RF found but not transmitted
2018-06-10 15:09:50,054 hash found
2018-06-10 15:09:50,058 appended honest propose e070e9d25b on top of 2b61779afe
2018-06-10 15:09:50,059 appended honest commit 56ed935658 on top of e070e9d25b
2018-06-10 15:09:50,060 weight: 43
2018-06-10 15:09:50,060 , 43
2018-06-10 15:09:50,062 SNT proposal_commit
2018-06-10 15:09:50,130 start mining - depth 43
2018-06-10 15:09:50,131 start mining - hash 56ed935658831ab507cd37f8c046b31e6f5e8752f52ccc9e9672079d9224cbec
2018-06-10 15:09:50,131 Hashing frequency: 5043
2018-06-10 15:09:50,220 RCV proposal_commit
2018-06-10 15:09:50,223 appended malicious propose f1247f21cc on top of 2b61779afe
2018-06-10 15:09:50,236 appended malicious commit 6c9a43b4dc on top of f1247f21cc
2018-06-10 15:09:50,236 weight: 43
2018-06-10 15:09:50,236 , 43
2018-06-10 15:09:50,270 RF found but not transmitted
2018-06-10 15:09:55,282 RF found but not transmitted
2018-06-10 15:09:59,179 RCV proposal_commit
2018-06-10 15:09:59,182 appended malicious propose 3b37f2e8d6 on top of 6c9a43b4dc
2018-06-10 15:09:59,183 appended malicious commit 06c5c5eb58 on top of 3b37f2e8d6
2018-06-10 15:09:59,183 weight: 44
2018-06-10 15:09:59,183 , 44
2018-06-10 15:09:59,183 start mining - depth 44
2018-06-10 15:09:59,183 start mining - hash 06c5c5eb588efb8be9c9e5c5c77ab9d727de467c740c3b1bc5609f14cdf39094
2018-06-10 15:10:04,624 RF found but not transmitted
2018-06-10 15:10:13,417 RF found but not transmitted
2018-06-10 15:10:17,658 RF found but not transmitted
2018-06-10 15:10:20,852 RF found but not transmitted
2018-06-10 15:10:26,548 RF found but not transmitted
2018-06-10 15:10:26,586 RF found but not transmitted
2018-06-10 15:10:27,793 RF found but not transmitted
2018-06-10 15:10:29,450 RF found but not transmitted
2018-06-10 15:10:29,452 hash found
2018-06-10 15:10:29,455 appended honest propose b24575c587 on top of 06c5c5eb58
2018-06-10 15:10:29,456 appended honest commit 550e2f3b0d on top of b24575c587
2018-06-10 15:10:29,456 weight: 45
2018-06-10 15:10:29,456 , 45
2018-06-10 15:10:29,459 SNT proposal_commit
2018-06-10 15:10:29,513 start mining - depth 45
2018-06-10 15:10:29,513 start mining - hash 550e2f3b0d0c21170079476b59c6e63cb7b124fde09c3b68ff45422ba8aee6e0
2018-06-10 15:10:29,580 RCV proposal_commit
2018-06-10 15:10:29,582 appended malicious propose 9811deb3e7 on top of 06c5c5eb58
2018-06-10 15:10:29,583 appended malicious commit 125c303f3a on top of 9811deb3e7
2018-06-10 15:10:29,583 weight: 45
2018-06-10 15:10:29,583 , 45
2018-06-10 15:10:29,840 RF found but not transmitted
2018-06-10 15:10:35,872 RF found but not transmitted
2018-06-10 15:10:41,752 RF found but not transmitted
2018-06-10 15:10:41,773 RF found but not transmitted
2018-06-10 15:10:43,030 RF found but not transmitted
2018-06-10 15:10:47,961 RF found but not transmitted
2018-06-10 15:10:48,799 RCV proposal_commit
2018-06-10 15:10:48,802 appended malicious propose 06fc0574f5 on top of 125c303f3a
2018-06-10 15:10:48,803 appended malicious commit c935fcb5a9 on top of 06fc0574f5
2018-06-10 15:10:48,803 weight: 46
2018-06-10 15:10:48,803 , 46
2018-06-10 15:10:48,803 start mining - depth 46
2018-06-10 15:10:48,803 start mining - hash c935fcb5a9d62c02040a17b1f7bd632ca2feb17b810efb0360c81d4adaeb250a
2018-06-10 15:10:51,408 RF found but not transmitted
2018-06-10 15:10:55,540 RCV proposal_commit
2018-06-10 15:10:55,542 appended honest propose f5a9561a1a on top of c935fcb5a9
2018-06-10 15:10:55,543 appended honest commit eae1c18b89 on top of f5a9561a1a
2018-06-10 15:10:55,543 weight: 47
2018-06-10 15:10:55,543 , 47
2018-06-10 15:10:55,543 start mining - depth 47
2018-06-10 15:10:55,543 start mining - hash eae1c18b89336a33ffc08a7223eb41af4835adb7f6068411359d3e483d663f40
2018-06-10 15:10:55,544 Hashing frequency: 3556
2018-06-10 15:10:56,654 RF found but not transmitted
2018-06-10 15:10:58,560 RF found but not transmitted
2018-06-10 15:10:58,938 RCV proposal_commit
2018-06-10 15:10:58,941 appended malicious propose dfaf0f8c41 on top of c935fcb5a9
2018-06-10 15:10:58,941 appended malicious commit 2e1d2d31b0 on top of dfaf0f8c41
2018-06-10 15:10:58,942 weight: 47
2018-06-10 15:10:58,944 , 47
2018-06-10 15:11:01,485 RF found but not transmitted
2018-06-10 15:11:06,000 RF found but not transmitted
2018-06-10 15:11:07,330 RF found but not transmitted
2018-06-10 15:11:10,423 RCV proposal_commit
2018-06-10 15:11:10,426 appended malicious propose 073ba43e17 on top of 2e1d2d31b0
2018-06-10 15:11:10,426 appended malicious commit 17a85158eb on top of 073ba43e17
2018-06-10 15:11:10,426 weight: 48
2018-06-10 15:11:10,428 , 48
2018-06-10 15:11:10,429 start mining - depth 48
2018-06-10 15:11:10,429 start mining - hash 17a85158eb95b39024f85a64972d39e481021c8e7e3c9d2c75c5d2fb1874b9d5
2018-06-10 15:11:12,048 RF found but not transmitted
2018-06-10 15:11:14,795 RCV proposal_commit
2018-06-10 15:11:14,798 appended honest propose 70f8d32278 on top of 17a85158eb
2018-06-10 15:11:14,798 appended honest commit 8ad9066f3e on top of 70f8d32278
2018-06-10 15:11:14,799 weight: 49
2018-06-10 15:11:14,799 , 49
2018-06-10 15:11:14,799 start mining - depth 49
2018-06-10 15:11:14,799 start mining - hash 8ad9066f3e1af93d5d8c62ff89138b101cefd23e60c048e36983b4becc105f28
2018-06-10 15:11:16,414 RCV proposal_commit
2018-06-10 15:11:16,416 appended malicious propose e57becfb20 on top of 17a85158eb
2018-06-10 15:11:16,416 appended malicious commit b410c16552 on top of e57becfb20
2018-06-10 15:11:16,416 weight: 49
2018-06-10 15:11:16,423 , 49
2018-06-10 15:11:20,244 RF found but not transmitted
2018-06-10 15:11:29,708 RCV proposal_commit
2018-06-10 15:11:29,710 appended malicious propose 972362d585 on top of b410c16552
2018-06-10 15:11:29,711 appended malicious commit c462a64cdf on top of 972362d585
2018-06-10 15:11:29,711 weight: 50
2018-06-10 15:11:29,712 , 50
2018-06-10 15:11:29,712 start mining - depth 50
2018-06-10 15:11:29,713 start mining - hash c462a64cdfe22d77c96adb04e0d9def4aeebcea8cfc07633c9e1409b6e143294
2018-06-10 15:11:31,073 RF found but not transmitted
2018-06-10 15:11:54,126 RCV proposal_commit
2018-06-10 15:11:54,128 appended honest propose 079d91189c on top of c462a64cdf
2018-06-10 15:11:54,129 appended honest commit d5397f9dd3 on top of 079d91189c
2018-06-10 15:11:54,129 weight: 51
2018-06-10 15:11:54,129 , 51
2018-06-10 15:11:54,129 start mining - depth 51
2018-06-10 15:11:54,130 start mining - hash d5397f9dd39e31df2aa9b0197bced4219fc694ae89aa3768a6c3f85b855e5a61
2018-06-10 15:11:54,186 RCV proposal_commit
2018-06-10 15:11:54,190 appended malicious propose c025f7a3e3 on top of c462a64cdf
2018-06-10 15:11:54,191 appended malicious commit 65deb891ea on top of c025f7a3e3
2018-06-10 15:11:54,191 weight: 51
2018-06-10 15:11:54,197 , 51
2018-06-10 15:11:54,904 RF found but not transmitted
2018-06-10 15:11:54,906 hash found
2018-06-10 15:11:54,909 appended honest propose 940e94a79e on top of d5397f9dd3
2018-06-10 15:11:54,910 appended honest commit bbfe89f0d1 on top of 940e94a79e
2018-06-10 15:11:54,910 weight: 52
2018-06-10 15:11:54,910 , 52
2018-06-10 15:11:54,910 SNT proposal_commit
2018-06-10 15:11:54,984 start mining - depth 52
2018-06-10 15:11:54,984 start mining - hash bbfe89f0d163ef7b2cc1522d23f341e7ebd6424fc61a8e1d10a97e657b00d075
2018-06-10 15:11:57,346 RCV proposal_commit
2018-06-10 15:11:57,349 appended honest propose 1b222bbecf on top of bbfe89f0d1
2018-06-10 15:11:57,349 appended honest commit 2527c7b842 on top of 1b222bbecf
2018-06-10 15:11:57,349 weight: 53
2018-06-10 15:11:57,349 , 53
2018-06-10 15:11:57,350 start mining - depth 53
2018-06-10 15:11:57,350 start mining - hash 2527c7b84226401e136d25015871e5eeacb72ede0ca9caafd16c546a3308c82c
2018-06-10 15:11:57,350 Hashing frequency: 3345
2018-06-10 15:11:58,539 RF found but not transmitted
2018-06-10 15:11:59,413 RCV proposal_commit
2018-06-10 15:11:59,416 appended malicious propose 0960498f6f on top of bbfe89f0d1
2018-06-10 15:11:59,416 appended malicious commit bac54cfc29 on top of 0960498f6f
2018-06-10 15:11:59,416 weight: 53
2018-06-10 15:11:59,416 , 53
2018-06-10 15:12:04,424 RF found but not transmitted
2018-06-10 15:12:06,665 RCV proposal_commit
2018-06-10 15:12:06,667 appended malicious propose 9f3b7ec488 on top of bac54cfc29
2018-06-10 15:12:06,668 appended malicious commit d53c4b29f2 on top of 9f3b7ec488
2018-06-10 15:12:06,668 weight: 54
2018-06-10 15:12:06,669 , 54
2018-06-10 15:12:06,670 start mining - depth 54
2018-06-10 15:12:06,670 start mining - hash d53c4b29f25d4a96fd8529be87631cac33d9124a6abd1df3bc0cc30cea1ca631
2018-06-10 15:12:06,899 RF found but not transmitted
2018-06-10 15:12:07,593 RCV proposal_commit
2018-06-10 15:12:07,596 appended honest propose 6e9ddd77cc on top of d53c4b29f2
2018-06-10 15:12:07,596 appended honest commit e659a05211 on top of 6e9ddd77cc
2018-06-10 15:12:07,596 weight: 55
2018-06-10 15:12:07,596 , 55
2018-06-10 15:12:07,597 start mining - depth 55
2018-06-10 15:12:07,597 start mining - hash e659a05211bed9b6e2798c3835e175a48397348c2568cd66d846c6836ea9b119
2018-06-10 15:12:08,167 RF found but not transmitted
2018-06-10 15:12:08,168 hash found
2018-06-10 15:12:08,171 appended honest propose e8f3fc149f on top of e659a05211
2018-06-10 15:12:08,172 appended honest commit d9cd217894 on top of e8f3fc149f
2018-06-10 15:12:08,172 weight: 56
2018-06-10 15:12:08,172 , 56
2018-06-10 15:12:08,172 SNT proposal_commit
2018-06-10 15:12:08,230 start mining - depth 56
2018-06-10 15:12:08,230 start mining - hash d9cd217894b2242b16abc4371189192f94a7f5ffe82353bf582a4596f87fc619
2018-06-10 15:12:10,938 RF found but not transmitted
2018-06-10 15:12:12,747 RF found but not transmitted
2018-06-10 15:12:14,647 RCV proposal_commit
2018-06-10 15:12:14,649 appended honest propose 027c51f197 on top of d9cd217894
2018-06-10 15:12:14,649 appended honest commit 00c0cbf8aa on top of 027c51f197
2018-06-10 15:12:14,650 weight: 57
2018-06-10 15:12:14,650 , 57
2018-06-10 15:12:14,651 start mining - depth 57
2018-06-10 15:12:14,651 start mining - hash 00c0cbf8aa6902026c27039c3acf602f01a274db1bd17c06a0d2e269a95bd726
2018-06-10 15:12:18,461 RCV proposal_commit
2018-06-10 15:12:18,463 appended malicious propose 7b74df547b on top of d9cd217894
2018-06-10 15:12:18,464 appended malicious commit e1ac46938e on top of 7b74df547b
2018-06-10 15:12:18,464 weight: 57
2018-06-10 15:12:18,467 , 57
2018-06-10 15:12:20,277 RCV proposal_commit
2018-06-10 15:12:20,280 appended malicious propose c70f7ae3fa on top of e1ac46938e
2018-06-10 15:12:20,280 appended malicious commit ab29d408b4 on top of c70f7ae3fa
2018-06-10 15:12:20,280 weight: 58
2018-06-10 15:12:20,282 , 58
2018-06-10 15:12:20,283 start mining - depth 58
2018-06-10 15:12:20,283 start mining - hash ab29d408b432165f5c1a4c0ebf443acd6607a42a6974eec48a462c2065a80053
2018-06-10 15:12:22,940 RF found but not transmitted
2018-06-10 15:12:22,944 hash found
2018-06-10 15:12:22,947 appended honest propose 386304f57b on top of ab29d408b4
2018-06-10 15:12:22,948 appended honest commit 27260d7b9e on top of 386304f57b
2018-06-10 15:12:22,948 weight: 59
2018-06-10 15:12:22,948 , 59
2018-06-10 15:12:22,950 SNT proposal_commit
2018-06-10 15:12:23,005 start mining - depth 59
2018-06-10 15:12:23,005 start mining - hash 27260d7b9eac3611126e319029f3c111a451ef2c2c71f096842e47adf2cc6f08
2018-06-10 15:12:32,566 RCV proposal_commit
2018-06-10 15:12:32,570 appended malicious propose a862482a75 on top of ab29d408b4
2018-06-10 15:12:32,571 appended malicious commit cde436049f on top of a862482a75
2018-06-10 15:12:32,571 weight: 59
2018-06-10 15:12:32,571 , 59
2018-06-10 15:12:41,218 RF found but not transmitted
2018-06-10 15:12:45,438 RF found but not transmitted
2018-06-10 15:12:46,878 RCV proposal_commit
2018-06-10 15:12:46,881 appended malicious propose 6ac7c4b922 on top of cde436049f
2018-06-10 15:12:46,881 appended malicious commit f10f345200 on top of 6ac7c4b922
2018-06-10 15:12:46,881 weight: 60
2018-06-10 15:12:46,881 , 60
2018-06-10 15:12:46,885 start mining - depth 60
2018-06-10 15:12:46,885 start mining - hash f10f345200c160f42eefb654fc249503421a67da2fa22f113166fcf6c27d3398
2018-06-10 15:12:52,131 RF found but not transmitted
2018-06-10 15:12:57,900 RF found but not transmitted
2018-06-10 15:12:58,287 RCV proposal_commit
2018-06-10 15:12:58,289 appended honest propose 0f4ea4590f on top of f10f345200
2018-06-10 15:12:58,289 appended honest commit 2ce27810e7 on top of 0f4ea4590f
2018-06-10 15:12:58,290 weight: 61
2018-06-10 15:12:58,290 , 61
2018-06-10 15:12:58,292 start mining - depth 61
2018-06-10 15:12:58,292 start mining - hash 2ce27810e7c0305022dbbb0d03967f8e713537f4a16dfa7ad727deedbc1bfd92
2018-06-10 15:12:58,292 Hashing frequency: 3304
2018-06-10 15:12:58,351 RCV proposal_commit
2018-06-10 15:12:58,353 appended malicious propose 99edad43ae on top of f10f345200
2018-06-10 15:12:58,354 appended malicious commit e3ce655974 on top of 99edad43ae
2018-06-10 15:12:58,354 weight: 61
2018-06-10 15:12:58,354 , 61
2018-06-10 15:13:00,664 RF found but not transmitted
2018-06-10 15:13:01,589 RCV proposal_commit
2018-06-10 15:13:01,591 appended malicious propose 1d74e5666e on top of e3ce655974
2018-06-10 15:13:01,591 appended malicious commit 2f4ff08afa on top of 1d74e5666e
2018-06-10 15:13:01,592 weight: 62
2018-06-10 15:13:01,592 , 62
2018-06-10 15:13:01,592 start mining - depth 62
2018-06-10 15:13:01,592 start mining - hash 2f4ff08afa1beac2b2eca4626942e765a66b3d4440201578304815d718748ef3
2018-06-10 15:13:02,007 RF found but not transmitted
2018-06-10 15:13:02,703 RF found but not transmitted
