1528635443 , 1
1528635447 , 2
1528635504 , 3
1528635557 , 5
1528635557 , 6
1528635575 , 7
1528635584 , 8
1528635584 , 9
1528635625 , 10
1528635643 , 11
1528635647 , 12
1528635648 , 13
1528635648 , 14
1528635671 , 15
1528635700 , 17
1528635707 , 19
1528635725 , 20
1528635754 , 21
1528635755 , 23
1528635761 , 24
1528635764 , 25
1528635772 , 27
1528635826 , 29
1528635886 , 31
1528635903 , 33
1528635914 , 34
1528635967 , 35
1528636016 , 37
1528636026 , 38
1528636033 , 39
1528636085 , 41
1528636190 , 43
1528636229 , 45
1528636255 , 47
1528636274 , 49
1528636314 , 51
1528636314 , 52
1528636317 , 53
1528636327 , 55
1528636328 , 56
1528636334 , 57
1528636343 , 59
1528636378 , 61
