2018-06-12 12:43:34,863 ---------------------------------------------------------
2018-06-12 12:43:34,864 MALICIOUS MINING state
2018-06-12 12:43:35,878 start mining - depth 0
2018-06-12 12:43:35,879 start mining - hash 98e3d646a8e338fe0405795d2c4639071b47aa11cb44f4510a4bbfb7b9acdf80
2018-06-12 12:43:36,459 RCV reinforcement info
2018-06-12 12:43:38,248 RCV reinforcement info
2018-06-12 12:43:39,020 RCV reinforcement info
2018-06-12 12:43:39,135 RCV reinforcement info
2018-06-12 12:43:40,736 RF found but not transmitted
2018-06-12 12:43:42,640 RF found but not transmitted
2018-06-12 12:43:42,829 RCV reinforcement info
2018-06-12 12:43:42,910 RCV reinforcement info
2018-06-12 12:43:44,229 RF found but not transmitted
2018-06-12 12:43:46,446 RCV reinforcement info
2018-06-12 12:43:46,933 RCV reinforcement info
2018-06-12 12:43:48,015 RF found but not transmitted
2018-06-12 12:43:49,544 RCV reinforcement info
2018-06-12 12:43:51,297 RCV reinforcement info
2018-06-12 12:43:52,196 RCV reinforcement info
2018-06-12 12:43:53,915 RCV reinforcement info
2018-06-12 12:43:54,467 RCV reinforcement info
2018-06-12 12:43:55,745 RF found but not transmitted
2018-06-12 12:43:57,511 RCV reinforcement info
2018-06-12 12:43:57,674 RCV reinforcement info
2018-06-12 12:43:57,878 RCV reinforcement info
2018-06-12 12:43:58,197 RCV reinforcement info
2018-06-12 12:44:00,931 RF found but not transmitted
2018-06-12 12:44:00,953 RCV reinforcement info
2018-06-12 12:44:01,094 RCV reinforcement info
2018-06-12 12:44:01,530 RCV reinforcement info
2018-06-12 12:44:04,889 RCV reinforcement info
2018-06-12 12:44:04,928 RF found but not transmitted
2018-06-12 12:44:04,946 RCV reinforcement info
2018-06-12 12:44:08,462 RCV reinforcement info
2018-06-12 12:44:09,092 RCV reinforcement info
2018-06-12 12:44:09,734 RCV reinforcement info
2018-06-12 12:44:10,051 RCV reinforcement info
2018-06-12 12:44:10,320 RCV reinforcement info
2018-06-12 12:44:11,144 RCV reinforcement info
2018-06-12 12:44:11,335 RCV proposal
2018-06-12 12:44:11,338 appended honest propose 8581dee9f3 on top of 98e3d646a8
2018-06-12 12:44:11,418 RCV reinforcement
2018-06-12 12:44:11,422 RCV reinforcement
2018-06-12 12:44:11,440 RCV reinforcement
2018-06-12 12:44:11,652 RCV reinforcement info
2018-06-12 12:44:11,701 RCV reinforcement
2018-06-12 12:44:11,752 RCV reinforcement info
2018-06-12 12:44:11,807 RCV reinforcement
2018-06-12 12:44:12,543 RCV reinforcement info
2018-06-12 12:44:12,595 RCV reinforcement
2018-06-12 12:44:12,788 RCV reinforcement info
2018-06-12 12:44:12,873 RCV reinforcement
2018-06-12 12:44:12,979 RCV commit
2018-06-12 12:44:13,061 appended honest commit f76e69a846 on top of 8581dee9f3
2018-06-12 12:44:13,152 Weight: 6.319338627479588 #RFs 30
2018-06-12 12:44:13,152 weight: 6.319338627479588
2018-06-12 12:44:13,153 , 6.319338627479588
2018-06-12 12:44:13,153 start mining - depth 1
2018-06-12 12:44:13,153 start mining - hash f76e69a846ca2ac192baedeae3acecaa56d61f7c5e98485fb0b0eec4bdf7b4cd
2018-06-12 12:44:13,900 RCV reinforcement info
2018-06-12 12:44:14,287 RCV reinforcement info
2018-06-12 12:44:14,390 RCV reinforcement info
2018-06-12 12:44:14,724 RF found but not transmitted
2018-06-12 12:44:14,732 RCV reinforcement info
2018-06-12 12:44:14,859 RCV reinforcement info
2018-06-12 12:44:14,991 RCV reinforcement info
2018-06-12 12:44:15,729 RCV reinforcement info
2018-06-12 12:44:16,859 RCV reinforcement info
2018-06-12 12:44:17,041 RCV proposal
2018-06-12 12:44:17,043 appended honest propose 0fbed19e39 on top of f76e69a846
2018-06-12 12:44:17,122 RCV reinforcement
2018-06-12 12:44:17,125 RCV reinforcement
2018-06-12 12:44:17,130 RCV reinforcement
2018-06-12 12:44:18,042 RCV reinforcement info
2018-06-12 12:44:18,113 RCV reinforcement
2018-06-12 12:44:18,175 RCV reinforcement info
2018-06-12 12:44:18,188 RCV reinforcement info
2018-06-12 12:44:18,249 RCV reinforcement
2018-06-12 12:44:18,261 RCV reinforcement
2018-06-12 12:44:18,592 RCV commit
2018-06-12 12:44:18,635 appended honest commit fab3bfc2fc on top of 0fbed19e39
2018-06-12 12:44:18,681 Weight: 10.252402273789318 #RFs 11
2018-06-12 12:44:18,681 weight: 10.252402273789318
2018-06-12 12:44:18,681 , 10.252402273789318
2018-06-12 12:44:18,683 start mining - depth 2
2018-06-12 12:44:18,683 start mining - hash fab3bfc2fc72e7b958cdf52bcf499eb92f11d7a50a717d7658cbbd434df5b31a
2018-06-12 12:44:19,120 RCV reinforcement info
2018-06-12 12:44:21,997 RCV reinforcement info
2018-06-12 12:44:23,217 RCV reinforcement info
2018-06-12 12:44:23,740 RCV reinforcement info
2018-06-12 12:44:24,473 RF found but not transmitted
2018-06-12 12:44:26,674 RCV reinforcement info
2018-06-12 12:44:26,898 RCV reinforcement info
2018-06-12 12:44:26,982 RCV reinforcement info
2018-06-12 12:44:29,574 RCV reinforcement info
2018-06-12 12:44:30,872 RCV reinforcement info
2018-06-12 12:44:31,362 RF found but not transmitted
2018-06-12 12:44:32,874 RCV reinforcement info
2018-06-12 12:44:33,029 RCV reinforcement info
2018-06-12 12:44:33,265 RCV reinforcement info
2018-06-12 12:44:36,081 RCV reinforcement info
2018-06-12 12:44:37,467 RCV reinforcement info
2018-06-12 12:44:37,748 RCV reinforcement info
2018-06-12 12:44:37,760 RCV reinforcement info
2018-06-12 12:44:40,723 RCV reinforcement info
2018-06-12 12:44:41,232 RCV reinforcement info
2018-06-12 12:44:41,492 RCV reinforcement info
2018-06-12 12:44:42,966 RCV reinforcement info
2018-06-12 12:44:43,219 RCV reinforcement info
2018-06-12 12:44:43,995 RCV reinforcement info
2018-06-12 12:44:44,770 RCV reinforcement info
2018-06-12 12:44:45,860 RF found but not transmitted
2018-06-12 12:44:46,318 RCV reinforcement info
2018-06-12 12:44:48,731 RF found but not transmitted
2018-06-12 12:44:49,986 RCV reinforcement info
2018-06-12 12:44:51,358 RCV reinforcement info
2018-06-12 12:44:53,568 RCV reinforcement info
2018-06-12 12:44:54,215 RF found but not transmitted
2018-06-12 12:44:56,528 RCV reinforcement info
2018-06-12 12:44:58,019 RCV proposal
2018-06-12 12:44:58,022 appended honest propose 10d4fb2acb on top of fab3bfc2fc
2018-06-12 12:44:58,099 RCV reinforcement
2018-06-12 12:44:58,107 RCV reinforcement
2018-06-12 12:44:58,116 RCV reinforcement
2018-06-12 12:44:59,594 RCV commit
2018-06-12 12:44:59,673 appended honest commit d83e5b2826 on top of 10d4fb2acb
2018-06-12 12:44:59,760 Weight: 16.695051661430846 #RFs 28
2018-06-12 12:44:59,760 weight: 16.695051661430846
2018-06-12 12:44:59,760 , 16.695051661430846
2018-06-12 12:44:59,768 start mining - depth 3
2018-06-12 12:44:59,769 start mining - hash d83e5b2826f6e3029c73cda4e551406d1706420644285cae73bfa565e778da46
2018-06-12 12:44:59,770 Hashing frequency: 4587
2018-06-12 12:45:01,465 RCV reinforcement info
2018-06-12 12:45:02,085 RF found but not transmitted
2018-06-12 12:45:02,892 RCV reinforcement info
2018-06-12 12:45:09,504 RCV reinforcement info
2018-06-12 12:45:11,315 RCV proposal
2018-06-12 12:45:11,319 appended honest propose c55fa5750f on top of d83e5b2826
2018-06-12 12:45:11,405 RCV reinforcement
2018-06-12 12:45:11,421 RCV reinforcement
2018-06-12 12:45:11,636 RCV reinforcement info
2018-06-12 12:45:11,683 RCV reinforcement
2018-06-12 12:45:12,836 RCV commit
2018-06-12 12:45:12,860 appended honest commit 59a4af9286 on top of c55fa5750f
2018-06-12 12:45:12,870 Weight: 18.289912483635 #RFs 4
2018-06-12 12:45:12,870 weight: 18.289912483635
2018-06-12 12:45:12,870 , 18.289912483635
2018-06-12 12:45:12,875 start mining - depth 4
2018-06-12 12:45:12,875 start mining - hash 59a4af9286099538d01e209ced004bce8bedfce2c7461248791797c8ce7cc63e
2018-06-12 12:45:13,250 RF found but not transmitted
2018-06-12 12:45:15,997 RCV proposal
2018-06-12 12:45:16,000 appended honest propose 054232a94d on top of 59a4af9286
2018-06-12 12:45:17,514 RCV commit
2018-06-12 12:45:17,516 appended honest commit 5fc4a6ee3d on top of 054232a94d
2018-06-12 12:45:17,516 Weight: 19.289912483635 #RFs 0
2018-06-12 12:45:17,516 weight: 19.289912483635
2018-06-12 12:45:17,516 , 19.289912483635
2018-06-12 12:45:17,518 start mining - depth 5
2018-06-12 12:45:17,518 start mining - hash 5fc4a6ee3df5ea6c7d58fff53e7afce64cd045f0b3a06738b1c2fafaabd13d93
2018-06-12 12:45:18,805 RCV reinforcement info
2018-06-12 12:45:18,900 RCV reinforcement info
2018-06-12 12:45:19,567 RCV malicious_prop_agreement
2018-06-12 12:45:20,434 RCV reinforcement info
2018-06-12 12:45:20,764 RCV reinforcement info
2018-06-12 12:45:21,797 RF found but not transmitted
2018-06-12 12:45:21,807 RCV reinforcement info
2018-06-12 12:45:22,340 RCV reinforcement info
2018-06-12 12:45:24,095 RCV reinforcement info
2018-06-12 12:45:25,620 RCV reinforcement info
2018-06-12 12:45:26,195 RCV reinforcement info
2018-06-12 12:45:26,800 RCV proposal
2018-06-12 12:45:26,802 appended honest propose 0693d308df on top of 5fc4a6ee3d
2018-06-12 12:45:26,868 RF found but not transmitted
2018-06-12 12:45:26,893 RCV reinforcement
2018-06-12 12:45:26,897 RCV reinforcement
2018-06-12 12:45:26,902 RCV reinforcement
2018-06-12 12:45:28,028 RCV reinforcement info
2018-06-12 12:45:28,080 RCV reinforcement
2018-06-12 12:45:28,330 RCV commit
2018-06-12 12:45:28,360 appended honest commit 023b69a6a0 on top of 0693d308df
2018-06-12 12:45:28,386 Weight: 21.509002772284475 #RFs 10
2018-06-12 12:45:28,387 weight: 21.509002772284475
2018-06-12 12:45:28,387 , 21.509002772284475
2018-06-12 12:45:28,498 RCV proposal
2018-06-12 12:45:28,500 appended malicious propose dff9da3ca9 on top of 5fc4a6ee3d
2018-06-12 12:45:28,500 REINFORCEMENT SENT state
2018-06-12 12:45:28,501 SNT reinforcement
2018-06-12 12:45:28,582 RCV reinforcement
2018-06-12 12:45:28,782 RCV proposal
2018-06-12 12:45:28,787 appended honest propose d9f594cc09 on top of 023b69a6a0
2018-06-12 12:45:29,714 RCV reinforcement info
2018-06-12 12:45:29,763 RCV reinforcement
2018-06-12 12:45:30,033 RCV commit
2018-06-12 12:45:30,056 appended malicious commit 4508f0c1a9 on top of dff9da3ca9
2018-06-12 12:45:30,068 Weight: 21.216529155480547 #RFs 6
2018-06-12 12:45:30,068 weight: 21.216529155480547
2018-06-12 12:45:30,068 , 21.216529155480547
2018-06-12 12:45:30,069 MALICIOUS MINING state
2018-06-12 12:45:30,069 start mining - depth 6
2018-06-12 12:45:30,069 start mining - hash 023b69a6a007ee6cb347d12a9b7a36907ba743ebf5fae053e92eca711b806561
2018-06-12 12:45:30,306 RCV commit
2018-06-12 12:45:30,306 appended honest commit 4156be0226 on top of d9f594cc09
2018-06-12 12:45:30,307 Weight: 22.509002772284475 #RFs 0
2018-06-12 12:45:30,307 weight: 22.509002772284475
2018-06-12 12:45:30,307 , 22.509002772284475
2018-06-12 12:45:30,308 start mining - depth 7
2018-06-12 12:45:30,308 start mining - hash 4156be02264c371b5ab1e9a1cf0492c45a90928e52a90cc3d751f55f7a0206b0
2018-06-12 12:45:30,537 RF found but not transmitted
2018-06-12 12:45:30,549 RCV reinforcement info
2018-06-12 12:45:32,071 RCV reinforcement info
2018-06-12 12:45:32,114 RCV reinforcement info
2018-06-12 12:45:32,437 RCV reinforcement info
2018-06-12 12:45:32,459 RCV reinforcement info
2018-06-12 12:45:32,560 RCV reinforcement info
2018-06-12 12:45:32,893 RCV reinforcement info
2018-06-12 12:45:33,278 RF found but not transmitted
2018-06-12 12:45:33,980 RCV reinforcement info
2018-06-12 12:45:34,575 RCV reinforcement info
2018-06-12 12:45:37,143 RCV reinforcement info
2018-06-12 12:45:37,980 RF found but not transmitted
2018-06-12 12:45:38,782 RCV reinforcement info
2018-06-12 12:45:39,496 RCV reinforcement info
2018-06-12 12:45:39,689 RCV reinforcement info
2018-06-12 12:45:41,073 RCV proposal
2018-06-12 12:45:41,075 appended honest propose 34d6a5f7c9 on top of 4156be0226
2018-06-12 12:45:41,149 RCV reinforcement
2018-06-12 12:45:41,165 RCV reinforcement
2018-06-12 12:45:41,179 RCV reinforcement
2018-06-12 12:45:42,035 RF found but not transmitted
2018-06-12 12:45:42,084 RCV reinforcement info
2018-06-12 12:45:42,148 RCV reinforcement
2018-06-12 12:45:42,540 RCV reinforcement info
2018-06-12 12:45:42,590 RCV reinforcement
2018-06-12 12:45:42,674 RCV commit
2018-06-12 12:45:42,714 appended honest commit c1ccf692dd on top of 34d6a5f7c9
2018-06-12 12:45:42,758 Weight: 26.58939627026494 #RFs 14
2018-06-12 12:45:42,758 weight: 26.58939627026494
2018-06-12 12:45:42,758 , 26.58939627026494
2018-06-12 12:45:42,761 start mining - depth 8
2018-06-12 12:45:42,761 start mining - hash c1ccf692ddf4b97dc748a46351335695303d233270685760bdf39cb18446605f
2018-06-12 12:45:43,799 RCV proposal
2018-06-12 12:45:43,801 appended honest propose e1c2257dbc on top of c1ccf692dd
2018-06-12 12:45:43,934 RCV reinforcement info
2018-06-12 12:45:43,995 RCV reinforcement
2018-06-12 12:45:45,299 RCV commit
2018-06-12 12:45:45,303 appended honest commit 1c61d1fe4e on top of e1c2257dbc
2018-06-12 12:45:45,306 Weight: 27.75378163240347 #RFs 1
2018-06-12 12:45:45,306 weight: 27.75378163240347
2018-06-12 12:45:45,306 , 27.75378163240347
2018-06-12 12:45:45,307 start mining - depth 9
2018-06-12 12:45:45,307 start mining - hash 1c61d1fe4e88b5b3289ac400b41fdd6985b6ab0fb4f0c04aae9a18dc48d1828d
2018-06-12 12:45:45,676 RF found but not transmitted
2018-06-12 12:45:46,148 RCV reinforcement info
2018-06-12 12:45:46,571 RCV reinforcement info
2018-06-12 12:45:47,855 RCV reinforcement info
2018-06-12 12:45:48,662 RF found but not transmitted
2018-06-12 12:45:49,252 RCV reinforcement info
2018-06-12 12:45:50,207 RF found but not transmitted
2018-06-12 12:45:50,224 RF found but not transmitted
2018-06-12 12:45:51,169 RCV reinforcement info
2018-06-12 12:45:51,747 RCV reinforcement info
2018-06-12 12:45:52,738 RCV reinforcement info
2018-06-12 12:45:52,788 RCV reinforcement info
2018-06-12 12:45:53,117 RCV reinforcement info
2018-06-12 12:45:54,289 RCV reinforcement info
2018-06-12 12:45:59,444 RCV reinforcement info
2018-06-12 12:46:00,657 RCV reinforcement info
2018-06-12 12:46:01,004 RCV reinforcement info
2018-06-12 12:46:01,416 RCV reinforcement info
2018-06-12 12:46:02,837 RF found but not transmitted
2018-06-12 12:46:04,389 RCV reinforcement info
2018-06-12 12:46:05,980 RCV reinforcement info
2018-06-12 12:46:07,891 RF found but not transmitted
2018-06-12 12:46:09,889 RCV reinforcement info
2018-06-12 12:46:09,935 RCV reinforcement info
2018-06-12 12:46:10,464 RCV reinforcement info
2018-06-12 12:46:12,228 RCV reinforcement info
2018-06-12 12:46:12,664 RCV reinforcement info
2018-06-12 12:46:13,756 RCV reinforcement info
2018-06-12 12:46:14,130 RCV reinforcement info
2018-06-12 12:46:14,394 RCV reinforcement info
2018-06-12 12:46:15,031 RCV reinforcement info
2018-06-12 12:46:15,331 RCV reinforcement info
2018-06-12 12:46:17,319 RCV reinforcement info
2018-06-12 12:46:17,739 RCV reinforcement info
2018-06-12 12:46:19,137 RCV reinforcement info
2018-06-12 12:46:19,237 RF found but not transmitted
2018-06-12 12:46:21,793 RF found but not transmitted
2018-06-12 12:46:22,572 RCV reinforcement info
2018-06-12 12:46:22,937 RCV reinforcement info
2018-06-12 12:46:23,489 RCV reinforcement info
2018-06-12 12:46:24,014 RF found but not transmitted
2018-06-12 12:46:24,018 RCV reinforcement info
2018-06-12 12:46:24,825 RCV reinforcement info
2018-06-12 12:46:25,174 RCV reinforcement info
2018-06-12 12:46:26,081 RCV reinforcement info
2018-06-12 12:46:27,488 RCV reinforcement info
2018-06-12 12:46:28,429 RCV reinforcement info
2018-06-12 12:46:28,573 RCV reinforcement info
2018-06-12 12:46:29,612 RCV reinforcement info
2018-06-12 12:46:30,179 RF found but not transmitted
2018-06-12 12:46:31,552 RCV reinforcement info
2018-06-12 12:46:32,154 RCV reinforcement info
2018-06-12 12:46:32,597 RCV reinforcement info
2018-06-12 12:46:33,162 RF found but not transmitted
2018-06-12 12:46:34,980 RCV reinforcement info
2018-06-12 12:46:35,710 RF found but not transmitted
2018-06-12 12:46:36,102 RCV reinforcement info
2018-06-12 12:46:36,799 RCV reinforcement info
2018-06-12 12:46:36,927 RF found but not transmitted
2018-06-12 12:46:36,941 RCV reinforcement info
2018-06-12 12:46:36,989 RCV reinforcement info
2018-06-12 12:46:37,444 RCV reinforcement info
2018-06-12 12:46:38,157 RCV malicious_prop_agreement
2018-06-12 12:46:39,573 RCV reinforcement info
2018-06-12 12:46:41,276 RCV reinforcement info
2018-06-12 12:46:42,376 RCV reinforcement info
2018-06-12 12:46:42,663 RCV reinforcement info
2018-06-12 12:46:42,958 RF found but not transmitted
2018-06-12 12:46:44,679 RCV reinforcement info
2018-06-12 12:46:46,779 RCV reinforcement info
2018-06-12 12:46:47,919 RCV reinforcement info
2018-06-12 12:46:48,049 RCV reinforcement info
2018-06-12 12:46:49,529 RCV reinforcement info
2018-06-12 12:46:50,889 RCV reinforcement info
2018-06-12 12:46:54,894 RCV reinforcement info
2018-06-12 12:46:55,335 RCV proposal
2018-06-12 12:46:55,338 appended honest propose 909045104f on top of 1c61d1fe4e
2018-06-12 12:46:55,418 RCV reinforcement
2018-06-12 12:46:55,437 RCV reinforcement
2018-06-12 12:46:55,453 RCV reinforcement
2018-06-12 12:46:55,493 RCV reinforcement info
2018-06-12 12:46:55,559 RCV reinforcement
2018-06-12 12:46:55,571 RCV reinforcement info
2018-06-12 12:46:55,624 RCV reinforcement
2018-06-12 12:46:55,999 RF found but not transmitted
2018-06-12 12:46:56,050 RCV reinforcement info
2018-06-12 12:46:56,108 RCV reinforcement
2018-06-12 12:46:56,410 RCV reinforcement info
2018-06-12 12:46:56,464 RCV reinforcement
2018-06-12 12:46:56,996 RCV commit
2018-06-12 12:46:57,221 appended honest commit b27ad3a634 on top of 909045104f
2018-06-12 12:46:57,466 Weight: 41.03573708019185 #RFs 64
2018-06-12 12:46:57,467 weight: 41.03573708019185
2018-06-12 12:46:57,467 , 41.03573708019185
2018-06-12 12:46:57,570 RCV proposal
2018-06-12 12:46:57,574 appended malicious propose f56ad46d9f on top of 1c61d1fe4e
2018-06-12 12:46:57,574 REINFORCEMENT SENT state
2018-06-12 12:46:57,576 SNT reinforcement
2018-06-12 12:46:57,647 RCV reinforcement
2018-06-12 12:46:58,618 RCV reinforcement
2018-06-12 12:46:59,203 RCV commit
2018-06-12 12:46:59,363 appended malicious commit b85aea671a on top of f56ad46d9f
2018-06-12 12:46:59,500 Weight: 37.773811849443675 #RFs 39
2018-06-12 12:46:59,500 weight: 37.773811849443675
2018-06-12 12:46:59,500 , 37.773811849443675
2018-06-12 12:46:59,501 MALICIOUS MINING state
2018-06-12 12:46:59,501 start mining - depth 10
2018-06-12 12:46:59,502 start mining - hash b27ad3a634dfbe7e44903a990462b4e1a9ebdd777e518b831cad5d28aa842704
2018-06-12 12:46:59,502 Hashing frequency: 6498
2018-06-12 12:46:59,983 RCV reinforcement info
2018-06-12 12:47:00,842 RCV reinforcement info
2018-06-12 12:47:02,627 RCV reinforcement info
2018-06-12 12:47:03,034 RCV reinforcement info
2018-06-12 12:47:03,232 RF found but not transmitted
2018-06-12 12:47:03,742 RF found but not transmitted
2018-06-12 12:47:03,947 RCV reinforcement info
2018-06-12 12:47:04,507 RCV reinforcement info
2018-06-12 12:47:05,015 RCV reinforcement info
2018-06-12 12:47:05,900 RCV reinforcement info
2018-06-12 12:47:06,017 RCV reinforcement info
2018-06-12 12:47:06,361 RCV reinforcement info
2018-06-12 12:47:06,738 RCV reinforcement info
2018-06-12 12:47:07,239 RCV reinforcement info
2018-06-12 12:47:07,508 RCV reinforcement info
2018-06-12 12:47:10,268 RF found but not transmitted
2018-06-12 12:47:10,857 RCV reinforcement info
2018-06-12 12:47:11,150 RCV reinforcement info
2018-06-12 12:47:11,855 RCV proposal
2018-06-12 12:47:11,859 appended honest propose ebcc9d1731 on top of b27ad3a634
2018-06-12 12:47:11,942 RCV reinforcement
2018-06-12 12:47:11,947 RCV reinforcement
2018-06-12 12:47:11,954 RCV reinforcement
2018-06-12 12:47:12,782 RCV reinforcement info
2018-06-12 12:47:12,846 RCV reinforcement
2018-06-12 12:47:13,440 RCV commit
2018-06-12 12:47:13,494 appended honest commit c1d2f0fa1d on top of ebcc9d1731
2018-06-12 12:47:13,600 Weight: 45.138733644205445 #RFs 16
2018-06-12 12:47:13,601 weight: 45.138733644205445
2018-06-12 12:47:13,607 , 45.138733644205445
2018-06-12 12:47:13,610 start mining - depth 11
2018-06-12 12:47:13,611 start mining - hash c1d2f0fa1d5442ba557fe23a1aa7a75cba9cfebeeb0ad715b7c57b5fdb691c70
2018-06-12 12:47:13,910 RCV reinforcement info
2018-06-12 12:47:14,638 RCV reinforcement info
2018-06-12 12:47:16,123 RCV reinforcement info
2018-06-12 12:47:17,124 RCV reinforcement info
2018-06-12 12:47:18,205 RF found but not transmitted
2018-06-12 12:47:18,286 RCV reinforcement info
2018-06-12 12:47:18,511 RCV reinforcement info
2018-06-12 12:47:18,899 RCV reinforcement info
2018-06-12 12:47:21,067 RCV reinforcement info
2018-06-12 12:47:23,606 RCV reinforcement info
2018-06-12 12:47:24,308 RCV reinforcement info
2018-06-12 12:47:24,342 RCV reinforcement info
2018-06-12 12:47:24,348 RCV malicious_prop_agreement
2018-06-12 12:47:24,475 RF found but not transmitted
2018-06-12 12:47:25,026 RF found but not transmitted
2018-06-12 12:47:28,329 RCV reinforcement info
2018-06-12 12:47:30,668 RF found but not transmitted
2018-06-12 12:47:32,469 RCV reinforcement info
2018-06-12 12:47:33,589 RCV reinforcement info
2018-06-12 12:47:34,939 RCV reinforcement info
2018-06-12 12:47:36,683 RCV reinforcement info
2018-06-12 12:47:37,670 RCV reinforcement info
2018-06-12 12:47:37,841 RCV reinforcement info
2018-06-12 12:47:37,999 RCV proposal
2018-06-12 12:47:38,002 appended honest propose 4f42ac24ed on top of c1d2f0fa1d
2018-06-12 12:47:38,088 RCV reinforcement
2018-06-12 12:47:38,093 RCV reinforcement
2018-06-12 12:47:38,129 RCV reinforcement
2018-06-12 12:47:39,572 RCV commit
2018-06-12 12:47:39,634 appended honest commit 38b9d615ad on top of 4f42ac24ed
2018-06-12 12:47:39,680 Weight: 50.3613394421738 #RFs 18
2018-06-12 12:47:39,680 weight: 50.3613394421738
2018-06-12 12:47:39,680 , 50.3613394421738
2018-06-12 12:47:39,809 RCV reinforcement info
2018-06-12 12:47:39,840 RCV proposal
2018-06-12 12:47:39,843 appended malicious propose 5cea2e7c85 on top of c1d2f0fa1d
2018-06-12 12:47:39,843 REINFORCEMENT SENT state
2018-06-12 12:47:39,845 SNT reinforcement
2018-06-12 12:47:39,947 RCV reinforcement info
2018-06-12 12:47:39,950 RCV reinforcement
2018-06-12 12:47:40,073 RCV reinforcement info
2018-06-12 12:47:41,378 RCV commit
2018-06-12 12:47:41,439 appended malicious commit 723e491ea5 on top of 5cea2e7c85
2018-06-12 12:47:41,512 Weight: 48.961382902234696 #RFs 17
2018-06-12 12:47:41,512 weight: 48.961382902234696
2018-06-12 12:47:41,512 , 48.961382902234696
2018-06-12 12:47:41,512 MALICIOUS MINING state
2018-06-12 12:47:41,512 start mining - depth 12
2018-06-12 12:47:41,513 start mining - hash 38b9d615ad1ff221c22ba3e6208e02ef7908528211c06c7935831af4cf17deff
2018-06-12 12:47:42,175 RCV malicious_prop_agreement
2018-06-12 12:47:42,348 RCV reinforcement info
2018-06-12 12:47:43,156 RCV reinforcement info
2018-06-12 12:47:44,656 RCV reinforcement info
2018-06-12 12:47:50,872 RCV reinforcement info
2018-06-12 12:47:52,997 RCV reinforcement info
2018-06-12 12:47:53,791 RCV reinforcement info
2018-06-12 12:47:53,860 RCV reinforcement info
2018-06-12 12:47:54,371 RCV reinforcement info
2018-06-12 12:47:57,136 RCV reinforcement info
2018-06-12 12:47:57,655 RCV reinforcement info
2018-06-12 12:47:58,653 RF found but not transmitted
2018-06-12 12:48:00,488 RF found but not transmitted
2018-06-12 12:48:00,493 RCV reinforcement info
2018-06-12 12:48:00,638 RCV reinforcement info
2018-06-12 12:48:01,174 RCV reinforcement info
2018-06-12 12:48:03,997 RCV proposal
2018-06-12 12:48:04,000 appended honest propose 0cb1c8c5e6 on top of 38b9d615ad
2018-06-12 12:48:04,068 RCV reinforcement
2018-06-12 12:48:04,082 RCV reinforcement
2018-06-12 12:48:04,094 RCV reinforcement
2018-06-12 12:48:04,232 RCV reinforcement info
2018-06-12 12:48:04,282 RCV reinforcement
2018-06-12 12:48:05,555 RCV commit
2018-06-12 12:48:05,638 appended honest commit eb64f94b1c on top of 0cb1c8c5e6
2018-06-12 12:48:05,735 Weight: 55.55541112626388 #RFs 17
2018-06-12 12:48:05,736 weight: 55.55541112626388
2018-06-12 12:48:05,736 , 55.55541112626388
2018-06-12 12:48:05,854 RCV proposal
2018-06-12 12:48:05,858 appended malicious propose 2c59992590 on top of 38b9d615ad
2018-06-12 12:48:05,859 REINFORCEMENT SENT state
2018-06-12 12:48:05,860 SNT reinforcement
2018-06-12 12:48:05,934 RCV reinforcement
2018-06-12 12:48:06,262 RF found but not transmitted
2018-06-12 12:48:06,266 SNT reinforcement
2018-06-12 12:48:06,481 RCV reinforcement info
2018-06-12 12:48:07,423 RCV commit
2018-06-12 12:48:07,506 appended malicious commit df6ef1fb12 on top of 2c59992590
2018-06-12 12:48:07,554 Weight: 53.399421013194754 #RFs 16
2018-06-12 12:48:07,554 weight: 53.399421013194754
2018-06-12 12:48:07,554 , 53.399421013194754
2018-06-12 12:48:07,555 MALICIOUS MINING state
2018-06-12 12:48:07,555 start mining - depth 13
2018-06-12 12:48:07,555 start mining - hash eb64f94b1c0f055d6750d3579f688385bdd6e8016a762904a68a61890461dea5
2018-06-12 12:48:07,560 Hashing frequency: 3628
2018-06-12 12:48:08,639 RCV reinforcement info
2018-06-12 12:48:09,628 RCV reinforcement info
2018-06-12 12:48:10,132 RCV reinforcement info
2018-06-12 12:48:11,043 RCV reinforcement info
2018-06-12 12:48:11,548 RCV reinforcement info
2018-06-12 12:48:11,561 RF found but not transmitted
2018-06-12 12:48:11,561 hash found
2018-06-12 12:48:11,562 SNT malicious_proposal_agreement
2018-06-12 12:48:11,827 RCV reinforcement info
2018-06-12 12:48:12,200 RCV reinforcement info
2018-06-12 12:48:12,246 RCV reinforcement info
2018-06-12 12:48:12,792 RCV reinforcement info
2018-06-12 12:48:15,190 RCV reinforcement info
2018-06-12 12:48:15,669 RCV reinforcement info
2018-06-12 12:48:17,117 RCV reinforcement info
2018-06-12 12:48:17,882 RCV reinforcement info
2018-06-12 12:48:20,228 RCV reinforcement info
2018-06-12 12:48:20,898 RCV reinforcement info
2018-06-12 12:48:21,015 RCV reinforcement info
2018-06-12 12:48:22,158 RF found but not transmitted
2018-06-12 12:48:22,413 RCV reinforcement info
2018-06-12 12:48:23,360 RCV reinforcement info
2018-06-12 12:48:23,527 RF found but not transmitted
2018-06-12 12:48:23,837 RCV reinforcement info
2018-06-12 12:48:25,185 RCV reinforcement info
2018-06-12 12:48:28,381 RF found but not transmitted
2018-06-12 12:48:30,060 RCV reinforcement info
2018-06-12 12:48:31,766 RCV reinforcement info
2018-06-12 12:48:32,532 RF found but not transmitted
2018-06-12 12:48:33,221 RCV reinforcement info
2018-06-12 12:48:33,768 RCV reinforcement info
2018-06-12 12:48:34,111 RCV reinforcement info
2018-06-12 12:48:34,733 RF found but not transmitted
2018-06-12 12:48:34,765 RCV reinforcement info
2018-06-12 12:48:35,385 RCV reinforcement info
2018-06-12 12:48:36,316 RCV reinforcement info
2018-06-12 12:48:36,604 RCV reinforcement info
2018-06-12 12:48:37,470 RCV reinforcement info
2018-06-12 12:48:39,701 RF found but not transmitted
2018-06-12 12:48:40,255 RCV reinforcement info
2018-06-12 12:48:41,862 RCV reinforcement info
2018-06-12 12:48:42,358 RF found but not transmitted
2018-06-12 12:48:42,707 RCV reinforcement info
2018-06-12 12:48:43,003 RCV reinforcement info
2018-06-12 12:48:43,530 RCV reinforcement info
2018-06-12 12:48:43,967 RCV reinforcement info
2018-06-12 12:48:44,858 RCV reinforcement info
2018-06-12 12:48:45,365 RF found but not transmitted
2018-06-12 12:48:45,668 RF found but not transmitted
2018-06-12 12:48:46,569 RCV reinforcement info
2018-06-12 12:48:46,616 RF found but not transmitted
2018-06-12 12:48:46,637 RCV reinforcement info
2018-06-12 12:48:46,838 RCV reinforcement info
2018-06-12 12:48:48,072 RCV reinforcement info
2018-06-12 12:48:49,109 RCV reinforcement info
2018-06-12 12:48:51,105 RF found but not transmitted
2018-06-12 12:48:51,353 RCV reinforcement info
2018-06-12 12:48:51,553 RCV proposal
2018-06-12 12:48:51,557 appended honest propose ec639aebe4 on top of eb64f94b1c
2018-06-12 12:48:51,651 RCV reinforcement
2018-06-12 12:48:51,661 RCV reinforcement
2018-06-12 12:48:51,691 RCV reinforcement
2018-06-12 12:48:52,301 RCV reinforcement info
2018-06-12 12:48:52,352 RCV reinforcement
2018-06-12 12:48:52,945 RCV reinforcement info
2018-06-12 12:48:53,019 RCV reinforcement
2018-06-12 12:48:53,229 RCV commit
2018-06-12 12:48:53,397 appended honest commit 1ef91d0aff on top of ec639aebe4
2018-06-12 12:48:53,641 Weight: 63.34548451140975 #RFs 44
2018-06-12 12:48:53,642 weight: 63.34548451140975
2018-06-12 12:48:53,642 , 63.34548451140975
2018-06-12 12:48:53,647 appended malicious propose e1fb910e32 on top of eb64f94b1c
2018-06-12 12:48:53,647 REINFORCEMENT COLLECTING state
2018-06-12 12:48:53,713 SNT proposal
2018-06-12 12:48:53,903 RCV reinforcement
2018-06-12 12:48:53,925 RCV reinforcement
2018-06-12 12:48:55,216 commit with 3 reinforcements
2018-06-12 12:48:55,276 appended malicious commit dcfa8b6c29 on top of e1fb910e32
2018-06-12 12:48:55,314 Weight: 63.5074910525535 #RFs 32
2018-06-12 12:48:55,314 weight: 63.5074910525535
2018-06-12 12:48:55,315 , 63.5074910525535
2018-06-12 12:48:55,315 MALICIOUS MINING state
2018-06-12 12:48:55,315 start mining - depth 14
2018-06-12 12:48:55,315 start mining - hash dcfa8b6c292657d70712e71a52e5a7edd70074776b50c17ab49d5e29a38db988
2018-06-12 12:48:55,315 SNT commit
2018-06-12 12:48:58,086 RCV reinforcement info
2018-06-12 12:48:58,671 RCV reinforcement info
2018-06-12 12:48:58,818 RCV reinforcement info
2018-06-12 12:48:59,973 RCV reinforcement info
2018-06-12 12:49:00,040 RF found but not transmitted
2018-06-12 12:49:00,377 RCV reinforcement info
2018-06-12 12:49:00,846 RCV reinforcement info
2018-06-12 12:49:02,401 RCV reinforcement info
2018-06-12 12:49:02,596 RCV reinforcement info
2018-06-12 12:49:04,713 RCV reinforcement info
2018-06-12 12:49:05,804 RCV reinforcement info
2018-06-12 12:49:07,451 RCV reinforcement info
2018-06-12 12:49:08,856 RF found but not transmitted
2018-06-12 12:49:09,265 RCV reinforcement info
2018-06-12 12:49:09,965 RCV reinforcement info
2018-06-12 12:49:10,285 RCV reinforcement info
2018-06-12 12:49:10,509 RF found but not transmitted
2018-06-12 12:49:11,467 RCV reinforcement info
2018-06-12 12:49:12,036 RCV reinforcement info
2018-06-12 12:49:13,966 RCV reinforcement info
2018-06-12 12:49:14,516 RCV reinforcement info
2018-06-12 12:49:15,013 RCV reinforcement info
2018-06-12 12:49:16,745 RCV reinforcement info
2018-06-12 12:49:17,206 RCV reinforcement info
2018-06-12 12:49:17,885 RF found but not transmitted
2018-06-12 12:49:19,226 RCV reinforcement info
2018-06-12 12:49:19,555 RCV reinforcement info
2018-06-12 12:49:21,671 RCV reinforcement info
2018-06-12 12:49:21,911 RCV reinforcement info
2018-06-12 12:49:22,144 RCV reinforcement info
2018-06-12 12:49:23,140 RCV reinforcement info
2018-06-12 12:49:27,698 RCV reinforcement info
2018-06-12 12:49:27,919 RCV reinforcement info
2018-06-12 12:49:28,352 RCV reinforcement info
2018-06-12 12:49:28,389 RCV reinforcement info
2018-06-12 12:49:29,458 RF found but not transmitted
2018-06-12 12:49:29,754 RCV reinforcement info
2018-06-12 12:49:31,955 RCV reinforcement info
2018-06-12 12:49:32,945 RCV reinforcement info
2018-06-12 12:49:33,383 RCV reinforcement info
2018-06-12 12:49:35,173 RCV reinforcement info
2018-06-12 12:49:37,608 RCV reinforcement info
2018-06-12 12:49:38,390 RCV reinforcement info
2018-06-12 12:49:40,753 RF found but not transmitted
2018-06-12 12:49:41,317 RCV reinforcement info
2018-06-12 12:49:41,674 RF found but not transmitted
2018-06-12 12:49:45,542 RCV reinforcement info
2018-06-12 12:49:45,612 RCV reinforcement info
2018-06-12 12:49:45,675 RCV reinforcement info
2018-06-12 12:49:45,813 RCV reinforcement info
2018-06-12 12:49:47,087 RCV reinforcement info
2018-06-12 12:49:47,724 RF found but not transmitted
2018-06-12 12:49:53,638 RCV reinforcement info
2018-06-12 12:49:57,493 RCV reinforcement info
2018-06-12 12:49:59,911 RCV reinforcement info
2018-06-12 12:50:00,412 RCV reinforcement info
2018-06-12 12:50:00,853 RCV proposal
2018-06-12 12:50:00,857 appended honest propose c5cb1ab4a8 on top of dcfa8b6c29
2018-06-12 12:50:00,947 RCV reinforcement
2018-06-12 12:50:00,958 RCV reinforcement
2018-06-12 12:50:00,971 RCV reinforcement
2018-06-12 12:50:02,214 RCV reinforcement info
2018-06-12 12:50:02,274 RCV reinforcement
2018-06-12 12:50:02,521 RCV commit
2018-06-12 12:50:02,704 appended honest commit 8b784103b7 on top of c5cb1ab4a8
2018-06-12 12:50:02,913 Weight: 74.4624702251922 #RFs 48
2018-06-12 12:50:02,914 weight: 74.4624702251922
2018-06-12 12:50:02,914 , 74.4624702251922
2018-06-12 12:50:02,915 start mining - depth 15
2018-06-12 12:50:02,915 start mining - hash 8b784103b77c8cd173dbd53a5e7dc00ec1120802fa5fb69ea521bb703e14bccb
2018-06-12 12:50:02,916 Hashing frequency: 6126
2018-06-12 12:50:04,814 RCV proposal
2018-06-12 12:50:04,819 appended honest propose d5bd77491f on top of 8b784103b7
2018-06-12 12:50:06,052 RCV reinforcement info
2018-06-12 12:50:06,127 RCV reinforcement
2018-06-12 12:50:06,330 RCV commit
2018-06-12 12:50:06,334 appended honest commit aab8c9424e on top of d5bd77491f
2018-06-12 12:50:06,336 Weight: 75.5551028559952 #RFs 1
2018-06-12 12:50:06,336 weight: 75.5551028559952
2018-06-12 12:50:06,337 , 75.5551028559952
2018-06-12 12:50:06,337 start mining - depth 16
2018-06-12 12:50:06,348 start mining - hash aab8c9424e9c8b3791d5386f0bb0e7bc2d0b3176d54a9b6fd99c2d697bb683e1
2018-06-12 12:50:07,678 RCV reinforcement info
2018-06-12 12:50:08,400 RCV reinforcement info
2018-06-12 12:50:09,069 RCV reinforcement info
2018-06-12 12:50:09,522 RF found but not transmitted
2018-06-12 12:50:09,758 RF found but not transmitted
2018-06-12 12:50:09,778 RF found but not transmitted
2018-06-12 12:50:10,956 RCV reinforcement info
2018-06-12 12:50:12,183 RF found but not transmitted
2018-06-12 12:50:13,051 RF found but not transmitted
2018-06-12 12:50:13,226 RCV reinforcement info
2018-06-12 12:50:13,823 RCV reinforcement info
2018-06-12 12:50:14,087 RCV reinforcement info
2018-06-12 12:50:15,961 RCV reinforcement info
2018-06-12 12:50:16,568 RCV reinforcement info
2018-06-12 12:50:16,662 RCV reinforcement info
2018-06-12 12:50:16,841 RF found but not transmitted
2018-06-12 12:50:18,322 RF found but not transmitted
2018-06-12 12:50:19,714 RCV reinforcement info
2018-06-12 12:50:19,749 RCV reinforcement info
2018-06-12 12:50:20,520 RF found but not transmitted
2018-06-12 12:50:21,068 RCV reinforcement info
2018-06-12 12:50:22,263 RCV reinforcement info
2018-06-12 12:50:23,394 RCV reinforcement info
2018-06-12 12:50:24,539 RF found but not transmitted
2018-06-12 12:50:26,319 RCV reinforcement info
2018-06-12 12:50:27,524 RCV reinforcement info
2018-06-12 12:50:28,475 RCV reinforcement info
2018-06-12 12:50:29,617 RCV reinforcement info
2018-06-12 12:50:31,147 RCV reinforcement info
2018-06-12 12:50:31,266 RCV reinforcement info
2018-06-12 12:50:31,887 RCV reinforcement info
2018-06-12 12:50:32,091 RCV reinforcement info
2018-06-12 12:50:32,781 RCV reinforcement info
2018-06-12 12:50:33,530 RCV reinforcement info
2018-06-12 12:50:34,052 RCV reinforcement info
2018-06-12 12:50:35,173 RCV reinforcement info
2018-06-12 12:50:36,019 RF found but not transmitted
2018-06-12 12:50:36,298 RCV reinforcement info
2018-06-12 12:50:36,731 RF found but not transmitted
2018-06-12 12:50:38,366 RCV reinforcement info
2018-06-12 12:50:39,049 RCV reinforcement info
2018-06-12 12:50:41,620 RCV reinforcement info
2018-06-12 12:50:43,342 RCV reinforcement info
2018-06-12 12:50:44,813 RCV reinforcement info
2018-06-12 12:50:48,845 RCV reinforcement info
2018-06-12 12:50:53,297 RF found but not transmitted
2018-06-12 12:50:56,257 RF found but not transmitted
2018-06-12 12:50:58,072 RCV reinforcement info
2018-06-12 12:50:58,443 RF found but not transmitted
2018-06-12 12:51:00,345 RF found but not transmitted
2018-06-12 12:51:00,520 RCV reinforcement info
2018-06-12 12:51:01,496 RCV reinforcement info
2018-06-12 12:51:02,099 RCV reinforcement info
2018-06-12 12:51:03,280 RCV reinforcement info
2018-06-12 12:51:03,288 RCV reinforcement info
2018-06-12 12:51:04,936 RCV reinforcement info
2018-06-12 12:51:06,150 RCV reinforcement info
2018-06-12 12:51:06,804 RCV reinforcement info
2018-06-12 12:51:08,218 RCV reinforcement info
2018-06-12 12:51:08,793 RCV reinforcement info
2018-06-12 12:51:09,294 RCV reinforcement info
2018-06-12 12:51:09,410 RCV reinforcement info
2018-06-12 12:51:09,492 RF found but not transmitted
2018-06-12 12:51:09,818 RCV reinforcement info
2018-06-12 12:51:13,333 RF found but not transmitted
2018-06-12 12:51:13,547 RCV reinforcement info
2018-06-12 12:51:13,799 RF found but not transmitted
2018-06-12 12:51:15,166 RCV malicious_prop_agreement
2018-06-12 12:51:15,974 RF found but not transmitted
2018-06-12 12:51:16,576 RCV proposal
2018-06-12 12:51:16,581 appended honest propose 360ab6408c on top of aab8c9424e
2018-06-12 12:51:16,720 RCV reinforcement
2018-06-12 12:51:16,742 RCV reinforcement
2018-06-12 12:51:16,758 RCV reinforcement
2018-06-12 12:51:16,811 RCV reinforcement info
2018-06-12 12:51:16,905 RCV reinforcement
2018-06-12 12:51:18,227 RCV commit
2018-06-12 12:51:18,693 appended honest commit 3fc522869d on top of 360ab6408c
2018-06-12 12:51:18,913 Weight: 84.98487398353697 #RFs 49
2018-06-12 12:51:18,913 weight: 84.98487398353697
2018-06-12 12:51:18,913 , 84.98487398353697
2018-06-12 12:51:19,041 RCV proposal
2018-06-12 12:51:19,044 appended malicious propose d4c2366e4b on top of aab8c9424e
2018-06-12 12:51:19,044 REINFORCEMENT SENT state
2018-06-12 12:51:19,046 SNT reinforcement
2018-06-12 12:51:19,125 RCV reinforcement
2018-06-12 12:51:19,609 RCV reinforcement
2018-06-12 12:51:19,661 RCV reinforcement info
2018-06-12 12:51:20,350 RCV reinforcement
2018-06-12 12:51:20,692 RCV commit
2018-06-12 12:51:20,935 appended malicious commit 4a0bd785de on top of d4c2366e4b
2018-06-12 12:51:21,229 Weight: 88.86552266493692 #RFs 60
2018-06-12 12:51:21,231 weight: 88.86552266493692
2018-06-12 12:51:21,232 , 88.86552266493692
2018-06-12 12:51:21,233 MALICIOUS MINING state
2018-06-12 12:51:21,233 start mining - depth 17
2018-06-12 12:51:21,233 start mining - hash 4a0bd785dee490508a17ba12cc8d491aa4031aa035b5953cbd6c5175e5ad5ecb
2018-06-12 12:51:21,234 Hashing frequency: 4203
2018-06-12 12:51:21,791 RCV reinforcement info
2018-06-12 12:51:24,543 RCV reinforcement info
2018-06-12 12:51:25,164 RF found but not transmitted
2018-06-12 12:51:25,944 RCV reinforcement info
2018-06-12 12:51:28,161 RCV reinforcement info
2018-06-12 12:51:32,810 RF found but not transmitted
2018-06-12 12:51:33,020 RCV reinforcement info
2018-06-12 12:51:33,063 RCV reinforcement info
2018-06-12 12:51:34,969 RCV reinforcement info
2018-06-12 12:51:36,225 RCV reinforcement info
2018-06-12 12:51:38,943 RCV reinforcement info
2018-06-12 12:51:40,503 RF found but not transmitted
2018-06-12 12:51:41,181 RCV reinforcement info
2018-06-12 12:51:42,012 RF found but not transmitted
2018-06-12 12:51:42,031 RCV reinforcement info
2018-06-12 12:51:42,162 RCV reinforcement info
2018-06-12 12:51:43,655 RF found but not transmitted
2018-06-12 12:51:44,274 RCV reinforcement info
2018-06-12 12:51:47,088 RF found but not transmitted
2018-06-12 12:51:47,091 hash found
2018-06-12 12:51:47,093 SNT malicious_proposal_agreement
2018-06-12 12:51:47,705 RCV reinforcement info
2018-06-12 12:51:48,217 RCV reinforcement info
2018-06-12 12:51:49,017 RCV reinforcement info
2018-06-12 12:51:49,672 RCV reinforcement info
2018-06-12 12:51:51,216 RCV reinforcement info
2018-06-12 12:51:51,927 RCV reinforcement info
2018-06-12 12:51:52,730 RF found but not transmitted
2018-06-12 12:51:53,053 RCV reinforcement info
2018-06-12 12:51:53,462 RCV reinforcement info
2018-06-12 12:51:55,149 RCV reinforcement info
2018-06-12 12:51:55,303 RCV reinforcement info
2018-06-12 12:51:56,375 RCV reinforcement info
2018-06-12 12:51:56,813 RCV reinforcement info
2018-06-12 12:51:56,993 RCV reinforcement info
2018-06-12 12:51:58,497 RCV reinforcement info
2018-06-12 12:51:59,887 RCV reinforcement info
2018-06-12 12:52:01,307 RCV reinforcement info
2018-06-12 12:52:02,135 RCV reinforcement info
2018-06-12 12:52:02,192 RCV reinforcement info
2018-06-12 12:52:04,584 RCV reinforcement info
2018-06-12 12:52:05,300 RCV reinforcement info
2018-06-12 12:52:05,559 RF found but not transmitted
2018-06-12 12:52:05,807 RCV reinforcement info
2018-06-12 12:52:05,931 RCV reinforcement info
2018-06-12 12:52:06,378 RCV reinforcement info
2018-06-12 12:52:07,022 RF found but not transmitted
2018-06-12 12:52:07,427 RCV reinforcement info
2018-06-12 12:52:09,104 RCV reinforcement info
2018-06-12 12:52:11,849 RF found but not transmitted
2018-06-12 12:52:17,057 RCV reinforcement info
2018-06-12 12:52:17,187 RCV reinforcement info
2018-06-12 12:52:20,087 RCV proposal
2018-06-12 12:52:20,095 appended honest propose fa465ac4f3 on top of 4a0bd785de
2018-06-12 12:52:20,177 RCV reinforcement
2018-06-12 12:52:20,194 RCV reinforcement
2018-06-12 12:52:20,209 RCV reinforcement
2018-06-12 12:52:20,649 RCV reinforcement info
2018-06-12 12:52:20,717 RCV reinforcement
2018-06-12 12:52:21,707 RCV commit
2018-06-12 12:52:21,854 appended honest commit 72fe9a8aa9 on top of fa465ac4f3
2018-06-12 12:52:22,035 Weight: 97.93212980485386 #RFs 41
2018-06-12 12:52:22,035 weight: 97.93212980485386
2018-06-12 12:52:22,035 , 97.93212980485386
2018-06-12 12:52:22,044 appended malicious propose 7fc00918dd on top of 4a0bd785de
2018-06-12 12:52:22,045 REINFORCEMENT COLLECTING state
2018-06-12 12:52:22,097 SNT proposal
2018-06-12 12:52:22,254 RCV reinforcement
2018-06-12 12:52:22,267 RCV reinforcement
2018-06-12 12:52:22,980 RCV reinforcement info
2018-06-12 12:52:23,319 RCV reinforcement info
2018-06-12 12:52:23,603 commit with 3 reinforcements
2018-06-12 12:52:23,659 appended malicious commit 207548f005 on top of 7fc00918dd
2018-06-12 12:52:23,717 Weight: 96.80427509350326 #RFs 33
2018-06-12 12:52:23,717 weight: 96.80427509350326
2018-06-12 12:52:23,717 , 96.80427509350326
2018-06-12 12:52:23,718 MALICIOUS MINING state
2018-06-12 12:52:23,718 start mining - depth 18
2018-06-12 12:52:23,718 start mining - hash 72fe9a8aa974a5b03389b31d4a43d8bfd6b1e695eef73bdf90dbb75890318d6c
2018-06-12 12:52:23,718 Hashing frequency: 3270
2018-06-12 12:52:23,719 SNT commit
2018-06-12 12:52:24,189 RCV reinforcement info
2018-06-12 12:52:26,063 RCV reinforcement info
2018-06-12 12:52:28,005 RCV reinforcement info
2018-06-12 12:52:28,020 RCV reinforcement info
2018-06-12 12:52:29,201 RCV reinforcement info
2018-06-12 12:52:29,840 RCV reinforcement info
2018-06-12 12:52:30,185 RCV reinforcement info
2018-06-12 12:52:32,459 RCV reinforcement info
2018-06-12 12:52:34,604 RCV reinforcement info
2018-06-12 12:52:35,444 RF found but not transmitted
2018-06-12 12:52:37,868 RCV reinforcement info
2018-06-12 12:52:41,358 RCV malicious_prop_agreement
2018-06-12 12:52:41,383 RCV reinforcement info
2018-06-12 12:52:41,675 RCV reinforcement info
2018-06-12 12:52:43,254 RCV reinforcement info
2018-06-12 12:52:47,812 RCV reinforcement info
2018-06-12 12:52:48,391 RF found but not transmitted
2018-06-12 12:52:48,784 RCV reinforcement info
2018-06-12 12:52:48,913 RCV reinforcement info
2018-06-12 12:52:48,981 RCV reinforcement info
2018-06-12 12:52:50,336 RCV reinforcement info
2018-06-12 12:52:50,513 RF found but not transmitted
2018-06-12 12:52:50,837 RF found but not transmitted
2018-06-12 12:52:52,552 RCV reinforcement info
2018-06-12 12:52:53,070 RCV reinforcement info
2018-06-12 12:52:53,412 RF found but not transmitted
2018-06-12 12:52:54,292 RCV proposal
2018-06-12 12:52:54,295 appended honest propose e87b180020 on top of 72fe9a8aa9
2018-06-12 12:52:54,369 RCV reinforcement
2018-06-12 12:52:54,378 RCV reinforcement
2018-06-12 12:52:54,395 RCV reinforcement
2018-06-12 12:52:54,787 RCV reinforcement info
2018-06-12 12:52:54,852 RCV reinforcement info
2018-06-12 12:52:54,872 RCV reinforcement
2018-06-12 12:52:54,929 RCV reinforcement
2018-06-12 12:52:55,881 RCV commit
2018-06-12 12:52:55,970 appended honest commit 80fbe81f1a on top of e87b180020
2018-06-12 12:52:56,073 Weight: 103.47770249690493 #RFs 23
2018-06-12 12:52:56,074 weight: 103.47770249690493
2018-06-12 12:52:56,074 , 103.47770249690493
2018-06-12 12:52:56,200 RCV proposal
2018-06-12 12:52:56,207 appended malicious propose 5d98c32ac6 on top of 72fe9a8aa9
2018-06-12 12:52:56,207 REINFORCEMENT SENT state
2018-06-12 12:52:56,208 SNT reinforcement
2018-06-12 12:52:56,268 RCV reinforcement
2018-06-12 12:52:57,677 RCV reinforcement info
2018-06-12 12:52:57,756 RCV commit
2018-06-12 12:52:57,830 appended malicious commit f3ec7ee515 on top of 5d98c32ac6
2018-06-12 12:52:57,899 Weight: 102.48709603977096 #RFs 17
2018-06-12 12:52:57,899 weight: 102.48709603977096
2018-06-12 12:52:57,899 , 102.48709603977096
2018-06-12 12:52:57,899 MALICIOUS MINING state
2018-06-12 12:52:57,900 start mining - depth 19
2018-06-12 12:52:57,900 start mining - hash 80fbe81f1a1d1da49a5799bb4f927a4a2177a25060ad78ce4403dd28e3acadf7
2018-06-12 12:52:57,905 RCV reinforcement
2018-06-12 12:52:58,506 RCV reinforcement info
2018-06-12 12:52:59,959 RCV reinforcement info
2018-06-12 12:53:00,129 RCV reinforcement info
2018-06-12 12:53:00,725 RCV reinforcement info
2018-06-12 12:53:02,192 RCV reinforcement info
2018-06-12 12:53:02,829 RCV reinforcement info
2018-06-12 12:53:03,109 RCV reinforcement info
2018-06-12 12:53:05,510 RCV reinforcement info
2018-06-12 12:53:05,576 RCV reinforcement info
2018-06-12 12:53:06,554 RCV reinforcement info
2018-06-12 12:53:07,403 RCV reinforcement info
2018-06-12 12:53:08,882 RCV reinforcement info
2018-06-12 12:53:09,734 RCV reinforcement info
2018-06-12 12:53:11,957 RCV reinforcement info
2018-06-12 12:53:12,017 RCV reinforcement info
2018-06-12 12:53:12,139 RCV reinforcement info
2018-06-12 12:53:12,454 RCV reinforcement info
2018-06-12 12:53:12,510 RCV reinforcement info
2018-06-12 12:53:13,414 RCV reinforcement info
2018-06-12 12:53:14,234 RCV reinforcement info
2018-06-12 12:53:14,939 RCV reinforcement info
2018-06-12 12:53:15,040 RCV proposal
2018-06-12 12:53:15,043 appended honest propose ca8892b47b on top of 80fbe81f1a
2018-06-12 12:53:15,153 RCV reinforcement
2018-06-12 12:53:15,165 RCV reinforcement
2018-06-12 12:53:15,181 RCV reinforcement
2018-06-12 12:53:16,534 RCV reinforcement info
2018-06-12 12:53:16,591 RCV reinforcement
2018-06-12 12:53:16,721 RCV commit
2018-06-12 12:53:16,810 appended honest commit d26c81d922 on top of ca8892b47b
2018-06-12 12:53:16,889 Weight: 108.17209796139271 #RFs 22
2018-06-12 12:53:16,889 weight: 108.17209796139271
2018-06-12 12:53:16,889 , 108.17209796139271
2018-06-12 12:53:16,890 start mining - depth 20
2018-06-12 12:53:16,901 start mining - hash d26c81d922fa6ceab068215b9f4ac56cfa0bdbd260983fabcc7c46e5571b395f
2018-06-12 12:53:18,367 RCV reinforcement info
2018-06-12 12:53:18,582 RF found but not transmitted
2018-06-12 12:53:19,207 RCV reinforcement info
2018-06-12 12:53:19,409 RF found but not transmitted
2018-06-12 12:53:19,489 RF found but not transmitted
2018-06-12 12:53:19,490 hash found
2018-06-12 12:53:19,491 SNT malicious_proposal_agreement
2018-06-12 12:53:20,691 RCV reinforcement info
2018-06-12 12:53:22,907 RCV proposal
2018-06-12 12:53:22,910 appended honest propose efc65917cb on top of d26c81d922
2018-06-12 12:53:22,978 RCV reinforcement
2018-06-12 12:53:22,989 RCV reinforcement
2018-06-12 12:53:23,499 RCV reinforcement info
2018-06-12 12:53:23,557 RCV reinforcement
2018-06-12 12:53:24,087 RCV reinforcement info
2018-06-12 12:53:24,159 RCV reinforcement
2018-06-12 12:53:24,439 RCV commit
2018-06-12 12:53:24,457 appended honest commit 29bf3c2a2c on top of efc65917cb
2018-06-12 12:53:24,467 Weight: 110.65832292107461 #RFs 5
2018-06-12 12:53:24,467 weight: 110.65832292107461
2018-06-12 12:53:24,468 , 110.65832292107461
2018-06-12 12:53:24,472 appended malicious propose c485cf2ac5 on top of d26c81d922
2018-06-12 12:53:24,472 REINFORCEMENT COLLECTING state
2018-06-12 12:53:24,537 SNT proposal
2018-06-12 12:53:24,655 RCV reinforcement
2018-06-12 12:53:25,098 RCV reinforcement info
2018-06-12 12:53:25,454 RCV reinforcement
2018-06-12 12:53:26,041 commit with 3 reinforcements
2018-06-12 12:53:26,054 appended malicious commit 215f40af5f on top of c485cf2ac5
2018-06-12 12:53:26,059 Weight: 109.58773284738007 #RFs 4
2018-06-12 12:53:26,060 weight: 109.58773284738007
2018-06-12 12:53:26,060 , 109.58773284738007
2018-06-12 12:53:26,060 MALICIOUS MINING state
2018-06-12 12:53:26,060 start mining - depth 21
2018-06-12 12:53:26,060 start mining - hash 29bf3c2a2cf916280b960c8efc334d7c05daee1059f1cde6cac142e5e68af3e6
2018-06-12 12:53:26,061 Hashing frequency: 3236
2018-06-12 12:53:26,061 SNT commit
2018-06-12 12:53:27,452 RCV reinforcement info
2018-06-12 12:53:27,561 RCV reinforcement info
2018-06-12 12:53:30,925 RCV reinforcement info
2018-06-12 12:53:33,892 RCV reinforcement info
2018-06-12 12:53:35,008 RCV reinforcement info
2018-06-12 12:53:35,749 RF found but not transmitted
2018-06-12 12:53:35,750 hash found
2018-06-12 12:53:35,751 SNT malicious_proposal_agreement
2018-06-12 12:53:35,900 RCV reinforcement info
2018-06-12 12:53:37,044 RCV reinforcement info
2018-06-12 12:53:37,113 RCV reinforcement info
2018-06-12 12:53:38,402 RCV reinforcement info
2018-06-12 12:53:40,295 RF found but not transmitted
2018-06-12 12:53:42,054 RCV reinforcement info
2018-06-12 12:53:43,730 RF found but not transmitted
2018-06-12 12:53:45,709 RCV reinforcement info
2018-06-12 12:53:46,041 RCV reinforcement info
2018-06-12 12:53:47,342 RCV proposal
2018-06-12 12:53:47,345 appended honest propose 0ebf79268f on top of 29bf3c2a2c
2018-06-12 12:53:47,432 RCV reinforcement
2018-06-12 12:53:47,439 RCV reinforcement
2018-06-12 12:53:47,459 RCV reinforcement
2018-06-12 12:53:47,471 RF found but not transmitted
2018-06-12 12:53:48,357 RCV reinforcement info
2018-06-12 12:53:48,432 RCV reinforcement
2018-06-12 12:53:48,901 RCV commit
2018-06-12 12:53:48,944 appended honest commit acc697aae0 on top of 0ebf79268f
2018-06-12 12:53:48,993 Weight: 114.43055891603957 #RFs 14
2018-06-12 12:53:48,993 weight: 114.43055891603957
2018-06-12 12:53:48,993 , 114.43055891603957
2018-06-12 12:53:49,002 appended malicious propose 30610e1b46 on top of 29bf3c2a2c
2018-06-12 12:53:49,002 REINFORCEMENT COLLECTING state
2018-06-12 12:53:49,080 SNT proposal
2018-06-12 12:53:49,263 RCV reinforcement
2018-06-12 12:53:49,928 RCV reinforcement info
2018-06-12 12:53:50,202 RCV reinforcement info
2018-06-12 12:53:50,585 commit with 2 reinforcements
2018-06-12 12:53:50,602 appended malicious commit bd490d07c6 on top of 30610e1b46
2018-06-12 12:53:50,621 Weight: 115.15850876971743 #RFs 11
2018-06-12 12:53:50,622 weight: 115.15850876971743
2018-06-12 12:53:50,622 , 115.15850876971743
2018-06-12 12:53:50,622 MALICIOUS MINING state
2018-06-12 12:53:50,622 start mining - depth 22
2018-06-12 12:53:50,623 start mining - hash bd490d07c6d13fc9343d2a847a235bd7cd325463e21dee0bd7a9355b0fd7b822
2018-06-12 12:53:50,624 SNT commit
2018-06-12 12:53:52,260 RCV reinforcement info
2018-06-12 12:53:53,024 RCV reinforcement info
2018-06-12 12:53:53,983 RCV reinforcement info
2018-06-12 12:53:54,404 RCV reinforcement info
2018-06-12 12:53:54,530 RF found but not transmitted
2018-06-12 12:53:54,532 hash found
2018-06-12 12:53:54,533 SNT malicious_proposal_agreement
2018-06-12 12:53:54,783 RF found but not transmitted
2018-06-12 12:53:54,953 RF found but not transmitted
2018-06-12 12:53:55,298 RCV reinforcement info
2018-06-12 12:53:55,387 RF found but not transmitted
2018-06-12 12:53:56,039 RCV reinforcement info
2018-06-12 12:53:57,439 RCV reinforcement info
2018-06-12 12:53:59,193 RCV reinforcement info
2018-06-12 12:54:00,185 RF found but not transmitted
2018-06-12 12:54:00,460 RCV reinforcement info
2018-06-12 12:54:00,886 RCV reinforcement info
2018-06-12 12:54:02,716 RCV reinforcement info
2018-06-12 12:54:03,317 RF found but not transmitted
2018-06-12 12:54:04,629 RCV reinforcement info
2018-06-12 12:54:04,763 RCV reinforcement info
2018-06-12 12:54:05,709 RCV proposal
2018-06-12 12:54:05,719 appended honest propose f5cba3534a on top of acc697aae0
2018-06-12 12:54:05,858 RCV reinforcement
2018-06-12 12:54:05,869 RCV reinforcement
2018-06-12 12:54:05,875 RCV reinforcement
2018-06-12 12:54:07,284 RCV commit
2018-06-12 12:54:07,384 appended honest commit 9d220a055e on top of f5cba3534a
2018-06-12 12:54:07,449 Weight: 118.60831642305803 #RFs 15
2018-06-12 12:54:07,449 weight: 118.60831642305803
2018-06-12 12:54:07,449 , 118.60831642305803
2018-06-12 12:54:07,452 Synchronizing branches
2018-06-12 12:54:07,452 start mining - depth 23
2018-06-12 12:54:07,452 start mining - hash 9d220a055e9f63b63939ac3fac472c4b0325a1f5eca15720706be3f43bd28f6c
2018-06-12 12:54:08,596 RCV reinforcement info
2018-06-12 12:54:09,517 RCV reinforcement info
2018-06-12 12:54:11,511 RF found but not transmitted
2018-06-12 12:54:11,513 hash found
2018-06-12 12:54:11,513 SNT malicious_proposal_agreement
2018-06-12 12:54:12,398 RCV reinforcement info
2018-06-12 12:54:14,409 RCV reinforcement info
2018-06-12 12:54:15,495 RCV reinforcement info
2018-06-12 12:54:16,655 RCV reinforcement info
2018-06-12 12:54:17,064 RCV reinforcement info
2018-06-12 12:54:17,383 RCV reinforcement info
2018-06-12 12:54:18,022 RCV reinforcement info
2018-06-12 12:54:18,530 RCV proposal
2018-06-12 12:54:18,533 appended honest propose 2a5b83aa4e on top of 9d220a055e
2018-06-12 12:54:18,629 RCV reinforcement
2018-06-12 12:54:18,642 RCV reinforcement
2018-06-12 12:54:18,651 RCV reinforcement
2018-06-12 12:54:19,346 RCV reinforcement info
2018-06-12 12:54:19,431 RCV reinforcement
2018-06-12 12:54:19,583 RCV reinforcement info
2018-06-12 12:54:19,649 RCV reinforcement
2018-06-12 12:54:20,064 RCV commit
2018-06-12 12:54:20,101 appended honest commit 01494849e2 on top of 2a5b83aa4e
2018-06-12 12:54:20,131 Weight: 122.79045015275089 #RFs 10
2018-06-12 12:54:20,131 weight: 122.79045015275089
2018-06-12 12:54:20,131 , 122.79045015275089
2018-06-12 12:54:20,141 appended malicious propose c5e2bcd585 on top of 9d220a055e
2018-06-12 12:54:20,141 REINFORCEMENT COLLECTING state
2018-06-12 12:54:20,142 SNT proposal
2018-06-12 12:54:20,319 RCV reinforcement
2018-06-12 12:54:20,333 RCV reinforcement
2018-06-12 12:54:20,485 RCV reinforcement
2018-06-12 12:54:20,800 RCV reinforcement
2018-06-12 12:54:21,649 commit with 2 reinforcements
2018-06-12 12:54:21,661 appended malicious commit fdcaa1ccb8 on top of c5e2bcd585
2018-06-12 12:54:21,667 Weight: 122.5144352750475 #RFs 6
2018-06-12 12:54:21,668 weight: 122.5144352750475
2018-06-12 12:54:21,668 , 122.5144352750475
2018-06-12 12:54:21,668 MALICIOUS MINING state
2018-06-12 12:54:21,668 start mining - depth 24
2018-06-12 12:54:21,668 start mining - hash 01494849e29a2793b76d30f5213c0885b2c65b64f9848f99eedb2f10f3303996
2018-06-12 12:54:21,669 SNT commit
2018-06-12 12:54:22,905 RCV reinforcement info
2018-06-12 12:54:26,964 RCV reinforcement info
2018-06-12 12:54:27,935 RF found but not transmitted
2018-06-12 12:54:28,789 RCV reinforcement info
2018-06-12 12:54:28,898 RCV reinforcement info
2018-06-12 12:54:30,229 RF found but not transmitted
2018-06-12 12:54:30,230 hash found
2018-06-12 12:54:30,231 SNT malicious_proposal_agreement
2018-06-12 12:54:30,627 RCV reinforcement info
2018-06-12 12:54:31,323 RCV reinforcement info
2018-06-12 12:54:32,200 RCV reinforcement info
2018-06-12 12:54:32,455 RCV reinforcement info
2018-06-12 12:54:33,713 RCV reinforcement info
2018-06-12 12:54:36,349 RCV reinforcement info
2018-06-12 12:54:36,828 RCV reinforcement info
2018-06-12 12:54:38,254 RF found but not transmitted
2018-06-12 12:54:39,458 RCV reinforcement info
2018-06-12 12:54:40,124 RCV reinforcement info
2018-06-12 12:54:43,067 RCV reinforcement info
2018-06-12 12:54:43,697 RCV reinforcement info
2018-06-12 12:54:44,948 RCV reinforcement info
2018-06-12 12:54:45,719 RF found but not transmitted
2018-06-12 12:54:48,006 RF found but not transmitted
2018-06-12 12:54:48,356 RCV reinforcement info
2018-06-12 12:54:48,551 RF found but not transmitted
2018-06-12 12:54:50,129 RCV reinforcement info
2018-06-12 12:54:51,262 RCV reinforcement info
2018-06-12 12:54:52,167 RF found but not transmitted
2018-06-12 12:54:52,695 RCV reinforcement info
2018-06-12 12:54:53,081 RF found but not transmitted
2018-06-12 12:54:53,797 RCV reinforcement info
2018-06-12 12:54:54,996 RCV reinforcement info
2018-06-12 12:54:55,005 RF found but not transmitted
2018-06-12 12:54:57,349 RCV reinforcement info
2018-06-12 12:54:59,041 RCV reinforcement info
2018-06-12 12:55:00,685 RCV reinforcement info
2018-06-12 12:55:01,573 RCV reinforcement info
2018-06-12 12:55:02,647 RCV reinforcement info
2018-06-12 12:55:03,501 RCV reinforcement info
2018-06-12 12:55:04,485 RCV reinforcement info
2018-06-12 12:55:05,682 RCV proposal
2018-06-12 12:55:05,685 appended honest propose 20a8c1de6a on top of 01494849e2
2018-06-12 12:55:05,770 RCV reinforcement
2018-06-12 12:55:05,780 RCV reinforcement
2018-06-12 12:55:05,823 RCV reinforcement
2018-06-12 12:55:06,782 RCV reinforcement info
2018-06-12 12:55:06,851 RCV reinforcement
2018-06-12 12:55:07,302 RCV commit
2018-06-12 12:55:07,433 appended honest commit bfd596e86f on top of 20a8c1de6a
2018-06-12 12:55:07,653 Weight: 130.24378623876046 #RFs 30
2018-06-12 12:55:07,653 weight: 130.24378623876046
2018-06-12 12:55:07,653 , 130.24378623876046
2018-06-12 12:55:07,669 appended malicious propose bb26796d3f on top of 01494849e2
2018-06-12 12:55:07,670 REINFORCEMENT COLLECTING state
2018-06-12 12:55:07,757 SNT proposal
2018-06-12 12:55:07,918 RCV reinforcement
2018-06-12 12:55:07,943 RCV reinforcement
2018-06-12 12:55:08,328 RCV reinforcement info
2018-06-12 12:55:09,188 RCV reinforcement info
2018-06-12 12:55:09,265 commit with 3 reinforcements
2018-06-12 12:55:09,302 appended malicious commit 6c5fab2589 on top of bb26796d3f
2018-06-12 12:55:09,344 Weight: 129.06102264224313 #RFs 25
2018-06-12 12:55:09,344 weight: 129.06102264224313
2018-06-12 12:55:09,344 , 129.06102264224313
2018-06-12 12:55:09,344 MALICIOUS MINING state
2018-06-12 12:55:09,344 start mining - depth 25
2018-06-12 12:55:09,347 start mining - hash bfd596e86f71023e741902aaa0fd8a10723c99379a39b6af7a2fc6abd35666d3
2018-06-12 12:55:09,350 Hashing frequency: 5205
2018-06-12 12:55:09,350 SNT commit
2018-06-12 12:55:10,392 RF found but not transmitted
2018-06-12 12:55:12,074 RCV reinforcement info
2018-06-12 12:55:16,378 RCV reinforcement info
2018-06-12 12:55:16,510 RCV reinforcement info
2018-06-12 12:55:17,728 RF found but not transmitted
2018-06-12 12:55:17,823 RCV reinforcement info
2018-06-12 12:55:18,023 RCV reinforcement info
2018-06-12 12:55:18,483 RCV reinforcement info
2018-06-12 12:55:19,422 RCV reinforcement info
2018-06-12 12:55:20,119 RCV proposal
2018-06-12 12:55:20,122 appended honest propose 16f092d079 on top of bfd596e86f
2018-06-12 12:55:20,225 RCV reinforcement
2018-06-12 12:55:20,232 RCV reinforcement
2018-06-12 12:55:20,246 RCV reinforcement
2018-06-12 12:55:21,152 RCV reinforcement info
2018-06-12 12:55:21,235 RCV reinforcement
2018-06-12 12:55:21,664 RCV commit
2018-06-12 12:55:21,727 appended honest commit f53bddc129 on top of 16f092d079
2018-06-12 12:55:21,769 Weight: 132.8043744331458 #RFs 10
2018-06-12 12:55:21,769 weight: 132.8043744331458
2018-06-12 12:55:21,769 , 132.8043744331458
2018-06-12 12:55:21,772 start mining - depth 26
2018-06-12 12:55:21,772 start mining - hash f53bddc12943d8f88ef35cb52558efb9c23e749d9ca8c803657c179b5411d2ed
