2018-06-15 01:24:19,890 ---------------------------------------------------------
2018-06-15 01:24:19,891 MALICIOUS MINING state
2018-06-15 01:24:20,939 start mining - depth 0
2018-06-15 01:24:20,940 start mining - hash a47f4230b2438bc97b163f4b0675285b5857f755e04f2ac4d712693df82e37c6
2018-06-15 01:24:21,243 RF found but not transmitted
2018-06-15 01:24:21,476 RCV reinforcement info
2018-06-15 01:24:21,948 RCV proposal
2018-06-15 01:24:21,951 appended honest propose cb945b25a7 on top of a47f4230b2
2018-06-15 01:24:22,012 RCV reinforcement
2018-06-15 01:24:22,554 RCV reinforcement info
2018-06-15 01:24:22,610 RCV reinforcement
2018-06-15 01:24:23,123 RCV reinforcement info
2018-06-15 01:24:23,193 RCV reinforcement
2018-06-15 01:24:23,457 RCV commit
2018-06-15 01:24:23,478 appended honest commit 6d89964d1f on top of cb945b25a7
2018-06-15 01:24:23,483 Weight: 1.3299188560528383 #RFs 3
2018-06-15 01:24:23,483 weight: 1.3299188560528383
2018-06-15 01:24:23,483 , 1.3299188560528383
2018-06-15 01:24:23,484 start mining - depth 1
2018-06-15 01:24:23,484 start mining - hash 6d89964d1fe040519e1e1d3ca843f94bd638e8f8107d14e69d87bee0a35b64cf
2018-06-15 01:24:24,066 RF found but not transmitted
2018-06-15 01:24:24,094 RCV reinforcement info
2018-06-15 01:24:24,112 RCV reinforcement info
2018-06-15 01:24:24,284 RCV reinforcement info
2018-06-15 01:24:24,296 RF found but not transmitted
2018-06-15 01:24:25,417 RCV reinforcement info
2018-06-15 01:24:27,120 RCV reinforcement info
2018-06-15 01:24:27,195 RCV proposal
2018-06-15 01:24:27,198 appended honest propose 77e647880f on top of 6d89964d1f
2018-06-15 01:24:27,266 RCV reinforcement
2018-06-15 01:24:27,283 RCV reinforcement
2018-06-15 01:24:27,304 RCV reinforcement
2018-06-15 01:24:27,775 RCV reinforcement info
2018-06-15 01:24:27,832 RCV reinforcement
2018-06-15 01:24:28,619 RF found but not transmitted
2018-06-15 01:24:28,722 RCV commit
2018-06-15 01:24:28,746 appended honest commit 661de1dffc on top of 77e647880f
2018-06-15 01:24:28,783 Weight: 3.5651169994726395 #RFs 6
2018-06-15 01:24:28,788 weight: 3.5651169994726395
2018-06-15 01:24:28,788 , 3.5651169994726395
2018-06-15 01:24:28,790 start mining - depth 2
2018-06-15 01:24:28,791 start mining - hash 661de1dffc9c5c92710a53575f1e26efa1d9a45b83d776db137614cf6df5b0ce
2018-06-15 01:24:28,948 RCV reinforcement info
2018-06-15 01:24:29,153 RCV reinforcement info
2018-06-15 01:24:29,339 RCV reinforcement info
2018-06-15 01:24:29,709 RCV reinforcement info
2018-06-15 01:24:30,130 RCV reinforcement info
2018-06-15 01:24:30,246 RCV reinforcement info
2018-06-15 01:24:30,405 RCV reinforcement info
2018-06-15 01:24:30,955 RCV reinforcement info
2018-06-15 01:24:32,361 RCV reinforcement info
2018-06-15 01:24:32,607 RCV reinforcement info
2018-06-15 01:24:32,678 RCV reinforcement info
2018-06-15 01:24:32,695 RCV reinforcement info
2018-06-15 01:24:34,181 RCV proposal
2018-06-15 01:24:34,184 appended honest propose fbb00c884c on top of 661de1dffc
2018-06-15 01:24:34,293 RCV reinforcement
2018-06-15 01:24:34,297 RCV reinforcement
2018-06-15 01:24:34,301 RCV reinforcement
2018-06-15 01:24:34,353 RCV reinforcement info
2018-06-15 01:24:34,425 RCV reinforcement
2018-06-15 01:24:35,572 RCV reinforcement info
2018-06-15 01:24:35,629 RCV reinforcement
2018-06-15 01:24:35,715 RCV commit
2018-06-15 01:24:35,778 appended honest commit e4ceb78825 on top of fbb00c884c
2018-06-15 01:24:35,846 Weight: 7.369587205006207 #RFs 14
2018-06-15 01:24:35,847 weight: 7.369587205006207
2018-06-15 01:24:35,847 , 7.369587205006207
2018-06-15 01:24:35,856 start mining - depth 3
2018-06-15 01:24:35,857 start mining - hash e4ceb78825f4be7515fe1f9f7657487dc9a3c4c6f2cc8e5f9cfce0a83f7cdda0
2018-06-15 01:24:36,513 RCV proposal
2018-06-15 01:24:36,516 appended honest propose 0645ae19e1 on top of e4ceb78825
2018-06-15 01:24:36,620 RCV reinforcement info
2018-06-15 01:24:36,682 RCV reinforcement
2018-06-15 01:24:37,175 RCV reinforcement info
2018-06-15 01:24:37,225 RCV reinforcement
2018-06-15 01:24:37,668 RCV reinforcement info
2018-06-15 01:24:37,725 RCV reinforcement
2018-06-15 01:24:37,932 RCV reinforcement info
2018-06-15 01:24:37,996 RCV reinforcement
2018-06-15 01:24:38,031 RCV commit
2018-06-15 01:24:38,046 appended honest commit 34db7d048b on top of 0645ae19e1
2018-06-15 01:24:38,050 Weight: 8.863301921393248 #RFs 2
2018-06-15 01:24:38,051 weight: 8.863301921393248
2018-06-15 01:24:38,060 , 8.863301921393248
2018-06-15 01:24:38,061 start mining - depth 4
2018-06-15 01:24:38,061 start mining - hash 34db7d048b0bf508a3e626fda3d78c55ab80be2dd91b07c7c1758832890c0d02
2018-06-15 01:24:38,064 RCV reinforcement info
2018-06-15 01:24:38,111 RCV reinforcement
2018-06-15 01:24:39,134 RCV reinforcement info
2018-06-15 01:24:39,679 RCV reinforcement info
2018-06-15 01:24:40,212 RCV reinforcement info
2018-06-15 01:24:41,265 RCV reinforcement info
2018-06-15 01:24:41,468 RCV reinforcement info
2018-06-15 01:24:42,114 RCV reinforcement info
2018-06-15 01:24:42,128 RCV reinforcement info
2018-06-15 01:24:42,442 RCV reinforcement info
2018-06-15 01:24:42,612 RCV reinforcement info
2018-06-15 01:24:42,670 RCV reinforcement info
2018-06-15 01:24:42,915 RF found but not transmitted
2018-06-15 01:24:43,063 RCV reinforcement info
2018-06-15 01:24:45,116 RCV reinforcement info
2018-06-15 01:24:45,173 RCV reinforcement info
2018-06-15 01:24:45,594 RCV reinforcement info
2018-06-15 01:24:46,080 RCV reinforcement info
2018-06-15 01:24:46,092 RCV reinforcement info
2018-06-15 01:24:46,528 RCV proposal
2018-06-15 01:24:46,531 appended honest propose d224299d66 on top of 34db7d048b
2018-06-15 01:24:46,651 RCV reinforcement
2018-06-15 01:24:46,675 RCV reinforcement
2018-06-15 01:24:46,685 RCV reinforcement
2018-06-15 01:24:46,697 RCV reinforcement
2018-06-15 01:24:46,701 RCV reinforcement
2018-06-15 01:24:46,709 RCV reinforcement
2018-06-15 01:24:47,143 RCV reinforcement info
2018-06-15 01:24:47,203 RCV reinforcement
2018-06-15 01:24:48,093 RCV commit
2018-06-15 01:24:48,206 appended honest commit b9543a391a on top of d224299d66
2018-06-15 01:24:48,309 Weight: 14.886420206082509 #RFs 17
2018-06-15 01:24:48,310 weight: 14.886420206082509
2018-06-15 01:24:48,310 , 14.886420206082509
2018-06-15 01:24:48,314 start mining - depth 5
2018-06-15 01:24:48,315 start mining - hash b9543a391a78e80f7bca5f7b232f9acdb4e01d36e24d86d8b4eea15d0a331519
2018-06-15 01:24:48,778 RCV reinforcement info
2018-06-15 01:24:49,336 RCV reinforcement info
2018-06-15 01:24:49,594 RCV proposal
2018-06-15 01:24:49,597 appended honest propose d4df62ccf6 on top of b9543a391a
2018-06-15 01:24:49,661 RCV reinforcement
2018-06-15 01:24:49,678 RCV reinforcement
2018-06-15 01:24:51,114 RCV commit
2018-06-15 01:24:51,124 appended honest commit e6b8938b92 on top of d4df62ccf6
2018-06-15 01:24:51,138 Weight: 16.139799421981177 #RFs 2
2018-06-15 01:24:51,138 weight: 16.139799421981177
2018-06-15 01:24:51,138 , 16.139799421981177
2018-06-15 01:24:51,141 start mining - depth 6
2018-06-15 01:24:51,141 start mining - hash e6b8938b922a337d5440fcb50c2eb5bc77549d05f04a05e8dbe596c48019d4c6
2018-06-15 01:24:51,318 RF found but not transmitted
2018-06-15 01:24:51,931 RF found but not transmitted
2018-06-15 01:24:51,933 hash found
2018-06-15 01:24:51,934 SNT malicious_proposal_agreement
2018-06-15 01:24:52,012 RCV reinforcement info
2018-06-15 01:24:52,026 RCV reinforcement info
2018-06-15 01:24:52,142 RCV reinforcement info
2018-06-15 01:24:52,261 RCV reinforcement info
2018-06-15 01:24:52,493 RCV proposal
2018-06-15 01:24:52,496 appended honest propose a266f94de3 on top of e6b8938b92
2018-06-15 01:24:52,609 RCV reinforcement
2018-06-15 01:24:52,664 RCV reinforcement
2018-06-15 01:24:52,698 RCV reinforcement
2018-06-15 01:24:52,701 RCV reinforcement info
2018-06-15 01:24:52,782 RCV reinforcement
2018-06-15 01:24:52,816 RF found but not transmitted
2018-06-15 01:24:53,856 RCV reinforcement info
2018-06-15 01:24:53,920 RCV reinforcement
2018-06-15 01:24:54,009 RCV commit
2018-06-15 01:24:54,051 appended honest commit cf7a308706 on top of a266f94de3
2018-06-15 01:24:54,063 Weight: 18.376851607477178 #RFs 6
2018-06-15 01:24:54,063 weight: 18.376851607477178
2018-06-15 01:24:54,063 , 18.376851607477178
2018-06-15 01:24:54,068 appended malicious propose 57e31c7d47 on top of e6b8938b92
2018-06-15 01:24:54,068 REINFORCEMENT COLLECTING state
2018-06-15 01:24:54,137 SNT proposal
2018-06-15 01:24:54,265 RCV reinforcement
2018-06-15 01:24:54,645 RCV reinforcement info
2018-06-15 01:24:55,641 commit with 2 reinforcements
2018-06-15 01:24:55,648 appended malicious commit 8085852011 on top of 57e31c7d47
2018-06-15 01:24:55,654 Weight: 18.98184054892117 #RFs 4
2018-06-15 01:24:55,655 weight: 18.98184054892117
2018-06-15 01:24:55,655 , 18.98184054892117
2018-06-15 01:24:55,655 MALICIOUS MINING state
2018-06-15 01:24:55,655 start mining - depth 7
2018-06-15 01:24:55,655 start mining - hash 80858520116fcceeb82adc31c87a9cf34aeb903434e41bc4bed866358ff3591a
2018-06-15 01:24:55,656 SNT commit
2018-06-15 01:24:57,443 RCV proposal
2018-06-15 01:24:57,447 appended honest propose 11a479281a on top of 8085852011
2018-06-15 01:24:58,674 RCV reinforcement info
2018-06-15 01:24:58,758 RCV reinforcement
2018-06-15 01:24:58,930 RCV commit
2018-06-15 01:24:58,934 appended honest commit 9477d066ac on top of 11a479281a
2018-06-15 01:24:58,936 Weight: 20.1749717896745 #RFs 1
2018-06-15 01:24:58,936 weight: 20.1749717896745
2018-06-15 01:24:58,936 , 20.1749717896745
2018-06-15 01:24:58,937 start mining - depth 8
2018-06-15 01:24:58,937 start mining - hash 9477d066ac5a7dda41e2b15a633735bc0b61b68641863589faaffb12bdcf8db8
2018-06-15 01:24:58,991 RCV reinforcement info
2018-06-15 01:24:59,047 RCV reinforcement
2018-06-15 01:24:59,647 RCV reinforcement info
2018-06-15 01:25:00,103 RCV reinforcement info
2018-06-15 01:25:00,666 RCV reinforcement info
2018-06-15 01:25:00,947 RCV reinforcement info
2018-06-15 01:25:01,061 RCV reinforcement info
2018-06-15 01:25:01,839 RCV reinforcement info
2018-06-15 01:25:02,049 RCV reinforcement info
2018-06-15 01:25:03,027 RCV reinforcement info
2018-06-15 01:25:03,449 RCV reinforcement info
2018-06-15 01:25:04,595 RCV proposal
2018-06-15 01:25:04,598 appended honest propose 31f5e0474f on top of 9477d066ac
2018-06-15 01:25:04,822 RCV reinforcement
2018-06-15 01:25:04,882 RCV reinforcement
2018-06-15 01:25:04,894 RCV reinforcement
2018-06-15 01:25:04,908 RCV reinforcement
2018-06-15 01:25:04,924 RCV reinforcement
2018-06-15 01:25:04,928 RCV reinforcement
2018-06-15 01:25:04,977 RCV reinforcement info
2018-06-15 01:25:05,009 RCV reinforcement info
2018-06-15 01:25:05,060 RCV reinforcement
2018-06-15 01:25:05,083 RCV reinforcement
2018-06-15 01:25:06,142 RCV commit
2018-06-15 01:25:06,198 appended honest commit 5350940022 on top of 31f5e0474f
2018-06-15 01:25:06,258 Weight: 22.92258696862263 #RFs 10
2018-06-15 01:25:06,258 weight: 22.92258696862263
2018-06-15 01:25:06,258 , 22.92258696862263
2018-06-15 01:25:06,259 start mining - depth 9
2018-06-15 01:25:06,259 start mining - hash 5350940022270a871cc784e5c3a4300f73f00bce3d7e9e11cceaf25847f93361
2018-06-15 01:25:06,618 RF found but not transmitted
2018-06-15 01:25:07,130 RCV reinforcement info
2018-06-15 01:25:07,228 RF found but not transmitted
2018-06-15 01:25:07,233 RCV reinforcement info
2018-06-15 01:25:07,606 RCV reinforcement info
2018-06-15 01:25:09,058 RCV reinforcement info
2018-06-15 01:25:09,889 RCV reinforcement info
2018-06-15 01:25:09,931 RCV reinforcement info
2018-06-15 01:25:10,154 RCV reinforcement info
2018-06-15 01:25:10,696 RCV reinforcement info
2018-06-15 01:25:10,835 RCV reinforcement info
2018-06-15 01:25:11,225 RCV reinforcement info
2018-06-15 01:25:11,306 RCV reinforcement info
2018-06-15 01:25:12,316 RCV reinforcement info
2018-06-15 01:25:12,508 RF found but not transmitted
2018-06-15 01:25:13,066 RCV reinforcement info
2018-06-15 01:25:13,896 RCV reinforcement info
2018-06-15 01:25:13,900 RCV reinforcement info
2018-06-15 01:25:14,567 RCV reinforcement info
2018-06-15 01:25:16,524 RF found but not transmitted
2018-06-15 01:25:17,789 RF found but not transmitted
2018-06-15 01:25:17,929 RCV proposal
2018-06-15 01:25:17,933 appended honest propose 3eafd3b21a on top of 5350940022
2018-06-15 01:25:18,047 RCV reinforcement
2018-06-15 01:25:18,058 RCV reinforcement
2018-06-15 01:25:18,066 RCV reinforcement
2018-06-15 01:25:18,098 RCV reinforcement
2018-06-15 01:25:18,110 RCV reinforcement
2018-06-15 01:25:18,217 RCV reinforcement info
2018-06-15 01:25:18,304 RCV reinforcement
2018-06-15 01:25:18,885 RCV reinforcement info
2018-06-15 01:25:18,969 RCV reinforcement
2018-06-15 01:25:19,286 RCV reinforcement info
2018-06-15 01:25:19,367 RCV reinforcement
2018-06-15 01:25:19,487 RCV commit
2018-06-15 01:25:19,630 appended honest commit 563035a9f7 on top of 3eafd3b21a
2018-06-15 01:25:19,705 Weight: 27.069164131986263 #RFs 17
2018-06-15 01:25:19,705 weight: 27.069164131986263
2018-06-15 01:25:19,705 , 27.069164131986263
2018-06-15 01:25:19,725 start mining - depth 10
2018-06-15 01:25:19,726 start mining - hash 563035a9f7b0dedb7fea777062e9ede9f7663687438c8df36dadc8203d646296
2018-06-15 01:25:20,042 RF found but not transmitted
2018-06-15 01:25:20,385 RCV proposal
2018-06-15 01:25:20,389 appended honest propose ac5b345a43 on top of 563035a9f7
2018-06-15 01:25:20,602 RCV reinforcement info
2018-06-15 01:25:20,672 RCV reinforcement
2018-06-15 01:25:21,481 RCV reinforcement info
2018-06-15 01:25:21,539 RCV reinforcement
2018-06-15 01:25:21,912 RCV commit
2018-06-15 01:25:21,919 appended honest commit 73de7aa04f on top of ac5b345a43
2018-06-15 01:25:21,926 Weight: 28.365164882993838 #RFs 2
2018-06-15 01:25:21,926 weight: 28.365164882993838
2018-06-15 01:25:21,926 , 28.365164882993838
2018-06-15 01:25:21,927 start mining - depth 11
2018-06-15 01:25:21,927 start mining - hash 73de7aa04f45f3c8f20b5d80df71bd7eaea5d7e79b59d4360f161aee59b792d2
2018-06-15 01:25:21,928 Hashing frequency: 3172
2018-06-15 01:25:22,670 RCV reinforcement info
2018-06-15 01:25:22,799 RCV proposal
2018-06-15 01:25:22,802 appended honest propose 08a3cfc2e2 on top of 73de7aa04f
2018-06-15 01:25:22,870 RCV reinforcement
2018-06-15 01:25:24,086 RCV reinforcement info
2018-06-15 01:25:24,150 RCV reinforcement
2018-06-15 01:25:24,307 RCV reinforcement info
2018-06-15 01:25:24,381 RCV commit
2018-06-15 01:25:24,387 appended honest commit c9f0a71f3e on top of 08a3cfc2e2
2018-06-15 01:25:24,401 Weight: 29.5183192183048 #RFs 2
2018-06-15 01:25:24,401 weight: 29.5183192183048
2018-06-15 01:25:24,401 , 29.5183192183048
2018-06-15 01:25:24,402 start mining - depth 12
2018-06-15 01:25:24,402 start mining - hash c9f0a71f3e198fbebf7f75533af102b467bf627178c731bf20696d03ce86e170
2018-06-15 01:25:24,448 RCV reinforcement
2018-06-15 01:25:24,849 RCV reinforcement info
2018-06-15 01:25:25,620 RF found but not transmitted
2018-06-15 01:25:25,713 RCV reinforcement info
2018-06-15 01:25:27,581 RCV reinforcement info
2018-06-15 01:25:27,797 RCV reinforcement info
2018-06-15 01:25:28,473 RCV reinforcement info
2018-06-15 01:25:29,602 RF found but not transmitted
2018-06-15 01:25:29,638 RCV reinforcement info
2018-06-15 01:25:30,479 RCV reinforcement info
2018-06-15 01:25:31,365 RCV reinforcement info
2018-06-15 01:25:32,326 RCV reinforcement info
2018-06-15 01:25:33,274 RCV reinforcement info
2018-06-15 01:25:33,312 RCV proposal
2018-06-15 01:25:33,315 appended honest propose f6e4940195 on top of c9f0a71f3e
2018-06-15 01:25:33,421 RCV reinforcement
2018-06-15 01:25:33,439 RCV reinforcement
2018-06-15 01:25:33,455 RCV reinforcement
2018-06-15 01:25:33,467 RCV reinforcement
2018-06-15 01:25:34,085 RCV reinforcement info
2018-06-15 01:25:34,153 RCV reinforcement
2018-06-15 01:25:34,863 RCV commit
2018-06-15 01:25:34,922 appended honest commit ac4487c25b on top of f6e4940195
2018-06-15 01:25:34,972 Weight: 32.67738670155042 #RFs 11
2018-06-15 01:25:34,972 weight: 32.67738670155042
2018-06-15 01:25:34,972 , 32.67738670155042
2018-06-15 01:25:34,977 start mining - depth 13
2018-06-15 01:25:34,978 start mining - hash ac4487c25b068e72ec882b68906e52869e679fa9fde75391e195279bac40f4e8
2018-06-15 01:25:35,379 RCV proposal
2018-06-15 01:25:35,382 appended honest propose 8aefce645f on top of ac4487c25b
2018-06-15 01:25:35,813 RF found but not transmitted
2018-06-15 01:25:36,301 RCV reinforcement info
2018-06-15 01:25:36,397 RCV reinforcement
2018-06-15 01:25:36,889 RCV commit
2018-06-15 01:25:36,892 appended honest commit cc5cf9e975 on top of 8aefce645f
2018-06-15 01:25:36,894 Weight: 33.77123202265291 #RFs 1
2018-06-15 01:25:36,894 weight: 33.77123202265291
2018-06-15 01:25:36,894 , 33.77123202265291
2018-06-15 01:25:36,901 start mining - depth 14
2018-06-15 01:25:36,902 start mining - hash cc5cf9e97538d95e515b8f8019f0966a818bddf280a1ccdb83e2b05a89bbfe85
2018-06-15 01:25:37,189 RCV reinforcement info
2018-06-15 01:25:37,818 RCV reinforcement info
2018-06-15 01:25:38,492 RF found but not transmitted
2018-06-15 01:25:39,933 RCV reinforcement info
2018-06-15 01:25:40,208 RCV reinforcement info
2018-06-15 01:25:41,427 RCV reinforcement info
2018-06-15 01:25:42,658 RCV reinforcement info
2018-06-15 01:25:42,808 RF found but not transmitted
2018-06-15 01:25:42,969 RCV reinforcement info
2018-06-15 01:25:46,074 RCV reinforcement info
2018-06-15 01:25:46,742 RF found but not transmitted
2018-06-15 01:25:47,185 RCV reinforcement info
2018-06-15 01:25:47,506 RCV reinforcement info
2018-06-15 01:25:47,753 RCV reinforcement info
2018-06-15 01:25:48,098 RCV reinforcement info
2018-06-15 01:25:49,317 RCV reinforcement info
2018-06-15 01:25:49,722 RCV reinforcement info
2018-06-15 01:25:49,895 RCV reinforcement info
2018-06-15 01:25:50,467 RCV reinforcement info
2018-06-15 01:25:51,847 RCV reinforcement info
2018-06-15 01:25:52,274 RF found but not transmitted
2018-06-15 01:25:52,364 RCV reinforcement info
2018-06-15 01:25:52,910 RCV reinforcement info
2018-06-15 01:25:53,128 RCV reinforcement info
2018-06-15 01:25:54,969 RCV reinforcement info
2018-06-15 01:25:55,373 RCV reinforcement info
2018-06-15 01:25:55,580 RCV reinforcement info
2018-06-15 01:25:55,653 RF found but not transmitted
2018-06-15 01:25:56,107 RCV reinforcement info
2018-06-15 01:25:56,631 RCV reinforcement info
2018-06-15 01:25:57,530 RCV reinforcement info
2018-06-15 01:25:59,494 RCV reinforcement info
2018-06-15 01:25:59,570 RCV reinforcement info
2018-06-15 01:26:00,313 RCV reinforcement info
2018-06-15 01:26:00,468 RCV reinforcement info
2018-06-15 01:26:01,492 RCV reinforcement info
2018-06-15 01:26:01,599 RF found but not transmitted
2018-06-15 01:26:01,885 RCV reinforcement info
2018-06-15 01:26:02,277 RCV reinforcement info
2018-06-15 01:26:04,075 RCV reinforcement info
2018-06-15 01:26:04,132 RCV reinforcement info
2018-06-15 01:26:06,312 RCV reinforcement info
2018-06-15 01:26:08,651 RCV reinforcement info
2018-06-15 01:26:09,332 RCV proposal
2018-06-15 01:26:09,335 appended honest propose 3959c00365 on top of cc5cf9e975
2018-06-15 01:26:09,503 RCV reinforcement
2018-06-15 01:26:09,516 RCV reinforcement
2018-06-15 01:26:09,525 RCV reinforcement
2018-06-15 01:26:09,538 RCV reinforcement
2018-06-15 01:26:09,565 RCV reinforcement
2018-06-15 01:26:09,584 RCV reinforcement
2018-06-15 01:26:10,936 RCV commit
2018-06-15 01:26:11,150 appended honest commit 46a1cc0c19 on top of 3959c00365
2018-06-15 01:26:11,350 Weight: 42.934197294728975 #RFs 37
2018-06-15 01:26:11,356 weight: 42.934197294728975
2018-06-15 01:26:11,356 , 42.934197294728975
2018-06-15 01:26:11,362 start mining - depth 15
2018-06-15 01:26:11,363 start mining - hash 46a1cc0c19c8af649619b3700bd34f03cb935b2b3bc575f543b44f9276bfdcf1
2018-06-15 01:26:11,943 RCV reinforcement info
2018-06-15 01:26:12,218 RCV reinforcement info
2018-06-15 01:26:12,291 RCV reinforcement info
2018-06-15 01:26:12,880 RCV reinforcement info
2018-06-15 01:26:13,873 RCV reinforcement info
2018-06-15 01:26:13,928 RCV reinforcement info
2018-06-15 01:26:15,320 RCV reinforcement info
2018-06-15 01:26:16,054 RCV reinforcement info
2018-06-15 01:26:17,033 RCV reinforcement info
2018-06-15 01:26:17,567 RCV reinforcement info
2018-06-15 01:26:18,913 RF found but not transmitted
2018-06-15 01:26:19,274 RCV reinforcement info
2018-06-15 01:26:19,323 RCV reinforcement info
2018-06-15 01:26:20,492 RCV reinforcement info
2018-06-15 01:26:21,906 RCV reinforcement info
2018-06-15 01:26:22,551 RCV reinforcement info
2018-06-15 01:26:23,839 RCV reinforcement info
2018-06-15 01:26:24,093 RCV reinforcement info
2018-06-15 01:26:24,556 RF found but not transmitted
2018-06-15 01:26:24,998 RCV reinforcement info
2018-06-15 01:26:25,293 RCV reinforcement info
2018-06-15 01:26:26,631 RCV reinforcement info
2018-06-15 01:26:27,079 RCV reinforcement info
2018-06-15 01:26:27,296 RCV reinforcement info
2018-06-15 01:26:28,597 RCV reinforcement info
2018-06-15 01:26:29,589 RCV reinforcement info
2018-06-15 01:26:29,847 RCV reinforcement info
2018-06-15 01:26:29,931 RF found but not transmitted
2018-06-15 01:26:31,807 RCV reinforcement info
2018-06-15 01:26:32,524 RF found but not transmitted
2018-06-15 01:26:32,712 RF found but not transmitted
2018-06-15 01:26:34,868 RCV reinforcement info
2018-06-15 01:26:35,288 RCV reinforcement info
2018-06-15 01:26:36,011 RCV reinforcement info
2018-06-15 01:26:36,078 RCV reinforcement info
2018-06-15 01:26:36,264 RCV reinforcement info
2018-06-15 01:26:36,619 RCV proposal
2018-06-15 01:26:36,622 appended honest propose 30878510ee on top of 46a1cc0c19
2018-06-15 01:26:36,748 RCV reinforcement
2018-06-15 01:26:36,777 RCV reinforcement
2018-06-15 01:26:36,785 RCV reinforcement
2018-06-15 01:26:36,797 RCV reinforcement
2018-06-15 01:26:36,805 RCV reinforcement
2018-06-15 01:26:36,825 RCV reinforcement
2018-06-15 01:26:37,006 RCV reinforcement info
2018-06-15 01:26:37,064 RCV reinforcement
2018-06-15 01:26:37,827 RCV reinforcement info
2018-06-15 01:26:37,912 RCV reinforcement
2018-06-15 01:26:38,230 RCV commit
2018-06-15 01:26:38,424 appended honest commit 845a057068 on top of 30878510ee
2018-06-15 01:26:38,603 Weight: 49.75154167419451 #RFs 33
2018-06-15 01:26:38,603 weight: 49.75154167419451
2018-06-15 01:26:38,604 , 49.75154167419451
2018-06-15 01:26:38,608 start mining - depth 16
2018-06-15 01:26:38,608 start mining - hash 845a0570685cdf3fd2ebde8e0f3882e31a29e94d8765103a00ecf4d418270de9
2018-06-15 01:26:38,609 Hashing frequency: 4094
2018-06-15 01:26:38,785 RCV reinforcement info
2018-06-15 01:26:40,206 RCV reinforcement info
2018-06-15 01:26:40,290 RCV reinforcement info
2018-06-15 01:26:41,083 RCV reinforcement info
2018-06-15 01:26:41,235 RF found but not transmitted
2018-06-15 01:26:41,794 RCV proposal
2018-06-15 01:26:41,798 appended honest propose fe9ea2c998 on top of 845a057068
2018-06-15 01:26:41,880 RCV reinforcement
2018-06-15 01:26:41,889 RCV reinforcement
2018-06-15 01:26:42,117 RCV reinforcement info
2018-06-15 01:26:42,183 RCV reinforcement
2018-06-15 01:26:42,490 RCV reinforcement info
2018-06-15 01:26:42,528 RCV reinforcement info
2018-06-15 01:26:42,587 RCV reinforcement
2018-06-15 01:26:42,626 RCV reinforcement
2018-06-15 01:26:42,687 RCV reinforcement info
2018-06-15 01:26:42,752 RCV reinforcement
2018-06-15 01:26:43,348 RCV commit
2018-06-15 01:26:43,403 appended honest commit dd7284c3de on top of fe9ea2c998
2018-06-15 01:26:43,439 Weight: 51.94933591465642 #RFs 8
2018-06-15 01:26:43,439 weight: 51.94933591465642
2018-06-15 01:26:43,439 , 51.94933591465642
2018-06-15 01:26:43,440 start mining - depth 17
2018-06-15 01:26:43,441 start mining - hash dd7284c3de05e11412ab4defdf88087ad4ab2ca49b363a8a6fecf91db79cf973
2018-06-15 01:26:43,825 RCV reinforcement info
2018-06-15 01:26:44,859 RCV reinforcement info
2018-06-15 01:26:45,217 RCV reinforcement info
2018-06-15 01:26:45,243 RCV reinforcement info
2018-06-15 01:26:45,375 RCV proposal
2018-06-15 01:26:45,377 appended honest propose 0b37fc7073 on top of dd7284c3de
2018-06-15 01:26:45,470 RCV reinforcement
2018-06-15 01:26:45,479 RCV reinforcement
2018-06-15 01:26:45,525 RCV reinforcement
2018-06-15 01:26:46,899 RCV commit
2018-06-15 01:26:46,925 appended honest commit b3030a6dc1 on top of 0b37fc7073
2018-06-15 01:26:46,947 Weight: 53.33446887448695 #RFs 4
2018-06-15 01:26:46,947 weight: 53.33446887448695
2018-06-15 01:26:46,951 , 53.33446887448695
2018-06-15 01:26:46,952 start mining - depth 18
2018-06-15 01:26:46,952 start mining - hash b3030a6dc1e740391d960c64961d41a00376819396dad3340a9324b5f9b10b9a
2018-06-15 01:26:47,309 RCV reinforcement info
2018-06-15 01:26:47,481 RCV reinforcement info
2018-06-15 01:26:48,100 RCV reinforcement info
2018-06-15 01:26:48,275 RCV reinforcement info
2018-06-15 01:26:51,004 RCV proposal
2018-06-15 01:26:51,009 appended honest propose 73e4b00367 on top of b3030a6dc1
2018-06-15 01:26:51,093 RCV reinforcement
2018-06-15 01:26:51,107 RCV reinforcement
2018-06-15 01:26:51,119 RCV reinforcement
2018-06-15 01:26:51,374 RCV reinforcement info
2018-06-15 01:26:51,474 RCV reinforcement
2018-06-15 01:26:51,673 RCV reinforcement info
2018-06-15 01:26:51,761 RCV reinforcement
2018-06-15 01:26:51,825 RCV reinforcement info
2018-06-15 01:26:51,891 RCV reinforcement
2018-06-15 01:26:52,086 RCV reinforcement info
2018-06-15 01:26:52,160 RCV reinforcement
2018-06-15 01:26:52,179 RCV reinforcement info
2018-06-15 01:26:52,262 RCV reinforcement
2018-06-15 01:26:52,443 RF found but not transmitted
2018-06-15 01:26:52,581 RCV commit
2018-06-15 01:26:52,620 appended honest commit 2cd82a290a on top of 73e4b00367
2018-06-15 01:26:52,643 Weight: 57.01746125000331 #RFs 9
2018-06-15 01:26:52,643 weight: 57.01746125000331
2018-06-15 01:26:52,643 , 57.01746125000331
2018-06-15 01:26:52,657 start mining - depth 19
2018-06-15 01:26:52,658 start mining - hash 2cd82a290a69de3776372f846b0cb9b3936da6bda5c660c5829f5f3b4162ee42
2018-06-15 01:26:53,454 RCV reinforcement info
2018-06-15 01:26:53,638 RCV reinforcement info
2018-06-15 01:26:53,723 RCV reinforcement info
2018-06-15 01:26:53,823 RCV reinforcement info
2018-06-15 01:26:54,154 RCV reinforcement info
2018-06-15 01:26:54,881 RCV reinforcement info
2018-06-15 01:26:55,511 RCV reinforcement info
2018-06-15 01:26:55,545 RCV reinforcement info
2018-06-15 01:26:55,955 RF found but not transmitted
2018-06-15 01:26:56,001 RCV reinforcement info
2018-06-15 01:26:57,818 RCV reinforcement info
2018-06-15 01:26:58,694 RCV reinforcement info
2018-06-15 01:26:58,977 RCV reinforcement info
2018-06-15 01:26:59,389 RCV reinforcement info
2018-06-15 01:26:59,606 RCV reinforcement info
2018-06-15 01:27:00,133 RCV reinforcement info
2018-06-15 01:27:00,323 RCV reinforcement info
2018-06-15 01:27:00,770 RCV reinforcement info
2018-06-15 01:27:01,415 RCV reinforcement info
2018-06-15 01:27:01,796 RCV reinforcement info
2018-06-15 01:27:02,136 RCV reinforcement info
2018-06-15 01:27:02,794 RCV reinforcement info
2018-06-15 01:27:04,350 RCV reinforcement info
2018-06-15 01:27:04,384 RCV reinforcement info
2018-06-15 01:27:06,569 RCV reinforcement info
2018-06-15 01:27:06,906 RCV reinforcement info
2018-06-15 01:27:07,042 RCV reinforcement info
2018-06-15 01:27:08,425 RCV reinforcement info
2018-06-15 01:27:08,670 RCV reinforcement info
2018-06-15 01:27:09,581 RCV reinforcement info
2018-06-15 01:27:09,659 RCV reinforcement info
2018-06-15 01:27:09,853 RCV proposal
2018-06-15 01:27:09,857 appended honest propose b4421bad96 on top of 2cd82a290a
2018-06-15 01:27:09,968 RCV reinforcement
2018-06-15 01:27:09,990 RCV reinforcement
2018-06-15 01:27:10,011 RCV reinforcement
2018-06-15 01:27:10,028 RCV reinforcement
2018-06-15 01:27:10,051 RCV reinforcement
2018-06-15 01:27:10,088 RCV reinforcement
2018-06-15 01:27:10,362 RCV reinforcement info
2018-06-15 01:27:10,456 RCV reinforcement
2018-06-15 01:27:11,312 RCV reinforcement info
2018-06-15 01:27:11,367 RCV reinforcement info
2018-06-15 01:27:11,424 RCV reinforcement
2018-06-15 01:27:11,481 RCV reinforcement
2018-06-15 01:27:11,858 RCV commit
2018-06-15 01:27:12,066 appended honest commit 6f1322b926 on top of b4421bad96
2018-06-15 01:27:12,269 Weight: 63.50648280805615 #RFs 31
2018-06-15 01:27:12,269 weight: 63.50648280805615
2018-06-15 01:27:12,269 , 63.50648280805615
2018-06-15 01:27:12,270 start mining - depth 20
2018-06-15 01:27:12,271 start mining - hash 6f1322b9263be8dfbf93ee055110e963a700c0c13975de43c5fe85d4001b60ce
2018-06-15 01:27:12,824 RCV reinforcement info
2018-06-15 01:27:13,223 RCV reinforcement info
2018-06-15 01:27:13,899 RCV reinforcement info
2018-06-15 01:27:14,164 RCV reinforcement info
2018-06-15 01:27:14,179 RF found but not transmitted
2018-06-15 01:27:14,299 RCV reinforcement info
2018-06-15 01:27:17,931 RCV reinforcement info
2018-06-15 01:27:18,013 RCV reinforcement info
2018-06-15 01:27:20,395 RCV reinforcement info
2018-06-15 01:27:21,016 RCV reinforcement info
2018-06-15 01:27:21,461 RCV reinforcement info
2018-06-15 01:27:21,825 RCV reinforcement info
2018-06-15 01:27:21,900 RCV reinforcement info
2018-06-15 01:27:22,263 RCV reinforcement info
2018-06-15 01:27:23,469 RCV reinforcement info
2018-06-15 01:27:23,547 RCV reinforcement info
2018-06-15 01:27:23,690 RCV reinforcement info
2018-06-15 01:27:24,079 RCV reinforcement info
2018-06-15 01:27:25,627 RCV reinforcement info
2018-06-15 01:27:25,759 RCV reinforcement info
2018-06-15 01:27:26,559 RCV reinforcement info
2018-06-15 01:27:27,483 RCV reinforcement info
2018-06-15 01:27:28,337 RCV reinforcement info
2018-06-15 01:27:28,456 RCV reinforcement info
2018-06-15 01:27:31,332 RCV proposal
2018-06-15 01:27:31,335 appended honest propose a2e07253b4 on top of 6f1322b926
2018-06-15 01:27:31,481 RCV reinforcement
2018-06-15 01:27:31,511 RCV reinforcement
2018-06-15 01:27:31,520 RCV reinforcement
2018-06-15 01:27:31,523 RCV reinforcement
2018-06-15 01:27:31,527 RCV reinforcement
2018-06-15 01:27:31,541 RCV reinforcement
2018-06-15 01:27:32,251 RCV reinforcement info
2018-06-15 01:27:32,304 RCV reinforcement info
2018-06-15 01:27:32,346 RCV reinforcement
2018-06-15 01:27:32,389 RCV reinforcement
2018-06-15 01:27:32,864 RCV reinforcement info
2018-06-15 01:27:32,940 RCV reinforcement
2018-06-15 01:27:33,025 RCV commit
2018-06-15 01:27:33,176 appended honest commit c6dd6b5cbb on top of a2e07253b4
2018-06-15 01:27:33,346 Weight: 67.89764436921976 #RFs 24
2018-06-15 01:27:33,346 weight: 67.89764436921976
2018-06-15 01:27:33,346 , 67.89764436921976
2018-06-15 01:27:33,348 start mining - depth 21
2018-06-15 01:27:33,348 start mining - hash c6dd6b5cbb6676d43c408dc43b7679926392c769597860854c7fa9425a26a61c
2018-06-15 01:27:33,498 RCV reinforcement info
2018-06-15 01:27:34,548 RCV reinforcement info
2018-06-15 01:27:35,008 RCV reinforcement info
2018-06-15 01:27:35,384 RCV reinforcement info
2018-06-15 01:27:35,524 RCV reinforcement info
2018-06-15 01:27:36,785 RCV reinforcement info
2018-06-15 01:27:36,894 RCV malicious_prop_agreement
2018-06-15 01:27:37,329 RF found but not transmitted
2018-06-15 01:27:37,719 RCV reinforcement info
2018-06-15 01:27:38,533 RF found but not transmitted
2018-06-15 01:27:39,107 RCV reinforcement info
2018-06-15 01:27:40,966 RCV reinforcement info
2018-06-15 01:27:41,860 RCV reinforcement info
2018-06-15 01:27:42,130 RCV reinforcement info
2018-06-15 01:27:42,273 RF found but not transmitted
2018-06-15 01:27:42,842 RCV reinforcement info
2018-06-15 01:27:44,124 RCV reinforcement info
2018-06-15 01:27:45,066 RCV reinforcement info
2018-06-15 01:27:45,843 RCV reinforcement info
2018-06-15 01:27:46,002 RCV reinforcement info
2018-06-15 01:27:47,449 RCV reinforcement info
2018-06-15 01:27:47,867 RCV reinforcement info
2018-06-15 01:27:48,133 RCV proposal
2018-06-15 01:27:48,136 appended honest propose 0414bd6b99 on top of c6dd6b5cbb
2018-06-15 01:27:48,270 RF found but not transmitted
2018-06-15 01:27:48,301 RCV reinforcement
2018-06-15 01:27:48,317 RCV reinforcement
2018-06-15 01:27:48,322 RCV reinforcement
2018-06-15 01:27:48,334 RCV reinforcement
2018-06-15 01:27:48,354 RCV reinforcement
2018-06-15 01:27:48,391 RCV reinforcement
2018-06-15 01:27:48,921 RCV reinforcement info
2018-06-15 01:27:48,986 RCV reinforcement
2018-06-15 01:27:49,407 RCV reinforcement info
2018-06-15 01:27:49,494 RCV reinforcement
2018-06-15 01:27:49,830 RCV commit
2018-06-15 01:27:49,962 appended honest commit 70a8dbafb2 on top of 0414bd6b99
2018-06-15 01:27:50,128 Weight: 71.92292131124672 #RFs 20
2018-06-15 01:27:50,128 weight: 71.92292131124672
2018-06-15 01:27:50,128 , 71.92292131124672
2018-06-15 01:27:50,363 RCV proposal
2018-06-15 01:27:50,370 appended malicious propose 5d42744b45 on top of c6dd6b5cbb
2018-06-15 01:27:50,371 REINFORCEMENT SENT state
2018-06-15 01:27:50,372 SNT reinforcement
2018-06-15 01:27:50,519 RCV reinforcement info
2018-06-15 01:27:50,532 RCV reinforcement
2018-06-15 01:27:50,900 RCV reinforcement info
2018-06-15 01:27:51,660 RCV reinforcement info
2018-06-15 01:27:51,917 RCV commit
2018-06-15 01:27:51,964 appended malicious commit e1464dd5c9 on top of 5d42744b45
2018-06-15 01:27:52,051 Weight: 70.27071932890819 #RFs 9
2018-06-15 01:27:52,051 weight: 70.27071932890819
2018-06-15 01:27:52,052 , 70.27071932890819
2018-06-15 01:27:52,055 MALICIOUS MINING state
2018-06-15 01:27:52,056 start mining - depth 22
2018-06-15 01:27:52,057 start mining - hash 70a8dbafb2e2b7d8eb36cdc659c521aad5a46f88776c3e5df61edefa38af91b5
2018-06-15 01:27:52,057 Hashing frequency: 3857
2018-06-15 01:27:52,076 RF found but not transmitted
2018-06-15 01:27:52,970 RCV reinforcement info
2018-06-15 01:27:54,991 RCV reinforcement info
2018-06-15 01:27:55,187 RF found but not transmitted
2018-06-15 01:27:55,206 RCV reinforcement info
2018-06-15 01:27:55,539 RCV reinforcement info
2018-06-15 01:27:55,976 RCV reinforcement info
2018-06-15 01:27:56,169 RF found but not transmitted
2018-06-15 01:27:56,399 RCV proposal
2018-06-15 01:27:56,402 appended honest propose 32378b2798 on top of 70a8dbafb2
2018-06-15 01:27:56,487 RCV reinforcement
2018-06-15 01:27:56,509 RCV reinforcement
2018-06-15 01:27:56,516 RCV reinforcement
2018-06-15 01:27:57,943 RCV commit
2018-06-15 01:27:57,994 appended honest commit 9765c41a88 on top of 32378b2798
2018-06-15 01:27:58,020 Weight: 75.03093690573253 #RFs 8
2018-06-15 01:27:58,031 weight: 75.03093690573253
2018-06-15 01:27:58,031 , 75.03093690573253
2018-06-15 01:27:58,032 start mining - depth 23
2018-06-15 01:27:58,033 start mining - hash 9765c41a88b93d6888d293c5f86390594a56da075c9ecccf56e7f6e82cb1878c
2018-06-15 01:27:58,141 RF found but not transmitted
2018-06-15 01:27:58,169 hash found
2018-06-15 01:27:58,188 SNT malicious_proposal_agreement
2018-06-15 01:27:58,407 RCV reinforcement info
2018-06-15 01:27:58,845 RCV reinforcement info
2018-06-15 01:27:59,098 RCV reinforcement info
2018-06-15 01:27:59,958 RCV reinforcement info
2018-06-15 01:28:00,932 RCV reinforcement info
2018-06-15 01:28:01,198 RCV reinforcement info
2018-06-15 01:28:01,623 RCV reinforcement info
2018-06-15 01:28:01,757 RCV reinforcement info
2018-06-15 01:28:01,782 RCV reinforcement info
2018-06-15 01:28:01,856 RF found but not transmitted
2018-06-15 01:28:02,003 RCV reinforcement info
2018-06-15 01:28:02,585 RF found but not transmitted
2018-06-15 01:28:02,803 RCV reinforcement info
2018-06-15 01:28:03,341 RCV reinforcement info
2018-06-15 01:28:03,727 RCV proposal
2018-06-15 01:28:03,731 appended honest propose 8dab86e68b on top of 9765c41a88
2018-06-15 01:28:03,962 RCV reinforcement
2018-06-15 01:28:03,978 RCV reinforcement
2018-06-15 01:28:04,000 RCV reinforcement
2018-06-15 01:28:04,014 RCV reinforcement
2018-06-15 01:28:04,035 RCV reinforcement
2018-06-15 01:28:04,061 RCV reinforcement info
2018-06-15 01:28:04,191 RCV reinforcement
2018-06-15 01:28:04,506 RF found but not transmitted
2018-06-15 01:28:04,571 RCV reinforcement info
2018-06-15 01:28:04,693 RCV reinforcement
2018-06-15 01:28:04,872 RCV reinforcement info
2018-06-15 01:28:05,028 RCV reinforcement
2018-06-15 01:28:05,341 RCV commit
2018-06-15 01:28:05,435 appended honest commit 0bf1463444 on top of 8dab86e68b
2018-06-15 01:28:05,537 Weight: 78.82727014461663 #RFs 14
2018-06-15 01:28:05,538 weight: 78.82727014461663
2018-06-15 01:28:05,538 , 78.82727014461663
2018-06-15 01:28:05,543 appended malicious propose 4fe09fc502 on top of 9765c41a88
2018-06-15 01:28:05,543 REINFORCEMENT COLLECTING state
2018-06-15 01:28:05,624 SNT proposal
2018-06-15 01:28:05,806 RCV reinforcement
2018-06-15 01:28:05,821 RCV reinforcement
2018-06-15 01:28:05,895 RCV reinforcement info
2018-06-15 01:28:06,670 RCV reinforcement
2018-06-15 01:28:07,129 commit with 3 reinforcements
2018-06-15 01:28:07,140 appended malicious commit 437533e7d2 on top of 4fe09fc502
2018-06-15 01:28:07,149 Weight: 78.02320230263143 #RFs 7
2018-06-15 01:28:07,149 weight: 78.02320230263143
2018-06-15 01:28:07,149 , 78.02320230263143
2018-06-15 01:28:07,149 MALICIOUS MINING state
2018-06-15 01:28:07,149 start mining - depth 24
2018-06-15 01:28:07,152 start mining - hash 0bf1463444cc2945bb3026d1c8e03bd690009cc569380060cd420296e890552f
2018-06-15 01:28:07,153 SNT commit
2018-06-15 01:28:07,444 RF found but not transmitted
2018-06-15 01:28:07,951 RCV reinforcement info
2018-06-15 01:28:08,037 RCV reinforcement info
2018-06-15 01:28:09,182 RCV reinforcement info
2018-06-15 01:28:10,100 RF found but not transmitted
2018-06-15 01:28:11,715 RCV reinforcement info
2018-06-15 01:28:12,849 RCV proposal
2018-06-15 01:28:12,852 appended honest propose 612ae67b5b on top of 0bf1463444
2018-06-15 01:28:12,962 RCV reinforcement
2018-06-15 01:28:12,974 RCV reinforcement
2018-06-15 01:28:12,982 RCV reinforcement
2018-06-15 01:28:13,000 RCV reinforcement
2018-06-15 01:28:13,246 RCV reinforcement info
2018-06-15 01:28:13,363 RCV reinforcement
2018-06-15 01:28:14,427 RCV commit
2018-06-15 01:28:14,461 appended honest commit 14e6fa4d43 on top of 612ae67b5b
2018-06-15 01:28:14,491 Weight: 80.48995334638619 #RFs 6
2018-06-15 01:28:14,491 weight: 80.48995334638619
2018-06-15 01:28:14,491 , 80.48995334638619
2018-06-15 01:28:14,492 start mining - depth 25
2018-06-15 01:28:14,493 start mining - hash 14e6fa4d4310e7fb859765bd84357020ac1c434d536acca47848202064cd1f22
2018-06-15 01:28:14,529 RF found but not transmitted
2018-06-15 01:28:14,848 RF found but not transmitted
2018-06-15 01:28:14,895 RCV reinforcement info
2018-06-15 01:28:15,507 RCV reinforcement info
2018-06-15 01:28:17,410 RCV reinforcement info
2018-06-15 01:28:17,507 RCV reinforcement info
2018-06-15 01:28:17,928 RCV reinforcement info
2018-06-15 01:28:18,277 RCV reinforcement info
2018-06-15 01:28:19,967 RCV reinforcement info
2018-06-15 01:28:20,379 RCV reinforcement info
2018-06-15 01:28:20,720 RCV reinforcement info
2018-06-15 01:28:20,880 RF found but not transmitted
2018-06-15 01:28:20,882 hash found
2018-06-15 01:28:20,882 SNT malicious_proposal_agreement
2018-06-15 01:28:21,050 RCV reinforcement info
2018-06-15 01:28:21,828 RCV reinforcement info
2018-06-15 01:28:21,985 RCV reinforcement info
2018-06-15 01:28:23,138 RCV reinforcement info
2018-06-15 01:28:23,594 RCV reinforcement info
2018-06-15 01:28:23,890 RCV reinforcement info
2018-06-15 01:28:24,116 RCV reinforcement info
2018-06-15 01:28:25,372 RCV reinforcement info
2018-06-15 01:28:25,407 RCV reinforcement info
2018-06-15 01:28:25,757 RCV reinforcement info
2018-06-15 01:28:26,161 RCV reinforcement info
2018-06-15 01:28:27,121 RCV reinforcement info
2018-06-15 01:28:27,613 RCV reinforcement info
2018-06-15 01:28:28,142 RF found but not transmitted
2018-06-15 01:28:28,630 RCV reinforcement info
2018-06-15 01:28:30,267 RCV reinforcement info
2018-06-15 01:28:30,398 RCV reinforcement info
2018-06-15 01:28:30,942 RCV reinforcement info
2018-06-15 01:28:31,286 RCV reinforcement info
2018-06-15 01:28:31,476 RCV reinforcement info
2018-06-15 01:28:32,134 RF found but not transmitted
2018-06-15 01:28:32,789 RCV reinforcement info
2018-06-15 01:28:33,423 RCV reinforcement info
2018-06-15 01:28:33,976 RF found but not transmitted
2018-06-15 01:28:34,010 RCV reinforcement info
2018-06-15 01:28:35,295 RF found but not transmitted
2018-06-15 01:28:36,015 RCV reinforcement info
2018-06-15 01:28:36,383 RCV reinforcement info
2018-06-15 01:28:36,461 RF found but not transmitted
2018-06-15 01:28:36,835 RCV reinforcement info
2018-06-15 01:28:37,089 RCV reinforcement info
2018-06-15 01:28:38,781 RCV reinforcement info
2018-06-15 01:28:40,118 RCV reinforcement info
2018-06-15 01:28:41,377 RCV reinforcement info
2018-06-15 01:28:41,843 RF found but not transmitted
2018-06-15 01:28:42,392 RCV reinforcement info
2018-06-15 01:28:42,656 RCV reinforcement info
2018-06-15 01:28:43,022 RCV reinforcement info
2018-06-15 01:28:44,028 RCV reinforcement info
2018-06-15 01:28:44,367 RCV reinforcement info
2018-06-15 01:28:44,493 RCV reinforcement info
2018-06-15 01:28:45,018 RCV reinforcement info
2018-06-15 01:28:46,012 RCV reinforcement info
2018-06-15 01:28:46,626 RF found but not transmitted
2018-06-15 01:28:47,232 RCV reinforcement info
2018-06-15 01:28:47,361 RCV reinforcement info
2018-06-15 01:28:48,123 RCV reinforcement info
2018-06-15 01:28:48,205 RCV proposal
2018-06-15 01:28:48,208 appended honest propose 770538a720 on top of 14e6fa4d43
2018-06-15 01:28:48,296 RCV reinforcement info
2018-06-15 01:28:48,380 RCV reinforcement
2018-06-15 01:28:48,384 RCV reinforcement
2018-06-15 01:28:48,397 RCV reinforcement
2018-06-15 01:28:48,424 RCV reinforcement
2018-06-15 01:28:48,456 RCV reinforcement
2018-06-15 01:28:48,477 RCV reinforcement
2018-06-15 01:28:48,547 RF found but not transmitted
2018-06-15 01:28:49,478 RCV reinforcement info
2018-06-15 01:28:49,563 RCV reinforcement
2018-06-15 01:28:49,896 RCV commit
2018-06-15 01:28:50,328 appended honest commit 680f328701 on top of 770538a720
2018-06-15 01:28:50,680 Weight: 91.14943922575922 #RFs 51
2018-06-15 01:28:50,680 weight: 91.14943922575922
2018-06-15 01:28:50,680 , 91.14943922575922
2018-06-15 01:28:50,686 appended malicious propose 79867a99c5 on top of 14e6fa4d43
2018-06-15 01:28:50,686 REINFORCEMENT COLLECTING state
2018-06-15 01:28:50,869 SNT proposal
2018-06-15 01:28:51,048 RCV reinforcement
2018-06-15 01:28:51,090 RCV reinforcement
2018-06-15 01:28:51,151 RCV proposal
2018-06-15 01:28:51,168 appended honest propose 655a407fc4 on top of 680f328701
2018-06-15 01:28:51,617 RCV reinforcement info
2018-06-15 01:28:51,701 RCV reinforcement
2018-06-15 01:28:51,703 W: received reinforcement for 655a407fc4 instead of 79867a99c5
2018-06-15 01:28:52,371 commit with 3 reinforcements
2018-06-15 01:28:52,416 appended malicious commit c7d4aff125 on top of 79867a99c5
2018-06-15 01:28:52,469 Weight: 87.25484372738812 #RFs 25
2018-06-15 01:28:52,469 weight: 87.25484372738812
2018-06-15 01:28:52,469 , 87.25484372738812
2018-06-15 01:28:52,469 MALICIOUS MINING state
2018-06-15 01:28:52,469 start mining - depth 26
2018-06-15 01:28:52,470 start mining - hash 680f32870111d63ff2da96a8135a44ae1033303555accc73d1e8b728d39b12e5
2018-06-15 01:28:52,472 Hashing frequency: 3039
2018-06-15 01:28:52,473 SNT commit
2018-06-15 01:28:52,852 RCV commit
2018-06-15 01:28:52,856 appended honest commit ba8d0cb2ca on top of 655a407fc4
2018-06-15 01:28:52,858 Weight: 92.22774783343459 #RFs 1
2018-06-15 01:28:52,858 weight: 92.22774783343459
2018-06-15 01:28:52,858 , 92.22774783343459
2018-06-15 01:28:52,876 start mining - depth 27
2018-06-15 01:28:52,876 start mining - hash ba8d0cb2ca0b90d8ad409d1c9af276e7f9bbab98531fb6c9085aad204ee48883
2018-06-15 01:28:53,102 RCV reinforcement info
2018-06-15 01:28:53,518 RCV proposal
2018-06-15 01:28:53,520 appended honest propose 92a3fd471d on top of ba8d0cb2ca
2018-06-15 01:28:53,586 RCV reinforcement
2018-06-15 01:28:54,189 RCV reinforcement info
2018-06-15 01:28:54,336 RCV reinforcement
2018-06-15 01:28:54,821 RCV reinforcement info
2018-06-15 01:28:54,937 RCV reinforcement
2018-06-15 01:28:55,050 RCV commit
2018-06-15 01:28:55,056 appended honest commit 98f9e624ba on top of 92a3fd471d
2018-06-15 01:28:55,061 Weight: 93.81694311870464 #RFs 2
2018-06-15 01:28:55,061 weight: 93.81694311870464
2018-06-15 01:28:55,061 , 93.81694311870464
2018-06-15 01:28:55,062 start mining - depth 28
2018-06-15 01:28:55,062 start mining - hash 98f9e624ba8922b7b4f0e8d369d7e54fd587e1e0f9a219360613f489af676a3c
2018-06-15 01:28:56,987 RF found but not transmitted
2018-06-15 01:28:57,131 RCV proposal
2018-06-15 01:28:57,134 appended honest propose cdf6771d0c on top of 98f9e624ba
2018-06-15 01:28:57,221 RCV reinforcement info
2018-06-15 01:28:57,307 RCV reinforcement
2018-06-15 01:28:58,584 RCV reinforcement info
2018-06-15 01:28:58,654 RCV reinforcement
2018-06-15 01:28:58,729 RCV commit
2018-06-15 01:28:58,729 appended honest commit be1dd2f15f on top of cdf6771d0c
2018-06-15 01:28:58,729 Weight: 94.81694311870464 #RFs 0
2018-06-15 01:28:58,729 weight: 94.81694311870464
2018-06-15 01:28:58,730 , 94.81694311870464
2018-06-15 01:28:58,740 start mining - depth 29
2018-06-15 01:28:58,741 start mining - hash be1dd2f15f6084f95b1e9d0b88f8287139704cbd7d3fd0562daa7f96b9342e8b
2018-06-15 01:28:59,086 RCV reinforcement info
2018-06-15 01:28:59,204 RCV proposal
2018-06-15 01:28:59,206 appended honest propose 0d5712a703 on top of be1dd2f15f
2018-06-15 01:28:59,307 RCV reinforcement
2018-06-15 01:28:59,545 RCV reinforcement info
2018-06-15 01:28:59,648 RCV reinforcement
2018-06-15 01:29:00,762 RCV commit
2018-06-15 01:29:00,768 appended honest commit 7c210aa0db on top of 0d5712a703
2018-06-15 01:29:00,803 Weight: 96.89072627151172 #RFs 2
2018-06-15 01:29:00,803 weight: 96.89072627151172
2018-06-15 01:29:00,803 , 96.89072627151172
2018-06-15 01:29:00,804 start mining - depth 30
2018-06-15 01:29:00,804 start mining - hash 7c210aa0dbdca5b31e79408551102ce685bc74c42e093fd6c57a285429d8b62f
2018-06-15 01:29:01,000 RCV reinforcement info
2018-06-15 01:29:01,244 RCV reinforcement info
2018-06-15 01:29:01,859 RCV reinforcement info
2018-06-15 01:29:02,707 RCV reinforcement info
2018-06-15 01:29:03,486 RCV reinforcement info
2018-06-15 01:29:04,085 RCV reinforcement info
2018-06-15 01:29:04,544 RCV reinforcement info
2018-06-15 01:29:05,242 RCV reinforcement info
2018-06-15 01:29:05,473 RCV reinforcement info
2018-06-15 01:29:05,579 RCV reinforcement info
2018-06-15 01:29:06,008 RCV reinforcement info
2018-06-15 01:29:06,353 RCV reinforcement info
2018-06-15 01:29:07,023 RCV reinforcement info
2018-06-15 01:29:07,048 RCV reinforcement info
2018-06-15 01:29:07,142 RCV reinforcement info
2018-06-15 01:29:07,155 RF found but not transmitted
2018-06-15 01:29:07,175 RCV reinforcement info
2018-06-15 01:29:07,670 RF found but not transmitted
2018-06-15 01:29:08,141 RCV reinforcement info
2018-06-15 01:29:08,654 RCV reinforcement info
2018-06-15 01:29:09,555 RCV reinforcement info
2018-06-15 01:29:10,909 RCV reinforcement info
2018-06-15 01:29:11,775 RCV reinforcement info
2018-06-15 01:29:12,083 RF found but not transmitted
2018-06-15 01:29:12,833 RCV reinforcement info
2018-06-15 01:29:13,132 RCV reinforcement info
2018-06-15 01:29:13,211 RCV reinforcement info
2018-06-15 01:29:14,536 RCV reinforcement info
2018-06-15 01:29:17,163 RCV reinforcement info
2018-06-15 01:29:17,458 RCV reinforcement info
2018-06-15 01:29:17,880 RCV reinforcement info
2018-06-15 01:29:19,350 RF found but not transmitted
2018-06-15 01:29:20,129 RCV reinforcement info
2018-06-15 01:29:20,925 RCV reinforcement info
2018-06-15 01:29:20,966 RCV reinforcement info
2018-06-15 01:29:21,004 RCV reinforcement info
2018-06-15 01:29:22,367 RCV reinforcement info
2018-06-15 01:29:23,413 RCV reinforcement info
2018-06-15 01:29:23,570 RCV reinforcement info
2018-06-15 01:29:24,965 RCV reinforcement info
2018-06-15 01:29:27,474 RCV reinforcement info
2018-06-15 01:29:27,696 RCV reinforcement info
2018-06-15 01:29:27,806 RCV reinforcement info
2018-06-15 01:29:29,836 RCV reinforcement info
2018-06-15 01:29:30,121 RCV reinforcement info
2018-06-15 01:29:30,796 RCV reinforcement info
2018-06-15 01:29:30,972 RCV reinforcement info
2018-06-15 01:29:31,151 RCV reinforcement info
2018-06-15 01:29:31,199 RCV proposal
2018-06-15 01:29:31,202 appended honest propose 567eebb232 on top of 7c210aa0db
2018-06-15 01:29:31,308 RCV reinforcement info
2018-06-15 01:29:31,379 RCV reinforcement
2018-06-15 01:29:31,383 RCV reinforcement
2018-06-15 01:29:31,416 RCV reinforcement
2018-06-15 01:29:31,439 RCV reinforcement
2018-06-15 01:29:31,466 RF found but not transmitted
2018-06-15 01:29:31,474 RCV reinforcement
2018-06-15 01:29:31,568 RCV reinforcement
2018-06-15 01:29:31,638 RF found but not transmitted
2018-06-15 01:29:31,682 RCV reinforcement info
2018-06-15 01:29:31,815 RCV reinforcement
2018-06-15 01:29:32,151 RF found but not transmitted
2018-06-15 01:29:32,447 RCV reinforcement info
2018-06-15 01:29:32,515 RCV reinforcement
2018-06-15 01:29:32,856 RCV commit
2018-06-15 01:29:33,178 appended honest commit 2bb75aab31 on top of 567eebb232
2018-06-15 01:29:33,306 RF found but not transmitted
2018-06-15 01:29:33,484 Weight: 105.3683779144394 #RFs 46
2018-06-15 01:29:33,485 weight: 105.3683779144394
2018-06-15 01:29:33,485 , 105.3683779144394
2018-06-15 01:29:33,485 start mining - depth 31
2018-06-15 01:29:33,525 start mining - hash 2bb75aab31c5494e08fbb7818fecd1f504d265b715b6905fcddecacc68ef7473
2018-06-15 01:29:33,538 RCV reinforcement info
2018-06-15 01:29:33,916 RCV reinforcement info
2018-06-15 01:29:34,507 RCV reinforcement info
2018-06-15 01:29:34,795 RCV reinforcement info
2018-06-15 01:29:34,864 RCV reinforcement info
2018-06-15 01:29:35,835 RCV reinforcement info
2018-06-15 01:29:36,166 RCV reinforcement info
2018-06-15 01:29:36,443 RCV reinforcement info
2018-06-15 01:29:37,905 RCV reinforcement info
2018-06-15 01:29:37,921 RCV reinforcement info
2018-06-15 01:29:38,226 RCV reinforcement info
2018-06-15 01:29:39,027 RCV reinforcement info
2018-06-15 01:29:39,584 RCV reinforcement info
2018-06-15 01:29:39,997 RCV reinforcement info
2018-06-15 01:29:40,223 RCV reinforcement info
2018-06-15 01:29:41,801 RCV reinforcement info
2018-06-15 01:29:41,909 RCV reinforcement info
2018-06-15 01:29:43,256 RCV reinforcement info
2018-06-15 01:29:45,573 RCV reinforcement info
2018-06-15 01:29:45,660 RCV reinforcement info
2018-06-15 01:29:45,959 RCV reinforcement info
2018-06-15 01:29:46,225 RF found but not transmitted
2018-06-15 01:29:47,068 RCV reinforcement info
2018-06-15 01:29:47,263 RCV reinforcement info
2018-06-15 01:29:47,758 RCV reinforcement info
2018-06-15 01:29:48,088 RCV reinforcement info
