2018-05-29 23:25:38,635 ---------------------------------------------------------
2018-05-29 23:25:38,636 MALICIOUS PURE BLOCKCHAIN state
2018-05-29 23:25:39,652 start mining - depth 0
2018-05-29 23:25:39,653 start mining - hash 51df5aee9dde0789e0bf3a4eecfcdc6ebf62d98da20de203f281ef3b54881f0c
2018-05-29 23:25:41,915 RF found but not transmitted
2018-05-29 23:25:44,972 RF found but not transmitted
2018-05-29 23:25:47,365 RF found but not transmitted
2018-05-29 23:25:51,221 RF found but not transmitted
2018-05-29 23:25:57,789 RF found but not transmitted
2018-05-29 23:26:01,747 RF found but not transmitted
2018-05-29 23:26:12,140 RF found but not transmitted
2018-05-29 23:26:15,008 RF found but not transmitted
2018-05-29 23:26:15,010 hash found
2018-05-29 23:26:15,012 SNT malicious_proposal_agreement
2018-05-29 23:26:30,119 RCV proposal_commit
2018-05-29 23:26:30,121 appended honest propose 454de69217 on top of 51df5aee9d
2018-05-29 23:26:30,121 appended honest commit 29240a71a9 on top of 454de69217
2018-05-29 23:26:30,121 weight: 1
2018-05-29 23:26:30,122 , 1
2018-05-29 23:26:30,124 appended malicious propose d7a90ce2ce on top of 51df5aee9d
2018-05-29 23:26:30,125 appended malicious commit b9cae4f223 on top of d7a90ce2ce
2018-05-29 23:26:30,125 weight: 1
2018-05-29 23:26:30,125 SNT proposal_commit
2018-05-29 23:26:30,167 start mining - depth 1
2018-05-29 23:26:30,168 start mining - hash b9cae4f223c84dcab0d2cdffdc3b7dd17cd9656748c7997f7a9748e82479f233
2018-05-29 23:26:45,750 RF found but not transmitted
2018-05-29 23:26:51,634 RF found but not transmitted
2018-05-29 23:26:54,238 RF found but not transmitted
2018-05-29 23:27:05,331 RCV proposal_commit
2018-05-29 23:27:05,333 appended honest propose 83403fb275 on top of 29240a71a9
2018-05-29 23:27:05,334 appended honest commit 53fc53e61a on top of 83403fb275
2018-05-29 23:27:05,334 weight: 2
2018-05-29 23:27:05,334 , 2
2018-05-29 23:27:05,336 LOSE: MALICIOUS LOST 2 - 1
2018-05-29 23:27:05,336 start mining - depth 2
2018-05-29 23:27:05,337 start mining - hash 53fc53e61afd5fc55b21570dcd6cf06be840164d2bdd2fb4c40fac257c8f3b38
2018-05-29 23:27:05,337 Hashing frequency: 3841
2018-05-29 23:27:09,029 RF found but not transmitted
2018-05-29 23:27:13,968 RF found but not transmitted
2018-05-29 23:27:15,638 RCV malicious_prop_agreement
2018-05-29 23:27:15,638 start mal HIDEN mining on top of - hash 4b7f5d61c62728a3f193a772d407f7fd944ae24982c1ce5f134c064434b3e590
2018-05-29 23:27:16,683 RF found but not transmitted
2018-05-29 23:27:22,144 RF found but not transmitted
2018-05-29 23:27:29,532 RF found but not transmitted
2018-05-29 23:27:32,910 RF found but not transmitted
2018-05-29 23:27:42,289 RCV proposal_commit
2018-05-29 23:27:42,292 appended honest propose 7ccab7be09 on top of 53fc53e61a
2018-05-29 23:27:42,293 appended honest commit a06622e8f4 on top of 7ccab7be09
2018-05-29 23:27:42,293 weight: 3
2018-05-29 23:27:42,293 , 3
2018-05-29 23:27:42,356 RCV proposal_commit
2018-05-29 23:27:42,359 appended malicious propose 2288acf3f8 on top of 53fc53e61a
2018-05-29 23:27:42,360 appended malicious commit 9bd1c037cb on top of 2288acf3f8
2018-05-29 23:27:42,360 weight: 3
2018-05-29 23:27:42,360 , 3
2018-05-29 23:27:42,360 start mining - depth 3
2018-05-29 23:27:42,361 start mining - hash 9bd1c037cb368f609c10e29c177ca1050f200417c70dec6059ac88f9830c3953
2018-05-29 23:27:48,798 RF found but not transmitted
2018-05-29 23:27:50,359 RF found but not transmitted
2018-05-29 23:27:57,695 RCV proposal_commit
2018-05-29 23:27:57,699 appended honest propose 74bde114de on top of a06622e8f4
2018-05-29 23:27:57,699 appended honest commit b6a9f35fae on top of 74bde114de
2018-05-29 23:27:57,699 weight: 4
2018-05-29 23:27:57,699 , 4
2018-05-29 23:27:57,702 LOSE: MALICIOUS LOST 2 - 1
2018-05-29 23:27:57,702 start mining - depth 4
2018-05-29 23:27:57,702 start mining - hash b6a9f35faebaa77421867dbc3dc36c6dc1980d0a6c4dd8d21f44b65e708e6c93
2018-05-29 23:27:58,031 RCV malicious_prop_agreement
2018-05-29 23:27:58,031 start mal HIDEN mining on top of - hash fe0fef67696ef163c44aeafea3b276ddf77892c784f53af8f25d4613f3fde437
2018-05-29 23:28:03,458 RF found but not transmitted
2018-05-29 23:28:09,732 RF found but not transmitted
2018-05-29 23:28:17,535 RF found but not transmitted
2018-05-29 23:28:28,223 RF found but not transmitted
2018-05-29 23:28:29,615 RCV proposal_commit
2018-05-29 23:28:29,618 appended honest propose 5017e2625c on top of b6a9f35fae
2018-05-29 23:28:29,619 appended honest commit 10a59b4901 on top of 5017e2625c
2018-05-29 23:28:29,619 weight: 5
2018-05-29 23:28:29,619 , 5
2018-05-29 23:28:29,688 RCV proposal_commit
2018-05-29 23:28:29,691 appended malicious propose 0662c760fc on top of b6a9f35fae
2018-05-29 23:28:29,692 appended malicious commit 89ba039492 on top of 0662c760fc
2018-05-29 23:28:29,692 weight: 5
2018-05-29 23:28:29,692 , 5
2018-05-29 23:28:29,695 start mining - depth 5
2018-05-29 23:28:29,695 start mining - hash 89ba0394921e4a3906e0f3b862788501fd43b225d02c3529f89878578b8a108d
2018-05-29 23:28:29,696 Hashing frequency: 4598
2018-05-29 23:28:31,380 RF found but not transmitted
2018-05-29 23:28:34,640 RF found but not transmitted
2018-05-29 23:28:39,414 RF found but not transmitted
2018-05-29 23:28:42,830 RF found but not transmitted
2018-05-29 23:28:47,766 RF found but not transmitted
2018-05-29 23:28:52,162 RF found but not transmitted
2018-05-29 23:28:52,163 hash found
2018-05-29 23:28:52,166 appended malicious propose 26d2e20dde on top of 89ba039492
2018-05-29 23:28:52,166 appended malicious commit d9cff40c5b on top of 26d2e20dde
2018-05-29 23:28:52,167 weight: 6
2018-05-29 23:28:52,167 SNT proposal_commit
2018-05-29 23:28:52,215 , 6
2018-05-29 23:28:52,215 WIN: MALICIOUS WIN
2018-05-29 23:28:52,215 start mining - depth 6
2018-05-29 23:28:52,216 start mining - hash d9cff40c5bf8e958ffd2a124ae9b8a9593f9ceb3b43ecea216fee2be4ce9fc3c
2018-05-29 23:28:52,247 RCV proposal_commit
2018-05-29 23:28:52,250 appended honest propose 992c4c1751 on top of 10a59b4901
2018-05-29 23:28:52,251 appended honest commit a375587952 on top of 992c4c1751
2018-05-29 23:28:52,251 weight: 6
2018-05-29 23:28:52,251 , 6
2018-05-29 23:28:53,616 RCV proposal_commit
2018-05-29 23:28:53,619 appended honest propose 1357a2c2e0 on top of a375587952
2018-05-29 23:28:53,619 appended honest commit 84e4ddfd36 on top of 1357a2c2e0
2018-05-29 23:28:53,619 weight: 7
2018-05-29 23:28:53,619 , 7
2018-05-29 23:28:54,198 RF found but not transmitted
2018-05-29 23:28:55,676 RF found but not transmitted
2018-05-29 23:28:57,422 RCV proposal_commit
2018-05-29 23:28:57,424 appended honest propose 9612b8bf56 on top of 84e4ddfd36
2018-05-29 23:28:57,425 appended honest commit 84fb3d14ec on top of 9612b8bf56
2018-05-29 23:28:57,425 weight: 8
2018-05-29 23:28:57,425 , 8
2018-05-29 23:28:57,425 LOSE: MALICIOUS LOST 2 - 0
2018-05-29 23:28:57,425 start mining - depth 8
2018-05-29 23:28:57,426 start mining - hash 84fb3d14ec30276063d636a4df347522bdf653aa2755f209117e552fba1ba69c
2018-05-29 23:28:57,664 RCV proposal_commit
2018-05-29 23:28:57,666 appended honest propose e1f238725c on top of 84fb3d14ec
2018-05-29 23:28:57,667 appended honest commit bfc0441369 on top of e1f238725c
2018-05-29 23:28:57,667 weight: 9
2018-05-29 23:28:57,667 , 9
2018-05-29 23:29:08,801 RCV proposal_commit
2018-05-29 23:29:08,803 appended malicious propose d523b82876 on top of 84fb3d14ec
2018-05-29 23:29:08,803 appended malicious commit 33f84359a1 on top of d523b82876
2018-05-29 23:29:08,804 weight: 9
2018-05-29 23:29:08,804 , 9
2018-05-29 23:29:08,804 start mining - depth 9
2018-05-29 23:29:08,804 start mining - hash 33f84359a14e02e319d02b5ec36dc6c3ffd3beaab8e7441874cf8f27ef050532
2018-05-29 23:29:08,993 RCV proposal_commit
2018-05-29 23:29:08,995 appended malicious propose 37fab8d320 on top of 33f84359a1
2018-05-29 23:29:08,995 appended malicious commit 3ede939f38 on top of 37fab8d320
2018-05-29 23:29:08,995 weight: 10
2018-05-29 23:29:08,995 , 10
2018-05-29 23:29:08,996 start mining - depth 10
2018-05-29 23:29:08,996 start mining - hash 3ede939f388430a5b9caca3eea07b0700231d3d1016ccff14636077d5be1fa0e
2018-05-29 23:29:14,399 RF found but not transmitted
2018-05-29 23:29:16,469 RF found but not transmitted
2018-05-29 23:29:17,626 RCV proposal_commit
2018-05-29 23:29:17,629 appended honest propose 0b4221e9eb on top of 3ede939f38
2018-05-29 23:29:17,629 appended honest commit 66a274bf77 on top of 0b4221e9eb
2018-05-29 23:29:17,629 weight: 11
2018-05-29 23:29:17,629 , 11
2018-05-29 23:29:23,334 RCV proposal_commit
2018-05-29 23:29:23,336 appended honest propose 067bc24771 on top of 66a274bf77
2018-05-29 23:29:23,336 appended honest commit cddef0eb14 on top of 067bc24771
2018-05-29 23:29:23,336 weight: 12
2018-05-29 23:29:23,336 , 12
2018-05-29 23:29:23,337 LOSE: MALICIOUS LOST 2 - 0
2018-05-29 23:29:23,337 start mining - depth 12
2018-05-29 23:29:23,337 start mining - hash cddef0eb14306e1fe4482b0ba0d2a69941a35e089d493bb2c1e3e525eae9e20e
2018-05-29 23:29:30,434 RF found but not transmitted
2018-05-29 23:29:35,393 RF found but not transmitted
2018-05-29 23:29:41,490 RF found but not transmitted
2018-05-29 23:29:46,810 RF found but not transmitted
2018-05-29 23:29:48,361 RF found but not transmitted
2018-05-29 23:29:51,316 RF found but not transmitted
2018-05-29 23:29:54,796 RF found but not transmitted
2018-05-29 23:29:56,057 RF found but not transmitted
2018-05-29 23:30:11,877 RCV proposal_commit
2018-05-29 23:30:11,880 appended honest propose 1a6b65052c on top of cddef0eb14
2018-05-29 23:30:11,881 appended honest commit b3d6094404 on top of 1a6b65052c
2018-05-29 23:30:11,881 weight: 13
2018-05-29 23:30:11,881 , 13
2018-05-29 23:30:16,220 RF found but not transmitted
2018-05-29 23:30:17,953 RF found but not transmitted
2018-05-29 23:30:25,985 RCV proposal_commit
2018-05-29 23:30:25,990 appended honest propose 54948b1742 on top of b3d6094404
2018-05-29 23:30:25,990 appended honest commit 696a20f182 on top of 54948b1742
2018-05-29 23:30:25,991 weight: 14
2018-05-29 23:30:25,991 , 14
2018-05-29 23:30:25,995 LOSE: MALICIOUS LOST 2 - 0
2018-05-29 23:30:25,995 start mining - depth 14
2018-05-29 23:30:25,996 start mining - hash 696a20f18203ffc0e7e8916abbf17334abea4d469ccba9c3d9616a8910c117a5
2018-05-29 23:30:25,996 Hashing frequency: 6303
2018-05-29 23:30:28,986 RF found but not transmitted
2018-05-29 23:30:30,721 RCV proposal_commit
2018-05-29 23:30:30,723 appended honest propose ca8df7d41f on top of 696a20f182
2018-05-29 23:30:30,723 appended honest commit eb7fcbd4ba on top of ca8df7d41f
2018-05-29 23:30:30,724 weight: 15
2018-05-29 23:30:30,724 , 15
2018-05-29 23:30:31,461 RF found but not transmitted
2018-05-29 23:30:32,326 RF found but not transmitted
2018-05-29 23:30:32,327 hash found
2018-05-29 23:30:32,332 appended malicious propose 6c9c8c8614 on top of 696a20f182
2018-05-29 23:30:32,332 appended malicious commit cabbdbb81c on top of 6c9c8c8614
2018-05-29 23:30:32,332 weight: 15
2018-05-29 23:30:32,333 SNT proposal_commit
2018-05-29 23:30:32,392 , 15
2018-05-29 23:30:32,395 start mining - depth 15
2018-05-29 23:30:32,396 start mining - hash cabbdbb81ca71bd3a72d0e8eb05df9da7ba8447391bbb6ab71cb1e0ad1f49e20
2018-05-29 23:30:33,665 RF found but not transmitted
2018-05-29 23:30:35,327 RF found but not transmitted
2018-05-29 23:30:43,925 RF found but not transmitted
2018-05-29 23:30:45,130 RF found but not transmitted
2018-05-29 23:30:47,312 RF found but not transmitted
2018-05-29 23:30:51,130 RF found but not transmitted
2018-05-29 23:30:51,309 RF found but not transmitted
2018-05-29 23:31:13,606 RF found but not transmitted
2018-05-29 23:31:21,189 RF found but not transmitted
2018-05-29 23:31:25,577 RF found but not transmitted
2018-05-29 23:31:38,388 RF found but not transmitted
2018-05-29 23:31:41,307 RF found but not transmitted
2018-05-29 23:31:41,465 RF found but not transmitted
2018-05-29 23:31:51,156 RCV proposal_commit
2018-05-29 23:31:51,159 appended malicious propose 9284516482 on top of cabbdbb81c
2018-05-29 23:31:51,160 appended malicious commit c37f053895 on top of 9284516482
2018-05-29 23:31:51,160 weight: 16
2018-05-29 23:31:51,160 , 16
2018-05-29 23:31:51,163 start mining - depth 16
2018-05-29 23:31:51,163 start mining - hash c37f053895232e6e16e32595324fb5e0100c2d8b9e14fd1e99b529a2b0354758
2018-05-29 23:31:51,163 Hashing frequency: 4617
2018-05-29 23:31:57,799 RF found but not transmitted
2018-05-29 23:31:59,932 RCV malicious_prop_agreement
2018-05-29 23:31:59,932 start mal HIDEN mining on top of - hash f6fa9f29cbc68618decc745e120bd48bd7631172d8aae31be4aa3d53e7ddad7f
2018-05-29 23:32:02,735 RCV proposal_commit
2018-05-29 23:32:02,738 appended honest propose 527d39f00f on top of c37f053895
2018-05-29 23:32:02,739 appended honest commit 144de55da6 on top of 527d39f00f
2018-05-29 23:32:02,739 weight: 17
2018-05-29 23:32:02,739 , 17
2018-05-29 23:32:02,797 RCV proposal_commit
2018-05-29 23:32:02,800 appended malicious propose 52ffc311f4 on top of c37f053895
2018-05-29 23:32:02,800 appended malicious commit e5081ad6a2 on top of 52ffc311f4
2018-05-29 23:32:02,801 weight: 17
2018-05-29 23:32:02,801 , 17
2018-05-29 23:32:02,801 start mining - depth 17
2018-05-29 23:32:02,801 start mining - hash e5081ad6a2289a6d728a32e917f3c32d1c1f614d64efee8862b9026f3db7cfe5
2018-05-29 23:32:05,303 RCV proposal_commit
2018-05-29 23:32:05,306 appended honest propose c769603082 on top of 144de55da6
2018-05-29 23:32:05,306 appended honest commit 7f62ebee77 on top of c769603082
2018-05-29 23:32:05,306 weight: 18
2018-05-29 23:32:05,307 , 18
2018-05-29 23:32:05,307 LOSE: MALICIOUS LOST 2 - 1
2018-05-29 23:32:05,307 start mining - depth 18
2018-05-29 23:32:05,307 start mining - hash 7f62ebee77fe560b9b63d5b8ad5b9d69e182a7fff9de5167bb435a4f8f38fc20
2018-05-29 23:32:13,316 RF found but not transmitted
2018-05-29 23:32:14,116 RF found but not transmitted
2018-05-29 23:32:21,631 RCV proposal_commit
2018-05-29 23:32:21,634 appended honest propose 5783e62845 on top of 7f62ebee77
2018-05-29 23:32:21,635 appended honest commit 6717979b05 on top of 5783e62845
2018-05-29 23:32:21,635 weight: 19
2018-05-29 23:32:21,635 , 19
2018-05-29 23:32:26,258 RF found but not transmitted
2018-05-29 23:32:32,992 RCV proposal_commit
2018-05-29 23:32:32,994 appended honest propose 32a441a50c on top of 6717979b05
2018-05-29 23:32:32,995 appended honest commit 214a9b4581 on top of 32a441a50c
2018-05-29 23:32:32,995 weight: 20
2018-05-29 23:32:32,995 , 20
2018-05-29 23:32:32,995 LOSE: MALICIOUS LOST 2 - 0
2018-05-29 23:32:32,995 start mining - depth 20
2018-05-29 23:32:32,996 start mining - hash 214a9b4581df61ebe3920a8f6b0dec2e4a641950aeee90ad349fa074fab89311
2018-05-29 23:32:34,885 RF found but not transmitted
2018-05-29 23:32:36,752 RCV malicious_prop_agreement
2018-05-29 23:32:36,753 start mal HIDEN mining on top of - hash 3c2bf9b276193a87f738df48b46d207d3fe58e29494157bdd7b8b43d71a0a9c2
2018-05-29 23:32:44,140 RF found but not transmitted
2018-05-29 23:32:45,290 RF found but not transmitted
2018-05-29 23:32:45,425 RF found but not transmitted
2018-05-29 23:32:47,644 RF found but not transmitted
2018-05-29 23:32:54,219 RF found but not transmitted
2018-05-29 23:32:56,375 RF found but not transmitted
2018-05-29 23:32:58,244 RCV proposal_commit
2018-05-29 23:32:58,247 appended honest propose 8d52c8273c on top of 214a9b4581
2018-05-29 23:32:58,248 appended honest commit 2db78cf514 on top of 8d52c8273c
2018-05-29 23:32:58,248 weight: 21
2018-05-29 23:32:58,248 , 21
2018-05-29 23:32:58,310 RCV proposal_commit
2018-05-29 23:32:58,313 appended malicious propose c75710cb9d on top of 214a9b4581
2018-05-29 23:32:58,314 appended malicious commit 6a86781aa6 on top of c75710cb9d
2018-05-29 23:32:58,314 weight: 21
2018-05-29 23:32:58,314 , 21
2018-05-29 23:32:58,315 start mining - depth 21
2018-05-29 23:32:58,315 start mining - hash 6a86781aa6e678173dc7e28cc681a471f4b6cbd9f56c0f3da047bcfbe9f0aa78
2018-05-29 23:32:58,315 Hashing frequency: 3633
2018-05-29 23:33:05,929 RF found but not transmitted
2018-05-29 23:33:09,769 RF found but not transmitted
2018-05-29 23:33:13,563 RCV proposal_commit
2018-05-29 23:33:13,565 appended malicious propose 6d1c823d6b on top of 6a86781aa6
2018-05-29 23:33:13,565 appended malicious commit a34f4c3f4d on top of 6d1c823d6b
2018-05-29 23:33:13,565 weight: 22
2018-05-29 23:33:13,565 , 22
2018-05-29 23:33:13,565 start mining - depth 22
2018-05-29 23:33:13,565 start mining - hash a34f4c3f4da0fd91213cccfc037587f3acdd4cda4eec2534e9d0c79b2ce31193
2018-05-29 23:33:21,002 RF found but not transmitted
2018-05-29 23:33:21,864 RF found but not transmitted
2018-05-29 23:33:22,384 RF found but not transmitted
2018-05-29 23:33:25,188 RCV proposal_commit
2018-05-29 23:33:25,190 appended honest propose 4639db041e on top of a34f4c3f4d
2018-05-29 23:33:25,190 appended honest commit 24cc241906 on top of 4639db041e
2018-05-29 23:33:25,191 weight: 23
2018-05-29 23:33:25,191 , 23
2018-05-29 23:33:29,885 RF found but not transmitted
2018-05-29 23:33:30,699 RF found but not transmitted
2018-05-29 23:33:35,090 RF found but not transmitted
2018-05-29 23:33:43,201 RF found but not transmitted
2018-05-29 23:33:43,783 RF found but not transmitted
2018-05-29 23:33:49,299 RCV proposal_commit
2018-05-29 23:33:49,302 appended honest propose 974b504b2a on top of 24cc241906
2018-05-29 23:33:49,303 appended honest commit aeae501726 on top of 974b504b2a
2018-05-29 23:33:49,304 weight: 24
2018-05-29 23:33:49,304 , 24
2018-05-29 23:33:49,304 LOSE: MALICIOUS LOST 2 - 0
2018-05-29 23:33:49,304 start mining - depth 24
2018-05-29 23:33:49,304 start mining - hash aeae5017267f59f74470f1599046a1d2d9114d3348f7263fc9d4b5131ea2722f
2018-05-29 23:33:58,913 RF found but not transmitted
2018-05-29 23:33:59,237 RCV malicious_prop_agreement
2018-05-29 23:33:59,238 start mal HIDEN mining on top of - hash aefe115fcf66cd109759599087cd5569ad7b767812912fc945ac34e72df1ee5a
2018-05-29 23:34:02,661 RF found but not transmitted
2018-05-29 23:34:11,944 RF found but not transmitted
2018-05-29 23:34:12,571 RF found but not transmitted
2018-05-29 23:34:13,152 RF found but not transmitted
2018-05-29 23:34:33,695 RF found but not transmitted
2018-05-29 23:34:35,638 RF found but not transmitted
2018-05-29 23:34:36,913 RF found but not transmitted
2018-05-29 23:34:45,964 RCV proposal_commit
2018-05-29 23:34:45,967 appended honest propose e4777bbc7e on top of aeae501726
2018-05-29 23:34:45,967 appended honest commit a8517b6071 on top of e4777bbc7e
2018-05-29 23:34:45,968 weight: 25
2018-05-29 23:34:45,968 , 25
2018-05-29 23:34:46,034 RCV proposal_commit
2018-05-29 23:34:46,037 appended malicious propose 64df10a2c4 on top of aeae501726
2018-05-29 23:34:46,038 appended malicious commit 8a47b54fcc on top of 64df10a2c4
2018-05-29 23:34:46,039 weight: 25
2018-05-29 23:34:46,039 , 25
2018-05-29 23:34:46,039 start mining - depth 25
2018-05-29 23:34:46,040 start mining - hash 8a47b54fcc0011e89630b8afeba24a01c49621f89102794473a2908c3e30ed34
2018-05-29 23:34:46,040 Hashing frequency: 5842
2018-05-29 23:34:48,818 RF found but not transmitted
2018-05-29 23:34:50,273 RF found but not transmitted
2018-05-29 23:34:54,952 RCV proposal_commit
2018-05-29 23:34:54,954 appended honest propose 7044413082 on top of a8517b6071
2018-05-29 23:34:54,955 appended honest commit f22d73c0f6 on top of 7044413082
2018-05-29 23:34:54,955 weight: 26
2018-05-29 23:34:54,955 , 26
2018-05-29 23:34:54,955 LOSE: MALICIOUS LOST 2 - 1
2018-05-29 23:34:54,955 start mining - depth 26
2018-05-29 23:34:54,955 start mining - hash f22d73c0f67fc7ebe8668f401610ac2dae01d62470af563cb1daf5eadec74591
2018-05-29 23:34:55,993 RCV proposal_commit
2018-05-29 23:34:55,995 appended honest propose d974117407 on top of f22d73c0f6
2018-05-29 23:34:55,995 appended honest commit a2a266d566 on top of d974117407
2018-05-29 23:34:55,995 weight: 27
2018-05-29 23:34:55,995 , 27
2018-05-29 23:35:00,393 RF found but not transmitted
2018-05-29 23:35:00,636 RF found but not transmitted
2018-05-29 23:35:09,085 RF found but not transmitted
2018-05-29 23:35:18,323 RF found but not transmitted
2018-05-29 23:35:18,532 RCV proposal_commit
2018-05-29 23:35:18,534 appended honest propose 7c1bd1b2f4 on top of a2a266d566
2018-05-29 23:35:18,535 appended honest commit 9c38a38be5 on top of 7c1bd1b2f4
2018-05-29 23:35:18,535 weight: 28
2018-05-29 23:35:18,535 , 28
2018-05-29 23:35:18,537 LOSE: MALICIOUS LOST 2 - 0
2018-05-29 23:35:18,537 start mining - depth 28
2018-05-29 23:35:18,537 start mining - hash 9c38a38be5dbee249846b215dfa5b88190a7d11777439f4cf00dd95c8a01b2c9
2018-05-29 23:35:21,377 RCV proposal_commit
2018-05-29 23:35:21,380 appended honest propose beba1a4c82 on top of 9c38a38be5
2018-05-29 23:35:21,380 appended honest commit c73adc0816 on top of beba1a4c82
2018-05-29 23:35:21,380 weight: 29
2018-05-29 23:35:21,381 , 29
2018-05-29 23:35:23,490 RCV proposal_commit
2018-05-29 23:35:23,492 appended honest propose f30d419943 on top of c73adc0816
2018-05-29 23:35:23,492 appended honest commit d8d73042c4 on top of f30d419943
2018-05-29 23:35:23,492 weight: 30
2018-05-29 23:35:23,492 , 30
2018-05-29 23:35:23,492 LOSE: MALICIOUS LOST 2 - 0
2018-05-29 23:35:23,493 start mining - depth 30
2018-05-29 23:35:23,493 start mining - hash d8d73042c42be5e72997349e0165b1c5808136b3ee70ce3a42e0d645d291bb57
2018-05-29 23:35:27,078 RF found but not transmitted
2018-05-29 23:35:27,780 RF found but not transmitted
2018-05-29 23:35:30,082 RCV proposal_commit
2018-05-29 23:35:30,084 appended honest propose e05d9b560b on top of d8d73042c4
2018-05-29 23:35:30,084 appended honest commit 4495b24775 on top of e05d9b560b
2018-05-29 23:35:30,084 weight: 31
2018-05-29 23:35:30,085 , 31
2018-05-29 23:35:32,180 RF found but not transmitted
2018-05-29 23:35:35,705 RCV proposal_commit
2018-05-29 23:35:35,710 appended honest propose c7e9ac1e80 on top of 4495b24775
2018-05-29 23:35:35,711 appended honest commit 797927bd5e on top of c7e9ac1e80
2018-05-29 23:35:35,711 weight: 32
2018-05-29 23:35:35,711 , 32
2018-05-29 23:35:35,713 LOSE: MALICIOUS LOST 2 - 0
2018-05-29 23:35:35,713 start mining - depth 32
2018-05-29 23:35:35,713 start mining - hash 797927bd5e8ccdb694a551997a6dc1e265262d8b5b966bd64d6207f7fab50167
2018-05-29 23:35:36,547 RF found but not transmitted
2018-05-29 23:35:40,060 RF found but not transmitted
2018-05-29 23:35:43,183 RF found but not transmitted
2018-05-29 23:35:46,503 RF found but not transmitted
2018-05-29 23:35:51,735 RCV proposal_commit
2018-05-29 23:35:51,738 appended honest propose 33258d0ece on top of 797927bd5e
2018-05-29 23:35:51,738 appended honest commit bbbc30bfbb on top of 33258d0ece
2018-05-29 23:35:51,738 weight: 33
2018-05-29 23:35:51,739 , 33
2018-05-29 23:35:53,220 RF found but not transmitted
2018-05-29 23:36:04,565 RF found but not transmitted
2018-05-29 23:36:05,691 RF found but not transmitted
2018-05-29 23:36:11,759 RF found but not transmitted
2018-05-29 23:36:14,040 RF found but not transmitted
2018-05-29 23:36:15,033 RF found but not transmitted
2018-05-29 23:36:15,034 hash found
2018-05-29 23:36:15,036 appended malicious propose 74d411d938 on top of 797927bd5e
2018-05-29 23:36:15,036 appended malicious commit 8689a04de9 on top of 74d411d938
2018-05-29 23:36:15,037 weight: 33
2018-05-29 23:36:15,037 SNT proposal_commit
2018-05-29 23:36:15,089 , 33
2018-05-29 23:36:15,092 start mining - depth 33
2018-05-29 23:36:15,092 start mining - hash 8689a04de9c5ff168b5feb5a4ada370d08e324509ea0e6b0a82486bb0a719e18
2018-05-29 23:36:15,092 Hashing frequency: 4822
2018-05-29 23:36:25,912 RF found but not transmitted
2018-05-29 23:36:26,455 RCV proposal_commit
2018-05-29 23:36:26,456 appended malicious propose 489d33132f on top of 8689a04de9
2018-05-29 23:36:26,457 appended malicious commit 2b4df6e907 on top of 489d33132f
2018-05-29 23:36:26,457 weight: 34
2018-05-29 23:36:26,457 , 34
2018-05-29 23:36:26,457 start mining - depth 34
2018-05-29 23:36:26,457 start mining - hash 2b4df6e907b6beeedc5c205601a9d0d30a45b70d589a450c40ee13e5721d9898
2018-05-29 23:36:28,177 RF found but not transmitted
2018-05-29 23:36:29,741 RCV malicious_prop_agreement
2018-05-29 23:36:29,742 start mal HIDEN mining on top of - hash 13c7d2a4ab67cc0d0dc2d4374806238084f366fc097bcecf47bb426a53a361fc
2018-05-29 23:36:32,874 RF found but not transmitted
2018-05-29 23:36:34,718 RCV proposal_commit
2018-05-29 23:36:34,720 appended honest propose e40b16df5e on top of 2b4df6e907
2018-05-29 23:36:34,721 appended honest commit 7bcf13c74b on top of e40b16df5e
2018-05-29 23:36:34,721 weight: 35
2018-05-29 23:36:34,721 , 35
2018-05-29 23:36:34,772 RCV proposal_commit
2018-05-29 23:36:34,775 appended malicious propose 7f3fc68c18 on top of 2b4df6e907
2018-05-29 23:36:34,775 appended malicious commit 95cb2843ff on top of 7f3fc68c18
2018-05-29 23:36:34,776 weight: 35
2018-05-29 23:36:34,776 , 35
2018-05-29 23:36:34,777 start mining - depth 35
2018-05-29 23:36:34,777 start mining - hash 95cb2843ff1abcc0f8af97f08ffc615040a06f7bceac089d2ad96b974888ea6c
2018-05-29 23:36:35,426 RCV proposal_commit
2018-05-29 23:36:35,428 appended honest propose ed962414f3 on top of 7bcf13c74b
2018-05-29 23:36:35,429 appended honest commit b58542b5f0 on top of ed962414f3
2018-05-29 23:36:35,429 weight: 36
2018-05-29 23:36:35,429 , 36
2018-05-29 23:36:35,429 LOSE: MALICIOUS LOST 2 - 1
2018-05-29 23:36:35,429 start mining - depth 36
2018-05-29 23:36:35,430 start mining - hash b58542b5f0eb0e6663179e52744225ff9eebe0c455d8459318efeb1cd60130fe
2018-05-29 23:36:42,101 RF found but not transmitted
2018-05-29 23:36:43,392 RF found but not transmitted
2018-05-29 23:36:44,415 RF found but not transmitted
2018-05-29 23:36:56,342 RCV proposal_commit
2018-05-29 23:36:56,343 appended honest propose a62ad11387 on top of b58542b5f0
2018-05-29 23:36:56,344 appended honest commit 21a3580b08 on top of a62ad11387
2018-05-29 23:36:56,344 weight: 37
2018-05-29 23:36:56,344 , 37
2018-05-29 23:36:57,353 RF found but not transmitted
2018-05-29 23:36:57,354 hash found
2018-05-29 23:36:57,357 appended malicious propose cb0b5fa30d on top of b58542b5f0
2018-05-29 23:36:57,357 appended malicious commit df079d70f5 on top of cb0b5fa30d
2018-05-29 23:36:57,357 weight: 37
2018-05-29 23:36:57,357 SNT proposal_commit
2018-05-29 23:36:57,402 , 37
2018-05-29 23:36:57,405 start mining - depth 37
2018-05-29 23:36:57,405 start mining - hash df079d70f5ad2fcc4598b569584086e520fdcc481146103b631e2f48d322bd30
2018-05-29 23:36:59,011 RF found but not transmitted
2018-05-29 23:37:00,254 RF found but not transmitted
2018-05-29 23:37:01,143 RF found but not transmitted
2018-05-29 23:37:06,260 RF found but not transmitted
2018-05-29 23:37:08,476 RF found but not transmitted
2018-05-29 23:37:12,193 RF found but not transmitted
2018-05-29 23:37:14,137 RF found but not transmitted
2018-05-29 23:37:16,570 RCV proposal_commit
2018-05-29 23:37:16,572 appended honest propose 7460b44114 on top of 21a3580b08
2018-05-29 23:37:16,573 appended honest commit b1817e36ff on top of 7460b44114
2018-05-29 23:37:16,573 weight: 38
2018-05-29 23:37:16,573 , 38
2018-05-29 23:37:16,573 LOSE: MALICIOUS LOST 2 - 1
2018-05-29 23:37:16,573 start mining - depth 38
2018-05-29 23:37:16,573 start mining - hash b1817e36ff8f199c3f9ad39c6017ca0adef4dd111a94a6c87b73f4df125bae41
2018-05-29 23:37:16,574 Hashing frequency: 3339
2018-05-29 23:37:16,742 RF found but not transmitted
2018-05-29 23:37:18,450 RF found but not transmitted
2018-05-29 23:37:24,135 RF found but not transmitted
2018-05-29 23:37:37,271 RF found but not transmitted
2018-05-29 23:37:38,487 RF found but not transmitted
2018-05-29 23:37:38,988 RF found but not transmitted
2018-05-29 23:37:39,457 RF found but not transmitted
2018-05-29 23:37:44,772 RCV proposal_commit
2018-05-29 23:37:44,774 appended honest propose 6922e3f9e7 on top of b1817e36ff
2018-05-29 23:37:44,775 appended honest commit 56b50d5c19 on top of 6922e3f9e7
2018-05-29 23:37:44,775 weight: 39
2018-05-29 23:37:44,775 , 39
2018-05-29 23:37:45,819 RF found but not transmitted
2018-05-29 23:37:51,469 RCV proposal_commit
2018-05-29 23:37:51,472 appended malicious propose 59e486c070 on top of b1817e36ff
2018-05-29 23:37:51,472 appended malicious commit d1cfaa2d14 on top of 59e486c070
2018-05-29 23:37:51,473 weight: 39
2018-05-29 23:37:51,473 , 39
2018-05-29 23:37:51,474 start mining - depth 39
2018-05-29 23:37:51,474 start mining - hash d1cfaa2d14f27caa27559b5890291b5b00faf35fea9af73804111f7105a554db
2018-05-29 23:37:54,664 RF found but not transmitted
2018-05-29 23:37:58,297 RF found but not transmitted
2018-05-29 23:38:11,665 RF found but not transmitted
2018-05-29 23:38:16,210 RCV proposal_commit
2018-05-29 23:38:16,212 appended malicious propose 2a1609f0cd on top of d1cfaa2d14
2018-05-29 23:38:16,212 appended malicious commit 0d3ab4043e on top of 2a1609f0cd
2018-05-29 23:38:16,212 weight: 40
2018-05-29 23:38:16,212 , 40
2018-05-29 23:38:16,213 start mining - depth 40
2018-05-29 23:38:16,213 start mining - hash 0d3ab4043e9555da0a76fcc87615834015642396b358ef076fd9654ee81b6bf1
2018-05-29 23:38:18,402 RF found but not transmitted
2018-05-29 23:38:22,856 RF found but not transmitted
2018-05-29 23:38:22,857 hash found
2018-05-29 23:38:22,859 SNT malicious_proposal_agreement
2018-05-29 23:39:26,721 RCV proposal_commit
2018-05-29 23:39:26,725 appended honest propose 1f0640639f on top of 0d3ab4043e
2018-05-29 23:39:26,726 appended honest commit f68019b8f2 on top of 1f0640639f
2018-05-29 23:39:26,726 weight: 41
2018-05-29 23:39:26,726 , 41
2018-05-29 23:39:26,731 appended malicious propose 2fad327496 on top of 0d3ab4043e
2018-05-29 23:39:26,731 appended malicious commit c3362d6db4 on top of 2fad327496
2018-05-29 23:39:26,732 weight: 41
2018-05-29 23:39:26,732 SNT proposal_commit
2018-05-29 23:39:26,783 start mining - depth 41
2018-05-29 23:39:26,793 start mining - hash c3362d6db4fca417627e4c899da03bc1024ce5f3d757da71ff7119c456c73e61
2018-05-29 23:39:26,793 Hashing frequency: 3585
2018-05-29 23:39:33,988 RF found but not transmitted
2018-05-29 23:39:38,786 RCV proposal_commit
2018-05-29 23:39:38,789 appended honest propose 18c9c29514 on top of f68019b8f2
2018-05-29 23:39:38,790 appended honest commit 8d8c857198 on top of 18c9c29514
2018-05-29 23:39:38,790 weight: 42
2018-05-29 23:39:38,796 , 42
2018-05-29 23:39:38,797 LOSE: MALICIOUS LOST 2 - 1
2018-05-29 23:39:38,797 start mining - depth 42
2018-05-29 23:39:38,797 start mining - hash 8d8c857198d97b2c89a6244d60a21fd44313d59cf64e1a3832e6038f7485e5e3
2018-05-29 23:39:39,208 RF found but not transmitted
2018-05-29 23:39:39,703 RF found but not transmitted
2018-05-29 23:39:42,553 RF found but not transmitted
2018-05-29 23:39:59,618 RF found but not transmitted
2018-05-29 23:40:11,585 RF found but not transmitted
2018-05-29 23:40:14,286 RF found but not transmitted
2018-05-29 23:40:14,841 RF found but not transmitted
2018-05-29 23:40:18,225 RCV proposal_commit
2018-05-29 23:40:18,228 appended honest propose 21aac13a2b on top of 8d8c857198
2018-05-29 23:40:18,229 appended honest commit a902671ff8 on top of 21aac13a2b
2018-05-29 23:40:18,229 weight: 43
2018-05-29 23:40:18,229 , 43
2018-05-29 23:40:19,508 RF found but not transmitted
2018-05-29 23:40:25,151 RF found but not transmitted
2018-05-29 23:40:27,069 RF found but not transmitted
2018-05-29 23:40:27,221 RF found but not transmitted
2018-05-29 23:40:29,443 RCV proposal_commit
2018-05-29 23:40:29,447 appended honest propose 421052f6db on top of a902671ff8
2018-05-29 23:40:29,448 appended honest commit 85c091b803 on top of 421052f6db
2018-05-29 23:40:29,449 weight: 44
2018-05-29 23:40:29,449 , 44
2018-05-29 23:40:29,452 LOSE: MALICIOUS LOST 2 - 0
2018-05-29 23:40:29,452 start mining - depth 44
2018-05-29 23:40:29,452 start mining - hash 85c091b803a1b530a70cad483f84f142a198ae7df30ab6c1f24ef4eead1bdcad
2018-05-29 23:40:29,452 Hashing frequency: 3408
2018-05-29 23:40:30,395 RF found but not transmitted
2018-05-29 23:40:33,560 RF found but not transmitted
2018-05-29 23:40:34,051 RF found but not transmitted
2018-05-29 23:40:34,923 RCV proposal_commit
2018-05-29 23:40:34,925 appended honest propose e79b232673 on top of 85c091b803
2018-05-29 23:40:34,926 appended honest commit b3ed3ae206 on top of e79b232673
2018-05-29 23:40:34,926 weight: 45
2018-05-29 23:40:34,927 , 45
2018-05-29 23:40:35,707 RF found but not transmitted
2018-05-29 23:40:38,919 RCV proposal_commit
2018-05-29 23:40:38,921 appended malicious propose 6291f1d959 on top of 85c091b803
2018-05-29 23:40:38,922 appended malicious commit 1efe1c9cc1 on top of 6291f1d959
2018-05-29 23:40:38,922 weight: 45
2018-05-29 23:40:38,922 , 45
2018-05-29 23:40:38,924 start mining - depth 45
2018-05-29 23:40:38,925 start mining - hash 1efe1c9cc181802db90bfe47c253b58798fa521d74ec0a1ad1bcf00e17eed20e
2018-05-29 23:40:45,686 RF found but not transmitted
2018-05-29 23:40:46,185 RF found but not transmitted
2018-05-29 23:40:52,989 RF found but not transmitted
2018-05-29 23:40:56,506 RCV proposal_commit
2018-05-29 23:40:56,509 appended malicious propose 4ee8b31256 on top of 1efe1c9cc1
2018-05-29 23:40:56,510 appended malicious commit 9a2d76ae06 on top of 4ee8b31256
2018-05-29 23:40:56,510 weight: 46
2018-05-29 23:40:56,511 , 46
2018-05-29 23:40:56,511 start mining - depth 46
2018-05-29 23:40:56,511 start mining - hash 9a2d76ae0607849fb6c51f257d51affcd36ae734fb35339d2c951acddfa0b907
2018-05-29 23:40:59,479 RF found but not transmitted
2018-05-29 23:41:02,392 RF found but not transmitted
2018-05-29 23:41:03,217 RF found but not transmitted
2018-05-29 23:41:03,559 RF found but not transmitted
2018-05-29 23:41:04,099 RCV proposal_commit
2018-05-29 23:41:04,102 appended honest propose f2bb136d82 on top of 9a2d76ae06
2018-05-29 23:41:04,103 appended honest commit 100d16557b on top of f2bb136d82
2018-05-29 23:41:04,103 weight: 47
2018-05-29 23:41:04,103 , 47
2018-05-29 23:41:04,188 RCV proposal_commit
2018-05-29 23:41:04,190 appended malicious propose 5bc4c84a9d on top of 9a2d76ae06
2018-05-29 23:41:04,191 appended malicious commit eb0ee4cf0e on top of 5bc4c84a9d
2018-05-29 23:41:04,191 weight: 47
2018-05-29 23:41:04,191 , 47
2018-05-29 23:41:04,193 start mining - depth 47
2018-05-29 23:41:04,194 start mining - hash eb0ee4cf0ebe4fabbccb61b952cd3b5efccd156cb5ff44072da80b8f9be12364
2018-05-29 23:41:11,240 RCV proposal_commit
2018-05-29 23:41:11,246 appended malicious propose 5a816331c5 on top of eb0ee4cf0e
2018-05-29 23:41:11,246 appended malicious commit 321eb00bbe on top of 5a816331c5
2018-05-29 23:41:11,247 weight: 48
2018-05-29 23:41:11,247 , 48
2018-05-29 23:41:11,251 start mining - depth 48
2018-05-29 23:41:11,251 start mining - hash 321eb00bbeec59c275a7bcdd984b8c50506ffa18fe6fd3cea83c9cc811016eca
2018-05-29 23:41:15,576 RCV proposal_commit
2018-05-29 23:41:15,581 appended honest propose faf3fc0d15 on top of 321eb00bbe
2018-05-29 23:41:15,582 appended honest commit d5d57a8e03 on top of faf3fc0d15
2018-05-29 23:41:15,582 weight: 49
2018-05-29 23:41:15,583 , 49
2018-05-29 23:41:18,256 RF found but not transmitted
2018-05-29 23:41:18,257 hash found
2018-05-29 23:41:18,260 appended malicious propose 750891a438 on top of 321eb00bbe
2018-05-29 23:41:18,260 appended malicious commit eda23d03ad on top of 750891a438
2018-05-29 23:41:18,260 weight: 49
2018-05-29 23:41:18,260 SNT proposal_commit
2018-05-29 23:41:18,321 , 49
2018-05-29 23:41:18,322 start mining - depth 49
2018-05-29 23:41:18,322 start mining - hash eda23d03ade22235040f2ce01d92363060ecb6c125172d0e5be2909ca9a744f3
2018-05-29 23:41:20,662 RF found but not transmitted
2018-05-29 23:41:21,118 RCV proposal_commit
2018-05-29 23:41:21,120 appended honest propose 2d9310f41f on top of d5d57a8e03
2018-05-29 23:41:21,121 appended honest commit 3786e16424 on top of 2d9310f41f
2018-05-29 23:41:21,121 weight: 50
2018-05-29 23:41:21,121 , 50
2018-05-29 23:41:21,121 LOSE: MALICIOUS LOST 2 - 1
2018-05-29 23:41:21,121 start mining - depth 50
2018-05-29 23:41:21,122 start mining - hash 3786e164249e81ef354ecbd0d56c0334e569a1be849c15f813d8a96c3b987b2a
2018-05-29 23:41:21,746 RCV proposal_commit
2018-05-29 23:41:21,748 appended honest propose e3fe86f512 on top of 3786e16424
2018-05-29 23:41:21,748 appended honest commit 7dc0a6ac8b on top of e3fe86f512
2018-05-29 23:41:21,748 weight: 51
2018-05-29 23:41:21,749 , 51
2018-05-29 23:41:25,254 RF found but not transmitted
