2018-06-11 23:45:25,666 ---------------------------------------------------------
2018-06-11 23:45:25,668 MALICIOUS MINING state
2018-06-11 23:45:26,708 start mining - depth 0
2018-06-11 23:45:26,709 start mining - hash 61432067aa3add4665873ab772604889e08d2e27926a80028bc01c901460c7c6
2018-06-11 23:45:27,380 RCV reinforcement info
2018-06-11 23:45:28,957 RCV reinforcement info
2018-06-11 23:45:29,949 RCV malicious_prop_agreement
2018-06-11 23:45:30,257 RCV reinforcement info
2018-06-11 23:45:30,548 RCV reinforcement info
2018-06-11 23:45:30,705 RCV reinforcement info
2018-06-11 23:45:31,072 RCV reinforcement info
2018-06-11 23:45:31,583 RF found but not transmitted
2018-06-11 23:45:32,876 RCV reinforcement info
2018-06-11 23:45:34,376 RCV reinforcement info
2018-06-11 23:45:35,659 RCV reinforcement info
2018-06-11 23:45:36,290 RCV reinforcement info
2018-06-11 23:45:36,362 RCV reinforcement info
2018-06-11 23:45:36,935 RCV reinforcement info
2018-06-11 23:45:37,214 RCV reinforcement info
2018-06-11 23:45:37,641 RCV reinforcement info
2018-06-11 23:45:39,085 RCV reinforcement info
2018-06-11 23:45:39,360 RCV reinforcement info
2018-06-11 23:45:39,394 RCV reinforcement info
2018-06-11 23:45:39,425 RCV reinforcement info
2018-06-11 23:45:39,535 RCV reinforcement info
2018-06-11 23:45:39,560 RCV proposal
2018-06-11 23:45:39,563 appended honest propose 0e4ef6397b on top of 61432067aa
2018-06-11 23:45:39,703 RCV reinforcement
2018-06-11 23:45:39,712 RCV reinforcement
2018-06-11 23:45:39,731 RCV reinforcement
2018-06-11 23:45:39,746 RCV reinforcement
2018-06-11 23:45:39,804 RCV reinforcement
2018-06-11 23:45:39,816 RCV reinforcement
2018-06-11 23:45:39,916 RCV reinforcement info
2018-06-11 23:45:40,038 RCV reinforcement
2018-06-11 23:45:41,244 RCV reinforcement info
2018-06-11 23:45:41,273 RCV reinforcement info
2018-06-11 23:45:41,282 RCV reinforcement info
2018-06-11 23:45:41,330 RCV commit
2018-06-11 23:45:41,444 appended honest commit df0b1c36e0 on top of 0e4ef6397b
2018-06-11 23:45:41,506 Weight: 4.385026971844745 #RFs 20
2018-06-11 23:45:41,506 weight: 4.385026971844745
2018-06-11 23:45:41,507 , 4.385026971844745
2018-06-11 23:45:41,559 RCV reinforcement
2018-06-11 23:45:41,646 RCV reinforcement
2018-06-11 23:45:41,775 RCV reinforcement
2018-06-11 23:45:41,812 RCV reinforcement info
2018-06-11 23:45:42,127 RCV proposal
2018-06-11 23:45:42,129 appended malicious propose 4271db0180 on top of 61432067aa
2018-06-11 23:45:42,129 REINFORCEMENT SENT state
2018-06-11 23:45:42,130 SNT reinforcement
2018-06-11 23:45:42,260 RCV reinforcement
2018-06-11 23:45:42,731 RF found but not transmitted
2018-06-11 23:45:42,733 SNT reinforcement
2018-06-11 23:45:42,831 RCV reinforcement info
2018-06-11 23:45:43,137 RF found but not transmitted
2018-06-11 23:45:43,146 SNT reinforcement
2018-06-11 23:45:43,600 RCV commit
2018-06-11 23:45:43,689 appended malicious commit 73cebd84c5 on top of 4271db0180
2018-06-11 23:45:43,735 Weight: 4.578671114995028 #RFs 10
2018-06-11 23:45:43,735 weight: 4.578671114995028
2018-06-11 23:45:43,736 , 4.578671114995028
2018-06-11 23:45:43,736 MALICIOUS MINING state
2018-06-11 23:45:43,736 start mining - depth 1
2018-06-11 23:45:43,737 start mining - hash 73cebd84c51e5a266a0da421ab71073a37f812a4fe7869dcea08c340c0efd2a4
2018-06-11 23:45:43,977 RF found but not transmitted
2018-06-11 23:45:46,001 RCV reinforcement info
2018-06-11 23:45:47,303 RCV reinforcement info
2018-06-11 23:45:48,573 RF found but not transmitted
2018-06-11 23:45:48,826 RCV reinforcement info
2018-06-11 23:45:49,563 RCV reinforcement info
2018-06-11 23:45:50,193 RCV reinforcement info
2018-06-11 23:45:50,930 RCV proposal
2018-06-11 23:45:50,933 appended honest propose e5d00a095b on top of df0b1c36e0
2018-06-11 23:45:51,055 RCV reinforcement
2018-06-11 23:45:51,078 RCV reinforcement
2018-06-11 23:45:51,097 RCV reinforcement
2018-06-11 23:45:51,101 RCV reinforcement
2018-06-11 23:45:51,106 RCV reinforcement
2018-06-11 23:45:51,922 RF found but not transmitted
2018-06-11 23:45:52,444 RCV commit
2018-06-11 23:45:52,502 appended honest commit 3635b63466 on top of e5d00a095b
2018-06-11 23:45:52,554 Weight: 6.620334043656908 #RFs 7
2018-06-11 23:45:52,555 weight: 6.620334043656908
2018-06-11 23:45:52,557 , 6.620334043656908
2018-06-11 23:45:52,557 Synchronizing branches
2018-06-11 23:45:52,558 start mining - depth 2
2018-06-11 23:45:52,558 start mining - hash 3635b634661c6cabff04092b92605ec80b60a5ae72e8c7534d9002e113a9d75b
2018-06-11 23:45:53,584 RCV reinforcement info
2018-06-11 23:45:54,423 RCV reinforcement info
2018-06-11 23:45:54,916 RCV reinforcement info
2018-06-11 23:45:55,529 RCV reinforcement info
2018-06-11 23:45:55,926 RCV proposal
2018-06-11 23:45:55,930 appended honest propose f6e30e811d on top of 3635b63466
2018-06-11 23:45:56,000 RCV reinforcement
2018-06-11 23:45:56,004 RCV reinforcement
2018-06-11 23:45:56,106 RCV reinforcement info
2018-06-11 23:45:56,183 RCV reinforcement
2018-06-11 23:45:56,833 RF found but not transmitted
2018-06-11 23:45:56,889 RCV reinforcement info
2018-06-11 23:45:56,965 RCV reinforcement
2018-06-11 23:45:57,446 RCV commit
2018-06-11 23:45:57,485 appended honest commit f388e6f0de on top of f6e30e811d
2018-06-11 23:45:57,511 Weight: 8.800101486025651 #RFs 6
2018-06-11 23:45:57,511 weight: 8.800101486025651
2018-06-11 23:45:57,511 , 8.800101486025651
2018-06-11 23:45:57,512 start mining - depth 3
2018-06-11 23:45:57,512 start mining - hash f388e6f0de6daa9df33770b3881cbb8ad8fe7defef8a80cd2ac971568b584e5b
2018-06-11 23:45:57,707 RCV reinforcement info
2018-06-11 23:45:59,702 RCV reinforcement info
2018-06-11 23:46:00,294 RCV reinforcement info
2018-06-11 23:46:00,367 RCV reinforcement info
2018-06-11 23:46:01,795 RCV reinforcement info
2018-06-11 23:46:02,397 RF found but not transmitted
2018-06-11 23:46:02,819 RCV reinforcement info
2018-06-11 23:46:02,908 RCV reinforcement info
2018-06-11 23:46:02,929 RCV reinforcement info
2018-06-11 23:46:03,144 RCV malicious_prop_agreement
2018-06-11 23:46:04,301 RCV reinforcement info
2018-06-11 23:46:04,431 RCV reinforcement info
2018-06-11 23:46:04,792 RF found but not transmitted
2018-06-11 23:46:04,819 RCV reinforcement info
2018-06-11 23:46:04,890 RCV reinforcement info
2018-06-11 23:46:05,771 RCV reinforcement info
2018-06-11 23:46:05,932 RCV reinforcement info
2018-06-11 23:46:06,178 RCV reinforcement info
2018-06-11 23:46:06,248 RCV reinforcement info
2018-06-11 23:46:06,606 RCV reinforcement info
2018-06-11 23:46:06,855 RCV reinforcement info
2018-06-11 23:46:07,030 RCV reinforcement info
2018-06-11 23:46:07,385 RCV reinforcement info
2018-06-11 23:46:07,434 RCV reinforcement info
2018-06-11 23:46:08,027 RCV reinforcement info
2018-06-11 23:46:08,896 RCV reinforcement info
2018-06-11 23:46:09,176 RCV reinforcement info
2018-06-11 23:46:09,652 RCV reinforcement info
2018-06-11 23:46:10,513 RCV reinforcement info
2018-06-11 23:46:10,789 RF found but not transmitted
2018-06-11 23:46:11,048 RCV reinforcement info
2018-06-11 23:46:11,661 RCV reinforcement info
2018-06-11 23:46:12,236 RF found but not transmitted
2018-06-11 23:46:14,025 RCV reinforcement info
2018-06-11 23:46:14,506 RCV reinforcement info
2018-06-11 23:46:15,652 RCV reinforcement info
2018-06-11 23:46:15,787 RCV reinforcement info
2018-06-11 23:46:16,408 RCV reinforcement info
2018-06-11 23:46:16,460 RCV reinforcement info
2018-06-11 23:46:16,600 RCV reinforcement info
2018-06-11 23:46:16,616 RF found but not transmitted
2018-06-11 23:46:16,882 RF found but not transmitted
2018-06-11 23:46:17,391 RCV proposal
2018-06-11 23:46:17,394 appended honest propose 46c9df9115 on top of f388e6f0de
2018-06-11 23:46:17,526 RCV reinforcement
2018-06-11 23:46:17,542 RCV reinforcement
2018-06-11 23:46:17,569 RCV reinforcement
2018-06-11 23:46:17,579 RCV reinforcement
2018-06-11 23:46:17,602 RCV reinforcement
2018-06-11 23:46:17,609 RCV reinforcement
2018-06-11 23:46:18,300 RCV reinforcement info
2018-06-11 23:46:18,373 RCV reinforcement
2018-06-11 23:46:18,618 RCV reinforcement info
2018-06-11 23:46:18,684 RCV reinforcement
2018-06-11 23:46:18,837 RCV reinforcement info
2018-06-11 23:46:18,908 RCV reinforcement
2018-06-11 23:46:19,084 RCV reinforcement info
2018-06-11 23:46:19,148 RCV commit
2018-06-11 23:46:19,363 appended honest commit 8bc5e809c4 on top of 46c9df9115
2018-06-11 23:46:19,580 Weight: 15.557908042721067 #RFs 36
2018-06-11 23:46:19,580 weight: 15.557908042721067
2018-06-11 23:46:19,580 , 15.557908042721067
2018-06-11 23:46:19,584 RCV reinforcement
2018-06-11 23:46:19,767 RCV proposal
2018-06-11 23:46:19,772 appended malicious propose 095f1efd69 on top of f388e6f0de
2018-06-11 23:46:19,773 REINFORCEMENT SENT state
2018-06-11 23:46:19,774 SNT reinforcement
2018-06-11 23:46:19,885 RCV reinforcement
2018-06-11 23:46:19,966 RCV reinforcement info
2018-06-11 23:46:20,549 RCV reinforcement
2018-06-11 23:46:21,117 RCV reinforcement info
2018-06-11 23:46:21,402 RCV commit
2018-06-11 23:46:21,523 appended malicious commit 84e8acd94d on top of 095f1efd69
2018-06-11 23:46:21,629 Weight: 13.097454427088056 #RFs 18
2018-06-11 23:46:21,635 weight: 13.097454427088056
2018-06-11 23:46:21,635 , 13.097454427088056
2018-06-11 23:46:21,635 MALICIOUS MINING state
2018-06-11 23:46:21,636 start mining - depth 4
2018-06-11 23:46:21,636 start mining - hash 8bc5e809c4387fda937d385664572222fa29abc01483e63aa798cfd3948c77cc
2018-06-11 23:46:21,645 RCV reinforcement info
2018-06-11 23:46:22,022 RCV reinforcement info
2018-06-11 23:46:22,207 RF found but not transmitted
2018-06-11 23:46:22,553 RCV reinforcement info
2018-06-11 23:46:22,706 RCV reinforcement info
2018-06-11 23:46:23,057 RCV reinforcement info
2018-06-11 23:46:23,778 RF found but not transmitted
2018-06-11 23:46:23,944 RCV reinforcement info
2018-06-11 23:46:25,121 RCV reinforcement info
2018-06-11 23:46:25,332 RCV reinforcement info
2018-06-11 23:46:25,365 RCV reinforcement info
2018-06-11 23:46:25,637 RCV reinforcement info
2018-06-11 23:46:26,106 RCV reinforcement info
2018-06-11 23:46:26,580 RCV reinforcement info
2018-06-11 23:46:27,088 RF found but not transmitted
2018-06-11 23:46:27,329 RCV reinforcement info
2018-06-11 23:46:27,459 RCV reinforcement info
2018-06-11 23:46:28,260 RCV reinforcement info
2018-06-11 23:46:28,504 RCV reinforcement info
2018-06-11 23:46:28,804 RCV reinforcement info
2018-06-11 23:46:29,724 RCV reinforcement info
2018-06-11 23:46:29,933 RCV reinforcement info
2018-06-11 23:46:31,807 RCV reinforcement info
2018-06-11 23:46:32,769 RCV reinforcement info
2018-06-11 23:46:32,933 RCV reinforcement info
2018-06-11 23:46:33,152 RCV reinforcement info
2018-06-11 23:46:33,425 RCV reinforcement info
2018-06-11 23:46:33,491 RCV reinforcement info
2018-06-11 23:46:34,683 RCV reinforcement info
2018-06-11 23:46:35,743 RCV reinforcement info
2018-06-11 23:46:38,478 RCV reinforcement info
2018-06-11 23:46:38,569 RCV reinforcement info
2018-06-11 23:46:39,466 RCV reinforcement info
2018-06-11 23:46:39,789 RCV reinforcement info
2018-06-11 23:46:41,445 RCV reinforcement info
2018-06-11 23:46:42,743 RF found but not transmitted
2018-06-11 23:46:42,811 RCV reinforcement info
2018-06-11 23:46:43,034 RCV reinforcement info
2018-06-11 23:46:43,477 RCV reinforcement info
2018-06-11 23:46:43,675 RCV reinforcement info
2018-06-11 23:46:44,004 RCV reinforcement info
2018-06-11 23:46:44,092 RCV reinforcement info
2018-06-11 23:46:44,253 RCV reinforcement info
2018-06-11 23:46:45,226 RCV reinforcement info
2018-06-11 23:46:46,958 RCV proposal
2018-06-11 23:46:46,961 appended honest propose 3c8a50d5d3 on top of 8bc5e809c4
2018-06-11 23:46:47,099 RCV reinforcement info
2018-06-11 23:46:47,115 RCV reinforcement
2018-06-11 23:46:47,163 RCV reinforcement
2018-06-11 23:46:47,171 RCV reinforcement
2018-06-11 23:46:47,189 RCV reinforcement
2018-06-11 23:46:47,198 RCV reinforcement
2018-06-11 23:46:47,220 RCV reinforcement
2018-06-11 23:46:47,296 RCV reinforcement
2018-06-11 23:46:48,696 RCV commit
2018-06-11 23:46:49,106 appended honest commit b14ee135e3 on top of 3c8a50d5d3
2018-06-11 23:46:49,401 Weight: 21.744134768319192 #RFs 42
2018-06-11 23:46:49,401 weight: 21.744134768319192
2018-06-11 23:46:49,401 , 21.744134768319192
2018-06-11 23:46:49,404 start mining - depth 5
2018-06-11 23:46:49,405 start mining - hash b14ee135e3cf6b433aff4dd1d0c0a869ad1cf69c0f17b64d2df8d7780fc3983d
2018-06-11 23:46:49,406 Hashing frequency: 4334
2018-06-11 23:46:49,916 RF found but not transmitted
2018-06-11 23:46:50,115 RCV malicious_prop_agreement
2018-06-11 23:46:50,669 RCV reinforcement info
2018-06-11 23:46:50,745 RCV reinforcement info
2018-06-11 23:46:51,090 RCV reinforcement info
2018-06-11 23:46:51,536 RCV reinforcement info
2018-06-11 23:46:52,229 RCV reinforcement info
2018-06-11 23:46:52,731 RF found but not transmitted
2018-06-11 23:46:53,029 RCV reinforcement info
2018-06-11 23:46:53,504 RCV reinforcement info
2018-06-11 23:46:53,642 RCV reinforcement info
2018-06-11 23:46:53,689 RCV reinforcement info
2018-06-11 23:46:53,833 RF found but not transmitted
2018-06-11 23:46:53,841 RCV reinforcement info
2018-06-11 23:46:54,089 RF found but not transmitted
2018-06-11 23:46:54,256 RCV reinforcement info
2018-06-11 23:46:54,666 RCV reinforcement info
2018-06-11 23:46:55,293 RCV reinforcement info
2018-06-11 23:46:55,942 RCV reinforcement info
2018-06-11 23:46:56,579 RF found but not transmitted
2018-06-11 23:46:57,907 RCV reinforcement info
2018-06-11 23:46:57,988 RCV reinforcement info
2018-06-11 23:46:57,998 RF found but not transmitted
2018-06-11 23:46:58,203 RF found but not transmitted
2018-06-11 23:46:58,831 RCV reinforcement info
2018-06-11 23:46:59,309 RCV reinforcement info
2018-06-11 23:46:59,412 RCV reinforcement info
2018-06-11 23:46:59,758 RF found but not transmitted
2018-06-11 23:47:00,204 RCV reinforcement info
2018-06-11 23:47:00,741 RCV reinforcement info
2018-06-11 23:47:01,021 RCV reinforcement info
2018-06-11 23:47:02,469 RCV reinforcement info
2018-06-11 23:47:02,809 RCV reinforcement info
2018-06-11 23:47:02,933 RCV reinforcement info
2018-06-11 23:47:03,419 RCV reinforcement info
2018-06-11 23:47:04,626 RCV reinforcement info
2018-06-11 23:47:05,836 RCV reinforcement info
2018-06-11 23:47:06,209 RCV reinforcement info
2018-06-11 23:47:06,279 RCV reinforcement info
2018-06-11 23:47:06,486 RCV reinforcement info
2018-06-11 23:47:06,820 RCV reinforcement info
2018-06-11 23:47:07,106 RCV reinforcement info
2018-06-11 23:47:07,704 RCV reinforcement info
2018-06-11 23:47:09,012 RF found but not transmitted
2018-06-11 23:47:09,612 RCV reinforcement info
2018-06-11 23:47:10,345 RF found but not transmitted
2018-06-11 23:47:11,556 RCV reinforcement info
2018-06-11 23:47:12,638 RCV reinforcement info
2018-06-11 23:47:12,815 RF found but not transmitted
2018-06-11 23:47:13,419 RF found but not transmitted
2018-06-11 23:47:14,066 RCV reinforcement info
2018-06-11 23:47:16,153 RCV reinforcement info
2018-06-11 23:47:16,678 RCV reinforcement info
2018-06-11 23:47:17,496 RCV reinforcement info
2018-06-11 23:47:17,892 RF found but not transmitted
2018-06-11 23:47:18,779 RCV reinforcement info
2018-06-11 23:47:18,950 RCV reinforcement info
2018-06-11 23:47:19,861 RCV proposal
2018-06-11 23:47:19,865 appended honest propose b358c0f935 on top of b14ee135e3
2018-06-11 23:47:20,019 RCV reinforcement
2018-06-11 23:47:20,083 RCV reinforcement
2018-06-11 23:47:20,087 RCV reinforcement
2018-06-11 23:47:20,104 RCV reinforcement
2018-06-11 23:47:20,115 RCV reinforcement
2018-06-11 23:47:20,125 RCV reinforcement
2018-06-11 23:47:20,743 RF found but not transmitted
2018-06-11 23:47:21,052 RCV reinforcement info
2018-06-11 23:47:21,125 RCV reinforcement
2018-06-11 23:47:21,524 RCV commit
2018-06-11 23:47:21,914 appended honest commit a5fcede57f on top of b358c0f935
2018-06-11 23:47:22,229 Weight: 30.856184674992836 #RFs 44
2018-06-11 23:47:22,229 weight: 30.856184674992836
2018-06-11 23:47:22,230 , 30.856184674992836
2018-06-11 23:47:22,399 RCV proposal
2018-06-11 23:47:22,402 appended malicious propose 33cff2787e on top of b14ee135e3
2018-06-11 23:47:22,403 REINFORCEMENT SENT state
2018-06-11 23:47:22,405 SNT reinforcement
2018-06-11 23:47:22,486 RCV reinforcement
2018-06-11 23:47:22,937 RCV reinforcement info
2018-06-11 23:47:23,332 RCV reinforcement info
2018-06-11 23:47:23,653 RCV reinforcement info
2018-06-11 23:47:23,966 RCV commit
2018-06-11 23:47:24,232 appended malicious commit 483cbd23f8 on top of 33cff2787e
2018-06-11 23:47:24,422 Weight: 28.452677894594284 #RFs 27
2018-06-11 23:47:24,422 weight: 28.452677894594284
2018-06-11 23:47:24,422 , 28.452677894594284
2018-06-11 23:47:24,424 MALICIOUS MINING state
2018-06-11 23:47:24,425 start mining - depth 6
2018-06-11 23:47:24,425 start mining - hash a5fcede57f46d3a0697b8332b66fb15a2d0f4f80414860c49236523014dd1d1f
2018-06-11 23:47:24,895 RCV reinforcement info
2018-06-11 23:47:24,913 RCV reinforcement info
2018-06-11 23:47:25,554 RCV reinforcement info
2018-06-11 23:47:26,130 RCV malicious_prop_agreement
2018-06-11 23:47:26,805 RCV reinforcement info
2018-06-11 23:47:26,863 RCV reinforcement info
2018-06-11 23:47:27,313 RCV reinforcement info
2018-06-11 23:47:27,577 RF found but not transmitted
2018-06-11 23:47:27,864 RCV reinforcement info
2018-06-11 23:47:28,330 RCV reinforcement info
2018-06-11 23:47:28,674 RCV reinforcement info
2018-06-11 23:47:29,300 RCV reinforcement info
2018-06-11 23:47:29,712 RCV reinforcement info
2018-06-11 23:47:30,223 RCV reinforcement info
2018-06-11 23:47:31,975 RCV reinforcement info
2018-06-11 23:47:32,179 RCV reinforcement info
2018-06-11 23:47:33,787 RCV reinforcement info
2018-06-11 23:47:34,065 RCV reinforcement info
2018-06-11 23:47:34,467 RCV reinforcement info
2018-06-11 23:47:36,695 RCV reinforcement info
2018-06-11 23:47:37,457 RCV reinforcement info
2018-06-11 23:47:37,554 RCV reinforcement info
2018-06-11 23:47:37,681 RCV reinforcement info
2018-06-11 23:47:37,889 RCV reinforcement info
2018-06-11 23:47:38,349 RCV reinforcement info
2018-06-11 23:47:38,689 RCV reinforcement info
2018-06-11 23:47:39,359 RF found but not transmitted
2018-06-11 23:47:39,999 RCV reinforcement info
2018-06-11 23:47:40,183 RCV reinforcement info
2018-06-11 23:47:40,385 RCV reinforcement info
2018-06-11 23:47:40,990 RCV reinforcement info
2018-06-11 23:47:41,460 RCV reinforcement info
2018-06-11 23:47:43,578 RCV reinforcement info
2018-06-11 23:47:43,821 RCV reinforcement info
2018-06-11 23:47:43,863 RCV reinforcement info
2018-06-11 23:47:43,909 RCV reinforcement info
2018-06-11 23:47:44,084 RCV reinforcement info
2018-06-11 23:47:44,354 RCV reinforcement info
2018-06-11 23:47:44,632 RCV reinforcement info
2018-06-11 23:47:45,366 RF found but not transmitted
2018-06-11 23:47:45,958 RCV reinforcement info
2018-06-11 23:47:46,572 RCV reinforcement info
2018-06-11 23:47:47,095 RCV reinforcement info
2018-06-11 23:47:47,146 RCV reinforcement info
2018-06-11 23:47:47,313 RCV reinforcement info
2018-06-11 23:47:47,808 RCV reinforcement info
2018-06-11 23:47:48,523 RCV reinforcement info
2018-06-11 23:47:49,164 RF found but not transmitted
2018-06-11 23:47:49,167 RCV reinforcement info
2018-06-11 23:47:49,283 RCV reinforcement info
2018-06-11 23:47:50,537 RF found but not transmitted
2018-06-11 23:47:51,298 RF found but not transmitted
2018-06-11 23:47:51,699 RCV reinforcement info
2018-06-11 23:47:51,815 RCV proposal
2018-06-11 23:47:51,820 appended honest propose 230cb0ca8c on top of a5fcede57f
2018-06-11 23:47:51,956 RCV reinforcement
2018-06-11 23:47:51,967 RCV reinforcement
2018-06-11 23:47:51,982 RCV reinforcement
2018-06-11 23:47:51,987 RCV reinforcement
2018-06-11 23:47:52,012 RCV reinforcement
2018-06-11 23:47:52,034 RCV reinforcement
2018-06-11 23:47:52,383 RCV reinforcement info
2018-06-11 23:47:52,451 RCV reinforcement
2018-06-11 23:47:52,494 RF found but not transmitted
2018-06-11 23:47:53,416 RCV reinforcement info
2018-06-11 23:47:53,493 RCV reinforcement
2018-06-11 23:47:53,522 RCV reinforcement info
2018-06-11 23:47:53,553 RCV commit
2018-06-11 23:47:53,824 appended honest commit f2df86dc02 on top of 230cb0ca8c
2018-06-11 23:47:54,137 Weight: 40.230517344607165 #RFs 50
2018-06-11 23:47:54,140 weight: 40.230517344607165
2018-06-11 23:47:54,140 , 40.230517344607165
2018-06-11 23:47:54,146 RCV reinforcement
2018-06-11 23:47:54,297 RCV proposal
2018-06-11 23:47:54,300 appended malicious propose 12fa7b2534 on top of a5fcede57f
2018-06-11 23:47:54,308 REINFORCEMENT SENT state
2018-06-11 23:47:54,310 SNT reinforcement
2018-06-11 23:47:54,380 RCV reinforcement
2018-06-11 23:47:55,875 RCV commit
2018-06-11 23:47:56,078 appended malicious commit bd522b4b6d on top of 12fa7b2534
2018-06-11 23:47:56,183 Weight: 38.67878535607298 #RFs 22
2018-06-11 23:47:56,183 weight: 38.67878535607298
2018-06-11 23:47:56,186 , 38.67878535607298
2018-06-11 23:47:56,188 MALICIOUS MINING state
2018-06-11 23:47:56,189 start mining - depth 7
2018-06-11 23:47:56,190 start mining - hash f2df86dc021e3015601da618117ad849b3600ca0e76535f25facfffc32f0ad2f
2018-06-11 23:47:56,191 Hashing frequency: 3476
2018-06-11 23:47:57,247 RCV reinforcement info
2018-06-11 23:47:57,503 RF found but not transmitted
2018-06-11 23:47:57,970 RCV reinforcement info
2018-06-11 23:47:58,610 RCV reinforcement info
2018-06-11 23:48:00,980 RCV reinforcement info
2018-06-11 23:48:03,207 RF found but not transmitted
2018-06-11 23:48:03,468 RCV reinforcement info
2018-06-11 23:48:04,326 RCV reinforcement info
2018-06-11 23:48:04,480 RF found but not transmitted
2018-06-11 23:48:05,607 RCV reinforcement info
2018-06-11 23:48:05,678 RCV reinforcement info
2018-06-11 23:48:06,581 RCV proposal
2018-06-11 23:48:06,585 appended honest propose eb23917da3 on top of f2df86dc02
2018-06-11 23:48:06,701 RCV reinforcement
2018-06-11 23:48:06,730 RCV reinforcement
2018-06-11 23:48:06,734 RCV reinforcement
2018-06-11 23:48:06,746 RCV reinforcement
2018-06-11 23:48:06,765 RCV reinforcement
2018-06-11 23:48:07,332 RCV reinforcement info
2018-06-11 23:48:07,394 RCV reinforcement
2018-06-11 23:48:07,406 RCV reinforcement info
2018-06-11 23:48:07,472 RCV reinforcement
2018-06-11 23:48:07,604 RCV reinforcement info
2018-06-11 23:48:07,665 RCV reinforcement
2018-06-11 23:48:08,024 RCV reinforcement info
2018-06-11 23:48:08,119 RCV reinforcement
2018-06-11 23:48:08,168 RCV commit
2018-06-11 23:48:08,229 appended honest commit 0c71a6df12 on top of eb23917da3
2018-06-11 23:48:08,273 Weight: 43.640602037453014 #RFs 10
2018-06-11 23:48:08,273 weight: 43.640602037453014
2018-06-11 23:48:08,273 , 43.640602037453014
2018-06-11 23:48:08,275 start mining - depth 8
2018-06-11 23:48:08,275 start mining - hash 0c71a6df121909b0c2d7db517fed4aa8f9abf11d3635c768eea3e62fecd73a8c
2018-06-11 23:48:08,808 RCV reinforcement info
2018-06-11 23:48:08,904 RCV reinforcement info
2018-06-11 23:48:09,077 RCV reinforcement info
2018-06-11 23:48:09,225 RCV reinforcement info
2018-06-11 23:48:10,392 RCV reinforcement info
2018-06-11 23:48:10,673 RCV reinforcement info
2018-06-11 23:48:10,827 RCV reinforcement info
2018-06-11 23:48:11,088 RCV reinforcement info
2018-06-11 23:48:12,990 RCV reinforcement info
2018-06-11 23:48:13,096 RCV reinforcement info
2018-06-11 23:48:14,725 RCV reinforcement info
2018-06-11 23:48:16,362 RCV reinforcement info
2018-06-11 23:48:16,817 RCV reinforcement info
2018-06-11 23:48:17,331 RCV reinforcement info
2018-06-11 23:48:18,237 RCV reinforcement info
2018-06-11 23:48:18,663 RCV reinforcement info
2018-06-11 23:48:18,728 RCV reinforcement info
2018-06-11 23:48:18,812 RCV reinforcement info
2018-06-11 23:48:18,906 RF found but not transmitted
2018-06-11 23:48:18,935 RCV reinforcement info
2018-06-11 23:48:20,428 RCV reinforcement info
2018-06-11 23:48:21,272 RCV reinforcement info
2018-06-11 23:48:21,600 RCV reinforcement info
2018-06-11 23:48:21,671 RCV reinforcement info
2018-06-11 23:48:21,692 RCV malicious_prop_agreement
2018-06-11 23:48:21,771 RCV reinforcement info
2018-06-11 23:48:22,498 RCV reinforcement info
2018-06-11 23:48:23,447 RCV proposal
2018-06-11 23:48:23,450 appended honest propose 5b30364f02 on top of 0c71a6df12
2018-06-11 23:48:23,577 RCV reinforcement
2018-06-11 23:48:23,590 RCV reinforcement
2018-06-11 23:48:23,602 RCV reinforcement
2018-06-11 23:48:23,615 RCV reinforcement
2018-06-11 23:48:23,620 RCV reinforcement
2018-06-11 23:48:23,642 RCV reinforcement
2018-06-11 23:48:25,040 RCV commit
2018-06-11 23:48:25,229 appended honest commit 365a28ac59 on top of 5b30364f02
2018-06-11 23:48:25,351 Weight: 49.40043786766024 #RFs 25
2018-06-11 23:48:25,351 weight: 49.40043786766024
2018-06-11 23:48:25,352 , 49.40043786766024
2018-06-11 23:48:25,456 RCV reinforcement info
2018-06-11 23:48:25,490 RCV proposal
2018-06-11 23:48:25,494 appended malicious propose 0fe6dac6a0 on top of 0c71a6df12
2018-06-11 23:48:25,495 REINFORCEMENT SENT state
2018-06-11 23:48:25,496 SNT reinforcement
2018-06-11 23:48:25,561 RCV reinforcement
2018-06-11 23:48:25,661 RCV reinforcement info
2018-06-11 23:48:25,843 RCV reinforcement info
2018-06-11 23:48:25,953 RCV reinforcement info
2018-06-11 23:48:26,009 RF found but not transmitted
2018-06-11 23:48:26,011 SNT reinforcement
2018-06-11 23:48:26,495 RCV reinforcement info
2018-06-11 23:48:27,008 RCV commit
2018-06-11 23:48:27,064 appended malicious commit 86d817accd on top of 0fe6dac6a0
2018-06-11 23:48:27,127 Weight: 46.727998206190186 #RFs 10
2018-06-11 23:48:27,127 weight: 46.727998206190186
2018-06-11 23:48:27,128 , 46.727998206190186
2018-06-11 23:48:27,128 MALICIOUS MINING state
2018-06-11 23:48:27,129 start mining - depth 9
2018-06-11 23:48:27,130 start mining - hash 365a28ac5988cdf9f6948557f467733a4bbef81e649f9033c40c37d1b96f186f
2018-06-11 23:48:27,138 RCV reinforcement info
2018-06-11 23:48:27,486 RCV reinforcement info
2018-06-11 23:48:27,572 RCV reinforcement info
2018-06-11 23:48:29,278 RCV reinforcement info
2018-06-11 23:48:30,840 RCV reinforcement info
2018-06-11 23:48:31,454 RF found but not transmitted
2018-06-11 23:48:32,141 RF found but not transmitted
2018-06-11 23:48:33,860 RF found but not transmitted
2018-06-11 23:48:34,263 RCV reinforcement info
2018-06-11 23:48:35,352 RCV reinforcement info
2018-06-11 23:48:35,563 RCV reinforcement info
2018-06-11 23:48:36,153 RCV malicious_prop_agreement
2018-06-11 23:48:36,403 RCV reinforcement info
2018-06-11 23:48:37,106 RCV reinforcement info
2018-06-11 23:48:38,200 RF found but not transmitted
2018-06-11 23:48:38,640 RF found but not transmitted
2018-06-11 23:48:39,570 RCV reinforcement info
2018-06-11 23:48:39,796 RCV reinforcement info
2018-06-11 23:48:40,026 RCV reinforcement info
2018-06-11 23:48:41,693 RF found but not transmitted
2018-06-11 23:48:42,581 RCV reinforcement info
2018-06-11 23:48:43,813 RCV reinforcement info
2018-06-11 23:48:45,326 RCV proposal
2018-06-11 23:48:45,330 appended honest propose fea6a4cb4e on top of 365a28ac59
2018-06-11 23:48:45,477 RCV reinforcement
2018-06-11 23:48:45,488 RCV reinforcement
2018-06-11 23:48:45,493 RCV reinforcement
2018-06-11 23:48:45,507 RCV reinforcement
2018-06-11 23:48:45,514 RCV reinforcement
2018-06-11 23:48:45,535 RCV reinforcement
2018-06-11 23:48:46,840 RCV reinforcement info
2018-06-11 23:48:46,921 RCV reinforcement
2018-06-11 23:48:46,947 RCV commit
2018-06-11 23:48:47,063 appended honest commit 5d01e2a29b on top of fea6a4cb4e
2018-06-11 23:48:47,188 Weight: 53.822321526722355 #RFs 20
2018-06-11 23:48:47,188 weight: 53.822321526722355
2018-06-11 23:48:47,188 , 53.822321526722355
2018-06-11 23:48:47,339 RCV proposal
2018-06-11 23:48:47,345 appended malicious propose d5f19fa073 on top of 365a28ac59
2018-06-11 23:48:47,346 REINFORCEMENT SENT state
2018-06-11 23:48:47,347 SNT reinforcement
2018-06-11 23:48:47,442 RCV reinforcement
2018-06-11 23:48:47,462 RCV reinforcement info
2018-06-11 23:48:48,381 RCV reinforcement info
2018-06-11 23:48:48,819 RCV reinforcement
2018-06-11 23:48:48,855 RCV reinforcement info
2018-06-11 23:48:48,925 RCV commit
2018-06-11 23:48:49,025 appended malicious commit 921f1843c6 on top of d5f19fa073
2018-06-11 23:48:49,166 Weight: 55.085615994522946 #RFs 19
2018-06-11 23:48:49,166 weight: 55.085615994522946
2018-06-11 23:48:49,166 , 55.085615994522946
2018-06-11 23:48:49,168 MALICIOUS MINING state
2018-06-11 23:48:49,168 start mining - depth 10
2018-06-11 23:48:49,168 start mining - hash 921f1843c6bf06ee22933fa793a915c056027babbe38e14e39eba7cbed7bcda2
2018-06-11 23:48:49,321 RCV proposal
2018-06-11 23:48:49,326 appended honest propose 16ead18672 on top of 5d01e2a29b
2018-06-11 23:48:49,384 RCV reinforcement
2018-06-11 23:48:49,399 RCV reinforcement
2018-06-11 23:48:50,835 RCV commit
2018-06-11 23:48:50,865 appended honest commit 1f2bed523b on top of 16ead18672
2018-06-11 23:48:50,871 Weight: 55.15588717864636 #RFs 3
2018-06-11 23:48:50,872 weight: 55.15588717864636
2018-06-11 23:48:50,884 , 55.15588717864636
2018-06-11 23:48:50,885 Synchronizing branches
2018-06-11 23:48:50,885 start mining - depth 11
2018-06-11 23:48:50,885 start mining - hash 1f2bed523b585bd401354e44067e2c2ead3b0a924ec16d872207b1ed7854389f
2018-06-11 23:48:51,192 RCV reinforcement info
2018-06-11 23:48:52,606 RCV reinforcement info
2018-06-11 23:48:52,746 RF found but not transmitted
2018-06-11 23:48:53,987 RCV reinforcement info
2018-06-11 23:48:54,065 RCV reinforcement info
2018-06-11 23:48:54,256 RCV reinforcement info
2018-06-11 23:48:55,523 RCV proposal
2018-06-11 23:48:55,525 appended honest propose 9f833a1efe on top of 1f2bed523b
2018-06-11 23:48:55,615 RCV reinforcement
2018-06-11 23:48:55,640 RCV reinforcement
2018-06-11 23:48:55,648 RCV reinforcement
2018-06-11 23:48:55,722 RF found but not transmitted
2018-06-11 23:48:56,242 RCV reinforcement info
2018-06-11 23:48:56,298 RCV reinforcement
2018-06-11 23:48:56,444 RCV reinforcement info
2018-06-11 23:48:56,519 RCV reinforcement
2018-06-11 23:48:57,015 RF found but not transmitted
2018-06-11 23:48:57,016 hash found
2018-06-11 23:48:57,017 SNT malicious_proposal_agreement
2018-06-11 23:48:57,219 RCV commit
2018-06-11 23:48:57,253 appended honest commit 077ffdf9a6 on top of 9f833a1efe
2018-06-11 23:48:57,271 Weight: 57.26414548220273 #RFs 6
2018-06-11 23:48:57,272 weight: 57.26414548220273
2018-06-11 23:48:57,272 , 57.26414548220273
2018-06-11 23:48:57,276 appended malicious propose 69184fd1f2 on top of 1f2bed523b
2018-06-11 23:48:57,276 REINFORCEMENT COLLECTING state
2018-06-11 23:48:57,364 SNT proposal
2018-06-11 23:48:57,446 RCV proposal
2018-06-11 23:48:57,448 appended honest propose a32bace1c6 on top of 077ffdf9a6
2018-06-11 23:48:57,939 RCV reinforcement info
2018-06-11 23:48:58,001 RCV reinforcement
2018-06-11 23:48:58,002 W: received reinforcement for a32bace1c6 instead of 69184fd1f2
2018-06-11 23:48:58,843 RCV commit
2018-06-11 23:48:58,846 appended honest commit 165d526fe7 on top of a32bace1c6
2018-06-11 23:48:58,848 Weight: 59.26414548220273 #RFs 1
2018-06-11 23:48:58,849 weight: 59.26414548220273
2018-06-11 23:48:58,849 , 59.26414548220273
2018-06-11 23:48:58,867 commit with 1 reinforcements
2018-06-11 23:48:58,872 appended malicious commit 3658cc81fb on top of 69184fd1f2
2018-06-11 23:48:58,875 Weight: 56.45126936908587 #RFs 2
2018-06-11 23:48:58,876 weight: 56.45126936908587
2018-06-11 23:48:58,876 , 56.45126936908587
2018-06-11 23:48:58,876 MALICIOUS MINING state
2018-06-11 23:48:58,876 start mining - depth 13
2018-06-11 23:48:58,876 start mining - hash 165d526fe77d8608b8d7a3823500ef86c52d9e1d3c739adb4c335d38b2d59344
2018-06-11 23:48:58,877 Hashing frequency: 3184
2018-06-11 23:48:58,877 SNT commit
2018-06-11 23:48:59,135 RCV proposal
2018-06-11 23:48:59,138 appended honest propose 8946b0093c on top of 165d526fe7
2018-06-11 23:49:00,631 RCV commit
2018-06-11 23:49:00,632 appended honest commit 579cc39ad3 on top of 8946b0093c
2018-06-11 23:49:00,632 Weight: 60.26414548220273 #RFs 0
2018-06-11 23:49:00,632 weight: 60.26414548220273
2018-06-11 23:49:00,632 , 60.26414548220273
2018-06-11 23:49:00,632 start mining - depth 14
2018-06-11 23:49:00,632 start mining - hash 579cc39ad30e73d0b35413f49f8f2fb4c785a49600047b736593939da3bba4db
2018-06-11 23:49:01,097 RCV reinforcement info
2018-06-11 23:49:02,851 RCV reinforcement info
2018-06-11 23:49:02,926 RF found but not transmitted
2018-06-11 23:49:03,369 RF found but not transmitted
2018-06-11 23:49:03,771 RCV reinforcement info
2018-06-11 23:49:05,242 RCV reinforcement info
2018-06-11 23:49:05,352 RCV reinforcement info
2018-06-11 23:49:05,558 RCV reinforcement info
2018-06-11 23:49:05,820 RF found but not transmitted
2018-06-11 23:49:06,414 RCV reinforcement info
2018-06-11 23:49:07,116 RCV reinforcement info
2018-06-11 23:49:07,151 RCV reinforcement info
2018-06-11 23:49:07,281 RCV reinforcement info
2018-06-11 23:49:07,381 RCV reinforcement info
2018-06-11 23:49:07,762 RCV reinforcement info
2018-06-11 23:49:07,950 RCV reinforcement info
2018-06-11 23:49:08,558 RCV reinforcement info
2018-06-11 23:49:09,548 RCV reinforcement info
2018-06-11 23:49:10,004 RCV reinforcement info
2018-06-11 23:49:11,153 RCV reinforcement info
2018-06-11 23:49:11,223 RCV reinforcement info
2018-06-11 23:49:11,836 RCV reinforcement info
2018-06-11 23:49:11,943 RCV reinforcement info
2018-06-11 23:49:12,117 RCV reinforcement info
2018-06-11 23:49:12,193 RCV reinforcement info
2018-06-11 23:49:12,333 RF found but not transmitted
2018-06-11 23:49:13,198 RF found but not transmitted
2018-06-11 23:49:15,190 RCV reinforcement info
2018-06-11 23:49:15,228 RCV reinforcement info
2018-06-11 23:49:15,954 RCV reinforcement info
2018-06-11 23:49:18,202 RCV reinforcement info
2018-06-11 23:49:18,407 RCV reinforcement info
2018-06-11 23:49:21,593 RCV reinforcement info
2018-06-11 23:49:21,967 RCV reinforcement info
2018-06-11 23:49:22,411 RCV reinforcement info
2018-06-11 23:49:22,772 RCV reinforcement info
2018-06-11 23:49:22,958 RCV reinforcement info
2018-06-11 23:49:22,961 RCV reinforcement info
2018-06-11 23:49:24,177 RCV reinforcement info
2018-06-11 23:49:24,702 RCV reinforcement info
2018-06-11 23:49:24,766 RCV reinforcement info
2018-06-11 23:49:25,778 RCV reinforcement info
2018-06-11 23:49:26,320 RCV reinforcement info
2018-06-11 23:49:26,347 RCV reinforcement info
2018-06-11 23:49:26,785 RCV reinforcement info
2018-06-11 23:49:27,603 RCV reinforcement info
2018-06-11 23:49:28,149 RCV proposal
2018-06-11 23:49:28,152 appended honest propose ffbf577b25 on top of 579cc39ad3
2018-06-11 23:49:28,274 RCV reinforcement
2018-06-11 23:49:28,292 RCV reinforcement
2018-06-11 23:49:28,307 RCV reinforcement
2018-06-11 23:49:28,324 RCV reinforcement
2018-06-11 23:49:28,328 RCV reinforcement
2018-06-11 23:49:28,342 RCV reinforcement
2018-06-11 23:49:28,576 RF found but not transmitted
2018-06-11 23:49:28,692 RF found but not transmitted
2018-06-11 23:49:28,996 RCV reinforcement info
2018-06-11 23:49:29,064 RCV reinforcement
2018-06-11 23:49:29,263 RF found but not transmitted
2018-06-11 23:49:29,784 RCV commit
2018-06-11 23:49:30,003 appended honest commit 0a8e01c446 on top of ffbf577b25
2018-06-11 23:49:30,240 Weight: 68.8308817987163 #RFs 42
2018-06-11 23:49:30,240 weight: 68.8308817987163
2018-06-11 23:49:30,241 , 68.8308817987163
2018-06-11 23:49:30,243 start mining - depth 15
2018-06-11 23:49:30,243 start mining - hash 0a8e01c446cb699f7ab31021059a68be607dc77adace74688d0d54c06db19814
2018-06-11 23:49:30,991 RCV proposal
2018-06-11 23:49:30,994 appended honest propose 0bc7e76dd7 on top of 0a8e01c446
2018-06-11 23:49:32,475 RCV commit
2018-06-11 23:49:32,475 appended honest commit 0471fb0edc on top of 0bc7e76dd7
2018-06-11 23:49:32,475 Weight: 69.8308817987163 #RFs 0
2018-06-11 23:49:32,475 weight: 69.8308817987163
2018-06-11 23:49:32,476 , 69.8308817987163
2018-06-11 23:49:32,477 start mining - depth 16
2018-06-11 23:49:32,477 start mining - hash 0471fb0edc67b5891b81a12a7432a60aaf71892a6e8cb35415c65dfdf0c88ecc
2018-06-11 23:49:35,236 RCV reinforcement info
2018-06-11 23:49:35,544 RCV reinforcement info
2018-06-11 23:49:35,620 RCV reinforcement info
2018-06-11 23:49:36,072 RCV reinforcement info
2018-06-11 23:49:38,331 RCV proposal
2018-06-11 23:49:38,334 appended honest propose 09a82d800f on top of 0471fb0edc
2018-06-11 23:49:38,428 RCV reinforcement
2018-06-11 23:49:38,433 RCV reinforcement
2018-06-11 23:49:38,457 RCV reinforcement
2018-06-11 23:49:39,695 RCV reinforcement info
2018-06-11 23:49:39,776 RCV reinforcement
2018-06-11 23:49:39,866 RCV commit
2018-06-11 23:49:39,889 appended honest commit b056827932 on top of 09a82d800f
2018-06-11 23:49:39,901 Weight: 71.55796235475238 #RFs 5
2018-06-11 23:49:39,902 weight: 71.55796235475238
2018-06-11 23:49:39,902 , 71.55796235475238
2018-06-11 23:49:39,904 start mining - depth 17
2018-06-11 23:49:39,904 start mining - hash b056827932b719426b088618ecbb81dff5083ba399f156fc3a0c43f5eea5318a
2018-06-11 23:49:40,049 RCV reinforcement info
2018-06-11 23:49:40,412 RCV reinforcement info
2018-06-11 23:49:41,701 RCV reinforcement info
2018-06-11 23:49:42,078 RCV malicious_prop_agreement
2018-06-11 23:49:42,531 RCV reinforcement info
2018-06-11 23:49:44,302 RCV reinforcement info
2018-06-11 23:49:44,705 RF found but not transmitted
2018-06-11 23:49:44,968 RCV reinforcement info
2018-06-11 23:49:45,178 RCV reinforcement info
2018-06-11 23:49:46,378 RCV reinforcement info
2018-06-11 23:49:46,591 RCV reinforcement info
2018-06-11 23:49:46,810 RCV reinforcement info
2018-06-11 23:49:46,898 RCV reinforcement info
2018-06-11 23:49:48,247 RCV reinforcement info
2018-06-11 23:49:48,566 RF found but not transmitted
2018-06-11 23:49:48,612 RCV reinforcement info
2018-06-11 23:49:48,817 RCV reinforcement info
2018-06-11 23:49:48,992 RCV reinforcement info
2018-06-11 23:49:50,520 RCV reinforcement info
2018-06-11 23:49:50,887 RCV reinforcement info
2018-06-11 23:49:51,302 RCV reinforcement info
2018-06-11 23:49:51,841 RCV reinforcement info
2018-06-11 23:49:53,388 RCV reinforcement info
2018-06-11 23:49:53,591 RCV reinforcement info
2018-06-11 23:49:54,623 RCV reinforcement info
2018-06-11 23:49:57,419 RCV reinforcement info
2018-06-11 23:49:57,640 RCV reinforcement info
2018-06-11 23:49:57,736 RCV reinforcement info
2018-06-11 23:49:58,627 RCV reinforcement info
2018-06-11 23:49:58,667 RCV reinforcement info
2018-06-11 23:50:00,481 RCV reinforcement info
2018-06-11 23:50:01,039 RCV reinforcement info
2018-06-11 23:50:01,365 RF found but not transmitted
2018-06-11 23:50:03,129 RCV reinforcement info
2018-06-11 23:50:04,535 RF found but not transmitted
2018-06-11 23:50:05,897 RCV proposal
2018-06-11 23:50:05,900 appended honest propose 80c88fbad9 on top of b056827932
2018-06-11 23:50:06,022 RCV reinforcement
2018-06-11 23:50:06,030 RCV reinforcement
2018-06-11 23:50:06,050 RCV reinforcement
2018-06-11 23:50:06,070 RCV reinforcement
2018-06-11 23:50:06,087 RCV reinforcement
2018-06-11 23:50:06,103 RCV reinforcement
2018-06-11 23:50:06,200 RCV reinforcement info
2018-06-11 23:50:06,287 RCV reinforcement
2018-06-11 23:50:06,378 RCV reinforcement info
2018-06-11 23:50:06,448 RCV reinforcement
2018-06-11 23:50:07,160 RCV reinforcement info
2018-06-11 23:50:07,226 RCV reinforcement
2018-06-11 23:50:07,347 RF found but not transmitted
2018-06-11 23:50:07,498 RCV commit
2018-06-11 23:50:07,728 appended honest commit 98bb81f074 on top of 80c88fbad9
2018-06-11 23:50:07,987 Weight: 78.61209032955244 #RFs 33
2018-06-11 23:50:07,987 weight: 78.61209032955244
2018-06-11 23:50:07,988 , 78.61209032955244
2018-06-11 23:50:08,163 RCV proposal
2018-06-11 23:50:08,173 appended malicious propose c825007153 on top of b056827932
2018-06-11 23:50:08,174 REINFORCEMENT SENT state
2018-06-11 23:50:08,175 SNT reinforcement
2018-06-11 23:50:08,270 RCV reinforcement
2018-06-11 23:50:08,750 RCV reinforcement info
2018-06-11 23:50:09,028 RCV reinforcement
2018-06-11 23:50:09,405 RCV reinforcement info
2018-06-11 23:50:09,731 RCV commit
2018-06-11 23:50:09,877 appended malicious commit 5a4c0f5434 on top of c825007153
2018-06-11 23:50:09,964 Weight: 76.75769773683709 #RFs 20
2018-06-11 23:50:10,032 weight: 76.75769773683709
2018-06-11 23:50:10,032 , 76.75769773683709
2018-06-11 23:50:10,034 MALICIOUS MINING state
2018-06-11 23:50:10,034 start mining - depth 18
2018-06-11 23:50:10,035 start mining - hash 98bb81f074e7d048db57717de7cd5cfe1bc0cc8041e65080b45bf9d2eee10c03
2018-06-11 23:50:10,036 Hashing frequency: 3704
2018-06-11 23:50:10,060 RCV malicious_prop_agreement
2018-06-11 23:50:10,587 RCV reinforcement info
2018-06-11 23:50:10,680 RCV reinforcement info
2018-06-11 23:50:10,906 RCV reinforcement info
2018-06-11 23:50:12,064 RCV reinforcement info
2018-06-11 23:50:12,279 RCV reinforcement info
2018-06-11 23:50:12,524 RCV reinforcement info
2018-06-11 23:50:12,932 RCV reinforcement info
2018-06-11 23:50:13,195 RCV reinforcement info
2018-06-11 23:50:13,854 RCV reinforcement info
2018-06-11 23:50:14,020 RCV proposal
2018-06-11 23:50:14,023 appended honest propose 34ea40fbc9 on top of 98bb81f074
2018-06-11 23:50:14,190 RCV reinforcement
2018-06-11 23:50:14,208 RCV reinforcement
2018-06-11 23:50:14,232 RCV reinforcement
2018-06-11 23:50:14,238 RCV reinforcement
2018-06-11 23:50:14,638 RF found but not transmitted
2018-06-11 23:50:15,563 RCV commit
2018-06-11 23:50:15,687 appended honest commit e565b16bc6 on top of 34ea40fbc9
2018-06-11 23:50:15,754 Weight: 83.06023180307777 #RFs 11
2018-06-11 23:50:15,755 weight: 83.06023180307777
2018-06-11 23:50:15,760 , 83.06023180307777
2018-06-11 23:50:15,830 RCV proposal
2018-06-11 23:50:15,835 appended honest propose 0688e51f08 on top of e565b16bc6
2018-06-11 23:50:15,913 RCV proposal
2018-06-11 23:50:15,923 appended malicious propose fc66f78e8d on top of 98bb81f074
2018-06-11 23:50:15,923 REINFORCEMENT SENT state
2018-06-11 23:50:15,925 SNT reinforcement
2018-06-11 23:50:16,050 RCV reinforcement
2018-06-11 23:50:16,338 RCV reinforcement info
2018-06-11 23:50:16,417 RCV reinforcement
2018-06-11 23:50:16,996 RCV reinforcement info
2018-06-11 23:50:17,059 RCV reinforcement
2018-06-11 23:50:17,356 RCV commit
2018-06-11 23:50:17,359 appended honest commit 322434a3e3 on top of 0688e51f08
2018-06-11 23:50:17,361 Weight: 84.12276524330778 #RFs 1
2018-06-11 23:50:17,361 weight: 84.12276524330778
2018-06-11 23:50:17,361 , 84.12276524330778
2018-06-11 23:50:17,460 RCV commit
2018-06-11 23:50:17,492 appended malicious commit 482008eb91 on top of fc66f78e8d
2018-06-11 23:50:17,526 Weight: 79.9193233231029 #RFs 4
2018-06-11 23:50:17,526 weight: 79.9193233231029
2018-06-11 23:50:17,526 , 79.9193233231029
2018-06-11 23:50:17,527 MALICIOUS MINING state
2018-06-11 23:50:17,527 start mining - depth 20
2018-06-11 23:50:17,527 start mining - hash 322434a3e3e3bbd0eb0c075ec667adce2e45ab1e43b8951444f4b88dd1942ccd
2018-06-11 23:50:17,538 RCV reinforcement
2018-06-11 23:50:17,703 RCV reinforcement info
2018-06-11 23:50:17,829 RCV reinforcement info
2018-06-11 23:50:17,925 RCV malicious_prop_agreement
2018-06-11 23:50:18,974 RCV reinforcement info
2018-06-11 23:50:19,884 RCV reinforcement info
2018-06-11 23:50:21,224 RCV reinforcement info
2018-06-11 23:50:21,983 RCV reinforcement info
2018-06-11 23:50:22,278 RCV reinforcement info
2018-06-11 23:50:22,823 RCV reinforcement info
2018-06-11 23:50:22,992 RCV proposal
2018-06-11 23:50:22,994 appended honest propose dcc1f6e814 on top of 322434a3e3
2018-06-11 23:50:23,110 RCV reinforcement
2018-06-11 23:50:23,132 RCV reinforcement
2018-06-11 23:50:23,141 RCV reinforcement
2018-06-11 23:50:23,180 RCV reinforcement
2018-06-11 23:50:23,970 RCV reinforcement info
2018-06-11 23:50:24,040 RCV reinforcement
2018-06-11 23:50:24,159 RCV reinforcement info
2018-06-11 23:50:24,272 RCV reinforcement
2018-06-11 23:50:24,320 RCV reinforcement info
2018-06-11 23:50:24,398 RCV reinforcement
2018-06-11 23:50:24,586 RCV commit
2018-06-11 23:50:24,623 appended honest commit 616d0278c1 on top of dcc1f6e814
2018-06-11 23:50:24,654 Weight: 88.61741110149157 #RFs 11
2018-06-11 23:50:24,654 weight: 88.61741110149157
2018-06-11 23:50:24,655 , 88.61741110149157
2018-06-11 23:50:24,803 RCV proposal
2018-06-11 23:50:24,806 appended malicious propose 9a215337a2 on top of 322434a3e3
2018-06-11 23:50:24,806 REINFORCEMENT SENT state
2018-06-11 23:50:24,865 RCV reinforcement
2018-06-11 23:50:25,093 RCV reinforcement info
2018-06-11 23:50:25,273 RCV reinforcement info
2018-06-11 23:50:26,004 RCV reinforcement info
2018-06-11 23:50:26,332 RCV commit
2018-06-11 23:50:26,352 appended malicious commit c95ee785ab on top of 9a215337a2
2018-06-11 23:50:26,358 Weight: 85.60479418113371 #RFs 3
2018-06-11 23:50:26,358 weight: 85.60479418113371
2018-06-11 23:50:26,358 , 85.60479418113371
2018-06-11 23:50:26,358 MALICIOUS MINING state
2018-06-11 23:50:26,358 start mining - depth 21
2018-06-11 23:50:26,359 start mining - hash 616d0278c1135fae1fa0e5a3abd4bb0f8d01195beecd25e91afbd684cd99ed64
2018-06-11 23:50:26,579 RCV reinforcement info
2018-06-11 23:50:27,727 RCV reinforcement info
2018-06-11 23:50:28,475 RCV reinforcement info
2018-06-11 23:50:28,745 RCV reinforcement info
2018-06-11 23:50:28,875 RCV proposal
2018-06-11 23:50:28,878 appended honest propose ddc33f8380 on top of 616d0278c1
2018-06-11 23:50:29,015 RCV reinforcement
2018-06-11 23:50:29,037 RCV reinforcement
2018-06-11 23:50:29,063 RCV reinforcement
2018-06-11 23:50:29,103 RCV reinforcement
2018-06-11 23:50:29,654 RCV reinforcement info
2018-06-11 23:50:29,738 RCV reinforcement
2018-06-11 23:50:30,418 RCV commit
2018-06-11 23:50:30,503 appended honest commit 70ab4cd219 on top of ddc33f8380
2018-06-11 23:50:30,537 Weight: 90.5985644646554 #RFs 7
2018-06-11 23:50:30,538 weight: 90.5985644646554
2018-06-11 23:50:30,538 , 90.5985644646554
2018-06-11 23:50:30,539 start mining - depth 22
2018-06-11 23:50:30,540 start mining - hash 70ab4cd21983b8707a523c43f48afeff1f7d9cecac35b42806095638763496dd
2018-06-11 23:50:30,644 RCV reinforcement info
2018-06-11 23:50:31,036 RCV reinforcement info
2018-06-11 23:50:31,153 RCV reinforcement info
2018-06-11 23:50:31,834 RCV reinforcement info
2018-06-11 23:50:32,190 RCV reinforcement info
2018-06-11 23:50:33,413 RCV malicious_prop_agreement
2018-06-11 23:50:33,767 RCV reinforcement info
2018-06-11 23:50:33,831 RCV reinforcement info
2018-06-11 23:50:34,071 RCV reinforcement info
2018-06-11 23:50:34,274 RF found but not transmitted
2018-06-11 23:50:34,341 RCV reinforcement info
2018-06-11 23:50:34,871 RF found but not transmitted
2018-06-11 23:50:35,543 RCV reinforcement info
2018-06-11 23:50:35,815 RCV reinforcement info
2018-06-11 23:50:36,851 RCV reinforcement info
2018-06-11 23:50:37,044 RCV reinforcement info
2018-06-11 23:50:37,158 RCV reinforcement info
2018-06-11 23:50:37,557 RCV reinforcement info
2018-06-11 23:50:37,830 RCV reinforcement info
2018-06-11 23:50:38,289 RF found but not transmitted
2018-06-11 23:50:38,546 RCV reinforcement info
2018-06-11 23:50:39,835 RCV reinforcement info
2018-06-11 23:50:40,524 RCV reinforcement info
2018-06-11 23:50:40,825 RCV reinforcement info
2018-06-11 23:50:40,850 RCV reinforcement info
2018-06-11 23:50:41,408 RCV reinforcement info
2018-06-11 23:50:41,970 RCV reinforcement info
2018-06-11 23:50:42,334 RCV reinforcement info
2018-06-11 23:50:43,484 RCV reinforcement info
2018-06-11 23:50:43,929 RCV reinforcement info
2018-06-11 23:50:44,455 RCV reinforcement info
2018-06-11 23:50:44,669 RCV reinforcement info
2018-06-11 23:50:45,429 RF found but not transmitted
2018-06-11 23:50:45,772 RCV reinforcement info
2018-06-11 23:50:45,903 RCV proposal
2018-06-11 23:50:45,906 appended honest propose af4c945e44 on top of 70ab4cd219
2018-06-11 23:50:46,043 RCV reinforcement
2018-06-11 23:50:46,050 RCV reinforcement
2018-06-11 23:50:46,080 RCV reinforcement
2018-06-11 23:50:46,090 RCV reinforcement
2018-06-11 23:50:46,106 RCV reinforcement
2018-06-11 23:50:46,195 RCV reinforcement info
2018-06-11 23:50:46,294 RCV reinforcement
2018-06-11 23:50:46,382 RCV reinforcement info
2018-06-11 23:50:46,467 RCV reinforcement
2018-06-11 23:50:46,491 RCV reinforcement info
2018-06-11 23:50:46,577 RCV reinforcement
2018-06-11 23:50:46,655 RCV reinforcement info
2018-06-11 23:50:46,736 RCV reinforcement
2018-06-11 23:50:47,019 RCV reinforcement info
2018-06-11 23:50:47,094 RCV reinforcement
2018-06-11 23:50:47,568 RCV commit
2018-06-11 23:50:47,856 appended honest commit 22cfc82e11 on top of af4c945e44
2018-06-11 23:50:47,981 RF found but not transmitted
2018-06-11 23:50:48,130 Weight: 99.31718747407503 #RFs 34
2018-06-11 23:50:48,130 weight: 99.31718747407503
2018-06-11 23:50:48,130 , 99.31718747407503
2018-06-11 23:50:48,300 RCV proposal
2018-06-11 23:50:48,303 appended malicious propose 8ea4a09a79 on top of 70ab4cd219
2018-06-11 23:50:48,304 REINFORCEMENT SENT state
2018-06-11 23:50:48,305 SNT reinforcement
2018-06-11 23:50:48,402 RCV reinforcement
2018-06-11 23:50:48,685 RCV reinforcement info
2018-06-11 23:50:49,830 RCV commit
2018-06-11 23:50:49,879 appended malicious commit 602e080dd9 on top of 8ea4a09a79
2018-06-11 23:50:49,959 Weight: 94.061788197914 #RFs 11
2018-06-11 23:50:49,959 weight: 94.061788197914
2018-06-11 23:50:49,959 , 94.061788197914
2018-06-11 23:50:49,960 MALICIOUS MINING state
2018-06-11 23:50:49,960 start mining - depth 23
2018-06-11 23:50:49,961 start mining - hash 22cfc82e11100d2c179127faece145803b9a7901c1ec6ff486708fb731b68cc5
2018-06-11 23:50:50,054 RCV reinforcement info
2018-06-11 23:50:50,292 RCV reinforcement info
2018-06-11 23:50:50,896 RCV reinforcement info
2018-06-11 23:50:51,502 RCV reinforcement info
2018-06-11 23:50:51,641 RCV reinforcement info
2018-06-11 23:50:52,002 RCV reinforcement info
2018-06-11 23:50:52,168 RF found but not transmitted
2018-06-11 23:50:52,403 RCV reinforcement info
2018-06-11 23:50:52,908 RF found but not transmitted
2018-06-11 23:50:52,953 RCV reinforcement info
2018-06-11 23:50:53,300 RCV reinforcement info
2018-06-11 23:50:53,302 RCV malicious_prop_agreement
2018-06-11 23:50:53,835 RCV reinforcement info
2018-06-11 23:50:54,421 RCV reinforcement info
2018-06-11 23:50:54,705 RCV reinforcement info
2018-06-11 23:50:55,015 RCV reinforcement info
2018-06-11 23:50:55,607 RCV reinforcement info
2018-06-11 23:50:56,073 RCV reinforcement info
2018-06-11 23:50:57,981 RF found but not transmitted
2018-06-11 23:50:58,036 RCV proposal
2018-06-11 23:50:58,040 appended honest propose 4b2700ffc5 on top of 22cfc82e11
2018-06-11 23:50:58,180 RCV reinforcement
2018-06-11 23:50:58,203 RCV reinforcement
2018-06-11 23:50:58,208 RCV reinforcement
2018-06-11 23:50:58,241 RCV reinforcement
2018-06-11 23:50:58,246 RCV reinforcement
2018-06-11 23:50:58,316 RCV reinforcement info
2018-06-11 23:50:58,402 RCV reinforcement
2018-06-11 23:50:58,613 RCV reinforcement info
2018-06-11 23:50:58,677 RCV reinforcement
2018-06-11 23:50:59,632 RCV commit
2018-06-11 23:50:59,798 RF found but not transmitted
2018-06-11 23:50:59,800 appended honest commit d65a18a09a on top of 4b2700ffc5
2018-06-11 23:50:59,899 RF found but not transmitted
2018-06-11 23:50:59,962 Weight: 103.77658539034513 #RFs 18
2018-06-11 23:50:59,962 weight: 103.77658539034513
2018-06-11 23:50:59,967 , 103.77658539034513
2018-06-11 23:51:00,127 RCV proposal
2018-06-11 23:51:00,139 appended malicious propose a5b01c5a66 on top of 22cfc82e11
2018-06-11 23:51:00,139 REINFORCEMENT SENT state
2018-06-11 23:51:00,140 SNT reinforcement
2018-06-11 23:51:00,244 RCV reinforcement
2018-06-11 23:51:01,647 RCV commit
2018-06-11 23:51:01,713 appended malicious commit 1ee1294f13 on top of a5b01c5a66
2018-06-11 23:51:01,733 Weight: 101.5290925401063 #RFs 7
2018-06-11 23:51:01,734 weight: 101.5290925401063
2018-06-11 23:51:01,734 , 101.5290925401063
2018-06-11 23:51:01,734 MALICIOUS MINING state
2018-06-11 23:51:01,734 start mining - depth 24
2018-06-11 23:51:01,735 start mining - hash d65a18a09a41ae33cffc4be4d390956b2b20cfc7e74de73dfb7b34d62d5847e1
2018-06-11 23:51:02,159 RCV reinforcement info
2018-06-11 23:51:02,655 RCV reinforcement info
2018-06-11 23:51:02,668 RCV reinforcement info
2018-06-11 23:51:02,866 RCV reinforcement info
2018-06-11 23:51:02,871 RF found but not transmitted
2018-06-11 23:51:02,872 hash found
2018-06-11 23:51:02,873 SNT malicious_proposal_agreement
2018-06-11 23:51:03,980 RCV reinforcement info
2018-06-11 23:51:04,105 RCV reinforcement info
2018-06-11 23:51:05,806 RCV reinforcement info
2018-06-11 23:51:06,799 RCV reinforcement info
2018-06-11 23:51:06,919 RCV reinforcement info
2018-06-11 23:51:06,974 RCV reinforcement info
2018-06-11 23:51:07,207 RF found but not transmitted
2018-06-11 23:51:08,329 RCV reinforcement info
2018-06-11 23:51:08,493 RCV reinforcement info
2018-06-11 23:51:08,888 RCV reinforcement info
2018-06-11 23:51:09,118 RCV reinforcement info
2018-06-11 23:51:09,218 RCV reinforcement info
2018-06-11 23:51:09,455 RCV proposal
2018-06-11 23:51:09,459 appended honest propose 17b97ebc10 on top of d65a18a09a
2018-06-11 23:51:09,704 RCV reinforcement
2018-06-11 23:51:09,719 RCV reinforcement
2018-06-11 23:51:09,736 RCV reinforcement
2018-06-11 23:51:09,749 RCV reinforcement
2018-06-11 23:51:09,765 RCV reinforcement
2018-06-11 23:51:09,785 RCV reinforcement
2018-06-11 23:51:10,273 RCV reinforcement info
2018-06-11 23:51:10,303 RF found but not transmitted
2018-06-11 23:51:10,350 RCV reinforcement
2018-06-11 23:51:11,055 RCV commit
2018-06-11 23:51:11,191 appended honest commit 0c9e4664d7 on top of 17b97ebc10
2018-06-11 23:51:11,293 Weight: 106.92534999011225 #RFs 16
2018-06-11 23:51:11,293 weight: 106.92534999011225
2018-06-11 23:51:11,293 , 106.92534999011225
2018-06-11 23:51:11,300 appended malicious propose 0a8c154b29 on top of d65a18a09a
2018-06-11 23:51:11,300 REINFORCEMENT COLLECTING state
2018-06-11 23:51:11,386 SNT proposal
2018-06-11 23:51:11,603 RCV reinforcement info
2018-06-11 23:51:11,638 RCV reinforcement
2018-06-11 23:51:11,655 RCV reinforcement
2018-06-11 23:51:11,732 RCV reinforcement info
2018-06-11 23:51:12,833 RCV reinforcement
2018-06-11 23:51:12,893 commit with 3 reinforcements
2018-06-11 23:51:12,928 appended malicious commit 28855e1ca0 on top of 0a8c154b29
2018-06-11 23:51:12,980 Weight: 106.3968429443633 #RFs 9
2018-06-11 23:51:12,980 weight: 106.3968429443633
2018-06-11 23:51:12,980 , 106.3968429443633
2018-06-11 23:51:12,980 MALICIOUS MINING state
2018-06-11 23:51:12,980 start mining - depth 25
2018-06-11 23:51:12,981 start mining - hash 0c9e4664d71d21db8c6699812d3e1d65f4e6bbb3fdf1c66984957dd2eb0c1e7a
2018-06-11 23:51:12,982 Hashing frequency: 3132
2018-06-11 23:51:12,982 SNT commit
2018-06-11 23:51:13,242 RCV reinforcement info
2018-06-11 23:51:13,290 RCV reinforcement info
2018-06-11 23:51:13,293 RCV proposal
2018-06-11 23:51:13,310 appended honest propose 3f63daa540 on top of 0c9e4664d7
2018-06-11 23:51:13,493 RCV reinforcement info
2018-06-11 23:51:13,550 RCV reinforcement
2018-06-11 23:51:13,561 RCV reinforcement
2018-06-11 23:51:13,662 RCV reinforcement
2018-06-11 23:51:13,730 RCV reinforcement
2018-06-11 23:51:14,581 RCV commit
2018-06-11 23:51:14,616 appended honest commit 675d6f7b10 on top of 3f63daa540
2018-06-11 23:51:14,662 Weight: 108.58468351974685 #RFs 5
2018-06-11 23:51:14,662 weight: 108.58468351974685
2018-06-11 23:51:14,662 , 108.58468351974685
2018-06-11 23:51:14,663 start mining - depth 26
2018-06-11 23:51:14,663 start mining - hash 675d6f7b107cf45f158d60332a25e1939f651c96504ed9ee80e502f54fdf331b
2018-06-11 23:51:15,184 RCV reinforcement info
2018-06-11 23:51:15,689 RF found but not transmitted
2018-06-11 23:51:16,201 RCV reinforcement info
2018-06-11 23:51:17,633 RCV reinforcement info
2018-06-11 23:51:18,383 RCV reinforcement info
2018-06-11 23:51:18,470 RCV reinforcement info
2018-06-11 23:51:18,817 RCV reinforcement info
2018-06-11 23:51:18,905 RF found but not transmitted
2018-06-11 23:51:18,976 RCV reinforcement info
2018-06-11 23:51:19,045 RCV reinforcement info
2018-06-11 23:51:19,303 RCV reinforcement info
2018-06-11 23:51:19,571 RF found but not transmitted
2018-06-11 23:51:19,887 RCV reinforcement info
2018-06-11 23:51:20,406 RCV reinforcement info
2018-06-11 23:51:20,702 RCV reinforcement info
2018-06-11 23:51:21,185 RCV reinforcement info
2018-06-11 23:51:21,187 RCV reinforcement info
2018-06-11 23:51:22,783 RCV reinforcement info
2018-06-11 23:51:23,039 RCV reinforcement info
2018-06-11 23:51:23,318 RCV reinforcement info
2018-06-11 23:51:23,479 RCV reinforcement info
2018-06-11 23:51:24,987 RCV reinforcement info
2018-06-11 23:51:25,792 RF found but not transmitted
2018-06-11 23:51:26,326 RCV reinforcement info
2018-06-11 23:51:26,390 RCV malicious_prop_agreement
2018-06-11 23:51:26,427 RCV reinforcement info
2018-06-11 23:51:27,151 RF found but not transmitted
2018-06-11 23:51:28,107 RCV reinforcement info
2018-06-11 23:51:28,228 RCV reinforcement info
2018-06-11 23:51:30,552 RCV reinforcement info
2018-06-11 23:51:30,874 RCV proposal
2018-06-11 23:51:30,877 appended honest propose 0f2bcf14a3 on top of 675d6f7b10
2018-06-11 23:51:31,090 RCV reinforcement
2018-06-11 23:51:31,101 RCV reinforcement
2018-06-11 23:51:31,114 RCV reinforcement
2018-06-11 23:51:31,160 RCV reinforcement
2018-06-11 23:51:31,167 RCV reinforcement
2018-06-11 23:51:31,172 RCV reinforcement
2018-06-11 23:51:31,293 RCV reinforcement info
2018-06-11 23:51:31,333 RF found but not transmitted
2018-06-11 23:51:31,383 RCV reinforcement
2018-06-11 23:51:32,464 RCV commit
2018-06-11 23:51:32,621 RF found but not transmitted
2018-06-11 23:51:32,764 appended honest commit da5b0fa285 on top of 0f2bcf14a3
2018-06-11 23:51:32,913 Weight: 114.77508973910464 #RFs 25
2018-06-11 23:51:32,913 weight: 114.77508973910464
2018-06-11 23:51:32,913 , 114.77508973910464
2018-06-11 23:51:33,115 RCV proposal
2018-06-11 23:51:33,119 appended malicious propose 6d0b993257 on top of 675d6f7b10
2018-06-11 23:51:33,124 REINFORCEMENT SENT state
2018-06-11 23:51:33,125 SNT reinforcement
2018-06-11 23:51:33,267 RCV reinforcement
2018-06-11 23:51:33,591 RCV reinforcement info
2018-06-11 23:51:33,639 RCV reinforcement info
2018-06-11 23:51:33,876 RCV reinforcement info
2018-06-11 23:51:34,070 RCV reinforcement info
2018-06-11 23:51:34,198 RCV reinforcement info
2018-06-11 23:51:34,285 RCV reinforcement info
2018-06-11 23:51:34,384 RCV reinforcement info
2018-06-11 23:51:34,600 RF found but not transmitted
2018-06-11 23:51:34,602 SNT reinforcement
2018-06-11 23:51:34,788 RCV commit
2018-06-11 23:51:34,981 appended malicious commit d0f95c8a68 on top of 6d0b993257
2018-06-11 23:51:35,054 Weight: 112.6403801292013 #RFs 15
2018-06-11 23:51:35,054 weight: 112.6403801292013
2018-06-11 23:51:35,054 , 112.6403801292013
2018-06-11 23:51:35,055 MALICIOUS MINING state
2018-06-11 23:51:35,055 start mining - depth 27
2018-06-11 23:51:35,056 start mining - hash da5b0fa285f248e5831e01ab6f8b383bd46da11b9bf852ebb6c5e30c2cd1ad2d
2018-06-11 23:51:35,121 RCV reinforcement info
2018-06-11 23:51:35,697 RCV reinforcement info
2018-06-11 23:51:36,252 RCV reinforcement info
2018-06-11 23:51:36,378 RCV reinforcement info
2018-06-11 23:51:37,370 RCV reinforcement info
2018-06-11 23:51:37,775 RCV reinforcement info
2018-06-11 23:51:37,993 RF found but not transmitted
2018-06-11 23:51:38,422 RF found but not transmitted
2018-06-11 23:51:38,992 RCV proposal
2018-06-11 23:51:38,995 appended honest propose 022b2c51e7 on top of da5b0fa285
2018-06-11 23:51:39,199 RCV reinforcement
2018-06-11 23:51:39,206 RCV reinforcement
2018-06-11 23:51:39,243 RCV reinforcement
2018-06-11 23:51:39,280 RCV reinforcement
2018-06-11 23:51:39,296 RCV reinforcement
2018-06-11 23:51:39,325 RCV reinforcement
2018-06-11 23:51:40,479 RCV reinforcement info
2018-06-11 23:51:40,589 RCV reinforcement info
2018-06-11 23:51:40,614 RCV reinforcement
2018-06-11 23:51:40,824 RCV commit
2018-06-11 23:51:40,962 appended honest commit c2c4c07bc7 on top of 022b2c51e7
2018-06-11 23:51:41,041 Weight: 118.35950058646046 #RFs 13
2018-06-11 23:51:41,041 weight: 118.35950058646046
2018-06-11 23:51:41,041 , 118.35950058646046
2018-06-11 23:51:41,065 start mining - depth 28
2018-06-11 23:51:41,077 start mining - hash c2c4c07bc79ae3fa606b5876017e58520712f311c5fbe12e5d21385a094bd906
2018-06-11 23:51:41,113 RCV reinforcement
2018-06-11 23:51:41,941 RCV reinforcement info
2018-06-11 23:51:42,292 RCV reinforcement info
2018-06-11 23:51:43,078 RCV reinforcement info
2018-06-11 23:51:43,231 RCV reinforcement info
2018-06-11 23:51:43,631 RCV reinforcement info
2018-06-11 23:51:43,717 RCV reinforcement info
2018-06-11 23:51:43,925 RCV reinforcement info
2018-06-11 23:51:44,347 RCV reinforcement info
2018-06-11 23:51:44,377 RCV reinforcement info
2018-06-11 23:51:44,831 RF found but not transmitted
2018-06-11 23:51:45,133 RCV reinforcement info
2018-06-11 23:51:45,348 RCV reinforcement info
2018-06-11 23:51:45,420 RCV reinforcement info
2018-06-11 23:51:46,003 RCV reinforcement info
2018-06-11 23:51:46,993 RCV reinforcement info
2018-06-11 23:51:47,563 RCV reinforcement info
2018-06-11 23:51:48,240 RF found but not transmitted
2018-06-11 23:51:48,685 RCV reinforcement info
2018-06-11 23:51:49,358 RCV reinforcement info
2018-06-11 23:51:50,480 RCV reinforcement info
2018-06-11 23:51:50,658 RCV reinforcement info
2018-06-11 23:51:50,887 RCV reinforcement info
2018-06-11 23:51:52,480 RCV reinforcement info
2018-06-11 23:51:54,095 RCV reinforcement info
2018-06-11 23:51:54,254 RCV reinforcement info
2018-06-11 23:51:54,601 RF found but not transmitted
2018-06-11 23:51:55,025 RCV reinforcement info
2018-06-11 23:51:55,444 RF found but not transmitted
2018-06-11 23:51:55,738 RF found but not transmitted
2018-06-11 23:52:00,111 RCV reinforcement info
2018-06-11 23:52:00,283 RCV reinforcement info
2018-06-11 23:52:00,485 RCV proposal
2018-06-11 23:52:00,488 appended honest propose 13b78b7a98 on top of c2c4c07bc7
2018-06-11 23:52:00,656 RCV reinforcement
2018-06-11 23:52:00,670 RCV reinforcement
2018-06-11 23:52:00,682 RCV reinforcement
2018-06-11 23:52:00,712 RCV reinforcement
2018-06-11 23:52:00,732 RCV reinforcement
2018-06-11 23:52:00,748 RCV reinforcement
2018-06-11 23:52:00,872 RCV reinforcement info
2018-06-11 23:52:00,960 RCV reinforcement
2018-06-11 23:52:01,916 RCV reinforcement info
2018-06-11 23:52:02,036 RCV reinforcement
2018-06-11 23:52:02,102 RCV reinforcement info
2018-06-11 23:52:02,118 RCV reinforcement info
2018-06-11 23:52:02,242 RCV reinforcement
2018-06-11 23:52:02,271 RCV reinforcement
2018-06-11 23:52:02,403 RCV commit
2018-06-11 23:52:02,550 appended honest commit 8ba731f449 on top of 13b78b7a98
2018-06-11 23:52:02,865 Weight: 123.48021693604545 #RFs 27
2018-06-11 23:52:02,866 weight: 123.48021693604545
2018-06-11 23:52:02,866 , 123.48021693604545
2018-06-11 23:52:02,869 start mining - depth 29
2018-06-11 23:52:02,870 start mining - hash 8ba731f4496cd9e35fd275c10890569c42ce67c6a0ea7af8d665d41c61229ab0
2018-06-11 23:52:02,884 RCV reinforcement info
2018-06-11 23:52:02,887 RCV reinforcement
2018-06-11 23:52:03,544 RCV reinforcement info
2018-06-11 23:52:03,723 RCV reinforcement info
2018-06-11 23:52:03,934 RCV proposal
2018-06-11 23:52:03,938 appended honest propose 48f76b3182 on top of 8ba731f449
2018-06-11 23:52:04,035 RCV reinforcement
2018-06-11 23:52:04,070 RCV reinforcement
2018-06-11 23:52:04,514 RCV reinforcement info
2018-06-11 23:52:04,537 RCV reinforcement info
2018-06-11 23:52:04,655 RCV reinforcement
2018-06-11 23:52:04,710 RCV reinforcement
2018-06-11 23:52:05,311 RCV reinforcement info
2018-06-11 23:52:05,351 RCV reinforcement info
2018-06-11 23:52:05,431 RCV reinforcement
2018-06-11 23:52:05,473 RCV reinforcement
2018-06-11 23:52:05,529 RCV commit
2018-06-11 23:52:05,551 appended honest commit a6a5a27f3b on top of 48f76b3182
2018-06-11 23:52:05,563 Weight: 124.83397892047643 #RFs 3
2018-06-11 23:52:05,563 weight: 124.83397892047643
2018-06-11 23:52:05,567 , 124.83397892047643
2018-06-11 23:52:05,568 start mining - depth 30
2018-06-11 23:52:05,568 start mining - hash a6a5a27f3b0b253ff08f7053d4bddc000abbc592741d5233cb797ecc3bddb50c
2018-06-11 23:52:07,059 RCV reinforcement info
2018-06-11 23:52:07,398 RCV reinforcement info
2018-06-11 23:52:07,676 RCV reinforcement info
2018-06-11 23:52:08,706 RCV reinforcement info
2018-06-11 23:52:10,197 RCV malicious_prop_agreement
2018-06-11 23:52:10,809 RF found but not transmitted
2018-06-11 23:52:11,265 RF found but not transmitted
2018-06-11 23:52:11,901 RCV reinforcement info
2018-06-11 23:52:13,298 RCV reinforcement info
2018-06-11 23:52:13,333 RCV reinforcement info
2018-06-11 23:52:14,047 RCV reinforcement info
2018-06-11 23:52:15,770 RCV reinforcement info
2018-06-11 23:52:15,801 RCV reinforcement info
2018-06-11 23:52:16,246 RCV reinforcement info
2018-06-11 23:52:17,696 RCV reinforcement info
2018-06-11 23:52:17,998 RCV reinforcement info
2018-06-11 23:52:18,612 RCV reinforcement info
2018-06-11 23:52:21,114 RCV reinforcement info
2018-06-11 23:52:21,136 RCV reinforcement info
2018-06-11 23:52:21,862 RCV reinforcement info
2018-06-11 23:52:22,310 RCV reinforcement info
2018-06-11 23:52:22,562 RCV reinforcement info
2018-06-11 23:52:23,460 RCV reinforcement info
2018-06-11 23:52:25,836 RCV reinforcement info
2018-06-11 23:52:26,154 RCV reinforcement info
2018-06-11 23:52:26,272 RCV reinforcement info
2018-06-11 23:52:27,678 RCV reinforcement info
2018-06-11 23:52:27,972 RF found but not transmitted
2018-06-11 23:52:28,245 RCV reinforcement info
2018-06-11 23:52:28,474 RCV reinforcement info
2018-06-11 23:52:29,290 RCV proposal
2018-06-11 23:52:29,293 appended honest propose 77dc7a4fcf on top of a6a5a27f3b
2018-06-11 23:52:29,480 RCV reinforcement
2018-06-11 23:52:29,502 RCV reinforcement
2018-06-11 23:52:29,505 RCV reinforcement
2018-06-11 23:52:29,530 RCV reinforcement
2018-06-11 23:52:29,542 RCV reinforcement
2018-06-11 23:52:29,546 RCV reinforcement
2018-06-11 23:52:29,738 RCV reinforcement info
2018-06-11 23:52:29,884 RCV reinforcement
2018-06-11 23:52:30,981 RCV commit
2018-06-11 23:52:31,223 appended honest commit c895699284 on top of 77dc7a4fcf
2018-06-11 23:52:31,546 Weight: 129.9025774066243 #RFs 27
2018-06-11 23:52:31,546 weight: 129.9025774066243
2018-06-11 23:52:31,552 , 129.9025774066243
2018-06-11 23:52:31,631 RCV reinforcement info
2018-06-11 23:52:31,785 RCV proposal
2018-06-11 23:52:31,797 appended malicious propose e34287c2f4 on top of a6a5a27f3b
2018-06-11 23:52:31,798 REINFORCEMENT SENT state
2018-06-11 23:52:31,799 SNT reinforcement
2018-06-11 23:52:31,912 RCV reinforcement
2018-06-11 23:52:33,354 RCV commit
2018-06-11 23:52:33,528 appended malicious commit 2384f6c888 on top of e34287c2f4
2018-06-11 23:52:33,662 Weight: 130.7947325540624 #RFs 21
2018-06-11 23:52:33,663 weight: 130.7947325540624
2018-06-11 23:52:33,663 , 130.7947325540624
2018-06-11 23:52:33,665 MALICIOUS MINING state
2018-06-11 23:52:33,666 start mining - depth 31
2018-06-11 23:52:33,667 start mining - hash 2384f6c888a2a02f3fb986eebf3cb69560a0a48be89942477f9fa94dfc2d299e
2018-06-11 23:52:33,668 Hashing frequency: 4119
2018-06-11 23:52:34,234 RCV reinforcement info
2018-06-11 23:52:34,623 RCV reinforcement info
2018-06-11 23:52:34,944 RCV reinforcement info
2018-06-11 23:52:35,926 RF found but not transmitted
2018-06-11 23:52:36,650 RCV reinforcement info
2018-06-11 23:52:37,562 RF found but not transmitted
2018-06-11 23:52:39,644 RCV reinforcement info
2018-06-11 23:52:40,391 RCV reinforcement info
2018-06-11 23:52:40,424 RCV malicious_prop_agreement
2018-06-11 23:52:40,586 RCV reinforcement info
2018-06-11 23:52:40,696 RCV reinforcement info
2018-06-11 23:52:41,048 RCV reinforcement info
2018-06-11 23:52:41,210 RCV reinforcement info
2018-06-11 23:52:41,336 RCV reinforcement info
2018-06-11 23:52:41,516 RCV reinforcement info
2018-06-11 23:52:41,852 RF found but not transmitted
2018-06-11 23:52:42,501 RCV reinforcement info
2018-06-11 23:52:42,814 RCV reinforcement info
2018-06-11 23:52:42,916 RCV reinforcement info
2018-06-11 23:52:43,747 RCV reinforcement info
2018-06-11 23:52:48,131 RCV reinforcement info
2018-06-11 23:52:49,561 RCV reinforcement info
2018-06-11 23:52:49,777 RCV reinforcement info
2018-06-11 23:52:50,377 RCV reinforcement info
2018-06-11 23:52:50,485 RCV reinforcement info
2018-06-11 23:52:50,851 RCV reinforcement info
2018-06-11 23:52:50,955 RCV reinforcement info
2018-06-11 23:52:51,097 RCV reinforcement info
2018-06-11 23:52:51,424 RCV reinforcement info
2018-06-11 23:52:51,466 RCV reinforcement info
2018-06-11 23:52:52,331 RF found but not transmitted
2018-06-11 23:52:52,847 RCV reinforcement info
2018-06-11 23:52:53,092 RCV reinforcement info
2018-06-11 23:52:54,179 RCV reinforcement info
2018-06-11 23:52:54,675 RCV reinforcement info
2018-06-11 23:52:54,951 RCV reinforcement info
2018-06-11 23:52:55,475 RCV reinforcement info
2018-06-11 23:52:56,363 RCV reinforcement info
2018-06-11 23:52:56,566 RCV proposal
2018-06-11 23:52:56,570 appended honest propose 2916c3afc4 on top of c895699284
2018-06-11 23:52:56,748 RCV reinforcement
2018-06-11 23:52:56,828 RCV reinforcement
2018-06-11 23:52:56,841 RCV reinforcement
2018-06-11 23:52:56,870 RCV reinforcement
2018-06-11 23:52:56,875 RCV reinforcement
2018-06-11 23:52:56,888 RCV reinforcement
2018-06-11 23:52:58,287 RCV commit
2018-06-11 23:52:58,315 RF found but not transmitted
2018-06-11 23:52:58,622 appended honest commit 9d2e0f1bdd on top of 2916c3afc4
2018-06-11 23:52:58,997 Weight: 137.13050016161188 #RFs 34
2018-06-11 23:52:58,997 weight: 137.13050016161188
2018-06-11 23:52:58,997 , 137.13050016161188
2018-06-11 23:52:59,024 Synchronizing branches
2018-06-11 23:52:59,024 start mining - depth 32
2018-06-11 23:52:59,025 start mining - hash 9d2e0f1bdd026c732b567f26ba072e92f45c50d0c0c7b36af9af9fa955742565
2018-06-11 23:53:01,866 RCV reinforcement info
2018-06-11 23:53:02,172 RCV reinforcement info
2018-06-11 23:53:02,982 RCV proposal
2018-06-11 23:53:02,986 appended honest propose ff6c65c69b on top of 9d2e0f1bdd
2018-06-11 23:53:03,089 RCV reinforcement
2018-06-11 23:53:03,344 RCV reinforcement info
2018-06-11 23:53:03,461 RCV reinforcement
2018-06-11 23:53:04,458 RCV reinforcement info
2018-06-11 23:53:04,618 RCV reinforcement
2018-06-11 23:53:04,629 RCV reinforcement info
2018-06-11 23:53:04,653 RCV commit
2018-06-11 23:53:04,693 appended honest commit ce43a35012 on top of ff6c65c69b
2018-06-11 23:53:04,700 Weight: 138.55808453345347 #RFs 3
2018-06-11 23:53:04,700 weight: 138.55808453345347
2018-06-11 23:53:04,700 , 138.55808453345347
2018-06-11 23:53:04,707 start mining - depth 33
2018-06-11 23:53:04,708 start mining - hash ce43a350123982bf9c37f86cedc1e152082e3afba2f33a92dfd9b429568c1618
2018-06-11 23:53:04,835 RCV reinforcement
2018-06-11 23:53:05,179 RCV reinforcement info
2018-06-11 23:53:06,261 RCV reinforcement info
2018-06-11 23:53:06,380 RF found but not transmitted
2018-06-11 23:53:07,641 RCV reinforcement info
2018-06-11 23:53:07,819 RCV reinforcement info
2018-06-11 23:53:08,913 RCV reinforcement info
2018-06-11 23:53:08,995 RCV reinforcement info
2018-06-11 23:53:09,212 RCV reinforcement info
2018-06-11 23:53:09,993 RCV reinforcement info
2018-06-11 23:53:10,213 RCV reinforcement info
2018-06-11 23:53:10,461 RCV reinforcement info
2018-06-11 23:53:10,546 RCV reinforcement info
2018-06-11 23:53:10,803 RF found but not transmitted
2018-06-11 23:53:10,804 hash found
2018-06-11 23:53:10,805 SNT malicious_proposal_agreement
2018-06-11 23:53:11,068 RCV proposal
2018-06-11 23:53:11,076 appended honest propose 35c04ad868 on top of ce43a35012
2018-06-11 23:53:11,232 RCV reinforcement
2018-06-11 23:53:11,240 RCV reinforcement
2018-06-11 23:53:11,262 RCV reinforcement
2018-06-11 23:53:11,282 RCV reinforcement
2018-06-11 23:53:12,358 RCV reinforcement info
2018-06-11 23:53:12,538 RCV reinforcement
2018-06-11 23:53:12,603 RCV commit
2018-06-11 23:53:12,699 appended honest commit 813df32814 on top of 35c04ad868
2018-06-11 23:53:12,794 Weight: 142.57896450465194 #RFs 11
2018-06-11 23:53:12,795 weight: 142.57896450465194
2018-06-11 23:53:12,795 , 142.57896450465194
2018-06-11 23:53:12,799 appended malicious propose 98521b1265 on top of ce43a35012
2018-06-11 23:53:12,799 REINFORCEMENT COLLECTING state
2018-06-11 23:53:12,945 SNT proposal
2018-06-11 23:53:13,152 RCV reinforcement info
2018-06-11 23:53:13,278 RCV reinforcement
2018-06-11 23:53:13,303 RCV reinforcement
2018-06-11 23:53:14,404 RCV reinforcement info
2018-06-11 23:53:14,447 commit with 3 reinforcements
2018-06-11 23:53:14,455 appended malicious commit 560c35fcbb on top of 98521b1265
2018-06-11 23:53:14,461 Weight: 140.77402043848264 #RFs 3
2018-06-11 23:53:14,461 weight: 140.77402043848264
2018-06-11 23:53:14,461 , 140.77402043848264
2018-06-11 23:53:14,463 MALICIOUS MINING state
2018-06-11 23:53:14,463 start mining - depth 34
2018-06-11 23:53:14,464 start mining - hash 813df32814aedb76b759926c663abf62f29f435b17f2c01c8599bf3c17405766
2018-06-11 23:53:14,465 SNT commit
2018-06-11 23:53:15,015 RCV reinforcement info
2018-06-11 23:53:15,354 RCV reinforcement info
2018-06-11 23:53:15,562 RCV reinforcement info
2018-06-11 23:53:16,005 RCV reinforcement info
2018-06-11 23:53:16,307 RCV reinforcement info
2018-06-11 23:53:16,811 RCV reinforcement info
2018-06-11 23:53:18,169 RCV proposal
2018-06-11 23:53:18,174 appended honest propose 09e1fca434 on top of 813df32814
2018-06-11 23:53:18,311 RCV reinforcement
2018-06-11 23:53:18,334 RCV reinforcement
2018-06-11 23:53:18,362 RCV reinforcement
2018-06-11 23:53:18,402 RCV reinforcement
2018-06-11 23:53:18,419 RCV reinforcement
2018-06-11 23:53:19,798 RCV commit
2018-06-11 23:53:19,974 appended honest commit 6e47b8e8de on top of 09e1fca434
2018-06-11 23:53:20,052 Weight: 144.75630590515075 #RFs 8
2018-06-11 23:53:20,057 weight: 144.75630590515075
2018-06-11 23:53:20,057 , 144.75630590515075
2018-06-11 23:53:20,090 start mining - depth 35
2018-06-11 23:53:20,090 start mining - hash 6e47b8e8defbd1fa0f67834033443884dd91efeba5f66f39599aeacff576f4e1
2018-06-11 23:53:20,504 RCV reinforcement info
2018-06-11 23:53:21,107 RCV reinforcement info
2018-06-11 23:53:21,299 RCV reinforcement info
2018-06-11 23:53:21,786 RCV reinforcement info
2018-06-11 23:53:22,384 RCV proposal
2018-06-11 23:53:22,387 appended honest propose 6399f246cd on top of 6e47b8e8de
2018-06-11 23:53:22,608 RCV reinforcement
2018-06-11 23:53:22,634 RCV reinforcement
2018-06-11 23:53:23,475 RCV reinforcement info
2018-06-11 23:53:24,260 RCV reinforcement
2018-06-11 23:53:24,364 RCV commit
2018-06-11 23:53:24,389 appended honest commit 1878936314 on top of 6399f246cd
2018-06-11 23:53:24,420 Weight: 146.28395822968758 #RFs 4
2018-06-11 23:53:24,420 weight: 146.28395822968758
2018-06-11 23:53:24,420 , 146.28395822968758
2018-06-11 23:53:24,493 start mining - depth 36
2018-06-11 23:53:24,493 start mining - hash 187893631408e99215eb52551ce90fa15947f9b229761958683e9df16631196d
2018-06-11 23:53:24,645 RCV reinforcement info
2018-06-11 23:53:24,798 RCV reinforcement
2018-06-11 23:53:25,354 RCV reinforcement info
2018-06-11 23:53:25,812 RCV reinforcement info
2018-06-11 23:53:27,811 RCV reinforcement info
2018-06-11 23:53:27,901 RCV reinforcement info
2018-06-11 23:53:27,939 RCV reinforcement info
2018-06-11 23:53:28,039 RCV reinforcement info
2018-06-11 23:53:29,046 RCV reinforcement info
2018-06-11 23:53:29,449 RCV reinforcement info
2018-06-11 23:53:29,807 RCV proposal
2018-06-11 23:53:29,810 appended honest propose 75886c7825 on top of 1878936314
2018-06-11 23:53:30,095 RCV reinforcement
2018-06-11 23:53:30,119 RCV reinforcement
2018-06-11 23:53:30,133 RCV reinforcement
2018-06-11 23:53:30,137 RCV reinforcement
2018-06-11 23:53:30,160 RCV reinforcement
2018-06-11 23:53:30,715 RCV reinforcement info
2018-06-11 23:53:30,817 RCV reinforcement info
2018-06-11 23:53:30,948 RCV reinforcement
2018-06-11 23:53:31,046 RCV reinforcement
2018-06-11 23:53:31,452 RCV reinforcement info
2018-06-11 23:53:31,471 RCV reinforcement info
2018-06-11 23:53:31,618 RCV commit
2018-06-11 23:53:31,735 appended honest commit 220785c197 on top of 75886c7825
2018-06-11 23:53:31,789 Weight: 148.75063650189207 #RFs 9
2018-06-11 23:53:31,790 weight: 148.75063650189207
2018-06-11 23:53:31,790 , 148.75063650189207
2018-06-11 23:53:31,793 start mining - depth 37
2018-06-11 23:53:31,799 start mining - hash 220785c1976513dfe4b7c57568c87d9fa4bd1a331fa04307bde4585789b6c7af
2018-06-11 23:53:31,927 RCV reinforcement
2018-06-11 23:53:32,005 RCV reinforcement
2018-06-11 23:53:32,380 RCV reinforcement info
2018-06-11 23:53:33,552 RCV reinforcement info
2018-06-11 23:53:34,640 RCV reinforcement info
2018-06-11 23:53:36,259 RCV reinforcement info
2018-06-11 23:53:39,283 RCV reinforcement info
2018-06-11 23:53:40,441 RCV reinforcement info
2018-06-11 23:53:41,331 RCV reinforcement info
2018-06-11 23:53:41,866 RF found but not transmitted
2018-06-11 23:53:41,978 RCV reinforcement info
2018-06-11 23:53:43,128 RCV reinforcement info
2018-06-11 23:53:43,256 RCV reinforcement info
2018-06-11 23:53:44,292 RCV reinforcement info
2018-06-11 23:53:44,735 RCV reinforcement info
2018-06-11 23:53:45,051 RCV reinforcement info
2018-06-11 23:53:46,275 RCV reinforcement info
2018-06-11 23:53:46,861 RF found but not transmitted
2018-06-11 23:53:48,000 RCV reinforcement info
2018-06-11 23:53:48,538 RCV reinforcement info
2018-06-11 23:53:48,593 RF found but not transmitted
2018-06-11 23:53:48,702 RCV reinforcement info
2018-06-11 23:53:48,993 RCV reinforcement info
