1528636463 , 1
1528636508 , 3
1528636508 , 4
1528636517 , 5
1528636529 , 6
1528636609 , 7
1528636619 , 9
1528636635 , 10
1528636669 , 11
1528636706 , 13
1528636712 , 14
1528636723 , 15
1528636728 , 16
1528636741 , 17
1528636768 , 19
1528636837 , 21
1528636923 , 23
1528636943 , 25
1528636969 , 27
1528637010 , 29
1528637097 , 31
1528637122 , 33
1528637141 , 35
1528637216 , 37
1528637221 , 38
1528637242 , 39
1528637270 , 41
1528637272 , 42
1528637345 , 43
1528637354 , 44
1528637377 , 45
1528637386 , 46
1528637397 , 47
1528637443 , 49
1528637454 , 51
