2018-06-14 14:30:19,993 ---------------------------------------------------------
2018-06-14 14:30:19,998 MALICIOUS MINING state
2018-06-14 14:30:21,116 start mining - depth 0
2018-06-14 14:30:21,118 start mining - hash 56c485a608a19efb0f1661375d982f846060c0f0188524012b10c430a7f9a9b5
2018-06-14 14:30:23,121 RCV reinforcement info
2018-06-14 14:30:24,630 RCV reinforcement info
2018-06-14 14:30:25,762 RF found but not transmitted
2018-06-14 14:30:26,467 RCV reinforcement info
2018-06-14 14:30:26,607 RCV reinforcement info
2018-06-14 14:30:27,924 RCV reinforcement info
2018-06-14 14:30:30,504 RCV reinforcement info
2018-06-14 14:30:30,619 RCV reinforcement info
2018-06-14 14:30:31,378 RCV reinforcement info
2018-06-14 14:30:32,764 RCV reinforcement info
2018-06-14 14:30:34,283 RF found but not transmitted
2018-06-14 14:30:35,094 RF found but not transmitted
2018-06-14 14:30:35,481 RCV reinforcement info
2018-06-14 14:30:35,650 RF found but not transmitted
2018-06-14 14:30:37,414 RCV reinforcement info
2018-06-14 14:30:40,284 RCV reinforcement info
2018-06-14 14:30:40,843 RCV malicious_prop_agreement
2018-06-14 14:30:42,599 RF found but not transmitted
2018-06-14 14:30:45,500 RCV reinforcement info
2018-06-14 14:30:45,866 RF found but not transmitted
2018-06-14 14:30:46,170 RCV reinforcement info
2018-06-14 14:30:47,944 RCV reinforcement info
2018-06-14 14:30:48,854 RCV reinforcement info
2018-06-14 14:30:48,879 RF found but not transmitted
2018-06-14 14:30:49,855 RCV proposal
2018-06-14 14:30:49,858 appended honest propose 8b205f24d4 on top of 56c485a608
2018-06-14 14:30:49,932 RCV reinforcement
2018-06-14 14:30:49,951 RCV reinforcement
2018-06-14 14:30:50,898 RCV reinforcement info
2018-06-14 14:30:50,960 RCV reinforcement
2018-06-14 14:30:51,288 RCV reinforcement info
2018-06-14 14:30:51,349 RCV reinforcement
2018-06-14 14:30:51,409 RCV commit
2018-06-14 14:30:51,483 appended honest commit d576aaea20 on top of 8b205f24d4
2018-06-14 14:30:51,562 Weight: 4.702011095651095 #RFs 17
2018-06-14 14:30:51,562 weight: 4.702011095651095
2018-06-14 14:30:51,563 , 4.702011095651095
2018-06-14 14:30:51,737 RCV proposal
2018-06-14 14:30:51,741 appended malicious propose ee0f4f88fe on top of 56c485a608
2018-06-14 14:30:51,741 REINFORCEMENT SENT state
2018-06-14 14:30:51,742 SNT reinforcement
2018-06-14 14:30:51,866 RCV reinforcement
2018-06-14 14:30:51,888 RCV reinforcement
2018-06-14 14:30:51,958 RCV reinforcement
2018-06-14 14:30:51,987 RCV reinforcement
2018-06-14 14:30:52,001 RCV reinforcement
2018-06-14 14:30:53,372 RCV reinforcement
2018-06-14 14:30:53,396 RCV commit
2018-06-14 14:30:53,707 appended malicious commit 96cbafbe5e on top of ee0f4f88fe
2018-06-14 14:30:54,026 Weight: 8.728960583618145 #RFs 53
2018-06-14 14:30:54,028 weight: 8.728960583618145
2018-06-14 14:30:54,028 , 8.728960583618145
2018-06-14 14:30:54,028 MALICIOUS MINING state
2018-06-14 14:30:54,029 start mining - depth 1
2018-06-14 14:30:54,029 start mining - hash 96cbafbe5ed7ba4bdcc6d97af83bae811e8e87c9de3ca85668ac2914ad59e586
2018-06-14 14:30:54,982 RCV reinforcement info
2018-06-14 14:30:56,154 RCV reinforcement info
2018-06-14 14:30:56,966 RF found but not transmitted
2018-06-14 14:30:58,029 RCV reinforcement info
2018-06-14 14:30:59,596 RCV malicious_prop_agreement
2018-06-14 14:31:01,630 RCV reinforcement info
2018-06-14 14:31:04,153 RF found but not transmitted
2018-06-14 14:31:05,205 RCV reinforcement info
2018-06-14 14:31:05,875 RCV reinforcement info
2018-06-14 14:31:06,252 RF found but not transmitted
2018-06-14 14:31:08,634 RCV reinforcement info
2018-06-14 14:31:08,949 RF found but not transmitted
2018-06-14 14:31:10,343 RF found but not transmitted
2018-06-14 14:31:11,123 RCV reinforcement info
2018-06-14 14:31:12,573 RF found but not transmitted
2018-06-14 14:31:12,913 RCV reinforcement info
2018-06-14 14:31:15,693 RF found but not transmitted
2018-06-14 14:31:17,580 RF found but not transmitted
2018-06-14 14:31:19,703 RCV reinforcement info
2018-06-14 14:31:20,258 RCV reinforcement info
2018-06-14 14:31:20,693 RCV reinforcement info
2018-06-14 14:31:21,155 RF found but not transmitted
2018-06-14 14:31:21,830 RCV reinforcement info
2018-06-14 14:31:22,077 RF found but not transmitted
2018-06-14 14:31:22,417 RCV reinforcement info
2018-06-14 14:31:23,217 RCV proposal
2018-06-14 14:31:23,223 appended honest propose 18817d707a on top of 96cbafbe5e
2018-06-14 14:31:23,310 RCV reinforcement
2018-06-14 14:31:23,330 RCV reinforcement
2018-06-14 14:31:23,475 RCV reinforcement info
2018-06-14 14:31:23,573 RCV reinforcement
2018-06-14 14:31:23,677 RF found but not transmitted
2018-06-14 14:31:23,705 RCV reinforcement info
2018-06-14 14:31:23,780 RCV reinforcement
2018-06-14 14:31:24,825 RF found but not transmitted
2018-06-14 14:31:24,882 RCV commit
2018-06-14 14:31:25,008 appended honest commit 3716ddf376 on top of 18817d707a
2018-06-14 14:31:25,061 Weight: 12.207778717272033 #RFs 15
2018-06-14 14:31:25,061 weight: 12.207778717272033
2018-06-14 14:31:25,061 , 12.207778717272033
2018-06-14 14:31:25,228 RCV proposal
2018-06-14 14:31:25,232 appended malicious propose 7eef671afb on top of 96cbafbe5e
2018-06-14 14:31:25,232 REINFORCEMENT SENT state
2018-06-14 14:31:25,234 SNT reinforcement
2018-06-14 14:31:25,460 RCV reinforcement
2018-06-14 14:31:25,512 RCV reinforcement
2018-06-14 14:31:25,578 RCV reinforcement
2018-06-14 14:31:25,588 RCV reinforcement
2018-06-14 14:31:25,618 RCV reinforcement
2018-06-14 14:31:25,660 RCV reinforcement info
2018-06-14 14:31:25,704 RCV reinforcement
2018-06-14 14:31:25,744 RCV reinforcement
2018-06-14 14:31:25,775 RCV reinforcement info
2018-06-14 14:31:25,828 RCV reinforcement
2018-06-14 14:31:26,010 RF found but not transmitted
2018-06-14 14:31:26,012 SNT reinforcement
2018-06-14 14:31:26,914 RCV commit
2018-06-14 14:31:27,299 appended malicious commit 4dd0c794e8 on top of 7eef671afb
2018-06-14 14:31:27,573 Weight: 17.41717115653914 #RFs 46
2018-06-14 14:31:27,573 weight: 17.41717115653914
2018-06-14 14:31:27,579 , 17.41717115653914
2018-06-14 14:31:27,598 MALICIOUS MINING state
2018-06-14 14:31:27,598 start mining - depth 2
2018-06-14 14:31:27,599 start mining - hash 4dd0c794e84db2532fc47243a9906d6ee26d838333514be389c75c0b60705853
2018-06-14 14:31:27,600 Hashing frequency: 3568
2018-06-14 14:31:28,742 RF found but not transmitted
2018-06-14 14:31:29,177 RCV reinforcement info
2018-06-14 14:31:29,487 RCV reinforcement info
2018-06-14 14:31:30,698 RCV malicious_prop_agreement
2018-06-14 14:31:30,883 RCV reinforcement info
2018-06-14 14:31:32,668 RCV reinforcement info
2018-06-14 14:31:32,723 RCV reinforcement info
2018-06-14 14:31:36,037 RCV reinforcement info
2018-06-14 14:31:38,106 RCV reinforcement info
2018-06-14 14:31:38,927 RCV reinforcement info
2018-06-14 14:31:41,014 RCV reinforcement info
2018-06-14 14:31:43,040 RCV reinforcement info
2018-06-14 14:31:45,631 RCV reinforcement info
2018-06-14 14:31:46,088 RCV reinforcement info
2018-06-14 14:31:46,236 RF found but not transmitted
2018-06-14 14:31:46,452 RF found but not transmitted
2018-06-14 14:31:46,868 RCV reinforcement info
2018-06-14 14:31:50,844 RCV reinforcement info
2018-06-14 14:31:51,649 RCV reinforcement info
2018-06-14 14:31:53,222 RCV reinforcement info
2018-06-14 14:31:53,245 RCV reinforcement info
2018-06-14 14:31:53,799 RCV reinforcement info
2018-06-14 14:31:54,138 RCV reinforcement info
2018-06-14 14:31:54,832 RCV reinforcement info
2018-06-14 14:31:55,892 RCV reinforcement info
2018-06-14 14:32:02,898 RCV reinforcement info
2018-06-14 14:32:02,975 RCV reinforcement info
2018-06-14 14:32:04,774 RCV reinforcement info
2018-06-14 14:32:05,593 RCV reinforcement info
2018-06-14 14:32:05,719 RF found but not transmitted
2018-06-14 14:32:06,768 RF found but not transmitted
2018-06-14 14:32:07,552 RCV reinforcement info
2018-06-14 14:32:08,680 RCV reinforcement info
2018-06-14 14:32:10,316 RCV reinforcement info
2018-06-14 14:32:12,608 RCV reinforcement info
2018-06-14 14:32:13,596 RF found but not transmitted
2018-06-14 14:32:13,817 RCV reinforcement info
2018-06-14 14:32:15,969 RCV reinforcement info
2018-06-14 14:32:17,447 RCV proposal
2018-06-14 14:32:17,451 appended honest propose 65c563e67a on top of 4dd0c794e8
2018-06-14 14:32:17,506 RCV reinforcement
2018-06-14 14:32:17,510 RCV reinforcement
2018-06-14 14:32:19,026 RCV commit
2018-06-14 14:32:19,221 appended honest commit 591691e71f on top of 65c563e67a
2018-06-14 14:32:19,394 Weight: 25.046304046992447 #RFs 31
2018-06-14 14:32:19,394 weight: 25.046304046992447
2018-06-14 14:32:19,394 , 25.046304046992447
2018-06-14 14:32:19,503 RCV proposal
2018-06-14 14:32:19,517 appended malicious propose 5881b5d980 on top of 4dd0c794e8
2018-06-14 14:32:19,519 REINFORCEMENT SENT state
2018-06-14 14:32:19,521 SNT reinforcement
2018-06-14 14:32:19,734 RCV reinforcement
2018-06-14 14:32:19,770 RCV reinforcement
2018-06-14 14:32:19,777 RCV reinforcement
2018-06-14 14:32:19,791 RCV reinforcement
2018-06-14 14:32:19,795 RCV reinforcement
2018-06-14 14:32:19,894 RCV reinforcement info
2018-06-14 14:32:20,222 RCV reinforcement
2018-06-14 14:32:21,183 RCV reinforcement
2018-06-14 14:32:21,274 RCV commit
2018-06-14 14:32:21,794 appended malicious commit b6209fe3ca on top of 5881b5d980
2018-06-14 14:32:22,241 Weight: 36.22555274730463 #RFs 80
2018-06-14 14:32:22,242 weight: 36.22555274730463
2018-06-14 14:32:22,242 , 36.22555274730463
2018-06-14 14:32:22,247 MALICIOUS MINING state
2018-06-14 14:32:22,247 start mining - depth 3
2018-06-14 14:32:22,248 start mining - hash b6209fe3ca29bbbfc588f2ab2ab9392ce071acff386b7d805f5b2a25c6491869
2018-06-14 14:32:24,487 RCV reinforcement info
2018-06-14 14:32:24,766 RCV reinforcement info
2018-06-14 14:32:25,964 RF found but not transmitted
2018-06-14 14:32:27,367 RCV malicious_prop_agreement
2018-06-14 14:32:28,370 RCV reinforcement info
2018-06-14 14:32:30,187 RCV reinforcement info
2018-06-14 14:32:30,194 RF found but not transmitted
2018-06-14 14:32:30,232 RF found but not transmitted
2018-06-14 14:32:30,710 RF found but not transmitted
2018-06-14 14:32:31,413 RF found but not transmitted
2018-06-14 14:32:33,188 RCV reinforcement info
2018-06-14 14:32:34,141 RF found but not transmitted
2018-06-14 14:32:37,229 RCV proposal
2018-06-14 14:32:37,233 appended honest propose 8b2f2a0e07 on top of b6209fe3ca
2018-06-14 14:32:37,310 RCV reinforcement
2018-06-14 14:32:37,330 RCV reinforcement
2018-06-14 14:32:38,761 RCV commit
2018-06-14 14:32:38,809 appended honest commit 19535054a2 on top of 8b2f2a0e07
2018-06-14 14:32:38,825 Weight: 37.84426654892461 #RFs 5
2018-06-14 14:32:38,825 weight: 37.84426654892461
2018-06-14 14:32:38,825 , 37.84426654892461
2018-06-14 14:32:39,043 RCV proposal
2018-06-14 14:32:39,048 appended malicious propose 12f44120a1 on top of b6209fe3ca
2018-06-14 14:32:39,050 REINFORCEMENT SENT state
2018-06-14 14:32:39,051 SNT reinforcement
2018-06-14 14:32:39,199 RCV reinforcement
2018-06-14 14:32:39,204 RCV reinforcement
2018-06-14 14:32:39,207 RCV reinforcement
2018-06-14 14:32:39,210 RCV reinforcement
2018-06-14 14:32:39,214 RCV reinforcement
2018-06-14 14:32:39,242 RCV reinforcement
2018-06-14 14:32:39,638 RCV reinforcement
2018-06-14 14:32:39,781 RCV reinforcement info
2018-06-14 14:32:40,135 RCV reinforcement info
2018-06-14 14:32:40,167 RCV reinforcement
2018-06-14 14:32:40,554 RCV commit
2018-06-14 14:32:40,791 appended malicious commit e544a911be on top of 12f44120a1
2018-06-14 14:32:40,984 Weight: 46.015520452065175 #RFs 34
2018-06-14 14:32:40,984 weight: 46.015520452065175
2018-06-14 14:32:40,984 , 46.015520452065175
2018-06-14 14:32:40,986 MALICIOUS MINING state
2018-06-14 14:32:40,988 start mining - depth 4
2018-06-14 14:32:40,990 start mining - hash e544a911bea441e7ac4a7427b170af798d7c78530595faf008f5737bf5090daa
2018-06-14 14:32:40,990 Hashing frequency: 3942
2018-06-14 14:32:41,157 RCV reinforcement info
2018-06-14 14:32:41,186 RCV malicious_prop_agreement
2018-06-14 14:32:44,852 RCV reinforcement info
2018-06-14 14:32:45,205 RCV reinforcement info
2018-06-14 14:32:46,413 RCV reinforcement info
2018-06-14 14:32:47,448 RCV reinforcement info
2018-06-14 14:32:49,774 RCV reinforcement info
2018-06-14 14:32:51,674 RCV reinforcement info
2018-06-14 14:32:51,893 RCV reinforcement info
2018-06-14 14:32:53,179 RF found but not transmitted
2018-06-14 14:32:53,451 RF found but not transmitted
2018-06-14 14:32:55,522 RCV reinforcement info
2018-06-14 14:32:55,674 RCV reinforcement info
2018-06-14 14:32:55,811 RCV reinforcement info
2018-06-14 14:32:55,851 RCV reinforcement info
2018-06-14 14:32:57,354 RCV reinforcement info
2018-06-14 14:32:57,414 RCV reinforcement info
2018-06-14 14:32:58,054 RCV proposal
2018-06-14 14:32:58,058 appended honest propose 98d513226a on top of e544a911be
2018-06-14 14:32:58,155 RCV reinforcement
2018-06-14 14:32:58,159 RCV reinforcement
2018-06-14 14:32:59,620 RCV commit
2018-06-14 14:32:59,738 appended honest commit 79e4ca70bc on top of 98d513226a
2018-06-14 14:32:59,824 Weight: 49.849898879436026 #RFs 14
2018-06-14 14:32:59,824 weight: 49.849898879436026
2018-06-14 14:32:59,824 , 49.849898879436026
2018-06-14 14:32:59,981 RCV proposal
2018-06-14 14:32:59,998 appended malicious propose 908c6584bf on top of e544a911be
2018-06-14 14:32:59,998 REINFORCEMENT SENT state
2018-06-14 14:33:00,000 SNT reinforcement
2018-06-14 14:33:00,178 RCV reinforcement
2018-06-14 14:33:00,195 RCV reinforcement
2018-06-14 14:33:00,199 RCV reinforcement
2018-06-14 14:33:00,203 RCV reinforcement
2018-06-14 14:33:00,206 RCV reinforcement
2018-06-14 14:33:00,650 RCV reinforcement
2018-06-14 14:33:00,904 RCV reinforcement
2018-06-14 14:33:01,408 RCV reinforcement info
2018-06-14 14:33:01,593 RCV commit
2018-06-14 14:33:01,805 appended malicious commit 4ee2057385 on top of 908c6584bf
2018-06-14 14:33:01,986 Weight: 54.52298949722437 #RFs 33
2018-06-14 14:33:01,986 weight: 54.52298949722437
2018-06-14 14:33:01,986 , 54.52298949722437
2018-06-14 14:33:01,986 MALICIOUS MINING state
2018-06-14 14:33:01,987 start mining - depth 5
2018-06-14 14:33:01,987 start mining - hash 4ee205738525ab5aff4041839cc8cbaa99fb47bedc59d7cf1fb39737fe973199
2018-06-14 14:33:02,712 RCV reinforcement info
2018-06-14 14:33:02,982 RCV reinforcement info
2018-06-14 14:33:03,920 RCV reinforcement info
2018-06-14 14:33:05,212 RCV reinforcement info
2018-06-14 14:33:05,849 RCV reinforcement info
2018-06-14 14:33:07,192 RCV malicious_prop_agreement
2018-06-14 14:33:07,259 RCV reinforcement info
2018-06-14 14:33:07,448 RCV reinforcement info
2018-06-14 14:33:09,153 RF found but not transmitted
2018-06-14 14:33:09,639 RCV reinforcement info
2018-06-14 14:33:10,649 RCV reinforcement info
2018-06-14 14:33:11,352 RCV reinforcement info
2018-06-14 14:33:12,119 RCV reinforcement info
2018-06-14 14:33:14,008 RCV reinforcement info
2018-06-14 14:33:15,636 RCV reinforcement info
2018-06-14 14:33:18,058 RCV reinforcement info
2018-06-14 14:33:23,308 RF found but not transmitted
2018-06-14 14:33:23,886 RF found but not transmitted
2018-06-14 14:33:26,325 RCV reinforcement info
2018-06-14 14:33:29,498 RCV reinforcement info
2018-06-14 14:33:32,025 RCV reinforcement info
2018-06-14 14:33:34,610 RCV reinforcement info
2018-06-14 14:33:35,447 RF found but not transmitted
2018-06-14 14:33:36,201 RF found but not transmitted
2018-06-14 14:33:39,934 RF found but not transmitted
2018-06-14 14:33:40,649 RCV reinforcement info
2018-06-14 14:33:41,698 RCV reinforcement info
2018-06-14 14:33:43,788 RCV reinforcement info
2018-06-14 14:33:44,224 RCV reinforcement info
2018-06-14 14:33:44,377 RCV reinforcement info
2018-06-14 14:33:45,863 RCV reinforcement info
2018-06-14 14:33:46,025 RCV reinforcement info
2018-06-14 14:33:49,196 RCV reinforcement info
2018-06-14 14:33:49,601 RCV reinforcement info
2018-06-14 14:33:50,274 RF found but not transmitted
2018-06-14 14:33:50,774 RCV reinforcement info
2018-06-14 14:33:54,366 RCV reinforcement info
2018-06-14 14:33:56,372 RCV reinforcement info
2018-06-14 14:33:56,934 RCV reinforcement info
2018-06-14 14:33:57,959 RCV reinforcement info
2018-06-14 14:33:58,063 RCV reinforcement info
2018-06-14 14:34:01,500 RCV reinforcement info
2018-06-14 14:34:01,537 RF found but not transmitted
2018-06-14 14:34:01,574 RCV reinforcement info
2018-06-14 14:34:01,644 RCV reinforcement info
2018-06-14 14:34:02,624 RCV reinforcement info
2018-06-14 14:34:04,752 RF found but not transmitted
2018-06-14 14:34:05,365 RF found but not transmitted
2018-06-14 14:34:05,435 RCV reinforcement info
2018-06-14 14:34:05,775 RCV reinforcement info
2018-06-14 14:34:06,577 RCV reinforcement info
2018-06-14 14:34:06,769 RF found but not transmitted
2018-06-14 14:34:07,641 RCV reinforcement info
2018-06-14 14:34:10,137 RCV reinforcement info
2018-06-14 14:34:10,340 RCV reinforcement info
2018-06-14 14:34:11,597 RCV reinforcement info
2018-06-14 14:34:12,321 RCV reinforcement info
2018-06-14 14:34:12,846 RCV reinforcement info
2018-06-14 14:34:15,488 RCV reinforcement info
2018-06-14 14:34:17,398 RCV reinforcement info
2018-06-14 14:34:19,531 RCV reinforcement info
2018-06-14 14:34:22,498 RCV reinforcement info
2018-06-14 14:34:23,141 RCV reinforcement info
2018-06-14 14:34:23,187 RF found but not transmitted
2018-06-14 14:34:23,457 RCV reinforcement info
2018-06-14 14:34:23,951 RCV reinforcement info
2018-06-14 14:34:25,365 RCV reinforcement info
2018-06-14 14:34:26,208 RCV reinforcement info
2018-06-14 14:34:27,186 RCV reinforcement info
2018-06-14 14:34:28,000 RF found but not transmitted
2018-06-14 14:34:29,658 RCV reinforcement info
2018-06-14 14:34:30,061 RCV proposal
2018-06-14 14:34:30,067 appended honest propose 60330dab7b on top of 4ee2057385
2018-06-14 14:34:30,140 RCV reinforcement
2018-06-14 14:34:30,150 RCV reinforcement
2018-06-14 14:34:31,729 RCV commit
2018-06-14 14:34:32,189 appended honest commit 3c926bf16f on top of 60330dab7b
2018-06-14 14:34:32,515 Weight: 65.0104246445814 #RFs 57
2018-06-14 14:34:32,516 weight: 65.0104246445814
2018-06-14 14:34:32,516 , 65.0104246445814
2018-06-14 14:34:32,700 RCV proposal
2018-06-14 14:34:32,712 appended malicious propose b5c9d34fd6 on top of 4ee2057385
2018-06-14 14:34:32,712 REINFORCEMENT SENT state
2018-06-14 14:34:32,714 SNT reinforcement
2018-06-14 14:34:32,889 RCV reinforcement
2018-06-14 14:34:32,894 RCV reinforcement
2018-06-14 14:34:32,898 RCV reinforcement
2018-06-14 14:34:32,903 RCV reinforcement
2018-06-14 14:34:32,908 RCV reinforcement
2018-06-14 14:34:32,986 RCV reinforcement
2018-06-14 14:34:33,520 RCV reinforcement
2018-06-14 14:34:34,072 RCV reinforcement
2018-06-14 14:34:34,480 RCV reinforcement
2018-06-14 14:34:34,524 RCV commit
2018-06-14 14:34:35,351 appended malicious commit 2c9b65cab9 on top of b5c9d34fd6
2018-06-14 14:34:36,121 Weight: 84.75405896339424 #RFs 122
2018-06-14 14:34:36,122 weight: 84.75405896339424
2018-06-14 14:34:36,128 , 84.75405896339424
2018-06-14 14:34:36,131 MALICIOUS MINING state
2018-06-14 14:34:36,131 start mining - depth 6
2018-06-14 14:34:36,132 start mining - hash 2c9b65cab9443bf7d0ea5910fdb008caf624ddcefea4c99e4d543be411e19d19
2018-06-14 14:34:36,133 Hashing frequency: 6180
2018-06-14 14:34:36,904 RF found but not transmitted
2018-06-14 14:34:37,464 RCV malicious_prop_agreement
2018-06-14 14:34:39,461 RF found but not transmitted
2018-06-14 14:34:43,698 RCV reinforcement info
2018-06-14 14:34:44,224 RCV reinforcement info
2018-06-14 14:34:44,649 RCV reinforcement info
2018-06-14 14:34:44,756 RCV reinforcement info
2018-06-14 14:34:46,262 RCV reinforcement info
2018-06-14 14:34:47,463 RF found but not transmitted
2018-06-14 14:34:49,281 RCV reinforcement info
2018-06-14 14:34:51,321 RCV reinforcement info
2018-06-14 14:34:53,893 RCV reinforcement info
2018-06-14 14:34:53,924 RF found but not transmitted
2018-06-14 14:34:53,963 RF found but not transmitted
2018-06-14 14:34:54,562 RCV reinforcement info
2018-06-14 14:34:56,955 RF found but not transmitted
2018-06-14 14:34:57,077 RCV reinforcement info
2018-06-14 14:35:01,632 RCV reinforcement info
2018-06-14 14:35:02,229 RCV reinforcement info
2018-06-14 14:35:03,116 RCV reinforcement info
2018-06-14 14:35:03,484 RF found but not transmitted
2018-06-14 14:35:06,122 RCV reinforcement info
2018-06-14 14:35:06,181 RF found but not transmitted
2018-06-14 14:35:08,766 RF found but not transmitted
2018-06-14 14:35:08,873 RCV reinforcement info
2018-06-14 14:35:09,322 RCV reinforcement info
2018-06-14 14:35:12,536 RCV reinforcement info
2018-06-14 14:35:12,606 RCV reinforcement info
2018-06-14 14:35:13,680 RF found but not transmitted
2018-06-14 14:35:16,178 RCV reinforcement info
2018-06-14 14:35:16,240 RCV reinforcement info
2018-06-14 14:35:16,733 RCV reinforcement info
2018-06-14 14:35:17,059 RF found but not transmitted
2018-06-14 14:35:17,319 RF found but not transmitted
2018-06-14 14:35:18,155 RCV reinforcement info
2018-06-14 14:35:18,168 RF found but not transmitted
2018-06-14 14:35:18,635 RCV reinforcement info
2018-06-14 14:35:19,525 RCV reinforcement info
2018-06-14 14:35:21,651 RF found but not transmitted
2018-06-14 14:35:23,106 RF found but not transmitted
2018-06-14 14:35:24,336 RCV reinforcement info
2018-06-14 14:35:25,271 RF found but not transmitted
2018-06-14 14:35:25,469 RCV reinforcement info
2018-06-14 14:35:26,304 RCV reinforcement info
2018-06-14 14:35:26,913 RCV proposal
2018-06-14 14:35:26,919 appended honest propose 4eb90f06ff on top of 2c9b65cab9
2018-06-14 14:35:26,975 RCV reinforcement
2018-06-14 14:35:26,995 RCV reinforcement
2018-06-14 14:35:27,479 RCV reinforcement info
2018-06-14 14:35:27,545 RCV reinforcement
2018-06-14 14:35:27,787 RCV reinforcement info
2018-06-14 14:35:27,853 RCV reinforcement
2018-06-14 14:35:28,030 RCV reinforcement info
2018-06-14 14:35:28,095 RCV reinforcement
2018-06-14 14:35:28,515 RCV commit
2018-06-14 14:35:28,710 appended honest commit 6f4b01b592 on top of 4eb90f06ff
2018-06-14 14:35:28,898 Weight: 91.3761257294739 #RFs 29
2018-06-14 14:35:28,899 weight: 91.3761257294739
2018-06-14 14:35:28,900 , 91.3761257294739
2018-06-14 14:35:29,049 RCV proposal
2018-06-14 14:35:29,077 appended malicious propose e720dbc821 on top of 2c9b65cab9
2018-06-14 14:35:29,078 REINFORCEMENT SENT state
2018-06-14 14:35:29,080 SNT reinforcement
2018-06-14 14:35:29,284 RCV reinforcement
2018-06-14 14:35:29,290 RCV reinforcement
2018-06-14 14:35:29,294 RCV reinforcement
2018-06-14 14:35:29,298 RCV reinforcement
2018-06-14 14:35:29,304 RCV reinforcement
2018-06-14 14:35:29,381 RCV reinforcement
2018-06-14 14:35:29,572 RCV reinforcement info
2018-06-14 14:35:30,622 RCV reinforcement info
2018-06-14 14:35:30,862 RCV commit
2018-06-14 14:35:31,332 appended malicious commit 9bb0edebe5 on top of e720dbc821
2018-06-14 14:35:31,853 Weight: 106.4496142934157 #RFs 79
2018-06-14 14:35:31,853 weight: 106.4496142934157
2018-06-14 14:35:31,853 , 106.4496142934157
2018-06-14 14:35:31,858 MALICIOUS MINING state
2018-06-14 14:35:31,859 start mining - depth 7
2018-06-14 14:35:31,859 start mining - hash 9bb0edebe5294c55f77ac8da1cfdd70ec585a09395858d1ed81201d339eb067e
2018-06-14 14:35:32,138 RCV reinforcement info
2018-06-14 14:35:32,376 RF found but not transmitted
2018-06-14 14:35:33,161 RCV reinforcement info
2018-06-14 14:35:34,670 RCV reinforcement info
2018-06-14 14:35:38,185 RCV reinforcement info
2018-06-14 14:35:38,800 RF found but not transmitted
2018-06-14 14:35:39,536 RF found but not transmitted
2018-06-14 14:35:39,538 hash found
2018-06-14 14:35:39,540 SNT malicious_proposal_agreement
2018-06-14 14:35:39,876 RF found but not transmitted
2018-06-14 14:35:41,107 RCV reinforcement info
2018-06-14 14:35:42,394 RCV reinforcement info
2018-06-14 14:35:43,944 RCV reinforcement info
2018-06-14 14:35:45,757 RCV reinforcement info
2018-06-14 14:35:45,811 RF found but not transmitted
2018-06-14 14:35:46,658 RF found but not transmitted
2018-06-14 14:35:46,994 RCV reinforcement info
2018-06-14 14:35:49,461 RF found but not transmitted
2018-06-14 14:35:53,077 RCV reinforcement info
2018-06-14 14:35:53,364 RCV reinforcement info
2018-06-14 14:35:54,119 RF found but not transmitted
2018-06-14 14:35:57,049 RCV reinforcement info
2018-06-14 14:35:58,835 RCV reinforcement info
2018-06-14 14:35:59,722 RCV reinforcement info
2018-06-14 14:36:00,349 RF found but not transmitted
2018-06-14 14:36:00,966 RCV reinforcement info
2018-06-14 14:36:03,803 RCV reinforcement info
2018-06-14 14:36:03,813 RCV reinforcement info
2018-06-14 14:36:04,674 RCV reinforcement info
2018-06-14 14:36:05,667 RF found but not transmitted
2018-06-14 14:36:08,813 RCV reinforcement info
2018-06-14 14:36:09,693 RCV reinforcement info
2018-06-14 14:36:10,134 RF found but not transmitted
2018-06-14 14:36:12,876 RF found but not transmitted
2018-06-14 14:36:19,726 RCV reinforcement info
2018-06-14 14:36:20,276 RCV reinforcement info
2018-06-14 14:36:22,270 RCV reinforcement info
2018-06-14 14:36:24,576 RCV proposal
2018-06-14 14:36:24,580 appended honest propose a73ff7c404 on top of 9bb0edebe5
2018-06-14 14:36:24,633 RCV reinforcement info
2018-06-14 14:36:24,653 RCV reinforcement
2018-06-14 14:36:24,702 RCV reinforcement
2018-06-14 14:36:24,814 RF found but not transmitted
2018-06-14 14:36:26,189 RCV commit
2018-06-14 14:36:26,318 appended honest commit dd74cd87a1 on top of a73ff7c404
2018-06-14 14:36:26,468 Weight: 110.82859752994982 #RFs 24
2018-06-14 14:36:26,469 weight: 110.82859752994982
2018-06-14 14:36:26,470 , 110.82859752994982
2018-06-14 14:36:26,474 appended malicious propose 379dad0f90 on top of 9bb0edebe5
2018-06-14 14:36:26,474 REINFORCEMENT COLLECTING state
2018-06-14 14:36:26,532 SNT proposal
2018-06-14 14:36:26,754 RCV reinforcement
2018-06-14 14:36:26,809 RCV reinforcement
2018-06-14 14:36:26,865 RCV reinforcement
2018-06-14 14:36:26,880 RCV reinforcement
2018-06-14 14:36:26,901 RCV reinforcement
2018-06-14 14:36:26,923 RCV reinforcement
2018-06-14 14:36:27,758 RCV reinforcement
2018-06-14 14:36:27,822 RCV reinforcement
2018-06-14 14:36:28,038 commit with 7 reinforcements
2018-06-14 14:36:28,171 appended malicious commit 8cf748a4ca on top of 379dad0f90
2018-06-14 14:36:28,300 Weight: 129.08140306109095 #RFs 85
2018-06-14 14:36:28,300 weight: 129.08140306109095
2018-06-14 14:36:28,301 , 129.08140306109095
2018-06-14 14:36:28,303 MALICIOUS MINING state
2018-06-14 14:36:28,304 start mining - depth 8
2018-06-14 14:36:28,304 start mining - hash 8cf748a4ca73843748dbfdaa0819315069e59efe2ae07e4f0fe3dff4e0f3d69f
2018-06-14 14:36:28,305 Hashing frequency: 5855
2018-06-14 14:36:28,305 SNT commit
2018-06-14 14:36:28,940 RF found but not transmitted
2018-06-14 14:36:30,449 RCV malicious_prop_agreement
2018-06-14 14:36:32,153 RF found but not transmitted
2018-06-14 14:36:32,287 RCV reinforcement info
2018-06-14 14:36:33,664 RCV proposal
2018-06-14 14:36:33,668 appended honest propose cb0884a086 on top of 8cf748a4ca
2018-06-14 14:36:33,727 RCV reinforcement
2018-06-14 14:36:34,015 RF found but not transmitted
2018-06-14 14:36:35,190 RCV commit
2018-06-14 14:36:35,194 appended honest commit 9c98dbd198 on top of cb0884a086
2018-06-14 14:36:35,196 Weight: 130.32416727874465 #RFs 1
2018-06-14 14:36:35,196 weight: 130.32416727874465
2018-06-14 14:36:35,196 , 130.32416727874465
2018-06-14 14:36:35,236 RCV reinforcement info
2018-06-14 14:36:35,303 RCV reinforcement
2018-06-14 14:36:35,334 RCV proposal
2018-06-14 14:36:35,338 appended malicious propose 576ad0e847 on top of 8cf748a4ca
2018-06-14 14:36:35,339 REINFORCEMENT SENT state
2018-06-14 14:36:35,340 SNT reinforcement
2018-06-14 14:36:35,479 RCV reinforcement
2018-06-14 14:36:35,482 RCV reinforcement
2018-06-14 14:36:36,721 RCV reinforcement
2018-06-14 14:36:36,869 RCV commit
2018-06-14 14:36:36,927 appended malicious commit 9c1c7632ed on top of 576ad0e847
2018-06-14 14:36:36,971 Weight: 132.82852260539562 #RFs 9
2018-06-14 14:36:36,971 weight: 132.82852260539562
2018-06-14 14:36:36,971 , 132.82852260539562
2018-06-14 14:36:36,971 MALICIOUS MINING state
2018-06-14 14:36:36,971 start mining - depth 9
2018-06-14 14:36:36,980 start mining - hash 9c1c7632edb73567abb2481183e148b69f1a3cc419c734ea0ffed96ad413759a
2018-06-14 14:36:36,992 RCV reinforcement info
2018-06-14 14:36:39,326 RCV reinforcement info
2018-06-14 14:36:39,902 RF found but not transmitted
2018-06-14 14:36:39,907 RCV reinforcement info
2018-06-14 14:36:41,498 RCV reinforcement info
2018-06-14 14:36:41,691 RCV reinforcement info
2018-06-14 14:36:42,400 RCV reinforcement info
2018-06-14 14:36:42,481 RCV malicious_prop_agreement
2018-06-14 14:36:42,905 RF found but not transmitted
2018-06-14 14:36:46,743 RCV reinforcement info
2018-06-14 14:36:47,238 RF found but not transmitted
2018-06-14 14:36:47,987 RCV reinforcement info
2018-06-14 14:36:48,540 RCV reinforcement info
2018-06-14 14:36:48,677 RCV proposal
2018-06-14 14:36:48,680 appended honest propose d3381531c0 on top of 9c1c7632ed
2018-06-14 14:36:48,747 RCV reinforcement
2018-06-14 14:36:48,758 RCV reinforcement
2018-06-14 14:36:49,112 RCV reinforcement info
2018-06-14 14:36:49,158 RF found but not transmitted
2018-06-14 14:36:49,170 RCV reinforcement
2018-06-14 14:36:50,219 RCV commit
2018-06-14 14:36:50,291 appended honest commit cdd2e31427 on top of d3381531c0
2018-06-14 14:36:50,339 Weight: 135.83144841056824 #RFs 9
2018-06-14 14:36:50,340 weight: 135.83144841056824
2018-06-14 14:36:50,340 , 135.83144841056824
2018-06-14 14:36:50,477 RCV proposal
2018-06-14 14:36:50,515 appended malicious propose a3a841cb8d on top of 9c1c7632ed
2018-06-14 14:36:50,515 REINFORCEMENT SENT state
2018-06-14 14:36:50,516 SNT reinforcement
2018-06-14 14:36:50,663 RCV reinforcement
2018-06-14 14:36:50,682 RCV reinforcement
2018-06-14 14:36:50,687 RCV reinforcement
2018-06-14 14:36:50,691 RCV reinforcement
2018-06-14 14:36:51,147 RCV reinforcement
2018-06-14 14:36:51,185 RCV reinforcement
2018-06-14 14:36:51,574 RCV reinforcement info
2018-06-14 14:36:52,075 RCV commit
2018-06-14 14:36:52,180 appended malicious commit ba0955687c on top of a3a841cb8d
2018-06-14 14:36:52,261 Weight: 138.98859201155673 #RFs 20
2018-06-14 14:36:52,261 weight: 138.98859201155673
2018-06-14 14:36:52,276 , 138.98859201155673
2018-06-14 14:36:52,306 MALICIOUS MINING state
2018-06-14 14:36:52,312 start mining - depth 10
2018-06-14 14:36:52,312 start mining - hash ba0955687c1277b6b2f479595a9c91a54d65449a707f09e3c61f48cd43069342
2018-06-14 14:36:52,317 RCV reinforcement
2018-06-14 14:36:53,522 RCV reinforcement info
2018-06-14 14:36:54,285 RCV reinforcement info
2018-06-14 14:36:55,213 RCV reinforcement info
2018-06-14 14:36:55,954 RF found but not transmitted
2018-06-14 14:36:59,545 RCV reinforcement info
2018-06-14 14:37:00,786 RCV reinforcement info
2018-06-14 14:37:00,863 RCV reinforcement info
2018-06-14 14:37:01,365 RCV reinforcement info
2018-06-14 14:37:02,749 RCV reinforcement info
2018-06-14 14:37:03,096 RF found but not transmitted
2018-06-14 14:37:04,229 RCV reinforcement info
2018-06-14 14:37:04,665 RCV reinforcement info
2018-06-14 14:37:05,390 RF found but not transmitted
2018-06-14 14:37:06,429 RCV reinforcement info
2018-06-14 14:37:07,351 RF found but not transmitted
2018-06-14 14:37:07,968 RF found but not transmitted
2018-06-14 14:37:08,181 RCV reinforcement info
2018-06-14 14:37:08,346 RCV reinforcement info
2018-06-14 14:37:10,434 RF found but not transmitted
2018-06-14 14:37:11,661 RCV reinforcement info
2018-06-14 14:37:13,010 RCV reinforcement info
2018-06-14 14:37:13,971 RF found but not transmitted
2018-06-14 14:37:14,348 RCV malicious_prop_agreement
2018-06-14 14:37:14,531 RCV reinforcement info
2018-06-14 14:37:14,790 RCV reinforcement info
2018-06-14 14:37:15,463 RCV reinforcement info
2018-06-14 14:37:18,732 RCV reinforcement info
2018-06-14 14:37:19,491 RCV reinforcement info
2018-06-14 14:37:23,928 RCV proposal
2018-06-14 14:37:23,931 appended honest propose 1e7f24f880 on top of ba0955687c
2018-06-14 14:37:24,004 RCV reinforcement
2018-06-14 14:37:24,026 RCV reinforcement
2018-06-14 14:37:24,294 RF found but not transmitted
2018-06-14 14:37:25,499 RCV commit
2018-06-14 14:37:25,624 appended honest commit ff8d477381 on top of 1e7f24f880
2018-06-14 14:37:25,728 Weight: 144.4043526694448 #RFs 20
2018-06-14 14:37:25,728 weight: 144.4043526694448
2018-06-14 14:37:25,728 , 144.4043526694448
2018-06-14 14:37:25,883 RCV proposal
2018-06-14 14:37:25,896 appended malicious propose c843dce099 on top of ba0955687c
2018-06-14 14:37:25,896 REINFORCEMENT SENT state
2018-06-14 14:37:25,898 SNT reinforcement
2018-06-14 14:37:26,066 RCV reinforcement
2018-06-14 14:37:26,070 RCV reinforcement
2018-06-14 14:37:26,101 RCV reinforcement
2018-06-14 14:37:26,127 RCV reinforcement
2018-06-14 14:37:26,134 RCV reinforcement
2018-06-14 14:37:26,188 RCV reinforcement
2018-06-14 14:37:27,458 RCV reinforcement info
2018-06-14 14:37:27,487 RCV reinforcement
2018-06-14 14:37:27,603 RCV commit
2018-06-14 14:37:27,860 appended malicious commit 590706256f on top of c843dce099
2018-06-14 14:37:28,145 Weight: 149.5660061873085 #RFs 52
2018-06-14 14:37:28,147 weight: 149.5660061873085
2018-06-14 14:37:28,147 , 149.5660061873085
2018-06-14 14:37:28,147 MALICIOUS MINING state
2018-06-14 14:37:28,149 start mining - depth 11
2018-06-14 14:37:28,149 start mining - hash 590706256fe4e1bd8dab599246e09810d38b97a5194b42939fb5303d00c200d6
2018-06-14 14:37:29,911 RCV proposal
2018-06-14 14:37:29,914 appended honest propose b8c801d1b9 on top of 590706256f
2018-06-14 14:37:30,231 RCV reinforcement info
2018-06-14 14:37:30,304 RCV reinforcement
2018-06-14 14:37:30,659 RF found but not transmitted
2018-06-14 14:37:31,368 RF found but not transmitted
2018-06-14 14:37:31,425 RCV commit
2018-06-14 14:37:31,429 appended honest commit 17439f9c88 on top of b8c801d1b9
2018-06-14 14:37:31,431 Weight: 150.84609249087217 #RFs 1
2018-06-14 14:37:31,431 weight: 150.84609249087217
2018-06-14 14:37:31,431 , 150.84609249087217
2018-06-14 14:37:31,432 start mining - depth 12
2018-06-14 14:37:31,446 start mining - hash 17439f9c883ce307729297a2ac61d202576ab2877317b06a4fdcdeacc2af56ba
2018-06-14 14:37:31,450 Hashing frequency: 3333
2018-06-14 14:37:32,665 RCV reinforcement info
2018-06-14 14:37:34,685 RCV reinforcement info
2018-06-14 14:37:34,938 RCV reinforcement info
2018-06-14 14:37:35,474 RCV reinforcement info
2018-06-14 14:37:35,767 RCV reinforcement info
2018-06-14 14:37:36,092 RCV reinforcement info
2018-06-14 14:37:36,792 RCV reinforcement info
2018-06-14 14:37:37,162 RF found but not transmitted
2018-06-14 14:37:37,186 RCV reinforcement info
2018-06-14 14:37:37,358 RCV reinforcement info
2018-06-14 14:37:42,396 RF found but not transmitted
2018-06-14 14:37:45,620 RF found but not transmitted
2018-06-14 14:37:45,622 hash found
2018-06-14 14:37:45,624 SNT malicious_proposal_agreement
2018-06-14 14:37:46,319 RF found but not transmitted
2018-06-14 14:37:46,351 RCV reinforcement info
2018-06-14 14:37:51,096 RCV proposal
2018-06-14 14:37:51,099 appended honest propose 43559ad132 on top of 17439f9c88
2018-06-14 14:37:51,172 RCV reinforcement
2018-06-14 14:37:51,193 RCV reinforcement
2018-06-14 14:37:52,026 RCV reinforcement info
2018-06-14 14:37:52,087 RCV reinforcement
2018-06-14 14:37:52,650 RCV commit
2018-06-14 14:37:52,734 appended honest commit 94c3791c61 on top of 43559ad132
2018-06-14 14:37:52,766 Weight: 154.0733587409403 #RFs 11
2018-06-14 14:37:52,766 weight: 154.0733587409403
2018-06-14 14:37:52,773 , 154.0733587409403
2018-06-14 14:37:52,782 appended malicious propose e28c1df601 on top of 17439f9c88
2018-06-14 14:37:52,783 REINFORCEMENT COLLECTING state
2018-06-14 14:37:52,834 SNT proposal
2018-06-14 14:37:53,048 RCV reinforcement
2018-06-14 14:37:53,063 RCV reinforcement
2018-06-14 14:37:53,121 RCV reinforcement
2018-06-14 14:37:53,153 RCV reinforcement
2018-06-14 14:37:53,189 RCV reinforcement
2018-06-14 14:37:53,201 RCV reinforcement
2018-06-14 14:37:53,206 RCV reinforcement info
2018-06-14 14:37:54,266 RCV reinforcement
2018-06-14 14:37:54,338 commit with 7 reinforcements
2018-06-14 14:37:54,381 appended malicious commit 14fbd2a319 on top of e28c1df601
2018-06-14 14:37:54,416 Weight: 156.39847851225954 #RFs 27
2018-06-14 14:37:54,417 weight: 156.39847851225954
2018-06-14 14:37:54,417 , 156.39847851225954
2018-06-14 14:37:54,417 MALICIOUS MINING state
2018-06-14 14:37:54,417 start mining - depth 13
2018-06-14 14:37:54,418 start mining - hash 14fbd2a319a01f7ddfa0b99ea94dce8a59777f68dcb9a5420e36261309439ad0
2018-06-14 14:37:54,419 SNT commit
2018-06-14 14:37:55,039 RCV proposal
2018-06-14 14:37:55,043 appended honest propose 5af2068171 on top of 14fbd2a319
2018-06-14 14:37:56,546 RCV commit
2018-06-14 14:37:56,546 appended honest commit 2464f77d62 on top of 5af2068171
2018-06-14 14:37:56,547 Weight: 157.39847851225954 #RFs 0
2018-06-14 14:37:56,547 weight: 157.39847851225954
2018-06-14 14:37:56,547 , 157.39847851225954
2018-06-14 14:37:56,548 start mining - depth 14
2018-06-14 14:37:56,548 start mining - hash 2464f77d627373fe116fbe2f1d1dd037f5727298475e7084b9b1f8ff61ed6de9
2018-06-14 14:37:57,376 RCV reinforcement info
2018-06-14 14:37:57,725 RCV reinforcement info
2018-06-14 14:37:57,766 RCV reinforcement info
2018-06-14 14:37:58,473 RCV malicious_prop_agreement
2018-06-14 14:37:58,537 RCV reinforcement info
2018-06-14 14:38:00,475 RCV reinforcement info
2018-06-14 14:38:00,887 RCV reinforcement info
2018-06-14 14:38:01,436 RCV reinforcement info
2018-06-14 14:38:01,977 RF found but not transmitted
2018-06-14 14:38:02,259 RCV reinforcement info
2018-06-14 14:38:03,289 RCV reinforcement info
2018-06-14 14:38:03,988 RF found but not transmitted
2018-06-14 14:38:04,763 RCV reinforcement info
2018-06-14 14:38:05,748 RF found but not transmitted
2018-06-14 14:38:05,972 RF found but not transmitted
2018-06-14 14:38:07,765 RF found but not transmitted
2018-06-14 14:38:09,949 RF found but not transmitted
2018-06-14 14:38:16,480 RCV proposal
2018-06-14 14:38:16,482 appended honest propose b902e78144 on top of 2464f77d62
2018-06-14 14:38:16,519 RCV reinforcement info
2018-06-14 14:38:16,570 RCV reinforcement
2018-06-14 14:38:16,597 RCV reinforcement
2018-06-14 14:38:18,014 RCV reinforcement info
2018-06-14 14:38:18,033 RCV commit
2018-06-14 14:38:18,071 appended honest commit d3f31ea532 on top of b902e78144
2018-06-14 14:38:18,167 Weight: 159.76987483645664 #RFs 11
2018-06-14 14:38:18,167 weight: 159.76987483645664
2018-06-14 14:38:18,167 , 159.76987483645664
2018-06-14 14:38:18,199 RCV reinforcement
2018-06-14 14:38:18,333 RCV proposal
2018-06-14 14:38:18,336 appended malicious propose adc1d88356 on top of 2464f77d62
2018-06-14 14:38:18,336 REINFORCEMENT SENT state
2018-06-14 14:38:18,337 SNT reinforcement
2018-06-14 14:38:18,501 RCV reinforcement
2018-06-14 14:38:18,511 RCV reinforcement info
2018-06-14 14:38:18,534 RCV reinforcement
2018-06-14 14:38:18,567 RCV reinforcement
2018-06-14 14:38:18,595 RCV reinforcement
2018-06-14 14:38:18,600 RCV reinforcement
2018-06-14 14:38:19,751 RCV reinforcement
2018-06-14 14:38:19,898 RCV commit
2018-06-14 14:38:20,090 appended malicious commit c032440819 on top of adc1d88356
2018-06-14 14:38:20,252 Weight: 166.13027213035843 #RFs 32
2018-06-14 14:38:20,252 weight: 166.13027213035843
2018-06-14 14:38:20,252 , 166.13027213035843
2018-06-14 14:38:20,253 MALICIOUS MINING state
2018-06-14 14:38:20,253 start mining - depth 15
2018-06-14 14:38:20,254 start mining - hash c03244081979d3ae8e0513c44a79b9afc7705f16a84ac14a6f2d259849670d4f
2018-06-14 14:38:20,605 RCV reinforcement info
2018-06-14 14:38:25,226 RF found but not transmitted
2018-06-14 14:38:25,407 RCV reinforcement info
2018-06-14 14:38:26,053 RCV reinforcement info
2018-06-14 14:38:27,749 RCV reinforcement info
2018-06-14 14:38:28,534 RCV reinforcement info
2018-06-14 14:38:30,828 RCV reinforcement info
2018-06-14 14:38:31,654 RF found but not transmitted
2018-06-14 14:38:31,872 RCV reinforcement info
2018-06-14 14:38:32,336 RCV reinforcement info
2018-06-14 14:38:33,536 RCV reinforcement info
2018-06-14 14:38:33,759 RCV reinforcement info
2018-06-14 14:38:33,809 RCV reinforcement info
2018-06-14 14:38:36,216 RCV reinforcement info
2018-06-14 14:38:36,747 RCV reinforcement info
2018-06-14 14:38:37,844 RCV reinforcement info
2018-06-14 14:38:38,564 RCV reinforcement info
2018-06-14 14:38:39,829 RCV reinforcement info
2018-06-14 14:38:41,212 RCV malicious_prop_agreement
2018-06-14 14:38:43,908 RCV reinforcement info
2018-06-14 14:38:43,967 RF found but not transmitted
2018-06-14 14:38:44,099 RF found but not transmitted
2018-06-14 14:38:45,352 RCV reinforcement info
2018-06-14 14:38:46,565 RCV reinforcement info
2018-06-14 14:38:48,234 RCV reinforcement info
2018-06-14 14:38:48,925 RCV reinforcement info
2018-06-14 14:38:50,612 RCV reinforcement info
2018-06-14 14:38:52,146 RCV reinforcement info
2018-06-14 14:38:52,588 RCV reinforcement info
2018-06-14 14:38:58,058 RCV reinforcement info
2018-06-14 14:38:59,732 RCV reinforcement info
2018-06-14 14:38:59,917 RF found but not transmitted
2018-06-14 14:39:04,211 RCV reinforcement info
2018-06-14 14:39:05,058 RCV reinforcement info
2018-06-14 14:39:06,093 RCV reinforcement info
2018-06-14 14:39:06,837 RCV reinforcement info
2018-06-14 14:39:07,109 RF found but not transmitted
2018-06-14 14:39:09,685 RCV reinforcement info
2018-06-14 14:39:11,854 RF found but not transmitted
2018-06-14 14:39:11,986 RF found but not transmitted
2018-06-14 14:39:13,146 RCV reinforcement info
2018-06-14 14:39:13,821 RCV reinforcement info
2018-06-14 14:39:14,435 RCV reinforcement info
2018-06-14 14:39:14,528 RCV reinforcement info
2018-06-14 14:39:14,663 RCV reinforcement info
2018-06-14 14:39:15,696 RCV reinforcement info
2018-06-14 14:39:15,886 RCV reinforcement info
2018-06-14 14:39:16,390 RCV reinforcement info
2018-06-14 14:39:16,613 RCV reinforcement info
2018-06-14 14:39:18,014 RCV reinforcement info
2018-06-14 14:39:18,792 RCV reinforcement info
2018-06-14 14:39:19,148 RCV reinforcement info
2018-06-14 14:39:19,397 RCV reinforcement info
2018-06-14 14:39:20,100 RCV reinforcement info
2018-06-14 14:39:22,921 RCV reinforcement info
2018-06-14 14:39:24,845 RF found but not transmitted
2018-06-14 14:39:28,249 RCV reinforcement info
2018-06-14 14:39:29,835 RCV reinforcement info
2018-06-14 14:39:31,383 RF found but not transmitted
2018-06-14 14:39:34,155 RCV reinforcement info
2018-06-14 14:39:34,222 RF found but not transmitted
2018-06-14 14:39:34,983 RCV reinforcement info
2018-06-14 14:39:35,130 RF found but not transmitted
2018-06-14 14:39:36,927 RF found but not transmitted
2018-06-14 14:39:37,189 RCV reinforcement info
2018-06-14 14:39:37,382 RCV reinforcement info
2018-06-14 14:39:41,564 RCV reinforcement info
2018-06-14 14:39:42,565 RCV reinforcement info
2018-06-14 14:39:44,049 RCV reinforcement info
2018-06-14 14:39:52,256 RF found but not transmitted
2018-06-14 14:39:52,463 RF found but not transmitted
2018-06-14 14:39:56,566 RCV reinforcement info
2018-06-14 14:39:58,713 RCV reinforcement info
2018-06-14 14:39:58,948 RCV reinforcement info
2018-06-14 14:40:00,390 RCV reinforcement info
2018-06-14 14:40:01,024 RF found but not transmitted
2018-06-14 14:40:01,067 RCV reinforcement info
2018-06-14 14:40:01,841 RCV reinforcement info
2018-06-14 14:40:08,113 RCV reinforcement info
2018-06-14 14:40:09,469 RCV reinforcement info
2018-06-14 14:40:09,843 RCV reinforcement info
2018-06-14 14:40:11,926 RCV reinforcement info
2018-06-14 14:40:12,737 RF found but not transmitted
2018-06-14 14:40:13,278 RF found but not transmitted
2018-06-14 14:40:14,505 RCV reinforcement info
2018-06-14 14:40:15,258 RF found but not transmitted
2018-06-14 14:40:15,523 RCV reinforcement info
2018-06-14 14:40:16,486 RF found but not transmitted
2018-06-14 14:40:16,720 RCV reinforcement info
2018-06-14 14:40:16,813 RF found but not transmitted
2018-06-14 14:40:17,883 RF found but not transmitted
2018-06-14 14:40:18,246 RCV proposal
2018-06-14 14:40:18,265 appended honest propose 8b6036bac0 on top of c032440819
2018-06-14 14:40:18,352 RCV reinforcement
2018-06-14 14:40:18,389 RCV reinforcement
2018-06-14 14:40:18,767 RCV reinforcement info
2018-06-14 14:40:18,839 RCV reinforcement
2018-06-14 14:40:19,493 RF found but not transmitted
2018-06-14 14:40:19,994 RCV commit
2018-06-14 14:40:20,524 appended honest commit 69936b23e0 on top of 8b6036bac0
2018-06-14 14:40:20,990 RF found but not transmitted
2018-06-14 14:40:21,065 Weight: 179.78208922123954 #RFs 69
2018-06-14 14:40:21,065 weight: 179.78208922123954
2018-06-14 14:40:21,065 , 179.78208922123954
2018-06-14 14:40:21,183 RCV proposal
2018-06-14 14:40:21,235 appended malicious propose a7a1cbe2f7 on top of c032440819
2018-06-14 14:40:21,236 REINFORCEMENT SENT state
2018-06-14 14:40:21,238 SNT reinforcement
2018-06-14 14:40:21,458 RCV reinforcement
2018-06-14 14:40:21,470 RCV reinforcement
2018-06-14 14:40:21,474 RCV reinforcement
2018-06-14 14:40:21,488 RCV reinforcement
2018-06-14 14:40:21,507 RCV reinforcement
2018-06-14 14:40:22,098 RCV reinforcement info
2018-06-14 14:40:23,259 RCV proposal
2018-06-14 14:40:23,263 appended honest propose 24f889783e on top of 69936b23e0
2018-06-14 14:40:23,377 RCV reinforcement
2018-06-14 14:40:23,447 RCV commit
2018-06-14 14:40:24,708 appended malicious commit 6b51a3ee8b on top of a7a1cbe2f7
2018-06-14 14:40:26,196 Weight: 206.06562689295137 #RFs 173
2018-06-14 14:40:26,196 weight: 206.06562689295137
2018-06-14 14:40:26,196 , 206.06562689295137
2018-06-14 14:40:26,202 MALICIOUS MINING state
2018-06-14 14:40:26,202 start mining - depth 16
2018-06-14 14:40:26,204 start mining - hash 6b51a3ee8b7b8e89e5318f96c20b2c899c943c0f38e7aae03a5bd74354a633da
2018-06-14 14:40:26,205 Hashing frequency: 9149
2018-06-14 14:40:26,211 RCV malicious_prop_agreement
2018-06-14 14:40:26,329 RCV commit
2018-06-14 14:40:26,335 appended honest commit 8e91f8f86c on top of 24f889783e
2018-06-14 14:40:26,337 Weight: 181.04327916553302 #RFs 1
2018-06-14 14:40:26,337 weight: 181.04327916553302
2018-06-14 14:40:26,337 , 181.04327916553302
2018-06-14 14:40:26,338 Synchronizing branches
2018-06-14 14:40:26,338 start mining - depth 16
2018-06-14 14:40:26,339 start mining - hash 6b51a3ee8b7b8e89e5318f96c20b2c899c943c0f38e7aae03a5bd74354a633da
2018-06-14 14:40:27,627 RCV malicious_prop_agreement
2018-06-14 14:40:28,099 RCV reinforcement info
2018-06-14 14:40:28,530 RCV proposal
2018-06-14 14:40:28,535 appended honest propose 9f94446969 on top of 6b51a3ee8b
2018-06-14 14:40:30,011 RCV commit
2018-06-14 14:40:30,014 appended honest commit d9a2250251 on top of 9f94446969
2018-06-14 14:40:30,017 Weight: 207.18044402156752 #RFs 1
2018-06-14 14:40:30,017 weight: 207.18044402156752
2018-06-14 14:40:30,017 , 207.18044402156752
2018-06-14 14:40:30,113 RCV proposal
2018-06-14 14:40:30,118 appended malicious propose 6171a50e6f on top of 6b51a3ee8b
2018-06-14 14:40:30,118 REINFORCEMENT SENT state
2018-06-14 14:40:30,202 RCV reinforcement
2018-06-14 14:40:30,215 RCV reinforcement
2018-06-14 14:40:31,122 RCV reinforcement
2018-06-14 14:40:31,644 RCV commit
2018-06-14 14:40:31,659 appended malicious commit 20cd06cc3e on top of 6171a50e6f
2018-06-14 14:40:31,694 Weight: 207.75346056526897 #RFs 4
2018-06-14 14:40:31,694 weight: 207.75346056526897
2018-06-14 14:40:31,694 , 207.75346056526897
2018-06-14 14:40:31,695 MALICIOUS MINING state
2018-06-14 14:40:31,696 start mining - depth 17
2018-06-14 14:40:31,696 start mining - hash 20cd06cc3e041cd91db87c48b13ce7532fb80803185df97071e7d0249439da80
2018-06-14 14:40:32,230 RCV malicious_prop_agreement
2018-06-14 14:40:33,139 RCV reinforcement info
2018-06-14 14:40:33,493 RCV reinforcement info
2018-06-14 14:40:36,625 RF found but not transmitted
2018-06-14 14:40:36,662 RF found but not transmitted
2018-06-14 14:40:36,769 RCV reinforcement info
2018-06-14 14:40:36,900 RCV reinforcement info
2018-06-14 14:40:37,576 RCV reinforcement info
2018-06-14 14:40:38,828 RCV reinforcement info
2018-06-14 14:40:38,985 RF found but not transmitted
2018-06-14 14:40:41,274 RCV reinforcement info
2018-06-14 14:40:41,660 RCV reinforcement info
2018-06-14 14:40:42,896 RCV reinforcement info
2018-06-14 14:40:43,559 RF found but not transmitted
2018-06-14 14:40:44,677 RCV reinforcement info
2018-06-14 14:40:47,279 RCV reinforcement info
2018-06-14 14:40:47,313 RCV reinforcement info
2018-06-14 14:40:47,622 RF found but not transmitted
2018-06-14 14:40:48,111 RF found but not transmitted
2018-06-14 14:40:51,338 RCV reinforcement info
2018-06-14 14:40:53,392 RCV reinforcement info
2018-06-14 14:40:55,922 RCV reinforcement info
2018-06-14 14:40:56,870 RCV reinforcement info
2018-06-14 14:40:57,751 RF found but not transmitted
2018-06-14 14:40:59,519 RCV reinforcement info
2018-06-14 14:41:01,634 RCV reinforcement info
2018-06-14 14:41:01,697 RCV reinforcement info
2018-06-14 14:41:02,623 RCV reinforcement info
2018-06-14 14:41:03,404 RCV reinforcement info
2018-06-14 14:41:07,616 RCV reinforcement info
2018-06-14 14:41:09,001 RF found but not transmitted
2018-06-14 14:41:10,753 RCV reinforcement info
2018-06-14 14:41:13,037 RF found but not transmitted
2018-06-14 14:41:13,242 RF found but not transmitted
2018-06-14 14:41:13,593 RCV reinforcement info
2018-06-14 14:41:15,164 RF found but not transmitted
2018-06-14 14:41:15,262 RF found but not transmitted
2018-06-14 14:41:15,499 RCV reinforcement info
2018-06-14 14:41:16,384 RCV reinforcement info
2018-06-14 14:41:17,124 RCV reinforcement info
2018-06-14 14:41:17,513 RCV reinforcement info
2018-06-14 14:41:17,910 RCV reinforcement info
2018-06-14 14:41:18,447 RF found but not transmitted
2018-06-14 14:41:18,534 RCV reinforcement info
2018-06-14 14:41:21,976 RF found but not transmitted
2018-06-14 14:41:22,351 RF found but not transmitted
2018-06-14 14:41:22,938 RCV reinforcement info
2018-06-14 14:41:23,938 RCV reinforcement info
2018-06-14 14:41:24,822 RCV reinforcement info
2018-06-14 14:41:26,900 RCV proposal
2018-06-14 14:41:26,903 appended honest propose 6897eb6140 on top of 20cd06cc3e
2018-06-14 14:41:26,963 RCV reinforcement
2018-06-14 14:41:26,978 RCV reinforcement
2018-06-14 14:41:27,310 RCV reinforcement info
2018-06-14 14:41:27,375 RCV reinforcement
2018-06-14 14:41:27,695 RF found but not transmitted
2018-06-14 14:41:28,108 RF found but not transmitted
2018-06-14 14:41:28,437 RCV reinforcement info
2018-06-14 14:41:28,511 RCV reinforcement
2018-06-14 14:41:28,554 RCV commit
2018-06-14 14:41:28,772 appended honest commit 9f183d27df on top of 6897eb6140
2018-06-14 14:41:28,942 Weight: 214.48505162517623 #RFs 34
2018-06-14 14:41:28,942 weight: 214.48505162517623
2018-06-14 14:41:28,942 , 214.48505162517623
2018-06-14 14:41:29,177 RCV proposal
2018-06-14 14:41:29,301 appended malicious propose b0902b9e66 on top of 20cd06cc3e
2018-06-14 14:41:29,324 REINFORCEMENT SENT state
2018-06-14 14:41:29,326 SNT reinforcement
2018-06-14 14:41:29,477 RCV reinforcement
2018-06-14 14:41:29,481 RCV reinforcement
2018-06-14 14:41:29,495 RCV reinforcement
2018-06-14 14:41:29,504 RCV reinforcement
2018-06-14 14:41:29,513 RCV reinforcement
2018-06-14 14:41:29,584 RCV reinforcement
2018-06-14 14:41:29,631 RCV reinforcement info
2018-06-14 14:41:29,649 RCV reinforcement
2018-06-14 14:41:30,343 RCV reinforcement
2018-06-14 14:41:30,611 RCV reinforcement
2018-06-14 14:41:30,991 RCV commit
2018-06-14 14:41:31,634 appended malicious commit e17ffa0443 on top of b0902b9e66
2018-06-14 14:41:32,140 Weight: 228.9398819141649 #RFs 82
2018-06-14 14:41:32,141 weight: 228.9398819141649
2018-06-14 14:41:32,142 , 228.9398819141649
2018-06-14 14:41:32,146 MALICIOUS MINING state
2018-06-14 14:41:32,146 start mining - depth 18
2018-06-14 14:41:32,147 start mining - hash e17ffa0443ada1254c4c74af564105017f03ad42c1bb74da27fe819ef74f1d7c
2018-06-14 14:41:32,148 Hashing frequency: 3465
2018-06-14 14:41:33,566 RCV reinforcement info
2018-06-14 14:41:33,824 RCV reinforcement info
2018-06-14 14:41:35,437 RCV reinforcement info
2018-06-14 14:41:35,815 RCV reinforcement info
2018-06-14 14:41:35,914 RCV reinforcement info
2018-06-14 14:41:36,672 RCV reinforcement info
2018-06-14 14:41:37,922 RF found but not transmitted
2018-06-14 14:41:44,778 RCV reinforcement info
2018-06-14 14:41:44,856 RCV reinforcement info
2018-06-14 14:41:45,159 RCV reinforcement info
2018-06-14 14:41:48,376 RCV reinforcement info
2018-06-14 14:41:48,446 RCV reinforcement info
2018-06-14 14:41:48,622 RF found but not transmitted
2018-06-14 14:41:52,938 RCV reinforcement info
2018-06-14 14:41:54,130 RCV reinforcement info
2018-06-14 14:41:55,235 RCV reinforcement info
2018-06-14 14:41:55,913 RCV reinforcement info
2018-06-14 14:41:56,299 RCV reinforcement info
2018-06-14 14:41:57,299 RCV reinforcement info
2018-06-14 14:41:57,767 RCV reinforcement info
2018-06-14 14:41:57,806 RCV reinforcement info
2018-06-14 14:42:01,783 RCV proposal
2018-06-14 14:42:01,788 appended honest propose f145699570 on top of e17ffa0443
2018-06-14 14:42:01,878 RCV reinforcement
2018-06-14 14:42:01,896 RCV reinforcement
2018-06-14 14:42:03,390 RCV commit
2018-06-14 14:42:03,506 appended honest commit 59962b23bd on top of f145699570
2018-06-14 14:42:03,654 Weight: 233.48189147407325 #RFs 19
2018-06-14 14:42:03,654 weight: 233.48189147407325
2018-06-14 14:42:03,654 , 233.48189147407325
2018-06-14 14:42:03,657 start mining - depth 19
2018-06-14 14:42:03,657 start mining - hash 59962b23bd253f94541a7470f471de036aadd87adac5d38c43b3ad2ce058716b
2018-06-14 14:42:04,441 RCV proposal
2018-06-14 14:42:04,444 appended honest propose ce0f7ddd05 on top of 59962b23bd
2018-06-14 14:42:04,743 RCV malicious_prop_agreement
2018-06-14 14:42:05,956 RCV commit
2018-06-14 14:42:05,957 appended honest commit 225ac1dedd on top of ce0f7ddd05
2018-06-14 14:42:05,957 Weight: 234.48189147407325 #RFs 0
2018-06-14 14:42:05,957 weight: 234.48189147407325
2018-06-14 14:42:05,957 , 234.48189147407325
2018-06-14 14:42:06,109 RCV proposal
2018-06-14 14:42:06,111 appended malicious propose 0df9e96419 on top of 59962b23bd
2018-06-14 14:42:06,112 REINFORCEMENT SENT state
2018-06-14 14:42:06,198 RCV reinforcement
2018-06-14 14:42:06,228 RCV reinforcement
2018-06-14 14:42:07,649 RCV commit
2018-06-14 14:42:07,683 appended malicious commit 73635f557c on top of 0df9e96419
2018-06-14 14:42:07,692 Weight: 234.98885683011943 #RFs 4
2018-06-14 14:42:07,693 weight: 234.98885683011943
2018-06-14 14:42:07,693 , 234.98885683011943
2018-06-14 14:42:07,698 MALICIOUS MINING state
2018-06-14 14:42:07,698 start mining - depth 20
2018-06-14 14:42:07,698 start mining - hash 73635f557c9371d365beb681a3c44f843983d95703c485f872144162b9a1bcb5
2018-06-14 14:42:09,133 RF found but not transmitted
2018-06-14 14:42:09,699 RCV reinforcement info
2018-06-14 14:42:09,974 RF found but not transmitted
2018-06-14 14:42:10,455 RCV reinforcement info
2018-06-14 14:42:11,173 RCV reinforcement info
2018-06-14 14:42:12,044 RCV reinforcement info
2018-06-14 14:42:12,210 RCV reinforcement info
2018-06-14 14:42:15,033 RF found but not transmitted
2018-06-14 14:42:15,035 hash found
2018-06-14 14:42:15,036 SNT malicious_proposal_agreement
2018-06-14 14:42:17,560 RCV reinforcement info
2018-06-14 14:42:21,336 RCV reinforcement info
2018-06-14 14:42:21,415 RCV reinforcement info
2018-06-14 14:42:21,792 RF found but not transmitted
2018-06-14 14:42:22,764 RCV reinforcement info
2018-06-14 14:42:25,269 RCV reinforcement info
2018-06-14 14:42:27,881 RCV reinforcement info
2018-06-14 14:42:32,143 RF found but not transmitted
2018-06-14 14:42:32,561 RF found but not transmitted
2018-06-14 14:42:33,426 RCV reinforcement info
2018-06-14 14:42:33,565 RCV reinforcement info
2018-06-14 14:42:33,595 RF found but not transmitted
2018-06-14 14:42:34,016 RCV reinforcement info
2018-06-14 14:42:35,634 RCV reinforcement info
2018-06-14 14:42:35,707 RCV reinforcement info
2018-06-14 14:42:36,488 RCV reinforcement info
2018-06-14 14:42:39,171 RF found but not transmitted
2018-06-14 14:42:40,435 RCV reinforcement info
2018-06-14 14:42:40,584 RCV reinforcement info
2018-06-14 14:42:42,721 RF found but not transmitted
2018-06-14 14:42:44,702 RCV reinforcement info
2018-06-14 14:42:46,601 RCV reinforcement info
2018-06-14 14:42:50,331 RCV reinforcement info
2018-06-14 14:42:51,353 RCV reinforcement info
2018-06-14 14:42:51,910 RCV reinforcement info
2018-06-14 14:42:54,256 RF found but not transmitted
2018-06-14 14:42:57,065 RCV reinforcement info
2018-06-14 14:42:58,923 RCV reinforcement info
2018-06-14 14:42:59,760 RCV reinforcement info
2018-06-14 14:43:02,730 RCV reinforcement info
2018-06-14 14:43:03,029 RCV reinforcement info
2018-06-14 14:43:04,062 RF found but not transmitted
2018-06-14 14:43:04,707 RCV reinforcement info
2018-06-14 14:43:04,897 RCV reinforcement info
2018-06-14 14:43:04,960 RCV reinforcement info
2018-06-14 14:43:05,418 RCV reinforcement info
2018-06-14 14:43:07,580 RCV reinforcement info
2018-06-14 14:43:09,177 RCV reinforcement info
2018-06-14 14:43:09,353 RF found but not transmitted
2018-06-14 14:43:11,939 RCV reinforcement info
2018-06-14 14:43:12,847 RF found but not transmitted
2018-06-14 14:43:18,595 RF found but not transmitted
2018-06-14 14:43:18,918 RCV reinforcement info
2018-06-14 14:43:20,856 RCV reinforcement info
2018-06-14 14:43:21,890 RCV proposal
2018-06-14 14:43:21,893 appended honest propose 312d739a20 on top of 73635f557c
2018-06-14 14:43:21,962 RCV reinforcement
2018-06-14 14:43:21,988 RCV reinforcement
2018-06-14 14:43:22,481 RCV reinforcement info
2018-06-14 14:43:22,583 RCV reinforcement
2018-06-14 14:43:23,549 RCV commit
2018-06-14 14:43:23,789 appended honest commit d5b87b1e83 on top of 312d739a20
2018-06-14 14:43:23,979 Weight: 242.05533055668246 #RFs 39
2018-06-14 14:43:23,979 weight: 242.05533055668246
2018-06-14 14:43:23,979 , 242.05533055668246
2018-06-14 14:43:23,987 appended malicious propose c224cfcee6 on top of 73635f557c
2018-06-14 14:43:23,987 REINFORCEMENT COLLECTING state
2018-06-14 14:43:24,083 SNT proposal
2018-06-14 14:43:24,323 RCV reinforcement
2018-06-14 14:43:24,416 RCV reinforcement
2018-06-14 14:43:24,436 RCV reinforcement
2018-06-14 14:43:24,463 RCV reinforcement
2018-06-14 14:43:24,484 RCV reinforcement
2018-06-14 14:43:24,515 RCV reinforcement
2018-06-14 14:43:24,683 RCV reinforcement
2018-06-14 14:43:25,538 RCV reinforcement
2018-06-14 14:43:25,580 RCV reinforcement
2018-06-14 14:43:25,585 commit with 7 reinforcements
2018-06-14 14:43:25,788 appended malicious commit e910b6d9c8 on top of c224cfcee6
2018-06-14 14:43:26,071 Weight: 262.592157182622 #RFs 107
2018-06-14 14:43:26,071 weight: 262.592157182622
2018-06-14 14:43:26,071 , 262.592157182622
2018-06-14 14:43:26,076 MALICIOUS MINING state
2018-06-14 14:43:26,076 start mining - depth 21
2018-06-14 14:43:26,077 start mining - hash e910b6d9c8bd1156694a50df7bfcd5732e1b9e857b6f5ee551a3a35d82c4cf7f
2018-06-14 14:43:26,077 Hashing frequency: 5663
2018-06-14 14:43:26,077 SNT commit
2018-06-14 14:43:26,187 RCV reinforcement
2018-06-14 15:02:32,928 RCV reinforcement info
2018-06-14 15:02:33,994 RCV reinforcement info
2018-06-14 15:02:34,071 RCV reinforcement info
2018-06-14 15:02:34,096 RCV reinforcement info
2018-06-14 15:02:34,307 RCV reinforcement info
2018-06-14 15:02:34,474 RCV proposal
2018-06-14 15:02:34,478 appended honest propose 1363765b4b on top of e910b6d9c8
2018-06-14 15:02:34,611 RCV reinforcement
2018-06-14 15:02:34,704 RCV reinforcement
2018-06-14 15:02:34,801 RCV reinforcement info
2018-06-14 15:02:34,917 RCV reinforcement
2018-06-14 15:02:35,063 RCV malicious_prop_agreement
2018-06-14 15:02:36,032 RCV commit
2018-06-14 15:02:36,093 appended honest commit 7d72b665c5 on top of 1363765b4b
2018-06-14 15:02:36,112 Weight: 264.0639232810776 #RFs 5
2018-06-14 15:02:36,113 weight: 264.0639232810776
2018-06-14 15:02:36,114 , 264.0639232810776
2018-06-14 15:02:36,245 RCV proposal
2018-06-14 15:02:36,278 appended malicious propose 9a9971c587 on top of e910b6d9c8
2018-06-14 15:02:36,278 REINFORCEMENT SENT state
2018-06-14 15:02:36,319 RCV reinforcement
2018-06-14 15:02:36,323 RCV reinforcement
2018-06-14 15:02:36,364 RCV reinforcement info
2018-06-14 15:02:36,447 RCV reinforcement
2018-06-14 15:02:36,891 RCV reinforcement info
2018-06-14 15:02:37,431 RCV reinforcement
2018-06-14 15:02:37,736 RCV commit
2018-06-14 15:02:37,773 appended malicious commit f14f0400df on top of 9a9971c587
2018-06-14 15:02:37,792 Weight: 265.42045606664715 #RFs 4
2018-06-14 15:02:37,792 weight: 265.42045606664715
2018-06-14 15:02:37,792 , 265.42045606664715
2018-06-14 15:02:37,797 MALICIOUS MINING state
2018-06-14 15:02:37,797 start mining - depth 22
2018-06-14 15:02:37,798 start mining - hash f14f0400dff382ee1ea91f1b76dd1fcdf1e426bb7ac7656420287a58d8129fc3
2018-06-14 15:02:37,800 Hashing frequency: 480
2018-06-14 15:02:38,824 RCV reinforcement info
2018-06-14 15:02:39,809 RCV proposal
2018-06-14 15:02:39,815 appended honest propose 45310a348e on top of f14f0400df
2018-06-14 15:02:41,203 RCV reinforcement info
2018-06-14 15:02:41,286 RCV reinforcement
2018-06-14 15:02:41,326 RCV commit
2018-06-14 15:02:41,330 appended honest commit 5d809569c4 on top of 45310a348e
2018-06-14 15:02:41,332 Weight: 266.512558640167 #RFs 1
2018-06-14 15:02:41,332 weight: 266.512558640167
2018-06-14 15:02:41,332 , 266.512558640167
2018-06-14 15:02:41,333 start mining - depth 23
2018-06-14 15:02:41,333 start mining - hash 5d809569c4f6cfb1033135f7463cc8b4d08a24185095dc1e4fe198815f2083eb
2018-06-14 15:02:41,855 RCV malicious_prop_agreement
2018-06-14 15:02:41,986 RCV reinforcement info
2018-06-14 15:02:42,768 RCV reinforcement info
2018-06-14 15:02:44,072 RCV reinforcement info
2018-06-14 15:02:44,311 RCV reinforcement info
2018-06-14 15:02:45,499 RCV reinforcement info
2018-06-14 15:02:46,397 RCV proposal
2018-06-14 15:02:46,402 appended honest propose c8f3fb82ad on top of 5d809569c4
2018-06-14 15:02:46,607 RCV reinforcement
2018-06-14 15:02:46,621 RCV reinforcement
2018-06-14 15:02:47,917 RCV commit
2018-06-14 15:02:47,956 appended honest commit 139dd94276 on top of c8f3fb82ad
2018-06-14 15:02:48,036 Weight: 268.56545389484023 #RFs 5
2018-06-14 15:02:48,036 weight: 268.56545389484023
2018-06-14 15:02:48,036 , 268.56545389484023
2018-06-14 15:02:48,355 RCV proposal
2018-06-14 15:02:48,358 appended malicious propose ac2f1e6f95 on top of 5d809569c4
2018-06-14 15:02:48,359 REINFORCEMENT SENT state
2018-06-14 15:02:48,691 RCV reinforcement
2018-06-14 15:02:48,717 RCV reinforcement
2018-06-14 15:02:48,755 RCV reinforcement
2018-06-14 15:02:48,814 RCV reinforcement
2018-06-14 15:02:48,833 RCV reinforcement
2018-06-14 15:02:49,540 RCV reinforcement
2018-06-14 15:02:49,868 RCV commit
2018-06-14 15:02:49,917 appended malicious commit e6836e23bd on top of ac2f1e6f95
2018-06-14 15:02:49,956 Weight: 270.134776087581 #RFs 11
2018-06-14 15:02:49,956 weight: 270.134776087581
2018-06-14 15:02:49,957 , 270.134776087581
2018-06-14 15:02:49,960 MALICIOUS MINING state
2018-06-14 15:02:49,961 start mining - depth 24
2018-06-14 15:02:49,990 start mining - hash e6836e23bd6c6c80c1550da2077818bf97e66c5a7efebdcaba08dc66ba6f695b
2018-06-14 15:02:51,033 RCV reinforcement info
2018-06-14 15:02:52,663 RCV proposal
2018-06-14 15:02:52,666 appended honest propose b8df81b3a7 on top of e6836e23bd
2018-06-14 15:02:52,764 RCV reinforcement
2018-06-14 15:02:54,208 RCV commit
2018-06-14 15:02:54,212 appended honest commit 249a86679d on top of b8df81b3a7
2018-06-14 15:02:54,214 Weight: 271.2928603680735 #RFs 1
2018-06-14 15:02:54,214 weight: 271.2928603680735
2018-06-14 15:02:54,214 , 271.2928603680735
2018-06-14 15:02:54,232 start mining - depth 25
2018-06-14 15:02:54,232 start mining - hash 249a86679dc0a32a5159b2836ad3a2608c4a9fb00813d7a89c6b3df6a0310a67
2018-06-14 15:02:54,605 RCV malicious_prop_agreement
2018-06-14 15:02:57,904 RCV reinforcement info
2018-06-14 15:02:59,081 RF found but not transmitted
2018-06-14 15:02:59,190 RCV reinforcement info
2018-06-14 15:03:01,376 RCV reinforcement info
2018-06-14 15:03:03,331 RCV reinforcement info
2018-06-14 15:03:06,698 RCV reinforcement info
2018-06-14 15:03:06,765 RF found but not transmitted
2018-06-14 15:03:11,023 RCV reinforcement info
2018-06-14 15:03:13,532 RCV reinforcement info
2018-06-14 15:03:13,932 RF found but not transmitted
2018-06-14 15:03:14,060 RCV reinforcement info
2018-06-14 15:03:15,830 RCV reinforcement info
2018-06-14 15:03:16,030 RF found but not transmitted
2018-06-14 15:03:16,068 RCV reinforcement info
2018-06-14 15:03:16,259 RF found but not transmitted
2018-06-14 15:03:16,748 RF found but not transmitted
2018-06-14 15:03:16,872 RCV reinforcement info
2018-06-14 15:03:17,940 RCV reinforcement info
2018-06-14 15:03:18,574 RCV reinforcement info
2018-06-14 15:03:21,872 RCV reinforcement info
2018-06-14 15:03:23,096 RCV reinforcement info
2018-06-14 15:03:25,099 RCV reinforcement info
2018-06-14 15:03:25,176 RCV reinforcement info
2018-06-14 15:03:25,305 RCV reinforcement info
2018-06-14 15:03:25,927 RCV reinforcement info
2018-06-14 15:03:25,966 RCV reinforcement info
2018-06-14 15:03:27,273 RF found but not transmitted
2018-06-14 15:03:29,667 RCV reinforcement info
2018-06-14 15:03:32,802 RCV reinforcement info
2018-06-14 15:03:33,397 RCV reinforcement info
2018-06-14 15:03:33,599 RCV reinforcement info
2018-06-14 15:03:33,696 RCV proposal
2018-06-14 15:03:33,699 appended honest propose 82bef72971 on top of 249a86679d
2018-06-14 15:03:33,745 RF found but not transmitted
2018-06-14 15:03:33,795 RCV reinforcement
2018-06-14 15:03:33,809 RCV reinforcement
2018-06-14 15:03:33,931 RCV reinforcement info
2018-06-14 15:03:34,027 RCV reinforcement
2018-06-14 15:03:34,130 RCV reinforcement info
2018-06-14 15:03:34,236 RCV reinforcement
2018-06-14 15:03:34,415 RCV reinforcement info
2018-06-14 15:03:34,495 RCV reinforcement
2018-06-14 15:03:35,283 RCV commit
2018-06-14 15:03:35,463 appended honest commit d8df98db8e on top of 82bef72971
2018-06-14 15:03:35,620 Weight: 279.29759222302357 #RFs 27
2018-06-14 15:03:35,620 weight: 279.29759222302357
2018-06-14 15:03:35,620 , 279.29759222302357
2018-06-14 15:03:35,791 RCV proposal
2018-06-14 15:03:35,794 appended malicious propose 98e72a0651 on top of 249a86679d
2018-06-14 15:03:35,797 REINFORCEMENT SENT state
2018-06-14 15:03:35,799 SNT reinforcement
2018-06-14 15:03:36,013 RCV reinforcement
2018-06-14 15:03:36,023 RCV reinforcement
2018-06-14 15:03:36,051 RCV reinforcement
2018-06-14 15:03:36,067 RCV reinforcement
2018-06-14 15:03:36,079 RCV reinforcement
2018-06-14 15:03:36,201 RCV reinforcement
2018-06-14 15:03:36,620 RF found but not transmitted
2018-06-14 15:03:36,624 SNT reinforcement
2018-06-14 15:03:36,744 RCV reinforcement info
2018-06-14 15:03:36,749 RCV reinforcement
2018-06-14 15:03:36,869 RF found but not transmitted
2018-06-14 15:03:36,872 SNT reinforcement
2018-06-14 15:03:37,561 RCV commit
2018-06-14 15:03:38,024 appended malicious commit 6462fe39e3 on top of 98e72a0651
2018-06-14 15:03:38,264 Weight: 287.30642269271306 #RFs 56
2018-06-14 15:03:38,264 weight: 287.30642269271306
2018-06-14 15:03:38,265 , 287.30642269271306
2018-06-14 15:03:38,268 MALICIOUS MINING state
2018-06-14 15:03:38,269 start mining - depth 26
2018-06-14 15:03:38,269 start mining - hash 6462fe39e34c3a30d8a670ccd89898e695f0f7f35a4fdde5c879ea96c855b207
2018-06-14 15:03:38,270 Hashing frequency: 3157
2018-06-14 15:03:38,767 RCV reinforcement info
2018-06-14 15:03:38,780 RF found but not transmitted
2018-06-14 15:03:38,964 RCV reinforcement info
2018-06-14 15:03:39,496 RCV reinforcement info
2018-06-14 15:03:40,007 RCV malicious_prop_agreement
2018-06-14 15:03:44,608 RCV reinforcement info
2018-06-14 15:03:45,139 RF found but not transmitted
2018-06-14 15:03:46,042 RF found but not transmitted
2018-06-14 15:03:48,199 RF found but not transmitted
2018-06-14 15:03:48,940 RCV reinforcement info
2018-06-14 15:03:50,536 RCV reinforcement info
2018-06-14 15:03:54,146 RCV reinforcement info
2018-06-14 15:03:54,301 RF found but not transmitted
2018-06-14 15:03:56,178 RCV reinforcement info
2018-06-14 15:03:57,333 RCV reinforcement info
2018-06-14 15:03:57,408 RCV reinforcement info
2018-06-14 15:03:58,047 RCV reinforcement info
2018-06-14 15:03:58,152 RCV reinforcement info
2018-06-14 15:03:58,402 RCV reinforcement info
2018-06-14 15:04:02,420 RF found but not transmitted
2018-06-14 15:04:02,943 RF found but not transmitted
2018-06-14 15:04:04,189 RCV reinforcement info
2018-06-14 15:04:05,009 RCV reinforcement info
2018-06-14 15:04:05,066 RCV reinforcement info
2018-06-14 15:04:05,551 RCV reinforcement info
2018-06-14 15:04:07,154 RCV reinforcement info
2018-06-14 15:04:08,370 RCV reinforcement info
2018-06-14 15:04:10,528 RCV reinforcement info
2018-06-14 15:04:13,032 RCV proposal
2018-06-14 15:04:13,037 appended honest propose f246e1c27f on top of 6462fe39e3
2018-06-14 15:04:13,115 RCV reinforcement
2018-06-14 15:04:13,140 RCV reinforcement
2018-06-14 15:04:13,685 RCV reinforcement info
2018-06-14 15:04:13,761 RCV reinforcement
2018-06-14 15:04:14,384 RCV reinforcement info
2018-06-14 15:04:14,467 RCV reinforcement
2018-06-14 15:04:14,656 RCV commit
2018-06-14 15:04:14,787 appended honest commit b4de0cbc6a on top of f246e1c27f
2018-06-14 15:04:14,989 Weight: 292.27283307333806 #RFs 21
2018-06-14 15:04:14,989 weight: 292.27283307333806
2018-06-14 15:04:14,989 , 292.27283307333806
2018-06-14 15:04:15,262 RCV proposal
2018-06-14 15:04:15,273 appended malicious propose 75c94b2c7c on top of 6462fe39e3
2018-06-14 15:04:15,288 REINFORCEMENT SENT state
2018-06-14 15:04:15,289 SNT reinforcement
2018-06-14 15:04:15,485 RCV reinforcement
2018-06-14 15:04:15,511 RCV reinforcement
2018-06-14 15:04:15,539 RCV reinforcement
2018-06-14 15:04:15,563 RCV reinforcement
2018-06-14 15:04:15,568 RCV reinforcement
2018-06-14 15:04:15,813 RCV reinforcement info
2018-06-14 15:04:16,130 RCV reinforcement info
2018-06-14 15:04:16,499 RCV reinforcement
2018-06-14 15:04:16,569 RCV reinforcement
2018-06-14 15:04:16,902 RF found but not transmitted
2018-06-14 15:04:16,906 SNT reinforcement
2018-06-14 15:04:17,085 RCV commit
2018-06-14 15:04:17,497 appended malicious commit d317cc1c28 on top of 75c94b2c7c
2018-06-14 15:04:17,783 Weight: 305.1613038341907 #RFs 51
2018-06-14 15:04:17,784 weight: 305.1613038341907
2018-06-14 15:04:17,784 , 305.1613038341907
2018-06-14 15:04:17,787 MALICIOUS MINING state
2018-06-14 15:04:17,787 start mining - depth 27
2018-06-14 15:04:17,788 start mining - hash d317cc1c289dd05594e20e10810ce28db8e50772e43aa509594faec4239dd400
2018-06-14 15:04:18,023 RCV reinforcement info
2018-06-14 15:04:18,776 RF found but not transmitted
2018-06-14 15:04:21,857 RCV reinforcement info
2018-06-14 15:04:22,566 RF found but not transmitted
2018-06-14 15:04:27,162 RF found but not transmitted
2018-06-14 15:04:27,336 RF found but not transmitted
2018-06-14 15:04:28,247 RCV reinforcement info
2018-06-14 15:04:28,632 RCV reinforcement info
2018-06-14 15:04:32,188 RCV reinforcement info
2018-06-14 15:04:33,220 RCV reinforcement info
2018-06-14 15:04:34,172 RCV reinforcement info
2018-06-14 15:04:35,014 RCV reinforcement info
2018-06-14 15:04:35,074 RCV reinforcement info
2018-06-14 15:04:35,588 RCV reinforcement info
2018-06-14 15:04:36,235 RCV reinforcement info
2018-06-14 15:04:36,307 RCV reinforcement info
2018-06-14 15:04:38,399 RF found but not transmitted
2018-06-14 15:04:39,828 RCV reinforcement info
2018-06-14 15:04:40,238 RF found but not transmitted
2018-06-14 15:04:40,413 RCV reinforcement info
2018-06-14 15:04:40,642 RCV reinforcement info
2018-06-14 15:04:41,027 RCV proposal
2018-06-14 15:04:41,031 appended honest propose 0c9d99afb4 on top of d317cc1c28
2018-06-14 15:04:41,139 RCV reinforcement
2018-06-14 15:04:41,143 RCV reinforcement
2018-06-14 15:04:41,870 RF found but not transmitted
2018-06-14 15:04:42,014 RCV reinforcement info
2018-06-14 15:04:42,101 RCV reinforcement
2018-06-14 15:04:42,514 RCV reinforcement info
2018-06-14 15:04:42,606 RCV reinforcement
2018-06-14 15:04:42,633 RCV commit
2018-06-14 15:04:42,699 appended honest commit eced745aa8 on top of 0c9d99afb4
2018-06-14 15:04:42,840 Weight: 308.1819890324965 #RFs 16
2018-06-14 15:04:42,840 weight: 308.1819890324965
2018-06-14 15:04:42,840 , 308.1819890324965
2018-06-14 15:04:42,841 start mining - depth 28
2018-06-14 15:04:42,842 start mining - hash eced745aa8e1122dccbb518d47e9b0ed341a62f273a32b2458e2efdd788c6abd
2018-06-14 15:04:42,842 Hashing frequency: 3374
2018-06-14 15:04:47,112 RCV proposal
2018-06-14 15:04:47,115 appended honest propose f0317ba37a on top of eced745aa8
2018-06-14 15:04:48,643 RCV commit
2018-06-14 15:04:48,643 appended honest commit 1128272e1e on top of f0317ba37a
2018-06-14 15:04:48,644 Weight: 309.1819890324965 #RFs 0
2018-06-14 15:04:48,644 weight: 309.1819890324965
2018-06-14 15:04:48,644 , 309.1819890324965
2018-06-14 15:04:48,644 start mining - depth 29
2018-06-14 15:04:48,645 start mining - hash 1128272e1e94ff225802adfadee58bdc4c95189401cb1ec0bcf31a74c0052f45
2018-06-14 15:04:51,237 RCV reinforcement info
2018-06-14 15:04:53,286 RCV reinforcement info
2018-06-14 15:04:53,544 RCV reinforcement info
2018-06-14 15:04:54,649 RCV reinforcement info
2018-06-14 15:04:55,529 RCV reinforcement info
2018-06-14 15:04:56,935 RF found but not transmitted
2018-06-14 15:04:56,966 RCV reinforcement info
2018-06-14 15:04:57,399 RCV malicious_prop_agreement
2018-06-14 15:04:57,472 RCV reinforcement info
2018-06-14 15:04:59,738 RF found but not transmitted
2018-06-14 15:04:59,908 RF found but not transmitted
2018-06-14 15:05:03,090 RF found but not transmitted
2018-06-14 15:05:03,727 RCV reinforcement info
2018-06-14 15:05:03,844 RCV reinforcement info
2018-06-14 15:05:04,652 RF found but not transmitted
2018-06-14 15:05:05,276 RF found but not transmitted
2018-06-14 15:05:05,593 RF found but not transmitted
2018-06-14 15:05:06,114 RCV reinforcement info
2018-06-14 15:05:07,035 RF found but not transmitted
2018-06-14 15:05:08,108 RCV proposal
2018-06-14 15:05:08,110 appended honest propose 64b681c5fb on top of 1128272e1e
2018-06-14 15:05:08,227 RCV reinforcement
2018-06-14 15:05:08,238 RCV reinforcement
2018-06-14 15:05:08,508 RF found but not transmitted
2018-06-14 15:05:08,772 RCV reinforcement info
2018-06-14 15:05:08,878 RCV reinforcement
2018-06-14 15:05:09,732 RCV commit
2018-06-14 15:05:09,812 appended honest commit adb4f5facd on top of 64b681c5fb
2018-06-14 15:05:09,867 Weight: 311.84806060567695 #RFs 11
2018-06-14 15:05:09,867 weight: 311.84806060567695
2018-06-14 15:05:09,868 , 311.84806060567695
2018-06-14 15:05:10,153 RCV proposal
2018-06-14 15:05:10,164 appended malicious propose 9bb4e047ac on top of 1128272e1e
2018-06-14 15:05:10,165 REINFORCEMENT SENT state
2018-06-14 15:05:10,168 SNT reinforcement
2018-06-14 15:05:10,447 RCV reinforcement
2018-06-14 15:05:10,481 RCV reinforcement
2018-06-14 15:05:10,485 RCV reinforcement
2018-06-14 15:05:10,546 RCV reinforcement info
2018-06-14 15:05:10,550 RCV reinforcement
2018-06-14 15:05:10,556 RCV reinforcement
2018-06-14 15:05:11,046 RCV reinforcement
2018-06-14 15:05:11,292 RF found but not transmitted
2018-06-14 15:05:11,294 SNT reinforcement
2018-06-14 15:05:11,857 RCV commit
2018-06-14 15:05:12,147 appended malicious commit bae1a31828 on top of 9bb4e047ac
2018-06-14 15:05:12,447 Weight: 319.75210561774287 #RFs 40
2018-06-14 15:05:12,447 weight: 319.75210561774287
2018-06-14 15:05:12,448 , 319.75210561774287
2018-06-14 15:05:12,451 MALICIOUS MINING state
2018-06-14 15:05:12,451 start mining - depth 30
2018-06-14 15:05:12,452 start mining - hash bae1a3182821589afb611417254ed58aeb50e83db6e46a1edd7368368b4354f3
2018-06-14 15:05:12,862 RCV reinforcement info
2018-06-14 15:05:12,953 RCV reinforcement info
2018-06-14 15:05:14,253 RCV reinforcement info
2018-06-14 15:05:15,511 RCV reinforcement info
2018-06-14 15:05:16,351 RF found but not transmitted
2018-06-14 15:05:19,583 RF found but not transmitted
2018-06-14 15:05:20,155 RCV malicious_prop_agreement
2018-06-14 15:05:20,777 RCV reinforcement info
2018-06-14 15:05:20,962 RCV reinforcement info
2018-06-14 15:05:21,377 RCV reinforcement info
2018-06-14 15:05:21,476 RCV reinforcement info
2018-06-14 15:05:22,175 RCV reinforcement info
2018-06-14 15:05:22,652 RCV reinforcement info
2018-06-14 15:05:27,142 RCV reinforcement info
2018-06-14 15:05:27,536 RCV reinforcement info
2018-06-14 15:05:28,594 RCV reinforcement info
2018-06-14 15:05:31,113 RF found but not transmitted
2018-06-14 15:05:32,358 RCV reinforcement info
2018-06-14 15:05:32,521 RCV reinforcement info
2018-06-14 15:05:32,531 RCV reinforcement info
2018-06-14 15:05:34,061 RF found but not transmitted
2018-06-14 15:05:34,163 RCV reinforcement info
2018-06-14 15:05:38,726 RCV reinforcement info
2018-06-14 15:05:39,252 RF found but not transmitted
2018-06-14 15:05:39,336 RCV proposal
2018-06-14 15:05:39,340 appended honest propose 7d157830ee on top of bae1a31828
2018-06-14 15:05:39,418 RCV reinforcement
2018-06-14 15:05:39,437 RCV reinforcement
2018-06-14 15:05:39,635 RCV reinforcement info
2018-06-14 15:05:39,715 RCV reinforcement
2018-06-14 15:05:40,493 RCV reinforcement info
2018-06-14 15:05:40,616 RCV reinforcement
2018-06-14 15:05:41,028 RCV commit
2018-06-14 15:05:41,149 appended honest commit e88cf05536 on top of 7d157830ee
2018-06-14 15:05:41,302 Weight: 325.8121388203226 #RFs 20
2018-06-14 15:05:41,302 weight: 325.8121388203226
2018-06-14 15:05:41,302 , 325.8121388203226
2018-06-14 15:05:41,666 RCV proposal
2018-06-14 15:05:41,670 appended malicious propose a9b6b86598 on top of bae1a31828
2018-06-14 15:05:41,671 REINFORCEMENT SENT state
2018-06-14 15:05:41,681 SNT reinforcement
2018-06-14 15:05:41,999 RCV reinforcement
2018-06-14 15:05:42,008 RCV reinforcement
2018-06-14 15:05:42,019 RCV reinforcement
2018-06-14 15:05:42,023 RCV reinforcement
2018-06-14 15:05:42,028 RCV reinforcement
2018-06-14 15:05:43,178 RCV reinforcement
2018-06-14 15:05:43,242 RCV commit
2018-06-14 15:05:43,573 appended malicious commit 79060d12f5 on top of a9b6b86598
2018-06-14 15:05:43,816 Weight: 329.16114454266386 #RFs 39
2018-06-14 15:05:43,816 weight: 329.16114454266386
2018-06-14 15:05:43,816 , 329.16114454266386
2018-06-14 15:05:43,819 MALICIOUS MINING state
2018-06-14 15:05:43,820 start mining - depth 31
2018-06-14 15:05:43,820 start mining - hash 79060d12f5b8c0c6467cf3ae6fa315d810e41a8bcfba26c56b6f057343dc5b66
2018-06-14 15:05:43,824 Hashing frequency: 3286
2018-06-14 15:05:44,666 RF found but not transmitted
2018-06-14 15:05:46,810 RCV reinforcement info
2018-06-14 15:05:48,342 RCV reinforcement info
2018-06-14 15:05:52,569 RF found but not transmitted
2018-06-14 15:05:52,677 RCV reinforcement info
2018-06-14 15:05:54,603 RCV reinforcement info
