1528979454 , 8.728960583618147
1528979461 , 9.33751959052651
1528979465 , 9.440351536377012
1528979465 , 9.543057187179736
1528979468 , 9.78778876684068
1528979471 , 10.088905753133956
1528979472 , 10.182295187523737
1528979480 , 10.408270715505587
1528979480 , 10.515661606090926
1528979483 , 11.207778717272035
1528979487 , 17.41717115653914
1528979489 , 17.49005310008735
1528979489 , 17.600497115612384
1528979490 , 17.680920824942117
1528979492 , 18.4122051739091
1528979496 , 18.490567034371303
1528979498 , 18.688883024740342
1528979501 , 18.819522664138315
1528979505 , 20.22335093028875
1528979506 , 20.335922245735752
1528979506 , 20.94579732289783
1528979510 , 21.211929548846022
1528979513 , 21.59518000504017
1528979513 , 21.687576418281417
1528979514 , 22.204941445029675
1528979524 , 22.842909193971256
1528979525 , 23.31769150687601
1528979527 , 23.424941770460677
1528979528 , 23.598488278241682
1528979530 , 23.733588231299738
1528979533 , 23.904448809063368
1528979535 , 24.046304046992447
1528979542 , 36.22555274730465
1528979544 , 36.302776826989046
1528979544 , 36.49321604668842
1528979548 , 36.661118383165004
1528979560 , 46.01552045206519
1528979561 , 46.20681876224235
1528979564 , 46.27633065046748
1528979566 , 46.592266280564516
1528979567 , 46.730542694599016
1528979569 , 46.91939405601224
1528979571 , 47.230283780018276
1528979571 , 47.36384318756936
1528979575 , 48.44135016024248
1528979575 , 48.6583260405372
1528979577 , 48.74267801431447
1528979581 , 54.52298949722439
1528979585 , 55.23182754596871
1528979587 , 55.36997176433671
1528979587 , 55.76680381863437
1528979589 , 55.83365301334581
1528979590 , 55.90053849331634
1528979591 , 55.98387718000414
1528979592 , 56.07099784146589
1528979594 , 56.13783960195354
1528979595 , 56.20886804566687
1528979612 , 57.372930458091645
1528979620 , 57.621497689982526
1528979621 , 58.32234267603463
1528979623 , 58.48694687031261
1528979624 , 58.64423801225395
1528979629 , 59.46439527673506
1528979630 , 59.61686252901303
1528979636 , 59.99386252254238
1528979636 , 60.3751414178871
1528979637 , 60.43942184474841
1528979638 , 60.55804531213931
1528979641 , 60.75125727168999
1528979641 , 60.81525098254131
1528979641 , 60.88350361571015
1528979645 , 61.019211178431426
1528979645 , 61.09779892615799
1528979646 , 61.17703934577008
1528979647 , 61.86478797825067
1528979651 , 62.269306998354224
1528979652 , 62.36734421360071
1528979655 , 62.58588821136544
1528979662 , 62.846423364707235
1528979663 , 63.05889158584785
1528979665 , 63.62066001205398
1528979666 , 63.848350549400365
1528979667 , 63.941265682162424
1528979669 , 64.01042464458143
1528979676 , 84.75405896339426
1528979683 , 84.87027139274642
1528979684 , 85.11901164275407
1528979684 , 85.53556690060003
1528979686 , 85.7697884184072
1528979689 , 86.64568014551419
1528979691 , 86.91829918171062
1528979693 , 87.10440205651292
1528979701 , 87.66075776174857
1528979703 , 88.4798192361989
1528979706 , 88.56812458627321
1528979709 , 88.7406594570023
1528979712 , 88.80854432539627
1528979712 , 89.22238642875352
1528979716 , 89.4667723072875
1528979718 , 89.62390804202037
1528979718 , 89.70455298875363
1528979719 , 89.8873016231336
1528979725 , 90.11108183671183
1528979727 , 90.48245955500266
1528979731 , 106.44961429341572
1528979732 , 106.52988194366937
1528979733 , 106.63761051204678
1528979734 , 106.81688352320792
1528979743 , 107.38727543159739
1528979745 , 107.59969707470742
1528979747 , 107.70057964974995
1528979757 , 108.15336922476307
1528979758 , 108.24608027131967
1528979759 , 108.31160693303055
1528979760 , 108.521718927208
1528979763 , 108.73065253558333
1528979768 , 109.08751382898956
1528979769 , 109.15413444766658
1528979779 , 109.25313848389555
1528979784 , 109.82859752994983
1528979789 , 129.08140306109095
1528979792 , 129.32416727874465
1528979796 , 132.82852260539562
1528979799 , 133.0992711429055
1528979801 , 133.16804472684228
1528979802 , 133.49808579704137
1528979809 , 134.83144841056824
1528979812 , 138.98859201155673
1528979813 , 139.18217428389514
1528979814 , 139.31415712765696
1528979815 , 139.62481714938593
1528979819 , 140.56392493355304
1528979820 , 140.6836196981695
1528979821 , 141.07227175294818
1528979822 , 141.15776929167043
1528979824 , 141.42746628315015
1528979828 , 142.27556921705465
1528979828 , 142.36600861690152
1528979831 , 142.5321240638278
1528979833 , 142.60113880595807
1528979835 , 142.9392119928291
1528979848 , 149.5660061873085
1528979874 , 156.39847851225954
1528979900 , 166.13027213035843
1528979900 , 166.24549112135668
1528979907 , 166.4889899126029
1528979908 , 166.59648513210539
1528979910 , 167.1767393678135
1528979911 , 167.2457361807812
1528979912 , 167.4256003013387
1528979913 , 167.4936483529629
1528979913 , 167.703639990747
1528979916 , 167.82310925793175
1528979916 , 167.94032343101858
1528979917 , 168.01095901403212
1528979918 , 168.10984591046048
1528979919 , 168.17935786673064
1528979938 , 169.8053647013161
1528979939 , 169.89419344218837
1528979945 , 170.16991470068427
1528979946 , 170.3562011525437
1528979949 , 170.4328954508112
1528979953 , 170.5653890837348
1528979953 , 170.74081961539662
1528979954 , 170.98334451575607
1528979955 , 171.21633687619376
1528979955 , 171.2818885243356
1528979956 , 171.49421705343292
1528979958 , 171.75938834029535
1528979959 , 172.54542446800033
1528979959 , 172.76673893480748
1528979962 , 173.05603823120106
1528979968 , 173.17218136081956
1528979969 , 173.29991797331394
1528979974 , 173.4950374289471
1528979977 , 173.93587589270464
1528979981 , 174.19951204524978
1528979982 , 174.32501065439692
1528979996 , 174.68307882517112
1528980001 , 176.03369734732365
1528980001 , 176.11753240510052
1528980008 , 176.81575315939043
1528980014 , 178.40884736373494
1528980015 , 178.61806124429444
1528980016 , 178.6975756996784
1528980026 , 206.06562689295137
1528980028 , 206.18044402156752
1528980031 , 207.75346056526897
1528980033 , 207.96668321460024
1528980036 , 208.24425440391963
1528980037 , 209.07911917963722
1528980038 , 209.17428673451005
1528980041 , 209.24113413787293
1528980041 , 209.3318678096178
1528980047 , 209.96939609194266
1528980051 , 210.14728274772025
1528980053 , 210.26401438775554
1528980055 , 210.32957147511692
1528980061 , 210.7797353056363
1528980061 , 210.85724505773135
1528980063 , 211.3322963546177
1528980073 , 211.73781786996278
1528980075 , 211.81455332691306
1528980076 , 211.9072855389507
1528980077 , 212.60273043620185
1528980077 , 212.74708438617418
1528980077 , 212.85139811366605
1528980082 , 213.08902420513584
1528980083 , 213.21861202647378
1528980084 , 213.41201989515554
1528980087 , 213.48505162517623
1528980088 , 213.58407871473278
1528980092 , 228.9398819141649
1528980093 , 229.1335366262168
1528980093 , 229.2366258641852
1528980095 , 229.32354510139928
1528980095 , 229.38994536072454
1528980096 , 229.6059498789998
1528980104 , 230.75844008424005
1528980112 , 231.4215765786679
1528980114 , 231.62926396963576
1528980115 , 231.73470209315138
1528980115 , 232.02055249857256
1528980116 , 232.0903075493819
1528980117 , 232.17181389730862
1528980117 , 232.41645342055673
1528980117 , 232.48189147407322
1528980127 , 234.9888568301194
1528980129 , 235.06992566119277
1528980132 , 235.44383463962205
1528980137 , 235.5551451484978
1528980141 , 236.03130493505375
1528980145 , 236.2391544788725
1528980147 , 236.79308541963977
1528980153 , 237.09588018856735
1528980154 , 237.18075763024896
1528980155 , 237.32037087461805
1528980155 , 237.43760415845716
1528980156 , 237.5883683208618
1528980170 , 238.95092184215372
1528980171 , 239.0202294849682
1528980171 , 239.0852960871081
1528980177 , 239.4169105062375
1528980178 , 239.5044618707563
1528980182 , 239.72884691313502
1528980184 , 240.1383965615106
1528980184 , 240.2055607572306
1528980184 , 240.3308598489838
1528980185 , 240.39687756440935
1528980187 , 240.46561252647936
1528980189 , 240.70924520032878
1528980198 , 240.88939657835468
1528980200 , 240.95924813939538
1528981351 , 262.5921571826219
1528981352 , 262.6607873871509
1528981354 , 262.86918709867786
1528981354 , 262.98657254097185
1528981354 , 263.06392328107756
1528981357 , 265.4204560666471
1528981361 , 265.65728719698376
1528981369 , 270.1347760875809
1528981371 , 270.29286036807343
1528981418 , 287.306422692713
1528981418 , 287.5410100162698
1528981428 , 288.74953437012886
1528981434 , 288.8881165810095
1528981436 , 288.96807684422276
1528981438 , 289.3849635067251
1528981438 , 289.7512692807138
1528981444 , 289.8541441058033
1528981445 , 290.05814839265076
1528981448 , 290.8014015022918
1528981450 , 291.19741641575837
1528981453 , 291.272833073338
1528981454 , 291.35676021457
1528981457 , 305.16130383419056
1528981461 , 305.7304274442318
1528981468 , 305.96556123385403
1528981472 , 306.0558219428634
1528981473 , 306.1509360237305
1528981474 , 306.307761975708
1528981475 , 306.3792785113679
1528981475 , 306.4458221023881
1528981475 , 306.5407050680872
1528981476 , 306.6761922767479
1528981479 , 306.7498334250268
1528981480 , 306.83115106179974
1528981480 , 307.1102932838595
1528981482 , 307.1819890324964
1528981512 , 319.7521056177428
1528981512 , 320.4002362761214
1528981515 , 320.7909610791619
1528981520 , 321.21333427104815
1528981520 , 321.2967743262072
1528981521 , 321.8684155324758
1528981521 , 322.177621972845
1528981522 , 322.2605570047085
1528981527 , 322.8123765674797
1528981528 , 322.96586151287863
1528981532 , 323.0836304619634
1528981532 , 323.3820797805444
1528981534 , 323.451077450029
1528981538 , 323.64155783343904
1528981540 , 324.81213882032256
1528981543 , 329.1611445426638
1528981546 , 329.32983555830657
1528981548 , 329.694186369376
1528981552 , 329.76527429421196
1528981554 , 329.9926454909923
