1528799310 , 0.06426761090997876
1528799310 , 0.3863994918146705
1528799311 , 0.4612082974839382
1528799311 , 0.6513726544540146
1528799313 , 0.7227650078225756
1528799313 , 1.6513726544540144
1528799314 , 1.7385191469875962
1528799317 , 1.8133037117086743
1528799323 , 1.9235753445313601
1528799326 , 2.002398945487889
1528799329 , 2.142127197001994
1528799329 , 2.251489845560891
1528799330 , 2.5416915910511015
1528799333 , 2.965502836313706
1528799335 , 3.2243904471902782
1528799336 , 3.324168693663109
1528799339 , 3.4254545092577917
1528799342 , 3.740399196432369
1528799344 , 4.740399196432369
1528799361 , 12.062390424633357
1528799385 , 16.34414936842018
1528799386 , 16.456439998083603
1528799395 , 21.837908640009132
1528799396 , 22.32920201208964
1528799397 , 23.32920201208964
1528799398 , 23.397431203795882
1528799398 , 23.475380100246362
1528799403 , 24.357751342575263
1528799404 , 24.43905730738983
1528799404 , 24.516426117586292
1528799405 , 24.6099007111005
1528799406 , 24.75014848450699
1528799408 , 25.00950323185023
1528799408 , 25.126062316790808
1528799416 , 25.217335436121466
1528799418 , 25.35931174054598
1528799419 , 25.723574357217256
1528799419 , 25.856105261547487
1528799420 , 25.93744937202716
1528799420 , 26.00132809611247
1528799421 , 26.097569910746092
1528799425 , 26.418814833649922
1528799425 , 26.487827837359745
1528799426 , 26.699445267303204
1528799427 , 27.20614124212745
1528799429 , 27.270372518536284
1528799429 , 27.939537530343507
1528799430 , 28.03894549534735
1528799431 , 28.1202060147471
1528799431 , 28.201577207197943
1528799431 , 28.3219614812948
1528799432 , 29.088936233254064
1528799433 , 29.241903213977217
1528799436 , 29.441551493431238
1528799439 , 29.69438447612778
1528799445 , 30.017430901352625
1528799446 , 30.095647333231124
1528799447 , 30.202063737316507
1528799447 , 30.335434118430705
1528799450 , 30.527753726577423
1528799450 , 30.704093326500136
1528799451 , 31.511773718353425
1528799452 , 31.794741307835444
1528799458 , 35.25876786146401
1528799459 , 35.742422351662626
1528799466 , 35.95175622349032
1528799466 , 36.086587326823896
1528799468 , 36.16242377349459
1528799469 , 36.22738153937741
1528799472 , 36.50152867534348
1528799472 , 36.69468409468444
1528799474 , 36.806799940516676
1528799475 , 36.94532999636543
1528799476 , 37.10270959336279
1528799477 , 37.18862704489418
1528799477 , 37.27018227315093
1528799484 , 37.5245041986007
1528799484 , 37.67748244585671
1528799485 , 38.67748244585671
1528799486 , 38.75341241119963
1528799490 , 39.19490538989488
1528799491 , 39.27159633500253
1528799491 , 40.27159633500253
1528799500 , 40.75880445595565
1528799502 , 41.75880445595565
1528799503 , 42.08037410606559
1528799519 , 45.720367889356574
1528799520 , 45.82348744956398
1528799522 , 45.88726989100137
1528799522 , 46.06151865727403
1528799524 , 46.13980529458645
1528799525 , 46.239926514008516
1528799526 , 46.50194532634866
1528799527 , 46.56763109031141
1528799528 , 46.802732772585394
1528799528 , 47.0263188677812
1528799529 , 47.15801302982953
1528799531 , 47.27451434124081
1528799537 , 47.6924935822139
1528799538 , 48.20532310016628
1528799540 , 49.07775512113763
1528799541 , 49.784675981866975
1528799541 , 49.86507456073938
1528799543 , 50.074934364578446
1528799544 , 50.19501357022835
1528799545 , 50.40310075446399
1528799547 , 51.410150747511345
1528799548 , 51.48379781952149
1528799548 , 51.633831665648636
1528799549 , 52.005334113625814
1528799552 , 52.2733830860691
1528799554 , 52.3407834705316
1528799555 , 53.00166052873201
1528799556 , 53.10430394105978
1528799564 , 53.7465185973225
1528799564 , 53.822793824377634
1528799564 , 53.99711850266439
1528799566 , 54.18465851816465
1528799567 , 54.27748356425049
1528799567 , 54.34861487439698
1528799570 , 54.545721840645534
1528799571 , 55.545721840645534
1528799573 , 55.60927660640564
1528799573 , 56.416565079059225
1528799575 , 56.5149312331919
1528799576 , 56.59825957822505
1528799576 , 56.786109336555455
1528799578 , 56.860071453714
1528799579 , 57.076464715076305
1528799579 , 57.191217251601195
1528799584 , 57.35152772844607
1528799585 , 58.35152772844607
1528799586 , 58.635598199638984
1528799588 , 58.73682405006626
1528799591 , 59.10373598722974
1528799593 , 59.62281131358256
1528799595 , 59.69469015412485
1528799596 , 59.90294400493093
1528799601 , 60.233216037525274
1528799603 , 60.31131778936096
1528799604 , 61.31131778936096
1528799605 , 61.408327520267335
1528799611 , 61.63283538868796
1528799613 , 62.05159039378883
1528799613 , 62.12163471617803
1528799615 , 62.784667239084506
1528799618 , 62.89251690987095
1528799619 , 63.89251690987095
1528799620 , 64.26759800962331
1528799620 , 64.73192249935742
1528799620 , 64.88368037740986
1528799678 , 74.43799994743537
1528799679 , 74.56448408087816
1528799679 , 74.73523001790295
1528799680 , 74.89515702404304
1528799680 , 74.96482203244982
1528799682 , 75.89515702404304
1528799682 , 76.05533413397488
1528799683 , 77.05533413397488
1528799683 , 77.12025030287813
1528799683 , 77.20099724016531
1528799686 , 77.27286706883775
1528799690 , 78.14603416719764
1528799690 , 78.87021517826656
1528799691 , 79.39022346632377
1528799694 , 79.80427122471619
1528799696 , 79.87339989635188
1528799696 , 80.0954293531429
1528799698 , 80.20133606751804
1528799700 , 80.43891470640267
1528799701 , 81.03089210824842
1528799701 , 81.1594513388705
1528799701 , 81.54038095163602
1528799701 , 81.64795704885002
1528799702 , 82.41182172101395
1528799703 , 82.63986348783558
1528799703 , 82.8447745018387
1528799708 , 82.98376199102559
1528799710 , 83.54654571466642
1528799711 , 83.64364772353278
1528799712 , 83.7075432143034
1528799715 , 83.78207043451488
1528799717 , 84.3351951367401
1528799718 , 84.78902487236783
1528799719 , 85.42800450348435
1528799719 , 85.56137513970687
1528799719 , 85.62852381185716
1528799720 , 85.84622407067592
1528799720 , 85.9236430782557
1528799722 , 86.09692043614025
1528799722 , 86.17873504462692
1528799723 , 87.09692043614025
1528799723 , 87.22775136442216
1528799724 , 87.29447511400888
1528799727 , 87.40990857573453
1528799731 , 87.98630961643764
1528799736 , 88.89706315646585
1528799738 , 90.31214884025025
1528799739 , 90.42557423823108
1528799741 , 90.510339313593
1528799741 , 90.58382172066909
1528799744 , 90.77826000989927
1528799744 , 90.8541479317001
1528799745 , 91.0035466207923
1528799747 , 91.29652756643328
1528799748 , 92.29652756643328
1528799751 , 92.64475094963726
1528799757 , 92.89306533388681
1528799759 , 93.08990859900574
1528799760 , 93.178096101029
1528799762 , 93.26578142771136
1528799765 , 93.3405061578569
1528799767 , 93.58837677485339
1528799768 , 93.66764159495537
1528799769 , 93.80555890473403
1528799769 , 93.871267040962
1528799769 , 93.93437208420276
1528799773 , 94.01374630411308
1528799775 , 94.09141139586659
1528799775 , 94.19030643194074
1528799775 , 94.42290126620665
1528799777 , 94.57458215162572
1528799780 , 94.72105940139681
1528799783 , 94.88816166517287
1528799787 , 94.9656552031571
1528799787 , 95.02888456552898
1528799788 , 95.11211161223443
1528799790 , 95.19793153689541
1528799794 , 95.40722366355479
1528799801 , 95.74672069941856
1528799802 , 95.83765079885627
1528799802 , 95.92141822692103
1528799803 , 96.17098292780824
1528799804 , 96.28436644386073
1528799809 , 97.37073146089874
1528799810 , 97.58503147787056
1528799841 , 106.7926062026481
1528799846 , 108.6663210273406
1528799846 , 108.89962139720515
1528799849 , 109.0616012209524
1528799851 , 109.32077089957482
1528799852 , 109.57543118975703
1528799854 , 110.7648923854971
1528799854 , 111.49125696327762
1528799855 , 111.61259449424351
1528799857 , 111.6926109691444
1528799857 , 112.12967880800848
1528799857 , 112.19598817332493
1528799857 , 112.36066443326737
1528799860 , 112.42664134345486
1528799860 , 112.49353447208298
1528799861 , 112.58772623139119
1528799867 , 112.65383260816829
1528799868 , 113.3368089448956
1528799868 , 113.45535979958557
1528799868 , 113.73505266907344
1528799873 , 114.3688810140709
1528799873 , 114.51705184656547
1528799877 , 114.80299099693053
1528799878 , 115.04208569396474
1528799879 , 115.13618872645104
1528799883 , 116.22243251248155
1528799883 , 116.33024158068257
1528799887 , 116.41700294999175
1528799888 , 117.01525817025517
1528799889 , 117.25843873099784
1528799892 , 117.3500622776695
1528799894 , 117.74039887773075
1528799894 , 117.82922784833265
1528799894 , 117.91897189815714
1528799897 , 118.00060012560908
1528799900 , 118.06420589785454
1528799901 , 118.56447134930387
1528799901 , 119.1282221599284
1528799906 , 119.4822538295439
1528799907 , 119.56051375897532
1528799909 , 119.80574182421756
1528799909 , 119.88845179181332
1528799912 , 120.10679124974891
1528799912 , 120.19846772914174
1528799912 , 120.34266618936773
1528799915 , 120.53909167402159
1528799916 , 120.60708123377411
1528799916 , 120.76317876367038
1528799917 , 121.73527181125617
1528799918 , 122.28165474243963
1528799920 , 122.70899304224253
1528799921 , 122.7747747675155
1528799921 , 123.03814173254433
1528799925 , 123.4239429477593
1528799925 , 123.53689848765248
1528799926 , 123.61512482619973
1528799926 , 123.79691492026312
1528799929 , 124.0786909630543
1528799929 , 124.1971910978969
1528799932 , 124.36010180841059
1528799933 , 124.51359791911165
1528799933 , 124.6665231221767
1528799936 , 124.78705530169293
1528799936 , 124.93399118784933
1528799937 , 125.43597490142824
1528799939 , 125.76961611421821
1528799939 , 125.88889454294905
1528799941 , 126.11203751103952
1528799942 , 126.96283259493555
1528799942 , 127.35437981821187
1528799942 , 127.44673451291409
1528799943 , 127.70417546284638
1528799946 , 127.78807042211798
1528799947 , 128.19376198958628
1528799953 , 128.43280120272564
1528799954 , 129.2747607618839
1528799956 , 129.4662404248689
1528799957 , 129.54644450970568
1528799957 , 129.63451940823535
1528799960 , 129.75033462811587
1528799960 , 130.0036738801786
1528799967 , 130.1807023843037
1528799969 , 130.4019560843498
1528799969 , 130.47151346620916
1528799970 , 130.60673971994157
1528799973 , 130.9390809331686
1528799973 , 131.15217849636863
1528799973 , 131.26691453457371
1528799974 , 131.43585328508235
1528799974 , 132.08308252960018
1528799978 , 132.77643222654703
1528799979 , 133.11367897613334
1528799980 , 133.33395357902327
1528799982 , 133.6974334647065
1528799983 , 133.77802151109464
1528799985 , 134.64760769069676
1528799986 , 134.877948687132
1528799986 , 134.98750903531914
1528799990 , 135.1028096812419
1528799991 , 135.21414065994293
1528799993 , 135.52445310256073
1528799994 , 136.45933050048308
1528799996 , 136.60455173887445
1528799996 , 137.25419415362404
1528799997 , 137.36569153709289
1528799998 , 138.36569153709289
1528799999 , 138.48630657772426
1528800001 , 138.61965364586558
1528800005 , 139.54305808617494
1528800005 , 139.61228003850232
1528800008 , 139.96276242420294
1528800011 , 140.33106916561027
1528800011 , 140.64672977097098
1528800013 , 140.78363860051851
1528800014 , 141.12526457383436
1528800015 , 142.12526457383436
1528800016 , 142.3287962598503
1528800017 , 142.6582726761083
1528800017 , 142.72878184416703
1528800019 , 143.72878184416703
1528800019 , 143.92142580075142
1528800019 , 144.00649391147834
1528800021 , 145.4568154238368
1528800024 , 145.94062240953824
1528800025 , 146.0144689429658
1528800028 , 146.1687438488251
1528800029 , 146.35445532806284
1528800029 , 146.49349813206777
1528800029 , 146.56539270398176
1528800029 , 146.68625468026258
1528800033 , 147.00902576358538
1528800034 , 147.0899062546382
1528800036 , 147.18585177991002
1528800038 , 148.18585177991002
1528800038 , 148.27099927536767
1528800038 , 148.33927781339523
1528800039 , 148.33927781339523
1528800040 , 148.42563165883016
1528800040 , 148.4908098258358
1528800043 , 148.6347386338137
1528800044 , 149.0614884116357
1528800044 , 149.1405497036458
1528800045 , 149.20919092810678
1528800048 , 149.43221084904323
1528800049 , 149.54451531153308
1528800051 , 149.70123945620057
1528800052 , 150.70123945620057
1528800054 , 150.80955692467677
1528800055 , 150.95832530686823
1528800057 , 152.2677631788851
1528800058 , 152.63998438152103
1528800059 , 152.709603288637
1528800060 , 152.77281176146536
1528800061 , 153.0691815967177
1528800062 , 153.3409949321273
1528800064 , 153.45393638798586
1528800064 , 153.54466151240794
1528800065 , 153.94067220887987
1528800068 , 154.064045267955
1528800069 , 154.9333423959129
1528800072 , 155.0536087877643
1528800074 , 155.29014904641838
1528800075 , 155.36860643186267
1528800076 , 155.45519950046796
1528800082 , 155.71699550602196
1528800083 , 155.84683350466693
1528800084 , 155.91523226454555
1528800084 , 156.01892408789652
1528800086 , 156.86743720275334
1528800086 , 156.9941240682025
1528800086 , 157.06977132918897
1528800090 , 157.29090515758745
1528800091 , 157.49841535347954
1528800092 , 157.59703940585837
1528800092 , 157.68051446333376
1528800093 , 157.7834324037888
1528800101 , 158.15033434953025
1528800102 , 158.92195329935507
1528800102 , 159.2673425728138
1528800103 , 159.34869755511986
1528800104 , 159.60674845802816
1528800104 , 159.69456174813246
1528800106 , 159.78382146232784
1528800107 , 160.78382146232784
1528800110 , 161.04716773646877
1528800110 , 161.35065766857846
1528800111 , 162.34791877612884
1528800117 , 162.9864503606788
1528800121 , 163.06099240320253
1528800121 , 163.15752624821425
1528800122 , 163.2622526457857
1528800124 , 163.34658136430588
1528800125 , 163.70361546744206
1528800126 , 163.89668082648203
1528800127 , 164.03290306187594
1528800129 , 164.19169323553658
1528800132 , 164.3036976884634
1528800134 , 164.39785412670832
1528800136 , 164.52334982081652
1528800136 , 164.59303267886995
1528800139 , 166.19803670002614
1528800140 , 166.26081345739652
1528800141 , 166.34525247745938
1528800142 , 166.42522915252223
1528800144 , 167.03996274115784
