2018-05-28 13:35:07,254 ---------------------------------------------------------
2018-05-28 13:35:07,259 MALICIOUS MINING state
2018-05-28 13:35:08,273 start mining - depth 0
2018-05-28 13:35:08,274 start mining - hash a7eba339c720a4fe33818c549cc7c9486d1e0642c7a44e72d940ee653970dac6
2018-05-28 13:35:08,656 RF found but not transmitted
2018-05-28 13:35:08,765 RCV reinforcement info
2018-05-28 13:35:10,176 RCV reinforcement info
2018-05-28 13:35:14,848 RCV reinforcement info
2018-05-28 13:35:20,145 RCV reinforcement info
2018-05-28 13:35:20,988 RF found but not transmitted
2018-05-28 13:35:21,680 RCV reinforcement info
2018-05-28 13:35:21,977 RCV reinforcement info
2018-05-28 13:35:22,473 RCV reinforcement info
2018-05-28 13:35:23,656 RCV reinforcement info
2018-05-28 13:35:23,812 RF found but not transmitted
2018-05-28 13:35:24,628 RCV reinforcement info
2018-05-28 13:35:26,010 RCV reinforcement info
2018-05-28 13:35:26,682 RCV reinforcement info
2018-05-28 13:35:27,863 RCV reinforcement info
2018-05-28 13:35:27,969 RCV reinforcement info
2018-05-28 13:35:29,621 RF found but not transmitted
2018-05-28 13:35:30,715 RCV reinforcement info
2018-05-28 13:35:33,584 RCV reinforcement info
2018-05-28 13:35:34,856 RCV reinforcement info
2018-05-28 13:35:36,526 RCV reinforcement info
2018-05-28 13:35:36,529 RCV reinforcement info
2018-05-28 13:35:36,792 RF found but not transmitted
2018-05-28 13:35:37,332 RCV reinforcement info
2018-05-28 13:35:37,335 RCV reinforcement info
2018-05-28 13:35:38,553 RF found but not transmitted
2018-05-28 13:35:38,756 RF found but not transmitted
2018-05-28 13:35:40,117 RCV reinforcement info
2018-05-28 13:35:40,715 RCV reinforcement info
2018-05-28 13:35:41,804 RCV reinforcement info
2018-05-28 13:35:42,451 RCV reinforcement info
2018-05-28 13:35:42,578 RCV reinforcement info
2018-05-28 13:35:43,015 RCV reinforcement info
2018-05-28 13:35:43,342 RCV reinforcement info
2018-05-28 13:35:43,427 RCV reinforcement info
2018-05-28 13:35:45,514 RCV proposal
2018-05-28 13:35:45,518 appended honest propose f215e0ee01 on top of a7eba339c7
2018-05-28 13:35:45,582 RCV reinforcement
2018-05-28 13:35:45,591 RCV reinforcement
2018-05-28 13:35:45,602 RCV reinforcement
2018-05-28 13:35:45,621 RF found but not transmitted
2018-05-28 13:35:45,793 RCV reinforcement info
2018-05-28 13:35:45,849 RCV reinforcement
2018-05-28 13:35:46,401 RCV reinforcement info
2018-05-28 13:35:46,440 RCV reinforcement
2018-05-28 13:35:46,584 RCV reinforcement info
2018-05-28 13:35:46,643 RCV reinforcement
2018-05-28 13:35:47,097 RCV commit
2018-05-28 13:35:47,187 appended honest commit 17720bde2d on top of f215e0ee01
2018-05-28 13:35:47,260 Weight: 6.3390732292928345 #RFs 30
2018-05-28 13:35:47,261 weight: 6.3390732292928345
2018-05-28 13:35:47,262 , 6.3390732292928345
2018-05-28 13:35:47,262 start mining - depth 1
2018-05-28 13:35:47,262 start mining - hash 17720bde2dcfc1862e8e1feda4b09bf316f2b6612a19f19204c126d881a88b1e
2018-05-28 13:35:48,177 RCV reinforcement info
2018-05-28 13:35:48,201 RCV proposal
2018-05-28 13:35:48,204 appended honest propose 5998b27cf5 on top of 17720bde2d
2018-05-28 13:35:48,266 RCV reinforcement
2018-05-28 13:35:49,725 RCV commit
2018-05-28 13:35:49,727 appended honest commit 79bccdbb27 on top of 5998b27cf5
2018-05-28 13:35:49,728 Weight: 7.6567162909936535 #RFs 1
2018-05-28 13:35:49,728 weight: 7.6567162909936535
2018-05-28 13:35:49,729 , 7.6567162909936535
2018-05-28 13:35:49,949 RCV reinforcement info
2018-05-28 13:35:50,274 RCV reinforcement info
2018-05-28 13:35:50,683 RCV reinforcement info
2018-05-28 13:35:50,872 RCV reinforcement info
2018-05-28 13:35:51,977 RCV proposal
2018-05-28 13:35:51,979 appended honest propose 7ff7b891bc on top of 79bccdbb27
2018-05-28 13:35:52,037 RCV reinforcement
2018-05-28 13:35:52,045 RCV reinforcement
2018-05-28 13:35:52,544 RCV reinforcement info
2018-05-28 13:35:52,625 RCV reinforcement
2018-05-28 13:35:52,921 RF found but not transmitted
2018-05-28 13:35:53,003 RCV reinforcement info
2018-05-28 13:35:53,069 RCV reinforcement
2018-05-28 13:35:53,505 RCV commit
2018-05-28 13:35:53,525 appended honest commit 9884dbcfe0 on top of 7ff7b891bc
2018-05-28 13:35:53,537 Weight: 9.531929906648688 #RFs 6
2018-05-28 13:35:53,537 weight: 9.531929906648688
2018-05-28 13:35:53,538 , 9.531929906648688
2018-05-28 13:35:54,477 RCV reinforcement info
2018-05-28 13:35:55,381 RF found but not transmitted
2018-05-28 13:35:56,629 RCV reinforcement info
2018-05-28 13:35:58,080 RF found but not transmitted
2018-05-28 13:35:58,477 RCV reinforcement info
2018-05-28 13:35:58,978 RCV reinforcement info
2018-05-28 13:35:59,506 RF found but not transmitted
2018-05-28 13:36:01,405 RF found but not transmitted
2018-05-28 13:36:02,253 RCV reinforcement info
2018-05-28 13:36:02,905 RCV proposal
2018-05-28 13:36:02,908 appended malicious propose 0830f60177 on top of 17720bde2d
2018-05-28 13:36:02,909 REINFORCEMENT SENT state
2018-05-28 13:36:02,910 SNT reinforcement
2018-05-28 13:36:02,980 RCV reinforcement
2018-05-28 13:36:03,037 RCV reinforcement info
2018-05-28 13:36:03,332 RCV reinforcement info
2018-05-28 13:36:04,111 RCV reinforcement
2018-05-28 13:36:04,334 RCV reinforcement info
2018-05-28 13:36:04,449 RCV commit
2018-05-28 13:36:04,484 appended malicious commit 56aa34aedc on top of 0830f60177
2018-05-28 13:36:04,534 Weight: 9.68204122669993 #RFs 13
2018-05-28 13:36:04,534 weight: 9.68204122669993
2018-05-28 13:36:04,534 , 9.68204122669993
2018-05-28 13:36:04,534 MALICIOUS MINING state
2018-05-28 13:36:04,546 start mining - depth 2
2018-05-28 13:36:04,546 start mining - hash 56aa34aedca5f051862dc8b28241ef0bfb85c201960de2baaa07b2e34fed7065
2018-05-28 13:36:05,717 RCV reinforcement info
2018-05-28 13:36:06,097 RCV reinforcement info
2018-05-28 13:36:06,579 RCV reinforcement info
2018-05-28 13:36:08,658 RCV reinforcement info
2018-05-28 13:36:09,724 RCV reinforcement info
2018-05-28 13:36:09,970 RCV reinforcement info
2018-05-28 13:36:10,125 RCV proposal
2018-05-28 13:36:10,128 appended malicious propose 9365ac6315 on top of 56aa34aedc
2018-05-28 13:36:10,128 REINFORCEMENT SENT state
2018-05-28 13:36:10,190 RCV reinforcement
2018-05-28 13:36:10,602 RCV reinforcement info
2018-05-28 13:36:11,658 RCV commit
2018-05-28 13:36:11,672 appended malicious commit 3bc8dcf999 on top of 9365ac6315
2018-05-28 13:36:11,680 Weight: 11.284615046151698 #RFs 4
2018-05-28 13:36:11,680 weight: 11.284615046151698
2018-05-28 13:36:11,680 , 11.284615046151698
2018-05-28 13:36:11,680 MALICIOUS MINING state
2018-05-28 13:36:11,681 start mining - depth 3
2018-05-28 13:36:11,681 start mining - hash 3bc8dcf99950d9b1221c13f82220e1c83d7e75a33fc8fda014b3a212cafe27ef
2018-05-28 13:36:11,682 Hashing frequency: 3434
2018-05-28 13:36:14,913 RF found but not transmitted
2018-05-28 13:36:16,962 RF found but not transmitted
2018-05-28 13:36:17,152 RCV reinforcement info
2018-05-28 13:36:23,095 RF found but not transmitted
2018-05-28 13:36:24,711 RCV reinforcement info
2018-05-28 13:36:28,604 RF found but not transmitted
2018-05-28 13:36:29,021 RCV reinforcement info
2018-05-28 13:36:29,631 RF found but not transmitted
2018-05-28 13:36:30,822 RCV reinforcement info
2018-05-28 13:36:30,893 RCV reinforcement info
2018-05-28 13:36:31,183 RCV reinforcement info
2018-05-28 13:36:35,006 RCV reinforcement info
2018-05-28 13:36:35,996 RCV reinforcement info
2018-05-28 13:36:36,031 RCV reinforcement info
2018-05-28 13:36:37,108 RCV reinforcement info
2018-05-28 13:36:39,491 RCV reinforcement info
2018-05-28 13:36:39,757 RCV reinforcement info
2018-05-28 13:36:41,312 RCV proposal
2018-05-28 13:36:41,315 appended honest propose 4dbeffd7d0 on top of 9884dbcfe0
2018-05-28 13:36:41,414 RCV reinforcement
2018-05-28 13:36:41,418 RCV reinforcement
2018-05-28 13:36:41,422 RCV reinforcement
2018-05-28 13:36:42,894 RCV commit
2018-05-28 13:36:42,980 appended honest commit e2f83256af on top of 4dbeffd7d0
2018-05-28 13:36:43,008 RF found but not transmitted
2018-05-28 13:36:43,066 Weight: 15.596925474232858 #RFs 27
2018-05-28 13:36:43,068 weight: 15.596925474232858
2018-05-28 13:36:43,069 , 15.596925474232858
2018-05-28 13:36:43,762 RCV reinforcement info
2018-05-28 13:36:43,797 RCV reinforcement info
2018-05-28 13:36:44,120 RCV reinforcement info
2018-05-28 13:36:44,905 RCV reinforcement info
2018-05-28 13:36:45,613 RCV reinforcement info
2018-05-28 13:36:47,463 RCV reinforcement info
2018-05-28 13:36:47,542 RCV proposal
2018-05-28 13:36:47,544 appended malicious propose 1c5a96016f on top of 3bc8dcf999
2018-05-28 13:36:47,544 REINFORCEMENT SENT state
2018-05-28 13:36:47,545 SNT reinforcement
2018-05-28 13:36:47,610 RCV reinforcement
2018-05-28 13:36:47,903 RCV reinforcement
2018-05-28 13:36:48,017 RCV reinforcement info
2018-05-28 13:36:49,103 RCV commit
2018-05-28 13:36:49,183 appended malicious commit 029a9683e9 on top of 1c5a96016f
2018-05-28 13:36:49,235 Weight: 16.626765257703028 #RFs 20
2018-05-28 13:36:49,235 weight: 16.626765257703028
2018-05-28 13:36:49,235 , 16.626765257703028
2018-05-28 13:36:49,236 MALICIOUS MINING state
2018-05-28 13:36:49,236 start mining - depth 4
2018-05-28 13:36:49,237 start mining - hash 029a9683e9d55eed8fd6da032d9bcf2e85a43262be5c24c6799ab2e4199c26b5
2018-05-28 13:36:49,318 RCV reinforcement info
2018-05-28 13:36:49,600 RCV reinforcement info
2018-05-28 13:36:51,278 RCV reinforcement info
2018-05-28 13:36:52,228 RCV reinforcement info
2018-05-28 13:36:53,127 RCV reinforcement info
2018-05-28 13:36:54,824 RCV reinforcement info
2018-05-28 13:36:54,918 RF found but not transmitted
2018-05-28 13:36:54,930 RCV proposal
2018-05-28 13:36:54,933 appended honest propose 2521119dfe on top of e2f83256af
2018-05-28 13:36:55,016 RCV reinforcement
2018-05-28 13:36:55,028 RCV reinforcement
2018-05-28 13:36:55,041 RCV reinforcement
2018-05-28 13:36:55,346 RF found but not transmitted
2018-05-28 13:36:56,482 RCV commit
2018-05-28 13:36:56,537 appended honest commit f28797181b on top of 2521119dfe
2018-05-28 13:36:56,573 Weight: 19.50976557975583 #RFs 13
2018-05-28 13:36:56,573 weight: 19.50976557975583
2018-05-28 13:36:56,573 , 19.50976557975583
2018-05-28 13:36:57,071 RCV reinforcement info
2018-05-28 13:36:57,521 RCV reinforcement info
2018-05-28 13:36:57,613 RCV reinforcement info
2018-05-28 13:37:00,476 RCV reinforcement info
2018-05-28 13:37:02,529 RCV reinforcement info
2018-05-28 13:37:02,566 RCV reinforcement info
2018-05-28 13:37:04,603 RF found but not transmitted
2018-05-28 13:37:05,852 RCV reinforcement info
2018-05-28 13:37:05,933 RF found but not transmitted
2018-05-28 13:37:07,541 RCV proposal
2018-05-28 13:37:07,545 appended malicious propose 412672d2a6 on top of 029a9683e9
2018-05-28 13:37:07,546 REINFORCEMENT SENT state
2018-05-28 13:37:07,546 SNT reinforcement
2018-05-28 13:37:07,619 RCV reinforcement
2018-05-28 13:37:08,355 RF found but not transmitted
2018-05-28 13:37:08,358 SNT reinforcement
2018-05-28 13:37:08,422 RCV reinforcement info
2018-05-28 13:37:08,444 RF found but not transmitted
2018-05-28 13:37:08,446 SNT reinforcement
2018-05-28 13:37:08,537 RCV reinforcement info
2018-05-28 13:37:08,729 RCV reinforcement info
2018-05-28 13:37:08,769 RCV reinforcement info
2018-05-28 13:37:09,095 RCV commit
2018-05-28 13:37:09,141 appended malicious commit 6089db76c9 on top of 412672d2a6
2018-05-28 13:37:09,198 Weight: 21.50708494604491 #RFs 16
2018-05-28 13:37:09,199 weight: 21.50708494604491
2018-05-28 13:37:09,199 , 21.50708494604491
2018-05-28 13:37:09,199 MALICIOUS MINING state
2018-05-28 13:37:09,200 start mining - depth 5
2018-05-28 13:37:09,202 start mining - hash 6089db76c92e42342613ea51f78f67e8eca179f4b2b0c38442f7b05df655c75d
2018-05-28 13:37:09,308 RCV reinforcement info
2018-05-28 13:37:10,388 RF found but not transmitted
2018-05-28 13:37:11,230 RCV reinforcement info
2018-05-28 13:37:12,904 RCV reinforcement info
2018-05-28 13:37:15,184 RF found but not transmitted
2018-05-28 13:37:15,445 RCV reinforcement info
2018-05-28 13:37:16,609 RF found but not transmitted
2018-05-28 13:37:19,562 RCV reinforcement info
2018-05-28 13:37:22,015 RCV reinforcement info
2018-05-28 13:37:23,077 RCV reinforcement info
2018-05-28 13:37:23,129 RCV reinforcement info
2018-05-28 13:37:24,057 RF found but not transmitted
2018-05-28 13:37:25,223 RCV reinforcement info
2018-05-28 13:37:26,001 RCV reinforcement info
2018-05-28 13:37:26,453 RCV reinforcement info
2018-05-28 13:37:28,112 RCV reinforcement info
2018-05-28 13:37:30,172 RCV proposal
2018-05-28 13:37:30,175 appended honest propose 16fd9ecf09 on top of f28797181b
2018-05-28 13:37:30,243 RCV reinforcement
2018-05-28 13:37:30,254 RCV reinforcement
2018-05-28 13:37:30,272 RCV reinforcement
2018-05-28 13:37:31,762 RCV commit
2018-05-28 13:37:31,843 appended honest commit 47530806fd on top of 16fd9ecf09
2018-05-28 13:37:31,927 Weight: 24.786510385904357 #RFs 23
2018-05-28 13:37:31,928 weight: 24.786510385904357
2018-05-28 13:37:31,928 , 24.786510385904357
2018-05-28 13:37:32,654 RCV reinforcement info
2018-05-28 13:37:32,893 RCV reinforcement info
2018-05-28 13:37:34,550 RCV reinforcement info
2018-05-28 13:37:35,295 RCV reinforcement info
2018-05-28 13:37:35,798 RCV reinforcement info
2018-05-28 13:37:36,401 RF found but not transmitted
2018-05-28 13:37:38,747 RCV proposal
2018-05-28 13:37:38,749 appended honest propose 8cb423dc8d on top of 47530806fd
2018-05-28 13:37:38,810 RCV reinforcement
2018-05-28 13:37:38,825 RCV reinforcement
2018-05-28 13:37:39,953 RCV reinforcement info
2018-05-28 13:37:40,022 RCV reinforcement
2018-05-28 13:37:40,090 RCV reinforcement info
2018-05-28 13:37:40,148 RCV reinforcement
2018-05-28 13:37:40,300 RCV reinforcement info
2018-05-28 13:37:40,323 RCV commit
2018-05-28 13:37:40,345 appended honest commit 52f2497d2c on top of 8cb423dc8d
2018-05-28 13:37:40,362 Weight: 26.992605661338157 #RFs 6
2018-05-28 13:37:40,363 weight: 26.992605661338157
2018-05-28 13:37:40,364 , 26.992605661338157
2018-05-28 13:37:40,425 RCV reinforcement
2018-05-28 13:37:40,452 RCV reinforcement info
2018-05-28 13:37:42,451 RF found but not transmitted
2018-05-28 13:37:42,891 RCV reinforcement info
2018-05-28 13:37:44,072 RCV reinforcement info
2018-05-28 13:37:44,517 RCV reinforcement info
2018-05-28 13:37:44,571 RCV reinforcement info
2018-05-28 13:37:45,180 RCV reinforcement info
2018-05-28 13:37:45,690 RF found but not transmitted
2018-05-28 13:37:46,213 RCV reinforcement info
2018-05-28 13:37:49,003 RCV proposal
2018-05-28 13:37:49,006 appended malicious propose 37820740cc on top of 6089db76c9
2018-05-28 13:37:49,007 REINFORCEMENT SENT state
2018-05-28 13:37:49,008 SNT reinforcement
2018-05-28 13:37:49,089 RCV reinforcement
2018-05-28 13:37:49,506 RCV reinforcement info
2018-05-28 13:37:50,594 RCV commit
2018-05-28 13:37:50,698 appended malicious commit a0821645d0 on top of 37820740cc
2018-05-28 13:37:50,798 Weight: 28.06790811359855 #RFs 23
2018-05-28 13:37:50,799 weight: 28.06790811359855
2018-05-28 13:37:50,799 , 28.06790811359855
2018-05-28 13:37:50,799 MALICIOUS MINING state
2018-05-28 13:37:50,800 start mining - depth 6
2018-05-28 13:37:50,800 start mining - hash a0821645d0b0daf670974e46f602749d1ca85a3da18793d8377918984995ee38
2018-05-28 13:37:50,802 Hashing frequency: 5318
2018-05-28 13:37:50,879 RCV reinforcement info
2018-05-28 13:37:51,974 RCV reinforcement info
2018-05-28 13:37:52,434 RCV reinforcement info
2018-05-28 13:37:53,536 RCV reinforcement info
2018-05-28 13:37:54,538 RCV reinforcement info
2018-05-28 13:37:57,064 RCV reinforcement info
2018-05-28 13:37:57,267 RCV reinforcement info
2018-05-28 13:37:57,668 RCV reinforcement info
2018-05-28 13:37:58,896 RCV reinforcement info
2018-05-28 13:38:01,334 RCV reinforcement info
2018-05-28 13:38:02,964 RCV proposal
2018-05-28 13:38:02,970 appended honest propose 4712ca2e97 on top of 52f2497d2c
2018-05-28 13:38:03,058 RCV reinforcement
2018-05-28 13:38:03,062 RCV reinforcement
2018-05-28 13:38:03,086 RCV reinforcement
2018-05-28 13:38:04,573 RCV commit
2018-05-28 13:38:04,691 appended honest commit d8592aacfc on top of 4712ca2e97
2018-05-28 13:38:04,759 Weight: 30.203838072880483 #RFs 18
2018-05-28 13:38:04,760 weight: 30.203838072880483
2018-05-28 13:38:04,761 , 30.203838072880483
2018-05-28 13:38:04,874 RF found but not transmitted
2018-05-28 13:38:05,160 RCV reinforcement info
2018-05-28 13:38:05,706 RCV reinforcement info
2018-05-28 13:38:07,118 RCV reinforcement info
2018-05-28 13:38:07,597 RCV reinforcement info
2018-05-28 13:38:08,192 RCV reinforcement info
2018-05-28 13:38:08,347 RCV reinforcement info
2018-05-28 13:38:09,494 RCV reinforcement info
2018-05-28 13:38:11,980 RCV reinforcement info
2018-05-28 13:38:12,758 RCV reinforcement info
2018-05-28 13:38:13,353 RCV reinforcement info
2018-05-28 13:38:13,640 RCV reinforcement info
2018-05-28 13:38:15,115 RCV reinforcement info
2018-05-28 13:38:16,815 RCV reinforcement info
2018-05-28 13:38:19,386 RCV proposal
2018-05-28 13:38:19,390 appended honest propose 2211ac3f50 on top of d8592aacfc
2018-05-28 13:38:19,473 RCV reinforcement
2018-05-28 13:38:19,484 RCV reinforcement
2018-05-28 13:38:19,496 RCV reinforcement
2018-05-28 13:38:20,352 RCV reinforcement info
2018-05-28 13:38:20,422 RCV reinforcement
2018-05-28 13:38:20,935 RCV commit
2018-05-28 13:38:20,991 appended honest commit 0f774522b6 on top of 2211ac3f50
2018-05-28 13:38:21,046 Weight: 34.42914998148055 #RFs 14
2018-05-28 13:38:21,046 weight: 34.42914998148055
2018-05-28 13:38:21,046 , 34.42914998148055
2018-05-28 13:38:21,436 RCV reinforcement info
2018-05-28 13:38:21,446 RF found but not transmitted
2018-05-28 13:38:24,076 RCV reinforcement info
2018-05-28 13:38:24,103 RCV reinforcement info
2018-05-28 13:38:24,619 RCV reinforcement info
2018-05-28 13:38:24,740 RCV reinforcement info
2018-05-28 13:38:25,315 RCV reinforcement info
2018-05-28 13:38:25,460 RCV reinforcement info
2018-05-28 13:38:26,346 RCV reinforcement info
2018-05-28 13:38:26,590 RCV reinforcement info
2018-05-28 13:38:28,400 RCV reinforcement info
2018-05-28 13:38:30,276 RCV reinforcement info
2018-05-28 13:38:30,537 RCV proposal
2018-05-28 13:38:30,540 appended honest propose c98e23e6e9 on top of 0f774522b6
2018-05-28 13:38:30,667 RCV reinforcement
2018-05-28 13:38:30,674 RCV reinforcement
2018-05-28 13:38:30,725 RCV reinforcement
2018-05-28 13:38:30,896 RCV reinforcement info
2018-05-28 13:38:30,955 RCV proposal
2018-05-28 13:38:30,959 appended malicious propose b0283a301f on top of a0821645d0
2018-05-28 13:38:30,959 REINFORCEMENT SENT state
2018-05-28 13:38:30,960 SNT reinforcement
2018-05-28 13:38:31,089 RCV reinforcement
2018-05-28 13:38:31,136 RCV reinforcement
2018-05-28 13:38:31,315 RCV reinforcement info
2018-05-28 13:38:31,406 RCV reinforcement
2018-05-28 13:38:31,574 RF found but not transmitted
2018-05-28 13:38:31,576 SNT reinforcement
2018-05-28 13:38:31,648 RCV reinforcement
2018-05-28 13:38:32,091 RCV commit
2018-05-28 13:38:32,135 appended honest commit 7befbe18ad on top of c98e23e6e9
2018-05-28 13:38:32,168 Weight: 37.04382715111841 #RFs 12
2018-05-28 13:38:32,169 weight: 37.04382715111841
2018-05-28 13:38:32,169 , 37.04382715111841
2018-05-28 13:38:32,206 RF found but not transmitted
2018-05-28 13:38:32,209 SNT reinforcement
2018-05-28 13:38:32,381 RCV commit
2018-05-28 13:38:32,455 appended malicious commit fc768f3b82 on top of b0283a301f
2018-05-28 13:38:32,525 Weight: 34.45477875615779 #RFs 21
2018-05-28 13:38:32,525 weight: 34.45477875615779
2018-05-28 13:38:32,525 , 34.45477875615779
2018-05-28 13:38:32,555 MALICIOUS MINING state
2018-05-28 13:38:32,557 start mining - depth 7
2018-05-28 13:38:32,557 start mining - hash fc768f3b829024a6c1daa4450f2ca6c0c389bdef10a3562c4fc85088020ca156
2018-05-28 13:38:33,315 RCV reinforcement info
2018-05-28 13:38:33,387 RCV reinforcement info
2018-05-28 13:38:34,419 RCV reinforcement info
2018-05-28 13:38:36,871 RCV reinforcement info
2018-05-28 13:38:37,642 RF found but not transmitted
2018-05-28 13:38:37,717 RF found but not transmitted
2018-05-28 13:38:39,888 RF found but not transmitted
2018-05-28 13:38:39,952 RCV reinforcement info
2018-05-28 13:38:40,378 RCV reinforcement info
2018-05-28 13:38:40,442 RCV reinforcement info
2018-05-28 13:38:44,234 RCV reinforcement info
2018-05-28 13:38:45,007 RCV reinforcement info
2018-05-28 13:38:45,268 RCV reinforcement info
2018-05-28 13:38:45,677 RCV proposal
2018-05-28 13:38:45,680 appended honest propose a4b2c3d380 on top of 7befbe18ad
2018-05-28 13:38:45,785 RCV reinforcement
2018-05-28 13:38:45,806 RCV reinforcement
2018-05-28 13:38:45,818 RCV reinforcement
2018-05-28 13:38:45,884 RCV reinforcement info
2018-05-28 13:38:45,970 RCV reinforcement
2018-05-28 13:38:46,774 RCV reinforcement info
2018-05-28 13:38:46,825 RCV reinforcement
2018-05-28 13:38:47,200 RCV commit
2018-05-28 13:38:47,266 appended honest commit c62a901d8b on top of a4b2c3d380
2018-05-28 13:38:47,297 Weight: 39.39732454650309 #RFs 11
2018-05-28 13:38:47,298 weight: 39.39732454650309
2018-05-28 13:38:47,298 , 39.39732454650309
2018-05-28 13:38:47,488 RCV reinforcement info
2018-05-28 13:38:47,565 RCV reinforcement info
2018-05-28 13:38:48,003 RCV reinforcement info
2018-05-28 13:38:48,688 RCV reinforcement info
2018-05-28 13:38:49,414 RCV reinforcement info
2018-05-28 13:38:49,587 RCV proposal
2018-05-28 13:38:49,589 appended honest propose 1239f73909 on top of c62a901d8b
2018-05-28 13:38:49,704 RCV reinforcement
2018-05-28 13:38:49,715 RCV reinforcement
2018-05-28 13:38:49,753 RCV reinforcement
2018-05-28 13:38:49,758 RF found but not transmitted
2018-05-28 13:38:50,857 RF found but not transmitted
2018-05-28 13:38:51,119 RCV commit
2018-05-28 13:38:51,156 appended honest commit 89d129ecbb on top of 1239f73909
2018-05-28 13:38:51,184 Weight: 41.075475291753584 #RFs 5
2018-05-28 13:38:51,184 weight: 41.075475291753584
2018-05-28 13:38:51,184 , 41.075475291753584
2018-05-28 13:38:51,727 RCV reinforcement info
2018-05-28 13:38:51,801 RCV reinforcement info
2018-05-28 13:38:52,546 RCV reinforcement info
2018-05-28 13:38:53,525 RCV reinforcement info
2018-05-28 13:38:53,970 RCV reinforcement info
2018-05-28 13:38:54,106 RF found but not transmitted
2018-05-28 13:38:56,267 RCV reinforcement info
2018-05-28 13:38:56,795 RCV reinforcement info
2018-05-28 13:38:57,604 RCV reinforcement info
2018-05-28 13:38:58,166 RCV reinforcement info
2018-05-28 13:38:59,108 RCV reinforcement info
2018-05-28 13:38:59,791 RCV reinforcement info
2018-05-28 13:38:59,981 RCV reinforcement info
2018-05-28 13:39:00,171 RCV reinforcement info
2018-05-28 13:39:00,574 RCV reinforcement info
2018-05-28 13:39:00,751 RCV reinforcement info
2018-05-28 13:39:01,453 RCV proposal
2018-05-28 13:39:01,456 appended honest propose 78eb038816 on top of 89d129ecbb
2018-05-28 13:39:01,542 RCV reinforcement
2018-05-28 13:39:01,556 RCV reinforcement
2018-05-28 13:39:01,560 RCV reinforcement
2018-05-28 13:39:03,033 RCV commit
2018-05-28 13:39:03,075 appended honest commit 2d6b83bf2f on top of 78eb038816
2018-05-28 13:39:03,134 Weight: 44.55623916028557 #RFs 15
2018-05-28 13:39:03,134 weight: 44.55623916028557
2018-05-28 13:39:03,134 , 44.55623916028557
2018-05-28 13:39:04,412 RCV reinforcement info
2018-05-28 13:39:04,881 RCV reinforcement info
2018-05-28 13:39:06,628 RF found but not transmitted
2018-05-28 13:39:06,629 hash found
2018-05-28 13:39:06,634 appended malicious propose 0ec9fc8ad7 on top of fc768f3b82
2018-05-28 13:39:06,634 REINFORCEMENT COLLECTING state
2018-05-28 13:39:06,706 SNT proposal
2018-05-28 13:39:06,936 RCV reinforcement
2018-05-28 13:39:07,000 RCV reinforcement
2018-05-28 13:39:07,141 RCV reinforcement
2018-05-28 13:39:07,790 RCV reinforcement info
2018-05-28 13:39:08,201 RF found but not transmitted
2018-05-28 13:39:08,205 SNT reinforcement
2018-05-28 13:39:08,275 commit with 3 reinforcements
2018-05-28 13:39:08,337 appended malicious commit e251a6d424 on top of 0ec9fc8ad7
2018-05-28 13:39:08,423 Weight: 38.63384179129653 #RFs 19
2018-05-28 13:39:08,423 weight: 38.63384179129653
2018-05-28 13:39:08,425 , 38.63384179129653
2018-05-28 13:39:08,426 MALICIOUS MINING state
2018-05-28 13:39:08,428 start mining - depth 8
2018-05-28 13:39:08,429 start mining - hash e251a6d424d69e3c478ca692a449c25a04784da62f2d686efc1977dd05b25b36
2018-05-28 13:39:08,430 Hashing frequency: 4209
2018-05-28 13:39:08,431 SNT commit
2018-05-28 13:39:13,697 RCV reinforcement info
2018-05-28 13:39:14,134 RCV reinforcement info
2018-05-28 13:39:16,488 RCV reinforcement info
2018-05-28 13:39:16,922 RCV reinforcement info
2018-05-28 13:39:16,970 RF found but not transmitted
2018-05-28 13:39:17,651 RF found but not transmitted
2018-05-28 13:39:17,816 RCV reinforcement info
2018-05-28 13:39:18,398 RCV proposal
2018-05-28 13:39:18,401 appended honest propose 8c752969a6 on top of 2d6b83bf2f
2018-05-28 13:39:18,493 RCV reinforcement
2018-05-28 13:39:18,500 RCV reinforcement
2018-05-28 13:39:18,523 RCV reinforcement
2018-05-28 13:39:19,168 RCV reinforcement info
2018-05-28 13:39:19,230 RCV reinforcement
2018-05-28 13:39:19,652 RCV reinforcement info
2018-05-28 13:39:19,774 RCV reinforcement
2018-05-28 13:39:19,972 RCV commit
2018-05-28 13:39:20,008 appended honest commit 80cd641b64 on top of 8c752969a6
2018-05-28 13:39:20,041 Weight: 48.285622131737384 #RFs 10
2018-05-28 13:39:20,042 weight: 48.285622131737384
2018-05-28 13:39:20,042 , 48.285622131737384
2018-05-28 13:39:22,762 RF found but not transmitted
2018-05-28 13:39:22,973 RCV reinforcement info
2018-05-28 13:39:23,314 RCV reinforcement info
2018-05-28 13:39:23,471 RCV reinforcement info
2018-05-28 13:39:25,526 RF found but not transmitted
2018-05-28 13:39:25,894 RCV reinforcement info
2018-05-28 13:39:26,006 RCV reinforcement info
2018-05-28 13:39:28,448 RCV reinforcement info
2018-05-28 13:39:29,857 RCV reinforcement info
2018-05-28 13:39:30,298 RF found but not transmitted
2018-05-28 13:39:30,431 RF found but not transmitted
2018-05-28 13:39:30,703 RCV reinforcement info
2018-05-28 13:39:30,913 RF found but not transmitted
2018-05-28 13:39:33,450 RCV reinforcement info
2018-05-28 13:39:33,777 RCV reinforcement info
2018-05-28 13:39:34,172 RCV reinforcement info
2018-05-28 13:39:34,278 RCV reinforcement info
2018-05-28 13:39:34,310 RCV proposal
2018-05-28 13:39:34,313 appended honest propose 15f8d5ece2 on top of 80cd641b64
2018-05-28 13:39:34,538 RCV reinforcement
2018-05-28 13:39:34,574 RCV reinforcement
2018-05-28 13:39:34,599 RCV reinforcement
2018-05-28 13:39:35,892 RCV commit
2018-05-28 13:39:35,962 appended honest commit 92a9e43b7c on top of 15f8d5ece2
2018-05-28 13:39:36,063 Weight: 52.44293965795458 #RFs 12
2018-05-28 13:39:36,064 weight: 52.44293965795458
2018-05-28 13:39:36,064 , 52.44293965795458
2018-05-28 13:39:37,565 RF found but not transmitted
2018-05-28 13:39:37,566 hash found
2018-05-28 13:39:37,571 appended malicious propose 810db8a1c2 on top of e251a6d424
2018-05-28 13:39:37,571 REINFORCEMENT COLLECTING state
2018-05-28 13:39:37,675 SNT proposal
2018-05-28 13:39:37,970 RCV reinforcement
2018-05-28 13:39:38,002 RCV reinforcement
2018-05-28 13:39:38,108 RF found but not transmitted
2018-05-28 13:39:38,111 SNT reinforcement
2018-05-28 13:39:39,179 commit with 3 reinforcements
2018-05-28 13:39:39,211 appended malicious commit da9fc07bca on top of 810db8a1c2
2018-05-28 13:39:39,247 Weight: 42.89051282941907 #RFs 17
2018-05-28 13:39:39,247 weight: 42.89051282941907
2018-05-28 13:39:39,248 , 42.89051282941907
2018-05-28 13:39:39,250 MALICIOUS MINING state
2018-05-28 13:39:39,251 start mining - depth 9
2018-05-28 13:39:39,251 start mining - hash da9fc07bcabaae0a748f07cf2e08b13f62da5450587d914c40c0b3a432e06725
2018-05-28 13:39:39,253 SNT commit
2018-05-28 13:39:39,676 RCV proposal
2018-05-28 13:39:39,681 appended honest propose 4cf48a3e87 on top of 92a9e43b7c
2018-05-28 13:39:39,767 RF found but not transmitted
2018-05-28 13:39:40,552 RCV reinforcement info
2018-05-28 13:39:40,632 RCV reinforcement
2018-05-28 13:39:41,164 RCV commit
2018-05-28 13:39:41,167 appended honest commit eae3ea6beb on top of 4cf48a3e87
2018-05-28 13:39:41,170 Weight: 53.72061643515584 #RFs 1
2018-05-28 13:39:41,170 weight: 53.72061643515584
2018-05-28 13:39:41,170 , 53.72061643515584
2018-05-28 13:39:43,246 RCV reinforcement info
2018-05-28 13:39:43,281 RCV reinforcement info
2018-05-28 13:39:43,373 RF found but not transmitted
2018-05-28 13:39:43,800 RCV reinforcement info
2018-05-28 13:39:44,556 RCV reinforcement info
2018-05-28 13:39:45,041 RF found but not transmitted
2018-05-28 13:39:45,741 RF found but not transmitted
2018-05-28 13:39:46,881 RF found but not transmitted
2018-05-28 13:39:46,912 RCV reinforcement info
2018-05-28 13:39:47,757 RCV reinforcement info
2018-05-28 13:39:48,064 RCV reinforcement info
2018-05-28 13:39:48,434 RF found but not transmitted
2018-05-28 13:39:51,253 RCV reinforcement info
2018-05-28 13:39:52,763 RF found but not transmitted
2018-05-28 13:39:53,803 RF found but not transmitted
2018-05-28 13:39:54,936 RF found but not transmitted
2018-05-28 13:39:55,745 RF found but not transmitted
2018-05-28 13:39:55,778 RCV reinforcement info
2018-05-28 13:39:56,313 RCV reinforcement info
2018-05-28 13:39:56,468 RCV reinforcement info
2018-05-28 13:39:56,622 RF found but not transmitted
2018-05-28 13:39:57,348 RF found but not transmitted
2018-05-28 13:39:57,429 RF found but not transmitted
2018-05-28 13:39:57,453 RCV proposal
2018-05-28 13:39:57,458 appended honest propose d44b21e650 on top of eae3ea6beb
2018-05-28 13:39:57,552 RCV reinforcement
2018-05-28 13:39:57,584 RCV reinforcement
2018-05-28 13:39:57,601 RCV reinforcement
2018-05-28 13:39:58,479 RCV reinforcement info
2018-05-28 13:39:58,538 RCV reinforcement
2018-05-28 13:39:58,762 RF found but not transmitted
2018-05-28 13:39:59,022 RCV commit
2018-05-28 13:39:59,089 appended honest commit 3e2fc7a838 on top of d44b21e650
2018-05-28 13:39:59,138 Weight: 56.45071379989475 #RFs 11
2018-05-28 13:39:59,138 weight: 56.45071379989475
2018-05-28 13:39:59,138 , 56.45071379989475
2018-05-28 13:39:59,144 RCV reinforcement info
2018-05-28 13:39:59,190 RCV reinforcement
2018-05-28 13:40:01,179 RCV reinforcement info
2018-05-28 13:40:01,711 RF found but not transmitted
2018-05-28 13:40:01,908 RF found but not transmitted
2018-05-28 13:40:02,188 RCV reinforcement info
2018-05-28 13:40:03,036 RCV reinforcement info
2018-05-28 13:40:03,524 RF found but not transmitted
2018-05-28 13:40:03,610 RCV reinforcement info
2018-05-28 13:40:04,454 RCV reinforcement info
2018-05-28 13:40:05,473 RCV reinforcement info
2018-05-28 13:40:05,688 RCV reinforcement info
2018-05-28 13:40:06,206 RCV reinforcement info
2018-05-28 13:40:08,281 RF found but not transmitted
2018-05-28 13:40:08,979 RCV reinforcement info
2018-05-28 13:40:09,309 RCV reinforcement info
2018-05-28 13:40:09,537 RCV reinforcement info
2018-05-28 13:40:10,138 RF found but not transmitted
2018-05-28 13:40:11,921 RCV reinforcement info
2018-05-28 13:40:12,371 RCV reinforcement info
2018-05-28 13:40:12,872 RF found but not transmitted
2018-05-28 13:40:13,226 RF found but not transmitted
2018-05-28 13:40:13,434 RCV reinforcement info
2018-05-28 13:40:13,585 RF found but not transmitted
2018-05-28 13:40:14,909 RCV reinforcement info
2018-05-28 13:40:15,242 RF found but not transmitted
2018-05-28 13:40:15,298 RF found but not transmitted
2018-05-28 13:40:15,340 RCV reinforcement info
2018-05-28 13:40:15,823 RCV reinforcement info
2018-05-28 13:40:16,269 RCV reinforcement info
2018-05-28 13:40:16,906 RCV reinforcement info
2018-05-28 13:40:17,030 RF found but not transmitted
2018-05-28 13:40:17,111 RF found but not transmitted
2018-05-28 13:40:17,529 RCV reinforcement info
2018-05-28 13:40:17,723 RF found but not transmitted
2018-05-28 13:40:17,841 RCV reinforcement info
2018-05-28 13:40:18,019 RCV reinforcement info
2018-05-28 13:40:18,218 RCV reinforcement info
2018-05-28 13:40:18,632 RF found but not transmitted
2018-05-28 13:40:18,853 RF found but not transmitted
2018-05-28 13:40:19,235 RCV proposal
2018-05-28 13:40:19,238 appended honest propose 2cc134efd1 on top of 3e2fc7a838
2018-05-28 13:40:19,344 RCV reinforcement
2018-05-28 13:40:19,358 RCV reinforcement
2018-05-28 13:40:19,371 RCV reinforcement
2018-05-28 13:40:19,464 RCV reinforcement info
2018-05-28 13:40:19,539 RCV reinforcement
2018-05-28 13:40:19,888 RF found but not transmitted
2018-05-28 13:40:20,442 RF found but not transmitted
2018-05-28 13:40:20,843 RCV commit
2018-05-28 13:40:20,956 appended honest commit bdeac624ea on top of 2cc134efd1
2018-05-28 13:40:21,038 Weight: 62.35133899951133 #RFs 24
2018-05-28 13:40:21,038 weight: 62.35133899951133
2018-05-28 13:40:21,039 , 62.35133899951133
2018-05-28 13:40:22,635 RCV reinforcement info
2018-05-28 13:40:24,107 RCV reinforcement info
2018-05-28 13:40:26,737 RCV reinforcement info
2018-05-28 13:40:28,946 RCV reinforcement info
2018-05-28 13:40:30,087 RCV reinforcement info
2018-05-28 13:40:30,822 RCV reinforcement info
2018-05-28 13:40:32,648 RCV reinforcement info
2018-05-28 13:40:32,986 RF found but not transmitted
2018-05-28 13:40:34,233 RCV reinforcement info
2018-05-28 13:40:34,995 RF found but not transmitted
2018-05-28 13:40:36,122 RF found but not transmitted
2018-05-28 13:40:36,653 RCV reinforcement info
2018-05-28 13:40:37,307 RCV proposal
2018-05-28 13:40:37,311 appended malicious propose a6058923a9 on top of da9fc07bca
2018-05-28 13:40:37,312 REINFORCEMENT SENT state
2018-05-28 13:40:37,313 SNT reinforcement
2018-05-28 13:40:37,509 RF found but not transmitted
2018-05-28 13:40:37,534 RCV reinforcement
2018-05-28 13:40:37,657 RCV proposal
2018-05-28 13:40:37,663 appended honest propose c9ace932c9 on top of bdeac624ea
2018-05-28 13:40:37,777 RCV reinforcement
2018-05-28 13:40:37,822 RCV reinforcement
2018-05-28 13:40:37,833 RCV reinforcement
2018-05-28 13:40:37,840 RCV reinforcement
2018-05-28 13:40:38,679 RCV reinforcement info
2018-05-28 13:40:38,767 RCV reinforcement
2018-05-28 13:40:38,951 RCV commit
2018-05-28 13:40:39,139 appended malicious commit 117a18b5c8 on top of a6058923a9
2018-05-28 13:40:39,323 Weight: 50.66327296066383 #RFs 36
2018-05-28 13:40:39,323 weight: 50.66327296066383
2018-05-28 13:40:39,323 , 50.66327296066383
2018-05-28 13:40:39,326 MALICIOUS MINING state
2018-05-28 13:40:39,327 start mining - depth 10
2018-05-28 13:40:39,328 start mining - hash 117a18b5c8e9731b4c7cf19af745f6d489a32aa3af8d0b0f456f99bf0390aec3
2018-05-28 13:40:39,329 Hashing frequency: 13020
2018-05-28 13:40:39,505 RCV reinforcement info
2018-05-28 13:40:39,560 RCV commit
2018-05-28 13:40:39,585 RF found but not transmitted
2018-05-28 13:40:39,628 appended honest commit 65aa5018f6 on top of c9ace932c9
2018-05-28 13:40:39,672 Weight: 64.55544033912113 #RFs 10
2018-05-28 13:40:39,672 weight: 64.55544033912113
2018-05-28 13:40:39,673 , 64.55544033912113
2018-05-28 13:40:39,740 RCV reinforcement
2018-05-28 13:40:40,031 RF found but not transmitted
2018-05-28 13:40:40,227 RCV reinforcement info
2018-05-28 13:40:41,027 RCV proposal
2018-05-28 13:40:41,030 appended honest propose 7813fd8744 on top of 65aa5018f6
2018-05-28 13:40:41,109 RF found but not transmitted
2018-05-28 13:40:41,127 RCV reinforcement
2018-05-28 13:40:41,223 RCV reinforcement info
2018-05-28 13:40:41,317 RCV reinforcement
2018-05-28 13:40:41,508 RCV reinforcement info
2018-05-28 13:40:41,590 RCV reinforcement
2018-05-28 13:40:42,570 RCV commit
2018-05-28 13:40:42,578 appended honest commit 6fd7a6638d on top of 7813fd8744
2018-05-28 13:40:42,589 Weight: 66.07444003732085 #RFs 3
2018-05-28 13:40:42,589 weight: 66.07444003732085
2018-05-28 13:40:42,589 , 66.07444003732085
2018-05-28 13:40:42,622 RF found but not transmitted
2018-05-28 13:40:42,683 RF found but not transmitted
2018-05-28 13:40:43,309 RCV proposal
2018-05-28 13:40:43,312 appended honest propose 71e9ca7ab9 on top of 6fd7a6638d
2018-05-28 13:40:43,630 RF found but not transmitted
2018-05-28 13:40:43,734 RCV reinforcement info
2018-05-28 13:40:43,747 RF found but not transmitted
2018-05-28 13:40:43,807 RCV reinforcement
2018-05-28 13:40:43,948 RCV reinforcement info
2018-05-28 13:40:44,036 RCV reinforcement
2018-05-28 13:40:44,556 RCV reinforcement info
2018-05-28 13:40:44,664 RCV reinforcement
2018-05-28 13:40:44,825 RCV reinforcement info
2018-05-28 13:40:44,850 RCV commit
2018-05-28 13:40:44,853 appended honest commit 0d29c71b20 on top of 71e9ca7ab9
2018-05-28 13:40:44,855 Weight: 67.16696537922836 #RFs 1
2018-05-28 13:40:44,855 weight: 67.16696537922836
2018-05-28 13:40:44,855 , 67.16696537922836
2018-05-28 13:40:44,909 RCV reinforcement
2018-05-28 13:40:47,340 RCV reinforcement info
2018-05-28 13:40:48,778 RF found but not transmitted
2018-05-28 13:40:50,053 RF found but not transmitted
2018-05-28 13:40:50,482 RCV reinforcement info
2018-05-28 13:40:51,246 RCV reinforcement info
2018-05-28 13:40:54,193 RCV reinforcement info
2018-05-28 13:40:54,331 RCV reinforcement info
2018-05-28 13:40:54,963 RF found but not transmitted
2018-05-28 13:40:55,202 RF found but not transmitted
2018-05-28 13:40:55,963 RCV reinforcement info
2018-05-28 13:40:55,968 RCV reinforcement info
2018-05-28 13:40:56,285 RCV reinforcement info
2018-05-28 13:40:56,313 RF found but not transmitted
2018-05-28 13:40:57,728 RF found but not transmitted
2018-05-28 13:40:59,050 RCV reinforcement info
2018-05-28 13:40:59,606 RF found but not transmitted
2018-05-28 13:40:59,703 RCV reinforcement info
2018-05-28 13:41:00,774 RF found but not transmitted
2018-05-28 13:41:01,095 RF found but not transmitted
2018-05-28 13:41:01,161 RCV proposal
2018-05-28 13:41:01,163 appended honest propose 27b40d3bd3 on top of 0d29c71b20
2018-05-28 13:41:01,248 RCV reinforcement
2018-05-28 13:41:01,253 RCV reinforcement
2018-05-28 13:41:01,274 RCV reinforcement
2018-05-28 13:41:02,112 RF found but not transmitted
2018-05-28 13:41:02,684 RCV commit
2018-05-28 13:41:02,728 appended honest commit d262425b78 on top of 27b40d3bd3
2018-05-28 13:41:02,770 Weight: 70.49879271583167 #RFs 10
2018-05-28 13:41:02,770 weight: 70.49879271583167
2018-05-28 13:41:02,770 , 70.49879271583167
2018-05-28 13:41:04,119 RF found but not transmitted
2018-05-28 13:41:04,308 RF found but not transmitted
2018-05-28 13:41:04,607 RF found but not transmitted
2018-05-28 13:41:05,016 RCV reinforcement info
2018-05-28 13:41:05,296 RCV reinforcement info
2018-05-28 13:41:06,213 RF found but not transmitted
2018-05-28 13:41:06,444 RF found but not transmitted
2018-05-28 13:41:07,113 RCV reinforcement info
2018-05-28 13:41:07,185 RCV reinforcement info
2018-05-28 13:41:07,264 RCV reinforcement info
2018-05-28 13:41:07,427 RCV proposal
2018-05-28 13:41:07,431 appended malicious propose 0548f2f9ea on top of 117a18b5c8
2018-05-28 13:41:07,431 REINFORCEMENT SENT state
2018-05-28 13:41:07,432 SNT reinforcement
2018-05-28 13:41:07,530 RCV reinforcement
2018-05-28 13:41:07,641 RF found but not transmitted
2018-05-28 13:41:07,643 SNT reinforcement
2018-05-28 13:41:07,904 RCV reinforcement
2018-05-28 13:41:08,567 RCV reinforcement
2018-05-28 13:41:09,010 RCV commit
2018-05-28 13:41:09,094 appended malicious commit ddd5f26334 on top of 0548f2f9ea
2018-05-28 13:41:09,175 RF found but not transmitted
2018-05-28 13:41:09,199 Weight: 55.97795254506513 #RFs 23
2018-05-28 13:41:09,199 weight: 55.97795254506513
2018-05-28 13:41:09,202 , 55.97795254506513
2018-05-28 13:41:09,202 MALICIOUS MINING state
2018-05-28 13:41:09,203 start mining - depth 11
2018-05-28 13:41:09,203 start mining - hash ddd5f26334ace107ec728741a5a6b251e0d10957993eb63f11f9df4e379fd7ea
2018-05-28 13:41:09,294 RF found but not transmitted
2018-05-28 13:41:09,391 RF found but not transmitted
2018-05-28 13:41:09,673 RF found but not transmitted
2018-05-28 13:41:09,712 RF found but not transmitted
2018-05-28 13:41:10,927 RCV reinforcement info
2018-05-28 13:41:13,098 RF found but not transmitted
2018-05-28 13:41:13,564 RCV proposal
2018-05-28 13:41:13,567 appended malicious propose b0e8fce18d on top of ddd5f26334
2018-05-28 13:41:13,568 REINFORCEMENT SENT state
2018-05-28 13:41:13,569 SNT reinforcement
2018-05-28 13:41:13,673 RCV reinforcement
2018-05-28 13:41:14,293 RF found but not transmitted
2018-05-28 13:41:14,903 RCV reinforcement info
2018-05-28 13:41:14,905 RF found but not transmitted
2018-05-28 13:41:15,095 RCV commit
2018-05-28 13:41:15,119 appended malicious commit bf38c0b9a8 on top of b0e8fce18d
2018-05-28 13:41:15,152 Weight: 58.464142823432326 #RFs 5
2018-05-28 13:41:15,152 weight: 58.464142823432326
2018-05-28 13:41:15,152 , 58.464142823432326
2018-05-28 13:41:15,153 MALICIOUS MINING state
2018-05-28 13:41:15,154 start mining - depth 12
2018-05-28 13:41:15,154 start mining - hash bf38c0b9a821331333a582fdc5b694bd1d122d4a1e63499c351be8f9e8abedfc
2018-05-28 13:41:15,932 RF found but not transmitted
2018-05-28 13:41:16,024 RF found but not transmitted
2018-05-28 13:41:16,284 RCV reinforcement info
2018-05-28 13:41:16,419 RF found but not transmitted
2018-05-28 13:41:16,496 RF found but not transmitted
2018-05-28 13:41:17,260 RF found but not transmitted
2018-05-28 13:41:17,533 RCV reinforcement info
2018-05-28 13:41:17,608 RCV reinforcement info
2018-05-28 13:41:17,821 RF found but not transmitted
2018-05-28 13:41:17,988 RF found but not transmitted
2018-05-28 13:41:18,413 RF found but not transmitted
2018-05-28 13:41:19,685 RCV reinforcement info
2018-05-28 13:41:20,792 RF found but not transmitted
2018-05-28 13:41:21,388 RCV reinforcement info
2018-05-28 13:41:21,560 RCV reinforcement info
2018-05-28 13:41:21,608 RF found but not transmitted
2018-05-28 13:41:22,121 RCV reinforcement info
2018-05-28 13:41:22,565 RF found but not transmitted
2018-05-28 13:41:22,853 RCV reinforcement info
2018-05-28 13:41:24,954 RF found but not transmitted
2018-05-28 13:41:25,615 RCV reinforcement info
2018-05-28 13:41:26,063 RF found but not transmitted
2018-05-28 13:41:26,667 RCV proposal
2018-05-28 13:41:26,670 appended honest propose 43b9c3773d on top of d262425b78
2018-05-28 13:41:26,765 RCV reinforcement
2018-05-28 13:41:26,785 RCV reinforcement
2018-05-28 13:41:26,807 RCV reinforcement
2018-05-28 13:41:27,532 RF found but not transmitted
2018-05-28 13:41:27,595 RCV reinforcement info
2018-05-28 13:41:27,670 RCV reinforcement
2018-05-28 13:41:28,200 RCV reinforcement info
2018-05-28 13:41:28,317 RCV commit
2018-05-28 13:41:28,376 appended honest commit 85dc10185c on top of 43b9c3773d
2018-05-28 13:41:28,439 Weight: 75.50585712896569 #RFs 17
2018-05-28 13:41:28,439 weight: 75.50585712896569
2018-05-28 13:41:28,439 , 75.50585712896569
2018-05-28 13:41:28,443 RCV reinforcement
2018-05-28 13:41:30,392 RCV proposal
2018-05-28 13:41:30,395 appended malicious propose f01462c7dc on top of bf38c0b9a8
2018-05-28 13:41:30,395 REINFORCEMENT SENT state
2018-05-28 13:41:30,396 SNT reinforcement
2018-05-28 13:41:30,480 RCV reinforcement
2018-05-28 13:41:31,941 RCV commit
2018-05-28 13:41:31,997 appended malicious commit a448fe29ed on top of f01462c7dc
2018-05-28 13:41:32,031 Weight: 62.69537478984924 #RFs 12
2018-05-28 13:41:32,032 weight: 62.69537478984924
2018-05-28 13:41:32,032 , 62.69537478984924
2018-05-28 13:41:32,032 MALICIOUS MINING state
2018-05-28 13:41:32,032 start mining - depth 13
2018-05-28 13:41:32,033 start mining - hash a448fe29ed9f1d50cdfd170c14d255ea54f825374922917fcaf948b36fb6c138
2018-05-28 13:41:32,728 RF found but not transmitted
2018-05-28 13:41:32,730 hash found
2018-05-28 13:41:32,732 appended malicious propose d45724a03a on top of a448fe29ed
2018-05-28 13:41:32,732 REINFORCEMENT COLLECTING state
2018-05-28 13:41:32,733 SNT proposal
2018-05-28 13:41:33,082 RCV reinforcement
2018-05-28 13:41:33,598 RF found but not transmitted
2018-05-28 13:41:34,240 commit with 1 reinforcements
2018-05-28 13:41:34,246 appended malicious commit fe2e8e056b on top of d45724a03a
2018-05-28 13:41:34,251 Weight: 63.8347563618502 #RFs 1
2018-05-28 13:41:34,251 weight: 63.8347563618502
2018-05-28 13:41:34,252 , 63.8347563618502
2018-05-28 13:41:34,252 MALICIOUS MINING state
2018-05-28 13:41:34,253 start mining - depth 14
2018-05-28 13:41:34,254 start mining - hash fe2e8e056b93599e872e64b6e68c0238e0192a804905e5ebb56a7ebdcca01726
2018-05-28 13:41:34,254 SNT commit
2018-05-28 13:41:34,452 RF found but not transmitted
2018-05-28 13:41:34,737 RCV reinforcement info
2018-05-28 13:41:35,105 RF found but not transmitted
2018-05-28 13:41:35,668 RCV reinforcement info
2018-05-28 13:41:37,960 RF found but not transmitted
2018-05-28 13:41:37,985 RCV reinforcement info
2018-05-28 13:41:39,021 RCV reinforcement info
2018-05-28 13:41:39,420 RCV reinforcement info
2018-05-28 13:41:39,895 RF found but not transmitted
2018-05-28 13:41:40,050 RF found but not transmitted
2018-05-28 13:41:40,309 RF found but not transmitted
2018-05-28 13:41:40,887 RF found but not transmitted
2018-05-28 13:41:42,130 RCV reinforcement info
2018-05-28 13:41:42,929 RCV reinforcement info
2018-05-28 13:41:43,426 RCV reinforcement info
2018-05-28 13:41:45,030 RF found but not transmitted
2018-05-28 13:41:45,602 RCV reinforcement info
2018-05-28 13:41:45,881 RCV proposal
2018-05-28 13:41:45,885 appended honest propose dc8c47a375 on top of 85dc10185c
2018-05-28 13:41:46,040 RCV reinforcement
2018-05-28 13:41:46,058 RCV reinforcement
2018-05-28 13:41:46,105 RCV reinforcement
2018-05-28 13:41:46,810 RCV reinforcement info
2018-05-28 13:41:46,892 RCV reinforcement
2018-05-28 13:41:47,072 RCV reinforcement info
2018-05-28 13:41:47,163 RCV reinforcement
2018-05-28 13:41:47,388 RF found but not transmitted
2018-05-28 13:41:47,406 RCV commit
2018-05-28 13:41:47,448 appended honest commit e4cb92fa9f on top of dc8c47a375
2018-05-28 13:41:47,481 Weight: 77.77348327671447 #RFs 10
2018-05-28 13:41:47,482 weight: 77.77348327671447
2018-05-28 13:41:47,482 , 77.77348327671447
2018-05-28 13:41:47,881 RCV reinforcement info
2018-05-28 13:41:49,268 RF found but not transmitted
2018-05-28 13:41:49,596 RCV reinforcement info
2018-05-28 13:41:50,663 RF found but not transmitted
2018-05-28 13:41:50,793 RCV reinforcement info
2018-05-28 13:41:51,714 RCV reinforcement info
2018-05-28 13:41:52,498 RCV reinforcement info
2018-05-28 13:41:53,366 RF found but not transmitted
2018-05-28 13:41:53,520 RCV reinforcement info
2018-05-28 13:41:54,078 RF found but not transmitted
2018-05-28 13:41:54,498 RF found but not transmitted
2018-05-28 13:41:54,543 RCV proposal
2018-05-28 13:41:54,545 appended honest propose ed36768a81 on top of e4cb92fa9f
2018-05-28 13:41:54,665 RCV reinforcement
2018-05-28 13:41:54,692 RCV reinforcement
2018-05-28 13:41:54,719 RCV reinforcement
2018-05-28 13:41:55,096 RF found but not transmitted
2018-05-28 13:41:55,618 RF found but not transmitted
2018-05-28 13:41:55,906 RCV reinforcement info
2018-05-28 13:41:56,022 RCV commit
2018-05-28 13:41:56,047 appended honest commit 713f765165 on top of ed36768a81
2018-05-28 13:41:56,093 Weight: 79.92302356245969 #RFs 6
2018-05-28 13:41:56,094 weight: 79.92302356245969
2018-05-28 13:41:56,101 , 79.92302356245969
2018-05-28 13:41:56,129 RCV reinforcement
2018-05-28 13:41:56,225 RF found but not transmitted
2018-05-28 13:41:58,524 RCV reinforcement info
2018-05-28 13:41:59,401 RCV reinforcement info
2018-05-28 13:41:59,579 RCV proposal
2018-05-28 13:41:59,581 appended honest propose 84b9287cf6 on top of 713f765165
2018-05-28 13:41:59,688 RCV reinforcement
2018-05-28 13:41:59,711 RCV reinforcement
2018-05-28 13:42:00,779 RF found but not transmitted
2018-05-28 13:42:01,143 RCV commit
2018-05-28 13:42:01,151 appended honest commit 7578fbb459 on top of 84b9287cf6
2018-05-28 13:42:01,182 Weight: 81.18147917305502 #RFs 2
2018-05-28 13:42:01,182 weight: 81.18147917305502
2018-05-28 13:42:01,182 , 81.18147917305502
2018-05-28 13:42:01,473 RF found but not transmitted
2018-05-28 13:42:01,769 RCV reinforcement info
2018-05-28 13:42:02,261 RF found but not transmitted
2018-05-28 13:42:02,500 RCV reinforcement info
2018-05-28 13:42:04,375 RCV reinforcement info
2018-05-28 13:42:04,479 RF found but not transmitted
2018-05-28 13:42:04,928 RF found but not transmitted
2018-05-28 13:42:05,172 RCV reinforcement info
2018-05-28 13:42:06,224 RCV reinforcement info
2018-05-28 13:42:07,115 RF found but not transmitted
2018-05-28 13:42:07,920 RF found but not transmitted
2018-05-28 13:42:08,575 RCV reinforcement info
2018-05-28 13:42:09,583 RF found but not transmitted
2018-05-28 13:42:10,317 RF found but not transmitted
2018-05-28 13:42:12,563 RF found but not transmitted
2018-05-28 13:42:12,566 RCV reinforcement info
2018-05-28 13:42:12,674 RCV reinforcement info
2018-05-28 13:42:12,959 RCV reinforcement info
2018-05-28 13:42:13,724 RF found but not transmitted
2018-05-28 13:42:13,794 RF found but not transmitted
2018-05-28 13:42:14,686 RF found but not transmitted
2018-05-28 13:42:15,340 RCV reinforcement info
2018-05-28 13:42:15,346 RF found but not transmitted
2018-05-28 13:42:15,536 RF found but not transmitted
2018-05-28 13:42:15,943 RCV proposal
2018-05-28 13:42:15,946 appended honest propose 641c765836 on top of 7578fbb459
2018-05-28 13:42:16,045 RCV reinforcement
2018-05-28 13:42:16,057 RCV reinforcement
2018-05-28 13:42:16,072 RCV reinforcement
2018-05-28 13:42:16,443 RCV reinforcement info
2018-05-28 13:42:16,538 RCV reinforcement
2018-05-28 13:42:16,978 RCV reinforcement info
2018-05-28 13:42:17,073 RCV reinforcement
2018-05-28 13:42:17,101 RF found but not transmitted
2018-05-28 13:42:17,342 RCV reinforcement info
2018-05-28 13:42:17,493 RCV reinforcement
2018-05-28 13:42:17,584 RCV commit
2018-05-28 13:42:17,611 appended honest commit 9fc3135902 on top of 641c765836
2018-05-28 13:42:17,648 Weight: 83.87738824137509 #RFs 12
2018-05-28 13:42:17,648 weight: 83.87738824137509
2018-05-28 13:42:17,648 , 83.87738824137509
2018-05-28 13:42:17,944 RCV reinforcement info
2018-05-28 13:42:18,033 RCV reinforcement info
2018-05-28 13:42:18,262 RCV reinforcement info
2018-05-28 13:42:18,389 RCV reinforcement info
2018-05-28 13:42:18,424 RF found but not transmitted
2018-05-28 13:42:18,461 RF found but not transmitted
2018-05-28 13:42:18,795 RCV reinforcement info
2018-05-28 13:42:19,318 RCV proposal
2018-05-28 13:42:19,321 appended honest propose 703f8d35bd on top of 9fc3135902
2018-05-28 13:42:19,437 RCV reinforcement
2018-05-28 13:42:19,451 RCV reinforcement
2018-05-28 13:42:19,462 RCV reinforcement
2018-05-28 13:42:20,402 RCV reinforcement info
2018-05-28 13:42:20,487 RCV reinforcement
2018-05-28 13:42:20,909 RCV reinforcement info
2018-05-28 13:42:20,923 RCV commit
2018-05-28 13:42:20,947 appended honest commit aad2ec9c64 on top of 703f8d35bd
2018-05-28 13:42:20,968 Weight: 85.49068594575597 #RFs 6
2018-05-28 13:42:20,968 weight: 85.49068594575597
2018-05-28 13:42:20,968 , 85.49068594575597
2018-05-28 13:42:20,987 RCV reinforcement info
2018-05-28 13:42:21,143 RCV reinforcement
2018-05-28 13:42:21,157 RCV reinforcement
2018-05-28 13:42:21,829 RCV reinforcement info
2018-05-28 13:42:22,126 RCV reinforcement info
2018-05-28 13:42:22,394 RF found but not transmitted
2018-05-28 13:42:22,726 RCV reinforcement info
2018-05-28 13:42:23,948 RF found but not transmitted
2018-05-28 13:42:24,026 RF found but not transmitted
2018-05-28 13:42:24,517 RF found but not transmitted
2018-05-28 13:42:25,008 RF found but not transmitted
2018-05-28 13:42:25,010 RF found but not transmitted
2018-05-28 13:42:25,186 RF found but not transmitted
2018-05-28 13:42:25,273 RF found but not transmitted
2018-05-28 13:42:26,198 RF found but not transmitted
2018-05-28 13:42:26,901 RF found but not transmitted
2018-05-28 13:42:27,130 RF found but not transmitted
2018-05-28 13:42:27,514 RCV reinforcement info
2018-05-28 13:42:27,897 RCV reinforcement info
2018-05-28 13:42:28,724 RCV reinforcement info
2018-05-28 13:42:30,472 RF found but not transmitted
2018-05-28 13:42:31,408 RF found but not transmitted
2018-05-28 13:42:31,748 RCV reinforcement info
2018-05-28 13:42:32,046 RCV reinforcement info
2018-05-28 13:42:32,664 RCV reinforcement info
2018-05-28 13:42:32,722 RF found but not transmitted
2018-05-28 13:42:34,245 RF found but not transmitted
2018-05-28 13:42:34,841 RF found but not transmitted
2018-05-28 13:42:36,410 RF found but not transmitted
2018-05-28 13:42:36,562 RCV reinforcement info
2018-05-28 13:42:36,637 RF found but not transmitted
2018-05-28 13:42:37,287 RF found but not transmitted
2018-05-28 13:42:38,214 RCV reinforcement info
2018-05-28 13:42:38,891 RCV reinforcement info
2018-05-28 13:42:38,896 RCV proposal
2018-05-28 13:42:38,902 appended malicious propose dbf526e587 on top of fe2e8e056b
2018-05-28 13:42:38,903 REINFORCEMENT SENT state
2018-05-28 13:42:38,908 SNT reinforcement
2018-05-28 13:42:39,148 RCV reinforcement
2018-05-28 13:42:39,484 RCV reinforcement info
2018-05-28 13:42:40,507 RCV commit
2018-05-28 13:42:40,695 appended malicious commit 9ae47d42b1 on top of dbf526e587
2018-05-28 13:42:40,893 Weight: 70.94985997602612 #RFs 35
2018-05-28 13:42:40,893 weight: 70.94985997602612
2018-05-28 13:42:40,893 , 70.94985997602612
2018-05-28 13:42:40,898 MALICIOUS MINING state
2018-05-28 13:42:40,898 start mining - depth 15
2018-05-28 13:42:40,899 start mining - hash 9ae47d42b18455d19cad054c1162d5fbb83aab1afc97b84b997f3a209e6180a3
2018-05-28 13:42:40,909 Hashing frequency: 22547
2018-05-28 13:42:41,207 RF found but not transmitted
2018-05-28 13:42:43,386 RCV reinforcement info
2018-05-28 13:42:43,637 RCV reinforcement info
2018-05-28 13:42:45,424 RF found but not transmitted
2018-05-28 13:42:46,436 RF found but not transmitted
2018-05-28 13:42:46,637 RCV reinforcement info
2018-05-28 13:42:47,009 RF found but not transmitted
2018-05-28 13:42:47,136 RF found but not transmitted
2018-05-28 13:42:47,500 RCV reinforcement info
2018-05-28 13:42:47,770 RCV reinforcement info
2018-05-28 13:42:48,291 RF found but not transmitted
2018-05-28 13:42:48,566 RCV reinforcement info
2018-05-28 13:42:49,491 RCV reinforcement info
2018-05-28 13:42:50,096 RCV reinforcement info
2018-05-28 13:42:50,348 RCV reinforcement info
2018-05-28 13:42:52,905 RF found but not transmitted
2018-05-28 13:42:53,552 RF found but not transmitted
2018-05-28 13:42:54,629 RCV reinforcement info
2018-05-28 13:42:56,857 RF found but not transmitted
2018-05-28 13:42:59,224 RCV reinforcement info
2018-05-28 13:42:59,639 RCV reinforcement info
2018-05-28 13:42:59,901 RCV reinforcement info
2018-05-28 13:42:59,907 RF found but not transmitted
2018-05-28 13:42:59,918 RF found but not transmitted
2018-05-28 13:43:00,992 RF found but not transmitted
2018-05-28 13:43:02,312 RF found but not transmitted
2018-05-28 13:43:02,629 RCV reinforcement info
2018-05-28 13:43:02,651 RF found but not transmitted
2018-05-28 13:43:02,712 RCV reinforcement info
2018-05-28 13:43:03,078 RCV reinforcement info
2018-05-28 13:43:03,110 RF found but not transmitted
2018-05-28 13:43:03,956 RCV proposal
2018-05-28 13:43:03,959 appended honest propose 1cf6ea3bf3 on top of aad2ec9c64
2018-05-28 13:43:04,104 RCV reinforcement
2018-05-28 13:43:04,122 RCV reinforcement
2018-05-28 13:43:04,135 RCV reinforcement
2018-05-28 13:43:04,363 RF found but not transmitted
2018-05-28 13:43:05,590 RCV commit
2018-05-28 13:43:05,738 appended honest commit 277a8cdea3 on top of 1cf6ea3bf3
2018-05-28 13:43:05,858 Weight: 92.33674954865207 #RFs 29
2018-05-28 13:43:05,858 weight: 92.33674954865207
2018-05-28 13:43:05,858 , 92.33674954865207
2018-05-28 13:43:06,078 RCV reinforcement info
2018-05-28 13:43:06,236 RCV reinforcement info
2018-05-28 13:43:06,657 RF found but not transmitted
2018-05-28 13:43:08,183 RCV proposal
2018-05-28 13:43:08,187 appended malicious propose fdd6de9d42 on top of 9ae47d42b1
2018-05-28 13:43:08,187 REINFORCEMENT SENT state
2018-05-28 13:43:08,188 SNT reinforcement
2018-05-28 13:43:08,306 RCV reinforcement
2018-05-28 13:43:08,788 RF found but not transmitted
2018-05-28 13:43:08,838 RCV reinforcement info
2018-05-28 13:43:09,169 RCV reinforcement info
2018-05-28 13:43:09,787 RCV commit
2018-05-28 13:43:09,889 appended malicious commit 27d76ae438 on top of fdd6de9d42
2018-05-28 13:43:09,998 Weight: 73.94955617956587 #RFs 18
2018-05-28 13:43:09,999 weight: 73.94955617956587
2018-05-28 13:43:10,002 , 73.94955617956587
2018-05-28 13:43:10,002 MALICIOUS MINING state
2018-05-28 13:43:10,021 RF found but not transmitted
2018-05-28 13:43:10,028 start mining - depth 16
2018-05-28 13:43:10,028 start mining - hash 27d76ae4387426d27396ed104f0f7e89744ffa6ca29c6ed6c7c0f7d8ca876e0d
2018-05-28 13:43:10,143 RCV reinforcement info
2018-05-28 13:43:10,254 RF found but not transmitted
2018-05-28 13:43:10,259 hash found
2018-05-28 13:43:10,263 appended malicious propose 8cf7cd16b6 on top of 27d76ae438
2018-05-28 13:43:10,263 REINFORCEMENT COLLECTING state
2018-05-28 13:43:10,263 SNT proposal
2018-05-28 13:43:10,531 RCV reinforcement
2018-05-28 13:43:10,582 RCV reinforcement
2018-05-28 13:43:10,848 RCV reinforcement info
2018-05-28 13:43:10,909 RF found but not transmitted
2018-05-28 13:43:11,458 RCV reinforcement
2018-05-28 13:43:11,768 commit with 2 reinforcements
2018-05-28 13:43:11,775 appended malicious commit 213bac420f on top of 8cf7cd16b6
2018-05-28 13:43:11,781 Weight: 75.28104189853084 #RFs 3
2018-05-28 13:43:11,781 weight: 75.28104189853084
2018-05-28 13:43:11,782 , 75.28104189853084
2018-05-28 13:43:11,782 MALICIOUS MINING state
2018-05-28 13:43:11,783 start mining - depth 17
2018-05-28 13:43:11,783 start mining - hash 213bac420fc4d4ca7ea3ced1129f69ca9b793010f49b77f0a524fc21d1276eee
2018-05-28 13:43:11,784 SNT commit
2018-05-28 13:43:14,011 RF found but not transmitted
2018-05-28 13:43:14,509 RF found but not transmitted
2018-05-28 13:43:15,069 RCV reinforcement info
2018-05-28 13:43:15,256 RF found but not transmitted
2018-05-28 13:43:15,340 RF found but not transmitted
2018-05-28 13:43:15,528 RF found but not transmitted
2018-05-28 13:43:15,762 RCV reinforcement info
2018-05-28 13:43:16,192 RF found but not transmitted
2018-05-28 13:43:16,228 RF found but not transmitted
2018-05-28 13:43:17,480 RCV reinforcement info
2018-05-28 13:43:18,917 RF found but not transmitted
2018-05-28 13:43:18,940 RF found but not transmitted
2018-05-28 13:43:20,921 RF found but not transmitted
2018-05-28 13:43:21,044 RCV reinforcement info
2018-05-28 13:43:21,709 RCV reinforcement info
2018-05-28 13:43:21,791 RCV reinforcement info
2018-05-28 13:43:22,038 RCV reinforcement info
2018-05-28 13:43:22,907 RF found but not transmitted
2018-05-28 13:43:22,959 RF found but not transmitted
2018-05-28 13:43:23,397 RF found but not transmitted
2018-05-28 13:43:23,602 RCV reinforcement info
2018-05-28 13:43:24,361 RF found but not transmitted
2018-05-28 13:43:24,739 RCV reinforcement info
2018-05-28 13:43:25,906 RF found but not transmitted
2018-05-28 13:43:26,068 RCV reinforcement info
2018-05-28 13:43:27,237 RCV reinforcement info
2018-05-28 13:43:27,651 RF found but not transmitted
2018-05-28 13:43:30,030 RF found but not transmitted
2018-05-28 13:43:31,197 RCV reinforcement info
2018-05-28 13:43:31,408 RF found but not transmitted
2018-05-28 13:43:34,152 RF found but not transmitted
2018-05-28 13:43:34,495 RF found but not transmitted
2018-05-28 13:43:34,673 RCV reinforcement info
2018-05-28 13:43:36,615 RCV reinforcement info
2018-05-28 13:43:36,643 RF found but not transmitted
2018-05-28 13:43:37,141 RF found but not transmitted
2018-05-28 13:43:37,641 RF found but not transmitted
2018-05-28 13:43:38,127 RCV proposal
2018-05-28 13:43:38,130 appended malicious propose 5b339e6c06 on top of 213bac420f
2018-05-28 13:43:38,130 REINFORCEMENT SENT state
2018-05-28 13:43:38,131 SNT reinforcement
2018-05-28 13:43:38,248 RF found but not transmitted
2018-05-28 13:43:38,323 RCV reinforcement
2018-05-28 13:43:38,428 RCV reinforcement info
2018-05-28 13:43:38,999 RCV reinforcement
2018-05-28 13:43:39,337 RF found but not transmitted
2018-05-28 13:43:39,658 RCV commit
2018-05-28 13:43:39,724 appended malicious commit fdfd4ca6d6 on top of 5b339e6c06
2018-05-28 13:43:39,790 Weight: 79.40705529155984 #RFs 13
2018-05-28 13:43:39,790 weight: 79.40705529155984
2018-05-28 13:43:39,795 , 79.40705529155984
2018-05-28 13:43:39,800 MALICIOUS MINING state
2018-05-28 13:43:39,801 start mining - depth 18
2018-05-28 13:43:39,802 start mining - hash fdfd4ca6d6a082c8abb51edbc02f113ac6cb63fe2456ed977432d266e43861c7
2018-05-28 13:43:40,029 RF found but not transmitted
2018-05-28 13:43:40,314 RCV reinforcement info
2018-05-28 13:43:40,959 RCV reinforcement info
2018-05-28 13:43:41,091 RF found but not transmitted
2018-05-28 13:43:41,678 RF found but not transmitted
2018-05-28 13:43:41,893 RCV reinforcement info
2018-05-28 13:43:42,709 RCV reinforcement info
2018-05-28 13:43:43,553 RF found but not transmitted
2018-05-28 13:43:43,684 RCV reinforcement info
2018-05-28 13:43:45,738 RCV reinforcement info
2018-05-28 13:43:45,790 RF found but not transmitted
2018-05-28 13:43:46,044 RCV reinforcement info
2018-05-28 13:43:46,103 RF found but not transmitted
2018-05-28 13:43:46,490 RCV reinforcement info
2018-05-28 13:43:46,936 RCV reinforcement info
2018-05-28 13:43:47,879 RCV reinforcement info
2018-05-28 13:43:48,034 RF found but not transmitted
2018-05-28 13:43:48,259 RF found but not transmitted
2018-05-28 13:43:48,880 RCV reinforcement info
2018-05-28 13:43:49,485 RF found but not transmitted
2018-05-28 13:43:50,379 RF found but not transmitted
2018-05-28 13:43:50,554 RF found but not transmitted
2018-05-28 13:43:50,826 RCV proposal
2018-05-28 13:43:50,829 appended honest propose f066915aab on top of 277a8cdea3
2018-05-28 13:43:50,974 RCV reinforcement
2018-05-28 13:43:50,992 RCV reinforcement
2018-05-28 13:43:51,029 RCV reinforcement
2018-05-28 13:43:51,041 RF found but not transmitted
2018-05-28 13:43:51,198 RCV reinforcement info
2018-05-28 13:43:51,315 RCV reinforcement
2018-05-28 13:43:51,954 RF found but not transmitted
2018-05-28 13:43:52,024 RF found but not transmitted
2018-05-28 13:43:52,501 RCV commit
2018-05-28 13:43:52,635 appended honest commit ba36274864 on top of f066915aab
2018-05-28 13:43:52,869 Weight: 99.94207285987659 #RFs 33
2018-05-28 13:43:52,869 weight: 99.94207285987659
2018-05-28 13:43:52,870 , 99.94207285987659
2018-05-28 13:43:53,618 RCV reinforcement info
2018-05-28 13:43:53,758 RF found but not transmitted
2018-05-28 13:43:53,852 RCV reinforcement info
2018-05-28 13:43:53,968 RCV reinforcement info
2018-05-28 13:43:55,105 RF found but not transmitted
2018-05-28 13:43:55,116 RF found but not transmitted
2018-05-28 13:43:55,435 RF found but not transmitted
2018-05-28 13:43:56,631 RF found but not transmitted
2018-05-28 13:43:56,686 RF found but not transmitted
2018-05-28 13:43:57,233 RF found but not transmitted
2018-05-28 13:43:58,378 RF found but not transmitted
2018-05-28 13:43:59,103 RF found but not transmitted
2018-05-28 13:43:59,794 RF found but not transmitted
2018-05-28 13:44:00,581 RCV reinforcement info
2018-05-28 13:44:01,211 RF found but not transmitted
2018-05-28 13:44:01,568 RCV reinforcement info
2018-05-28 13:44:01,796 RCV reinforcement info
2018-05-28 13:44:02,631 RF found but not transmitted
2018-05-28 13:44:03,070 RCV reinforcement info
2018-05-28 13:44:05,062 RCV reinforcement info
2018-05-28 13:44:05,501 RCV reinforcement info
2018-05-28 13:44:05,531 RCV reinforcement info
2018-05-28 13:44:06,401 RF found but not transmitted
2018-05-28 13:44:06,794 RCV reinforcement info
2018-05-28 13:44:07,237 RF found but not transmitted
2018-05-28 13:44:07,656 RF found but not transmitted
2018-05-28 13:44:08,941 RF found but not transmitted
2018-05-28 13:44:09,223 RF found but not transmitted
2018-05-28 13:44:10,044 RF found but not transmitted
2018-05-28 13:44:10,099 RF found but not transmitted
2018-05-28 13:44:10,724 RF found but not transmitted
2018-05-28 13:44:11,956 RCV reinforcement info
2018-05-28 13:44:12,496 RCV reinforcement info
2018-05-28 13:44:12,863 RF found but not transmitted
2018-05-28 13:44:13,054 RCV reinforcement info
2018-05-28 13:44:15,139 RF found but not transmitted
2018-05-28 13:44:15,274 RF found but not transmitted
2018-05-28 13:44:16,025 RF found but not transmitted
2018-05-28 13:44:16,716 RCV reinforcement info
2018-05-28 13:44:17,274 RCV reinforcement info
2018-05-28 13:44:17,538 RF found but not transmitted
2018-05-28 13:44:17,603 RCV reinforcement info
2018-05-28 13:44:18,327 RF found but not transmitted
2018-05-28 13:44:18,328 RF found but not transmitted
2018-05-28 13:44:19,172 RCV reinforcement info
2018-05-28 13:44:19,284 RF found but not transmitted
2018-05-28 13:44:19,691 RF found but not transmitted
2018-05-28 13:44:19,790 RCV reinforcement info
2018-05-28 13:44:20,278 RF found but not transmitted
2018-05-28 13:44:20,560 RF found but not transmitted
2018-05-28 13:44:21,812 RCV reinforcement info
2018-05-28 13:44:21,935 RCV reinforcement info
2018-05-28 13:44:22,609 RCV reinforcement info
2018-05-28 13:44:22,895 RCV reinforcement info
2018-05-28 13:44:23,196 RF found but not transmitted
2018-05-28 13:44:23,882 RF found but not transmitted
2018-05-28 13:44:23,974 RF found but not transmitted
2018-05-28 13:44:24,025 RCV reinforcement info
2018-05-28 13:44:25,146 RF found but not transmitted
2018-05-28 13:44:26,137 RF found but not transmitted
2018-05-28 13:44:26,145 RCV reinforcement info
2018-05-28 13:44:26,168 RCV reinforcement info
2018-05-28 13:44:26,211 RF found but not transmitted
2018-05-28 13:44:26,596 RCV reinforcement info
2018-05-28 13:44:26,701 RF found but not transmitted
2018-05-28 13:44:26,910 RF found but not transmitted
2018-05-28 13:44:28,168 RF found but not transmitted
2018-05-28 13:44:28,637 RF found but not transmitted
2018-05-28 13:44:29,309 RF found but not transmitted
2018-05-28 13:44:29,741 RF found but not transmitted
2018-05-28 13:44:29,990 RF found but not transmitted
2018-05-28 13:44:30,216 RCV reinforcement info
2018-05-28 13:44:31,238 RF found but not transmitted
2018-05-28 13:44:31,278 RCV reinforcement info
2018-05-28 13:44:31,717 RCV reinforcement info
2018-05-28 13:44:33,069 RCV reinforcement info
2018-05-28 13:44:33,428 RF found but not transmitted
2018-05-28 13:44:33,475 RF found but not transmitted
2018-05-28 13:44:34,884 RF found but not transmitted
2018-05-28 13:44:35,235 RCV reinforcement info
2018-05-28 13:44:36,118 RCV reinforcement info
2018-05-28 13:44:37,940 RCV reinforcement info
2018-05-28 13:44:38,079 RF found but not transmitted
2018-05-28 13:44:38,537 RF found but not transmitted
2018-05-28 13:44:39,184 RF found but not transmitted
2018-05-28 13:44:39,452 RF found but not transmitted
2018-05-28 13:44:41,108 RF found but not transmitted
2018-05-28 13:44:41,310 RF found but not transmitted
2018-05-28 13:44:42,067 RCV reinforcement info
2018-05-28 13:44:42,144 RCV reinforcement info
2018-05-28 13:44:42,175 RF found but not transmitted
2018-05-28 13:44:42,304 RCV reinforcement info
2018-05-28 13:44:42,944 RF found but not transmitted
2018-05-28 13:44:42,956 RCV reinforcement info
2018-05-28 13:44:43,145 RCV reinforcement info
2018-05-28 13:44:43,318 RF found but not transmitted
2018-05-28 13:44:44,060 RCV reinforcement info
2018-05-28 13:44:44,831 RF found but not transmitted
2018-05-28 13:44:45,106 RF found but not transmitted
2018-05-28 13:44:45,710 RF found but not transmitted
2018-05-28 13:44:47,785 RCV reinforcement info
2018-05-28 13:44:48,443 RF found but not transmitted
2018-05-28 13:44:48,610 RCV reinforcement info
2018-05-28 13:44:48,881 RF found but not transmitted
2018-05-28 13:44:48,960 RF found but not transmitted
2018-05-28 13:44:49,028 RCV reinforcement info
2018-05-28 13:44:49,312 RCV reinforcement info
2018-05-28 13:44:50,816 RCV reinforcement info
2018-05-28 13:44:51,288 RF found but not transmitted
2018-05-28 13:44:51,710 RCV reinforcement info
2018-05-28 13:44:51,887 RF found but not transmitted
2018-05-28 13:44:52,408 RF found but not transmitted
2018-05-28 13:44:52,439 RCV reinforcement info
2018-05-28 13:44:53,488 RF found but not transmitted
2018-05-28 13:44:54,272 RF found but not transmitted
2018-05-28 13:44:54,383 RF found but not transmitted
2018-05-28 13:44:54,546 RCV reinforcement info
2018-05-28 13:44:55,047 RF found but not transmitted
2018-05-28 13:44:55,416 RCV reinforcement info
2018-05-28 13:44:55,546 RF found but not transmitted
2018-05-28 13:44:56,176 RF found but not transmitted
2018-05-28 13:44:56,637 RCV reinforcement info
2018-05-28 13:44:56,808 RCV reinforcement info
2018-05-28 13:44:57,125 RCV reinforcement info
2018-05-28 13:44:57,629 RCV reinforcement info
2018-05-28 13:44:58,128 RF found but not transmitted
2018-05-28 13:44:58,267 RCV reinforcement info
2018-05-28 13:45:00,982 RF found but not transmitted
2018-05-28 13:45:01,078 RF found but not transmitted
2018-05-28 13:45:02,790 RCV reinforcement info
2018-05-28 13:45:03,127 RF found but not transmitted
2018-05-28 13:45:03,130 hash found
2018-05-28 13:45:03,136 appended malicious propose efe5fe0c87 on top of fdfd4ca6d6
2018-05-28 13:45:03,136 REINFORCEMENT COLLECTING state
2018-05-28 13:45:03,243 SNT proposal
2018-05-28 13:45:03,506 RCV reinforcement
2018-05-28 13:45:03,583 RCV reinforcement
2018-05-28 13:45:03,672 RCV reinforcement info
2018-05-28 13:45:04,101 RF found but not transmitted
2018-05-28 13:45:04,342 RF found but not transmitted
2018-05-28 13:45:04,603 RF found but not transmitted
2018-05-28 13:45:04,745 commit with 3 reinforcements
2018-05-28 13:45:04,894 appended malicious commit b73cc03fc7 on top of efe5fe0c87
2018-05-28 13:45:05,022 Weight: 89.19573039859267 #RFs 50
2018-05-28 13:45:05,024 weight: 89.19573039859267
2018-05-28 13:45:05,024 , 89.19573039859267
2018-05-28 13:45:05,026 MALICIOUS MINING state
2018-05-28 13:45:05,028 start mining - depth 19
2018-05-28 13:45:05,028 start mining - hash b73cc03fc790337caaef0d6e9d3291e9463a6e65c9d0d41fa4a63e798455030d
2018-05-28 13:45:05,029 Hashing frequency: 35645
2018-05-28 13:45:05,029 SNT commit
2018-05-28 13:45:05,149 RCV reinforcement info
2018-05-28 13:45:06,372 RF found but not transmitted
2018-05-28 13:45:06,867 RF found but not transmitted
2018-05-28 13:45:07,068 RCV reinforcement info
2018-05-28 13:45:08,140 RCV reinforcement info
2018-05-28 13:45:09,100 RF found but not transmitted
2018-05-28 13:45:09,122 RF found but not transmitted
2018-05-28 13:45:09,924 RF found but not transmitted
2018-05-28 13:45:10,415 RCV reinforcement info
2018-05-28 13:45:10,711 RF found but not transmitted
2018-05-28 13:45:12,073 RF found but not transmitted
2018-05-28 13:45:12,193 RCV reinforcement info
2018-05-28 13:45:12,850 RF found but not transmitted
2018-05-28 13:45:13,000 RCV reinforcement info
2018-05-28 13:45:13,402 RCV reinforcement info
2018-05-28 13:45:14,716 RF found but not transmitted
2018-05-28 13:45:15,272 RCV reinforcement info
2018-05-28 13:45:16,092 RF found but not transmitted
2018-05-28 13:45:16,285 RF found but not transmitted
2018-05-28 13:45:17,089 RF found but not transmitted
2018-05-28 13:45:17,141 RF found but not transmitted
2018-05-28 13:45:17,510 RCV reinforcement info
2018-05-28 13:45:17,600 RCV reinforcement info
2018-05-28 13:45:17,791 RCV reinforcement info
2018-05-28 13:45:17,890 RF found but not transmitted
2018-05-28 13:45:17,926 RCV reinforcement info
2018-05-28 13:45:17,959 RCV reinforcement info
2018-05-28 13:45:18,022 RF found but not transmitted
2018-05-28 13:45:18,139 RF found but not transmitted
2018-05-28 13:45:18,552 RCV reinforcement info
2018-05-28 13:45:18,594 RCV reinforcement info
2018-05-28 13:45:19,186 RF found but not transmitted
2018-05-28 13:45:19,369 RF found but not transmitted
2018-05-28 13:45:22,199 RF found but not transmitted
2018-05-28 13:45:22,314 RF found but not transmitted
2018-05-28 13:45:22,554 RF found but not transmitted
2018-05-28 13:45:23,717 RF found but not transmitted
2018-05-28 13:45:24,619 RF found but not transmitted
2018-05-28 13:45:24,767 RF found but not transmitted
2018-05-28 13:45:25,763 RCV reinforcement info
2018-05-28 13:45:26,100 RF found but not transmitted
2018-05-28 13:45:26,143 RF found but not transmitted
2018-05-28 13:45:26,677 RCV reinforcement info
2018-05-28 13:45:26,700 RCV reinforcement info
2018-05-28 13:45:26,723 RF found but not transmitted
2018-05-28 13:45:27,151 RF found but not transmitted
2018-05-28 13:45:29,624 RF found but not transmitted
2018-05-28 13:45:29,704 RCV reinforcement info
2018-05-28 13:45:29,985 RF found but not transmitted
2018-05-28 13:45:30,859 RCV proposal
2018-05-28 13:45:30,868 appended malicious propose 2c8d23e1b1 on top of b73cc03fc7
2018-05-28 13:45:30,868 REINFORCEMENT SENT state
2018-05-28 13:45:30,869 SNT reinforcement
2018-05-28 13:45:30,995 RCV reinforcement
2018-05-28 13:45:31,210 RF found but not transmitted
2018-05-28 13:45:31,425 RF found but not transmitted
2018-05-28 13:45:31,473 RCV reinforcement info
2018-05-28 13:45:32,075 RCV reinforcement info
2018-05-28 13:45:32,286 RCV reinforcement info
2018-05-28 13:45:32,514 RCV commit
2018-05-28 13:45:32,577 appended malicious commit 3ab7f13317 on top of 2c8d23e1b1
2018-05-28 13:45:32,647 Weight: 93.75451614553732 #RFs 15
2018-05-28 13:45:32,648 weight: 93.75451614553732
2018-05-28 13:45:32,648 , 93.75451614553732
2018-05-28 13:45:32,650 MALICIOUS MINING state
2018-05-28 13:45:32,651 start mining - depth 20
2018-05-28 13:45:32,651 start mining - hash 3ab7f13317fc181781c637b4845b4e4d4100bc0b91079f44c62788d656c64dda
2018-05-28 13:45:32,660 RCV reinforcement info
2018-05-28 13:45:32,700 RF found but not transmitted
2018-05-28 13:45:33,211 RCV proposal
2018-05-28 13:45:33,216 appended honest propose 92974b2eac on top of ba36274864
2018-05-28 13:45:33,377 RCV reinforcement
2018-05-28 13:45:33,422 RCV reinforcement
2018-05-28 13:45:33,447 RCV reinforcement
2018-05-28 13:45:33,628 RF found but not transmitted
2018-05-28 13:45:34,594 RF found but not transmitted
2018-05-28 13:45:34,920 RF found but not transmitted
2018-05-28 13:45:35,020 RF found but not transmitted
2018-05-28 13:45:35,073 RCV commit
2018-05-28 13:45:35,371 RF found but not transmitted
2018-05-28 13:45:35,427 RF found but not transmitted
2018-05-28 13:45:35,502 appended honest commit a07129fa65 on top of 92974b2eac
2018-05-28 13:45:35,841 Weight: 115.94084689012858 #RFs 79
2018-05-28 13:45:35,842 weight: 115.94084689012858
2018-05-28 13:45:35,847 , 115.94084689012858
2018-05-28 13:45:36,251 RCV reinforcement info
2018-05-28 13:45:37,944 RCV reinforcement info
2018-05-28 13:45:39,064 RF found but not transmitted
2018-05-28 13:45:39,144 RCV reinforcement info
2018-05-28 13:45:39,467 RCV reinforcement info
2018-05-28 13:45:39,877 RF found but not transmitted
2018-05-28 13:45:39,928 RCV proposal
2018-05-28 13:45:39,931 appended honest propose 6d9c2b8724 on top of a07129fa65
2018-05-28 13:45:40,066 RCV reinforcement
2018-05-28 13:45:40,086 RCV reinforcement
2018-05-28 13:45:40,185 RF found but not transmitted
2018-05-28 13:45:40,409 RF found but not transmitted
2018-05-28 13:45:40,791 RF found but not transmitted
2018-05-28 13:45:41,350 RCV reinforcement info
2018-05-28 13:45:41,478 RCV reinforcement
2018-05-28 13:45:41,664 RCV commit
2018-05-28 13:45:41,721 appended honest commit 2baf80f0d5 on top of 6d9c2b8724
2018-05-28 13:45:41,740 Weight: 118.8880583871656 #RFs 4
2018-05-28 13:45:41,740 weight: 118.8880583871656
2018-05-28 13:45:41,740 , 118.8880583871656
2018-05-28 13:45:42,443 RCV reinforcement info
2018-05-28 13:45:42,502 RF found but not transmitted
2018-05-28 13:45:44,429 RCV proposal
2018-05-28 13:45:44,431 appended honest propose a85e2cb0b2 on top of 2baf80f0d5
2018-05-28 13:45:44,547 RCV reinforcement
2018-05-28 13:45:44,602 RCV reinforcement info
2018-05-28 13:45:44,792 RF found but not transmitted
2018-05-28 13:45:44,799 RCV reinforcement
2018-05-28 13:45:44,878 RF found but not transmitted
2018-05-28 13:45:45,959 RCV commit
2018-05-28 13:45:45,962 appended honest commit 177c08d26c on top of a85e2cb0b2
2018-05-28 13:45:45,963 Weight: 119.96744242209036 #RFs 1
2018-05-28 13:45:45,963 weight: 119.96744242209036
2018-05-28 13:45:45,964 , 119.96744242209036
2018-05-28 13:45:46,033 RF found but not transmitted
2018-05-28 13:45:47,337 RCV reinforcement info
2018-05-28 13:45:47,525 RCV proposal
2018-05-28 13:45:47,528 appended malicious propose 6ab2d97dd7 on top of 3ab7f13317
2018-05-28 13:45:47,529 REINFORCEMENT SENT state
2018-05-28 13:45:47,530 SNT reinforcement
2018-05-28 13:45:47,702 RCV reinforcement
2018-05-28 13:45:49,059 RCV commit
2018-05-28 13:45:49,073 appended malicious commit dcfda229fc on top of 6ab2d97dd7
2018-05-28 13:45:49,082 Weight: 95.65661337862913 #RFs 5
2018-05-28 13:45:49,082 weight: 95.65661337862913
2018-05-28 13:45:49,083 , 95.65661337862913
2018-05-28 13:45:49,085 MALICIOUS MINING state
2018-05-28 13:45:49,086 END: HONEST WIN. 119.96744242209036 against 115.65661337862913
2018-05-28 13:45:49,086 start mining - depth 21
2018-05-28 13:45:49,086 start mining - hash dcfda229fcf85c220ffbaa6e32c05d57c428a83d7d37ae263ce8e67a0433abe0
2018-05-28 13:45:49,555 RF found but not transmitted
2018-05-28 13:45:50,006 RCV reinforcement info
2018-05-28 13:45:50,414 RF found but not transmitted
2018-05-28 13:45:50,526 RF found but not transmitted
2018-05-28 13:45:50,692 RF found but not transmitted
2018-05-28 13:45:50,931 RF found but not transmitted
2018-05-28 13:45:51,432 RCV proposal
2018-05-28 13:45:51,434 appended malicious propose a3bf8ae180 on top of dcfda229fc
2018-05-28 13:45:51,435 REINFORCEMENT SENT state
2018-05-28 13:45:51,436 SNT reinforcement
2018-05-28 13:45:51,443 RF found but not transmitted
2018-05-28 13:45:51,746 RCV reinforcement info
2018-05-28 13:45:52,116 RCV reinforcement info
