2018-06-11 20:56:46,861 ---------------------------------------------------------
2018-06-11 20:56:46,862 MALICIOUS MINING state
2018-06-11 20:56:47,896 start mining - depth 0
2018-06-11 20:56:47,897 start mining - hash 78ba6789a38f3f4adecdbf43cc8a6360f4867f27ca1ddd55be2de2457e55e498
2018-06-11 20:56:49,102 RCV reinforcement info
2018-06-11 20:56:50,585 RCV reinforcement info
2018-06-11 20:56:51,038 RF found but not transmitted
2018-06-11 20:56:51,117 RF found but not transmitted
2018-06-11 20:56:51,942 RCV reinforcement info
2018-06-11 20:56:52,030 RCV reinforcement info
2018-06-11 20:56:52,114 RCV reinforcement info
2018-06-11 20:56:52,599 RF found but not transmitted
2018-06-11 20:56:53,518 RCV reinforcement info
2018-06-11 20:56:53,904 RCV reinforcement info
2018-06-11 20:56:54,120 RCV reinforcement info
2018-06-11 20:56:54,343 RCV reinforcement info
2018-06-11 20:56:55,106 RCV reinforcement info
2018-06-11 20:56:56,504 RF found but not transmitted
2018-06-11 20:56:56,709 RCV reinforcement info
2018-06-11 20:56:58,083 RF found but not transmitted
2018-06-11 20:56:59,479 RCV reinforcement info
2018-06-11 20:56:59,853 RCV reinforcement info
2018-06-11 20:57:01,289 RCV reinforcement info
2018-06-11 20:57:02,859 RF found but not transmitted
2018-06-11 20:57:03,956 RCV proposal
2018-06-11 20:57:03,958 appended honest propose 314b448cd3 on top of 78ba6789a3
2018-06-11 20:57:04,027 RCV reinforcement
2018-06-11 20:57:04,031 RCV reinforcement
2018-06-11 20:57:05,492 RCV commit
2018-06-11 20:57:05,569 appended honest commit 09363bfd63 on top of 314b448cd3
2018-06-11 20:57:05,622 Weight: 2.904189849761851 #RFs 14
2018-06-11 20:57:05,622 weight: 2.904189849761851
2018-06-11 20:57:05,623 , 2.904189849761851
2018-06-11 20:57:05,623 start mining - depth 1
2018-06-11 20:57:05,623 start mining - hash 09363bfd63f8b27a6a3baafb2691a6ee1ed0f830ca716844947684fe91638150
2018-06-11 20:57:06,350 RCV reinforcement info
2018-06-11 20:57:06,403 RCV reinforcement info
2018-06-11 20:57:07,683 RF found but not transmitted
2018-06-11 20:57:11,045 RCV reinforcement info
2018-06-11 20:57:12,110 RCV reinforcement info
2018-06-11 20:57:13,116 RCV reinforcement info
2018-06-11 20:57:13,298 RCV reinforcement info
2018-06-11 20:57:13,471 RCV reinforcement info
2018-06-11 20:57:13,555 RCV reinforcement info
2018-06-11 20:57:14,263 RF found but not transmitted
2018-06-11 20:57:17,400 RF found but not transmitted
2018-06-11 20:57:17,401 hash found
2018-06-11 20:57:17,402 SNT malicious_proposal_agreement
2018-06-11 20:57:19,620 RCV proposal
2018-06-11 20:57:19,626 appended honest propose a279eeee36 on top of 09363bfd63
2018-06-11 20:57:19,684 RCV reinforcement
2018-06-11 20:57:19,836 RCV reinforcement info
2018-06-11 20:57:19,900 RCV reinforcement
2018-06-11 20:57:20,782 RF found but not transmitted
2018-06-11 20:57:21,144 RCV commit
2018-06-11 20:57:21,191 appended honest commit 6a3b6c0f68 on top of a279eeee36
2018-06-11 20:57:21,245 Weight: 5.094578369178073 #RFs 9
2018-06-11 20:57:21,245 weight: 5.094578369178073
2018-06-11 20:57:21,245 , 5.094578369178073
2018-06-11 20:57:21,251 appended malicious propose 3ba3dd8dcd on top of 09363bfd63
2018-06-11 20:57:21,251 REINFORCEMENT COLLECTING state
2018-06-11 20:57:21,299 SNT proposal
2018-06-11 20:57:21,503 RCV reinforcement
2018-06-11 20:57:21,549 RCV reinforcement
2018-06-11 20:57:21,567 RCV reinforcement
2018-06-11 20:57:21,575 RCV reinforcement
2018-06-11 20:57:21,581 RCV reinforcement
2018-06-11 20:57:21,586 RCV reinforcement
2018-06-11 20:57:22,495 RCV reinforcement
2018-06-11 20:57:22,805 commit with 7 reinforcements
2018-06-11 20:57:22,839 appended malicious commit 7e43c7fdec on top of 3ba3dd8dcd
2018-06-11 20:57:22,866 Weight: 8.445019664400636 #RFs 21
2018-06-11 20:57:22,866 weight: 8.445019664400636
2018-06-11 20:57:22,866 , 8.445019664400636
2018-06-11 20:57:22,866 MALICIOUS MINING state
2018-06-11 20:57:22,866 start mining - depth 2
2018-06-11 20:57:22,867 start mining - hash 7e43c7fdec85c770151b7b823204a7a01499cf03327f11b0a690c54544df1a27
2018-06-11 20:57:22,867 SNT commit
2018-06-11 20:57:27,013 RCV reinforcement info
2018-06-11 20:57:28,720 RF found but not transmitted
2018-06-11 20:57:32,340 RCV malicious_prop_agreement
2018-06-11 20:57:35,056 RCV reinforcement info
2018-06-11 20:57:40,655 RF found but not transmitted
2018-06-11 20:57:40,914 RCV reinforcement info
2018-06-11 20:57:42,054 RCV reinforcement info
2018-06-11 20:57:44,035 RCV reinforcement info
2018-06-11 20:57:44,345 RCV reinforcement info
2018-06-11 20:57:47,269 RCV reinforcement info
2018-06-11 20:57:48,014 RCV reinforcement info
2018-06-11 20:57:48,264 RCV reinforcement info
2018-06-11 20:57:50,630 RF found but not transmitted
2018-06-11 20:57:54,059 RCV reinforcement info
2018-06-11 20:57:56,182 RCV reinforcement info
2018-06-11 20:57:57,582 RCV reinforcement info
2018-06-11 20:57:57,639 RCV reinforcement info
2018-06-11 20:57:57,686 RCV reinforcement info
2018-06-11 20:57:58,126 RF found but not transmitted
2018-06-11 20:57:59,845 RF found but not transmitted
2018-06-11 20:58:00,732 RCV reinforcement info
2018-06-11 20:58:01,331 RCV reinforcement info
2018-06-11 20:58:01,509 RF found but not transmitted
2018-06-11 20:58:02,310 RF found but not transmitted
2018-06-11 20:58:02,600 RCV reinforcement info
2018-06-11 20:58:03,282 RCV proposal
2018-06-11 20:58:03,285 appended honest propose ab78cab6ed on top of 7e43c7fdec
2018-06-11 20:58:03,357 RCV reinforcement
2018-06-11 20:58:03,367 RCV reinforcement
2018-06-11 20:58:04,509 RCV reinforcement info
2018-06-11 20:58:04,574 RCV reinforcement
2018-06-11 20:58:04,849 RCV commit
2018-06-11 20:58:04,950 appended honest commit 3ac3c54571 on top of ab78cab6ed
2018-06-11 20:58:05,044 Weight: 12.589492117051526 #RFs 18
2018-06-11 20:58:05,044 weight: 12.589492117051526
2018-06-11 20:58:05,044 , 12.589492117051526
2018-06-11 20:58:05,048 RCV reinforcement info
2018-06-11 20:58:05,097 RCV reinforcement
2018-06-11 20:58:05,202 RCV proposal
2018-06-11 20:58:05,207 appended malicious propose 8e8613d5eb on top of 7e43c7fdec
2018-06-11 20:58:05,208 REINFORCEMENT SENT state
2018-06-11 20:58:05,210 SNT reinforcement
2018-06-11 20:58:05,330 RCV reinforcement
2018-06-11 20:58:05,333 RCV reinforcement
2018-06-11 20:58:05,378 RCV reinforcement
2018-06-11 20:58:05,404 RCV reinforcement
2018-06-11 20:58:05,414 RCV reinforcement
2018-06-11 20:58:05,478 RCV reinforcement
2018-06-11 20:58:05,540 RCV proposal
2018-06-11 20:58:05,544 appended honest propose a62cd3e02b on top of 3ac3c54571
2018-06-11 20:58:05,556 RF found but not transmitted
2018-06-11 20:58:05,558 SNT reinforcement
2018-06-11 20:58:05,891 RF found but not transmitted
2018-06-11 20:58:05,896 SNT reinforcement
2018-06-11 20:58:06,531 RCV reinforcement
2018-06-11 20:58:06,718 RCV reinforcement info
2018-06-11 20:58:06,778 RCV reinforcement
2018-06-11 20:58:06,905 RCV commit
2018-06-11 20:58:07,321 appended malicious commit 0c699d52b1 on top of 8e8613d5eb
2018-06-11 20:58:07,717 Weight: 21.91199212086409 #RFs 64
2018-06-11 20:58:07,717 weight: 21.91199212086409
2018-06-11 20:58:07,724 , 21.91199212086409
2018-06-11 20:58:07,725 MALICIOUS MINING state
2018-06-11 20:58:07,725 start mining - depth 3
2018-06-11 20:58:07,725 start mining - hash 0c699d52b17d9b9add53d3529d6b873433d8d4535709cc351fb4eadb858e61a0
2018-06-11 20:58:07,730 Hashing frequency: 4192
2018-06-11 20:58:07,735 RCV malicious_prop_agreement
2018-06-11 20:58:07,803 RCV commit
2018-06-11 20:58:07,803 appended honest commit 9d7894159d on top of a62cd3e02b
2018-06-11 20:58:07,804 Weight: 13.589492117051526 #RFs 0
2018-06-11 20:58:07,804 weight: 13.589492117051526
2018-06-11 20:58:07,804 , 13.589492117051526
2018-06-11 20:58:07,805 Synchronizing branches
2018-06-11 20:58:07,805 start mining - depth 3
2018-06-11 20:58:07,806 start mining - hash 0c699d52b17d9b9add53d3529d6b873433d8d4535709cc351fb4eadb858e61a0
2018-06-11 20:58:08,026 RCV reinforcement info
2018-06-11 20:58:08,306 RCV reinforcement info
2018-06-11 20:58:08,465 RCV malicious_prop_agreement
2018-06-11 20:58:10,958 RCV reinforcement info
2018-06-11 20:58:14,666 RCV reinforcement info
2018-06-11 20:58:15,390 RF found but not transmitted
2018-06-11 20:58:15,622 RF found but not transmitted
2018-06-11 20:58:18,793 RCV reinforcement info
2018-06-11 20:58:20,098 RCV reinforcement info
2018-06-11 20:58:20,567 RCV reinforcement info
2018-06-11 20:58:20,976 RF found but not transmitted
2018-06-11 20:58:21,635 RCV reinforcement info
2018-06-11 20:58:21,821 RF found but not transmitted
2018-06-11 20:58:22,355 RCV reinforcement info
2018-06-11 20:58:22,913 RF found but not transmitted
2018-06-11 20:58:23,448 RCV reinforcement info
2018-06-11 20:58:24,966 RCV reinforcement info
2018-06-11 20:58:27,404 RCV reinforcement info
2018-06-11 20:58:27,801 RF found but not transmitted
2018-06-11 20:58:29,703 RF found but not transmitted
2018-06-11 20:58:31,069 RCV reinforcement info
2018-06-11 20:58:32,828 RCV reinforcement info
2018-06-11 20:58:35,202 RCV reinforcement info
2018-06-11 20:58:36,677 RCV reinforcement info
2018-06-11 20:58:37,578 RF found but not transmitted
2018-06-11 20:58:39,597 RCV reinforcement info
2018-06-11 20:58:41,175 RF found but not transmitted
2018-06-11 20:58:43,172 RF found but not transmitted
2018-06-11 20:58:44,093 RCV reinforcement info
2018-06-11 20:58:44,999 RCV proposal
2018-06-11 20:58:45,003 appended honest propose bb277bca6f on top of 0c699d52b1
2018-06-11 20:58:45,069 RCV reinforcement
2018-06-11 20:58:45,077 RCV reinforcement
2018-06-11 20:58:45,311 RCV reinforcement info
2018-06-11 20:58:45,385 RCV reinforcement
2018-06-11 20:58:46,584 RCV commit
2018-06-11 20:58:46,680 appended honest commit 98613c116c on top of bb277bca6f
2018-06-11 20:58:46,828 Weight: 27.45183870482606 #RFs 18
2018-06-11 20:58:46,829 weight: 27.45183870482606
2018-06-11 20:58:46,829 , 27.45183870482606
2018-06-11 20:58:46,994 RCV proposal
2018-06-11 20:58:47,009 appended malicious propose 3df2e6fcc4 on top of 0c699d52b1
2018-06-11 20:58:47,011 REINFORCEMENT SENT state
2018-06-11 20:58:47,028 SNT reinforcement
2018-06-11 20:58:47,213 RCV reinforcement
2018-06-11 20:58:47,245 RCV reinforcement
2018-06-11 20:58:47,253 RCV reinforcement
2018-06-11 20:58:47,257 RCV reinforcement
2018-06-11 20:58:47,261 RCV reinforcement
2018-06-11 20:58:48,635 RCV commit
2018-06-11 20:58:48,979 appended malicious commit 96a54e82a1 on top of 3df2e6fcc4
2018-06-11 20:58:49,256 Weight: 33.22848172549041 #RFs 50
2018-06-11 20:58:49,256 weight: 33.22848172549041
2018-06-11 20:58:49,257 , 33.22848172549041
2018-06-11 20:58:49,264 MALICIOUS MINING state
2018-06-11 20:58:49,265 start mining - depth 4
2018-06-11 20:58:49,265 start mining - hash 96a54e82a196485868f7023656509f3f5ad832c682516788308591cad14a1528
2018-06-11 20:58:49,836 RF found but not transmitted
2018-06-11 20:58:50,287 RCV reinforcement info
2018-06-11 20:58:50,818 RCV proposal
2018-06-11 20:58:50,822 appended honest propose 6eda58b855 on top of 96a54e82a1
2018-06-11 20:58:50,883 RCV reinforcement
2018-06-11 20:58:51,598 RCV reinforcement info
2018-06-11 20:58:51,658 RCV reinforcement
2018-06-11 20:58:52,252 RCV reinforcement info
2018-06-11 20:58:52,319 RCV reinforcement
2018-06-11 20:58:52,396 RCV commit
2018-06-11 20:58:52,424 appended honest commit 38e4806a0d on top of 6eda58b855
2018-06-11 20:58:52,428 Weight: 35.31478269053957 #RFs 2
2018-06-11 20:58:52,429 weight: 35.31478269053957
2018-06-11 20:58:52,429 , 35.31478269053957
2018-06-11 20:58:52,430 start mining - depth 5
2018-06-11 20:58:52,430 start mining - hash 38e4806a0d09ddadc8dc9f4d63d8912b585a0c7cb702baee137461e23cee7cc5
2018-06-11 20:58:55,313 RCV reinforcement info
2018-06-11 20:58:57,526 RCV reinforcement info
2018-06-11 20:58:57,588 RCV reinforcement info
2018-06-11 20:58:58,345 RCV reinforcement info
2018-06-11 20:58:59,233 RCV reinforcement info
2018-06-11 20:58:59,917 RCV reinforcement info
2018-06-11 20:59:03,441 RCV reinforcement info
2018-06-11 20:59:05,055 RCV reinforcement info
2018-06-11 20:59:08,517 RCV reinforcement info
2018-06-11 20:59:11,047 RCV reinforcement info
2018-06-11 20:59:11,763 RCV reinforcement info
2018-06-11 20:59:14,566 RCV reinforcement info
2018-06-11 20:59:15,773 RF found but not transmitted
2018-06-11 20:59:17,086 RCV proposal
2018-06-11 20:59:17,089 appended honest propose 8902900db3 on top of 38e4806a0d
2018-06-11 20:59:17,159 RCV reinforcement
2018-06-11 20:59:17,212 RF found but not transmitted
2018-06-11 20:59:17,281 RCV malicious_prop_agreement
2018-06-11 20:59:17,443 RCV reinforcement info
2018-06-11 20:59:17,502 RCV reinforcement
2018-06-11 20:59:18,636 RCV commit
2018-06-11 20:59:18,719 appended honest commit 34fefc6e01 on top of 8902900db3
2018-06-11 20:59:18,780 Weight: 39.106766121858044 #RFs 13
2018-06-11 20:59:18,780 weight: 39.106766121858044
2018-06-11 20:59:18,780 , 39.106766121858044
2018-06-11 20:59:18,902 RCV proposal
2018-06-11 20:59:18,905 appended malicious propose 6cc2d9e84b on top of 38e4806a0d
2018-06-11 20:59:18,906 REINFORCEMENT SENT state
2018-06-11 20:59:18,909 SNT reinforcement
2018-06-11 20:59:19,041 RCV reinforcement
2018-06-11 20:59:19,064 RCV reinforcement
2018-06-11 20:59:19,076 RCV reinforcement
2018-06-11 20:59:19,093 RCV reinforcement
2018-06-11 20:59:19,099 RCV reinforcement
2018-06-11 20:59:20,080 RCV reinforcement
2018-06-11 20:59:20,444 RF found but not transmitted
2018-06-11 20:59:20,446 SNT reinforcement
2018-06-11 20:59:20,516 RCV proposal
2018-06-11 20:59:20,527 appended honest propose dc4c802d8d on top of 34fefc6e01
2018-06-11 20:59:20,556 RCV commit
2018-06-11 20:59:20,823 appended malicious commit b58d7b16a9 on top of 6cc2d9e84b
2018-06-11 20:59:20,971 Weight: 41.28119318243343 #RFs 35
2018-06-11 20:59:20,972 weight: 41.28119318243343
2018-06-11 20:59:20,972 , 41.28119318243343
2018-06-11 20:59:20,974 MALICIOUS MINING state
2018-06-11 20:59:20,974 start mining - depth 6
2018-06-11 20:59:20,975 start mining - hash b58d7b16a9062ed0ae9d0bfaadf139193a4b5527c6e466b6b7066122b1cbfced
2018-06-11 20:59:20,976 Hashing frequency: 3938
2018-06-11 20:59:21,014 RF found but not transmitted
2018-06-11 20:59:21,443 RF found but not transmitted
2018-06-11 20:59:21,986 RCV commit
2018-06-11 20:59:21,987 appended honest commit 8512d5c8c6 on top of dc4c802d8d
2018-06-11 20:59:21,987 Weight: 40.106766121858044 #RFs 0
2018-06-11 20:59:21,987 weight: 40.106766121858044
2018-06-11 20:59:21,987 , 40.106766121858044
2018-06-11 20:59:21,989 Synchronizing branches
2018-06-11 20:59:21,989 start mining - depth 6
2018-06-11 20:59:21,990 start mining - hash b58d7b16a9062ed0ae9d0bfaadf139193a4b5527c6e466b6b7066122b1cbfced
2018-06-11 20:59:22,028 RF found but not transmitted
2018-06-11 20:59:22,457 RF found but not transmitted
2018-06-11 20:59:22,869 RCV reinforcement info
2018-06-11 20:59:23,957 RCV reinforcement info
2018-06-11 20:59:24,199 RCV reinforcement info
2018-06-11 20:59:26,449 RCV malicious_prop_agreement
2018-06-11 20:59:27,868 RF found but not transmitted
2018-06-11 20:59:27,941 RF found but not transmitted
2018-06-11 20:59:28,097 RCV reinforcement info
2018-06-11 20:59:28,475 RCV reinforcement info
2018-06-11 20:59:31,855 RF found but not transmitted
2018-06-11 20:59:32,697 RCV reinforcement info
2018-06-11 20:59:33,981 RF found but not transmitted
2018-06-11 20:59:38,252 RF found but not transmitted
2018-06-11 20:59:39,059 RCV reinforcement info
2018-06-11 20:59:39,220 RF found but not transmitted
2018-06-11 20:59:39,678 RF found but not transmitted
2018-06-11 20:59:41,239 RCV reinforcement info
2018-06-11 20:59:41,313 RCV reinforcement info
2018-06-11 20:59:47,868 RF found but not transmitted
2018-06-11 20:59:48,147 RCV proposal
2018-06-11 20:59:48,151 appended honest propose 515582287b on top of b58d7b16a9
2018-06-11 20:59:48,226 RCV reinforcement
2018-06-11 20:59:48,243 RCV reinforcement
2018-06-11 20:59:49,289 RCV reinforcement info
2018-06-11 20:59:49,349 RCV reinforcement
2018-06-11 20:59:49,703 RCV commit
2018-06-11 20:59:49,814 appended honest commit 8eca1caf9a on top of 515582287b
2018-06-11 20:59:49,866 Weight: 44.83806679801444 #RFs 10
2018-06-11 20:59:49,866 weight: 44.83806679801444
2018-06-11 20:59:49,866 , 44.83806679801444
2018-06-11 20:59:49,985 RCV proposal
2018-06-11 20:59:49,989 appended malicious propose c2d52187fe on top of b58d7b16a9
2018-06-11 20:59:49,990 REINFORCEMENT SENT state
2018-06-11 20:59:49,991 SNT reinforcement
2018-06-11 20:59:50,136 RCV reinforcement
2018-06-11 20:59:50,240 RCV reinforcement
2018-06-11 20:59:50,254 RCV reinforcement
2018-06-11 20:59:50,258 RCV reinforcement
2018-06-11 20:59:50,311 RCV reinforcement
2018-06-11 20:59:50,396 RCV reinforcement
2018-06-11 20:59:50,478 RCV reinforcement info
2018-06-11 20:59:51,331 RCV reinforcement
2018-06-11 20:59:51,659 RCV commit
2018-06-11 20:59:51,979 appended malicious commit ccc6f052a3 on top of c2d52187fe
2018-06-11 20:59:52,255 Weight: 52.80095452928794 #RFs 46
2018-06-11 20:59:52,255 weight: 52.80095452928794
2018-06-11 20:59:52,256 , 52.80095452928794
2018-06-11 20:59:52,257 MALICIOUS MINING state
2018-06-11 20:59:52,257 start mining - depth 7
2018-06-11 20:59:52,257 start mining - hash ccc6f052a3574a5bb5ca0b821a7eb6d2d2e63d364ebfc6d8adbcff13b20bfdfb
2018-06-11 20:59:53,491 RCV reinforcement info
2018-06-11 20:59:54,543 RF found but not transmitted
2018-06-11 20:59:57,212 RF found but not transmitted
2018-06-11 20:59:59,171 RCV reinforcement info
2018-06-11 20:59:59,520 RCV reinforcement info
2018-06-11 21:00:00,428 RF found but not transmitted
2018-06-11 21:00:01,595 RCV reinforcement info
2018-06-11 21:00:01,953 RCV reinforcement info
2018-06-11 21:00:03,273 RCV reinforcement info
2018-06-11 21:00:04,652 RCV reinforcement info
2018-06-11 21:00:04,811 RF found but not transmitted
2018-06-11 21:00:04,944 RCV reinforcement info
2018-06-11 21:00:08,101 RCV reinforcement info
2018-06-11 21:00:08,799 RCV reinforcement info
2018-06-11 21:00:09,257 RCV reinforcement info
2018-06-11 21:00:09,505 RCV reinforcement info
2018-06-11 21:00:10,026 RCV reinforcement info
2018-06-11 21:00:11,059 RF found but not transmitted
2018-06-11 21:00:11,064 RCV reinforcement info
2018-06-11 21:00:12,017 RF found but not transmitted
2018-06-11 21:00:12,018 hash found
2018-06-11 21:00:12,019 SNT malicious_proposal_agreement
2018-06-11 21:00:12,612 RCV proposal
2018-06-11 21:00:12,616 appended honest propose dd5cbb5761 on top of ccc6f052a3
2018-06-11 21:00:12,684 RCV reinforcement
2018-06-11 21:00:12,694 RCV reinforcement
2018-06-11 21:00:14,190 RCV commit
2018-06-11 21:00:14,294 appended honest commit c80f4a8a5e on top of dd5cbb5761
2018-06-11 21:00:14,375 Weight: 55.508992577693476 #RFs 14
2018-06-11 21:00:14,375 weight: 55.508992577693476
2018-06-11 21:00:14,375 , 55.508992577693476
2018-06-11 21:00:14,417 appended malicious propose c82eada1a2 on top of ccc6f052a3
2018-06-11 21:00:14,417 REINFORCEMENT COLLECTING state
2018-06-11 21:00:14,471 SNT proposal
2018-06-11 21:00:14,703 RCV reinforcement
2018-06-11 21:00:14,732 RCV reinforcement
2018-06-11 21:00:14,761 RCV reinforcement
2018-06-11 21:00:14,791 RCV reinforcement
2018-06-11 21:00:14,839 RCV reinforcement
2018-06-11 21:00:14,868 RCV reinforcement
2018-06-11 21:00:15,310 RCV reinforcement
2018-06-11 21:00:15,422 RCV reinforcement info
2018-06-11 21:00:15,977 commit with 7 reinforcements
2018-06-11 21:00:16,028 appended malicious commit ffabe8fb4f on top of c82eada1a2
2018-06-11 21:00:16,071 Weight: 59.490256678503755 #RFs 34
2018-06-11 21:00:16,071 weight: 59.490256678503755
2018-06-11 21:00:16,071 , 59.490256678503755
2018-06-11 21:00:16,072 MALICIOUS MINING state
2018-06-11 21:00:16,072 start mining - depth 8
2018-06-11 21:00:16,072 start mining - hash ffabe8fb4fe0e3bf98a804ba91fcf9f5f8719c65d06781b8bbb39cbf9db71c22
2018-06-11 21:00:16,072 SNT commit
2018-06-11 21:00:16,841 RCV reinforcement info
2018-06-11 21:00:17,312 RCV reinforcement info
2018-06-11 21:00:17,649 RCV proposal
2018-06-11 21:00:17,651 appended honest propose 640570c2fa on top of ffabe8fb4f
2018-06-11 21:00:19,089 RCV reinforcement info
2018-06-11 21:00:19,157 RCV commit
2018-06-11 21:00:19,163 appended honest commit b55ceeab47 on top of 640570c2fa
2018-06-11 21:00:19,179 Weight: 60.83230288074613 #RFs 2
2018-06-11 21:00:19,179 weight: 60.83230288074613
2018-06-11 21:00:19,179 , 60.83230288074613
2018-06-11 21:00:19,181 start mining - depth 9
2018-06-11 21:00:19,181 start mining - hash b55ceeab47f0df9701da7d5aa3eb0a350619202ec836485f46f1955decfb4c20
2018-06-11 21:00:19,186 RCV reinforcement
2018-06-11 21:00:20,505 RCV reinforcement info
2018-06-11 21:00:21,653 RF found but not transmitted
2018-06-11 21:00:23,367 RCV reinforcement info
2018-06-11 21:00:23,722 RF found but not transmitted
2018-06-11 21:00:23,724 hash found
2018-06-11 21:00:23,725 SNT malicious_proposal_agreement
2018-06-11 21:00:24,784 RCV reinforcement info
2018-06-11 21:00:26,520 RCV reinforcement info
2018-06-11 21:00:27,074 RCV reinforcement info
2018-06-11 21:00:28,763 RCV reinforcement info
2018-06-11 21:00:28,791 RF found but not transmitted
2018-06-11 21:00:28,922 RF found but not transmitted
2018-06-11 21:00:30,351 RCV reinforcement info
2018-06-11 21:00:30,884 RCV reinforcement info
2018-06-11 21:00:34,857 RF found but not transmitted
2018-06-11 21:00:35,158 RCV reinforcement info
2018-06-11 21:00:36,487 RCV reinforcement info
2018-06-11 21:00:36,696 RCV reinforcement info
2018-06-11 21:00:36,987 RCV reinforcement info
2018-06-11 21:00:37,471 RCV reinforcement info
2018-06-11 21:00:38,190 RF found but not transmitted
2018-06-11 21:00:38,874 RF found but not transmitted
2018-06-11 21:00:40,565 RCV reinforcement info
2018-06-11 21:00:40,628 RCV reinforcement info
2018-06-11 21:00:42,672 RCV reinforcement info
2018-06-11 21:00:43,314 RCV reinforcement info
2018-06-11 21:00:45,158 RCV reinforcement info
2018-06-11 21:00:45,175 RCV reinforcement info
2018-06-11 21:00:45,300 RCV reinforcement info
2018-06-11 21:00:45,735 RCV reinforcement info
2018-06-11 21:00:45,904 RCV reinforcement info
2018-06-11 21:00:46,301 RCV reinforcement info
2018-06-11 21:00:47,621 RCV reinforcement info
2018-06-11 21:00:47,677 RCV reinforcement info
2018-06-11 21:00:48,457 RCV reinforcement info
2018-06-11 21:00:50,892 RCV reinforcement info
2018-06-11 21:00:52,409 RCV reinforcement info
2018-06-11 21:00:52,583 RCV reinforcement info
2018-06-11 21:00:54,180 RCV reinforcement info
2018-06-11 21:00:55,352 RCV reinforcement info
2018-06-11 21:00:58,329 RF found but not transmitted
2018-06-11 21:00:58,925 RF found but not transmitted
2018-06-11 21:01:00,474 RF found but not transmitted
2018-06-11 21:01:02,211 RCV reinforcement info
2018-06-11 21:01:02,574 RCV reinforcement info
2018-06-11 21:01:03,652 RCV reinforcement info
2018-06-11 21:01:05,587 RCV reinforcement info
2018-06-11 21:01:05,610 RCV reinforcement info
2018-06-11 21:01:05,953 RCV reinforcement info
2018-06-11 21:01:06,718 RF found but not transmitted
2018-06-11 21:01:06,776 RCV reinforcement info
2018-06-11 21:01:06,849 RCV reinforcement info
2018-06-11 21:01:10,846 RCV reinforcement info
2018-06-11 21:01:11,550 RF found but not transmitted
2018-06-11 21:01:18,887 RF found but not transmitted
2018-06-11 21:01:20,259 RF found but not transmitted
2018-06-11 21:01:20,725 RCV reinforcement info
2018-06-11 21:01:21,974 RCV reinforcement info
2018-06-11 21:01:22,199 RCV reinforcement info
2018-06-11 21:01:23,018 RCV reinforcement info
2018-06-11 21:01:24,294 RCV reinforcement info
2018-06-11 21:01:24,560 RCV reinforcement info
2018-06-11 21:01:24,681 RCV reinforcement info
2018-06-11 21:01:26,222 RCV reinforcement info
2018-06-11 21:01:28,304 RCV reinforcement info
2018-06-11 21:01:29,312 RCV proposal
2018-06-11 21:01:29,315 appended honest propose eef96d0293 on top of b55ceeab47
2018-06-11 21:01:29,395 RCV reinforcement
2018-06-11 21:01:29,411 RCV reinforcement
2018-06-11 21:01:30,807 RCV reinforcement info
2018-06-11 21:01:30,871 RCV reinforcement
2018-06-11 21:01:31,074 RCV commit
2018-06-11 21:01:31,389 appended honest commit 0a383e82b9 on top of eef96d0293
2018-06-11 21:01:31,663 Weight: 69.48065871917382 #RFs 49
2018-06-11 21:01:31,663 weight: 69.48065871917382
2018-06-11 21:01:31,663 , 69.48065871917382
2018-06-11 21:01:31,672 appended malicious propose 8649dcefb4 on top of b55ceeab47
2018-06-11 21:01:31,672 REINFORCEMENT COLLECTING state
2018-06-11 21:01:31,801 SNT proposal
2018-06-11 21:01:32,072 RCV reinforcement info
2018-06-11 21:01:32,075 RCV reinforcement
2018-06-11 21:01:32,142 RCV reinforcement
2018-06-11 21:01:32,176 RCV reinforcement
2018-06-11 21:01:32,200 RCV reinforcement
2018-06-11 21:01:32,227 RCV reinforcement
2018-06-11 21:01:32,258 RCV reinforcement
2018-06-11 21:01:32,995 RCV reinforcement info
2018-06-11 21:01:33,308 commit with 7 reinforcements
2018-06-11 21:01:33,438 appended malicious commit d93623bc27 on top of 8649dcefb4
2018-06-11 21:01:33,565 Weight: 86.72899103036576 #RFs 98
2018-06-11 21:01:33,565 weight: 86.72899103036576
2018-06-11 21:01:33,565 , 86.72899103036576
2018-06-11 21:01:33,567 MALICIOUS MINING state
2018-06-11 21:01:33,567 start mining - depth 10
2018-06-11 21:01:33,568 start mining - hash d93623bc278220cf2c189424d3ef50b00c7327d13fb63aa9cf477c0f9b3002fb
2018-06-11 21:01:33,569 Hashing frequency: 6926
2018-06-11 21:01:33,569 SNT commit
2018-06-11 21:01:34,063 RCV reinforcement info
2018-06-11 21:01:35,674 RCV reinforcement info
2018-06-11 21:01:36,062 RCV proposal
2018-06-11 21:01:36,067 appended honest propose c4139cda95 on top of d93623bc27
2018-06-11 21:01:36,151 RCV reinforcement
2018-06-11 21:01:37,632 RCV commit
2018-06-11 21:01:37,639 appended honest commit c4b5b887c9 on top of c4139cda95
2018-06-11 21:01:37,641 Weight: 87.83842965598181 #RFs 1
2018-06-11 21:01:37,641 weight: 87.83842965598181
2018-06-11 21:01:37,641 , 87.83842965598181
2018-06-11 21:01:37,644 start mining - depth 11
2018-06-11 21:01:37,645 start mining - hash c4b5b887c9bd474239c05e5155cdd6f1ab3e044c48238052ab6d31dbc10d065b
2018-06-11 21:01:37,988 RCV reinforcement info
2018-06-11 21:01:40,703 RCV reinforcement info
2018-06-11 21:01:42,581 RCV reinforcement info
2018-06-11 21:01:43,426 RF found but not transmitted
2018-06-11 21:01:43,944 RF found but not transmitted
2018-06-11 21:01:45,956 RCV reinforcement info
2018-06-11 21:01:46,054 RCV reinforcement info
2018-06-11 21:01:47,900 RF found but not transmitted
2018-06-11 21:01:50,142 RCV reinforcement info
2018-06-11 21:01:51,528 RCV reinforcement info
2018-06-11 21:01:51,962 RCV reinforcement info
2018-06-11 21:01:54,977 RF found but not transmitted
2018-06-11 21:01:57,320 RCV reinforcement info
2018-06-11 21:01:58,264 RCV reinforcement info
2018-06-11 21:01:58,841 RCV reinforcement info
2018-06-11 21:01:59,045 RCV reinforcement info
2018-06-11 21:01:59,390 RCV reinforcement info
2018-06-11 21:02:00,078 RF found but not transmitted
2018-06-11 21:02:02,655 RCV reinforcement info
2018-06-11 21:02:04,391 RCV reinforcement info
2018-06-11 21:02:04,955 RCV reinforcement info
2018-06-11 21:02:06,231 RCV malicious_prop_agreement
2018-06-11 21:02:08,412 RCV reinforcement info
2018-06-11 21:02:09,179 RCV reinforcement info
2018-06-11 21:02:09,184 RF found but not transmitted
2018-06-11 21:02:10,824 RCV reinforcement info
2018-06-11 21:02:15,090 RCV reinforcement info
2018-06-11 21:02:15,458 RCV reinforcement info
2018-06-11 21:02:16,385 RCV reinforcement info
2018-06-11 21:02:16,820 RF found but not transmitted
2018-06-11 21:02:18,306 RF found but not transmitted
2018-06-11 21:02:18,824 RF found but not transmitted
2018-06-11 21:02:18,828 RCV reinforcement info
2018-06-11 21:02:20,310 RCV reinforcement info
2018-06-11 21:02:20,756 RCV reinforcement info
2018-06-11 21:02:20,909 RCV reinforcement info
2018-06-11 21:02:21,179 RCV reinforcement info
2018-06-11 21:02:21,221 RCV reinforcement info
2018-06-11 21:02:22,679 RF found but not transmitted
2018-06-11 21:02:23,148 RCV reinforcement info
2018-06-11 21:02:24,172 RCV reinforcement info
2018-06-11 21:02:25,597 RCV reinforcement info
2018-06-11 21:02:26,206 RCV reinforcement info
2018-06-11 21:02:26,208 RCV reinforcement info
2018-06-11 21:02:29,614 RCV reinforcement info
2018-06-11 21:02:29,764 RCV proposal
2018-06-11 21:02:29,767 appended honest propose 61973ddcab on top of c4b5b887c9
2018-06-11 21:02:29,830 RCV reinforcement
2018-06-11 21:02:29,846 RCV reinforcement
2018-06-11 21:02:31,117 RCV reinforcement info
2018-06-11 21:02:31,186 RCV reinforcement
2018-06-11 21:02:31,361 RCV commit
2018-06-11 21:02:31,533 appended honest commit c8d2bbb42c on top of 61973ddcab
2018-06-11 21:02:31,693 Weight: 97.51329007013481 #RFs 35
2018-06-11 21:02:31,693 weight: 97.51329007013481
2018-06-11 21:02:31,693 , 97.51329007013481
2018-06-11 21:02:31,835 RCV reinforcement info
2018-06-11 21:02:31,873 RCV proposal
2018-06-11 21:02:31,876 appended malicious propose 2a7791b414 on top of c4b5b887c9
2018-06-11 21:02:31,876 REINFORCEMENT SENT state
2018-06-11 21:02:31,877 SNT reinforcement
2018-06-11 21:02:32,093 RCV reinforcement
2018-06-11 21:02:32,105 RCV reinforcement
2018-06-11 21:02:32,110 RCV reinforcement
2018-06-11 21:02:32,119 RCV reinforcement
2018-06-11 21:02:32,131 RCV reinforcement
2018-06-11 21:02:32,545 RCV reinforcement
2018-06-11 21:02:32,614 RCV reinforcement
2018-06-11 21:02:33,073 RCV reinforcement
2018-06-11 21:02:33,284 RCV reinforcement
2018-06-11 21:02:33,582 RCV commit
2018-06-11 21:02:33,978 appended malicious commit 46a27c6252 on top of 2a7791b414
2018-06-11 21:02:34,293 Weight: 104.35811738219107 #RFs 72
2018-06-11 21:02:34,293 weight: 104.35811738219107
2018-06-11 21:02:34,294 , 104.35811738219107
2018-06-11 21:02:34,296 MALICIOUS MINING state
2018-06-11 21:02:34,296 start mining - depth 12
2018-06-11 21:02:34,297 start mining - hash 46a27c6252c2a11dcdadc1a765b855799b35095789b6eb56909239684570f3cb
2018-06-11 21:02:34,298 Hashing frequency: 3208
2018-06-11 21:02:35,041 RCV reinforcement info
2018-06-11 21:02:37,972 RCV reinforcement info
2018-06-11 21:02:39,518 RF found but not transmitted
2018-06-11 21:02:40,753 RCV reinforcement info
2018-06-11 21:02:40,844 RCV reinforcement info
2018-06-11 21:02:40,934 RCV reinforcement info
2018-06-11 21:02:41,124 RCV reinforcement info
2018-06-11 21:02:45,642 RCV reinforcement info
2018-06-11 21:02:48,031 RF found but not transmitted
2018-06-11 21:02:52,611 RF found but not transmitted
2018-06-11 21:02:53,009 RCV malicious_prop_agreement
2018-06-11 21:02:55,346 RCV reinforcement info
2018-06-11 21:02:56,445 RF found but not transmitted
2018-06-11 21:02:56,960 RCV reinforcement info
2018-06-11 21:02:56,971 RCV reinforcement info
2018-06-11 21:03:01,202 RCV reinforcement info
2018-06-11 21:03:01,670 RCV reinforcement info
2018-06-11 21:03:02,482 RCV reinforcement info
2018-06-11 21:03:05,077 RF found but not transmitted
2018-06-11 21:03:06,640 RCV reinforcement info
2018-06-11 21:03:07,004 RCV reinforcement info
2018-06-11 21:03:07,698 RCV reinforcement info
2018-06-11 21:03:08,459 RCV reinforcement info
2018-06-11 21:03:10,034 RCV reinforcement info
2018-06-11 21:03:10,325 RCV reinforcement info
2018-06-11 21:03:11,219 RF found but not transmitted
2018-06-11 21:03:12,223 RCV reinforcement info
2018-06-11 21:03:14,359 RF found but not transmitted
2018-06-11 21:03:14,598 RCV reinforcement info
2018-06-11 21:03:15,352 RCV reinforcement info
2018-06-11 21:03:16,249 RF found but not transmitted
2018-06-11 21:03:17,417 RCV reinforcement info
2018-06-11 21:03:19,217 RCV reinforcement info
2018-06-11 21:03:19,691 RF found but not transmitted
2018-06-11 21:03:20,044 RCV reinforcement info
2018-06-11 21:03:20,564 RCV reinforcement info
2018-06-11 21:03:20,852 RF found but not transmitted
2018-06-11 21:03:21,328 RF found but not transmitted
2018-06-11 21:03:21,896 RCV reinforcement info
2018-06-11 21:03:23,783 RCV reinforcement info
2018-06-11 21:03:27,108 RF found but not transmitted
2018-06-11 21:03:27,638 RCV reinforcement info
2018-06-11 21:03:27,719 RCV reinforcement info
2018-06-11 21:03:29,340 RF found but not transmitted
2018-06-11 21:03:29,343 RCV reinforcement info
2018-06-11 21:03:30,100 RCV reinforcement info
2018-06-11 21:03:32,372 RCV reinforcement info
2018-06-11 21:03:34,475 RCV reinforcement info
2018-06-11 21:03:38,030 RCV reinforcement info
2018-06-11 21:03:38,313 RCV reinforcement info
2018-06-11 21:03:42,504 RCV reinforcement info
2018-06-11 21:03:43,934 RCV reinforcement info
2018-06-11 21:03:47,633 RCV reinforcement info
2018-06-11 21:03:48,139 RCV reinforcement info
2018-06-11 21:03:48,363 RCV reinforcement info
2018-06-11 21:03:49,335 RCV reinforcement info
2018-06-11 21:03:50,194 RCV reinforcement info
2018-06-11 21:03:50,317 RCV reinforcement info
2018-06-11 21:03:50,554 RCV reinforcement info
2018-06-11 21:03:50,758 RF found but not transmitted
2018-06-11 21:03:51,394 RCV reinforcement info
2018-06-11 21:03:51,713 RCV reinforcement info
2018-06-11 21:03:51,945 RF found but not transmitted
2018-06-11 21:03:53,190 RCV proposal
2018-06-11 21:03:53,195 appended honest propose d49ce1cffb on top of 46a27c6252
2018-06-11 21:03:53,292 RCV reinforcement
2018-06-11 21:03:53,320 RCV reinforcement
2018-06-11 21:03:53,907 RCV reinforcement info
2018-06-11 21:03:53,927 RCV reinforcement info
2018-06-11 21:03:53,984 RCV reinforcement
2018-06-11 21:03:54,005 RCV reinforcement
2018-06-11 21:03:54,857 RCV commit
2018-06-11 21:03:55,167 appended honest commit f793ee98c4 on top of d49ce1cffb
2018-06-11 21:03:55,441 Weight: 114.06776612320733 #RFs 48
2018-06-11 21:03:55,442 weight: 114.06776612320733
2018-06-11 21:03:55,442 , 114.06776612320733
2018-06-11 21:03:55,535 RF found but not transmitted
2018-06-11 21:03:55,622 RCV proposal
2018-06-11 21:03:55,630 appended malicious propose 1ee0bac0e9 on top of 46a27c6252
2018-06-11 21:03:55,633 REINFORCEMENT SENT state
2018-06-11 21:03:55,634 SNT reinforcement
2018-06-11 21:03:55,845 RCV reinforcement info
2018-06-11 21:03:55,851 RCV reinforcement info
2018-06-11 21:03:55,866 RCV reinforcement
2018-06-11 21:03:55,869 RCV reinforcement
2018-06-11 21:03:55,879 RCV reinforcement
2018-06-11 21:03:55,892 RCV reinforcement
2018-06-11 21:03:55,926 RCV reinforcement
2018-06-11 21:03:56,627 RCV reinforcement
2018-06-11 21:03:56,844 RCV reinforcement
2018-06-11 21:03:56,871 RCV reinforcement
2018-06-11 21:03:57,220 RCV reinforcement
2018-06-11 21:03:57,472 RCV commit
2018-06-11 21:03:58,120 appended malicious commit 32cbbbfe8f on top of 1ee0bac0e9
2018-06-11 21:03:58,860 Weight: 131.28134279188157 #RFs 112
2018-06-11 21:03:58,861 weight: 131.28134279188157
2018-06-11 21:03:58,861 , 131.28134279188157
2018-06-11 21:03:58,861 MALICIOUS MINING state
2018-06-11 21:03:58,862 start mining - depth 13
2018-06-11 21:03:58,863 start mining - hash 32cbbbfe8fcbb3ea9b8f86339e37f244077aa758e34f884d5f52823536846c63
2018-06-11 21:03:58,872 Hashing frequency: 4481
2018-06-11 21:03:59,124 RCV reinforcement info
2018-06-11 21:04:01,683 RF found but not transmitted
2018-06-11 21:04:02,379 RCV malicious_prop_agreement
2018-06-11 21:04:02,771 RCV reinforcement info
2018-06-11 21:04:03,617 RCV reinforcement info
2018-06-11 21:04:03,731 RCV reinforcement info
2018-06-11 21:04:06,380 RCV reinforcement info
2018-06-11 21:04:08,909 RCV reinforcement info
2018-06-11 21:04:10,360 RF found but not transmitted
2018-06-11 21:04:12,304 RF found but not transmitted
2018-06-11 21:04:12,809 RCV reinforcement info
2018-06-11 21:04:15,536 RF found but not transmitted
2018-06-11 21:04:17,441 RCV reinforcement info
2018-06-11 21:04:18,006 RCV reinforcement info
2018-06-11 21:04:20,043 RCV reinforcement info
2018-06-11 21:04:20,179 RCV reinforcement info
2018-06-11 21:04:20,372 RCV reinforcement info
2018-06-11 21:04:20,511 RF found but not transmitted
2018-06-11 21:04:21,130 RF found but not transmitted
2018-06-11 21:04:21,981 RF found but not transmitted
2018-06-11 21:04:26,232 RCV reinforcement info
2018-06-11 21:04:26,984 RF found but not transmitted
2018-06-11 21:04:28,461 RCV reinforcement info
2018-06-11 21:04:28,666 RCV reinforcement info
2018-06-11 21:04:30,015 RCV reinforcement info
2018-06-11 21:04:30,852 RCV reinforcement info
2018-06-11 21:04:32,813 RF found but not transmitted
2018-06-11 21:04:32,990 RF found but not transmitted
2018-06-11 21:04:36,982 RCV reinforcement info
2018-06-11 21:04:39,351 RF found but not transmitted
2018-06-11 21:04:40,227 RF found but not transmitted
2018-06-11 21:04:41,247 RCV reinforcement info
2018-06-11 21:04:41,629 RCV reinforcement info
2018-06-11 21:04:42,081 RCV reinforcement info
2018-06-11 21:04:42,931 RCV reinforcement info
2018-06-11 21:04:44,813 RCV reinforcement info
2018-06-11 21:04:45,403 RCV reinforcement info
2018-06-11 21:04:46,914 RF found but not transmitted
2018-06-11 21:04:47,183 RF found but not transmitted
2018-06-11 21:04:48,562 RCV reinforcement info
2018-06-11 21:04:50,499 RCV reinforcement info
2018-06-11 21:04:53,569 RCV reinforcement info
2018-06-11 21:04:53,789 RCV reinforcement info
2018-06-11 21:04:55,416 RF found but not transmitted
2018-06-11 21:04:57,212 RCV reinforcement info
2018-06-11 21:04:59,250 RF found but not transmitted
2018-06-11 21:04:59,267 RCV reinforcement info
2018-06-11 21:04:59,611 RCV reinforcement info
2018-06-11 21:05:00,041 RCV reinforcement info
2018-06-11 21:05:00,218 RF found but not transmitted
2018-06-11 21:05:04,920 RCV reinforcement info
2018-06-11 21:05:05,827 RCV reinforcement info
2018-06-11 21:05:06,386 RCV reinforcement info
2018-06-11 21:05:06,765 RCV reinforcement info
2018-06-11 21:05:06,959 RCV reinforcement info
2018-06-11 21:05:08,335 RCV proposal
2018-06-11 21:05:08,347 appended honest propose e770e867b3 on top of 32cbbbfe8f
2018-06-11 21:05:08,375 RCV reinforcement info
2018-06-11 21:05:08,438 RCV reinforcement
2018-06-11 21:05:08,459 RCV reinforcement info
2018-06-11 21:05:08,488 RCV reinforcement
2018-06-11 21:05:08,541 RCV reinforcement
2018-06-11 21:05:09,885 RCV reinforcement info
2018-06-11 21:05:09,965 RCV reinforcement
2018-06-11 21:05:10,003 RCV commit
2018-06-11 21:05:10,247 appended honest commit 9b43b9e4f7 on top of e770e867b3
2018-06-11 21:05:10,592 Weight: 138.91092429210713 #RFs 38
2018-06-11 21:05:10,594 weight: 138.91092429210713
2018-06-11 21:05:10,596 , 138.91092429210713
2018-06-11 21:05:10,807 RCV proposal
2018-06-11 21:05:10,847 appended malicious propose 1f9e277396 on top of 32cbbbfe8f
2018-06-11 21:05:10,853 REINFORCEMENT SENT state
2018-06-11 21:05:10,872 SNT reinforcement
2018-06-11 21:05:11,015 RCV reinforcement
2018-06-11 21:05:11,041 RCV reinforcement
2018-06-11 21:05:11,047 RCV reinforcement
2018-06-11 21:05:11,078 RCV reinforcement
2018-06-11 21:05:11,088 RCV reinforcement
2018-06-11 21:05:11,182 RCV reinforcement
2018-06-11 21:05:11,187 RCV proposal
2018-06-11 21:05:11,191 appended honest propose 9ce528ee80 on top of 9b43b9e4f7
2018-06-11 21:05:11,242 RCV reinforcement
2018-06-11 21:05:11,339 RCV reinforcement
2018-06-11 21:05:12,204 RCV reinforcement
2018-06-11 21:05:12,598 RCV commit
2018-06-11 21:05:12,599 appended honest commit 11d8bee143 on top of 9ce528ee80
2018-06-11 21:05:12,599 Weight: 139.91092429210713 #RFs 0
2018-06-11 21:05:12,599 weight: 139.91092429210713
2018-06-11 21:05:12,599 , 139.91092429210713
2018-06-11 21:05:12,732 RCV reinforcement
2018-06-11 21:05:12,737 RCV commit
2018-06-11 21:05:13,424 RF found but not transmitted
2018-06-11 21:05:13,445 appended malicious commit eaa028c5e0 on top of 1f9e277396
2018-06-11 21:05:14,077 Weight: 152.23333273946994 #RFs 103
2018-06-11 21:05:14,077 weight: 152.23333273946994
2018-06-11 21:05:14,084 , 152.23333273946994
2018-06-11 21:05:14,094 MALICIOUS MINING state
2018-06-11 21:05:14,094 start mining - depth 14
2018-06-11 21:05:14,095 start mining - hash eaa028c5e05b0f722b2327166ca8e6a61d7a2de5a5ea29bef5fc2a9efc24f447
2018-06-11 21:05:14,095 Hashing frequency: 3975
2018-06-11 21:05:14,270 RCV reinforcement info
2018-06-11 21:05:14,419 RF found but not transmitted
2018-06-11 21:05:14,421 hash found
2018-06-11 21:05:14,426 SNT malicious_proposal_agreement
2018-06-11 21:05:14,692 RCV reinforcement info
2018-06-11 21:05:15,376 RCV reinforcement info
2018-06-11 21:05:19,169 RCV reinforcement info
2018-06-11 21:05:19,908 RCV reinforcement info
2018-06-11 21:05:20,353 RCV reinforcement info
2018-06-11 21:05:20,915 RCV reinforcement info
2018-06-11 21:05:22,966 RCV reinforcement info
2018-06-11 21:05:24,090 RF found but not transmitted
2018-06-11 21:05:25,160 RCV reinforcement info
2018-06-11 21:05:25,511 RCV reinforcement info
2018-06-11 21:05:27,924 RCV reinforcement info
2018-06-11 21:05:34,520 RF found but not transmitted
2018-06-11 21:05:36,105 RCV reinforcement info
2018-06-11 21:05:36,319 RCV reinforcement info
2018-06-11 21:05:37,116 RCV reinforcement info
2018-06-11 21:05:37,409 RCV reinforcement info
2018-06-11 21:05:38,942 RF found but not transmitted
2018-06-11 21:05:40,385 RCV reinforcement info
2018-06-11 21:05:42,096 RCV reinforcement info
2018-06-11 21:05:42,932 RCV reinforcement info
2018-06-11 21:05:43,394 RCV reinforcement info
2018-06-11 21:05:44,221 RF found but not transmitted
2018-06-11 21:05:44,302 RCV reinforcement info
2018-06-11 21:05:44,325 RCV reinforcement info
2018-06-11 21:05:44,480 RCV reinforcement info
2018-06-11 21:05:44,839 RCV reinforcement info
2018-06-11 21:05:45,469 RCV reinforcement info
2018-06-11 21:05:45,898 RCV reinforcement info
2018-06-11 21:05:49,305 RF found but not transmitted
2018-06-11 21:05:51,020 RF found but not transmitted
2018-06-11 21:05:52,094 RCV reinforcement info
2018-06-11 21:05:52,492 RF found but not transmitted
2018-06-11 21:05:53,775 RCV reinforcement info
2018-06-11 21:05:53,859 RCV reinforcement info
2018-06-11 21:05:54,728 RF found but not transmitted
2018-06-11 21:05:54,895 RCV reinforcement info
2018-06-11 21:05:57,123 RCV reinforcement info
2018-06-11 21:05:59,416 RCV reinforcement info
2018-06-11 21:06:05,531 RF found but not transmitted
2018-06-11 21:06:06,124 RCV reinforcement info
2018-06-11 21:06:08,172 RCV reinforcement info
2018-06-11 21:06:08,328 RF found but not transmitted
2018-06-11 21:06:11,597 RF found but not transmitted
2018-06-11 21:06:11,989 RCV reinforcement info
2018-06-11 21:06:14,241 RCV reinforcement info
2018-06-11 21:06:14,401 RCV reinforcement info
2018-06-11 21:06:15,612 RCV reinforcement info
2018-06-11 21:06:15,722 RCV reinforcement info
2018-06-11 21:06:18,364 RCV proposal
2018-06-11 21:06:18,377 appended honest propose 4b9c1351f0 on top of eaa028c5e0
2018-06-11 21:06:18,464 RCV reinforcement
2018-06-11 21:06:18,467 RCV reinforcement
2018-06-11 21:06:18,591 RF found but not transmitted
2018-06-11 21:06:19,939 RCV commit
2018-06-11 21:06:20,173 appended honest commit a701633f7c on top of 4b9c1351f0
2018-06-11 21:06:20,563 Weight: 162.15199863940373 #RFs 38
2018-06-11 21:06:20,564 weight: 162.15199863940373
2018-06-11 21:06:20,564 , 162.15199863940373
2018-06-11 21:06:20,581 appended malicious propose ef473ec5eb on top of eaa028c5e0
2018-06-11 21:06:20,581 REINFORCEMENT COLLECTING state
2018-06-11 21:06:20,668 SNT proposal
2018-06-11 21:06:21,005 RCV reinforcement info
2018-06-11 21:06:21,071 RCV reinforcement
2018-06-11 21:06:21,148 RCV reinforcement
2018-06-11 21:06:21,259 RCV reinforcement
2018-06-11 21:06:21,287 RCV reinforcement
2018-06-11 21:06:21,323 RCV reinforcement info
2018-06-11 21:06:21,328 RCV reinforcement
2018-06-11 21:06:21,357 RCV reinforcement
2018-06-11 21:06:21,470 RCV reinforcement
2018-06-11 21:06:22,178 commit with 7 reinforcements
2018-06-11 21:06:22,477 appended malicious commit 0e0186ed7a on top of ef473ec5eb
2018-06-11 21:06:22,674 Weight: 177.27871246551814 #RFs 104
2018-06-11 21:06:22,674 weight: 177.27871246551814
2018-06-11 21:06:22,674 , 177.27871246551814
2018-06-11 21:06:22,677 MALICIOUS MINING state
2018-06-11 21:06:22,677 start mining - depth 15
2018-06-11 21:06:22,677 start mining - hash 0e0186ed7acce0868d82281c3616f0e5ced07f81990e1ab4417f848a6cc0d7cc
2018-06-11 21:06:22,678 Hashing frequency: 3557
2018-06-11 21:06:22,678 SNT commit
2018-06-11 21:06:23,299 RF found but not transmitted
2018-06-11 21:06:25,685 RCV reinforcement info
2018-06-11 21:06:26,394 RCV reinforcement info
2018-06-11 21:06:27,608 RF found but not transmitted
2018-06-11 21:06:27,624 RCV reinforcement info
2018-06-11 21:06:28,489 RF found but not transmitted
2018-06-11 21:06:29,738 RCV reinforcement info
2018-06-11 21:06:31,594 RCV reinforcement info
2018-06-11 21:06:32,544 RCV reinforcement info
2018-06-11 21:06:33,477 RF found but not transmitted
2018-06-11 21:06:33,955 RCV reinforcement info
2018-06-11 21:06:35,379 RCV reinforcement info
2018-06-11 21:06:36,048 RCV reinforcement info
2018-06-11 21:06:39,291 RF found but not transmitted
2018-06-11 21:06:40,643 RF found but not transmitted
2018-06-11 21:06:43,926 RF found but not transmitted
2018-06-11 21:06:44,042 RF found but not transmitted
2018-06-11 21:06:44,414 RCV reinforcement info
2018-06-11 21:06:44,671 RCV reinforcement info
2018-06-11 21:06:44,790 RCV reinforcement info
2018-06-11 21:06:45,449 RCV reinforcement info
2018-06-11 21:06:45,608 RCV reinforcement info
2018-06-11 21:06:47,698 RF found but not transmitted
2018-06-11 21:06:48,530 RF found but not transmitted
2018-06-11 21:06:48,682 RF found but not transmitted
2018-06-11 21:06:49,414 RCV reinforcement info
2018-06-11 21:06:50,214 RCV reinforcement info
2018-06-11 21:06:50,469 RF found but not transmitted
2018-06-11 21:06:51,139 RF found but not transmitted
2018-06-11 21:06:52,171 RCV reinforcement info
2018-06-11 21:06:52,274 RCV reinforcement info
2018-06-11 21:06:53,433 RCV reinforcement info
2018-06-11 21:06:53,882 RF found but not transmitted
2018-06-11 21:06:54,172 RF found but not transmitted
2018-06-11 21:06:55,176 RF found but not transmitted
2018-06-11 21:06:55,274 RCV reinforcement info
2018-06-11 21:06:55,635 RCV reinforcement info
2018-06-11 21:06:55,863 RCV reinforcement info
2018-06-11 21:06:56,311 RCV reinforcement info
2018-06-11 21:06:56,384 RCV reinforcement info
2018-06-11 21:06:56,413 RCV reinforcement info
2018-06-11 21:06:57,057 RCV reinforcement info
2018-06-11 21:06:57,664 RF found but not transmitted
2018-06-11 21:06:58,705 RCV reinforcement info
2018-06-11 21:06:59,014 RCV reinforcement info
2018-06-11 21:07:00,119 RCV reinforcement info
2018-06-11 21:07:00,367 RCV reinforcement info
2018-06-11 21:07:00,475 RCV reinforcement info
2018-06-11 21:07:01,875 RCV reinforcement info
2018-06-11 21:07:02,110 RF found but not transmitted
2018-06-11 21:07:02,432 RF found but not transmitted
2018-06-11 21:07:03,662 RCV reinforcement info
2018-06-11 21:07:04,563 RF found but not transmitted
2018-06-11 21:07:05,874 RCV reinforcement info
2018-06-11 21:07:06,238 RF found but not transmitted
2018-06-11 21:07:06,408 RCV malicious_prop_agreement
2018-06-11 21:07:07,178 RCV reinforcement info
2018-06-11 21:07:07,775 RCV reinforcement info
2018-06-11 21:07:09,707 RCV reinforcement info
2018-06-11 21:07:10,403 RCV reinforcement info
2018-06-11 21:07:12,735 RCV reinforcement info
2018-06-11 21:07:13,318 RF found but not transmitted
2018-06-11 21:07:13,889 RCV reinforcement info
2018-06-11 21:07:14,995 RCV reinforcement info
2018-06-11 21:07:17,567 RCV reinforcement info
2018-06-11 21:07:17,672 RF found but not transmitted
2018-06-11 21:07:18,031 RCV proposal
2018-06-11 21:07:18,056 appended honest propose 813f5f59a4 on top of 0e0186ed7a
2018-06-11 21:07:18,194 RCV reinforcement
2018-06-11 21:07:18,224 RCV reinforcement
2018-06-11 21:07:18,537 RCV reinforcement info
2018-06-11 21:07:18,700 RCV reinforcement
2018-06-11 21:07:19,903 RCV reinforcement info
2018-06-11 21:07:20,074 RCV reinforcement
2018-06-11 21:07:20,095 RCV commit
2018-06-11 21:07:20,459 appended honest commit 4fa49cf2dc on top of 813f5f59a4
2018-06-11 21:07:20,887 Weight: 184.52303108411638 #RFs 42
2018-06-11 21:07:20,887 weight: 184.52303108411638
2018-06-11 21:07:20,887 , 184.52303108411638
2018-06-11 21:07:21,184 RCV proposal
2018-06-11 21:07:21,193 appended malicious propose 905e292ae6 on top of 0e0186ed7a
2018-06-11 21:07:21,194 REINFORCEMENT SENT state
2018-06-11 21:07:21,196 SNT reinforcement
2018-06-11 21:07:21,517 RCV reinforcement
2018-06-11 21:07:21,523 RCV reinforcement
2018-06-11 21:07:21,546 RCV reinforcement
2018-06-11 21:07:21,564 RCV reinforcement
2018-06-11 21:07:21,581 RF found but not transmitted
2018-06-11 21:07:21,601 SNT reinforcement
2018-06-11 21:07:21,714 RCV reinforcement
2018-06-11 21:07:21,916 RCV reinforcement
2018-06-11 21:07:22,119 RCV reinforcement info
2018-06-11 21:07:22,443 RCV reinforcement info
2018-06-11 21:07:22,969 RCV commit
2018-06-11 21:07:23,669 appended malicious commit a23fe2f597 on top of 905e292ae6
2018-06-11 21:07:24,349 Weight: 194.33065768506876 #RFs 82
2018-06-11 21:07:24,350 weight: 194.33065768506876
2018-06-11 21:07:24,350 , 194.33065768506876
2018-06-11 21:07:24,355 MALICIOUS MINING state
2018-06-11 21:07:24,356 start mining - depth 16
2018-06-11 21:07:24,356 start mining - hash a23fe2f597573bc31eb05a51c2e0a6150494dbd281e8f66dfac0660cadbe1885
2018-06-11 21:07:24,357 Hashing frequency: 3267
2018-06-11 21:07:25,993 RCV reinforcement info
2018-06-11 21:07:26,655 RCV reinforcement info
2018-06-11 21:07:27,697 RCV reinforcement info
2018-06-11 21:07:28,515 RF found but not transmitted
2018-06-11 21:07:31,794 RCV reinforcement info
2018-06-11 21:07:31,997 RCV reinforcement info
2018-06-11 21:07:34,130 RCV reinforcement info
2018-06-11 21:07:34,534 RCV reinforcement info
2018-06-11 21:07:35,038 RF found but not transmitted
2018-06-11 21:07:35,630 RCV malicious_prop_agreement
2018-06-11 21:07:35,936 RCV reinforcement info
2018-06-11 21:07:38,684 RCV reinforcement info
2018-06-11 21:07:39,028 RCV reinforcement info
2018-06-11 21:07:41,157 RCV reinforcement info
2018-06-11 21:07:41,640 RCV reinforcement info
2018-06-11 21:07:41,748 RF found but not transmitted
2018-06-11 21:07:41,992 RCV reinforcement info
2018-06-11 21:07:44,821 RCV reinforcement info
2018-06-11 21:07:45,857 RCV reinforcement info
2018-06-11 21:07:45,910 RF found but not transmitted
2018-06-11 21:07:48,000 RF found but not transmitted
2018-06-11 21:07:50,492 RF found but not transmitted
2018-06-11 21:07:52,449 RCV reinforcement info
2018-06-11 21:07:52,763 RCV reinforcement info
2018-06-11 21:07:53,106 RCV reinforcement info
2018-06-11 21:07:53,225 RCV reinforcement info
2018-06-11 21:07:54,155 RCV reinforcement info
2018-06-11 21:07:54,213 RCV reinforcement info
2018-06-11 21:07:56,204 RF found but not transmitted
2018-06-11 21:07:57,066 RF found but not transmitted
2018-06-11 21:07:58,875 RCV reinforcement info
2018-06-11 21:07:59,570 RCV reinforcement info
2018-06-11 21:08:04,298 RCV reinforcement info
2018-06-11 21:08:04,598 RCV reinforcement info
2018-06-11 21:08:05,055 RCV reinforcement info
2018-06-11 21:08:05,787 RCV reinforcement info
2018-06-11 21:08:08,118 RCV reinforcement info
2018-06-11 21:08:08,147 RF found but not transmitted
2018-06-11 21:08:12,202 RF found but not transmitted
2018-06-11 21:08:13,107 RCV reinforcement info
2018-06-11 21:08:14,179 RF found but not transmitted
2018-06-11 21:08:14,366 RCV reinforcement info
2018-06-11 21:08:16,611 RCV reinforcement info
2018-06-11 21:08:18,268 RF found but not transmitted
2018-06-11 21:08:20,156 RF found but not transmitted
2018-06-11 21:08:20,902 RCV reinforcement info
2018-06-11 21:08:24,362 RCV reinforcement info
2018-06-11 21:08:27,609 RCV reinforcement info
2018-06-11 21:08:28,330 RCV reinforcement info
2018-06-11 21:08:28,757 RCV reinforcement info
2018-06-11 21:08:29,875 RCV reinforcement info
2018-06-11 21:08:30,634 RCV proposal
2018-06-11 21:08:30,639 appended honest propose 00d92b8a1f on top of a23fe2f597
2018-06-11 21:08:30,749 RCV reinforcement
2018-06-11 21:08:30,781 RCV reinforcement
2018-06-11 21:08:30,878 RF found but not transmitted
2018-06-11 21:08:32,321 RCV commit
2018-06-11 21:08:32,675 appended honest commit f432f9d35f on top of 00d92b8a1f
2018-06-11 21:08:33,050 Weight: 200.497649415919 #RFs 37
2018-06-11 21:08:33,050 weight: 200.497649415919
2018-06-11 21:08:33,050 , 200.497649415919
2018-06-11 21:08:33,234 RCV proposal
2018-06-11 21:08:33,240 appended malicious propose a49484f6c6 on top of a23fe2f597
2018-06-11 21:08:33,241 REINFORCEMENT SENT state
2018-06-11 21:08:33,242 SNT reinforcement
2018-06-11 21:08:33,551 RCV reinforcement
2018-06-11 21:08:33,568 RCV reinforcement
2018-06-11 21:08:33,578 RCV reinforcement
2018-06-11 21:08:33,603 RCV reinforcement
2018-06-11 21:08:33,619 RCV reinforcement
2018-06-11 21:08:34,315 RCV reinforcement
2018-06-11 21:08:34,757 RCV reinforcement
2018-06-11 21:08:34,785 RCV reinforcement info
2018-06-11 21:08:35,753 RCV commit
2018-06-11 21:08:36,159 RF found but not transmitted
2018-06-11 21:08:36,365 RF found but not transmitted
2018-06-11 21:08:36,876 appended malicious commit a953e06955 on top of a49484f6c6
2018-06-11 21:08:37,736 Weight: 212.30671892977423 #RFs 87
2018-06-11 21:08:37,736 weight: 212.30671892977423
2018-06-11 21:08:37,792 , 212.30671892977423
2018-06-11 21:08:37,826 MALICIOUS MINING state
2018-06-11 21:08:37,826 start mining - depth 17
2018-06-11 21:08:37,835 start mining - hash a953e06955703ed55591995651f73b0f7cd37446acad0ce06caa46a5d7f90b89
2018-06-11 21:08:37,837 Hashing frequency: 3863
2018-06-11 21:08:38,507 RCV reinforcement info
2018-06-11 21:08:38,749 RF found but not transmitted
2018-06-11 21:08:39,320 RCV reinforcement info
2018-06-11 21:08:41,597 RF found but not transmitted
2018-06-11 21:08:42,133 RCV reinforcement info
2018-06-11 21:08:42,672 RF found but not transmitted
2018-06-11 21:08:46,659 RCV reinforcement info
2018-06-11 21:08:46,806 RF found but not transmitted
2018-06-11 21:08:46,981 RCV malicious_prop_agreement
2018-06-11 21:08:47,918 RCV proposal
2018-06-11 21:08:47,925 appended honest propose 2094f2cd33 on top of a953e06955
2018-06-11 21:08:48,057 RCV reinforcement
2018-06-11 21:08:48,073 RCV reinforcement
2018-06-11 21:08:48,176 RCV reinforcement info
2018-06-11 21:08:48,342 RCV reinforcement
2018-06-11 21:08:49,446 RCV commit
2018-06-11 21:08:49,483 appended honest commit 98488fb564 on top of 2094f2cd33
2018-06-11 21:08:49,509 Weight: 214.49299864375195 #RFs 5
2018-06-11 21:08:49,510 weight: 214.49299864375195
2018-06-11 21:08:49,510 , 214.49299864375195
2018-06-11 21:08:49,752 RCV proposal
2018-06-11 21:08:49,757 appended malicious propose 67a567f0b3 on top of a953e06955
2018-06-11 21:08:49,757 REINFORCEMENT SENT state
2018-06-11 21:08:49,759 SNT reinforcement
2018-06-11 21:08:50,039 RCV reinforcement
2018-06-11 21:08:50,046 RCV reinforcement
2018-06-11 21:08:50,052 RCV reinforcement
2018-06-11 21:08:50,061 RCV reinforcement
2018-06-11 21:08:50,096 RCV reinforcement
2018-06-11 21:08:50,404 RCV reinforcement
2018-06-11 21:08:50,763 RCV reinforcement info
2018-06-11 21:08:51,378 RCV commit
2018-06-11 21:08:51,498 appended malicious commit 63672f46ef on top of 67a567f0b3
2018-06-11 21:08:51,733 Weight: 216.43523961540794 #RFs 19
2018-06-11 21:08:51,734 weight: 216.43523961540794
2018-06-11 21:08:51,734 , 216.43523961540794
2018-06-11 21:08:51,736 MALICIOUS MINING state
2018-06-11 21:08:51,736 start mining - depth 18
2018-06-11 21:08:51,737 start mining - hash 63672f46ef73c1154a9a200cd45fcfb9c9c7182318358bf8d6c2ce09e84cefeb
2018-06-11 21:08:51,741 RCV reinforcement
2018-06-11 21:08:52,424 RF found but not transmitted
2018-06-11 21:08:52,453 RCV reinforcement info
2018-06-11 21:08:52,754 RCV reinforcement info
2018-06-11 21:08:52,865 RCV reinforcement info
2018-06-11 21:08:53,929 RCV reinforcement info
2018-06-11 21:08:54,140 RCV reinforcement info
2018-06-11 21:08:54,823 RCV reinforcement info
2018-06-11 21:08:57,304 RF found but not transmitted
2018-06-11 21:08:58,388 RCV proposal
2018-06-11 21:08:58,392 appended honest propose 1f597eccca on top of 63672f46ef
2018-06-11 21:08:58,523 RCV reinforcement
2018-06-11 21:08:58,531 RCV reinforcement
2018-06-11 21:08:59,938 RCV commit
2018-06-11 21:08:59,971 appended honest commit a851c896d6 on top of 1f597eccca
2018-06-11 21:09:00,066 Weight: 219.2374986249323 #RFs 6
2018-06-11 21:09:00,066 weight: 219.2374986249323
2018-06-11 21:09:00,078 , 219.2374986249323
2018-06-11 21:09:00,081 start mining - depth 19
2018-06-11 21:09:00,084 start mining - hash a851c896d63076728108794763caac6e6ff06ccd40d1ad26adf2a813ea0abd52
2018-06-11 21:09:04,283 RF found but not transmitted
2018-06-11 21:09:04,421 RCV malicious_prop_agreement
2018-06-11 21:09:06,929 RCV reinforcement info
2018-06-11 21:09:07,981 RCV reinforcement info
2018-06-11 21:09:09,673 RF found but not transmitted
2018-06-11 21:09:10,832 RCV reinforcement info
2018-06-11 21:09:10,835 RCV reinforcement info
2018-06-11 21:09:11,489 RCV reinforcement info
2018-06-11 21:09:16,202 RCV reinforcement info
2018-06-11 21:09:16,795 RCV reinforcement info
2018-06-11 21:09:17,287 RCV reinforcement info
2018-06-11 21:09:18,353 RCV reinforcement info
2018-06-11 21:09:19,303 RCV reinforcement info
2018-06-11 21:09:20,109 RCV reinforcement info
2018-06-11 21:09:20,136 RCV reinforcement info
2018-06-11 21:09:20,610 RF found but not transmitted
2018-06-11 21:09:23,227 RCV reinforcement info
2018-06-11 21:09:23,392 RF found but not transmitted
2018-06-11 21:09:23,979 RCV reinforcement info
2018-06-11 21:09:28,318 RCV reinforcement info
2018-06-11 21:09:28,857 RCV reinforcement info
2018-06-11 21:09:28,864 RF found but not transmitted
2018-06-11 21:09:29,940 RCV reinforcement info
2018-06-11 21:09:32,570 RCV reinforcement info
2018-06-11 21:09:34,976 RCV proposal
2018-06-11 21:09:34,979 appended honest propose 68c86b921e on top of a851c896d6
2018-06-11 21:09:35,080 RCV reinforcement
2018-06-11 21:09:35,112 RCV reinforcement
2018-06-11 21:09:35,466 RCV reinforcement info
2018-06-11 21:09:35,537 RCV reinforcement
2018-06-11 21:09:36,532 RCV commit
2018-06-11 21:09:36,668 appended honest commit 156d2fe196 on top of 68c86b921e
2018-06-11 21:09:36,773 Weight: 223.01735786904607 #RFs 19
2018-06-11 21:09:36,773 weight: 223.01735786904607
2018-06-11 21:09:36,774 , 223.01735786904607
2018-06-11 21:09:36,929 RCV proposal
2018-06-11 21:09:36,932 appended malicious propose 3dc108e6e7 on top of a851c896d6
2018-06-11 21:09:36,933 REINFORCEMENT SENT state
2018-06-11 21:09:36,934 SNT reinforcement
2018-06-11 21:09:37,116 RCV reinforcement
2018-06-11 21:09:37,198 RCV reinforcement
2018-06-11 21:09:37,221 RCV reinforcement
2018-06-11 21:09:37,236 RCV reinforcement
2018-06-11 21:09:37,241 RCV reinforcement
2018-06-11 21:09:37,245 RCV reinforcement info
2018-06-11 21:09:38,225 RCV reinforcement
2018-06-11 21:09:38,412 RCV reinforcement info
2018-06-11 21:09:38,614 RCV commit
2018-06-11 21:09:38,967 appended malicious commit a9f6f67406 on top of 3dc108e6e7
2018-06-11 21:09:39,326 Weight: 231.96334557864748 #RFs 54
2018-06-11 21:09:39,327 weight: 231.96334557864748
2018-06-11 21:09:39,327 , 231.96334557864748
2018-06-11 21:09:39,331 MALICIOUS MINING state
2018-06-11 21:09:39,331 start mining - depth 20
2018-06-11 21:09:39,333 start mining - hash a9f6f67406e90f212c9edd48dc6a59770a642bc01a813a00a053ab566bae1f60
2018-06-11 21:09:39,334 Hashing frequency: 3237
2018-06-11 21:09:41,370 RCV reinforcement info
2018-06-11 21:09:41,913 RCV reinforcement info
2018-06-11 21:09:42,283 RCV reinforcement info
2018-06-11 21:09:43,576 RCV reinforcement info
2018-06-11 21:09:43,809 RCV malicious_prop_agreement
2018-06-11 21:09:44,207 RCV reinforcement info
2018-06-11 21:09:44,486 RCV reinforcement info
2018-06-11 21:09:45,492 RF found but not transmitted
2018-06-11 21:09:45,597 RCV reinforcement info
2018-06-11 21:09:45,958 RF found but not transmitted
2018-06-11 21:09:46,051 RF found but not transmitted
2018-06-11 21:09:48,698 RF found but not transmitted
2018-06-11 21:09:49,582 RF found but not transmitted
2018-06-11 21:09:49,924 RF found but not transmitted
2018-06-11 21:09:52,741 RF found but not transmitted
2018-06-11 21:09:53,049 RCV reinforcement info
2018-06-11 21:09:53,525 RCV reinforcement info
2018-06-11 21:09:55,513 RCV reinforcement info
2018-06-11 21:09:58,472 RCV proposal
2018-06-11 21:09:58,476 appended honest propose 4aa21b8427 on top of a9f6f67406
2018-06-11 21:09:58,563 RCV reinforcement
2018-06-11 21:09:58,718 RCV reinforcement info
2018-06-11 21:09:58,798 RCV reinforcement
2018-06-11 21:09:58,820 RCV reinforcement info
2018-06-11 21:09:58,884 RCV reinforcement
2018-06-11 21:10:00,034 RCV commit
2018-06-11 21:10:00,116 appended honest commit 579896e942 on top of 4aa21b8427
2018-06-11 21:10:00,157 Weight: 234.7670841842954 #RFs 11
2018-06-11 21:10:00,157 weight: 234.7670841842954
2018-06-11 21:10:00,157 , 234.7670841842954
2018-06-11 21:10:00,341 RCV proposal
2018-06-11 21:10:00,361 appended malicious propose ed11a8c001 on top of a9f6f67406
2018-06-11 21:10:00,365 REINFORCEMENT SENT state
2018-06-11 21:10:00,366 SNT reinforcement
2018-06-11 21:10:00,623 RCV reinforcement
2018-06-11 21:10:00,645 RCV reinforcement
2018-06-11 21:10:00,649 RCV reinforcement
2018-06-11 21:10:00,654 RCV reinforcement
2018-06-11 21:10:00,657 RCV reinforcement
2018-06-11 21:10:00,736 RCV reinforcement
2018-06-11 21:10:01,271 RCV reinforcement
2018-06-11 21:10:01,666 RCV reinforcement info
2018-06-11 21:10:01,682 RCV reinforcement
2018-06-11 21:10:01,761 RCV reinforcement info
2018-06-11 21:10:01,968 RCV commit
2018-06-11 21:10:02,239 appended malicious commit 7f21040d4a on top of ed11a8c001
2018-06-11 21:10:02,471 Weight: 240.23894286459654 #RFs 35
2018-06-11 21:10:02,471 weight: 240.23894286459654
2018-06-11 21:10:02,471 , 240.23894286459654
2018-06-11 21:10:02,471 MALICIOUS MINING state
2018-06-11 21:10:02,471 start mining - depth 21
2018-06-11 21:10:02,472 start mining - hash 7f21040d4ad0c3024a1c17860eb375013b17c7fedc1331810889ae6b44a0d83c
2018-06-11 21:10:02,648 RCV reinforcement info
2018-06-11 21:10:04,656 RCV reinforcement info
2018-06-11 21:10:04,774 RCV reinforcement info
2018-06-11 21:10:04,825 RCV reinforcement info
2018-06-11 21:10:08,947 RCV reinforcement info
2018-06-11 21:10:09,526 RCV malicious_prop_agreement
2018-06-11 21:10:09,950 RCV reinforcement info
2018-06-11 21:10:12,777 RCV reinforcement info
2018-06-11 21:10:14,423 RCV reinforcement info
2018-06-11 21:10:15,829 RCV reinforcement info
2018-06-11 21:10:15,946 RF found but not transmitted
2018-06-11 21:10:16,562 RCV reinforcement info
2018-06-11 21:10:17,102 RF found but not transmitted
2018-06-11 21:10:22,147 RF found but not transmitted
2018-06-11 21:10:22,238 RCV reinforcement info
2018-06-11 21:10:23,602 RCV reinforcement info
2018-06-11 21:10:24,403 RCV reinforcement info
2018-06-11 21:10:26,964 RCV reinforcement info
2018-06-11 21:10:27,472 RCV reinforcement info
2018-06-11 21:10:28,045 RCV reinforcement info
2018-06-11 21:10:28,345 RCV reinforcement info
2018-06-11 21:10:28,521 RCV proposal
2018-06-11 21:10:28,524 appended honest propose 6d189e6a4b on top of 7f21040d4a
2018-06-11 21:10:28,599 RCV reinforcement
2018-06-11 21:10:28,628 RCV reinforcement
2018-06-11 21:10:28,714 RCV reinforcement info
2018-06-11 21:10:28,802 RCV reinforcement
2018-06-11 21:10:29,410 RCV reinforcement info
2018-06-11 21:10:29,616 RCV reinforcement
2018-06-11 21:10:30,117 RCV commit
2018-06-11 21:10:30,268 appended honest commit e48a366dce on top of 6d189e6a4b
2018-06-11 21:10:30,448 Weight: 244.45058985182254 #RFs 19
2018-06-11 21:10:30,448 weight: 244.45058985182254
2018-06-11 21:10:30,448 , 244.45058985182254
2018-06-11 21:10:30,715 RCV proposal
2018-06-11 21:10:30,736 appended malicious propose 80c6aecb2d on top of 7f21040d4a
2018-06-11 21:10:30,742 REINFORCEMENT SENT state
2018-06-11 21:10:30,753 SNT reinforcement
2018-06-11 21:10:31,018 RCV reinforcement
2018-06-11 21:10:31,027 RCV reinforcement
2018-06-11 21:10:31,033 RCV reinforcement
2018-06-11 21:10:31,036 RCV reinforcement
2018-06-11 21:10:31,087 RCV reinforcement
2018-06-11 21:10:32,484 RCV commit
2018-06-11 21:10:32,886 appended malicious commit c7e6e545e1 on top of 80c6aecb2d
2018-06-11 21:10:33,190 Weight: 247.7748746031634 #RFs 41
2018-06-11 21:10:33,190 weight: 247.7748746031634
2018-06-11 21:10:33,190 , 247.7748746031634
2018-06-11 21:10:33,195 MALICIOUS MINING state
2018-06-11 21:10:33,195 start mining - depth 22
2018-06-11 21:10:33,196 start mining - hash c7e6e545e10accc21dc03f15ed3c57ee6cffa9d9dd2ef01e95c05a0ada0f9ffd
2018-06-11 21:10:35,002 RCV reinforcement info
2018-06-11 21:10:38,060 RF found but not transmitted
2018-06-11 21:10:38,834 RCV reinforcement info
2018-06-11 21:10:39,078 RF found but not transmitted
2018-06-11 21:10:39,095 RCV reinforcement info
2018-06-11 21:10:39,273 RCV proposal
2018-06-11 21:10:39,276 appended honest propose bde3af8453 on top of c7e6e545e1
2018-06-11 21:10:39,364 RCV reinforcement
2018-06-11 21:10:39,409 RCV reinforcement info
2018-06-11 21:10:39,489 RCV reinforcement
2018-06-11 21:10:40,794 RCV commit
2018-06-11 21:10:40,815 appended honest commit bb91b025c9 on top of bde3af8453
2018-06-11 21:10:40,822 Weight: 249.11364424382052 #RFs 3
2018-06-11 21:10:40,822 weight: 249.11364424382052
2018-06-11 21:10:40,823 , 249.11364424382052
2018-06-11 21:10:40,824 start mining - depth 23
2018-06-11 21:10:40,824 start mining - hash bb91b025c98d15ec669ea22e5b58b56befac81ffb09ab4a5b6f6b8cdaf41d331
2018-06-11 21:10:40,835 Hashing frequency: 3181
2018-06-11 21:10:41,518 RCV reinforcement info
2018-06-11 21:10:41,701 RCV reinforcement info
2018-06-11 21:10:41,973 RCV reinforcement info
2018-06-11 21:10:42,179 RCV reinforcement info
2018-06-11 21:10:42,650 RCV reinforcement info
2018-06-11 21:10:42,902 RCV reinforcement info
2018-06-11 21:10:43,521 RCV reinforcement info
2018-06-11 21:10:46,030 RCV reinforcement info
2018-06-11 21:10:46,958 RCV reinforcement info
2018-06-11 21:10:47,992 RCV reinforcement info
2018-06-11 21:10:48,263 RCV reinforcement info
2018-06-11 21:10:50,103 RCV reinforcement info
2018-06-11 21:10:50,975 RCV proposal
2018-06-11 21:10:50,978 appended honest propose a3ec22662d on top of bb91b025c9
2018-06-11 21:10:51,050 RCV reinforcement
2018-06-11 21:10:51,071 RCV reinforcement
2018-06-11 21:10:51,357 RF found but not transmitted
2018-06-11 21:10:51,684 RF found but not transmitted
2018-06-11 21:10:52,536 RCV commit
2018-06-11 21:10:52,599 appended honest commit 7844723f9b on top of a3ec22662d
2018-06-11 21:10:52,673 Weight: 252.16719370648488 #RFs 12
2018-06-11 21:10:52,674 weight: 252.16719370648488
2018-06-11 21:10:52,684 , 252.16719370648488
2018-06-11 21:10:52,686 start mining - depth 24
2018-06-11 21:10:52,686 start mining - hash 7844723f9bb8c4fd1ccf1f5ca3522ef9104c44847ef4f02e803ac87da4e7244f
2018-06-11 21:10:55,071 RCV reinforcement info
2018-06-11 21:10:57,479 RCV reinforcement info
2018-06-11 21:10:57,635 RF found but not transmitted
2018-06-11 21:10:58,818 RCV reinforcement info
2018-06-11 21:11:01,775 RCV reinforcement info
2018-06-11 21:11:01,814 RCV reinforcement info
2018-06-11 21:11:04,876 RCV reinforcement info
2018-06-11 21:11:05,065 RCV reinforcement info
2018-06-11 21:11:05,176 RCV reinforcement info
2018-06-11 21:11:05,786 RCV reinforcement info
2018-06-11 21:11:06,380 RF found but not transmitted
2018-06-11 21:11:08,026 RCV reinforcement info
2018-06-11 21:11:09,498 RCV malicious_prop_agreement
2018-06-11 21:11:09,746 RCV reinforcement info
2018-06-11 21:11:11,334 RF found but not transmitted
2018-06-11 21:11:11,368 RCV reinforcement info
2018-06-11 21:11:15,050 RF found but not transmitted
2018-06-11 21:11:22,474 RCV reinforcement info
2018-06-11 21:11:23,997 RCV reinforcement info
2018-06-11 21:11:25,311 RCV reinforcement info
2018-06-11 21:11:26,321 RCV reinforcement info
2018-06-11 21:11:26,712 RCV reinforcement info
2018-06-11 21:11:27,522 RCV reinforcement info
2018-06-11 21:11:27,565 RCV proposal
2018-06-11 21:11:27,568 appended honest propose e55f394e8e on top of 7844723f9b
2018-06-11 21:11:27,664 RCV reinforcement
2018-06-11 21:11:27,683 RCV reinforcement
2018-06-11 21:11:29,130 RCV commit
2018-06-11 21:11:29,228 appended honest commit 25e9f91533 on top of e55f394e8e
2018-06-11 21:11:29,370 Weight: 256.8843348180583 #RFs 18
2018-06-11 21:11:29,370 weight: 256.8843348180583
2018-06-11 21:11:29,370 , 256.8843348180583
2018-06-11 21:11:29,527 RCV proposal
2018-06-11 21:11:29,535 appended malicious propose 970301ed71 on top of 7844723f9b
2018-06-11 21:11:29,536 REINFORCEMENT SENT state
2018-06-11 21:11:29,537 SNT reinforcement
2018-06-11 21:11:29,850 RCV reinforcement
2018-06-11 21:11:29,859 RCV reinforcement
2018-06-11 21:11:29,863 RCV reinforcement info
2018-06-11 21:11:29,866 RCV reinforcement
2018-06-11 21:11:29,882 RCV reinforcement
2018-06-11 21:11:29,888 RCV reinforcement
2018-06-11 21:11:30,149 RCV reinforcement
2018-06-11 21:11:30,340 RCV reinforcement
2018-06-11 21:11:30,520 RCV reinforcement
2018-06-11 21:11:30,932 RCV reinforcement
2018-06-11 21:11:30,979 RCV reinforcement
2018-06-11 21:11:31,095 RCV reinforcement
2018-06-11 21:11:31,226 RCV commit
2018-06-11 21:11:31,678 appended malicious commit f8659a67fe on top of 970301ed71
2018-06-11 21:11:32,046 Weight: 265.8721393470771 #RFs 61
2018-06-11 21:11:32,047 weight: 265.8721393470771
2018-06-11 21:11:32,047 , 265.8721393470771
2018-06-11 21:11:32,047 MALICIOUS MINING state
2018-06-11 21:11:32,047 start mining - depth 25
2018-06-11 21:11:32,057 start mining - hash f8659a67fe49a65165a13fc773548aa9df54e434eb8bf21be41d67994da95f91
2018-06-11 21:11:33,519 RCV malicious_prop_agreement
2018-06-11 21:11:34,054 RCV reinforcement info
2018-06-11 21:11:34,968 RCV reinforcement info
2018-06-11 21:11:35,283 RF found but not transmitted
2018-06-11 21:11:36,060 RCV reinforcement info
2018-06-11 21:11:37,472 RCV reinforcement info
2018-06-11 21:11:39,873 RCV reinforcement info
2018-06-11 21:11:40,874 RCV reinforcement info
2018-06-11 21:11:40,953 RF found but not transmitted
2018-06-11 21:11:41,627 RCV reinforcement info
2018-06-11 21:11:43,400 RCV reinforcement info
2018-06-11 21:11:45,595 RCV reinforcement info
2018-06-11 21:11:45,876 RF found but not transmitted
2018-06-11 21:11:50,684 RCV reinforcement info
2018-06-11 21:11:51,737 RCV reinforcement info
2018-06-11 21:11:52,458 RCV reinforcement info
2018-06-11 21:11:55,495 RCV reinforcement info
2018-06-11 21:11:55,743 RF found but not transmitted
2018-06-11 21:11:56,222 RCV reinforcement info
2018-06-11 21:11:56,517 RF found but not transmitted
2018-06-11 21:11:56,552 RF found but not transmitted
2018-06-11 21:11:57,593 RF found but not transmitted
2018-06-11 21:11:58,577 RCV reinforcement info
2018-06-11 21:11:58,692 RCV reinforcement info
2018-06-11 21:11:59,135 RCV reinforcement info
2018-06-11 21:12:00,552 RCV reinforcement info
2018-06-11 21:12:02,700 RF found but not transmitted
2018-06-11 21:12:02,866 RCV reinforcement info
2018-06-11 21:12:03,030 RCV reinforcement info
2018-06-11 21:12:04,030 RCV reinforcement info
2018-06-11 21:12:04,052 RCV reinforcement info
2018-06-11 21:12:05,508 RCV reinforcement info
2018-06-11 21:12:05,956 RF found but not transmitted
2018-06-11 21:12:07,309 RF found but not transmitted
2018-06-11 21:12:07,443 RF found but not transmitted
2018-06-11 21:12:07,573 RF found but not transmitted
2018-06-11 21:12:07,607 RCV reinforcement info
2018-06-11 21:12:08,172 RCV reinforcement info
2018-06-11 21:12:08,311 RCV reinforcement info
2018-06-11 21:12:08,914 RCV reinforcement info
2018-06-11 21:12:09,343 RF found but not transmitted
2018-06-11 21:12:09,811 RCV reinforcement info
2018-06-11 21:12:10,746 RCV reinforcement info
2018-06-11 21:12:11,197 RCV reinforcement info
2018-06-11 21:12:11,918 RF found but not transmitted
2018-06-11 21:12:14,383 RCV reinforcement info
2018-06-11 21:12:17,520 RCV reinforcement info
2018-06-11 21:12:18,277 RF found but not transmitted
2018-06-11 21:12:18,606 RCV reinforcement info
2018-06-11 21:12:18,988 RCV reinforcement info
2018-06-11 21:12:19,238 RF found but not transmitted
2018-06-11 21:12:25,461 RCV reinforcement info
2018-06-11 21:12:25,542 RCV reinforcement info
2018-06-11 21:12:25,740 RF found but not transmitted
2018-06-11 21:12:27,102 RCV reinforcement info
2018-06-11 21:12:27,525 RCV reinforcement info
2018-06-11 21:12:28,129 RCV proposal
2018-06-11 21:12:28,134 appended honest propose f0f44e4879 on top of f8659a67fe
2018-06-11 21:12:28,225 RCV reinforcement
2018-06-11 21:12:28,238 RCV reinforcement
2018-06-11 21:12:28,385 RCV reinforcement info
2018-06-11 21:12:28,464 RCV reinforcement
2018-06-11 21:12:28,813 RCV reinforcement info
2018-06-11 21:12:28,904 RCV reinforcement
2018-06-11 21:12:29,523 RCV reinforcement info
2018-06-11 21:12:29,602 RCV reinforcement
2018-06-11 21:12:29,861 RCV commit
2018-06-11 21:12:30,226 appended honest commit 368313e98a on top of f0f44e4879
2018-06-11 21:12:30,536 Weight: 274.36530975778874 #RFs 40
2018-06-11 21:12:30,536 weight: 274.36530975778874
2018-06-11 21:12:30,537 , 274.36530975778874
2018-06-11 21:12:30,545 RCV reinforcement info
2018-06-11 21:12:30,699 RCV proposal
2018-06-11 21:12:30,712 appended malicious propose dcbf4b5a46 on top of f8659a67fe
2018-06-11 21:12:30,712 REINFORCEMENT SENT state
2018-06-11 21:12:30,733 SNT reinforcement
2018-06-11 21:12:30,953 RCV reinforcement
2018-06-11 21:12:30,956 RCV reinforcement
2018-06-11 21:12:30,960 RCV reinforcement
2018-06-11 21:12:30,987 RF found but not transmitted
2018-06-11 21:12:30,990 RCV reinforcement
2018-06-11 21:12:30,994 SNT reinforcement
2018-06-11 21:12:31,208 RCV reinforcement
2018-06-11 21:12:31,216 RCV reinforcement
2018-06-11 21:12:31,242 RCV reinforcement
2018-06-11 21:12:31,632 RCV reinforcement
2018-06-11 21:12:31,768 RCV reinforcement info
2018-06-11 21:12:32,423 RCV reinforcement info
2018-06-11 21:12:32,607 RCV commit
2018-06-11 21:12:33,414 appended malicious commit 106522c797 on top of dcbf4b5a46
2018-06-11 21:12:33,812 RF found but not transmitted
2018-06-11 21:12:34,086 Weight: 287.6675721642979 #RFs 100
2018-06-11 21:12:34,086 weight: 287.6675721642979
2018-06-11 21:12:34,087 , 287.6675721642979
2018-06-11 21:12:34,089 MALICIOUS MINING state
2018-06-11 21:12:34,089 start mining - depth 26
2018-06-11 21:12:34,090 start mining - hash 106522c7975883ba3823ddffe5cdcd2218468502994855dd86939e3dbb549e5d
2018-06-11 21:12:34,091 Hashing frequency: 5882
2018-06-11 21:12:35,352 RCV reinforcement info
2018-06-11 21:12:35,531 RCV reinforcement info
2018-06-11 21:12:36,901 RF found but not transmitted
2018-06-11 21:12:38,222 RCV reinforcement info
2018-06-11 21:12:38,301 RF found but not transmitted
2018-06-11 21:12:39,481 RCV reinforcement info
2018-06-11 21:12:40,517 RCV reinforcement info
2018-06-11 21:12:40,805 RCV reinforcement info
2018-06-11 21:12:42,016 RCV reinforcement info
2018-06-11 21:12:44,042 RCV reinforcement info
2018-06-11 21:12:47,337 RCV reinforcement info
2018-06-11 21:12:47,938 RF found but not transmitted
2018-06-11 21:12:48,478 RCV proposal
2018-06-11 21:12:48,482 appended honest propose b6f2c0b2cf on top of 106522c797
2018-06-11 21:12:48,578 RCV reinforcement
2018-06-11 21:12:48,610 RCV reinforcement
2018-06-11 21:12:50,031 RCV commit
2018-06-11 21:12:50,087 appended honest commit c2770827fe on top of b6f2c0b2cf
2018-06-11 21:12:50,157 Weight: 289.98154761519663 #RFs 9
2018-06-11 21:12:50,157 weight: 289.98154761519663
2018-06-11 21:12:50,157 , 289.98154761519663
2018-06-11 21:12:50,158 start mining - depth 27
2018-06-11 21:12:50,159 start mining - hash c2770827fe435b2bd4aec286ebe01f8f7faf7e924294ac59d536957462429841
2018-06-11 21:12:51,861 RCV reinforcement info
2018-06-11 21:12:52,008 RF found but not transmitted
2018-06-11 21:12:53,215 RCV reinforcement info
2018-06-11 21:12:53,562 RF found but not transmitted
2018-06-11 21:12:53,989 RF found but not transmitted
2018-06-11 21:12:54,803 RF found but not transmitted
2018-06-11 21:12:56,859 RCV reinforcement info
2018-06-11 21:12:56,912 RF found but not transmitted
2018-06-11 21:12:59,531 RCV reinforcement info
2018-06-11 21:13:01,390 RCV reinforcement info
2018-06-11 21:13:01,446 RF found but not transmitted
2018-06-11 21:13:03,165 RCV malicious_prop_agreement
2018-06-11 21:13:04,126 RCV reinforcement info
2018-06-11 21:13:04,669 RCV reinforcement info
2018-06-11 21:13:04,890 RCV reinforcement info
2018-06-11 21:13:05,766 RF found but not transmitted
2018-06-11 21:13:05,784 RCV proposal
2018-06-11 21:13:05,787 appended honest propose fe806d4647 on top of c2770827fe
2018-06-11 21:13:05,877 RCV reinforcement
2018-06-11 21:13:05,891 RCV reinforcement
2018-06-11 21:13:06,737 RCV reinforcement info
2018-06-11 21:13:06,860 RCV reinforcement
2018-06-11 21:13:07,388 RCV commit
2018-06-11 21:13:07,434 appended honest commit 7bf0956e6f on top of fe806d4647
2018-06-11 21:13:07,454 Weight: 292.03900859676986 #RFs 8
2018-06-11 21:13:07,454 weight: 292.03900859676986
2018-06-11 21:13:07,454 , 292.03900859676986
2018-06-11 21:13:07,632 RCV proposal
2018-06-11 21:13:07,634 appended malicious propose f1b5048f52 on top of c2770827fe
2018-06-11 21:13:07,635 REINFORCEMENT SENT state
2018-06-11 21:13:07,641 SNT reinforcement
2018-06-11 21:13:07,947 RCV reinforcement
2018-06-11 21:13:07,967 RCV reinforcement info
2018-06-11 21:13:07,970 RCV reinforcement
2018-06-11 21:13:07,973 RCV reinforcement
2018-06-11 21:13:07,980 RCV reinforcement
2018-06-11 21:13:07,991 RCV reinforcement
2018-06-11 21:13:08,754 RCV reinforcement
2018-06-11 21:13:08,890 RCV reinforcement
2018-06-11 21:13:09,150 RCV reinforcement info
2018-06-11 21:13:09,300 RCV commit
2018-06-11 21:13:09,442 appended malicious commit 6b676359c6 on top of f1b5048f52
2018-06-11 21:13:09,839 Weight: 296.6881195979419 #RFs 42
2018-06-11 21:13:09,839 weight: 296.6881195979419
2018-06-11 21:13:09,840 , 296.6881195979419
2018-06-11 21:13:09,845 MALICIOUS MINING state
2018-06-11 21:13:09,846 start mining - depth 28
2018-06-11 21:13:09,847 start mining - hash 6b676359c62dd52d73e967c1d2c2d4e7ffc1b5361da649ff6bda7f50b0863e15
2018-06-11 21:13:12,273 RCV reinforcement info
2018-06-11 21:13:12,592 RCV reinforcement info
2018-06-11 21:13:14,845 RCV reinforcement info
2018-06-11 21:13:17,905 RCV malicious_prop_agreement
2018-06-11 21:13:18,048 RCV reinforcement info
2018-06-11 21:13:18,694 RCV reinforcement info
2018-06-11 21:13:19,032 RCV reinforcement info
2018-06-11 21:13:19,777 RCV reinforcement info
2018-06-11 21:13:20,758 RCV reinforcement info
2018-06-11 21:13:21,213 RCV reinforcement info
