2018-06-11 20:56:46,896 ---------------------------------------------------------
2018-06-11 20:56:46,897 MALICIOUS MINING state
2018-06-11 20:56:47,921 start mining - depth 0
2018-06-11 20:56:47,923 start mining - hash 78ba6789a38f3f4adecdbf43cc8a6360f4867f27ca1ddd55be2de2457e55e498
2018-06-11 20:56:48,344 RF found but not transmitted
2018-06-11 20:56:48,600 RF found but not transmitted
2018-06-11 20:56:49,106 RCV reinforcement info
2018-06-11 20:56:50,588 RCV reinforcement info
2018-06-11 20:56:51,949 RCV reinforcement info
2018-06-11 20:56:52,033 RCV reinforcement info
2018-06-11 20:56:52,116 RCV reinforcement info
2018-06-11 20:56:53,520 RCV reinforcement info
2018-06-11 20:56:53,903 RCV reinforcement info
2018-06-11 20:56:54,128 RCV reinforcement info
2018-06-11 20:56:54,350 RCV reinforcement info
2018-06-11 20:56:55,102 RCV reinforcement info
2018-06-11 20:56:56,717 RCV reinforcement info
2018-06-11 20:56:59,479 RCV reinforcement info
2018-06-11 20:56:59,860 RCV reinforcement info
2018-06-11 20:57:01,294 RCV reinforcement info
2018-06-11 20:57:03,969 RCV proposal
2018-06-11 20:57:03,972 appended honest propose 314b448cd3 on top of 78ba6789a3
2018-06-11 20:57:04,038 RCV reinforcement
2018-06-11 20:57:04,042 RCV reinforcement
2018-06-11 20:57:05,513 RCV commit
2018-06-11 20:57:05,566 appended honest commit 09363bfd63 on top of 314b448cd3
2018-06-11 20:57:05,616 Weight: 2.9041898497618512 #RFs 14
2018-06-11 20:57:05,616 weight: 2.9041898497618512
2018-06-11 20:57:05,617 , 2.9041898497618512
2018-06-11 20:57:05,626 start mining - depth 1
2018-06-11 20:57:05,627 start mining - hash 09363bfd63f8b27a6a3baafb2691a6ee1ed0f830ca716844947684fe91638150
2018-06-11 20:57:06,350 RCV reinforcement info
2018-06-11 20:57:06,410 RCV reinforcement info
2018-06-11 20:57:08,147 RF found but not transmitted
2018-06-11 20:57:09,193 RF found but not transmitted
2018-06-11 20:57:10,850 RF found but not transmitted
2018-06-11 20:57:11,048 RCV reinforcement info
2018-06-11 20:57:11,129 RF found but not transmitted
2018-06-11 20:57:12,112 RCV reinforcement info
2018-06-11 20:57:13,119 RCV reinforcement info
2018-06-11 20:57:13,302 RCV reinforcement info
2018-06-11 20:57:13,477 RCV reinforcement info
2018-06-11 20:57:13,558 RCV reinforcement info
2018-06-11 20:57:15,698 RF found but not transmitted
2018-06-11 20:57:17,329 RF found but not transmitted
2018-06-11 20:57:17,471 RCV malicious_prop_agreement
2018-06-11 20:57:19,627 RCV proposal
2018-06-11 20:57:19,630 appended honest propose a279eeee36 on top of 09363bfd63
2018-06-11 20:57:19,683 RCV reinforcement
2018-06-11 20:57:19,836 RCV reinforcement info
2018-06-11 20:57:19,903 RCV reinforcement
2018-06-11 20:57:21,154 RCV commit
2018-06-11 20:57:21,196 appended honest commit 6a3b6c0f68 on top of a279eeee36
2018-06-11 20:57:21,249 Weight: 5.094578369178073 #RFs 9
2018-06-11 20:57:21,249 weight: 5.094578369178073
2018-06-11 20:57:21,249 , 5.094578369178073
2018-06-11 20:57:21,366 RCV proposal
2018-06-11 20:57:21,368 appended malicious propose 3ba3dd8dcd on top of 09363bfd63
2018-06-11 20:57:21,369 REINFORCEMENT SENT state
2018-06-11 20:57:21,370 SNT reinforcement
2018-06-11 20:57:21,523 RCV reinforcement
2018-06-11 20:57:21,527 RCV reinforcement
2018-06-11 20:57:21,536 RCV reinforcement
2018-06-11 20:57:21,550 RCV reinforcement
2018-06-11 20:57:21,554 RCV reinforcement
2018-06-11 20:57:22,503 RCV reinforcement
2018-06-11 20:57:22,926 RCV commit
2018-06-11 20:57:23,008 appended malicious commit 7e43c7fdec on top of 3ba3dd8dcd
2018-06-11 20:57:23,147 Weight: 8.445019664400638 #RFs 21
2018-06-11 20:57:23,147 weight: 8.445019664400638
2018-06-11 20:57:23,152 , 8.445019664400638
2018-06-11 20:57:23,152 MALICIOUS MINING state
2018-06-11 20:57:23,153 start mining - depth 2
2018-06-11 20:57:23,153 start mining - hash 7e43c7fdec85c770151b7b823204a7a01499cf03327f11b0a690c54544df1a27
2018-06-11 20:57:25,340 RF found but not transmitted
2018-06-11 20:57:27,017 RCV reinforcement info
2018-06-11 20:57:32,340 RCV malicious_prop_agreement
2018-06-11 20:57:33,670 RF found but not transmitted
2018-06-11 20:57:35,060 RCV reinforcement info
2018-06-11 20:57:35,099 RF found but not transmitted
2018-06-11 20:57:35,733 RF found but not transmitted
2018-06-11 20:57:40,923 RCV reinforcement info
2018-06-11 20:57:42,058 RCV reinforcement info
2018-06-11 20:57:44,045 RCV reinforcement info
2018-06-11 20:57:44,348 RCV reinforcement info
2018-06-11 20:57:47,273 RCV reinforcement info
2018-06-11 20:57:48,019 RCV reinforcement info
2018-06-11 20:57:48,268 RCV reinforcement info
2018-06-11 20:57:49,937 RF found but not transmitted
2018-06-11 20:57:50,554 RF found but not transmitted
2018-06-11 20:57:54,062 RCV reinforcement info
2018-06-11 20:57:56,191 RCV reinforcement info
2018-06-11 20:57:57,064 RF found but not transmitted
2018-06-11 20:57:57,386 RF found but not transmitted
2018-06-11 20:57:57,586 RCV reinforcement info
2018-06-11 20:57:57,640 RCV reinforcement info
2018-06-11 20:57:57,688 RCV reinforcement info
2018-06-11 20:57:59,752 RF found but not transmitted
2018-06-11 20:58:00,736 RCV reinforcement info
2018-06-11 20:58:00,854 RF found but not transmitted
2018-06-11 20:58:01,337 RCV reinforcement info
2018-06-11 20:58:02,604 RCV reinforcement info
2018-06-11 20:58:03,300 RCV proposal
2018-06-11 20:58:03,304 appended honest propose ab78cab6ed on top of 7e43c7fdec
2018-06-11 20:58:03,353 RCV reinforcement
2018-06-11 20:58:03,363 RCV reinforcement
2018-06-11 20:58:04,513 RCV reinforcement info
2018-06-11 20:58:04,578 RCV reinforcement
2018-06-11 20:58:04,825 RF found but not transmitted
2018-06-11 20:58:04,855 RCV commit
2018-06-11 20:58:04,932 appended honest commit 3ac3c54571 on top of ab78cab6ed
2018-06-11 20:58:05,058 Weight: 12.589492117051527 #RFs 18
2018-06-11 20:58:05,059 weight: 12.589492117051527
2018-06-11 20:58:05,060 , 12.589492117051527
2018-06-11 20:58:05,064 RCV reinforcement info
2018-06-11 20:58:05,098 RCV reinforcement
2018-06-11 20:58:05,209 RCV proposal
2018-06-11 20:58:05,221 appended malicious propose 8e8613d5eb on top of 7e43c7fdec
2018-06-11 20:58:05,222 REINFORCEMENT SENT state
2018-06-11 20:58:05,223 SNT reinforcement
2018-06-11 20:58:05,402 RCV reinforcement
2018-06-11 20:58:05,423 RCV reinforcement
2018-06-11 20:58:05,427 RCV reinforcement
2018-06-11 20:58:05,431 RCV reinforcement
2018-06-11 20:58:05,436 RCV reinforcement
2018-06-11 20:58:05,486 RCV reinforcement
2018-06-11 20:58:05,547 RCV proposal
2018-06-11 20:58:05,549 appended honest propose a62cd3e02b on top of 3ac3c54571
2018-06-11 20:58:05,614 RCV reinforcement
2018-06-11 20:58:05,958 RCV reinforcement
2018-06-11 20:58:06,521 RCV reinforcement
2018-06-11 20:58:06,725 RCV reinforcement info
2018-06-11 20:58:06,783 RCV reinforcement
2018-06-11 20:58:06,908 RCV commit
2018-06-11 20:58:07,317 appended malicious commit 0c699d52b1 on top of 8e8613d5eb
2018-06-11 20:58:07,714 Weight: 21.91199212086409 #RFs 64
2018-06-11 20:58:07,714 weight: 21.91199212086409
2018-06-11 20:58:07,715 , 21.91199212086409
2018-06-11 20:58:07,716 MALICIOUS MINING state
2018-06-11 20:58:07,716 start mining - depth 3
2018-06-11 20:58:07,717 start mining - hash 0c699d52b17d9b9add53d3529d6b873433d8d4535709cc351fb4eadb858e61a0
2018-06-11 20:58:07,718 Hashing frequency: 4288
2018-06-11 20:58:07,723 RCV malicious_prop_agreement
2018-06-11 20:58:07,798 RCV commit
2018-06-11 20:58:07,798 appended honest commit 9d7894159d on top of a62cd3e02b
2018-06-11 20:58:07,798 Weight: 13.589492117051527 #RFs 0
2018-06-11 20:58:07,798 weight: 13.589492117051527
2018-06-11 20:58:07,798 , 13.589492117051527
2018-06-11 20:58:07,800 Synchronizing branches
2018-06-11 20:58:07,801 start mining - depth 3
2018-06-11 20:58:07,801 start mining - hash 0c699d52b17d9b9add53d3529d6b873433d8d4535709cc351fb4eadb858e61a0
2018-06-11 20:58:08,030 RCV reinforcement info
2018-06-11 20:58:08,300 RCV reinforcement info
2018-06-11 20:58:08,465 RCV malicious_prop_agreement
2018-06-11 20:58:09,098 RF found but not transmitted
2018-06-11 20:58:10,961 RCV reinforcement info
2018-06-11 20:58:14,674 RCV reinforcement info
2018-06-11 20:58:18,796 RCV reinforcement info
2018-06-11 20:58:19,989 RF found but not transmitted
2018-06-11 20:58:20,102 RCV reinforcement info
2018-06-11 20:58:20,572 RCV reinforcement info
2018-06-11 20:58:20,772 RF found but not transmitted
2018-06-11 20:58:21,636 RCV reinforcement info
2018-06-11 20:58:22,359 RCV reinforcement info
2018-06-11 20:58:23,451 RCV reinforcement info
2018-06-11 20:58:24,972 RCV reinforcement info
2018-06-11 20:58:27,407 RCV reinforcement info
2018-06-11 20:58:29,487 RF found but not transmitted
2018-06-11 20:58:31,080 RCV reinforcement info
2018-06-11 20:58:32,824 RCV reinforcement info
2018-06-11 20:58:35,210 RCV reinforcement info
2018-06-11 20:58:36,687 RCV reinforcement info
2018-06-11 20:58:39,609 RCV reinforcement info
2018-06-11 20:58:44,096 RCV reinforcement info
2018-06-11 20:58:45,008 RCV proposal
2018-06-11 20:58:45,012 appended honest propose bb277bca6f on top of 0c699d52b1
2018-06-11 20:58:45,067 RCV reinforcement
2018-06-11 20:58:45,081 RCV reinforcement
2018-06-11 20:58:45,319 RCV reinforcement info
2018-06-11 20:58:45,389 RCV reinforcement
2018-06-11 20:58:46,595 RCV commit
2018-06-11 20:58:46,676 appended honest commit 98613c116c on top of bb277bca6f
2018-06-11 20:58:46,796 Weight: 27.45183870482606 #RFs 18
2018-06-11 20:58:46,796 weight: 27.45183870482606
2018-06-11 20:58:46,797 , 27.45183870482606
2018-06-11 20:58:46,971 RCV proposal
2018-06-11 20:58:46,980 appended malicious propose 3df2e6fcc4 on top of 0c699d52b1
2018-06-11 20:58:46,981 REINFORCEMENT SENT state
2018-06-11 20:58:46,985 SNT reinforcement
2018-06-11 20:58:47,153 RCV reinforcement
2018-06-11 20:58:47,192 RCV reinforcement
2018-06-11 20:58:47,210 RCV reinforcement
2018-06-11 20:58:47,220 RCV reinforcement
2018-06-11 20:58:47,240 RCV reinforcement
2018-06-11 20:58:48,631 RCV commit
2018-06-11 20:58:48,944 appended malicious commit 96a54e82a1 on top of 3df2e6fcc4
2018-06-11 20:58:49,226 Weight: 33.22848172549041 #RFs 50
2018-06-11 20:58:49,227 weight: 33.22848172549041
2018-06-11 20:58:49,228 , 33.22848172549041
2018-06-11 20:58:49,230 MALICIOUS MINING state
2018-06-11 20:58:49,230 start mining - depth 4
2018-06-11 20:58:49,231 start mining - hash 96a54e82a196485868f7023656509f3f5ad832c682516788308591cad14a1528
2018-06-11 20:58:49,417 RF found but not transmitted
2018-06-11 20:58:50,291 RCV reinforcement info
2018-06-11 20:58:50,834 RCV proposal
2018-06-11 20:58:50,837 appended honest propose 6eda58b855 on top of 96a54e82a1
2018-06-11 20:58:50,889 RCV reinforcement
2018-06-11 20:58:51,604 RCV reinforcement info
2018-06-11 20:58:51,662 RCV reinforcement
2018-06-11 20:58:52,260 RCV reinforcement info
2018-06-11 20:58:52,316 RCV reinforcement
2018-06-11 20:58:52,416 RCV commit
2018-06-11 20:58:52,434 appended honest commit 38e4806a0d on top of 6eda58b855
2018-06-11 20:58:52,438 Weight: 35.31478269053957 #RFs 2
2018-06-11 20:58:52,439 weight: 35.31478269053957
2018-06-11 20:58:52,439 , 35.31478269053957
2018-06-11 20:58:52,440 start mining - depth 5
2018-06-11 20:58:52,440 start mining - hash 38e4806a0d09ddadc8dc9f4d63d8912b585a0c7cb702baee137461e23cee7cc5
2018-06-11 20:58:55,323 RCV reinforcement info
2018-06-11 20:58:57,529 RCV reinforcement info
2018-06-11 20:58:57,591 RCV reinforcement info
2018-06-11 20:58:58,064 RF found but not transmitted
2018-06-11 20:58:58,348 RCV reinforcement info
2018-06-11 20:58:59,243 RCV reinforcement info
2018-06-11 20:58:59,920 RCV reinforcement info
2018-06-11 20:59:03,449 RCV reinforcement info
2018-06-11 20:59:04,944 RF found but not transmitted
2018-06-11 20:59:05,059 RCV reinforcement info
2018-06-11 20:59:08,521 RCV reinforcement info
2018-06-11 20:59:11,057 RCV reinforcement info
2018-06-11 20:59:11,766 RCV reinforcement info
2018-06-11 20:59:14,574 RCV reinforcement info
2018-06-11 20:59:17,099 RCV proposal
2018-06-11 20:59:17,102 appended honest propose 8902900db3 on top of 38e4806a0d
2018-06-11 20:59:17,164 RCV reinforcement
2018-06-11 20:59:17,284 RCV malicious_prop_agreement
2018-06-11 20:59:17,446 RCV reinforcement info
2018-06-11 20:59:17,505 RCV reinforcement
2018-06-11 20:59:18,652 RCV commit
2018-06-11 20:59:18,719 appended honest commit 34fefc6e01 on top of 8902900db3
2018-06-11 20:59:18,782 Weight: 39.10676612185805 #RFs 13
2018-06-11 20:59:18,783 weight: 39.10676612185805
2018-06-11 20:59:18,783 , 39.10676612185805
2018-06-11 20:59:18,904 RCV proposal
2018-06-11 20:59:18,913 appended malicious propose 6cc2d9e84b on top of 38e4806a0d
2018-06-11 20:59:18,913 REINFORCEMENT SENT state
2018-06-11 20:59:18,918 SNT reinforcement
2018-06-11 20:59:19,072 RCV reinforcement
2018-06-11 20:59:19,076 RCV reinforcement
2018-06-11 20:59:19,079 RCV reinforcement
2018-06-11 20:59:19,086 RCV reinforcement
2018-06-11 20:59:19,093 RCV reinforcement
2018-06-11 20:59:20,027 RF found but not transmitted
2018-06-11 20:59:20,029 SNT reinforcement
2018-06-11 20:59:20,496 RCV proposal
2018-06-11 20:59:20,499 appended honest propose dc4c802d8d on top of 34fefc6e01
2018-06-11 20:59:20,520 RCV reinforcement
2018-06-11 20:59:20,530 RCV commit
2018-06-11 20:59:20,726 appended malicious commit b58d7b16a9 on top of 6cc2d9e84b
2018-06-11 20:59:20,937 Weight: 41.28119318243343 #RFs 35
2018-06-11 20:59:20,937 weight: 41.28119318243343
2018-06-11 20:59:20,937 , 41.28119318243343
2018-06-11 20:59:20,939 MALICIOUS MINING state
2018-06-11 20:59:20,939 start mining - depth 6
2018-06-11 20:59:20,939 start mining - hash b58d7b16a9062ed0ae9d0bfaadf139193a4b5527c6e466b6b7066122b1cbfced
2018-06-11 20:59:20,940 Hashing frequency: 3953
2018-06-11 20:59:21,109 RF found but not transmitted
2018-06-11 20:59:21,148 RF found but not transmitted
2018-06-11 20:59:21,996 RCV commit
2018-06-11 20:59:21,996 appended honest commit 8512d5c8c6 on top of dc4c802d8d
2018-06-11 20:59:21,996 Weight: 40.10676612185805 #RFs 0
2018-06-11 20:59:21,996 weight: 40.10676612185805
2018-06-11 20:59:21,996 , 40.10676612185805
2018-06-11 20:59:21,997 Synchronizing branches
2018-06-11 20:59:22,000 start mining - depth 6
2018-06-11 20:59:22,001 start mining - hash b58d7b16a9062ed0ae9d0bfaadf139193a4b5527c6e466b6b7066122b1cbfced
2018-06-11 20:59:22,171 RF found but not transmitted
2018-06-11 20:59:22,208 RF found but not transmitted
2018-06-11 20:59:22,878 RCV reinforcement info
2018-06-11 20:59:23,961 RCV reinforcement info
2018-06-11 20:59:24,205 RCV reinforcement info
2018-06-11 20:59:26,450 RCV malicious_prop_agreement
2018-06-11 20:59:27,485 RF found but not transmitted
2018-06-11 20:59:28,100 RCV reinforcement info
2018-06-11 20:59:28,479 RCV reinforcement info
2018-06-11 20:59:32,701 RCV reinforcement info
2018-06-11 20:59:33,784 RF found but not transmitted
2018-06-11 20:59:35,135 RF found but not transmitted
2018-06-11 20:59:35,283 RF found but not transmitted
2018-06-11 20:59:39,060 RCV reinforcement info
2018-06-11 20:59:40,433 RF found but not transmitted
2018-06-11 20:59:41,242 RCV reinforcement info
2018-06-11 20:59:41,315 RCV reinforcement info
2018-06-11 20:59:45,894 RF found but not transmitted
2018-06-11 20:59:48,165 RCV proposal
2018-06-11 20:59:48,169 appended honest propose 515582287b on top of b58d7b16a9
2018-06-11 20:59:48,199 RF found but not transmitted
2018-06-11 20:59:48,224 RCV reinforcement
2018-06-11 20:59:48,239 RCV reinforcement
2018-06-11 20:59:49,293 RCV reinforcement info
2018-06-11 20:59:49,353 RCV reinforcement
2018-06-11 20:59:49,717 RCV commit
2018-06-11 20:59:49,785 appended honest commit 8eca1caf9a on top of 515582287b
2018-06-11 20:59:49,867 Weight: 44.83806679801444 #RFs 10
2018-06-11 20:59:49,867 weight: 44.83806679801444
2018-06-11 20:59:49,867 , 44.83806679801444
2018-06-11 20:59:49,990 RCV proposal
2018-06-11 20:59:49,994 appended malicious propose c2d52187fe on top of b58d7b16a9
2018-06-11 20:59:49,994 REINFORCEMENT SENT state
2018-06-11 20:59:49,995 SNT reinforcement
2018-06-11 20:59:50,126 RCV reinforcement
2018-06-11 20:59:50,242 RCV reinforcement
2018-06-11 20:59:50,257 RCV reinforcement
2018-06-11 20:59:50,262 RCV reinforcement
2018-06-11 20:59:50,308 RCV reinforcement
2018-06-11 20:59:50,392 RCV reinforcement
2018-06-11 20:59:50,469 RCV reinforcement info
2018-06-11 20:59:51,328 RCV reinforcement
2018-06-11 20:59:51,667 RCV commit
2018-06-11 20:59:51,977 appended malicious commit ccc6f052a3 on top of c2d52187fe
2018-06-11 20:59:52,240 Weight: 52.80095452928795 #RFs 46
2018-06-11 20:59:52,240 weight: 52.80095452928795
2018-06-11 20:59:52,240 , 52.80095452928795
2018-06-11 20:59:52,241 MALICIOUS MINING state
2018-06-11 20:59:52,241 start mining - depth 7
2018-06-11 20:59:52,241 start mining - hash ccc6f052a3574a5bb5ca0b821a7eb6d2d2e63d364ebfc6d8adbcff13b20bfdfb
2018-06-11 20:59:53,498 RCV reinforcement info
2018-06-11 20:59:56,014 RF found but not transmitted
2018-06-11 20:59:59,174 RCV reinforcement info
2018-06-11 20:59:59,389 RF found but not transmitted
2018-06-11 20:59:59,524 RCV reinforcement info
2018-06-11 21:00:01,455 RF found but not transmitted
2018-06-11 21:00:01,599 RCV reinforcement info
2018-06-11 21:00:01,956 RCV reinforcement info
2018-06-11 21:00:03,282 RCV reinforcement info
2018-06-11 21:00:04,654 RCV reinforcement info
2018-06-11 21:00:04,950 RCV reinforcement info
2018-06-11 21:00:08,105 RCV reinforcement info
2018-06-11 21:00:08,806 RCV reinforcement info
2018-06-11 21:00:09,265 RCV reinforcement info
2018-06-11 21:00:09,509 RCV reinforcement info
2018-06-11 21:00:10,029 RCV reinforcement info
2018-06-11 21:00:11,071 RCV reinforcement info
2018-06-11 21:00:12,076 RCV malicious_prop_agreement
2018-06-11 21:00:12,614 RCV proposal
2018-06-11 21:00:12,618 appended honest propose dd5cbb5761 on top of ccc6f052a3
2018-06-11 21:00:12,690 RCV reinforcement
2018-06-11 21:00:12,693 RCV reinforcement
2018-06-11 21:00:14,204 RCV commit
2018-06-11 21:00:14,313 appended honest commit c80f4a8a5e on top of dd5cbb5761
2018-06-11 21:00:14,414 Weight: 55.50899257769348 #RFs 14
2018-06-11 21:00:14,415 weight: 55.50899257769348
2018-06-11 21:00:14,415 , 55.50899257769348
2018-06-11 21:00:14,533 RCV proposal
2018-06-11 21:00:14,537 appended malicious propose c82eada1a2 on top of ccc6f052a3
2018-06-11 21:00:14,538 REINFORCEMENT SENT state
2018-06-11 21:00:14,547 SNT reinforcement
2018-06-11 21:00:14,734 RCV reinforcement
2018-06-11 21:00:14,765 RCV reinforcement
2018-06-11 21:00:14,799 RCV reinforcement
2018-06-11 21:00:14,821 RCV reinforcement
2018-06-11 21:00:14,838 RCV reinforcement
2018-06-11 21:00:15,238 RF found but not transmitted
2018-06-11 21:00:15,243 SNT reinforcement
2018-06-11 21:00:15,416 RCV reinforcement info
2018-06-11 21:00:16,126 RCV commit
2018-06-11 21:00:16,358 appended malicious commit ffabe8fb4f on top of c82eada1a2
2018-06-11 21:00:16,580 Weight: 59.49025667850376 #RFs 34
2018-06-11 21:00:16,580 weight: 59.49025667850376
2018-06-11 21:00:16,585 , 59.49025667850376
2018-06-11 21:00:16,586 MALICIOUS MINING state
2018-06-11 21:00:16,586 start mining - depth 8
2018-06-11 21:00:16,587 start mining - hash ffabe8fb4fe0e3bf98a804ba91fcf9f5f8719c65d06781b8bbb39cbf9db71c22
2018-06-11 21:00:16,843 RCV reinforcement info
2018-06-11 21:00:17,316 RCV reinforcement info
2018-06-11 21:00:17,641 RCV proposal
2018-06-11 21:00:17,644 appended honest propose 640570c2fa on top of ffabe8fb4f
2018-06-11 21:00:18,027 RF found but not transmitted
2018-06-11 21:00:19,098 RCV reinforcement info
2018-06-11 21:00:19,159 RCV commit
2018-06-11 21:00:19,165 appended honest commit b55ceeab47 on top of 640570c2fa
2018-06-11 21:00:19,182 Weight: 60.832302880746134 #RFs 2
2018-06-11 21:00:19,182 weight: 60.832302880746134
2018-06-11 21:00:19,184 , 60.832302880746134
2018-06-11 21:00:19,196 start mining - depth 9
2018-06-11 21:00:19,196 start mining - hash b55ceeab47f0df9701da7d5aa3eb0a350619202ec836485f46f1955decfb4c20
2018-06-11 21:00:19,200 RCV reinforcement
2018-06-11 21:00:20,508 RCV reinforcement info
2018-06-11 21:00:23,369 RCV reinforcement info
2018-06-11 21:00:23,780 RCV malicious_prop_agreement
2018-06-11 21:00:24,787 RCV reinforcement info
2018-06-11 21:00:26,183 RF found but not transmitted
2018-06-11 21:00:26,530 RCV reinforcement info
2018-06-11 21:00:27,077 RCV reinforcement info
2018-06-11 21:00:28,769 RCV reinforcement info
2018-06-11 21:00:30,360 RCV reinforcement info
2018-06-11 21:00:30,887 RCV reinforcement info
2018-06-11 21:00:35,161 RCV reinforcement info
2018-06-11 21:00:35,700 RF found but not transmitted
2018-06-11 21:00:36,505 RCV reinforcement info
2018-06-11 21:00:36,703 RCV reinforcement info
2018-06-11 21:00:36,993 RCV reinforcement info
2018-06-11 21:00:37,474 RCV reinforcement info
2018-06-11 21:00:38,892 RF found but not transmitted
2018-06-11 21:00:40,572 RCV reinforcement info
2018-06-11 21:00:40,635 RCV reinforcement info
2018-06-11 21:00:42,672 RCV reinforcement info
2018-06-11 21:00:43,317 RCV reinforcement info
2018-06-11 21:00:43,609 RF found but not transmitted
2018-06-11 21:00:44,835 RF found but not transmitted
2018-06-11 21:00:44,853 RF found but not transmitted
2018-06-11 21:00:45,161 RCV reinforcement info
2018-06-11 21:00:45,181 RCV reinforcement info
2018-06-11 21:00:45,306 RCV reinforcement info
2018-06-11 21:00:45,738 RCV reinforcement info
2018-06-11 21:00:45,902 RCV reinforcement info
2018-06-11 21:00:46,304 RCV reinforcement info
2018-06-11 21:00:47,627 RCV reinforcement info
2018-06-11 21:00:47,684 RCV reinforcement info
2018-06-11 21:00:48,460 RCV reinforcement info
2018-06-11 21:00:50,901 RCV reinforcement info
2018-06-11 21:00:52,420 RCV reinforcement info
2018-06-11 21:00:52,586 RCV reinforcement info
2018-06-11 21:00:54,183 RCV reinforcement info
2018-06-11 21:00:55,359 RCV reinforcement info
2018-06-11 21:00:58,621 RF found but not transmitted
2018-06-11 21:01:00,114 RF found but not transmitted
2018-06-11 21:01:02,214 RCV reinforcement info
2018-06-11 21:01:02,578 RCV reinforcement info
2018-06-11 21:01:03,662 RCV reinforcement info
2018-06-11 21:01:05,587 RCV reinforcement info
2018-06-11 21:01:05,615 RCV reinforcement info
2018-06-11 21:01:05,956 RCV reinforcement info
2018-06-11 21:01:06,779 RCV reinforcement info
2018-06-11 21:01:06,852 RCV reinforcement info
2018-06-11 21:01:07,029 RF found but not transmitted
2018-06-11 21:01:10,372 RF found but not transmitted
2018-06-11 21:01:10,853 RCV reinforcement info
2018-06-11 21:01:11,627 RF found but not transmitted
2018-06-11 21:01:20,728 RCV reinforcement info
2018-06-11 21:01:21,983 RCV reinforcement info
2018-06-11 21:01:22,202 RCV reinforcement info
2018-06-11 21:01:23,027 RCV reinforcement info
2018-06-11 21:01:24,301 RCV reinforcement info
2018-06-11 21:01:24,562 RCV reinforcement info
2018-06-11 21:01:24,685 RCV reinforcement info
2018-06-11 21:01:26,084 RF found but not transmitted
2018-06-11 21:01:26,227 RCV reinforcement info
2018-06-11 21:01:28,307 RCV reinforcement info
2018-06-11 21:01:29,312 RCV proposal
2018-06-11 21:01:29,315 appended honest propose eef96d0293 on top of b55ceeab47
2018-06-11 21:01:29,393 RCV reinforcement
2018-06-11 21:01:29,415 RCV reinforcement
2018-06-11 21:01:29,625 RF found but not transmitted
2018-06-11 21:01:30,814 RCV reinforcement info
2018-06-11 21:01:30,877 RCV reinforcement
2018-06-11 21:01:31,086 RCV commit
2018-06-11 21:01:31,272 RF found but not transmitted
2018-06-11 21:01:31,413 appended honest commit 0a383e82b9 on top of eef96d0293
2018-06-11 21:01:31,715 Weight: 69.48065871917382 #RFs 49
2018-06-11 21:01:31,716 weight: 69.48065871917382
2018-06-11 21:01:31,716 , 69.48065871917382
2018-06-11 21:01:31,875 RCV proposal
2018-06-11 21:01:31,879 appended malicious propose 8649dcefb4 on top of b55ceeab47
2018-06-11 21:01:31,879 REINFORCEMENT SENT state
2018-06-11 21:01:31,880 SNT reinforcement
2018-06-11 21:01:32,087 RCV reinforcement info
2018-06-11 21:01:32,091 RCV reinforcement
2018-06-11 21:01:32,094 RCV reinforcement
2018-06-11 21:01:32,107 RCV reinforcement
2018-06-11 21:01:32,150 RCV reinforcement
2018-06-11 21:01:32,154 RCV reinforcement
2018-06-11 21:01:33,004 RCV reinforcement info
2018-06-11 21:01:34,013 RCV reinforcement info
2018-06-11 21:01:34,046 RCV commit
2018-06-11 21:01:34,719 appended malicious commit d93623bc27 on top of 8649dcefb4
2018-06-11 21:01:35,519 Weight: 86.72899103036576 #RFs 98
2018-06-11 21:01:35,519 weight: 86.72899103036576
2018-06-11 21:01:35,520 , 86.72899103036576
2018-06-11 21:01:35,521 MALICIOUS MINING state
2018-06-11 21:01:35,526 start mining - depth 10
2018-06-11 21:01:35,526 start mining - hash d93623bc278220cf2c189424d3ef50b00c7327d13fb63aa9cf477c0f9b3002fb
2018-06-11 21:01:35,527 Hashing frequency: 7193
2018-06-11 21:01:35,677 RCV reinforcement info
2018-06-11 21:01:36,062 RCV proposal
2018-06-11 21:01:36,070 appended honest propose c4139cda95 on top of d93623bc27
2018-06-11 21:01:36,146 RCV reinforcement
2018-06-11 21:01:37,605 RCV commit
2018-06-11 21:01:37,609 appended honest commit c4b5b887c9 on top of c4139cda95
2018-06-11 21:01:37,611 Weight: 87.83842965598181 #RFs 1
2018-06-11 21:01:37,611 weight: 87.83842965598181
2018-06-11 21:01:37,612 , 87.83842965598181
2018-06-11 21:01:37,626 start mining - depth 11
2018-06-11 21:01:37,627 start mining - hash c4b5b887c9bd474239c05e5155cdd6f1ab3e044c48238052ab6d31dbc10d065b
2018-06-11 21:01:37,984 RCV reinforcement info
2018-06-11 21:01:40,712 RCV reinforcement info
2018-06-11 21:01:42,590 RCV reinforcement info
2018-06-11 21:01:45,970 RCV reinforcement info
2018-06-11 21:01:46,057 RCV reinforcement info
2018-06-11 21:01:49,995 RF found but not transmitted
2018-06-11 21:01:50,082 RF found but not transmitted
2018-06-11 21:01:50,142 RCV reinforcement info
2018-06-11 21:01:50,271 RF found but not transmitted
2018-06-11 21:01:51,533 RCV reinforcement info
2018-06-11 21:01:51,973 RCV reinforcement info
2018-06-11 21:01:57,323 RCV reinforcement info
2018-06-11 21:01:58,271 RCV reinforcement info
2018-06-11 21:01:58,845 RCV reinforcement info
2018-06-11 21:01:59,046 RCV reinforcement info
2018-06-11 21:01:59,397 RCV reinforcement info
2018-06-11 21:02:01,053 RF found but not transmitted
2018-06-11 21:02:01,776 RF found but not transmitted
2018-06-11 21:02:02,662 RCV reinforcement info
2018-06-11 21:02:04,399 RCV reinforcement info
2018-06-11 21:02:04,963 RCV reinforcement info
2018-06-11 21:02:06,230 RCV malicious_prop_agreement
2018-06-11 21:02:08,421 RCV reinforcement info
2018-06-11 21:02:09,183 RCV reinforcement info
2018-06-11 21:02:10,225 RF found but not transmitted
2018-06-11 21:02:10,824 RCV reinforcement info
2018-06-11 21:02:14,494 RF found but not transmitted
2018-06-11 21:02:15,093 RCV reinforcement info
2018-06-11 21:02:15,461 RCV reinforcement info
2018-06-11 21:02:15,488 RF found but not transmitted
2018-06-11 21:02:16,166 RF found but not transmitted
2018-06-11 21:02:16,390 RCV reinforcement info
2018-06-11 21:02:18,335 RF found but not transmitted
2018-06-11 21:02:18,831 RCV reinforcement info
2018-06-11 21:02:19,184 RF found but not transmitted
2018-06-11 21:02:20,030 RF found but not transmitted
2018-06-11 21:02:20,313 RCV reinforcement info
2018-06-11 21:02:20,713 RF found but not transmitted
2018-06-11 21:02:20,759 RCV reinforcement info
2018-06-11 21:02:20,910 RCV reinforcement info
2018-06-11 21:02:21,187 RCV reinforcement info
2018-06-11 21:02:21,221 RCV reinforcement info
2018-06-11 21:02:21,588 RF found but not transmitted
2018-06-11 21:02:23,155 RCV reinforcement info
2018-06-11 21:02:24,179 RCV reinforcement info
2018-06-11 21:02:24,586 RF found but not transmitted
2018-06-11 21:02:25,606 RCV reinforcement info
2018-06-11 21:02:26,207 RCV reinforcement info
2018-06-11 21:02:26,209 RCV reinforcement info
2018-06-11 21:02:29,616 RCV reinforcement info
2018-06-11 21:02:29,754 RCV proposal
2018-06-11 21:02:29,757 appended honest propose 61973ddcab on top of c4b5b887c9
2018-06-11 21:02:29,838 RCV reinforcement
2018-06-11 21:02:29,842 RCV reinforcement
2018-06-11 21:02:31,122 RCV reinforcement info
2018-06-11 21:02:31,186 RCV reinforcement
2018-06-11 21:02:31,370 RCV commit
2018-06-11 21:02:31,558 appended honest commit c8d2bbb42c on top of 61973ddcab
2018-06-11 21:02:31,726 Weight: 97.51329007013481 #RFs 35
2018-06-11 21:02:31,726 weight: 97.51329007013481
2018-06-11 21:02:31,726 , 97.51329007013481
2018-06-11 21:02:31,836 RCV reinforcement info
2018-06-11 21:02:31,886 RCV proposal
2018-06-11 21:02:31,909 appended malicious propose 2a7791b414 on top of c4b5b887c9
2018-06-11 21:02:31,910 REINFORCEMENT SENT state
2018-06-11 21:02:31,912 SNT reinforcement
2018-06-11 21:02:32,060 RCV reinforcement
2018-06-11 21:02:32,068 RCV reinforcement
2018-06-11 21:02:32,084 RCV reinforcement
2018-06-11 21:02:32,102 RCV reinforcement
2018-06-11 21:02:32,120 RCV reinforcement
2018-06-11 21:02:32,545 RCV reinforcement
2018-06-11 21:02:32,611 RCV reinforcement
2018-06-11 21:02:33,074 RCV reinforcement
2018-06-11 21:02:33,288 RCV reinforcement
2018-06-11 21:02:33,571 RCV commit
2018-06-11 21:02:33,959 appended malicious commit 46a27c6252 on top of 2a7791b414
2018-06-11 21:02:34,316 Weight: 104.35811738219107 #RFs 72
2018-06-11 21:02:34,316 weight: 104.35811738219107
2018-06-11 21:02:34,318 , 104.35811738219107
2018-06-11 21:02:34,327 MALICIOUS MINING state
2018-06-11 21:02:34,327 start mining - depth 12
2018-06-11 21:02:34,328 start mining - hash 46a27c6252c2a11dcdadc1a765b855799b35095789b6eb56909239684570f3cb
2018-06-11 21:02:35,044 RCV reinforcement info
2018-06-11 21:02:37,983 RCV reinforcement info
2018-06-11 21:02:40,754 RCV reinforcement info
2018-06-11 21:02:40,848 RCV reinforcement info
2018-06-11 21:02:40,937 RCV reinforcement info
2018-06-11 21:02:41,128 RCV reinforcement info
2018-06-11 21:02:45,651 RCV reinforcement info
2018-06-11 21:02:47,110 RF found but not transmitted
2018-06-11 21:02:52,521 RF found but not transmitted
2018-06-11 21:02:53,009 RCV malicious_prop_agreement
2018-06-11 21:02:53,254 RF found but not transmitted
2018-06-11 21:02:55,356 RCV reinforcement info
2018-06-11 21:02:56,965 RCV reinforcement info
2018-06-11 21:02:56,972 RCV reinforcement info
2018-06-11 21:03:00,783 RF found but not transmitted
2018-06-11 21:03:01,205 RCV reinforcement info
2018-06-11 21:03:01,674 RCV reinforcement info
2018-06-11 21:03:02,486 RCV reinforcement info
2018-06-11 21:03:06,643 RCV reinforcement info
2018-06-11 21:03:07,015 RCV reinforcement info
2018-06-11 21:03:07,702 RCV reinforcement info
2018-06-11 21:03:08,469 RCV reinforcement info
2018-06-11 21:03:10,037 RCV reinforcement info
2018-06-11 21:03:10,191 RF found but not transmitted
2018-06-11 21:03:10,331 RCV reinforcement info
2018-06-11 21:03:11,977 RF found but not transmitted
2018-06-11 21:03:12,230 RCV reinforcement info
2018-06-11 21:03:12,770 RF found but not transmitted
2018-06-11 21:03:14,043 RF found but not transmitted
2018-06-11 21:03:14,605 RCV reinforcement info
2018-06-11 21:03:15,353 RCV reinforcement info
2018-06-11 21:03:17,423 RCV reinforcement info
2018-06-11 21:03:18,384 RF found but not transmitted
2018-06-11 21:03:19,223 RCV reinforcement info
2018-06-11 21:03:20,047 RCV reinforcement info
2018-06-11 21:03:20,567 RCV reinforcement info
2018-06-11 21:03:21,908 RCV reinforcement info
2018-06-11 21:03:22,770 RF found but not transmitted
2018-06-11 21:03:23,791 RCV reinforcement info
2018-06-11 21:03:27,638 RCV reinforcement info
2018-06-11 21:03:27,723 RCV reinforcement info
2018-06-11 21:03:29,354 RCV reinforcement info
2018-06-11 21:03:30,103 RCV reinforcement info
2018-06-11 21:03:30,149 RF found but not transmitted
2018-06-11 21:03:32,375 RCV reinforcement info
2018-06-11 21:03:34,485 RCV reinforcement info
2018-06-11 21:03:38,031 RF found but not transmitted
2018-06-11 21:03:38,034 RCV reinforcement info
2018-06-11 21:03:38,316 RCV reinforcement info
2018-06-11 21:03:39,837 RF found but not transmitted
2018-06-11 21:03:42,507 RCV reinforcement info
2018-06-11 21:03:42,729 RF found but not transmitted
2018-06-11 21:03:43,942 RCV reinforcement info
2018-06-11 21:03:47,636 RCV reinforcement info
2018-06-11 21:03:48,143 RCV reinforcement info
2018-06-11 21:03:48,367 RCV reinforcement info
2018-06-11 21:03:49,337 RCV reinforcement info
2018-06-11 21:03:50,198 RCV reinforcement info
2018-06-11 21:03:50,319 RCV reinforcement info
2018-06-11 21:03:50,557 RCV reinforcement info
2018-06-11 21:03:51,396 RCV reinforcement info
2018-06-11 21:03:51,723 RCV reinforcement info
2018-06-11 21:03:52,257 RF found but not transmitted
2018-06-11 21:03:53,209 RCV proposal
2018-06-11 21:03:53,214 appended honest propose d49ce1cffb on top of 46a27c6252
2018-06-11 21:03:53,299 RCV reinforcement
2018-06-11 21:03:53,329 RCV reinforcement
2018-06-11 21:03:53,911 RCV reinforcement info
2018-06-11 21:03:53,930 RCV reinforcement info
2018-06-11 21:03:53,993 RCV reinforcement
2018-06-11 21:03:54,010 RCV reinforcement
2018-06-11 21:03:54,867 RCV commit
2018-06-11 21:03:55,142 appended honest commit f793ee98c4 on top of d49ce1cffb
2018-06-11 21:03:55,443 Weight: 114.06776612320733 #RFs 48
2018-06-11 21:03:55,444 weight: 114.06776612320733
2018-06-11 21:03:55,444 , 114.06776612320733
2018-06-11 21:03:55,629 RCV proposal
2018-06-11 21:03:55,636 appended malicious propose 1ee0bac0e9 on top of 46a27c6252
2018-06-11 21:03:55,637 REINFORCEMENT SENT state
2018-06-11 21:03:55,638 SNT reinforcement
2018-06-11 21:03:55,856 RCV reinforcement info
2018-06-11 21:03:55,858 RCV reinforcement info
2018-06-11 21:03:55,861 RCV reinforcement
2018-06-11 21:03:55,881 RCV reinforcement
2018-06-11 21:03:55,884 RCV reinforcement
2018-06-11 21:03:55,891 RCV reinforcement
2018-06-11 21:03:55,918 RCV reinforcement
2018-06-11 21:03:56,632 RCV reinforcement
2018-06-11 21:03:56,778 RF found but not transmitted
2018-06-11 21:03:56,785 SNT reinforcement
2018-06-11 21:03:56,876 RCV reinforcement
2018-06-11 21:03:57,226 RCV reinforcement
2018-06-11 21:03:57,475 RCV commit
2018-06-11 21:03:58,187 appended malicious commit 32cbbbfe8f on top of 1ee0bac0e9
2018-06-11 21:03:58,901 Weight: 131.28134279188157 #RFs 112
2018-06-11 21:03:58,903 weight: 131.28134279188157
2018-06-11 21:03:58,903 , 131.28134279188157
2018-06-11 21:03:58,904 MALICIOUS MINING state
2018-06-11 21:03:58,904 start mining - depth 13
2018-06-11 21:03:58,905 start mining - hash 32cbbbfe8fcbb3ea9b8f86339e37f244077aa758e34f884d5f52823536846c63
2018-06-11 21:03:58,906 Hashing frequency: 7597
2018-06-11 21:03:59,131 RCV reinforcement info
2018-06-11 21:04:01,534 RF found but not transmitted
2018-06-11 21:04:02,379 RCV malicious_prop_agreement
2018-06-11 21:04:02,774 RCV reinforcement info
2018-06-11 21:04:03,620 RCV reinforcement info
2018-06-11 21:04:03,731 RCV reinforcement info
2018-06-11 21:04:06,389 RCV reinforcement info
2018-06-11 21:04:08,469 RF found but not transmitted
2018-06-11 21:04:08,912 RCV reinforcement info
2018-06-11 21:04:11,874 RF found but not transmitted
2018-06-11 21:04:12,816 RCV reinforcement info
2018-06-11 21:04:17,450 RCV reinforcement info
2018-06-11 21:04:17,487 RF found but not transmitted
2018-06-11 21:04:18,009 RCV reinforcement info
2018-06-11 21:04:20,049 RCV reinforcement info
2018-06-11 21:04:20,190 RCV reinforcement info
2018-06-11 21:04:20,375 RCV reinforcement info
2018-06-11 21:04:25,922 RF found but not transmitted
2018-06-11 21:04:26,235 RCV reinforcement info
2018-06-11 21:04:28,464 RCV reinforcement info
2018-06-11 21:04:28,669 RCV reinforcement info
2018-06-11 21:04:28,946 RF found but not transmitted
2018-06-11 21:04:29,352 RF found but not transmitted
2018-06-11 21:04:30,018 RCV reinforcement info
2018-06-11 21:04:30,857 RCV reinforcement info
2018-06-11 21:04:36,986 RCV reinforcement info
2018-06-11 21:04:41,247 RCV reinforcement info
2018-06-11 21:04:41,318 RF found but not transmitted
2018-06-11 21:04:41,632 RCV reinforcement info
2018-06-11 21:04:42,086 RCV reinforcement info
2018-06-11 21:04:42,934 RCV reinforcement info
2018-06-11 21:04:44,815 RCV reinforcement info
2018-06-11 21:04:45,413 RCV reinforcement info
2018-06-11 21:04:47,973 RF found but not transmitted
2018-06-11 21:04:48,237 RF found but not transmitted
2018-06-11 21:04:48,565 RCV reinforcement info
2018-06-11 21:04:50,503 RCV reinforcement info
2018-06-11 21:04:53,565 RCV reinforcement info
2018-06-11 21:04:53,792 RCV reinforcement info
2018-06-11 21:04:57,212 RCV reinforcement info
2018-06-11 21:04:59,278 RCV reinforcement info
2018-06-11 21:04:59,614 RCV reinforcement info
2018-06-11 21:04:59,971 RF found but not transmitted
2018-06-11 21:05:00,046 RCV reinforcement info
2018-06-11 21:05:03,185 RF found but not transmitted
2018-06-11 21:05:04,923 RCV reinforcement info
2018-06-11 21:05:05,831 RCV reinforcement info
2018-06-11 21:05:06,391 RCV reinforcement info
2018-06-11 21:05:06,771 RCV reinforcement info
2018-06-11 21:05:06,963 RCV reinforcement info
2018-06-11 21:05:08,103 RF found but not transmitted
2018-06-11 21:05:08,347 RCV proposal
2018-06-11 21:05:08,353 appended honest propose e770e867b3 on top of 32cbbbfe8f
2018-06-11 21:05:08,379 RCV reinforcement info
2018-06-11 21:05:08,443 RCV reinforcement
2018-06-11 21:05:08,462 RCV reinforcement info
2018-06-11 21:05:08,492 RCV reinforcement
2018-06-11 21:05:08,543 RCV reinforcement
2018-06-11 21:05:09,889 RCV reinforcement info
2018-06-11 21:05:09,974 RCV reinforcement
2018-06-11 21:05:10,004 RCV commit
2018-06-11 21:05:10,268 appended honest commit 9b43b9e4f7 on top of e770e867b3
2018-06-11 21:05:10,606 Weight: 138.91092429210713 #RFs 38
2018-06-11 21:05:10,606 weight: 138.91092429210713
2018-06-11 21:05:10,606 , 138.91092429210713
2018-06-11 21:05:10,831 RCV proposal
2018-06-11 21:05:10,870 appended malicious propose 1f9e277396 on top of 32cbbbfe8f
2018-06-11 21:05:10,870 REINFORCEMENT SENT state
2018-06-11 21:05:10,876 SNT reinforcement
2018-06-11 21:05:11,031 RCV reinforcement
2018-06-11 21:05:11,041 RCV reinforcement
2018-06-11 21:05:11,069 RCV reinforcement
2018-06-11 21:05:11,088 RCV reinforcement
2018-06-11 21:05:11,095 RCV reinforcement
2018-06-11 21:05:11,180 RCV reinforcement
2018-06-11 21:05:11,184 RCV proposal
2018-06-11 21:05:11,188 appended honest propose 9ce528ee80 on top of 9b43b9e4f7
2018-06-11 21:05:11,245 RCV reinforcement
2018-06-11 21:05:11,338 RCV reinforcement
2018-06-11 21:05:12,143 RF found but not transmitted
2018-06-11 21:05:12,145 SNT reinforcement
2018-06-11 21:05:12,604 RCV commit
2018-06-11 21:05:12,604 appended honest commit 11d8bee143 on top of 9ce528ee80
2018-06-11 21:05:12,604 Weight: 139.91092429210713 #RFs 0
2018-06-11 21:05:12,604 weight: 139.91092429210713
2018-06-11 21:05:12,604 , 139.91092429210713
2018-06-11 21:05:12,742 RCV reinforcement
2018-06-11 21:05:12,769 RCV commit
2018-06-11 21:05:13,401 appended malicious commit eaa028c5e0 on top of 1f9e277396
2018-06-11 21:05:14,080 Weight: 152.23333273946994 #RFs 103
2018-06-11 21:05:14,080 weight: 152.23333273946994
2018-06-11 21:05:14,081 , 152.23333273946994
2018-06-11 21:05:14,089 MALICIOUS MINING state
2018-06-11 21:05:14,089 start mining - depth 14
2018-06-11 21:05:14,090 start mining - hash eaa028c5e05b0f722b2327166ca8e6a61d7a2de5a5ea29bef5fc2a9efc24f447
2018-06-11 21:05:14,090 Hashing frequency: 3977
2018-06-11 21:05:14,272 RCV reinforcement info
2018-06-11 21:05:14,502 RCV malicious_prop_agreement
2018-06-11 21:05:14,687 RCV reinforcement info
2018-06-11 21:05:15,380 RCV reinforcement info
2018-06-11 21:05:19,173 RCV reinforcement info
2018-06-11 21:05:19,916 RCV reinforcement info
2018-06-11 21:05:20,358 RCV reinforcement info
2018-06-11 21:05:20,916 RCV reinforcement info
2018-06-11 21:05:22,966 RCV reinforcement info
2018-06-11 21:05:25,167 RCV reinforcement info
2018-06-11 21:05:25,511 RCV reinforcement info
2018-06-11 21:05:27,858 RF found but not transmitted
2018-06-11 21:05:27,931 RCV reinforcement info
2018-06-11 21:05:29,599 RF found but not transmitted
2018-06-11 21:05:34,126 RF found but not transmitted
2018-06-11 21:05:36,109 RCV reinforcement info
2018-06-11 21:05:36,326 RCV reinforcement info
2018-06-11 21:05:37,119 RCV reinforcement info
2018-06-11 21:05:37,234 RF found but not transmitted
2018-06-11 21:05:37,417 RCV reinforcement info
2018-06-11 21:05:40,385 RCV reinforcement info
2018-06-11 21:05:42,106 RCV reinforcement info
2018-06-11 21:05:42,941 RCV reinforcement info
2018-06-11 21:05:43,401 RCV reinforcement info
2018-06-11 21:05:44,302 RCV reinforcement info
2018-06-11 21:05:44,332 RCV reinforcement info
2018-06-11 21:05:44,483 RCV reinforcement info
2018-06-11 21:05:44,840 RCV reinforcement info
2018-06-11 21:05:45,480 RCV reinforcement info
2018-06-11 21:05:45,912 RCV reinforcement info
2018-06-11 21:05:52,098 RCV reinforcement info
2018-06-11 21:05:53,781 RCV reinforcement info
2018-06-11 21:05:53,863 RCV reinforcement info
2018-06-11 21:05:54,902 RCV reinforcement info
2018-06-11 21:05:55,375 RF found but not transmitted
2018-06-11 21:05:55,414 RF found but not transmitted
2018-06-11 21:05:56,051 RF found but not transmitted
2018-06-11 21:05:57,126 RCV reinforcement info
2018-06-11 21:05:58,025 RF found but not transmitted
2018-06-11 21:05:58,726 RF found but not transmitted
2018-06-11 21:05:59,419 RCV reinforcement info
2018-06-11 21:06:06,125 RCV reinforcement info
2018-06-11 21:06:08,182 RF found but not transmitted
2018-06-11 21:06:08,183 RCV reinforcement info
2018-06-11 21:06:08,628 RF found but not transmitted
2018-06-11 21:06:11,989 RCV reinforcement info
2018-06-11 21:06:14,243 RCV reinforcement info
2018-06-11 21:06:14,402 RCV reinforcement info
2018-06-11 21:06:15,613 RCV reinforcement info
2018-06-11 21:06:15,725 RCV reinforcement info
2018-06-11 21:06:18,362 RCV proposal
2018-06-11 21:06:18,367 appended honest propose 4b9c1351f0 on top of eaa028c5e0
2018-06-11 21:06:18,455 RCV reinforcement
2018-06-11 21:06:18,477 RCV reinforcement
2018-06-11 21:06:19,812 RF found but not transmitted
2018-06-11 21:06:19,949 RCV commit
2018-06-11 21:06:20,229 appended honest commit a701633f7c on top of 4b9c1351f0
2018-06-11 21:06:20,515 Weight: 162.15199863940373 #RFs 38
2018-06-11 21:06:20,515 weight: 162.15199863940373
2018-06-11 21:06:20,516 , 162.15199863940373
2018-06-11 21:06:20,726 RCV reinforcement info
2018-06-11 21:06:20,795 RCV proposal
2018-06-11 21:06:20,835 appended malicious propose ef473ec5eb on top of eaa028c5e0
2018-06-11 21:06:20,837 REINFORCEMENT SENT state
2018-06-11 21:06:20,838 SNT reinforcement
2018-06-11 21:06:21,209 RCV reinforcement
2018-06-11 21:06:21,223 RCV reinforcement
2018-06-11 21:06:21,229 RCV reinforcement info
2018-06-11 21:06:21,235 RCV reinforcement
2018-06-11 21:06:21,239 RCV reinforcement
2018-06-11 21:06:21,242 RCV reinforcement
2018-06-11 21:06:21,459 RCV reinforcement
2018-06-11 21:06:22,819 RCV commit
2018-06-11 21:06:23,902 appended malicious commit 0e0186ed7a on top of ef473ec5eb
2018-06-11 21:06:24,736 Weight: 177.27871246551817 #RFs 104
2018-06-11 21:06:24,737 weight: 177.27871246551817
2018-06-11 21:06:24,737 , 177.27871246551817
2018-06-11 21:06:24,738 MALICIOUS MINING state
2018-06-11 21:06:24,768 start mining - depth 15
2018-06-11 21:06:24,770 start mining - hash 0e0186ed7acce0868d82281c3616f0e5ced07f81990e1ab4417f848a6cc0d7cc
2018-06-11 21:06:24,772 Hashing frequency: 3742
2018-06-11 21:06:25,695 RCV reinforcement info
2018-06-11 21:06:26,396 RCV reinforcement info
2018-06-11 21:06:27,625 RCV reinforcement info
2018-06-11 21:06:29,746 RCV reinforcement info
2018-06-11 21:06:31,600 RCV reinforcement info
2018-06-11 21:06:32,551 RCV reinforcement info
2018-06-11 21:06:33,377 RF found but not transmitted
2018-06-11 21:06:33,949 RCV reinforcement info
2018-06-11 21:06:35,388 RCV reinforcement info
2018-06-11 21:06:36,045 RCV reinforcement info
2018-06-11 21:06:44,421 RCV reinforcement info
2018-06-11 21:06:44,681 RCV reinforcement info
2018-06-11 21:06:44,802 RCV reinforcement info
2018-06-11 21:06:45,446 RCV reinforcement info
2018-06-11 21:06:45,612 RCV reinforcement info
2018-06-11 21:06:49,418 RCV reinforcement info
2018-06-11 21:06:50,215 RCV reinforcement info
2018-06-11 21:06:52,174 RCV reinforcement info
2018-06-11 21:06:52,279 RCV reinforcement info
2018-06-11 21:06:53,443 RCV reinforcement info
2018-06-11 21:06:55,285 RCV reinforcement info
2018-06-11 21:06:55,638 RCV reinforcement info
2018-06-11 21:06:55,866 RCV reinforcement info
2018-06-11 21:06:56,311 RCV reinforcement info
2018-06-11 21:06:56,384 RCV reinforcement info
2018-06-11 21:06:56,417 RCV reinforcement info
2018-06-11 21:06:57,068 RCV reinforcement info
2018-06-11 21:06:58,712 RCV reinforcement info
2018-06-11 21:06:59,025 RCV reinforcement info
2018-06-11 21:07:00,126 RCV reinforcement info
2018-06-11 21:07:00,377 RCV reinforcement info
2018-06-11 21:07:00,478 RCV reinforcement info
2018-06-11 21:07:01,885 RCV reinforcement info
2018-06-11 21:07:03,667 RCV reinforcement info
2018-06-11 21:07:05,289 RF found but not transmitted
2018-06-11 21:07:05,879 RCV reinforcement info
2018-06-11 21:07:05,913 RF found but not transmitted
2018-06-11 21:07:06,413 RCV malicious_prop_agreement
2018-06-11 21:07:07,182 RCV reinforcement info
2018-06-11 21:07:07,784 RCV reinforcement info
2018-06-11 21:07:08,359 RF found but not transmitted
2018-06-11 21:07:09,232 RF found but not transmitted
2018-06-11 21:07:09,710 RCV reinforcement info
2018-06-11 21:07:10,210 RF found but not transmitted
2018-06-11 21:07:10,405 RCV reinforcement info
2018-06-11 21:07:12,655 RF found but not transmitted
2018-06-11 21:07:12,736 RCV reinforcement info
2018-06-11 21:07:13,892 RCV reinforcement info
2018-06-11 21:07:14,417 RF found but not transmitted
2018-06-11 21:07:15,004 RCV reinforcement info
2018-06-11 21:07:16,682 RF found but not transmitted
2018-06-11 21:07:17,571 RCV reinforcement info
2018-06-11 21:07:17,647 RF found but not transmitted
2018-06-11 21:07:18,044 RCV proposal
2018-06-11 21:07:18,059 appended honest propose 813f5f59a4 on top of 0e0186ed7a
2018-06-11 21:07:18,193 RCV reinforcement
2018-06-11 21:07:18,224 RCV reinforcement
2018-06-11 21:07:18,541 RCV reinforcement info
2018-06-11 21:07:18,702 RCV reinforcement
2018-06-11 21:07:19,907 RCV reinforcement info
2018-06-11 21:07:20,074 RCV reinforcement
2018-06-11 21:07:20,096 RCV commit
2018-06-11 21:07:20,447 appended honest commit 4fa49cf2dc on top of 813f5f59a4
2018-06-11 21:07:20,864 Weight: 184.5230310841164 #RFs 42
2018-06-11 21:07:20,869 weight: 184.5230310841164
2018-06-11 21:07:20,870 , 184.5230310841164
2018-06-11 21:07:21,201 RCV proposal
2018-06-11 21:07:21,206 appended malicious propose 905e292ae6 on top of 0e0186ed7a
2018-06-11 21:07:21,207 REINFORCEMENT SENT state
2018-06-11 21:07:21,208 SNT reinforcement
2018-06-11 21:07:21,518 RCV reinforcement
2018-06-11 21:07:21,535 RCV reinforcement
2018-06-11 21:07:21,565 RCV reinforcement
2018-06-11 21:07:21,571 RCV reinforcement
2018-06-11 21:07:21,599 RCV reinforcement
2018-06-11 21:07:21,717 RF found but not transmitted
2018-06-11 21:07:21,728 RCV reinforcement
2018-06-11 21:07:21,732 SNT reinforcement
2018-06-11 21:07:22,120 RCV reinforcement info
2018-06-11 21:07:22,444 RCV reinforcement info
2018-06-11 21:07:22,989 RCV commit
2018-06-11 21:07:23,250 RF found but not transmitted
2018-06-11 21:07:23,611 appended malicious commit a23fe2f597 on top of 905e292ae6
2018-06-11 21:07:24,369 Weight: 194.3306576850688 #RFs 82
2018-06-11 21:07:24,369 weight: 194.3306576850688
2018-06-11 21:07:24,369 , 194.3306576850688
2018-06-11 21:07:24,372 MALICIOUS MINING state
2018-06-11 21:07:24,372 start mining - depth 16
2018-06-11 21:07:24,373 start mining - hash a23fe2f597573bc31eb05a51c2e0a6150494dbd281e8f66dfac0660cadbe1885
2018-06-11 21:07:25,995 RCV reinforcement info
2018-06-11 21:07:26,658 RCV reinforcement info
2018-06-11 21:07:27,704 RCV reinforcement info
2018-06-11 21:07:31,808 RCV reinforcement info
2018-06-11 21:07:31,993 RCV reinforcement info
2018-06-11 21:07:33,533 RF found but not transmitted
2018-06-11 21:07:34,137 RCV reinforcement info
2018-06-11 21:07:34,545 RCV reinforcement info
2018-06-11 21:07:35,632 RCV malicious_prop_agreement
2018-06-11 21:07:35,946 RCV reinforcement info
2018-06-11 21:07:38,687 RCV reinforcement info
2018-06-11 21:07:39,034 RCV reinforcement info
2018-06-11 21:07:41,161 RCV reinforcement info
2018-06-11 21:07:41,644 RCV reinforcement info
2018-06-11 21:07:41,986 RCV reinforcement info
2018-06-11 21:07:44,829 RCV reinforcement info
2018-06-11 21:07:45,859 RCV reinforcement info
2018-06-11 21:07:46,740 RF found but not transmitted
2018-06-11 21:07:47,193 RF found but not transmitted
2018-06-11 21:07:47,534 RF found but not transmitted
2018-06-11 21:07:51,399 RF found but not transmitted
2018-06-11 21:07:52,453 RCV reinforcement info
2018-06-11 21:07:52,772 RCV reinforcement info
2018-06-11 21:07:53,117 RCV reinforcement info
2018-06-11 21:07:53,241 RCV reinforcement info
2018-06-11 21:07:54,165 RCV reinforcement info
2018-06-11 21:07:54,214 RCV reinforcement info
2018-06-11 21:07:55,463 RF found but not transmitted
2018-06-11 21:07:58,876 RCV reinforcement info
2018-06-11 21:07:59,571 RCV reinforcement info
2018-06-11 21:08:02,895 RF found but not transmitted
2018-06-11 21:08:03,451 RF found but not transmitted
2018-06-11 21:08:04,316 RCV reinforcement info
2018-06-11 21:08:04,601 RCV reinforcement info
2018-06-11 21:08:05,051 RCV reinforcement info
2018-06-11 21:08:05,790 RCV reinforcement info
2018-06-11 21:08:08,128 RCV reinforcement info
2018-06-11 21:08:13,110 RCV reinforcement info
2018-06-11 21:08:14,371 RCV reinforcement info
2018-06-11 21:08:16,115 RF found but not transmitted
2018-06-11 21:08:16,621 RCV reinforcement info
2018-06-11 21:08:20,910 RCV reinforcement info
2018-06-11 21:08:24,366 RCV reinforcement info
2018-06-11 21:08:27,618 RCV reinforcement info
2018-06-11 21:08:28,333 RCV reinforcement info
2018-06-11 21:08:28,660 RF found but not transmitted
2018-06-11 21:08:28,765 RCV reinforcement info
2018-06-11 21:08:29,882 RCV reinforcement info
2018-06-11 21:08:30,667 RCV proposal
2018-06-11 21:08:30,672 appended honest propose 00d92b8a1f on top of a23fe2f597
2018-06-11 21:08:30,748 RCV reinforcement
2018-06-11 21:08:30,769 RCV reinforcement
2018-06-11 21:08:32,342 RCV commit
2018-06-11 21:08:32,703 appended honest commit f432f9d35f on top of 00d92b8a1f
2018-06-11 21:08:32,989 Weight: 200.49764941591903 #RFs 37
2018-06-11 21:08:32,989 weight: 200.49764941591903
2018-06-11 21:08:32,996 , 200.49764941591903
2018-06-11 21:08:33,244 RCV proposal
2018-06-11 21:08:33,267 appended malicious propose a49484f6c6 on top of a23fe2f597
2018-06-11 21:08:33,268 REINFORCEMENT SENT state
2018-06-11 21:08:33,271 SNT reinforcement
2018-06-11 21:08:33,607 RCV reinforcement
2018-06-11 21:08:33,622 RCV reinforcement
2018-06-11 21:08:33,641 RCV reinforcement
2018-06-11 21:08:33,684 RCV reinforcement
2018-06-11 21:08:33,690 RCV reinforcement
2018-06-11 21:08:34,320 RCV reinforcement
2018-06-11 21:08:34,765 RCV reinforcement
2018-06-11 21:08:34,789 RCV reinforcement info
2018-06-11 21:08:35,769 RCV commit
2018-06-11 21:08:36,749 appended malicious commit a953e06955 on top of a49484f6c6
2018-06-11 21:08:37,728 Weight: 212.30671892977426 #RFs 87
2018-06-11 21:08:37,729 weight: 212.30671892977426
2018-06-11 21:08:37,784 , 212.30671892977426
2018-06-11 21:08:37,796 MALICIOUS MINING state
2018-06-11 21:08:37,796 start mining - depth 17
2018-06-11 21:08:37,797 start mining - hash a953e06955703ed55591995651f73b0f7cd37446acad0ce06caa46a5d7f90b89
2018-06-11 21:08:37,798 Hashing frequency: 7017
2018-06-11 21:08:38,507 RCV reinforcement info
2018-06-11 21:08:39,328 RCV reinforcement info
2018-06-11 21:08:42,145 RCV reinforcement info
2018-06-11 21:08:45,032 RF found but not transmitted
2018-06-11 21:08:46,662 RCV reinforcement info
2018-06-11 21:08:46,988 RCV malicious_prop_agreement
2018-06-11 21:08:47,930 RCV proposal
2018-06-11 21:08:47,934 appended honest propose 2094f2cd33 on top of a953e06955
2018-06-11 21:08:48,053 RCV reinforcement
2018-06-11 21:08:48,072 RCV reinforcement
2018-06-11 21:08:48,177 RCV reinforcement info
2018-06-11 21:08:48,345 RCV reinforcement
2018-06-11 21:08:49,369 RF found but not transmitted
2018-06-11 21:08:49,456 RCV commit
2018-06-11 21:08:49,494 appended honest commit 98488fb564 on top of 2094f2cd33
2018-06-11 21:08:49,558 Weight: 214.49299864375197 #RFs 5
2018-06-11 21:08:49,560 weight: 214.49299864375197
2018-06-11 21:08:49,560 , 214.49299864375197
2018-06-11 21:08:49,834 RCV proposal
2018-06-11 21:08:49,838 appended malicious propose 67a567f0b3 on top of a953e06955
2018-06-11 21:08:49,839 REINFORCEMENT SENT state
2018-06-11 21:08:49,841 SNT reinforcement
2018-06-11 21:08:50,101 RCV reinforcement
2018-06-11 21:08:50,110 RCV reinforcement
2018-06-11 21:08:50,118 RCV reinforcement
2018-06-11 21:08:50,122 RCV reinforcement
2018-06-11 21:08:50,127 RCV reinforcement
2018-06-11 21:08:50,412 RCV reinforcement
2018-06-11 21:08:50,766 RCV reinforcement info
2018-06-11 21:08:51,378 RCV commit
2018-06-11 21:08:51,547 appended malicious commit 63672f46ef on top of 67a567f0b3
2018-06-11 21:08:51,747 Weight: 216.43523961540797 #RFs 19
2018-06-11 21:08:51,747 weight: 216.43523961540797
2018-06-11 21:08:51,747 , 216.43523961540797
2018-06-11 21:08:51,751 MALICIOUS MINING state
2018-06-11 21:08:51,751 start mining - depth 18
2018-06-11 21:08:51,752 start mining - hash 63672f46ef73c1154a9a200cd45fcfb9c9c7182318358bf8d6c2ce09e84cefeb
2018-06-11 21:08:51,761 RCV reinforcement
2018-06-11 21:08:52,443 RCV reinforcement info
2018-06-11 21:08:52,782 RCV reinforcement info
2018-06-11 21:08:52,872 RCV reinforcement info
2018-06-11 21:08:53,925 RCV reinforcement info
2018-06-11 21:08:54,144 RCV reinforcement info
2018-06-11 21:08:54,833 RCV reinforcement info
2018-06-11 21:08:58,397 RCV proposal
2018-06-11 21:08:58,401 appended honest propose 1f597eccca on top of 63672f46ef
2018-06-11 21:08:58,514 RCV reinforcement
2018-06-11 21:08:58,524 RCV reinforcement
2018-06-11 21:08:59,949 RCV commit
2018-06-11 21:09:00,005 appended honest commit a851c896d6 on top of 1f597eccca
2018-06-11 21:09:00,050 Weight: 219.23749862493233 #RFs 6
2018-06-11 21:09:00,051 weight: 219.23749862493233
2018-06-11 21:09:00,051 , 219.23749862493233
2018-06-11 21:09:00,052 start mining - depth 19
2018-06-11 21:09:00,052 start mining - hash a851c896d63076728108794763caac6e6ff06ccd40d1ad26adf2a813ea0abd52
2018-06-11 21:09:01,367 RF found but not transmitted
2018-06-11 21:09:02,763 RF found but not transmitted
2018-06-11 21:09:04,424 RCV malicious_prop_agreement
2018-06-11 21:09:06,932 RCV reinforcement info
2018-06-11 21:09:07,984 RCV reinforcement info
2018-06-11 21:09:10,839 RCV reinforcement info
2018-06-11 21:09:10,843 RCV reinforcement info
2018-06-11 21:09:11,490 RCV reinforcement info
2018-06-11 21:09:15,212 RF found but not transmitted
2018-06-11 21:09:15,675 RF found but not transmitted
2018-06-11 21:09:16,213 RCV reinforcement info
2018-06-11 21:09:16,792 RCV reinforcement info
2018-06-11 21:09:17,000 RF found but not transmitted
2018-06-11 21:09:17,291 RCV reinforcement info
2018-06-11 21:09:18,359 RCV reinforcement info
2018-06-11 21:09:19,306 RCV reinforcement info
2018-06-11 21:09:20,112 RCV reinforcement info
2018-06-11 21:09:20,137 RCV reinforcement info
2018-06-11 21:09:20,932 RF found but not transmitted
2018-06-11 21:09:22,218 RF found but not transmitted
2018-06-11 21:09:23,231 RCV reinforcement info
2018-06-11 21:09:23,982 RCV reinforcement info
2018-06-11 21:09:28,292 RF found but not transmitted
2018-06-11 21:09:28,327 RCV reinforcement info
2018-06-11 21:09:28,861 RCV reinforcement info
2018-06-11 21:09:29,000 RF found but not transmitted
2018-06-11 21:09:29,944 RCV reinforcement info
2018-06-11 21:09:32,574 RCV reinforcement info
2018-06-11 21:09:34,972 RCV proposal
2018-06-11 21:09:34,975 appended honest propose 68c86b921e on top of a851c896d6
2018-06-11 21:09:35,080 RCV reinforcement
2018-06-11 21:09:35,107 RCV reinforcement
2018-06-11 21:09:35,478 RCV reinforcement info
2018-06-11 21:09:35,542 RCV reinforcement
2018-06-11 21:09:36,543 RCV commit
2018-06-11 21:09:36,656 appended honest commit 156d2fe196 on top of 68c86b921e
2018-06-11 21:09:36,767 Weight: 223.0173578690461 #RFs 19
2018-06-11 21:09:36,767 weight: 223.0173578690461
2018-06-11 21:09:36,767 , 223.0173578690461
2018-06-11 21:09:36,924 RCV proposal
2018-06-11 21:09:36,927 appended malicious propose 3dc108e6e7 on top of a851c896d6
2018-06-11 21:09:36,928 REINFORCEMENT SENT state
2018-06-11 21:09:36,929 SNT reinforcement
2018-06-11 21:09:37,169 RCV reinforcement
2018-06-11 21:09:37,177 RCV reinforcement
2018-06-11 21:09:37,181 RCV reinforcement
2018-06-11 21:09:37,185 RCV reinforcement
2018-06-11 21:09:37,200 RCV reinforcement
2018-06-11 21:09:37,219 RCV reinforcement info
2018-06-11 21:09:38,235 RCV reinforcement
2018-06-11 21:09:38,416 RCV reinforcement info
2018-06-11 21:09:38,614 RCV commit
2018-06-11 21:09:38,951 appended malicious commit a9f6f67406 on top of 3dc108e6e7
2018-06-11 21:09:39,297 Weight: 231.9633455786475 #RFs 54
2018-06-11 21:09:39,297 weight: 231.9633455786475
2018-06-11 21:09:39,297 , 231.9633455786475
2018-06-11 21:09:39,300 MALICIOUS MINING state
2018-06-11 21:09:39,300 start mining - depth 20
2018-06-11 21:09:39,301 start mining - hash a9f6f67406e90f212c9edd48dc6a59770a642bc01a813a00a053ab566bae1f60
2018-06-11 21:09:39,302 Hashing frequency: 3249
2018-06-11 21:09:39,831 RF found but not transmitted
2018-06-11 21:09:41,377 RCV reinforcement info
2018-06-11 21:09:41,919 RCV reinforcement info
2018-06-11 21:09:42,284 RCV reinforcement info
2018-06-11 21:09:43,578 RCV reinforcement info
2018-06-11 21:09:43,806 RCV malicious_prop_agreement
2018-06-11 21:09:44,210 RCV reinforcement info
2018-06-11 21:09:44,488 RCV reinforcement info
2018-06-11 21:09:45,605 RCV reinforcement info
2018-06-11 21:09:52,942 RF found but not transmitted
2018-06-11 21:09:53,055 RCV reinforcement info
2018-06-11 21:09:53,525 RCV reinforcement info
2018-06-11 21:09:55,520 RCV reinforcement info
2018-06-11 21:09:58,480 RCV proposal
2018-06-11 21:09:58,484 appended honest propose 4aa21b8427 on top of a9f6f67406
2018-06-11 21:09:58,567 RCV reinforcement
2018-06-11 21:09:58,724 RCV reinforcement info
2018-06-11 21:09:58,808 RCV reinforcement
2018-06-11 21:09:58,813 RCV reinforcement info
2018-06-11 21:09:58,884 RCV reinforcement
2018-06-11 21:10:00,043 RCV commit
2018-06-11 21:10:00,124 appended honest commit 579896e942 on top of 4aa21b8427
2018-06-11 21:10:00,186 Weight: 234.76708418429544 #RFs 11
2018-06-11 21:10:00,186 weight: 234.76708418429544
2018-06-11 21:10:00,187 , 234.76708418429544
2018-06-11 21:10:00,348 RCV proposal
2018-06-11 21:10:00,355 appended malicious propose ed11a8c001 on top of a9f6f67406
2018-06-11 21:10:00,362 REINFORCEMENT SENT state
2018-06-11 21:10:00,364 SNT reinforcement
2018-06-11 21:10:00,609 RCV reinforcement
2018-06-11 21:10:00,656 RCV reinforcement
2018-06-11 21:10:00,659 RCV reinforcement
2018-06-11 21:10:00,669 RCV reinforcement
2018-06-11 21:10:00,681 RCV reinforcement
2018-06-11 21:10:00,734 RCV reinforcement
2018-06-11 21:10:01,271 RCV reinforcement
2018-06-11 21:10:01,606 RF found but not transmitted
2018-06-11 21:10:01,608 SNT reinforcement
2018-06-11 21:10:01,685 RCV reinforcement info
2018-06-11 21:10:01,772 RCV reinforcement info
2018-06-11 21:10:01,958 RCV commit
2018-06-11 21:10:02,221 appended malicious commit 7f21040d4a on top of ed11a8c001
2018-06-11 21:10:02,441 Weight: 240.23894286459657 #RFs 35
2018-06-11 21:10:02,441 weight: 240.23894286459657
2018-06-11 21:10:02,442 , 240.23894286459657
2018-06-11 21:10:02,442 MALICIOUS MINING state
2018-06-11 21:10:02,442 start mining - depth 21
2018-06-11 21:10:02,443 start mining - hash 7f21040d4ad0c3024a1c17860eb375013b17c7fedc1331810889ae6b44a0d83c
2018-06-11 21:10:02,648 RCV reinforcement info
2018-06-11 21:10:02,887 RF found but not transmitted
2018-06-11 21:10:04,663 RCV reinforcement info
2018-06-11 21:10:04,782 RCV reinforcement info
2018-06-11 21:10:04,829 RCV reinforcement info
2018-06-11 21:10:08,310 RF found but not transmitted
2018-06-11 21:10:08,955 RCV reinforcement info
2018-06-11 21:10:08,956 RF found but not transmitted
2018-06-11 21:10:09,490 RF found but not transmitted
2018-06-11 21:10:09,534 RCV malicious_prop_agreement
2018-06-11 21:10:09,961 RCV reinforcement info
2018-06-11 21:10:12,772 RCV reinforcement info
2018-06-11 21:10:14,430 RCV reinforcement info
2018-06-11 21:10:15,831 RCV reinforcement info
2018-06-11 21:10:16,569 RCV reinforcement info
2018-06-11 21:10:19,090 RF found but not transmitted
2018-06-11 21:10:22,242 RCV reinforcement info
2018-06-11 21:10:23,605 RCV reinforcement info
2018-06-11 21:10:24,414 RCV reinforcement info
2018-06-11 21:10:24,641 RF found but not transmitted
2018-06-11 21:10:26,974 RCV reinforcement info
2018-06-11 21:10:27,474 RCV reinforcement info
2018-06-11 21:10:28,050 RCV reinforcement info
2018-06-11 21:10:28,348 RCV reinforcement info
2018-06-11 21:10:28,531 RCV proposal
2018-06-11 21:10:28,535 appended honest propose 6d189e6a4b on top of 7f21040d4a
2018-06-11 21:10:28,604 RCV reinforcement
2018-06-11 21:10:28,628 RCV reinforcement
2018-06-11 21:10:28,716 RCV reinforcement info
2018-06-11 21:10:28,797 RCV reinforcement
2018-06-11 21:10:29,415 RCV reinforcement info
2018-06-11 21:10:29,626 RCV reinforcement
2018-06-11 21:10:30,134 RCV commit
2018-06-11 21:10:30,262 appended honest commit e48a366dce on top of 6d189e6a4b
2018-06-11 21:10:30,406 Weight: 244.45058985182257 #RFs 19
2018-06-11 21:10:30,406 weight: 244.45058985182257
2018-06-11 21:10:30,406 , 244.45058985182257
2018-06-11 21:10:30,725 RCV proposal
2018-06-11 21:10:30,731 appended malicious propose 80c6aecb2d on top of 7f21040d4a
2018-06-11 21:10:30,732 REINFORCEMENT SENT state
2018-06-11 21:10:30,733 SNT reinforcement
2018-06-11 21:10:31,042 RCV reinforcement
2018-06-11 21:10:31,048 RCV reinforcement
2018-06-11 21:10:31,054 RCV reinforcement
2018-06-11 21:10:31,084 RCV reinforcement
2018-06-11 21:10:31,118 RCV reinforcement
2018-06-11 21:10:32,502 RCV commit
2018-06-11 21:10:32,933 appended malicious commit c7e6e545e1 on top of 80c6aecb2d
2018-06-11 21:10:33,211 Weight: 247.77487460316343 #RFs 41
2018-06-11 21:10:33,212 weight: 247.77487460316343
2018-06-11 21:10:33,233 , 247.77487460316343
2018-06-11 21:10:33,239 MALICIOUS MINING state
2018-06-11 21:10:33,239 start mining - depth 22
2018-06-11 21:10:33,240 start mining - hash c7e6e545e10accc21dc03f15ed3c57ee6cffa9d9dd2ef01e95c05a0ada0f9ffd
2018-06-11 21:10:35,015 RCV reinforcement info
2018-06-11 21:10:37,710 RF found but not transmitted
2018-06-11 21:10:38,842 RCV reinforcement info
2018-06-11 21:10:39,098 RCV reinforcement info
2018-06-11 21:10:39,282 RCV proposal
2018-06-11 21:10:39,286 appended honest propose bde3af8453 on top of c7e6e545e1
2018-06-11 21:10:39,369 RCV reinforcement
2018-06-11 21:10:39,413 RCV reinforcement info
2018-06-11 21:10:39,488 RCV reinforcement
2018-06-11 21:10:40,805 RCV commit
2018-06-11 21:10:40,834 appended honest commit bb91b025c9 on top of bde3af8453
2018-06-11 21:10:40,844 Weight: 249.11364424382054 #RFs 3
2018-06-11 21:10:40,844 weight: 249.11364424382054
2018-06-11 21:10:40,849 , 249.11364424382054
2018-06-11 21:10:40,850 start mining - depth 23
2018-06-11 21:10:40,850 start mining - hash bb91b025c98d15ec669ea22e5b58b56befac81ffb09ab4a5b6f6b8cdaf41d331
2018-06-11 21:10:40,851 Hashing frequency: 3193
2018-06-11 21:10:41,521 RCV reinforcement info
2018-06-11 21:10:41,709 RCV reinforcement info
2018-06-11 21:10:41,977 RCV reinforcement info
2018-06-11 21:10:42,179 RCV reinforcement info
2018-06-11 21:10:42,654 RCV reinforcement info
2018-06-11 21:10:42,909 RCV reinforcement info
2018-06-11 21:10:43,528 RCV reinforcement info
2018-06-11 21:10:45,291 RF found but not transmitted
2018-06-11 21:10:46,034 RCV reinforcement info
2018-06-11 21:10:46,964 RCV reinforcement info
2018-06-11 21:10:47,994 RCV reinforcement info
2018-06-11 21:10:48,274 RCV reinforcement info
2018-06-11 21:10:50,100 RCV reinforcement info
2018-06-11 21:10:50,972 RCV proposal
2018-06-11 21:10:50,974 appended honest propose a3ec22662d on top of bb91b025c9
2018-06-11 21:10:51,054 RCV reinforcement
2018-06-11 21:10:51,074 RCV reinforcement
2018-06-11 21:10:52,545 RCV commit
2018-06-11 21:10:52,602 appended honest commit 7844723f9b on top of a3ec22662d
2018-06-11 21:10:52,653 Weight: 252.1671937064849 #RFs 12
2018-06-11 21:10:52,653 weight: 252.1671937064849
2018-06-11 21:10:52,654 , 252.1671937064849
2018-06-11 21:10:52,654 start mining - depth 24
2018-06-11 21:10:52,655 start mining - hash 7844723f9bb8c4fd1ccf1f5ca3522ef9104c44847ef4f02e803ac87da4e7244f
2018-06-11 21:10:55,074 RCV reinforcement info
2018-06-11 21:10:57,459 RF found but not transmitted
2018-06-11 21:10:57,487 RCV reinforcement info
2018-06-11 21:10:57,955 RF found but not transmitted
2018-06-11 21:10:58,824 RCV reinforcement info
2018-06-11 21:10:59,338 RF found but not transmitted
2018-06-11 21:11:01,375 RF found but not transmitted
2018-06-11 21:11:01,778 RCV reinforcement info
2018-06-11 21:11:01,817 RCV reinforcement info
2018-06-11 21:11:04,880 RCV reinforcement info
2018-06-11 21:11:04,961 RF found but not transmitted
2018-06-11 21:11:05,068 RCV reinforcement info
2018-06-11 21:11:05,182 RCV reinforcement info
2018-06-11 21:11:05,799 RCV reinforcement info
2018-06-11 21:11:06,167 RF found but not transmitted
2018-06-11 21:11:07,694 RF found but not transmitted
2018-06-11 21:11:08,034 RCV reinforcement info
2018-06-11 21:11:09,507 RCV malicious_prop_agreement
2018-06-11 21:11:09,754 RCV reinforcement info
2018-06-11 21:11:11,369 RCV reinforcement info
2018-06-11 21:11:14,831 RF found but not transmitted
2018-06-11 21:11:17,302 RF found but not transmitted
2018-06-11 21:11:22,481 RCV reinforcement info
2018-06-11 21:11:24,002 RCV reinforcement info
2018-06-11 21:11:25,321 RCV reinforcement info
2018-06-11 21:11:25,968 RF found but not transmitted
2018-06-11 21:11:26,330 RCV reinforcement info
2018-06-11 21:11:26,720 RCV reinforcement info
2018-06-11 21:11:27,528 RCV reinforcement info
2018-06-11 21:11:27,572 RCV proposal
2018-06-11 21:11:27,575 appended honest propose e55f394e8e on top of 7844723f9b
2018-06-11 21:11:27,666 RCV reinforcement
2018-06-11 21:11:27,687 RCV reinforcement
2018-06-11 21:11:28,509 RF found but not transmitted
2018-06-11 21:11:29,139 RCV commit
2018-06-11 21:11:29,243 appended honest commit 25e9f91533 on top of e55f394e8e
2018-06-11 21:11:29,379 Weight: 256.8843348180583 #RFs 18
2018-06-11 21:11:29,379 weight: 256.8843348180583
2018-06-11 21:11:29,379 , 256.8843348180583
2018-06-11 21:11:29,589 RCV proposal
2018-06-11 21:11:29,602 appended malicious propose 970301ed71 on top of 7844723f9b
2018-06-11 21:11:29,603 REINFORCEMENT SENT state
2018-06-11 21:11:29,604 SNT reinforcement
2018-06-11 21:11:29,786 RCV reinforcement info
2018-06-11 21:11:29,794 RCV reinforcement
2018-06-11 21:11:29,817 RCV reinforcement
2018-06-11 21:11:29,838 RCV reinforcement
2018-06-11 21:11:29,842 RCV reinforcement
2018-06-11 21:11:29,857 RCV reinforcement
2018-06-11 21:11:30,153 RCV reinforcement
2018-06-11 21:11:30,341 RCV reinforcement
2018-06-11 21:11:30,458 RF found but not transmitted
2018-06-11 21:11:30,461 SNT reinforcement
2018-06-11 21:11:30,932 RCV reinforcement
2018-06-11 21:11:30,975 RCV reinforcement
2018-06-11 21:11:31,098 RCV reinforcement
2018-06-11 21:11:31,236 RCV commit
2018-06-11 21:11:31,672 appended malicious commit f8659a67fe on top of 970301ed71
2018-06-11 21:11:31,985 Weight: 265.8721393470771 #RFs 61
2018-06-11 21:11:31,985 weight: 265.8721393470771
2018-06-11 21:11:31,988 , 265.8721393470771
2018-06-11 21:11:31,988 MALICIOUS MINING state
2018-06-11 21:11:31,988 start mining - depth 25
2018-06-11 21:11:31,989 start mining - hash f8659a67fe49a65165a13fc773548aa9df54e434eb8bf21be41d67994da95f91
2018-06-11 21:11:33,173 RF found but not transmitted
2018-06-11 21:11:33,522 RCV malicious_prop_agreement
2018-06-11 21:11:33,572 RF found but not transmitted
2018-06-11 21:11:34,062 RCV reinforcement info
2018-06-11 21:11:34,977 RCV reinforcement info
2018-06-11 21:11:36,065 RCV reinforcement info
2018-06-11 21:11:36,280 RF found but not transmitted
2018-06-11 21:11:36,600 RF found but not transmitted
2018-06-11 21:11:37,472 RCV reinforcement info
2018-06-11 21:11:39,876 RCV reinforcement info
2018-06-11 21:11:40,856 RF found but not transmitted
2018-06-11 21:11:40,887 RCV reinforcement info
2018-06-11 21:11:41,629 RCV reinforcement info
2018-06-11 21:11:42,887 RF found but not transmitted
2018-06-11 21:11:43,404 RCV reinforcement info
2018-06-11 21:11:43,719 RF found but not transmitted
2018-06-11 21:11:45,604 RCV reinforcement info
2018-06-11 21:11:50,686 RCV reinforcement info
2018-06-11 21:11:51,742 RCV reinforcement info
2018-06-11 21:11:52,460 RCV reinforcement info
2018-06-11 21:11:55,503 RCV reinforcement info
2018-06-11 21:11:56,231 RCV reinforcement info
2018-06-11 21:11:57,572 RF found but not transmitted
2018-06-11 21:11:58,580 RCV reinforcement info
2018-06-11 21:11:58,690 RCV reinforcement info
2018-06-11 21:11:59,138 RCV reinforcement info
2018-06-11 21:12:00,559 RCV reinforcement info
2018-06-11 21:12:01,857 RF found but not transmitted
2018-06-11 21:12:02,870 RCV reinforcement info
2018-06-11 21:12:03,039 RCV reinforcement info
2018-06-11 21:12:04,039 RCV reinforcement info
2018-06-11 21:12:04,058 RCV reinforcement info
2018-06-11 21:12:05,511 RCV reinforcement info
2018-06-11 21:12:07,615 RCV reinforcement info
2018-06-11 21:12:08,181 RCV reinforcement info
2018-06-11 21:12:08,321 RCV reinforcement info
2018-06-11 21:12:08,914 RCV reinforcement info
2018-06-11 21:12:09,819 RCV reinforcement info
2018-06-11 21:12:10,172 RF found but not transmitted
2018-06-11 21:12:10,751 RCV reinforcement info
2018-06-11 21:12:11,201 RCV reinforcement info
2018-06-11 21:12:14,392 RCV reinforcement info
2018-06-11 21:12:14,953 RF found but not transmitted
2018-06-11 21:12:16,132 RF found but not transmitted
2018-06-11 21:12:17,523 RCV reinforcement info
2018-06-11 21:12:18,609 RCV reinforcement info
2018-06-11 21:12:18,993 RCV reinforcement info
2018-06-11 21:12:19,300 RF found but not transmitted
2018-06-11 21:12:21,027 RF found but not transmitted
2018-06-11 21:12:24,819 RF found but not transmitted
2018-06-11 21:12:25,467 RCV reinforcement info
2018-06-11 21:12:25,546 RCV reinforcement info
2018-06-11 21:12:26,092 RF found but not transmitted
2018-06-11 21:12:27,109 RCV reinforcement info
2018-06-11 21:12:27,529 RCV reinforcement info
2018-06-11 21:12:28,120 RCV proposal
2018-06-11 21:12:28,125 appended honest propose f0f44e4879 on top of f8659a67fe
2018-06-11 21:12:28,231 RCV reinforcement
2018-06-11 21:12:28,243 RCV reinforcement
2018-06-11 21:12:28,385 RCV reinforcement info
2018-06-11 21:12:28,469 RCV reinforcement
2018-06-11 21:12:28,813 RCV reinforcement info
2018-06-11 21:12:28,903 RCV reinforcement
2018-06-11 21:12:29,529 RCV reinforcement info
2018-06-11 21:12:29,610 RCV reinforcement
2018-06-11 21:12:29,880 RCV commit
2018-06-11 21:12:30,190 appended honest commit 368313e98a on top of f0f44e4879
2018-06-11 21:12:30,536 Weight: 274.36530975778874 #RFs 40
2018-06-11 21:12:30,536 weight: 274.36530975778874
2018-06-11 21:12:30,536 , 274.36530975778874
2018-06-11 21:12:30,543 RCV reinforcement info
2018-06-11 21:12:30,713 RCV proposal
2018-06-11 21:12:30,749 appended malicious propose dcbf4b5a46 on top of f8659a67fe
2018-06-11 21:12:30,749 REINFORCEMENT SENT state
2018-06-11 21:12:30,753 SNT reinforcement
2018-06-11 21:12:31,005 RCV reinforcement
2018-06-11 21:12:31,014 RCV reinforcement
2018-06-11 21:12:31,045 RCV reinforcement
2018-06-11 21:12:31,049 RCV reinforcement
2018-06-11 21:12:31,056 RCV reinforcement
2018-06-11 21:12:31,106 RCV reinforcement
2018-06-11 21:12:31,200 RCV reinforcement
2018-06-11 21:12:31,229 RCV reinforcement
2018-06-11 21:12:31,627 RCV reinforcement
2018-06-11 21:12:31,759 RCV reinforcement info
2018-06-11 21:12:32,427 RCV reinforcement info
2018-06-11 21:12:32,592 RCV commit
2018-06-11 21:12:33,305 appended malicious commit 106522c797 on top of dcbf4b5a46
2018-06-11 21:12:34,078 Weight: 287.66757216429795 #RFs 100
2018-06-11 21:12:34,078 weight: 287.66757216429795
2018-06-11 21:12:34,078 , 287.66757216429795
2018-06-11 21:12:34,083 MALICIOUS MINING state
2018-06-11 21:12:34,083 start mining - depth 26
2018-06-11 21:12:34,084 start mining - hash 106522c7975883ba3823ddffe5cdcd2218468502994855dd86939e3dbb549e5d
2018-06-11 21:12:34,085 Hashing frequency: 5887
2018-06-11 21:12:35,073 RF found but not transmitted
2018-06-11 21:12:35,361 RCV reinforcement info
2018-06-11 21:12:35,534 RCV reinforcement info
2018-06-11 21:12:36,860 RF found but not transmitted
2018-06-11 21:12:38,232 RCV reinforcement info
2018-06-11 21:12:39,484 RCV reinforcement info
2018-06-11 21:12:40,522 RCV reinforcement info
2018-06-11 21:12:40,811 RCV reinforcement info
2018-06-11 21:12:42,019 RCV reinforcement info
2018-06-11 21:12:44,045 RCV reinforcement info
2018-06-11 21:12:47,343 RCV reinforcement info
2018-06-11 21:12:48,488 RCV proposal
2018-06-11 21:12:48,492 appended honest propose b6f2c0b2cf on top of 106522c797
2018-06-11 21:12:48,587 RCV reinforcement
2018-06-11 21:12:48,612 RCV reinforcement
2018-06-11 21:12:49,153 RF found but not transmitted
2018-06-11 21:12:50,042 RCV commit
2018-06-11 21:12:50,094 appended honest commit c2770827fe on top of b6f2c0b2cf
2018-06-11 21:12:50,158 Weight: 289.9815476151967 #RFs 9
2018-06-11 21:12:50,158 weight: 289.9815476151967
2018-06-11 21:12:50,158 , 289.9815476151967
2018-06-11 21:12:50,161 start mining - depth 27
2018-06-11 21:12:50,162 start mining - hash c2770827fe435b2bd4aec286ebe01f8f7faf7e924294ac59d536957462429841
2018-06-11 21:12:51,105 RF found but not transmitted
2018-06-11 21:12:51,542 RF found but not transmitted
2018-06-11 21:12:51,856 RCV reinforcement info
2018-06-11 21:12:53,219 RCV reinforcement info
2018-06-11 21:12:56,869 RCV reinforcement info
2018-06-11 21:12:58,073 RF found but not transmitted
2018-06-11 21:12:59,535 RCV reinforcement info
2018-06-11 21:13:01,391 RCV reinforcement info
2018-06-11 21:13:03,041 RF found but not transmitted
2018-06-11 21:13:03,168 RCV malicious_prop_agreement
2018-06-11 21:13:04,131 RCV reinforcement info
2018-06-11 21:13:04,672 RCV reinforcement info
2018-06-11 21:13:04,900 RCV reinforcement info
2018-06-11 21:13:05,793 RCV proposal
2018-06-11 21:13:05,796 appended honest propose fe806d4647 on top of c2770827fe
2018-06-11 21:13:05,877 RCV reinforcement
2018-06-11 21:13:05,895 RCV reinforcement
2018-06-11 21:13:06,752 RCV reinforcement info
2018-06-11 21:13:06,870 RCV reinforcement
2018-06-11 21:13:07,398 RCV commit
2018-06-11 21:13:07,466 appended honest commit 7bf0956e6f on top of fe806d4647
2018-06-11 21:13:07,487 Weight: 292.0390085967699 #RFs 8
2018-06-11 21:13:07,487 weight: 292.0390085967699
2018-06-11 21:13:07,487 , 292.0390085967699
2018-06-11 21:13:07,638 RCV proposal
2018-06-11 21:13:07,641 appended malicious propose f1b5048f52 on top of c2770827fe
2018-06-11 21:13:07,641 REINFORCEMENT SENT state
2018-06-11 21:13:07,643 SNT reinforcement
2018-06-11 21:13:07,941 RCV reinforcement
2018-06-11 21:13:07,945 RCV reinforcement info
2018-06-11 21:13:07,948 RCV reinforcement
2018-06-11 21:13:07,952 RCV reinforcement
2018-06-11 21:13:07,960 RCV reinforcement
2018-06-11 21:13:07,996 RCV reinforcement
2018-06-11 21:13:08,750 RCV reinforcement
2018-06-11 21:13:08,890 RCV reinforcement
2018-06-11 21:13:09,150 RCV reinforcement info
2018-06-11 21:13:09,525 RCV commit
2018-06-11 21:13:09,792 appended malicious commit 6b676359c6 on top of f1b5048f52
2018-06-11 21:13:09,981 Weight: 296.688119597942 #RFs 42
2018-06-11 21:13:09,981 weight: 296.688119597942
2018-06-11 21:13:09,981 , 296.688119597942
2018-06-11 21:13:09,984 MALICIOUS MINING state
2018-06-11 21:13:09,984 start mining - depth 28
2018-06-11 21:13:09,985 start mining - hash 6b676359c62dd52d73e967c1d2c2d4e7ffc1b5361da649ff6bda7f50b0863e15
2018-06-11 21:13:12,283 RCV reinforcement info
2018-06-11 21:13:12,602 RCV reinforcement info
2018-06-11 21:13:14,855 RCV reinforcement info
2018-06-11 21:13:17,647 RF found but not transmitted
2018-06-11 21:13:17,651 hash found
2018-06-11 21:13:17,652 SNT malicious_proposal_agreement
2018-06-11 21:13:18,067 RCV reinforcement info
2018-06-11 21:13:18,714 RCV reinforcement info
2018-06-11 21:13:19,052 RCV reinforcement info
2018-06-11 21:13:19,781 RCV reinforcement info
2018-06-11 21:13:20,760 RCV reinforcement info
2018-06-11 21:13:21,214 RCV reinforcement info
