2018-06-11 19:04:16,058 ---------------------------------------------------------
2018-06-11 19:04:16,064 MALICIOUS MINING state
2018-06-11 19:04:17,074 start mining - depth 0
2018-06-11 19:04:17,075 start mining - hash 9b4c87373f710ded512ee77637083e473232f13b28fe2fbdb471f2fa94b75784
2018-06-11 19:04:18,161 RCV reinforcement info
2018-06-11 19:04:19,175 RCV reinforcement info
2018-06-11 19:04:19,197 RCV malicious_prop_agreement
2018-06-11 19:04:19,389 RCV proposal
2018-06-11 19:04:19,391 appended honest propose 0f23b1eab9 on top of 9b4c87373f
2018-06-11 19:04:19,450 RCV reinforcement
2018-06-11 19:04:19,466 RCV reinforcement
2018-06-11 19:04:19,784 RF found but not transmitted
2018-06-11 19:04:20,894 RCV commit
2018-06-11 19:04:20,899 appended honest commit 0a35aeb42c on top of 0f23b1eab9
2018-06-11 19:04:20,914 Weight: 1.5857703362854834 #RFs 2
2018-06-11 19:04:20,914 weight: 1.5857703362854834
2018-06-11 19:04:20,914 , 1.5857703362854834
2018-06-11 19:04:20,983 RCV proposal
2018-06-11 19:04:20,986 appended malicious propose dd55938259 on top of 9b4c87373f
2018-06-11 19:04:20,986 REINFORCEMENT SENT state
2018-06-11 19:04:20,987 SNT reinforcement
2018-06-11 19:04:21,116 RCV reinforcement
2018-06-11 19:04:21,122 RCV reinforcement
2018-06-11 19:04:21,128 RCV reinforcement
2018-06-11 19:04:21,411 RCV reinforcement
2018-06-11 19:04:21,836 RCV reinforcement info
2018-06-11 19:04:22,506 RCV commit
2018-06-11 19:04:22,533 appended malicious commit b8939b7102 on top of dd55938259
2018-06-11 19:04:22,589 Weight: 1.8320706622601335 #RFs 7
2018-06-11 19:04:22,589 weight: 1.8320706622601335
2018-06-11 19:04:22,589 , 1.8320706622601335
2018-06-11 19:04:22,593 MALICIOUS MINING state
2018-06-11 19:04:22,593 start mining - depth 1
2018-06-11 19:04:22,594 start mining - hash b8939b71029a53f65e1c1c80ebbf8556a5381830629f84358c60b6a13d403ce8
2018-06-11 19:04:23,784 RCV reinforcement info
2018-06-11 19:04:24,608 RF found but not transmitted
2018-06-11 19:04:24,883 RCV reinforcement info
2018-06-11 19:04:25,883 RCV proposal
2018-06-11 19:04:25,885 appended honest propose d01060b0fa on top of 0a35aeb42c
2018-06-11 19:04:25,961 RCV reinforcement
2018-06-11 19:04:27,408 RCV commit
2018-06-11 19:04:27,437 appended honest commit a2602c5c6e on top of d01060b0fa
2018-06-11 19:04:27,443 Weight: 3.28685066791829 #RFs 3
2018-06-11 19:04:27,443 weight: 3.28685066791829
2018-06-11 19:04:27,443 , 3.28685066791829
2018-06-11 19:04:27,445 Synchronizing branches
2018-06-11 19:04:27,445 start mining - depth 2
2018-06-11 19:04:27,445 start mining - hash a2602c5c6ebd0a28d24fff708e445626993c1f5cebe1f10a5751da7c3fff412b
2018-06-11 19:04:29,060 RCV malicious_prop_agreement
2018-06-11 19:04:30,739 RCV reinforcement info
2018-06-11 19:04:33,412 RCV reinforcement info
2018-06-11 19:04:33,801 RF found but not transmitted
2018-06-11 19:04:34,820 RCV reinforcement info
2018-06-11 19:04:35,785 RCV reinforcement info
2018-06-11 19:04:38,066 RCV reinforcement info
2018-06-11 19:04:39,670 RF found but not transmitted
2018-06-11 19:04:40,654 RCV reinforcement info
2018-06-11 19:04:43,969 RCV reinforcement info
2018-06-11 19:04:44,292 RCV reinforcement info
2018-06-11 19:04:46,895 RCV reinforcement info
2018-06-11 19:04:50,139 RCV reinforcement info
2018-06-11 19:04:50,378 RF found but not transmitted
2018-06-11 19:04:50,928 RCV reinforcement info
2018-06-11 19:04:50,983 RCV reinforcement info
2018-06-11 19:04:54,411 RCV reinforcement info
2018-06-11 19:04:54,494 RCV reinforcement info
2018-06-11 19:04:54,948 RCV reinforcement info
2018-06-11 19:04:58,611 RCV reinforcement info
2018-06-11 19:04:58,844 RCV reinforcement info
2018-06-11 19:05:01,104 RCV reinforcement info
2018-06-11 19:05:01,750 RCV reinforcement info
2018-06-11 19:05:07,202 RCV reinforcement info
2018-06-11 19:05:07,916 RCV proposal
2018-06-11 19:05:07,919 appended honest propose 9605dd5e3d on top of a2602c5c6e
2018-06-11 19:05:07,985 RCV reinforcement
2018-06-11 19:05:07,996 RCV reinforcement
2018-06-11 19:05:08,132 RF found but not transmitted
2018-06-11 19:05:08,489 RCV reinforcement info
2018-06-11 19:05:08,550 RCV reinforcement
2018-06-11 19:05:09,079 RCV reinforcement info
2018-06-11 19:05:09,148 RCV reinforcement
2018-06-11 19:05:09,477 RCV commit
2018-06-11 19:05:09,597 appended honest commit ea420bbb7c on top of 9605dd5e3d
2018-06-11 19:05:09,694 Weight: 9.018146469076747 #RFs 21
2018-06-11 19:05:09,694 weight: 9.018146469076747
2018-06-11 19:05:09,694 , 9.018146469076747
2018-06-11 19:05:09,819 RCV proposal
2018-06-11 19:05:09,824 appended malicious propose d0e7aa2271 on top of a2602c5c6e
2018-06-11 19:05:09,824 REINFORCEMENT SENT state
2018-06-11 19:05:09,825 RF found but not transmitted
2018-06-11 19:05:09,827 SNT reinforcement
2018-06-11 19:05:09,959 SNT reinforcement
2018-06-11 19:05:10,092 RCV reinforcement
2018-06-11 19:05:10,105 RCV reinforcement
2018-06-11 19:05:10,109 RCV reinforcement
2018-06-11 19:05:10,113 RCV reinforcement
2018-06-11 19:05:10,116 RCV reinforcement
2018-06-11 19:05:10,387 RCV reinforcement
2018-06-11 19:05:10,462 RCV reinforcement
2018-06-11 19:05:10,484 RCV reinforcement
2018-06-11 19:05:11,495 RCV commit
2018-06-11 19:05:11,887 RF found but not transmitted
2018-06-11 19:05:11,888 appended malicious commit 1e73fd6bb9 on top of d0e7aa2271
2018-06-11 19:05:12,242 Weight: 20.505713287352318 #RFs 76
2018-06-11 19:05:12,242 weight: 20.505713287352318
2018-06-11 19:05:12,242 , 20.505713287352318
2018-06-11 19:05:12,243 MALICIOUS MINING state
2018-06-11 19:05:12,243 start mining - depth 3
2018-06-11 19:05:12,244 start mining - hash 1e73fd6bb92047d033e86edd8504552097f3fef08b274a7f6981ee06f75be2bc
2018-06-11 19:05:13,015 RCV reinforcement info
2018-06-11 19:05:13,218 RCV reinforcement info
2018-06-11 19:05:17,236 RCV reinforcement info
2018-06-11 19:05:18,033 RCV reinforcement info
2018-06-11 19:05:18,447 RCV reinforcement info
2018-06-11 19:05:18,545 RF found but not transmitted
2018-06-11 19:05:23,971 RCV malicious_prop_agreement
2018-06-11 19:05:25,013 RCV reinforcement info
2018-06-11 19:05:26,589 RF found but not transmitted
2018-06-11 19:05:26,627 RF found but not transmitted
2018-06-11 19:05:28,410 RCV reinforcement info
2018-06-11 19:05:30,298 RCV reinforcement info
2018-06-11 19:05:31,508 RCV reinforcement info
2018-06-11 19:05:32,331 RCV reinforcement info
2018-06-11 19:05:33,175 RF found but not transmitted
2018-06-11 19:05:34,151 RCV reinforcement info
2018-06-11 19:05:34,938 RCV reinforcement info
2018-06-11 19:05:35,323 RCV reinforcement info
2018-06-11 19:05:37,073 RCV proposal
2018-06-11 19:05:37,077 appended honest propose e9e53e7733 on top of 1e73fd6bb9
2018-06-11 19:05:37,153 RCV reinforcement
2018-06-11 19:05:37,168 RCV reinforcement
2018-06-11 19:05:37,763 RCV reinforcement info
2018-06-11 19:05:37,832 RCV reinforcement
2018-06-11 19:05:38,420 RCV reinforcement info
2018-06-11 19:05:38,499 RCV reinforcement
2018-06-11 19:05:38,626 RCV commit
2018-06-11 19:05:38,697 appended honest commit a3bf53bc22 on top of e9e53e7733
2018-06-11 19:05:38,820 Weight: 24.03596239633285 #RFs 13
2018-06-11 19:05:38,820 weight: 24.03596239633285
2018-06-11 19:05:38,820 , 24.03596239633285
2018-06-11 19:05:38,880 RCV reinforcement info
2018-06-11 19:05:38,965 RCV proposal
2018-06-11 19:05:38,992 appended malicious propose 93993d337b on top of 1e73fd6bb9
2018-06-11 19:05:38,993 REINFORCEMENT SENT state
2018-06-11 19:05:38,994 SNT reinforcement
2018-06-11 19:05:39,158 RCV reinforcement
2018-06-11 19:05:39,188 RCV reinforcement
2018-06-11 19:05:39,193 RCV reinforcement
2018-06-11 19:05:39,201 RCV reinforcement
2018-06-11 19:05:39,206 RCV reinforcement
2018-06-11 19:05:39,958 RCV reinforcement info
2018-06-11 19:05:40,336 RCV reinforcement
2018-06-11 19:05:40,503 RCV reinforcement info
2018-06-11 19:05:40,569 RCV commit
2018-06-11 19:05:40,749 appended malicious commit 59ad570b08 on top of 93993d337b
2018-06-11 19:05:40,903 Weight: 27.008740787230813 #RFs 30
2018-06-11 19:05:40,903 weight: 27.008740787230813
2018-06-11 19:05:40,903 , 27.008740787230813
2018-06-11 19:05:40,906 MALICIOUS MINING state
2018-06-11 19:05:40,906 start mining - depth 4
2018-06-11 19:05:40,907 start mining - hash 59ad570b08380e1868f75dbc5050561d3db7701247f5dddfdea6570c543ef481
2018-06-11 19:05:40,908 Hashing frequency: 4537
2018-06-11 19:05:42,620 RF found but not transmitted
2018-06-11 19:05:42,765 RCV reinforcement info
2018-06-11 19:05:46,201 RCV reinforcement info
2018-06-11 19:05:50,369 RCV reinforcement info
2018-06-11 19:05:52,500 RCV reinforcement info
2018-06-11 19:05:52,868 RCV reinforcement info
2018-06-11 19:05:55,098 RCV reinforcement info
2018-06-11 19:05:55,144 RF found but not transmitted
2018-06-11 19:05:55,207 RCV reinforcement info
2018-06-11 19:05:56,458 RCV reinforcement info
2018-06-11 19:05:56,528 RCV reinforcement info
2018-06-11 19:05:56,585 RCV malicious_prop_agreement
2018-06-11 19:05:57,937 RF found but not transmitted
2018-06-11 19:05:58,274 RCV reinforcement info
2018-06-11 19:05:58,522 RCV reinforcement info
2018-06-11 19:06:01,213 RCV reinforcement info
2018-06-11 19:06:02,527 RF found but not transmitted
2018-06-11 19:06:03,749 RCV reinforcement info
2018-06-11 19:06:06,322 RCV reinforcement info
2018-06-11 19:06:08,158 RCV reinforcement info
2018-06-11 19:06:08,906 RF found but not transmitted
2018-06-11 19:06:09,607 RCV reinforcement info
2018-06-11 19:06:11,253 RCV proposal
2018-06-11 19:06:11,259 appended honest propose 035f58fd43 on top of 59ad570b08
2018-06-11 19:06:11,345 RCV reinforcement
2018-06-11 19:06:11,353 RCV reinforcement
2018-06-11 19:06:12,153 RCV reinforcement info
2018-06-11 19:06:12,220 RCV reinforcement
2018-06-11 19:06:12,822 RCV commit
2018-06-11 19:06:12,919 appended honest commit e9fecdf81e on top of 035f58fd43
2018-06-11 19:06:13,022 Weight: 30.692277789103297 #RFs 17
2018-06-11 19:06:13,022 weight: 30.692277789103297
2018-06-11 19:06:13,023 , 30.692277789103297
2018-06-11 19:06:13,138 RCV proposal
2018-06-11 19:06:13,140 appended honest propose 9c129300c7 on top of e9fecdf81e
2018-06-11 19:06:13,188 RCV proposal
2018-06-11 19:06:13,191 appended malicious propose 96ea47cd53 on top of 59ad570b08
2018-06-11 19:06:13,192 REINFORCEMENT SENT state
2018-06-11 19:06:13,211 SNT reinforcement
2018-06-11 19:06:13,364 RCV reinforcement
2018-06-11 19:06:13,373 RCV reinforcement
2018-06-11 19:06:13,377 RCV reinforcement
2018-06-11 19:06:13,395 RCV reinforcement
2018-06-11 19:06:13,402 RCV reinforcement
2018-06-11 19:06:13,509 RCV reinforcement
2018-06-11 19:06:13,830 RCV reinforcement info
2018-06-11 19:06:13,858 RCV reinforcement
2018-06-11 19:06:13,891 RCV reinforcement
2018-06-11 19:06:14,312 RCV reinforcement info
2018-06-11 19:06:14,376 RCV reinforcement
2018-06-11 19:06:14,556 RCV reinforcement
2018-06-11 19:06:14,678 RCV commit
2018-06-11 19:06:14,684 appended honest commit b9d8bfe43f on top of 9c129300c7
2018-06-11 19:06:14,692 Weight: 31.856207933842747 #RFs 2
2018-06-11 19:06:14,692 weight: 31.856207933842747
2018-06-11 19:06:14,694 , 31.856207933842747
2018-06-11 19:06:14,850 RCV commit
2018-06-11 19:06:15,142 appended malicious commit b8157042bf on top of 96ea47cd53
2018-06-11 19:06:15,398 Weight: 36.594252759946585 #RFs 38
2018-06-11 19:06:15,398 weight: 36.594252759946585
2018-06-11 19:06:15,399 , 36.594252759946585
2018-06-11 19:06:15,401 MALICIOUS MINING state
2018-06-11 19:06:15,402 start mining - depth 5
2018-06-11 19:06:15,403 start mining - hash b8157042bfd1ed8c83ca3f93f3c6b601927b3434dc54f7fb43baeb40a22c123d
2018-06-11 19:06:15,468 RCV malicious_prop_agreement
2018-06-11 19:06:16,179 RCV reinforcement info
2018-06-11 19:06:16,730 RF found but not transmitted
2018-06-11 19:06:17,219 RF found but not transmitted
2018-06-11 19:06:21,735 RCV reinforcement info
2018-06-11 19:06:21,854 RCV reinforcement info
2018-06-11 19:06:26,586 RCV proposal
2018-06-11 19:06:26,595 appended honest propose 61c02580cf on top of b8157042bf
2018-06-11 19:06:26,704 RCV reinforcement
2018-06-11 19:06:26,989 RCV reinforcement info
2018-06-11 19:06:27,065 RCV reinforcement
2018-06-11 19:06:28,098 RCV commit
2018-06-11 19:06:28,126 appended honest commit 82dcdbbe6f on top of 61c02580cf
2018-06-11 19:06:28,134 Weight: 38.06608316263909 #RFs 3
2018-06-11 19:06:28,134 weight: 38.06608316263909
2018-06-11 19:06:28,134 , 38.06608316263909
2018-06-11 19:06:28,275 RCV proposal
2018-06-11 19:06:28,303 appended malicious propose 5ae0dec643 on top of b8157042bf
2018-06-11 19:06:28,303 REINFORCEMENT SENT state
2018-06-11 19:06:28,305 SNT reinforcement
2018-06-11 19:06:28,449 RCV reinforcement
2018-06-11 19:06:28,460 RCV reinforcement
2018-06-11 19:06:28,466 RCV reinforcement
2018-06-11 19:06:28,487 RCV reinforcement
2018-06-11 19:06:28,491 RCV reinforcement
2018-06-11 19:06:29,185 RF found but not transmitted
2018-06-11 19:06:29,189 SNT reinforcement
2018-06-11 19:06:29,391 RCV reinforcement info
2018-06-11 19:06:29,864 RCV commit
2018-06-11 19:06:30,030 appended malicious commit 192ce98462 on top of 5ae0dec643
2018-06-11 19:06:30,144 Weight: 43.43733434507555 #RFs 22
2018-06-11 19:06:30,144 weight: 43.43733434507555
2018-06-11 19:06:30,145 , 43.43733434507555
2018-06-11 19:06:30,151 MALICIOUS MINING state
2018-06-11 19:06:30,151 start mining - depth 6
2018-06-11 19:06:30,152 start mining - hash 192ce98462c814bcc5ee91367634b3714c589cf85b3bbd9a633e8c362e4c0ec5
2018-06-11 19:06:31,869 RCV reinforcement info
2018-06-11 19:06:32,761 RCV reinforcement info
2018-06-11 19:06:34,571 RF found but not transmitted
2018-06-11 19:06:36,480 RCV reinforcement info
2018-06-11 19:06:36,518 RCV reinforcement info
2018-06-11 19:06:37,632 RCV reinforcement info
2018-06-11 19:06:39,609 RCV reinforcement info
2018-06-11 19:06:40,380 RCV reinforcement info
2018-06-11 19:06:40,705 RCV malicious_prop_agreement
2018-06-11 19:06:42,012 RCV reinforcement info
2018-06-11 19:06:44,741 RF found but not transmitted
2018-06-11 19:06:44,755 RCV reinforcement info
2018-06-11 19:06:46,656 RCV reinforcement info
2018-06-11 19:06:52,887 RCV reinforcement info
2018-06-11 19:06:55,024 RCV reinforcement info
2018-06-11 19:06:55,099 RCV reinforcement info
2018-06-11 19:06:55,450 RCV reinforcement info
2018-06-11 19:06:57,290 RCV reinforcement info
2018-06-11 19:06:57,305 RCV reinforcement info
2018-06-11 19:06:58,245 RF found but not transmitted
2018-06-11 19:06:59,462 RCV reinforcement info
2018-06-11 19:06:59,597 RCV proposal
2018-06-11 19:06:59,600 appended honest propose a4e3ca7001 on top of 192ce98462
2018-06-11 19:06:59,676 RCV reinforcement
2018-06-11 19:06:59,691 RCV reinforcement
2018-06-11 19:07:00,478 RCV reinforcement info
2018-06-11 19:07:00,541 RCV reinforcement
2018-06-11 19:07:01,195 RCV commit
2018-06-11 19:07:01,338 appended honest commit 1414e630dc on top of a4e3ca7001
2018-06-11 19:07:01,420 Weight: 47.87924089214973 #RFs 18
2018-06-11 19:07:01,420 weight: 47.87924089214973
2018-06-11 19:07:01,421 , 47.87924089214973
2018-06-11 19:07:01,579 RCV reinforcement info
2018-06-11 19:07:01,586 RCV reinforcement info
2018-06-11 19:07:01,630 RCV proposal
2018-06-11 19:07:01,634 appended malicious propose 154fff6b4b on top of 192ce98462
2018-06-11 19:07:01,636 REINFORCEMENT SENT state
2018-06-11 19:07:01,637 SNT reinforcement
2018-06-11 19:07:01,801 RCV reinforcement
2018-06-11 19:07:01,813 RCV reinforcement
2018-06-11 19:07:01,835 RCV reinforcement
2018-06-11 19:07:01,856 RCV reinforcement
2018-06-11 19:07:01,880 RCV reinforcement
2018-06-11 19:07:02,602 RCV reinforcement
2018-06-11 19:07:02,642 RCV reinforcement info
2018-06-11 19:07:02,833 RCV reinforcement
2018-06-11 19:07:03,223 RCV commit
2018-06-11 19:07:03,428 appended malicious commit 85a168cdbf on top of 154fff6b4b
2018-06-11 19:07:03,605 Weight: 52.326964478627524 #RFs 35
2018-06-11 19:07:03,605 weight: 52.326964478627524
2018-06-11 19:07:03,605 , 52.326964478627524
2018-06-11 19:07:03,613 MALICIOUS MINING state
2018-06-11 19:07:03,614 start mining - depth 7
2018-06-11 19:07:03,614 start mining - hash 85a168cdbfc68c09079d9a3ffb462aff25e2a8015aa571abf6a4562277e360da
2018-06-11 19:07:03,616 Hashing frequency: 4450
2018-06-11 19:07:05,459 RCV reinforcement info
2018-06-11 19:07:05,844 RCV reinforcement info
2018-06-11 19:07:06,112 RCV reinforcement info
2018-06-11 19:07:06,209 RF found but not transmitted
2018-06-11 19:07:08,103 RCV reinforcement info
2018-06-11 19:07:08,180 RCV reinforcement info
2018-06-11 19:07:08,525 RCV reinforcement info
2018-06-11 19:07:08,747 RCV reinforcement info
2018-06-11 19:07:09,083 RF found but not transmitted
2018-06-11 19:07:09,215 RCV reinforcement info
2018-06-11 19:07:10,505 RCV reinforcement info
2018-06-11 19:07:11,403 RCV proposal
2018-06-11 19:07:11,407 appended honest propose 61a2129232 on top of 85a168cdbf
2018-06-11 19:07:11,478 RCV reinforcement
2018-06-11 19:07:11,482 RCV reinforcement
2018-06-11 19:07:12,931 RCV commit
2018-06-11 19:07:12,997 appended honest commit c9b2e779a7 on top of 61a2129232
2018-06-11 19:07:13,036 Weight: 54.751043860821454 #RFs 9
2018-06-11 19:07:13,036 weight: 54.751043860821454
2018-06-11 19:07:13,037 , 54.751043860821454
2018-06-11 19:07:13,038 start mining - depth 8
2018-06-11 19:07:13,038 start mining - hash c9b2e779a70a3dac78c129936f042381c8b927d04b0bdca226b4689c6344f0de
2018-06-11 19:07:13,602 RCV reinforcement info
2018-06-11 19:07:13,864 RF found but not transmitted
2018-06-11 19:07:14,041 RCV reinforcement info
2018-06-11 19:07:15,645 RF found but not transmitted
2018-06-11 19:07:16,958 RF found but not transmitted
2018-06-11 19:07:22,551 RF found but not transmitted
2018-06-11 19:07:22,861 RCV reinforcement info
2018-06-11 19:07:24,456 RF found but not transmitted
2018-06-11 19:07:24,695 RCV reinforcement info
2018-06-11 19:07:26,652 RCV reinforcement info
2018-06-11 19:07:27,238 RCV malicious_prop_agreement
2018-06-11 19:07:27,256 RCV reinforcement info
2018-06-11 19:07:29,209 RF found but not transmitted
2018-06-11 19:07:29,639 RCV reinforcement info
2018-06-11 19:07:30,183 RCV reinforcement info
2018-06-11 19:07:30,593 RF found but not transmitted
2018-06-11 19:07:31,817 RCV reinforcement info
2018-06-11 19:07:31,909 RF found but not transmitted
2018-06-11 19:07:36,005 RCV reinforcement info
2018-06-11 19:07:39,610 RF found but not transmitted
2018-06-11 19:07:41,362 RCV reinforcement info
2018-06-11 19:07:41,699 RCV reinforcement info
2018-06-11 19:07:44,193 RCV reinforcement info
2018-06-11 19:07:44,427 RCV reinforcement info
2018-06-11 19:07:46,009 RCV reinforcement info
2018-06-11 19:07:46,129 RCV reinforcement info
2018-06-11 19:07:46,230 RCV reinforcement info
2018-06-11 19:07:48,996 RF found but not transmitted
2018-06-11 19:07:49,244 RCV reinforcement info
2018-06-11 19:07:50,461 RCV reinforcement info
2018-06-11 19:07:50,647 RCV reinforcement info
2018-06-11 19:07:50,757 RCV reinforcement info
2018-06-11 19:07:51,960 RCV proposal
2018-06-11 19:07:51,963 appended honest propose b7614f9c52 on top of c9b2e779a7
2018-06-11 19:07:52,034 RCV reinforcement
2018-06-11 19:07:52,051 RCV reinforcement
2018-06-11 19:07:52,404 RF found but not transmitted
2018-06-11 19:07:52,631 RCV reinforcement info
2018-06-11 19:07:52,701 RCV reinforcement
2018-06-11 19:07:53,532 RCV commit
2018-06-11 19:07:53,664 appended honest commit 796c9b0ed7 on top of b7614f9c52
2018-06-11 19:07:53,757 Weight: 58.6845016135331 #RFs 21
2018-06-11 19:07:53,758 weight: 58.6845016135331
2018-06-11 19:07:53,758 , 58.6845016135331
2018-06-11 19:07:53,849 RF found but not transmitted
2018-06-11 19:07:53,929 RCV proposal
2018-06-11 19:07:53,943 appended malicious propose 946bb2c14d on top of c9b2e779a7
2018-06-11 19:07:53,943 REINFORCEMENT SENT state
2018-06-11 19:07:53,945 SNT reinforcement
2018-06-11 19:07:54,123 RCV reinforcement
2018-06-11 19:07:54,139 RCV reinforcement
2018-06-11 19:07:54,150 RCV reinforcement
2018-06-11 19:07:54,154 RCV reinforcement
2018-06-11 19:07:54,158 RCV reinforcement
2018-06-11 19:07:54,244 RCV reinforcement
2018-06-11 19:07:54,511 RCV reinforcement info
2018-06-11 19:07:54,996 RF found but not transmitted
2018-06-11 19:07:55,000 SNT reinforcement
2018-06-11 19:07:55,448 RCV reinforcement
2018-06-11 19:07:55,621 RCV commit
2018-06-11 19:07:55,995 appended malicious commit 1c65016be0 on top of 946bb2c14d
2018-06-11 19:07:56,327 Weight: 70.29700712291215 #RFs 63
2018-06-11 19:07:56,327 weight: 70.29700712291215
2018-06-11 19:07:56,328 , 70.29700712291215
2018-06-11 19:07:56,334 MALICIOUS MINING state
2018-06-11 19:07:56,335 start mining - depth 9
2018-06-11 19:07:56,336 start mining - hash 1c65016be01e71bbeed897a305ed7d6570626ee807a0fec1b8100c60955578fa
2018-06-11 19:07:57,592 RCV reinforcement info
2018-06-11 19:08:04,290 RCV reinforcement info
2018-06-11 19:08:04,753 RCV reinforcement info
2018-06-11 19:08:06,497 RCV reinforcement info
2018-06-11 19:08:07,588 RCV reinforcement info
2018-06-11 19:08:07,847 RCV reinforcement info
2018-06-11 19:08:10,589 RCV reinforcement info
2018-06-11 19:08:11,190 RCV reinforcement info
2018-06-11 19:08:14,427 RCV reinforcement info
2018-06-11 19:08:15,218 RF found but not transmitted
2018-06-11 19:08:15,584 RF found but not transmitted
2018-06-11 19:08:15,917 RCV proposal
2018-06-11 19:08:15,921 appended honest propose 7d859049e3 on top of 1c65016be0
2018-06-11 19:08:15,995 RCV reinforcement
2018-06-11 19:08:16,010 RCV reinforcement
2018-06-11 19:08:17,450 RCV commit
2018-06-11 19:08:17,513 appended honest commit d7f11955b1 on top of 7d859049e3
2018-06-11 19:08:17,569 Weight: 72.33544138952675 #RFs 9
2018-06-11 19:08:17,569 weight: 72.33544138952675
2018-06-11 19:08:17,569 , 72.33544138952675
2018-06-11 19:08:17,570 start mining - depth 10
2018-06-11 19:08:17,571 start mining - hash d7f11955b155dd2fba82954672c3ae12907884d98b22ae0b606258809a3f51f7
2018-06-11 19:08:17,571 Hashing frequency: 3991
2018-06-11 19:08:17,736 RCV reinforcement info
2018-06-11 19:08:19,244 RCV reinforcement info
2018-06-11 19:08:19,507 RCV malicious_prop_agreement
2018-06-11 19:08:19,569 RCV reinforcement info
2018-06-11 19:08:20,312 RF found but not transmitted
2018-06-11 19:08:21,159 RCV reinforcement info
2018-06-11 19:08:21,732 RCV reinforcement info
2018-06-11 19:08:27,733 RCV reinforcement info
2018-06-11 19:08:27,794 RCV reinforcement info
2018-06-11 19:08:28,274 RCV reinforcement info
2018-06-11 19:08:30,059 RF found but not transmitted
2018-06-11 19:08:30,866 RF found but not transmitted
2018-06-11 19:08:30,976 RF found but not transmitted
2018-06-11 19:08:31,433 RCV reinforcement info
2018-06-11 19:08:32,334 RF found but not transmitted
2018-06-11 19:08:33,641 RCV reinforcement info
2018-06-11 19:08:33,804 RCV reinforcement info
2018-06-11 19:08:35,071 RF found but not transmitted
2018-06-11 19:08:35,749 RCV reinforcement info
2018-06-11 19:08:38,399 RCV reinforcement info
2018-06-11 19:08:39,231 RF found but not transmitted
2018-06-11 19:08:39,297 RCV reinforcement info
2018-06-11 19:08:42,109 RF found but not transmitted
2018-06-11 19:08:42,580 RCV reinforcement info
2018-06-11 19:08:42,662 RCV reinforcement info
2018-06-11 19:08:43,299 RCV reinforcement info
2018-06-11 19:08:46,058 RCV reinforcement info
2018-06-11 19:08:46,271 RCV reinforcement info
2018-06-11 19:08:46,658 RCV reinforcement info
2018-06-11 19:08:47,509 RCV reinforcement info
2018-06-11 19:08:48,569 RF found but not transmitted
2018-06-11 19:08:54,727 RF found but not transmitted
2018-06-11 19:08:54,890 RF found but not transmitted
2018-06-11 19:08:55,443 RCV reinforcement info
2018-06-11 19:09:03,042 RCV reinforcement info
2018-06-11 19:09:06,519 RF found but not transmitted
2018-06-11 19:09:07,091 RF found but not transmitted
2018-06-11 19:09:07,154 RCV reinforcement info
2018-06-11 19:09:07,327 RCV reinforcement info
2018-06-11 19:09:08,074 RCV reinforcement info
2018-06-11 19:09:08,234 RCV reinforcement info
2018-06-11 19:09:10,125 RCV reinforcement info
2018-06-11 19:09:10,200 RCV proposal
2018-06-11 19:09:10,203 appended honest propose bc0f842ac6 on top of d7f11955b1
2018-06-11 19:09:10,272 RCV reinforcement
2018-06-11 19:09:10,289 RCV reinforcement
2018-06-11 19:09:11,780 RCV commit
2018-06-11 19:09:11,914 appended honest commit 168cb64c79 on top of bc0f842ac6
2018-06-11 19:09:12,087 Weight: 78.517180133474 #RFs 28
2018-06-11 19:09:12,088 weight: 78.517180133474
2018-06-11 19:09:12,089 , 78.517180133474
2018-06-11 19:09:12,239 RCV proposal
2018-06-11 19:09:12,242 appended malicious propose af9dd56a50 on top of d7f11955b1
2018-06-11 19:09:12,243 REINFORCEMENT SENT state
2018-06-11 19:09:12,244 SNT reinforcement
2018-06-11 19:09:12,411 RCV reinforcement
2018-06-11 19:09:12,460 RCV reinforcement
2018-06-11 19:09:12,469 RCV reinforcement
2018-06-11 19:09:12,499 RCV reinforcement
2018-06-11 19:09:12,513 RCV reinforcement
2018-06-11 19:09:13,693 RCV reinforcement
2018-06-11 19:09:13,969 RCV commit
2018-06-11 19:09:14,477 appended malicious commit cc499c5a5e on top of af9dd56a50
2018-06-11 19:09:14,920 Weight: 96.36590868832309 #RFs 87
2018-06-11 19:09:14,920 weight: 96.36590868832309
2018-06-11 19:09:14,920 , 96.36590868832309
2018-06-11 19:09:14,923 MALICIOUS MINING state
2018-06-11 19:09:14,923 start mining - depth 11
2018-06-11 19:09:14,924 start mining - hash cc499c5a5e3cb7848a1f7173f1cc4d2263756093b6c71f1618d113566598a1ba
2018-06-11 19:09:15,547 RCV reinforcement info
2018-06-11 19:09:19,087 RCV reinforcement info
2018-06-11 19:09:20,029 RCV reinforcement info
2018-06-11 19:09:20,068 RCV reinforcement info
2018-06-11 19:09:20,499 RCV reinforcement info
2018-06-11 19:09:20,790 RCV reinforcement info
2018-06-11 19:09:22,354 RCV malicious_prop_agreement
2018-06-11 19:09:22,865 RF found but not transmitted
2018-06-11 19:09:23,881 RF found but not transmitted
2018-06-11 19:09:25,900 RCV reinforcement info
2018-06-11 19:09:26,218 RF found but not transmitted
2018-06-11 19:09:28,234 RCV reinforcement info
2018-06-11 19:09:28,371 RF found but not transmitted
2018-06-11 19:09:30,774 RF found but not transmitted
2018-06-11 19:09:30,844 RCV reinforcement info
2018-06-11 19:09:31,434 RF found but not transmitted
2018-06-11 19:09:31,568 RCV proposal
2018-06-11 19:09:31,572 appended honest propose 7d22ebcf69 on top of cc499c5a5e
2018-06-11 19:09:31,612 RCV reinforcement info
2018-06-11 19:09:31,670 RCV reinforcement
2018-06-11 19:09:31,694 RCV reinforcement
2018-06-11 19:09:32,587 RCV reinforcement info
2018-06-11 19:09:32,649 RCV reinforcement
2018-06-11 19:09:33,123 RCV commit
2018-06-11 19:09:33,187 appended honest commit fbfd6ff531 on top of 7d22ebcf69
2018-06-11 19:09:33,246 Weight: 99.17027475887086 #RFs 10
2018-06-11 19:09:33,246 weight: 99.17027475887086
2018-06-11 19:09:33,247 , 99.17027475887086
2018-06-11 19:09:33,402 RCV proposal
2018-06-11 19:09:33,408 appended malicious propose bce90c8635 on top of cc499c5a5e
2018-06-11 19:09:33,409 REINFORCEMENT SENT state
2018-06-11 19:09:33,411 SNT reinforcement
2018-06-11 19:09:33,646 RCV reinforcement
2018-06-11 19:09:33,651 RCV reinforcement
2018-06-11 19:09:33,662 RCV reinforcement
2018-06-11 19:09:33,666 RCV reinforcement
2018-06-11 19:09:33,671 RCV reinforcement
2018-06-11 19:09:34,219 RCV reinforcement
2018-06-11 19:09:34,562 RCV reinforcement info
2018-06-11 19:09:34,887 RCV reinforcement info
2018-06-11 19:09:34,958 RF found but not transmitted
2018-06-11 19:09:34,962 SNT reinforcement
2018-06-11 19:09:35,223 RCV commit
2018-06-11 19:09:35,420 appended malicious commit 499768379e on top of bce90c8635
2018-06-11 19:09:35,505 Weight: 105.87473595519354 #RFs 30
2018-06-11 19:09:35,506 weight: 105.87473595519354
2018-06-11 19:09:35,506 , 105.87473595519354
2018-06-11 19:09:35,506 MALICIOUS MINING state
2018-06-11 19:09:35,506 start mining - depth 12
2018-06-11 19:09:35,507 start mining - hash 499768379ef13f111f4edea1a7e9ae37d6fc99ffc9cc8e527995f742b3fac22b
2018-06-11 19:09:35,508 Hashing frequency: 4167
2018-06-11 19:09:35,511 RCV malicious_prop_agreement
2018-06-11 19:09:44,702 RCV reinforcement info
2018-06-11 19:09:48,307 RCV reinforcement info
2018-06-11 19:09:49,624 RCV reinforcement info
2018-06-11 19:09:50,483 RCV reinforcement info
2018-06-11 19:09:51,359 RCV reinforcement info
2018-06-11 19:09:52,473 RCV reinforcement info
2018-06-11 19:09:54,690 RCV reinforcement info
2018-06-11 19:09:55,803 RCV reinforcement info
2018-06-11 19:09:56,225 RF found but not transmitted
2018-06-11 19:09:57,110 RCV reinforcement info
2018-06-11 19:09:59,546 RF found but not transmitted
2018-06-11 19:09:59,923 RCV reinforcement info
2018-06-11 19:10:01,361 RF found but not transmitted
2018-06-11 19:10:01,845 RF found but not transmitted
2018-06-11 19:10:02,026 RCV reinforcement info
2018-06-11 19:10:02,479 RCV reinforcement info
2018-06-11 19:10:02,937 RCV reinforcement info
2018-06-11 19:10:03,007 RCV reinforcement info
2018-06-11 19:10:03,268 RCV reinforcement info
2018-06-11 19:10:03,509 RF found but not transmitted
2018-06-11 19:10:04,782 RCV reinforcement info
2018-06-11 19:10:06,109 RCV reinforcement info
2018-06-11 19:10:07,432 RF found but not transmitted
2018-06-11 19:10:07,514 RCV reinforcement info
2018-06-11 19:10:08,484 RCV reinforcement info
2018-06-11 19:10:08,845 RF found but not transmitted
2018-06-11 19:10:09,024 RCV reinforcement info
2018-06-11 19:10:09,387 RCV reinforcement info
2018-06-11 19:10:09,881 RCV reinforcement info
2018-06-11 19:10:13,692 RCV reinforcement info
2018-06-11 19:10:13,748 RCV reinforcement info
2018-06-11 19:10:14,379 RCV reinforcement info
2018-06-11 19:10:17,548 RCV reinforcement info
2018-06-11 19:10:17,609 RF found but not transmitted
2018-06-11 19:10:19,802 RCV reinforcement info
2018-06-11 19:10:20,509 RCV reinforcement info
2018-06-11 19:10:21,038 RCV reinforcement info
2018-06-11 19:10:21,409 RF found but not transmitted
2018-06-11 19:10:22,087 RF found but not transmitted
2018-06-11 19:10:23,110 RF found but not transmitted
2018-06-11 19:10:24,164 RF found but not transmitted
2018-06-11 19:10:25,241 RCV reinforcement info
2018-06-11 19:10:25,973 RCV reinforcement info
2018-06-11 19:10:26,969 RCV proposal
2018-06-11 19:10:26,975 appended honest propose 9c3a53d7f5 on top of 499768379e
2018-06-11 19:10:27,061 RCV reinforcement
2018-06-11 19:10:27,085 RCV reinforcement
2018-06-11 19:10:28,598 RCV commit
2018-06-11 19:10:28,794 appended honest commit 07fb1f7069 on top of 9c3a53d7f5
2018-06-11 19:10:28,956 Weight: 112.40623382836966 #RFs 31
2018-06-11 19:10:28,956 weight: 112.40623382836966
2018-06-11 19:10:28,956 , 112.40623382836966
2018-06-11 19:10:29,144 RCV proposal
2018-06-11 19:10:29,149 appended malicious propose 920f526839 on top of 499768379e
2018-06-11 19:10:29,149 REINFORCEMENT SENT state
2018-06-11 19:10:29,155 SNT reinforcement
2018-06-11 19:10:29,427 RCV reinforcement
2018-06-11 19:10:29,447 RCV reinforcement info
2018-06-11 19:10:29,450 RCV reinforcement
2018-06-11 19:10:29,455 RCV reinforcement
2018-06-11 19:10:29,490 RCV reinforcement
2018-06-11 19:10:29,499 RCV reinforcement
2018-06-11 19:10:29,605 RCV reinforcement info
2018-06-11 19:10:29,675 RCV reinforcement info
2018-06-11 19:10:29,769 RCV reinforcement
2018-06-11 19:10:29,891 RCV reinforcement
2018-06-11 19:10:30,006 RCV reinforcement
2018-06-11 19:10:30,109 RCV reinforcement
2018-06-11 19:10:30,956 RCV commit
2018-06-11 19:10:31,541 appended malicious commit aff8924e04 on top of 920f526839
2018-06-11 19:10:32,049 Weight: 134.89406821103927 #RFs 97
2018-06-11 19:10:32,050 weight: 134.89406821103927
2018-06-11 19:10:32,073 , 134.89406821103927
2018-06-11 19:10:32,077 MALICIOUS MINING state
2018-06-11 19:10:32,077 start mining - depth 13
2018-06-11 19:10:32,078 start mining - hash aff8924e04ca8c221415c1ff4146f1b56dd2b00c43ffc7b7bce6edf03cf93c20
2018-06-11 19:10:32,597 RF found but not transmitted
2018-06-11 19:10:36,028 RCV reinforcement info
2018-06-11 19:10:36,842 RCV reinforcement info
2018-06-11 19:10:37,811 RF found but not transmitted
2018-06-11 19:10:37,962 RF found but not transmitted
2018-06-11 19:10:38,525 RCV malicious_prop_agreement
2018-06-11 19:10:38,594 RCV reinforcement info
2018-06-11 19:10:40,483 RCV reinforcement info
2018-06-11 19:10:41,908 RF found but not transmitted
2018-06-11 19:10:42,516 RCV reinforcement info
2018-06-11 19:10:42,560 RF found but not transmitted
2018-06-11 19:10:43,676 RF found but not transmitted
2018-06-11 19:10:45,404 RCV reinforcement info
2018-06-11 19:10:45,480 RCV reinforcement info
2018-06-11 19:10:47,254 RCV reinforcement info
2018-06-11 19:10:47,720 RCV reinforcement info
2018-06-11 19:10:47,981 RCV reinforcement info
2018-06-11 19:10:50,851 RCV reinforcement info
2018-06-11 19:10:52,455 RCV reinforcement info
2018-06-11 19:10:53,009 RCV reinforcement info
2018-06-11 19:10:53,063 RF found but not transmitted
2018-06-11 19:10:59,448 RF found but not transmitted
2018-06-11 19:11:00,414 RCV reinforcement info
2018-06-11 19:11:00,477 RCV proposal
2018-06-11 19:11:00,481 appended honest propose c4a8719168 on top of aff8924e04
2018-06-11 19:11:00,573 RCV reinforcement
2018-06-11 19:11:00,578 RCV reinforcement
2018-06-11 19:11:00,769 RCV reinforcement info
2018-06-11 19:11:00,860 RCV reinforcement
2018-06-11 19:11:01,508 RCV reinforcement info
2018-06-11 19:11:01,590 RCV reinforcement
2018-06-11 19:11:01,794 RCV reinforcement info
2018-06-11 19:11:01,872 RCV reinforcement
2018-06-11 19:11:02,031 RCV commit
2018-06-11 19:11:02,132 appended honest commit 8820c90c4f on top of c4a8719168
2018-06-11 19:11:02,231 Weight: 139.392146276024 #RFs 15
2018-06-11 19:11:02,232 weight: 139.392146276024
2018-06-11 19:11:02,232 , 139.392146276024
2018-06-11 19:11:02,388 RCV proposal
2018-06-11 19:11:02,397 appended malicious propose 5811aa013a on top of aff8924e04
2018-06-11 19:11:02,398 REINFORCEMENT SENT state
2018-06-11 19:11:02,399 SNT reinforcement
2018-06-11 19:11:02,604 RCV reinforcement
2018-06-11 19:11:02,621 RCV reinforcement
2018-06-11 19:11:02,632 RCV reinforcement
2018-06-11 19:11:02,655 RCV reinforcement
2018-06-11 19:11:02,661 RCV reinforcement
2018-06-11 19:11:03,308 RCV reinforcement
2018-06-11 19:11:03,433 RCV reinforcement
2018-06-11 19:11:03,878 RCV reinforcement info
2018-06-11 19:11:04,058 RCV commit
2018-06-11 19:11:04,398 appended malicious commit a94e3ff696 on top of 5811aa013a
2018-06-11 19:11:04,669 Weight: 147.72444777155573 #RFs 47
2018-06-11 19:11:04,669 weight: 147.72444777155573
2018-06-11 19:11:04,673 , 147.72444777155573
2018-06-11 19:11:04,676 MALICIOUS MINING state
2018-06-11 19:11:04,676 start mining - depth 14
2018-06-11 19:11:04,677 start mining - hash a94e3ff696516eeb771c0c670d63aa27e095c835638db8003f217a483c11f0e4
2018-06-11 19:11:04,678 Hashing frequency: 4755
2018-06-11 19:11:06,782 RCV reinforcement info
2018-06-11 19:11:06,964 RF found but not transmitted
2018-06-11 19:11:07,667 RF found but not transmitted
2018-06-11 19:11:08,011 RCV reinforcement info
2018-06-11 19:11:08,070 RCV reinforcement info
2018-06-11 19:11:09,584 RCV reinforcement info
2018-06-11 19:11:12,609 RCV reinforcement info
2018-06-11 19:11:13,251 RF found but not transmitted
2018-06-11 19:11:14,628 RCV reinforcement info
2018-06-11 19:11:15,686 RCV reinforcement info
2018-06-11 19:11:18,148 RCV reinforcement info
2018-06-11 19:11:19,738 RF found but not transmitted
2018-06-11 19:11:20,046 RF found but not transmitted
2018-06-11 19:11:22,242 RCV reinforcement info
2018-06-11 19:11:23,100 RCV reinforcement info
2018-06-11 19:11:23,691 RF found but not transmitted
2018-06-11 19:11:26,115 RCV reinforcement info
2018-06-11 19:11:27,618 RF found but not transmitted
2018-06-11 19:11:32,878 RCV reinforcement info
2018-06-11 19:11:35,752 RCV malicious_prop_agreement
2018-06-11 19:11:36,092 RF found but not transmitted
2018-06-11 19:11:36,217 RCV reinforcement info
2018-06-11 19:11:37,628 RCV reinforcement info
2018-06-11 19:11:37,667 RCV reinforcement info
2018-06-11 19:11:38,082 RF found but not transmitted
2018-06-11 19:11:38,963 RF found but not transmitted
2018-06-11 19:11:39,730 RCV reinforcement info
2018-06-11 19:11:40,856 RCV reinforcement info
2018-06-11 19:11:43,628 RCV reinforcement info
2018-06-11 19:11:43,637 RF found but not transmitted
2018-06-11 19:11:43,641 RCV reinforcement info
2018-06-11 19:11:46,882 RCV reinforcement info
2018-06-11 19:11:49,128 RCV reinforcement info
2018-06-11 19:11:49,815 RF found but not transmitted
2018-06-11 19:11:50,095 RCV reinforcement info
2018-06-11 19:11:51,448 RCV reinforcement info
2018-06-11 19:11:51,699 RCV reinforcement info
2018-06-11 19:11:51,923 RF found but not transmitted
2018-06-11 19:11:52,953 RCV reinforcement info
2018-06-11 19:11:53,085 RF found but not transmitted
2018-06-11 19:11:56,198 RCV reinforcement info
2018-06-11 19:12:02,503 RF found but not transmitted
2018-06-11 19:12:03,844 RCV reinforcement info
2018-06-11 19:12:03,911 RCV reinforcement info
2018-06-11 19:12:06,107 RF found but not transmitted
2018-06-11 19:12:06,801 RCV reinforcement info
2018-06-11 19:12:07,695 RCV reinforcement info
2018-06-11 19:12:08,385 RCV reinforcement info
2018-06-11 19:12:10,318 RCV reinforcement info
2018-06-11 19:12:11,074 RCV reinforcement info
2018-06-11 19:12:11,833 RCV reinforcement info
2018-06-11 19:12:12,118 RCV proposal
2018-06-11 19:12:12,122 appended honest propose 1a1b5edff4 on top of a94e3ff696
2018-06-11 19:12:12,203 RCV reinforcement
2018-06-11 19:12:12,207 RCV reinforcement
2018-06-11 19:12:13,767 RCV commit
2018-06-11 19:12:13,974 appended honest commit d195990410 on top of 1a1b5edff4
2018-06-11 19:12:14,222 Weight: 155.13064177347437 #RFs 34
2018-06-11 19:12:14,223 weight: 155.13064177347437
2018-06-11 19:12:14,223 , 155.13064177347437
2018-06-11 19:12:14,230 RCV proposal
2018-06-11 19:12:14,233 appended honest propose aa1b86addd on top of d195990410
2018-06-11 19:12:14,341 RCV proposal
2018-06-11 19:12:14,348 appended malicious propose fe67cd4fdf on top of a94e3ff696
2018-06-11 19:12:14,349 REINFORCEMENT SENT state
2018-06-11 19:12:14,350 SNT reinforcement
2018-06-11 19:12:14,661 RCV reinforcement
2018-06-11 19:12:14,665 RCV reinforcement
2018-06-11 19:12:14,671 RCV reinforcement
2018-06-11 19:12:14,674 RCV reinforcement
2018-06-11 19:12:14,679 RCV reinforcement
2018-06-11 19:12:14,744 RCV reinforcement info
2018-06-11 19:12:14,818 RCV reinforcement
2018-06-11 19:12:15,514 RCV reinforcement
2018-06-11 19:12:15,588 RCV commit
2018-06-11 19:12:15,592 appended honest commit f1a2d1573f on top of aa1b86addd
2018-06-11 19:12:15,594 Weight: 156.35368268415291 #RFs 1
2018-06-11 19:12:15,594 weight: 156.35368268415291
2018-06-11 19:12:15,594 , 156.35368268415291
2018-06-11 19:12:16,167 RF found but not transmitted
2018-06-11 19:12:16,171 RCV commit
2018-06-11 19:12:16,886 appended malicious commit 8a3a1a5a55 on top of fe67cd4fdf
2018-06-11 19:12:17,589 Weight: 170.0323093444433 #RFs 105
2018-06-11 19:12:17,590 weight: 170.0323093444433
2018-06-11 19:12:17,593 , 170.0323093444433
2018-06-11 19:12:17,596 MALICIOUS MINING state
2018-06-11 19:12:17,596 start mining - depth 15
2018-06-11 19:12:17,597 start mining - hash 8a3a1a5a55734cf5a39a1ebe8e179c102a8bb829ec73a8453f2a051b202b05ea
2018-06-11 19:12:17,597 Hashing frequency: 3904
2018-06-11 19:12:19,198 RCV reinforcement info
2018-06-11 19:12:19,839 RCV reinforcement info
2018-06-11 19:12:19,852 RCV reinforcement info
2018-06-11 19:12:20,023 RCV reinforcement info
2018-06-11 19:12:21,925 RCV malicious_prop_agreement
2018-06-11 19:12:22,857 RF found but not transmitted
2018-06-11 19:12:24,396 RF found but not transmitted
2018-06-11 19:12:25,856 RF found but not transmitted
2018-06-11 19:12:29,542 RF found but not transmitted
2018-06-11 19:12:30,848 RCV reinforcement info
2018-06-11 19:12:31,085 RF found but not transmitted
2018-06-11 19:12:31,451 RCV reinforcement info
2018-06-11 19:12:32,008 RCV reinforcement info
2018-06-11 19:12:33,316 RF found but not transmitted
2018-06-11 19:12:34,319 RCV reinforcement info
2018-06-11 19:12:34,819 RCV reinforcement info
2018-06-11 19:12:35,271 RCV reinforcement info
2018-06-11 19:12:37,849 RF found but not transmitted
2018-06-11 19:12:38,732 RCV reinforcement info
2018-06-11 19:12:41,608 RF found but not transmitted
2018-06-11 19:12:44,365 RCV reinforcement info
2018-06-11 19:12:44,614 RCV reinforcement info
2018-06-11 19:12:45,568 RCV reinforcement info
2018-06-11 19:12:45,580 RCV reinforcement info
2018-06-11 19:12:46,498 RCV proposal
2018-06-11 19:12:46,503 appended honest propose dc679c32f2 on top of 8a3a1a5a55
2018-06-11 19:12:46,590 RCV reinforcement
2018-06-11 19:12:46,601 RCV reinforcement
2018-06-11 19:12:47,792 RCV reinforcement info
2018-06-11 19:12:47,866 RCV reinforcement
2018-06-11 19:12:48,075 RCV commit
2018-06-11 19:12:48,160 appended honest commit 81e599daf1 on top of dc679c32f2
2018-06-11 19:12:48,229 Weight: 175.00370138197056 #RFs 15
2018-06-11 19:12:48,229 weight: 175.00370138197056
2018-06-11 19:12:48,230 , 175.00370138197056
2018-06-11 19:12:48,386 RCV proposal
2018-06-11 19:12:48,391 appended malicious propose 206bbb4678 on top of 8a3a1a5a55
2018-06-11 19:12:48,392 REINFORCEMENT SENT state
2018-06-11 19:12:48,396 SNT reinforcement
2018-06-11 19:12:48,583 RCV reinforcement
2018-06-11 19:12:48,587 RCV reinforcement
2018-06-11 19:12:48,628 RCV reinforcement
2018-06-11 19:12:48,632 RCV reinforcement
2018-06-11 19:12:48,646 RCV reinforcement
2018-06-11 19:12:48,677 RCV reinforcement info
2018-06-11 19:12:48,752 RCV reinforcement
2018-06-11 19:12:48,775 RCV reinforcement
2018-06-11 19:12:48,838 RCV reinforcement
2018-06-11 19:12:49,908 RCV reinforcement
2018-06-11 19:12:50,095 RCV commit
2018-06-11 19:12:50,381 appended malicious commit c013704029 on top of 206bbb4678
2018-06-11 19:12:50,702 Weight: 182.6183595559047 #RFs 50
2018-06-11 19:12:50,702 weight: 182.6183595559047
2018-06-11 19:12:50,702 , 182.6183595559047
2018-06-11 19:12:50,703 MALICIOUS MINING state
2018-06-11 19:12:50,703 start mining - depth 16
2018-06-11 19:12:50,720 start mining - hash c013704029e7bd358ccab3dfa45f83cdfdb1cfdb867494dd1e7511c7242485a4
2018-06-11 19:12:52,496 RCV malicious_prop_agreement
2018-06-11 19:12:52,716 RCV reinforcement info
2018-06-11 19:12:53,671 RF found but not transmitted
2018-06-11 19:12:54,157 RF found but not transmitted
2018-06-11 19:12:54,421 RF found but not transmitted
2018-06-11 19:12:56,543 RF found but not transmitted
2018-06-11 19:12:56,569 RCV reinforcement info
2018-06-11 19:12:57,833 RF found but not transmitted
2018-06-11 19:13:01,038 RCV reinforcement info
2018-06-11 19:13:01,750 RCV reinforcement info
2018-06-11 19:13:02,481 RCV reinforcement info
2018-06-11 19:13:03,206 RCV reinforcement info
2018-06-11 19:13:05,495 RCV reinforcement info
2018-06-11 19:13:06,157 RCV reinforcement info
2018-06-11 19:13:06,601 RF found but not transmitted
2018-06-11 19:13:09,305 RCV reinforcement info
2018-06-11 19:13:09,402 RCV reinforcement info
2018-06-11 19:13:10,207 RCV reinforcement info
2018-06-11 19:13:11,456 RCV reinforcement info
2018-06-11 19:13:11,734 RCV proposal
2018-06-11 19:13:11,738 appended honest propose 06da9ed315 on top of c013704029
2018-06-11 19:13:11,832 RCV reinforcement
2018-06-11 19:13:11,843 RCV reinforcement
2018-06-11 19:13:12,800 RF found but not transmitted
2018-06-11 19:13:13,299 RCV commit
2018-06-11 19:13:13,407 appended honest commit 17e89957b9 on top of 06da9ed315
2018-06-11 19:13:13,459 RF found but not transmitted
2018-06-11 19:13:13,461 Weight: 186.54156080761044 #RFs 12
2018-06-11 19:13:13,461 weight: 186.54156080761044
2018-06-11 19:13:13,461 , 186.54156080761044
2018-06-11 19:13:13,601 RCV proposal
2018-06-11 19:13:13,605 appended malicious propose 37f3e5e73d on top of c013704029
2018-06-11 19:13:13,606 REINFORCEMENT SENT state
2018-06-11 19:13:13,607 SNT reinforcement
2018-06-11 19:13:13,801 RCV reinforcement
2018-06-11 19:13:13,832 RCV reinforcement
2018-06-11 19:13:13,849 RCV reinforcement
2018-06-11 19:13:13,852 RCV reinforcement
2018-06-11 19:13:13,864 RCV reinforcement
2018-06-11 19:13:14,564 RCV reinforcement
2018-06-11 19:13:15,261 RCV commit
2018-06-11 19:13:15,585 appended malicious commit 1c7de3077d on top of 37f3e5e73d
2018-06-11 19:13:15,883 Weight: 195.09426671868738 #RFs 48
2018-06-11 19:13:15,883 weight: 195.09426671868738
2018-06-11 19:13:15,890 , 195.09426671868738
2018-06-11 19:13:15,890 MALICIOUS MINING state
2018-06-11 19:13:15,890 start mining - depth 17
2018-06-11 19:13:15,891 start mining - hash 1c7de3077de9f3690a352e8b0c6b3c46d228f185d29491737069fa509623e822
2018-06-11 19:13:16,321 RF found but not transmitted
2018-06-11 19:13:17,200 RCV malicious_prop_agreement
2018-06-11 19:13:17,690 RF found but not transmitted
2018-06-11 19:13:17,905 RCV reinforcement info
2018-06-11 19:13:18,276 RCV reinforcement info
2018-06-11 19:13:18,356 RF found but not transmitted
2018-06-11 19:13:23,879 RCV reinforcement info
2018-06-11 19:13:24,911 RCV reinforcement info
2018-06-11 19:13:25,874 RCV reinforcement info
2018-06-11 19:13:25,913 RCV reinforcement info
2018-06-11 19:13:25,980 RCV reinforcement info
2018-06-11 19:13:28,521 RCV reinforcement info
2018-06-11 19:13:29,184 RF found but not transmitted
2018-06-11 19:13:30,975 RCV proposal
2018-06-11 19:13:30,980 appended honest propose 47ef3b217e on top of 1c7de3077d
2018-06-11 19:13:31,062 RCV reinforcement
2018-06-11 19:13:31,077 RCV reinforcement
2018-06-11 19:13:31,228 RCV reinforcement info
2018-06-11 19:13:31,313 RCV reinforcement
2018-06-11 19:13:31,431 RCV reinforcement info
2018-06-11 19:13:31,501 RCV reinforcement
2018-06-11 19:13:32,527 RCV commit
2018-06-11 19:13:32,606 appended honest commit 4d59ede441 on top of 47ef3b217e
2018-06-11 19:13:32,657 Weight: 197.59861065232838 #RFs 9
2018-06-11 19:13:32,657 weight: 197.59861065232838
2018-06-11 19:13:32,657 , 197.59861065232838
2018-06-11 19:13:32,861 RCV proposal
2018-06-11 19:13:32,873 appended malicious propose d512ad34fd on top of 1c7de3077d
2018-06-11 19:13:32,874 REINFORCEMENT SENT state
2018-06-11 19:13:32,875 SNT reinforcement
2018-06-11 19:13:33,077 RCV reinforcement
2018-06-11 19:13:33,087 RCV reinforcement
2018-06-11 19:13:33,094 RCV reinforcement
2018-06-11 19:13:33,098 RCV reinforcement
2018-06-11 19:13:33,104 RCV reinforcement
2018-06-11 19:13:33,663 RCV reinforcement
2018-06-11 19:13:33,932 RCV reinforcement
2018-06-11 19:13:34,142 RCV reinforcement
2018-06-11 19:13:34,539 RCV commit
2018-06-11 19:13:34,799 appended malicious commit 17b2a0790a on top of d512ad34fd
2018-06-11 19:13:35,146 Weight: 203.47977656043633 #RFs 35
2018-06-11 19:13:35,146 weight: 203.47977656043633
2018-06-11 19:13:35,146 , 203.47977656043633
2018-06-11 19:13:35,159 MALICIOUS MINING state
2018-06-11 19:13:35,159 start mining - depth 18
2018-06-11 19:13:35,163 start mining - hash 17b2a0790ac8c05faec629befcfe7bae96f284bc20275e4854ea5e574b9ad265
2018-06-11 19:13:35,196 Hashing frequency: 4135
2018-06-11 19:13:35,709 RCV reinforcement info
2018-06-11 19:13:37,275 RCV malicious_prop_agreement
2018-06-11 19:13:37,628 RCV reinforcement info
2018-06-11 19:13:38,960 RF found but not transmitted
2018-06-11 19:13:40,394 RF found but not transmitted
2018-06-11 19:13:43,307 RF found but not transmitted
2018-06-11 19:13:43,381 RCV reinforcement info
2018-06-11 19:13:44,152 RCV reinforcement info
2018-06-11 19:13:44,575 RCV reinforcement info
2018-06-11 19:13:46,214 RF found but not transmitted
2018-06-11 19:13:47,624 RF found but not transmitted
2018-06-11 19:13:47,864 RCV reinforcement info
2018-06-11 19:13:48,375 RCV reinforcement info
2018-06-11 19:13:50,104 RF found but not transmitted
2018-06-11 19:13:50,453 RF found but not transmitted
2018-06-11 19:13:50,566 RCV reinforcement info
2018-06-11 19:13:51,477 RCV reinforcement info
2018-06-11 19:13:54,883 RCV reinforcement info
2018-06-11 19:13:56,542 RCV reinforcement info
2018-06-11 19:13:57,065 RCV reinforcement info
2018-06-11 19:13:57,460 RCV reinforcement info
2018-06-11 19:14:01,010 RCV reinforcement info
2018-06-11 19:14:01,418 RCV reinforcement info
2018-06-11 19:14:02,065 RF found but not transmitted
2018-06-11 19:14:06,121 RCV reinforcement info
2018-06-11 19:14:08,840 RCV reinforcement info
2018-06-11 19:14:13,846 RCV reinforcement info
2018-06-11 19:14:14,547 RCV reinforcement info
2018-06-11 19:14:17,500 RCV reinforcement info
2018-06-11 19:14:17,721 RCV reinforcement info
2018-06-11 19:14:20,630 RF found but not transmitted
2018-06-11 19:14:21,311 RF found but not transmitted
2018-06-11 19:14:21,582 RCV reinforcement info
2018-06-11 19:14:21,828 RCV reinforcement info
2018-06-11 19:14:23,328 RCV reinforcement info
2018-06-11 19:14:24,280 RF found but not transmitted
2018-06-11 19:14:25,315 RF found but not transmitted
2018-06-11 19:14:26,131 RCV reinforcement info
2018-06-11 19:14:26,221 RCV reinforcement info
2018-06-11 19:14:26,533 RCV reinforcement info
2018-06-11 19:14:27,878 RCV reinforcement info
2018-06-11 19:14:28,422 RCV reinforcement info
2018-06-11 19:14:29,014 RCV reinforcement info
2018-06-11 19:14:33,866 RF found but not transmitted
2018-06-11 19:14:36,262 RCV proposal
2018-06-11 19:14:36,267 appended honest propose 374dc29d3d on top of 17b2a0790a
2018-06-11 19:14:36,364 RCV reinforcement
2018-06-11 19:14:36,379 RCV reinforcement
2018-06-11 19:14:37,878 RCV commit
2018-06-11 19:14:38,080 appended honest commit c2f9d9ccf1 on top of 374dc29d3d
2018-06-11 19:14:38,332 Weight: 210.31893456715733 #RFs 30
2018-06-11 19:14:38,332 weight: 210.31893456715733
2018-06-11 19:14:38,332 , 210.31893456715733
2018-06-11 19:14:38,492 RCV proposal
2018-06-11 19:14:38,499 appended malicious propose e3cdcbf1eb on top of 17b2a0790a
2018-06-11 19:14:38,499 REINFORCEMENT SENT state
2018-06-11 19:14:38,507 SNT reinforcement
2018-06-11 19:14:38,741 RCV reinforcement
2018-06-11 19:14:38,746 RCV reinforcement
2018-06-11 19:14:38,760 RCV reinforcement
2018-06-11 19:14:38,782 RCV reinforcement
2018-06-11 19:14:38,808 RCV reinforcement
2018-06-11 19:14:39,284 RCV reinforcement info
2018-06-11 19:14:40,304 RCV commit
2018-06-11 19:14:40,978 appended malicious commit 6f2773eb48 on top of e3cdcbf1eb
2018-06-11 19:14:41,548 Weight: 226.24794269010505 #RFs 89
2018-06-11 19:14:41,548 weight: 226.24794269010505
2018-06-11 19:14:41,548 , 226.24794269010505
2018-06-11 19:14:41,551 MALICIOUS MINING state
2018-06-11 19:14:41,551 start mining - depth 19
2018-06-11 19:14:41,552 start mining - hash 6f2773eb48c487187fb687028c0c01674a2265643ff6af5a986badab12629e43
2018-06-11 19:14:41,553 Hashing frequency: 3535
2018-06-11 19:14:42,632 RCV malicious_prop_agreement
2018-06-11 19:14:42,800 RCV reinforcement info
2018-06-11 19:14:43,461 RCV reinforcement info
2018-06-11 19:14:43,542 RCV reinforcement info
2018-06-11 19:14:45,671 RCV reinforcement info
2018-06-11 19:14:45,930 RCV reinforcement info
2018-06-11 19:14:46,199 RCV reinforcement info
2018-06-11 19:14:47,305 RCV reinforcement info
2018-06-11 19:14:47,411 RF found but not transmitted
2018-06-11 19:14:48,705 RF found but not transmitted
2018-06-11 19:14:53,411 RCV reinforcement info
2018-06-11 19:14:54,072 RCV reinforcement info
2018-06-11 19:14:55,814 RCV reinforcement info
2018-06-11 19:14:56,893 RCV reinforcement info
2018-06-11 19:14:57,508 RCV reinforcement info
2018-06-11 19:15:00,177 RCV reinforcement info
2018-06-11 19:15:00,398 RCV proposal
2018-06-11 19:15:00,402 appended honest propose b3ab2fb0c7 on top of 6f2773eb48
2018-06-11 19:15:00,518 RCV reinforcement
2018-06-11 19:15:00,551 RCV reinforcement
2018-06-11 19:15:00,890 RCV reinforcement info
2018-06-11 19:15:00,979 RCV reinforcement
2018-06-11 19:15:02,014 RCV commit
2018-06-11 19:15:02,119 appended honest commit df5ed92953 on top of b3ab2fb0c7
2018-06-11 19:15:02,240 Weight: 228.87152328687702 #RFs 13
2018-06-11 19:15:02,240 weight: 228.87152328687702
2018-06-11 19:15:02,240 , 228.87152328687702
2018-06-11 19:15:02,385 RCV proposal
2018-06-11 19:15:02,401 appended malicious propose 9ae804e913 on top of 6f2773eb48
2018-06-11 19:15:02,402 REINFORCEMENT SENT state
2018-06-11 19:15:02,411 SNT reinforcement
2018-06-11 19:15:02,619 RCV reinforcement
2018-06-11 19:15:02,654 RCV reinforcement
2018-06-11 19:15:02,667 RCV reinforcement
2018-06-11 19:15:02,672 RCV reinforcement
2018-06-11 19:15:03,524 RCV reinforcement info
2018-06-11 19:15:03,680 RCV reinforcement
2018-06-11 19:15:03,913 RCV commit
2018-06-11 19:15:04,091 appended malicious commit 9a65498b27 on top of 9ae804e913
2018-06-11 19:15:04,306 Weight: 232.85654951934305 #RFs 30
2018-06-11 19:15:04,311 weight: 232.85654951934305
2018-06-11 19:15:04,312 , 232.85654951934305
2018-06-11 19:15:04,314 MALICIOUS MINING state
2018-06-11 19:15:04,315 start mining - depth 20
2018-06-11 19:15:04,315 start mining - hash 9a65498b27fc4ea01a4331df76519aac48691151eeae061a7a2a8e9765652748
2018-06-11 19:15:05,879 RCV reinforcement info
2018-06-11 19:15:06,966 RCV reinforcement info
2018-06-11 19:15:08,066 RCV reinforcement info
2018-06-11 19:15:09,071 RCV reinforcement info
2018-06-11 19:15:09,417 RCV reinforcement info
2018-06-11 19:15:10,387 RF found but not transmitted
2018-06-11 19:15:10,606 RCV reinforcement info
2018-06-11 19:15:11,598 RF found but not transmitted
2018-06-11 19:15:12,679 RCV reinforcement info
2018-06-11 19:15:12,705 RCV reinforcement info
2018-06-11 19:15:12,913 RCV reinforcement info
2018-06-11 19:15:15,143 RCV reinforcement info
2018-06-11 19:15:15,395 RCV reinforcement info
2018-06-11 19:15:15,556 RCV reinforcement info
2018-06-11 19:15:16,398 RF found but not transmitted
2018-06-11 19:15:16,788 RCV reinforcement info
2018-06-11 19:15:18,362 RCV reinforcement info
2018-06-11 19:15:18,580 RCV malicious_prop_agreement
2018-06-11 19:15:24,118 RCV reinforcement info
2018-06-11 19:15:25,999 RCV reinforcement info
2018-06-11 19:15:26,002 RCV reinforcement info
2018-06-11 19:15:27,347 RF found but not transmitted
2018-06-11 19:15:27,659 RF found but not transmitted
2018-06-11 19:15:29,389 RCV reinforcement info
2018-06-11 19:15:29,836 RCV reinforcement info
2018-06-11 19:15:30,026 RCV proposal
2018-06-11 19:15:30,030 appended honest propose 5aa52f15c0 on top of 9a65498b27
2018-06-11 19:15:30,111 RCV reinforcement
2018-06-11 19:15:30,135 RCV reinforcement
2018-06-11 19:15:31,591 RCV commit
2018-06-11 19:15:31,688 appended honest commit c7ef6c7cbd on top of 5aa52f15c0
2018-06-11 19:15:31,806 Weight: 238.0240524147252 #RFs 19
2018-06-11 19:15:31,807 weight: 238.0240524147252
2018-06-11 19:15:31,807 , 238.0240524147252
2018-06-11 19:15:31,952 RCV proposal
2018-06-11 19:15:31,957 appended malicious propose 9c10306eb5 on top of 9a65498b27
2018-06-11 19:15:31,958 REINFORCEMENT SENT state
2018-06-11 19:15:31,959 SNT reinforcement
2018-06-11 19:15:32,096 RCV reinforcement
2018-06-11 19:15:32,160 RCV reinforcement
2018-06-11 19:15:32,172 RCV reinforcement
2018-06-11 19:15:32,249 RCV reinforcement
2018-06-11 19:15:32,268 RCV reinforcement
2018-06-11 19:15:32,274 RCV reinforcement info
2018-06-11 19:15:32,363 RCV reinforcement
2018-06-11 19:15:32,731 RCV reinforcement
2018-06-11 19:15:32,846 RCV reinforcement
2018-06-11 19:15:33,105 RCV reinforcement
2018-06-11 19:15:33,141 RCV reinforcement
2018-06-11 19:15:33,599 RCV commit
2018-06-11 19:15:33,950 appended malicious commit 75905ee21e on top of 9c10306eb5
2018-06-11 19:15:34,381 Weight: 244.83617004882527 #RFs 48
2018-06-11 19:15:34,381 weight: 244.83617004882527
2018-06-11 19:15:34,390 , 244.83617004882527
2018-06-11 19:15:34,391 MALICIOUS MINING state
2018-06-11 19:15:34,391 start mining - depth 21
2018-06-11 19:15:34,391 start mining - hash 75905ee21e9eccf1d7f15af927fed79c4fdc74e11c3ebba1893da1bd8a5a00ae
2018-06-11 19:15:35,345 RCV proposal
2018-06-11 19:15:35,350 appended honest propose f07846c417 on top of 75905ee21e
2018-06-11 19:15:35,640 RCV reinforcement info
2018-06-11 19:15:35,734 RCV reinforcement
2018-06-11 19:15:36,511 RCV reinforcement info
2018-06-11 19:15:36,612 RCV reinforcement
2018-06-11 19:15:36,717 RCV reinforcement info
2018-06-11 19:15:36,804 RCV reinforcement
2018-06-11 19:15:36,908 RCV commit
2018-06-11 19:15:36,912 appended honest commit adc81967bb on top of f07846c417
2018-06-11 19:15:36,915 Weight: 246.37926287807042 #RFs 1
2018-06-11 19:15:36,915 weight: 246.37926287807042
2018-06-11 19:15:36,915 , 246.37926287807042
2018-06-11 19:15:36,920 start mining - depth 22
2018-06-11 19:15:36,920 start mining - hash adc81967bbe2ec802e71c5f9896142ed6b244c21f26efdfcfb09d5e4d0920725
2018-06-11 19:15:37,492 RCV reinforcement info
2018-06-11 19:15:38,240 RF found but not transmitted
2018-06-11 19:15:38,357 RCV reinforcement info
2018-06-11 19:15:39,845 RF found but not transmitted
2018-06-11 19:15:40,433 RCV reinforcement info
2018-06-11 19:15:43,295 RCV reinforcement info
2018-06-11 19:15:44,149 RCV reinforcement info
2018-06-11 19:15:44,419 RF found but not transmitted
2018-06-11 19:15:45,644 RCV reinforcement info
2018-06-11 19:15:47,018 RCV reinforcement info
2018-06-11 19:15:47,662 RF found but not transmitted
2018-06-11 19:15:47,733 RF found but not transmitted
2018-06-11 19:15:52,155 RF found but not transmitted
2018-06-11 19:15:52,156 hash found
2018-06-11 19:15:52,157 SNT malicious_proposal_agreement
2018-06-11 19:15:54,377 RCV reinforcement info
2018-06-11 19:15:54,461 RCV reinforcement info
2018-06-11 19:15:54,741 RCV reinforcement info
2018-06-11 19:15:55,864 RF found but not transmitted
2018-06-11 19:15:57,801 RF found but not transmitted
2018-06-11 19:15:58,307 RCV reinforcement info
2018-06-11 19:16:01,770 RCV reinforcement info
2018-06-11 19:16:03,390 RCV reinforcement info
2018-06-11 19:16:04,811 RCV reinforcement info
2018-06-11 19:16:06,560 RF found but not transmitted
2018-06-11 19:16:08,647 RCV reinforcement info
2018-06-11 19:16:08,807 RCV reinforcement info
2018-06-11 19:16:09,266 RCV reinforcement info
2018-06-11 19:16:11,050 RCV reinforcement info
2018-06-11 19:16:11,091 RCV reinforcement info
2018-06-11 19:16:11,556 RCV reinforcement info
2018-06-11 19:16:13,393 RCV reinforcement info
2018-06-11 19:16:13,768 RCV reinforcement info
2018-06-11 19:16:14,199 RF found but not transmitted
2018-06-11 19:16:18,610 RF found but not transmitted
2018-06-11 19:16:18,881 RCV reinforcement info
2018-06-11 19:16:21,930 RCV reinforcement info
2018-06-11 19:16:22,088 RCV reinforcement info
2018-06-11 19:16:22,640 RF found but not transmitted
2018-06-11 19:16:25,395 RCV reinforcement info
2018-06-11 19:16:28,306 RCV reinforcement info
2018-06-11 19:16:28,633 RCV reinforcement info
2018-06-11 19:16:29,896 RCV reinforcement info
2018-06-11 19:16:32,505 RCV reinforcement info
2018-06-11 19:16:33,009 RCV reinforcement info
2018-06-11 19:16:33,950 RCV reinforcement info
2018-06-11 19:16:35,893 RCV reinforcement info
2018-06-11 19:16:37,956 RCV reinforcement info
2018-06-11 19:16:38,544 RCV reinforcement info
2018-06-11 19:16:39,323 RCV reinforcement info
2018-06-11 19:16:41,994 RCV reinforcement info
2018-06-11 19:16:45,822 RCV proposal
2018-06-11 19:16:45,826 appended honest propose a3b677748e on top of adc81967bb
2018-06-11 19:16:45,969 RCV reinforcement
2018-06-11 19:16:45,985 RCV reinforcement
2018-06-11 19:16:47,481 RCV commit
2018-06-11 19:16:47,761 appended honest commit 215535dc0a on top of a3b677748e
2018-06-11 19:16:48,009 Weight: 253.19623066035888 #RFs 37
2018-06-11 19:16:48,009 weight: 253.19623066035888
2018-06-11 19:16:48,024 , 253.19623066035888
2018-06-11 19:16:48,042 appended malicious propose d4f3a7e2ca on top of adc81967bb
2018-06-11 19:16:48,042 REINFORCEMENT COLLECTING state
2018-06-11 19:16:48,253 SNT proposal
2018-06-11 19:16:48,692 RCV reinforcement
2018-06-11 19:16:48,910 RCV reinforcement
2018-06-11 19:16:48,994 RCV reinforcement
2018-06-11 19:16:49,095 RCV reinforcement
2018-06-11 19:16:49,189 RCV reinforcement
2018-06-11 19:16:49,298 RCV reinforcement
2018-06-11 19:16:49,468 RCV reinforcement info
2018-06-11 19:16:49,687 RCV reinforcement
2018-06-11 19:16:49,786 commit with 7 reinforcements
2018-06-11 19:16:50,444 appended malicious commit 243e79afb3 on top of d4f3a7e2ca
2018-06-11 19:16:51,037 Weight: 276.86879997751606 #RFs 118
2018-06-11 19:16:51,037 weight: 276.86879997751606
2018-06-11 19:16:51,037 , 276.86879997751606
2018-06-11 19:16:51,044 MALICIOUS MINING state
2018-06-11 19:16:51,045 start mining - depth 23
2018-06-11 19:16:51,045 start mining - hash 243e79afb3bd7f03051687e74ee706f003330a226365066f03f838ffbcf0d7f4
2018-06-11 19:16:51,046 Hashing frequency: 6706
2018-06-11 19:16:51,047 SNT commit
2018-06-11 19:16:51,335 RCV reinforcement info
2018-06-11 19:16:51,477 RCV reinforcement
2018-06-11 19:16:51,481 RCV reinforcement
2018-06-11 19:16:51,496 RCV reinforcement
2018-06-11 19:16:53,087 RCV reinforcement info
2018-06-11 19:16:54,480 RCV reinforcement info
2018-06-11 19:16:54,695 RCV reinforcement info
2018-06-11 19:16:55,565 RF found but not transmitted
2018-06-11 19:16:56,975 RF found but not transmitted
2018-06-11 19:16:56,983 RCV malicious_prop_agreement
2018-06-11 19:16:57,579 RF found but not transmitted
2018-06-11 19:17:00,328 RCV reinforcement info
2018-06-11 19:17:01,048 RF found but not transmitted
2018-06-11 19:17:03,031 RF found but not transmitted
2018-06-11 19:17:06,013 RCV reinforcement info
2018-06-11 19:17:12,529 RCV reinforcement info
2018-06-11 19:17:13,783 RF found but not transmitted
2018-06-11 19:17:14,302 RCV reinforcement info
2018-06-11 19:17:17,362 RCV reinforcement info
2018-06-11 19:17:17,823 RCV reinforcement info
2018-06-11 19:17:18,868 RCV reinforcement info
2018-06-11 19:17:21,027 RCV reinforcement info
2018-06-11 19:17:21,198 RF found but not transmitted
2018-06-11 19:17:24,007 RF found but not transmitted
2018-06-11 19:17:26,657 RCV proposal
2018-06-11 19:17:26,661 appended honest propose 418621c5cd on top of 243e79afb3
2018-06-11 19:17:26,758 RCV reinforcement
2018-06-11 19:17:26,773 RCV reinforcement
2018-06-11 19:17:28,221 RCV commit
2018-06-11 19:17:28,306 appended honest commit fe81284d58 on top of 418621c5cd
2018-06-11 19:17:28,363 Weight: 279.9369477452697 #RFs 11
2018-06-11 19:17:28,363 weight: 279.9369477452697
2018-06-11 19:17:28,363 , 279.9369477452697
2018-06-11 19:17:28,526 RCV proposal
2018-06-11 19:17:28,560 appended malicious propose 3646517b94 on top of 243e79afb3
2018-06-11 19:17:28,560 REINFORCEMENT SENT state
2018-06-11 19:17:28,565 SNT reinforcement
2018-06-11 19:17:28,760 RCV reinforcement
2018-06-11 19:17:28,767 RCV reinforcement
2018-06-11 19:17:28,776 RCV reinforcement
2018-06-11 19:17:28,781 RCV reinforcement
2018-06-11 19:17:28,807 RCV reinforcement
2018-06-11 19:17:29,062 RCV reinforcement
2018-06-11 19:17:29,632 RCV reinforcement
2018-06-11 19:17:30,233 RCV commit
2018-06-11 19:17:30,557 appended malicious commit 716341ae1c on top of 3646517b94
2018-06-11 19:17:30,948 Weight: 289.5591222054332 #RFs 50
2018-06-11 19:17:30,948 weight: 289.5591222054332
2018-06-11 19:17:30,948 , 289.5591222054332
2018-06-11 19:17:30,949 MALICIOUS MINING state
2018-06-11 19:17:30,949 start mining - depth 24
2018-06-11 19:17:30,950 start mining - hash 716341ae1cb0c3bf68c6aeb2cf0ca9a9fa76a6b5261610ded4efa90c8251f7de
2018-06-11 19:17:32,229 RCV reinforcement info
2018-06-11 19:17:35,024 RCV reinforcement info
2018-06-11 19:17:35,847 RCV reinforcement info
2018-06-11 19:17:37,657 RCV reinforcement info
2018-06-11 19:17:40,097 RF found but not transmitted
2018-06-11 19:17:41,641 RCV malicious_prop_agreement
2018-06-11 19:17:43,354 RF found but not transmitted
2018-06-11 19:17:43,853 RCV reinforcement info
2018-06-11 19:17:44,488 RCV reinforcement info
2018-06-11 19:17:47,165 RCV reinforcement info
2018-06-11 19:17:48,248 RCV reinforcement info
2018-06-11 19:17:48,421 RF found but not transmitted
2018-06-11 19:17:48,999 RCV reinforcement info
2018-06-11 19:17:51,649 RF found but not transmitted
2018-06-11 19:17:52,053 RCV reinforcement info
2018-06-11 19:17:52,249 RCV reinforcement info
2018-06-11 19:17:52,521 RCV reinforcement info
2018-06-11 19:17:53,987 RCV reinforcement info
2018-06-11 19:17:55,271 RCV reinforcement info
2018-06-11 19:17:55,706 RCV reinforcement info
2018-06-11 19:17:57,222 RF found but not transmitted
2018-06-11 19:17:59,181 RF found but not transmitted
2018-06-11 19:18:00,544 RCV reinforcement info
2018-06-11 19:18:00,575 RF found but not transmitted
2018-06-11 19:18:03,052 RCV reinforcement info
2018-06-11 19:18:04,766 RCV reinforcement info
2018-06-11 19:18:04,913 RCV proposal
2018-06-11 19:18:04,917 appended honest propose 3f4d0e9b2e on top of 716341ae1c
2018-06-11 19:18:05,003 RCV reinforcement
2018-06-11 19:18:05,041 RCV reinforcement
2018-06-11 19:18:06,500 RCV commit
2018-06-11 19:18:06,615 appended honest commit a9e058d9bd on top of 3f4d0e9b2e
2018-06-11 19:18:06,741 Weight: 295.03924851081916 #RFs 18
2018-06-11 19:18:06,741 weight: 295.03924851081916
2018-06-11 19:18:06,741 , 295.03924851081916
2018-06-11 19:18:06,904 RF found but not transmitted
2018-06-11 19:18:06,928 RCV proposal
2018-06-11 19:18:06,934 appended malicious propose 4fe75734c1 on top of 716341ae1c
2018-06-11 19:18:06,937 REINFORCEMENT SENT state
2018-06-11 19:18:06,939 SNT reinforcement
2018-06-11 19:18:07,076 RF found but not transmitted
2018-06-11 19:18:07,079 RCV reinforcement
2018-06-11 19:18:07,083 SNT reinforcement
2018-06-11 19:18:07,272 RCV reinforcement
2018-06-11 19:18:07,282 RCV reinforcement
2018-06-11 19:18:07,292 RCV reinforcement
2018-06-11 19:18:07,296 RCV reinforcement
2018-06-11 19:18:07,301 RCV reinforcement
2018-06-11 19:18:07,425 RCV reinforcement
2018-06-11 19:18:07,444 RCV reinforcement info
2018-06-11 19:18:08,634 RCV commit
2018-06-11 19:18:09,038 appended malicious commit b2b496cbce on top of 4fe75734c1
2018-06-11 19:18:09,456 Weight: 303.2294490954122 #RFs 60
2018-06-11 19:18:09,457 weight: 303.2294490954122
2018-06-11 19:18:09,468 , 303.2294490954122
2018-06-11 19:18:09,468 MALICIOUS MINING state
2018-06-11 19:18:09,469 start mining - depth 25
2018-06-11 19:18:09,469 start mining - hash b2b496cbce749514d5cd64f27673505c77efbd098b634af1a359395e75fde5c0
2018-06-11 19:18:09,471 Hashing frequency: 4108
2018-06-11 19:18:09,478 RCV reinforcement info
2018-06-11 19:18:09,915 RCV reinforcement info
2018-06-11 19:18:10,205 RCV reinforcement info
2018-06-11 19:18:10,373 RCV reinforcement info
2018-06-11 19:18:12,249 RCV malicious_prop_agreement
2018-06-11 19:18:12,309 RF found but not transmitted
2018-06-11 19:18:13,141 RF found but not transmitted
2018-06-11 19:18:16,009 RCV reinforcement info
2018-06-11 19:18:17,824 RF found but not transmitted
2018-06-11 19:18:22,801 RCV reinforcement info
2018-06-11 19:18:23,624 RCV reinforcement info
2018-06-11 19:18:23,858 RF found but not transmitted
2018-06-11 19:18:24,597 RCV reinforcement info
2018-06-11 19:18:25,049 RCV reinforcement info
2018-06-11 19:18:31,094 RCV reinforcement info
2018-06-11 19:18:31,986 RCV reinforcement info
2018-06-11 19:18:32,576 RCV reinforcement info
2018-06-11 19:18:35,153 RCV reinforcement info
2018-06-11 19:18:39,127 RCV reinforcement info
2018-06-11 19:18:42,343 RCV reinforcement info
2018-06-11 19:18:42,532 RCV reinforcement info
2018-06-11 19:18:42,854 RCV reinforcement info
2018-06-11 19:18:43,641 RCV reinforcement info
2018-06-11 19:18:45,326 RCV reinforcement info
2018-06-11 19:18:46,245 RCV reinforcement info
2018-06-11 19:18:46,753 RCV reinforcement info
2018-06-11 19:18:48,004 RCV reinforcement info
2018-06-11 19:18:50,953 RCV reinforcement info
2018-06-11 19:18:51,747 RCV reinforcement info
2018-06-11 19:18:52,504 RCV reinforcement info
2018-06-11 19:18:54,212 RCV reinforcement info
2018-06-11 19:19:00,331 RCV reinforcement info
2018-06-11 19:19:03,249 RCV reinforcement info
2018-06-11 19:19:03,728 RF found but not transmitted
2018-06-11 19:19:03,909 RF found but not transmitted
2018-06-11 19:19:04,183 RCV proposal
2018-06-11 19:19:04,189 appended honest propose 1d64514a9e on top of b2b496cbce
2018-06-11 19:19:04,327 RCV reinforcement
2018-06-11 19:19:04,343 RCV reinforcement
2018-06-11 19:19:04,995 RF found but not transmitted
2018-06-11 19:19:05,023 RCV reinforcement info
2018-06-11 19:19:05,105 RCV reinforcement
2018-06-11 19:19:05,815 RCV commit
2018-06-11 19:19:05,994 appended honest commit 3179b16e6d on top of 1d64514a9e
2018-06-11 19:19:06,202 Weight: 309.7201243282974 #RFs 28
2018-06-11 19:19:06,202 weight: 309.7201243282974
2018-06-11 19:19:06,202 , 309.7201243282974
2018-06-11 19:19:06,363 RF found but not transmitted
2018-06-11 19:19:06,375 RCV proposal
2018-06-11 19:19:06,379 appended malicious propose 5e01bfe8f0 on top of b2b496cbce
2018-06-11 19:19:06,380 REINFORCEMENT SENT state
2018-06-11 19:19:06,385 SNT reinforcement
2018-06-11 19:19:06,615 RCV reinforcement
2018-06-11 19:19:06,636 RCV reinforcement
2018-06-11 19:19:06,641 RCV reinforcement
2018-06-11 19:19:06,642 RF found but not transmitted
2018-06-11 19:19:06,646 SNT reinforcement
2018-06-11 19:19:06,816 RCV reinforcement
2018-06-11 19:19:06,826 RCV reinforcement
2018-06-11 19:19:06,889 RCV reinforcement
2018-06-11 19:19:07,623 RCV reinforcement
2018-06-11 19:19:07,756 RCV reinforcement info
2018-06-11 19:19:08,333 RCV commit
2018-06-11 19:19:08,824 appended malicious commit 3d702cc4d0 on top of 5e01bfe8f0
2018-06-11 19:19:09,546 Weight: 319.0694853717614 #RFs 75
2018-06-11 19:19:09,546 weight: 319.0694853717614
2018-06-11 19:19:09,546 , 319.0694853717614
2018-06-11 19:19:09,547 MALICIOUS MINING state
2018-06-11 19:19:09,547 start mining - depth 26
2018-06-11 19:19:09,548 start mining - hash 3d702cc4d0f1ad3cdeab0497a5b0b3c475b40f1c8046f9878bcb3d2237c53447
2018-06-11 19:19:09,550 Hashing frequency: 3133
2018-06-11 19:19:11,352 RCV malicious_prop_agreement
2018-06-11 19:19:11,462 RCV reinforcement info
2018-06-11 19:19:12,937 RCV reinforcement info
2018-06-11 19:19:13,351 RCV reinforcement info
2018-06-11 19:19:15,480 RCV proposal
2018-06-11 19:19:15,484 appended honest propose 5353c32f30 on top of 3d702cc4d0
2018-06-11 19:19:15,560 RCV reinforcement
2018-06-11 19:19:16,550 RF found but not transmitted
2018-06-11 19:19:16,990 RCV commit
2018-06-11 19:19:17,009 appended honest commit 95b367d557 on top of 5353c32f30
2018-06-11 19:19:17,015 Weight: 320.43701607346105 #RFs 3
2018-06-11 19:19:17,015 weight: 320.43701607346105
2018-06-11 19:19:17,016 , 320.43701607346105
2018-06-11 19:19:17,182 RCV proposal
2018-06-11 19:19:17,195 appended malicious propose 7139a61084 on top of 3d702cc4d0
2018-06-11 19:19:17,196 REINFORCEMENT SENT state
2018-06-11 19:19:17,197 SNT reinforcement
2018-06-11 19:19:17,450 RCV reinforcement
2018-06-11 19:19:17,492 RCV reinforcement
2018-06-11 19:19:17,497 RCV reinforcement
2018-06-11 19:19:17,506 RCV reinforcement
2018-06-11 19:19:18,694 RCV reinforcement
2018-06-11 19:19:18,745 RCV commit
2018-06-11 19:19:18,823 RF found but not transmitted
2018-06-11 19:19:18,849 appended malicious commit 497914501c on top of 7139a61084
2018-06-11 19:19:18,901 Weight: 322.8195033405029 #RFs 11
2018-06-11 19:19:18,901 weight: 322.8195033405029
2018-06-11 19:19:18,901 , 322.8195033405029
2018-06-11 19:19:18,901 MALICIOUS MINING state
2018-06-11 19:19:18,901 start mining - depth 27
2018-06-11 19:19:18,904 start mining - hash 497914501c67f197a5164bfcbb75fda47e228d42911558a465919aac0aac18e1
