2018-06-11 16:20:08,705 ---------------------------------------------------------
2018-06-11 16:20:08,708 MALICIOUS MINING state
2018-06-11 16:20:09,742 start mining - depth 0
2018-06-11 16:20:09,743 start mining - hash a3450a9baa268c9d083de6bbbb2793d0b62fd1a2fe6b02b80aa7e706cae084ee
2018-06-11 16:20:10,487 RCV reinforcement info
2018-06-11 16:20:11,685 RCV reinforcement info
2018-06-11 16:20:12,037 RCV reinforcement info
2018-06-11 16:20:13,282 RCV reinforcement info
2018-06-11 16:20:13,460 RF found but not transmitted
2018-06-11 16:20:16,014 RF found but not transmitted
2018-06-11 16:20:16,445 RCV reinforcement info
2018-06-11 16:20:16,689 RCV reinforcement info
2018-06-11 16:20:17,823 RF found but not transmitted
2018-06-11 16:20:17,872 RCV reinforcement info
2018-06-11 16:20:18,079 RCV reinforcement info
2018-06-11 16:20:18,106 RF found but not transmitted
2018-06-11 16:20:18,449 RCV reinforcement info
2018-06-11 16:20:19,601 RCV reinforcement info
2018-06-11 16:20:21,087 RCV reinforcement info
2018-06-11 16:20:21,123 RCV reinforcement info
2018-06-11 16:20:21,592 RCV reinforcement info
2018-06-11 16:20:21,897 RCV reinforcement info
2018-06-11 16:20:21,942 RF found but not transmitted
2018-06-11 16:20:22,229 RCV reinforcement info
2018-06-11 16:20:22,294 RCV reinforcement info
2018-06-11 16:20:22,353 RCV reinforcement info
2018-06-11 16:20:22,716 RF found but not transmitted
2018-06-11 16:20:23,324 RCV reinforcement info
2018-06-11 16:20:23,580 RCV reinforcement info
2018-06-11 16:20:23,653 RCV reinforcement info
2018-06-11 16:20:23,656 RCV reinforcement info
2018-06-11 16:20:25,089 RCV reinforcement info
2018-06-11 16:20:25,376 RCV reinforcement info
2018-06-11 16:20:26,008 RCV proposal
2018-06-11 16:20:26,010 appended honest propose 0951d7c2b3 on top of a3450a9baa
2018-06-11 16:20:26,142 RCV reinforcement
2018-06-11 16:20:26,158 RCV reinforcement
2018-06-11 16:20:26,164 RCV reinforcement
2018-06-11 16:20:26,183 RCV reinforcement
2018-06-11 16:20:26,191 RCV reinforcement
2018-06-11 16:20:26,195 RCV reinforcement
2018-06-11 16:20:26,259 RCV reinforcement info
2018-06-11 16:20:26,332 RCV reinforcement info
2018-06-11 16:20:26,336 RCV reinforcement
2018-06-11 16:20:26,401 RCV reinforcement
2018-06-11 16:20:26,814 RCV reinforcement info
2018-06-11 16:20:26,837 RCV reinforcement info
2018-06-11 16:20:26,893 RCV reinforcement
2018-06-11 16:20:26,902 RCV reinforcement
2018-06-11 16:20:27,580 RCV commit
2018-06-11 16:20:27,703 appended honest commit dc53021a90 on top of 0951d7c2b3
2018-06-11 16:20:27,812 Weight: 5.196750014174278 #RFs 27
2018-06-11 16:20:27,812 weight: 5.196750014174278
2018-06-11 16:20:27,827 , 5.196750014174278
2018-06-11 16:20:27,828 start mining - depth 1
2018-06-11 16:20:27,828 start mining - hash dc53021a90768e523c086a46c165444aebb0af34ac2ea7892f28bd17efbb3a32
2018-06-11 16:20:28,206 RCV reinforcement info
2018-06-11 16:20:28,305 RCV reinforcement info
2018-06-11 16:20:29,365 RCV reinforcement info
2018-06-11 16:20:29,730 RCV reinforcement info
2018-06-11 16:20:30,021 RCV reinforcement info
2018-06-11 16:20:31,465 RCV reinforcement info
2018-06-11 16:20:31,851 RF found but not transmitted
2018-06-11 16:20:33,167 RCV reinforcement info
2018-06-11 16:20:33,317 RCV reinforcement info
2018-06-11 16:20:33,544 RCV reinforcement info
2018-06-11 16:20:36,948 RCV reinforcement info
2018-06-11 16:20:39,005 RCV reinforcement info
2018-06-11 16:20:39,186 RCV reinforcement info
2018-06-11 16:20:39,224 RCV reinforcement info
2018-06-11 16:20:40,376 RCV reinforcement info
2018-06-11 16:20:40,447 RCV reinforcement info
2018-06-11 16:20:40,621 RCV reinforcement info
2018-06-11 16:20:43,383 RCV reinforcement info
2018-06-11 16:20:44,469 RCV reinforcement info
2018-06-11 16:20:44,517 RF found but not transmitted
2018-06-11 16:20:45,964 RCV reinforcement info
2018-06-11 16:20:46,242 RCV reinforcement info
2018-06-11 16:20:46,671 RCV reinforcement info
2018-06-11 16:20:47,083 RCV reinforcement info
2018-06-11 16:20:47,374 RCV reinforcement info
2018-06-11 16:20:47,769 RF found but not transmitted
2018-06-11 16:20:48,607 RCV reinforcement info
2018-06-11 16:20:49,494 RCV reinforcement info
2018-06-11 16:20:49,550 RCV reinforcement info
2018-06-11 16:20:50,919 RCV reinforcement info
2018-06-11 16:20:52,062 RCV reinforcement info
2018-06-11 16:20:52,813 RCV reinforcement info
2018-06-11 16:20:52,961 RCV reinforcement info
2018-06-11 16:20:53,524 RCV proposal
2018-06-11 16:20:53,528 appended honest propose 44bb024aa9 on top of dc53021a90
2018-06-11 16:20:53,656 RCV reinforcement
2018-06-11 16:20:53,675 RCV reinforcement
2018-06-11 16:20:53,683 RCV reinforcement
2018-06-11 16:20:53,686 RCV reinforcement
2018-06-11 16:20:53,696 RCV reinforcement
2018-06-11 16:20:53,712 RCV reinforcement
2018-06-11 16:20:53,991 RCV reinforcement info
2018-06-11 16:20:54,055 RCV reinforcement
2018-06-11 16:20:54,692 RF found but not transmitted
2018-06-11 16:20:54,882 RCV reinforcement info
2018-06-11 16:20:54,943 RCV reinforcement
2018-06-11 16:20:55,123 RCV commit
2018-06-11 16:20:55,272 appended honest commit 4e22fa4ef4 on top of 44bb024aa9
2018-06-11 16:20:55,492 Weight: 11.064721550403792 #RFs 32
2018-06-11 16:20:55,493 weight: 11.064721550403792
2018-06-11 16:20:55,493 , 11.064721550403792
2018-06-11 16:20:55,494 start mining - depth 2
2018-06-11 16:20:55,495 start mining - hash 4e22fa4ef4770542ce7490d58f234368d5ebb6b690151d1dd010f3643ed10a1d
2018-06-11 16:20:55,554 RCV proposal
2018-06-11 16:20:55,564 appended honest propose d9b9f03d6e on top of 4e22fa4ef4
2018-06-11 16:20:56,920 RCV malicious_prop_agreement
2018-06-11 16:20:56,944 RCV reinforcement info
2018-06-11 16:20:57,006 RCV reinforcement
2018-06-11 16:20:57,053 RCV commit
2018-06-11 16:20:57,053 appended honest commit 1fa2fd3c8d on top of d9b9f03d6e
2018-06-11 16:20:57,054 Weight: 12.064721550403792 #RFs 0
2018-06-11 16:20:57,054 weight: 12.064721550403792
2018-06-11 16:20:57,054 , 12.064721550403792
2018-06-11 16:20:57,124 RCV proposal
2018-06-11 16:20:57,126 appended malicious propose a8cf6b2f4d on top of 4e22fa4ef4
2018-06-11 16:20:57,126 REINFORCEMENT SENT state
2018-06-11 16:20:57,298 RCV reinforcement info
2018-06-11 16:20:58,008 RCV reinforcement info
2018-06-11 16:20:58,016 RCV reinforcement info
2018-06-11 16:20:58,643 RCV commit
2018-06-11 16:20:58,643 appended malicious commit 0bc261a19e on top of a8cf6b2f4d
2018-06-11 16:20:58,644 Weight: 12.064721550403792 #RFs 0
2018-06-11 16:20:58,644 weight: 12.064721550403792
2018-06-11 16:20:58,644 , 12.064721550403792
2018-06-11 16:20:58,644 MALICIOUS MINING state
2018-06-11 16:20:58,644 start mining - depth 3
2018-06-11 16:20:58,644 start mining - hash 0bc261a19ee729849daf91dc444b689f597a9dcb5ed76b54caf8825a61e6b823
2018-06-11 16:20:59,393 RCV proposal
2018-06-11 16:20:59,395 appended honest propose 74a961df53 on top of 1fa2fd3c8d
2018-06-11 16:20:59,463 RCV reinforcement
2018-06-11 16:20:59,471 RCV reinforcement
2018-06-11 16:21:00,153 RCV reinforcement info
2018-06-11 16:21:00,204 RCV reinforcement
2018-06-11 16:21:00,945 RCV commit
2018-06-11 16:21:00,989 appended honest commit 1af8ad4740 on top of 74a961df53
2018-06-11 16:21:00,998 Weight: 13.789772943030139 #RFs 4
2018-06-11 16:21:00,999 weight: 13.789772943030139
2018-06-11 16:21:00,999 , 13.789772943030139
2018-06-11 16:21:01,953 RF found but not transmitted
2018-06-11 16:21:02,005 RCV reinforcement info
2018-06-11 16:21:02,071 RCV reinforcement info
2018-06-11 16:21:02,562 RCV reinforcement info
2018-06-11 16:21:02,600 RCV reinforcement info
2018-06-11 16:21:02,634 RCV reinforcement info
2018-06-11 16:21:02,709 RCV reinforcement info
2018-06-11 16:21:02,928 RCV reinforcement info
2018-06-11 16:21:04,486 RCV reinforcement info
2018-06-11 16:21:05,455 RCV reinforcement info
2018-06-11 16:21:06,882 RCV reinforcement info
2018-06-11 16:21:07,927 RCV reinforcement info
2018-06-11 16:21:09,974 RCV proposal
2018-06-11 16:21:09,977 appended honest propose 1d65de177c on top of 1af8ad4740
2018-06-11 16:21:10,145 RCV reinforcement
2018-06-11 16:21:10,188 RCV reinforcement
2018-06-11 16:21:10,202 RCV reinforcement
2018-06-11 16:21:10,206 RCV reinforcement
2018-06-11 16:21:10,234 RCV reinforcement
2018-06-11 16:21:10,315 RCV reinforcement info
2018-06-11 16:21:10,384 RCV reinforcement
2018-06-11 16:21:10,445 RCV reinforcement info
2018-06-11 16:21:10,505 RCV reinforcement
2018-06-11 16:21:10,549 RCV reinforcement info
2018-06-11 16:21:10,612 RCV reinforcement
2018-06-11 16:21:11,506 RCV commit
2018-06-11 16:21:11,579 appended honest commit 6e71542c6f on top of 1d65de177c
2018-06-11 16:21:11,650 Weight: 17.39088182832648 #RFs 14
2018-06-11 16:21:11,650 weight: 17.39088182832648
2018-06-11 16:21:11,651 , 17.39088182832648
2018-06-11 16:21:12,867 RCV reinforcement info
2018-06-11 16:21:13,082 RCV reinforcement info
2018-06-11 16:21:13,474 RCV reinforcement info
2018-06-11 16:21:13,566 RCV reinforcement info
2018-06-11 16:21:13,583 RCV proposal
2018-06-11 16:21:13,586 appended honest propose 2b4d5fa8bb on top of 6e71542c6f
2018-06-11 16:21:13,674 RCV reinforcement info
2018-06-11 16:21:13,698 RCV reinforcement
2018-06-11 16:21:13,706 RCV reinforcement info
2018-06-11 16:21:13,727 RCV reinforcement
2018-06-11 16:21:13,788 RCV reinforcement
2018-06-11 16:21:13,809 RCV reinforcement
2018-06-11 16:21:14,008 RCV reinforcement info
2018-06-11 16:21:14,079 RCV reinforcement
2018-06-11 16:21:14,763 RCV reinforcement info
2018-06-11 16:21:14,837 RCV reinforcement
2018-06-11 16:21:15,091 RCV reinforcement info
2018-06-11 16:21:15,140 RCV commit
2018-06-11 16:21:15,198 appended honest commit c651a332f6 on top of 2b4d5fa8bb
2018-06-11 16:21:15,214 Weight: 21.10860770821536 #RFs 8
2018-06-11 16:21:15,214 weight: 21.10860770821536
2018-06-11 16:21:15,215 , 21.10860770821536
2018-06-11 16:21:15,242 RCV reinforcement
2018-06-11 16:21:15,773 RCV reinforcement info
2018-06-11 16:21:16,012 RCV reinforcement info
2018-06-11 16:21:16,673 RCV reinforcement info
2018-06-11 16:21:17,052 RCV reinforcement info
2018-06-11 16:21:17,211 RF found but not transmitted
2018-06-11 16:21:17,324 RCV reinforcement info
2018-06-11 16:21:18,323 RCV reinforcement info
2018-06-11 16:21:18,367 RCV reinforcement info
2018-06-11 16:21:19,532 RCV reinforcement info
2018-06-11 16:21:20,466 RCV reinforcement info
2018-06-11 16:21:21,395 RF found but not transmitted
2018-06-11 16:21:21,588 RCV reinforcement info
2018-06-11 16:21:21,974 RCV reinforcement info
2018-06-11 16:21:23,167 RCV proposal
2018-06-11 16:21:23,170 appended honest propose 1b37507aff on top of c651a332f6
2018-06-11 16:21:23,265 RCV reinforcement
2018-06-11 16:21:23,281 RCV reinforcement
2018-06-11 16:21:23,295 RCV reinforcement
2018-06-11 16:21:23,302 RCV reinforcement
2018-06-11 16:21:23,919 RCV reinforcement info
2018-06-11 16:21:23,997 RCV reinforcement
2018-06-11 16:21:24,014 RCV reinforcement info
2018-06-11 16:21:24,075 RCV reinforcement
2018-06-11 16:21:24,412 RCV reinforcement info
2018-06-11 16:21:24,468 RCV reinforcement
2018-06-11 16:21:24,720 RCV commit
2018-06-11 16:21:24,797 appended honest commit 3c323cbd23 on top of 1b37507aff
2018-06-11 16:21:24,864 Weight: 24.397931911603386 #RFs 12
2018-06-11 16:21:24,864 weight: 24.397931911603386
2018-06-11 16:21:24,864 , 24.397931911603386
2018-06-11 16:21:25,009 RCV reinforcement info
2018-06-11 16:21:26,537 RCV reinforcement info
2018-06-11 16:21:27,078 RCV reinforcement info
2018-06-11 16:21:27,264 RCV reinforcement info
2018-06-11 16:21:27,585 RCV reinforcement info
2018-06-11 16:21:27,701 RCV reinforcement info
2018-06-11 16:21:27,833 RF found but not transmitted
2018-06-11 16:21:28,423 RCV reinforcement info
2018-06-11 16:21:28,825 RCV reinforcement info
2018-06-11 16:21:29,920 RCV reinforcement info
2018-06-11 16:21:30,480 RCV reinforcement info
2018-06-11 16:21:31,167 RCV reinforcement info
2018-06-11 16:21:31,603 RCV reinforcement info
2018-06-11 16:21:32,228 RCV reinforcement info
2018-06-11 16:21:32,455 RCV reinforcement info
2018-06-11 16:21:32,694 RCV reinforcement info
2018-06-11 16:21:33,664 RCV reinforcement info
2018-06-11 16:21:34,020 RCV reinforcement info
2018-06-11 16:21:35,392 RCV reinforcement info
2018-06-11 16:21:35,841 RCV reinforcement info
2018-06-11 16:21:36,020 RCV reinforcement info
2018-06-11 16:21:36,429 RCV reinforcement info
2018-06-11 16:21:37,256 RF found but not transmitted
2018-06-11 16:21:37,752 RCV reinforcement info
2018-06-11 16:21:39,156 RCV reinforcement info
2018-06-11 16:21:39,183 RF found but not transmitted
2018-06-11 16:21:39,367 RF found but not transmitted
2018-06-11 16:21:41,288 RCV reinforcement info
2018-06-11 16:21:41,349 RCV reinforcement info
2018-06-11 16:21:41,799 RCV reinforcement info
2018-06-11 16:21:42,175 RCV reinforcement info
2018-06-11 16:21:43,914 RCV reinforcement info
2018-06-11 16:21:43,961 RCV reinforcement info
2018-06-11 16:21:44,422 RCV proposal
2018-06-11 16:21:44,425 appended honest propose b9afa58200 on top of 3c323cbd23
2018-06-11 16:21:44,548 RCV reinforcement
2018-06-11 16:21:44,556 RCV reinforcement
2018-06-11 16:21:44,562 RCV reinforcement
2018-06-11 16:21:44,581 RCV reinforcement
2018-06-11 16:21:44,604 RCV reinforcement
2018-06-11 16:21:44,623 RCV reinforcement
2018-06-11 16:21:46,030 RCV commit
2018-06-11 16:21:46,207 appended honest commit 8b06b014a1 on top of b9afa58200
2018-06-11 16:21:46,358 Weight: 30.042874185783546 #RFs 29
2018-06-11 16:21:46,358 weight: 30.042874185783546
2018-06-11 16:21:46,358 , 30.042874185783546
2018-06-11 16:21:46,669 RF found but not transmitted
2018-06-11 16:21:46,887 RCV reinforcement info
2018-06-11 16:21:48,031 RCV reinforcement info
2018-06-11 16:21:48,381 RCV reinforcement info
2018-06-11 16:21:49,394 RCV reinforcement info
2018-06-11 16:21:50,245 RCV reinforcement info
2018-06-11 16:21:50,911 RCV reinforcement info
2018-06-11 16:21:51,500 RCV reinforcement info
2018-06-11 16:21:51,741 RCV reinforcement info
2018-06-11 16:21:52,161 RCV reinforcement info
2018-06-11 16:21:52,335 RCV reinforcement info
2018-06-11 16:21:53,745 RCV reinforcement info
2018-06-11 16:21:53,994 RCV proposal
2018-06-11 16:21:53,997 appended honest propose 1a0a1e989a on top of 8b06b014a1
2018-06-11 16:21:54,066 RCV reinforcement
2018-06-11 16:21:54,083 RCV reinforcement
2018-06-11 16:21:54,089 RF found but not transmitted
2018-06-11 16:21:54,099 RCV reinforcement
2018-06-11 16:21:55,218 RCV reinforcement info
2018-06-11 16:21:55,278 RCV reinforcement
2018-06-11 16:21:55,523 RCV commit
2018-06-11 16:21:55,598 appended honest commit d4d4f5fdb1 on top of 1a0a1e989a
2018-06-11 16:21:55,658 Weight: 33.091278246428004 #RFs 12
2018-06-11 16:21:55,658 weight: 33.091278246428004
2018-06-11 16:21:55,658 , 33.091278246428004
2018-06-11 16:21:57,537 RCV proposal
2018-06-11 16:21:57,540 appended honest propose 7eb01d21d6 on top of d4d4f5fdb1
2018-06-11 16:21:57,607 RCV reinforcement info
2018-06-11 16:21:57,662 RCV reinforcement
2018-06-11 16:21:57,837 RCV reinforcement info
2018-06-11 16:21:57,902 RCV reinforcement
2018-06-11 16:21:58,013 RCV reinforcement info
2018-06-11 16:21:58,073 RCV reinforcement
2018-06-11 16:21:58,186 RCV reinforcement info
2018-06-11 16:21:58,256 RCV reinforcement
2018-06-11 16:21:58,852 RCV reinforcement info
2018-06-11 16:21:58,914 RCV reinforcement
2018-06-11 16:21:59,062 RCV commit
2018-06-11 16:21:59,074 appended honest commit 17cf0e3acb on top of 7eb01d21d6
2018-06-11 16:21:59,091 Weight: 34.591089455702786 #RFs 5
2018-06-11 16:21:59,092 weight: 34.591089455702786
2018-06-11 16:21:59,092 , 34.591089455702786
2018-06-11 16:21:59,652 RCV reinforcement info
2018-06-11 16:21:59,706 RCV reinforcement info
2018-06-11 16:22:00,679 RCV reinforcement info
2018-06-11 16:22:01,153 RCV reinforcement info
2018-06-11 16:22:03,133 RCV reinforcement info
2018-06-11 16:22:05,166 RCV reinforcement info
2018-06-11 16:22:06,071 RCV reinforcement info
2018-06-11 16:22:06,086 RCV reinforcement info
2018-06-11 16:22:06,407 RF found but not transmitted
2018-06-11 16:22:06,836 RCV reinforcement info
2018-06-11 16:22:07,272 RF found but not transmitted
2018-06-11 16:22:07,800 RCV reinforcement info
2018-06-11 16:22:09,534 RCV reinforcement info
2018-06-11 16:22:10,265 RCV reinforcement info
2018-06-11 16:22:11,000 RCV reinforcement info
2018-06-11 16:22:11,019 RCV reinforcement info
2018-06-11 16:22:11,277 RF found but not transmitted
2018-06-11 16:22:11,362 RCV reinforcement info
2018-06-11 16:22:12,106 RCV reinforcement info
2018-06-11 16:22:12,467 RCV reinforcement info
2018-06-11 16:22:12,631 RCV reinforcement info
2018-06-11 16:22:13,089 RCV reinforcement info
2018-06-11 16:22:13,296 RCV reinforcement info
2018-06-11 16:22:14,441 RCV reinforcement info
2018-06-11 16:22:14,940 RCV reinforcement info
2018-06-11 16:22:15,258 RCV reinforcement info
2018-06-11 16:22:15,941 RCV reinforcement info
2018-06-11 16:22:15,965 RCV reinforcement info
2018-06-11 16:22:16,493 RCV reinforcement info
2018-06-11 16:22:18,472 RCV reinforcement info
2018-06-11 16:22:19,036 RCV reinforcement info
2018-06-11 16:22:19,280 RCV reinforcement info
2018-06-11 16:22:19,994 RCV reinforcement info
2018-06-11 16:22:20,843 RF found but not transmitted
2018-06-11 16:22:21,201 RCV reinforcement info
2018-06-11 16:22:22,371 RCV reinforcement info
2018-06-11 16:22:22,639 RCV reinforcement info
2018-06-11 16:22:22,777 RCV reinforcement info
2018-06-11 16:22:22,992 RF found but not transmitted
2018-06-11 16:22:24,220 RCV reinforcement info
2018-06-11 16:22:24,320 RCV reinforcement info
2018-06-11 16:22:25,030 RCV reinforcement info
2018-06-11 16:22:25,799 RF found but not transmitted
2018-06-11 16:22:25,976 RCV proposal
2018-06-11 16:22:25,979 appended honest propose da84d11e53 on top of 17cf0e3acb
2018-06-11 16:22:26,113 RCV reinforcement
2018-06-11 16:22:26,116 RCV reinforcement
2018-06-11 16:22:26,133 RCV reinforcement
2018-06-11 16:22:26,154 RCV reinforcement
2018-06-11 16:22:26,173 RCV reinforcement
2018-06-11 16:22:26,199 RCV reinforcement
2018-06-11 16:22:26,253 RCV reinforcement info
2018-06-11 16:22:26,316 RCV reinforcement
2018-06-11 16:22:26,881 RCV reinforcement info
2018-06-11 16:22:26,942 RCV reinforcement
2018-06-11 16:22:27,469 RCV reinforcement info
2018-06-11 16:22:27,535 RCV reinforcement
2018-06-11 16:22:27,606 RCV reinforcement info
2018-06-11 16:22:27,632 RCV commit
2018-06-11 16:22:27,797 appended honest commit 77dd0c74a0 on top of da84d11e53
2018-06-11 16:22:28,004 Weight: 44.528393346107734 #RFs 39
2018-06-11 16:22:28,004 weight: 44.528393346107734
2018-06-11 16:22:28,004 , 44.528393346107734
2018-06-11 16:22:28,008 RCV reinforcement
2018-06-11 16:22:28,213 RCV reinforcement info
2018-06-11 16:22:28,782 RCV reinforcement info
2018-06-11 16:22:28,936 RCV reinforcement info
2018-06-11 16:22:30,236 RCV reinforcement info
2018-06-11 16:22:30,972 RCV reinforcement info
2018-06-11 16:22:31,437 RCV reinforcement info
2018-06-11 16:22:32,677 RCV reinforcement info
2018-06-11 16:22:33,322 RCV reinforcement info
2018-06-11 16:22:34,432 RCV reinforcement info
2018-06-11 16:22:35,470 RCV reinforcement info
2018-06-11 16:22:36,744 RCV reinforcement info
2018-06-11 16:22:37,853 RCV reinforcement info
2018-06-11 16:22:38,371 RF found but not transmitted
2018-06-11 16:22:38,405 RCV reinforcement info
2018-06-11 16:22:38,784 RCV reinforcement info
2018-06-11 16:22:39,475 RCV reinforcement info
2018-06-11 16:22:39,589 RCV reinforcement info
2018-06-11 16:22:40,090 RCV reinforcement info
2018-06-11 16:22:41,305 RCV reinforcement info
2018-06-11 16:22:41,902 RCV reinforcement info
2018-06-11 16:22:42,289 RCV reinforcement info
2018-06-11 16:22:43,399 RCV reinforcement info
2018-06-11 16:22:44,884 RCV reinforcement info
2018-06-11 16:22:44,888 RCV reinforcement info
2018-06-11 16:22:45,594 RCV reinforcement info
2018-06-11 16:22:45,837 RCV reinforcement info
2018-06-11 16:22:46,572 RCV reinforcement info
2018-06-11 16:22:47,031 RCV proposal
2018-06-11 16:22:47,035 appended honest propose 41519c20f2 on top of 77dd0c74a0
2018-06-11 16:22:47,149 RCV reinforcement
2018-06-11 16:22:47,205 RCV reinforcement
2018-06-11 16:22:47,223 RCV reinforcement
2018-06-11 16:22:47,227 RCV reinforcement
2018-06-11 16:22:47,256 RCV reinforcement
2018-06-11 16:22:47,264 RCV reinforcement
2018-06-11 16:22:47,555 RCV reinforcement info
2018-06-11 16:22:47,649 RCV reinforcement
2018-06-11 16:22:47,755 RCV reinforcement info
2018-06-11 16:22:47,836 RCV reinforcement
2018-06-11 16:22:47,860 RCV reinforcement info
2018-06-11 16:22:47,941 RCV reinforcement
2018-06-11 16:22:48,656 RCV commit
2018-06-11 16:22:48,818 appended honest commit 9fb1621e76 on top of 41519c20f2
2018-06-11 16:22:49,033 Weight: 51.45031787592893 #RFs 29
2018-06-11 16:22:49,033 weight: 51.45031787592893
2018-06-11 16:22:49,034 , 51.45031787592893
2018-06-11 16:22:49,276 RCV reinforcement info
2018-06-11 16:22:49,500 RCV reinforcement info
2018-06-11 16:22:49,835 RCV reinforcement info
2018-06-11 16:22:50,583 RF found but not transmitted
2018-06-11 16:22:52,286 RCV reinforcement info
2018-06-11 16:22:53,422 RCV reinforcement info
2018-06-11 16:22:53,803 RCV reinforcement info
2018-06-11 16:22:53,851 RCV reinforcement info
2018-06-11 16:22:54,590 RCV proposal
2018-06-11 16:22:54,593 appended honest propose d5de3c6792 on top of 9fb1621e76
2018-06-11 16:22:54,717 RCV reinforcement
2018-06-11 16:22:54,733 RCV reinforcement
2018-06-11 16:22:54,752 RCV reinforcement
2018-06-11 16:22:56,135 RCV commit
2018-06-11 16:22:56,212 appended honest commit 33ae93982f on top of d5de3c6792
2018-06-11 16:22:56,243 Weight: 53.58938016231564 #RFs 7
2018-06-11 16:22:56,243 weight: 53.58938016231564
2018-06-11 16:22:56,243 , 53.58938016231564
2018-06-11 16:22:56,589 RF found but not transmitted
2018-06-11 16:22:56,950 RCV reinforcement info
2018-06-11 16:22:56,979 RCV reinforcement info
2018-06-11 16:22:57,126 RCV reinforcement info
2018-06-11 16:22:57,239 RCV reinforcement info
2018-06-11 16:22:57,430 RCV reinforcement info
2018-06-11 16:22:58,065 RCV reinforcement info
2018-06-11 16:22:58,101 RF found but not transmitted
2018-06-11 16:22:58,184 RCV reinforcement info
2018-06-11 16:22:58,937 RCV proposal
2018-06-11 16:22:58,940 appended honest propose 6eb9b13e17 on top of 33ae93982f
2018-06-11 16:22:59,060 RCV reinforcement
2018-06-11 16:22:59,084 RCV reinforcement
2018-06-11 16:22:59,110 RCV reinforcement
2018-06-11 16:22:59,131 RCV reinforcement
2018-06-11 16:22:59,221 RCV reinforcement info
2018-06-11 16:22:59,371 RCV reinforcement info
2018-06-11 16:22:59,409 RCV reinforcement
2018-06-11 16:22:59,497 RCV reinforcement
2018-06-11 16:23:00,037 RCV reinforcement info
2018-06-11 16:23:00,106 RCV reinforcement
2018-06-11 16:23:00,513 RCV commit
2018-06-11 16:23:00,575 appended honest commit 3158fee8b1 on top of 6eb9b13e17
2018-06-11 16:23:00,612 Weight: 56.55666444459248 #RFs 10
2018-06-11 16:23:00,612 weight: 56.55666444459248
2018-06-11 16:23:00,613 , 56.55666444459248
2018-06-11 16:23:00,951 RCV reinforcement info
2018-06-11 16:23:02,465 RCV reinforcement info
2018-06-11 16:23:02,498 RCV reinforcement info
2018-06-11 16:23:02,858 RF found but not transmitted
2018-06-11 16:23:02,926 RCV reinforcement info
2018-06-11 16:23:03,017 RCV reinforcement info
2018-06-11 16:23:03,223 RCV reinforcement info
2018-06-11 16:23:03,391 RCV proposal
2018-06-11 16:23:03,395 appended malicious propose a135ef2cf7 on top of 0bc261a19e
2018-06-11 16:23:03,398 REINFORCEMENT SENT state
2018-06-11 16:23:03,400 SNT reinforcement
2018-06-11 16:23:03,488 RCV reinforcement
2018-06-11 16:23:04,707 RF found but not transmitted
2018-06-11 16:23:04,712 SNT reinforcement
2018-06-11 16:23:05,106 RCV commit
2018-06-11 16:23:05,578 appended malicious commit c5828faae0 on top of a135ef2cf7
2018-06-11 16:23:06,065 Weight: 27.975285142959017 #RFs 84
2018-06-11 16:23:06,066 weight: 27.975285142959017
2018-06-11 16:23:06,066 , 27.975285142959017
2018-06-11 16:23:06,069 MALICIOUS MINING state
2018-06-11 16:23:06,069 start mining - depth 4
2018-06-11 16:23:06,070 start mining - hash c5828faae0b4c235ee59beb1bc4e9a71cd38e47e6f271e5352bcaa235e78d88e
2018-06-11 16:23:06,070 Hashing frequency: 9351
2018-06-11 16:23:07,430 RF found but not transmitted
2018-06-11 16:23:07,634 RCV reinforcement info
2018-06-11 16:23:08,334 RCV reinforcement info
2018-06-11 16:23:09,864 RCV reinforcement info
2018-06-11 16:23:10,236 RCV reinforcement info
2018-06-11 16:23:10,932 RCV reinforcement info
2018-06-11 16:23:11,143 RCV reinforcement info
2018-06-11 16:23:12,196 RCV reinforcement info
2018-06-11 16:23:12,816 RCV reinforcement info
2018-06-11 16:23:13,083 RCV reinforcement info
2018-06-11 16:23:14,501 RCV reinforcement info
2018-06-11 16:23:14,611 RCV reinforcement info
2018-06-11 16:23:16,016 RCV reinforcement info
2018-06-11 16:23:17,761 RCV reinforcement info
2018-06-11 16:23:18,984 RCV proposal
2018-06-11 16:23:18,988 appended honest propose 4955380b7a on top of 3158fee8b1
2018-06-11 16:23:19,127 RCV reinforcement
2018-06-11 16:23:19,132 RCV reinforcement
2018-06-11 16:23:19,165 RCV reinforcement
2018-06-11 16:23:19,170 RCV reinforcement
2018-06-11 16:23:19,185 RCV reinforcement
2018-06-11 16:23:19,207 RCV reinforcement
2018-06-11 16:23:19,275 RCV reinforcement info
2018-06-11 16:23:19,314 RCV reinforcement info
2018-06-11 16:23:19,372 RCV reinforcement
2018-06-11 16:23:19,402 RCV reinforcement
2018-06-11 16:23:19,893 RCV reinforcement info
2018-06-11 16:23:19,957 RCV reinforcement
2018-06-11 16:23:20,066 RCV reinforcement info
2018-06-11 16:23:20,135 RCV reinforcement
2018-06-11 16:23:20,181 RCV reinforcement info
2018-06-11 16:23:20,263 RCV reinforcement
2018-06-11 16:23:20,558 RCV commit
2018-06-11 16:23:20,660 appended honest commit c322f577cb on top of 4955380b7a
2018-06-11 16:23:20,790 Weight: 62.21914084893712 #RFs 24
2018-06-11 16:23:20,791 weight: 62.21914084893712
2018-06-11 16:23:20,791 , 62.21914084893712
2018-06-11 16:23:23,240 RCV reinforcement info
2018-06-11 16:23:24,078 RCV reinforcement info
2018-06-11 16:23:24,151 RCV reinforcement info
2018-06-11 16:23:24,336 RCV reinforcement info
2018-06-11 16:23:24,362 RCV reinforcement info
2018-06-11 16:23:24,665 RCV reinforcement info
2018-06-11 16:23:25,310 RCV reinforcement info
2018-06-11 16:23:26,400 RF found but not transmitted
2018-06-11 16:23:27,414 RCV reinforcement info
2018-06-11 16:23:28,355 RCV reinforcement info
2018-06-11 16:23:30,449 RCV reinforcement info
2018-06-11 16:23:30,591 RF found but not transmitted
2018-06-11 16:23:32,363 RCV reinforcement info
2018-06-11 16:23:32,441 RCV reinforcement info
2018-06-11 16:23:32,611 RF found but not transmitted
2018-06-11 16:23:32,630 RCV reinforcement info
2018-06-11 16:23:32,767 RCV reinforcement info
2018-06-11 16:23:32,852 RCV reinforcement info
2018-06-11 16:23:32,870 RCV reinforcement info
2018-06-11 16:23:33,185 RCV reinforcement info
2018-06-11 16:23:33,249 RCV reinforcement info
2018-06-11 16:23:33,501 RCV reinforcement info
2018-06-11 16:23:35,852 RCV reinforcement info
2018-06-11 16:23:36,250 RF found but not transmitted
2018-06-11 16:23:36,334 RCV reinforcement info
2018-06-11 16:23:36,521 RCV reinforcement info
2018-06-11 16:23:37,137 RCV reinforcement info
2018-06-11 16:23:37,668 RF found but not transmitted
2018-06-11 16:23:37,786 RCV reinforcement info
2018-06-11 16:23:38,423 RCV reinforcement info
2018-06-11 16:23:38,688 RCV reinforcement info
2018-06-11 16:23:38,863 RCV proposal
2018-06-11 16:23:38,867 appended malicious propose 17f60892f3 on top of c5828faae0
2018-06-11 16:23:38,868 REINFORCEMENT SENT state
2018-06-11 16:23:38,869 SNT reinforcement
2018-06-11 16:23:38,968 RCV reinforcement
2018-06-11 16:23:39,450 RCV reinforcement info
2018-06-11 16:23:40,464 RF found but not transmitted
2018-06-11 16:23:40,467 RCV commit
2018-06-11 16:23:40,606 appended malicious commit 56860abb61 on top of 17f60892f3
2018-06-11 16:23:40,673 Weight: 31.94508146252096 #RFs 22
2018-06-11 16:23:40,673 weight: 31.94508146252096
2018-06-11 16:23:40,673 , 31.94508146252096
2018-06-11 16:23:40,677 MALICIOUS MINING state
2018-06-11 16:23:40,679 start mining - depth 5
2018-06-11 16:23:40,679 start mining - hash 56860abb616f9e14342ab35aa504734b232db4058321326850fd8a45d9d97fb1
2018-06-11 16:23:41,687 RCV reinforcement info
2018-06-11 16:23:41,832 RCV proposal
2018-06-11 16:23:41,836 appended honest propose 8bec5794d9 on top of c322f577cb
2018-06-11 16:23:41,979 RCV reinforcement
2018-06-11 16:23:42,000 RCV reinforcement
2018-06-11 16:23:42,009 RCV reinforcement
2018-06-11 16:23:42,018 RCV reinforcement
2018-06-11 16:23:42,022 RCV reinforcement
2018-06-11 16:23:42,034 RCV reinforcement
2018-06-11 16:23:42,118 RCV reinforcement info
2018-06-11 16:23:42,192 RCV reinforcement
2018-06-11 16:23:43,100 RCV reinforcement info
2018-06-11 16:23:43,163 RCV reinforcement
2018-06-11 16:23:43,487 RCV commit
2018-06-11 16:23:43,666 appended honest commit 3b7e4495d1 on top of 8bec5794d9
2018-06-11 16:23:43,841 Weight: 68.16154392197076 #RFs 30
2018-06-11 16:23:43,842 weight: 68.16154392197076
2018-06-11 16:23:43,842 , 68.16154392197076
2018-06-11 16:23:44,073 RCV reinforcement info
2018-06-11 16:23:47,258 RCV reinforcement info
2018-06-11 16:23:47,260 RCV reinforcement info
2018-06-11 16:23:47,589 RCV reinforcement info
2018-06-11 16:23:48,038 RCV reinforcement info
2018-06-11 16:23:48,220 RCV reinforcement info
2018-06-11 16:23:49,343 RF found but not transmitted
2018-06-11 16:23:49,627 RCV reinforcement info
2018-06-11 16:23:50,069 RCV reinforcement info
2018-06-11 16:23:50,741 RCV reinforcement info
2018-06-11 16:23:52,276 RCV reinforcement info
2018-06-11 16:23:52,752 RCV reinforcement info
2018-06-11 16:23:53,064 RF found but not transmitted
2018-06-11 16:23:53,159 RCV reinforcement info
2018-06-11 16:23:53,637 RCV reinforcement info
2018-06-11 16:23:53,760 RCV reinforcement info
2018-06-11 16:23:54,303 RF found but not transmitted
2018-06-11 16:23:54,495 RCV reinforcement info
2018-06-11 16:23:55,762 RCV reinforcement info
2018-06-11 16:23:57,149 RCV reinforcement info
2018-06-11 16:23:57,569 RCV reinforcement info
2018-06-11 16:23:57,765 RCV reinforcement info
2018-06-11 16:23:57,866 RCV reinforcement info
2018-06-11 16:23:58,903 RCV reinforcement info
2018-06-11 16:23:59,349 RCV proposal
2018-06-11 16:23:59,353 appended honest propose 1f257ec1d6 on top of 3b7e4495d1
2018-06-11 16:23:59,490 RCV reinforcement
2018-06-11 16:23:59,508 RCV reinforcement
2018-06-11 16:23:59,518 RCV reinforcement
2018-06-11 16:23:59,531 RCV reinforcement
2018-06-11 16:23:59,534 RCV reinforcement
2018-06-11 16:23:59,551 RCV reinforcement
2018-06-11 16:23:59,671 RCV reinforcement info
2018-06-11 16:23:59,755 RCV reinforcement
2018-06-11 16:24:00,421 RF found but not transmitted
2018-06-11 16:24:00,598 RF found but not transmitted
2018-06-11 16:24:00,778 RCV reinforcement info
2018-06-11 16:24:00,845 RCV reinforcement
2018-06-11 16:24:00,950 RCV commit
2018-06-11 16:24:01,093 appended honest commit 1d9e53305f on top of 1f257ec1d6
2018-06-11 16:24:01,237 Weight: 73.20770439095814 #RFs 21
2018-06-11 16:24:01,237 weight: 73.20770439095814
2018-06-11 16:24:01,238 , 73.20770439095814
2018-06-11 16:24:02,939 RF found but not transmitted
2018-06-11 16:24:03,346 RCV reinforcement info
2018-06-11 16:24:05,269 RCV reinforcement info
2018-06-11 16:24:05,348 RCV reinforcement info
2018-06-11 16:24:06,185 RCV reinforcement info
2018-06-11 16:24:07,836 RCV reinforcement info
2018-06-11 16:24:08,026 RCV reinforcement info
2018-06-11 16:24:08,233 RCV reinforcement info
2018-06-11 16:24:08,541 RCV reinforcement info
2018-06-11 16:24:08,620 RCV proposal
2018-06-11 16:24:08,623 appended honest propose 2fab837d04 on top of 1d9e53305f
2018-06-11 16:24:08,729 RCV reinforcement info
2018-06-11 16:24:08,742 RCV reinforcement
2018-06-11 16:24:08,768 RCV reinforcement
2018-06-11 16:24:08,781 RCV reinforcement
2018-06-11 16:24:08,861 RCV reinforcement
2018-06-11 16:24:09,121 RCV reinforcement info
2018-06-11 16:24:09,200 RCV reinforcement
2018-06-11 16:24:09,399 RF found but not transmitted
2018-06-11 16:24:09,914 RF found but not transmitted
2018-06-11 16:24:09,915 hash found
2018-06-11 16:24:09,918 appended malicious propose da258a8805 on top of 56860abb61
2018-06-11 16:24:09,919 REINFORCEMENT COLLECTING state
2018-06-11 16:24:09,974 SNT proposal
2018-06-11 16:24:10,183 RCV reinforcement info
2018-06-11 16:24:10,188 RCV reinforcement info
2018-06-11 16:24:10,192 RCV reinforcement
2018-06-11 16:24:10,198 W: received reinforcement for 2fab837d04 instead of da258a8805
2018-06-11 16:24:10,283 RCV reinforcement
2018-06-11 16:24:10,285 W: received reinforcement for 2fab837d04 instead of da258a8805
2018-06-11 16:24:10,322 RCV reinforcement
2018-06-11 16:24:10,360 RCV commit
2018-06-11 16:24:10,476 appended honest commit a46f29b4c7 on top of 2fab837d04
2018-06-11 16:24:10,505 Weight: 76.9574864204881 #RFs 10
2018-06-11 16:24:10,505 weight: 76.9574864204881
2018-06-11 16:24:10,558 , 76.9574864204881
2018-06-11 16:24:10,562 RCV reinforcement
2018-06-11 16:24:10,598 RCV reinforcement info
2018-06-11 16:24:10,651 RCV reinforcement
2018-06-11 16:24:10,943 RCV reinforcement info
2018-06-11 16:24:11,097 RCV reinforcement info
2018-06-11 16:24:11,349 RCV reinforcement info
2018-06-11 16:24:11,482 commit with 3 reinforcements
2018-06-11 16:24:11,509 appended malicious commit 6dfd8d1875 on top of da258a8805
2018-06-11 16:24:11,539 Weight: 36.28980969871369 #RFs 17
2018-06-11 16:24:11,539 weight: 36.28980969871369
2018-06-11 16:24:11,539 , 36.28980969871369
2018-06-11 16:24:11,539 MALICIOUS MINING state
2018-06-11 16:24:11,540 END: HONEST WIN. 76.9574864204881 against 76.2898096987137
2018-06-11 16:24:11,540 start mining - depth 6
2018-06-11 16:24:11,540 start mining - hash 6dfd8d1875b164ec403072f2562c3d453b739673956c6521ce073528ab51ba09
2018-06-11 16:24:11,541 Hashing frequency: 3409
2018-06-11 16:24:11,541 SNT commit
2018-06-11 16:24:11,720 RCV reinforcement info
2018-06-11 16:24:11,723 RCV reinforcement info
2018-06-11 16:24:13,644 RCV reinforcement info
2018-06-11 16:24:14,426 RCV reinforcement info
2018-06-11 16:24:14,463 RCV proposal
2018-06-11 16:24:14,465 appended honest propose 103d703b82 on top of a46f29b4c7
2018-06-11 16:24:14,655 RCV reinforcement info
2018-06-11 16:24:14,792 RCV reinforcement
2018-06-11 16:24:14,813 RCV reinforcement
2018-06-11 16:24:14,863 RCV reinforcement
2018-06-11 16:24:14,908 RCV reinforcement
2018-06-11 16:24:15,002 RCV reinforcement
2018-06-11 16:24:15,123 RCV reinforcement info
2018-06-11 16:24:15,247 RCV reinforcement
2018-06-11 16:24:15,357 RF found but not transmitted
2018-06-11 16:24:15,628 RCV reinforcement info
2018-06-11 16:24:15,722 RCV reinforcement
2018-06-11 16:24:15,915 RCV reinforcement info
