2018-06-11 16:20:08,824 ---------------------------------------------------------
2018-06-11 16:20:08,826 MINING state
2018-06-11 16:20:09,883 start mining - depth 0
2018-06-11 16:20:09,885 start mining - hash a3450a9baa268c9d083de6bbbb2793d0b62fd1a2fe6b02b80aa7e706cae084ee
2018-06-11 16:20:10,487 RCV reinforcement info
2018-06-11 16:20:10,491 , 0.12912197935880013
2018-06-11 16:20:11,684 RCV reinforcement info
2018-06-11 16:20:11,688 , 0.19303946918710752
2018-06-11 16:20:12,039 RCV reinforcement info
2018-06-11 16:20:12,042 , 0.615346869842077
2018-06-11 16:20:13,293 RCV reinforcement info
2018-06-11 16:20:13,296 , 0.6856289628444119
2018-06-11 16:20:16,376 RF found but not transmitted
2018-06-11 16:20:16,378 RF found
2018-06-11 16:20:16,379 SNT reinforcement_information
2018-06-11 16:20:16,689 RCV reinforcement info
2018-06-11 16:20:16,693 , 1.1224422876677937
2018-06-11 16:20:17,873 RCV reinforcement info
2018-06-11 16:20:17,877 , 1.2986944777540417
2018-06-11 16:20:18,089 RCV reinforcement info
2018-06-11 16:20:18,092 , 1.3727421631802763
2018-06-11 16:20:18,450 RCV reinforcement info
2018-06-11 16:20:18,454 , 1.6349827449308658
2018-06-11 16:20:19,601 RCV reinforcement info
2018-06-11 16:20:19,604 , 1.7038589028384277
2018-06-11 16:20:21,091 RCV reinforcement info
2018-06-11 16:20:21,095 , 1.7821472296216423
2018-06-11 16:20:21,113 RCV reinforcement info
2018-06-11 16:20:21,119 , 1.923399211776767
2018-06-11 16:20:21,592 RCV reinforcement info
2018-06-11 16:20:21,595 , 2.0660360292599798
2018-06-11 16:20:21,911 RCV reinforcement info
2018-06-11 16:20:21,917 , 2.171135084657114
2018-06-11 16:20:22,156 RF found but not transmitted
2018-06-11 16:20:22,159 RF found
2018-06-11 16:20:22,161 SNT reinforcement_information
2018-06-11 16:20:22,297 RCV reinforcement info
2018-06-11 16:20:22,302 , 2.365912079928256
2018-06-11 16:20:22,352 RCV reinforcement info
2018-06-11 16:20:22,356 , 2.449046775687808
2018-06-11 16:20:23,330 RCV reinforcement info
2018-06-11 16:20:23,335 , 2.9043934214949325
2018-06-11 16:20:23,585 RCV reinforcement info
2018-06-11 16:20:23,589 , 3.3081998407855058
2018-06-11 16:20:23,659 RCV reinforcement info
2018-06-11 16:20:23,664 , 3.378084349087111
2018-06-11 16:20:23,673 RCV reinforcement info
2018-06-11 16:20:23,679 , 3.4649752743100666
2018-06-11 16:20:25,092 RCV reinforcement info
2018-06-11 16:20:25,097 , 3.676503095803291
2018-06-11 16:20:25,377 RCV reinforcement info
2018-06-11 16:20:25,380 , 3.7491268821816432
2018-06-11 16:20:26,018 RCV proposal
2018-06-11 16:20:26,021 appended honest propose 0951d7c2b3 on top of a3450a9baa
2018-06-11 16:20:26,021 REINFORCEMENT SENT state
2018-06-11 16:20:26,021 RFs > 0 
2018-06-11 16:20:26,022 SNT reinforcement
2018-06-11 16:20:26,190 RCV reinforcement
2018-06-11 16:20:26,203 RCV reinforcement
2018-06-11 16:20:26,207 RCV reinforcement
2018-06-11 16:20:26,211 RCV reinforcement
2018-06-11 16:20:26,215 RCV reinforcement
2018-06-11 16:20:26,266 RCV reinforcement info
2018-06-11 16:20:26,270 , 3.8778160044793406
2018-06-11 16:20:26,271 RF found but not transmitted
2018-06-11 16:20:26,274 SNT reinforcement_information
2018-06-11 16:20:26,330 SNT reinforcement
2018-06-11 16:20:26,409 RCV reinforcement
2018-06-11 16:20:26,753 RF found but not transmitted
2018-06-11 16:20:26,757 SNT reinforcement_information
2018-06-11 16:20:26,831 SNT reinforcement
2018-06-11 16:20:26,911 RCV reinforcement info
2018-06-11 16:20:26,915 , 4.196750014174279
2018-06-11 16:20:26,917 RCV reinforcement
2018-06-11 16:20:27,590 RCV commit
2018-06-11 16:20:27,722 appended honest commit dc53021a90 on top of 0951d7c2b3
2018-06-11 16:20:27,835 Weight: 5.196750014174278 #RFs 27
2018-06-11 16:20:27,835 weight: 5.196750014174278
2018-06-11 16:20:27,835 , 5.196750014174278
2018-06-11 16:20:27,836 MINING state
2018-06-11 16:20:27,836 start mining - depth 1
2018-06-11 16:20:27,836 start mining - hash dc53021a90768e523c086a46c165444aebb0af34ac2ea7892f28bd17efbb3a32
2018-06-11 16:20:28,211 RCV reinforcement info
2018-06-11 16:20:28,216 , 5.271422427172062
2018-06-11 16:20:28,306 RCV reinforcement info
2018-06-11 16:20:28,319 , 5.339608916686548
2018-06-11 16:20:29,364 RCV reinforcement info
2018-06-11 16:20:29,369 , 5.626325402379035
2018-06-11 16:20:29,732 RCV reinforcement info
2018-06-11 16:20:29,737 , 5.749706171058772
2018-06-11 16:20:30,021 RCV reinforcement info
2018-06-11 16:20:30,026 , 5.914856259174186
2018-06-11 16:20:31,465 RCV reinforcement info
2018-06-11 16:20:31,470 , 6.086074910669292
2018-06-11 16:20:33,164 RCV reinforcement info
2018-06-11 16:20:33,168 , 6.230861921817738
2018-06-11 16:20:33,240 RF found but not transmitted
2018-06-11 16:20:33,243 RF found
2018-06-11 16:20:33,245 SNT reinforcement_information
2018-06-11 16:20:33,544 RCV reinforcement info
2018-06-11 16:20:33,548 , 6.536760736144437
2018-06-11 16:20:36,939 RCV reinforcement info
2018-06-11 16:20:36,944 , 6.644477830620446
2018-06-11 16:20:39,004 RCV reinforcement info
2018-06-11 16:20:39,009 , 6.728699990340851
2018-06-11 16:20:39,190 RCV reinforcement info
2018-06-11 16:20:39,195 , 6.822597768585624
2018-06-11 16:20:39,237 RCV reinforcement info
2018-06-11 16:20:39,241 , 6.925237550817987
2018-06-11 16:20:40,373 RCV reinforcement info
2018-06-11 16:20:40,378 , 7.13086712214014
2018-06-11 16:20:40,439 RCV reinforcement info
2018-06-11 16:20:40,444 , 7.352233775488626
2018-06-11 16:20:40,627 RCV reinforcement info
2018-06-11 16:20:40,632 , 7.418357021696578
2018-06-11 16:20:43,387 RCV reinforcement info
2018-06-11 16:20:43,392 , 7.635004531684189
2018-06-11 16:20:44,481 RCV reinforcement info
2018-06-11 16:20:44,484 , 7.700943171434732
2018-06-11 16:20:45,965 RCV reinforcement info
2018-06-11 16:20:45,969 , 7.794061040965087
2018-06-11 16:20:46,246 RCV reinforcement info
2018-06-11 16:20:46,251 , 8.673913209352207
2018-06-11 16:20:46,684 RCV reinforcement info
2018-06-11 16:20:46,687 , 8.808307497026819
2018-06-11 16:20:47,085 RCV reinforcement info
2018-06-11 16:20:47,088 , 8.940480803283801
2018-06-11 16:20:47,374 RCV reinforcement info
2018-06-11 16:20:47,379 , 9.065465917903854
2018-06-11 16:20:48,610 RCV reinforcement info
2018-06-11 16:20:48,614 , 9.233843987271417
2018-06-11 16:20:49,501 RCV reinforcement info
2018-06-11 16:20:49,506 , 9.342021333779318
2018-06-11 16:20:49,558 RCV reinforcement info
2018-06-11 16:20:49,562 , 9.454436432748594
2018-06-11 16:20:50,844 RF found but not transmitted
2018-06-11 16:20:50,846 RF found
2018-06-11 16:20:50,848 SNT reinforcement_information
2018-06-11 16:20:52,058 RCV reinforcement info
2018-06-11 16:20:52,063 , 9.644303594386384
2018-06-11 16:20:52,816 RCV reinforcement info
2018-06-11 16:20:52,821 , 9.738212823499156
2018-06-11 16:20:52,964 RCV reinforcement info
2018-06-11 16:20:52,969 , 9.80676733560728
2018-06-11 16:20:53,542 RCV proposal
2018-06-11 16:20:53,545 appended honest propose 44bb024aa9 on top of dc53021a90
2018-06-11 16:20:53,546 REINFORCEMENT SENT state
2018-06-11 16:20:53,546 RFs > 0 
2018-06-11 16:20:53,547 SNT reinforcement
2018-06-11 16:20:53,701 RCV reinforcement
2018-06-11 16:20:53,705 RCV reinforcement
2018-06-11 16:20:53,716 RCV reinforcement
2018-06-11 16:20:53,724 RCV reinforcement
2018-06-11 16:20:53,731 RCV reinforcement
2018-06-11 16:20:53,988 RCV reinforcement info
2018-06-11 16:20:53,994 , 10.001955047570075
2018-06-11 16:20:54,051 RCV reinforcement
2018-06-11 16:20:54,885 RCV reinforcement info
2018-06-11 16:20:54,890 , 10.064721550403794
2018-06-11 16:20:54,948 RCV reinforcement
2018-06-11 16:20:55,135 RCV commit
2018-06-11 16:20:55,307 appended honest commit 4e22fa4ef4 on top of 44bb024aa9
2018-06-11 16:20:55,492 Weight: 11.064721550403794 #RFs 32
2018-06-11 16:20:55,492 weight: 11.064721550403794
2018-06-11 16:20:55,492 , 11.064721550403794
2018-06-11 16:20:55,493 MINING state
2018-06-11 16:20:55,493 start mining - depth 2
2018-06-11 16:20:55,493 start mining - hash 4e22fa4ef4770542ce7490d58f234368d5ebb6b690151d1dd010f3643ed10a1d
2018-06-11 16:20:55,547 RCV proposal
2018-06-11 16:20:55,551 appended honest propose d9b9f03d6e on top of 4e22fa4ef4
2018-06-11 16:20:55,552 REINFORCEMENT SENT state
2018-06-11 16:20:56,942 RCV reinforcement info
2018-06-11 16:20:56,947 , 11.129690413663806
2018-06-11 16:20:57,004 RCV reinforcement
2018-06-11 16:20:57,052 RCV commit
2018-06-11 16:20:57,052 appended honest commit 1fa2fd3c8d on top of d9b9f03d6e
2018-06-11 16:20:57,052 Weight: 12.064721550403794 #RFs 0
2018-06-11 16:20:57,052 weight: 12.064721550403794
2018-06-11 16:20:57,052 , 12.064721550403794
2018-06-11 16:20:57,053 MINING state
2018-06-11 16:20:57,053 start mining - depth 3
2018-06-11 16:20:57,053 start mining - hash 1fa2fd3c8da65a6802372f485be0ffd237af8902dd2a22f9b7bc83e128230636
2018-06-11 16:20:57,111 RCV proposal
2018-06-11 16:20:57,114 appended malicious propose a8cf6b2f4d on top of 4e22fa4ef4
2018-06-11 16:20:57,304 RCV reinforcement info
2018-06-11 16:20:57,307 , 12.144197699417521
2018-06-11 16:20:58,008 RCV reinforcement info
2018-06-11 16:20:58,012 , 12.424836390241513
2018-06-11 16:20:58,019 RCV reinforcement info
2018-06-11 16:20:58,023 , 12.510350801644789
2018-06-11 16:20:58,634 RCV commit
2018-06-11 16:20:58,635 appended malicious commit 0bc261a19e on top of a8cf6b2f4d
2018-06-11 16:20:58,635 Weight: 12.064721550403794 #RFs 0
2018-06-11 16:20:58,635 weight: 12.064721550403794
2018-06-11 16:20:58,635 , 12.064721550403794
2018-06-11 16:20:59,400 RCV proposal
2018-06-11 16:20:59,402 appended honest propose 74a961df53 on top of 1fa2fd3c8d
2018-06-11 16:20:59,402 REINFORCEMENT SENT state
2018-06-11 16:20:59,459 RCV reinforcement
2018-06-11 16:20:59,473 RCV reinforcement
2018-06-11 16:21:00,149 RCV reinforcement info
2018-06-11 16:21:00,153 , 12.78977294303014
2018-06-11 16:21:00,209 RCV reinforcement
2018-06-11 16:21:00,948 RCV commit
2018-06-11 16:21:00,992 appended honest commit 1af8ad4740 on top of 74a961df53
2018-06-11 16:21:01,003 Weight: 13.78977294303014 #RFs 4
2018-06-11 16:21:01,003 weight: 13.78977294303014
2018-06-11 16:21:01,015 , 13.78977294303014
2018-06-11 16:21:01,018 MINING state
2018-06-11 16:21:01,018 start mining - depth 4
2018-06-11 16:21:01,018 start mining - hash 1af8ad474000d5f9d50fec840191586376f6627d8f5b2ddba0076f47887bad7c
2018-06-11 16:21:02,006 RCV reinforcement info
2018-06-11 16:21:02,010 , 13.930045472702862
2018-06-11 16:21:02,074 RCV reinforcement info
2018-06-11 16:21:02,079 , 13.996388036978967
2018-06-11 16:21:02,566 RCV reinforcement info
2018-06-11 16:21:02,571 , 14.28580236409211
2018-06-11 16:21:02,612 RCV reinforcement info
2018-06-11 16:21:02,614 , 14.439372792465383
2018-06-11 16:21:02,635 RCV reinforcement info
2018-06-11 16:21:02,638 , 14.546797980291748
2018-06-11 16:21:02,711 RCV reinforcement info
2018-06-11 16:21:02,714 , 14.705818629946473
2018-06-11 16:21:02,943 RCV reinforcement info
2018-06-11 16:21:02,947 , 14.78550833938369
2018-06-11 16:21:04,489 RCV reinforcement info
2018-06-11 16:21:04,491 , 15.25002592649548
2018-06-11 16:21:05,457 RCV reinforcement info
2018-06-11 16:21:05,459 , 15.329095023298063
2018-06-11 16:21:06,890 RCV reinforcement info
2018-06-11 16:21:06,894 , 15.449755755606951
2018-06-11 16:21:07,856 RF found but not transmitted
2018-06-11 16:21:07,858 RF found
2018-06-11 16:21:07,862 SNT reinforcement_information
2018-06-11 16:21:09,983 RCV proposal
2018-06-11 16:21:09,985 appended honest propose 1d65de177c on top of 1af8ad4740
2018-06-11 16:21:09,986 REINFORCEMENT SENT state
2018-06-11 16:21:09,987 RFs > 0 
2018-06-11 16:21:09,987 SNT reinforcement
2018-06-11 16:21:10,256 RCV reinforcement
2018-06-11 16:21:10,263 RCV reinforcement
2018-06-11 16:21:10,269 RCV reinforcement
2018-06-11 16:21:10,279 RCV reinforcement
2018-06-11 16:21:10,342 RCV reinforcement info
2018-06-11 16:21:10,348 , 15.946950952948178
2018-06-11 16:21:10,391 RCV reinforcement
2018-06-11 16:21:10,445 RCV reinforcement info
2018-06-11 16:21:10,458 , 16.012081114759667
2018-06-11 16:21:10,513 RCV reinforcement
2018-06-11 16:21:10,554 RCV reinforcement info
2018-06-11 16:21:10,558 , 16.390881828326485
2018-06-11 16:21:10,620 RCV reinforcement
2018-06-11 16:21:11,507 RCV commit
2018-06-11 16:21:11,563 appended honest commit 6e71542c6f on top of 1d65de177c
2018-06-11 16:21:11,622 Weight: 17.390881828326485 #RFs 14
2018-06-11 16:21:11,622 weight: 17.390881828326485
2018-06-11 16:21:11,629 , 17.390881828326485
2018-06-11 16:21:11,630 MINING state
2018-06-11 16:21:11,630 start mining - depth 5
2018-06-11 16:21:11,630 start mining - hash 6e71542c6f5206bedbb0973e3177a4511f313d9edb3ff53c15b74e1de9e25b7d
2018-06-11 16:21:11,631 Hashing frequency: 3310
2018-06-11 16:21:12,800 RF found but not transmitted
2018-06-11 16:21:12,801 RF found
2018-06-11 16:21:12,804 SNT reinforcement_information
2018-06-11 16:21:13,094 RCV reinforcement info
2018-06-11 16:21:13,098 , 18.484692209125562
2018-06-11 16:21:13,472 RCV reinforcement info
2018-06-11 16:21:13,477 , 18.762449378312912
2018-06-11 16:21:13,553 RCV reinforcement info
2018-06-11 16:21:13,558 , 18.849833589013578
2018-06-11 16:21:13,588 RCV proposal
2018-06-11 16:21:13,590 appended honest propose 2b4d5fa8bb on top of 6e71542c6f
2018-06-11 16:21:13,591 REINFORCEMENT SENT state
2018-06-11 16:21:13,591 RFs > 0 
2018-06-11 16:21:13,592 SNT reinforcement
2018-06-11 16:21:13,712 RCV reinforcement info
2018-06-11 16:21:13,739 , 18.956533369373066
2018-06-11 16:21:13,742 RCV reinforcement info
2018-06-11 16:21:13,747 , 19.035208244634784
2018-06-11 16:21:13,750 RCV reinforcement
2018-06-11 16:21:13,784 RCV reinforcement
2018-06-11 16:21:13,811 RCV reinforcement
2018-06-11 16:21:14,009 RCV reinforcement info
2018-06-11 16:21:14,017 , 20.035208244634784
2018-06-11 16:21:14,087 RCV reinforcement
2018-06-11 16:21:14,766 RCV reinforcement info
2018-06-11 16:21:14,771 , 20.108607708215366
2018-06-11 16:21:14,838 RCV reinforcement
2018-06-11 16:21:15,090 RCV reinforcement info
2018-06-11 16:21:15,094 , 21.108607708215366
2018-06-11 16:21:15,138 RCV commit
2018-06-11 16:21:15,179 appended honest commit c651a332f6 on top of 2b4d5fa8bb
2018-06-11 16:21:15,218 Weight: 21.108607708215363 #RFs 8
2018-06-11 16:21:15,218 weight: 21.108607708215363
2018-06-11 16:21:15,218 , 21.108607708215363
2018-06-11 16:21:15,219 MINING state
2018-06-11 16:21:15,219 start mining - depth 6
2018-06-11 16:21:15,219 start mining - hash c651a332f664c22285fffe8cdcbca930a77dedf382851b31cd1b586ad95769d4
2018-06-11 16:21:15,242 RCV reinforcement
2018-06-11 16:21:15,764 RCV reinforcement info
2018-06-11 16:21:15,769 , 21.180889182782323
2018-06-11 16:21:15,937 RF found but not transmitted
2018-06-11 16:21:15,939 RF found
2018-06-11 16:21:15,941 SNT reinforcement_information
2018-06-11 16:21:16,676 RCV reinforcement info
2018-06-11 16:21:16,680 , 21.54259552063928
2018-06-11 16:21:17,054 RCV reinforcement info
2018-06-11 16:21:17,058 , 21.606853134701392
2018-06-11 16:21:17,327 RCV reinforcement info
2018-06-11 16:21:17,332 , 21.71983502812422
2018-06-11 16:21:18,327 RCV reinforcement info
2018-06-11 16:21:18,334 , 21.81931550470639
2018-06-11 16:21:18,369 RCV reinforcement info
2018-06-11 16:21:18,374 , 21.976307494291635
2018-06-11 16:21:19,535 RCV reinforcement info
2018-06-11 16:21:19,540 , 22.312534572682612
2018-06-11 16:21:20,479 RCV reinforcement info
2018-06-11 16:21:20,483 , 22.407109441190336
2018-06-11 16:21:21,522 RF found but not transmitted
2018-06-11 16:21:21,524 RF found
2018-06-11 16:21:21,526 SNT reinforcement_information
2018-06-11 16:21:21,973 RCV reinforcement info
2018-06-11 16:21:21,976 , 23.20163234991572
2018-06-11 16:21:23,166 RCV proposal
2018-06-11 16:21:23,168 appended honest propose 1b37507aff on top of c651a332f6
2018-06-11 16:21:23,169 REINFORCEMENT SENT state
2018-06-11 16:21:23,169 RFs > 0 
2018-06-11 16:21:23,170 SNT reinforcement
2018-06-11 16:21:23,291 RCV reinforcement
2018-06-11 16:21:23,301 RCV reinforcement
2018-06-11 16:21:23,305 RCV reinforcement
2018-06-11 16:21:23,916 RCV reinforcement info
2018-06-11 16:21:23,925 , 23.270035797368177
2018-06-11 16:21:23,992 RCV reinforcement
2018-06-11 16:21:24,015 RCV reinforcement info
2018-06-11 16:21:24,023 , 23.466335359055847
2018-06-11 16:21:24,075 RCV reinforcement
2018-06-11 16:21:24,411 RCV reinforcement info
2018-06-11 16:21:24,416 , 23.576371485613617
2018-06-11 16:21:24,468 RCV reinforcement
2018-06-11 16:21:24,709 RCV commit
2018-06-11 16:21:24,806 appended honest commit 3c323cbd23 on top of 1b37507aff
2018-06-11 16:21:24,867 Weight: 24.39793191160339 #RFs 12
2018-06-11 16:21:24,867 weight: 24.39793191160339
2018-06-11 16:21:24,867 , 24.39793191160339
2018-06-11 16:21:24,867 MINING state
2018-06-11 16:21:24,867 start mining - depth 7
2018-06-11 16:21:24,869 start mining - hash 3c323cbd23b0149ba1a6c7ca23b788d474bce8ee9d688f9d4b4f0e00a341a3ac
2018-06-11 16:21:25,017 RCV reinforcement info
2018-06-11 16:21:25,021 , 24.500763856747973
2018-06-11 16:21:26,540 RCV reinforcement info
2018-06-11 16:21:26,544 , 24.60049302953862
2018-06-11 16:21:27,077 RCV reinforcement info
2018-06-11 16:21:27,083 , 24.78697196551009
2018-06-11 16:21:27,188 RF found but not transmitted
2018-06-11 16:21:27,191 RF found
2018-06-11 16:21:27,194 SNT reinforcement_information
2018-06-11 16:21:27,583 RCV reinforcement info
2018-06-11 16:21:27,588 , 24.969741116674662
2018-06-11 16:21:27,704 RCV reinforcement info
2018-06-11 16:21:27,713 , 25.139245904657752
2018-06-11 16:21:28,426 RCV reinforcement info
2018-06-11 16:21:28,431 , 25.237935771966086
2018-06-11 16:21:28,828 RCV reinforcement info
2018-06-11 16:21:28,833 , 25.32618856408695
2018-06-11 16:21:29,923 RCV reinforcement info
2018-06-11 16:21:29,928 , 25.45374397694601
2018-06-11 16:21:30,484 RCV reinforcement info
2018-06-11 16:21:30,489 , 25.776367848355285
2018-06-11 16:21:31,167 RCV reinforcement info
2018-06-11 16:21:31,172 , 25.841692789611574
2018-06-11 16:21:31,606 RCV reinforcement info
2018-06-11 16:21:31,611 , 25.92090703201236
2018-06-11 16:21:32,165 RF found but not transmitted
2018-06-11 16:21:32,168 RF found
2018-06-11 16:21:32,170 SNT reinforcement_information
2018-06-11 16:21:32,469 RCV reinforcement info
2018-06-11 16:21:32,472 , 26.289434046586376
2018-06-11 16:21:32,695 RCV reinforcement info
2018-06-11 16:21:32,700 , 26.382458927756417
2018-06-11 16:21:33,662 RCV reinforcement info
2018-06-11 16:21:33,667 , 26.704771593210314
2018-06-11 16:21:34,023 RCV reinforcement info
2018-06-11 16:21:34,027 , 26.767451468067485
2018-06-11 16:21:35,392 RCV reinforcement info
2018-06-11 16:21:35,397 , 26.862626000130916
2018-06-11 16:21:35,844 RCV reinforcement info
2018-06-11 16:21:35,849 , 26.9745304782437
2018-06-11 16:21:36,026 RCV reinforcement info
2018-06-11 16:21:36,030 , 27.09263937989737
2018-06-11 16:21:36,358 RF found but not transmitted
2018-06-11 16:21:36,360 RF found
2018-06-11 16:21:36,362 SNT reinforcement_information
2018-06-11 16:21:37,675 RF found but not transmitted
2018-06-11 16:21:37,678 RF found
2018-06-11 16:21:37,683 SNT reinforcement_information
2018-06-11 16:21:39,159 RCV reinforcement info
2018-06-11 16:21:39,163 , 27.44488973950407
2018-06-11 16:21:41,288 RCV reinforcement info
2018-06-11 16:21:41,298 , 27.632082398053594
2018-06-11 16:21:41,347 RCV reinforcement info
2018-06-11 16:21:41,352 , 28.19932331084689
2018-06-11 16:21:41,799 RCV reinforcement info
2018-06-11 16:21:41,804 , 28.366357781154647
2018-06-11 16:21:42,178 RCV reinforcement info
2018-06-11 16:21:42,183 , 28.65630467495911
2018-06-11 16:21:43,917 RCV reinforcement info
2018-06-11 16:21:43,922 , 28.856055156913587
2018-06-11 16:21:43,964 RCV reinforcement info
2018-06-11 16:21:43,969 , 29.04287418578355
2018-06-11 16:21:44,422 RCV proposal
2018-06-11 16:21:44,425 appended honest propose b9afa58200 on top of 3c323cbd23
2018-06-11 16:21:44,426 REINFORCEMENT SENT state
2018-06-11 16:21:44,426 RFs > 0 
2018-06-11 16:21:44,427 SNT reinforcement
2018-06-11 16:21:44,581 RCV reinforcement
2018-06-11 16:21:44,584 RCV reinforcement
2018-06-11 16:21:44,602 RCV reinforcement
2018-06-11 16:21:44,606 RCV reinforcement
2018-06-11 16:21:44,627 RCV reinforcement
2018-06-11 16:21:46,031 RCV commit
2018-06-11 16:21:46,212 appended honest commit 8b06b014a1 on top of b9afa58200
2018-06-11 16:21:46,328 Weight: 30.04287418578355 #RFs 29
2018-06-11 16:21:46,328 weight: 30.04287418578355
2018-06-11 16:21:46,328 , 30.04287418578355
2018-06-11 16:21:46,329 MINING state
2018-06-11 16:21:46,329 start mining - depth 8
2018-06-11 16:21:46,330 start mining - hash 8b06b014a1074c636982483211a8b7eb3fc2d6abb8c0efc741196337c14aaed7
2018-06-11 16:21:46,888 RCV reinforcement info
2018-06-11 16:21:46,895 , 30.10553083557383
2018-06-11 16:21:47,956 RF found but not transmitted
2018-06-11 16:21:47,958 RF found
2018-06-11 16:21:47,962 SNT reinforcement_information
2018-06-11 16:21:48,382 RCV reinforcement info
2018-06-11 16:21:48,388 , 30.47622344874835
2018-06-11 16:21:49,405 RCV reinforcement info
2018-06-11 16:21:49,409 , 30.555931217679607
2018-06-11 16:21:50,245 RCV reinforcement info
2018-06-11 16:21:50,250 , 30.635736966355836
2018-06-11 16:21:50,911 RCV reinforcement info
2018-06-11 16:21:50,916 , 30.77651012074381
2018-06-11 16:21:51,502 RCV reinforcement info
2018-06-11 16:21:51,507 , 30.922418164068446
2018-06-11 16:21:51,738 RCV reinforcement info
2018-06-11 16:21:51,743 , 31.188124507449455
2018-06-11 16:21:52,168 RCV reinforcement info
2018-06-11 16:21:52,173 , 31.250870216441456
2018-06-11 16:21:52,330 RCV reinforcement info
2018-06-11 16:21:52,335 , 31.316547902780393
2018-06-11 16:21:53,747 RCV reinforcement info
2018-06-11 16:21:53,751 , 31.46414205755375
2018-06-11 16:21:53,862 RF found but not transmitted
2018-06-11 16:21:53,865 hash found
2018-06-11 16:21:53,869 appended honest propose 1a0a1e989a on top of 8b06b014a1
2018-06-11 16:21:53,869 REINFORCEMENT COLLECTING state
2018-06-11 16:21:53,927 SNT proposal
2018-06-11 16:21:54,066 RCV reinforcement
2018-06-11 16:21:54,091 RCV reinforcement
2018-06-11 16:21:54,111 RCV reinforcement
2018-06-11 16:21:55,230 RCV reinforcement info
2018-06-11 16:21:55,235 , 32.091278246428004
2018-06-11 16:21:55,282 RCV reinforcement
2018-06-11 16:21:55,432 commit with 5 reinforcements
2018-06-11 16:21:55,451 appended honest commit d4d4f5fdb1 on top of 1a0a1e989a
2018-06-11 16:21:55,465 Weight: 33.091278246428004 #RFs 12
2018-06-11 16:21:55,465 weight: 33.091278246428004
2018-06-11 16:21:55,466 , 33.091278246428004
2018-06-11 16:21:55,466 MINING state
2018-06-11 16:21:55,466 start mining - depth 9
2018-06-11 16:21:55,466 start mining - hash d4d4f5fdb1946ea43d38d3475ccb52b2840d4152a3e22c386249fb2d3f78c9e1
2018-06-11 16:21:55,467 SNT commit
2018-06-11 16:21:57,536 RCV proposal
2018-06-11 16:21:57,539 appended honest propose 7eb01d21d6 on top of d4d4f5fdb1
2018-06-11 16:21:57,540 REINFORCEMENT SENT state
2018-06-11 16:21:57,560 RF found but not transmitted
2018-06-11 16:21:57,603 RCV reinforcement info
2018-06-11 16:21:57,608 , 33.21440409848673
2018-06-11 16:21:57,671 RCV reinforcement
2018-06-11 16:21:57,846 RCV reinforcement info
2018-06-11 16:21:57,851 , 33.31606612547117
2018-06-11 16:21:57,910 RCV reinforcement
2018-06-11 16:21:58,011 RCV reinforcement info
2018-06-11 16:21:58,016 , 33.41712973658264
2018-06-11 16:21:58,069 RCV reinforcement
2018-06-11 16:21:58,186 RCV reinforcement info
2018-06-11 16:21:58,191 , 33.5007687352528
2018-06-11 16:21:58,260 RCV reinforcement
2018-06-11 16:21:58,859 RCV reinforcement info
2018-06-11 16:21:58,867 , 33.591089455702786
2018-06-11 16:21:58,922 RCV reinforcement
2018-06-11 16:21:59,067 RCV commit
2018-06-11 16:21:59,093 appended honest commit 17cf0e3acb on top of 7eb01d21d6
2018-06-11 16:21:59,111 Weight: 34.591089455702786 #RFs 5
2018-06-11 16:21:59,111 weight: 34.591089455702786
2018-06-11 16:21:59,111 , 34.591089455702786
2018-06-11 16:21:59,111 MINING state
2018-06-11 16:21:59,112 start mining - depth 10
2018-06-11 16:21:59,112 start mining - hash 17cf0e3acb3a7ef11811f71e6aca4bd65304504d8002d56f199e9352881270d8
2018-06-11 16:21:59,585 RF found but not transmitted
2018-06-11 16:21:59,587 RF found
2018-06-11 16:21:59,589 SNT reinforcement_information
2018-06-11 16:21:59,715 RCV reinforcement info
2018-06-11 16:21:59,721 , 35.458434285773876
2018-06-11 16:22:00,679 RCV reinforcement info
2018-06-11 16:22:00,682 , 35.54140364622664
2018-06-11 16:22:00,833 RF found but not transmitted
2018-06-11 16:22:01,153 RCV reinforcement info
2018-06-11 16:22:01,158 , 35.844287814311166
2018-06-11 16:22:01,688 RF found but not transmitted
2018-06-11 16:22:03,131 RCV reinforcement info
2018-06-11 16:22:03,135 , 35.915518348573
2018-06-11 16:22:05,179 RCV reinforcement info
2018-06-11 16:22:05,181 , 35.99241691785381
2018-06-11 16:22:05,522 RF found but not transmitted
2018-06-11 16:22:06,068 RCV reinforcement info
2018-06-11 16:22:06,072 , 36.06892961780478
2018-06-11 16:22:06,099 RCV reinforcement info
2018-06-11 16:22:06,102 , 36.16041824635748
2018-06-11 16:22:06,839 RCV reinforcement info
2018-06-11 16:22:06,843 , 36.330238694235156
2018-06-11 16:22:07,791 RCV reinforcement info
2018-06-11 16:22:07,795 , 36.41926337194876
2018-06-11 16:22:08,805 RF found but not transmitted
2018-06-11 16:22:09,532 RCV reinforcement info
2018-06-11 16:22:09,536 , 36.527569383976626
2018-06-11 16:22:10,265 RCV reinforcement info
2018-06-11 16:22:10,269 , 36.59140832882525
2018-06-11 16:22:11,003 RCV reinforcement info
2018-06-11 16:22:11,006 , 36.73527721766112
2018-06-11 16:22:11,024 RCV reinforcement info
2018-06-11 16:22:11,028 , 36.81828075080613
2018-06-11 16:22:11,364 RCV reinforcement info
2018-06-11 16:22:11,368 , 37.03303723537504
2018-06-11 16:22:12,102 RCV reinforcement info
2018-06-11 16:22:12,106 , 37.19995955148595
2018-06-11 16:22:12,259 RF found but not transmitted
2018-06-11 16:22:12,466 RCV reinforcement info
2018-06-11 16:22:12,470 , 37.29213837058248
2018-06-11 16:22:12,632 RCV reinforcement info
2018-06-11 16:22:12,636 , 37.45505154087847
2018-06-11 16:22:13,094 RCV reinforcement info
2018-06-11 16:22:13,097 , 37.61672383944587
2018-06-11 16:22:13,231 RF found but not transmitted
2018-06-11 16:22:13,235 RF found
2018-06-11 16:22:13,238 SNT reinforcement_information
2018-06-11 16:22:13,701 RF found but not transmitted
2018-06-11 16:22:14,441 RCV reinforcement info
2018-06-11 16:22:14,445 , 37.94483725713091
2018-06-11 16:22:14,885 RF found but not transmitted
2018-06-11 16:22:14,887 RF found
2018-06-11 16:22:14,890 SNT reinforcement_information
2018-06-11 16:22:15,268 RCV reinforcement info
2018-06-11 16:22:15,270 , 38.74443540681391
2018-06-11 16:22:15,947 RCV reinforcement info
2018-06-11 16:22:15,951 , 39.229515278259015
2018-06-11 16:22:15,965 RCV reinforcement info
2018-06-11 16:22:15,969 , 39.593026461135906
2018-06-11 16:22:16,502 RCV reinforcement info
2018-06-11 16:22:16,506 , 40.59265177199121
2018-06-11 16:22:18,482 RCV reinforcement info
2018-06-11 16:22:18,486 , 40.700650300754475
2018-06-11 16:22:19,036 RCV reinforcement info
2018-06-11 16:22:19,040 , 40.77108149725332
2018-06-11 16:22:19,279 RCV reinforcement info
2018-06-11 16:22:19,282 , 40.83577555161098
2018-06-11 16:22:19,856 RF found but not transmitted
2018-06-11 16:22:19,997 RCV reinforcement info
2018-06-11 16:22:20,001 , 40.92935559460896
2018-06-11 16:22:21,203 RCV reinforcement info
2018-06-11 16:22:21,207 , 41.11082583842734
2018-06-11 16:22:22,372 RCV reinforcement info
2018-06-11 16:22:22,376 , 41.69514660413874
2018-06-11 16:22:22,642 RCV reinforcement info
2018-06-11 16:22:22,646 , 41.81232106638593
2018-06-11 16:22:22,780 RCV reinforcement info
2018-06-11 16:22:22,783 , 41.89090783221785
2018-06-11 16:22:24,137 RF found but not transmitted
2018-06-11 16:22:24,223 RCV reinforcement info
2018-06-11 16:22:24,227 , 41.95810717266122
2018-06-11 16:22:24,327 RCV reinforcement info
2018-06-11 16:22:24,331 , 42.158075657277166
2018-06-11 16:22:24,961 RF found but not transmitted
2018-06-11 16:22:24,964 RF found
2018-06-11 16:22:24,967 SNT reinforcement_information
2018-06-11 16:22:25,994 RCV proposal
2018-06-11 16:22:25,997 appended honest propose da84d11e53 on top of 17cf0e3acb
2018-06-11 16:22:25,997 REINFORCEMENT SENT state
2018-06-11 16:22:25,997 RFs > 0 
2018-06-11 16:22:25,998 SNT reinforcement
2018-06-11 16:22:26,199 RCV reinforcement
2018-06-11 16:22:26,208 RCV reinforcement
2018-06-11 16:22:26,212 RCV reinforcement
2018-06-11 16:22:26,216 RCV reinforcement
2018-06-11 16:22:26,219 RCV reinforcement
2018-06-11 16:22:26,260 RCV reinforcement info
2018-06-11 16:22:26,264 , 43.253306965278554
2018-06-11 16:22:26,323 RCV reinforcement
2018-06-11 16:22:26,638 RF found but not transmitted
2018-06-11 16:22:26,873 RCV reinforcement info
2018-06-11 16:22:26,877 , 43.52839334610773
2018-06-11 16:22:26,935 RCV reinforcement
2018-06-11 16:22:27,469 RCV reinforcement info
2018-06-11 16:22:27,473 , 43.79634366556388
2018-06-11 16:22:27,535 RCV reinforcement
2018-06-11 16:22:27,609 RCV reinforcement info
2018-06-11 16:22:27,614 , 44.00190436312589
2018-06-11 16:22:27,654 RCV commit
2018-06-11 16:22:27,878 appended honest commit 77dd0c74a0 on top of da84d11e53
2018-06-11 16:22:28,044 Weight: 44.528393346107734 #RFs 39
2018-06-11 16:22:28,044 weight: 44.528393346107734
2018-06-11 16:22:28,044 , 44.528393346107734
2018-06-11 16:22:28,046 MINING state
2018-06-11 16:22:28,046 start mining - depth 11
2018-06-11 16:22:28,047 start mining - hash 77dd0c74a0e6e4b8641e8f6a4315b3c1221e3c638c5898bb9a67fb1a81533d9a
2018-06-11 16:22:28,048 Hashing frequency: 5685
2018-06-11 16:22:28,052 RCV reinforcement
2018-06-11 16:22:28,202 RCV reinforcement info
2018-06-11 16:22:28,218 , 44.627776704347674
2018-06-11 16:22:28,785 RCV reinforcement info
2018-06-11 16:22:28,791 , 44.693703916670636
2018-06-11 16:22:28,825 RF found but not transmitted
2018-06-11 16:22:28,925 RCV reinforcement info
2018-06-11 16:22:28,930 , 44.758715598457975
2018-06-11 16:22:30,034 RF found but not transmitted
2018-06-11 16:22:30,239 RCV reinforcement info
2018-06-11 16:22:30,244 , 44.940907558650046
2018-06-11 16:22:30,975 RCV reinforcement info
2018-06-11 16:22:30,980 , 45.12432864624674
2018-06-11 16:22:31,357 RF found but not transmitted
2018-06-11 16:22:31,360 RF found
2018-06-11 16:22:31,364 SNT reinforcement_information
2018-06-11 16:22:32,689 RCV reinforcement info
2018-06-11 16:22:32,695 , 45.544170813428096
2018-06-11 16:22:33,341 RCV reinforcement info
2018-06-11 16:22:33,346 , 45.63033106471181
2018-06-11 16:22:34,436 RCV reinforcement info
2018-06-11 16:22:34,441 , 45.702243930228214
2018-06-11 16:22:35,473 RCV reinforcement info
2018-06-11 16:22:35,478 , 45.76630974702707
2018-06-11 16:22:36,657 RF found but not transmitted
2018-06-11 16:22:36,744 RCV reinforcement info
2018-06-11 16:22:36,749 , 45.843031007023626
2018-06-11 16:22:37,858 RCV reinforcement info
2018-06-11 16:22:37,864 , 46.05089497410167
2018-06-11 16:22:38,404 RCV reinforcement info
2018-06-11 16:22:38,412 , 46.121201390400124
2018-06-11 16:22:38,785 RCV reinforcement info
2018-06-11 16:22:38,798 , 46.627624967421795
2018-06-11 16:22:39,491 RCV reinforcement info
2018-06-11 16:22:39,497 , 46.82714897589203
2018-06-11 16:22:39,592 RCV reinforcement info
2018-06-11 16:22:39,597 , 47.00598477522752
2018-06-11 16:22:40,093 RCV reinforcement info
2018-06-11 16:22:40,099 , 47.104474626322535
2018-06-11 16:22:40,384 RF found but not transmitted
2018-06-11 16:22:41,309 RCV reinforcement info
2018-06-11 16:22:41,314 , 47.208204748171966
2018-06-11 16:22:41,907 RCV reinforcement info
2018-06-11 16:22:41,913 , 47.27664114719274
2018-06-11 16:22:42,212 RF found but not transmitted
2018-06-11 16:22:42,215 RF found
2018-06-11 16:22:42,218 SNT reinforcement_information
2018-06-11 16:22:43,402 RCV reinforcement info
2018-06-11 16:22:43,408 , 48.278755471554376
2018-06-11 16:22:44,881 RCV reinforcement info
2018-06-11 16:22:44,888 , 48.382298091150176
2018-06-11 16:22:44,895 RCV reinforcement info
2018-06-11 16:22:44,901 , 48.76472447466707
2018-06-11 16:22:45,597 RCV reinforcement info
2018-06-11 16:22:45,603 , 48.85347082619068
2018-06-11 16:22:45,842 RCV reinforcement info
2018-06-11 16:22:45,847 , 48.98771473638192
2018-06-11 16:22:46,575 RCV reinforcement info
2018-06-11 16:22:46,580 , 49.23727506751591
2018-06-11 16:22:46,865 RF found but not transmitted
2018-06-11 16:22:46,867 hash found
2018-06-11 16:22:46,871 appended honest propose 41519c20f2 on top of 77dd0c74a0
2018-06-11 16:22:46,871 REINFORCEMENT COLLECTING state
2018-06-11 16:22:46,939 SNT proposal
2018-06-11 16:22:47,149 RCV reinforcement
2018-06-11 16:22:47,208 RCV reinforcement
2018-06-11 16:22:47,230 RCV reinforcement
2018-06-11 16:22:47,246 RCV reinforcement
2018-06-11 16:22:47,284 RCV reinforcement
2018-06-11 16:22:47,310 RCV reinforcement
2018-06-11 16:22:47,574 RCV reinforcement info
2018-06-11 16:22:47,582 , 49.91594259230382
2018-06-11 16:22:47,654 RCV reinforcement
2018-06-11 16:22:47,770 RCV reinforcement info
2018-06-11 16:22:47,783 , 49.99784289899572
2018-06-11 16:22:47,848 RCV reinforcement
2018-06-11 16:22:47,875 RCV reinforcement info
2018-06-11 16:22:47,884 , 50.45031787592894
2018-06-11 16:22:47,951 RCV reinforcement
2018-06-11 16:22:48,445 commit with 7 reinforcements
2018-06-11 16:22:48,503 appended honest commit 9fb1621e76 on top of 41519c20f2
2018-06-11 16:22:48,562 Weight: 51.45031787592893 #RFs 29
2018-06-11 16:22:48,562 weight: 51.45031787592893
2018-06-11 16:22:48,562 , 51.45031787592893
2018-06-11 16:22:48,562 MINING state
2018-06-11 16:22:48,562 start mining - depth 12
2018-06-11 16:22:48,563 start mining - hash 9fb1621e76d589223504335b4e4a60a598308b11a899ea5e1fa970f1c2b2613c
2018-06-11 16:22:48,563 SNT commit
2018-06-11 16:22:49,276 RCV reinforcement info
2018-06-11 16:22:49,281 , 51.53124595995209
2018-06-11 16:22:49,500 RCV reinforcement info
2018-06-11 16:22:49,505 , 51.649298085524265
2018-06-11 16:22:49,772 RF found but not transmitted
2018-06-11 16:22:49,774 RF found
2018-06-11 16:22:49,776 SNT reinforcement_information
2018-06-11 16:22:52,287 RCV reinforcement info
2018-06-11 16:22:52,292 , 51.96208141703118
2018-06-11 16:22:52,430 RF found but not transmitted
2018-06-11 16:22:53,424 RCV reinforcement info
2018-06-11 16:22:53,432 , 52.3096487285339
2018-06-11 16:22:53,813 RCV reinforcement info
2018-06-11 16:22:53,818 , 52.41529697690487
2018-06-11 16:22:53,851 RCV reinforcement info
2018-06-11 16:22:53,857 , 52.58938016231564
2018-06-11 16:22:54,050 RF found but not transmitted
2018-06-11 16:22:54,218 RF found but not transmitted
2018-06-11 16:22:54,594 RCV proposal
2018-06-11 16:22:54,598 appended honest propose d5de3c6792 on top of 9fb1621e76
2018-06-11 16:22:54,599 REINFORCEMENT SENT state
2018-06-11 16:22:54,599 RFs > 0 
2018-06-11 16:22:54,607 SNT reinforcement
2018-06-11 16:22:54,745 RCV reinforcement
2018-06-11 16:22:54,763 RCV reinforcement
2018-06-11 16:22:56,123 RCV commit
2018-06-11 16:22:56,180 appended honest commit 33ae93982f on top of d5de3c6792
2018-06-11 16:22:56,236 Weight: 53.58938016231564 #RFs 7
2018-06-11 16:22:56,238 weight: 53.58938016231564
2018-06-11 16:22:56,241 , 53.58938016231564
2018-06-11 16:22:56,241 MINING state
2018-06-11 16:22:56,241 start mining - depth 13
2018-06-11 16:22:56,242 start mining - hash 33ae93982f6852367908ca8f5e56fe77c1223a009d5fb8e43637055761a86d77
2018-06-11 16:22:56,959 RCV reinforcement info
2018-06-11 16:22:56,963 , 54.12724829152964
2018-06-11 16:22:56,983 RCV reinforcement info
2018-06-11 16:22:56,990 , 54.208401509139215
2018-06-11 16:22:57,128 RCV reinforcement info
2018-06-11 16:22:57,134 , 54.29437574567931
2018-06-11 16:22:57,242 RCV reinforcement info
2018-06-11 16:22:57,248 , 54.454462463696075
2018-06-11 16:22:57,438 RCV reinforcement info
2018-06-11 16:22:57,443 , 54.553003072183266
2018-06-11 16:22:57,977 RF found but not transmitted
2018-06-11 16:22:57,981 RF found
2018-06-11 16:22:57,984 SNT reinforcement_information
2018-06-11 16:22:58,190 RCV reinforcement info
2018-06-11 16:22:58,200 , 55.277111725395905
2018-06-11 16:22:58,720 RF found but not transmitted
2018-06-11 16:22:58,936 RCV proposal
2018-06-11 16:22:58,938 appended honest propose 6eb9b13e17 on top of 33ae93982f
2018-06-11 16:22:58,939 REINFORCEMENT SENT state
2018-06-11 16:22:58,939 RFs > 0 
2018-06-11 16:22:58,940 SNT reinforcement
2018-06-11 16:22:59,094 RF found but not transmitted
2018-06-11 16:22:59,097 RCV reinforcement
2018-06-11 16:22:59,104 SNT reinforcement_information
2018-06-11 16:22:59,245 SNT reinforcement
2018-06-11 16:22:59,407 RCV reinforcement
2018-06-11 16:22:59,414 RCV reinforcement info
2018-06-11 16:22:59,416 RF found but not transmitted
2018-06-11 16:22:59,422 , 55.49410050489677
2018-06-11 16:22:59,426 RCV reinforcement
2018-06-11 16:22:59,500 RCV reinforcement
2018-06-11 16:23:00,036 RCV reinforcement info
2018-06-11 16:23:00,041 , 55.55666444459248
2018-06-11 16:23:00,104 RCV reinforcement
2018-06-11 16:23:00,514 RCV commit
2018-06-11 16:23:00,579 appended honest commit 3158fee8b1 on top of 6eb9b13e17
2018-06-11 16:23:00,642 Weight: 56.55666444459248 #RFs 10
2018-06-11 16:23:00,642 weight: 56.55666444459248
2018-06-11 16:23:00,642 , 56.55666444459248
2018-06-11 16:23:00,642 MINING state
2018-06-11 16:23:00,642 start mining - depth 14
2018-06-11 16:23:00,643 start mining - hash 3158fee8b1352f648f70a6e9909b207ceddd18c2ed1c287dd09185e04a66b34b
2018-06-11 16:23:00,952 RCV reinforcement info
2018-06-11 16:23:00,957 , 56.64120983354102
2018-06-11 16:23:02,475 RCV reinforcement info
2018-06-11 16:23:02,480 , 56.720261857755155
2018-06-11 16:23:02,493 RCV reinforcement info
2018-06-11 16:23:02,498 , 56.983090450207335
2018-06-11 16:23:02,927 RCV reinforcement info
2018-06-11 16:23:02,932 , 57.158972593202975
2018-06-11 16:23:03,028 RCV reinforcement info
2018-06-11 16:23:03,032 , 57.25788126412608
2018-06-11 16:23:03,226 RCV reinforcement info
2018-06-11 16:23:03,232 , 57.7245065139822
2018-06-11 16:23:03,383 RCV proposal
2018-06-11 16:23:03,406 appended malicious propose a135ef2cf7 on top of 0bc261a19e
2018-06-11 16:23:03,476 RCV reinforcement
2018-06-11 16:23:03,495 RCV reinforcement
2018-06-11 16:23:04,774 RCV reinforcement
2018-06-11 16:23:05,086 RCV commit
2018-06-11 16:23:05,490 appended malicious commit c5828faae0 on top of a135ef2cf7
2018-06-11 16:23:05,989 Weight: 27.975285142959017 #RFs 84
2018-06-11 16:23:05,989 weight: 27.975285142959017
2018-06-11 16:23:05,989 , 27.975285142959017
2018-06-11 16:23:07,354 RF found but not transmitted
2018-06-11 16:23:07,631 RCV reinforcement info
2018-06-11 16:23:07,636 , 57.797699006122116
2018-06-11 16:23:08,126 RF found but not transmitted
2018-06-11 16:23:08,332 RCV reinforcement info
2018-06-11 16:23:08,337 , 57.8782464730086
2018-06-11 16:23:09,867 RCV reinforcement info
2018-06-11 16:23:09,871 , 58.17731898888634
2018-06-11 16:23:10,236 RCV reinforcement info
2018-06-11 16:23:10,240 , 58.24291113869694
2018-06-11 16:23:10,707 RF found but not transmitted
2018-06-11 16:23:10,935 RCV reinforcement info
2018-06-11 16:23:10,940 , 58.38722613034459
2018-06-11 16:23:11,146 RCV reinforcement info
2018-06-11 16:23:11,151 , 58.46094273577431
2018-06-11 16:23:11,329 RF found but not transmitted
2018-06-11 16:23:12,196 RCV reinforcement info
2018-06-11 16:23:12,201 , 58.79493078937289
2018-06-11 16:23:12,816 RCV reinforcement info
2018-06-11 16:23:12,821 , 58.89485791465299
2018-06-11 16:23:13,084 RCV reinforcement info
2018-06-11 16:23:13,089 , 59.086257824816556
2018-06-11 16:23:14,503 RCV reinforcement info
2018-06-11 16:23:14,508 , 59.19054524434676
2018-06-11 16:23:14,615 RCV reinforcement info
2018-06-11 16:23:14,620 , 59.452903652136584
2018-06-11 16:23:15,955 RF found but not transmitted
2018-06-11 16:23:15,958 RF found
2018-06-11 16:23:15,960 SNT reinforcement_information
2018-06-11 16:23:17,751 RCV reinforcement info
2018-06-11 16:23:17,757 , 59.7081694374822
2018-06-11 16:23:18,977 RCV proposal
2018-06-11 16:23:18,990 appended honest propose 4955380b7a on top of 3158fee8b1
2018-06-11 16:23:18,991 REINFORCEMENT SENT state
2018-06-11 16:23:18,991 RFs > 0 
2018-06-11 16:23:18,992 SNT reinforcement
2018-06-11 16:23:19,184 RCV reinforcement
2018-06-11 16:23:19,198 RCV reinforcement
2018-06-11 16:23:19,214 RCV reinforcement
2018-06-11 16:23:19,225 RCV reinforcement
2018-06-11 16:23:19,231 RCV reinforcement
2018-06-11 16:23:19,277 RCV reinforcement info
2018-06-11 16:23:19,287 , 60.339784602777826
2018-06-11 16:23:19,324 RCV reinforcement info
2018-06-11 16:23:19,329 , 60.40300227094222
2018-06-11 16:23:19,376 RCV reinforcement
2018-06-11 16:23:19,398 RCV reinforcement
2018-06-11 16:23:19,903 RCV reinforcement info
2018-06-11 16:23:19,908 , 60.77683357656624
2018-06-11 16:23:19,960 RCV reinforcement
2018-06-11 16:23:20,073 RCV reinforcement info
2018-06-11 16:23:20,078 , 60.941192542407165
2018-06-11 16:23:20,135 RCV reinforcement
2018-06-11 16:23:20,176 RCV reinforcement info
2018-06-11 16:23:20,182 , 61.21914084893712
2018-06-11 16:23:20,271 RCV reinforcement
2018-06-11 16:23:20,569 RCV commit
2018-06-11 16:23:20,684 appended honest commit c322f577cb on top of 4955380b7a
2018-06-11 16:23:20,808 Weight: 62.21914084893712 #RFs 24
2018-06-11 16:23:20,809 weight: 62.21914084893712
2018-06-11 16:23:20,809 , 62.21914084893712
2018-06-11 16:23:20,809 MINING state
2018-06-11 16:23:20,810 start mining - depth 15
2018-06-11 16:23:20,810 start mining - hash c322f577cbd013aa00a2ac2d40a37b74031679ecfb125aeb6da4f8670756a177
2018-06-11 16:23:20,930 RF found but not transmitted
2018-06-11 16:23:22,159 RF found but not transmitted
2018-06-11 16:23:23,244 RCV reinforcement info
2018-06-11 16:23:23,249 , 62.32426303554278
2018-06-11 16:23:24,084 RCV reinforcement info
2018-06-11 16:23:24,089 , 62.5103414565332
2018-06-11 16:23:24,148 RCV reinforcement info
2018-06-11 16:23:24,153 , 62.577414862008155
2018-06-11 16:23:24,235 RF found but not transmitted
2018-06-11 16:23:24,237 RF found
2018-06-11 16:23:24,238 SNT reinforcement_information
2018-06-11 16:23:24,372 RCV reinforcement info
2018-06-11 16:23:24,377 , 62.984715779099865
2018-06-11 16:23:24,662 RCV reinforcement info
2018-06-11 16:23:24,676 , 63.091790885741496
2018-06-11 16:23:25,238 RF found but not transmitted
2018-06-11 16:23:25,241 RF found
2018-06-11 16:23:25,243 SNT reinforcement_information
2018-06-11 16:23:26,023 RF found but not transmitted
2018-06-11 16:23:27,414 RCV reinforcement info
2018-06-11 16:23:27,420 , 63.2720922257875
2018-06-11 16:23:28,287 RF found but not transmitted
2018-06-11 16:23:28,358 RCV reinforcement info
2018-06-11 16:23:28,364 , 63.47404872148639
2018-06-11 16:23:30,454 RCV reinforcement info
2018-06-11 16:23:30,459 , 63.53753048827602
2018-06-11 16:23:32,291 RF found but not transmitted
2018-06-11 16:23:32,293 RF found
2018-06-11 16:23:32,295 SNT reinforcement_information
2018-06-11 16:23:32,443 RCV reinforcement info
2018-06-11 16:23:32,448 , 63.99188667938643
2018-06-11 16:23:32,564 RF found but not transmitted
2018-06-11 16:23:32,565 RF found
2018-06-11 16:23:32,567 SNT reinforcement_information
2018-06-11 16:23:32,571 RF found but not transmitted
2018-06-11 16:23:32,759 RCV reinforcement info
2018-06-11 16:23:32,763 , 64.30159253456436
2018-06-11 16:23:32,843 RCV reinforcement info
2018-06-11 16:23:32,848 , 64.52647444378192
2018-06-11 16:23:32,859 RCV reinforcement info
2018-06-11 16:23:32,864 , 64.62402654325226
2018-06-11 16:23:32,943 RF found but not transmitted
2018-06-11 16:23:33,181 RCV reinforcement info
2018-06-11 16:23:33,186 , 65.01653604746933
2018-06-11 16:23:33,244 RCV reinforcement info
2018-06-11 16:23:33,249 , 65.0837784728594
2018-06-11 16:23:33,501 RCV reinforcement info
2018-06-11 16:23:33,506 , 65.17243756367543
2018-06-11 16:23:35,852 RCV reinforcement info
2018-06-11 16:23:35,858 , 65.31247105476642
2018-06-11 16:23:36,342 RCV reinforcement info
2018-06-11 16:23:36,346 , 65.57978594933422
2018-06-11 16:23:36,522 RCV reinforcement info
2018-06-11 16:23:36,526 , 65.72665691701653
2018-06-11 16:23:37,137 RCV reinforcement info
2018-06-11 16:23:37,144 , 65.8319605782333
2018-06-11 16:23:37,791 RCV reinforcement info
2018-06-11 16:23:37,796 , 66.17868764827033
2018-06-11 16:23:38,420 RCV reinforcement info
2018-06-11 16:23:38,425 , 66.25816741769985
2018-06-11 16:23:38,600 RF found but not transmitted
2018-06-11 16:23:38,691 RCV reinforcement info
2018-06-11 16:23:38,697 , 66.46779241729345
2018-06-11 16:23:38,873 RCV proposal
2018-06-11 16:23:38,877 appended malicious propose 17f60892f3 on top of c5828faae0
2018-06-11 16:23:38,879 RF found but not transmitted
2018-06-11 16:23:38,941 RCV reinforcement
2018-06-11 16:23:38,960 RCV reinforcement
2018-06-11 16:23:39,150 RF found but not transmitted
2018-06-11 16:23:39,448 RCV reinforcement info
2018-06-11 16:23:39,453 , 66.5522730374681
2018-06-11 16:23:39,673 RF found but not transmitted
2018-06-11 16:23:40,446 RCV commit
2018-06-11 16:23:40,535 appended malicious commit 56860abb61 on top of 17f60892f3
2018-06-11 16:23:40,655 Weight: 31.94508146252096 #RFs 22
2018-06-11 16:23:40,655 weight: 31.94508146252096
2018-06-11 16:23:40,655 , 31.94508146252096
2018-06-11 16:23:41,690 RCV reinforcement info
2018-06-11 16:23:41,695 , 66.71284174969347
2018-06-11 16:23:41,704 RF found but not transmitted
2018-06-11 16:23:41,705 hash found
2018-06-11 16:23:41,707 appended honest propose 8bec5794d9 on top of c322f577cb
2018-06-11 16:23:41,707 REINFORCEMENT COLLECTING state
2018-06-11 16:23:41,777 SNT proposal
2018-06-11 16:23:41,979 RCV reinforcement
2018-06-11 16:23:42,003 RCV reinforcement
2018-06-11 16:23:42,040 RCV reinforcement
2018-06-11 16:23:42,058 RCV reinforcement
2018-06-11 16:23:42,077 RCV reinforcement
2018-06-11 16:23:42,091 RCV reinforcement
2018-06-11 16:23:42,133 RCV reinforcement info
2018-06-11 16:23:42,138 , 67.02367707837062
2018-06-11 16:23:42,188 RCV reinforcement
2018-06-11 16:23:43,096 RCV reinforcement info
2018-06-11 16:23:43,110 , 67.16154392197076
2018-06-11 16:23:43,158 RCV reinforcement
2018-06-11 16:23:43,281 commit with 7 reinforcements
2018-06-11 16:23:43,340 appended honest commit 3b7e4495d1 on top of 8bec5794d9
2018-06-11 16:23:43,400 Weight: 68.16154392197076 #RFs 30
2018-06-11 16:23:43,401 weight: 68.16154392197076
2018-06-11 16:23:43,401 , 68.16154392197076
2018-06-11 16:23:43,402 MINING state
2018-06-11 16:23:43,402 start mining - depth 16
2018-06-11 16:23:43,403 start mining - hash 3b7e4495d1240f5f556d76109be5618bf82b9346bbe95acd9e4ea54da9b0c4fd
2018-06-11 16:23:43,405 Hashing frequency: 10770
2018-06-11 16:23:43,407 SNT commit
2018-06-11 16:23:44,066 RCV reinforcement info
2018-06-11 16:23:44,070 , 68.2319150264955
2018-06-11 16:23:45,523 RF found but not transmitted
2018-06-11 16:23:46,334 RF found but not transmitted
2018-06-11 16:23:47,264 RCV reinforcement info
2018-06-11 16:23:47,279 , 68.40609434491861
2018-06-11 16:23:47,282 RCV reinforcement info
2018-06-11 16:23:47,289 , 68.51200394413003
2018-06-11 16:23:47,302 RF found but not transmitted
2018-06-11 16:23:47,438 RF found but not transmitted
2018-06-11 16:23:47,595 RCV reinforcement info
2018-06-11 16:23:47,602 , 68.57554577980875
2018-06-11 16:23:48,044 RCV reinforcement info
2018-06-11 16:23:48,047 , 68.83003137713038
2018-06-11 16:23:48,220 RCV reinforcement info
2018-06-11 16:23:48,229 , 69.05014472191795
2018-06-11 16:23:48,230 RF found but not transmitted
2018-06-11 16:23:49,633 RCV reinforcement info
2018-06-11 16:23:49,638 , 69.42662666975586
2018-06-11 16:23:50,069 RCV reinforcement info
2018-06-11 16:23:50,074 , 70.02181352834995
2018-06-11 16:23:50,666 RF found but not transmitted
2018-06-11 16:23:50,667 RF found
2018-06-11 16:23:50,669 SNT reinforcement_information
2018-06-11 16:23:51,541 RF found but not transmitted
2018-06-11 16:23:52,280 RCV reinforcement info
2018-06-11 16:23:52,285 , 70.17352999882574
2018-06-11 16:23:52,687 RF found but not transmitted
2018-06-11 16:23:52,690 RF found
2018-06-11 16:23:52,693 SNT reinforcement_information
2018-06-11 16:23:53,167 RCV reinforcement info
2018-06-11 16:23:53,170 , 70.61660785909699
2018-06-11 16:23:53,637 RCV reinforcement info
2018-06-11 16:23:53,642 , 70.73871291792024
2018-06-11 16:23:53,683 RF found but not transmitted
2018-06-11 16:23:53,684 RF found
2018-06-11 16:23:53,687 SNT reinforcement_information
2018-06-11 16:23:53,807 RF found but not transmitted
2018-06-11 16:23:54,413 RF found but not transmitted
2018-06-11 16:23:54,415 RF found
2018-06-11 16:23:54,416 SNT reinforcement_information
2018-06-11 16:23:55,076 RF found but not transmitted
2018-06-11 16:23:55,774 RCV reinforcement info
2018-06-11 16:23:55,779 , 71.29060559482208
2018-06-11 16:23:56,171 RF found but not transmitted
2018-06-11 16:23:56,220 RF found but not transmitted
2018-06-11 16:23:57,090 RF found but not transmitted
2018-06-11 16:23:57,152 RCV reinforcement info
2018-06-11 16:23:57,156 , 71.69164912590279
2018-06-11 16:23:57,361 RF found but not transmitted
2018-06-11 16:23:57,560 RCV reinforcement info
2018-06-11 16:23:57,565 , 71.75588497004017
2018-06-11 16:23:57,685 RF found but not transmitted
2018-06-11 16:23:57,690 RF found
2018-06-11 16:23:57,697 SNT reinforcement_information
2018-06-11 16:23:57,795 RF found but not transmitted
2018-06-11 16:23:57,801 RF found
2018-06-11 16:23:57,803 SNT reinforcement_information
2018-06-11 16:23:58,903 RCV reinforcement info
2018-06-11 16:23:58,908 , 72.20770439095814
2018-06-11 16:23:59,359 RCV proposal
2018-06-11 16:23:59,363 appended honest propose 1f257ec1d6 on top of 3b7e4495d1
2018-06-11 16:23:59,363 REINFORCEMENT SENT state
2018-06-11 16:23:59,380 RFs > 0 
2018-06-11 16:23:59,381 SNT reinforcement
2018-06-11 16:23:59,543 RCV reinforcement
2018-06-11 16:23:59,553 RCV reinforcement
2018-06-11 16:23:59,570 RCV reinforcement
2018-06-11 16:23:59,581 RCV reinforcement
2018-06-11 16:23:59,586 RCV reinforcement
2018-06-11 16:23:59,670 RCV reinforcement info
2018-06-11 16:23:59,679 , 72.36657551317074
2018-06-11 16:23:59,745 RCV reinforcement
2018-06-11 16:24:00,778 RCV reinforcement info
2018-06-11 16:24:00,786 , 72.43458576358191
2018-06-11 16:24:00,845 RCV reinforcement
2018-06-11 16:24:00,937 RCV commit
2018-06-11 16:24:01,096 appended honest commit 1d9e53305f on top of 1f257ec1d6
2018-06-11 16:24:01,272 Weight: 73.20770439095814 #RFs 21
2018-06-11 16:24:01,272 weight: 73.20770439095814
2018-06-11 16:24:01,272 , 73.20770439095814
2018-06-11 16:24:01,273 MINING state
2018-06-11 16:24:01,273 start mining - depth 17
2018-06-11 16:24:01,273 start mining - hash 1d9e53305f7e76b0631e14348268f9973e1eb46d4e399ccfa92386eb0383cb96
2018-06-11 16:24:02,051 RF found but not transmitted
2018-06-11 16:24:02,445 RF found but not transmitted
2018-06-11 16:24:03,236 RF found but not transmitted
2018-06-11 16:24:03,352 RCV reinforcement info
2018-06-11 16:24:03,357 , 73.69807777923374
2018-06-11 16:24:03,552 RF found but not transmitted
2018-06-11 16:24:04,192 RF found but not transmitted
2018-06-11 16:24:05,272 RCV reinforcement info
2018-06-11 16:24:05,278 , 74.54149973867965
2018-06-11 16:24:05,360 RCV reinforcement info
2018-06-11 16:24:05,366 , 74.62352253404474
2018-06-11 16:24:06,115 RF found but not transmitted
2018-06-11 16:24:06,116 RF found
2018-06-11 16:24:06,118 SNT reinforcement_information
2018-06-11 16:24:07,825 RCV reinforcement info
2018-06-11 16:24:07,829 , 75.29375657018092
2018-06-11 16:24:08,033 RCV reinforcement info
2018-06-11 16:24:08,038 , 75.37521637461191
2018-06-11 16:24:08,154 RF found but not transmitted
2018-06-11 16:24:08,157 RF found
2018-06-11 16:24:08,159 SNT reinforcement_information
2018-06-11 16:24:08,517 RF found but not transmitted
2018-06-11 16:24:08,560 RCV reinforcement info
2018-06-11 16:24:08,566 , 75.6030472991384
2018-06-11 16:24:08,629 RCV proposal
2018-06-11 16:24:08,633 appended honest propose 2fab837d04 on top of 1d9e53305f
2018-06-11 16:24:08,633 REINFORCEMENT SENT state
2018-06-11 16:24:08,633 RFs > 0 
2018-06-11 16:24:08,639 SNT reinforcement
2018-06-11 16:24:08,780 RCV reinforcement
2018-06-11 16:24:08,791 RCV reinforcement
2018-06-11 16:24:08,795 RCV reinforcement info
2018-06-11 16:24:08,802 , 75.75599779276705
2018-06-11 16:24:08,862 RCV reinforcement
2018-06-11 16:24:09,124 RCV reinforcement info
2018-06-11 16:24:09,129 , 75.9574864204881
2018-06-11 16:24:09,203 RCV reinforcement
2018-06-11 16:24:09,934 RF found but not transmitted
2018-06-11 16:24:09,938 SNT reinforcement_information
2018-06-11 16:24:10,008 SNT reinforcement
2018-06-11 16:24:10,146 RCV reinforcement info
2018-06-11 16:24:10,158 , 77.0625689943414
2018-06-11 16:24:10,190 RCV proposal
2018-06-11 16:24:10,197 appended malicious propose da258a8805 on top of 56860abb61
2018-06-11 16:24:10,265 RF found but not transmitted
2018-06-11 16:24:10,272 RCV reinforcement
2018-06-11 16:24:10,306 RCV reinforcement
2018-06-11 16:24:10,323 RCV reinforcement
2018-06-11 16:24:10,339 RCV commit
2018-06-11 16:24:10,439 appended honest commit a46f29b4c7 on top of 2fab837d04
2018-06-11 16:24:10,491 Weight: 76.9574864204881 #RFs 10
2018-06-11 16:24:10,492 weight: 76.9574864204881
2018-06-11 16:24:10,557 , 76.9574864204881
2018-06-11 16:24:10,558 MINING state
2018-06-11 16:24:10,558 start mining - depth 18
2018-06-11 16:24:10,558 start mining - hash a46f29b4c72902076bc0afb3a94618d9d8071d039354a412cb5a789ee1dd22a8
2018-06-11 16:24:10,598 RCV reinforcement info
2018-06-11 16:24:10,606 , 77.23088830078645
2018-06-11 16:24:10,648 RCV reinforcement
2018-06-11 16:24:10,928 RCV reinforcement info
2018-06-11 16:24:10,934 , 77.29626655168784
2018-06-11 16:24:11,099 RCV reinforcement info
2018-06-11 16:24:11,102 , 77.37082226618878
2018-06-11 16:24:11,352 RCV reinforcement info
2018-06-11 16:24:11,357 , 77.48016721504204
2018-06-11 16:24:11,517 RF found but not transmitted
2018-06-11 16:24:11,597 RCV reinforcement info
2018-06-11 16:24:11,601 , 77.69201998961957
2018-06-11 16:24:11,611 RCV reinforcement info
2018-06-11 16:24:11,615 , 77.98766258980758
2018-06-11 16:24:11,660 RCV commit
2018-06-11 16:24:11,779 appended malicious commit 6dfd8d1875 on top of da258a8805
2018-06-11 16:24:11,845 Weight: 36.28980969871369 #RFs 17
2018-06-11 16:24:11,845 weight: 36.28980969871369
2018-06-11 16:24:11,846 , 36.28980969871369
2018-06-11 16:24:11,985 RF found but not transmitted
2018-06-11 16:24:12,206 RF found but not transmitted
2018-06-11 16:24:13,657 RCV reinforcement info
2018-06-11 16:24:13,663 , 78.07053470720358
2018-06-11 16:24:14,076 RF found but not transmitted
2018-06-11 16:24:14,338 RF found but not transmitted
2018-06-11 16:24:14,340 RF found
2018-06-11 16:24:14,343 SNT reinforcement_information
2018-06-11 16:24:14,673 RCV reinforcement info
2018-06-11 16:24:14,695 , 78.32905433094703
2018-06-11 16:24:14,703 RCV proposal
2018-06-11 16:24:14,719 appended honest propose 103d703b82 on top of a46f29b4c7
2018-06-11 16:24:14,720 REINFORCEMENT SENT state
2018-06-11 16:24:14,720 RFs > 0 
2018-06-11 16:24:14,721 SNT reinforcement
2018-06-11 16:24:14,930 RF found but not transmitted
2018-06-11 16:24:15,022 SNT reinforcement_information
2018-06-11 16:24:15,081 RF found but not transmitted
2018-06-11 16:24:15,133 SNT reinforcement
2018-06-11 16:24:15,259 RCV reinforcement
2018-06-11 16:24:15,281 RCV reinforcement
2018-06-11 16:24:15,283 RCV reinforcement
2018-06-11 16:24:15,285 RCV reinforcement
2018-06-11 16:24:15,639 RCV reinforcement info
2018-06-11 16:24:15,644 , 79.42229654271901
2018-06-11 16:24:15,646 RF found but not transmitted
2018-06-11 16:24:15,661 RF found but not transmitted
2018-06-11 16:24:15,731 RCV reinforcement
2018-06-11 16:24:15,797 RF found but not transmitted
2018-06-11 16:24:15,804 SNT reinforcement_information
2018-06-11 16:24:15,927 SNT reinforcement
