2018-06-11 16:20:08,748 ---------------------------------------------------------
2018-06-11 16:20:08,752 MALICIOUS MINING state
2018-06-11 16:20:09,765 start mining - depth 0
2018-06-11 16:20:09,766 start mining - hash a3450a9baa268c9d083de6bbbb2793d0b62fd1a2fe6b02b80aa7e706cae084ee
2018-06-11 16:20:10,487 RCV reinforcement info
2018-06-11 16:20:11,681 RCV reinforcement info
2018-06-11 16:20:12,038 RCV reinforcement info
2018-06-11 16:20:13,290 RCV reinforcement info
2018-06-11 16:20:15,084 RF found but not transmitted
2018-06-11 16:20:15,104 RF found but not transmitted
2018-06-11 16:20:16,445 RCV reinforcement info
2018-06-11 16:20:16,689 RCV reinforcement info
2018-06-11 16:20:17,865 RCV reinforcement info
2018-06-11 16:20:18,089 RCV reinforcement info
2018-06-11 16:20:18,442 RCV reinforcement info
2018-06-11 16:20:19,594 RCV reinforcement info
2018-06-11 16:20:21,091 RCV reinforcement info
2018-06-11 16:20:21,110 RCV reinforcement info
2018-06-11 16:20:21,525 RF found but not transmitted
2018-06-11 16:20:21,585 RCV reinforcement info
2018-06-11 16:20:21,912 RCV reinforcement info
2018-06-11 16:20:22,232 RCV reinforcement info
2018-06-11 16:20:22,290 RCV reinforcement info
2018-06-11 16:20:22,348 RCV reinforcement info
2018-06-11 16:20:22,482 RF found but not transmitted
2018-06-11 16:20:23,319 RCV reinforcement info
2018-06-11 16:20:23,583 RCV reinforcement info
2018-06-11 16:20:23,644 RCV reinforcement info
2018-06-11 16:20:23,661 RCV reinforcement info
2018-06-11 16:20:25,093 RCV reinforcement info
2018-06-11 16:20:25,370 RCV reinforcement info
2018-06-11 16:20:26,008 RCV proposal
2018-06-11 16:20:26,011 appended honest propose 0951d7c2b3 on top of a3450a9baa
2018-06-11 16:20:26,145 RCV reinforcement
2018-06-11 16:20:26,154 RCV reinforcement
2018-06-11 16:20:26,178 RCV reinforcement
2018-06-11 16:20:26,182 RCV reinforcement
2018-06-11 16:20:26,192 RCV reinforcement
2018-06-11 16:20:26,196 RCV reinforcement
2018-06-11 16:20:26,258 RCV reinforcement info
2018-06-11 16:20:26,335 RCV reinforcement info
2018-06-11 16:20:26,344 RCV reinforcement
2018-06-11 16:20:26,405 RCV reinforcement
2018-06-11 16:20:26,814 RCV reinforcement info
2018-06-11 16:20:26,841 RCV reinforcement info
2018-06-11 16:20:26,893 RCV reinforcement
2018-06-11 16:20:26,907 RCV reinforcement
2018-06-11 16:20:27,577 RCV commit
2018-06-11 16:20:27,690 appended honest commit dc53021a90 on top of 0951d7c2b3
2018-06-11 16:20:27,770 Weight: 5.196750014174277 #RFs 27
2018-06-11 16:20:27,770 weight: 5.196750014174277
2018-06-11 16:20:27,770 , 5.196750014174277
2018-06-11 16:20:27,771 start mining - depth 1
2018-06-11 16:20:27,772 start mining - hash dc53021a90768e523c086a46c165444aebb0af34ac2ea7892f28bd17efbb3a32
2018-06-11 16:20:28,211 RCV reinforcement info
2018-06-11 16:20:28,309 RCV reinforcement info
2018-06-11 16:20:29,360 RCV reinforcement info
2018-06-11 16:20:29,725 RCV reinforcement info
2018-06-11 16:20:30,021 RCV reinforcement info
2018-06-11 16:20:31,457 RCV reinforcement info
2018-06-11 16:20:33,164 RCV reinforcement info
2018-06-11 16:20:33,321 RCV reinforcement info
2018-06-11 16:20:33,544 RCV reinforcement info
2018-06-11 16:20:36,936 RCV reinforcement info
2018-06-11 16:20:39,000 RCV reinforcement info
2018-06-11 16:20:39,189 RCV reinforcement info
2018-06-11 16:20:39,234 RCV reinforcement info
2018-06-11 16:20:40,370 RCV reinforcement info
2018-06-11 16:20:40,435 RCV reinforcement info
2018-06-11 16:20:40,618 RCV reinforcement info
2018-06-11 16:20:43,383 RCV reinforcement info
2018-06-11 16:20:44,477 RCV reinforcement info
2018-06-11 16:20:45,957 RCV reinforcement info
2018-06-11 16:20:46,238 RCV reinforcement info
2018-06-11 16:20:46,680 RCV reinforcement info
2018-06-11 16:20:47,074 RCV reinforcement info
2018-06-11 16:20:47,366 RCV reinforcement info
2018-06-11 16:20:48,609 RCV reinforcement info
2018-06-11 16:20:49,498 RCV reinforcement info
2018-06-11 16:20:49,558 RCV reinforcement info
2018-06-11 16:20:50,919 RCV reinforcement info
2018-06-11 16:20:52,066 RCV reinforcement info
2018-06-11 16:20:52,813 RCV reinforcement info
2018-06-11 16:20:52,958 RCV reinforcement info
2018-06-11 16:20:53,536 RCV proposal
2018-06-11 16:20:53,552 appended honest propose 44bb024aa9 on top of dc53021a90
2018-06-11 16:20:53,657 RCV reinforcement
2018-06-11 16:20:53,675 RCV reinforcement
2018-06-11 16:20:53,694 RCV reinforcement
2018-06-11 16:20:53,698 RCV reinforcement
2018-06-11 16:20:53,702 RCV reinforcement
2018-06-11 16:20:53,712 RCV reinforcement
2018-06-11 16:20:53,989 RCV reinforcement info
2018-06-11 16:20:54,051 RCV reinforcement
2018-06-11 16:20:54,885 RCV reinforcement info
2018-06-11 16:20:54,947 RCV reinforcement
2018-06-11 16:20:54,989 RF found but not transmitted
2018-06-11 16:20:55,133 RCV commit
2018-06-11 16:20:55,291 appended honest commit 4e22fa4ef4 on top of 44bb024aa9
2018-06-11 16:20:55,475 Weight: 11.06472155040379 #RFs 32
2018-06-11 16:20:55,475 weight: 11.06472155040379
2018-06-11 16:20:55,475 , 11.06472155040379
2018-06-11 16:20:55,476 start mining - depth 2
2018-06-11 16:20:55,477 start mining - hash 4e22fa4ef4770542ce7490d58f234368d5ebb6b690151d1dd010f3643ed10a1d
2018-06-11 16:20:55,561 RCV proposal
2018-06-11 16:20:55,564 appended honest propose d9b9f03d6e on top of 4e22fa4ef4
2018-06-11 16:20:56,851 RF found but not transmitted
2018-06-11 16:20:56,852 hash found
2018-06-11 16:20:56,854 SNT malicious_proposal_agreement
2018-06-11 16:20:56,941 RCV reinforcement info
2018-06-11 16:20:57,004 RCV reinforcement
2018-06-11 16:20:57,058 RCV commit
2018-06-11 16:20:57,059 appended honest commit 1fa2fd3c8d on top of d9b9f03d6e
2018-06-11 16:20:57,059 Weight: 12.06472155040379 #RFs 0
2018-06-11 16:20:57,059 weight: 12.06472155040379
2018-06-11 16:20:57,059 , 12.06472155040379
2018-06-11 16:20:57,062 appended malicious propose a8cf6b2f4d on top of 4e22fa4ef4
2018-06-11 16:20:57,062 REINFORCEMENT COLLECTING state
2018-06-11 16:20:57,063 SNT proposal
2018-06-11 16:20:57,297 RCV reinforcement info
2018-06-11 16:20:58,005 RCV reinforcement info
2018-06-11 16:20:58,019 RCV reinforcement info
2018-06-11 16:20:58,570 commit with 0 reinforcements
2018-06-11 16:20:58,573 appended malicious commit 0bc261a19e on top of a8cf6b2f4d
2018-06-11 16:20:58,573 Weight: 12.06472155040379 #RFs 0
2018-06-11 16:20:58,573 weight: 12.06472155040379
2018-06-11 16:20:58,573 , 12.06472155040379
2018-06-11 16:20:58,574 MALICIOUS MINING state
2018-06-11 16:20:58,574 start mining - depth 3
2018-06-11 16:20:58,574 start mining - hash 0bc261a19ee729849daf91dc444b689f597a9dcb5ed76b54caf8825a61e6b823
2018-06-11 16:20:58,575 SNT commit
2018-06-11 16:20:59,399 RCV proposal
2018-06-11 16:20:59,401 appended honest propose 74a961df53 on top of 1fa2fd3c8d
2018-06-11 16:20:59,459 RCV reinforcement
2018-06-11 16:20:59,467 RCV reinforcement
2018-06-11 16:21:00,156 RCV reinforcement info
2018-06-11 16:21:00,212 RCV reinforcement
2018-06-11 16:21:00,488 RF found but not transmitted
2018-06-11 16:21:00,950 RCV commit
2018-06-11 16:21:00,985 appended honest commit 1af8ad4740 on top of 74a961df53
2018-06-11 16:21:00,993 Weight: 13.789772943030137 #RFs 4
2018-06-11 16:21:01,011 weight: 13.789772943030137
2018-06-11 16:21:01,011 , 13.789772943030137
2018-06-11 16:21:01,998 RCV reinforcement info
2018-06-11 16:21:02,062 RCV reinforcement info
2018-06-11 16:21:02,554 RCV reinforcement info
2018-06-11 16:21:02,609 RCV reinforcement info
2018-06-11 16:21:02,626 RCV reinforcement info
2018-06-11 16:21:02,700 RCV reinforcement info
2018-06-11 16:21:02,938 RCV reinforcement info
2018-06-11 16:21:04,479 RCV reinforcement info
2018-06-11 16:21:04,871 RF found but not transmitted
2018-06-11 16:21:05,448 RCV reinforcement info
2018-06-11 16:21:06,887 RCV reinforcement info
2018-06-11 16:21:07,928 RCV reinforcement info
2018-06-11 16:21:09,959 RCV proposal
2018-06-11 16:21:09,962 appended honest propose 1d65de177c on top of 1af8ad4740
2018-06-11 16:21:10,145 RCV reinforcement
2018-06-11 16:21:10,188 RCV reinforcement
2018-06-11 16:21:10,211 RCV reinforcement
2018-06-11 16:21:10,216 RCV reinforcement
2018-06-11 16:21:10,235 RCV reinforcement
2018-06-11 16:21:10,319 RCV reinforcement info
2018-06-11 16:21:10,387 RCV reinforcement
2018-06-11 16:21:10,442 RCV reinforcement info
2018-06-11 16:21:10,504 RCV reinforcement
2018-06-11 16:21:10,550 RCV reinforcement info
2018-06-11 16:21:10,597 RF found but not transmitted
2018-06-11 16:21:10,615 RCV reinforcement
2018-06-11 16:21:11,496 RCV commit
2018-06-11 16:21:11,579 appended honest commit 6e71542c6f on top of 1d65de177c
2018-06-11 16:21:11,646 Weight: 17.39088182832648 #RFs 14
2018-06-11 16:21:11,646 weight: 17.39088182832648
2018-06-11 16:21:11,646 , 17.39088182832648
2018-06-11 16:21:12,874 RCV reinforcement info
2018-06-11 16:21:13,083 RCV reinforcement info
2018-06-11 16:21:13,469 RCV reinforcement info
2018-06-11 16:21:13,553 RCV reinforcement info
2018-06-11 16:21:13,580 RCV proposal
2018-06-11 16:21:13,583 appended honest propose 2b4d5fa8bb on top of 6e71542c6f
2018-06-11 16:21:13,672 RCV reinforcement info
2018-06-11 16:21:13,698 RCV reinforcement
2018-06-11 16:21:13,706 RCV reinforcement info
2018-06-11 16:21:13,726 RCV reinforcement
2018-06-11 16:21:13,784 RCV reinforcement
2018-06-11 16:21:13,805 RCV reinforcement
2018-06-11 16:21:14,008 RCV reinforcement info
2018-06-11 16:21:14,081 RCV reinforcement
2018-06-11 16:21:14,152 RF found but not transmitted
2018-06-11 16:21:14,760 RCV reinforcement info
2018-06-11 16:21:14,831 RCV reinforcement
2018-06-11 16:21:15,090 RCV reinforcement info
2018-06-11 16:21:15,128 RCV commit
2018-06-11 16:21:15,165 appended honest commit c651a332f6 on top of 2b4d5fa8bb
2018-06-11 16:21:15,204 Weight: 21.10860770821536 #RFs 8
2018-06-11 16:21:15,205 weight: 21.10860770821536
2018-06-11 16:21:15,205 , 21.10860770821536
2018-06-11 16:21:15,249 RCV reinforcement
2018-06-11 16:21:15,273 RF found but not transmitted
2018-06-11 16:21:15,772 RCV reinforcement info
2018-06-11 16:21:16,014 RCV reinforcement info
2018-06-11 16:21:16,673 RCV reinforcement info
2018-06-11 16:21:16,702 RF found but not transmitted
2018-06-11 16:21:17,053 RCV reinforcement info
2018-06-11 16:21:17,321 RCV reinforcement info
2018-06-11 16:21:18,320 RCV reinforcement info
2018-06-11 16:21:18,368 RCV reinforcement info
2018-06-11 16:21:19,151 RF found but not transmitted
2018-06-11 16:21:19,532 RCV reinforcement info
2018-06-11 16:21:20,474 RCV reinforcement info
2018-06-11 16:21:21,586 RF found but not transmitted
2018-06-11 16:21:21,588 RCV reinforcement info
2018-06-11 16:21:21,974 RCV reinforcement info
2018-06-11 16:21:23,165 RCV proposal
2018-06-11 16:21:23,168 appended honest propose 1b37507aff on top of c651a332f6
2018-06-11 16:21:23,264 RCV reinforcement
2018-06-11 16:21:23,277 RCV reinforcement
2018-06-11 16:21:23,296 RCV reinforcement
2018-06-11 16:21:23,306 RCV reinforcement
2018-06-11 16:21:23,916 RCV reinforcement info
2018-06-11 16:21:23,992 RCV reinforcement
2018-06-11 16:21:24,007 RCV reinforcement info
2018-06-11 16:21:24,071 RCV reinforcement
2018-06-11 16:21:24,411 RCV reinforcement info
2018-06-11 16:21:24,468 RCV reinforcement
2018-06-11 16:21:24,709 RCV commit
2018-06-11 16:21:24,787 appended honest commit 3c323cbd23 on top of 1b37507aff
2018-06-11 16:21:24,861 Weight: 24.397931911603386 #RFs 12
2018-06-11 16:21:24,862 weight: 24.397931911603386
2018-06-11 16:21:24,862 , 24.397931911603386
2018-06-11 16:21:25,016 RCV reinforcement info
2018-06-11 16:21:26,534 RCV reinforcement info
2018-06-11 16:21:27,077 RCV reinforcement info
2018-06-11 16:21:27,267 RCV reinforcement info
2018-06-11 16:21:27,413 RF found but not transmitted
2018-06-11 16:21:27,580 RCV reinforcement info
2018-06-11 16:21:27,701 RCV reinforcement info
2018-06-11 16:21:28,426 RCV reinforcement info
2018-06-11 16:21:28,825 RCV reinforcement info
2018-06-11 16:21:29,920 RCV reinforcement info
2018-06-11 16:21:30,477 RCV reinforcement info
2018-06-11 16:21:31,159 RCV reinforcement info
2018-06-11 16:21:31,603 RCV reinforcement info
2018-06-11 16:21:32,161 RF found but not transmitted
2018-06-11 16:21:32,237 RCV reinforcement info
2018-06-11 16:21:32,465 RCV reinforcement info
2018-06-11 16:21:32,695 RCV reinforcement info
2018-06-11 16:21:33,660 RCV reinforcement info
2018-06-11 16:21:34,020 RCV reinforcement info
2018-06-11 16:21:35,389 RCV reinforcement info
2018-06-11 16:21:35,841 RCV reinforcement info
2018-06-11 16:21:36,023 RCV reinforcement info
2018-06-11 16:21:36,432 RCV reinforcement info
2018-06-11 16:21:37,025 RF found but not transmitted
2018-06-11 16:21:37,752 RCV reinforcement info
2018-06-11 16:21:38,338 RF found but not transmitted
2018-06-11 16:21:39,153 RCV reinforcement info
2018-06-11 16:21:41,285 RCV reinforcement info
2018-06-11 16:21:41,344 RCV reinforcement info
2018-06-11 16:21:41,799 RCV reinforcement info
2018-06-11 16:21:42,172 RCV reinforcement info
2018-06-11 16:21:43,282 RF found but not transmitted
2018-06-11 16:21:43,911 RCV reinforcement info
2018-06-11 16:21:43,962 RCV reinforcement info
2018-06-11 16:21:44,423 RCV proposal
2018-06-11 16:21:44,426 appended honest propose b9afa58200 on top of 3c323cbd23
2018-06-11 16:21:44,548 RCV reinforcement
2018-06-11 16:21:44,556 RCV reinforcement
2018-06-11 16:21:44,562 RCV reinforcement
2018-06-11 16:21:44,585 RCV reinforcement
2018-06-11 16:21:44,600 RCV reinforcement
2018-06-11 16:21:44,633 RCV reinforcement
2018-06-11 16:21:44,785 RF found but not transmitted
2018-06-11 16:21:46,040 RCV commit
2018-06-11 16:21:46,208 appended honest commit 8b06b014a1 on top of b9afa58200
2018-06-11 16:21:46,354 Weight: 30.042874185783546 #RFs 29
2018-06-11 16:21:46,355 weight: 30.042874185783546
2018-06-11 16:21:46,355 , 30.042874185783546
2018-06-11 16:21:46,888 RCV reinforcement info
2018-06-11 16:21:47,085 RF found but not transmitted
2018-06-11 16:21:48,031 RCV reinforcement info
2018-06-11 16:21:48,378 RCV reinforcement info
2018-06-11 16:21:49,401 RCV reinforcement info
2018-06-11 16:21:50,237 RCV reinforcement info
2018-06-11 16:21:50,901 RCV reinforcement info
2018-06-11 16:21:51,502 RCV reinforcement info
2018-06-11 16:21:51,734 RCV reinforcement info
2018-06-11 16:21:52,164 RCV reinforcement info
2018-06-11 16:21:52,327 RCV reinforcement info
2018-06-11 16:21:53,736 RCV reinforcement info
2018-06-11 16:21:53,995 RCV proposal
2018-06-11 16:21:53,998 appended honest propose 1a0a1e989a on top of 8b06b014a1
2018-06-11 16:21:54,067 RCV reinforcement
2018-06-11 16:21:54,083 RCV reinforcement
2018-06-11 16:21:54,099 RCV reinforcement
2018-06-11 16:21:55,227 RCV reinforcement info
2018-06-11 16:21:55,282 RCV reinforcement
2018-06-11 16:21:55,523 RCV commit
2018-06-11 16:21:55,604 appended honest commit d4d4f5fdb1 on top of 1a0a1e989a
2018-06-11 16:21:55,636 Weight: 33.091278246428004 #RFs 12
2018-06-11 16:21:55,637 weight: 33.091278246428004
2018-06-11 16:21:55,637 , 33.091278246428004
2018-06-11 16:21:56,032 RF found but not transmitted
2018-06-11 16:21:57,530 RCV proposal
2018-06-11 16:21:57,533 appended honest propose 7eb01d21d6 on top of d4d4f5fdb1
2018-06-11 16:21:57,611 RCV reinforcement info
2018-06-11 16:21:57,667 RCV reinforcement
2018-06-11 16:21:57,844 RCV reinforcement info
2018-06-11 16:21:57,910 RCV reinforcement
2018-06-11 16:21:58,008 RCV reinforcement info
2018-06-11 16:21:58,067 RCV reinforcement
2018-06-11 16:21:58,182 RCV reinforcement info
2018-06-11 16:21:58,256 RCV reinforcement
2018-06-11 16:21:58,856 RCV reinforcement info
2018-06-11 16:21:58,918 RCV reinforcement
2018-06-11 16:21:58,924 RF found but not transmitted
2018-06-11 16:21:59,055 RCV commit
2018-06-11 16:21:59,109 appended honest commit 17cf0e3acb on top of 7eb01d21d6
2018-06-11 16:21:59,119 Weight: 34.591089455702786 #RFs 5
2018-06-11 16:21:59,119 weight: 34.591089455702786
2018-06-11 16:21:59,119 , 34.591089455702786
2018-06-11 16:21:59,654 RCV reinforcement info
2018-06-11 16:21:59,716 RCV reinforcement info
2018-06-11 16:22:00,670 RCV reinforcement info
2018-06-11 16:22:00,875 RF found but not transmitted
2018-06-11 16:22:01,153 RCV reinforcement info
2018-06-11 16:22:03,128 RCV reinforcement info
2018-06-11 16:22:05,175 RCV reinforcement info
2018-06-11 16:22:06,061 RCV reinforcement info
2018-06-11 16:22:06,094 RCV reinforcement info
2018-06-11 16:22:06,259 RF found but not transmitted
2018-06-11 16:22:06,836 RCV reinforcement info
2018-06-11 16:22:07,690 RF found but not transmitted
2018-06-11 16:22:07,791 RCV reinforcement info
2018-06-11 16:22:09,523 RCV reinforcement info
2018-06-11 16:22:10,265 RCV reinforcement info
2018-06-11 16:22:10,992 RCV reinforcement info
2018-06-11 16:22:11,016 RCV reinforcement info
2018-06-11 16:22:11,361 RCV reinforcement info
2018-06-11 16:22:12,102 RCV reinforcement info
2018-06-11 16:22:12,463 RCV reinforcement info
2018-06-11 16:22:12,624 RCV reinforcement info
2018-06-11 16:22:13,093 RCV reinforcement info
2018-06-11 16:22:13,299 RCV reinforcement info
2018-06-11 16:22:14,131 RF found but not transmitted
2018-06-11 16:22:14,450 RCV reinforcement info
2018-06-11 16:22:14,948 RCV reinforcement info
2018-06-11 16:22:15,010 RF found but not transmitted
2018-06-11 16:22:15,213 RF found but not transmitted
2018-06-11 16:22:15,261 RCV reinforcement info
2018-06-11 16:22:15,496 RF found but not transmitted
2018-06-11 16:22:15,790 RF found but not transmitted
2018-06-11 16:22:15,941 RCV reinforcement info
2018-06-11 16:22:15,956 RCV reinforcement info
2018-06-11 16:22:16,500 RCV reinforcement info
2018-06-11 16:22:18,479 RCV reinforcement info
2018-06-11 16:22:19,036 RCV reinforcement info
2018-06-11 16:22:19,275 RCV reinforcement info
2018-06-11 16:22:19,994 RCV reinforcement info
2018-06-11 16:22:21,194 RCV reinforcement info
2018-06-11 16:22:22,380 RCV reinforcement info
2018-06-11 16:22:22,636 RCV reinforcement info
2018-06-11 16:22:22,770 RCV reinforcement info
2018-06-11 16:22:24,220 RCV reinforcement info
2018-06-11 16:22:24,317 RCV reinforcement info
2018-06-11 16:22:25,031 RCV reinforcement info
2018-06-11 16:22:25,987 RCV proposal
2018-06-11 16:22:25,990 appended honest propose da84d11e53 on top of 17cf0e3acb
2018-06-11 16:22:26,057 RF found but not transmitted
2018-06-11 16:22:26,110 RCV reinforcement
2018-06-11 16:22:26,113 RCV reinforcement
2018-06-11 16:22:26,134 RCV reinforcement
2018-06-11 16:22:26,158 RCV reinforcement
2018-06-11 16:22:26,176 RCV reinforcement
2018-06-11 16:22:26,205 RCV reinforcement
2018-06-11 16:22:26,254 RCV reinforcement info
2018-06-11 16:22:26,317 RCV reinforcement
2018-06-11 16:22:26,877 RCV reinforcement info
2018-06-11 16:22:26,940 RCV reinforcement
2018-06-11 16:22:27,462 RCV reinforcement info
2018-06-11 16:22:27,527 RCV reinforcement
2018-06-11 16:22:27,607 RCV reinforcement info
2018-06-11 16:22:27,643 RCV commit
2018-06-11 16:22:27,845 appended honest commit 77dd0c74a0 on top of da84d11e53
2018-06-11 16:22:28,033 Weight: 44.52839334610773 #RFs 39
2018-06-11 16:22:28,033 weight: 44.52839334610773
2018-06-11 16:22:28,034 , 44.52839334610773
2018-06-11 16:22:28,040 RCV reinforcement
2018-06-11 16:22:28,203 RCV reinforcement info
2018-06-11 16:22:28,789 RCV reinforcement info
2018-06-11 16:22:28,934 RCV reinforcement info
2018-06-11 16:22:30,233 RCV reinforcement info
2018-06-11 16:22:30,972 RCV reinforcement info
2018-06-11 16:22:31,437 RCV reinforcement info
2018-06-11 16:22:32,686 RCV reinforcement info
2018-06-11 16:22:32,814 RF found but not transmitted
2018-06-11 16:22:32,925 RF found but not transmitted
2018-06-11 16:22:33,333 RCV reinforcement info
2018-06-11 16:22:34,432 RCV reinforcement info
2018-06-11 16:22:35,465 RCV reinforcement info
2018-06-11 16:22:36,744 RCV reinforcement info
2018-06-11 16:22:37,853 RCV reinforcement info
2018-06-11 16:22:37,996 RF found but not transmitted
2018-06-11 16:22:38,400 RCV reinforcement info
2018-06-11 16:22:38,791 RCV reinforcement info
2018-06-11 16:22:39,219 RF found but not transmitted
2018-06-11 16:22:39,467 RCV reinforcement info
2018-06-11 16:22:39,586 RCV reinforcement info
2018-06-11 16:22:40,090 RCV reinforcement info
2018-06-11 16:22:41,299 RCV reinforcement info
2018-06-11 16:22:41,906 RCV reinforcement info
2018-06-11 16:22:42,298 RCV reinforcement info
2018-06-11 16:22:42,426 RF found but not transmitted
2018-06-11 16:22:43,402 RCV reinforcement info
2018-06-11 16:22:44,876 RCV reinforcement info
2018-06-11 16:22:44,880 RCV reinforcement info
2018-06-11 16:22:45,598 RCV reinforcement info
2018-06-11 16:22:45,834 RCV reinforcement info
2018-06-11 16:22:46,572 RCV reinforcement info
2018-06-11 16:22:47,021 RCV proposal
2018-06-11 16:22:47,025 appended honest propose 41519c20f2 on top of 77dd0c74a0
2018-06-11 16:22:47,149 RCV reinforcement
2018-06-11 16:22:47,205 RCV reinforcement
2018-06-11 16:22:47,215 RCV reinforcement
2018-06-11 16:22:47,225 RCV reinforcement
2018-06-11 16:22:47,253 RCV reinforcement
2018-06-11 16:22:47,262 RCV reinforcement
2018-06-11 16:22:47,555 RCV reinforcement info
2018-06-11 16:22:47,650 RCV reinforcement
2018-06-11 16:22:47,756 RCV reinforcement info
2018-06-11 16:22:47,835 RCV reinforcement
2018-06-11 16:22:47,865 RCV reinforcement info
2018-06-11 16:22:47,942 RCV reinforcement
2018-06-11 16:22:48,644 RCV commit
2018-06-11 16:22:48,858 appended honest commit 9fb1621e76 on top of 41519c20f2
2018-06-11 16:22:49,046 Weight: 51.45031787592893 #RFs 29
2018-06-11 16:22:49,046 weight: 51.45031787592893
2018-06-11 16:22:49,047 , 51.45031787592893
2018-06-11 16:22:49,278 RCV reinforcement info
2018-06-11 16:22:49,515 RCV reinforcement info
2018-06-11 16:22:49,845 RCV reinforcement info
2018-06-11 16:22:51,030 RF found but not transmitted
2018-06-11 16:22:52,282 RCV reinforcement info
2018-06-11 16:22:53,429 RCV reinforcement info
2018-06-11 16:22:53,675 RF found but not transmitted
2018-06-11 16:22:53,812 RCV reinforcement info
2018-06-11 16:22:53,834 RCV reinforcement info
2018-06-11 16:22:54,580 RCV proposal
2018-06-11 16:22:54,586 appended honest propose d5de3c6792 on top of 9fb1621e76
2018-06-11 16:22:54,720 RCV reinforcement
2018-06-11 16:22:54,732 RCV reinforcement
2018-06-11 16:22:54,746 RCV reinforcement
2018-06-11 16:22:55,670 RF found but not transmitted
2018-06-11 16:22:56,112 RCV commit
2018-06-11 16:22:56,162 appended honest commit 33ae93982f on top of d5de3c6792
2018-06-11 16:22:56,224 Weight: 53.58938016231564 #RFs 7
2018-06-11 16:22:56,224 weight: 53.58938016231564
2018-06-11 16:22:56,224 , 53.58938016231564
2018-06-11 16:22:56,954 RCV reinforcement info
2018-06-11 16:22:56,978 RCV reinforcement info
2018-06-11 16:22:57,123 RCV reinforcement info
2018-06-11 16:22:57,172 RF found but not transmitted
2018-06-11 16:22:57,233 RCV reinforcement info
2018-06-11 16:22:57,430 RCV reinforcement info
2018-06-11 16:22:58,078 RCV reinforcement info
2018-06-11 16:22:58,171 RCV reinforcement info
2018-06-11 16:22:58,936 RCV proposal
2018-06-11 16:22:58,939 appended honest propose 6eb9b13e17 on top of 33ae93982f
2018-06-11 16:22:59,054 RCV reinforcement
2018-06-11 16:22:59,088 RCV reinforcement
2018-06-11 16:22:59,115 RCV reinforcement
2018-06-11 16:22:59,130 RCV reinforcement
2018-06-11 16:22:59,226 RCV reinforcement info
2018-06-11 16:22:59,379 RCV reinforcement info
2018-06-11 16:22:59,410 RCV reinforcement
2018-06-11 16:22:59,497 RCV reinforcement
2018-06-11 16:23:00,033 RCV reinforcement info
2018-06-11 16:23:00,103 RCV reinforcement
2018-06-11 16:23:00,517 RCV commit
2018-06-11 16:23:00,569 appended honest commit 3158fee8b1 on top of 6eb9b13e17
2018-06-11 16:23:00,618 Weight: 56.55666444459248 #RFs 10
2018-06-11 16:23:00,618 weight: 56.55666444459248
2018-06-11 16:23:00,618 , 56.55666444459248
2018-06-11 16:23:00,961 RCV reinforcement info
2018-06-11 16:23:02,473 RCV reinforcement info
2018-06-11 16:23:02,490 RCV reinforcement info
2018-06-11 16:23:02,935 RCV reinforcement info
2018-06-11 16:23:03,016 RCV reinforcement info
2018-06-11 16:23:03,223 RCV reinforcement info
2018-06-11 16:23:03,254 RF found but not transmitted
2018-06-11 16:23:03,255 hash found
2018-06-11 16:23:03,259 appended malicious propose a135ef2cf7 on top of 0bc261a19e
2018-06-11 16:23:03,259 REINFORCEMENT COLLECTING state
2018-06-11 16:23:03,314 SNT proposal
2018-06-11 16:23:03,500 RCV reinforcement
2018-06-11 16:23:03,536 RCV reinforcement
2018-06-11 16:23:04,770 RCV reinforcement
2018-06-11 16:23:04,818 commit with 3 reinforcements
2018-06-11 16:23:04,927 appended malicious commit c5828faae0 on top of a135ef2cf7
2018-06-11 16:23:05,031 Weight: 27.975285142959017 #RFs 84
2018-06-11 16:23:05,031 weight: 27.975285142959017
2018-06-11 16:23:05,031 , 27.975285142959017
2018-06-11 16:23:05,033 MALICIOUS MINING state
2018-06-11 16:23:05,034 start mining - depth 4
2018-06-11 16:23:05,034 start mining - hash c5828faae0b4c235ee59beb1bc4e9a71cd38e47e6f271e5352bcaa235e78d88e
2018-06-11 16:23:05,034 Hashing frequency: 9231
2018-06-11 16:23:05,035 SNT commit
2018-06-11 16:23:05,413 RF found but not transmitted
2018-06-11 16:23:07,628 RCV reinforcement info
2018-06-11 16:23:08,328 RCV reinforcement info
2018-06-11 16:23:09,864 RCV reinforcement info
2018-06-11 16:23:10,233 RCV reinforcement info
2018-06-11 16:23:10,935 RCV reinforcement info
2018-06-11 16:23:11,145 RCV reinforcement info
2018-06-11 16:23:12,193 RCV reinforcement info
2018-06-11 16:23:12,817 RCV reinforcement info
2018-06-11 16:23:13,068 RCV reinforcement info
2018-06-11 16:23:13,633 RF found but not transmitted
2018-06-11 16:23:14,505 RCV reinforcement info
2018-06-11 16:23:14,608 RCV reinforcement info
2018-06-11 16:23:14,813 RF found but not transmitted
2018-06-11 16:23:16,019 RCV reinforcement info
2018-06-11 16:23:16,853 RF found but not transmitted
2018-06-11 16:23:17,103 RF found but not transmitted
2018-06-11 16:23:17,751 RCV reinforcement info
2018-06-11 16:23:18,976 RCV proposal
2018-06-11 16:23:18,979 appended honest propose 4955380b7a on top of 3158fee8b1
2018-06-11 16:23:19,124 RCV reinforcement
2018-06-11 16:23:19,132 RCV reinforcement
2018-06-11 16:23:19,160 RCV reinforcement
2018-06-11 16:23:19,170 RCV reinforcement
2018-06-11 16:23:19,181 RCV reinforcement
2018-06-11 16:23:19,214 RCV reinforcement
2018-06-11 16:23:19,278 RCV reinforcement info
2018-06-11 16:23:19,310 RCV reinforcement info
2018-06-11 16:23:19,378 RCV reinforcement
2018-06-11 16:23:19,398 RCV reinforcement
2018-06-11 16:23:19,896 RCV reinforcement info
2018-06-11 16:23:19,957 RCV reinforcement
2018-06-11 16:23:20,070 RCV reinforcement info
2018-06-11 16:23:20,140 RCV reinforcement
2018-06-11 16:23:20,155 RF found but not transmitted
2018-06-11 16:23:20,178 RCV reinforcement info
2018-06-11 16:23:20,264 RCV reinforcement
2018-06-11 16:23:20,570 RCV commit
2018-06-11 16:23:20,707 appended honest commit c322f577cb on top of 4955380b7a
2018-06-11 16:23:20,833 Weight: 62.21914084893712 #RFs 24
2018-06-11 16:23:20,834 weight: 62.21914084893712
2018-06-11 16:23:20,834 , 62.21914084893712
2018-06-11 16:23:23,241 RCV reinforcement info
2018-06-11 16:23:23,906 RF found but not transmitted
2018-06-11 16:23:24,075 RCV reinforcement info
2018-06-11 16:23:24,151 RCV reinforcement info
2018-06-11 16:23:24,342 RCV reinforcement info
2018-06-11 16:23:24,362 RCV reinforcement info
2018-06-11 16:23:24,662 RCV reinforcement info
2018-06-11 16:23:24,839 RF found but not transmitted
2018-06-11 16:23:25,311 RCV reinforcement info
2018-06-11 16:23:25,738 RF found but not transmitted
2018-06-11 16:23:26,040 RF found but not transmitted
2018-06-11 16:23:27,411 RCV reinforcement info
2018-06-11 16:23:28,361 RCV reinforcement info
2018-06-11 16:23:30,309 RF found but not transmitted
2018-06-11 16:23:30,446 RCV reinforcement info
2018-06-11 16:23:31,253 RF found but not transmitted
2018-06-11 16:23:32,364 RCV reinforcement info
2018-06-11 16:23:32,442 RCV reinforcement info
2018-06-11 16:23:32,638 RCV reinforcement info
2018-06-11 16:23:32,757 RCV reinforcement info
2018-06-11 16:23:32,842 RCV reinforcement info
2018-06-11 16:23:32,869 RCV reinforcement info
2018-06-11 16:23:33,188 RCV reinforcement info
2018-06-11 16:23:33,234 RCV reinforcement info
2018-06-11 16:23:33,458 RF found but not transmitted
2018-06-11 16:23:33,510 RCV reinforcement info
2018-06-11 16:23:33,546 RF found but not transmitted
2018-06-11 16:23:34,029 RF found but not transmitted
2018-06-11 16:23:35,856 RCV reinforcement info
2018-06-11 16:23:36,342 RCV reinforcement info
2018-06-11 16:23:36,384 RF found but not transmitted
2018-06-11 16:23:36,512 RCV reinforcement info
2018-06-11 16:23:37,132 RCV reinforcement info
2018-06-11 16:23:37,783 RCV reinforcement info
2018-06-11 16:23:38,412 RCV reinforcement info
2018-06-11 16:23:38,685 RCV reinforcement info
2018-06-11 16:23:38,736 RF found but not transmitted
2018-06-11 16:23:38,739 hash found
2018-06-11 16:23:38,746 appended malicious propose 17f60892f3 on top of c5828faae0
2018-06-11 16:23:38,746 REINFORCEMENT COLLECTING state
2018-06-11 16:23:38,811 SNT proposal
2018-06-11 16:23:38,947 RCV reinforcement
2018-06-11 16:23:38,969 RCV reinforcement
2018-06-11 16:23:39,445 RCV reinforcement info
2018-06-11 16:23:40,317 commit with 3 reinforcements
2018-06-11 16:23:40,352 appended malicious commit 56860abb61 on top of 17f60892f3
2018-06-11 16:23:40,381 Weight: 31.945081462520964 #RFs 22
2018-06-11 16:23:40,382 weight: 31.945081462520964
2018-06-11 16:23:40,382 , 31.945081462520964
2018-06-11 16:23:40,384 MALICIOUS MINING state
2018-06-11 16:23:40,385 start mining - depth 5
2018-06-11 16:23:40,386 start mining - hash 56860abb616f9e14342ab35aa504734b232db4058321326850fd8a45d9d97fb1
2018-06-11 16:23:40,387 SNT commit
2018-06-11 16:23:41,687 RCV reinforcement info
2018-06-11 16:23:41,843 RCV proposal
2018-06-11 16:23:41,847 appended honest propose 8bec5794d9 on top of c322f577cb
2018-06-11 16:23:41,983 RCV reinforcement
2018-06-11 16:23:42,000 RCV reinforcement
2018-06-11 16:23:42,012 RCV reinforcement
2018-06-11 16:23:42,018 RCV reinforcement
2018-06-11 16:23:42,022 RCV reinforcement
2018-06-11 16:23:42,035 RCV reinforcement
2018-06-11 16:23:42,121 RCV reinforcement info
2018-06-11 16:23:42,194 RCV reinforcement
2018-06-11 16:23:43,096 RCV reinforcement info
2018-06-11 16:23:43,158 RCV reinforcement
2018-06-11 16:23:43,489 RCV commit
2018-06-11 16:23:43,660 appended honest commit 3b7e4495d1 on top of 8bec5794d9
2018-06-11 16:23:43,820 Weight: 68.16154392197076 #RFs 30
2018-06-11 16:23:43,820 weight: 68.16154392197076
2018-06-11 16:23:43,820 , 68.16154392197076
2018-06-11 16:23:44,079 RCV reinforcement info
2018-06-11 16:23:44,229 RF found but not transmitted
2018-06-11 16:23:47,256 RCV reinforcement info
2018-06-11 16:23:47,259 RCV reinforcement info
2018-06-11 16:23:47,585 RCV reinforcement info
2018-06-11 16:23:48,029 RCV reinforcement info
2018-06-11 16:23:48,220 RCV reinforcement info
2018-06-11 16:23:49,011 RF found but not transmitted
2018-06-11 16:23:49,550 RF found but not transmitted
2018-06-11 16:23:49,624 RCV reinforcement info
2018-06-11 16:23:50,066 RCV reinforcement info
2018-06-11 16:23:50,746 RCV reinforcement info
2018-06-11 16:23:52,270 RCV reinforcement info
2018-06-11 16:23:52,773 RCV reinforcement info
2018-06-11 16:23:53,161 RCV reinforcement info
2018-06-11 16:23:53,638 RCV reinforcement info
2018-06-11 16:23:53,757 RCV reinforcement info
2018-06-11 16:23:54,496 RCV reinforcement info
2018-06-11 16:23:55,770 RCV reinforcement info
2018-06-11 16:23:56,003 RF found but not transmitted
2018-06-11 16:23:56,458 RF found but not transmitted
2018-06-11 16:23:57,151 RCV reinforcement info
2018-06-11 16:23:57,575 RCV reinforcement info
2018-06-11 16:23:57,773 RCV reinforcement info
2018-06-11 16:23:57,866 RCV reinforcement info
2018-06-11 16:23:58,045 RF found but not transmitted
2018-06-11 16:23:58,896 RCV reinforcement info
2018-06-11 16:23:58,897 RF found but not transmitted
2018-06-11 16:23:59,350 RCV proposal
2018-06-11 16:23:59,354 appended honest propose 1f257ec1d6 on top of 3b7e4495d1
2018-06-11 16:23:59,490 RCV reinforcement
2018-06-11 16:23:59,504 RCV reinforcement
2018-06-11 16:23:59,518 RCV reinforcement
2018-06-11 16:23:59,531 RCV reinforcement
2018-06-11 16:23:59,540 RCV reinforcement
2018-06-11 16:23:59,547 RCV reinforcement
2018-06-11 16:23:59,665 RCV reinforcement info
2018-06-11 16:23:59,679 RF found but not transmitted
2018-06-11 16:23:59,750 RCV reinforcement
2018-06-11 16:24:00,777 RCV reinforcement info
2018-06-11 16:24:00,845 RCV reinforcement
2018-06-11 16:24:00,935 RCV commit
2018-06-11 16:24:01,120 appended honest commit 1d9e53305f on top of 1f257ec1d6
2018-06-11 16:24:01,249 Weight: 73.20770439095814 #RFs 21
2018-06-11 16:24:01,262 weight: 73.20770439095814
2018-06-11 16:24:01,262 , 73.20770439095814
2018-06-11 16:24:01,857 RF found but not transmitted
2018-06-11 16:24:03,346 RCV reinforcement info
2018-06-11 16:24:04,512 RF found but not transmitted
2018-06-11 16:24:05,272 RCV reinforcement info
2018-06-11 16:24:05,354 RCV reinforcement info
2018-06-11 16:24:06,120 RF found but not transmitted
2018-06-11 16:24:06,152 RF found but not transmitted
2018-06-11 16:24:06,189 RCV reinforcement info
2018-06-11 16:24:06,405 RF found but not transmitted
2018-06-11 16:24:07,819 RCV reinforcement info
2018-06-11 16:24:08,022 RCV reinforcement info
2018-06-11 16:24:08,199 RF found but not transmitted
2018-06-11 16:24:08,229 RCV reinforcement info
2018-06-11 16:24:08,551 RCV reinforcement info
2018-06-11 16:24:08,622 RCV proposal
2018-06-11 16:24:08,626 appended honest propose 2fab837d04 on top of 1d9e53305f
2018-06-11 16:24:08,748 RCV reinforcement info
2018-06-11 16:24:08,752 RCV reinforcement
2018-06-11 16:24:08,762 RCV reinforcement
2018-06-11 16:24:08,776 RCV reinforcement
2018-06-11 16:24:08,864 RCV reinforcement
2018-06-11 16:24:09,124 RCV reinforcement info
2018-06-11 16:24:09,200 RCV reinforcement
2018-06-11 16:24:09,757 RF found but not transmitted
2018-06-11 16:24:10,032 RCV reinforcement info
2018-06-11 16:24:10,103 RCV reinforcement info
2018-06-11 16:24:10,137 RCV reinforcement
2018-06-11 16:24:10,162 RCV proposal
2018-06-11 16:24:10,165 appended malicious propose da258a8805 on top of 56860abb61
2018-06-11 16:24:10,166 REINFORCEMENT SENT state
2018-06-11 16:24:10,167 SNT reinforcement
2018-06-11 16:24:10,327 RCV reinforcement
2018-06-11 16:24:10,334 RCV reinforcement
2018-06-11 16:24:10,361 RCV commit
2018-06-11 16:24:10,502 appended honest commit a46f29b4c7 on top of 2fab837d04
2018-06-11 16:24:10,531 Weight: 76.9574864204881 #RFs 10
2018-06-11 16:24:10,531 weight: 76.9574864204881
2018-06-11 16:24:10,560 , 76.9574864204881
2018-06-11 16:24:10,598 RCV reinforcement info
2018-06-11 16:24:10,640 RCV reinforcement
2018-06-11 16:24:10,942 RCV reinforcement info
2018-06-11 16:24:11,095 RCV reinforcement info
2018-06-11 16:24:11,349 RCV reinforcement info
2018-06-11 16:24:11,599 RCV reinforcement info
2018-06-11 16:24:11,618 RCV reinforcement info
2018-06-11 16:24:11,643 RCV commit
2018-06-11 16:24:11,769 appended malicious commit 6dfd8d1875 on top of da258a8805
2018-06-11 16:24:11,842 Weight: 36.2898096987137 #RFs 17
2018-06-11 16:24:11,844 weight: 36.2898096987137
2018-06-11 16:24:11,844 , 36.2898096987137
2018-06-11 16:24:11,855 MALICIOUS MINING state
2018-06-11 16:24:11,856 END: HONEST WIN. 76.9574864204881 against 76.2898096987137
2018-06-11 16:24:11,856 start mining - depth 6
2018-06-11 16:24:11,856 start mining - hash 6dfd8d1875b164ec403072f2562c3d453b739673956c6521ce073528ab51ba09
2018-06-11 16:24:11,869 Hashing frequency: 8588
2018-06-11 16:24:12,296 RF found but not transmitted
2018-06-11 16:24:12,649 RF found but not transmitted
2018-06-11 16:24:13,640 RCV reinforcement info
2018-06-11 16:24:14,423 RCV reinforcement info
2018-06-11 16:24:14,474 RCV proposal
2018-06-11 16:24:14,480 appended honest propose 103d703b82 on top of a46f29b4c7
2018-06-11 16:24:14,657 RCV reinforcement info
2018-06-11 16:24:14,791 RCV reinforcement
2018-06-11 16:24:14,817 RCV reinforcement
2018-06-11 16:24:14,866 RCV reinforcement
2018-06-11 16:24:14,916 RCV reinforcement
2018-06-11 16:24:15,005 RCV reinforcement
2018-06-11 16:24:15,127 RCV reinforcement info
2018-06-11 16:24:15,248 RCV reinforcement
2018-06-11 16:24:15,625 RCV reinforcement info
2018-06-11 16:24:15,718 RCV reinforcement
2018-06-11 16:24:15,915 RCV reinforcement info
