2018-05-15 23:28:13,350 ---------------------------------------------------------
2018-05-15 23:28:13,351 MALICIOUS PURE BLOCKCHAIN state
2018-05-15 23:28:14,385 start mining - depth 0
2018-05-15 23:28:14,390 start mining - hash 5b668e7cb1ccdcd5be415c220373e3b39dadcaa7ea68f08af52e44b107c1ae19
2018-05-15 23:28:51,710 RCV proposal_commit
2018-05-15 23:28:51,718 appended honest propose f3ddae4c69 on top of 5b668e7cb1
2018-05-15 23:28:51,719 appended honest commit 6ed666aee3 on top of f3ddae4c69
2018-05-15 23:28:51,719 weight: 1
2018-05-15 23:28:51,719 , 1
2018-05-15 23:28:51,720 start mining - depth 1
2018-05-15 23:28:51,720 start mining - hash 6ed666aee38c57c2ec969bc7ed6dc94157eda7e1227df2a8d643eabe1ff7471c
2018-05-15 23:29:24,085 RCV proposal_commit
2018-05-15 23:29:24,090 appended honest propose 764d1ea48d on top of 6ed666aee3
2018-05-15 23:29:24,090 appended honest commit 91a5dd6d9f on top of 764d1ea48d
2018-05-15 23:29:24,090 weight: 2
2018-05-15 23:29:24,091 , 2
2018-05-15 23:29:24,095 start mining - depth 2
2018-05-15 23:29:24,095 start mining - hash 91a5dd6d9f719375974425279d310afdae01c203b7c17817b82c3257ba53c156
2018-05-15 23:29:27,714 RCV proposal_commit
2018-05-15 23:29:27,717 appended honest propose aa3ac0c5fb on top of 91a5dd6d9f
2018-05-15 23:29:27,718 appended honest commit 209f858133 on top of aa3ac0c5fb
2018-05-15 23:29:27,718 weight: 3
2018-05-15 23:29:27,718 , 3
2018-05-15 23:29:27,718 start mining - depth 3
2018-05-15 23:29:27,718 start mining - hash 209f858133418029a7864f7f622a1ed359ce7f4a35932fe630603df0a257aebf
2018-05-15 23:29:28,369 RCV proposal_commit
2018-05-15 23:29:28,372 appended malicious propose 22a1d0c0ec on top of 209f858133
2018-05-15 23:29:28,372 appended malicious commit 3a7b01d69e on top of 22a1d0c0ec
2018-05-15 23:29:28,372 weight: 4
2018-05-15 23:29:28,372 , 4
2018-05-15 23:29:28,372 start mining - depth 4
2018-05-15 23:29:28,373 start mining - hash 3a7b01d69ef136a9641fbd509bde76cccf8c9b2aabf886a191dec287d3e8887c
