2018-06-14 15:20:35,354 ---------------------------------------------------------
2018-06-14 15:20:35,355 MALICIOUS MINING state
2018-06-14 15:20:36,390 start mining - depth 0
2018-06-14 15:20:36,391 start mining - hash 3b9f639494a45e650c34da81921842987c7f6cab2c5ff2de675736b244381780
2018-06-14 15:20:38,195 RF found but not transmitted
2018-06-14 15:20:39,191 RCV reinforcement info
2018-06-14 15:20:39,387 RCV reinforcement info
2018-06-14 15:20:40,349 RCV reinforcement info
2018-06-14 15:20:41,467 RF found but not transmitted
2018-06-14 15:20:42,327 RCV reinforcement info
2018-06-14 15:20:43,384 RCV reinforcement info
2018-06-14 15:20:43,887 RF found but not transmitted
2018-06-14 15:20:44,683 RCV reinforcement info
2018-06-14 15:20:48,483 RCV reinforcement info
2018-06-14 15:20:52,824 RCV reinforcement info
2018-06-14 15:20:53,843 RCV reinforcement info
2018-06-14 15:20:54,782 RCV reinforcement info
2018-06-14 15:20:56,337 RCV malicious_prop_agreement
2018-06-14 15:20:57,781 RCV reinforcement info
2018-06-14 15:20:58,284 RF found but not transmitted
2018-06-14 15:20:58,542 RCV proposal
2018-06-14 15:20:58,545 appended honest propose 80d2eae4de on top of 3b9f639494
2018-06-14 15:20:58,642 RCV reinforcement
2018-06-14 15:20:58,680 RCV reinforcement
2018-06-14 15:20:59,285 RF found but not transmitted
2018-06-14 15:20:59,470 RCV reinforcement info
2018-06-14 15:20:59,531 RCV reinforcement
2018-06-14 15:21:00,100 RCV commit
2018-06-14 15:21:00,221 appended honest commit b6093c2a9a on top of 80d2eae4de
2018-06-14 15:21:00,279 Weight: 2.1748525506090552 #RFs 12
2018-06-14 15:21:00,280 weight: 2.1748525506090552
2018-06-14 15:21:00,281 , 2.1748525506090552
2018-06-14 15:21:00,460 RCV proposal
2018-06-14 15:21:00,463 appended malicious propose c2634bf9be on top of 3b9f639494
2018-06-14 15:21:00,463 REINFORCEMENT SENT state
2018-06-14 15:21:00,464 SNT reinforcement
2018-06-14 15:21:00,745 RCV reinforcement
2018-06-14 15:21:00,761 RCV reinforcement
2018-06-14 15:21:00,765 RCV reinforcement
2018-06-14 15:21:00,770 RCV reinforcement
2018-06-14 15:21:00,780 RCV reinforcement info
2018-06-14 15:21:00,797 RCV reinforcement
2018-06-14 15:21:00,858 RCV reinforcement info
2018-06-14 15:21:02,001 RCV commit
2018-06-14 15:21:02,223 appended malicious commit abb381b94a on top of c2634bf9be
2018-06-14 15:21:02,388 Weight: 6.738254513018815 #RFs 31
2018-06-14 15:21:02,388 weight: 6.738254513018815
2018-06-14 15:21:02,388 , 6.738254513018815
2018-06-14 15:21:02,389 MALICIOUS MINING state
2018-06-14 15:21:02,389 start mining - depth 1
2018-06-14 15:21:02,393 start mining - hash abb381b94a5316b87ba7fdb0977931d155c5884f3f087ad5e0c365473d82a404
2018-06-14 15:21:03,231 RCV reinforcement info
2018-06-14 15:21:03,828 RCV reinforcement info
2018-06-14 15:21:10,191 RCV proposal
2018-06-14 15:21:10,196 appended honest propose 337cd09a9c on top of abb381b94a
2018-06-14 15:21:10,256 RCV reinforcement
2018-06-14 15:21:11,627 RCV reinforcement info
2018-06-14 15:21:11,703 RCV reinforcement
2018-06-14 15:21:11,728 RCV commit
2018-06-14 15:21:11,768 appended honest commit 5739396aa5 on top of 337cd09a9c
2018-06-14 15:21:11,773 Weight: 8.063197432035022 #RFs 2
2018-06-14 15:21:11,773 weight: 8.063197432035022
2018-06-14 15:21:11,774 , 8.063197432035022
2018-06-14 15:21:11,775 start mining - depth 2
2018-06-14 15:21:11,775 start mining - hash 5739396aa5da8085abbea44788f22da229d8b015f71187d5ec6f281d07f19101
2018-06-14 15:21:11,869 RCV reinforcement info
2018-06-14 15:21:13,212 RCV reinforcement info
2018-06-14 15:21:13,550 RCV malicious_prop_agreement
2018-06-14 15:21:17,458 RCV reinforcement info
2018-06-14 15:21:17,864 RCV reinforcement info
2018-06-14 15:21:18,321 RCV reinforcement info
2018-06-14 15:21:18,329 RCV reinforcement info
2018-06-14 15:21:19,331 RCV reinforcement info
2018-06-14 15:21:19,449 RCV reinforcement info
2018-06-14 15:21:20,024 RCV reinforcement info
2018-06-14 15:21:23,104 RF found but not transmitted
2018-06-14 15:21:25,021 RCV reinforcement info
2018-06-14 15:21:27,096 RCV reinforcement info
2018-06-14 15:21:28,392 RCV reinforcement info
2018-06-14 15:21:30,980 RCV reinforcement info
2018-06-14 15:21:31,062 RF found but not transmitted
2018-06-14 15:21:31,403 RCV reinforcement info
2018-06-14 15:21:33,331 RCV reinforcement info
2018-06-14 15:21:34,709 RCV reinforcement info
2018-06-14 15:21:36,625 RCV reinforcement info
2018-06-14 15:21:38,734 RCV reinforcement info
2018-06-14 15:21:39,397 RCV reinforcement info
2018-06-14 15:21:41,209 RF found but not transmitted
2018-06-14 15:21:41,567 RF found but not transmitted
2018-06-14 15:21:41,800 RCV reinforcement info
2018-06-14 15:21:45,037 RCV reinforcement info
2018-06-14 15:21:46,974 RCV reinforcement info
2018-06-14 15:21:47,362 RF found but not transmitted
2018-06-14 15:21:48,803 RCV reinforcement info
2018-06-14 15:21:49,580 RCV reinforcement info
2018-06-14 15:21:49,719 RCV reinforcement info
2018-06-14 15:21:50,108 RF found but not transmitted
2018-06-14 15:21:50,898 RCV reinforcement info
2018-06-14 15:21:52,521 RCV reinforcement info
2018-06-14 15:21:53,288 RCV reinforcement info
2018-06-14 15:21:53,851 RCV reinforcement info
2018-06-14 15:21:55,976 RF found but not transmitted
2018-06-14 15:21:57,512 RF found but not transmitted
2018-06-14 15:21:58,835 RCV reinforcement info
2018-06-14 15:21:59,443 RCV reinforcement info
2018-06-14 15:21:59,509 RCV reinforcement info
2018-06-14 15:21:59,651 RCV reinforcement info
2018-06-14 15:22:00,298 RCV reinforcement info
2018-06-14 15:22:00,637 RCV reinforcement info
2018-06-14 15:22:01,762 RCV proposal
2018-06-14 15:22:01,765 appended honest propose db7fb2079f on top of 5739396aa5
2018-06-14 15:22:01,827 RCV reinforcement
2018-06-14 15:22:01,850 RCV reinforcement
2018-06-14 15:22:03,395 RCV commit
2018-06-14 15:22:03,583 appended honest commit 7fc8f796a3 on top of db7fb2079f
2018-06-14 15:22:03,765 Weight: 15.90833501385006 #RFs 35
2018-06-14 15:22:03,765 weight: 15.90833501385006
2018-06-14 15:22:03,765 , 15.90833501385006
2018-06-14 15:22:03,883 RCV proposal
2018-06-14 15:22:03,887 appended malicious propose 4fee790c82 on top of 5739396aa5
2018-06-14 15:22:03,887 REINFORCEMENT SENT state
2018-06-14 15:22:03,897 SNT reinforcement
2018-06-14 15:22:04,183 RCV reinforcement
2018-06-14 15:22:04,243 RCV reinforcement
2018-06-14 15:22:04,247 RCV reinforcement
2018-06-14 15:22:04,251 RCV reinforcement
2018-06-14 15:22:04,254 RCV reinforcement
2018-06-14 15:22:04,285 RCV reinforcement info
2018-06-14 15:22:04,481 RCV reinforcement info
2018-06-14 15:22:04,811 RCV reinforcement
2018-06-14 15:22:05,094 RCV reinforcement
2018-06-14 15:22:05,345 RF found but not transmitted
2018-06-14 15:22:05,348 SNT reinforcement
2018-06-14 15:22:05,551 RCV commit
2018-06-14 15:22:05,904 appended malicious commit 3e23092e14 on top of 4fee790c82
2018-06-14 15:22:06,178 Weight: 22.352663991257323 #RFs 62
2018-06-14 15:22:06,179 weight: 22.352663991257323
2018-06-14 15:22:06,179 , 22.352663991257323
2018-06-14 15:22:06,181 MALICIOUS MINING state
2018-06-14 15:22:06,181 start mining - depth 3
2018-06-14 15:22:06,182 start mining - hash 3e23092e14020cc2e44b4b0bea8060b231d660a338816e0bd65966ef23da7a09
2018-06-14 15:22:06,185 Hashing frequency: 4834
2018-06-14 15:22:09,126 RCV reinforcement info
2018-06-14 15:22:09,153 RF found but not transmitted
2018-06-14 15:22:10,245 RCV reinforcement info
2018-06-14 15:22:16,121 RCV proposal
2018-06-14 15:22:16,125 appended honest propose d85950930b on top of 3e23092e14
2018-06-14 15:22:16,310 RCV reinforcement
2018-06-14 15:22:16,531 RCV reinforcement info
2018-06-14 15:22:16,664 RCV reinforcement
2018-06-14 15:22:17,620 RCV commit
2018-06-14 15:22:17,644 appended honest commit b97b10d69f on top of d85950930b
2018-06-14 15:22:17,657 Weight: 23.636360558508926 #RFs 3
2018-06-14 15:22:17,657 weight: 23.636360558508926
2018-06-14 15:22:17,659 , 23.636360558508926
2018-06-14 15:22:17,665 start mining - depth 4
2018-06-14 15:22:17,666 start mining - hash b97b10d69f232c54b12936461af33268a92cf9e5eaf4af00709af190748c4756
2018-06-14 15:22:18,024 RF found but not transmitted
2018-06-14 15:22:18,803 RCV reinforcement info
2018-06-14 15:22:24,348 RCV reinforcement info
2018-06-14 15:22:27,406 RCV reinforcement info
2018-06-14 15:22:27,526 RCV reinforcement info
2018-06-14 15:22:29,024 RCV reinforcement info
2018-06-14 15:22:29,110 RCV reinforcement info
2018-06-14 15:22:29,272 RCV reinforcement info
2018-06-14 15:22:29,886 RF found but not transmitted
2018-06-14 15:22:29,940 RF found but not transmitted
2018-06-14 15:22:31,128 RF found but not transmitted
2018-06-14 15:22:31,392 RCV reinforcement info
2018-06-14 15:22:33,648 RCV reinforcement info
2018-06-14 15:22:35,290 RF found but not transmitted
2018-06-14 15:22:36,720 RCV reinforcement info
2018-06-14 15:22:38,650 RCV malicious_prop_agreement
2018-06-14 15:22:38,850 RCV reinforcement info
2018-06-14 15:22:39,080 RCV reinforcement info
2018-06-14 15:22:39,941 RCV reinforcement info
2018-06-14 15:22:41,254 RCV reinforcement info
2018-06-14 15:22:41,606 RCV reinforcement info
2018-06-14 15:22:43,316 RCV reinforcement info
2018-06-14 15:22:49,499 RCV reinforcement info
2018-06-14 15:22:50,502 RCV reinforcement info
2018-06-14 15:22:54,809 RCV reinforcement info
2018-06-14 15:22:56,279 RCV reinforcement info
2018-06-14 15:22:57,992 RCV reinforcement info
2018-06-14 15:23:02,074 RCV reinforcement info
2018-06-14 15:23:02,133 RCV reinforcement info
2018-06-14 15:23:02,280 RCV reinforcement info
2018-06-14 15:23:05,980 RCV reinforcement info
2018-06-14 15:23:06,943 RCV proposal
2018-06-14 15:23:06,948 appended honest propose da25a182f7 on top of b97b10d69f
2018-06-14 15:23:07,007 RCV reinforcement
2018-06-14 15:23:07,020 RCV reinforcement
2018-06-14 15:23:07,905 RCV reinforcement info
2018-06-14 15:23:07,971 RCV reinforcement
2018-06-14 15:23:08,529 RCV commit
2018-06-14 15:23:08,631 appended honest commit 7ea16d25ec on top of da25a182f7
2018-06-14 15:23:08,834 Weight: 28.505027246280815 #RFs 25
2018-06-14 15:23:08,834 weight: 28.505027246280815
2018-06-14 15:23:08,834 , 28.505027246280815
2018-06-14 15:23:08,968 RCV proposal
2018-06-14 15:23:08,973 appended malicious propose f81fab6951 on top of b97b10d69f
2018-06-14 15:23:08,973 REINFORCEMENT SENT state
2018-06-14 15:23:08,975 SNT reinforcement
2018-06-14 15:23:09,078 RCV reinforcement
2018-06-14 15:23:09,100 RCV reinforcement
2018-06-14 15:23:09,129 RCV reinforcement
2018-06-14 15:23:09,185 RCV reinforcement
2018-06-14 15:23:09,202 RCV reinforcement
2018-06-14 15:23:09,254 RCV reinforcement info
2018-06-14 15:23:09,998 RCV reinforcement info
2018-06-14 15:23:10,330 RCV proposal
2018-06-14 15:23:10,333 appended honest propose 88707939e9 on top of 7ea16d25ec
2018-06-14 15:23:10,652 RCV commit
2018-06-14 15:23:11,023 appended malicious commit 4e8dfbee14 on top of f81fab6951
2018-06-14 15:23:11,311 Weight: 36.036568764114406 #RFs 62
2018-06-14 15:23:11,311 weight: 36.036568764114406
2018-06-14 15:23:11,311 , 36.036568764114406
2018-06-14 15:23:11,312 MALICIOUS MINING state
2018-06-14 15:23:11,312 start mining - depth 5
2018-06-14 15:23:11,313 start mining - hash 4e8dfbee1455524bf540ce14fc9320b09191636cbde7c585da04c18c6928b788
2018-06-14 15:23:11,314 Hashing frequency: 3484
2018-06-14 15:23:11,405 RF found but not transmitted
2018-06-14 15:23:11,860 RCV commit
2018-06-14 15:23:11,869 appended honest commit 67dc5aca15 on top of 88707939e9
2018-06-14 15:23:11,873 Weight: 29.79742416449936 #RFs 2
2018-06-14 15:23:11,873 weight: 29.79742416449936
2018-06-14 15:23:11,873 , 29.79742416449936
2018-06-14 15:23:11,875 Synchronizing branches
2018-06-14 15:23:11,875 start mining - depth 5
2018-06-14 15:23:11,875 start mining - hash 4e8dfbee1455524bf540ce14fc9320b09191636cbde7c585da04c18c6928b788
2018-06-14 15:23:11,969 RF found but not transmitted
2018-06-14 15:23:15,231 RCV reinforcement info
2018-06-14 15:23:20,363 RCV reinforcement info
2018-06-14 15:23:22,649 RCV reinforcement info
2018-06-14 15:23:22,815 RCV reinforcement info
2018-06-14 15:23:23,434 RCV malicious_prop_agreement
2018-06-14 15:23:26,233 RF found but not transmitted
2018-06-14 15:23:26,307 RCV reinforcement info
2018-06-14 15:23:27,002 RCV reinforcement info
2018-06-14 15:23:27,922 RCV reinforcement info
2018-06-14 15:23:31,698 RCV reinforcement info
2018-06-14 15:23:31,903 RCV reinforcement info
2018-06-14 15:23:32,648 RCV reinforcement info
2018-06-14 15:23:33,184 RCV reinforcement info
2018-06-14 15:23:33,255 RCV reinforcement info
2018-06-14 15:23:34,447 RCV reinforcement info
2018-06-14 15:23:34,605 RCV reinforcement info
2018-06-14 15:23:34,753 RCV reinforcement info
2018-06-14 15:23:35,101 RF found but not transmitted
2018-06-14 15:23:38,665 RF found but not transmitted
2018-06-14 15:23:39,486 RCV reinforcement info
2018-06-14 15:23:39,790 RF found but not transmitted
2018-06-14 15:23:39,966 RF found but not transmitted
2018-06-14 15:23:40,046 RCV reinforcement info
2018-06-14 15:23:41,405 RCV reinforcement info
2018-06-14 15:23:41,952 RCV reinforcement info
2018-06-14 15:23:42,189 RCV reinforcement info
2018-06-14 15:23:43,010 RCV reinforcement info
2018-06-14 15:23:43,343 RCV reinforcement info
2018-06-14 15:23:47,502 RF found but not transmitted
2018-06-14 15:23:48,959 RCV reinforcement info
2018-06-14 15:23:49,855 RF found but not transmitted
2018-06-14 15:23:51,587 RF found but not transmitted
2018-06-14 15:23:53,473 RCV proposal
2018-06-14 15:23:53,477 appended honest propose 41b619a1ef on top of 4e8dfbee14
2018-06-14 15:23:53,545 RCV reinforcement
2018-06-14 15:23:53,555 RCV reinforcement
2018-06-14 15:23:53,636 RCV reinforcement info
2018-06-14 15:23:53,705 RCV reinforcement
2018-06-14 15:23:54,124 RCV reinforcement info
2018-06-14 15:23:54,195 RCV reinforcement
2018-06-14 15:23:54,925 RCV reinforcement info
2018-06-14 15:23:54,995 RCV reinforcement
2018-06-14 15:23:55,073 RCV commit
2018-06-14 15:23:55,221 appended honest commit f4774dbfb1 on top of 41b619a1ef
2018-06-14 15:23:55,363 Weight: 40.35851982348121 #RFs 25
2018-06-14 15:23:55,363 weight: 40.35851982348121
2018-06-14 15:23:55,364 , 40.35851982348121
2018-06-14 15:23:55,517 RCV proposal
2018-06-14 15:23:55,536 appended malicious propose 0716abe37f on top of 4e8dfbee14
2018-06-14 15:23:55,536 REINFORCEMENT SENT state
2018-06-14 15:23:55,540 SNT reinforcement
2018-06-14 15:23:55,794 RCV reinforcement
2018-06-14 15:23:55,803 RCV reinforcement
2018-06-14 15:23:55,810 RCV reinforcement
2018-06-14 15:23:55,816 RCV reinforcement
2018-06-14 15:23:55,823 RCV reinforcement
2018-06-14 15:23:55,843 RCV reinforcement
2018-06-14 15:23:55,961 RCV reinforcement
2018-06-14 15:23:56,084 RCV reinforcement
2018-06-14 15:23:56,148 RCV reinforcement
2018-06-14 15:23:56,514 RCV reinforcement info
2018-06-14 15:23:56,659 RCV reinforcement
2018-06-14 15:23:57,242 RCV commit
2018-06-14 15:23:57,723 appended malicious commit 6e9829a046 on top of 0716abe37f
2018-06-14 15:23:58,284 Weight: 54.22548759568373 #RFs 73
2018-06-14 15:23:58,284 weight: 54.22548759568373
2018-06-14 15:23:58,286 , 54.22548759568373
2018-06-14 15:23:58,288 MALICIOUS MINING state
2018-06-14 15:23:58,289 start mining - depth 6
2018-06-14 15:23:58,289 start mining - hash 6e9829a04603c4c36ae172b9b9518a0d8cc6f53c49484379ba9c8d53f0facd67
2018-06-14 15:23:59,054 RCV reinforcement info
2018-06-14 15:24:00,299 RCV reinforcement info
2018-06-14 15:24:01,430 RCV reinforcement info
2018-06-14 15:24:02,050 RCV reinforcement info
2018-06-14 15:24:02,288 RF found but not transmitted
2018-06-14 15:24:03,070 RCV reinforcement info
2018-06-14 15:24:03,332 RCV reinforcement info
2018-06-14 15:24:07,019 RCV reinforcement info
2018-06-14 15:24:08,291 RCV reinforcement info
2018-06-14 15:24:09,031 RF found but not transmitted
2018-06-14 15:24:10,623 RCV reinforcement info
2018-06-14 15:24:17,095 RCV reinforcement info
2018-06-14 15:24:17,288 RF found but not transmitted
2018-06-14 15:24:18,352 RF found but not transmitted
2018-06-14 15:24:18,990 RCV reinforcement info
2018-06-14 15:24:19,165 RF found but not transmitted
2018-06-14 15:24:19,555 RCV proposal
2018-06-14 15:24:19,560 appended honest propose 99096459ae on top of 6e9829a046
2018-06-14 15:24:19,653 RCV reinforcement
2018-06-14 15:24:19,657 RCV reinforcement
2018-06-14 15:24:20,827 RCV reinforcement info
2018-06-14 15:24:20,976 RCV reinforcement
2018-06-14 15:24:21,213 RCV commit
2018-06-14 15:24:21,307 appended honest commit e4f4d63518 on top of 99096459ae
2018-06-14 15:24:21,538 Weight: 58.318410871235415 #RFs 12
2018-06-14 15:24:21,538 weight: 58.318410871235415
2018-06-14 15:24:21,547 , 58.318410871235415
2018-06-14 15:24:21,550 start mining - depth 7
2018-06-14 15:24:21,551 start mining - hash e4f4d635186312fd216cbce3d3f976e69fd5ed068a8dc8e0636d20f71363dc8c
2018-06-14 15:24:21,551 Hashing frequency: 3755
2018-06-14 15:24:21,752 RCV reinforcement info
2018-06-14 15:24:21,916 RCV reinforcement info
2018-06-14 15:24:22,053 RCV reinforcement info
2018-06-14 15:24:23,128 RF found but not transmitted
2018-06-14 15:24:23,154 RCV reinforcement info
2018-06-14 15:24:24,451 RCV reinforcement info
2018-06-14 15:24:25,040 RCV malicious_prop_agreement
2018-06-14 15:24:26,251 RCV reinforcement info
2018-06-14 15:24:27,014 RCV reinforcement info
2018-06-14 15:24:27,608 RCV reinforcement info
2018-06-14 15:24:28,704 RF found but not transmitted
2018-06-14 15:24:29,077 RCV reinforcement info
2018-06-14 15:24:29,383 RCV reinforcement info
2018-06-14 15:24:30,447 RCV reinforcement info
2018-06-14 15:24:31,197 RCV reinforcement info
2018-06-14 15:24:36,120 RCV reinforcement info
2018-06-14 15:24:37,598 RCV reinforcement info
2018-06-14 15:24:37,708 RF found but not transmitted
2018-06-14 15:24:38,179 RF found but not transmitted
2018-06-14 15:24:38,608 RCV reinforcement info
2018-06-14 15:24:39,822 RF found but not transmitted
2018-06-14 15:24:40,773 RCV reinforcement info
2018-06-14 15:24:41,044 RCV reinforcement info
2018-06-14 15:24:41,226 RCV reinforcement info
2018-06-14 15:24:47,836 RCV reinforcement info
2018-06-14 15:24:48,552 RCV reinforcement info
2018-06-14 15:24:49,807 RCV reinforcement info
2018-06-14 15:24:51,210 RCV reinforcement info
2018-06-14 15:24:51,821 RCV reinforcement info
2018-06-14 15:24:54,499 RF found but not transmitted
2018-06-14 15:24:56,278 RCV reinforcement info
2018-06-14 15:24:57,187 RCV reinforcement info
2018-06-14 15:24:57,475 RCV reinforcement info
2018-06-14 15:25:01,110 RCV reinforcement info
2018-06-14 15:25:01,906 RCV reinforcement info
2018-06-14 15:25:02,338 RF found but not transmitted
2018-06-14 15:25:06,314 RCV reinforcement info
2018-06-14 15:25:07,450 RCV reinforcement info
2018-06-14 15:25:08,319 RCV reinforcement info
2018-06-14 15:25:08,920 RF found but not transmitted
2018-06-14 15:25:11,203 RCV reinforcement info
2018-06-14 15:25:12,379 RCV reinforcement info
2018-06-14 15:25:12,707 RCV reinforcement info
2018-06-14 15:25:12,781 RCV reinforcement info
2018-06-14 15:25:15,143 RCV reinforcement info
2018-06-14 15:25:16,084 RCV reinforcement info
2018-06-14 15:25:16,760 RF found but not transmitted
2018-06-14 15:25:18,395 RF found but not transmitted
2018-06-14 15:25:20,875 RCV reinforcement info
2018-06-14 15:25:22,329 RCV reinforcement info
2018-06-14 15:25:23,984 RCV reinforcement info
2018-06-14 15:25:26,690 RF found but not transmitted
2018-06-14 15:25:28,171 RCV reinforcement info
2018-06-14 15:25:29,160 RCV reinforcement info
2018-06-14 15:25:29,782 RCV reinforcement info
2018-06-14 15:25:30,062 RCV reinforcement info
2018-06-14 15:25:32,042 RCV reinforcement info
2018-06-14 15:25:33,086 RCV reinforcement info
2018-06-14 15:25:33,174 RCV reinforcement info
2018-06-14 15:25:33,308 RCV reinforcement info
2018-06-14 15:25:35,919 RCV proposal
2018-06-14 15:25:35,922 appended honest propose 1954a4f6b2 on top of e4f4d63518
2018-06-14 15:25:36,056 RCV reinforcement
2018-06-14 15:25:36,100 RCV reinforcement
2018-06-14 15:25:37,565 RCV commit
2018-06-14 15:25:37,837 appended honest commit 9f81394c91 on top of 1954a4f6b2
2018-06-14 15:25:38,148 Weight: 67.3126505376162 #RFs 48
2018-06-14 15:25:38,149 weight: 67.3126505376162
2018-06-14 15:25:38,149 , 67.3126505376162
2018-06-14 15:25:38,157 RCV reinforcement info
2018-06-14 15:25:38,274 RCV proposal
2018-06-14 15:25:38,282 appended malicious propose 3a73f57d23 on top of e4f4d63518
2018-06-14 15:25:38,283 REINFORCEMENT SENT state
2018-06-14 15:25:38,284 SNT reinforcement
2018-06-14 15:25:38,485 RCV reinforcement
2018-06-14 15:25:38,495 RCV reinforcement
2018-06-14 15:25:38,519 RCV reinforcement
2018-06-14 15:25:38,523 RCV reinforcement
2018-06-14 15:25:38,527 RCV reinforcement
2018-06-14 15:25:38,604 RF found but not transmitted
2018-06-14 15:25:38,606 SNT reinforcement
2018-06-14 15:25:38,742 RCV reinforcement info
2018-06-14 15:25:39,110 RCV reinforcement
2018-06-14 15:25:39,401 RCV reinforcement
2018-06-14 15:25:40,083 RCV commit
2018-06-14 15:25:40,756 appended malicious commit 914bae6d8f on top of 3a73f57d23
2018-06-14 15:25:41,052 RF found but not transmitted
2018-06-14 15:25:41,353 Weight: 86.17837328674898 #RFs 113
2018-06-14 15:25:41,353 weight: 86.17837328674898
2018-06-14 15:25:41,354 , 86.17837328674898
2018-06-14 15:25:41,357 MALICIOUS MINING state
2018-06-14 15:25:41,357 start mining - depth 8
2018-06-14 15:25:41,358 start mining - hash 914bae6d8f555d1cd4fc563214c85b19efee40385c0c41b9b68645c5779713f6
2018-06-14 15:25:41,359 Hashing frequency: 4246
2018-06-14 15:25:44,392 RCV reinforcement info
2018-06-14 15:25:45,377 RCV reinforcement info
2018-06-14 15:25:45,575 RF found but not transmitted
2018-06-14 15:25:47,100 RCV proposal
2018-06-14 15:25:47,104 appended honest propose 76b2682d46 on top of 914bae6d8f
2018-06-14 15:25:47,181 RCV reinforcement
2018-06-14 15:25:47,594 RF found but not transmitted
2018-06-14 15:25:48,383 RF found but not transmitted
2018-06-14 15:25:48,658 RCV commit
2018-06-14 15:25:48,668 appended honest commit b79ff5b9cc on top of 76b2682d46
2018-06-14 15:25:48,726 Weight: 87.37504382006281 #RFs 2
2018-06-14 15:25:48,726 weight: 87.37504382006281
2018-06-14 15:25:48,727 , 87.37504382006281
2018-06-14 15:25:48,731 start mining - depth 9
2018-06-14 15:25:48,731 start mining - hash b79ff5b9cc68732e49f4cd6950da605f78223b69b48abf1b6aea4afd73758361
2018-06-14 15:25:49,495 RCV reinforcement info
2018-06-14 15:25:49,892 RCV reinforcement info
2018-06-14 15:25:52,504 RCV reinforcement info
2018-06-14 15:25:53,406 RF found but not transmitted
2018-06-14 15:25:55,586 RCV reinforcement info
2018-06-14 15:25:56,337 RCV reinforcement info
2018-06-14 15:25:57,831 RCV reinforcement info
2018-06-14 15:25:59,279 RF found but not transmitted
2018-06-14 15:26:00,003 RCV reinforcement info
2018-06-14 15:26:00,045 RCV reinforcement info
2018-06-14 15:26:01,425 RCV reinforcement info
2018-06-14 15:26:02,222 RCV reinforcement info
2018-06-14 15:26:02,956 RCV reinforcement info
2018-06-14 15:26:04,041 RCV reinforcement info
2018-06-14 15:26:04,832 RCV reinforcement info
2018-06-14 15:26:06,985 RCV malicious_prop_agreement
2018-06-14 15:26:09,334 RCV reinforcement info
2018-06-14 15:26:09,952 RF found but not transmitted
2018-06-14 15:26:10,989 RF found but not transmitted
2018-06-14 15:26:18,878 RCV reinforcement info
2018-06-14 15:26:19,632 RCV reinforcement info
2018-06-14 15:26:20,317 RCV reinforcement info
2018-06-14 15:26:21,858 RCV reinforcement info
2018-06-14 15:26:22,951 RCV reinforcement info
2018-06-14 15:26:23,485 RCV reinforcement info
2018-06-14 15:26:24,567 RF found but not transmitted
2018-06-14 15:26:28,469 RCV reinforcement info
2018-06-14 15:26:30,395 RCV proposal
2018-06-14 15:26:30,398 appended honest propose d5a681d7f7 on top of b79ff5b9cc
2018-06-14 15:26:30,473 RCV reinforcement
2018-06-14 15:26:30,487 RCV reinforcement
2018-06-14 15:26:31,084 RCV reinforcement info
2018-06-14 15:26:31,103 RF found but not transmitted
2018-06-14 15:26:31,174 RF found but not transmitted
2018-06-14 15:26:31,199 RCV reinforcement
2018-06-14 15:26:32,067 RCV commit
2018-06-14 15:26:32,215 appended honest commit 35cc660e66 on top of d5a681d7f7
2018-06-14 15:26:32,368 Weight: 92.55085901470181 #RFs 22
2018-06-14 15:26:32,369 weight: 92.55085901470181
2018-06-14 15:26:32,369 , 92.55085901470181
2018-06-14 15:26:32,444 RCV reinforcement info
2018-06-14 15:26:32,569 RCV proposal
2018-06-14 15:26:32,610 appended malicious propose 4da945dd32 on top of b79ff5b9cc
2018-06-14 15:26:32,612 REINFORCEMENT SENT state
2018-06-14 15:26:32,616 SNT reinforcement
2018-06-14 15:26:33,012 RCV reinforcement
2018-06-14 15:26:33,019 RCV reinforcement
2018-06-14 15:26:33,023 RCV reinforcement
2018-06-14 15:26:33,038 RCV reinforcement info
2018-06-14 15:26:33,042 RCV reinforcement
2018-06-14 15:26:33,048 RCV reinforcement
2018-06-14 15:26:33,202 RCV reinforcement
2018-06-14 15:26:33,628 RCV reinforcement
2018-06-14 15:26:34,292 RCV commit
2018-06-14 15:26:34,786 appended malicious commit b7f5148a37 on top of 4da945dd32
2018-06-14 15:26:35,207 Weight: 105.70819155050606 #RFs 75
2018-06-14 15:26:35,207 weight: 105.70819155050606
2018-06-14 15:26:35,208 , 105.70819155050606
2018-06-14 15:26:35,210 MALICIOUS MINING state
2018-06-14 15:26:35,211 start mining - depth 10
2018-06-14 15:26:35,211 start mining - hash b7f5148a37e9b8e2fdceea4921fade61481774c4f7b36d7b0b41bc3f92688159
2018-06-14 15:26:36,228 RCV reinforcement info
2018-06-14 15:26:37,550 RCV reinforcement info
2018-06-14 15:26:38,300 RCV reinforcement info
2018-06-14 15:26:41,248 RCV reinforcement info
2018-06-14 15:26:41,698 RCV reinforcement info
2018-06-14 15:26:42,920 RCV reinforcement info
2018-06-14 15:26:43,206 RCV proposal
2018-06-14 15:26:43,220 appended honest propose 629549cb00 on top of b7f5148a37
2018-06-14 15:26:43,268 RCV reinforcement info
2018-06-14 15:26:43,312 RCV reinforcement
2018-06-14 15:26:43,364 RCV reinforcement
2018-06-14 15:26:44,516 RCV reinforcement info
2018-06-14 15:26:44,588 RCV reinforcement
2018-06-14 15:26:44,754 RCV commit
2018-06-14 15:26:44,804 appended honest commit aa917909f3 on top of 629549cb00
2018-06-14 15:26:44,856 Weight: 107.69320960078404 #RFs 8
2018-06-14 15:26:44,856 weight: 107.69320960078404
2018-06-14 15:26:44,858 , 107.69320960078404
2018-06-14 15:26:44,861 start mining - depth 11
2018-06-14 15:26:44,861 start mining - hash aa917909f39ec58a6108174cee6c1ea6dfde1196207a0120ac7c36c58cc92c8c
2018-06-14 15:26:44,862 Hashing frequency: 3379
2018-06-14 15:26:45,866 RCV reinforcement info
2018-06-14 15:26:47,749 RF found but not transmitted
2018-06-14 15:26:48,562 RCV reinforcement info
2018-06-14 15:26:49,701 RCV reinforcement info
2018-06-14 15:26:50,355 RCV reinforcement info
2018-06-14 15:26:52,036 RCV reinforcement info
2018-06-14 15:26:55,331 RCV reinforcement info
2018-06-14 15:26:55,421 RCV reinforcement info
2018-06-14 15:26:55,556 RCV reinforcement info
2018-06-14 15:26:56,841 RCV reinforcement info
2018-06-14 15:26:58,418 RCV reinforcement info
2018-06-14 15:27:00,169 RF found but not transmitted
2018-06-14 15:27:00,170 hash found
2018-06-14 15:27:00,171 SNT malicious_proposal_agreement
2018-06-14 15:27:01,472 RCV reinforcement info
2018-06-14 15:27:03,919 RF found but not transmitted
2018-06-14 15:27:05,719 RCV reinforcement info
2018-06-14 15:27:07,243 RF found but not transmitted
2018-06-14 15:27:08,230 RCV reinforcement info
2018-06-14 15:27:09,393 RF found but not transmitted
2018-06-14 15:27:09,675 RCV reinforcement info
2018-06-14 15:27:10,687 RF found but not transmitted
2018-06-14 15:27:11,836 RCV reinforcement info
2018-06-14 15:27:13,289 RCV reinforcement info
2018-06-14 15:27:13,423 RCV proposal
2018-06-14 15:27:13,427 appended honest propose 7ec15b70d4 on top of aa917909f3
2018-06-14 15:27:13,533 RCV reinforcement
2018-06-14 15:27:13,555 RCV reinforcement
2018-06-14 15:27:14,999 RCV commit
2018-06-14 15:27:15,061 appended honest commit 51d389ab25 on top of 7ec15b70d4
2018-06-14 15:27:15,157 Weight: 111.33120516455409 #RFs 16
2018-06-14 15:27:15,158 weight: 111.33120516455409
2018-06-14 15:27:15,158 , 111.33120516455409
2018-06-14 15:27:15,162 appended malicious propose 2ebe1b0973 on top of aa917909f3
2018-06-14 15:27:15,162 REINFORCEMENT COLLECTING state
2018-06-14 15:27:15,263 SNT proposal
2018-06-14 15:27:15,403 RCV reinforcement info
2018-06-14 15:27:15,496 RCV reinforcement
2018-06-14 15:27:15,540 RCV reinforcement
2018-06-14 15:27:15,563 RCV reinforcement
2018-06-14 15:27:15,640 RCV reinforcement
2018-06-14 15:27:15,661 RCV reinforcement
2018-06-14 15:27:15,678 RCV reinforcement
2018-06-14 15:27:16,315 RCV reinforcement
2018-06-14 15:27:16,519 RCV reinforcement
2018-06-14 15:27:16,768 commit with 7 reinforcements
2018-06-14 15:27:16,847 appended malicious commit a91794d86b on top of 2ebe1b0973
2018-06-14 15:27:16,910 Weight: 118.90610624028247 #RFs 51
2018-06-14 15:27:16,910 weight: 118.90610624028247
2018-06-14 15:27:16,910 , 118.90610624028247
2018-06-14 15:27:16,913 MALICIOUS MINING state
2018-06-14 15:27:16,913 start mining - depth 12
2018-06-14 15:27:16,913 start mining - hash a91794d86b08dd28cc1682e73b66e74b8c2d5a6bacc1578b595fc0326c87b8ac
2018-06-14 15:27:16,914 SNT commit
2018-06-14 15:27:21,007 RCV malicious_prop_agreement
2018-06-14 15:27:21,296 RCV reinforcement info
2018-06-14 15:27:21,569 RCV reinforcement info
2018-06-14 15:27:23,701 RCV reinforcement info
2018-06-14 15:27:24,697 RCV reinforcement info
2018-06-14 15:27:25,772 RCV reinforcement info
2018-06-14 15:27:26,152 RCV reinforcement info
2018-06-14 15:27:27,044 RF found but not transmitted
2018-06-14 15:27:27,504 RCV reinforcement info
2018-06-14 15:27:27,716 RCV reinforcement info
2018-06-14 15:27:29,516 RCV reinforcement info
2018-06-14 15:27:30,849 RF found but not transmitted
2018-06-14 15:27:31,151 RF found but not transmitted
2018-06-14 15:27:31,192 RF found but not transmitted
2018-06-14 15:27:34,534 RF found but not transmitted
2018-06-14 15:27:35,117 RCV reinforcement info
2018-06-14 15:27:35,173 RCV reinforcement info
2018-06-14 15:27:38,978 RCV reinforcement info
2018-06-14 15:27:43,182 RCV reinforcement info
2018-06-14 15:27:44,259 RF found but not transmitted
2018-06-14 15:27:45,267 RCV reinforcement info
2018-06-14 15:27:45,934 RF found but not transmitted
2018-06-14 15:27:49,024 RCV reinforcement info
2018-06-14 15:27:49,410 RCV reinforcement info
2018-06-14 15:27:52,559 RCV reinforcement info
2018-06-14 15:27:52,767 RCV reinforcement info
2018-06-14 15:27:53,636 RCV reinforcement info
2018-06-14 15:27:54,212 RCV reinforcement info
2018-06-14 15:27:55,510 RCV reinforcement info
2018-06-14 15:27:56,962 RCV reinforcement info
2018-06-14 15:27:58,752 RF found but not transmitted
2018-06-14 15:27:59,481 RCV reinforcement info
2018-06-14 15:27:59,748 RCV reinforcement info
2018-06-14 15:27:59,825 RCV reinforcement info
2018-06-14 15:28:00,075 RF found but not transmitted
2018-06-14 15:28:02,291 RCV reinforcement info
2018-06-14 15:28:02,384 RCV reinforcement info
2018-06-14 15:28:03,903 RF found but not transmitted
2018-06-14 15:28:05,084 RCV reinforcement info
2018-06-14 15:28:05,167 RCV reinforcement info
2018-06-14 15:28:05,820 RCV reinforcement info
2018-06-14 15:28:05,901 RCV reinforcement info
2018-06-14 15:28:06,545 RCV reinforcement info
2018-06-14 15:28:08,030 RF found but not transmitted
2018-06-14 15:28:09,071 RCV reinforcement info
2018-06-14 15:28:10,249 RCV reinforcement info
2018-06-14 15:28:11,133 RCV reinforcement info
2018-06-14 15:28:12,342 RF found but not transmitted
2018-06-14 15:28:13,369 RCV reinforcement info
2018-06-14 15:28:13,533 RCV reinforcement info
2018-06-14 15:28:14,382 RCV reinforcement info
2018-06-14 15:28:17,574 RCV reinforcement info
2018-06-14 15:28:18,381 RCV reinforcement info
2018-06-14 15:28:20,753 RCV reinforcement info
2018-06-14 15:28:22,407 RCV reinforcement info
2018-06-14 15:28:23,692 RF found but not transmitted
2018-06-14 15:28:24,038 RCV reinforcement info
2018-06-14 15:28:24,116 RCV reinforcement info
2018-06-14 15:28:24,616 RCV reinforcement info
2018-06-14 15:28:27,040 RCV reinforcement info
2018-06-14 15:28:27,945 RCV reinforcement info
2018-06-14 15:28:28,922 RCV reinforcement info
2018-06-14 15:28:30,980 RCV reinforcement info
2018-06-14 15:28:31,310 RCV reinforcement info
2018-06-14 15:28:31,641 RCV reinforcement info
2018-06-14 15:28:34,762 RCV reinforcement info
2018-06-14 15:28:36,279 RCV reinforcement info
2018-06-14 15:28:37,310 RF found but not transmitted
2018-06-14 15:28:39,067 RCV reinforcement info
2018-06-14 15:28:41,729 RCV proposal
2018-06-14 15:28:41,734 appended honest propose 145502fcd0 on top of a91794d86b
2018-06-14 15:28:41,880 RCV reinforcement
2018-06-14 15:28:41,897 RCV reinforcement
2018-06-14 15:28:43,055 RF found but not transmitted
2018-06-14 15:28:43,375 RCV commit
2018-06-14 15:28:43,831 appended honest commit 63b5ad2a3e on top of 145502fcd0
2018-06-14 15:28:44,363 Weight: 128.30143038814782 #RFs 54
2018-06-14 15:28:44,364 weight: 128.30143038814782
2018-06-14 15:28:44,364 , 128.30143038814782
2018-06-14 15:28:44,701 RCV proposal
2018-06-14 15:28:44,715 appended malicious propose 2a75a6f922 on top of a91794d86b
2018-06-14 15:28:44,716 REINFORCEMENT SENT state
2018-06-14 15:28:44,718 SNT reinforcement
2018-06-14 15:28:44,982 RCV reinforcement
2018-06-14 15:28:45,039 RCV reinforcement
2018-06-14 15:28:45,069 RCV reinforcement
2018-06-14 15:28:45,080 RCV reinforcement
2018-06-14 15:28:45,094 RCV reinforcement
2018-06-14 15:28:45,211 RCV reinforcement
2018-06-14 15:28:45,269 RCV reinforcement
2018-06-14 15:28:45,348 RCV reinforcement
2018-06-14 15:28:45,876 RCV reinforcement info
2018-06-14 15:28:46,200 RF found but not transmitted
2018-06-14 15:28:46,203 SNT reinforcement
2018-06-14 15:28:46,805 RCV commit
2018-06-14 15:28:47,725 appended malicious commit b8e02222e2 on top of 2a75a6f922
2018-06-14 15:28:48,693 Weight: 149.70872520665924 #RFs 126
2018-06-14 15:28:48,694 weight: 149.70872520665924
2018-06-14 15:28:48,694 , 149.70872520665924
2018-06-14 15:28:48,698 MALICIOUS MINING state
2018-06-14 15:28:48,698 start mining - depth 13
2018-06-14 15:28:48,698 start mining - hash b8e02222e26df98215a8d70e5b14ad6c86aa9352052af8606d948911e5121c82
2018-06-14 15:28:48,699 Hashing frequency: 6475
2018-06-14 15:28:49,009 RCV reinforcement info
2018-06-14 15:28:50,765 RF found but not transmitted
2018-06-14 15:28:51,958 RCV reinforcement info
2018-06-14 15:28:52,919 RCV reinforcement info
2018-06-14 15:28:53,575 RCV reinforcement info
2018-06-14 15:28:56,683 RCV reinforcement info
2018-06-14 15:28:57,490 RF found but not transmitted
2018-06-14 15:28:57,612 RCV reinforcement info
2018-06-14 15:28:58,010 RF found but not transmitted
2018-06-14 15:28:59,422 RCV reinforcement info
2018-06-14 15:28:59,685 RF found but not transmitted
2018-06-14 15:28:59,687 hash found
2018-06-14 15:28:59,688 SNT malicious_proposal_agreement
2018-06-14 15:29:00,549 RCV reinforcement info
2018-06-14 15:29:01,259 RCV reinforcement info
2018-06-14 15:29:01,834 RF found but not transmitted
2018-06-14 15:29:02,371 RCV reinforcement info
2018-06-14 15:29:02,989 RCV reinforcement info
2018-06-14 15:29:03,259 RCV reinforcement info
2018-06-14 15:29:03,464 RCV proposal
2018-06-14 15:29:03,468 appended honest propose a29e56a353 on top of b8e02222e2
2018-06-14 15:29:03,569 RCV reinforcement
2018-06-14 15:29:03,798 RCV reinforcement info
2018-06-14 15:29:03,845 RCV reinforcement info
2018-06-14 15:29:03,939 RCV reinforcement
2018-06-14 15:29:03,978 RCV reinforcement
2018-06-14 15:29:05,028 RCV commit
2018-06-14 15:29:05,110 appended honest commit 416c399aa3 on top of a29e56a353
2018-06-14 15:29:05,192 Weight: 153.65372828632056 #RFs 13
2018-06-14 15:29:05,192 weight: 153.65372828632056
2018-06-14 15:29:05,192 , 153.65372828632056
2018-06-14 15:29:05,205 appended malicious propose 9694dddf48 on top of b8e02222e2
2018-06-14 15:29:05,205 REINFORCEMENT COLLECTING state
2018-06-14 15:29:05,286 SNT proposal
2018-06-14 15:29:05,768 RCV reinforcement
2018-06-14 15:29:05,801 RCV reinforcement
2018-06-14 15:29:05,892 RCV reinforcement
2018-06-14 15:29:05,924 RCV reinforcement
2018-06-14 15:29:05,941 RCV reinforcement
2018-06-14 15:29:05,998 RCV reinforcement
2018-06-14 15:29:06,410 RCV reinforcement
2018-06-14 15:29:06,791 commit with 7 reinforcements
2018-06-14 15:29:06,834 appended malicious commit 30f2ea3266 on top of 9694dddf48
2018-06-14 15:29:06,878 Weight: 155.45716488894178 #RFs 23
2018-06-14 15:29:06,878 weight: 155.45716488894178
2018-06-14 15:29:06,878 , 155.45716488894178
2018-06-14 15:29:06,880 MALICIOUS MINING state
2018-06-14 15:29:06,880 start mining - depth 14
2018-06-14 15:29:06,881 start mining - hash 30f2ea3266ca9f1798fc83eb937247a54b0be214734dac0ae88fadf11fae3431
2018-06-14 15:29:06,881 SNT commit
2018-06-14 15:29:07,733 RCV reinforcement info
2018-06-14 15:29:07,960 RCV reinforcement info
2018-06-14 15:29:08,897 RCV reinforcement info
2018-06-14 15:29:08,939 RCV reinforcement info
2018-06-14 15:29:09,370 RCV reinforcement info
2018-06-14 15:29:10,790 RCV reinforcement info
2018-06-14 15:29:11,544 RCV reinforcement info
2018-06-14 15:29:14,061 RCV reinforcement info
2018-06-14 15:29:15,269 RCV reinforcement info
2018-06-14 15:29:18,685 RCV reinforcement info
2018-06-14 15:29:18,829 RF found but not transmitted
2018-06-14 15:29:20,184 RCV reinforcement info
2018-06-14 15:29:20,978 RCV reinforcement info
2018-06-14 15:29:21,987 RCV malicious_prop_agreement
2018-06-14 15:29:22,647 RCV reinforcement info
2018-06-14 15:29:23,144 RCV reinforcement info
2018-06-14 15:29:23,841 RF found but not transmitted
2018-06-14 15:29:23,970 RCV reinforcement info
2018-06-14 15:29:25,364 RCV reinforcement info
2018-06-14 15:29:28,730 RF found but not transmitted
2018-06-14 15:29:30,980 RCV reinforcement info
2018-06-14 15:29:31,354 RCV reinforcement info
2018-06-14 15:29:32,368 RCV reinforcement info
2018-06-14 15:29:38,582 RCV reinforcement info
2018-06-14 15:29:39,285 RCV reinforcement info
2018-06-14 15:29:40,404 RCV reinforcement info
2018-06-14 15:29:44,337 RF found but not transmitted
2018-06-14 15:29:44,872 RCV reinforcement info
2018-06-14 15:29:44,950 RCV reinforcement info
2018-06-14 15:29:44,981 RCV reinforcement info
2018-06-14 15:29:46,495 RCV reinforcement info
2018-06-14 15:29:48,757 RCV reinforcement info
2018-06-14 15:29:49,277 RF found but not transmitted
2018-06-14 15:29:49,652 RF found but not transmitted
2018-06-14 15:29:50,885 RCV reinforcement info
2018-06-14 15:29:51,774 RCV reinforcement info
2018-06-14 15:29:52,090 RCV reinforcement info
2018-06-14 15:29:52,548 RF found but not transmitted
2018-06-14 15:29:53,799 RCV reinforcement info
2018-06-14 15:29:54,511 RF found but not transmitted
2018-06-14 15:29:55,163 RF found but not transmitted
2018-06-14 15:29:55,864 RCV reinforcement info
2018-06-14 15:29:57,315 RCV reinforcement info
2018-06-14 15:29:57,770 RCV reinforcement info
2018-06-14 15:29:57,882 RCV reinforcement info
2018-06-14 15:29:58,348 RCV reinforcement info
2018-06-14 15:29:59,916 RF found but not transmitted
2018-06-14 15:30:00,522 RCV reinforcement info
2018-06-14 15:30:02,083 RF found but not transmitted
2018-06-14 15:30:02,242 RF found but not transmitted
2018-06-14 15:30:06,536 RF found but not transmitted
2018-06-14 15:30:06,655 RCV reinforcement info
2018-06-14 15:30:10,398 RCV reinforcement info
2018-06-14 15:30:11,520 RCV reinforcement info
2018-06-14 15:30:13,360 RCV reinforcement info
2018-06-14 15:30:16,308 RCV reinforcement info
2018-06-14 15:30:16,358 RF found but not transmitted
2018-06-14 15:30:16,734 RF found but not transmitted
2018-06-14 15:30:18,549 RCV proposal
2018-06-14 15:30:18,555 appended honest propose 6f1536a343 on top of 30f2ea3266
2018-06-14 15:30:18,665 RCV reinforcement
2018-06-14 15:30:18,685 RCV reinforcement
2018-06-14 15:30:19,284 RCV reinforcement info
2018-06-14 15:30:19,369 RCV reinforcement
2018-06-14 15:30:19,505 RCV reinforcement info
2018-06-14 15:30:19,592 RCV reinforcement
2018-06-14 15:30:20,134 RF found but not transmitted
2018-06-14 15:30:20,206 RCV commit
2018-06-14 15:30:20,516 appended honest commit df53d18ee0 on top of 6f1536a343
2018-06-14 15:30:20,876 Weight: 164.6159165793823 #RFs 43
2018-06-14 15:30:20,876 weight: 164.6159165793823
2018-06-14 15:30:20,877 , 164.6159165793823
2018-06-14 15:30:21,087 RCV proposal
2018-06-14 15:30:21,095 appended malicious propose 96a3bc1191 on top of 30f2ea3266
2018-06-14 15:30:21,096 REINFORCEMENT SENT state
2018-06-14 15:30:21,099 SNT reinforcement
2018-06-14 15:30:21,331 RCV reinforcement
2018-06-14 15:30:21,342 RCV reinforcement
2018-06-14 15:30:21,359 RCV reinforcement
2018-06-14 15:30:21,367 RCV reinforcement
2018-06-14 15:30:21,372 RCV reinforcement
2018-06-14 15:30:22,426 RCV reinforcement
2018-06-14 15:30:22,857 RCV reinforcement
2018-06-14 15:30:22,958 RCV commit
2018-06-14 15:30:23,729 appended malicious commit 4bda83429a on top of 96a3bc1191
2018-06-14 15:30:24,406 Weight: 176.05062291146152 #RFs 103
2018-06-14 15:30:24,407 weight: 176.05062291146152
2018-06-14 15:30:24,407 , 176.05062291146152
2018-06-14 15:30:24,411 MALICIOUS MINING state
2018-06-14 15:30:24,411 start mining - depth 15
2018-06-14 15:30:24,412 start mining - hash 4bda83429aba7ee353cd5b77c94b3119b0e3fd89f8f06f5f3710bd3fd8e24c8e
2018-06-14 15:30:24,412 Hashing frequency: 4939
2018-06-14 15:30:25,394 RF found but not transmitted
2018-06-14 15:30:26,209 RCV reinforcement info
2018-06-14 15:30:28,050 RCV reinforcement info
2018-06-14 15:30:30,737 RCV reinforcement info
2018-06-14 15:30:31,490 RF found but not transmitted
2018-06-14 15:30:32,498 RCV reinforcement info
2018-06-14 15:30:33,379 RF found but not transmitted
2018-06-14 15:30:34,369 RCV reinforcement info
2018-06-14 15:30:35,228 RCV malicious_prop_agreement
2018-06-14 15:30:35,927 RF found but not transmitted
2018-06-14 15:30:39,926 RF found but not transmitted
2018-06-14 15:30:45,759 RCV reinforcement info
2018-06-14 15:30:45,931 RF found but not transmitted
2018-06-14 15:30:48,773 RCV reinforcement info
2018-06-14 15:30:50,238 RCV reinforcement info
2018-06-14 15:30:50,736 RCV reinforcement info
2018-06-14 15:30:51,525 RCV proposal
2018-06-14 15:30:51,530 appended honest propose 190f3ac671 on top of 4bda83429a
2018-06-14 15:30:51,620 RCV reinforcement
2018-06-14 15:30:51,640 RCV reinforcement
2018-06-14 15:30:51,787 RF found but not transmitted
2018-06-14 15:30:53,085 RCV commit
2018-06-14 15:30:53,137 appended honest commit 2f3284b786 on top of 190f3ac671
2018-06-14 15:30:53,189 Weight: 178.5704156407573 #RFs 9
2018-06-14 15:30:53,189 weight: 178.5704156407573
2018-06-14 15:30:53,189 , 178.5704156407573
2018-06-14 15:30:53,311 RCV proposal
2018-06-14 15:30:53,390 appended malicious propose 2cfb382769 on top of 4bda83429a
2018-06-14 15:30:53,391 REINFORCEMENT SENT state
2018-06-14 15:30:53,392 SNT reinforcement
2018-06-14 15:30:53,606 RCV reinforcement
2018-06-14 15:30:53,625 RCV reinforcement
2018-06-14 15:30:53,631 RCV reinforcement
2018-06-14 15:30:53,644 RCV reinforcement
2018-06-14 15:30:53,654 RCV reinforcement
2018-06-14 15:30:53,774 RCV reinforcement
2018-06-14 15:30:53,797 RCV reinforcement info
2018-06-14 15:30:54,187 RCV reinforcement
2018-06-14 15:30:54,983 RCV commit
2018-06-14 15:30:55,276 appended malicious commit 243dc3a586 on top of 2cfb382769
2018-06-14 15:30:55,628 Weight: 190.5625362272295 #RFs 48
2018-06-14 15:30:55,628 weight: 190.5625362272295
2018-06-14 15:30:55,628 , 190.5625362272295
2018-06-14 15:30:55,629 MALICIOUS MINING state
2018-06-14 15:30:55,634 start mining - depth 16
2018-06-14 15:30:55,634 start mining - hash 243dc3a586ec0c63b1c36b45f89f2777728df2f94fcd920e1fc94f63a9f17752
2018-06-14 15:30:55,777 RF found but not transmitted
2018-06-14 15:30:55,781 hash found
2018-06-14 15:30:55,782 SNT malicious_proposal_agreement
2018-06-14 15:31:00,693 RCV reinforcement info
2018-06-14 15:31:01,566 RCV reinforcement info
2018-06-14 15:31:02,610 RCV reinforcement info
2018-06-14 15:31:03,692 RCV reinforcement info
2018-06-14 15:31:05,941 RF found but not transmitted
2018-06-14 15:31:06,349 RCV reinforcement info
2018-06-14 15:31:07,015 RCV reinforcement info
2018-06-14 15:31:09,042 RCV reinforcement info
2018-06-14 15:31:11,340 RCV proposal
2018-06-14 15:31:11,344 appended honest propose 27c439349b on top of 243dc3a586
2018-06-14 15:31:11,439 RCV reinforcement
2018-06-14 15:31:11,468 RCV reinforcement info
2018-06-14 15:31:11,471 RCV reinforcement
2018-06-14 15:31:11,566 RCV reinforcement
2018-06-14 15:31:12,895 RCV commit
2018-06-14 15:31:12,938 appended honest commit 6babeb23bd on top of 27c439349b
2018-06-14 15:31:12,959 Weight: 192.90468565160953 #RFs 7
2018-06-14 15:31:12,963 weight: 192.90468565160953
2018-06-14 15:31:12,963 , 192.90468565160953
2018-06-14 15:31:12,971 appended malicious propose 27c84991c2 on top of 243dc3a586
2018-06-14 15:31:12,971 REINFORCEMENT COLLECTING state
2018-06-14 15:31:13,091 SNT proposal
2018-06-14 15:31:13,370 RCV reinforcement info
2018-06-14 15:31:13,373 RCV reinforcement
2018-06-14 15:31:13,391 RCV reinforcement
2018-06-14 15:31:13,485 RCV reinforcement
2018-06-14 15:31:13,496 RCV reinforcement
2018-06-14 15:31:13,509 RCV reinforcement
2018-06-14 15:31:13,520 RCV reinforcement
2018-06-14 15:31:14,197 RCV reinforcement info
2018-06-14 15:31:14,598 commit with 7 reinforcements
2018-06-14 15:31:14,649 appended malicious commit 2fdbe63056 on top of 27c84991c2
2018-06-14 15:31:14,703 Weight: 197.38063179836354 #RFs 24
2018-06-14 15:31:14,703 weight: 197.38063179836354
2018-06-14 15:31:14,703 , 197.38063179836354
2018-06-14 15:31:14,704 MALICIOUS MINING state
2018-06-14 15:31:14,704 start mining - depth 17
2018-06-14 15:31:14,705 start mining - hash 2fdbe63056fd7e91ba4d6e08d5b467f0b367578e05f2aecd123e3baf11671172
2018-06-14 15:31:14,707 SNT commit
2018-06-14 15:31:15,411 RCV reinforcement info
2018-06-14 15:31:15,485 RF found but not transmitted
2018-06-14 15:31:16,570 RCV reinforcement info
2018-06-14 15:31:17,309 RCV reinforcement info
2018-06-14 15:31:17,378 RCV reinforcement info
2018-06-14 15:31:18,042 RF found but not transmitted
2018-06-14 15:31:19,812 RCV reinforcement info
2018-06-14 15:31:21,208 RCV reinforcement info
2018-06-14 15:31:21,592 RF found but not transmitted
2018-06-14 15:31:22,346 RCV reinforcement info
2018-06-14 15:31:23,225 RCV reinforcement info
2018-06-14 15:31:23,767 RCV reinforcement info
2018-06-14 15:31:23,915 RCV reinforcement info
2018-06-14 15:31:25,123 RCV malicious_prop_agreement
2018-06-14 15:31:25,308 RF found but not transmitted
2018-06-14 15:31:27,957 RCV reinforcement info
2018-06-14 15:31:29,581 RF found but not transmitted
2018-06-14 15:31:30,468 RCV reinforcement info
2018-06-14 15:31:31,385 RCV reinforcement info
2018-06-14 15:31:31,606 RCV reinforcement info
2018-06-14 15:31:31,850 RCV reinforcement info
2018-06-14 15:31:32,187 RF found but not transmitted
2018-06-14 15:31:32,480 RCV reinforcement info
2018-06-14 15:31:34,175 RCV reinforcement info
2018-06-14 15:31:35,550 RF found but not transmitted
2018-06-14 15:31:37,712 RCV reinforcement info
2018-06-14 15:31:39,282 RCV reinforcement info
2018-06-14 15:31:39,513 RF found but not transmitted
2018-06-14 15:31:42,470 RCV reinforcement info
2018-06-14 15:31:48,907 RCV reinforcement info
2018-06-14 15:31:51,052 RCV reinforcement info
2018-06-14 15:31:51,403 RCV reinforcement info
2018-06-14 15:31:51,586 RF found but not transmitted
2018-06-14 15:31:53,720 RF found but not transmitted
2018-06-14 15:31:54,412 RF found but not transmitted
2018-06-14 15:31:59,049 RF found but not transmitted
2018-06-14 15:32:01,085 RCV reinforcement info
2018-06-14 15:32:04,332 RCV reinforcement info
2018-06-14 15:32:04,609 RCV reinforcement info
2018-06-14 15:32:06,738 RCV reinforcement info
2018-06-14 15:32:07,350 RCV reinforcement info
2018-06-14 15:32:10,419 RCV reinforcement info
2018-06-14 15:32:11,641 RCV reinforcement info
2018-06-14 15:32:11,937 RCV reinforcement info
2018-06-14 15:32:12,869 RF found but not transmitted
2018-06-14 15:32:15,382 RF found but not transmitted
2018-06-14 15:32:16,033 RCV reinforcement info
2018-06-14 15:32:17,357 RCV proposal
2018-06-14 15:32:17,362 appended honest propose 20dbd8537b on top of 2fdbe63056
2018-06-14 15:32:17,435 RCV reinforcement
2018-06-14 15:32:17,449 RCV reinforcement
2018-06-14 15:32:17,650 RCV reinforcement info
2018-06-14 15:32:17,771 RCV reinforcement
2018-06-14 15:32:19,049 RCV commit
2018-06-14 15:32:19,337 appended honest commit 163d9995b4 on top of 20dbd8537b
2018-06-14 15:32:19,668 Weight: 203.77465696017845 #RFs 33
2018-06-14 15:32:19,668 weight: 203.77465696017845
2018-06-14 15:32:19,668 , 203.77465696017845
2018-06-14 15:32:19,710 RCV reinforcement info
2018-06-14 15:32:19,942 RCV proposal
2018-06-14 15:32:19,957 appended malicious propose 5e4afc8cfa on top of 2fdbe63056
2018-06-14 15:32:19,959 REINFORCEMENT SENT state
2018-06-14 15:32:19,960 SNT reinforcement
2018-06-14 15:32:20,224 RCV reinforcement
2018-06-14 15:32:20,258 RCV reinforcement
2018-06-14 15:32:20,263 RCV reinforcement
2018-06-14 15:32:20,267 RCV reinforcement
2018-06-14 15:32:20,271 RCV reinforcement
2018-06-14 15:32:21,054 RCV reinforcement
2018-06-14 15:32:21,853 RCV commit
2018-06-14 15:32:22,895 appended malicious commit c60bfe546b on top of 5e4afc8cfa
2018-06-14 15:32:23,687 Weight: 216.94478816507268 #RFs 96
2018-06-14 15:32:23,687 weight: 216.94478816507268
2018-06-14 15:32:23,712 , 216.94478816507268
2018-06-14 15:32:23,715 MALICIOUS MINING state
2018-06-14 15:32:23,716 start mining - depth 18
2018-06-14 15:32:23,718 start mining - hash c60bfe546b2e66546e0d5d982ba1f00c7736759559dba15cefe5ba5be82afd8c
2018-06-14 15:32:23,719 Hashing frequency: 6180
2018-06-14 15:32:25,370 RCV reinforcement info
2018-06-14 15:32:25,662 RF found but not transmitted
2018-06-14 15:32:26,256 RCV reinforcement info
2018-06-14 15:32:26,931 RCV malicious_prop_agreement
2018-06-14 15:32:28,419 RCV reinforcement info
2018-06-14 15:32:28,755 RCV reinforcement info
2018-06-14 15:32:28,996 RCV reinforcement info
2018-06-14 15:32:29,120 RF found but not transmitted
2018-06-14 15:32:30,571 RCV reinforcement info
2018-06-14 15:32:31,393 RCV reinforcement info
2018-06-14 15:32:32,183 RCV reinforcement info
2018-06-14 15:32:32,884 RCV reinforcement info
2018-06-14 15:32:35,525 RCV reinforcement info
2018-06-14 15:32:36,380 RCV proposal
2018-06-14 15:32:36,384 appended honest propose c93281a624 on top of c60bfe546b
2018-06-14 15:32:36,480 RCV reinforcement
2018-06-14 15:32:36,522 RCV reinforcement info
2018-06-14 15:32:36,631 RCV reinforcement
2018-06-14 15:32:37,565 RCV reinforcement info
2018-06-14 15:32:37,658 RCV reinforcement
2018-06-14 15:32:37,748 RCV reinforcement info
2018-06-14 15:32:37,844 RCV reinforcement
2018-06-14 15:32:37,953 RCV commit
2018-06-14 15:32:38,019 appended honest commit dbbad089c8 on top of c93281a624
2018-06-14 15:32:38,121 Weight: 220.47557880010677 #RFs 10
2018-06-14 15:32:38,121 weight: 220.47557880010677
2018-06-14 15:32:38,121 , 220.47557880010677
2018-06-14 15:32:38,353 RF found but not transmitted
2018-06-14 15:32:38,405 RCV proposal
2018-06-14 15:32:38,430 appended malicious propose a813bccfef on top of c60bfe546b
2018-06-14 15:32:38,432 REINFORCEMENT SENT state
2018-06-14 15:32:38,433 SNT reinforcement
2018-06-14 15:32:38,695 RCV reinforcement
2018-06-14 15:32:38,705 RCV reinforcement
2018-06-14 15:32:38,717 RCV reinforcement
2018-06-14 15:32:38,721 RCV reinforcement
2018-06-14 15:32:38,736 RCV reinforcement
2018-06-14 15:32:38,770 RCV reinforcement
2018-06-14 15:32:39,197 RCV reinforcement
2018-06-14 15:32:39,360 RCV reinforcement info
2018-06-14 15:32:39,646 RCV reinforcement
2018-06-14 15:32:39,870 RCV commit
2018-06-14 15:32:40,041 appended malicious commit a7b6330651 on top of a813bccfef
2018-06-14 15:32:40,246 Weight: 223.98988654301834 #RFs 21
2018-06-14 15:32:40,246 weight: 223.98988654301834
2018-06-14 15:32:40,246 , 223.98988654301834
2018-06-14 15:32:40,249 MALICIOUS MINING state
2018-06-14 15:32:40,249 start mining - depth 19
2018-06-14 15:32:40,249 start mining - hash a7b6330651a3e1985e144df03c00858ab09d32a560012ef93368af2516090dee
2018-06-14 15:32:40,540 RCV reinforcement info
2018-06-14 15:32:41,582 RCV reinforcement info
2018-06-14 15:32:44,227 RCV reinforcement info
2018-06-14 15:32:47,763 RCV reinforcement info
2018-06-14 15:32:48,567 RF found but not transmitted
2018-06-14 15:32:49,380 RCV reinforcement info
2018-06-14 15:32:50,685 RF found but not transmitted
2018-06-14 15:32:51,734 RCV reinforcement info
2018-06-14 15:32:51,892 RCV reinforcement info
2018-06-14 15:32:52,655 RCV reinforcement info
2018-06-14 15:32:56,038 RCV reinforcement info
2018-06-14 15:32:57,361 RF found but not transmitted
2018-06-14 15:32:57,987 RCV reinforcement info
2018-06-14 15:32:58,653 RF found but not transmitted
2018-06-14 15:32:59,316 RF found but not transmitted
2018-06-14 15:33:00,406 RCV reinforcement info
2018-06-14 15:33:00,585 RCV reinforcement info
2018-06-14 15:33:01,858 RCV reinforcement info
2018-06-14 15:33:03,177 RCV reinforcement info
2018-06-14 15:33:05,411 RF found but not transmitted
2018-06-14 15:33:05,414 hash found
2018-06-14 15:33:05,415 SNT malicious_proposal_agreement
2018-06-14 15:33:06,813 RCV reinforcement info
2018-06-14 15:33:08,354 RF found but not transmitted
2018-06-14 15:33:09,404 RCV reinforcement info
2018-06-14 15:33:10,218 RCV reinforcement info
2018-06-14 15:33:11,960 RF found but not transmitted
2018-06-14 15:33:12,153 RCV reinforcement info
2018-06-14 15:33:13,085 RCV reinforcement info
2018-06-14 15:33:13,743 RCV reinforcement info
2018-06-14 15:33:14,687 RCV reinforcement info
2018-06-14 15:33:14,871 RCV reinforcement info
2018-06-14 15:33:15,859 RCV reinforcement info
2018-06-14 15:33:17,785 RCV reinforcement info
2018-06-14 15:33:19,014 RCV reinforcement info
2018-06-14 15:33:21,883 RF found but not transmitted
2018-06-14 15:33:22,547 RF found but not transmitted
2018-06-14 15:33:23,798 RCV reinforcement info
2018-06-14 15:33:25,529 RF found but not transmitted
2018-06-14 15:33:27,492 RCV reinforcement info
2018-06-14 15:33:30,790 RF found but not transmitted
2018-06-14 15:33:31,321 RCV reinforcement info
2018-06-14 15:33:33,424 RCV reinforcement info
2018-06-14 15:33:34,162 RCV reinforcement info
2018-06-14 15:33:35,558 RCV reinforcement info
2018-06-14 15:33:36,070 RCV proposal
2018-06-14 15:33:36,075 appended honest propose 7646865f41 on top of a7b6330651
2018-06-14 15:33:36,213 RCV reinforcement
2018-06-14 15:33:36,228 RCV reinforcement
2018-06-14 15:33:36,531 RF found but not transmitted
2018-06-14 15:33:37,717 RCV commit
2018-06-14 15:33:38,054 appended honest commit 7ae285c173 on top of 7646865f41
2018-06-14 15:33:38,306 Weight: 231.10521019390512 #RFs 31
2018-06-14 15:33:38,306 weight: 231.10521019390512
2018-06-14 15:33:38,306 , 231.10521019390512
2018-06-14 15:33:38,319 appended malicious propose 6c71a5f70f on top of a7b6330651
2018-06-14 15:33:38,321 REINFORCEMENT COLLECTING state
2018-06-14 15:33:38,417 SNT proposal
2018-06-14 15:33:38,737 RCV reinforcement
2018-06-14 15:33:38,798 RCV reinforcement
2018-06-14 15:33:38,858 RCV reinforcement
2018-06-14 15:33:38,889 RCV reinforcement
2018-06-14 15:33:38,913 RCV reinforcement
2018-06-14 15:33:38,957 RCV reinforcement
2018-06-14 15:33:38,964 RCV reinforcement
2018-06-14 15:33:39,009 RCV reinforcement
2018-06-14 15:33:39,121 RCV reinforcement
2018-06-14 15:33:39,176 RCV reinforcement info
2018-06-14 15:33:39,317 RCV reinforcement info
2018-06-14 15:33:39,920 commit with 7 reinforcements
2018-06-14 15:33:40,053 appended malicious commit 10aeda41f3 on top of 6c71a5f70f
2018-06-14 15:33:40,172 Weight: 241.27559991419636 #RFs 70
2018-06-14 15:33:40,173 weight: 241.27559991419636
2018-06-14 15:33:40,173 , 241.27559991419636
2018-06-14 15:33:40,175 MALICIOUS MINING state
2018-06-14 15:33:40,175 start mining - depth 20
2018-06-14 15:33:40,176 start mining - hash 10aeda41f393e8a1297e25bb9e5928c03384330d93f6af2df1b0c38d5e0034f4
2018-06-14 15:33:40,176 Hashing frequency: 3902
2018-06-14 15:33:40,176 SNT commit
2018-06-14 15:33:41,784 RCV reinforcement info
2018-06-14 15:33:41,945 RCV reinforcement info
2018-06-14 15:33:42,955 RCV reinforcement info
2018-06-14 15:33:44,802 RCV reinforcement info
2018-06-14 15:33:46,046 RCV reinforcement info
2018-06-14 15:33:46,857 RCV malicious_prop_agreement
2018-06-14 15:33:47,869 RCV reinforcement info
2018-06-14 15:33:50,887 RCV reinforcement info
2018-06-14 15:33:51,221 RCV reinforcement info
2018-06-14 15:33:51,465 RCV reinforcement info
2018-06-14 15:33:52,955 RCV reinforcement info
2018-06-14 15:33:56,385 RCV reinforcement info
2018-06-14 15:33:57,190 RCV reinforcement info
2018-06-14 15:33:57,571 RF found but not transmitted
2018-06-14 15:33:58,789 RCV reinforcement info
2018-06-14 15:34:01,403 RCV reinforcement info
2018-06-14 15:34:02,172 RCV reinforcement info
2018-06-14 15:34:04,446 RCV reinforcement info
2018-06-14 15:34:05,063 RF found but not transmitted
2018-06-14 15:34:05,329 RCV reinforcement info
2018-06-14 15:34:05,864 RCV reinforcement info
2018-06-14 15:34:09,543 RF found but not transmitted
2018-06-14 15:34:10,881 RCV reinforcement info
2018-06-14 15:34:11,058 RCV reinforcement info
2018-06-14 15:34:14,656 RCV reinforcement info
2018-06-14 15:34:14,899 RF found but not transmitted
2018-06-14 15:34:16,958 RCV reinforcement info
2018-06-14 15:34:17,075 RF found but not transmitted
2018-06-14 15:34:19,087 RCV reinforcement info
2018-06-14 15:34:20,890 RCV reinforcement info
2018-06-14 15:34:23,037 RCV proposal
2018-06-14 15:34:23,041 appended honest propose 685abf021f on top of 10aeda41f3
2018-06-14 15:34:23,166 RCV reinforcement
2018-06-14 15:34:23,195 RCV reinforcement
2018-06-14 15:34:23,217 RF found but not transmitted
2018-06-14 15:34:23,299 RCV reinforcement info
2018-06-14 15:34:23,381 RCV reinforcement
2018-06-14 15:34:24,280 RCV reinforcement info
2018-06-14 15:34:24,360 RCV reinforcement
2018-06-14 15:34:24,437 RCV reinforcement info
2018-06-14 15:34:24,524 RCV reinforcement
2018-06-14 15:34:24,657 RCV commit
2018-06-14 15:34:24,905 appended honest commit 91bcf924eb on top of 685abf021f
2018-06-14 15:34:25,087 Weight: 246.02822941419785 #RFs 25
2018-06-14 15:34:25,087 weight: 246.02822941419785
2018-06-14 15:34:25,087 , 246.02822941419785
2018-06-14 15:34:25,284 RCV proposal
2018-06-14 15:34:25,322 appended malicious propose 96714f77ca on top of 10aeda41f3
2018-06-14 15:34:25,322 REINFORCEMENT SENT state
2018-06-14 15:34:25,324 SNT reinforcement
2018-06-14 15:34:25,569 RCV reinforcement
2018-06-14 15:34:25,650 RCV reinforcement
2018-06-14 15:34:25,656 RCV reinforcement
2018-06-14 15:34:25,660 RCV reinforcement
2018-06-14 15:34:25,669 RCV reinforcement
2018-06-14 15:34:25,714 RCV reinforcement
2018-06-14 15:34:25,886 RF found but not transmitted
2018-06-14 15:34:25,888 SNT reinforcement
2018-06-14 15:34:26,300 RCV reinforcement
2018-06-14 15:34:27,360 RCV commit
2018-06-14 15:34:27,783 appended malicious commit 3e5f8b7634 on top of 96714f77ca
2018-06-14 15:34:28,474 Weight: 256.35441084886884 #RFs 62
2018-06-14 15:34:28,475 weight: 256.35441084886884
2018-06-14 15:34:28,475 , 256.35441084886884
2018-06-14 15:34:28,478 MALICIOUS MINING state
2018-06-14 15:34:28,478 start mining - depth 21
2018-06-14 15:34:28,481 start mining - hash 3e5f8b7634b76b7ecc765a7c02747b360ce6171f413159211640f76986dce856
2018-06-14 15:34:28,490 RCV reinforcement info
2018-06-14 15:34:29,690 RCV reinforcement info
2018-06-14 15:34:30,303 RF found but not transmitted
2018-06-14 15:34:37,446 RCV reinforcement info
2018-06-14 15:34:39,387 RF found but not transmitted
2018-06-14 15:34:39,389 hash found
2018-06-14 15:34:39,390 SNT malicious_proposal_agreement
2018-06-14 15:34:39,772 RCV reinforcement info
2018-06-14 15:34:42,524 RF found but not transmitted
2018-06-14 15:34:44,209 RCV reinforcement info
2018-06-14 15:34:44,896 RCV reinforcement info
2018-06-14 15:34:46,662 RCV reinforcement info
2018-06-14 15:34:47,072 RCV reinforcement info
2018-06-14 15:34:47,348 RCV reinforcement info
2018-06-14 15:34:47,745 RCV reinforcement info
2018-06-14 15:34:48,380 RCV reinforcement info
2018-06-14 15:34:49,317 RCV reinforcement info
2018-06-14 15:34:50,887 RCV reinforcement info
2018-06-14 15:34:51,650 RCV reinforcement info
2018-06-14 15:34:52,436 RCV proposal
2018-06-14 15:34:52,441 appended honest propose 43b4bd7a8b on top of 3e5f8b7634
2018-06-14 15:34:52,545 RCV reinforcement
2018-06-14 15:34:52,558 RCV reinforcement
2018-06-14 15:34:52,996 RCV reinforcement info
2018-06-14 15:34:53,083 RCV reinforcement
2018-06-14 15:34:53,973 RCV commit
2018-06-14 15:34:54,054 appended honest commit 6a416d76c0 on top of 43b4bd7a8b
2018-06-14 15:34:54,149 Weight: 259.80468290586106 #RFs 14
2018-06-14 15:34:54,154 weight: 259.80468290586106
2018-06-14 15:34:54,154 , 259.80468290586106
2018-06-14 15:34:54,174 appended malicious propose 5c05765baa on top of 3e5f8b7634
2018-06-14 15:34:54,174 REINFORCEMENT COLLECTING state
2018-06-14 15:34:54,253 SNT proposal
2018-06-14 15:34:54,506 RCV reinforcement
2018-06-14 15:34:54,566 RCV reinforcement
2018-06-14 15:34:54,706 RCV reinforcement
2018-06-14 15:34:54,769 RCV reinforcement
2018-06-14 15:34:54,792 RCV reinforcement
2018-06-14 15:34:54,926 RCV reinforcement
2018-06-14 15:34:55,371 RCV reinforcement info
2018-06-14 15:34:55,620 RCV reinforcement
2018-06-14 15:34:55,685 RCV reinforcement
2018-06-14 15:34:55,761 commit with 7 reinforcements
2018-06-14 15:34:55,844 appended malicious commit ae18681337 on top of 5c05765baa
2018-06-14 15:34:55,913 Weight: 265.05290506389184 #RFs 35
2018-06-14 15:34:55,913 weight: 265.05290506389184
2018-06-14 15:34:55,914 , 265.05290506389184
2018-06-14 15:34:55,917 MALICIOUS MINING state
2018-06-14 15:34:55,917 start mining - depth 22
2018-06-14 15:34:55,917 start mining - hash ae18681337dbdf054d6479a889b5e309426f918745d7aff13fdb6d2d41713b77
2018-06-14 15:34:55,918 Hashing frequency: 3854
2018-06-14 15:34:55,918 SNT commit
2018-06-14 15:34:57,750 RCV reinforcement info
2018-06-14 15:34:59,433 RCV reinforcement info
2018-06-14 15:35:01,071 RF found but not transmitted
2018-06-14 15:35:03,455 RCV malicious_prop_agreement
2018-06-14 15:35:04,142 RCV reinforcement info
2018-06-14 15:35:05,036 RCV reinforcement info
2018-06-14 15:35:05,039 RCV reinforcement info
2018-06-14 15:35:06,259 RCV reinforcement info
2018-06-14 15:35:06,518 RCV reinforcement info
2018-06-14 15:35:07,335 RCV reinforcement info
2018-06-14 15:35:10,032 RCV reinforcement info
2018-06-14 15:35:11,108 RCV reinforcement info
2018-06-14 15:35:11,392 RCV reinforcement info
2018-06-14 15:35:12,991 RCV reinforcement info
2018-06-14 15:35:13,070 RF found but not transmitted
2018-06-14 15:35:16,725 RF found but not transmitted
2018-06-14 15:35:16,831 RCV reinforcement info
2018-06-14 15:35:16,954 RCV reinforcement info
2018-06-14 15:35:18,500 RCV reinforcement info
2018-06-14 15:35:21,095 RCV reinforcement info
2018-06-14 15:35:21,116 RCV reinforcement info
2018-06-14 15:35:23,678 RCV proposal
2018-06-14 15:35:23,682 appended honest propose dc7557ec68 on top of ae18681337
2018-06-14 15:35:23,768 RF found but not transmitted
2018-06-14 15:35:24,093 RCV reinforcement
2018-06-14 15:35:24,169 RCV reinforcement
2018-06-14 15:35:25,285 RCV commit
2018-06-14 15:35:25,420 appended honest commit bd80b671d9 on top of dc7557ec68
2018-06-14 15:35:25,531 Weight: 269.2327505508118 #RFs 17
2018-06-14 15:35:25,532 weight: 269.2327505508118
2018-06-14 15:35:25,540 , 269.2327505508118
2018-06-14 15:35:25,829 RF found but not transmitted
2018-06-14 15:35:25,953 RCV proposal
2018-06-14 15:35:25,958 appended malicious propose 21ac49fb3c on top of ae18681337
2018-06-14 15:35:25,959 REINFORCEMENT SENT state
2018-06-14 15:35:25,960 SNT reinforcement
2018-06-14 15:35:26,261 RCV reinforcement
2018-06-14 15:35:26,289 RCV reinforcement
2018-06-14 15:35:26,300 RCV reinforcement
2018-06-14 15:35:26,316 RCV reinforcement
2018-06-14 15:35:26,335 RCV reinforcement
2018-06-14 15:35:27,279 RCV reinforcement
2018-06-14 15:35:27,567 RCV commit
2018-06-14 15:35:27,960 appended malicious commit e1d1dcc40b on top of 21ac49fb3c
2018-06-14 15:35:28,183 Weight: 274.9536233591614 #RFs 38
2018-06-14 15:35:28,187 weight: 274.9536233591614
2018-06-14 15:35:28,188 , 274.9536233591614
2018-06-14 15:35:28,190 MALICIOUS MINING state
2018-06-14 15:35:28,191 start mining - depth 23
2018-06-14 15:35:28,191 start mining - hash e1d1dcc40b4cba06b42f4e2760a616387c48dfde50ea036e93b61a52a21226a1
2018-06-14 15:35:32,504 RCV reinforcement info
2018-06-14 15:35:33,971 RCV reinforcement info
2018-06-14 15:35:34,489 RCV reinforcement info
2018-06-14 15:35:35,976 RCV malicious_prop_agreement
2018-06-14 15:35:37,338 RCV reinforcement info
2018-06-14 15:35:40,319 RCV reinforcement info
2018-06-14 15:35:41,589 RCV reinforcement info
2018-06-14 15:35:42,071 RF found but not transmitted
2018-06-14 15:35:46,437 RCV reinforcement info
2018-06-14 15:35:46,867 RCV reinforcement info
2018-06-14 15:35:49,619 RF found but not transmitted
2018-06-14 15:35:51,296 RCV reinforcement info
2018-06-14 15:35:51,566 RCV reinforcement info
2018-06-14 15:35:53,745 RCV reinforcement info
2018-06-14 15:35:54,818 RCV reinforcement info
2018-06-14 15:35:55,354 RCV reinforcement info
2018-06-14 15:35:56,003 RCV reinforcement info
2018-06-14 15:35:56,166 RCV reinforcement info
2018-06-14 15:35:56,247 RCV reinforcement info
2018-06-14 15:36:00,363 RCV reinforcement info
2018-06-14 15:36:01,446 RCV reinforcement info
2018-06-14 15:36:02,892 RCV reinforcement info
2018-06-14 15:36:04,674 RF found but not transmitted
2018-06-14 15:36:05,056 RCV reinforcement info
2018-06-14 15:36:07,977 RCV reinforcement info
2018-06-14 15:36:08,604 RCV reinforcement info
2018-06-14 15:36:09,001 RCV reinforcement info
2018-06-14 15:36:10,517 RCV reinforcement info
2018-06-14 15:36:10,654 RCV reinforcement info
2018-06-14 15:36:11,110 RCV reinforcement info
2018-06-14 15:36:12,039 RCV reinforcement info
2018-06-14 15:36:12,319 RCV proposal
2018-06-14 15:36:12,324 appended honest propose e93996d053 on top of e1d1dcc40b
2018-06-14 15:36:12,410 RCV reinforcement
2018-06-14 15:36:12,443 RCV reinforcement
2018-06-14 15:36:13,932 RCV commit
2018-06-14 15:36:14,221 appended honest commit c9303ab3fe on top of e93996d053
2018-06-14 15:36:14,476 Weight: 280.1323379586008 #RFs 27
2018-06-14 15:36:14,477 weight: 280.1323379586008
2018-06-14 15:36:14,477 , 280.1323379586008
2018-06-14 15:36:14,483 RCV reinforcement info
2018-06-14 15:36:14,486 RCV reinforcement
2018-06-14 15:36:14,566 RCV reinforcement info
2018-06-14 15:36:14,772 RCV proposal
2018-06-14 15:36:14,777 appended malicious propose 3cfb0b106e on top of e1d1dcc40b
2018-06-14 15:36:14,778 REINFORCEMENT SENT state
2018-06-14 15:36:14,779 SNT reinforcement
2018-06-14 15:36:15,082 RCV reinforcement
2018-06-14 15:36:15,105 RCV reinforcement
2018-06-14 15:36:15,148 RCV reinforcement
2018-06-14 15:36:15,167 RCV reinforcement
2018-06-14 15:36:15,172 RCV reinforcement
2018-06-14 15:36:15,318 RCV reinforcement
2018-06-14 15:36:16,286 RCV reinforcement info
2018-06-14 15:36:16,546 RCV reinforcement info
2018-06-14 15:36:17,357 RCV reinforcement info
2018-06-14 15:36:18,233 RCV commit
2018-06-14 15:36:18,945 appended malicious commit ce759c6141 on top of 3cfb0b106e
2018-06-14 15:36:19,752 Weight: 295.3727871811398 #RFs 71
2018-06-14 15:36:19,752 weight: 295.3727871811398
2018-06-14 15:36:19,756 , 295.3727871811398
2018-06-14 15:36:19,758 MALICIOUS MINING state
2018-06-14 15:36:19,758 start mining - depth 24
2018-06-14 15:36:19,759 start mining - hash ce759c6141ce997dd02c66aa71f4aa768741a0d47394653030664478615abaa3
2018-06-14 15:36:19,761 Hashing frequency: 4308
2018-06-14 15:36:19,766 RCV reinforcement info
2018-06-14 15:36:22,397 RCV reinforcement info
2018-06-14 15:36:22,939 RCV reinforcement info
2018-06-14 15:36:23,253 RCV reinforcement info
2018-06-14 15:36:25,534 RCV malicious_prop_agreement
2018-06-14 15:36:25,791 RCV reinforcement info
2018-06-14 15:36:26,100 RF found but not transmitted
2018-06-14 15:36:26,615 RCV reinforcement info
2018-06-14 15:36:27,539 RF found but not transmitted
2018-06-14 15:36:28,074 RCV reinforcement info
2018-06-14 15:36:28,939 RCV reinforcement info
2018-06-14 15:36:29,101 RF found but not transmitted
2018-06-14 15:36:29,360 RCV reinforcement info
2018-06-14 15:36:29,737 RCV reinforcement info
2018-06-14 15:36:29,816 RCV reinforcement info
2018-06-14 15:36:33,730 RCV reinforcement info
2018-06-14 15:36:33,901 RCV reinforcement info
2018-06-14 15:36:36,188 RCV reinforcement info
2018-06-14 15:36:36,388 RF found but not transmitted
2018-06-14 15:36:37,165 RCV reinforcement info
2018-06-14 15:36:38,305 RCV reinforcement info
2018-06-14 15:36:40,799 RCV reinforcement info
2018-06-14 15:36:42,254 RCV reinforcement info
2018-06-14 15:36:42,968 RCV reinforcement info
2018-06-14 15:36:43,938 RCV reinforcement info
2018-06-14 15:36:44,595 RCV reinforcement info
2018-06-14 15:36:44,798 RF found but not transmitted
2018-06-14 15:36:45,593 RF found but not transmitted
2018-06-14 15:36:45,809 RCV reinforcement info
2018-06-14 15:36:48,479 RCV reinforcement info
2018-06-14 15:36:49,407 RCV reinforcement info
2018-06-14 15:36:52,279 RF found but not transmitted
2018-06-14 15:36:52,539 RCV reinforcement info
2018-06-14 15:36:52,629 RCV reinforcement info
2018-06-14 15:36:53,077 RCV reinforcement info
2018-06-14 15:36:53,418 RCV reinforcement info
2018-06-14 15:36:53,923 RF found but not transmitted
2018-06-14 15:36:54,471 RCV reinforcement info
2018-06-14 15:36:55,267 RCV reinforcement info
2018-06-14 15:36:56,464 RCV reinforcement info
2018-06-14 15:36:57,146 RF found but not transmitted
2018-06-14 15:36:59,846 RF found but not transmitted
2018-06-14 15:37:01,668 RF found but not transmitted
2018-06-14 15:37:04,418 RF found but not transmitted
2018-06-14 15:37:05,334 RCV reinforcement info
2018-06-14 15:37:05,531 RCV reinforcement info
2018-06-14 15:37:06,001 RF found but not transmitted
2018-06-14 15:37:06,455 RCV reinforcement info
2018-06-14 15:37:09,328 RCV reinforcement info
2018-06-14 15:37:13,498 RCV reinforcement info
2018-06-14 15:37:14,424 RF found but not transmitted
2018-06-14 15:37:14,830 RCV reinforcement info
2018-06-14 15:37:16,302 RF found but not transmitted
2018-06-14 15:37:16,352 RCV reinforcement info
2018-06-14 15:37:16,566 RCV reinforcement info
2018-06-14 15:37:16,688 RF found but not transmitted
2018-06-14 15:37:17,080 RCV reinforcement info
2018-06-14 15:37:18,012 RF found but not transmitted
2018-06-14 15:37:22,931 RF found but not transmitted
2018-06-14 15:37:23,431 RCV reinforcement info
2018-06-14 15:37:24,676 RCV reinforcement info
2018-06-14 15:37:24,886 RF found but not transmitted
2018-06-14 15:37:25,899 RCV proposal
2018-06-14 15:37:25,904 appended honest propose 941131eee2 on top of ce759c6141
2018-06-14 15:37:26,037 RCV reinforcement
2018-06-14 15:37:26,126 RCV reinforcement
2018-06-14 15:37:26,416 RCV reinforcement info
2018-06-14 15:37:26,584 RCV reinforcement
2018-06-14 15:37:27,158 RF found but not transmitted
2018-06-14 15:37:27,717 RCV commit
2018-06-14 15:37:28,047 appended honest commit b73acbd5a2 on top of 941131eee2
2018-06-14 15:37:28,254 RF found but not transmitted
2018-06-14 15:37:28,399 Weight: 302.20135405963975 #RFs 42
2018-06-14 15:37:28,399 weight: 302.20135405963975
2018-06-14 15:37:28,399 , 302.20135405963975
2018-06-14 15:37:28,661 RCV proposal
2018-06-14 15:37:28,722 appended malicious propose a44c0f7c00 on top of ce759c6141
2018-06-14 15:37:28,743 REINFORCEMENT SENT state
2018-06-14 15:37:28,774 SNT reinforcement
2018-06-14 15:37:29,214 RCV reinforcement
2018-06-14 15:37:29,248 RCV reinforcement
2018-06-14 15:37:29,251 RCV reinforcement
2018-06-14 15:37:29,278 RCV reinforcement
2018-06-14 15:37:29,293 RCV reinforcement
2018-06-14 15:37:29,464 RF found but not transmitted
2018-06-14 15:37:29,467 SNT reinforcement
2018-06-14 15:37:29,640 RCV reinforcement
2018-06-14 15:37:29,674 RCV reinforcement
2018-06-14 15:37:30,468 RF found but not transmitted
2018-06-14 15:37:30,471 SNT reinforcement
2018-06-14 15:37:30,821 RCV commit
2018-06-14 15:37:31,738 appended malicious commit 85dc24f8bc on top of a44c0f7c00
2018-06-14 15:37:32,529 Weight: 323.74241710557504 #RFs 102
2018-06-14 15:37:32,530 weight: 323.74241710557504
2018-06-14 15:37:32,530 , 323.74241710557504
2018-06-14 15:37:32,532 MALICIOUS MINING state
2018-06-14 15:37:32,533 start mining - depth 25
2018-06-14 15:37:32,533 start mining - hash 85dc24f8bccc05cddd339a474017ef49c3b74364b02a87c4582edefe151572e2
2018-06-14 15:37:32,537 Hashing frequency: 3775
2018-06-14 15:37:32,677 RCV reinforcement info
2018-06-14 15:37:33,476 RF found but not transmitted
2018-06-14 15:37:33,835 RF found but not transmitted
2018-06-14 15:37:34,048 RCV reinforcement info
2018-06-14 15:37:36,970 RF found but not transmitted
2018-06-14 15:37:38,157 RCV reinforcement info
2018-06-14 15:37:38,638 RCV reinforcement info
2018-06-14 15:37:40,349 RCV reinforcement info
2018-06-14 15:37:40,585 RCV reinforcement info
2018-06-14 15:37:40,640 RF found but not transmitted
2018-06-14 15:37:42,337 RCV reinforcement info
2018-06-14 15:37:42,364 RF found but not transmitted
2018-06-14 15:37:45,234 RF found but not transmitted
2018-06-14 15:37:46,593 RCV reinforcement info
2018-06-14 15:37:48,912 RCV proposal
2018-06-14 15:37:48,917 appended honest propose c6ef7d9353 on top of 85dc24f8bc
2018-06-14 15:37:49,007 RF found but not transmitted
2018-06-14 15:37:49,327 RCV reinforcement
2018-06-14 15:37:49,338 RCV reinforcement
2018-06-14 15:37:50,460 RCV commit
2018-06-14 15:37:50,520 appended honest commit e16da59ddf on top of c6ef7d9353
2018-06-14 15:37:50,571 Weight: 326.18423984343906 #RFs 8
2018-06-14 15:37:50,572 weight: 326.18423984343906
2018-06-14 15:37:50,572 , 326.18423984343906
2018-06-14 15:37:50,573 start mining - depth 26
2018-06-14 15:37:50,573 start mining - hash e16da59ddf7c32406b01b22c47da264efd2e8d7eaacf6e3b249bd65cdb575d84
2018-06-14 15:37:51,774 RCV reinforcement info
2018-06-14 15:37:52,829 RCV reinforcement info
2018-06-14 15:37:56,512 RF found but not transmitted
2018-06-14 15:37:56,653 RCV malicious_prop_agreement
2018-06-14 15:37:58,271 RF found but not transmitted
2018-06-14 15:37:58,274 RCV reinforcement info
2018-06-14 15:37:58,545 RF found but not transmitted
2018-06-14 15:37:59,998 RCV reinforcement info
2018-06-14 15:38:01,206 RCV reinforcement info
2018-06-14 15:38:02,330 RCV reinforcement info
2018-06-14 15:38:03,950 RCV reinforcement info
2018-06-14 15:38:04,448 RCV reinforcement info
2018-06-14 15:38:06,406 RCV reinforcement info
2018-06-14 15:38:06,805 RCV reinforcement info
2018-06-14 15:38:06,810 RF found but not transmitted
2018-06-14 15:38:08,127 RCV reinforcement info
2018-06-14 15:38:11,297 RCV reinforcement info
2018-06-14 15:38:12,268 RF found but not transmitted
2018-06-14 15:38:13,104 RCV reinforcement info
2018-06-14 15:38:14,517 RCV reinforcement info
2018-06-14 15:38:17,850 RCV reinforcement info
2018-06-14 15:38:19,126 RCV reinforcement info
2018-06-14 15:38:19,310 RF found but not transmitted
2018-06-14 15:38:19,388 RCV reinforcement info
2018-06-14 15:38:19,785 RCV reinforcement info
2018-06-14 15:38:20,680 RCV proposal
2018-06-14 15:38:20,684 appended honest propose bb69be42f8 on top of e16da59ddf
2018-06-14 15:38:20,782 RCV reinforcement
2018-06-14 15:38:20,786 RCV reinforcement
2018-06-14 15:38:21,156 RCV reinforcement info
2018-06-14 15:38:21,242 RCV reinforcement
2018-06-14 15:38:21,913 RF found but not transmitted
2018-06-14 15:38:22,370 RCV commit
2018-06-14 15:38:22,522 appended honest commit f3f19a737e on top of bb69be42f8
2018-06-14 15:38:22,659 Weight: 329.95414274368585 #RFs 19
2018-06-14 15:38:22,667 weight: 329.95414274368585
2018-06-14 15:38:22,667 , 329.95414274368585
2018-06-14 15:38:22,756 RCV reinforcement info
2018-06-14 15:38:22,913 RCV proposal
2018-06-14 15:38:22,918 appended malicious propose c4835a72f7 on top of e16da59ddf
2018-06-14 15:38:22,918 REINFORCEMENT SENT state
2018-06-14 15:38:22,919 SNT reinforcement
2018-06-14 15:38:23,258 RCV reinforcement
2018-06-14 15:38:23,278 RCV reinforcement
2018-06-14 15:38:23,303 RCV reinforcement
2018-06-14 15:38:23,326 RCV reinforcement
2018-06-14 15:38:23,344 RCV reinforcement info
2018-06-14 15:38:23,348 RCV reinforcement
2018-06-14 15:38:23,435 RCV reinforcement info
2018-06-14 15:38:23,640 RCV reinforcement info
2018-06-14 15:38:23,822 RCV proposal
2018-06-14 15:38:23,840 appended honest propose 8abaa95e75 on top of f3f19a737e
2018-06-14 15:38:23,894 RCV reinforcement
2018-06-14 15:38:23,945 RCV reinforcement
2018-06-14 15:38:24,031 RF found but not transmitted
2018-06-14 15:38:24,042 SNT reinforcement
2018-06-14 15:38:24,687 RCV commit
2018-06-14 15:38:24,975 appended malicious commit 3273b9e58b on top of c4835a72f7
2018-06-14 15:38:25,146 Weight: 336.55105862214253 #RFs 38
2018-06-14 15:38:25,147 weight: 336.55105862214253
2018-06-14 15:38:25,147 , 336.55105862214253
2018-06-14 15:38:25,147 MALICIOUS MINING state
2018-06-14 15:38:25,147 start mining - depth 27
2018-06-14 15:38:25,148 start mining - hash 3273b9e58bac8b7a58ea68ba651e225f031d641a9162a5c14b489051c5bd2cf9
2018-06-14 15:38:25,354 RF found but not transmitted
2018-06-14 15:38:25,355 RCV commit
2018-06-14 15:38:25,428 appended honest commit b467335c9d on top of 8abaa95e75
2018-06-14 15:38:25,438 Weight: 331.5069229717364 #RFs 4
2018-06-14 15:38:25,438 weight: 331.5069229717364
2018-06-14 15:38:25,438 , 331.5069229717364
2018-06-14 15:38:25,439 Synchronizing branches
2018-06-14 15:38:25,439 start mining - depth 27
2018-06-14 15:38:25,441 start mining - hash 3273b9e58bac8b7a58ea68ba651e225f031d641a9162a5c14b489051c5bd2cf9
2018-06-14 15:38:25,618 RCV reinforcement info
2018-06-14 15:38:25,641 RF found but not transmitted
2018-06-14 15:38:26,236 RCV reinforcement info
2018-06-14 15:38:26,283 RF found but not transmitted
2018-06-14 15:38:29,338 RF found but not transmitted
2018-06-14 15:38:29,866 RCV reinforcement info
2018-06-14 15:38:30,160 RCV proposal
2018-06-14 15:38:30,163 appended honest propose 7b5c45c670 on top of 3273b9e58b
2018-06-14 15:38:30,250 RCV reinforcement
2018-06-14 15:38:30,688 RCV reinforcement info
2018-06-14 15:38:30,759 RCV reinforcement
2018-06-14 15:38:31,029 RF found but not transmitted
2018-06-14 15:38:31,681 RCV commit
2018-06-14 15:38:31,721 appended honest commit 4a56898857 on top of 7b5c45c670
2018-06-14 15:38:31,734 Weight: 338.07715239256527 #RFs 3
2018-06-14 15:38:31,734 weight: 338.07715239256527
2018-06-14 15:38:31,747 , 338.07715239256527
2018-06-14 15:38:31,751 start mining - depth 28
2018-06-14 15:38:31,751 start mining - hash 4a56898857d6b82e9dcda1c61cc022942c1a500df89ec0b0070378ce24ed392a
2018-06-14 15:38:32,259 RCV reinforcement info
2018-06-14 15:38:32,493 RCV reinforcement info
2018-06-14 15:38:33,528 RCV reinforcement info
2018-06-14 15:38:35,686 RCV reinforcement info
2018-06-14 15:38:36,484 RCV reinforcement info
2018-06-14 15:38:37,305 RCV reinforcement info
2018-06-14 15:38:37,556 RCV malicious_prop_agreement
2018-06-14 15:38:37,905 RCV reinforcement info
2018-06-14 15:38:37,975 RCV proposal
2018-06-14 15:38:37,978 appended honest propose 12340e9cf0 on top of 4a56898857
2018-06-14 15:38:38,030 RCV reinforcement info
2018-06-14 15:38:38,082 RCV reinforcement
2018-06-14 15:38:38,140 RCV reinforcement
2018-06-14 15:38:38,671 RF found but not transmitted
2018-06-14 15:38:39,038 RCV reinforcement info
2018-06-14 15:38:39,129 RCV reinforcement
2018-06-14 15:38:39,544 RCV commit
2018-06-14 15:38:39,590 appended honest commit 1cee6f7af5 on top of 12340e9cf0
2018-06-14 15:38:39,618 Weight: 341.8660319964571 #RFs 9
2018-06-14 15:38:39,618 weight: 341.8660319964571
2018-06-14 15:38:39,618 , 341.8660319964571
2018-06-14 15:38:39,811 RCV proposal
2018-06-14 15:38:39,814 appended malicious propose 3a85c310aa on top of 4a56898857
2018-06-14 15:38:39,814 REINFORCEMENT SENT state
2018-06-14 15:38:39,816 SNT reinforcement
2018-06-14 15:38:40,098 RCV reinforcement
2018-06-14 15:38:40,106 RCV reinforcement
2018-06-14 15:38:40,117 RCV reinforcement
2018-06-14 15:38:40,122 RCV reinforcement
2018-06-14 15:38:40,184 RCV reinforcement
2018-06-14 15:38:40,501 RCV reinforcement info
2018-06-14 15:38:40,979 RCV reinforcement
2018-06-14 15:38:41,163 RCV reinforcement info
2018-06-14 15:38:41,533 RCV commit
2018-06-14 15:38:41,662 appended malicious commit f964d1036c on top of 3a85c310aa
2018-06-14 15:38:41,730 Weight: 341.90484858245003 #RFs 13
2018-06-14 15:38:41,731 weight: 341.90484858245003
2018-06-14 15:38:41,731 , 341.90484858245003
2018-06-14 15:38:41,731 MALICIOUS MINING state
2018-06-14 15:38:41,731 start mining - depth 29
2018-06-14 15:38:41,732 start mining - hash f964d1036cbd04bb73927a537370460ebec4da0f6278efdb50bff33a244159c0
2018-06-14 15:38:41,733 Hashing frequency: 3573
2018-06-14 15:38:43,712 RCV malicious_prop_agreement
2018-06-14 15:38:45,175 RCV reinforcement info
2018-06-14 15:38:47,238 RCV proposal
2018-06-14 15:38:47,241 appended honest propose 6431278463 on top of 1cee6f7af5
2018-06-14 15:38:48,777 RCV commit
2018-06-14 15:38:48,797 appended honest commit d50c6e6e41 on top of 6431278463
2018-06-14 15:38:48,803 Weight: 343.516325273647 #RFs 3
2018-06-14 15:38:48,803 weight: 343.516325273647
2018-06-14 15:38:48,803 , 343.516325273647
2018-06-14 15:38:48,805 Synchronizing branches
2018-06-14 15:38:48,818 start mining - depth 30
2018-06-14 15:38:48,818 start mining - hash d50c6e6e412258540167df53e4a3eddf4d042319dc951f3aab4b4b99018cdc36
2018-06-14 15:38:48,980 RCV reinforcement info
2018-06-14 15:38:49,375 RCV reinforcement info
2018-06-14 15:38:49,498 RCV proposal
2018-06-14 15:38:49,500 appended honest propose 123e5b807c on top of d50c6e6e41
2018-06-14 15:38:49,782 RCV reinforcement
2018-06-14 15:38:50,757 RF found but not transmitted
2018-06-14 15:38:50,915 RCV reinforcement info
2018-06-14 15:38:51,000 RCV reinforcement
2018-06-14 15:38:51,130 RCV commit
2018-06-14 15:38:51,137 appended honest commit 25cdc4c4bb on top of 123e5b807c
2018-06-14 15:38:51,160 Weight: 344.8069606184071 #RFs 2
2018-06-14 15:38:51,160 weight: 344.8069606184071
2018-06-14 15:38:51,160 , 344.8069606184071
2018-06-14 15:38:51,160 start mining - depth 31
2018-06-14 15:38:51,161 start mining - hash 25cdc4c4bb51249f71e4043124784132beebb6bed57572306a6ae26801948722
2018-06-14 15:38:54,752 RCV reinforcement info
2018-06-14 15:38:55,744 RCV reinforcement info
