2018-06-10 14:23:51,228 ---------------------------------------------------------
2018-06-10 14:23:51,229 MALICIOUS PURE BLOCKCHAIN state
2018-06-10 14:23:52,250 start mining - depth 0
2018-06-10 14:23:52,252 start mining - hash ce749844a2e9f65897a709c6ccd3ac8089ac84e5f3db379c9c5019065d7debe5
2018-06-10 14:23:53,624 RCV malicious_prop_agreement
2018-06-10 14:23:53,624 start mal hidden SELFISH mining on top of - hash b7f631f634212c3d2bca004959c8733a0f6bbb974d4be31c73b7fe3c57ea9d83
2018-06-10 14:23:58,179 RF found but not transmitted
2018-06-10 14:24:01,731 RF found but not transmitted
2018-06-10 14:24:05,158 RCV proposal_commit
2018-06-10 14:24:05,161 appended honest propose 6a530cd619 on top of ce749844a2
2018-06-10 14:24:05,161 appended honest commit 9ef0686bc8 on top of 6a530cd619
2018-06-10 14:24:05,161 weight: 1
2018-06-10 14:24:05,162 , 1
2018-06-10 14:24:05,253 RCV proposal_commit
2018-06-10 14:24:05,255 appended malicious propose 86a0c7f5d3 on top of ce749844a2
2018-06-10 14:24:05,256 appended malicious commit 10397a0534 on top of 86a0c7f5d3
2018-06-10 14:24:05,256 weight: 1
2018-06-10 14:24:05,256 , 1
2018-06-10 14:24:05,257 start mining - depth 1
2018-06-10 14:24:05,257 start mining - hash 10397a053486ebb3ed4bc51fef667b0d035634390c1ebc0e74739a7eadb1487e
2018-06-10 14:24:18,862 RF found but not transmitted
2018-06-10 14:24:18,910 RCV proposal_commit
2018-06-10 14:24:18,912 appended honest propose e873de8301 on top of 9ef0686bc8
2018-06-10 14:24:18,913 appended honest commit db0d72f8dc on top of e873de8301
2018-06-10 14:24:18,913 weight: 2
2018-06-10 14:24:18,917 , 2
2018-06-10 14:24:18,917 LOSE: MALICIOUS LOST 2 - 1
2018-06-10 14:24:18,917 start mining - depth 2
2018-06-10 14:24:18,917 start mining - hash db0d72f8dc247350498877d2ee3db17eab1d1a70af28c40427be3a7620e70f6c
2018-06-10 14:24:21,503 RF found but not transmitted
2018-06-10 14:24:21,913 RF found but not transmitted
2018-06-10 14:24:22,406 RF found but not transmitted
2018-06-10 14:24:22,407 hash found
2018-06-10 14:24:22,411 SNT malicious_proposal_agreement
2018-06-10 14:24:27,525 RCV proposal_commit
2018-06-10 14:24:27,529 appended honest propose e734927add on top of db0d72f8dc
2018-06-10 14:24:27,529 appended honest commit 200abc97cf on top of e734927add
2018-06-10 14:24:27,529 weight: 3
2018-06-10 14:24:27,529 , 3
2018-06-10 14:24:27,534 appended malicious propose 6476724c95 on top of db0d72f8dc
2018-06-10 14:24:27,534 appended malicious commit 94b10fe17a on top of 6476724c95
2018-06-10 14:24:27,534 weight: 3
2018-06-10 14:24:27,534 SNT proposal_commit
2018-06-10 14:24:27,581 start mining - depth 3
2018-06-10 14:24:27,581 start mining - hash 94b10fe17a08bf9d562018f126135aaa84f236640ca7cb5a1dbf92e6219e5f4a
2018-06-10 14:24:31,482 RF found but not transmitted
2018-06-10 14:24:34,628 RF found but not transmitted
2018-06-10 14:24:35,998 RF found but not transmitted
2018-06-10 14:24:40,399 RF found but not transmitted
2018-06-10 14:24:43,453 RF found but not transmitted
2018-06-10 14:24:45,901 RCV proposal_commit
2018-06-10 14:24:45,904 appended honest propose 1476456884 on top of 200abc97cf
2018-06-10 14:24:45,904 appended honest commit 76c7e778a4 on top of 1476456884
2018-06-10 14:24:45,904 weight: 4
2018-06-10 14:24:45,904 , 4
2018-06-10 14:24:45,907 LOSE: MALICIOUS LOST 2 - 1
2018-06-10 14:24:45,907 start mining - depth 4
2018-06-10 14:24:45,907 start mining - hash 76c7e778a4a03429bfbae803924206eac1a416102ae8000dfce90d4e08761c0d
2018-06-10 14:24:54,591 RF found but not transmitted
2018-06-10 14:24:54,778 RF found but not transmitted
2018-06-10 14:24:58,303 RF found but not transmitted
2018-06-10 14:25:06,806 RF found but not transmitted
2018-06-10 14:25:13,608 RF found but not transmitted
2018-06-10 14:25:14,953 RF found but not transmitted
2018-06-10 14:25:17,320 RF found but not transmitted
2018-06-10 14:25:19,395 RF found but not transmitted
2018-06-10 14:25:20,180 RF found but not transmitted
2018-06-10 14:25:22,075 RCV proposal_commit
2018-06-10 14:25:22,077 appended honest propose 5c071b3257 on top of 76c7e778a4
2018-06-10 14:25:22,078 appended honest commit 81dca85f8a on top of 5c071b3257
2018-06-10 14:25:22,078 weight: 5
2018-06-10 14:25:22,078 , 5
2018-06-10 14:25:25,277 RF found but not transmitted
2018-06-10 14:25:29,370 RCV proposal_commit
2018-06-10 14:25:29,375 appended honest propose d80cc6a504 on top of 81dca85f8a
2018-06-10 14:25:29,375 appended honest commit f6b0204a65 on top of d80cc6a504
2018-06-10 14:25:29,376 weight: 6
2018-06-10 14:25:29,376 , 6
2018-06-10 14:25:29,377 LOSE: MALICIOUS LOST 2 - 0
2018-06-10 14:25:29,378 start mining - depth 6
2018-06-10 14:25:29,378 start mining - hash f6b0204a65501515975baa211223b70857ae98b985375dc0117e8bf54e085983
2018-06-10 14:25:29,378 Hashing frequency: 5017
2018-06-10 14:25:31,134 RF found but not transmitted
2018-06-10 14:25:34,824 RF found but not transmitted
2018-06-10 14:25:35,894 RF found but not transmitted
2018-06-10 14:25:47,593 RCV proposal_commit
2018-06-10 14:25:47,603 appended honest propose c2725ad243 on top of f6b0204a65
2018-06-10 14:25:47,603 appended honest commit 78dbdd782b on top of c2725ad243
2018-06-10 14:25:47,603 weight: 7
2018-06-10 14:25:47,604 , 7
2018-06-10 14:25:51,754 RCV proposal_commit
2018-06-10 14:25:51,756 appended honest propose c320c6f205 on top of 78dbdd782b
2018-06-10 14:25:51,757 appended honest commit caf005d138 on top of c320c6f205
2018-06-10 14:25:51,757 weight: 8
2018-06-10 14:25:51,757 , 8
2018-06-10 14:25:51,757 LOSE: MALICIOUS LOST 2 - 0
2018-06-10 14:25:51,758 start mining - depth 8
2018-06-10 14:25:51,758 start mining - hash caf005d138b7d9d1100bd12d3552ab72a84cfb7ad2605f4c2237a4ad08c6bcf8
2018-06-10 14:25:51,808 RF found but not transmitted
2018-06-10 14:25:55,934 RF found but not transmitted
2018-06-10 14:25:58,635 RF found but not transmitted
2018-06-10 14:26:03,740 RF found but not transmitted
2018-06-10 14:26:04,171 RF found but not transmitted
2018-06-10 14:26:05,862 RF found but not transmitted
2018-06-10 14:26:06,221 RF found but not transmitted
2018-06-10 14:26:07,757 RF found but not transmitted
2018-06-10 14:26:08,683 RCV proposal_commit
2018-06-10 14:26:08,685 appended honest propose 8a0ad9cd0f on top of caf005d138
2018-06-10 14:26:08,686 appended honest commit a1cf29f9ed on top of 8a0ad9cd0f
2018-06-10 14:26:08,686 weight: 9
2018-06-10 14:26:08,686 , 9
2018-06-10 14:26:09,600 RCV proposal_commit
2018-06-10 14:26:09,602 appended honest propose 36f2a5fe8a on top of a1cf29f9ed
2018-06-10 14:26:09,603 appended honest commit 973295ffad on top of 36f2a5fe8a
2018-06-10 14:26:09,603 weight: 10
2018-06-10 14:26:09,603 , 10
2018-06-10 14:26:09,603 LOSE: MALICIOUS LOST 2 - 0
2018-06-10 14:26:09,603 start mining - depth 10
2018-06-10 14:26:09,604 start mining - hash 973295ffad5e18e22095a69ee387036125b06c5021ea39c005727cf4ad8daf0c
2018-06-10 14:26:10,341 RF found but not transmitted
2018-06-10 14:26:10,342 hash found
2018-06-10 14:26:10,343 SNT malicious_proposal_agreement
2018-06-10 14:26:10,406 RCV proposal_commit
2018-06-10 14:26:10,408 appended honest propose 6d163c7dcf on top of 973295ffad
2018-06-10 14:26:10,409 appended honest commit f7ba1cda05 on top of 6d163c7dcf
2018-06-10 14:26:10,409 weight: 11
2018-06-10 14:26:10,409 , 11
2018-06-10 14:26:10,412 appended malicious propose aad0b855b9 on top of 973295ffad
2018-06-10 14:26:10,414 appended malicious commit 85ac9ac348 on top of aad0b855b9
2018-06-10 14:26:10,414 weight: 11
2018-06-10 14:26:10,414 SNT proposal_commit
2018-06-10 14:26:10,461 start mining - depth 11
2018-06-10 14:26:10,461 start mining - hash 85ac9ac348416e8c5c4d0f00c7a1269fc5eb6f4cbc83425dfcdcbefd385baa3a
2018-06-10 14:26:12,971 RF found but not transmitted
2018-06-10 14:26:17,392 RF found but not transmitted
2018-06-10 14:26:17,905 RF found but not transmitted
2018-06-10 14:26:18,138 RF found but not transmitted
2018-06-10 14:26:18,181 RCV proposal_commit
2018-06-10 14:26:18,184 appended honest propose 02174a1d37 on top of f7ba1cda05
2018-06-10 14:26:18,184 appended honest commit 187feed948 on top of 02174a1d37
2018-06-10 14:26:18,184 weight: 12
2018-06-10 14:26:18,187 , 12
2018-06-10 14:26:18,187 LOSE: MALICIOUS LOST 2 - 1
2018-06-10 14:26:18,188 start mining - depth 12
2018-06-10 14:26:18,188 start mining - hash 187feed94893baf7bf5f0a1b1577c8d0fb7875b3fb27596cebee72ef1e8736f7
2018-06-10 14:26:18,319 RF found but not transmitted
2018-06-10 14:26:27,767 RF found but not transmitted
2018-06-10 14:26:28,150 RCV malicious_prop_agreement
2018-06-10 14:26:28,150 start mal hidden SELFISH mining on top of - hash af202ad388e4288726ea1d4b61f92dc98fa87e403a79c1a846aedeb250a36a1f
2018-06-10 14:26:33,328 RF found but not transmitted
2018-06-10 14:26:47,076 RF found but not transmitted
2018-06-10 14:26:52,231 RCV proposal_commit
2018-06-10 14:26:52,236 appended honest propose a3d1101e2b on top of 187feed948
2018-06-10 14:26:52,237 appended honest commit 6a0baa6751 on top of a3d1101e2b
2018-06-10 14:26:52,237 weight: 13
2018-06-10 14:26:52,237 , 13
2018-06-10 14:26:52,337 RCV proposal_commit
2018-06-10 14:26:52,340 appended malicious propose 7efaca3aed on top of 187feed948
2018-06-10 14:26:52,341 appended malicious commit c3126adce4 on top of 7efaca3aed
2018-06-10 14:26:52,341 weight: 13
2018-06-10 14:26:52,342 , 13
2018-06-10 14:26:52,347 start mining - depth 13
2018-06-10 14:26:52,348 start mining - hash c3126adce4863ede228f3595e9b9f3322c0ca8e8cb7f0e362eac445e298413fa
2018-06-10 14:26:52,348 Hashing frequency: 4506
2018-06-10 14:26:57,288 RF found but not transmitted
2018-06-10 14:27:00,434 RCV proposal_commit
2018-06-10 14:27:00,437 appended malicious propose fa9c0ef6d6 on top of c3126adce4
2018-06-10 14:27:00,438 appended malicious commit f4b8eee083 on top of fa9c0ef6d6
2018-06-10 14:27:00,438 weight: 14
2018-06-10 14:27:00,438 , 14
2018-06-10 14:27:00,439 start mining - depth 14
2018-06-10 14:27:00,440 start mining - hash f4b8eee083bac25bc4e60a67f51288fa22e54f1c2d8e6dce7e4b6656963089d4
2018-06-10 14:27:03,506 RF found but not transmitted
2018-06-10 14:27:03,508 hash found
2018-06-10 14:27:03,510 SNT malicious_proposal_agreement
2018-06-10 14:27:05,486 RCV proposal_commit
2018-06-10 14:27:05,488 appended honest propose eb8f1b20d2 on top of f4b8eee083
2018-06-10 14:27:05,488 appended honest commit 5727337bcc on top of eb8f1b20d2
2018-06-10 14:27:05,488 weight: 15
2018-06-10 14:27:05,489 , 15
2018-06-10 14:27:05,494 appended malicious propose 7630db416a on top of f4b8eee083
2018-06-10 14:27:05,494 appended malicious commit caad5995e4 on top of 7630db416a
2018-06-10 14:27:05,494 weight: 15
2018-06-10 14:27:05,495 SNT proposal_commit
2018-06-10 14:27:05,547 start mining - depth 15
2018-06-10 14:27:05,547 start mining - hash caad5995e4a2a74e409572a137d15907dee51540204f9637c051dbd0e18bb96b
2018-06-10 14:27:07,199 RCV proposal_commit
2018-06-10 14:27:07,201 appended honest propose f9e6665859 on top of 5727337bcc
2018-06-10 14:27:07,201 appended honest commit fb6aeb291d on top of f9e6665859
2018-06-10 14:27:07,202 weight: 16
2018-06-10 14:27:07,205 , 16
2018-06-10 14:27:07,205 LOSE: MALICIOUS LOST 2 - 1
2018-06-10 14:27:07,205 start mining - depth 16
2018-06-10 14:27:07,205 start mining - hash fb6aeb291d0e17172104b7aec502c0c0d97eb9d6d3448ea7895143c792f49e38
2018-06-10 14:27:10,212 RF found but not transmitted
2018-06-10 14:27:10,789 RF found but not transmitted
2018-06-10 14:27:12,221 RCV proposal_commit
2018-06-10 14:27:12,223 appended honest propose e370248b2e on top of fb6aeb291d
2018-06-10 14:27:12,224 appended honest commit c06703ac60 on top of e370248b2e
2018-06-10 14:27:12,224 weight: 17
2018-06-10 14:27:12,224 , 17
2018-06-10 14:27:13,394 RF found but not transmitted
2018-06-10 14:27:17,102 RF found but not transmitted
2018-06-10 14:27:18,950 RF found but not transmitted
2018-06-10 14:27:18,952 hash found
2018-06-10 14:27:18,954 appended malicious propose 07df34f82e on top of fb6aeb291d
2018-06-10 14:27:18,955 appended malicious commit 9481f6272a on top of 07df34f82e
2018-06-10 14:27:18,955 weight: 17
2018-06-10 14:27:18,955 SNT proposal_commit
2018-06-10 14:27:19,007 , 17
2018-06-10 14:27:19,013 start mining - depth 17
2018-06-10 14:27:19,013 start mining - hash 9481f6272a0e3e23d722165f3b576336167dd23052a37eb358fc906a88aad8cb
2018-06-10 14:27:19,405 RF found but not transmitted
2018-06-10 14:27:23,219 RF found but not transmitted
2018-06-10 14:27:26,799 RF found but not transmitted
2018-06-10 14:27:29,732 RCV proposal_commit
2018-06-10 14:27:29,737 appended honest propose ace0c69202 on top of c06703ac60
2018-06-10 14:27:29,737 appended honest commit ac784ecaa5 on top of ace0c69202
2018-06-10 14:27:29,737 weight: 18
2018-06-10 14:27:29,737 , 18
2018-06-10 14:27:29,739 LOSE: MALICIOUS LOST 2 - 1
2018-06-10 14:27:29,739 start mining - depth 18
2018-06-10 14:27:29,739 start mining - hash ac784ecaa529f4f60705613e350224aa7af3272a5217d7f285069fdd6a1de4d8
2018-06-10 14:27:30,053 RCV proposal_commit
2018-06-10 14:27:30,055 appended honest propose 0caf21c5b0 on top of ac784ecaa5
2018-06-10 14:27:30,055 appended honest commit d575b48150 on top of 0caf21c5b0
2018-06-10 14:27:30,055 weight: 19
2018-06-10 14:27:30,056 , 19
2018-06-10 14:27:33,137 RF found but not transmitted
2018-06-10 14:27:35,027 RCV proposal_commit
2018-06-10 14:27:35,030 appended malicious propose de46aba9ca on top of ac784ecaa5
2018-06-10 14:27:35,030 appended malicious commit a1c50fc982 on top of de46aba9ca
2018-06-10 14:27:35,030 weight: 19
2018-06-10 14:27:35,030 , 19
2018-06-10 14:27:35,033 start mining - depth 19
2018-06-10 14:27:35,033 start mining - hash a1c50fc9828b2e21bb06f51aba2b4c07cbd9b2b130b7fd1701635324042b8f67
2018-06-10 14:27:35,537 RF found but not transmitted
2018-06-10 14:27:39,828 RCV proposal_commit
2018-06-10 14:27:39,830 appended malicious propose b45f1a81ff on top of a1c50fc982
2018-06-10 14:27:39,831 appended malicious commit 72f0d276dc on top of b45f1a81ff
2018-06-10 14:27:39,831 weight: 20
2018-06-10 14:27:39,831 , 20
2018-06-10 14:27:39,831 start mining - depth 20
2018-06-10 14:27:39,831 start mining - hash 72f0d276dcbe5d242777404943dce1830ffd185a1fafd128c6e562397332c5f6
2018-06-10 14:27:46,726 RCV proposal_commit
2018-06-10 14:27:46,728 appended honest propose bac0472af8 on top of 72f0d276dc
2018-06-10 14:27:46,729 appended honest commit b2f66d1f1f on top of bac0472af8
2018-06-10 14:27:46,729 weight: 21
2018-06-10 14:27:46,729 , 21
2018-06-10 14:27:50,778 RCV proposal_commit
2018-06-10 14:27:50,785 appended honest propose c17f212829 on top of b2f66d1f1f
2018-06-10 14:27:50,786 appended honest commit fc204775bf on top of c17f212829
2018-06-10 14:27:50,786 weight: 22
2018-06-10 14:27:50,786 , 22
2018-06-10 14:27:50,786 LOSE: MALICIOUS LOST 2 - 0
2018-06-10 14:27:50,786 start mining - depth 22
2018-06-10 14:27:50,786 start mining - hash fc204775bf0eae83d26cae1e0caec2b0822e29f6e6c9911d7e77083548abb366
2018-06-10 14:27:53,894 RF found but not transmitted
2018-06-10 14:27:54,948 RCV proposal_commit
2018-06-10 14:27:54,950 appended honest propose ec1cf1af0d on top of fc204775bf
2018-06-10 14:27:54,951 appended honest commit 6304126455 on top of ec1cf1af0d
2018-06-10 14:27:54,951 weight: 23
2018-06-10 14:27:54,951 , 23
2018-06-10 14:27:56,166 RF found but not transmitted
2018-06-10 14:27:57,415 RF found but not transmitted
2018-06-10 14:27:59,162 RF found but not transmitted
2018-06-10 14:28:04,917 RCV proposal_commit
2018-06-10 14:28:04,919 appended honest propose 0d87de0e24 on top of 6304126455
2018-06-10 14:28:04,920 appended honest commit 4ddf5ee646 on top of 0d87de0e24
2018-06-10 14:28:04,920 weight: 24
2018-06-10 14:28:04,920 , 24
2018-06-10 14:28:04,925 LOSE: MALICIOUS LOST 2 - 0
2018-06-10 14:28:04,925 start mining - depth 24
2018-06-10 14:28:04,926 start mining - hash 4ddf5ee646ab60024c73fb2f6e37ad87314fec944d70a78b4dd5688eb708114b
2018-06-10 14:28:04,926 Hashing frequency: 3825
2018-06-10 14:28:08,257 RF found but not transmitted
2018-06-10 14:28:10,842 RCV proposal_commit
2018-06-10 14:28:10,847 appended honest propose 908b9b35a8 on top of 4ddf5ee646
2018-06-10 14:28:10,847 appended honest commit 0c4d04e2d9 on top of 908b9b35a8
2018-06-10 14:28:10,847 weight: 25
2018-06-10 14:28:10,847 , 25
2018-06-10 14:28:11,226 RCV proposal_commit
2018-06-10 14:28:11,229 appended malicious propose 72ee6ba840 on top of 4ddf5ee646
2018-06-10 14:28:11,229 appended malicious commit d5f7b2b77d on top of 72ee6ba840
2018-06-10 14:28:11,229 weight: 25
2018-06-10 14:28:11,229 , 25
2018-06-10 14:28:11,231 start mining - depth 25
2018-06-10 14:28:11,231 start mining - hash d5f7b2b77d7df3337fafe093fa1fa6ff6a7612832c8e6cb9201e4ea9272b0a52
2018-06-10 14:28:18,039 RCV proposal_commit
2018-06-10 14:28:18,041 appended honest propose 9660a71217 on top of 0c4d04e2d9
2018-06-10 14:28:18,041 appended honest commit 872b6795e3 on top of 9660a71217
2018-06-10 14:28:18,042 weight: 26
2018-06-10 14:28:18,042 , 26
2018-06-10 14:28:18,042 LOSE: MALICIOUS LOST 2 - 1
2018-06-10 14:28:18,043 start mining - depth 26
2018-06-10 14:28:18,043 start mining - hash 872b6795e3255b6f115931be6646647445d2236e0c952f797ccea98cc8a7c1b5
2018-06-10 14:28:19,100 RCV proposal_commit
2018-06-10 14:28:19,102 appended honest propose 52311baf9e on top of 872b6795e3
2018-06-10 14:28:19,103 appended honest commit b08dbf60fd on top of 52311baf9e
2018-06-10 14:28:19,103 weight: 27
2018-06-10 14:28:19,103 , 27
2018-06-10 14:28:28,118 RF found but not transmitted
2018-06-10 14:28:29,209 RF found but not transmitted
2018-06-10 14:28:31,425 RCV proposal_commit
2018-06-10 14:28:31,430 appended honest propose 03b8043c9f on top of b08dbf60fd
2018-06-10 14:28:31,430 appended honest commit 190b2360fa on top of 03b8043c9f
2018-06-10 14:28:31,430 weight: 28
2018-06-10 14:28:31,430 , 28
2018-06-10 14:28:31,431 LOSE: MALICIOUS LOST 2 - 0
2018-06-10 14:28:31,431 start mining - depth 28
2018-06-10 14:28:31,431 start mining - hash 190b2360fa38ffc6617918197c893e6de6069cfb17c1db4f229b8c0d2b07a306
2018-06-10 14:28:40,247 RF found but not transmitted
2018-06-10 14:28:41,321 RCV proposal_commit
2018-06-10 14:28:41,323 appended honest propose 7fd8206a8b on top of 190b2360fa
2018-06-10 14:28:41,323 appended honest commit 7ca5b2cc0a on top of 7fd8206a8b
2018-06-10 14:28:41,324 weight: 29
2018-06-10 14:28:41,324 , 29
2018-06-10 14:28:43,031 RF found but not transmitted
2018-06-10 14:28:43,989 RCV proposal_commit
2018-06-10 14:28:43,994 appended malicious propose 2c7db2f7ba on top of 190b2360fa
2018-06-10 14:28:43,994 appended malicious commit 552c2e8ab0 on top of 2c7db2f7ba
2018-06-10 14:28:43,994 weight: 29
2018-06-10 14:28:43,995 , 29
2018-06-10 14:28:43,998 start mining - depth 29
2018-06-10 14:28:43,999 start mining - hash 552c2e8ab0d3ff8ff74130e622eb9a12135c07304905095070e55b5565b4deb1
2018-06-10 14:28:48,470 RCV proposal_commit
2018-06-10 14:28:48,475 appended honest propose 5e64894b13 on top of 7ca5b2cc0a
2018-06-10 14:28:48,476 appended honest commit 88de48331a on top of 5e64894b13
2018-06-10 14:28:48,476 weight: 30
2018-06-10 14:28:48,476 , 30
2018-06-10 14:28:48,476 LOSE: MALICIOUS LOST 2 - 1
2018-06-10 14:28:48,476 start mining - depth 30
2018-06-10 14:28:48,477 start mining - hash 88de48331a60ce281fb7a16e4c9dd13b4c41ec0614e394dcb3e2294d6948f5ab
2018-06-10 14:28:51,201 RF found but not transmitted
2018-06-10 14:28:51,205 hash found
2018-06-10 14:28:51,208 SNT malicious_proposal_agreement
2018-06-10 14:28:58,927 RCV proposal_commit
2018-06-10 14:28:58,932 appended honest propose f5c1b6fcc0 on top of 88de48331a
2018-06-10 14:28:58,932 appended honest commit 9fdf9d8a77 on top of f5c1b6fcc0
2018-06-10 14:28:58,932 weight: 31
2018-06-10 14:28:58,932 , 31
2018-06-10 14:28:58,937 appended malicious propose 2b6b142465 on top of 88de48331a
2018-06-10 14:28:58,937 appended malicious commit 2b4218f2ef on top of 2b6b142465
2018-06-10 14:28:58,937 weight: 31
2018-06-10 14:28:58,937 SNT proposal_commit
2018-06-10 14:28:58,997 start mining - depth 31
2018-06-10 14:28:58,998 start mining - hash 2b4218f2efe2f9097ad43ac992a64481b3a81d3188f909dddc6969590046db78
2018-06-10 14:28:59,651 RCV proposal_commit
2018-06-10 14:28:59,658 appended honest propose 77b5ab2cfa on top of 9fdf9d8a77
2018-06-10 14:28:59,659 appended honest commit f60113f80a on top of 77b5ab2cfa
2018-06-10 14:28:59,659 weight: 32
2018-06-10 14:28:59,659 , 32
2018-06-10 14:28:59,660 LOSE: MALICIOUS LOST 2 - 1
2018-06-10 14:28:59,660 start mining - depth 32
2018-06-10 14:28:59,660 start mining - hash f60113f80a5a87a3d232e0d1e3b39548b5b9c10bc497f9af1668ea43e2303efc
2018-06-10 14:28:59,895 RF found but not transmitted
2018-06-10 14:29:01,926 RF found but not transmitted
2018-06-10 14:29:03,517 RCV proposal_commit
2018-06-10 14:29:03,519 appended honest propose 8097274d85 on top of f60113f80a
2018-06-10 14:29:03,519 appended honest commit 5ebc2da7f7 on top of 8097274d85
2018-06-10 14:29:03,520 weight: 33
2018-06-10 14:29:03,520 , 33
2018-06-10 14:29:04,217 RF found but not transmitted
2018-06-10 14:29:05,204 RF found but not transmitted
2018-06-10 14:29:06,007 RF found but not transmitted
2018-06-10 14:29:07,224 RCV proposal_commit
2018-06-10 14:29:07,232 appended honest propose add4a9a1b4 on top of 5ebc2da7f7
2018-06-10 14:29:07,232 appended honest commit dc2703ca76 on top of add4a9a1b4
2018-06-10 14:29:07,232 weight: 34
2018-06-10 14:29:07,232 , 34
2018-06-10 14:29:07,233 LOSE: MALICIOUS LOST 2 - 0
2018-06-10 14:29:07,233 start mining - depth 34
2018-06-10 14:29:07,233 start mining - hash dc2703ca76696b81383cb37e891b234a5f18520d8f8d6adf0fe96b140427f909
2018-06-10 14:29:07,233 Hashing frequency: 2941
2018-06-10 14:29:11,407 RCV malicious_prop_agreement
2018-06-10 14:29:11,407 start mal hidden SELFISH mining on top of - hash 6a25dc6e51b4436ce2da983671f3028ec17975d1f56fe2fe389f9f5d1a8c4631
2018-06-10 14:29:14,132 RF found but not transmitted
2018-06-10 14:29:14,443 RF found but not transmitted
2018-06-10 14:29:15,521 RF found but not transmitted
2018-06-10 14:29:15,625 RF found but not transmitted
2018-06-10 14:29:18,721 RF found but not transmitted
2018-06-10 14:29:25,603 RF found but not transmitted
2018-06-10 14:29:26,106 RF found but not transmitted
2018-06-10 14:29:32,301 RF found but not transmitted
2018-06-10 14:29:33,157 RF found but not transmitted
2018-06-10 14:29:34,027 RF found but not transmitted
2018-06-10 14:29:34,045 RF found but not transmitted
2018-06-10 14:29:35,343 RF found but not transmitted
2018-06-10 14:29:36,591 RF found but not transmitted
2018-06-10 14:29:41,224 RF found but not transmitted
2018-06-10 14:29:42,232 RCV proposal_commit
2018-06-10 14:29:42,235 appended honest propose e3dc7e9fa5 on top of dc2703ca76
2018-06-10 14:29:42,235 appended honest commit 06b557c7db on top of e3dc7e9fa5
2018-06-10 14:29:42,235 weight: 35
2018-06-10 14:29:42,236 , 35
2018-06-10 14:29:42,305 RCV proposal_commit
2018-06-10 14:29:42,308 appended malicious propose 7eafe0bebd on top of dc2703ca76
2018-06-10 14:29:42,309 appended malicious commit 0b3772d5be on top of 7eafe0bebd
2018-06-10 14:29:42,309 weight: 35
2018-06-10 14:29:42,309 , 35
2018-06-10 14:29:42,311 start mining - depth 35
2018-06-10 14:29:42,311 start mining - hash 0b3772d5beb03584584a6421d7064dfaa7fa6f02402235e232a6415d0f87c515
2018-06-10 14:29:43,968 RCV proposal_commit
2018-06-10 14:29:43,971 appended honest propose 473e3e4188 on top of 06b557c7db
2018-06-10 14:29:43,971 appended honest commit 92d69ae6b0 on top of 473e3e4188
2018-06-10 14:29:43,971 weight: 36
2018-06-10 14:29:43,976 , 36
2018-06-10 14:29:43,976 LOSE: MALICIOUS LOST 2 - 1
2018-06-10 14:29:43,976 start mining - depth 36
2018-06-10 14:29:43,976 start mining - hash 92d69ae6b0f7196256fe97fd358d0a15cdecd34e2ba379fc89c385722b7dcaea
2018-06-10 14:29:46,665 RF found but not transmitted
2018-06-10 14:29:48,144 RCV proposal_commit
2018-06-10 14:29:48,146 appended honest propose be4da7a79f on top of 92d69ae6b0
2018-06-10 14:29:48,147 appended honest commit a22a36e5fe on top of be4da7a79f
2018-06-10 14:29:48,147 weight: 37
2018-06-10 14:29:48,147 , 37
2018-06-10 14:29:49,410 RF found but not transmitted
2018-06-10 14:29:51,290 RCV proposal_commit
2018-06-10 14:29:51,296 appended honest propose 4a6c09f10e on top of a22a36e5fe
2018-06-10 14:29:51,296 appended honest commit 48386ca94a on top of 4a6c09f10e
2018-06-10 14:29:51,296 weight: 38
2018-06-10 14:29:51,296 , 38
2018-06-10 14:29:51,296 LOSE: MALICIOUS LOST 2 - 0
2018-06-10 14:29:51,296 start mining - depth 38
2018-06-10 14:29:51,296 start mining - hash 48386ca94ad865396107cca774a06aafa6d25b6dc70ed187bf6366badde76462
2018-06-10 14:29:52,214 RF found but not transmitted
2018-06-10 14:29:59,618 RCV proposal_commit
2018-06-10 14:29:59,621 appended honest propose f94973f57a on top of 48386ca94a
2018-06-10 14:29:59,621 appended honest commit b792682b61 on top of f94973f57a
2018-06-10 14:29:59,621 weight: 39
2018-06-10 14:29:59,623 , 39
2018-06-10 14:30:00,195 RF found but not transmitted
2018-06-10 14:30:03,350 RF found but not transmitted
2018-06-10 14:30:03,929 RF found but not transmitted
2018-06-10 14:30:04,201 RF found but not transmitted
2018-06-10 14:30:04,403 RF found but not transmitted
2018-06-10 14:30:04,404 hash found
2018-06-10 14:30:04,408 appended malicious propose 0f8c7c2e49 on top of 48386ca94a
2018-06-10 14:30:04,408 appended malicious commit 065306a286 on top of 0f8c7c2e49
2018-06-10 14:30:04,408 weight: 39
2018-06-10 14:30:04,409 SNT proposal_commit
2018-06-10 14:30:04,469 , 39
2018-06-10 14:30:04,472 start mining - depth 39
2018-06-10 14:30:04,472 start mining - hash 065306a286bdc4748cb049f65d0e0231fa01a29871a417e5403fe9e6d993e3d2
2018-06-10 14:30:07,737 RF found but not transmitted
2018-06-10 14:30:08,443 RF found but not transmitted
2018-06-10 14:30:11,346 RF found but not transmitted
2018-06-10 14:30:15,545 RF found but not transmitted
2018-06-10 14:30:18,448 RF found but not transmitted
2018-06-10 14:30:24,532 RCV proposal_commit
2018-06-10 14:30:24,535 appended malicious propose 9f09e7bc32 on top of 065306a286
2018-06-10 14:30:24,536 appended malicious commit 0114a0a44c on top of 9f09e7bc32
2018-06-10 14:30:24,536 weight: 40
2018-06-10 14:30:24,536 , 40
2018-06-10 14:30:24,540 start mining - depth 40
2018-06-10 14:30:24,540 start mining - hash 0114a0a44cf967c92d958ac1234cbb7cdff25fadac1bdccf2372d9b7677a79e5
2018-06-10 14:30:24,544 Hashing frequency: 4173
2018-06-10 14:30:27,867 RCV proposal_commit
2018-06-10 14:30:27,869 appended honest propose 4298189f76 on top of 0114a0a44c
2018-06-10 14:30:27,870 appended honest commit 343b7acf45 on top of 4298189f76
2018-06-10 14:30:27,870 weight: 41
2018-06-10 14:30:27,870 , 41
2018-06-10 14:30:35,542 RF found but not transmitted
2018-06-10 14:30:38,016 RCV proposal_commit
2018-06-10 14:30:38,024 appended honest propose 308261a40f on top of 343b7acf45
2018-06-10 14:30:38,025 appended honest commit 0492448d5b on top of 308261a40f
2018-06-10 14:30:38,025 weight: 42
2018-06-10 14:30:38,025 , 42
2018-06-10 14:30:38,025 LOSE: MALICIOUS LOST 2 - 0
2018-06-10 14:30:38,026 start mining - depth 42
2018-06-10 14:30:38,026 start mining - hash 0492448d5bb2859aa09daa8d3d09e2ebd6082cbb9be0ce4ff8246c06b60cc6e2
2018-06-10 14:30:40,549 RF found but not transmitted
2018-06-10 14:30:53,104 RF found but not transmitted
2018-06-10 14:30:55,632 RCV proposal_commit
2018-06-10 14:30:55,635 appended honest propose 6561390eff on top of 0492448d5b
2018-06-10 14:30:55,635 appended honest commit a8a6b25e79 on top of 6561390eff
2018-06-10 14:30:55,635 weight: 43
2018-06-10 14:30:55,636 , 43
2018-06-10 14:30:57,615 RCV proposal_commit
2018-06-10 14:30:57,619 appended honest propose b1432b70d1 on top of a8a6b25e79
2018-06-10 14:30:57,620 appended honest commit d7a16e7cc5 on top of b1432b70d1
2018-06-10 14:30:57,620 weight: 44
2018-06-10 14:30:57,620 , 44
2018-06-10 14:30:57,620 LOSE: MALICIOUS LOST 2 - 0
2018-06-10 14:30:57,620 start mining - depth 44
2018-06-10 14:30:57,620 start mining - hash d7a16e7cc5f7b5dc1306ef46eb7e6a8d9b67c07b97e9d5012bc1eaf410c3671c
2018-06-10 14:31:09,782 RF found but not transmitted
2018-06-10 14:31:11,616 RF found but not transmitted
2018-06-10 14:31:14,521 RCV proposal_commit
2018-06-10 14:31:14,523 appended honest propose 4dcb83f4dd on top of d7a16e7cc5
2018-06-10 14:31:14,523 appended honest commit e158d6a113 on top of 4dcb83f4dd
2018-06-10 14:31:14,524 weight: 45
2018-06-10 14:31:14,524 , 45
2018-06-10 14:31:29,781 RCV proposal_commit
2018-06-10 14:31:29,786 appended honest propose 72b7969c6f on top of e158d6a113
2018-06-10 14:31:29,787 appended honest commit d4b0c5432d on top of 72b7969c6f
2018-06-10 14:31:29,787 weight: 46
2018-06-10 14:31:29,787 , 46
2018-06-10 14:31:29,788 LOSE: MALICIOUS LOST 2 - 0
2018-06-10 14:31:29,788 start mining - depth 46
2018-06-10 14:31:29,788 start mining - hash d4b0c5432d8ce1b9d7310bbad4ea1a28665bcd622fcb4edc6bc8869fed51aae8
2018-06-10 14:31:29,788 Hashing frequency: 3523
2018-06-10 14:31:31,915 RCV malicious_prop_agreement
2018-06-10 14:31:31,915 start mal hidden SELFISH mining on top of - hash a24011cec44e50ee935eacfd1b0c15701eaf3d1fc12688ff913fe45ddf7fa3e6
2018-06-10 14:31:32,815 RF found but not transmitted
2018-06-10 14:31:34,241 RF found but not transmitted
2018-06-10 14:31:40,733 RCV proposal_commit
2018-06-10 14:31:40,736 appended honest propose dd703dfdc8 on top of d4b0c5432d
2018-06-10 14:31:40,736 appended honest commit 904e6caf18 on top of dd703dfdc8
2018-06-10 14:31:40,736 weight: 47
2018-06-10 14:31:40,736 , 47
2018-06-10 14:31:40,822 RCV proposal_commit
2018-06-10 14:31:40,824 appended malicious propose 17fcb0ad11 on top of d4b0c5432d
2018-06-10 14:31:40,825 appended malicious commit 0b6024a376 on top of 17fcb0ad11
2018-06-10 14:31:40,825 weight: 47
2018-06-10 14:31:40,825 , 47
2018-06-10 14:31:40,827 start mining - depth 47
2018-06-10 14:31:40,827 start mining - hash 0b6024a3766c0cd22be9fb41e10ae5be549c0a9869b75c24167d5d37050f1542
2018-06-10 14:31:47,433 RCV proposal_commit
2018-06-10 14:31:47,437 appended honest propose a63ad133e9 on top of 904e6caf18
2018-06-10 14:31:47,438 appended honest commit 284e645d05 on top of a63ad133e9
2018-06-10 14:31:47,438 weight: 48
2018-06-10 14:31:47,438 , 48
2018-06-10 14:31:47,438 LOSE: MALICIOUS LOST 2 - 1
2018-06-10 14:31:47,438 start mining - depth 48
2018-06-10 14:31:47,438 start mining - hash 284e645d0592320f62d7f693bbb3f7cbc323cb7dba0498dfb4307a8116466f1c
2018-06-10 14:31:48,467 RF found but not transmitted
2018-06-10 14:31:51,066 RF found but not transmitted
2018-06-10 14:31:53,308 RCV proposal_commit
2018-06-10 14:31:53,310 appended honest propose 6bd17259ef on top of 284e645d05
2018-06-10 14:31:53,311 appended honest commit 07ae64adee on top of 6bd17259ef
2018-06-10 14:31:53,311 weight: 49
2018-06-10 14:31:53,311 , 49
2018-06-10 14:31:55,247 RCV proposal_commit
2018-06-10 14:31:55,249 appended honest propose bdfd9c4ed1 on top of 07ae64adee
2018-06-10 14:31:55,249 appended honest commit d58e1ead96 on top of bdfd9c4ed1
2018-06-10 14:31:55,249 weight: 50
2018-06-10 14:31:55,252 , 50
2018-06-10 14:31:55,252 LOSE: MALICIOUS LOST 2 - 0
2018-06-10 14:31:55,253 start mining - depth 50
2018-06-10 14:31:55,253 start mining - hash d58e1ead9617328b3102800f434bdd4e9024f7ff3d044563358885713fb7d93c
2018-06-10 14:32:00,667 RF found but not transmitted
2018-06-10 14:32:03,350 RF found but not transmitted
2018-06-10 14:32:03,610 RCV proposal_commit
2018-06-10 14:32:03,615 appended honest propose 594a1101fb on top of d58e1ead96
2018-06-10 14:32:03,615 appended honest commit 44bc2acee7 on top of 594a1101fb
2018-06-10 14:32:03,616 weight: 51
2018-06-10 14:32:03,616 , 51
2018-06-10 14:32:05,836 RF found but not transmitted
2018-06-10 14:32:06,219 RCV proposal_commit
2018-06-10 14:32:06,221 appended honest propose c378207aa9 on top of 44bc2acee7
2018-06-10 14:32:06,221 appended honest commit 5a3e235e79 on top of c378207aa9
2018-06-10 14:32:06,222 weight: 52
2018-06-10 14:32:06,224 , 52
2018-06-10 14:32:06,224 LOSE: MALICIOUS LOST 2 - 0
2018-06-10 14:32:06,224 start mining - depth 52
2018-06-10 14:32:06,224 start mining - hash 5a3e235e791f6fcd8d558201eea8f7cd0f06edebc467523065ed261dbf32c010
2018-06-10 14:32:07,111 RF found but not transmitted
2018-06-10 14:32:07,864 RF found but not transmitted
2018-06-10 14:32:08,917 RF found but not transmitted
2018-06-10 14:32:13,152 RF found but not transmitted
2018-06-10 14:32:13,519 RF found but not transmitted
2018-06-10 14:32:16,907 RF found but not transmitted
2018-06-10 14:32:20,047 RCV proposal_commit
2018-06-10 14:32:20,049 appended honest propose 2176185272 on top of 5a3e235e79
2018-06-10 14:32:20,050 appended honest commit c5cc54b698 on top of 2176185272
2018-06-10 14:32:20,050 weight: 53
2018-06-10 14:32:20,050 , 53
2018-06-10 14:32:22,276 RF found but not transmitted
2018-06-10 14:32:23,246 RF found but not transmitted
2018-06-10 14:32:23,248 hash found
2018-06-10 14:32:23,251 appended malicious propose 5801c768c7 on top of 5a3e235e79
2018-06-10 14:32:23,252 appended malicious commit 88d33b7363 on top of 5801c768c7
2018-06-10 14:32:23,252 weight: 53
2018-06-10 14:32:23,253 SNT proposal_commit
2018-06-10 14:32:23,306 , 53
2018-06-10 14:32:23,308 start mining - depth 53
2018-06-10 14:32:23,308 start mining - hash 88d33b7363bd02001a24d4149be1ff55dd790c024fc458c66cf019ccc899d93d
2018-06-10 14:32:24,020 RCV proposal_commit
2018-06-10 14:32:24,022 appended honest propose eb95c40080 on top of c5cc54b698
2018-06-10 14:32:24,022 appended honest commit a444a5f02f on top of eb95c40080
2018-06-10 14:32:24,022 weight: 54
2018-06-10 14:32:24,026 , 54
2018-06-10 14:32:24,026 LOSE: MALICIOUS LOST 2 - 1
2018-06-10 14:32:24,026 start mining - depth 54
2018-06-10 14:32:24,026 start mining - hash a444a5f02f8a963a5b16d72d7fa3a0a071d0c799123715f23a4bbfcd6079ebfc
2018-06-10 14:32:26,296 RCV proposal_commit
2018-06-10 14:32:26,302 appended honest propose fda6470988 on top of a444a5f02f
2018-06-10 14:32:26,302 appended honest commit 1b7ce7deac on top of fda6470988
2018-06-10 14:32:26,302 weight: 55
2018-06-10 14:32:26,303 , 55
2018-06-10 14:32:30,752 RF found but not transmitted
2018-06-10 14:32:46,396 RF found but not transmitted
2018-06-10 14:32:48,669 RF found but not transmitted
2018-06-10 14:32:50,805 RCV proposal_commit
2018-06-10 14:32:50,809 appended honest propose 135ec56f13 on top of 1b7ce7deac
2018-06-10 14:32:50,810 appended honest commit 45ea0b84fe on top of 135ec56f13
2018-06-10 14:32:50,810 weight: 56
2018-06-10 14:32:50,810 , 56
2018-06-10 14:32:50,812 LOSE: MALICIOUS LOST 2 - 0
2018-06-10 14:32:50,813 start mining - depth 56
2018-06-10 14:32:50,813 start mining - hash 45ea0b84fefe792d0f1f33fa8b13528d0c65ff6cdbe448f55eae457cbbcf0616
2018-06-10 14:32:50,813 Hashing frequency: 4359
2018-06-10 14:32:51,685 RF found but not transmitted
2018-06-10 14:32:51,865 RF found but not transmitted
2018-06-10 14:32:56,519 RF found but not transmitted
2018-06-10 14:32:57,378 RF found but not transmitted
2018-06-10 14:32:57,621 RF found but not transmitted
2018-06-10 14:33:00,587 RF found but not transmitted
2018-06-10 14:33:02,552 RF found but not transmitted
2018-06-10 14:33:04,114 RCV proposal_commit
2018-06-10 14:33:04,118 appended honest propose 2dc3c0dbc8 on top of 45ea0b84fe
2018-06-10 14:33:04,119 appended honest commit e54f60ada6 on top of 2dc3c0dbc8
2018-06-10 14:33:04,119 weight: 57
2018-06-10 14:33:04,119 , 57
2018-06-10 14:33:04,931 RF found but not transmitted
2018-06-10 14:33:06,117 RCV proposal_commit
2018-06-10 14:33:06,119 appended malicious propose fc0496afd2 on top of 45ea0b84fe
2018-06-10 14:33:06,120 appended malicious commit f9190ab6b4 on top of fc0496afd2
2018-06-10 14:33:06,120 weight: 57
2018-06-10 14:33:06,120 , 57
2018-06-10 14:33:06,123 start mining - depth 57
2018-06-10 14:33:06,123 start mining - hash f9190ab6b47f729457e6c0d5007f57b475f489bfc0987631ffa33b0ee2e496da
2018-06-10 14:33:14,365 RF found but not transmitted
2018-06-10 14:33:16,688 RF found but not transmitted
2018-06-10 14:33:16,733 RCV proposal_commit
2018-06-10 14:33:16,736 appended malicious propose 930498dba6 on top of f9190ab6b4
2018-06-10 14:33:16,736 appended malicious commit da3fcab490 on top of 930498dba6
2018-06-10 14:33:16,736 weight: 58
2018-06-10 14:33:16,737 , 58
2018-06-10 14:33:16,738 start mining - depth 58
2018-06-10 14:33:16,738 start mining - hash da3fcab49096a009a6acb98a1cc5de7de3bd6f2b5ce9793d8c88b449c97c2ea9
2018-06-10 14:33:18,767 RF found but not transmitted
2018-06-10 14:33:18,906 RCV proposal_commit
2018-06-10 14:33:18,909 appended honest propose 0520006bce on top of da3fcab490
2018-06-10 14:33:18,909 appended honest commit 5d2efe2626 on top of 0520006bce
2018-06-10 14:33:18,909 weight: 59
2018-06-10 14:33:18,909 , 59
2018-06-10 14:33:26,502 RCV proposal_commit
2018-06-10 14:33:26,504 appended malicious propose 01b951a7ad on top of da3fcab490
2018-06-10 14:33:26,505 appended malicious commit 27daeea245 on top of 01b951a7ad
2018-06-10 14:33:26,505 weight: 59
2018-06-10 14:33:26,505 , 59
2018-06-10 14:33:26,506 start mining - depth 59
2018-06-10 14:33:26,510 start mining - hash 27daeea245d672697929fb5fae7d526fbbbf8576e0a1b8752adc621b2446c632
2018-06-10 14:33:35,007 RCV proposal_commit
2018-06-10 14:33:35,013 appended honest propose 351b55482d on top of 5d2efe2626
2018-06-10 14:33:35,014 appended honest commit c004cc96c8 on top of 351b55482d
2018-06-10 14:33:35,014 weight: 60
2018-06-10 14:33:35,014 , 60
2018-06-10 14:33:35,014 LOSE: MALICIOUS LOST 2 - 1
2018-06-10 14:33:35,014 start mining - depth 60
2018-06-10 14:33:35,015 start mining - hash c004cc96c8a79891a126f66ce03b6f7da16ca37a26ae443a609c2403ec0c7d65
2018-06-10 14:33:40,066 RF found but not transmitted
2018-06-10 14:33:43,427 RCV proposal_commit
2018-06-10 14:33:43,433 appended honest propose 77f0efe1de on top of c004cc96c8
2018-06-10 14:33:43,434 appended honest commit 8e207ea621 on top of 77f0efe1de
2018-06-10 14:33:43,434 weight: 61
2018-06-10 14:33:43,434 , 61
2018-06-10 14:33:45,779 RF found but not transmitted
2018-06-10 14:33:45,842 RCV proposal_commit
2018-06-10 14:33:45,847 appended honest propose 3a7ee65aee on top of 8e207ea621
2018-06-10 14:33:45,848 appended honest commit e6176ec3c3 on top of 3a7ee65aee
2018-06-10 14:33:45,848 weight: 62
2018-06-10 14:33:45,848 , 62
2018-06-10 14:33:45,848 LOSE: MALICIOUS LOST 2 - 0
2018-06-10 14:33:45,848 start mining - depth 62
2018-06-10 14:33:45,848 start mining - hash e6176ec3c3620c87f43b9cbcefcc16ad2dc8ac46012bfdd316e7527d1c810147
2018-06-10 14:33:49,576 RF found but not transmitted
2018-06-10 14:33:49,882 RCV malicious_prop_agreement
2018-06-10 14:33:49,883 start mal hidden SELFISH mining on top of - hash 43850d460692f4aa6162a38d50e9d9e53d798d1cc22ee4e85d612151b135d274
2018-06-10 14:33:52,278 RCV proposal_commit
2018-06-10 14:33:52,280 appended honest propose fbe6a3cc0d on top of e6176ec3c3
2018-06-10 14:33:52,281 appended honest commit ba6f625ce6 on top of fbe6a3cc0d
2018-06-10 14:33:52,281 weight: 63
2018-06-10 14:33:52,285 , 63
2018-06-10 14:33:52,332 RCV proposal_commit
2018-06-10 14:33:52,335 appended malicious propose 822d0b9256 on top of e6176ec3c3
2018-06-10 14:33:52,335 appended malicious commit 174401d168 on top of 822d0b9256
2018-06-10 14:33:52,335 weight: 63
2018-06-10 14:33:52,336 , 63
2018-06-10 14:33:52,339 start mining - depth 63
2018-06-10 14:33:52,339 start mining - hash 174401d168fe52b36924f8dd3c188adf54a9dda3ca4c7467eebfdba0628c1b19
2018-06-10 14:33:52,339 Hashing frequency: 3322
2018-06-10 14:33:59,920 RF found but not transmitted
2018-06-10 14:34:01,511 RF found but not transmitted
2018-06-10 14:34:07,191 RF found but not transmitted
2018-06-10 14:34:09,064 RCV proposal_commit
2018-06-10 14:34:09,066 appended honest propose ebc3e9d80a on top of ba6f625ce6
2018-06-10 14:34:09,067 appended honest commit 17917ed901 on top of ebc3e9d80a
2018-06-10 14:34:09,067 weight: 64
2018-06-10 14:34:09,067 , 64
2018-06-10 14:34:09,067 LOSE: MALICIOUS LOST 2 - 1
2018-06-10 14:34:09,067 start mining - depth 64
2018-06-10 14:34:09,068 start mining - hash 17917ed901175056aa4ee7d36da904eed48edb79f685ee94657923e1f6635541
2018-06-10 14:34:18,093 RF found but not transmitted
2018-06-10 14:34:18,472 RCV proposal_commit
2018-06-10 14:34:18,474 appended honest propose 3c3ea0b615 on top of 17917ed901
2018-06-10 14:34:18,475 appended honest commit 4955af5a8a on top of 3c3ea0b615
2018-06-10 14:34:18,475 weight: 65
2018-06-10 14:34:18,478 , 65
2018-06-10 14:34:22,804 RCV proposal_commit
2018-06-10 14:34:22,806 appended honest propose f7a34b8915 on top of 4955af5a8a
2018-06-10 14:34:22,807 appended honest commit bbb0fe5443 on top of f7a34b8915
2018-06-10 14:34:22,807 weight: 66
2018-06-10 14:34:22,807 , 66
2018-06-10 14:34:22,807 LOSE: MALICIOUS LOST 2 - 0
2018-06-10 14:34:22,807 start mining - depth 66
2018-06-10 14:34:22,807 start mining - hash bbb0fe5443a440806444347d988821b39c7e556fe6bad3d507422fb9bdd4a942
2018-06-10 14:34:28,930 RCV malicious_prop_agreement
2018-06-10 14:34:28,931 start mal hidden SELFISH mining on top of - hash 67594b66cdcf8fe36297680343e6dc6b2af0c335781507f6a9c84088a3082fbc
2018-06-10 14:34:30,471 RF found but not transmitted
2018-06-10 14:34:39,444 RF found but not transmitted
2018-06-10 14:34:42,741 RF found but not transmitted
2018-06-10 14:34:45,566 RF found but not transmitted
2018-06-10 14:34:48,861 RF found but not transmitted
2018-06-10 14:34:52,650 RCV proposal_commit
2018-06-10 14:34:52,653 appended honest propose a934eba9a6 on top of bbb0fe5443
2018-06-10 14:34:52,653 appended honest commit 7de42b0e28 on top of a934eba9a6
2018-06-10 14:34:52,653 weight: 67
2018-06-10 14:34:52,657 , 67
2018-06-10 14:34:52,719 RCV proposal_commit
2018-06-10 14:34:52,722 appended malicious propose e38b22b503 on top of bbb0fe5443
2018-06-10 14:34:52,723 appended malicious commit 58820f0804 on top of e38b22b503
2018-06-10 14:34:52,723 weight: 67
2018-06-10 14:34:52,723 , 67
2018-06-10 14:34:52,725 start mining - depth 67
2018-06-10 14:34:52,725 start mining - hash 58820f0804427d7f4902db5936465946c5fa8ebd022b049492c0381b634365ef
2018-06-10 14:34:52,725 Hashing frequency: 3258
2018-06-10 14:34:53,151 RF found but not transmitted
2018-06-10 14:35:03,303 RF found but not transmitted
2018-06-10 14:35:09,267 RF found but not transmitted
2018-06-10 14:35:09,886 RF found but not transmitted
2018-06-10 14:35:10,897 RCV proposal_commit
2018-06-10 14:35:10,899 appended malicious propose 53d8e25f9c on top of 58820f0804
2018-06-10 14:35:10,900 appended malicious commit 643977f39d on top of 53d8e25f9c
2018-06-10 14:35:10,900 weight: 68
2018-06-10 14:35:10,900 , 68
2018-06-10 14:35:10,900 start mining - depth 68
2018-06-10 14:35:10,901 start mining - hash 643977f39dd0b7a633c8afa28c0794be30a48fcc94c4e18b5ee2a8dff2bb1907
2018-06-10 14:35:15,618 RF found but not transmitted
2018-06-10 14:35:16,996 RCV proposal_commit
2018-06-10 14:35:16,999 appended honest propose 453c0a467c on top of 643977f39d
2018-06-10 14:35:16,999 appended honest commit 80dc3e6e6a on top of 453c0a467c
2018-06-10 14:35:16,999 weight: 69
2018-06-10 14:35:16,999 , 69
2018-06-10 14:35:21,297 RF found but not transmitted
2018-06-10 14:35:25,289 RF found but not transmitted
2018-06-10 14:35:29,529 RF found but not transmitted
2018-06-10 14:35:30,181 RF found but not transmitted
2018-06-10 14:35:30,674 RF found but not transmitted
2018-06-10 14:35:33,687 RF found but not transmitted
2018-06-10 14:35:34,831 RF found but not transmitted
2018-06-10 14:35:35,580 RF found but not transmitted
2018-06-10 14:35:37,747 RF found but not transmitted
2018-06-10 14:35:38,098 RF found but not transmitted
2018-06-10 14:35:41,334 RF found but not transmitted
2018-06-10 14:35:42,120 RF found but not transmitted
2018-06-10 14:35:45,275 RF found but not transmitted
2018-06-10 14:35:47,447 RF found but not transmitted
2018-06-10 14:35:50,195 RF found but not transmitted
2018-06-10 14:35:54,591 RF found but not transmitted
2018-06-10 14:35:55,698 RF found but not transmitted
2018-06-10 14:35:55,973 RF found but not transmitted
2018-06-10 14:35:56,326 RF found but not transmitted
2018-06-10 14:36:00,075 RCV proposal_commit
2018-06-10 14:36:00,078 appended honest propose ca2fa3089c on top of 80dc3e6e6a
2018-06-10 14:36:00,079 appended honest commit 17e661e37e on top of ca2fa3089c
2018-06-10 14:36:00,079 weight: 70
2018-06-10 14:36:00,080 RF found but not transmitted
2018-06-10 14:36:00,079 , 70
2018-06-10 14:36:00,083 LOSE: MALICIOUS LOST 2 - 0
2018-06-10 14:36:00,084 start mining - depth 70
2018-06-10 14:36:00,084 start mining - hash 17e661e37eafc6a0fd5f1dc5855ca2ad959d17cd3374f4cb516a98cce9c06bec
2018-06-10 14:36:00,084 Hashing frequency: 3626
2018-06-10 14:36:05,832 RCV proposal_commit
2018-06-10 14:36:05,834 appended honest propose 03a79c1f41 on top of 17e661e37e
2018-06-10 14:36:05,835 appended honest commit d4185e5fc3 on top of 03a79c1f41
2018-06-10 14:36:05,835 weight: 71
2018-06-10 14:36:05,835 , 71
2018-06-10 14:36:09,630 RCV proposal_commit
2018-06-10 14:36:09,632 appended malicious propose 88bcaa98b0 on top of 17e661e37e
2018-06-10 14:36:09,633 appended malicious commit c4f35472fb on top of 88bcaa98b0
2018-06-10 14:36:09,633 weight: 71
2018-06-10 14:36:09,633 , 71
2018-06-10 14:36:09,636 start mining - depth 71
2018-06-10 14:36:09,636 start mining - hash c4f35472fb804163b05b9f6fe1f390119e5edede3af3cf00c60a4e966cbe2a7e
2018-06-10 14:36:12,253 RF found but not transmitted
2018-06-10 14:36:13,891 RF found but not transmitted
2018-06-10 14:36:14,943 RF found but not transmitted
2018-06-10 14:36:15,686 RF found but not transmitted
2018-06-10 14:36:15,687 hash found
2018-06-10 14:36:15,691 appended malicious propose 8f9c3586fa on top of c4f35472fb
2018-06-10 14:36:15,692 appended malicious commit 220b483a28 on top of 8f9c3586fa
2018-06-10 14:36:15,692 weight: 72
2018-06-10 14:36:15,692 SNT proposal_commit
2018-06-10 14:36:15,741 , 72
2018-06-10 14:36:15,741 WIN: MALICIOUS WIN
2018-06-10 14:36:15,741 start mining - depth 72
2018-06-10 14:36:15,741 start mining - hash 220b483a28e2cc2e25d8ad8ab8224c02b71ab785389e0e76eca54c3ef4f45a81
2018-06-10 14:36:18,249 RF found but not transmitted
2018-06-10 14:36:19,959 RCV proposal_commit
2018-06-10 14:36:19,962 appended honest propose 38f4dd71c9 on top of 220b483a28
2018-06-10 14:36:19,962 appended honest commit c39ef3ebc7 on top of 38f4dd71c9
2018-06-10 14:36:19,962 weight: 73
2018-06-10 14:36:19,965 , 73
2018-06-10 14:36:23,083 RF found but not transmitted
2018-06-10 14:36:23,869 RCV proposal_commit
2018-06-10 14:36:23,871 appended honest propose 3f3c6e52a3 on top of c39ef3ebc7
2018-06-10 14:36:23,872 appended honest commit 15ef37681c on top of 3f3c6e52a3
2018-06-10 14:36:23,872 weight: 74
2018-06-10 14:36:23,872 , 74
2018-06-10 14:36:23,872 LOSE: MALICIOUS LOST 2 - 0
2018-06-10 14:36:23,872 start mining - depth 74
2018-06-10 14:36:23,872 start mining - hash 15ef37681caf6df100df0d0ab6dd3094d3a2b22b22f362b5ab57e549acc9438c
2018-06-10 14:36:27,667 RCV proposal_commit
2018-06-10 14:36:27,671 appended honest propose 3a8d00e5e1 on top of 15ef37681c
2018-06-10 14:36:27,671 appended honest commit 02fe518d93 on top of 3a8d00e5e1
2018-06-10 14:36:27,671 weight: 75
2018-06-10 14:36:27,671 , 75
2018-06-10 14:36:31,564 RF found but not transmitted
2018-06-10 14:36:32,580 RF found but not transmitted
