2018-06-10 14:23:51,314 ---------------------------------------------------------
2018-06-10 14:23:51,320 PURE BLOCKCHAIN state
2018-06-10 14:23:52,351 start mining - depth 0
2018-06-10 14:23:52,353 start mining - hash ce749844a2e9f65897a709c6ccd3ac8089ac84e5f3db379c9c5019065d7debe5
2018-06-10 14:23:56,689 RF found but not transmitted
2018-06-10 14:24:01,152 RF found but not transmitted
2018-06-10 14:24:05,169 RCV proposal_commit
2018-06-10 14:24:05,172 appended honest propose 6a530cd619 on top of ce749844a2
2018-06-10 14:24:05,173 appended honest commit 9ef0686bc8 on top of 6a530cd619
2018-06-10 14:24:05,173 weight: 1
2018-06-10 14:24:05,173 , 1
2018-06-10 14:24:05,173 start mining - depth 1
2018-06-10 14:24:05,173 start mining - hash 9ef0686bc805341a1ff2d749ecf405dd08f0d90bb0f1c4f8b978e277b399d6e5
2018-06-10 14:24:05,253 RCV proposal_commit
2018-06-10 14:24:05,255 appended malicious propose 86a0c7f5d3 on top of ce749844a2
2018-06-10 14:24:05,256 appended malicious commit 10397a0534 on top of 86a0c7f5d3
2018-06-10 14:24:05,256 weight: 1
2018-06-10 14:24:05,256 , 1
2018-06-10 14:24:07,127 RF found but not transmitted
2018-06-10 14:24:12,062 RF found but not transmitted
2018-06-10 14:24:17,032 RF found but not transmitted
2018-06-10 14:24:18,903 RCV proposal_commit
2018-06-10 14:24:18,906 appended honest propose e873de8301 on top of 9ef0686bc8
2018-06-10 14:24:18,906 appended honest commit db0d72f8dc on top of e873de8301
2018-06-10 14:24:18,906 weight: 2
2018-06-10 14:24:18,907 , 2
2018-06-10 14:24:18,907 start mining - depth 2
2018-06-10 14:24:18,907 start mining - hash db0d72f8dc247350498877d2ee3db17eab1d1a70af28c40427be3a7620e70f6c
2018-06-10 14:24:24,955 RF found but not transmitted
2018-06-10 14:24:27,431 RF found but not transmitted
2018-06-10 14:24:27,515 RCV proposal_commit
2018-06-10 14:24:27,517 appended honest propose e734927add on top of db0d72f8dc
2018-06-10 14:24:27,518 appended honest commit 200abc97cf on top of e734927add
2018-06-10 14:24:27,518 weight: 3
2018-06-10 14:24:27,518 , 3
2018-06-10 14:24:27,522 start mining - depth 3
2018-06-10 14:24:27,522 start mining - hash 200abc97cf16b34e07ef203fa477b9c5f04842ac6128f1be78213f25fee98fd3
2018-06-10 14:24:27,584 RCV proposal_commit
2018-06-10 14:24:27,586 appended malicious propose 6476724c95 on top of db0d72f8dc
2018-06-10 14:24:27,587 appended malicious commit 94b10fe17a on top of 6476724c95
2018-06-10 14:24:27,587 weight: 3
2018-06-10 14:24:27,587 , 3
2018-06-10 14:24:45,798 RF found but not transmitted
2018-06-10 14:24:45,916 RCV proposal_commit
2018-06-10 14:24:45,918 appended honest propose 1476456884 on top of 200abc97cf
2018-06-10 14:24:45,919 appended honest commit 76c7e778a4 on top of 1476456884
2018-06-10 14:24:45,919 weight: 4
2018-06-10 14:24:45,919 , 4
2018-06-10 14:24:45,919 start mining - depth 4
2018-06-10 14:24:45,920 start mining - hash 76c7e778a4a03429bfbae803924206eac1a416102ae8000dfce90d4e08761c0d
2018-06-10 14:24:58,941 RF found but not transmitted
2018-06-10 14:25:01,152 RF found but not transmitted
2018-06-10 14:25:16,326 RF found but not transmitted
2018-06-10 14:25:16,697 RF found but not transmitted
2018-06-10 14:25:22,085 RCV proposal_commit
2018-06-10 14:25:22,089 appended honest propose 5c071b3257 on top of 76c7e778a4
2018-06-10 14:25:22,090 appended honest commit 81dca85f8a on top of 5c071b3257
2018-06-10 14:25:22,090 weight: 5
2018-06-10 14:25:22,091 , 5
2018-06-10 14:25:22,092 start mining - depth 5
2018-06-10 14:25:22,092 start mining - hash 81dca85f8ab8ecffa7a6f68a3e73bf56a7d6e1e7494257d322ab45eae71d0bf4
2018-06-10 14:25:22,093 Hashing frequency: 4906
2018-06-10 14:25:23,592 RF found but not transmitted
2018-06-10 14:25:29,359 RCV proposal_commit
2018-06-10 14:25:29,361 appended honest propose d80cc6a504 on top of 81dca85f8a
2018-06-10 14:25:29,362 appended honest commit f6b0204a65 on top of d80cc6a504
2018-06-10 14:25:29,362 weight: 6
2018-06-10 14:25:29,362 , 6
2018-06-10 14:25:29,362 start mining - depth 6
2018-06-10 14:25:29,362 start mining - hash f6b0204a65501515975baa211223b70857ae98b985375dc0117e8bf54e085983
2018-06-10 14:25:33,558 RF found but not transmitted
2018-06-10 14:25:34,308 RF found but not transmitted
2018-06-10 14:25:36,919 RF found but not transmitted
2018-06-10 14:25:37,300 RF found but not transmitted
2018-06-10 14:25:38,774 RF found but not transmitted
2018-06-10 14:25:46,462 RF found but not transmitted
2018-06-10 14:25:47,209 RF found but not transmitted
2018-06-10 14:25:47,577 RCV proposal_commit
2018-06-10 14:25:47,579 appended honest propose c2725ad243 on top of f6b0204a65
2018-06-10 14:25:47,580 appended honest commit 78dbdd782b on top of c2725ad243
2018-06-10 14:25:47,580 weight: 7
2018-06-10 14:25:47,580 , 7
2018-06-10 14:25:47,583 start mining - depth 7
2018-06-10 14:25:47,583 start mining - hash 78dbdd782b06c303231ff7736bb2c9f4294114b47ccc4f724b28bc9553e3aaa9
2018-06-10 14:25:48,541 RF found but not transmitted
2018-06-10 14:25:51,688 RF found but not transmitted
2018-06-10 14:25:51,689 hash found
2018-06-10 14:25:51,691 appended honest propose c320c6f205 on top of 78dbdd782b
2018-06-10 14:25:51,692 appended honest commit caf005d138 on top of c320c6f205
2018-06-10 14:25:51,692 weight: 8
2018-06-10 14:25:51,692 , 8
2018-06-10 14:25:51,692 SNT proposal_commit
2018-06-10 14:25:51,751 start mining - depth 8
2018-06-10 14:25:51,752 start mining - hash caf005d138b7d9d1100bd12d3552ab72a84cfb7ad2605f4c2237a4ad08c6bcf8
2018-06-10 14:26:07,555 RF found but not transmitted
2018-06-10 14:26:08,698 RCV proposal_commit
2018-06-10 14:26:08,699 appended honest propose 8a0ad9cd0f on top of caf005d138
2018-06-10 14:26:08,700 appended honest commit a1cf29f9ed on top of 8a0ad9cd0f
2018-06-10 14:26:08,700 weight: 9
2018-06-10 14:26:08,700 , 9
2018-06-10 14:26:08,700 start mining - depth 9
2018-06-10 14:26:08,700 start mining - hash a1cf29f9ed2197c67bdc21663f2a6601a4e86477284b31f13f5b05d265e70039
2018-06-10 14:26:09,538 RF found but not transmitted
2018-06-10 14:26:09,540 hash found
2018-06-10 14:26:09,543 appended honest propose 36f2a5fe8a on top of a1cf29f9ed
2018-06-10 14:26:09,543 appended honest commit 973295ffad on top of 36f2a5fe8a
2018-06-10 14:26:09,544 weight: 10
2018-06-10 14:26:09,544 , 10
2018-06-10 14:26:09,544 SNT proposal_commit
2018-06-10 14:26:09,597 start mining - depth 10
2018-06-10 14:26:09,598 start mining - hash 973295ffad5e18e22095a69ee387036125b06c5021ea39c005727cf4ad8daf0c
2018-06-10 14:26:10,366 RCV proposal_commit
2018-06-10 14:26:10,368 appended honest propose 6d163c7dcf on top of 973295ffad
2018-06-10 14:26:10,368 appended honest commit f7ba1cda05 on top of 6d163c7dcf
2018-06-10 14:26:10,368 weight: 11
2018-06-10 14:26:10,368 , 11
2018-06-10 14:26:10,369 start mining - depth 11
2018-06-10 14:26:10,369 start mining - hash f7ba1cda0570d5a2e767026e7089621f94226b744cc5c65e6664e2320f25daed
2018-06-10 14:26:10,464 RCV proposal_commit
2018-06-10 14:26:10,466 appended malicious propose aad0b855b9 on top of 973295ffad
2018-06-10 14:26:10,467 appended malicious commit 85ac9ac348 on top of aad0b855b9
2018-06-10 14:26:10,467 weight: 11
2018-06-10 14:26:10,467 , 11
2018-06-10 14:26:12,343 RF found but not transmitted
2018-06-10 14:26:13,415 RF found but not transmitted
2018-06-10 14:26:13,933 RF found but not transmitted
2018-06-10 14:26:15,141 RF found but not transmitted
2018-06-10 14:26:16,557 RF found but not transmitted
2018-06-10 14:26:18,175 RCV proposal_commit
2018-06-10 14:26:18,177 appended honest propose 02174a1d37 on top of f7ba1cda05
2018-06-10 14:26:18,177 appended honest commit 187feed948 on top of 02174a1d37
2018-06-10 14:26:18,177 weight: 12
2018-06-10 14:26:18,178 , 12
2018-06-10 14:26:18,178 start mining - depth 12
2018-06-10 14:26:18,178 start mining - hash 187feed94893baf7bf5f0a1b1577c8d0fb7875b3fb27596cebee72ef1e8736f7
2018-06-10 14:26:18,897 RF found but not transmitted
2018-06-10 14:26:45,578 RF found but not transmitted
2018-06-10 14:26:47,554 RF found but not transmitted
2018-06-10 14:26:48,554 RF found but not transmitted
2018-06-10 14:26:51,318 RF found but not transmitted
2018-06-10 14:26:51,853 RF found but not transmitted
2018-06-10 14:26:52,244 RCV proposal_commit
2018-06-10 14:26:52,246 appended honest propose a3d1101e2b on top of 187feed948
2018-06-10 14:26:52,247 appended honest commit 6a0baa6751 on top of a3d1101e2b
2018-06-10 14:26:52,247 weight: 13
2018-06-10 14:26:52,250 , 13
2018-06-10 14:26:52,253 start mining - depth 13
2018-06-10 14:26:52,254 start mining - hash 6a0baa6751664e48a0e0c7f0f9560d0f37e252d8251806268dd793dc1d70c058
2018-06-10 14:26:52,254 Hashing frequency: 4896
2018-06-10 14:26:52,343 RCV proposal_commit
2018-06-10 14:26:52,346 appended malicious propose 7efaca3aed on top of 187feed948
2018-06-10 14:26:52,347 appended malicious commit c3126adce4 on top of 7efaca3aed
2018-06-10 14:26:52,347 weight: 13
2018-06-10 14:26:52,347 , 13
2018-06-10 14:27:00,057 RF found but not transmitted
2018-06-10 14:27:00,434 RCV proposal_commit
2018-06-10 14:27:00,438 appended malicious propose fa9c0ef6d6 on top of c3126adce4
2018-06-10 14:27:00,438 appended malicious commit f4b8eee083 on top of fa9c0ef6d6
2018-06-10 14:27:00,438 weight: 14
2018-06-10 14:27:00,439 , 14
2018-06-10 14:27:00,441 start mining - depth 14
2018-06-10 14:27:00,441 start mining - hash f4b8eee083bac25bc4e60a67f51288fa22e54f1c2d8e6dce7e4b6656963089d4
2018-06-10 14:27:05,424 RF found but not transmitted
2018-06-10 14:27:05,425 hash found
2018-06-10 14:27:05,429 appended honest propose eb8f1b20d2 on top of f4b8eee083
2018-06-10 14:27:05,430 appended honest commit 5727337bcc on top of eb8f1b20d2
2018-06-10 14:27:05,430 weight: 15
2018-06-10 14:27:05,430 , 15
2018-06-10 14:27:05,432 SNT proposal_commit
2018-06-10 14:27:05,483 start mining - depth 15
2018-06-10 14:27:05,483 start mining - hash 5727337bcc9caf4b8e0f35fa187512ee9052df7d22902bde7f0b0b0d48da7ff1
2018-06-10 14:27:05,549 RCV proposal_commit
2018-06-10 14:27:05,551 appended malicious propose 7630db416a on top of f4b8eee083
2018-06-10 14:27:05,552 appended malicious commit caad5995e4 on top of 7630db416a
2018-06-10 14:27:05,552 weight: 15
2018-06-10 14:27:05,552 , 15
2018-06-10 14:27:07,198 RCV proposal_commit
2018-06-10 14:27:07,200 appended honest propose f9e6665859 on top of 5727337bcc
2018-06-10 14:27:07,201 appended honest commit fb6aeb291d on top of f9e6665859
2018-06-10 14:27:07,201 weight: 16
2018-06-10 14:27:07,205 , 16
2018-06-10 14:27:07,205 start mining - depth 16
2018-06-10 14:27:07,206 start mining - hash fb6aeb291d0e17172104b7aec502c0c0d97eb9d6d3448ea7895143c792f49e38
2018-06-10 14:27:09,640 RF found but not transmitted
2018-06-10 14:27:12,227 RCV proposal_commit
2018-06-10 14:27:12,230 appended honest propose e370248b2e on top of fb6aeb291d
2018-06-10 14:27:12,230 appended honest commit c06703ac60 on top of e370248b2e
2018-06-10 14:27:12,230 weight: 17
2018-06-10 14:27:12,231 , 17
2018-06-10 14:27:12,231 start mining - depth 17
2018-06-10 14:27:12,231 start mining - hash c06703ac60bd9d0b3241a77ce5f8c44672e645256b40522ca17e8f7b9244bff2
2018-06-10 14:27:19,016 RCV proposal_commit
2018-06-10 14:27:19,020 appended malicious propose 07df34f82e on top of fb6aeb291d
2018-06-10 14:27:19,020 appended malicious commit 9481f6272a on top of 07df34f82e
2018-06-10 14:27:19,021 weight: 17
2018-06-10 14:27:19,021 , 17
2018-06-10 14:27:29,143 RF found but not transmitted
2018-06-10 14:27:29,721 RCV proposal_commit
2018-06-10 14:27:29,723 appended honest propose ace0c69202 on top of c06703ac60
2018-06-10 14:27:29,724 appended honest commit ac784ecaa5 on top of ace0c69202
2018-06-10 14:27:29,724 weight: 18
2018-06-10 14:27:29,724 , 18
2018-06-10 14:27:29,727 start mining - depth 18
2018-06-10 14:27:29,727 start mining - hash ac784ecaa529f4f60705613e350224aa7af3272a5217d7f285069fdd6a1de4d8
2018-06-10 14:27:29,994 RF found but not transmitted
2018-06-10 14:27:29,996 hash found
2018-06-10 14:27:30,001 appended honest propose 0caf21c5b0 on top of ac784ecaa5
2018-06-10 14:27:30,001 appended honest commit d575b48150 on top of 0caf21c5b0
2018-06-10 14:27:30,001 weight: 19
2018-06-10 14:27:30,001 , 19
2018-06-10 14:27:30,002 SNT proposal_commit
2018-06-10 14:27:30,050 start mining - depth 19
2018-06-10 14:27:30,050 start mining - hash d575b48150b94762cc7818aa4c4dc68c13f0fe9b1b6b0e93f50ccb124319be89
2018-06-10 14:27:35,035 RCV proposal_commit
2018-06-10 14:27:35,041 appended malicious propose de46aba9ca on top of ac784ecaa5
2018-06-10 14:27:35,041 appended malicious commit a1c50fc982 on top of de46aba9ca
2018-06-10 14:27:35,041 weight: 19
2018-06-10 14:27:35,041 , 19
2018-06-10 14:27:36,132 RF found but not transmitted
2018-06-10 14:27:39,834 RCV proposal_commit
2018-06-10 14:27:39,836 appended malicious propose b45f1a81ff on top of a1c50fc982
2018-06-10 14:27:39,836 appended malicious commit 72f0d276dc on top of b45f1a81ff
2018-06-10 14:27:39,836 weight: 20
2018-06-10 14:27:39,839 , 20
2018-06-10 14:27:39,840 start mining - depth 20
2018-06-10 14:27:39,840 start mining - hash 72f0d276dcbe5d242777404943dce1830ffd185a1fafd128c6e562397332c5f6
2018-06-10 14:27:42,018 RF found but not transmitted
2018-06-10 14:27:43,170 RF found but not transmitted
2018-06-10 14:27:44,067 RF found but not transmitted
2018-06-10 14:27:46,670 RF found but not transmitted
2018-06-10 14:27:46,672 hash found
2018-06-10 14:27:46,675 appended honest propose bac0472af8 on top of 72f0d276dc
2018-06-10 14:27:46,675 appended honest commit b2f66d1f1f on top of bac0472af8
2018-06-10 14:27:46,675 weight: 21
2018-06-10 14:27:46,675 , 21
2018-06-10 14:27:46,676 SNT proposal_commit
2018-06-10 14:27:46,723 start mining - depth 21
2018-06-10 14:27:46,723 start mining - hash b2f66d1f1fd323599d552b2538447361bcfbadc6a305aedd6e19c2d2bbf59be4
2018-06-10 14:27:49,754 RF found but not transmitted
2018-06-10 14:27:50,771 RCV proposal_commit
2018-06-10 14:27:50,773 appended honest propose c17f212829 on top of b2f66d1f1f
2018-06-10 14:27:50,773 appended honest commit fc204775bf on top of c17f212829
2018-06-10 14:27:50,773 weight: 22
2018-06-10 14:27:50,774 , 22
2018-06-10 14:27:50,776 start mining - depth 22
2018-06-10 14:27:50,776 start mining - hash fc204775bf0eae83d26cae1e0caec2b0822e29f6e6c9911d7e77083548abb366
2018-06-10 14:27:54,947 RCV proposal_commit
2018-06-10 14:27:54,949 appended honest propose ec1cf1af0d on top of fc204775bf
2018-06-10 14:27:54,950 appended honest commit 6304126455 on top of ec1cf1af0d
2018-06-10 14:27:54,950 weight: 23
2018-06-10 14:27:54,950 , 23
2018-06-10 14:27:54,950 start mining - depth 23
2018-06-10 14:27:54,950 start mining - hash 63041264556143a3de70558bdf1a1be73f8b0ce20df57dd528eaebe2d497a16a
2018-06-10 14:27:54,951 Hashing frequency: 3399
2018-06-10 14:28:03,602 RF found but not transmitted
2018-06-10 14:28:04,852 RF found but not transmitted
2018-06-10 14:28:04,853 hash found
2018-06-10 14:28:04,857 appended honest propose 0d87de0e24 on top of 6304126455
2018-06-10 14:28:04,858 appended honest commit 4ddf5ee646 on top of 0d87de0e24
2018-06-10 14:28:04,858 weight: 24
2018-06-10 14:28:04,858 , 24
2018-06-10 14:28:04,860 SNT proposal_commit
2018-06-10 14:28:04,914 start mining - depth 24
2018-06-10 14:28:04,914 start mining - hash 4ddf5ee646ab60024c73fb2f6e37ad87314fec944d70a78b4dd5688eb708114b
2018-06-10 14:28:05,096 RF found but not transmitted
2018-06-10 14:28:10,133 RF found but not transmitted
2018-06-10 14:28:10,841 RCV proposal_commit
2018-06-10 14:28:10,843 appended honest propose 908b9b35a8 on top of 4ddf5ee646
2018-06-10 14:28:10,844 appended honest commit 0c4d04e2d9 on top of 908b9b35a8
2018-06-10 14:28:10,844 weight: 25
2018-06-10 14:28:10,846 , 25
2018-06-10 14:28:10,847 start mining - depth 25
2018-06-10 14:28:10,847 start mining - hash 0c4d04e2d9dcf96f46760e1d93792dfb57dad425ebf9d3aaa6ba42389711a9d6
2018-06-10 14:28:11,233 RCV proposal_commit
2018-06-10 14:28:11,235 appended malicious propose 72ee6ba840 on top of 4ddf5ee646
2018-06-10 14:28:11,236 appended malicious commit d5f7b2b77d on top of 72ee6ba840
2018-06-10 14:28:11,236 weight: 25
2018-06-10 14:28:11,236 , 25
2018-06-10 14:28:11,564 RF found but not transmitted
2018-06-10 14:28:15,919 RF found but not transmitted
2018-06-10 14:28:17,082 RF found but not transmitted
2018-06-10 14:28:17,975 RF found but not transmitted
2018-06-10 14:28:18,039 RCV proposal_commit
2018-06-10 14:28:18,041 appended honest propose 9660a71217 on top of 0c4d04e2d9
2018-06-10 14:28:18,041 appended honest commit 872b6795e3 on top of 9660a71217
2018-06-10 14:28:18,042 weight: 26
2018-06-10 14:28:18,042 , 26
2018-06-10 14:28:18,042 start mining - depth 26
2018-06-10 14:28:18,042 start mining - hash 872b6795e3255b6f115931be6646647445d2236e0c952f797ccea98cc8a7c1b5
2018-06-10 14:28:19,093 RCV proposal_commit
2018-06-10 14:28:19,096 appended honest propose 52311baf9e on top of 872b6795e3
2018-06-10 14:28:19,096 appended honest commit b08dbf60fd on top of 52311baf9e
2018-06-10 14:28:19,096 weight: 27
2018-06-10 14:28:19,096 , 27
2018-06-10 14:28:19,096 start mining - depth 27
2018-06-10 14:28:19,097 start mining - hash b08dbf60fd011c0cd6afb9fbdc17b493deb19f20ce036be80a5c340818fba1c9
2018-06-10 14:28:25,259 RF found but not transmitted
2018-06-10 14:28:29,294 RF found but not transmitted
2018-06-10 14:28:31,417 RCV proposal_commit
2018-06-10 14:28:31,419 appended honest propose 03b8043c9f on top of b08dbf60fd
2018-06-10 14:28:31,419 appended honest commit 190b2360fa on top of 03b8043c9f
2018-06-10 14:28:31,420 weight: 28
2018-06-10 14:28:31,420 , 28
2018-06-10 14:28:31,420 start mining - depth 28
2018-06-10 14:28:31,420 start mining - hash 190b2360fa38ffc6617918197c893e6de6069cfb17c1db4f229b8c0d2b07a306
2018-06-10 14:28:37,409 RF found but not transmitted
2018-06-10 14:28:41,321 RCV proposal_commit
2018-06-10 14:28:41,323 appended honest propose 7fd8206a8b on top of 190b2360fa
2018-06-10 14:28:41,324 appended honest commit 7ca5b2cc0a on top of 7fd8206a8b
2018-06-10 14:28:41,324 weight: 29
2018-06-10 14:28:41,324 , 29
2018-06-10 14:28:41,326 start mining - depth 29
2018-06-10 14:28:41,326 start mining - hash 7ca5b2cc0acbe25339aa64110dc945a6bdd6982fbb72f3775cdebfa294eee1e3
2018-06-10 14:28:43,991 RCV proposal_commit
2018-06-10 14:28:43,993 appended malicious propose 2c7db2f7ba on top of 190b2360fa
2018-06-10 14:28:43,994 appended malicious commit 552c2e8ab0 on top of 2c7db2f7ba
2018-06-10 14:28:43,995 weight: 29
2018-06-10 14:28:43,995 , 29
2018-06-10 14:28:48,459 RCV proposal_commit
2018-06-10 14:28:48,462 appended honest propose 5e64894b13 on top of 7ca5b2cc0a
2018-06-10 14:28:48,463 appended honest commit 88de48331a on top of 5e64894b13
2018-06-10 14:28:48,463 weight: 30
2018-06-10 14:28:48,463 , 30
2018-06-10 14:28:48,463 start mining - depth 30
2018-06-10 14:28:48,464 start mining - hash 88de48331a60ce281fb7a16e4c9dd13b4c41ec0614e394dcb3e2294d6948f5ab
2018-06-10 14:28:49,255 RF found but not transmitted
2018-06-10 14:28:54,968 RF found but not transmitted
2018-06-10 14:28:58,919 RCV proposal_commit
2018-06-10 14:28:58,922 appended honest propose f5c1b6fcc0 on top of 88de48331a
2018-06-10 14:28:58,922 appended honest commit 9fdf9d8a77 on top of f5c1b6fcc0
2018-06-10 14:28:58,923 weight: 31
2018-06-10 14:28:58,923 , 31
2018-06-10 14:28:58,925 start mining - depth 31
2018-06-10 14:28:58,925 start mining - hash 9fdf9d8a772d1eb54a9938a69e6cc682c30d703af2ca044ca60f14486b798293
2018-06-10 14:28:58,926 Hashing frequency: 3448
2018-06-10 14:28:59,002 RCV proposal_commit
2018-06-10 14:28:59,005 appended malicious propose 2b6b142465 on top of 88de48331a
2018-06-10 14:28:59,006 appended malicious commit 2b4218f2ef on top of 2b6b142465
2018-06-10 14:28:59,006 weight: 31
2018-06-10 14:28:59,006 , 31
2018-06-10 14:28:59,644 RCV proposal_commit
2018-06-10 14:28:59,646 appended honest propose 77b5ab2cfa on top of 9fdf9d8a77
2018-06-10 14:28:59,647 appended honest commit f60113f80a on top of 77b5ab2cfa
2018-06-10 14:28:59,647 weight: 32
2018-06-10 14:28:59,647 , 32
2018-06-10 14:28:59,647 start mining - depth 32
2018-06-10 14:28:59,647 start mining - hash f60113f80a5a87a3d232e0d1e3b39548b5b9c10bc497f9af1668ea43e2303efc
2018-06-10 14:29:01,231 RF found but not transmitted
2018-06-10 14:29:03,505 RCV proposal_commit
2018-06-10 14:29:03,509 appended honest propose 8097274d85 on top of f60113f80a
2018-06-10 14:29:03,510 appended honest commit 5ebc2da7f7 on top of 8097274d85
2018-06-10 14:29:03,510 weight: 33
2018-06-10 14:29:03,510 , 33
2018-06-10 14:29:03,510 start mining - depth 33
2018-06-10 14:29:03,510 start mining - hash 5ebc2da7f7621c0045ea40e7974d8ae409d9f7873b0101239fc698fbfd0696ec
2018-06-10 14:29:05,923 RF found but not transmitted
2018-06-10 14:29:07,223 RCV proposal_commit
2018-06-10 14:29:07,226 appended honest propose add4a9a1b4 on top of 5ebc2da7f7
2018-06-10 14:29:07,226 appended honest commit dc2703ca76 on top of add4a9a1b4
2018-06-10 14:29:07,226 weight: 34
2018-06-10 14:29:07,230 , 34
2018-06-10 14:29:07,230 start mining - depth 34
2018-06-10 14:29:07,230 start mining - hash dc2703ca76696b81383cb37e891b234a5f18520d8f8d6adf0fe96b140427f909
2018-06-10 14:29:07,547 RF found but not transmitted
2018-06-10 14:29:16,822 RF found but not transmitted
2018-06-10 14:29:30,609 RF found but not transmitted
2018-06-10 14:29:31,279 RF found but not transmitted
2018-06-10 14:29:42,245 RCV proposal_commit
2018-06-10 14:29:42,248 appended honest propose e3dc7e9fa5 on top of dc2703ca76
2018-06-10 14:29:42,248 appended honest commit 06b557c7db on top of e3dc7e9fa5
2018-06-10 14:29:42,248 weight: 35
2018-06-10 14:29:42,249 , 35
2018-06-10 14:29:42,251 start mining - depth 35
2018-06-10 14:29:42,251 start mining - hash 06b557c7dbd5ac266afe575b4645e7122af50e031c9a879fadf8af065eb6349e
2018-06-10 14:29:42,313 RCV proposal_commit
2018-06-10 14:29:42,316 appended malicious propose 7eafe0bebd on top of dc2703ca76
2018-06-10 14:29:42,317 appended malicious commit 0b3772d5be on top of 7eafe0bebd
2018-06-10 14:29:42,317 weight: 35
2018-06-10 14:29:42,317 , 35
2018-06-10 14:29:43,960 RCV proposal_commit
2018-06-10 14:29:43,962 appended honest propose 473e3e4188 on top of 06b557c7db
2018-06-10 14:29:43,963 appended honest commit 92d69ae6b0 on top of 473e3e4188
2018-06-10 14:29:43,963 weight: 36
2018-06-10 14:29:43,963 , 36
2018-06-10 14:29:43,963 start mining - depth 36
2018-06-10 14:29:43,963 start mining - hash 92d69ae6b0f7196256fe97fd358d0a15cdecd34e2ba379fc89c385722b7dcaea
2018-06-10 14:29:46,828 RF found but not transmitted
2018-06-10 14:29:47,635 RF found but not transmitted
2018-06-10 14:29:48,143 RCV proposal_commit
2018-06-10 14:29:48,146 appended honest propose be4da7a79f on top of 92d69ae6b0
2018-06-10 14:29:48,146 appended honest commit a22a36e5fe on top of be4da7a79f
2018-06-10 14:29:48,146 weight: 37
2018-06-10 14:29:48,146 , 37
2018-06-10 14:29:48,147 start mining - depth 37
2018-06-10 14:29:48,147 start mining - hash a22a36e5fea56b74df897f66ac5e340e2df5393d653924e84debc12e189ef7af
2018-06-10 14:29:51,281 RCV proposal_commit
2018-06-10 14:29:51,283 appended honest propose 4a6c09f10e on top of a22a36e5fe
2018-06-10 14:29:51,284 appended honest commit 48386ca94a on top of 4a6c09f10e
2018-06-10 14:29:51,284 weight: 38
2018-06-10 14:29:51,284 , 38
2018-06-10 14:29:51,284 start mining - depth 38
2018-06-10 14:29:51,284 start mining - hash 48386ca94ad865396107cca774a06aafa6d25b6dc70ed187bf6366badde76462
2018-06-10 14:29:52,677 RF found but not transmitted
2018-06-10 14:29:59,611 RCV proposal_commit
2018-06-10 14:29:59,613 appended honest propose f94973f57a on top of 48386ca94a
2018-06-10 14:29:59,614 appended honest commit b792682b61 on top of f94973f57a
2018-06-10 14:29:59,614 weight: 39
2018-06-10 14:29:59,614 , 39
2018-06-10 14:29:59,614 start mining - depth 39
2018-06-10 14:29:59,615 start mining - hash b792682b614739d30cef4bbeda0ebf0d30bc24c52a7df3168f954208060a59eb
2018-06-10 14:29:59,615 Hashing frequency: 3280
2018-06-10 14:30:04,472 RCV proposal_commit
2018-06-10 14:30:04,477 appended malicious propose 0f8c7c2e49 on top of 48386ca94a
2018-06-10 14:30:04,477 appended malicious commit 065306a286 on top of 0f8c7c2e49
2018-06-10 14:30:04,477 weight: 39
2018-06-10 14:30:04,478 , 39
2018-06-10 14:30:07,799 RF found but not transmitted
2018-06-10 14:30:15,027 RF found but not transmitted
2018-06-10 14:30:24,542 RCV proposal_commit
2018-06-10 14:30:24,548 appended malicious propose 9f09e7bc32 on top of 065306a286
2018-06-10 14:30:24,548 appended malicious commit 0114a0a44c on top of 9f09e7bc32
2018-06-10 14:30:24,549 weight: 40
2018-06-10 14:30:24,549 , 40
2018-06-10 14:30:24,550 start mining - depth 40
2018-06-10 14:30:24,550 start mining - hash 0114a0a44cf967c92d958ac1234cbb7cdff25fadac1bdccf2372d9b7677a79e5
2018-06-10 14:30:27,860 RCV proposal_commit
2018-06-10 14:30:27,863 appended honest propose 4298189f76 on top of 0114a0a44c
2018-06-10 14:30:27,863 appended honest commit 343b7acf45 on top of 4298189f76
2018-06-10 14:30:27,864 weight: 41
2018-06-10 14:30:27,864 , 41
2018-06-10 14:30:27,865 start mining - depth 41
2018-06-10 14:30:27,865 start mining - hash 343b7acf45cf34fd2546b83eaaf0475dd2d7a95094c54cd497be186457246850
2018-06-10 14:30:38,016 RCV proposal_commit
2018-06-10 14:30:38,019 appended honest propose 308261a40f on top of 343b7acf45
2018-06-10 14:30:38,019 appended honest commit 0492448d5b on top of 308261a40f
2018-06-10 14:30:38,020 weight: 42
2018-06-10 14:30:38,022 , 42
2018-06-10 14:30:38,022 start mining - depth 42
2018-06-10 14:30:38,023 start mining - hash 0492448d5bb2859aa09daa8d3d09e2ebd6082cbb9be0ce4ff8246c06b60cc6e2
2018-06-10 14:30:45,805 RF found but not transmitted
2018-06-10 14:30:47,003 RF found but not transmitted
2018-06-10 14:30:55,622 RCV proposal_commit
2018-06-10 14:30:55,624 appended honest propose 6561390eff on top of 0492448d5b
2018-06-10 14:30:55,625 appended honest commit a8a6b25e79 on top of 6561390eff
2018-06-10 14:30:55,625 weight: 43
2018-06-10 14:30:55,625 , 43
2018-06-10 14:30:55,626 start mining - depth 43
2018-06-10 14:30:55,626 start mining - hash a8a6b25e79666c958d6e8e8d5ced8dc717b77b7a7491d0019449181266e381ca
2018-06-10 14:30:57,606 RCV proposal_commit
2018-06-10 14:30:57,609 appended honest propose b1432b70d1 on top of a8a6b25e79
2018-06-10 14:30:57,609 appended honest commit d7a16e7cc5 on top of b1432b70d1
2018-06-10 14:30:57,609 weight: 44
2018-06-10 14:30:57,609 , 44
2018-06-10 14:30:57,610 start mining - depth 44
2018-06-10 14:30:57,610 start mining - hash d7a16e7cc5f7b5dc1306ef46eb7e6a8d9b67c07b97e9d5012bc1eaf410c3671c
2018-06-10 14:30:57,861 RF found but not transmitted
2018-06-10 14:30:58,088 RF found but not transmitted
2018-06-10 14:30:59,035 RF found but not transmitted
2018-06-10 14:31:05,712 RF found but not transmitted
2018-06-10 14:31:05,825 RF found but not transmitted
2018-06-10 14:31:14,527 RCV proposal_commit
2018-06-10 14:31:14,529 appended honest propose 4dcb83f4dd on top of d7a16e7cc5
2018-06-10 14:31:14,530 appended honest commit e158d6a113 on top of 4dcb83f4dd
2018-06-10 14:31:14,530 weight: 45
2018-06-10 14:31:14,530 , 45
2018-06-10 14:31:14,530 start mining - depth 45
2018-06-10 14:31:14,531 start mining - hash e158d6a11350dfdd32685e37e731eb645604cfed439b1319ba6d3b8f8722ae3b
2018-06-10 14:31:14,531 Hashing frequency: 4031
2018-06-10 14:31:29,710 RF found but not transmitted
2018-06-10 14:31:29,714 hash found
2018-06-10 14:31:29,717 appended honest propose 72b7969c6f on top of e158d6a113
2018-06-10 14:31:29,717 appended honest commit d4b0c5432d on top of 72b7969c6f
2018-06-10 14:31:29,718 weight: 46
2018-06-10 14:31:29,718 , 46
2018-06-10 14:31:29,720 SNT proposal_commit
2018-06-10 14:31:29,779 start mining - depth 46
2018-06-10 14:31:29,779 start mining - hash d4b0c5432d8ce1b9d7310bbad4ea1a28665bcd622fcb4edc6bc8869fed51aae8
2018-06-10 14:31:33,815 RF found but not transmitted
2018-06-10 14:31:40,745 RCV proposal_commit
2018-06-10 14:31:40,747 appended honest propose dd703dfdc8 on top of d4b0c5432d
2018-06-10 14:31:40,748 appended honest commit 904e6caf18 on top of dd703dfdc8
2018-06-10 14:31:40,748 weight: 47
2018-06-10 14:31:40,749 , 47
2018-06-10 14:31:40,752 start mining - depth 47
2018-06-10 14:31:40,752 start mining - hash 904e6caf188b03d5917f17b1225203d0a62ac442053917a96586c258453ab2a1
2018-06-10 14:31:40,804 RF found but not transmitted
2018-06-10 14:31:40,832 RCV proposal_commit
2018-06-10 14:31:40,835 appended malicious propose 17fcb0ad11 on top of d4b0c5432d
2018-06-10 14:31:40,835 appended malicious commit 0b6024a376 on top of 17fcb0ad11
2018-06-10 14:31:40,835 weight: 47
2018-06-10 14:31:40,836 , 47
2018-06-10 14:31:47,446 RCV proposal_commit
2018-06-10 14:31:47,448 appended honest propose a63ad133e9 on top of 904e6caf18
2018-06-10 14:31:47,448 appended honest commit 284e645d05 on top of a63ad133e9
2018-06-10 14:31:47,448 weight: 48
2018-06-10 14:31:47,449 , 48
2018-06-10 14:31:47,449 start mining - depth 48
2018-06-10 14:31:47,449 start mining - hash 284e645d0592320f62d7f693bbb3f7cbc323cb7dba0498dfb4307a8116466f1c
2018-06-10 14:31:47,815 RF found but not transmitted
2018-06-10 14:31:47,871 RF found but not transmitted
2018-06-10 14:31:50,826 RF found but not transmitted
2018-06-10 14:31:53,317 RCV proposal_commit
2018-06-10 14:31:53,319 appended honest propose 6bd17259ef on top of 284e645d05
2018-06-10 14:31:53,320 appended honest commit 07ae64adee on top of 6bd17259ef
2018-06-10 14:31:53,320 weight: 49
2018-06-10 14:31:53,320 , 49
2018-06-10 14:31:53,321 start mining - depth 49
2018-06-10 14:31:53,321 start mining - hash 07ae64adee2e6ef9e9c37a53c91a7ebd8a08bbf02ce81afa0136dbec958fe441
2018-06-10 14:31:55,240 RCV proposal_commit
2018-06-10 14:31:55,242 appended honest propose bdfd9c4ed1 on top of 07ae64adee
2018-06-10 14:31:55,243 appended honest commit d58e1ead96 on top of bdfd9c4ed1
2018-06-10 14:31:55,243 weight: 50
2018-06-10 14:31:55,243 , 50
2018-06-10 14:31:55,243 start mining - depth 50
2018-06-10 14:31:55,243 start mining - hash d58e1ead9617328b3102800f434bdd4e9024f7ff3d044563358885713fb7d93c
2018-06-10 14:31:57,029 RF found but not transmitted
2018-06-10 14:32:03,603 RCV proposal_commit
2018-06-10 14:32:03,605 appended honest propose 594a1101fb on top of d58e1ead96
2018-06-10 14:32:03,605 appended honest commit 44bc2acee7 on top of 594a1101fb
2018-06-10 14:32:03,605 weight: 51
2018-06-10 14:32:03,605 , 51
2018-06-10 14:32:03,606 start mining - depth 51
2018-06-10 14:32:03,606 start mining - hash 44bc2acee762dc8071a036d67df4d5797a4f59a2aaab2ea696c56bcd87b4fca9
2018-06-10 14:32:03,867 RF found but not transmitted
2018-06-10 14:32:05,910 RF found but not transmitted
2018-06-10 14:32:06,224 RCV proposal_commit
2018-06-10 14:32:06,226 appended honest propose c378207aa9 on top of 44bc2acee7
2018-06-10 14:32:06,227 appended honest commit 5a3e235e79 on top of c378207aa9
2018-06-10 14:32:06,227 weight: 52
2018-06-10 14:32:06,227 , 52
2018-06-10 14:32:06,228 start mining - depth 52
2018-06-10 14:32:06,228 start mining - hash 5a3e235e791f6fcd8d558201eea8f7cd0f06edebc467523065ed261dbf32c010
2018-06-10 14:32:06,651 RF found but not transmitted
2018-06-10 14:32:08,115 RF found but not transmitted
2018-06-10 14:32:09,328 RF found but not transmitted
2018-06-10 14:32:09,366 RF found but not transmitted
2018-06-10 14:32:20,045 RCV proposal_commit
2018-06-10 14:32:20,052 appended honest propose 2176185272 on top of 5a3e235e79
2018-06-10 14:32:20,053 appended honest commit c5cc54b698 on top of 2176185272
2018-06-10 14:32:20,053 weight: 53
2018-06-10 14:32:20,054 , 53
2018-06-10 14:32:20,055 start mining - depth 53
2018-06-10 14:32:20,055 start mining - hash c5cc54b698eb2cb924333aaeaf840b36571f06b84e4b1f2cf1a167f2b171104e
2018-06-10 14:32:20,055 Hashing frequency: 3533
2018-06-10 14:32:23,310 RCV proposal_commit
2018-06-10 14:32:23,313 appended malicious propose 5801c768c7 on top of 5a3e235e79
2018-06-10 14:32:23,313 appended malicious commit 88d33b7363 on top of 5801c768c7
2018-06-10 14:32:23,313 weight: 53
2018-06-10 14:32:23,314 , 53
2018-06-10 14:32:24,020 RCV proposal_commit
2018-06-10 14:32:24,022 appended honest propose eb95c40080 on top of c5cc54b698
2018-06-10 14:32:24,022 appended honest commit a444a5f02f on top of eb95c40080
2018-06-10 14:32:24,022 weight: 54
2018-06-10 14:32:24,025 , 54
2018-06-10 14:32:24,026 start mining - depth 54
2018-06-10 14:32:24,026 start mining - hash a444a5f02f8a963a5b16d72d7fa3a0a071d0c799123715f23a4bbfcd6079ebfc
2018-06-10 14:32:25,781 RF found but not transmitted
2018-06-10 14:32:26,289 RCV proposal_commit
2018-06-10 14:32:26,291 appended honest propose fda6470988 on top of a444a5f02f
2018-06-10 14:32:26,291 appended honest commit 1b7ce7deac on top of fda6470988
2018-06-10 14:32:26,291 weight: 55
2018-06-10 14:32:26,291 , 55
2018-06-10 14:32:26,292 start mining - depth 55
2018-06-10 14:32:26,292 start mining - hash 1b7ce7deac947fd86ef33ee6d43f36d8457ad88cac372ce7328c4a716dcfd48d
2018-06-10 14:32:26,464 RF found but not transmitted
2018-06-10 14:32:39,050 RF found but not transmitted
2018-06-10 14:32:50,793 RCV proposal_commit
2018-06-10 14:32:50,798 appended honest propose 135ec56f13 on top of 1b7ce7deac
2018-06-10 14:32:50,798 appended honest commit 45ea0b84fe on top of 135ec56f13
2018-06-10 14:32:50,798 weight: 56
2018-06-10 14:32:50,799 , 56
2018-06-10 14:32:50,799 start mining - depth 56
2018-06-10 14:32:50,799 start mining - hash 45ea0b84fefe792d0f1f33fa8b13528d0c65ff6cdbe448f55eae457cbbcf0616
2018-06-10 14:32:51,169 RF found but not transmitted
2018-06-10 14:32:54,694 RF found but not transmitted
2018-06-10 14:33:04,104 RCV proposal_commit
2018-06-10 14:33:04,107 appended honest propose 2dc3c0dbc8 on top of 45ea0b84fe
2018-06-10 14:33:04,107 appended honest commit e54f60ada6 on top of 2dc3c0dbc8
2018-06-10 14:33:04,108 weight: 57
2018-06-10 14:33:04,108 , 57
2018-06-10 14:33:04,108 start mining - depth 57
2018-06-10 14:33:04,108 start mining - hash e54f60ada609dda828acbb308dab1974360f706066a45cb15b916fef9f314a18
2018-06-10 14:33:06,124 RCV proposal_commit
2018-06-10 14:33:06,126 appended malicious propose fc0496afd2 on top of 45ea0b84fe
2018-06-10 14:33:06,127 appended malicious commit f9190ab6b4 on top of fc0496afd2
2018-06-10 14:33:06,127 weight: 57
2018-06-10 14:33:06,127 , 57
2018-06-10 14:33:09,974 RF found but not transmitted
2018-06-10 14:33:14,071 RF found but not transmitted
2018-06-10 14:33:16,740 RCV proposal_commit
2018-06-10 14:33:16,745 appended malicious propose 930498dba6 on top of f9190ab6b4
2018-06-10 14:33:16,745 appended malicious commit da3fcab490 on top of 930498dba6
2018-06-10 14:33:16,745 weight: 58
2018-06-10 14:33:16,747 , 58
2018-06-10 14:33:16,749 start mining - depth 58
2018-06-10 14:33:16,749 start mining - hash da3fcab49096a009a6acb98a1cc5de7de3bd6f2b5ce9793d8c88b449c97c2ea9
2018-06-10 14:33:18,000 RF found but not transmitted
2018-06-10 14:33:18,896 RCV proposal_commit
2018-06-10 14:33:18,899 appended honest propose 0520006bce on top of da3fcab490
2018-06-10 14:33:18,899 appended honest commit 5d2efe2626 on top of 0520006bce
2018-06-10 14:33:18,899 weight: 59
2018-06-10 14:33:18,899 , 59
2018-06-10 14:33:18,901 start mining - depth 59
2018-06-10 14:33:18,901 start mining - hash 5d2efe2626cf85f1a2df36c4d3efdfc0fbea84b2e1bc42bc136e4cd2457e30d0
2018-06-10 14:33:26,506 RCV proposal_commit
2018-06-10 14:33:26,508 appended malicious propose 01b951a7ad on top of da3fcab490
2018-06-10 14:33:26,508 appended malicious commit 27daeea245 on top of 01b951a7ad
2018-06-10 14:33:26,509 weight: 59
2018-06-10 14:33:26,509 , 59
2018-06-10 14:33:31,339 RF found but not transmitted
2018-06-10 14:33:34,997 RCV proposal_commit
2018-06-10 14:33:35,000 appended honest propose 351b55482d on top of 5d2efe2626
2018-06-10 14:33:35,000 appended honest commit c004cc96c8 on top of 351b55482d
2018-06-10 14:33:35,000 weight: 60
2018-06-10 14:33:35,001 , 60
2018-06-10 14:33:35,001 start mining - depth 60
2018-06-10 14:33:35,001 start mining - hash c004cc96c8a79891a126f66ce03b6f7da16ca37a26ae443a609c2403ec0c7d65
2018-06-10 14:33:35,001 Hashing frequency: 4039
2018-06-10 14:33:42,266 RF found but not transmitted
2018-06-10 14:33:43,419 RCV proposal_commit
2018-06-10 14:33:43,422 appended honest propose 77f0efe1de on top of c004cc96c8
2018-06-10 14:33:43,422 appended honest commit 8e207ea621 on top of 77f0efe1de
2018-06-10 14:33:43,422 weight: 61
2018-06-10 14:33:43,422 , 61
2018-06-10 14:33:43,423 start mining - depth 61
2018-06-10 14:33:43,423 start mining - hash 8e207ea621f396a0aaf0c1a70308ec10faae1c6329f9f570a29e623e9ef2246a
2018-06-10 14:33:45,834 RCV proposal_commit
2018-06-10 14:33:45,836 appended honest propose 3a7ee65aee on top of 8e207ea621
2018-06-10 14:33:45,836 appended honest commit e6176ec3c3 on top of 3a7ee65aee
2018-06-10 14:33:45,836 weight: 62
2018-06-10 14:33:45,837 , 62
2018-06-10 14:33:45,837 start mining - depth 62
2018-06-10 14:33:45,837 start mining - hash e6176ec3c3620c87f43b9cbcefcc16ad2dc8ac46012bfdd316e7527d1c810147
2018-06-10 14:33:50,242 RF found but not transmitted
2018-06-10 14:33:52,057 RF found but not transmitted
2018-06-10 14:33:52,275 RCV proposal_commit
2018-06-10 14:33:52,277 appended honest propose fbe6a3cc0d on top of e6176ec3c3
2018-06-10 14:33:52,278 appended honest commit ba6f625ce6 on top of fbe6a3cc0d
2018-06-10 14:33:52,278 weight: 63
2018-06-10 14:33:52,278 , 63
2018-06-10 14:33:52,278 start mining - depth 63
2018-06-10 14:33:52,278 start mining - hash ba6f625ce6346a1426318d8fb7833a7dc4adc1cb0763ee0b4dbaec04c91fee58
2018-06-10 14:33:52,340 RCV proposal_commit
2018-06-10 14:33:52,342 appended malicious propose 822d0b9256 on top of e6176ec3c3
2018-06-10 14:33:52,342 appended malicious commit 174401d168 on top of 822d0b9256
2018-06-10 14:33:52,343 weight: 63
2018-06-10 14:33:52,343 , 63
2018-06-10 14:34:00,124 RF found but not transmitted
2018-06-10 14:34:05,729 RF found but not transmitted
2018-06-10 14:34:09,079 RCV proposal_commit
2018-06-10 14:34:09,082 appended honest propose ebc3e9d80a on top of ba6f625ce6
2018-06-10 14:34:09,082 appended honest commit 17917ed901 on top of ebc3e9d80a
2018-06-10 14:34:09,082 weight: 64
2018-06-10 14:34:09,082 , 64
2018-06-10 14:34:09,083 start mining - depth 64
2018-06-10 14:34:09,083 start mining - hash 17917ed901175056aa4ee7d36da904eed48edb79f685ee94657923e1f6635541
2018-06-10 14:34:12,392 RF found but not transmitted
2018-06-10 14:34:18,463 RCV proposal_commit
2018-06-10 14:34:18,465 appended honest propose 3c3ea0b615 on top of 17917ed901
2018-06-10 14:34:18,466 appended honest commit 4955af5a8a on top of 3c3ea0b615
2018-06-10 14:34:18,466 weight: 65
2018-06-10 14:34:18,466 , 65
2018-06-10 14:34:18,466 start mining - depth 65
2018-06-10 14:34:18,467 start mining - hash 4955af5a8ae74ad46b37ec7751c2f8eb73ecd1c2da6e54829f4551bce10195f7
2018-06-10 14:34:22,803 RCV proposal_commit
2018-06-10 14:34:22,806 appended honest propose f7a34b8915 on top of 4955af5a8a
2018-06-10 14:34:22,806 appended honest commit bbb0fe5443 on top of f7a34b8915
2018-06-10 14:34:22,806 weight: 66
2018-06-10 14:34:22,806 , 66
2018-06-10 14:34:22,807 start mining - depth 66
2018-06-10 14:34:22,807 start mining - hash bbb0fe5443a440806444347d988821b39c7e556fe6bad3d507422fb9bdd4a942
2018-06-10 14:34:24,323 RF found but not transmitted
2018-06-10 14:34:29,748 RF found but not transmitted
2018-06-10 14:34:33,983 RF found but not transmitted
2018-06-10 14:34:35,238 RF found but not transmitted
2018-06-10 14:34:37,635 RF found but not transmitted
2018-06-10 14:34:46,115 RF found but not transmitted
2018-06-10 14:34:48,997 RF found but not transmitted
2018-06-10 14:34:52,420 RF found but not transmitted
2018-06-10 14:34:52,649 RCV proposal_commit
2018-06-10 14:34:52,652 appended honest propose a934eba9a6 on top of bbb0fe5443
2018-06-10 14:34:52,652 appended honest commit 7de42b0e28 on top of a934eba9a6
2018-06-10 14:34:52,652 weight: 67
2018-06-10 14:34:52,653 , 67
2018-06-10 14:34:52,653 start mining - depth 67
2018-06-10 14:34:52,653 start mining - hash 7de42b0e289f4117cae9d64f77fbadcf4fbcb306e8e8a716f90ede48a4778cf5
2018-06-10 14:34:52,653 Hashing frequency: 4184
2018-06-10 14:34:52,725 RCV proposal_commit
2018-06-10 14:34:52,727 appended malicious propose e38b22b503 on top of bbb0fe5443
2018-06-10 14:34:52,728 appended malicious commit 58820f0804 on top of e38b22b503
2018-06-10 14:34:52,728 weight: 67
2018-06-10 14:34:52,729 , 67
2018-06-10 14:34:55,593 RF found but not transmitted
2018-06-10 14:34:56,710 RF found but not transmitted
2018-06-10 14:34:58,004 RF found but not transmitted
2018-06-10 14:35:06,369 RF found but not transmitted
2018-06-10 14:35:10,559 RF found but not transmitted
2018-06-10 14:35:10,903 RCV proposal_commit
2018-06-10 14:35:10,906 appended malicious propose 53d8e25f9c on top of 58820f0804
2018-06-10 14:35:10,907 appended malicious commit 643977f39d on top of 53d8e25f9c
2018-06-10 14:35:10,907 weight: 68
2018-06-10 14:35:10,907 , 68
2018-06-10 14:35:10,911 start mining - depth 68
2018-06-10 14:35:10,911 start mining - hash 643977f39dd0b7a633c8afa28c0794be30a48fcc94c4e18b5ee2a8dff2bb1907
2018-06-10 14:35:17,002 RCV proposal_commit
2018-06-10 14:35:17,006 appended honest propose 453c0a467c on top of 643977f39d
2018-06-10 14:35:17,006 appended honest commit 80dc3e6e6a on top of 453c0a467c
2018-06-10 14:35:17,006 weight: 69
2018-06-10 14:35:17,006 , 69
2018-06-10 14:35:17,010 start mining - depth 69
2018-06-10 14:35:17,010 start mining - hash 80dc3e6e6a259b4553f910973fa4e8afe234819f1f36573caacc3122bda9e311
2018-06-10 14:35:21,357 RF found but not transmitted
2018-06-10 14:35:25,196 RF found but not transmitted
2018-06-10 14:35:28,248 RF found but not transmitted
2018-06-10 14:35:28,285 RF found but not transmitted
2018-06-10 14:35:32,295 RF found but not transmitted
2018-06-10 14:35:32,501 RF found but not transmitted
2018-06-10 14:35:35,319 RF found but not transmitted
2018-06-10 14:35:38,871 RF found but not transmitted
2018-06-10 14:35:49,798 RF found but not transmitted
2018-06-10 14:35:54,416 RF found but not transmitted
2018-06-10 14:36:00,065 RCV proposal_commit
2018-06-10 14:36:00,068 appended honest propose ca2fa3089c on top of 80dc3e6e6a
2018-06-10 14:36:00,069 appended honest commit 17e661e37e on top of ca2fa3089c
2018-06-10 14:36:00,069 weight: 70
2018-06-10 14:36:00,069 , 70
2018-06-10 14:36:00,073 start mining - depth 70
2018-06-10 14:36:00,073 start mining - hash 17e661e37eafc6a0fd5f1dc5855ca2ad959d17cd3374f4cb516a98cce9c06bec
2018-06-10 14:36:00,073 Hashing frequency: 3623
2018-06-10 14:36:03,113 RF found but not transmitted
2018-06-10 14:36:05,832 RCV proposal_commit
2018-06-10 14:36:05,834 appended honest propose 03a79c1f41 on top of 17e661e37e
2018-06-10 14:36:05,834 appended honest commit d4185e5fc3 on top of 03a79c1f41
2018-06-10 14:36:05,834 weight: 71
2018-06-10 14:36:05,835 , 71
2018-06-10 14:36:05,835 start mining - depth 71
2018-06-10 14:36:05,835 start mining - hash d4185e5fc3ca3917c5a0709399d9563249a934bf0d291df8fe7581d3f9a13933
2018-06-10 14:36:06,055 RF found but not transmitted
2018-06-10 14:36:07,661 RF found but not transmitted
2018-06-10 14:36:09,639 RCV proposal_commit
2018-06-10 14:36:09,642 appended malicious propose 88bcaa98b0 on top of 17e661e37e
2018-06-10 14:36:09,642 appended malicious commit c4f35472fb on top of 88bcaa98b0
2018-06-10 14:36:09,642 weight: 71
2018-06-10 14:36:09,642 , 71
2018-06-10 14:36:15,744 RCV proposal_commit
2018-06-10 14:36:15,746 appended malicious propose 8f9c3586fa on top of c4f35472fb
2018-06-10 14:36:15,746 appended malicious commit 220b483a28 on top of 8f9c3586fa
2018-06-10 14:36:15,746 weight: 72
2018-06-10 14:36:15,747 , 72
2018-06-10 14:36:15,747 start mining - depth 72
2018-06-10 14:36:15,747 start mining - hash 220b483a28e2cc2e25d8ad8ab8224c02b71ab785389e0e76eca54c3ef4f45a81
2018-06-10 14:36:16,637 RF found but not transmitted
2018-06-10 14:36:19,956 RCV proposal_commit
2018-06-10 14:36:19,958 appended honest propose 38f4dd71c9 on top of 220b483a28
2018-06-10 14:36:19,959 appended honest commit c39ef3ebc7 on top of 38f4dd71c9
2018-06-10 14:36:19,959 weight: 73
2018-06-10 14:36:19,959 , 73
2018-06-10 14:36:19,959 start mining - depth 73
2018-06-10 14:36:19,959 start mining - hash c39ef3ebc765a8a046d15a98977c0ae93c58844e6eb39b71ccf2ffb9eb63552d
2018-06-10 14:36:20,618 RF found but not transmitted
2018-06-10 14:36:23,567 RF found but not transmitted
2018-06-10 14:36:23,877 RCV proposal_commit
2018-06-10 14:36:23,879 appended honest propose 3f3c6e52a3 on top of c39ef3ebc7
2018-06-10 14:36:23,880 appended honest commit 15ef37681c on top of 3f3c6e52a3
2018-06-10 14:36:23,880 weight: 74
2018-06-10 14:36:23,881 , 74
2018-06-10 14:36:23,881 start mining - depth 74
2018-06-10 14:36:23,881 start mining - hash 15ef37681caf6df100df0d0ab6dd3094d3a2b22b22f362b5ab57e549acc9438c
2018-06-10 14:36:27,604 RF found but not transmitted
2018-06-10 14:36:27,606 hash found
2018-06-10 14:36:27,609 appended honest propose 3a8d00e5e1 on top of 15ef37681c
2018-06-10 14:36:27,610 appended honest commit 02fe518d93 on top of 3a8d00e5e1
2018-06-10 14:36:27,610 weight: 75
2018-06-10 14:36:27,610 , 75
2018-06-10 14:36:27,611 SNT proposal_commit
2018-06-10 14:36:27,662 start mining - depth 75
2018-06-10 14:36:27,663 start mining - hash 02fe518d939cd1707d525f2f026364aac0ab1ab0bdecfc5535e67fc5947fd9f9
2018-06-10 14:36:31,967 RF found but not transmitted
