2018-06-10 14:23:51,275 ---------------------------------------------------------
2018-06-10 14:23:51,278 PURE BLOCKCHAIN state
2018-06-10 14:23:52,303 start mining - depth 0
2018-06-10 14:23:52,304 start mining - hash ce749844a2e9f65897a709c6ccd3ac8089ac84e5f3db379c9c5019065d7debe5
2018-06-10 14:23:59,654 RF found but not transmitted
2018-06-10 14:24:04,513 RF found but not transmitted
2018-06-10 14:24:04,732 RF found but not transmitted
2018-06-10 14:24:05,160 RCV proposal_commit
2018-06-10 14:24:05,163 appended honest propose 6a530cd619 on top of ce749844a2
2018-06-10 14:24:05,164 appended honest commit 9ef0686bc8 on top of 6a530cd619
2018-06-10 14:24:05,164 weight: 1
2018-06-10 14:24:05,164 , 1
2018-06-10 14:24:05,164 start mining - depth 1
2018-06-10 14:24:05,164 start mining - hash 9ef0686bc805341a1ff2d749ecf405dd08f0d90bb0f1c4f8b978e277b399d6e5
2018-06-10 14:24:05,246 RCV proposal_commit
2018-06-10 14:24:05,249 appended malicious propose 86a0c7f5d3 on top of ce749844a2
2018-06-10 14:24:05,249 appended malicious commit 10397a0534 on top of 86a0c7f5d3
2018-06-10 14:24:05,249 weight: 1
2018-06-10 14:24:05,250 , 1
2018-06-10 14:24:14,896 RF found but not transmitted
2018-06-10 14:24:18,272 RF found but not transmitted
2018-06-10 14:24:18,817 RF found but not transmitted
2018-06-10 14:24:18,818 hash found
2018-06-10 14:24:18,820 appended honest propose e873de8301 on top of 9ef0686bc8
2018-06-10 14:24:18,820 appended honest commit db0d72f8dc on top of e873de8301
2018-06-10 14:24:18,820 weight: 2
2018-06-10 14:24:18,820 , 2
2018-06-10 14:24:18,820 SNT proposal_commit
2018-06-10 14:24:18,895 start mining - depth 2
2018-06-10 14:24:18,895 start mining - hash db0d72f8dc247350498877d2ee3db17eab1d1a70af28c40427be3a7620e70f6c
2018-06-10 14:24:26,220 RF found but not transmitted
2018-06-10 14:24:27,516 RCV proposal_commit
2018-06-10 14:24:27,518 appended honest propose e734927add on top of db0d72f8dc
2018-06-10 14:24:27,518 appended honest commit 200abc97cf on top of e734927add
2018-06-10 14:24:27,518 weight: 3
2018-06-10 14:24:27,518 , 3
2018-06-10 14:24:27,522 start mining - depth 3
2018-06-10 14:24:27,522 start mining - hash 200abc97cf16b34e07ef203fa477b9c5f04842ac6128f1be78213f25fee98fd3
2018-06-10 14:24:27,584 RCV proposal_commit
2018-06-10 14:24:27,586 appended malicious propose 6476724c95 on top of db0d72f8dc
2018-06-10 14:24:27,587 appended malicious commit 94b10fe17a on top of 6476724c95
2018-06-10 14:24:27,587 weight: 3
2018-06-10 14:24:27,587 , 3
2018-06-10 14:24:33,867 RF found but not transmitted
2018-06-10 14:24:34,134 RF found but not transmitted
2018-06-10 14:24:36,109 RF found but not transmitted
2018-06-10 14:24:38,129 RF found but not transmitted
2018-06-10 14:24:42,107 RF found but not transmitted
2018-06-10 14:24:45,901 RCV proposal_commit
2018-06-10 14:24:45,904 appended honest propose 1476456884 on top of 200abc97cf
2018-06-10 14:24:45,904 appended honest commit 76c7e778a4 on top of 1476456884
2018-06-10 14:24:45,904 weight: 4
2018-06-10 14:24:45,904 , 4
2018-06-10 14:24:45,909 start mining - depth 4
2018-06-10 14:24:45,910 start mining - hash 76c7e778a4a03429bfbae803924206eac1a416102ae8000dfce90d4e08761c0d
2018-06-10 14:24:57,180 RF found but not transmitted
2018-06-10 14:25:04,267 RF found but not transmitted
2018-06-10 14:25:11,191 RF found but not transmitted
2018-06-10 14:25:19,245 RF found but not transmitted
2018-06-10 14:25:22,087 RCV proposal_commit
2018-06-10 14:25:22,090 appended honest propose 5c071b3257 on top of 76c7e778a4
2018-06-10 14:25:22,091 appended honest commit 81dca85f8a on top of 5c071b3257
2018-06-10 14:25:22,091 weight: 5
2018-06-10 14:25:22,091 , 5
2018-06-10 14:25:22,093 start mining - depth 5
2018-06-10 14:25:22,093 start mining - hash 81dca85f8ab8ecffa7a6f68a3e73bf56a7d6e1e7494257d322ab45eae71d0bf4
2018-06-10 14:25:22,094 Hashing frequency: 4893
2018-06-10 14:25:23,499 RF found but not transmitted
2018-06-10 14:25:24,476 RF found but not transmitted
2018-06-10 14:25:24,562 RF found but not transmitted
2018-06-10 14:25:26,506 RF found but not transmitted
2018-06-10 14:25:29,292 RF found but not transmitted
2018-06-10 14:25:29,294 hash found
2018-06-10 14:25:29,298 appended honest propose d80cc6a504 on top of 81dca85f8a
2018-06-10 14:25:29,298 appended honest commit f6b0204a65 on top of d80cc6a504
2018-06-10 14:25:29,298 weight: 6
2018-06-10 14:25:29,298 , 6
2018-06-10 14:25:29,298 SNT proposal_commit
2018-06-10 14:25:29,354 start mining - depth 6
2018-06-10 14:25:29,354 start mining - hash f6b0204a65501515975baa211223b70857ae98b985375dc0117e8bf54e085983
2018-06-10 14:25:36,742 RF found but not transmitted
2018-06-10 14:25:37,126 RF found but not transmitted
2018-06-10 14:25:47,582 RCV proposal_commit
2018-06-10 14:25:47,584 appended honest propose c2725ad243 on top of f6b0204a65
2018-06-10 14:25:47,585 appended honest commit 78dbdd782b on top of c2725ad243
2018-06-10 14:25:47,585 weight: 7
2018-06-10 14:25:47,585 , 7
2018-06-10 14:25:47,587 start mining - depth 7
2018-06-10 14:25:47,588 start mining - hash 78dbdd782b06c303231ff7736bb2c9f4294114b47ccc4f724b28bc9553e3aaa9
2018-06-10 14:25:51,475 RF found but not transmitted
2018-06-10 14:25:51,768 RCV proposal_commit
2018-06-10 14:25:51,770 appended honest propose c320c6f205 on top of 78dbdd782b
2018-06-10 14:25:51,770 appended honest commit caf005d138 on top of c320c6f205
2018-06-10 14:25:51,770 weight: 8
2018-06-10 14:25:51,771 , 8
2018-06-10 14:25:51,771 start mining - depth 8
2018-06-10 14:25:51,771 start mining - hash caf005d138b7d9d1100bd12d3552ab72a84cfb7ad2605f4c2237a4ad08c6bcf8
2018-06-10 14:25:58,360 RF found but not transmitted
2018-06-10 14:26:08,685 RCV proposal_commit
2018-06-10 14:26:08,687 appended honest propose 8a0ad9cd0f on top of caf005d138
2018-06-10 14:26:08,688 appended honest commit a1cf29f9ed on top of 8a0ad9cd0f
2018-06-10 14:26:08,688 weight: 9
2018-06-10 14:26:08,688 , 9
2018-06-10 14:26:08,688 start mining - depth 9
2018-06-10 14:26:08,688 start mining - hash a1cf29f9ed2197c67bdc21663f2a6601a4e86477284b31f13f5b05d265e70039
2018-06-10 14:26:09,608 RCV proposal_commit
2018-06-10 14:26:09,610 appended honest propose 36f2a5fe8a on top of a1cf29f9ed
2018-06-10 14:26:09,610 appended honest commit 973295ffad on top of 36f2a5fe8a
2018-06-10 14:26:09,610 weight: 10
2018-06-10 14:26:09,610 , 10
2018-06-10 14:26:09,613 start mining - depth 10
2018-06-10 14:26:09,613 start mining - hash 973295ffad5e18e22095a69ee387036125b06c5021ea39c005727cf4ad8daf0c
2018-06-10 14:26:10,365 RCV proposal_commit
2018-06-10 14:26:10,368 appended honest propose 6d163c7dcf on top of 973295ffad
2018-06-10 14:26:10,368 appended honest commit f7ba1cda05 on top of 6d163c7dcf
2018-06-10 14:26:10,368 weight: 11
2018-06-10 14:26:10,368 , 11
2018-06-10 14:26:10,369 start mining - depth 11
2018-06-10 14:26:10,369 start mining - hash f7ba1cda0570d5a2e767026e7089621f94226b744cc5c65e6664e2320f25daed
2018-06-10 14:26:10,464 RCV proposal_commit
2018-06-10 14:26:10,466 appended malicious propose aad0b855b9 on top of 973295ffad
2018-06-10 14:26:10,467 appended malicious commit 85ac9ac348 on top of aad0b855b9
2018-06-10 14:26:10,467 weight: 11
2018-06-10 14:26:10,467 , 11
2018-06-10 14:26:18,174 RCV proposal_commit
2018-06-10 14:26:18,176 appended honest propose 02174a1d37 on top of f7ba1cda05
2018-06-10 14:26:18,176 appended honest commit 187feed948 on top of 02174a1d37
2018-06-10 14:26:18,177 weight: 12
2018-06-10 14:26:18,177 , 12
2018-06-10 14:26:18,177 start mining - depth 12
2018-06-10 14:26:18,177 start mining - hash 187feed94893baf7bf5f0a1b1577c8d0fb7875b3fb27596cebee72ef1e8736f7
2018-06-10 14:26:22,961 RF found but not transmitted
2018-06-10 14:26:30,070 RF found but not transmitted
2018-06-10 14:26:35,732 RF found but not transmitted
2018-06-10 14:26:43,048 RF found but not transmitted
2018-06-10 14:26:44,907 RF found but not transmitted
2018-06-10 14:26:50,973 RF found but not transmitted
2018-06-10 14:26:52,228 RCV proposal_commit
2018-06-10 14:26:52,230 appended honest propose a3d1101e2b on top of 187feed948
2018-06-10 14:26:52,231 appended honest commit 6a0baa6751 on top of a3d1101e2b
2018-06-10 14:26:52,231 weight: 13
2018-06-10 14:26:52,231 , 13
2018-06-10 14:26:52,233 start mining - depth 13
2018-06-10 14:26:52,234 start mining - hash 6a0baa6751664e48a0e0c7f0f9560d0f37e252d8251806268dd793dc1d70c058
2018-06-10 14:26:52,234 Hashing frequency: 4903
2018-06-10 14:26:52,335 RCV proposal_commit
2018-06-10 14:26:52,337 appended malicious propose 7efaca3aed on top of 187feed948
2018-06-10 14:26:52,338 appended malicious commit c3126adce4 on top of 7efaca3aed
2018-06-10 14:26:52,338 weight: 13
2018-06-10 14:26:52,339 , 13
2018-06-10 14:26:58,071 RF found but not transmitted
2018-06-10 14:27:00,429 RCV proposal_commit
2018-06-10 14:27:00,435 appended malicious propose fa9c0ef6d6 on top of c3126adce4
2018-06-10 14:27:00,436 appended malicious commit f4b8eee083 on top of fa9c0ef6d6
2018-06-10 14:27:00,436 weight: 14
2018-06-10 14:27:00,436 , 14
2018-06-10 14:27:00,442 start mining - depth 14
2018-06-10 14:27:00,442 start mining - hash f4b8eee083bac25bc4e60a67f51288fa22e54f1c2d8e6dce7e4b6656963089d4
2018-06-10 14:27:05,500 RCV proposal_commit
2018-06-10 14:27:05,502 appended honest propose eb8f1b20d2 on top of f4b8eee083
2018-06-10 14:27:05,503 appended honest commit 5727337bcc on top of eb8f1b20d2
2018-06-10 14:27:05,503 weight: 15
2018-06-10 14:27:05,503 , 15
2018-06-10 14:27:05,504 start mining - depth 15
2018-06-10 14:27:05,504 start mining - hash 5727337bcc9caf4b8e0f35fa187512ee9052df7d22902bde7f0b0b0d48da7ff1
2018-06-10 14:27:05,549 RCV proposal_commit
2018-06-10 14:27:05,551 appended malicious propose 7630db416a on top of f4b8eee083
2018-06-10 14:27:05,552 appended malicious commit caad5995e4 on top of 7630db416a
2018-06-10 14:27:05,552 weight: 15
2018-06-10 14:27:05,552 , 15
2018-06-10 14:27:05,663 RF found but not transmitted
2018-06-10 14:27:07,130 RF found but not transmitted
2018-06-10 14:27:07,132 hash found
2018-06-10 14:27:07,135 appended honest propose f9e6665859 on top of 5727337bcc
2018-06-10 14:27:07,136 appended honest commit fb6aeb291d on top of f9e6665859
2018-06-10 14:27:07,136 weight: 16
2018-06-10 14:27:07,136 , 16
2018-06-10 14:27:07,136 SNT proposal_commit
2018-06-10 14:27:07,189 start mining - depth 16
2018-06-10 14:27:07,189 start mining - hash fb6aeb291d0e17172104b7aec502c0c0d97eb9d6d3448ea7895143c792f49e38
2018-06-10 14:27:10,547 RF found but not transmitted
2018-06-10 14:27:12,230 RCV proposal_commit
2018-06-10 14:27:12,232 appended honest propose e370248b2e on top of fb6aeb291d
2018-06-10 14:27:12,233 appended honest commit c06703ac60 on top of e370248b2e
2018-06-10 14:27:12,233 weight: 17
2018-06-10 14:27:12,234 , 17
2018-06-10 14:27:12,234 start mining - depth 17
2018-06-10 14:27:12,234 start mining - hash c06703ac60bd9d0b3241a77ce5f8c44672e645256b40522ca17e8f7b9244bff2
2018-06-10 14:27:19,012 RCV proposal_commit
2018-06-10 14:27:19,016 appended malicious propose 07df34f82e on top of fb6aeb291d
2018-06-10 14:27:19,016 appended malicious commit 9481f6272a on top of 07df34f82e
2018-06-10 14:27:19,017 weight: 17
2018-06-10 14:27:19,017 , 17
2018-06-10 14:27:24,843 RF found but not transmitted
2018-06-10 14:27:29,720 RCV proposal_commit
2018-06-10 14:27:29,728 appended honest propose ace0c69202 on top of c06703ac60
2018-06-10 14:27:29,729 appended honest commit ac784ecaa5 on top of ace0c69202
2018-06-10 14:27:29,729 weight: 18
2018-06-10 14:27:29,729 , 18
2018-06-10 14:27:29,730 start mining - depth 18
2018-06-10 14:27:29,730 start mining - hash ac784ecaa529f4f60705613e350224aa7af3272a5217d7f285069fdd6a1de4d8
2018-06-10 14:27:30,065 RCV proposal_commit
2018-06-10 14:27:30,067 appended honest propose 0caf21c5b0 on top of ac784ecaa5
2018-06-10 14:27:30,067 appended honest commit d575b48150 on top of 0caf21c5b0
2018-06-10 14:27:30,067 weight: 19
2018-06-10 14:27:30,067 , 19
2018-06-10 14:27:30,067 start mining - depth 19
2018-06-10 14:27:30,067 start mining - hash d575b48150b94762cc7818aa4c4dc68c13f0fe9b1b6b0e93f50ccb124319be89
2018-06-10 14:27:31,798 RF found but not transmitted
2018-06-10 14:27:35,027 RCV proposal_commit
2018-06-10 14:27:35,030 appended malicious propose de46aba9ca on top of ac784ecaa5
2018-06-10 14:27:35,030 appended malicious commit a1c50fc982 on top of de46aba9ca
2018-06-10 14:27:35,030 weight: 19
2018-06-10 14:27:35,031 , 19
2018-06-10 14:27:38,820 RF found but not transmitted
2018-06-10 14:27:39,827 RCV proposal_commit
2018-06-10 14:27:39,829 appended malicious propose b45f1a81ff on top of a1c50fc982
2018-06-10 14:27:39,829 appended malicious commit 72f0d276dc on top of b45f1a81ff
2018-06-10 14:27:39,829 weight: 20
2018-06-10 14:27:39,830 , 20
2018-06-10 14:27:39,830 start mining - depth 20
2018-06-10 14:27:39,830 start mining - hash 72f0d276dcbe5d242777404943dce1830ffd185a1fafd128c6e562397332c5f6
2018-06-10 14:27:41,768 RF found but not transmitted
2018-06-10 14:27:42,587 RF found but not transmitted
2018-06-10 14:27:46,739 RCV proposal_commit
2018-06-10 14:27:46,741 appended honest propose bac0472af8 on top of 72f0d276dc
2018-06-10 14:27:46,741 appended honest commit b2f66d1f1f on top of bac0472af8
2018-06-10 14:27:46,741 weight: 21
2018-06-10 14:27:46,741 , 21
2018-06-10 14:27:46,741 start mining - depth 21
2018-06-10 14:27:46,741 start mining - hash b2f66d1f1fd323599d552b2538447361bcfbadc6a305aedd6e19c2d2bbf59be4
2018-06-10 14:27:48,206 RF found but not transmitted
2018-06-10 14:27:50,770 RCV proposal_commit
2018-06-10 14:27:50,772 appended honest propose c17f212829 on top of b2f66d1f1f
2018-06-10 14:27:50,773 appended honest commit fc204775bf on top of c17f212829
2018-06-10 14:27:50,773 weight: 22
2018-06-10 14:27:50,773 , 22
2018-06-10 14:27:50,773 start mining - depth 22
2018-06-10 14:27:50,773 start mining - hash fc204775bf0eae83d26cae1e0caec2b0822e29f6e6c9911d7e77083548abb366
2018-06-10 14:27:54,877 RF found but not transmitted
2018-06-10 14:27:54,879 hash found
2018-06-10 14:27:54,882 appended honest propose ec1cf1af0d on top of fc204775bf
2018-06-10 14:27:54,883 appended honest commit 6304126455 on top of ec1cf1af0d
2018-06-10 14:27:54,883 weight: 23
2018-06-10 14:27:54,883 , 23
2018-06-10 14:27:54,883 SNT proposal_commit
2018-06-10 14:27:54,936 start mining - depth 23
2018-06-10 14:27:54,936 start mining - hash 63041264556143a3de70558bdf1a1be73f8b0ce20df57dd528eaebe2d497a16a
2018-06-10 14:27:54,953 Hashing frequency: 3406
2018-06-10 14:27:58,374 RF found but not transmitted
2018-06-10 14:28:02,624 RF found but not transmitted
2018-06-10 14:28:04,927 RCV proposal_commit
2018-06-10 14:28:04,929 appended honest propose 0d87de0e24 on top of 6304126455
2018-06-10 14:28:04,930 appended honest commit 4ddf5ee646 on top of 0d87de0e24
2018-06-10 14:28:04,930 weight: 24
2018-06-10 14:28:04,932 , 24
2018-06-10 14:28:04,934 start mining - depth 24
2018-06-10 14:28:04,935 start mining - hash 4ddf5ee646ab60024c73fb2f6e37ad87314fec944d70a78b4dd5688eb708114b
2018-06-10 14:28:07,578 RF found but not transmitted
2018-06-10 14:28:10,834 RCV proposal_commit
2018-06-10 14:28:10,837 appended honest propose 908b9b35a8 on top of 4ddf5ee646
2018-06-10 14:28:10,837 appended honest commit 0c4d04e2d9 on top of 908b9b35a8
2018-06-10 14:28:10,837 weight: 25
2018-06-10 14:28:10,838 , 25
2018-06-10 14:28:10,838 start mining - depth 25
2018-06-10 14:28:10,838 start mining - hash 0c4d04e2d9dcf96f46760e1d93792dfb57dad425ebf9d3aaa6ba42389711a9d6
2018-06-10 14:28:11,224 RCV proposal_commit
2018-06-10 14:28:11,227 appended malicious propose 72ee6ba840 on top of 4ddf5ee646
2018-06-10 14:28:11,227 appended malicious commit d5f7b2b77d on top of 72ee6ba840
2018-06-10 14:28:11,227 weight: 25
2018-06-10 14:28:11,228 , 25
2018-06-10 14:28:12,506 RF found but not transmitted
2018-06-10 14:28:16,395 RF found but not transmitted
2018-06-10 14:28:17,962 RF found but not transmitted
2018-06-10 14:28:17,964 hash found
2018-06-10 14:28:17,967 appended honest propose 9660a71217 on top of 0c4d04e2d9
2018-06-10 14:28:17,968 appended honest commit 872b6795e3 on top of 9660a71217
2018-06-10 14:28:17,968 weight: 26
2018-06-10 14:28:17,968 , 26
2018-06-10 14:28:17,968 SNT proposal_commit
2018-06-10 14:28:18,044 start mining - depth 26
2018-06-10 14:28:18,045 start mining - hash 872b6795e3255b6f115931be6646647445d2236e0c952f797ccea98cc8a7c1b5
2018-06-10 14:28:18,115 RF found but not transmitted
2018-06-10 14:28:19,093 RCV proposal_commit
2018-06-10 14:28:19,096 appended honest propose 52311baf9e on top of 872b6795e3
2018-06-10 14:28:19,096 appended honest commit b08dbf60fd on top of 52311baf9e
2018-06-10 14:28:19,096 weight: 27
2018-06-10 14:28:19,096 , 27
2018-06-10 14:28:19,096 start mining - depth 27
2018-06-10 14:28:19,097 start mining - hash b08dbf60fd011c0cd6afb9fbdc17b493deb19f20ce036be80a5c340818fba1c9
2018-06-10 14:28:29,667 RF found but not transmitted
2018-06-10 14:28:31,416 RCV proposal_commit
2018-06-10 14:28:31,418 appended honest propose 03b8043c9f on top of b08dbf60fd
2018-06-10 14:28:31,419 appended honest commit 190b2360fa on top of 03b8043c9f
2018-06-10 14:28:31,419 weight: 28
2018-06-10 14:28:31,419 , 28
2018-06-10 14:28:31,419 start mining - depth 28
2018-06-10 14:28:31,419 start mining - hash 190b2360fa38ffc6617918197c893e6de6069cfb17c1db4f229b8c0d2b07a306
2018-06-10 14:28:41,246 RF found but not transmitted
2018-06-10 14:28:41,249 hash found
2018-06-10 14:28:41,253 appended honest propose 7fd8206a8b on top of 190b2360fa
2018-06-10 14:28:41,254 appended honest commit 7ca5b2cc0a on top of 7fd8206a8b
2018-06-10 14:28:41,254 weight: 29
2018-06-10 14:28:41,254 , 29
2018-06-10 14:28:41,256 SNT proposal_commit
2018-06-10 14:28:41,310 start mining - depth 29
2018-06-10 14:28:41,310 start mining - hash 7ca5b2cc0acbe25339aa64110dc945a6bdd6982fbb72f3775cdebfa294eee1e3
2018-06-10 14:28:42,778 RF found but not transmitted
2018-06-10 14:28:43,987 RCV proposal_commit
2018-06-10 14:28:43,990 appended malicious propose 2c7db2f7ba on top of 190b2360fa
2018-06-10 14:28:43,990 appended malicious commit 552c2e8ab0 on top of 2c7db2f7ba
2018-06-10 14:28:43,990 weight: 29
2018-06-10 14:28:43,991 , 29
2018-06-10 14:28:48,458 RCV proposal_commit
2018-06-10 14:28:48,460 appended honest propose 5e64894b13 on top of 7ca5b2cc0a
2018-06-10 14:28:48,461 appended honest commit 88de48331a on top of 5e64894b13
2018-06-10 14:28:48,461 weight: 30
2018-06-10 14:28:48,461 , 30
2018-06-10 14:28:48,461 start mining - depth 30
2018-06-10 14:28:48,462 start mining - hash 88de48331a60ce281fb7a16e4c9dd13b4c41ec0614e394dcb3e2294d6948f5ab
2018-06-10 14:28:55,227 RF found but not transmitted
2018-06-10 14:28:58,921 RCV proposal_commit
2018-06-10 14:28:58,924 appended honest propose f5c1b6fcc0 on top of 88de48331a
2018-06-10 14:28:58,924 appended honest commit 9fdf9d8a77 on top of f5c1b6fcc0
2018-06-10 14:28:58,924 weight: 31
2018-06-10 14:28:58,924 , 31
2018-06-10 14:28:58,928 start mining - depth 31
2018-06-10 14:28:58,928 start mining - hash 9fdf9d8a772d1eb54a9938a69e6cc682c30d703af2ca044ca60f14486b798293
2018-06-10 14:28:58,929 Hashing frequency: 3445
2018-06-10 14:28:59,002 RCV proposal_commit
2018-06-10 14:28:59,007 appended malicious propose 2b6b142465 on top of 88de48331a
2018-06-10 14:28:59,007 appended malicious commit 2b4218f2ef on top of 2b6b142465
2018-06-10 14:28:59,007 weight: 31
2018-06-10 14:28:59,007 , 31
2018-06-10 14:28:59,644 RCV proposal_commit
2018-06-10 14:28:59,646 appended honest propose 77b5ab2cfa on top of 9fdf9d8a77
2018-06-10 14:28:59,646 appended honest commit f60113f80a on top of 77b5ab2cfa
2018-06-10 14:28:59,646 weight: 32
2018-06-10 14:28:59,647 , 32
2018-06-10 14:28:59,647 start mining - depth 32
2018-06-10 14:28:59,647 start mining - hash f60113f80a5a87a3d232e0d1e3b39548b5b9c10bc497f9af1668ea43e2303efc
2018-06-10 14:29:03,509 RCV proposal_commit
2018-06-10 14:29:03,511 appended honest propose 8097274d85 on top of f60113f80a
2018-06-10 14:29:03,511 appended honest commit 5ebc2da7f7 on top of 8097274d85
2018-06-10 14:29:03,512 weight: 33
2018-06-10 14:29:03,512 , 33
2018-06-10 14:29:03,512 start mining - depth 33
2018-06-10 14:29:03,512 start mining - hash 5ebc2da7f7621c0045ea40e7974d8ae409d9f7873b0101239fc698fbfd0696ec
2018-06-10 14:29:07,151 RF found but not transmitted
2018-06-10 14:29:07,153 hash found
2018-06-10 14:29:07,157 appended honest propose add4a9a1b4 on top of 5ebc2da7f7
2018-06-10 14:29:07,157 appended honest commit dc2703ca76 on top of add4a9a1b4
2018-06-10 14:29:07,157 weight: 34
2018-06-10 14:29:07,157 , 34
2018-06-10 14:29:07,158 SNT proposal_commit
2018-06-10 14:29:07,213 start mining - depth 34
2018-06-10 14:29:07,214 start mining - hash dc2703ca76696b81383cb37e891b234a5f18520d8f8d6adf0fe96b140427f909
2018-06-10 14:29:14,131 RF found but not transmitted
2018-06-10 14:29:14,208 RF found but not transmitted
2018-06-10 14:29:15,715 RF found but not transmitted
2018-06-10 14:29:24,612 RF found but not transmitted
2018-06-10 14:29:25,635 RF found but not transmitted
2018-06-10 14:29:42,232 RCV proposal_commit
2018-06-10 14:29:42,237 appended honest propose e3dc7e9fa5 on top of dc2703ca76
2018-06-10 14:29:42,237 appended honest commit 06b557c7db on top of e3dc7e9fa5
2018-06-10 14:29:42,237 weight: 35
2018-06-10 14:29:42,238 , 35
2018-06-10 14:29:42,239 start mining - depth 35
2018-06-10 14:29:42,239 start mining - hash 06b557c7dbd5ac266afe575b4645e7122af50e031c9a879fadf8af065eb6349e
2018-06-10 14:29:42,304 RCV proposal_commit
2018-06-10 14:29:42,306 appended malicious propose 7eafe0bebd on top of dc2703ca76
2018-06-10 14:29:42,307 appended malicious commit 0b3772d5be on top of 7eafe0bebd
2018-06-10 14:29:42,308 weight: 35
2018-06-10 14:29:42,308 , 35
2018-06-10 14:29:43,959 RCV proposal_commit
2018-06-10 14:29:43,962 appended honest propose 473e3e4188 on top of 06b557c7db
2018-06-10 14:29:43,962 appended honest commit 92d69ae6b0 on top of 473e3e4188
2018-06-10 14:29:43,962 weight: 36
2018-06-10 14:29:43,962 , 36
2018-06-10 14:29:43,963 start mining - depth 36
2018-06-10 14:29:43,963 start mining - hash 92d69ae6b0f7196256fe97fd358d0a15cdecd34e2ba379fc89c385722b7dcaea
2018-06-10 14:29:48,065 RF found but not transmitted
2018-06-10 14:29:48,066 hash found
2018-06-10 14:29:48,069 appended honest propose be4da7a79f on top of 92d69ae6b0
2018-06-10 14:29:48,069 appended honest commit a22a36e5fe on top of be4da7a79f
2018-06-10 14:29:48,070 weight: 37
2018-06-10 14:29:48,070 , 37
2018-06-10 14:29:48,070 SNT proposal_commit
2018-06-10 14:29:48,148 start mining - depth 37
2018-06-10 14:29:48,148 start mining - hash a22a36e5fea56b74df897f66ac5e340e2df5393d653924e84debc12e189ef7af
2018-06-10 14:29:51,290 RCV proposal_commit
2018-06-10 14:29:51,292 appended honest propose 4a6c09f10e on top of a22a36e5fe
2018-06-10 14:29:51,293 appended honest commit 48386ca94a on top of 4a6c09f10e
2018-06-10 14:29:51,293 weight: 38
2018-06-10 14:29:51,293 , 38
2018-06-10 14:29:51,293 start mining - depth 38
2018-06-10 14:29:51,293 start mining - hash 48386ca94ad865396107cca774a06aafa6d25b6dc70ed187bf6366badde76462
2018-06-10 14:29:56,672 RF found but not transmitted
2018-06-10 14:29:59,611 RCV proposal_commit
2018-06-10 14:29:59,613 appended honest propose f94973f57a on top of 48386ca94a
2018-06-10 14:29:59,613 appended honest commit b792682b61 on top of f94973f57a
2018-06-10 14:29:59,613 weight: 39
2018-06-10 14:29:59,614 , 39
2018-06-10 14:29:59,614 start mining - depth 39
2018-06-10 14:29:59,614 start mining - hash b792682b614739d30cef4bbeda0ebf0d30bc24c52a7df3168f954208060a59eb
2018-06-10 14:29:59,614 Hashing frequency: 3282
2018-06-10 14:30:02,812 RF found but not transmitted
2018-06-10 14:30:04,472 RCV proposal_commit
2018-06-10 14:30:04,474 appended malicious propose 0f8c7c2e49 on top of 48386ca94a
2018-06-10 14:30:04,475 appended malicious commit 065306a286 on top of 0f8c7c2e49
2018-06-10 14:30:04,475 weight: 39
2018-06-10 14:30:04,475 , 39
2018-06-10 14:30:16,739 RF found but not transmitted
2018-06-10 14:30:18,303 RF found but not transmitted
2018-06-10 14:30:19,352 RF found but not transmitted
2018-06-10 14:30:24,532 RCV proposal_commit
2018-06-10 14:30:24,535 appended malicious propose 9f09e7bc32 on top of 065306a286
2018-06-10 14:30:24,536 appended malicious commit 0114a0a44c on top of 9f09e7bc32
2018-06-10 14:30:24,536 weight: 40
2018-06-10 14:30:24,536 , 40
2018-06-10 14:30:24,538 start mining - depth 40
2018-06-10 14:30:24,539 start mining - hash 0114a0a44cf967c92d958ac1234cbb7cdff25fadac1bdccf2372d9b7677a79e5
2018-06-10 14:30:27,860 RCV proposal_commit
2018-06-10 14:30:27,862 appended honest propose 4298189f76 on top of 0114a0a44c
2018-06-10 14:30:27,862 appended honest commit 343b7acf45 on top of 4298189f76
2018-06-10 14:30:27,863 weight: 41
2018-06-10 14:30:27,863 , 41
2018-06-10 14:30:27,865 start mining - depth 41
2018-06-10 14:30:27,865 start mining - hash 343b7acf45cf34fd2546b83eaaf0475dd2d7a95094c54cd497be186457246850
2018-06-10 14:30:31,803 RF found but not transmitted
2018-06-10 14:30:36,639 RF found but not transmitted
2018-06-10 14:30:37,396 RF found but not transmitted
2018-06-10 14:30:38,008 RCV proposal_commit
2018-06-10 14:30:38,011 appended honest propose 308261a40f on top of 343b7acf45
2018-06-10 14:30:38,011 appended honest commit 0492448d5b on top of 308261a40f
2018-06-10 14:30:38,011 weight: 42
2018-06-10 14:30:38,011 , 42
2018-06-10 14:30:38,012 start mining - depth 42
2018-06-10 14:30:38,012 start mining - hash 0492448d5bb2859aa09daa8d3d09e2ebd6082cbb9be0ce4ff8246c06b60cc6e2
2018-06-10 14:30:39,465 RF found but not transmitted
2018-06-10 14:30:40,287 RF found but not transmitted
2018-06-10 14:30:43,505 RF found but not transmitted
2018-06-10 14:30:55,620 RCV proposal_commit
2018-06-10 14:30:55,623 appended honest propose 6561390eff on top of 0492448d5b
2018-06-10 14:30:55,623 appended honest commit a8a6b25e79 on top of 6561390eff
2018-06-10 14:30:55,623 weight: 43
2018-06-10 14:30:55,623 , 43
2018-06-10 14:30:55,627 start mining - depth 43
2018-06-10 14:30:55,627 start mining - hash a8a6b25e79666c958d6e8e8d5ced8dc717b77b7a7491d0019449181266e381ca
2018-06-10 14:30:57,056 RF found but not transmitted
2018-06-10 14:30:57,613 RCV proposal_commit
2018-06-10 14:30:57,615 appended honest propose b1432b70d1 on top of a8a6b25e79
2018-06-10 14:30:57,616 appended honest commit d7a16e7cc5 on top of b1432b70d1
2018-06-10 14:30:57,616 weight: 44
2018-06-10 14:30:57,618 , 44
2018-06-10 14:30:57,619 start mining - depth 44
2018-06-10 14:30:57,619 start mining - hash d7a16e7cc5f7b5dc1306ef46eb7e6a8d9b67c07b97e9d5012bc1eaf410c3671c
2018-06-10 14:30:58,851 RF found but not transmitted
2018-06-10 14:31:03,915 RF found but not transmitted
2018-06-10 14:31:14,528 RCV proposal_commit
2018-06-10 14:31:14,530 appended honest propose 4dcb83f4dd on top of d7a16e7cc5
2018-06-10 14:31:14,531 appended honest commit e158d6a113 on top of 4dcb83f4dd
2018-06-10 14:31:14,531 weight: 45
2018-06-10 14:31:14,531 , 45
2018-06-10 14:31:14,533 start mining - depth 45
2018-06-10 14:31:14,533 start mining - hash e158d6a11350dfdd32685e37e731eb645604cfed439b1319ba6d3b8f8722ae3b
2018-06-10 14:31:14,533 Hashing frequency: 4025
2018-06-10 14:31:21,447 RF found but not transmitted
2018-06-10 14:31:27,286 RF found but not transmitted
2018-06-10 14:31:27,357 RF found but not transmitted
2018-06-10 14:31:29,795 RCV proposal_commit
2018-06-10 14:31:29,797 appended honest propose 72b7969c6f on top of e158d6a113
2018-06-10 14:31:29,798 appended honest commit d4b0c5432d on top of 72b7969c6f
2018-06-10 14:31:29,798 weight: 46
2018-06-10 14:31:29,798 , 46
2018-06-10 14:31:29,799 start mining - depth 46
2018-06-10 14:31:29,799 start mining - hash d4b0c5432d8ce1b9d7310bbad4ea1a28665bcd622fcb4edc6bc8869fed51aae8
2018-06-10 14:31:34,775 RF found but not transmitted
2018-06-10 14:31:40,737 RCV proposal_commit
2018-06-10 14:31:40,739 appended honest propose dd703dfdc8 on top of d4b0c5432d
2018-06-10 14:31:40,740 appended honest commit 904e6caf18 on top of dd703dfdc8
2018-06-10 14:31:40,740 weight: 47
2018-06-10 14:31:40,740 , 47
2018-06-10 14:31:40,740 start mining - depth 47
2018-06-10 14:31:40,740 start mining - hash 904e6caf188b03d5917f17b1225203d0a62ac442053917a96586c258453ab2a1
2018-06-10 14:31:40,829 RCV proposal_commit
2018-06-10 14:31:40,832 appended malicious propose 17fcb0ad11 on top of d4b0c5432d
2018-06-10 14:31:40,832 appended malicious commit 0b6024a376 on top of 17fcb0ad11
2018-06-10 14:31:40,832 weight: 47
2018-06-10 14:31:40,833 , 47
2018-06-10 14:31:45,368 RF found but not transmitted
2018-06-10 14:31:47,433 RCV proposal_commit
2018-06-10 14:31:47,435 appended honest propose a63ad133e9 on top of 904e6caf18
2018-06-10 14:31:47,436 appended honest commit 284e645d05 on top of a63ad133e9
2018-06-10 14:31:47,437 weight: 48
2018-06-10 14:31:47,437 , 48
2018-06-10 14:31:47,438 start mining - depth 48
2018-06-10 14:31:47,438 start mining - hash 284e645d0592320f62d7f693bbb3f7cbc323cb7dba0498dfb4307a8116466f1c
2018-06-10 14:31:47,514 RF found but not transmitted
2018-06-10 14:31:53,200 RF found but not transmitted
2018-06-10 14:31:53,323 RCV proposal_commit
2018-06-10 14:31:53,324 appended honest propose 6bd17259ef on top of 284e645d05
2018-06-10 14:31:53,325 appended honest commit 07ae64adee on top of 6bd17259ef
2018-06-10 14:31:53,325 weight: 49
2018-06-10 14:31:53,325 , 49
2018-06-10 14:31:53,325 start mining - depth 49
2018-06-10 14:31:53,325 start mining - hash 07ae64adee2e6ef9e9c37a53c91a7ebd8a08bbf02ce81afa0136dbec958fe441
2018-06-10 14:31:55,239 RCV proposal_commit
2018-06-10 14:31:55,241 appended honest propose bdfd9c4ed1 on top of 07ae64adee
2018-06-10 14:31:55,242 appended honest commit d58e1ead96 on top of bdfd9c4ed1
2018-06-10 14:31:55,242 weight: 50
2018-06-10 14:31:55,253 , 50
2018-06-10 14:31:55,253 start mining - depth 50
2018-06-10 14:31:55,253 start mining - hash d58e1ead9617328b3102800f434bdd4e9024f7ff3d044563358885713fb7d93c
2018-06-10 14:32:01,230 RF found but not transmitted
2018-06-10 14:32:03,601 RCV proposal_commit
2018-06-10 14:32:03,608 appended honest propose 594a1101fb on top of d58e1ead96
2018-06-10 14:32:03,609 appended honest commit 44bc2acee7 on top of 594a1101fb
2018-06-10 14:32:03,609 weight: 51
2018-06-10 14:32:03,609 , 51
2018-06-10 14:32:03,609 start mining - depth 51
2018-06-10 14:32:03,609 start mining - hash 44bc2acee762dc8071a036d67df4d5797a4f59a2aaab2ea696c56bcd87b4fca9
2018-06-10 14:32:06,218 RCV proposal_commit
2018-06-10 14:32:06,220 appended honest propose c378207aa9 on top of 44bc2acee7
2018-06-10 14:32:06,221 appended honest commit 5a3e235e79 on top of c378207aa9
2018-06-10 14:32:06,221 weight: 52
2018-06-10 14:32:06,223 , 52
2018-06-10 14:32:06,223 start mining - depth 52
2018-06-10 14:32:06,223 start mining - hash 5a3e235e791f6fcd8d558201eea8f7cd0f06edebc467523065ed261dbf32c010
2018-06-10 14:32:09,532 RF found but not transmitted
2018-06-10 14:32:10,117 RF found but not transmitted
2018-06-10 14:32:12,925 RF found but not transmitted
2018-06-10 14:32:14,004 RF found but not transmitted
2018-06-10 14:32:16,092 RF found but not transmitted
2018-06-10 14:32:19,977 RF found but not transmitted
2018-06-10 14:32:19,978 hash found
2018-06-10 14:32:19,980 appended honest propose 2176185272 on top of 5a3e235e79
2018-06-10 14:32:19,981 appended honest commit c5cc54b698 on top of 2176185272
2018-06-10 14:32:19,981 weight: 53
2018-06-10 14:32:19,981 , 53
2018-06-10 14:32:19,981 SNT proposal_commit
2018-06-10 14:32:20,034 start mining - depth 53
2018-06-10 14:32:20,034 start mining - hash c5cc54b698eb2cb924333aaeaf840b36571f06b84e4b1f2cf1a167f2b171104e
2018-06-10 14:32:20,054 Hashing frequency: 3532
2018-06-10 14:32:23,310 RCV proposal_commit
2018-06-10 14:32:23,313 appended malicious propose 5801c768c7 on top of 5a3e235e79
2018-06-10 14:32:23,313 appended malicious commit 88d33b7363 on top of 5801c768c7
2018-06-10 14:32:23,314 weight: 53
2018-06-10 14:32:23,314 , 53
2018-06-10 14:32:23,952 RF found but not transmitted
2018-06-10 14:32:23,954 hash found
2018-06-10 14:32:23,958 appended honest propose eb95c40080 on top of c5cc54b698
2018-06-10 14:32:23,958 appended honest commit a444a5f02f on top of eb95c40080
2018-06-10 14:32:23,958 weight: 54
2018-06-10 14:32:23,958 , 54
2018-06-10 14:32:23,959 SNT proposal_commit
2018-06-10 14:32:24,010 start mining - depth 54
2018-06-10 14:32:24,010 start mining - hash a444a5f02f8a963a5b16d72d7fa3a0a071d0c799123715f23a4bbfcd6079ebfc
2018-06-10 14:32:26,288 RCV proposal_commit
2018-06-10 14:32:26,290 appended honest propose fda6470988 on top of a444a5f02f
2018-06-10 14:32:26,291 appended honest commit 1b7ce7deac on top of fda6470988
2018-06-10 14:32:26,291 weight: 55
2018-06-10 14:32:26,291 , 55
2018-06-10 14:32:26,291 start mining - depth 55
2018-06-10 14:32:26,291 start mining - hash 1b7ce7deac947fd86ef33ee6d43f36d8457ad88cac372ce7328c4a716dcfd48d
2018-06-10 14:32:26,502 RF found but not transmitted
2018-06-10 14:32:30,020 RF found but not transmitted
2018-06-10 14:32:34,891 RF found but not transmitted
2018-06-10 14:32:35,231 RF found but not transmitted
2018-06-10 14:32:36,025 RF found but not transmitted
2018-06-10 14:32:44,665 RF found but not transmitted
2018-06-10 14:32:50,416 RF found but not transmitted
2018-06-10 14:32:50,802 RCV proposal_commit
2018-06-10 14:32:50,806 appended honest propose 135ec56f13 on top of 1b7ce7deac
2018-06-10 14:32:50,806 appended honest commit 45ea0b84fe on top of 135ec56f13
2018-06-10 14:32:50,806 weight: 56
2018-06-10 14:32:50,806 , 56
2018-06-10 14:32:50,809 start mining - depth 56
2018-06-10 14:32:50,809 start mining - hash 45ea0b84fefe792d0f1f33fa8b13528d0c65ff6cdbe448f55eae457cbbcf0616
2018-06-10 14:32:53,558 RF found but not transmitted
2018-06-10 14:33:04,103 RCV proposal_commit
2018-06-10 14:33:04,107 appended honest propose 2dc3c0dbc8 on top of 45ea0b84fe
2018-06-10 14:33:04,107 appended honest commit e54f60ada6 on top of 2dc3c0dbc8
2018-06-10 14:33:04,108 weight: 57
2018-06-10 14:33:04,108 , 57
2018-06-10 14:33:04,110 start mining - depth 57
2018-06-10 14:33:04,110 start mining - hash e54f60ada609dda828acbb308dab1974360f706066a45cb15b916fef9f314a18
2018-06-10 14:33:06,117 RCV proposal_commit
2018-06-10 14:33:06,119 appended malicious propose fc0496afd2 on top of 45ea0b84fe
2018-06-10 14:33:06,120 appended malicious commit f9190ab6b4 on top of fc0496afd2
2018-06-10 14:33:06,120 weight: 57
2018-06-10 14:33:06,120 , 57
2018-06-10 14:33:06,651 RF found but not transmitted
2018-06-10 14:33:06,733 RF found but not transmitted
2018-06-10 14:33:16,733 RCV proposal_commit
2018-06-10 14:33:16,739 appended malicious propose 930498dba6 on top of f9190ab6b4
2018-06-10 14:33:16,740 appended malicious commit da3fcab490 on top of 930498dba6
2018-06-10 14:33:16,740 weight: 58
2018-06-10 14:33:16,740 , 58
2018-06-10 14:33:16,742 start mining - depth 58
2018-06-10 14:33:16,743 start mining - hash da3fcab49096a009a6acb98a1cc5de7de3bd6f2b5ce9793d8c88b449c97c2ea9
2018-06-10 14:33:16,926 RF found but not transmitted
2018-06-10 14:33:18,895 RCV proposal_commit
2018-06-10 14:33:18,897 appended honest propose 0520006bce on top of da3fcab490
2018-06-10 14:33:18,898 appended honest commit 5d2efe2626 on top of 0520006bce
2018-06-10 14:33:18,898 weight: 59
2018-06-10 14:33:18,898 , 59
2018-06-10 14:33:18,900 start mining - depth 59
2018-06-10 14:33:18,901 start mining - hash 5d2efe2626cf85f1a2df36c4d3efdfc0fbea84b2e1bc42bc136e4cd2457e30d0
2018-06-10 14:33:22,941 RF found but not transmitted
2018-06-10 14:33:24,411 RF found but not transmitted
2018-06-10 14:33:25,749 RF found but not transmitted
2018-06-10 14:33:26,499 RCV proposal_commit
2018-06-10 14:33:26,501 appended malicious propose 01b951a7ad on top of da3fcab490
2018-06-10 14:33:26,502 appended malicious commit 27daeea245 on top of 01b951a7ad
2018-06-10 14:33:26,502 weight: 59
2018-06-10 14:33:26,502 , 59
2018-06-10 14:33:28,209 RF found but not transmitted
2018-06-10 14:33:29,289 RF found but not transmitted
2018-06-10 14:33:29,781 RF found but not transmitted
2018-06-10 14:33:31,553 RF found but not transmitted
2018-06-10 14:33:35,006 RCV proposal_commit
2018-06-10 14:33:35,008 appended honest propose 351b55482d on top of 5d2efe2626
2018-06-10 14:33:35,008 appended honest commit c004cc96c8 on top of 351b55482d
2018-06-10 14:33:35,008 weight: 60
2018-06-10 14:33:35,013 , 60
2018-06-10 14:33:35,013 start mining - depth 60
2018-06-10 14:33:35,013 start mining - hash c004cc96c8a79891a126f66ce03b6f7da16ca37a26ae443a609c2403ec0c7d65
2018-06-10 14:33:35,013 Hashing frequency: 4038
2018-06-10 14:33:39,887 RF found but not transmitted
2018-06-10 14:33:41,172 RF found but not transmitted
2018-06-10 14:33:43,419 RCV proposal_commit
2018-06-10 14:33:43,421 appended honest propose 77f0efe1de on top of c004cc96c8
2018-06-10 14:33:43,421 appended honest commit 8e207ea621 on top of 77f0efe1de
2018-06-10 14:33:43,421 weight: 61
2018-06-10 14:33:43,422 , 61
2018-06-10 14:33:43,422 start mining - depth 61
2018-06-10 14:33:43,422 start mining - hash 8e207ea621f396a0aaf0c1a70308ec10faae1c6329f9f570a29e623e9ef2246a
2018-06-10 14:33:45,480 RF found but not transmitted
2018-06-10 14:33:45,833 RCV proposal_commit
2018-06-10 14:33:45,835 appended honest propose 3a7ee65aee on top of 8e207ea621
2018-06-10 14:33:45,835 appended honest commit e6176ec3c3 on top of 3a7ee65aee
2018-06-10 14:33:45,835 weight: 62
2018-06-10 14:33:45,835 , 62
2018-06-10 14:33:45,836 start mining - depth 62
2018-06-10 14:33:45,836 start mining - hash e6176ec3c3620c87f43b9cbcefcc16ad2dc8ac46012bfdd316e7527d1c810147
2018-06-10 14:33:47,052 RF found but not transmitted
2018-06-10 14:33:49,819 RF found but not transmitted
2018-06-10 14:33:52,200 RF found but not transmitted
2018-06-10 14:33:52,202 hash found
2018-06-10 14:33:52,206 appended honest propose fbe6a3cc0d on top of e6176ec3c3
2018-06-10 14:33:52,206 appended honest commit ba6f625ce6 on top of fbe6a3cc0d
2018-06-10 14:33:52,206 weight: 63
2018-06-10 14:33:52,206 , 63
2018-06-10 14:33:52,207 SNT proposal_commit
2018-06-10 14:33:52,266 start mining - depth 63
2018-06-10 14:33:52,266 start mining - hash ba6f625ce6346a1426318d8fb7833a7dc4adc1cb0763ee0b4dbaec04c91fee58
2018-06-10 14:33:52,334 RCV proposal_commit
2018-06-10 14:33:52,337 appended malicious propose 822d0b9256 on top of e6176ec3c3
2018-06-10 14:33:52,337 appended malicious commit 174401d168 on top of 822d0b9256
2018-06-10 14:33:52,337 weight: 63
2018-06-10 14:33:52,338 , 63
2018-06-10 14:34:03,360 RF found but not transmitted
2018-06-10 14:34:05,317 RF found but not transmitted
2018-06-10 14:34:09,064 RCV proposal_commit
2018-06-10 14:34:09,066 appended honest propose ebc3e9d80a on top of ba6f625ce6
2018-06-10 14:34:09,067 appended honest commit 17917ed901 on top of ebc3e9d80a
2018-06-10 14:34:09,067 weight: 64
2018-06-10 14:34:09,067 , 64
2018-06-10 14:34:09,076 start mining - depth 64
2018-06-10 14:34:09,076 start mining - hash 17917ed901175056aa4ee7d36da904eed48edb79f685ee94657923e1f6635541
2018-06-10 14:34:18,471 RCV proposal_commit
2018-06-10 14:34:18,473 appended honest propose 3c3ea0b615 on top of 17917ed901
2018-06-10 14:34:18,474 appended honest commit 4955af5a8a on top of 3c3ea0b615
2018-06-10 14:34:18,474 weight: 65
2018-06-10 14:34:18,474 , 65
2018-06-10 14:34:18,477 start mining - depth 65
2018-06-10 14:34:18,477 start mining - hash 4955af5a8ae74ad46b37ec7751c2f8eb73ecd1c2da6e54829f4551bce10195f7
2018-06-10 14:34:18,655 RF found but not transmitted
2018-06-10 14:34:20,864 RF found but not transmitted
2018-06-10 14:34:22,810 RCV proposal_commit
2018-06-10 14:34:22,812 appended honest propose f7a34b8915 on top of 4955af5a8a
2018-06-10 14:34:22,813 appended honest commit bbb0fe5443 on top of f7a34b8915
2018-06-10 14:34:22,813 weight: 66
2018-06-10 14:34:22,816 , 66
2018-06-10 14:34:22,816 start mining - depth 66
2018-06-10 14:34:22,817 start mining - hash bbb0fe5443a440806444347d988821b39c7e556fe6bad3d507422fb9bdd4a942
2018-06-10 14:34:27,836 RF found but not transmitted
2018-06-10 14:34:29,882 RF found but not transmitted
2018-06-10 14:34:35,412 RF found but not transmitted
2018-06-10 14:34:39,219 RF found but not transmitted
2018-06-10 14:34:49,980 RF found but not transmitted
2018-06-10 14:34:52,583 RF found but not transmitted
2018-06-10 14:34:52,585 hash found
2018-06-10 14:34:52,589 appended honest propose a934eba9a6 on top of bbb0fe5443
2018-06-10 14:34:52,589 appended honest commit 7de42b0e28 on top of a934eba9a6
2018-06-10 14:34:52,589 weight: 67
2018-06-10 14:34:52,590 , 67
2018-06-10 14:34:52,590 SNT proposal_commit
2018-06-10 14:34:52,638 start mining - depth 67
2018-06-10 14:34:52,638 start mining - hash 7de42b0e289f4117cae9d64f77fbadcf4fbcb306e8e8a716f90ede48a4778cf5
2018-06-10 14:34:52,638 Hashing frequency: 4176
2018-06-10 14:34:52,717 RCV proposal_commit
2018-06-10 14:34:52,720 appended malicious propose e38b22b503 on top of bbb0fe5443
2018-06-10 14:34:52,721 appended malicious commit 58820f0804 on top of e38b22b503
2018-06-10 14:34:52,721 weight: 67
2018-06-10 14:34:52,721 , 67
2018-06-10 14:34:53,283 RF found but not transmitted
2018-06-10 14:34:54,769 RF found but not transmitted
2018-06-10 14:34:55,541 RF found but not transmitted
2018-06-10 14:35:03,187 RF found but not transmitted
2018-06-10 14:35:10,895 RCV proposal_commit
2018-06-10 14:35:10,898 appended malicious propose 53d8e25f9c on top of 58820f0804
2018-06-10 14:35:10,899 appended malicious commit 643977f39d on top of 53d8e25f9c
2018-06-10 14:35:10,899 weight: 68
2018-06-10 14:35:10,899 , 68
2018-06-10 14:35:10,899 start mining - depth 68
2018-06-10 14:35:10,900 start mining - hash 643977f39dd0b7a633c8afa28c0794be30a48fcc94c4e18b5ee2a8dff2bb1907
2018-06-10 14:35:17,003 RCV proposal_commit
2018-06-10 14:35:17,007 appended honest propose 453c0a467c on top of 643977f39d
2018-06-10 14:35:17,007 appended honest commit 80dc3e6e6a on top of 453c0a467c
2018-06-10 14:35:17,007 weight: 69
2018-06-10 14:35:17,007 , 69
2018-06-10 14:35:17,008 start mining - depth 69
2018-06-10 14:35:17,009 start mining - hash 80dc3e6e6a259b4553f910973fa4e8afe234819f1f36573caacc3122bda9e311
2018-06-10 14:35:19,611 RF found but not transmitted
2018-06-10 14:35:33,592 RF found but not transmitted
2018-06-10 14:35:37,747 RF found but not transmitted
2018-06-10 14:35:40,124 RF found but not transmitted
2018-06-10 14:35:47,661 RF found but not transmitted
2018-06-10 14:35:54,531 RF found but not transmitted
2018-06-10 14:36:00,073 RCV proposal_commit
2018-06-10 14:36:00,076 appended honest propose ca2fa3089c on top of 80dc3e6e6a
2018-06-10 14:36:00,077 appended honest commit 17e661e37e on top of ca2fa3089c
2018-06-10 14:36:00,077 weight: 70
2018-06-10 14:36:00,077 , 70
2018-06-10 14:36:00,080 start mining - depth 70
2018-06-10 14:36:00,081 start mining - hash 17e661e37eafc6a0fd5f1dc5855ca2ad959d17cd3374f4cb516a98cce9c06bec
2018-06-10 14:36:00,083 Hashing frequency: 3627
2018-06-10 14:36:01,818 RF found but not transmitted
2018-06-10 14:36:02,687 RF found but not transmitted
2018-06-10 14:36:05,825 RCV proposal_commit
2018-06-10 14:36:05,827 appended honest propose 03a79c1f41 on top of 17e661e37e
2018-06-10 14:36:05,827 appended honest commit d4185e5fc3 on top of 03a79c1f41
2018-06-10 14:36:05,827 weight: 71
2018-06-10 14:36:05,828 , 71
2018-06-10 14:36:05,828 start mining - depth 71
2018-06-10 14:36:05,828 start mining - hash d4185e5fc3ca3917c5a0709399d9563249a934bf0d291df8fe7581d3f9a13933
2018-06-10 14:36:06,362 RF found but not transmitted
2018-06-10 14:36:07,616 RF found but not transmitted
2018-06-10 14:36:09,630 RCV proposal_commit
2018-06-10 14:36:09,632 appended malicious propose 88bcaa98b0 on top of 17e661e37e
2018-06-10 14:36:09,633 appended malicious commit c4f35472fb on top of 88bcaa98b0
2018-06-10 14:36:09,633 weight: 71
2018-06-10 14:36:09,633 , 71
2018-06-10 14:36:11,968 RF found but not transmitted
2018-06-10 14:36:12,882 RF found but not transmitted
2018-06-10 14:36:14,697 RF found but not transmitted
2018-06-10 14:36:15,744 RCV proposal_commit
2018-06-10 14:36:15,746 appended malicious propose 8f9c3586fa on top of c4f35472fb
2018-06-10 14:36:15,746 appended malicious commit 220b483a28 on top of 8f9c3586fa
2018-06-10 14:36:15,746 weight: 72
2018-06-10 14:36:15,747 , 72
2018-06-10 14:36:15,747 start mining - depth 72
2018-06-10 14:36:15,747 start mining - hash 220b483a28e2cc2e25d8ad8ab8224c02b71ab785389e0e76eca54c3ef4f45a81
2018-06-10 14:36:19,949 RCV proposal_commit
2018-06-10 14:36:19,952 appended honest propose 38f4dd71c9 on top of 220b483a28
2018-06-10 14:36:19,952 appended honest commit c39ef3ebc7 on top of 38f4dd71c9
2018-06-10 14:36:19,952 weight: 73
2018-06-10 14:36:19,952 , 73
2018-06-10 14:36:19,953 start mining - depth 73
2018-06-10 14:36:19,953 start mining - hash c39ef3ebc765a8a046d15a98977c0ae93c58844e6eb39b71ccf2ffb9eb63552d
2018-06-10 14:36:23,877 RCV proposal_commit
2018-06-10 14:36:23,879 appended honest propose 3f3c6e52a3 on top of c39ef3ebc7
2018-06-10 14:36:23,880 appended honest commit 15ef37681c on top of 3f3c6e52a3
2018-06-10 14:36:23,880 weight: 74
2018-06-10 14:36:23,881 , 74
2018-06-10 14:36:23,882 start mining - depth 74
2018-06-10 14:36:23,882 start mining - hash 15ef37681caf6df100df0d0ab6dd3094d3a2b22b22f362b5ab57e549acc9438c
2018-06-10 14:36:24,775 RF found but not transmitted
2018-06-10 14:36:27,474 RF found but not transmitted
2018-06-10 14:36:27,683 RCV proposal_commit
2018-06-10 14:36:27,685 appended honest propose 3a8d00e5e1 on top of 15ef37681c
2018-06-10 14:36:27,685 appended honest commit 02fe518d93 on top of 3a8d00e5e1
2018-06-10 14:36:27,685 weight: 75
2018-06-10 14:36:27,685 , 75
2018-06-10 14:36:27,685 start mining - depth 75
2018-06-10 14:36:27,685 start mining - hash 02fe518d939cd1707d525f2f026364aac0ab1ab0bdecfc5535e67fc5947fd9f9
2018-06-10 14:36:34,825 RF found but not transmitted
2018-06-10 14:36:37,303 RF found but not transmitted
