1529176495 , 2.8419068935688863
1529176517 , 6.846607567905298
1529176522 , 8.00268442783285
1529176561 , 2.2681701541498818
1529176563 , 4.334205065168323
1529176572 , 5.40349878021452
1529176575 , 7.730113168128787
1529176584 , 10.757146451665495
1529176656 , 25.158255928431824
1529176663 , 28.02962490945611
1529176670 , 29.154414185061945
1529176671 , 30.154414185061945
1529176685 , 34.08864548246569
1529176692 , 35.68539429302508
1529176707 , 38.60632423263871
1529176709 , 39.60632423263871
1529176724 , 41.646397926717924
1529176728 , 42.76286334070071
1529176755 , 46.91011410292573
1529176782 , 51.28329999495274
1529176785 , 52.6661631921501
1529176792 , 54.678902641496826
1529176803 , 57.144408262252355
1529176842 , 62.78798701536683
1529176899 , 74.00514916167226
1529176923 , 79.32321073848973
1529176925 , 80.32321073848973
1529176928 , 81.43312639625711
1529176939 , 84.27187141033428
1529176941 , 85.27187141033428
1529176952 , 87.33262248203543
1529176961 , 88.88768525805972
1529176969 , 90.54207607362639
1529176988 , 92.746218914562
1529185810 , 8.049117743612422
1529185858 , 13.827836739050104
1529185868 , 15.231955545424817
1529185985 , 13.71911605327675
1529186013 , 18.59052144523157
1529186042 , 22.526726689233698
1529186060 , 28.541930839673363
1529186069 , 30.05783751756362
1529186102 , 35.585484473674114
1529186137 , 40.14698616599978
1529186143 , 41.96677408956447
1529186153 , 44.595626555993555
1529186180 , 49.899184326590714
1529186207 , 53.108602204923116
1529186209 , 54.19881815740137
1529186225 , 58.54004701834249
1529186231 , 59.679034435705915
1529186235 , 61.41607272261941
1529186239 , 62.580939310221744
1529186313 , 76.45806273893359
1529186354 , 82.97544520505384
1529186381 , 87.34999202955612
1529186388 , 89.20282574050823
1529186398 , 91.27819497071184
1529186425 , 95.47996661131594
1529186441 , 98.4465853168645
1529186443 , 99.4465853168645
1529186447 , 100.54987544507384
1529186450 , 101.78035999541213
1529186455 , 103.61421606117965
1529186464 , 106.65779484290138
1529186495 , 4.371079971306362
1529186516 , 8.01640281804794
1529186571 , 4.0456901972728
1529186613 , 8.812484906222764
1529186616 , 10.162906391582041
1529186699 , 5.896101709438627
1529186703 , 7.3304759392370675
1529186707 , 10.77627046331581
1529186714 , 12.821516777075113
1529186739 , 1.4601402775297034
1529186747 , 3.041923226658973
1529186760 , 5.383533847176299
1529186760 , 4.249762130160228
1529186790 , 11.592787810300234
1529186807 , 14.114805031854278
1529186818 , 16.40143237399073
1529186830 , 18.549259833079496
1529186859 , 21.271144673132532
1529186876 , 26.183533351901122
1529186887 , 28.18200344367704
1529186890 , 29.50463813606234
1529186933 , 34.72650386471457
1529186939 , 35.91808568697568
1529186947 , 39.63181691386991
1529186984 , 44.89238177389054
1529187008 , 48.52187867918334
1529187019 , 50.83010294564781
1529187031 , 53.50609146016469
1529187075 , 59.11037261784488
1529187084 , 61.833191792262674
1529187096 , 64.12873156603679
1529187103 , 65.5164156064836
1529187109 , 67.38505436472722
1529187169 , 77.93021394499766
1529187171 , 79.78434402201897
1529187189 , 85.3746801309166
1529187199 , 87.12967825624746
1529187236 , 94.81048017997162
1529187251 , 97.67854726636514
1529187256 , 98.67854726636514
1529187265 , 100.63176868981023
1529187275 , 104.94294807573223
1529187297 , 109.52150535100844
1529187315 , 112.35276124317049
1529187375 , 2.6046673900175943
1529187380 , 6.063678520763216
1529187397 , 8.399033600098221
1529187403 , 9.559952654403912
1529187426 , 15.566509700347119
1529187444 , 18.946298583241198
1529187458 , 22.199094080598886
1529187476 , 26.75039357521625
1529187495 , 31.05347550942004
1529187511 , 36.1943474121449
1529187548 , 42.37431302088295
1529187563 , 45.49943936369244
1529187601 , 50.58224554472109
1529187622 , 55.71352299584336
1529187655 , 62.89144453947334
1529187659 , 64.83446832704163
1529187692 , 1.35043751229363
1529187728 , 8.930866647798108
1529187730 , 10.009579040895506
1529187754 , 14.205616422145134
1529187768 , 16.41721107291752
1529187796 , 21.668891071760726
1529187798 , 22.81370133648655
1529187803 , 24.377486136714968
1529187821 , 28.95242817686708
1529187834 , 31.403845755235057
1529187857 , 33.946584961804774
1529187861 , 35.537689203005186
1529187872 , 39.21967071233239
1529187874 , 41.21967071233239
1529187883 , 44.39167224252379
1529187894 , 46.3212239715075
1529187902 , 47.55752934214134
1529187912 , 49.50535992302666
1529187939 , 53.62126678720729
1529187943 , 55.0519770496005
1529187946 , 56.480300620326474
1529187983 , 63.263665318711034
1529188068 , 78.7317862162647
1529188078 , 80.82491564624229
1529188115 , 2.6190942668232666
1529188143 , 8.680718766774232
1529188146 , 10.454310075803487
1529188158 , 12.256107924526013
1529188198 , 2.7350388468566362
1529188328 , 22.332684483342177
1529188330 , 23.403191992492236
1529188341 , 25.77488560761142
1529188348 , 26.77488560761142
1529188369 , 30.355812395856937
1529188397 , 38.09928131922751
1529188399 , 39.16624169818201
1529188414 , 42.066236144209114
1529188422 , 44.096798474885325
1529188488 , 55.16499535375124
1529188501 , 57.94489633106805
1529188528 , 65.11809361766619
1529188538 , 66.99955450792606
1529188579 , 72.56955213517654
1529188602 , 76.10867526013948
1529188605 , 77.24966836244744
1529188611 , 78.85909743705697
1529188642 , 84.64023499022237
1529188645 , 86.72642755192726
1529188653 , 88.56162258368512
1529188666 , 90.28652768775332
1529188725 , 100.80135396197177
1529188766 , 107.63403937913968
1529188772 , 110.87243291411481
1529188775 , 111.87243291411481
1529188781 , 113.91572762457771
1529188784 , 115.1037877038256
1529188851 , 128.6502993314954
1529188869 , 132.16464613250207
1529188874 , 133.44377708254527
1529188882 , 134.89830656926614
1529188920 , 2.234929239815419
1529188922 , 3.353779392305275
1529188941 , 5.52039975955915
1529188944 , 6.597394141224051
1529188947 , 7.597394141224051
1529188977 , 3.0453878814770015
1529188988 , 6.722359694387874
1529188997 , 9.293771344924693
1529189002 , 10.77372238798902
1529189026 , 14.664594601060134
1529189034 , 16.459824099703848
1529189045 , 18.43166276516507
1529189052 , 20.84858208715059
1529189064 , 24.090712585122418
1529189074 , 26.293973094237035
1529189091 , 28.726179458425335
1529189096 , 30.78523422674332
1529189105 , 32.83017094167347
1529189182 , 46.12304118534169
1529189213 , 49.86909760793909
1529189240 , 53.744213825534686
1529189248 , 55.485568140535285
1529189281 , 60.29226905010056
1529189283 , 61.55678386368781
1529189302 , 63.953108815800555
1529189305 , 65.86468759023694
1529189327 , 70.51346492158429
1529189373 , 79.38435588267795
1529189380 , 80.80207175231169
1529189384 , 82.19496854298622
1529189408 , 88.5232177518722
1529189446 , 95.35110095779443
1529189470 , 99.35809709764646
1529189537 , 3.354763834067072
1529189543 , 4.909472292058084
1529189555 , 7.425142081544862
1529189571 , 9.909114035698845
1529189580 , 11.489601143044363
1529189597 , 14.75149762733486
1529189603 , 16.795889642319615
1529189623 , 20.666800528156926
1529189660 , 25.862126849017976
1529189677 , 29.77002853833685
1529189687 , 32.668298903108095
1529189711 , 35.90649717737366
1529189715 , 37.17622627014404
1529189722 , 39.968616734660074
1529189799 , 51.96447663419854
1529189853 , 61.7857731682779
1529189861 , 64.14292170289272
1529189874 , 67.08379607340063
1529189928 , 77.91082718974961
1529189960 , 83.49728643451004
1529190009 , 90.56977238993602
1529190035 , 95.10802936306875
1529190071 , 101.56448606415668
1529190075 , 103.67562180542858
1529190091 , 107.91716646816258
1529190127 , 114.57574302575661
1529190267 , 135.7179395530998
1529190310 , 142.47117691420962
1529190313 , 143.66013559421384
1529190319 , 145.03811428661604
1529190375 , 2.6507750123061693
1529190411 , 7.670121267050234
1529190416 , 10.19389956991377
1529190428 , 12.12362005031032
1529190444 , 13.650622515543434
1529190468 , 1.2972317208130917
1529190520 , 10.660053956177675
1529190522 , 11.660053956177675
1529190582 , 1.931362120134306
1529190639 , 9.590272075974926
