2018-05-28 11:49:05,040 ---------------------------------------------------------
2018-05-28 11:49:05,041 MINING state
2018-05-28 11:49:06,069 start mining - depth 0
2018-05-28 11:49:06,070 start mining - hash 0e8dd56e8af7bee6f7c0398466f8c299f6297be04e948ef1f9c86ba68613e9bb
2018-05-28 11:49:06,327 RCV reinforcement info
2018-05-28 11:49:06,331 , 0.1691740142523024
2018-05-28 11:49:06,343 RCV reinforcement info
2018-05-28 11:49:06,346 , 0.3158906263339057
2018-05-28 11:49:06,749 RF found but not transmitted
2018-05-28 11:49:06,751 RF found
2018-05-28 11:49:06,752 SNT reinforcement_information
2018-05-28 11:49:07,519 RCV reinforcement info
2018-05-28 11:49:07,522 , 0.5491394364936831
2018-05-28 11:49:07,745 RCV reinforcement info
2018-05-28 11:49:07,748 , 0.9994788575002228
2018-05-28 11:49:11,163 RF found but not transmitted
2018-05-28 11:49:11,165 RF found
2018-05-28 11:49:11,166 SNT reinforcement_information
2018-05-28 11:49:11,293 RCV reinforcement info
2018-05-28 11:49:11,298 , 1.5789923739121827
2018-05-28 11:49:12,943 RCV reinforcement info
2018-05-28 11:49:12,947 , 1.8713665407342286
2018-05-28 11:49:13,749 RCV reinforcement info
2018-05-28 11:49:13,753 , 1.93573000551999
2018-05-28 11:49:14,083 RCV reinforcement info
2018-05-28 11:49:14,087 , 2.0687781048983487
2018-05-28 11:49:14,937 RF found but not transmitted
2018-05-28 11:49:14,939 RF found
2018-05-28 11:49:14,941 SNT reinforcement_information
2018-05-28 11:49:15,825 RF found but not transmitted
2018-05-28 11:49:15,827 RF found
2018-05-28 11:49:15,829 SNT reinforcement_information
2018-05-28 11:49:16,637 RF found but not transmitted
2018-05-28 11:49:16,638 RF found
2018-05-28 11:49:16,640 SNT reinforcement_information
2018-05-28 11:49:17,331 RF found but not transmitted
2018-05-28 11:49:17,333 RF found
2018-05-28 11:49:17,334 SNT reinforcement_information
2018-05-28 11:49:17,584 RCV reinforcement info
2018-05-28 11:49:17,588 , 2.687604726437697
2018-05-28 11:49:19,175 RCV reinforcement info
2018-05-28 11:49:19,178 , 2.7574959553921756
2018-05-28 11:49:20,253 RF found but not transmitted
2018-05-28 11:49:20,254 RF found
2018-05-28 11:49:20,255 SNT reinforcement_information
2018-05-28 11:49:21,616 RCV reinforcement info
2018-05-28 11:49:21,620 , 3.1493480370548634
2018-05-28 11:49:25,218 RCV reinforcement info
2018-05-28 11:49:25,222 , 3.283338045320899
2018-05-28 11:49:28,799 RCV reinforcement info
2018-05-28 11:49:28,803 , 3.3613018040974136
2018-05-28 11:49:29,577 RCV reinforcement info
2018-05-28 11:49:29,581 , 3.499464751123903
2018-05-28 11:49:30,348 RCV reinforcement info
2018-05-28 11:49:30,352 , 3.574029535676626
2018-05-28 11:49:31,940 RCV reinforcement info
2018-05-28 11:49:31,944 , 3.7399510088038213
2018-05-28 11:49:35,700 RF found but not transmitted
2018-05-28 11:49:35,701 RF found
2018-05-28 11:49:35,703 SNT reinforcement_information
2018-05-28 11:49:36,772 RCV reinforcement info
2018-05-28 11:49:36,774 , 3.9761971023368443
2018-05-28 11:49:36,819 RCV reinforcement info
2018-05-28 11:49:36,822 , 4.04181484893618
2018-05-28 11:49:38,263 RCV reinforcement info
2018-05-28 11:49:38,265 , 4.145418557073149
2018-05-28 11:49:38,669 RCV reinforcement info
2018-05-28 11:49:38,673 , 4.669502498791408
2018-05-28 11:49:39,514 RCV proposal
2018-05-28 11:49:39,516 appended honest propose 832b2e19d3 on top of 0e8dd56e8a
2018-05-28 11:49:39,517 REINFORCEMENT SENT state
2018-05-28 11:49:39,517 RFs > 0 
2018-05-28 11:49:39,519 SNT reinforcement
2018-05-28 11:49:39,621 RCV reinforcement
2018-05-28 11:49:39,625 RCV reinforcement
2018-05-28 11:49:40,188 RF found but not transmitted
2018-05-28 11:49:40,193 SNT reinforcement_information
2018-05-28 11:49:40,255 SNT reinforcement
2018-05-28 11:49:40,929 RCV reinforcement info
2018-05-28 11:49:40,934 , 4.929039380670298
2018-05-28 11:49:40,997 RCV reinforcement
2018-05-28 11:49:41,149 RCV commit
2018-05-28 11:49:41,268 appended honest commit 635eb875f4 on top of 832b2e19d3
2018-05-28 11:49:41,363 Weight: 5.786201327339766 #RFs 29
2018-05-28 11:49:41,363 weight: 5.786201327339766
2018-05-28 11:49:41,364 , 5.786201327339766
2018-05-28 11:49:41,364 MINING state
2018-05-28 11:49:41,365 start mining - depth 1
2018-05-28 11:49:41,365 start mining - hash 635eb875f4abe364125a67864bb2a86c1fb5d04049166406349f2cfd70cbd951
2018-05-28 11:49:41,382 RCV reinforcement info
2018-05-28 11:49:41,391 RCV reinforcement
2018-05-28 11:49:41,637 RCV reinforcement info
2018-05-28 11:49:41,641 , 5.985333517590877
2018-05-28 11:49:41,739 RCV reinforcement info
2018-05-28 11:49:41,743 , 6.18156530193942
2018-05-28 11:49:43,892 RCV reinforcement info
2018-05-28 11:49:43,896 , 6.251473430459315
2018-05-28 11:49:45,398 RCV reinforcement info
2018-05-28 11:49:45,403 , 6.3468647367457685
2018-05-28 11:49:45,976 RCV proposal
2018-05-28 11:49:45,980 appended honest propose e51c11a0a8 on top of 635eb875f4
2018-05-28 11:49:45,981 REINFORCEMENT SENT state
2018-05-28 11:49:46,045 RCV reinforcement
2018-05-28 11:49:47,499 RCV commit
2018-05-28 11:49:47,513 appended honest commit 11506ab4d4 on top of e51c11a0a8
2018-05-28 11:49:47,521 Weight: 7.3468647367457685 #RFs 4
2018-05-28 11:49:47,521 weight: 7.3468647367457685
2018-05-28 11:49:47,522 , 7.3468647367457685
2018-05-28 11:49:47,540 MINING state
2018-05-28 11:49:47,541 start mining - depth 2
2018-05-28 11:49:47,541 start mining - hash 11506ab4d42c3b454acec40f9b8452954aceda4248380c24ab53ba44b1628c06
2018-05-28 11:49:47,745 RF found but not transmitted
2018-05-28 11:49:47,749 RF found
2018-05-28 11:49:47,750 SNT reinforcement_information
2018-05-28 11:49:51,274 RCV reinforcement info
2018-05-28 11:49:51,278 , 7.528039314310057
2018-05-28 11:49:51,935 RF found but not transmitted
2018-05-28 11:49:51,937 RF found
2018-05-28 11:49:51,940 SNT reinforcement_information
2018-05-28 11:49:54,364 RCV reinforcement info
2018-05-28 11:49:54,368 , 7.988838533749516
2018-05-28 11:49:55,843 RF found but not transmitted
2018-05-28 11:49:55,845 RF found
2018-05-28 11:49:55,846 SNT reinforcement_information
2018-05-28 11:49:57,788 RCV reinforcement info
2018-05-28 11:49:57,792 , 8.208494830210572
2018-05-28 11:49:58,613 RCV reinforcement info
2018-05-28 11:49:58,617 , 8.344316695253655
2018-05-28 11:49:59,150 RCV reinforcement info
2018-05-28 11:49:59,155 , 8.44232458057762
2018-05-28 11:50:01,087 RF found but not transmitted
2018-05-28 11:50:01,090 hash found
2018-05-28 11:50:01,094 appended honest propose 05086bb2be on top of 11506ab4d4
2018-05-28 11:50:01,094 REINFORCEMENT COLLECTING state
2018-05-28 11:50:01,155 SNT proposal
2018-05-28 11:50:01,287 RCV reinforcement
2018-05-28 11:50:01,297 RCV reinforcement
2018-05-28 11:50:02,449 RCV reinforcement info
2018-05-28 11:50:02,453 , 9.414264186282928
2018-05-28 11:50:02,507 RCV reinforcement
2018-05-28 11:50:02,575 RCV reinforcement info
2018-05-28 11:50:02,579 , 9.603127282637804
2018-05-28 11:50:02,633 RCV reinforcement
2018-05-28 11:50:02,661 commit with 3 reinforcements
2018-05-28 11:50:02,679 appended honest commit fe408e1a91 on top of 05086bb2be
2018-05-28 11:50:02,695 Weight: 10.603127282637804 #RFs 10
2018-05-28 11:50:02,695 weight: 10.603127282637804
2018-05-28 11:50:02,696 , 10.603127282637804
2018-05-28 11:50:02,696 MINING state
2018-05-28 11:50:02,696 start mining - depth 3
2018-05-28 11:50:02,696 start mining - hash fe408e1a91d75f80358533828bdb08e0c833dbb52a76f50db501c57c1e1d6861
2018-05-28 11:50:02,697 SNT commit
2018-05-28 11:50:05,265 RF found but not transmitted
2018-05-28 11:50:05,827 RF found but not transmitted
2018-05-28 11:50:10,749 RCV reinforcement info
2018-05-28 11:50:10,754 , 10.810439553673616
2018-05-28 11:50:12,530 RF found but not transmitted
2018-05-28 11:50:12,532 RF found
2018-05-28 11:50:12,534 SNT reinforcement_information
2018-05-28 11:50:15,315 RCV proposal
2018-05-28 11:50:15,319 appended honest propose 8ec2b3e5b8 on top of fe408e1a91
2018-05-28 11:50:15,319 REINFORCEMENT SENT state
2018-05-28 11:50:15,320 RFs > 0 
2018-05-28 11:50:15,321 SNT reinforcement
2018-05-28 11:50:15,451 RCV reinforcement
2018-05-28 11:50:15,604 RCV reinforcement info
2018-05-28 11:50:15,609 , 11.220532345680699
2018-05-28 11:50:15,672 RCV reinforcement
2018-05-28 11:50:16,843 RCV commit
2018-05-28 11:50:16,857 appended honest commit e45f78dbcd on top of 8ec2b3e5b8
2018-05-28 11:50:16,869 Weight: 12.220532345680699 #RFs 3
2018-05-28 11:50:16,869 weight: 12.220532345680699
2018-05-28 11:50:16,869 , 12.220532345680699
2018-05-28 11:50:16,870 MINING state
2018-05-28 11:50:16,870 start mining - depth 4
2018-05-28 11:50:16,871 start mining - hash e45f78dbcd0c200f94e4e4e5ad88ce62b16bf9b6e3b18247f002f6b62e7f2ce8
2018-05-28 11:50:16,872 Hashing frequency: 4667
2018-05-28 11:50:16,996 RCV proposal
2018-05-28 11:50:16,999 appended malicious propose 76eedcd9cf on top of fe408e1a91
2018-05-28 11:50:17,068 RCV reinforcement
2018-05-28 11:50:17,072 RCV reinforcement
2018-05-28 11:50:17,580 RCV reinforcement info
2018-05-28 11:50:17,585 , 12.289723331748037
2018-05-28 11:50:17,961 RCV reinforcement info
2018-05-28 11:50:17,965 , 12.407386191411987
2018-05-28 11:50:18,284 RCV reinforcement
2018-05-28 11:50:18,530 RCV commit
2018-05-28 11:50:18,544 appended malicious commit 6f874fd1a0 on top of 76eedcd9cf
2018-05-28 11:50:18,557 Weight: 12.875882762086837 #RFs 5
2018-05-28 11:50:18,557 weight: 12.875882762086837
2018-05-28 11:50:18,557 , 12.875882762086837
2018-05-28 11:50:18,878 RF found but not transmitted
2018-05-28 11:50:19,634 RCV reinforcement info
2018-05-28 11:50:19,638 , 12.511270131677227
2018-05-28 11:50:20,038 RCV reinforcement info
2018-05-28 11:50:20,042 , 12.586083256054927
2018-05-28 11:50:20,293 RCV reinforcement info
2018-05-28 11:50:20,297 , 12.652398010671497
2018-05-28 11:50:20,698 RCV reinforcement info
2018-05-28 11:50:20,702 , 12.865677344364023
2018-05-28 11:50:21,079 RCV reinforcement info
2018-05-28 11:50:21,084 , 12.932478942600389
2018-05-28 11:50:21,647 RCV reinforcement info
2018-05-28 11:50:21,651 , 13.00471046123332
2018-05-28 11:50:22,349 RCV reinforcement info
2018-05-28 11:50:22,353 , 13.190465192946313
2018-05-28 11:50:22,486 RCV reinforcement info
2018-05-28 11:50:22,490 , 13.364645883455605
2018-05-28 11:50:23,017 RF found but not transmitted
2018-05-28 11:50:23,095 RCV reinforcement info
2018-05-28 11:50:23,099 , 13.44860808668244
2018-05-28 11:50:25,691 RCV reinforcement info
2018-05-28 11:50:25,695 , 13.610825684111852
2018-05-28 11:50:25,736 RF found but not transmitted
2018-05-28 11:50:25,738 RF found
2018-05-28 11:50:25,740 SNT reinforcement_information
2018-05-28 11:50:25,947 RCV reinforcement info
2018-05-28 11:50:25,950 , 13.754372165759722
2018-05-28 11:50:26,017 RCV reinforcement info
2018-05-28 11:50:26,021 , 13.871949842488092
2018-05-28 11:50:26,385 RCV reinforcement info
2018-05-28 11:50:26,389 , 13.94751757299365
2018-05-28 11:50:26,611 RCV reinforcement info
2018-05-28 11:50:26,616 , 14.084897773414273
2018-05-28 11:50:27,512 RF found but not transmitted
2018-05-28 11:50:27,662 RF found but not transmitted
2018-05-28 11:50:28,472 RCV reinforcement info
2018-05-28 11:50:28,476 , 14.153997449062734
2018-05-28 11:50:32,693 RCV reinforcement info
2018-05-28 11:50:32,698 , 14.3392541269242
2018-05-28 11:50:32,776 RCV reinforcement info
2018-05-28 11:50:32,780 , 14.445559943675377
2018-05-28 11:50:33,506 RF found but not transmitted
2018-05-28 11:50:34,064 RCV reinforcement info
2018-05-28 11:50:34,068 , 15.224587791968181
2018-05-28 11:50:34,097 RCV reinforcement info
2018-05-28 11:50:34,100 , 15.287812716099754
2018-05-28 11:50:34,856 RF found but not transmitted
2018-05-28 11:50:34,857 RF found
2018-05-28 11:50:34,858 SNT reinforcement_information
2018-05-28 11:50:35,430 RF found but not transmitted
2018-05-28 11:50:35,522 RF found but not transmitted
2018-05-28 11:50:35,525 RF found
2018-05-28 11:50:35,526 SNT reinforcement_information
2018-05-28 11:50:35,658 RCV reinforcement info
2018-05-28 11:50:35,662 , 15.673758201955163
2018-05-28 11:50:36,588 RCV reinforcement info
2018-05-28 11:50:36,592 , 15.741188906361671
2018-05-28 11:50:37,253 RF found but not transmitted
2018-05-28 11:50:37,778 RF found but not transmitted
2018-05-28 11:50:40,756 RCV reinforcement info
2018-05-28 11:50:40,760 , 16.05669960654397
2018-05-28 11:50:44,696 RCV reinforcement info
2018-05-28 11:50:44,700 , 16.12911358682749
2018-05-28 11:50:46,378 RCV proposal
2018-05-28 11:50:46,381 appended malicious propose c1b6c9cc1d on top of 6f874fd1a0
2018-05-28 11:50:46,456 RCV reinforcement
2018-05-28 11:50:46,466 RCV reinforcement
2018-05-28 11:50:46,568 RCV reinforcement
2018-05-28 11:50:47,176 RCV reinforcement info
2018-05-28 11:50:47,180 , 16.83784347621308
2018-05-28 11:50:47,936 RCV reinforcement
2018-05-28 11:50:47,948 RCV commit
2018-05-28 11:50:47,988 appended malicious commit a19bc7c686 on top of c1b6c9cc1d
2018-05-28 11:50:48,034 Weight: 16.118404661229313 #RFs 13
2018-05-28 11:50:48,034 weight: 16.118404661229313
2018-05-28 11:50:48,034 , 16.118404661229313
2018-05-28 11:50:48,075 RF found but not transmitted
2018-05-28 11:50:48,077 RF found
2018-05-28 11:50:48,078 SNT reinforcement_information
2018-05-28 11:50:49,099 RCV reinforcement info
2018-05-28 11:50:49,103 , 17.519694484323153
2018-05-28 11:50:49,272 RCV reinforcement info
2018-05-28 11:50:49,276 , 17.865016415921428
2018-05-28 11:50:50,164 RCV reinforcement info
2018-05-28 11:50:50,168 , 18.068291585480203
2018-05-28 11:50:53,071 RF found but not transmitted
2018-05-28 11:50:53,074 RF found
2018-05-28 11:50:53,076 SNT reinforcement_information
2018-05-28 11:50:54,132 RCV reinforcement info
2018-05-28 11:50:54,136 , 18.609365530789574
2018-05-28 11:50:54,247 RCV reinforcement info
2018-05-28 11:50:54,251 , 18.69916126695744
2018-05-28 11:50:54,379 RCV reinforcement info
2018-05-28 11:50:54,382 , 18.957601100319067
2018-05-28 11:50:55,183 RCV reinforcement info
2018-05-28 11:50:55,188 , 19.473647185812077
2018-05-28 11:50:55,618 RCV reinforcement info
2018-05-28 11:50:55,621 , 19.66662750648167
2018-05-28 11:50:57,139 RF found but not transmitted
2018-05-28 11:50:57,140 hash found
2018-05-28 11:50:57,144 appended honest propose d438664b16 on top of e45f78dbcd
2018-05-28 11:50:57,144 REINFORCEMENT COLLECTING state
2018-05-28 11:50:57,205 SNT proposal
2018-05-28 11:50:57,387 RCV reinforcement
2018-05-28 11:50:57,416 RCV reinforcement
2018-05-28 11:50:57,439 RCV reinforcement
2018-05-28 11:50:58,712 commit with 4 reinforcements
2018-05-28 11:50:58,780 appended honest commit 9f791c685e on top of d438664b16
2018-05-28 11:50:58,828 Weight: 20.666627506481674 #RFs 39
2018-05-28 11:50:58,828 weight: 20.666627506481674
2018-05-28 11:50:58,828 , 20.666627506481674
2018-05-28 11:50:58,831 MINING state
2018-05-28 11:50:58,831 start mining - depth 5
2018-05-28 11:50:58,832 start mining - hash 9f791c685e6245c05bed658f5bb615098a03203c951642faaeb71820fa01a594
2018-05-28 11:50:58,833 SNT commit
2018-05-28 11:50:59,278 RF found but not transmitted
2018-05-28 11:50:59,464 RF found but not transmitted
2018-05-28 11:51:00,885 RF found but not transmitted
2018-05-28 11:51:00,886 RF found but not transmitted
2018-05-28 11:51:00,888 RF found
2018-05-28 11:51:00,890 SNT reinforcement_information
2018-05-28 11:51:01,122 RCV reinforcement info
2018-05-28 11:51:01,126 , 20.970395435665086
2018-05-28 11:51:01,410 RF found but not transmitted
2018-05-28 11:51:01,431 RCV reinforcement info
2018-05-28 11:51:01,436 , 21.041501204298026
2018-05-28 11:51:02,154 RF found but not transmitted
2018-05-28 11:51:02,554 RF found but not transmitted
2018-05-28 11:51:03,190 RCV reinforcement info
2018-05-28 11:51:03,196 , 21.108809616290266
2018-05-28 11:51:04,742 RCV reinforcement info
2018-05-28 11:51:04,745 , 21.22658311601372
2018-05-28 11:51:04,996 RCV reinforcement info
2018-05-28 11:51:05,001 , 21.37285219069272
2018-05-28 11:51:06,510 RCV reinforcement info
2018-05-28 11:51:06,514 , 21.70852228143722
2018-05-28 11:51:08,452 RF found but not transmitted
2018-05-28 11:51:09,852 RCV reinforcement info
2018-05-28 11:51:09,856 , 21.913981692760796
2018-05-28 11:51:10,984 RF found but not transmitted
2018-05-28 11:51:11,154 RF found but not transmitted
2018-05-28 11:51:11,375 RF found but not transmitted
2018-05-28 11:51:11,378 RF found but not transmitted
2018-05-28 11:51:11,950 RF found but not transmitted
2018-05-28 11:51:11,952 RF found
2018-05-28 11:51:11,954 SNT reinforcement_information
2018-05-28 11:51:12,327 RF found but not transmitted
2018-05-28 11:51:12,676 RCV reinforcement info
2018-05-28 11:51:12,680 , 22.193532177913717
2018-05-28 11:51:12,880 RF found but not transmitted
2018-05-28 11:51:12,882 RF found
2018-05-28 11:51:12,885 SNT reinforcement_information
2018-05-28 11:51:14,295 RCV proposal
2018-05-28 11:51:14,299 appended honest propose 5111b700cf on top of 9f791c685e
2018-05-28 11:51:14,300 REINFORCEMENT SENT state
2018-05-28 11:51:14,300 RFs > 0 
2018-05-28 11:51:14,301 SNT reinforcement
2018-05-28 11:51:14,421 RCV reinforcement
2018-05-28 11:51:14,427 RCV reinforcement info
2018-05-28 11:51:14,433 , 22.74594815971386
2018-05-28 11:51:14,494 RCV reinforcement
2018-05-28 11:51:15,205 RF found but not transmitted
2018-05-28 11:51:15,213 RF found but not transmitted
2018-05-28 11:51:15,213 SNT reinforcement_information
2018-05-28 11:51:15,289 SNT reinforcement
2018-05-28 11:51:15,875 RCV commit
2018-05-28 11:51:15,938 appended honest commit d5aecff3e1 on top of 5111b700cf
2018-05-28 11:51:15,972 Weight: 23.976676890784496 #RFs 13
2018-05-28 11:51:15,973 weight: 23.976676890784496
2018-05-28 11:51:15,973 , 23.976676890784496
2018-05-28 11:51:15,973 MINING state
2018-05-28 11:51:15,973 start mining - depth 6
2018-05-28 11:51:15,974 start mining - hash d5aecff3e1d2b71b9c090bdf67912e16584eb33d3b40c988cf0c4833d9755916
2018-05-28 11:51:16,033 RF found but not transmitted
2018-05-28 11:51:18,562 RCV reinforcement info
2018-05-28 11:51:18,565 , 24.162713947432007
2018-05-28 11:51:18,613 RCV reinforcement info
2018-05-28 11:51:18,619 , 24.247004589139955
2018-05-28 11:51:19,946 RF found but not transmitted
2018-05-28 11:51:20,066 RF found but not transmitted
2018-05-28 11:51:20,582 RCV reinforcement info
2018-05-28 11:51:20,587 , 24.340122686613157
2018-05-28 11:51:21,684 RF found but not transmitted
2018-05-28 11:51:21,802 RF found but not transmitted
2018-05-28 11:51:21,805 RF found
2018-05-28 11:51:21,807 SNT reinforcement_information
2018-05-28 11:51:22,178 RF found but not transmitted
2018-05-28 11:51:22,179 RF found
2018-05-28 11:51:22,181 SNT reinforcement_information
2018-05-28 11:51:23,671 RF found but not transmitted
2018-05-28 11:51:24,441 RCV reinforcement info
2018-05-28 11:51:24,446 , 24.731033309412503
2018-05-28 11:51:24,784 RF found but not transmitted
2018-05-28 11:51:26,057 RF found but not transmitted
2018-05-28 11:51:26,386 RF found but not transmitted
2018-05-28 11:51:26,506 RCV proposal
2018-05-28 11:51:26,509 appended honest propose b8132bdebf on top of d5aecff3e1
2018-05-28 11:51:26,510 REINFORCEMENT SENT state
2018-05-28 11:51:26,510 RFs > 0 
2018-05-28 11:51:26,512 SNT reinforcement
2018-05-28 11:51:26,594 RCV reinforcement
2018-05-28 11:51:27,219 RCV reinforcement info
2018-05-28 11:51:27,224 , 24.862284497410194
2018-05-28 11:51:27,306 RCV reinforcement
2018-05-28 11:51:28,030 RCV commit
2018-05-28 11:51:28,064 appended honest commit 4761f2eb91 on top of b8132bdebf
2018-05-28 11:51:28,078 Weight: 25.862284497410194 #RFs 7
2018-05-28 11:51:28,079 weight: 25.862284497410194
2018-05-28 11:51:28,080 , 25.862284497410194
2018-05-28 11:51:28,081 MINING state
2018-05-28 11:51:28,081 start mining - depth 7
2018-05-28 11:51:28,081 start mining - hash 4761f2eb9123747bd37402f16aa55528be23f8e74f64389eba6b5a02a4b1a366
2018-05-28 11:51:28,082 Hashing frequency: 9354
2018-05-28 11:51:28,238 RCV proposal
2018-05-28 11:51:28,241 appended honest propose 9f4f73ecf9 on top of 4761f2eb91
2018-05-28 11:51:28,241 REINFORCEMENT SENT state
2018-05-28 11:51:28,783 RCV reinforcement info
2018-05-28 11:51:28,787 , 25.96526496199362
2018-05-28 11:51:28,862 RCV reinforcement
2018-05-28 11:51:29,762 RCV commit
2018-05-28 11:51:29,770 appended honest commit 6fcefcae4a on top of 9f4f73ecf9
2018-05-28 11:51:29,772 Weight: 26.96526496199362 #RFs 1
2018-05-28 11:51:29,773 weight: 26.96526496199362
2018-05-28 11:51:29,773 , 26.96526496199362
2018-05-28 11:51:29,773 MINING state
2018-05-28 11:51:29,773 start mining - depth 8
2018-05-28 11:51:29,773 start mining - hash 6fcefcae4ab9f24469a689b344d97f2429b047197d2c5424222ed201b1f87d07
2018-05-28 11:51:29,783 RCV reinforcement info
2018-05-28 11:51:29,841 RCV reinforcement
2018-05-28 11:51:31,711 RF found but not transmitted
2018-05-28 11:51:31,714 RF found
2018-05-28 11:51:31,716 SNT reinforcement_information
2018-05-28 11:51:32,449 RCV reinforcement info
2018-05-28 11:51:32,453 , 27.21492628371505
2018-05-28 11:51:33,032 RCV reinforcement info
2018-05-28 11:51:33,035 , 27.31647800376927
2018-05-28 11:51:35,333 RF found but not transmitted
2018-05-28 11:51:35,521 RF found but not transmitted
2018-05-28 11:51:35,523 RF found
2018-05-28 11:51:35,525 SNT reinforcement_information
2018-05-28 11:51:37,187 RF found but not transmitted
2018-05-28 11:51:37,351 RCV reinforcement info
2018-05-28 11:51:37,355 , 27.976436705602147
2018-05-28 11:51:37,898 RF found but not transmitted
2018-05-28 11:51:39,858 RF found but not transmitted
2018-05-28 11:51:40,118 RF found but not transmitted
2018-05-28 11:51:40,774 RCV reinforcement info
2018-05-28 11:51:40,779 , 28.04694647197359
2018-05-28 11:51:41,069 RF found but not transmitted
2018-05-28 11:51:41,185 RCV reinforcement info
2018-05-28 11:51:41,189 , 28.14073295271894
2018-05-28 11:51:41,528 RCV reinforcement info
2018-05-28 11:51:41,532 , 28.27488615148487
2018-05-28 11:51:41,757 RCV reinforcement info
2018-05-28 11:51:41,761 , 28.516006014517558
2018-05-28 11:51:42,688 RF found but not transmitted
2018-05-28 11:51:42,689 RF found
2018-05-28 11:51:42,691 SNT reinforcement_information
2018-05-28 11:51:43,098 RCV reinforcement info
2018-05-28 11:51:43,102 , 28.804388819612708
2018-05-28 11:51:43,126 RF found but not transmitted
2018-05-28 11:51:43,442 RF found but not transmitted
2018-05-28 11:51:43,593 RCV reinforcement info
2018-05-28 11:51:43,597 , 28.942987507448244
2018-05-28 11:51:43,764 RF found but not transmitted
2018-05-28 11:51:45,173 RCV reinforcement info
2018-05-28 11:51:45,177 , 29.037951630658604
2018-05-28 11:51:46,312 RF found but not transmitted
2018-05-28 11:51:47,057 RF found but not transmitted
2018-05-28 11:51:47,059 RF found
2018-05-28 11:51:47,060 SNT reinforcement_information
2018-05-28 11:51:47,587 RCV reinforcement info
2018-05-28 11:51:47,590 , 29.425107669787007
2018-05-28 11:51:48,507 RF found but not transmitted
2018-05-28 11:51:48,509 RF found
2018-05-28 11:51:48,510 SNT reinforcement_information
2018-05-28 11:51:50,114 RF found but not transmitted
2018-05-28 11:51:50,115 RF found
2018-05-28 11:51:50,116 SNT reinforcement_information
2018-05-28 11:51:50,257 RCV reinforcement info
2018-05-28 11:51:50,262 , 29.693923829068016
2018-05-28 11:51:50,862 RF found but not transmitted
2018-05-28 11:51:51,310 RF found but not transmitted
2018-05-28 11:51:51,312 RF found
2018-05-28 11:51:51,313 SNT reinforcement_information
2018-05-28 11:51:52,059 RF found but not transmitted
2018-05-28 11:51:52,360 RF found but not transmitted
2018-05-28 11:51:53,008 RCV reinforcement info
2018-05-28 11:51:53,013 , 30.422284134823897
2018-05-28 11:51:53,572 RCV reinforcement info
2018-05-28 11:51:53,575 , 30.665484254661205
2018-05-28 11:51:53,645 RCV reinforcement info
2018-05-28 11:51:53,650 , 30.750879914308967
2018-05-28 11:51:53,708 RF found but not transmitted
2018-05-28 11:51:53,709 hash found
2018-05-28 11:51:53,712 appended honest propose 501a0e2919 on top of 6fcefcae4a
2018-05-28 11:51:53,712 REINFORCEMENT COLLECTING state
2018-05-28 11:51:53,779 SNT proposal
2018-05-28 11:51:53,949 RCV reinforcement
2018-05-28 11:51:53,967 RCV reinforcement
2018-05-28 11:51:53,984 RCV reinforcement
2018-05-28 11:51:55,283 commit with 4 reinforcements
2018-05-28 11:51:55,316 appended honest commit f3cbe724eb on top of 501a0e2919
2018-05-28 11:51:55,355 Weight: 31.750879914308967 #RFs 22
2018-05-28 11:51:55,355 weight: 31.750879914308967
2018-05-28 11:51:55,355 , 31.750879914308967
2018-05-28 11:51:55,356 MINING state
2018-05-28 11:51:55,356 start mining - depth 9
2018-05-28 11:51:55,356 start mining - hash f3cbe724eb25b89fc0cb42697d988470d5ec0e40d1175b430a716153b24a2818
2018-05-28 11:51:55,357 SNT commit
2018-05-28 11:51:55,433 RF found but not transmitted
2018-05-28 11:51:55,497 RCV reinforcement info
2018-05-28 11:51:55,548 RF found but not transmitted
2018-05-28 11:51:55,619 RCV reinforcement
2018-05-28 11:51:55,634 RF found but not transmitted
2018-05-28 11:51:55,973 RCV reinforcement info
2018-05-28 11:51:55,978 , 31.834328866606267
2018-05-28 11:51:56,025 RF found but not transmitted
2018-05-28 11:51:56,177 RCV reinforcement info
2018-05-28 11:51:56,181 , 32.741371063567286
2018-05-28 11:51:56,269 RCV reinforcement info
2018-05-28 11:51:56,274 , 32.82097242163759
2018-05-28 11:51:57,138 RF found but not transmitted
2018-05-28 11:51:57,406 RCV reinforcement info
2018-05-28 11:51:57,410 , 32.91048998192619
2018-05-28 11:52:01,933 RCV reinforcement info
2018-05-28 11:52:01,938 , 33.18458463830137
2018-05-28 11:52:02,987 RF found but not transmitted
2018-05-28 11:52:02,990 RF found
2018-05-28 11:52:02,994 SNT reinforcement_information
2018-05-28 11:52:03,380 RF found but not transmitted
2018-05-28 11:52:05,088 RF found but not transmitted
2018-05-28 11:52:07,365 RF found but not transmitted
2018-05-28 11:52:07,417 RCV reinforcement info
2018-05-28 11:52:07,422 , 33.35417324596278
2018-05-28 11:52:07,456 RF found but not transmitted
2018-05-28 11:52:07,536 RF found but not transmitted
2018-05-28 11:52:08,256 RCV reinforcement info
2018-05-28 11:52:08,261 , 33.43731746319924
2018-05-28 11:52:08,443 RCV reinforcement info
2018-05-28 11:52:08,448 , 33.65004630502683
2018-05-28 11:52:10,372 RCV reinforcement info
2018-05-28 11:52:10,377 , 33.80891825651511
2018-05-28 11:52:11,036 RCV proposal
2018-05-28 11:52:11,040 appended honest propose fa7295ce9a on top of f3cbe724eb
2018-05-28 11:52:11,040 REINFORCEMENT SENT state
2018-05-28 11:52:11,040 RFs > 0 
2018-05-28 11:52:11,044 SNT reinforcement
2018-05-28 11:52:11,141 RCV reinforcement
2018-05-28 11:52:11,156 RCV reinforcement
2018-05-28 11:52:11,872 RCV reinforcement info
2018-05-28 11:52:11,877 , 33.972204873496445
2018-05-28 11:52:11,945 RCV reinforcement
2018-05-28 11:52:12,243 RCV reinforcement info
2018-05-28 11:52:12,248 , 34.11180049684487
2018-05-28 11:52:12,311 RCV reinforcement
2018-05-28 11:52:12,578 RF found but not transmitted
2018-05-28 11:52:12,582 SNT reinforcement_information
2018-05-28 11:52:12,710 SNT reinforcement
2018-05-28 11:52:12,785 RF found but not transmitted
2018-05-28 11:52:12,787 RCV commit
2018-05-28 11:52:12,808 appended honest commit 1a98e5c65b on top of fa7295ce9a
2018-05-28 11:52:12,839 Weight: 35.11180049684487 #RFs 12
2018-05-28 11:52:12,839 weight: 35.11180049684487
2018-05-28 11:52:12,839 , 35.11180049684487
2018-05-28 11:52:12,841 MINING state
2018-05-28 11:52:12,841 start mining - depth 10
2018-05-28 11:52:12,841 start mining - hash 1a98e5c65b9a3b5b2772b867aff1b4a814f0f1dc7aac8244216001c8395eaa84
2018-05-28 11:52:13,320 RF found but not transmitted
2018-05-28 11:52:13,383 RF found but not transmitted
2018-05-28 11:52:13,685 RCV reinforcement info
2018-05-28 11:52:13,690 , 35.226923787874604
2018-05-28 11:52:13,718 RF found but not transmitted
2018-05-28 11:52:13,720 RF found
2018-05-28 11:52:13,723 SNT reinforcement_information
2018-05-28 11:52:14,367 RF found but not transmitted
2018-05-28 11:52:14,439 RF found but not transmitted
2018-05-28 11:52:14,634 RF found but not transmitted
2018-05-28 11:52:14,638 RF found
2018-05-28 11:52:14,640 SNT reinforcement_information
2018-05-28 11:52:15,477 RF found but not transmitted
2018-05-28 11:52:16,315 RF found but not transmitted
2018-05-28 11:52:16,820 RF found but not transmitted
2018-05-28 11:52:17,471 RCV reinforcement info
2018-05-28 11:52:17,477 , 35.688360321858866
2018-05-28 11:52:17,714 RCV reinforcement info
2018-05-28 11:52:17,718 , 35.95326925866376
2018-05-28 11:52:18,907 RF found but not transmitted
2018-05-28 11:52:18,908 RF found
2018-05-28 11:52:18,909 SNT reinforcement_information
2018-05-28 11:52:18,984 RCV reinforcement info
2018-05-28 11:52:18,987 , 36.88608949447368
2018-05-28 11:52:19,439 RF found but not transmitted
2018-05-28 11:52:19,762 RCV reinforcement info
2018-05-28 11:52:19,767 , 36.98587605006651
2018-05-28 11:52:19,960 RCV reinforcement info
2018-05-28 11:52:19,964 , 37.537515637038595
2018-05-28 11:52:20,484 RCV reinforcement info
2018-05-28 11:52:20,489 , 37.60365173505084
2018-05-28 11:52:20,519 RF found but not transmitted
2018-05-28 11:52:20,898 RF found but not transmitted
2018-05-28 11:52:21,853 RCV reinforcement info
2018-05-28 11:52:21,858 , 37.713568786545025
2018-05-28 11:52:22,820 RF found but not transmitted
2018-05-28 11:52:22,824 RF found
2018-05-28 11:52:22,827 SNT reinforcement_information
2018-05-28 11:52:23,071 RF found but not transmitted
2018-05-28 11:52:23,231 RF found but not transmitted
2018-05-28 11:52:23,233 RF found
2018-05-28 11:52:23,235 SNT reinforcement_information
2018-05-28 11:52:24,302 RCV reinforcement info
2018-05-28 11:52:24,306 , 38.20322928338126
2018-05-28 11:52:24,462 RF found but not transmitted
2018-05-28 11:52:26,481 RCV proposal
2018-05-28 11:52:26,489 appended honest propose 85b22e967e on top of 1a98e5c65b
2018-05-28 11:52:26,492 REINFORCEMENT SENT state
2018-05-28 11:52:26,492 RFs > 0 
2018-05-28 11:52:26,493 SNT reinforcement
2018-05-28 11:52:26,607 RCV reinforcement
2018-05-28 11:52:26,625 RCV reinforcement
2018-05-28 11:52:26,749 RCV reinforcement info
2018-05-28 11:52:26,758 , 38.51027367141448
2018-05-28 11:52:26,840 RCV reinforcement
2018-05-28 11:52:27,025 RCV reinforcement info
2018-05-28 11:52:27,032 , 38.58021383976722
2018-05-28 11:52:27,103 RCV reinforcement
2018-05-28 11:52:28,000 RCV reinforcement info
2018-05-28 11:52:28,005 , 38.77220280785853
2018-05-28 11:52:28,086 RCV commit
2018-05-28 11:52:28,161 appended honest commit 25d0129034 on top of 85b22e967e
2018-05-28 11:52:28,217 Weight: 39.51027367141448 #RFs 15
2018-05-28 11:52:28,217 weight: 39.51027367141448
2018-05-28 11:52:28,217 , 39.51027367141448
2018-05-28 11:52:28,218 MINING state
2018-05-28 11:52:28,218 start mining - depth 11
2018-05-28 11:52:28,219 start mining - hash 25d01290341fc0af5d59513f6e39afaeefa5314e631d6e9dc5d7b4dd3b83c2ab
2018-05-28 11:52:28,219 Hashing frequency: 11530
2018-05-28 11:52:28,224 RCV reinforcement
2018-05-28 11:52:28,229 RF found but not transmitted
2018-05-28 11:52:28,453 RCV proposal
2018-05-28 11:52:28,460 appended malicious propose 261e0ecf79 on top of a19bc7c686
2018-05-28 11:52:28,535 RCV reinforcement
2018-05-28 11:52:28,544 RCV reinforcement
2018-05-28 11:52:29,781 RCV reinforcement info
2018-05-28 11:52:29,785 , 39.74540166649399
2018-05-28 11:52:30,138 RCV commit
2018-05-28 11:52:30,362 appended malicious commit aabf540341 on top of 261e0ecf79
2018-05-28 11:52:30,451 RF found but not transmitted
2018-05-28 11:52:30,572 Weight: 24.793470340474713 #RFs 54
2018-05-28 11:52:30,576 weight: 24.793470340474713
2018-05-28 11:52:30,578 , 24.793470340474713
2018-05-28 11:52:31,283 RCV reinforcement info
2018-05-28 11:52:31,288 , 39.9137312528814
2018-05-28 11:52:31,520 RF found but not transmitted
2018-05-28 11:52:31,526 RF found
2018-05-28 11:52:31,528 SNT reinforcement_information
2018-05-28 11:52:31,795 RCV reinforcement info
2018-05-28 11:52:31,802 , 40.70352378818096
2018-05-28 11:52:32,941 RCV reinforcement info
2018-05-28 11:52:32,945 , 40.855545681309685
2018-05-28 11:52:32,991 RF found but not transmitted
2018-05-28 11:52:32,992 RF found
2018-05-28 11:52:32,994 SNT reinforcement_information
2018-05-28 11:52:33,177 RF found but not transmitted
2018-05-28 11:52:33,178 RF found
2018-05-28 11:52:33,179 SNT reinforcement_information
2018-05-28 11:52:33,479 RCV reinforcement info
2018-05-28 11:52:33,484 , 41.15691566432107
2018-05-28 11:52:33,593 RCV reinforcement info
2018-05-28 11:52:33,597 , 41.289855591331126
2018-05-28 11:52:33,958 RCV reinforcement info
2018-05-28 11:52:33,962 , 41.44381987260366
2018-05-28 11:52:36,889 RCV reinforcement info
2018-05-28 11:52:36,896 , 41.52171153440075
2018-05-28 11:52:37,688 RCV reinforcement info
2018-05-28 11:52:37,692 , 41.67699741399203
2018-05-28 11:52:38,826 RF found but not transmitted
2018-05-28 11:52:38,828 RF found
2018-05-28 11:52:38,830 SNT reinforcement_information
2018-05-28 11:52:39,865 RCV reinforcement info
2018-05-28 11:52:39,871 , 41.878103666422355
2018-05-28 11:52:40,120 RF found but not transmitted
2018-05-28 11:52:40,255 RF found but not transmitted
2018-05-28 11:52:41,374 RCV reinforcement info
2018-05-28 11:52:41,379 , 41.97474390422764
2018-05-28 11:52:41,698 RF found but not transmitted
2018-05-28 11:52:41,700 RF found
2018-05-28 11:52:41,701 SNT reinforcement_information
2018-05-28 11:52:42,037 RF found but not transmitted
2018-05-28 11:52:42,046 RCV reinforcement info
2018-05-28 11:52:42,051 , 42.788737289151264
2018-05-28 11:52:42,337 RF found but not transmitted
2018-05-28 11:52:42,361 RCV proposal
2018-05-28 11:52:42,364 appended honest propose 1827a3d963 on top of 25d0129034
2018-05-28 11:52:42,365 REINFORCEMENT SENT state
2018-05-28 11:52:42,365 RFs > 0 
2018-05-28 11:52:42,366 SNT reinforcement
2018-05-28 11:52:42,464 RCV reinforcement
2018-05-28 11:52:42,473 RCV reinforcement
2018-05-28 11:52:42,934 RF found but not transmitted
2018-05-28 11:52:42,937 SNT reinforcement_information
2018-05-28 11:52:42,994 SNT reinforcement
2018-05-28 11:52:43,631 RCV reinforcement info
2018-05-28 11:52:43,635 , 43.273168749090246
2018-05-28 11:52:43,694 RCV reinforcement
2018-05-28 11:52:43,939 RCV commit
2018-05-28 11:52:44,022 appended honest commit bd72fd28ee on top of 1827a3d963
2018-05-28 11:52:44,106 Weight: 44.273168749090246 #RFs 19
2018-05-28 11:52:44,106 weight: 44.273168749090246
2018-05-28 11:52:44,106 , 44.273168749090246
2018-05-28 11:52:44,107 MINING state
2018-05-28 11:52:44,107 start mining - depth 12
2018-05-28 11:52:44,107 start mining - hash bd72fd28ee33aabcf289332e9cfb24e1e4058cf92c8c2c9a41cc52667ae09bbe
2018-05-28 11:52:44,168 RCV reinforcement info
2018-05-28 11:52:44,173 , 44.353332886346124
2018-05-28 11:52:44,814 RCV reinforcement info
2018-05-28 11:52:44,818 , 44.457247910396696
2018-05-28 11:52:45,987 RF found but not transmitted
2018-05-28 11:52:45,989 RF found
2018-05-28 11:52:45,990 SNT reinforcement_information
2018-05-28 11:52:47,108 RF found but not transmitted
2018-05-28 11:52:48,153 RCV reinforcement info
2018-05-28 11:52:48,158 , 44.7645632858672
2018-05-28 11:52:48,330 RF found but not transmitted
2018-05-28 11:52:48,822 RCV reinforcement info
2018-05-28 11:52:48,829 , 44.988620798742524
2018-05-28 11:52:51,600 RF found but not transmitted
2018-05-28 11:52:52,175 RCV reinforcement info
2018-05-28 11:52:52,180 , 45.06328296141745
2018-05-28 11:52:52,486 RF found but not transmitted
2018-05-28 11:52:52,488 RF found
2018-05-28 11:52:52,492 SNT reinforcement_information
2018-05-28 11:52:52,861 RF found but not transmitted
2018-05-28 11:52:53,026 RCV proposal
2018-05-28 11:52:53,029 appended honest propose c6102fa133 on top of bd72fd28ee
2018-05-28 11:52:53,030 REINFORCEMENT SENT state
2018-05-28 11:52:53,030 RFs > 0 
2018-05-28 11:52:53,031 SNT reinforcement
2018-05-28 11:52:53,037 RF found but not transmitted
2018-05-28 11:52:53,124 RCV reinforcement
2018-05-28 11:52:53,147 RCV reinforcement
2018-05-28 11:52:54,138 RCV reinforcement info
2018-05-28 11:52:54,144 , 45.34519861583577
2018-05-28 11:52:54,215 RCV reinforcement
2018-05-28 11:52:54,507 RCV reinforcement info
2018-05-28 11:52:54,519 , 45.96196966973759
2018-05-28 11:52:54,597 RCV reinforcement
2018-05-28 11:52:54,711 RCV commit
2018-05-28 11:52:54,764 appended honest commit 8757a46a92 on top of c6102fa133
2018-05-28 11:52:54,785 Weight: 46.34519861583577 #RFs 8
2018-05-28 11:52:54,785 weight: 46.34519861583577
2018-05-28 11:52:54,785 , 46.34519861583577
2018-05-28 11:52:54,786 MINING state
2018-05-28 11:52:54,786 start mining - depth 13
2018-05-28 11:52:54,786 start mining - hash 8757a46a923e90b4b98d7925ac9c75d5470ea506d536e8a4c9a378f50f63bed5
2018-05-28 11:52:55,361 RF found but not transmitted
2018-05-28 11:52:57,013 RCV reinforcement info
2018-05-28 11:52:57,018 , 46.68778842031955
2018-05-28 11:52:57,416 RCV reinforcement info
2018-05-28 11:52:57,420 , 47.237589841775254
2018-05-28 11:52:59,593 RCV reinforcement info
2018-05-28 11:52:59,598 , 47.328256131088565
2018-05-28 11:52:59,864 RF found but not transmitted
2018-05-28 11:52:59,865 RF found
2018-05-28 11:52:59,867 SNT reinforcement_information
2018-05-28 11:53:00,215 RF found but not transmitted
2018-05-28 11:53:00,708 RF found but not transmitted
2018-05-28 11:53:00,709 RF found
2018-05-28 11:53:00,711 SNT reinforcement_information
2018-05-28 11:53:00,782 RCV reinforcement info
2018-05-28 11:53:00,789 , 47.7176206734961
2018-05-28 11:53:01,148 RCV reinforcement info
2018-05-28 11:53:01,153 , 47.99764438436732
2018-05-28 11:53:01,398 RF found but not transmitted
2018-05-28 11:53:01,717 RCV reinforcement info
2018-05-28 11:53:01,722 , 48.07264421922067
2018-05-28 11:53:01,918 RF found but not transmitted
2018-05-28 11:53:02,544 RF found but not transmitted
2018-05-28 11:53:02,654 RF found but not transmitted
2018-05-28 11:53:03,335 RCV reinforcement info
2018-05-28 11:53:03,340 , 48.50181816040608
2018-05-28 11:53:04,554 RF found but not transmitted
2018-05-28 11:53:04,792 RCV reinforcement info
2018-05-28 11:53:04,797 , 48.59997276944889
2018-05-28 11:53:06,360 RF found but not transmitted
2018-05-28 11:53:06,861 RCV reinforcement info
2018-05-28 11:53:06,865 , 48.75294059401738
2018-05-28 11:53:07,523 RF found but not transmitted
2018-05-28 11:53:07,599 RF found but not transmitted
2018-05-28 11:53:07,678 RCV reinforcement info
2018-05-28 11:53:07,683 , 48.83837601013064
2018-05-28 11:53:07,747 RF found but not transmitted
2018-05-28 11:53:07,989 RF found but not transmitted
2018-05-28 11:53:08,320 RCV reinforcement info
2018-05-28 11:53:08,324 , 48.905080770116584
2018-05-28 11:53:08,692 RCV reinforcement info
2018-05-28 11:53:08,698 , 49.32205485795427
2018-05-28 11:53:09,497 RCV reinforcement info
2018-05-28 11:53:09,502 , 49.406529530760956
2018-05-28 11:53:09,956 RF found but not transmitted
2018-05-28 11:53:10,559 RCV reinforcement info
2018-05-28 11:53:10,563 , 49.9082677559292
2018-05-28 11:53:10,622 RF found but not transmitted
2018-05-28 11:53:10,957 RCV reinforcement info
2018-05-28 11:53:10,962 , 49.991571496431256
2018-05-28 11:53:11,063 RF found but not transmitted
2018-05-28 11:53:11,394 RCV reinforcement info
2018-05-28 11:53:11,399 , 50.452495690001825
2018-05-28 11:53:11,971 RCV reinforcement info
2018-05-28 11:53:11,976 , 50.52159056920931
2018-05-28 11:53:12,337 RCV reinforcement info
2018-05-28 11:53:12,342 , 50.77849284271748
2018-05-28 11:53:14,699 RF found but not transmitted
2018-05-28 11:53:15,512 RCV reinforcement info
2018-05-28 11:53:15,516 , 50.88351724763142
2018-05-28 11:53:15,722 RF found but not transmitted
2018-05-28 11:53:15,755 RF found but not transmitted
2018-05-28 11:53:17,017 RF found but not transmitted
2018-05-28 11:53:17,612 RF found but not transmitted
2018-05-28 11:53:17,859 RF found but not transmitted
2018-05-28 11:53:17,860 RF found
2018-05-28 11:53:17,861 SNT reinforcement_information
2018-05-28 11:53:19,163 RF found but not transmitted
2018-05-28 11:53:20,396 RF found but not transmitted
2018-05-28 11:53:21,639 RCV reinforcement info
2018-05-28 11:53:21,642 , 51.322804460482
2018-05-28 11:53:22,171 RF found but not transmitted
2018-05-28 11:53:22,174 RF found
2018-05-28 11:53:22,176 SNT reinforcement_information
2018-05-28 11:53:23,505 RF found but not transmitted
2018-05-28 11:53:23,507 RF found
2018-05-28 11:53:23,508 SNT reinforcement_information
2018-05-28 11:53:23,885 RF found but not transmitted
2018-05-28 11:53:23,912 RF found but not transmitted
2018-05-28 11:53:23,915 RF found
2018-05-28 11:53:23,917 SNT reinforcement_information
2018-05-28 11:53:24,129 RF found but not transmitted
2018-05-28 11:53:24,702 RF found but not transmitted
2018-05-28 11:53:26,137 RF found but not transmitted
2018-05-28 11:53:26,140 RF found
2018-05-28 11:53:26,142 SNT reinforcement_information
2018-05-28 11:53:27,105 RF found but not transmitted
2018-05-28 11:53:27,106 RF found
2018-05-28 11:53:27,107 SNT reinforcement_information
2018-05-28 11:53:27,324 RF found but not transmitted
2018-05-28 11:53:28,382 RF found but not transmitted
2018-05-28 11:53:28,803 RF found but not transmitted
2018-05-28 11:53:28,805 RF found
2018-05-28 11:53:28,808 SNT reinforcement_information
2018-05-28 11:53:29,943 RCV reinforcement info
2018-05-28 11:53:29,947 , 52.25551539693023
2018-05-28 11:53:29,998 RCV reinforcement info
2018-05-28 11:53:30,001 , 52.37056572210817
2018-05-28 11:53:30,173 RF found but not transmitted
2018-05-28 11:53:32,127 RF found but not transmitted
2018-05-28 11:53:32,297 RCV reinforcement info
2018-05-28 11:53:32,301 , 52.43932796367566
2018-05-28 11:53:33,030 RCV reinforcement info
2018-05-28 11:53:33,034 , 52.6224673117002
2018-05-28 11:53:33,700 RF found but not transmitted
2018-05-28 11:53:34,221 RF found but not transmitted
2018-05-28 11:53:34,384 RF found but not transmitted
2018-05-28 11:53:34,386 RF found
2018-05-28 11:53:34,390 SNT reinforcement_information
2018-05-28 11:53:35,252 RF found but not transmitted
2018-05-28 11:53:35,540 RF found but not transmitted
2018-05-28 11:53:35,568 RCV reinforcement info
2018-05-28 11:53:35,573 , 52.79233480908679
2018-05-28 11:53:38,218 RCV reinforcement info
2018-05-28 11:53:38,223 , 52.960752956009195
2018-05-28 11:53:38,555 RF found but not transmitted
2018-05-28 11:53:38,556 RF found
2018-05-28 11:53:38,558 SNT reinforcement_information
2018-05-28 11:53:39,392 RCV reinforcement info
2018-05-28 11:53:39,397 , 54.00012026786745
2018-05-28 11:53:39,609 RCV reinforcement info
2018-05-28 11:53:39,616 , 54.242418491337254
2018-05-28 11:53:40,788 RCV reinforcement info
2018-05-28 11:53:40,792 , 54.4356825566789
2018-05-28 11:53:41,233 RCV reinforcement info
2018-05-28 11:53:41,238 , 54.57817853848366
2018-05-28 11:53:42,030 RF found but not transmitted
2018-05-28 11:53:43,047 RCV reinforcement info
2018-05-28 11:53:43,051 , 54.674390717828864
2018-05-28 11:53:43,573 RCV reinforcement info
2018-05-28 11:53:43,577 , 54.82701172985539
2018-05-28 11:53:44,199 RF found but not transmitted
2018-05-28 11:53:44,200 RF found
2018-05-28 11:53:44,202 SNT reinforcement_information
2018-05-28 11:53:45,637 RF found but not transmitted
2018-05-28 11:53:45,887 RF found but not transmitted
2018-05-28 11:53:46,707 RF found but not transmitted
2018-05-28 11:53:47,138 RCV reinforcement info
2018-05-28 11:53:47,142 , 54.9767656504397
2018-05-28 11:53:47,158 RF found but not transmitted
2018-05-28 11:53:47,159 RF found
2018-05-28 11:53:47,160 SNT reinforcement_information
2018-05-28 11:53:48,618 RCV reinforcement info
2018-05-28 11:53:48,623 , 55.114114580445836
2018-05-28 11:53:51,678 RCV reinforcement info
2018-05-28 11:53:51,682 , 55.652233556487715
2018-05-28 11:53:52,077 RF found but not transmitted
2018-05-28 11:53:54,041 RF found but not transmitted
2018-05-28 11:53:55,028 RF found but not transmitted
2018-05-28 11:53:57,010 RCV reinforcement info
2018-05-28 11:53:57,014 , 55.718154595135026
2018-05-28 11:53:58,708 RF found but not transmitted
2018-05-28 11:54:01,825 RF found but not transmitted
2018-05-28 11:54:03,181 RF found but not transmitted
2018-05-28 11:54:03,259 RCV reinforcement info
2018-05-28 11:54:03,264 , 55.78333195527979
2018-05-28 11:54:04,249 RCV reinforcement info
2018-05-28 11:54:04,254 , 55.86834008387568
2018-05-28 11:54:04,419 RF found but not transmitted
2018-05-28 11:54:05,514 RF found but not transmitted
2018-05-28 11:54:06,482 RF found but not transmitted
2018-05-28 11:54:06,704 RF found but not transmitted
2018-05-28 11:54:08,538 RCV reinforcement info
2018-05-28 11:54:08,543 , 56.027912706727626
2018-05-28 11:54:09,842 RF found but not transmitted
2018-05-28 11:54:09,848 RF found
2018-05-28 11:54:09,850 SNT reinforcement_information
2018-05-28 11:54:12,101 RF found but not transmitted
2018-05-28 11:54:12,103 RF found
2018-05-28 11:54:12,104 SNT reinforcement_information
2018-05-28 11:54:12,535 RCV reinforcement info
2018-05-28 11:54:12,539 , 56.82162530224792
2018-05-28 11:54:12,907 RF found but not transmitted
2018-05-28 11:54:12,910 RF found
2018-05-28 11:54:12,913 SNT reinforcement_information
2018-05-28 11:54:14,031 RCV proposal
2018-05-28 11:54:14,046 appended malicious propose 68ea98a321 on top of aabf540341
2018-05-28 11:54:14,160 RCV reinforcement
2018-05-28 11:54:14,172 RCV reinforcement
2018-05-28 11:54:15,695 RCV reinforcement info
2018-05-28 11:54:15,701 , 57.260379543688664
2018-05-28 11:54:15,797 RCV commit
2018-05-28 11:54:16,084 appended malicious commit 2601ca423f on top of 68ea98a321
2018-05-28 11:54:16,361 Weight: 40.16514660298733 #RFs 71
2018-05-28 11:54:16,361 weight: 40.16514660298733
2018-05-28 11:54:16,361 , 40.16514660298733
2018-05-28 11:54:17,314 RCV reinforcement info
2018-05-28 11:54:17,318 , 57.41489018339036
2018-05-28 11:54:17,394 RCV reinforcement info
2018-05-28 11:54:17,398 , 57.56692093963123
2018-05-28 11:54:18,472 RF found but not transmitted
2018-05-28 11:54:18,473 RF found
2018-05-28 11:54:18,475 SNT reinforcement_information
2018-05-28 11:54:18,587 RCV reinforcement info
2018-05-28 11:54:18,591 , 57.76897748519873
2018-05-28 11:54:20,362 RF found but not transmitted
2018-05-28 11:54:20,718 RCV reinforcement info
2018-05-28 11:54:20,722 , 57.84833547021997
2018-05-28 11:54:20,835 RCV reinforcement info
2018-05-28 11:54:20,839 , 57.936966572105675
2018-05-28 11:54:20,915 RF found but not transmitted
2018-05-28 11:54:21,110 RF found but not transmitted
2018-05-28 11:54:21,217 RCV reinforcement info
2018-05-28 11:54:21,221 , 58.01752699135066
2018-05-28 11:54:21,345 RF found but not transmitted
2018-05-28 11:54:21,428 RF found but not transmitted
2018-05-28 11:54:21,429 RF found
2018-05-28 11:54:21,431 SNT reinforcement_information
2018-05-28 11:54:23,372 RCV reinforcement info
2018-05-28 11:54:23,376 , 58.33771414639065
2018-05-28 11:54:24,402 RF found but not transmitted
2018-05-28 11:54:24,405 RF found
2018-05-28 11:54:24,406 SNT reinforcement_information
2018-05-28 11:54:25,064 RCV proposal
2018-05-28 11:54:25,067 appended honest propose ab9f327051 on top of 8757a46a92
2018-05-28 11:54:25,068 REINFORCEMENT SENT state
2018-05-28 11:54:25,068 RFs > 0 
2018-05-28 11:54:25,072 SNT reinforcement
2018-05-28 11:54:25,182 RCV reinforcement
2018-05-28 11:54:25,185 RCV reinforcement
2018-05-28 11:54:26,248 RF found but not transmitted
2018-05-28 11:54:26,251 SNT reinforcement_information
2018-05-28 11:54:26,333 SNT reinforcement
2018-05-28 11:54:26,449 RCV reinforcement info
2018-05-28 11:54:26,456 , 58.783733107745036
2018-05-28 11:54:26,460 RCV reinforcement
2018-05-28 11:54:26,850 RCV commit
2018-05-28 11:54:27,125 appended honest commit d979c50cf9 on top of ab9f327051
2018-05-28 11:54:27,391 Weight: 59.783733107745036 #RFs 69
2018-05-28 11:54:27,392 weight: 59.783733107745036
2018-05-28 11:54:27,392 , 59.783733107745036
2018-05-28 11:54:27,393 MINING state
2018-05-28 11:54:27,393 start mining - depth 14
2018-05-28 11:54:27,394 start mining - hash d979c50cf9f9fc466aa1b94ea2f16821242bc84b925cc3064a9c4f53b08308da
2018-05-28 11:54:27,397 Hashing frequency: 25728
2018-05-28 11:54:27,564 RCV reinforcement info
2018-05-28 11:54:27,571 , 59.97860518981865
2018-05-28 11:54:30,257 RCV reinforcement info
2018-05-28 11:54:30,262 , 60.11673173845838
2018-05-28 11:54:30,750 RCV reinforcement info
2018-05-28 11:54:30,754 , 60.235426804257074
2018-05-28 11:54:31,708 RF found but not transmitted
2018-05-28 11:54:32,085 RF found but not transmitted
2018-05-28 11:54:32,172 RCV reinforcement info
2018-05-28 11:54:32,180 , 60.31697329463545
2018-05-28 11:54:32,295 RCV reinforcement info
2018-05-28 11:54:32,299 , 60.38029405820857
2018-05-28 11:54:32,426 RCV reinforcement info
2018-05-28 11:54:32,430 , 60.46295890559226
2018-05-28 11:54:32,624 RF found but not transmitted
2018-05-28 11:54:33,137 RF found but not transmitted
2018-05-28 11:54:33,437 RCV reinforcement info
2018-05-28 11:54:33,441 , 60.629177061473634
2018-05-28 11:54:33,567 RF found but not transmitted
2018-05-28 11:54:34,364 RF found but not transmitted
2018-05-28 11:54:34,525 RCV reinforcement info
2018-05-28 11:54:34,529 , 60.71497423607233
2018-05-28 11:54:35,562 RF found but not transmitted
2018-05-28 11:54:35,565 RF found
2018-05-28 11:54:35,568 SNT reinforcement_information
2018-05-28 11:54:35,981 RCV reinforcement info
2018-05-28 11:54:35,986 , 60.91979269900664
2018-05-28 11:54:37,619 RCV proposal
2018-05-28 11:54:37,623 appended malicious propose c799a419dd on top of 2601ca423f
2018-05-28 11:54:37,703 RCV reinforcement
2018-05-28 11:54:37,784 RCV proposal
2018-05-28 11:54:37,788 appended malicious propose f1bdda669c on top of 2601ca423f
2018-05-28 11:54:38,547 RCV reinforcement
2018-05-28 11:54:39,108 RF found but not transmitted
2018-05-28 11:54:39,154 RCV commit
2018-05-28 11:54:39,170 appended malicious commit 1810f6f215 on top of c799a419dd
2018-05-28 11:54:39,189 RF found but not transmitted
2018-05-28 11:54:39,198 Weight: 41.63121434596248 #RFs 5
2018-05-28 11:54:39,198 weight: 41.63121434596248
2018-05-28 11:54:39,199 , 41.63121434596248
2018-05-28 11:54:39,312 RCV commit
2018-05-28 11:54:39,332 appended malicious commit 6fc5f66dfc on top of f1bdda669c
2018-05-28 11:54:39,345 Weight: 41.534453931808024 #RFs 4
2018-05-28 11:54:39,345 weight: 41.534453931808024
2018-05-28 11:54:39,345 , 41.534453931808024
2018-05-28 11:54:39,982 RCV reinforcement info
2018-05-28 11:54:39,989 , 61.02110358745726
2018-05-28 11:54:40,467 RF found but not transmitted
2018-05-28 11:54:40,470 RF found
2018-05-28 11:54:40,473 SNT reinforcement_information
2018-05-28 11:54:42,204 RF found but not transmitted
2018-05-28 11:54:42,497 RF found but not transmitted
2018-05-28 11:54:42,554 RF found but not transmitted
2018-05-28 11:54:43,879 RF found but not transmitted
2018-05-28 11:54:44,053 RCV reinforcement info
2018-05-28 11:54:44,058 , 61.20619716934068
2018-05-28 11:54:44,089 RCV reinforcement info
2018-05-28 11:54:44,101 , 61.269702353474734
2018-05-28 11:54:44,363 RF found but not transmitted
2018-05-28 11:54:44,811 RCV proposal
2018-05-28 11:54:44,814 appended honest propose 0a8507d362 on top of d979c50cf9
2018-05-28 11:54:44,815 REINFORCEMENT SENT state
2018-05-28 11:54:44,815 RFs > 0 
2018-05-28 11:54:44,816 SNT reinforcement
2018-05-28 11:54:44,962 RCV reinforcement
2018-05-28 11:54:44,997 RCV reinforcement
2018-05-28 11:54:45,363 RCV reinforcement info
2018-05-28 11:54:45,368 , 61.33804471190873
2018-05-28 11:54:45,452 RCV reinforcement
2018-05-28 11:54:45,696 RF found but not transmitted
2018-05-28 11:54:45,739 RCV proposal
2018-05-28 11:54:45,741 appended malicious propose 2a0e44d000 on top of 1810f6f215
2018-05-28 11:54:45,829 RCV reinforcement
2018-05-28 11:54:45,834 RCV reinforcement
2018-05-28 11:54:45,937 RF found but not transmitted
2018-05-28 11:54:45,944 RF found but not transmitted
2018-05-28 11:54:45,949 SNT reinforcement_information
2018-05-28 11:54:45,994 RF found but not transmitted
2018-05-28 11:54:46,014 SNT reinforcement
2018-05-28 11:54:46,368 RCV commit
2018-05-28 11:54:46,440 appended honest commit b5b50de43d on top of 0a8507d362
2018-05-28 11:54:46,503 Weight: 62.41136181652693 #RFs 15
2018-05-28 11:54:46,503 weight: 62.41136181652693
2018-05-28 11:54:46,504 , 62.41136181652693
2018-05-28 11:54:46,504 MINING state
2018-05-28 11:54:46,504 start mining - depth 15
2018-05-28 11:54:46,505 start mining - hash b5b50de43d43f84c94074ecd1ea1538f5b1c3ca5144ecae8de0ac9a77d69d639
2018-05-28 11:54:46,661 RF found but not transmitted
2018-05-28 11:54:46,832 RCV reinforcement info
2018-05-28 11:54:46,837 , 62.55167553734409
2018-05-28 11:54:46,871 RF found but not transmitted
2018-05-28 11:54:46,874 RF found
2018-05-28 11:54:46,877 SNT reinforcement_information
2018-05-28 11:54:47,155 RCV reinforcement
2018-05-28 11:54:47,271 RCV commit
2018-05-28 11:54:47,292 appended malicious commit d8ffd99704 on top of 2a0e44d000
2018-05-28 11:54:47,306 Weight: 43.03201667947677 #RFs 4
2018-05-28 11:54:47,306 weight: 43.03201667947677
2018-05-28 11:54:47,306 , 43.03201667947677
2018-05-28 11:54:47,803 RF found but not transmitted
2018-05-28 11:54:48,822 RF found but not transmitted
2018-05-28 11:54:49,046 RF found but not transmitted
2018-05-28 11:54:49,775 RCV reinforcement info
2018-05-28 11:54:49,780 , 62.76143902126075
2018-05-28 11:54:50,336 RF found but not transmitted
2018-05-28 11:54:51,016 RF found but not transmitted
2018-05-28 11:54:51,018 hash found
2018-05-28 11:54:51,022 appended honest propose aa612cf3b3 on top of b5b50de43d
2018-05-28 11:54:51,022 REINFORCEMENT COLLECTING state
2018-05-28 11:54:51,094 SNT proposal
2018-05-28 11:54:51,263 RCV reinforcement
2018-05-28 11:54:51,272 RCV reinforcement
2018-05-28 11:54:52,534 RF found but not transmitted
2018-05-28 11:54:52,597 commit with 3 reinforcements
2018-05-28 11:54:52,606 appended honest commit 486c73dca4 on top of aa612cf3b3
2018-05-28 11:54:52,613 Weight: 63.76143902126075 #RFs 3
2018-05-28 11:54:52,613 weight: 63.76143902126075
2018-05-28 11:54:52,613 , 63.76143902126075
2018-05-28 11:54:52,613 MINING state
2018-05-28 11:54:52,613 start mining - depth 16
2018-05-28 11:54:52,614 start mining - hash 486c73dca4595ab5a138a9524ef78136fc076a7233baf1255e295347a7a4a3f5
2018-05-28 11:54:52,614 SNT commit
2018-05-28 11:54:53,059 RF found but not transmitted
2018-05-28 11:54:53,467 RCV reinforcement info
2018-05-28 11:54:53,473 , 63.936560850234834
2018-05-28 11:54:53,565 RF found but not transmitted
2018-05-28 11:54:53,567 RF found
2018-05-28 11:54:53,569 SNT reinforcement_information
2018-05-28 11:54:54,420 RF found but not transmitted
2018-05-28 11:54:54,421 RF found
2018-05-28 11:54:54,423 SNT reinforcement_information
2018-05-28 11:54:54,694 RCV reinforcement info
2018-05-28 11:54:54,699 , 64.31845219162709
2018-05-28 11:54:55,686 RCV reinforcement info
2018-05-28 11:54:55,691 , 64.39583693521651
2018-05-28 11:54:56,726 RF found but not transmitted
2018-05-28 11:54:56,946 RF found but not transmitted
2018-05-28 11:54:56,962 RF found but not transmitted
2018-05-28 11:54:56,963 RF found
2018-05-28 11:54:56,965 SNT reinforcement_information
2018-05-28 11:54:57,691 RCV reinforcement info
2018-05-28 11:54:57,695 , 64.93083657900027
2018-05-28 11:54:59,356 RF found but not transmitted
2018-05-28 11:54:59,677 RF found but not transmitted
2018-05-28 11:55:00,091 RF found but not transmitted
2018-05-28 11:55:00,094 RF found
2018-05-28 11:55:00,095 SNT reinforcement_information
2018-05-28 11:55:00,997 RCV reinforcement info
2018-05-28 11:55:01,004 RF found but not transmitted
2018-05-28 11:55:01,002 , 65.07258194485793
2018-05-28 11:55:01,033 RF found but not transmitted
2018-05-28 11:55:01,782 RF found but not transmitted
2018-05-28 11:55:02,180 RF found but not transmitted
2018-05-28 11:55:03,146 RCV reinforcement info
2018-05-28 11:55:03,150 , 65.2018275923596
2018-05-28 11:55:03,457 RCV reinforcement info
2018-05-28 11:55:03,461 , 65.67124416885969
2018-05-28 11:55:04,011 RF found but not transmitted
2018-05-28 11:55:04,515 RCV reinforcement info
2018-05-28 11:55:04,519 , 65.7382365733692
2018-05-28 11:55:04,915 RCV reinforcement info
2018-05-28 11:55:04,919 , 65.92040654630205
2018-05-28 11:55:06,180 RF found but not transmitted
2018-05-28 11:55:07,257 RF found but not transmitted
2018-05-28 11:55:07,665 RF found but not transmitted
2018-05-28 11:55:08,150 RCV reinforcement info
2018-05-28 11:55:08,153 , 65.99255663967142
2018-05-28 11:55:10,316 RCV reinforcement info
2018-05-28 11:55:10,321 , 66.29213649476792
2018-05-28 11:55:11,401 RF found but not transmitted
2018-05-28 11:55:11,401 RF found but not transmitted
2018-05-28 11:55:11,403 RF found
2018-05-28 11:55:11,404 SNT reinforcement_information
2018-05-28 11:55:11,851 RCV reinforcement info
2018-05-28 11:55:11,856 , 66.46597483285232
2018-05-28 11:55:11,950 RF found but not transmitted
2018-05-28 11:55:12,196 RF found but not transmitted
2018-05-28 11:55:12,523 RCV reinforcement info
2018-05-28 11:55:12,527 , 66.55891129499574
2018-05-28 11:55:12,797 RF found but not transmitted
2018-05-28 11:55:12,963 RF found but not transmitted
2018-05-28 11:55:12,963 RF found
2018-05-28 11:55:12,964 SNT reinforcement_information
2018-05-28 11:55:13,094 RF found but not transmitted
2018-05-28 11:55:13,240 RF found but not transmitted
2018-05-28 11:55:13,538 RCV reinforcement info
2018-05-28 11:55:13,543 , 66.83206400602643
2018-05-28 11:55:15,236 RF found but not transmitted
2018-05-28 11:55:15,237 RF found
2018-05-28 11:55:15,239 SNT reinforcement_information
2018-05-28 11:55:15,412 RF found but not transmitted
2018-05-28 11:55:15,417 RF found
2018-05-28 11:55:15,419 SNT reinforcement_information
2018-05-28 11:55:16,425 RF found but not transmitted
2018-05-28 11:55:16,746 RF found but not transmitted
2018-05-28 11:55:16,803 RCV reinforcement info
2018-05-28 11:55:16,807 , 68.6083661422688
2018-05-28 11:55:16,833 RF found but not transmitted
2018-05-28 11:55:17,025 RF found but not transmitted
2018-05-28 11:55:17,026 RF found
2018-05-28 11:55:17,027 SNT reinforcement_information
2018-05-28 11:55:18,394 RCV reinforcement info
2018-05-28 11:55:18,397 , 69.295068025011
2018-05-28 11:55:19,273 RCV reinforcement info
2018-05-28 11:55:19,278 , 69.51148206951684
2018-05-28 11:55:19,411 RF found but not transmitted
2018-05-28 11:55:19,450 RF found but not transmitted
2018-05-28 11:55:19,729 RF found but not transmitted
2018-05-28 11:55:20,387 RF found but not transmitted
2018-05-28 11:55:21,494 RF found but not transmitted
2018-05-28 11:55:21,522 RCV reinforcement info
2018-05-28 11:55:21,527 , 69.62922465881557
2018-05-28 11:55:21,545 RCV reinforcement info
2018-05-28 11:55:21,549 , 69.96347549589457
2018-05-28 11:55:21,737 RF found but not transmitted
2018-05-28 11:55:22,362 RCV proposal
2018-05-28 11:55:22,365 appended honest propose 6638912f2b on top of 486c73dca4
2018-05-28 11:55:22,365 REINFORCEMENT SENT state
2018-05-28 11:55:22,365 RFs > 0 
2018-05-28 11:55:22,366 SNT reinforcement
2018-05-28 11:55:22,571 RCV reinforcement
2018-05-28 11:55:22,588 RCV reinforcement
2018-05-28 11:55:22,920 RF found but not transmitted
2018-05-28 11:55:22,930 SNT reinforcement_information
2018-05-28 11:55:23,126 SNT reinforcement
2018-05-28 11:55:23,150 RF found but not transmitted
2018-05-28 11:55:24,048 RCV commit
2018-05-28 11:55:24,200 appended honest commit 6d5994ba2b on top of 6638912f2b
2018-05-28 11:55:24,370 RF found but not transmitted
2018-05-28 11:55:24,449 Weight: 71.04860768249536 #RFs 29
2018-05-28 11:55:24,449 weight: 71.04860768249536
2018-05-28 11:55:24,450 , 71.04860768249536
2018-05-28 11:55:24,452 MINING state
2018-05-28 11:55:24,452 start mining - depth 17
2018-05-28 11:55:24,453 start mining - hash 6d5994ba2b4caae649a99ea544e67eb7010e0c80d055e96403c8cf5fdc4621a4
2018-05-28 11:55:24,476 RF found but not transmitted
2018-05-28 11:55:24,949 RCV reinforcement info
2018-05-28 11:55:24,954 , 71.12318055312001
2018-05-28 11:55:25,063 RCV reinforcement info
2018-05-28 11:55:25,068 , 71.81374591680904
2018-05-28 11:55:25,623 RF found but not transmitted
2018-05-28 11:55:25,624 RF found
2018-05-28 11:55:25,625 SNT reinforcement_information
2018-05-28 11:55:25,723 RF found but not transmitted
2018-05-28 11:55:26,893 RF found but not transmitted
2018-05-28 11:55:26,894 RF found
2018-05-28 11:55:26,896 SNT reinforcement_information
2018-05-28 11:55:27,832 RF found but not transmitted
2018-05-28 11:55:28,227 RCV reinforcement info
2018-05-28 11:55:28,232 , 72.55748301308326
2018-05-28 11:55:29,191 RCV reinforcement info
2018-05-28 11:55:29,195 , 72.76798791640984
2018-05-28 11:55:29,493 RF found but not transmitted
2018-05-28 11:55:29,833 RF found but not transmitted
2018-05-28 11:55:30,489 RCV reinforcement info
2018-05-28 11:55:30,493 , 72.92102838387702
2018-05-28 11:55:30,844 RF found but not transmitted
2018-05-28 11:55:31,268 RF found but not transmitted
2018-05-28 11:55:31,269 RF found
2018-05-28 11:55:31,271 SNT reinforcement_information
2018-05-28 11:55:31,358 RCV reinforcement info
2018-05-28 11:55:31,364 , 73.13700621530616
2018-05-28 11:55:33,491 RCV reinforcement info
2018-05-28 11:55:33,495 , 73.27658886433173
2018-05-28 11:55:33,612 RCV proposal
2018-05-28 11:55:33,615 appended honest propose 02da0deed1 on top of 6d5994ba2b
2018-05-28 11:55:33,616 REINFORCEMENT SENT state
2018-05-28 11:55:33,616 RFs > 0 
2018-05-28 11:55:33,617 SNT reinforcement
2018-05-28 11:55:33,766 RCV reinforcement
2018-05-28 11:55:33,777 RF found but not transmitted
2018-05-28 11:55:33,808 RCV reinforcement
2018-05-28 11:55:34,442 RF found but not transmitted
2018-05-28 11:55:34,922 RF found but not transmitted
2018-05-28 11:55:35,016 RCV reinforcement info
2018-05-28 11:55:35,021 , 73.52190113676134
2018-05-28 11:55:35,112 RCV reinforcement
2018-05-28 11:55:35,169 RCV commit
2018-05-28 11:55:35,208 appended honest commit e34e7fc5fd on top of 02da0deed1
2018-05-28 11:55:35,239 Weight: 74.27658886433173 #RFs 10
2018-05-28 11:55:35,239 weight: 74.27658886433173
2018-05-28 11:55:35,240 , 74.27658886433173
2018-05-28 11:55:35,240 MINING state
2018-05-28 11:55:35,240 start mining - depth 18
2018-05-28 11:55:35,241 start mining - hash e34e7fc5fd636fe68b3c219417edb3c4573c7e8be31a1a15f7f2850796e33096
2018-05-28 11:55:35,241 Hashing frequency: 16837
2018-05-28 11:55:35,435 RF found but not transmitted
2018-05-28 11:55:35,571 RCV reinforcement info
2018-05-28 11:55:35,576 , 74.40823892139997
2018-05-28 11:55:37,061 RF found but not transmitted
2018-05-28 11:55:37,486 RF found but not transmitted
2018-05-28 11:55:37,598 RCV reinforcement info
2018-05-28 11:55:37,602 , 74.4832204132994
2018-05-28 11:55:37,681 RCV reinforcement info
2018-05-28 11:55:37,686 , 74.55214934634562
2018-05-28 11:55:37,763 RF found but not transmitted
2018-05-28 11:55:38,244 RCV reinforcement info
2018-05-28 11:55:38,249 , 74.64108718719515
2018-05-28 11:55:38,280 RCV reinforcement info
2018-05-28 11:55:38,284 , 75.56703595941995
2018-05-28 11:55:38,517 RCV reinforcement info
2018-05-28 11:55:38,522 , 75.7321465500944
2018-05-28 11:55:38,812 RCV proposal
2018-05-28 11:55:38,816 appended malicious propose 05219037b5 on top of d8ffd99704
2018-05-28 11:55:38,909 RCV reinforcement
2018-05-28 11:55:38,912 RF found but not transmitted
2018-05-28 11:55:38,921 RCV reinforcement
2018-05-28 11:55:39,177 RF found but not transmitted
2018-05-28 11:55:39,182 RF found
2018-05-28 11:55:39,184 SNT reinforcement_information
2018-05-28 11:55:39,462 RF found but not transmitted
2018-05-28 11:55:39,492 RCV reinforcement
2018-05-28 11:55:39,875 RCV reinforcement
2018-05-28 11:55:40,210 RCV reinforcement
2018-05-28 11:55:40,346 RF found but not transmitted
2018-05-28 11:55:40,465 RCV commit
2018-05-28 11:55:40,640 appended malicious commit 207217a92a on top of 05219037b5
2018-05-28 11:55:40,814 Weight: 51.67303847488813 #RFs 35
2018-05-28 11:55:40,814 weight: 51.67303847488813
2018-05-28 11:55:40,815 , 51.67303847488813
2018-05-28 11:55:41,749 RCV reinforcement info
2018-05-28 11:55:41,756 , 76.11469743989763
2018-05-28 11:55:42,307 RF found but not transmitted
2018-05-28 11:55:43,596 RF found but not transmitted
2018-05-28 11:55:43,608 RCV reinforcement info
2018-05-28 11:55:43,613 , 76.18060740632392
2018-05-28 11:55:43,744 RF found but not transmitted
2018-05-28 11:55:44,191 RCV reinforcement info
2018-05-28 11:55:44,197 , 76.27183177149574
2018-05-28 11:55:44,381 RCV reinforcement info
2018-05-28 11:55:44,386 , 76.37044956054507
2018-05-28 11:55:44,590 RF found but not transmitted
2018-05-28 11:55:44,592 RF found
2018-05-28 11:55:44,595 SNT reinforcement_information
2018-05-28 11:55:44,711 RCV proposal
2018-05-28 11:55:44,715 appended malicious propose 8917f21da4 on top of 207217a92a
2018-05-28 11:55:44,719 RCV reinforcement
