2018-05-28 11:49:05,041 ---------------------------------------------------------
2018-05-28 11:49:05,042 MINING state
2018-05-28 11:49:06,073 start mining - depth 0
2018-05-28 11:49:06,073 start mining - hash 0e8dd56e8af7bee6f7c0398466f8c299f6297be04e948ef1f9c86ba68613e9bb
2018-05-28 11:49:06,331 RCV reinforcement info
2018-05-28 11:49:06,335 , 0.1691740142523024
2018-05-28 11:49:06,344 RCV reinforcement info
2018-05-28 11:49:06,348 , 0.3158906263339057
2018-05-28 11:49:06,804 RCV reinforcement info
2018-05-28 11:49:06,807 , 0.4447487250178621
2018-05-28 11:49:07,519 RCV reinforcement info
2018-05-28 11:49:07,522 , 0.5491394364936831
2018-05-28 11:49:07,747 RCV reinforcement info
2018-05-28 11:49:07,751 , 0.9994788575002228
2018-05-28 11:49:11,216 RCV reinforcement info
2018-05-28 11:49:11,220 , 1.5094986069747285
2018-05-28 11:49:11,230 RF found but not transmitted
2018-05-28 11:49:11,231 RF found
2018-05-28 11:49:11,233 SNT reinforcement_information
2018-05-28 11:49:12,943 RCV reinforcement info
2018-05-28 11:49:12,947 , 1.8713665407342286
2018-05-28 11:49:13,751 RCV reinforcement info
2018-05-28 11:49:13,755 , 1.93573000551999
2018-05-28 11:49:14,084 RCV reinforcement info
2018-05-28 11:49:14,087 , 2.0687781048983487
2018-05-28 11:49:14,995 RCV reinforcement info
2018-05-28 11:49:14,998 , 2.196732477433662
2018-05-28 11:49:15,890 RCV reinforcement info
2018-05-28 11:49:15,894 , 2.342766726127258
2018-05-28 11:49:16,698 RCV reinforcement info
2018-05-28 11:49:16,702 , 2.559353156092536
2018-05-28 11:49:17,392 RCV reinforcement info
2018-05-28 11:49:17,396 , 2.622783523666671
2018-05-28 11:49:17,584 RCV reinforcement info
2018-05-28 11:49:17,588 , 2.687604726437697
2018-05-28 11:49:19,175 RCV reinforcement info
2018-05-28 11:49:19,179 , 2.7574959553921756
2018-05-28 11:49:20,323 RCV reinforcement info
2018-05-28 11:49:20,327 , 2.875355593380681
2018-05-28 11:49:21,617 RCV reinforcement info
2018-05-28 11:49:21,620 , 3.1493480370548634
2018-05-28 11:49:25,218 RCV reinforcement info
2018-05-28 11:49:25,222 , 3.283338045320899
2018-05-28 11:49:28,799 RCV reinforcement info
2018-05-28 11:49:28,802 , 3.3613018040974136
2018-05-28 11:49:29,576 RCV reinforcement info
2018-05-28 11:49:29,580 , 3.499464751123903
2018-05-28 11:49:30,348 RCV reinforcement info
2018-05-28 11:49:30,352 , 3.574029535676626
2018-05-28 11:49:31,944 RCV reinforcement info
2018-05-28 11:49:31,946 , 3.7399510088038213
2018-05-28 11:49:35,758 RCV reinforcement info
2018-05-28 11:49:35,762 , 3.8873123469287734
2018-05-28 11:49:36,767 RCV reinforcement info
2018-05-28 11:49:36,771 , 3.9761971023368443
2018-05-28 11:49:36,819 RCV reinforcement info
2018-05-28 11:49:36,823 , 4.04181484893618
2018-05-28 11:49:38,208 RF found but not transmitted
2018-05-28 11:49:38,209 RF found
2018-05-28 11:49:38,211 SNT reinforcement_information
2018-05-28 11:49:38,602 RF found but not transmitted
2018-05-28 11:49:38,604 RF found
2018-05-28 11:49:38,606 SNT reinforcement_information
2018-05-28 11:49:39,514 RCV proposal
2018-05-28 11:49:39,516 appended honest propose 832b2e19d3 on top of 0e8dd56e8a
2018-05-28 11:49:39,517 REINFORCEMENT SENT state
2018-05-28 11:49:39,517 RFs > 0 
2018-05-28 11:49:39,518 SNT reinforcement
2018-05-28 11:49:39,623 RCV reinforcement
2018-05-28 11:49:39,627 RCV reinforcement
2018-05-28 11:49:40,264 RCV reinforcement info
2018-05-28 11:49:40,267 , 4.786201327339764
2018-05-28 11:49:40,315 RCV reinforcement
2018-05-28 11:49:40,932 RCV reinforcement info
2018-05-28 11:49:40,937 , 4.929039380670298
2018-05-28 11:49:40,992 RCV reinforcement
2018-05-28 11:49:41,159 RCV commit
2018-05-28 11:49:41,297 appended honest commit 635eb875f4 on top of 832b2e19d3
2018-05-28 11:49:41,383 Weight: 5.786201327339764 #RFs 29
2018-05-28 11:49:41,383 weight: 5.786201327339764
2018-05-28 11:49:41,383 , 5.786201327339764
2018-05-28 11:49:41,384 MINING state
2018-05-28 11:49:41,384 start mining - depth 1
2018-05-28 11:49:41,385 start mining - hash 635eb875f4abe364125a67864bb2a86c1fb5d04049166406349f2cfd70cbd951
2018-05-28 11:49:41,396 RCV reinforcement info
2018-05-28 11:49:41,402 RCV reinforcement
2018-05-28 11:49:41,641 RCV reinforcement info
2018-05-28 11:49:41,646 , 5.985333517590875
2018-05-28 11:49:41,738 RCV reinforcement info
2018-05-28 11:49:41,742 , 6.181565301939418
2018-05-28 11:49:43,896 RCV reinforcement info
2018-05-28 11:49:43,900 , 6.251473430459313
2018-05-28 11:49:45,402 RCV reinforcement info
2018-05-28 11:49:45,406 , 6.346864736745767
2018-05-28 11:49:45,971 RCV proposal
2018-05-28 11:49:45,978 appended honest propose e51c11a0a8 on top of 635eb875f4
2018-05-28 11:49:45,979 REINFORCEMENT SENT state
2018-05-28 11:49:46,044 RCV reinforcement
2018-05-28 11:49:47,499 RCV commit
2018-05-28 11:49:47,520 appended honest commit 11506ab4d4 on top of e51c11a0a8
2018-05-28 11:49:47,530 Weight: 7.346864736745767 #RFs 4
2018-05-28 11:49:47,534 weight: 7.346864736745767
2018-05-28 11:49:47,543 , 7.346864736745767
2018-05-28 11:49:47,544 MINING state
2018-05-28 11:49:47,545 start mining - depth 2
2018-05-28 11:49:47,545 start mining - hash 11506ab4d42c3b454acec40f9b8452954aceda4248380c24ab53ba44b1628c06
2018-05-28 11:49:47,827 RCV reinforcement info
2018-05-28 11:49:47,830 , 7.415860738389705
2018-05-28 11:49:51,274 RCV reinforcement info
2018-05-28 11:49:51,278 , 7.528039314310055
2018-05-28 11:49:51,991 RCV reinforcement info
2018-05-28 11:49:51,995 , 7.610284705528324
2018-05-28 11:49:54,365 RCV reinforcement info
2018-05-28 11:49:54,369 , 7.988838533749514
2018-05-28 11:49:55,899 RCV reinforcement info
2018-05-28 11:49:55,903 , 8.106812625280323
2018-05-28 11:49:57,789 RCV reinforcement info
2018-05-28 11:49:57,794 , 8.20849483021057
2018-05-28 11:49:58,613 RCV reinforcement info
2018-05-28 11:49:58,617 , 8.344316695253653
2018-05-28 11:49:59,151 RCV reinforcement info
2018-05-28 11:49:59,155 , 8.442324580577619
2018-05-28 11:50:01,210 RCV proposal
2018-05-28 11:50:01,213 appended honest propose 05086bb2be on top of 11506ab4d4
2018-05-28 11:50:01,214 REINFORCEMENT SENT state
2018-05-28 11:50:01,287 RCV reinforcement
2018-05-28 11:50:01,299 RCV reinforcement
2018-05-28 11:50:02,453 RCV reinforcement info
2018-05-28 11:50:02,458 , 9.414264186282926
2018-05-28 11:50:02,507 RCV reinforcement
2018-05-28 11:50:02,574 RCV reinforcement info
2018-05-28 11:50:02,578 , 9.6031272826378
2018-05-28 11:50:02,634 RCV reinforcement
2018-05-28 11:50:02,748 RCV commit
2018-05-28 11:50:02,791 appended honest commit fe408e1a91 on top of 05086bb2be
2018-05-28 11:50:02,828 Weight: 10.603127282637802 #RFs 10
2018-05-28 11:50:02,828 weight: 10.603127282637802
2018-05-28 11:50:02,828 , 10.603127282637802
2018-05-28 11:50:02,829 MINING state
2018-05-28 11:50:02,829 start mining - depth 3
2018-05-28 11:50:02,829 start mining - hash fe408e1a91d75f80358533828bdb08e0c833dbb52a76f50db501c57c1e1d6861
2018-05-28 11:50:10,749 RCV reinforcement info
2018-05-28 11:50:10,753 , 10.810439553673614
2018-05-28 11:50:12,587 RCV reinforcement info
2018-05-28 11:50:12,593 , 10.955994831301597
2018-05-28 11:50:15,251 RF found but not transmitted
2018-05-28 11:50:15,254 hash found
2018-05-28 11:50:15,258 appended honest propose 8ec2b3e5b8 on top of fe408e1a91
2018-05-28 11:50:15,258 REINFORCEMENT COLLECTING state
2018-05-28 11:50:15,258 SNT proposal
2018-05-28 11:50:15,435 RCV reinforcement
2018-05-28 11:50:15,444 RCV reinforcement
2018-05-28 11:50:15,601 RCV reinforcement info
2018-05-28 11:50:15,607 , 11.220532345680695
2018-05-28 11:50:15,671 RCV reinforcement
2018-05-28 11:50:16,764 commit with 2 reinforcements
2018-05-28 11:50:16,770 appended honest commit e45f78dbcd on top of 8ec2b3e5b8
2018-05-28 11:50:16,774 Weight: 12.220532345680695 #RFs 3
2018-05-28 11:50:16,774 weight: 12.220532345680695
2018-05-28 11:50:16,774 , 12.220532345680695
2018-05-28 11:50:16,774 MINING state
2018-05-28 11:50:16,775 start mining - depth 4
2018-05-28 11:50:16,775 start mining - hash e45f78dbcd0c200f94e4e4e5ad88ce62b16bf9b6e3b18247f002f6b62e7f2ce8
2018-05-28 11:50:16,775 Hashing frequency: 3887
2018-05-28 11:50:16,775 SNT commit
2018-05-28 11:50:16,994 RCV proposal
2018-05-28 11:50:16,998 appended malicious propose 76eedcd9cf on top of fe408e1a91
2018-05-28 11:50:17,067 RCV reinforcement
2018-05-28 11:50:17,071 RCV reinforcement
2018-05-28 11:50:17,580 RCV reinforcement info
2018-05-28 11:50:17,584 , 12.289723331748034
2018-05-28 11:50:17,961 RCV reinforcement info
2018-05-28 11:50:17,965 , 12.407386191411984
2018-05-28 11:50:18,284 RCV reinforcement
2018-05-28 11:50:18,541 RCV commit
2018-05-28 11:50:18,567 appended malicious commit 6f874fd1a0 on top of 76eedcd9cf
2018-05-28 11:50:18,579 Weight: 12.875882762086835 #RFs 5
2018-05-28 11:50:18,581 weight: 12.875882762086835
2018-05-28 11:50:18,581 , 12.875882762086835
2018-05-28 11:50:19,634 RCV reinforcement info
2018-05-28 11:50:19,638 , 12.511270131677223
2018-05-28 11:50:20,039 RCV reinforcement info
2018-05-28 11:50:20,043 , 12.586083256054923
2018-05-28 11:50:20,297 RCV reinforcement info
2018-05-28 11:50:20,300 , 12.652398010671494
2018-05-28 11:50:20,698 RCV reinforcement info
2018-05-28 11:50:20,703 , 12.86567734436402
2018-05-28 11:50:21,079 RCV reinforcement info
2018-05-28 11:50:21,084 , 12.932478942600385
2018-05-28 11:50:21,648 RCV reinforcement info
2018-05-28 11:50:21,653 , 13.004710461233316
2018-05-28 11:50:22,349 RCV reinforcement info
2018-05-28 11:50:22,353 , 13.19046519294631
2018-05-28 11:50:22,486 RCV reinforcement info
2018-05-28 11:50:22,490 , 13.364645883455601
2018-05-28 11:50:23,096 RCV reinforcement info
2018-05-28 11:50:23,100 , 13.448608086682436
2018-05-28 11:50:24,736 RF found but not transmitted
2018-05-28 11:50:25,691 RCV reinforcement info
2018-05-28 11:50:25,695 , 13.610825684111848
2018-05-28 11:50:25,801 RCV reinforcement info
2018-05-28 11:50:25,804 , 13.679092214088618
2018-05-28 11:50:25,944 RCV reinforcement info
2018-05-28 11:50:25,948 , 13.754372165759719
2018-05-28 11:50:25,959 RF found but not transmitted
2018-05-28 11:50:25,961 RF found
2018-05-28 11:50:25,963 SNT reinforcement_information
2018-05-28 11:50:26,385 RCV reinforcement info
2018-05-28 11:50:26,390 , 13.947517572993647
2018-05-28 11:50:26,611 RCV reinforcement info
2018-05-28 11:50:26,615 , 14.08489777341427
2018-05-28 11:50:28,472 RCV reinforcement info
2018-05-28 11:50:28,476 , 14.15399744906273
2018-05-28 11:50:32,635 RF found but not transmitted
2018-05-28 11:50:32,636 RF found
2018-05-28 11:50:32,637 SNT reinforcement_information
2018-05-28 11:50:32,774 RCV reinforcement info
2018-05-28 11:50:32,778 , 14.445559943675374
2018-05-28 11:50:34,026 RF found but not transmitted
2018-05-28 11:50:34,028 RF found
2018-05-28 11:50:34,029 SNT reinforcement_information
2018-05-28 11:50:34,089 RCV reinforcement info
2018-05-28 11:50:34,093 , 15.28781271609975
2018-05-28 11:50:34,912 RCV reinforcement info
2018-05-28 11:50:34,915 , 15.502925112399208
2018-05-28 11:50:35,579 RCV reinforcement info
2018-05-28 11:50:35,583 , 15.571137721296624
2018-05-28 11:50:35,659 RCV reinforcement info
2018-05-28 11:50:35,662 , 15.67375820195516
2018-05-28 11:50:36,588 RCV reinforcement info
2018-05-28 11:50:36,592 , 15.741188906361668
2018-05-28 11:50:37,083 RF found but not transmitted
2018-05-28 11:50:38,470 RF found but not transmitted
2018-05-28 11:50:39,149 RF found but not transmitted
2018-05-28 11:50:39,313 RF found but not transmitted
2018-05-28 11:50:40,696 RF found but not transmitted
2018-05-28 11:50:40,698 RF found
2018-05-28 11:50:40,702 SNT reinforcement_information
2018-05-28 11:50:42,506 RF found but not transmitted
2018-05-28 11:50:44,633 RF found but not transmitted
2018-05-28 11:50:44,634 RF found
2018-05-28 11:50:44,636 SNT reinforcement_information
2018-05-28 11:50:45,446 RF found but not transmitted
2018-05-28 11:50:46,377 RCV proposal
2018-05-28 11:50:46,381 appended malicious propose c1b6c9cc1d on top of 6f874fd1a0
2018-05-28 11:50:46,460 RCV reinforcement
2018-05-28 11:50:46,469 RCV reinforcement
2018-05-28 11:50:46,568 RCV reinforcement
2018-05-28 11:50:47,181 RCV reinforcement info
2018-05-28 11:50:47,184 , 16.837843476213077
2018-05-28 11:50:47,940 RCV reinforcement
2018-05-28 11:50:47,948 RCV commit
2018-05-28 11:50:47,999 appended malicious commit a19bc7c686 on top of c1b6c9cc1d
2018-05-28 11:50:48,050 Weight: 16.11840466122931 #RFs 13
2018-05-28 11:50:48,050 weight: 16.11840466122931
2018-05-28 11:50:48,051 , 16.11840466122931
2018-05-28 11:50:48,140 RCV reinforcement info
2018-05-28 11:50:48,145 , 17.422208409294857
2018-05-28 11:50:49,100 RCV reinforcement info
2018-05-28 11:50:49,104 , 17.51969448432315
2018-05-28 11:50:49,274 RCV reinforcement info
2018-05-28 11:50:49,278 , 17.865016415921424
2018-05-28 11:50:50,164 RCV reinforcement info
2018-05-28 11:50:50,168 , 18.0682915854802
2018-05-28 11:50:53,130 RCV reinforcement info
2018-05-28 11:50:53,135 , 18.40120774909243
2018-05-28 11:50:54,063 RF found but not transmitted
2018-05-28 11:50:54,065 RF found
2018-05-28 11:50:54,068 SNT reinforcement_information
2018-05-28 11:50:54,247 RCV reinforcement info
2018-05-28 11:50:54,251 , 18.699161266957436
2018-05-28 11:50:54,312 RF found but not transmitted
2018-05-28 11:50:54,313 RF found
2018-05-28 11:50:54,314 SNT reinforcement_information
2018-05-28 11:50:55,183 RCV reinforcement info
2018-05-28 11:50:55,187 , 19.473647185812073
2018-05-28 11:50:55,559 RF found but not transmitted
2018-05-28 11:50:55,561 RF found
2018-05-28 11:50:55,563 SNT reinforcement_information
2018-05-28 11:50:57,288 RCV proposal
2018-05-28 11:50:57,292 appended honest propose d438664b16 on top of e45f78dbcd
2018-05-28 11:50:57,292 REINFORCEMENT SENT state
2018-05-28 11:50:57,292 RFs > 0 
2018-05-28 11:50:57,294 SNT reinforcement
2018-05-28 11:50:57,399 RCV reinforcement
2018-05-28 11:50:57,403 RCV reinforcement
2018-05-28 11:50:57,919 RF found but not transmitted
2018-05-28 11:50:58,025 RF found but not transmitted
2018-05-28 11:50:58,910 RCV commit
2018-05-28 11:50:59,058 appended honest commit 9f791c685e on top of d438664b16
2018-05-28 11:50:59,158 RF found but not transmitted
2018-05-28 11:50:59,177 Weight: 20.666627506481667 #RFs 39
2018-05-28 11:50:59,177 weight: 20.666627506481667
2018-05-28 11:50:59,178 , 20.666627506481667
2018-05-28 11:50:59,180 MINING state
2018-05-28 11:50:59,180 start mining - depth 5
2018-05-28 11:50:59,181 start mining - hash 9f791c685e6245c05bed658f5bb615098a03203c951642faaeb71820fa01a594
2018-05-28 11:51:00,090 RF found but not transmitted
2018-05-28 11:51:00,947 RCV reinforcement info
2018-05-28 11:51:00,951 , 20.885378670823165
2018-05-28 11:51:00,973 RF found but not transmitted
2018-05-28 11:51:01,122 RCV reinforcement info
2018-05-28 11:51:01,126 , 20.97039543566508
2018-05-28 11:51:01,431 RCV reinforcement info
2018-05-28 11:51:01,436 , 21.04150120429802
2018-05-28 11:51:03,019 RF found but not transmitted
2018-05-28 11:51:03,190 RCV reinforcement info
2018-05-28 11:51:03,195 , 21.10880961629026
2018-05-28 11:51:04,677 RF found but not transmitted
2018-05-28 11:51:04,679 RF found
2018-05-28 11:51:04,683 SNT reinforcement_information
2018-05-28 11:51:04,996 RCV reinforcement info
2018-05-28 11:51:05,002 , 21.37285219069271
2018-05-28 11:51:06,510 RCV reinforcement info
2018-05-28 11:51:06,514 , 21.70852228143721
2018-05-28 11:51:09,799 RF found but not transmitted
2018-05-28 11:51:09,801 RF found
2018-05-28 11:51:09,802 SNT reinforcement_information
2018-05-28 11:51:12,008 RCV reinforcement info
2018-05-28 11:51:12,013 , 22.127178085066774
2018-05-28 11:51:12,611 RF found but not transmitted
2018-05-28 11:51:12,612 RF found
2018-05-28 11:51:12,613 SNT reinforcement_information
2018-05-28 11:51:12,947 RCV reinforcement info
2018-05-28 11:51:12,950 , 22.263780376328008
2018-05-28 11:51:14,271 RF found but not transmitted
2018-05-28 11:51:14,272 RF found
2018-05-28 11:51:14,275 SNT reinforcement_information
2018-05-28 11:51:14,382 RCV proposal
2018-05-28 11:51:14,387 appended honest propose 5111b700cf on top of 9f791c685e
2018-05-28 11:51:14,387 REINFORCEMENT SENT state
2018-05-28 11:51:14,387 RFs > 0 
2018-05-28 11:51:14,388 SNT reinforcement
2018-05-28 11:51:14,493 RCV reinforcement
2018-05-28 11:51:14,498 RCV reinforcement
2018-05-28 11:51:15,286 RCV reinforcement info
2018-05-28 11:51:15,290 , 22.97667689078449
2018-05-28 11:51:15,348 RCV reinforcement
2018-05-28 11:51:15,819 RF found but not transmitted
2018-05-28 11:51:15,852 RCV commit
2018-05-28 11:51:15,922 appended honest commit d5aecff3e1 on top of 5111b700cf
2018-05-28 11:51:15,978 Weight: 23.97667689078449 #RFs 13
2018-05-28 11:51:15,979 weight: 23.97667689078449
2018-05-28 11:51:15,980 , 23.97667689078449
2018-05-28 11:51:15,980 MINING state
2018-05-28 11:51:15,980 start mining - depth 6
2018-05-28 11:51:15,981 start mining - hash d5aecff3e1d2b71b9c090bdf67912e16584eb33d3b40c988cf0c4833d9755916
2018-05-28 11:51:18,497 RF found but not transmitted
2018-05-28 11:51:18,499 RF found
2018-05-28 11:51:18,503 SNT reinforcement_information
2018-05-28 11:51:18,526 RF found but not transmitted
2018-05-28 11:51:18,552 RF found
2018-05-28 11:51:18,554 SNT reinforcement_information
2018-05-28 11:51:20,086 RF found but not transmitted
2018-05-28 11:51:20,582 RCV reinforcement info
2018-05-28 11:51:20,586 , 24.34012268661315
2018-05-28 11:51:21,863 RCV reinforcement info
2018-05-28 11:51:21,867 , 24.421483877467434
2018-05-28 11:51:22,233 RCV reinforcement info
2018-05-28 11:51:22,237 , 24.56736865095756
2018-05-28 11:51:23,289 RF found but not transmitted
2018-05-28 11:51:24,388 RF found but not transmitted
2018-05-28 11:51:24,389 RF found
2018-05-28 11:51:24,390 SNT reinforcement_information
2018-05-28 11:51:25,472 RF found but not transmitted
2018-05-28 11:51:26,298 RF found but not transmitted
2018-05-28 11:51:26,367 RF found but not transmitted
2018-05-28 11:51:26,369 hash found
2018-05-28 11:51:26,374 appended honest propose b8132bdebf on top of d5aecff3e1
2018-05-28 11:51:26,374 REINFORCEMENT COLLECTING state
2018-05-28 11:51:26,433 SNT proposal
2018-05-28 11:51:26,581 RCV reinforcement
2018-05-28 11:51:26,594 RCV reinforcement
2018-05-28 11:51:27,222 RCV reinforcement info
2018-05-28 11:51:27,227 , 24.862284497410187
2018-05-28 11:51:27,305 RCV reinforcement
2018-05-28 11:51:27,935 commit with 3 reinforcements
2018-05-28 11:51:27,949 appended honest commit 4761f2eb91 on top of b8132bdebf
2018-05-28 11:51:27,958 Weight: 25.862284497410187 #RFs 7
2018-05-28 11:51:27,958 weight: 25.862284497410187
2018-05-28 11:51:27,958 , 25.862284497410187
2018-05-28 11:51:27,958 MINING state
2018-05-28 11:51:27,959 start mining - depth 7
2018-05-28 11:51:27,959 start mining - hash 4761f2eb9123747bd37402f16aa55528be23f8e74f64389eba6b5a02a4b1a366
2018-05-28 11:51:27,961 Hashing frequency: 7772
2018-05-28 11:51:27,961 SNT commit
2018-05-28 11:51:28,238 RCV proposal
2018-05-28 11:51:28,241 appended honest propose 9f4f73ecf9 on top of 4761f2eb91
2018-05-28 11:51:28,241 REINFORCEMENT SENT state
2018-05-28 11:51:28,699 RF found but not transmitted
2018-05-28 11:51:28,702 SNT reinforcement_information
2018-05-28 11:51:28,789 SNT reinforcement
2018-05-28 11:51:29,765 RCV commit
2018-05-28 11:51:29,769 appended honest commit 6fcefcae4a on top of 9f4f73ecf9
2018-05-28 11:51:29,771 Weight: 26.96526496199361 #RFs 1
2018-05-28 11:51:29,771 weight: 26.96526496199361
2018-05-28 11:51:29,771 , 26.96526496199361
2018-05-28 11:51:29,771 MINING state
2018-05-28 11:51:29,771 start mining - depth 8
2018-05-28 11:51:29,772 start mining - hash 6fcefcae4ab9f24469a689b344d97f2429b047197d2c5424222ed201b1f87d07
2018-05-28 11:51:29,787 RCV reinforcement info
2018-05-28 11:51:29,842 RCV reinforcement
2018-05-28 11:51:31,780 RCV reinforcement info
2018-05-28 11:51:31,783 , 27.05557107755521
2018-05-28 11:51:32,131 RF found but not transmitted
2018-05-28 11:51:32,156 RF found but not transmitted
2018-05-28 11:51:32,359 RF found but not transmitted
2018-05-28 11:51:32,449 RCV reinforcement info
2018-05-28 11:51:32,452 , 27.214926283715045
2018-05-28 11:51:32,969 RF found but not transmitted
2018-05-28 11:51:32,972 RF found
2018-05-28 11:51:32,974 SNT reinforcement_information
2018-05-28 11:51:35,586 RCV reinforcement info
2018-05-28 11:51:35,590 , 27.510378915453153
2018-05-28 11:51:36,103 RF found but not transmitted
2018-05-28 11:51:36,386 RF found but not transmitted
2018-05-28 11:51:37,351 RCV reinforcement info
2018-05-28 11:51:37,355 , 27.97643670560214
2018-05-28 11:51:37,686 RF found but not transmitted
2018-05-28 11:51:40,156 RF found but not transmitted
2018-05-28 11:51:40,683 RF found but not transmitted
2018-05-28 11:51:40,684 RF found
2018-05-28 11:51:40,686 SNT reinforcement_information
2018-05-28 11:51:41,058 RF found but not transmitted
2018-05-28 11:51:41,099 RF found but not transmitted
2018-05-28 11:51:41,101 RF found
2018-05-28 11:51:41,102 SNT reinforcement_information
2018-05-28 11:51:41,528 RCV reinforcement info
2018-05-28 11:51:41,533 , 28.274886151484864
2018-05-28 11:51:41,702 RF found but not transmitted
2018-05-28 11:51:41,704 RF found
2018-05-28 11:51:41,705 SNT reinforcement_information
2018-05-28 11:51:42,742 RCV reinforcement info
2018-05-28 11:51:42,746 , 28.608048364770042
2018-05-28 11:51:43,098 RCV reinforcement info
2018-05-28 11:51:43,102 , 28.8043888196127
2018-05-28 11:51:43,593 RCV reinforcement info
2018-05-28 11:51:43,597 , 28.942987507448237
2018-05-28 11:51:43,923 RF found but not transmitted
2018-05-28 11:51:45,175 RCV reinforcement info
2018-05-28 11:51:45,179 , 29.037951630658597
2018-05-28 11:51:45,234 RF found but not transmitted
2018-05-28 11:51:45,511 RF found but not transmitted
2018-05-28 11:51:46,986 RF found but not transmitted
2018-05-28 11:51:47,128 RCV reinforcement info
2018-05-28 11:51:47,132 , 29.20152322730808
2018-05-28 11:51:47,342 RF found but not transmitted
2018-05-28 11:51:47,587 RCV reinforcement info
2018-05-28 11:51:47,590 , 29.425107669787
2018-05-28 11:51:47,753 RF found but not transmitted
2018-05-28 11:51:48,565 RCV reinforcement info
2018-05-28 11:51:48,569 , 29.558168126493523
2018-05-28 11:51:49,111 RF found but not transmitted
2018-05-28 11:51:49,376 RF found but not transmitted
2018-05-28 11:51:50,179 RCV reinforcement info
2018-05-28 11:51:50,183 , 29.6237126871875
2018-05-28 11:51:50,184 RF found but not transmitted
2018-05-28 11:51:50,186 RF found
2018-05-28 11:51:50,188 SNT reinforcement_information
2018-05-28 11:51:51,372 RCV reinforcement info
2018-05-28 11:51:51,376 , 29.75785062942965
2018-05-28 11:51:51,969 RF found but not transmitted
2018-05-28 11:51:53,008 RCV reinforcement info
2018-05-28 11:51:53,012 , 30.42228413482389
2018-05-28 11:51:53,572 RCV reinforcement info
2018-05-28 11:51:53,575 , 30.665484254661198
2018-05-28 11:51:53,643 RCV reinforcement info
2018-05-28 11:51:53,647 , 30.75087991430896
2018-05-28 11:51:53,749 RF found but not transmitted
2018-05-28 11:51:53,845 RCV proposal
2018-05-28 11:51:53,852 appended honest propose 501a0e2919 on top of 6fcefcae4a
2018-05-28 11:51:53,852 REINFORCEMENT SENT state
2018-05-28 11:51:53,852 RFs > 0 
2018-05-28 11:51:53,853 SNT reinforcement
2018-05-28 11:51:53,970 RCV reinforcement
2018-05-28 11:51:53,974 RCV reinforcement
2018-05-28 11:51:54,418 RF found but not transmitted
2018-05-28 11:51:55,355 RF found but not transmitted
2018-05-28 11:51:55,373 RF found but not transmitted
2018-05-28 11:51:55,375 SNT reinforcement_information
2018-05-28 11:51:55,465 SNT reinforcement
2018-05-28 11:51:55,632 RCV commit
2018-05-28 11:51:55,676 appended honest commit f3cbe724eb on top of 501a0e2919
2018-05-28 11:51:55,707 Weight: 31.75087991430896 #RFs 22
2018-05-28 11:51:55,708 weight: 31.75087991430896
2018-05-28 11:51:55,708 , 31.75087991430896
2018-05-28 11:51:55,709 MINING state
2018-05-28 11:51:55,709 start mining - depth 9
2018-05-28 11:51:55,709 start mining - hash f3cbe724eb25b89fc0cb42697d988470d5ec0e40d1175b430a716153b24a2818
2018-05-28 11:51:55,936 RF found but not transmitted
2018-05-28 11:51:55,974 RCV reinforcement info
2018-05-28 11:51:55,979 , 31.83432886660626
2018-05-28 11:51:56,177 RCV reinforcement info
2018-05-28 11:51:56,183 , 32.74137106356728
2018-05-28 11:51:56,192 RF found but not transmitted
2018-05-28 11:51:56,193 RF found
2018-05-28 11:51:56,195 SNT reinforcement_information
2018-05-28 11:51:57,346 RF found but not transmitted
2018-05-28 11:51:57,347 RF found
2018-05-28 11:51:57,348 SNT reinforcement_information
2018-05-28 11:51:58,605 RF found but not transmitted
2018-05-28 11:51:58,720 RF found but not transmitted
2018-05-28 11:51:59,683 RF found but not transmitted
2018-05-28 11:52:01,241 RF found but not transmitted
2018-05-28 11:52:01,568 RF found but not transmitted
2018-05-28 11:52:01,934 RCV reinforcement info
2018-05-28 11:52:01,938 , 33.18458463830136
2018-05-28 11:52:03,053 RCV reinforcement info
2018-05-28 11:52:03,058 , 33.26916910246912
2018-05-28 11:52:03,299 RF found but not transmitted
2018-05-28 11:52:05,917 RF found but not transmitted
2018-05-28 11:52:07,348 RF found but not transmitted
2018-05-28 11:52:07,351 RF found
2018-05-28 11:52:07,354 SNT reinforcement_information
2018-05-28 11:52:08,256 RCV reinforcement info
2018-05-28 11:52:08,261 , 33.437317463199236
2018-05-28 11:52:08,381 RF found but not transmitted
2018-05-28 11:52:08,384 RF found
2018-05-28 11:52:08,386 SNT reinforcement_information
2018-05-28 11:52:10,374 RCV reinforcement info
2018-05-28 11:52:10,379 , 33.808918256515106
2018-05-28 11:52:11,037 RCV proposal
2018-05-28 11:52:11,039 appended honest propose fa7295ce9a on top of f3cbe724eb
2018-05-28 11:52:11,040 REINFORCEMENT SENT state
2018-05-28 11:52:11,040 RFs > 0 
2018-05-28 11:52:11,041 SNT reinforcement
2018-05-28 11:52:11,149 RCV reinforcement
2018-05-28 11:52:11,158 RCV reinforcement
2018-05-28 11:52:11,750 RF found but not transmitted
2018-05-28 11:52:11,790 RF found but not transmitted
2018-05-28 11:52:11,796 SNT reinforcement_information
2018-05-28 11:52:11,875 SNT reinforcement
2018-05-28 11:52:12,256 RCV reinforcement info
2018-05-28 11:52:12,261 , 34.111800496844864
2018-05-28 11:52:12,317 RCV reinforcement
2018-05-28 11:52:12,588 RCV commit
2018-05-28 11:52:12,640 appended honest commit 1a98e5c65b on top of fa7295ce9a
2018-05-28 11:52:12,676 Weight: 35.111800496844864 #RFs 12
2018-05-28 11:52:12,676 weight: 35.111800496844864
2018-05-28 11:52:12,676 , 35.111800496844864
2018-05-28 11:52:12,677 MINING state
2018-05-28 11:52:12,677 start mining - depth 10
2018-05-28 11:52:12,678 start mining - hash 1a98e5c65b9a3b5b2772b867aff1b4a814f0f1dc7aac8244216001c8395eaa84
2018-05-28 11:52:12,721 RCV reinforcement info
2018-05-28 11:52:12,778 RCV reinforcement
2018-05-28 11:52:13,685 RCV reinforcement info
2018-05-28 11:52:13,690 , 35.2269237878746
2018-05-28 11:52:13,780 RCV reinforcement info
2018-05-28 11:52:13,785 , 35.323468618799865
2018-05-28 11:52:14,708 RCV reinforcement info
2018-05-28 11:52:14,714 , 35.43628284430724
2018-05-28 11:52:17,474 RCV reinforcement info
2018-05-28 11:52:17,478 , 35.68836032185886
2018-05-28 11:52:17,647 RF found but not transmitted
2018-05-28 11:52:17,649 RF found
2018-05-28 11:52:17,651 SNT reinforcement_information
2018-05-28 11:52:18,332 RF found but not transmitted
2018-05-28 11:52:18,941 RCV reinforcement info
2018-05-28 11:52:18,947 , 36.737931404406666
2018-05-28 11:52:18,964 RF found but not transmitted
2018-05-28 11:52:18,976 RCV reinforcement info
2018-05-28 11:52:18,980 , 36.88608949447367
2018-05-28 11:52:19,254 RF found but not transmitted
2018-05-28 11:52:19,763 RCV reinforcement info
2018-05-28 11:52:19,768 , 36.9858760500665
2018-05-28 11:52:19,905 RF found but not transmitted
2018-05-28 11:52:19,906 RF found
2018-05-28 11:52:19,907 SNT reinforcement_information
2018-05-28 11:52:20,484 RCV reinforcement info
2018-05-28 11:52:20,489 , 37.60365173505083
2018-05-28 11:52:21,853 RCV reinforcement info
2018-05-28 11:52:21,859 , 37.71356878654502
2018-05-28 11:52:22,896 RCV reinforcement info
2018-05-28 11:52:22,901 , 37.85695194387068
2018-05-28 11:52:23,301 RCV reinforcement info
2018-05-28 11:52:23,304 , 38.0975520311658
2018-05-28 11:52:24,302 RCV reinforcement info
2018-05-28 11:52:24,307 , 38.203229283381255
2018-05-28 11:52:26,481 RCV proposal
2018-05-28 11:52:26,484 appended honest propose 85b22e967e on top of 1a98e5c65b
2018-05-28 11:52:26,484 REINFORCEMENT SENT state
2018-05-28 11:52:26,485 RFs > 0 
2018-05-28 11:52:26,486 SNT reinforcement
2018-05-28 11:52:26,603 RCV reinforcement
2018-05-28 11:52:26,612 RCV reinforcement
2018-05-28 11:52:26,750 RCV reinforcement info
2018-05-28 11:52:26,756 , 38.510273671414474
2018-05-28 11:52:26,837 RCV reinforcement
2018-05-28 11:52:27,024 RCV reinforcement info
2018-05-28 11:52:27,029 , 38.58021383976721
2018-05-28 11:52:27,099 RCV reinforcement
2018-05-28 11:52:27,136 RF found but not transmitted
2018-05-28 11:52:28,004 RCV reinforcement info
2018-05-28 11:52:28,008 , 38.77220280785852
2018-05-28 11:52:28,078 RCV commit
2018-05-28 11:52:28,146 appended honest commit 25d0129034 on top of 85b22e967e
2018-05-28 11:52:28,203 Weight: 39.510273671414474 #RFs 15
2018-05-28 11:52:28,203 weight: 39.510273671414474
2018-05-28 11:52:28,204 , 39.510273671414474
2018-05-28 11:52:28,205 MINING state
2018-05-28 11:52:28,205 start mining - depth 11
2018-05-28 11:52:28,207 start mining - hash 25d01290341fc0af5d59513f6e39afaeefa5314e631d6e9dc5d7b4dd3b83c2ab
2018-05-28 11:52:28,208 Hashing frequency: 9798
2018-05-28 11:52:28,212 RCV reinforcement
2018-05-28 11:52:28,441 RCV proposal
2018-05-28 11:52:28,445 appended malicious propose 261e0ecf79 on top of a19bc7c686
2018-05-28 11:52:28,471 RF found but not transmitted
2018-05-28 11:52:28,539 RCV reinforcement
2018-05-28 11:52:28,544 RCV reinforcement
2018-05-28 11:52:29,784 RCV reinforcement info
2018-05-28 11:52:29,788 , 39.74540166649398
2018-05-28 11:52:29,977 RF found but not transmitted
2018-05-28 11:52:30,137 RCV commit
2018-05-28 11:52:30,363 appended malicious commit aabf540341 on top of 261e0ecf79
2018-05-28 11:52:30,571 Weight: 24.793470340474705 #RFs 54
2018-05-28 11:52:30,572 weight: 24.793470340474705
2018-05-28 11:52:30,572 , 24.793470340474705
2018-05-28 11:52:31,214 RF found but not transmitted
2018-05-28 11:52:31,217 RF found
2018-05-28 11:52:31,221 SNT reinforcement_information
2018-05-28 11:52:31,588 RCV reinforcement info
2018-05-28 11:52:31,591 , 40.61601920709331
2018-05-28 11:52:31,726 RF found but not transmitted
2018-05-28 11:52:31,733 RF found
2018-05-28 11:52:31,735 SNT reinforcement_information
2018-05-28 11:52:32,464 RF found but not transmitted
2018-05-28 11:52:32,885 RF found but not transmitted
2018-05-28 11:52:32,941 RCV reinforcement info
2018-05-28 11:52:32,945 , 40.85554568130968
2018-05-28 11:52:33,059 RCV reinforcement info
2018-05-28 11:52:33,063 , 41.004327083746055
2018-05-28 11:52:33,238 RCV reinforcement info
2018-05-28 11:52:33,243 , 41.09379110203291
2018-05-28 11:52:33,481 RCV reinforcement info
2018-05-28 11:52:33,485 , 41.15691566432106
2018-05-28 11:52:33,527 RF found but not transmitted
2018-05-28 11:52:33,530 RF found
2018-05-28 11:52:33,532 SNT reinforcement_information
2018-05-28 11:52:33,708 RF found but not transmitted
2018-05-28 11:52:33,961 RCV reinforcement info
2018-05-28 11:52:33,965 , 41.443819872603655
2018-05-28 11:52:36,887 RCV reinforcement info
2018-05-28 11:52:36,891 , 41.521711534400744
2018-05-28 11:52:37,317 RF found but not transmitted
2018-05-28 11:52:37,546 RF found but not transmitted
2018-05-28 11:52:37,623 RF found but not transmitted
2018-05-28 11:52:37,624 RF found
2018-05-28 11:52:37,625 SNT reinforcement_information
2018-05-28 11:52:37,888 RF found but not transmitted
2018-05-28 11:52:38,894 RCV reinforcement info
2018-05-28 11:52:38,899 , 41.78316960796624
2018-05-28 11:52:39,135 RF found but not transmitted
2018-05-28 11:52:39,795 RF found but not transmitted
2018-05-28 11:52:39,798 RF found
2018-05-28 11:52:39,800 SNT reinforcement_information
2018-05-28 11:52:41,374 RCV reinforcement info
2018-05-28 11:52:41,379 , 41.97474390422763
2018-05-28 11:52:41,761 RCV reinforcement info
2018-05-28 11:52:41,765 , 42.68344782784159
2018-05-28 11:52:42,046 RCV reinforcement info
2018-05-28 11:52:42,050 , 42.78873728915126
2018-05-28 11:52:42,217 RF found but not transmitted
2018-05-28 11:52:42,217 hash found
2018-05-28 11:52:42,221 appended honest propose 1827a3d963 on top of 25d0129034
2018-05-28 11:52:42,221 REINFORCEMENT COLLECTING state
2018-05-28 11:52:42,289 SNT proposal
2018-05-28 11:52:42,460 RCV reinforcement
2018-05-28 11:52:42,473 RCV reinforcement
2018-05-28 11:52:42,487 RCV reinforcement
2018-05-28 11:52:43,009 RCV reinforcement info
2018-05-28 11:52:43,014 , 43.192656952428216
2018-05-28 11:52:43,063 RCV reinforcement
2018-05-28 11:52:43,643 RCV reinforcement info
2018-05-28 11:52:43,648 , 43.27316874909024
2018-05-28 11:52:43,694 RCV reinforcement
2018-05-28 11:52:43,793 commit with 4 reinforcements
2018-05-28 11:52:43,824 appended honest commit bd72fd28ee on top of 1827a3d963
2018-05-28 11:52:43,862 Weight: 44.27316874909024 #RFs 19
2018-05-28 11:52:43,862 weight: 44.27316874909024
2018-05-28 11:52:43,863 , 44.27316874909024
2018-05-28 11:52:43,863 MINING state
2018-05-28 11:52:43,863 start mining - depth 12
2018-05-28 11:52:43,864 start mining - hash bd72fd28ee33aabcf289332e9cfb24e1e4058cf92c8c2c9a41cc52667ae09bbe
2018-05-28 11:52:43,867 SNT commit
2018-05-28 11:52:43,950 RF found but not transmitted
2018-05-28 11:52:43,983 RF found but not transmitted
2018-05-28 11:52:43,985 RF found
2018-05-28 11:52:43,987 SNT reinforcement_information
2018-05-28 11:52:44,751 RF found but not transmitted
2018-05-28 11:52:44,752 RF found
2018-05-28 11:52:44,754 SNT reinforcement_information
2018-05-28 11:52:46,056 RCV reinforcement info
2018-05-28 11:52:46,060 , 44.59215485679452
2018-05-28 11:52:46,703 RF found but not transmitted
2018-05-28 11:52:48,111 RF found but not transmitted
2018-05-28 11:52:48,153 RCV reinforcement info
2018-05-28 11:52:48,158 , 44.76456328586719
2018-05-28 11:52:48,756 RF found but not transmitted
2018-05-28 11:52:48,758 RF found
2018-05-28 11:52:48,761 SNT reinforcement_information
2018-05-28 11:52:49,620 RF found but not transmitted
2018-05-28 11:52:52,178 RCV reinforcement info
2018-05-28 11:52:52,183 , 45.06328296141744
2018-05-28 11:52:52,560 RCV reinforcement info
2018-05-28 11:52:52,564 , 45.141232466024164
2018-05-28 11:52:52,843 RF found but not transmitted
2018-05-28 11:52:52,846 hash found
2018-05-28 11:52:52,850 appended honest propose c6102fa133 on top of bd72fd28ee
2018-05-28 11:52:52,850 REINFORCEMENT COLLECTING state
2018-05-28 11:52:52,931 SNT proposal
2018-05-28 11:52:53,126 RCV reinforcement
2018-05-28 11:52:53,138 RCV reinforcement
2018-05-28 11:52:53,167 RCV reinforcement
2018-05-28 11:52:53,303 RF found but not transmitted
2018-05-28 11:52:54,139 RCV reinforcement info
2018-05-28 11:52:54,145 , 45.34519861583576
2018-05-28 11:52:54,215 RCV reinforcement
2018-05-28 11:52:54,421 RF found but not transmitted
2018-05-28 11:52:54,427 SNT reinforcement_information
2018-05-28 11:52:54,503 SNT reinforcement
2018-05-28 11:52:54,589 commit with 4 reinforcements
2018-05-28 11:52:54,609 appended honest commit 8757a46a92 on top of c6102fa133
2018-05-28 11:52:54,619 Weight: 46.34519861583576 #RFs 8
2018-05-28 11:52:54,621 weight: 46.34519861583576
2018-05-28 11:52:54,621 , 46.34519861583576
2018-05-28 11:52:54,621 MINING state
2018-05-28 11:52:54,621 start mining - depth 13
2018-05-28 11:52:54,623 start mining - hash 8757a46a923e90b4b98d7925ac9c75d5470ea506d536e8a4c9a378f50f63bed5
2018-05-28 11:52:54,626 SNT commit
2018-05-28 11:52:57,013 RCV reinforcement info
2018-05-28 11:52:57,018 , 46.68778842031954
2018-05-28 11:52:57,415 RCV reinforcement info
2018-05-28 11:52:57,419 , 47.23758984177525
2018-05-28 11:52:57,936 RF found but not transmitted
2018-05-28 11:52:58,754 RF found but not transmitted
2018-05-28 11:52:59,258 RF found but not transmitted
2018-05-28 11:52:59,593 RCV reinforcement info
2018-05-28 11:52:59,598 , 47.32825613108856
2018-05-28 11:52:59,881 RF found but not transmitted
2018-05-28 11:52:59,929 RCV reinforcement info
2018-05-28 11:52:59,934 , 47.472715806823466
2018-05-28 11:53:00,729 RCV reinforcement info
2018-05-28 11:53:00,733 , 47.560292823144906
2018-05-28 11:53:00,779 RCV reinforcement info
2018-05-28 11:53:00,784 , 47.71762067349609
2018-05-28 11:53:01,081 RF found but not transmitted
2018-05-28 11:53:01,083 RF found
2018-05-28 11:53:01,085 SNT reinforcement_information
2018-05-28 11:53:01,135 RF found but not transmitted
2018-05-28 11:53:01,711 RCV reinforcement info
2018-05-28 11:53:01,716 , 48.07264421922066
2018-05-28 11:53:03,335 RCV reinforcement info
2018-05-28 11:53:03,340 , 48.501818160406074
2018-05-28 11:53:04,427 RF found but not transmitted
2018-05-28 11:53:04,727 RF found but not transmitted
2018-05-28 11:53:04,730 RF found
2018-05-28 11:53:04,732 SNT reinforcement_information
2018-05-28 11:53:05,047 RF found but not transmitted
2018-05-28 11:53:05,306 RF found but not transmitted
2018-05-28 11:53:06,581 RF found but not transmitted
2018-05-28 11:53:06,861 RCV reinforcement info
2018-05-28 11:53:06,865 , 48.752940594017375
2018-05-28 11:53:07,225 RF found but not transmitted
2018-05-28 11:53:07,678 RCV reinforcement info
2018-05-28 11:53:07,683 , 48.83837601013063
2018-05-28 11:53:07,966 RF found but not transmitted
2018-05-28 11:53:08,320 RCV reinforcement info
2018-05-28 11:53:08,324 , 48.90508077011658
2018-05-28 11:53:08,621 RF found but not transmitted
2018-05-28 11:53:08,628 RF found
2018-05-28 11:53:08,631 SNT reinforcement_information
2018-05-28 11:53:09,499 RCV reinforcement info
2018-05-28 11:53:09,503 , 49.40652953076095
2018-05-28 11:53:10,563 RCV reinforcement info
2018-05-28 11:53:10,566 , 49.908267755929195
2018-05-28 11:53:10,957 RCV reinforcement info
2018-05-28 11:53:10,962 , 49.99157149643125
2018-05-28 11:53:11,386 RF found but not transmitted
2018-05-28 11:53:11,390 RCV reinforcement info
2018-05-28 11:53:11,396 , 50.45249569000182
2018-05-28 11:53:11,769 RF found but not transmitted
2018-05-28 11:53:11,971 RCV reinforcement info
2018-05-28 11:53:11,976 , 50.5215905692093
2018-05-28 11:53:12,338 RCV reinforcement info
2018-05-28 11:53:12,342 , 50.778492842717476
2018-05-28 11:53:13,346 RF found but not transmitted
2018-05-28 11:53:13,817 RF found but not transmitted
2018-05-28 11:53:14,155 RF found but not transmitted
2018-05-28 11:53:15,290 RF found but not transmitted
2018-05-28 11:53:15,293 RF found but not transmitted
2018-05-28 11:53:15,511 RCV reinforcement info
2018-05-28 11:53:15,516 , 50.88351724763141
2018-05-28 11:53:17,923 RCV reinforcement info
2018-05-28 11:53:17,928 , 51.16391764881923
2018-05-28 11:53:18,251 RF found but not transmitted
2018-05-28 11:53:18,664 RF found but not transmitted
2018-05-28 11:53:18,715 RF found but not transmitted
2018-05-28 11:53:20,071 RF found but not transmitted
2018-05-28 11:53:20,421 RF found but not transmitted
2018-05-28 11:53:20,635 RF found but not transmitted
2018-05-28 11:53:20,846 RF found but not transmitted
2018-05-28 11:53:21,104 RF found but not transmitted
2018-05-28 11:53:21,567 RF found but not transmitted
2018-05-28 11:53:21,568 RF found
2018-05-28 11:53:21,570 SNT reinforcement_information
2018-05-28 11:53:22,236 RCV reinforcement info
2018-05-28 11:53:22,241 , 51.46711995627073
2018-05-28 11:53:23,568 RCV reinforcement info
2018-05-28 11:53:23,573 , 51.729768612164804
2018-05-28 11:53:23,709 RF found but not transmitted
2018-05-28 11:53:23,979 RCV reinforcement info
2018-05-28 11:53:23,983 , 51.83671817351551
2018-05-28 11:53:24,972 RF found but not transmitted
2018-05-28 11:53:25,653 RF found but not transmitted
2018-05-28 11:53:26,208 RCV reinforcement info
2018-05-28 11:53:26,213 , 51.90663624540493
2018-05-28 11:53:27,162 RCV reinforcement info
2018-05-28 11:53:27,166 , 51.98624329509706
2018-05-28 11:53:28,358 RF found but not transmitted
2018-05-28 11:53:28,869 RCV reinforcement info
2018-05-28 11:53:28,873 , 52.1801608666242
2018-05-28 11:53:28,914 RF found but not transmitted
2018-05-28 11:53:29,559 RF found but not transmitted
2018-05-28 11:53:29,920 RF found but not transmitted
2018-05-28 11:53:29,921 RF found
2018-05-28 11:53:29,922 SNT reinforcement_information
2018-05-28 11:53:29,988 RCV reinforcement info
2018-05-28 11:53:29,992 , 52.37056572210816
2018-05-28 11:53:31,209 RF found but not transmitted
2018-05-28 11:53:32,297 RCV reinforcement info
2018-05-28 11:53:32,302 , 52.43932796367565
2018-05-28 11:53:33,031 RCV reinforcement info
2018-05-28 11:53:33,036 , 52.62246731170019
2018-05-28 11:53:33,804 RF found but not transmitted
2018-05-28 11:53:34,452 RCV reinforcement info
2018-05-28 11:53:34,456 , 52.69991209942283
2018-05-28 11:53:34,634 RF found but not transmitted
2018-05-28 11:53:35,035 RF found but not transmitted
2018-05-28 11:53:35,570 RCV reinforcement info
2018-05-28 11:53:35,575 , 52.79233480908678
2018-05-28 11:53:35,596 RF found but not transmitted
2018-05-28 11:53:35,769 RF found but not transmitted
2018-05-28 11:53:35,959 RF found but not transmitted
2018-05-28 11:53:36,139 RF found but not transmitted
2018-05-28 11:53:38,057 RF found but not transmitted
2018-05-28 11:53:38,154 RF found but not transmitted
2018-05-28 11:53:38,155 RF found
2018-05-28 11:53:38,157 SNT reinforcement_information
2018-05-28 11:53:38,623 RCV reinforcement info
2018-05-28 11:53:38,628 , 53.10038393510618
2018-05-28 11:53:39,392 RCV reinforcement info
2018-05-28 11:53:39,396 , 54.000120267867445
2018-05-28 11:53:39,609 RCV reinforcement info
2018-05-28 11:53:39,615 , 54.24241849133725
2018-05-28 11:53:39,619 RF found but not transmitted
2018-05-28 11:53:40,722 RF found but not transmitted
2018-05-28 11:53:40,725 RF found
2018-05-28 11:53:40,726 SNT reinforcement_information
2018-05-28 11:53:41,233 RCV reinforcement info
2018-05-28 11:53:41,238 , 54.578178538483655
2018-05-28 11:53:41,656 RF found but not transmitted
2018-05-28 11:53:42,208 RF found but not transmitted
2018-05-28 11:53:42,846 RF found but not transmitted
2018-05-28 11:53:42,979 RF found but not transmitted
2018-05-28 11:53:42,983 RF found
2018-05-28 11:53:42,984 SNT reinforcement_information
2018-05-28 11:53:43,572 RCV reinforcement info
2018-05-28 11:53:43,577 , 54.827011729855386
2018-05-28 11:53:44,264 RCV reinforcement info
2018-05-28 11:53:44,268 , 54.89055986764984
2018-05-28 11:53:45,891 RF found but not transmitted
2018-05-28 11:53:47,132 RCV reinforcement info
2018-05-28 11:53:47,137 , 54.976765650439695
2018-05-28 11:53:47,219 RCV reinforcement info
2018-05-28 11:53:47,223 , 55.043216551482104
2018-05-28 11:53:48,272 RF found but not transmitted
2018-05-28 11:53:48,555 RF found but not transmitted
2018-05-28 11:53:48,556 RF found
2018-05-28 11:53:48,558 SNT reinforcement_information
2018-05-28 11:53:49,096 RF found but not transmitted
2018-05-28 11:53:49,445 RF found but not transmitted
2018-05-28 11:53:50,113 RF found but not transmitted
2018-05-28 11:53:51,029 RF found but not transmitted
2018-05-28 11:53:51,128 RF found but not transmitted
2018-05-28 11:53:51,161 RF found but not transmitted
2018-05-28 11:53:51,678 RCV reinforcement info
2018-05-28 11:53:51,682 , 55.65223355648771
2018-05-28 11:53:54,451 RF found but not transmitted
2018-05-28 11:53:55,679 RF found but not transmitted
2018-05-28 11:53:56,944 RF found but not transmitted
2018-05-28 11:53:56,947 RF found
2018-05-28 11:53:56,950 SNT reinforcement_information
2018-05-28 11:53:58,533 RF found but not transmitted
2018-05-28 11:53:58,977 RF found but not transmitted
2018-05-28 11:53:59,354 RF found but not transmitted
2018-05-28 11:54:00,981 RF found but not transmitted
2018-05-28 11:54:01,231 RF found but not transmitted
2018-05-28 11:54:03,193 RF found but not transmitted
2018-05-28 11:54:03,195 RF found
2018-05-28 11:54:03,197 SNT reinforcement_information
2018-05-28 11:54:03,297 RF found but not transmitted
2018-05-28 11:54:04,251 RCV reinforcement info
2018-05-28 11:54:04,257 , 55.86834008387567
2018-05-28 11:54:05,339 RF found but not transmitted
2018-05-28 11:54:05,566 RF found but not transmitted
2018-05-28 11:54:06,087 RF found but not transmitted
2018-05-28 11:54:08,307 RF found but not transmitted
2018-05-28 11:54:08,355 RF found but not transmitted
2018-05-28 11:54:08,539 RCV reinforcement info
2018-05-28 11:54:08,544 , 56.02791270672762
2018-05-28 11:54:09,695 RF found but not transmitted
2018-05-28 11:54:09,913 RCV reinforcement info
2018-05-28 11:54:09,917 , 56.60180895887002
2018-05-28 11:54:10,139 RF found but not transmitted
2018-05-28 11:54:10,812 RF found but not transmitted
2018-05-28 11:54:11,774 RF found but not transmitted
2018-05-28 11:54:11,855 RF found but not transmitted
2018-05-28 11:54:11,899 RF found but not transmitted
2018-05-28 11:54:12,161 RCV reinforcement info
2018-05-28 11:54:12,165 , 56.707620119216514
2018-05-28 11:54:12,430 RF found but not transmitted
2018-05-28 11:54:12,535 RCV reinforcement info
2018-05-28 11:54:12,540 , 56.82162530224791
2018-05-28 11:54:12,670 RF found but not transmitted
2018-05-28 11:54:12,715 RF found but not transmitted
2018-05-28 11:54:12,973 RCV reinforcement info
2018-05-28 11:54:12,978 , 57.177727080813106
2018-05-28 11:54:13,006 RF found but not transmitted
2018-05-28 11:54:13,766 RF found but not transmitted
2018-05-28 11:54:13,790 RF found but not transmitted
2018-05-28 11:54:14,040 RCV proposal
2018-05-28 11:54:14,048 appended malicious propose 68ea98a321 on top of aabf540341
2018-05-28 11:54:14,136 RF found but not transmitted
2018-05-28 11:54:14,160 RCV reinforcement
2018-05-28 11:54:14,176 RCV reinforcement
2018-05-28 11:54:14,457 RF found but not transmitted
2018-05-28 11:54:15,095 RF found but not transmitted
2018-05-28 11:54:15,160 RF found but not transmitted
2018-05-28 11:54:15,624 RF found but not transmitted
2018-05-28 11:54:15,627 RF found
2018-05-28 11:54:15,629 SNT reinforcement_information
2018-05-28 11:54:15,831 RCV commit
2018-05-28 11:54:16,114 appended malicious commit 2601ca423f on top of 68ea98a321
2018-05-28 11:54:16,385 Weight: 40.16514660298732 #RFs 71
2018-05-28 11:54:16,385 weight: 40.16514660298732
2018-05-28 11:54:16,386 , 40.16514660298732
2018-05-28 11:54:17,247 RF found but not transmitted
2018-05-28 11:54:17,249 RF found
2018-05-28 11:54:17,251 SNT reinforcement_information
2018-05-28 11:54:17,403 RCV reinforcement info
2018-05-28 11:54:17,407 , 57.566920939631224
2018-05-28 11:54:18,354 RF found but not transmitted
2018-05-28 11:54:18,531 RCV reinforcement info
2018-05-28 11:54:18,536 , 57.634042583123914
2018-05-28 11:54:18,583 RCV reinforcement info
2018-05-28 11:54:18,587 , 57.768977485198725
2018-05-28 11:54:20,651 RF found but not transmitted
2018-05-28 11:54:20,654 RF found
2018-05-28 11:54:20,656 SNT reinforcement_information
2018-05-28 11:54:20,758 RF found but not transmitted
2018-05-28 11:54:20,763 RF found
2018-05-28 11:54:20,764 SNT reinforcement_information
2018-05-28 11:54:21,219 RCV reinforcement info
2018-05-28 11:54:21,227 , 58.01752699135065
2018-05-28 11:54:21,345 RF found but not transmitted
2018-05-28 11:54:21,488 RCV reinforcement info
2018-05-28 11:54:21,493 , 58.10698846498365
2018-05-28 11:54:21,831 RF found but not transmitted
2018-05-28 11:54:23,375 RCV reinforcement info
2018-05-28 11:54:23,380 , 58.337714146390645
2018-05-28 11:54:24,064 RF found but not transmitted
2018-05-28 11:54:24,468 RCV reinforcement info
2018-05-28 11:54:24,472 , 58.46968884797482
2018-05-28 11:54:24,909 RF found but not transmitted
2018-05-28 11:54:24,911 hash found
2018-05-28 11:54:24,913 appended honest propose ab9f327051 on top of 8757a46a92
2018-05-28 11:54:24,914 REINFORCEMENT COLLECTING state
2018-05-28 11:54:24,993 SNT proposal
2018-05-28 11:54:25,158 RF found but not transmitted
2018-05-28 11:54:25,173 RCV reinforcement
2018-05-28 11:54:25,248 RCV reinforcement
2018-05-28 11:54:25,301 RCV reinforcement
2018-05-28 11:54:26,271 RCV reinforcement info
2018-05-28 11:54:26,276 , 58.60457959445428
2018-05-28 11:54:26,335 RCV reinforcement info
2018-05-28 11:54:26,341 , 58.78373310774503
2018-05-28 11:54:26,364 RCV reinforcement
2018-05-28 11:54:26,467 RCV reinforcement
2018-05-28 11:54:26,502 commit with 4 reinforcements
2018-05-28 11:54:26,644 appended honest commit d979c50cf9 on top of ab9f327051
2018-05-28 11:54:26,677 RF found but not transmitted
2018-05-28 11:54:26,697 RF found but not transmitted
2018-05-28 11:54:26,761 Weight: 59.78373310774503 #RFs 69
2018-05-28 11:54:26,761 weight: 59.78373310774503
2018-05-28 11:54:26,762 , 59.78373310774503
2018-05-28 11:54:26,763 MINING state
2018-05-28 11:54:26,763 start mining - depth 14
2018-05-28 11:54:26,763 start mining - hash d979c50cf9f9fc466aa1b94ea2f16821242bc84b925cc3064a9c4f53b08308da
2018-05-28 11:54:26,764 Hashing frequency: 29756
2018-05-28 11:54:26,764 SNT commit
2018-05-28 11:54:26,885 RF found but not transmitted
2018-05-28 11:54:27,549 RF found but not transmitted
2018-05-28 11:54:27,564 RCV reinforcement info
2018-05-28 11:54:27,569 , 59.978605189818644
2018-05-28 11:54:29,282 RF found but not transmitted
2018-05-28 11:54:29,314 RF found but not transmitted
2018-05-28 11:54:30,204 RF found but not transmitted
2018-05-28 11:54:30,256 RCV reinforcement info
2018-05-28 11:54:30,261 , 60.11673173845837
2018-05-28 11:54:30,299 RF found but not transmitted
2018-05-28 11:54:30,487 RF found but not transmitted
2018-05-28 11:54:30,751 RCV reinforcement info
2018-05-28 11:54:30,756 , 60.23542680425707
2018-05-28 11:54:30,780 RF found but not transmitted
2018-05-28 11:54:31,402 RF found but not transmitted
2018-05-28 11:54:31,737 RF found but not transmitted
2018-05-28 11:54:32,105 RF found but not transmitted
2018-05-28 11:54:32,106 RF found
2018-05-28 11:54:32,107 SNT reinforcement_information
2018-05-28 11:54:32,298 RCV reinforcement info
2018-05-28 11:54:32,301 , 60.38029405820856
2018-05-28 11:54:32,427 RCV reinforcement info
2018-05-28 11:54:32,432 , 60.46295890559225
2018-05-28 11:54:33,438 RCV reinforcement info
2018-05-28 11:54:33,442 , 60.62917706147363
2018-05-28 11:54:33,465 RF found but not transmitted
2018-05-28 11:54:34,272 RF found but not transmitted
2018-05-28 11:54:34,461 RF found but not transmitted
2018-05-28 11:54:34,463 RF found
2018-05-28 11:54:34,464 SNT reinforcement_information
2018-05-28 11:54:34,528 RF found but not transmitted
2018-05-28 11:54:34,682 RF found but not transmitted
2018-05-28 11:54:34,876 RF found but not transmitted
2018-05-28 11:54:35,636 RCV reinforcement info
2018-05-28 11:54:35,640 , 60.81671407555213
2018-05-28 11:54:35,982 RCV reinforcement info
2018-05-28 11:54:35,986 , 60.919792699006635
2018-05-28 11:54:37,618 RCV proposal
2018-05-28 11:54:37,622 appended malicious propose c799a419dd on top of 2601ca423f
2018-05-28 11:54:37,709 RCV reinforcement
2018-05-28 11:54:37,784 RCV proposal
2018-05-28 11:54:37,788 appended malicious propose f1bdda669c on top of 2601ca423f
2018-05-28 11:54:38,067 RF found but not transmitted
2018-05-28 11:54:38,270 RF found but not transmitted
2018-05-28 11:54:38,275 RF found but not transmitted
2018-05-28 11:54:38,524 RF found but not transmitted
2018-05-28 11:54:38,542 RCV reinforcement
2018-05-28 11:54:39,164 RCV commit
2018-05-28 11:54:39,177 appended malicious commit 1810f6f215 on top of c799a419dd
2018-05-28 11:54:39,201 Weight: 41.631214345962476 #RFs 5
2018-05-28 11:54:39,202 weight: 41.631214345962476
2018-05-28 11:54:39,202 , 41.631214345962476
2018-05-28 11:54:39,307 RCV commit
2018-05-28 11:54:39,322 appended malicious commit 6fc5f66dfc on top of f1bdda669c
2018-05-28 11:54:39,340 Weight: 41.53445393180802 #RFs 4
2018-05-28 11:54:39,340 weight: 41.53445393180802
2018-05-28 11:54:39,342 , 41.53445393180802
2018-05-28 11:54:39,488 RF found but not transmitted
2018-05-28 11:54:39,588 RF found but not transmitted
2018-05-28 11:54:39,982 RCV reinforcement info
2018-05-28 11:54:39,987 , 61.021103587457254
2018-05-28 11:54:40,537 RCV reinforcement info
2018-05-28 11:54:40,543 , 61.129991385864685
2018-05-28 11:54:40,640 RF found but not transmitted
2018-05-28 11:54:40,961 RF found but not transmitted
2018-05-28 11:54:41,066 RF found but not transmitted
2018-05-28 11:54:42,433 RF found but not transmitted
2018-05-28 11:54:43,729 RF found but not transmitted
2018-05-28 11:54:43,945 RF found but not transmitted
2018-05-28 11:54:43,947 RF found
2018-05-28 11:54:43,948 SNT reinforcement_information
2018-05-28 11:54:44,090 RCV reinforcement info
2018-05-28 11:54:44,096 , 61.26970235347473
2018-05-28 11:54:44,182 RF found but not transmitted
2018-05-28 11:54:44,816 RCV proposal
2018-05-28 11:54:44,820 appended honest propose 0a8507d362 on top of d979c50cf9
2018-05-28 11:54:44,820 REINFORCEMENT SENT state
2018-05-28 11:54:44,820 RFs > 0 
2018-05-28 11:54:44,821 SNT reinforcement
2018-05-28 11:54:44,960 RCV reinforcement
2018-05-28 11:54:44,984 RCV reinforcement
2018-05-28 11:54:45,365 RCV reinforcement info
2018-05-28 11:54:45,377 , 61.33804471190872
2018-05-28 11:54:45,453 RCV reinforcement
2018-05-28 11:54:45,738 RCV proposal
2018-05-28 11:54:45,742 appended malicious propose 2a0e44d000 on top of 1810f6f215
2018-05-28 11:54:45,829 RCV reinforcement
2018-05-28 11:54:45,839 RCV reinforcement
2018-05-28 11:54:46,016 RCV reinforcement info
2018-05-28 11:54:46,024 , 61.479704174960915
2018-05-28 11:54:46,088 RCV reinforcement
2018-05-28 11:54:46,193 RF found but not transmitted
2018-05-28 11:54:46,371 RCV commit
2018-05-28 11:54:46,446 appended honest commit b5b50de43d on top of 0a8507d362
2018-05-28 11:54:46,506 Weight: 62.41136181652692 #RFs 15
2018-05-28 11:54:46,508 weight: 62.41136181652692
2018-05-28 11:54:46,508 , 62.41136181652692
2018-05-28 11:54:46,509 MINING state
2018-05-28 11:54:46,509 start mining - depth 15
2018-05-28 11:54:46,510 start mining - hash b5b50de43d43f84c94074ecd1ea1538f5b1c3ca5144ecae8de0ac9a77d69d639
2018-05-28 11:54:46,835 RCV reinforcement info
2018-05-28 11:54:46,839 , 62.55167553734408
2018-05-28 11:54:46,945 RCV reinforcement info
2018-05-28 11:54:46,951 , 62.61515268215481
2018-05-28 11:54:47,148 RCV reinforcement
2018-05-28 11:54:47,269 RCV commit
2018-05-28 11:54:47,281 appended malicious commit d8ffd99704 on top of 2a0e44d000
2018-05-28 11:54:47,303 Weight: 43.03201667947676 #RFs 4
2018-05-28 11:54:47,304 weight: 43.03201667947676
2018-05-28 11:54:47,311 , 43.03201667947676
2018-05-28 11:54:49,703 RF found but not transmitted
2018-05-28 11:54:49,705 RF found
2018-05-28 11:54:49,706 SNT reinforcement_information
2018-05-28 11:54:49,877 RF found but not transmitted
2018-05-28 11:54:49,949 RF found but not transmitted
2018-05-28 11:54:50,203 RF found but not transmitted
2018-05-28 11:54:51,161 RCV proposal
2018-05-28 11:54:51,164 appended honest propose aa612cf3b3 on top of b5b50de43d
2018-05-28 11:54:51,164 REINFORCEMENT SENT state
2018-05-28 11:54:51,165 RFs > 0 
2018-05-28 11:54:51,166 SNT reinforcement
2018-05-28 11:54:51,265 RCV reinforcement
2018-05-28 11:54:51,611 RF found but not transmitted
2018-05-28 11:54:52,135 RF found but not transmitted
2018-05-28 11:54:52,731 RCV commit
2018-05-28 11:54:52,755 appended honest commit 486c73dca4 on top of aa612cf3b3
2018-05-28 11:54:52,761 Weight: 63.76143902126074 #RFs 3
2018-05-28 11:54:52,761 weight: 63.76143902126074
2018-05-28 11:54:52,761 , 63.76143902126074
2018-05-28 11:54:52,762 MINING state
2018-05-28 11:54:52,762 start mining - depth 16
2018-05-28 11:54:52,762 start mining - hash 486c73dca4595ab5a138a9524ef78136fc076a7233baf1255e295347a7a4a3f5
2018-05-28 11:54:53,358 RF found but not transmitted
2018-05-28 11:54:53,360 RF found
2018-05-28 11:54:53,362 SNT reinforcement_information
2018-05-28 11:54:53,646 RF found but not transmitted
2018-05-28 11:54:53,699 RCV reinforcement info
2018-05-28 11:54:53,703 , 64.07500400977057
2018-05-28 11:54:54,525 RCV reinforcement info
2018-05-28 11:54:54,529 , 64.20908596917077
2018-05-28 11:54:54,681 RCV reinforcement info
2018-05-28 11:54:54,685 , 64.31845219162709
2018-05-28 11:54:55,108 RF found but not transmitted
2018-05-28 11:54:55,686 RCV reinforcement info
2018-05-28 11:54:55,691 , 64.3958369352165
2018-05-28 11:54:55,763 RF found but not transmitted
2018-05-28 11:54:56,927 RF found but not transmitted
2018-05-28 11:54:57,042 RCV reinforcement info
2018-05-28 11:54:57,046 , 64.81161238428923
2018-05-28 11:54:57,165 RF found but not transmitted
2018-05-28 11:54:57,692 RCV reinforcement info
2018-05-28 11:54:57,697 , 64.93083657900026
2018-05-28 11:54:58,456 RF found but not transmitted
2018-05-28 11:54:58,898 RF found but not transmitted
2018-05-28 11:55:00,160 RCV reinforcement info
2018-05-28 11:55:00,164 , 65.00737072695344
2018-05-28 11:55:00,225 RF found but not transmitted
2018-05-28 11:55:00,999 RCV reinforcement info
2018-05-28 11:55:01,003 , 65.07258194485792
2018-05-28 11:55:03,075 RF found but not transmitted
2018-05-28 11:55:03,077 RF found
2018-05-28 11:55:03,078 SNT reinforcement_information
2018-05-28 11:55:03,175 RF found but not transmitted
2018-05-28 11:55:03,465 RCV reinforcement info
2018-05-28 11:55:03,468 , 65.67124416885967
2018-05-28 11:55:03,886 RF found but not transmitted
2018-05-28 11:55:04,517 RCV reinforcement info
2018-05-28 11:55:04,521 , 65.7382365733692
2018-05-28 11:55:04,741 RF found but not transmitted
2018-05-28 11:55:04,915 RCV reinforcement info
2018-05-28 11:55:04,919 , 65.92040654630203
2018-05-28 11:55:05,123 RF found but not transmitted
2018-05-28 11:55:06,219 RF found but not transmitted
2018-05-28 11:55:06,809 RF found but not transmitted
2018-05-28 11:55:07,573 RF found but not transmitted
2018-05-28 11:55:08,073 RF found but not transmitted
2018-05-28 11:55:08,077 RF found
2018-05-28 11:55:08,078 SNT reinforcement_information
2018-05-28 11:55:10,316 RCV reinforcement info
2018-05-28 11:55:10,321 , 66.2921364947679
2018-05-28 11:55:10,825 RF found but not transmitted
2018-05-28 11:55:11,467 RCV reinforcement info
2018-05-28 11:55:11,471 , 66.38714790449147
2018-05-28 11:55:11,629 RF found but not transmitted
2018-05-28 11:55:11,677 RF found but not transmitted
2018-05-28 11:55:11,778 RF found but not transmitted
2018-05-28 11:55:11,781 RF found
2018-05-28 11:55:11,784 SNT reinforcement_information
2018-05-28 11:55:12,293 RF found but not transmitted
2018-05-28 11:55:12,526 RCV reinforcement info
2018-05-28 11:55:12,531 , 66.55891129499574
2018-05-28 11:55:13,027 RCV reinforcement info
2018-05-28 11:55:13,032 , 66.7448579939977
2018-05-28 11:55:13,534 RCV reinforcement info
2018-05-28 11:55:13,538 , 66.83206400602643
2018-05-28 11:55:13,583 RF found but not transmitted
2018-05-28 11:55:14,581 RF found but not transmitted
2018-05-28 11:55:15,304 RCV reinforcement info
2018-05-28 11:55:15,309 , 67.13762882209242
2018-05-28 11:55:15,457 RF found but not transmitted
2018-05-28 11:55:15,483 RCV reinforcement info
2018-05-28 11:55:15,488 , 67.93390174923171
2018-05-28 11:55:16,803 RCV reinforcement info
2018-05-28 11:55:16,810 , 68.6083661422688
2018-05-28 11:55:17,076 RF found but not transmitted
2018-05-28 11:55:17,094 RCV reinforcement info
2018-05-28 11:55:17,099 , 68.93848922919007
2018-05-28 11:55:17,349 RF found but not transmitted
2018-05-28 11:55:17,946 RF found but not transmitted
2018-05-28 11:55:18,112 RF found but not transmitted
2018-05-28 11:55:18,386 RCV reinforcement info
2018-05-28 11:55:18,391 , 69.295068025011
2018-05-28 11:55:18,607 RF found but not transmitted
2018-05-28 11:55:19,204 RF found but not transmitted
2018-05-28 11:55:19,206 RF found
2018-05-28 11:55:19,207 SNT reinforcement_information
2018-05-28 11:55:19,741 RF found but not transmitted
2018-05-28 11:55:21,457 RF found but not transmitted
2018-05-28 11:55:21,459 RF found
2018-05-28 11:55:21,460 SNT reinforcement_information
2018-05-28 11:55:21,547 RCV reinforcement info
2018-05-28 11:55:21,555 , 69.96347549589456
2018-05-28 11:55:22,362 RCV proposal
2018-05-28 11:55:22,365 appended honest propose 6638912f2b on top of 486c73dca4
2018-05-28 11:55:22,366 REINFORCEMENT SENT state
2018-05-28 11:55:22,366 RFs > 0 
2018-05-28 11:55:22,367 SNT reinforcement
2018-05-28 11:55:22,569 RCV reinforcement
2018-05-28 11:55:22,585 RF found but not transmitted
2018-05-28 11:55:22,586 RCV reinforcement
2018-05-28 11:55:22,749 RF found but not transmitted
2018-05-28 11:55:22,758 RF found but not transmitted
2018-05-28 11:55:23,075 RF found but not transmitted
2018-05-28 11:55:23,122 RCV reinforcement info
2018-05-28 11:55:23,127 , 70.04860768249536
2018-05-28 11:55:23,284 RCV reinforcement
2018-05-28 11:55:23,366 RF found but not transmitted
2018-05-28 11:55:24,049 RCV commit
2018-05-28 11:55:24,212 appended honest commit 6d5994ba2b on top of 6638912f2b
2018-05-28 11:55:24,388 RF found but not transmitted
2018-05-28 11:55:24,427 Weight: 71.04860768249536 #RFs 29
2018-05-28 11:55:24,427 weight: 71.04860768249536
2018-05-28 11:55:24,427 , 71.04860768249536
2018-05-28 11:55:24,428 MINING state
2018-05-28 11:55:24,430 start mining - depth 17
2018-05-28 11:55:24,430 start mining - hash 6d5994ba2b4caae649a99ea544e67eb7010e0c80d055e96403c8cf5fdc4621a4
2018-05-28 11:55:24,559 RF found but not transmitted
2018-05-28 11:55:24,831 RF found but not transmitted
2018-05-28 11:55:24,938 RCV reinforcement info
2018-05-28 11:55:24,949 , 71.12318055312001
2018-05-28 11:55:25,063 RCV reinforcement info
2018-05-28 11:55:25,070 , 71.81374591680904
2018-05-28 11:55:25,712 RCV reinforcement info
2018-05-28 11:55:25,719 , 72.1705491501739
2018-05-28 11:55:25,971 RF found but not transmitted
2018-05-28 11:55:26,227 RF found but not transmitted
2018-05-28 11:55:26,963 RCV reinforcement info
2018-05-28 11:55:26,968 , 72.47006262187259
2018-05-28 11:55:27,914 RF found but not transmitted
2018-05-28 11:55:28,156 RF found but not transmitted
2018-05-28 11:55:28,158 RF found
2018-05-28 11:55:28,160 SNT reinforcement_information
2018-05-28 11:55:29,141 RF found but not transmitted
2018-05-28 11:55:29,193 RCV reinforcement info
2018-05-28 11:55:29,198 , 72.76798791640984
2018-05-28 11:55:29,583 RF found but not transmitted
2018-05-28 11:55:29,713 RF found but not transmitted
2018-05-28 11:55:30,417 RF found but not transmitted
2018-05-28 11:55:30,418 RF found
2018-05-28 11:55:30,420 SNT reinforcement_information
2018-05-28 11:55:31,188 RF found but not transmitted
2018-05-28 11:55:31,198 RF found
2018-05-28 11:55:31,200 SNT reinforcement_information
2018-05-28 11:55:31,359 RCV reinforcement info
2018-05-28 11:55:31,363 , 73.13700621530616
2018-05-28 11:55:32,208 RF found but not transmitted
2018-05-28 11:55:33,343 RF found but not transmitted
2018-05-28 11:55:33,492 RCV reinforcement info
2018-05-28 11:55:33,496 , 73.27658886433173
2018-05-28 11:55:33,622 RCV proposal
2018-05-28 11:55:33,625 appended honest propose 02da0deed1 on top of 6d5994ba2b
2018-05-28 11:55:33,626 REINFORCEMENT SENT state
2018-05-28 11:55:33,626 RFs > 0 
2018-05-28 11:55:33,627 SNT reinforcement
2018-05-28 11:55:33,767 RCV reinforcement
2018-05-28 11:55:33,809 RCV reinforcement
2018-05-28 11:55:34,187 RF found but not transmitted
2018-05-28 11:55:34,941 RF found but not transmitted
2018-05-28 11:55:34,947 SNT reinforcement_information
2018-05-28 11:55:35,025 SNT reinforcement
2018-05-28 11:55:35,179 RF found but not transmitted
2018-05-28 11:55:35,253 RCV commit
2018-05-28 11:55:35,276 appended honest commit e34e7fc5fd on top of 02da0deed1
2018-05-28 11:55:35,298 Weight: 74.27658886433173 #RFs 10
2018-05-28 11:55:35,299 weight: 74.27658886433173
2018-05-28 11:55:35,299 , 74.27658886433173
2018-05-28 11:55:35,300 MINING state
2018-05-28 11:55:35,301 start mining - depth 18
2018-05-28 11:55:35,301 start mining - hash e34e7fc5fd636fe68b3c219417edb3c4573c7e8be31a1a15f7f2850796e33096
2018-05-28 11:55:35,301 Hashing frequency: 22002
2018-05-28 11:55:35,582 RCV reinforcement info
2018-05-28 11:55:35,584 , 74.40823892139997
2018-05-28 11:55:36,730 RF found but not transmitted
2018-05-28 11:55:37,097 RF found but not transmitted
2018-05-28 11:55:37,555 RF found but not transmitted
2018-05-28 11:55:37,599 RCV reinforcement info
2018-05-28 11:55:37,603 , 74.4832204132994
2018-05-28 11:55:37,681 RCV reinforcement info
2018-05-28 11:55:37,685 , 74.55214934634562
2018-05-28 11:55:38,199 RF found but not transmitted
2018-05-28 11:55:38,201 RF found
2018-05-28 11:55:38,202 SNT reinforcement_information
2018-05-28 11:55:38,284 RCV reinforcement info
2018-05-28 11:55:38,287 , 75.56703595941995
2018-05-28 11:55:38,322 RF found but not transmitted
2018-05-28 11:55:38,439 RF found but not transmitted
2018-05-28 11:55:38,442 RF found
2018-05-28 11:55:38,445 SNT reinforcement_information
2018-05-28 11:55:38,813 RCV proposal
2018-05-28 11:55:38,817 appended malicious propose 05219037b5 on top of d8ffd99704
2018-05-28 11:55:38,920 RCV reinforcement
2018-05-28 11:55:38,924 RCV reinforcement
2018-05-28 11:55:39,250 RCV reinforcement info
2018-05-28 11:55:39,254 , 76.04993048406683
2018-05-28 11:55:39,492 RCV reinforcement
2018-05-28 11:55:39,727 RF found but not transmitted
2018-05-28 11:55:39,865 RCV reinforcement
2018-05-28 11:55:39,975 RF found but not transmitted
2018-05-28 11:55:40,214 RCV reinforcement
2018-05-28 11:55:40,293 RF found but not transmitted
2018-05-28 11:55:40,463 RCV commit
2018-05-28 11:55:40,592 appended malicious commit 207217a92a on top of 05219037b5
2018-05-28 11:55:40,777 Weight: 51.673038474888116 #RFs 35
2018-05-28 11:55:40,786 weight: 51.673038474888116
2018-05-28 11:55:40,788 , 51.673038474888116
2018-05-28 11:55:41,674 RF found but not transmitted
2018-05-28 11:55:41,677 RF found
2018-05-28 11:55:41,678 SNT reinforcement_information
2018-05-28 11:55:41,824 RF found but not transmitted
2018-05-28 11:55:42,948 RF found but not transmitted
2018-05-28 11:55:43,076 RF found but not transmitted
2018-05-28 11:55:43,316 RF found but not transmitted
2018-05-28 11:55:43,608 RCV reinforcement info
2018-05-28 11:55:43,613 , 76.18060740632392
2018-05-28 11:55:43,993 RF found but not transmitted
2018-05-28 11:55:44,106 RF found but not transmitted
2018-05-28 11:55:44,108 RF found
2018-05-28 11:55:44,110 SNT reinforcement_information
2018-05-28 11:55:44,276 RF found but not transmitted
2018-05-28 11:55:44,279 RF found
2018-05-28 11:55:44,281 SNT reinforcement_information
2018-05-28 11:55:44,599 RCV proposal
2018-05-28 11:55:44,603 appended malicious propose 8917f21da4 on top of 207217a92a
2018-05-28 11:55:44,692 RCV reinforcement info
2018-05-28 11:55:44,705 , 76.5819592139352
2018-05-28 11:55:44,711 RCV reinforcement
2018-05-28 11:55:44,772 RF found but not transmitted
