2018-05-15 23:19:44,352 ---------------------------------------------------------
2018-05-15 23:19:44,355 PURE BLOCKCHAIN state
2018-05-15 23:19:45,374 start mining - depth 0
2018-05-15 23:19:45,375 start mining - hash 3a4ff30e05155366c94ecbdf179382da0b6cba0a7e637a8d37576829df8adb89
2018-05-15 23:19:49,682 RCV proposal_commit
2018-05-15 23:19:49,685 appended honest propose 30a88177d3 on top of 3a4ff30e05
2018-05-15 23:19:49,686 appended honest commit 362fccae1b on top of 30a88177d3
2018-05-15 23:19:49,686 weight: 1
2018-05-15 23:19:49,686 , 1
2018-05-15 23:19:49,687 start mining - depth 1
2018-05-15 23:19:49,687 start mining - hash 362fccae1b66198adf65b96345843d111bfe82b1495136b756429924817f7fe8
2018-05-15 23:19:59,144 RCV proposal_commit
2018-05-15 23:19:59,146 appended honest propose 911a40b52d on top of 362fccae1b
2018-05-15 23:19:59,146 appended honest commit 490dc078b2 on top of 911a40b52d
2018-05-15 23:19:59,146 weight: 2
2018-05-15 23:19:59,146 , 2
2018-05-15 23:19:59,147 start mining - depth 2
2018-05-15 23:19:59,147 start mining - hash 490dc078b24afde06ba0113fe25f8d73ea8277d77f59b933cc78dd0b088c6b0c
2018-05-15 23:20:20,959 RCV proposal_commit
2018-05-15 23:20:20,964 appended honest propose 86e3fb3ad7 on top of 490dc078b2
2018-05-15 23:20:20,964 appended honest commit c5077b0d98 on top of 86e3fb3ad7
2018-05-15 23:20:20,965 weight: 3
2018-05-15 23:20:20,965 , 3
2018-05-15 23:20:20,968 start mining - depth 3
2018-05-15 23:20:20,968 start mining - hash c5077b0d98f6f1bee9bb7fbd6fee9d99c3e7987faf5e39a115d4335666501304
2018-05-15 23:20:30,015 hash found
2018-05-15 23:20:30,020 appended honest propose 109892b181 on top of c5077b0d98
2018-05-15 23:20:30,020 appended honest commit 4d3d1d3f56 on top of 109892b181
2018-05-15 23:20:30,020 weight: 4
2018-05-15 23:20:30,020 , 4
2018-05-15 23:20:30,021 SNT proposal_commit
2018-05-15 23:20:30,093 start mining - depth 4
2018-05-15 23:20:30,093 start mining - hash 4d3d1d3f5648cd43e7c8b8ef88d78ce06876f65dbd8c02f77cdbebe69fed5636
2018-05-15 23:20:31,577 RCV proposal_commit
2018-05-15 23:20:31,580 appended honest propose d0f68ef10e on top of 4d3d1d3f56
2018-05-15 23:20:31,580 appended honest commit 8ef209ab2a on top of d0f68ef10e
2018-05-15 23:20:31,580 weight: 5
2018-05-15 23:20:31,580 , 5
2018-05-15 23:20:31,581 start mining - depth 5
2018-05-15 23:20:31,581 start mining - hash 8ef209ab2ae65694da26ace50fc72284754765c52eb528a17f9a2740071d50d2
2018-05-15 23:20:49,039 RCV proposal_commit
2018-05-15 23:20:49,044 appended malicious propose 5f3347ee66 on top of c5077b0d98
2018-05-15 23:20:49,045 appended malicious commit 753f4a9f65 on top of 5f3347ee66
2018-05-15 23:20:49,050 weight: 4
2018-05-15 23:20:49,050 , 4
2018-05-15 23:20:49,399 RCV proposal_commit
2018-05-15 23:20:49,401 appended malicious propose a6568f54f8 on top of 753f4a9f65
2018-05-15 23:20:49,401 appended malicious commit dbd7a0c2b1 on top of a6568f54f8
2018-05-15 23:20:49,401 weight: 5
2018-05-15 23:20:49,402 , 5
2018-05-15 23:21:22,575 RCV proposal_commit
2018-05-15 23:21:22,577 appended malicious propose 115b16fa7e on top of dbd7a0c2b1
2018-05-15 23:21:22,578 appended malicious commit 12b80aa042 on top of 115b16fa7e
2018-05-15 23:21:22,578 weight: 6
2018-05-15 23:21:22,578 , 6
2018-05-15 23:21:22,579 start mining - depth 6
2018-05-15 23:21:22,579 start mining - hash 12b80aa042ee00583a26bd40d7b6262229b9089b012095e5df818cb457ab57a5
2018-05-15 23:21:22,579 END: MALICIOUS WIN
