2018-05-15 23:22:23,744 ---------------------------------------------------------
2018-05-15 23:22:23,748 PURE BLOCKCHAIN state
2018-05-15 23:22:24,774 start mining - depth 0
2018-05-15 23:22:24,774 start mining - hash 3d6acf35cb6dbc820de78425dc9ccd0113f3885b438764b2f80a33ec43a2d10b
2018-05-15 23:22:38,971 RCV proposal_commit
2018-05-15 23:22:38,973 appended honest propose 083e4883cc on top of 3d6acf35cb
2018-05-15 23:22:38,974 appended honest commit 0578e51efd on top of 083e4883cc
2018-05-15 23:22:38,974 weight: 1
2018-05-15 23:22:38,974 , 1
2018-05-15 23:22:38,974 start mining - depth 1
2018-05-15 23:22:38,975 start mining - hash 0578e51efde98c27fbe18cf65dd97c18865315d5f728cc370d6841ac164568ff
2018-05-15 23:22:53,776 RCV proposal_commit
2018-05-15 23:22:53,778 appended honest propose 7797de9f21 on top of 0578e51efd
2018-05-15 23:22:53,779 appended honest commit 2d2a7a3e43 on top of 7797de9f21
2018-05-15 23:22:53,779 weight: 2
2018-05-15 23:22:53,779 , 2
2018-05-15 23:22:53,779 start mining - depth 2
2018-05-15 23:22:53,780 start mining - hash 2d2a7a3e43f4e7c20199c10820481389bb7d50b03c461de039c96718a15daf37
2018-05-15 23:23:11,147 RCV proposal_commit
2018-05-15 23:23:11,150 appended honest propose 29aab9d3df on top of 2d2a7a3e43
2018-05-15 23:23:11,150 appended honest commit 37cc729b9f on top of 29aab9d3df
2018-05-15 23:23:11,152 weight: 3
2018-05-15 23:23:11,152 , 3
2018-05-15 23:23:11,153 start mining - depth 3
2018-05-15 23:23:11,153 start mining - hash 37cc729b9f7f85d3f8003ca5cff87c758633b3bd96837625de0753f5f7b87474
2018-05-15 23:23:12,435 RCV proposal_commit
2018-05-15 23:23:12,437 appended malicious propose 2942b9484a on top of 37cc729b9f
2018-05-15 23:23:12,437 appended malicious commit 810c19e869 on top of 2942b9484a
2018-05-15 23:23:12,438 weight: 4
2018-05-15 23:23:12,438 , 4
2018-05-15 23:23:12,439 start mining - depth 4
2018-05-15 23:23:12,439 start mining - hash 810c19e8691d4b925739ccd88be191589160fe070589a37c409e1e65e064954d
2018-05-15 23:23:12,439 END: MALICIOUS WIN
