2018-06-10 15:31:58,394 ---------------------------------------------------------
2018-06-10 15:31:58,395 MALICIOUS PURE BLOCKCHAIN state
2018-06-10 15:31:59,423 start mining - depth 0
2018-06-10 15:31:59,424 start mining - hash 2e5df366a42aaf0d5219398669cbf9157b22e3f86df8af2c744ae47b89870b29
2018-06-10 15:32:05,363 RCV malicious_prop_agreement
2018-06-10 15:32:05,363 start mal hidden SELFISH mining on top of - hash 402dd83061b475a56345cd2899801a353a047387819de0f1c03d1978142f13f5
2018-06-10 15:32:07,114 RF found but not transmitted
2018-06-10 15:32:11,730 RCV proposal_commit
2018-06-10 15:32:11,732 appended honest propose d400c19627 on top of 2e5df366a4
2018-06-10 15:32:11,733 appended honest commit 00ada6321e on top of d400c19627
2018-06-10 15:32:11,733 weight: 1
2018-06-10 15:32:11,733 , 1
2018-06-10 15:32:11,798 RCV proposal_commit
2018-06-10 15:32:11,800 appended malicious propose 8da4c1ef66 on top of 2e5df366a4
2018-06-10 15:32:11,801 appended malicious commit ab803647eb on top of 8da4c1ef66
2018-06-10 15:32:11,801 weight: 1
2018-06-10 15:32:11,801 , 1
2018-06-10 15:32:11,801 start mining - depth 1
2018-06-10 15:32:11,802 start mining - hash ab803647ebbc7c111b247a9e7126ab0b62dc301868f674146add3d4f2b748ba0
2018-06-10 15:32:13,994 RF found but not transmitted
2018-06-10 15:32:13,998 hash found
2018-06-10 15:32:14,002 appended malicious propose 7e420a2e8c on top of ab803647eb
2018-06-10 15:32:14,002 appended malicious commit 7fe8f751d2 on top of 7e420a2e8c
2018-06-10 15:32:14,002 weight: 2
2018-06-10 15:32:14,002 SNT proposal_commit
2018-06-10 15:32:14,065 , 2
2018-06-10 15:32:14,065 WIN: MALICIOUS WIN
2018-06-10 15:32:14,065 start mining - depth 2
2018-06-10 15:32:14,080 start mining - hash 7fe8f751d23475ee35ea0b786151fbf3bcba86b586ba3430627aca83d9d28259
2018-06-10 15:32:17,538 RCV proposal_commit
2018-06-10 15:32:17,540 appended honest propose a001033b26 on top of 7fe8f751d2
2018-06-10 15:32:17,540 appended honest commit 96ff9adfbf on top of a001033b26
2018-06-10 15:32:17,540 weight: 3
2018-06-10 15:32:17,540 , 3
2018-06-10 15:32:22,896 RF found but not transmitted
2018-06-10 15:32:25,763 RF found but not transmitted
2018-06-10 15:32:26,873 RCV proposal_commit
2018-06-10 15:32:26,875 appended honest propose 660ee84d82 on top of 96ff9adfbf
2018-06-10 15:32:26,876 appended honest commit c937e2a613 on top of 660ee84d82
2018-06-10 15:32:26,876 weight: 4
2018-06-10 15:32:26,876 , 4
2018-06-10 15:32:26,879 LOSE: MALICIOUS LOST 2 - 0
2018-06-10 15:32:26,879 start mining - depth 4
2018-06-10 15:32:26,879 start mining - hash c937e2a613aa736fa248651ce71336fd9244e6fce3683ab6dbcf2ca8c0deebdc
2018-06-10 15:32:27,989 RF found but not transmitted
2018-06-10 15:32:31,913 RCV malicious_prop_agreement
2018-06-10 15:32:31,916 start mal hidden SELFISH mining on top of - hash 4945e0266393daa7568ea314cc78e5f2fc3ae44961da7f75e29df9ba37e14a32
2018-06-10 15:32:33,179 RF found but not transmitted
2018-06-10 15:32:42,065 RF found but not transmitted
2018-06-10 15:32:50,671 RF found but not transmitted
2018-06-10 15:32:51,314 RF found but not transmitted
2018-06-10 15:32:53,734 RCV proposal_commit
2018-06-10 15:32:53,737 appended honest propose cfb2ca61a5 on top of c937e2a613
2018-06-10 15:32:53,737 appended honest commit 94d0110b46 on top of cfb2ca61a5
2018-06-10 15:32:53,737 weight: 5
2018-06-10 15:32:53,737 , 5
2018-06-10 15:32:53,801 RCV proposal_commit
2018-06-10 15:32:53,804 appended malicious propose 14b456d2d7 on top of c937e2a613
2018-06-10 15:32:53,804 appended malicious commit ecd9f848d9 on top of 14b456d2d7
2018-06-10 15:32:53,805 weight: 5
2018-06-10 15:32:53,805 , 5
2018-06-10 15:32:53,816 start mining - depth 5
2018-06-10 15:32:53,816 start mining - hash ecd9f848d97e8bb32c67f8089e61bdd7dd07db8fad7d5c771c065f247132eaa0
2018-06-10 15:32:56,884 RF found but not transmitted
2018-06-10 15:32:59,649 RF found but not transmitted
2018-06-10 15:33:03,442 RF found but not transmitted
2018-06-10 15:33:04,355 RCV proposal_commit
2018-06-10 15:33:04,359 appended honest propose 774a2f27dc on top of 94d0110b46
2018-06-10 15:33:04,359 appended honest commit bde64691e4 on top of 774a2f27dc
2018-06-10 15:33:04,359 weight: 6
2018-06-10 15:33:04,360 , 6
2018-06-10 15:33:04,360 LOSE: MALICIOUS LOST 2 - 1
2018-06-10 15:33:04,360 start mining - depth 6
2018-06-10 15:33:04,360 start mining - hash bde64691e445611e4d86c3a4ec5e35c0ba07237c06d9cbd02487e649de2aeea6
2018-06-10 15:33:04,361 Hashing frequency: 3553
2018-06-10 15:33:04,732 RF found but not transmitted
2018-06-10 15:33:05,693 RCV malicious_prop_agreement
2018-06-10 15:33:05,694 start mal hidden SELFISH mining on top of - hash 9faeada15bf1f7d5c6e84aa3d950e45f72de52f5e23245a12a0c2b607941b583
2018-06-10 15:33:11,261 RF found but not transmitted
2018-06-10 15:33:11,505 RF found but not transmitted
2018-06-10 15:33:13,629 RF found but not transmitted
2018-06-10 15:33:17,466 RF found but not transmitted
2018-06-10 15:33:18,300 RCV proposal_commit
2018-06-10 15:33:18,302 appended honest propose 2bfc668291 on top of bde64691e4
2018-06-10 15:33:18,303 appended honest commit cb5492258e on top of 2bfc668291
2018-06-10 15:33:18,303 weight: 7
2018-06-10 15:33:18,303 , 7
2018-06-10 15:33:18,385 RCV proposal_commit
2018-06-10 15:33:18,386 appended malicious propose c8dd63d70e on top of bde64691e4
2018-06-10 15:33:18,386 appended malicious commit da88ba7612 on top of c8dd63d70e
2018-06-10 15:33:18,387 weight: 7
2018-06-10 15:33:18,387 , 7
2018-06-10 15:33:18,389 start mining - depth 7
2018-06-10 15:33:18,389 start mining - hash da88ba7612480dc056a795c9993719d35b52f86c100c9b2a367825c1c173010a
2018-06-10 15:33:19,277 RF found but not transmitted
2018-06-10 15:33:20,849 RF found but not transmitted
2018-06-10 15:33:21,402 RCV proposal_commit
2018-06-10 15:33:21,404 appended honest propose 8228a2a1ad on top of cb5492258e
2018-06-10 15:33:21,405 appended honest commit 351da8a26d on top of 8228a2a1ad
2018-06-10 15:33:21,405 weight: 8
2018-06-10 15:33:21,405 , 8
2018-06-10 15:33:21,406 LOSE: MALICIOUS LOST 2 - 1
2018-06-10 15:33:21,406 start mining - depth 8
2018-06-10 15:33:21,406 start mining - hash 351da8a26d52f5a28600092a1e3f87e9627b61977ae8fe878c495880d1a70920
2018-06-10 15:33:26,232 RF found but not transmitted
2018-06-10 15:33:26,763 RCV malicious_prop_agreement
2018-06-10 15:33:26,764 start mal hidden SELFISH mining on top of - hash 39516ce647fffa3e4c31f72f1b8d9153954dca32fdd737b344c7061a08e52550
2018-06-10 15:33:33,341 RF found but not transmitted
2018-06-10 15:33:37,582 RF found but not transmitted
2018-06-10 15:33:39,881 RF found but not transmitted
2018-06-10 15:33:40,508 RF found but not transmitted
2018-06-10 15:34:02,176 RF found but not transmitted
2018-06-10 15:34:07,908 RF found but not transmitted
2018-06-10 15:34:14,060 RF found but not transmitted
2018-06-10 15:34:14,224 RF found but not transmitted
2018-06-10 15:34:22,536 RF found but not transmitted
2018-06-10 15:34:25,716 RCV proposal_commit
2018-06-10 15:34:25,721 appended honest propose 98bc3a5a52 on top of 351da8a26d
2018-06-10 15:34:25,722 appended honest commit ad1bbbae9b on top of 98bc3a5a52
2018-06-10 15:34:25,722 weight: 9
2018-06-10 15:34:25,722 , 9
2018-06-10 15:34:25,799 RCV proposal_commit
2018-06-10 15:34:25,802 appended malicious propose 51527a78a1 on top of 351da8a26d
2018-06-10 15:34:25,803 appended malicious commit 3ad1951742 on top of 51527a78a1
2018-06-10 15:34:25,803 weight: 9
2018-06-10 15:34:25,808 , 9
2018-06-10 15:34:25,811 start mining - depth 9
2018-06-10 15:34:25,811 start mining - hash 3ad195174212e3f8e8d4b08e41b7c81117894ba8ad70081d0c30da4943b125ee
2018-06-10 15:34:25,811 Hashing frequency: 4473
2018-06-10 15:34:29,851 RF found but not transmitted
2018-06-10 15:34:33,258 RF found but not transmitted
2018-06-10 15:34:34,742 RF found but not transmitted
2018-06-10 15:34:39,221 RCV proposal_commit
2018-06-10 15:34:39,225 appended malicious propose 5cf3ce2624 on top of 3ad1951742
2018-06-10 15:34:39,225 appended malicious commit 2ddb6a8cd9 on top of 5cf3ce2624
2018-06-10 15:34:39,225 weight: 10
2018-06-10 15:34:39,228 , 10
2018-06-10 15:34:39,230 start mining - depth 10
2018-06-10 15:34:39,230 start mining - hash 2ddb6a8cd94b5d05f5345e7b3acf77f841e7cec2421ada919ecccbef091c31ed
2018-06-10 15:34:39,764 RCV malicious_prop_agreement
2018-06-10 15:34:39,764 start mal hidden SELFISH mining on top of - hash 6585d3fa2b4a31974f72a3a98482e9c6bdc127e5bd0f158046b75f81ee06fc59
2018-06-10 15:34:40,480 RF found but not transmitted
2018-06-10 15:34:46,842 RF found but not transmitted
2018-06-10 15:34:47,753 RF found but not transmitted
2018-06-10 15:35:01,368 RF found but not transmitted
2018-06-10 15:35:06,227 RF found but not transmitted
2018-06-10 15:35:08,782 RF found but not transmitted
2018-06-10 15:35:10,103 RF found but not transmitted
2018-06-10 15:35:11,933 RCV proposal_commit
2018-06-10 15:35:11,935 appended honest propose 008cfe7d5c on top of 2ddb6a8cd9
2018-06-10 15:35:11,936 appended honest commit 194e17f10b on top of 008cfe7d5c
2018-06-10 15:35:11,936 weight: 11
2018-06-10 15:35:11,936 , 11
2018-06-10 15:35:12,011 RCV proposal_commit
2018-06-10 15:35:12,015 appended malicious propose 7769f1bef6 on top of 2ddb6a8cd9
2018-06-10 15:35:12,015 appended malicious commit 079ea9230b on top of 7769f1bef6
2018-06-10 15:35:12,015 weight: 11
2018-06-10 15:35:12,015 , 11
2018-06-10 15:35:12,017 start mining - depth 11
2018-06-10 15:35:12,017 start mining - hash 079ea9230bcf311a89a944080fd6ceefc04340c8972626dfc44e790cec5f0f05
2018-06-10 15:35:14,890 RCV proposal_commit
2018-06-10 15:35:14,893 appended malicious propose b2de1534f7 on top of 079ea9230b
2018-06-10 15:35:14,893 appended malicious commit 2a36ee9e53 on top of b2de1534f7
2018-06-10 15:35:14,893 weight: 12
2018-06-10 15:35:14,894 , 12
2018-06-10 15:35:14,894 start mining - depth 12
2018-06-10 15:35:14,894 start mining - hash 2a36ee9e5399ded83698aabc4f478eca3707691c6f03e78758bfaa1c558640d6
2018-06-10 15:35:21,648 RF found but not transmitted
2018-06-10 15:35:29,067 RF found but not transmitted
2018-06-10 15:35:29,599 RF found but not transmitted
2018-06-10 15:35:32,766 RF found but not transmitted
2018-06-10 15:35:35,665 RCV malicious_prop_agreement
2018-06-10 15:35:35,666 start mal hidden SELFISH mining on top of - hash 5b1076a7e6411731d0c651739d19fcc962bd9b44dbc5f330c95f0962079710c3
2018-06-10 15:35:35,782 RF found but not transmitted
2018-06-10 15:35:37,934 RF found but not transmitted
2018-06-10 15:35:38,319 RF found but not transmitted
2018-06-10 15:35:41,502 RF found but not transmitted
2018-06-10 15:35:42,878 RCV proposal_commit
2018-06-10 15:35:42,880 appended honest propose 6f594b9637 on top of 2a36ee9e53
2018-06-10 15:35:42,881 appended honest commit b5021b26d7 on top of 6f594b9637
2018-06-10 15:35:42,881 weight: 13
2018-06-10 15:35:42,881 , 13
2018-06-10 15:35:42,953 RCV proposal_commit
2018-06-10 15:35:42,956 appended malicious propose 587d7ba795 on top of 2a36ee9e53
2018-06-10 15:35:42,956 appended malicious commit 206057c624 on top of 587d7ba795
2018-06-10 15:35:42,956 weight: 13
2018-06-10 15:35:42,957 , 13
2018-06-10 15:35:42,957 start mining - depth 13
2018-06-10 15:35:42,957 start mining - hash 206057c6242ee0036631bcabafcd1c9d559ea9473d7ac5d0298f3ec78ce3caff
2018-06-10 15:35:42,958 Hashing frequency: 4198
2018-06-10 15:35:46,836 RF found but not transmitted
2018-06-10 15:35:47,043 RF found but not transmitted
2018-06-10 15:35:54,411 RF found but not transmitted
2018-06-10 15:35:56,388 RF found but not transmitted
2018-06-10 15:36:00,490 RF found but not transmitted
2018-06-10 15:36:00,492 hash found
2018-06-10 15:36:00,496 appended malicious propose c058072426 on top of 206057c624
2018-06-10 15:36:00,496 appended malicious commit 6584cfbc5c on top of c058072426
2018-06-10 15:36:00,496 weight: 14
2018-06-10 15:36:00,497 SNT proposal_commit
2018-06-10 15:36:00,561 , 14
2018-06-10 15:36:00,561 WIN: MALICIOUS WIN
2018-06-10 15:36:00,561 start mining - depth 14
2018-06-10 15:36:00,562 start mining - hash 6584cfbc5c9bf945569e28f03bca1f7746f0c547da62074de635ca64e525ae7f
2018-06-10 15:36:03,149 RF found but not transmitted
2018-06-10 15:36:09,816 RF found but not transmitted
2018-06-10 15:36:10,161 RCV malicious_prop_agreement
2018-06-10 15:36:10,161 start mal hidden SELFISH mining on top of - hash 4749d2128f271c0d63f4d4c5409e7766091e9132d64d4af64ef13bb95d357541
2018-06-10 15:36:10,649 RF found but not transmitted
2018-06-10 15:36:20,689 RF found but not transmitted
2018-06-10 15:36:28,145 RF found but not transmitted
2018-06-10 15:36:29,510 RF found but not transmitted
2018-06-10 15:36:40,360 RF found but not transmitted
2018-06-10 15:36:40,716 RF found but not transmitted
2018-06-10 15:36:49,574 RF found but not transmitted
2018-06-10 15:36:50,822 RF found but not transmitted
2018-06-10 15:36:55,491 RCV proposal_commit
2018-06-10 15:36:55,494 appended honest propose 28e0aabfdb on top of 6584cfbc5c
2018-06-10 15:36:55,495 appended honest commit 688aabcac4 on top of 28e0aabfdb
2018-06-10 15:36:55,495 weight: 15
2018-06-10 15:36:55,496 , 15
2018-06-10 15:36:55,563 RCV proposal_commit
2018-06-10 15:36:55,566 appended malicious propose bc2f0eae97 on top of 6584cfbc5c
2018-06-10 15:36:55,567 appended malicious commit ded39adfd5 on top of bc2f0eae97
2018-06-10 15:36:55,567 weight: 15
2018-06-10 15:36:55,567 , 15
2018-06-10 15:36:55,569 start mining - depth 15
2018-06-10 15:36:55,569 start mining - hash ded39adfd5ad9cf31f229a08809cd65c7d1e02cf6e3167c8cb1fdb6c9b132d75
2018-06-10 15:36:55,569 Hashing frequency: 3933
2018-06-10 15:36:57,123 RF found but not transmitted
2018-06-10 15:37:01,988 RCV proposal_commit
2018-06-10 15:37:01,991 appended malicious propose 4b94909896 on top of ded39adfd5
2018-06-10 15:37:01,991 appended malicious commit d6a2486bb3 on top of 4b94909896
2018-06-10 15:37:01,991 weight: 16
2018-06-10 15:37:01,995 , 16
2018-06-10 15:37:01,995 start mining - depth 16
2018-06-10 15:37:01,995 start mining - hash d6a2486bb3ac564faf1b0a483f591b7ba0a4229d8100562526aa6bd80c3bf798
2018-06-10 15:37:04,093 RF found but not transmitted
2018-06-10 15:37:08,211 RF found but not transmitted
2018-06-10 15:37:12,115 RF found but not transmitted
2018-06-10 15:37:14,340 RF found but not transmitted
2018-06-10 15:37:15,763 RF found but not transmitted
2018-06-10 15:37:37,578 RF found but not transmitted
2018-06-10 15:37:39,759 RF found but not transmitted
2018-06-10 15:37:43,632 RCV malicious_prop_agreement
2018-06-10 15:37:43,632 start mal hidden SELFISH mining on top of - hash ed6ca93a5790522f8f5e50710a12b701aadbe7190e5d04d6676cb9f3c99f5d26
2018-06-10 15:37:47,090 RF found but not transmitted
2018-06-10 15:37:48,914 RF found but not transmitted
2018-06-10 15:37:49,139 RF found but not transmitted
2018-06-10 15:37:56,961 RCV proposal_commit
2018-06-10 15:37:56,966 appended honest propose 9dad265e9e on top of d6a2486bb3
2018-06-10 15:37:56,967 appended honest commit b355594083 on top of 9dad265e9e
2018-06-10 15:37:56,967 weight: 17
2018-06-10 15:37:56,968 , 17
2018-06-10 15:37:57,051 RCV proposal_commit
2018-06-10 15:37:57,056 appended malicious propose d5c482ba64 on top of d6a2486bb3
2018-06-10 15:37:57,057 appended malicious commit 858a9f802c on top of d5c482ba64
2018-06-10 15:37:57,057 weight: 17
2018-06-10 15:37:57,057 , 17
2018-06-10 15:37:57,060 start mining - depth 17
2018-06-10 15:37:57,060 start mining - hash 858a9f802c1dbdcd0ea93334e82e65c215883b1fc5afa8b08e81b7c001429906
2018-06-10 15:37:57,060 Hashing frequency: 3356
2018-06-10 15:37:58,431 RCV proposal_commit
2018-06-10 15:37:58,433 appended honest propose 050b45bb2a on top of b355594083
2018-06-10 15:37:58,434 appended honest commit dd649c592d on top of 050b45bb2a
2018-06-10 15:37:58,434 weight: 18
2018-06-10 15:37:58,434 , 18
2018-06-10 15:37:58,434 LOSE: MALICIOUS LOST 2 - 1
2018-06-10 15:37:58,434 start mining - depth 18
2018-06-10 15:37:58,434 start mining - hash dd649c592de76408675e38d19b6fae31da4675bb9475291aeb25b32cb5186c46
2018-06-10 15:38:04,958 RF found but not transmitted
2018-06-10 15:38:06,909 RCV malicious_prop_agreement
2018-06-10 15:38:06,910 start mal hidden SELFISH mining on top of - hash 6db5716680e4c01b32d95d87280a125e54bc2d8f60a23551b4d7203c52b8c710
2018-06-10 15:38:09,743 RF found but not transmitted
2018-06-10 15:38:17,046 RF found but not transmitted
2018-06-10 15:38:25,596 RF found but not transmitted
2018-06-10 15:38:32,104 RF found but not transmitted
2018-06-10 15:38:32,792 RF found but not transmitted
2018-06-10 15:38:39,609 RF found but not transmitted
2018-06-10 15:38:43,777 RF found but not transmitted
2018-06-10 15:38:47,953 RCV proposal_commit
2018-06-10 15:38:47,956 appended honest propose 29f9f0f7d4 on top of dd649c592d
2018-06-10 15:38:47,957 appended honest commit 5d5d20450b on top of 29f9f0f7d4
2018-06-10 15:38:47,957 weight: 19
2018-06-10 15:38:47,957 , 19
2018-06-10 15:38:48,045 RCV proposal_commit
2018-06-10 15:38:48,052 appended malicious propose 5ba8cd8732 on top of dd649c592d
2018-06-10 15:38:48,053 appended malicious commit d0f3926b14 on top of 5ba8cd8732
2018-06-10 15:38:48,053 weight: 19
2018-06-10 15:38:48,053 , 19
2018-06-10 15:38:48,056 start mining - depth 19
2018-06-10 15:38:48,056 start mining - hash d0f3926b149e9cd448a562cd291ef0cde2aeada44231721cc93ca4190f0b287e
2018-06-10 15:38:49,164 RF found but not transmitted
2018-06-10 15:38:52,955 RF found but not transmitted
2018-06-10 15:38:55,240 RCV proposal_commit
2018-06-10 15:38:55,242 appended honest propose 2c74dddd23 on top of 5d5d20450b
2018-06-10 15:38:55,243 appended honest commit 075a8ce260 on top of 2c74dddd23
2018-06-10 15:38:55,243 weight: 20
2018-06-10 15:38:55,243 , 20
2018-06-10 15:38:55,243 LOSE: MALICIOUS LOST 2 - 1
2018-06-10 15:38:55,247 start mining - depth 20
2018-06-10 15:38:55,247 start mining - hash 075a8ce2606a13c0fe2fc739702dd2dd4ca16648b18d374b06a9d779aff7a4e9
2018-06-10 15:38:57,042 RF found but not transmitted
2018-06-10 15:39:11,319 RF found but not transmitted
2018-06-10 15:39:19,549 RF found but not transmitted
2018-06-10 15:39:23,273 RF found but not transmitted
2018-06-10 15:39:28,055 RF found but not transmitted
2018-06-10 15:39:33,492 RF found but not transmitted
2018-06-10 15:39:36,442 RF found but not transmitted
2018-06-10 15:39:37,073 RF found but not transmitted
2018-06-10 15:39:50,103 RF found but not transmitted
2018-06-10 15:39:50,104 hash found
2018-06-10 15:39:50,106 SNT malicious_proposal_agreement
2018-06-10 15:40:25,858 RCV proposal_commit
2018-06-10 15:40:25,866 appended honest propose 0ff31b9ba4 on top of 075a8ce260
2018-06-10 15:40:25,867 appended honest commit 8c4d60c034 on top of 0ff31b9ba4
2018-06-10 15:40:25,868 weight: 21
2018-06-10 15:40:25,868 , 21
2018-06-10 15:40:25,873 appended malicious propose 97f1e4a6d3 on top of 075a8ce260
2018-06-10 15:40:25,875 appended malicious commit 62e4611770 on top of 97f1e4a6d3
2018-06-10 15:40:25,875 weight: 21
2018-06-10 15:40:25,876 SNT proposal_commit
2018-06-10 15:40:25,934 start mining - depth 21
2018-06-10 15:40:25,934 start mining - hash 62e4611770672258494be60030e32023fcce3df81bd95864a97a54b31b35ea07
2018-06-10 15:40:25,945 Hashing frequency: 6109
2018-06-10 15:40:26,430 RF found but not transmitted
2018-06-10 15:40:27,821 RCV proposal_commit
2018-06-10 15:40:27,825 appended malicious propose cde77f9bea on top of 62e4611770
2018-06-10 15:40:27,825 appended malicious commit acf3ad0e52 on top of cde77f9bea
2018-06-10 15:40:27,825 weight: 22
2018-06-10 15:40:27,825 , 22
2018-06-10 15:40:27,828 start mining - depth 22
2018-06-10 15:40:27,828 start mining - hash acf3ad0e52a42e48c416cf1c1e2043d1ae20b65aa363adaa257c83697c867498
2018-06-10 15:40:31,083 RF found but not transmitted
2018-06-10 15:40:31,084 hash found
2018-06-10 15:40:31,085 SNT malicious_proposal_agreement
2018-06-10 15:41:04,040 RCV proposal_commit
2018-06-10 15:41:04,043 appended honest propose 2e26c75ee4 on top of acf3ad0e52
2018-06-10 15:41:04,044 appended honest commit 80f8dccb92 on top of 2e26c75ee4
2018-06-10 15:41:04,044 weight: 23
2018-06-10 15:41:04,044 , 23
2018-06-10 15:41:04,047 appended malicious propose e89b3de30b on top of acf3ad0e52
2018-06-10 15:41:04,048 appended malicious commit 8d6e44a97a on top of e89b3de30b
2018-06-10 15:41:04,048 weight: 23
2018-06-10 15:41:04,048 SNT proposal_commit
2018-06-10 15:41:04,099 start mining - depth 23
2018-06-10 15:41:04,099 start mining - hash 8d6e44a97a5882465b3952d37991282540cd15cf23688b8c412cd75c07f7bf76
2018-06-10 15:41:06,831 RCV proposal_commit
2018-06-10 15:41:06,840 appended honest propose bcf7014a63 on top of 80f8dccb92
2018-06-10 15:41:06,841 appended honest commit d7af6f1527 on top of bcf7014a63
2018-06-10 15:41:06,841 weight: 24
2018-06-10 15:41:06,841 , 24
2018-06-10 15:41:06,842 LOSE: MALICIOUS LOST 2 - 1
2018-06-10 15:41:06,842 start mining - depth 24
2018-06-10 15:41:06,842 start mining - hash d7af6f15273e1b74f7fae55b71261d4cc2fd0e3da281d0fece732b839ffdd21b
2018-06-10 15:41:11,637 RCV malicious_prop_agreement
2018-06-10 15:41:11,637 start mal hidden SELFISH mining on top of - hash 3cb11b44e73d806d32f93739427467fe39c55d6cb366707d99f68e8584b495a6
2018-06-10 15:41:17,127 RF found but not transmitted
2018-06-10 15:41:17,205 RF found but not transmitted
2018-06-10 15:41:19,602 RF found but not transmitted
2018-06-10 15:41:25,575 RF found but not transmitted
2018-06-10 15:41:27,496 RF found but not transmitted
2018-06-10 15:41:31,787 RCV proposal_commit
2018-06-10 15:41:31,790 appended honest propose d08519ce23 on top of d7af6f1527
2018-06-10 15:41:31,790 appended honest commit cd112ffe84 on top of d08519ce23
2018-06-10 15:41:31,791 weight: 25
2018-06-10 15:41:31,791 , 25
2018-06-10 15:41:31,866 RCV proposal_commit
2018-06-10 15:41:31,876 appended malicious propose f7547eec4c on top of d7af6f1527
2018-06-10 15:41:31,876 appended malicious commit ba2fee95fc on top of f7547eec4c
2018-06-10 15:41:31,877 weight: 25
2018-06-10 15:41:31,878 , 25
2018-06-10 15:41:31,880 start mining - depth 25
2018-06-10 15:41:31,881 start mining - hash ba2fee95fcd2ce2fd1a7cf560afe0a706ee474506793c47272fd97650739fabd
2018-06-10 15:41:31,881 Hashing frequency: 1789
2018-06-10 15:41:34,514 RF found but not transmitted
2018-06-10 15:41:35,231 RF found but not transmitted
2018-06-10 15:41:35,233 hash found
2018-06-10 15:41:35,236 appended malicious propose 8f7eba5766 on top of ba2fee95fc
2018-06-10 15:41:35,237 appended malicious commit 84d4d24ab8 on top of 8f7eba5766
2018-06-10 15:41:35,237 weight: 26
2018-06-10 15:41:35,237 SNT proposal_commit
2018-06-10 15:41:35,294 , 26
2018-06-10 15:41:35,295 WIN: MALICIOUS WIN
2018-06-10 15:41:35,295 start mining - depth 26
2018-06-10 15:41:35,295 start mining - hash 84d4d24ab8e5cfdcf25f08e23c14bfcbfa6db57249facefbf11031d170d41a38
2018-06-10 15:41:37,946 RCV malicious_prop_agreement
2018-06-10 15:41:37,948 start mal hidden SELFISH mining on top of - hash cc7ded8142b1751e459da29f7d83f2031263375f28f76ab16086d2003ab62aad
2018-06-10 15:41:50,227 RF found but not transmitted
2018-06-10 15:41:51,369 RF found but not transmitted
2018-06-10 15:41:53,239 RF found but not transmitted
2018-06-10 15:41:58,110 RF found but not transmitted
2018-06-10 15:41:58,242 RF found but not transmitted
2018-06-10 15:41:58,516 RF found but not transmitted
2018-06-10 15:42:01,778 RF found but not transmitted
2018-06-10 15:42:04,312 RF found but not transmitted
2018-06-10 15:42:05,907 RF found but not transmitted
2018-06-10 15:42:08,698 RF found but not transmitted
2018-06-10 15:42:19,079 RF found but not transmitted
2018-06-10 15:42:25,610 RF found but not transmitted
2018-06-10 15:42:30,168 RCV proposal_commit
2018-06-10 15:42:30,171 appended honest propose 693b638d1b on top of 84d4d24ab8
2018-06-10 15:42:30,172 appended honest commit 788b25d619 on top of 693b638d1b
2018-06-10 15:42:30,172 weight: 27
2018-06-10 15:42:30,172 , 27
2018-06-10 15:42:30,257 RCV proposal_commit
2018-06-10 15:42:30,261 appended malicious propose 09180a1513 on top of 84d4d24ab8
2018-06-10 15:42:30,262 appended malicious commit 0bc355d66c on top of 09180a1513
2018-06-10 15:42:30,262 weight: 27
2018-06-10 15:42:30,262 , 27
2018-06-10 15:42:30,266 start mining - depth 27
2018-06-10 15:42:30,266 start mining - hash 0bc355d66c938494e56b3473165b4941c548dc153898437a47bec581b7644948
2018-06-10 15:42:30,584 RCV proposal_commit
2018-06-10 15:42:30,587 appended malicious propose 36bdce5047 on top of 0bc355d66c
2018-06-10 15:42:30,588 appended malicious commit 8716999e29 on top of 36bdce5047
2018-06-10 15:42:30,588 weight: 28
2018-06-10 15:42:30,588 , 28
2018-06-10 15:42:30,588 start mining - depth 28
2018-06-10 15:42:30,588 start mining - hash 8716999e29938c3fca1869a77d729402e222708eb38309638cfdfbf32ab5081c
2018-06-10 15:42:30,776 RF found but not transmitted
2018-06-10 15:42:32,738 RCV proposal_commit
2018-06-10 15:42:32,741 appended honest propose 337496f0e9 on top of 8716999e29
2018-06-10 15:42:32,741 appended honest commit 8b10fbe54e on top of 337496f0e9
2018-06-10 15:42:32,741 weight: 29
2018-06-10 15:42:32,741 , 29
2018-06-10 15:42:42,222 RCV proposal_commit
2018-06-10 15:42:42,228 appended malicious propose ef43b57ca8 on top of 8716999e29
2018-06-10 15:42:42,228 appended malicious commit 40e9727380 on top of ef43b57ca8
2018-06-10 15:42:42,229 weight: 29
2018-06-10 15:42:42,229 , 29
2018-06-10 15:42:42,230 start mining - depth 29
2018-06-10 15:42:42,230 start mining - hash 40e972738035fa3745f04e7979346a3640d57621b723b228e0a4d634869b9d2b
2018-06-10 15:42:42,230 Hashing frequency: 3793
2018-06-10 15:42:55,752 RCV proposal_commit
2018-06-10 15:42:55,759 appended honest propose 6ac4c32c01 on top of 8b10fbe54e
2018-06-10 15:42:55,760 appended honest commit be04710406 on top of 6ac4c32c01
2018-06-10 15:42:55,760 weight: 30
2018-06-10 15:42:55,760 , 30
2018-06-10 15:42:55,763 LOSE: MALICIOUS LOST 2 - 1
2018-06-10 15:42:55,764 start mining - depth 30
2018-06-10 15:42:55,764 start mining - hash be04710406fe95b1974dbc2b920c203cae1b2129ab144a37a6e6bfb916b84107
2018-06-10 15:42:57,421 RCV proposal_commit
2018-06-10 15:42:57,423 appended honest propose 87abd7ea44 on top of be04710406
2018-06-10 15:42:57,423 appended honest commit 1c22913d76 on top of 87abd7ea44
2018-06-10 15:42:57,423 weight: 31
2018-06-10 15:42:57,423 , 31
2018-06-10 15:42:57,826 RF found but not transmitted
2018-06-10 15:43:02,272 RF found but not transmitted
2018-06-10 15:43:15,823 RF found but not transmitted
2018-06-10 15:43:16,675 RF found but not transmitted
2018-06-10 15:43:17,193 RF found but not transmitted
2018-06-10 15:43:19,515 RF found but not transmitted
2018-06-10 15:43:19,516 hash found
2018-06-10 15:43:19,520 appended malicious propose 62568fb06d on top of be04710406
2018-06-10 15:43:19,520 appended malicious commit 2df41e48ca on top of 62568fb06d
2018-06-10 15:43:19,520 weight: 31
2018-06-10 15:43:19,521 SNT proposal_commit
2018-06-10 15:43:19,576 , 31
2018-06-10 15:43:19,579 start mining - depth 31
2018-06-10 15:43:19,579 start mining - hash 2df41e48ca3e38fa809d4730c4d52d56df44070897d9b53c4d8cc45e90298e90
2018-06-10 15:43:21,330 RF found but not transmitted
2018-06-10 15:43:23,290 RCV proposal_commit
2018-06-10 15:43:23,292 appended malicious propose 1999220ebb on top of 2df41e48ca
2018-06-10 15:43:23,293 appended malicious commit 00eeb6dee5 on top of 1999220ebb
2018-06-10 15:43:23,293 weight: 32
2018-06-10 15:43:23,293 , 32
2018-06-10 15:43:23,294 start mining - depth 32
2018-06-10 15:43:23,294 start mining - hash 00eeb6dee53c5d91c10ceb9fdb117eccffe3493f2583ee709350f5867dbec398
2018-06-10 15:43:24,909 RF found but not transmitted
2018-06-10 15:43:26,821 RCV malicious_prop_agreement
2018-06-10 15:43:26,821 start mal hidden SELFISH mining on top of - hash 805439f123267af22328501e90bc14c0b1d0c08a3bae9459e8ef0a7998d50aeb
2018-06-10 15:43:28,543 RF found but not transmitted
2018-06-10 15:43:35,075 RF found but not transmitted
2018-06-10 15:43:38,817 RF found but not transmitted
2018-06-10 15:43:39,498 RF found but not transmitted
2018-06-10 15:43:43,646 RF found but not transmitted
2018-06-10 15:43:44,918 RCV proposal_commit
2018-06-10 15:43:44,921 appended honest propose 1c6e59efb9 on top of 00eeb6dee5
2018-06-10 15:43:44,921 appended honest commit 1f0e611b05 on top of 1c6e59efb9
2018-06-10 15:43:44,922 weight: 33
2018-06-10 15:43:44,922 , 33
2018-06-10 15:43:44,983 RCV proposal_commit
2018-06-10 15:43:44,986 appended malicious propose a5221f6166 on top of 00eeb6dee5
2018-06-10 15:43:44,987 appended malicious commit 1354e7c042 on top of a5221f6166
2018-06-10 15:43:44,987 weight: 33
2018-06-10 15:43:44,987 , 33
2018-06-10 15:43:44,988 start mining - depth 33
2018-06-10 15:43:44,988 start mining - hash 1354e7c042d57fb5a4acfac01ba4d67ec664465aad63dfa794770d8b8b7adf6b
2018-06-10 15:43:44,998 Hashing frequency: 3370
2018-06-10 15:43:54,462 RCV proposal_commit
2018-06-10 15:43:54,464 appended malicious propose 5e73ebfb16 on top of 1354e7c042
2018-06-10 15:43:54,465 appended malicious commit 0ee23456ad on top of 5e73ebfb16
2018-06-10 15:43:54,465 weight: 34
2018-06-10 15:43:54,465 , 34
2018-06-10 15:43:54,465 start mining - depth 34
2018-06-10 15:43:54,466 start mining - hash 0ee23456ad2ba290f4bc66f6dce2ece8446269cc1353083728dea72eb7646be9
2018-06-10 15:43:57,163 RCV malicious_prop_agreement
2018-06-10 15:43:57,163 start mal hidden SELFISH mining on top of - hash f80f76860d8fa5b90c4959761848145d6f82d2bd396f24a0f93db0695571539b
2018-06-10 15:43:59,896 RF found but not transmitted
2018-06-10 15:44:03,158 RF found but not transmitted
2018-06-10 15:44:08,767 RF found but not transmitted
2018-06-10 15:44:09,463 RCV proposal_commit
2018-06-10 15:44:09,466 appended honest propose 331314134c on top of 0ee23456ad
2018-06-10 15:44:09,466 appended honest commit e193cdefb5 on top of 331314134c
2018-06-10 15:44:09,467 weight: 35
2018-06-10 15:44:09,467 , 35
2018-06-10 15:44:09,529 RCV proposal_commit
2018-06-10 15:44:09,538 appended malicious propose 9c7240283e on top of 0ee23456ad
2018-06-10 15:44:09,538 appended malicious commit 5303d65f3e on top of 9c7240283e
2018-06-10 15:44:09,538 weight: 35
2018-06-10 15:44:09,539 , 35
2018-06-10 15:44:09,539 start mining - depth 35
2018-06-10 15:44:09,540 start mining - hash 5303d65f3eab1b0f49b4c707e9617cc252269cb76390c1e945a8bfdf728b2639
2018-06-10 15:44:10,039 RF found but not transmitted
2018-06-10 15:44:11,916 RF found but not transmitted
2018-06-10 15:44:16,839 RF found but not transmitted
2018-06-10 15:44:17,408 RF found but not transmitted
2018-06-10 15:44:19,161 RCV proposal_commit
2018-06-10 15:44:19,163 appended honest propose f666882f74 on top of e193cdefb5
2018-06-10 15:44:19,164 appended honest commit 118a9ce140 on top of f666882f74
2018-06-10 15:44:19,164 weight: 36
2018-06-10 15:44:19,165 , 36
2018-06-10 15:44:19,165 LOSE: MALICIOUS LOST 2 - 1
2018-06-10 15:44:19,165 start mining - depth 36
2018-06-10 15:44:19,166 start mining - hash 118a9ce140fe9bff455e88b6c31778f52ed33c5d187e73c9d88509f2c3412bde
2018-06-10 15:44:22,062 RF found but not transmitted
2018-06-10 15:44:34,310 RF found but not transmitted
2018-06-10 15:44:36,552 RCV malicious_prop_agreement
2018-06-10 15:44:36,552 start mal hidden SELFISH mining on top of - hash 754c5ad908fa9c67bbc27a89230bb492e64ef94711ea88074e37be1ab309e032
2018-06-10 15:44:39,293 RF found but not transmitted
2018-06-10 15:44:47,172 RF found but not transmitted
2018-06-10 15:44:51,595 RCV proposal_commit
2018-06-10 15:44:51,598 appended honest propose 8d82c8055e on top of 118a9ce140
2018-06-10 15:44:51,598 appended honest commit 68dc0e2808 on top of 8d82c8055e
2018-06-10 15:44:51,598 weight: 37
2018-06-10 15:44:51,598 , 37
2018-06-10 15:44:51,677 RCV proposal_commit
2018-06-10 15:44:51,680 appended malicious propose b332b7f9c5 on top of 118a9ce140
2018-06-10 15:44:51,681 appended malicious commit 51b2f023f3 on top of b332b7f9c5
2018-06-10 15:44:51,681 weight: 37
2018-06-10 15:44:51,681 , 37
2018-06-10 15:44:51,688 start mining - depth 37
2018-06-10 15:44:51,688 start mining - hash 51b2f023f3cb5e463bb5a55e3491441774187e34f62a80d34b78255c6e7e86b4
2018-06-10 15:44:51,688 Hashing frequency: 3564
2018-06-10 15:44:53,139 RF found but not transmitted
2018-06-10 15:44:59,052 RF found but not transmitted
2018-06-10 15:45:01,540 RF found but not transmitted
2018-06-10 15:45:06,979 RF found but not transmitted
2018-06-10 15:45:07,776 RCV proposal_commit
2018-06-10 15:45:07,778 appended malicious propose a0ca80793d on top of 51b2f023f3
2018-06-10 15:45:07,779 appended malicious commit 16995ef6ca on top of a0ca80793d
2018-06-10 15:45:07,779 weight: 38
2018-06-10 15:45:07,779 , 38
2018-06-10 15:45:07,780 start mining - depth 38
2018-06-10 15:45:07,781 start mining - hash 16995ef6ca8bcfd60760a9a070df213cdc43e928acf7e4324c3080a770670d21
2018-06-10 15:45:11,807 RF found but not transmitted
2018-06-10 15:45:18,382 RF found but not transmitted
2018-06-10 15:45:20,372 RF found but not transmitted
2018-06-10 15:45:23,490 RF found but not transmitted
2018-06-10 15:45:25,254 RF found but not transmitted
2018-06-10 15:45:25,919 RF found but not transmitted
2018-06-10 15:45:28,227 RF found but not transmitted
2018-06-10 15:45:28,229 hash found
2018-06-10 15:45:28,230 SNT malicious_proposal_agreement
2018-06-10 15:46:28,730 RCV proposal_commit
2018-06-10 15:46:28,734 appended honest propose 3b37e4e95b on top of 16995ef6ca
2018-06-10 15:46:28,735 appended honest commit df0ad2d5ec on top of 3b37e4e95b
2018-06-10 15:46:28,735 weight: 39
2018-06-10 15:46:28,735 , 39
2018-06-10 15:46:28,740 appended malicious propose 7ff2e80866 on top of 16995ef6ca
2018-06-10 15:46:28,742 appended malicious commit 1621d03895 on top of 7ff2e80866
2018-06-10 15:46:28,742 weight: 39
2018-06-10 15:46:28,742 SNT proposal_commit
2018-06-10 15:46:28,801 start mining - depth 39
2018-06-10 15:46:28,802 start mining - hash 1621d038951e1e5332a8a93039db32bbd9bc7f5be3ce8a90f5e7a5892d6f7984
2018-06-10 15:46:28,802 Hashing frequency: 1942
2018-06-10 15:46:31,598 RCV proposal_commit
2018-06-10 15:46:31,601 appended malicious propose 24dcdc80ab on top of 1621d03895
2018-06-10 15:46:31,601 appended malicious commit 340f1ee09f on top of 24dcdc80ab
2018-06-10 15:46:31,602 weight: 40
2018-06-10 15:46:31,602 , 40
2018-06-10 15:46:31,603 start mining - depth 40
2018-06-10 15:46:31,603 start mining - hash 340f1ee09fa67c31cea858817396e974e6de8072493f53aa4eb3faa197a0f9f4
2018-06-10 15:46:32,226 RF found but not transmitted
2018-06-10 15:46:32,227 hash found
2018-06-10 15:46:32,229 SNT malicious_proposal_agreement
2018-06-10 15:46:47,872 RCV proposal_commit
2018-06-10 15:46:47,877 appended honest propose e36e1b931d on top of 340f1ee09f
2018-06-10 15:46:47,878 appended honest commit 006ba8ef9b on top of e36e1b931d
2018-06-10 15:46:47,878 weight: 41
2018-06-10 15:46:47,878 , 41
2018-06-10 15:46:47,882 appended malicious propose be84964910 on top of 340f1ee09f
2018-06-10 15:46:47,883 appended malicious commit fe65424b5b on top of be84964910
2018-06-10 15:46:47,883 weight: 41
2018-06-10 15:46:47,884 SNT proposal_commit
2018-06-10 15:46:47,948 start mining - depth 41
2018-06-10 15:46:47,948 start mining - hash fe65424b5bebf16c80d6639a8d6219724a4c2a78616a3567e36f11b93be6ec8b
2018-06-10 15:46:48,088 RF found but not transmitted
2018-06-10 15:46:48,106 RF found but not transmitted
2018-06-10 15:46:48,926 RF found but not transmitted
2018-06-10 15:46:49,160 RF found but not transmitted
2018-06-10 15:46:50,865 RF found but not transmitted
2018-06-10 15:46:53,656 RCV proposal_commit
2018-06-10 15:46:53,658 appended malicious propose 85e1a13876 on top of fe65424b5b
2018-06-10 15:46:53,658 appended malicious commit 0e281b8402 on top of 85e1a13876
2018-06-10 15:46:53,658 weight: 42
2018-06-10 15:46:53,658 , 42
2018-06-10 15:46:53,660 start mining - depth 42
2018-06-10 15:46:53,661 start mining - hash 0e281b840258c4b598e78c04170e7ae22b3b3fc503df51dcb98baba69ceb9bc8
2018-06-10 15:46:55,469 RF found but not transmitted
2018-06-10 15:46:58,789 RF found but not transmitted
2018-06-10 15:47:04,758 RF found but not transmitted
2018-06-10 15:47:11,143 RF found but not transmitted
2018-06-10 15:47:16,016 RCV proposal_commit
2018-06-10 15:47:16,019 appended honest propose de8e5e5e13 on top of 0e281b8402
2018-06-10 15:47:16,020 appended honest commit 6104350d8a on top of de8e5e5e13
2018-06-10 15:47:16,020 weight: 43
2018-06-10 15:47:16,020 , 43
2018-06-10 15:47:16,557 RF found but not transmitted
2018-06-10 15:47:18,254 RCV proposal_commit
2018-06-10 15:47:18,257 appended malicious propose 1ed4fbfc32 on top of 0e281b8402
2018-06-10 15:47:18,258 appended malicious commit 90729c4199 on top of 1ed4fbfc32
2018-06-10 15:47:18,258 weight: 43
2018-06-10 15:47:18,258 , 43
2018-06-10 15:47:18,259 start mining - depth 43
2018-06-10 15:47:18,259 start mining - hash 90729c4199fa2c3f46d16aa6a9a6219e502fb01ee28ae4bd7b8892b21b842f2b
2018-06-10 15:47:23,845 RF found but not transmitted
2018-06-10 15:47:24,810 RCV proposal_commit
2018-06-10 15:47:24,812 appended honest propose 57f86f6e34 on top of 6104350d8a
2018-06-10 15:47:24,813 appended honest commit 13354d9946 on top of 57f86f6e34
2018-06-10 15:47:24,813 weight: 44
2018-06-10 15:47:24,813 , 44
2018-06-10 15:47:24,813 LOSE: MALICIOUS LOST 2 - 1
2018-06-10 15:47:24,813 start mining - depth 44
2018-06-10 15:47:24,813 start mining - hash 13354d9946394dcfaa1bc819b4b85588f74451cc0c6cbb15aa28df2642fcfcf9
2018-06-10 15:47:26,661 RF found but not transmitted
2018-06-10 15:47:29,827 RF found but not transmitted
2018-06-10 15:47:31,679 RCV malicious_prop_agreement
2018-06-10 15:47:31,679 start mal hidden SELFISH mining on top of - hash 0834efe28a870d9dfceb6ef3685ce620dc56432627ac6b3b21f55144aa88b1d9
2018-06-10 15:47:32,581 RF found but not transmitted
2018-06-10 15:47:34,252 RF found but not transmitted
2018-06-10 15:47:38,321 RF found but not transmitted
2018-06-10 15:47:39,229 RF found but not transmitted
2018-06-10 15:47:41,630 RF found but not transmitted
2018-06-10 15:47:44,124 RF found but not transmitted
2018-06-10 15:47:46,758 RF found but not transmitted
2018-06-10 15:47:46,852 RCV proposal_commit
2018-06-10 15:47:46,854 appended honest propose f2beb670ce on top of 13354d9946
2018-06-10 15:47:46,855 appended honest commit 52fd39244f on top of f2beb670ce
2018-06-10 15:47:46,855 weight: 45
2018-06-10 15:47:46,855 , 45
2018-06-10 15:47:46,928 RCV proposal_commit
2018-06-10 15:47:46,931 appended malicious propose abe17d1990 on top of 13354d9946
2018-06-10 15:47:46,932 appended malicious commit 0c1f7ca513 on top of abe17d1990
2018-06-10 15:47:46,932 weight: 45
2018-06-10 15:47:46,933 , 45
2018-06-10 15:47:46,934 start mining - depth 45
2018-06-10 15:47:46,935 start mining - hash 0c1f7ca513f7a2b2127fc1c3e778b19c8e8cfd1549424af52c7c21002a94325b
2018-06-10 15:47:46,935 Hashing frequency: 3331
2018-06-10 15:47:48,178 RF found but not transmitted
2018-06-10 15:47:52,992 RF found but not transmitted
2018-06-10 15:47:56,733 RF found but not transmitted
2018-06-10 15:47:58,104 RF found but not transmitted
2018-06-10 15:47:59,261 RF found but not transmitted
2018-06-10 15:48:00,900 RF found but not transmitted
2018-06-10 15:48:01,232 RCV proposal_commit
2018-06-10 15:48:01,235 appended honest propose 3c6edbc6be on top of 52fd39244f
2018-06-10 15:48:01,235 appended honest commit ded646742a on top of 3c6edbc6be
2018-06-10 15:48:01,235 weight: 46
2018-06-10 15:48:01,235 , 46
2018-06-10 15:48:01,236 LOSE: MALICIOUS LOST 2 - 1
2018-06-10 15:48:01,236 start mining - depth 46
2018-06-10 15:48:01,236 start mining - hash ded646742afbace8811787fa6033190a51c8519748d7e06ba911d3335bde7a07
2018-06-10 15:48:01,396 RF found but not transmitted
2018-06-10 15:48:17,553 RCV proposal_commit
2018-06-10 15:48:17,556 appended honest propose 9ff7ba3581 on top of ded646742a
2018-06-10 15:48:17,556 appended honest commit 8b83ab5a78 on top of 9ff7ba3581
2018-06-10 15:48:17,556 weight: 47
2018-06-10 15:48:17,557 , 47
2018-06-10 15:48:17,898 RF found but not transmitted
2018-06-10 15:48:22,310 RF found but not transmitted
2018-06-10 15:48:22,552 RF found but not transmitted
2018-06-10 15:48:24,113 RF found but not transmitted
2018-06-10 15:48:24,271 RCV proposal_commit
2018-06-10 15:48:24,278 appended malicious propose 02c12a117d on top of ded646742a
2018-06-10 15:48:24,279 appended malicious commit c0235dde59 on top of 02c12a117d
2018-06-10 15:48:24,279 weight: 47
2018-06-10 15:48:24,279 , 47
2018-06-10 15:48:24,282 start mining - depth 47
2018-06-10 15:48:24,282 start mining - hash c0235dde59beb09dd3596174b12e06906cd91bf2a5d4ebeec61993d0c191d37f
2018-06-10 15:48:32,148 RF found but not transmitted
2018-06-10 15:48:33,362 RCV proposal_commit
2018-06-10 15:48:33,365 appended honest propose 78b5811fe3 on top of 8b83ab5a78
2018-06-10 15:48:33,365 appended honest commit a76c6a9176 on top of 78b5811fe3
2018-06-10 15:48:33,366 weight: 48
2018-06-10 15:48:33,366 , 48
2018-06-10 15:48:33,366 LOSE: MALICIOUS LOST 2 - 1
2018-06-10 15:48:33,366 start mining - depth 48
2018-06-10 15:48:33,366 start mining - hash a76c6a9176a254ed9eab2fbac51403f4a4d60cf8b675bca5082b2bd59ad9c509
2018-06-10 15:48:33,614 RF found but not transmitted
2018-06-10 15:48:33,664 RCV proposal_commit
2018-06-10 15:48:33,667 appended honest propose 5eceeeaa5e on top of a76c6a9176
2018-06-10 15:48:33,667 appended honest commit 3b8f6e7b4d on top of 5eceeeaa5e
2018-06-10 15:48:33,667 weight: 49
2018-06-10 15:48:33,667 , 49
2018-06-10 15:48:34,472 RCV proposal_commit
2018-06-10 15:48:34,478 appended malicious propose f0f4023e71 on top of a76c6a9176
2018-06-10 15:48:34,479 appended malicious commit d6cb762b27 on top of f0f4023e71
2018-06-10 15:48:34,479 weight: 49
2018-06-10 15:48:34,480 , 49
2018-06-10 15:48:34,481 start mining - depth 49
2018-06-10 15:48:34,481 start mining - hash d6cb762b27b843b8f501d42265134104c61458dde6754691ef838d24bc90b70a
2018-06-10 15:48:34,637 RF found but not transmitted
2018-06-10 15:48:35,186 RF found but not transmitted
2018-06-10 15:48:36,994 RF found but not transmitted
2018-06-10 15:48:39,176 RF found but not transmitted
2018-06-10 15:48:39,178 hash found
2018-06-10 15:48:39,181 appended malicious propose 8209ef9e42 on top of d6cb762b27
2018-06-10 15:48:39,182 appended malicious commit 640924a408 on top of 8209ef9e42
2018-06-10 15:48:39,182 weight: 50
2018-06-10 15:48:39,182 SNT proposal_commit
2018-06-10 15:48:39,234 , 50
2018-06-10 15:48:39,249 WIN: MALICIOUS WIN
2018-06-10 15:48:39,249 start mining - depth 50
2018-06-10 15:48:39,249 start mining - hash 640924a40807bc4c65017e71ab1fa5502961d7616facd15c3028d99a4b62b262
2018-06-10 15:48:39,303 RCV proposal_commit
2018-06-10 15:48:39,304 appended honest propose 0499e7f4d3 on top of 3b8f6e7b4d
2018-06-10 15:48:39,305 appended honest commit 7ad6d3ab08 on top of 0499e7f4d3
2018-06-10 15:48:39,305 weight: 50
2018-06-10 15:48:39,305 , 50
2018-06-10 15:48:45,178 RF found but not transmitted
2018-06-10 15:48:52,669 RF found but not transmitted
2018-06-10 15:48:56,383 RCV proposal_commit
2018-06-10 15:48:56,386 appended honest propose fed273d7e4 on top of 640924a408
2018-06-10 15:48:56,386 appended honest commit 38a0c20c94 on top of fed273d7e4
2018-06-10 15:48:56,387 weight: 51
2018-06-10 15:48:56,387 , 51
2018-06-10 15:48:59,126 RCV proposal_commit
2018-06-10 15:48:59,138 appended malicious propose 6d2ae8aec4 on top of 640924a408
2018-06-10 15:48:59,138 appended malicious commit 63c191aab1 on top of 6d2ae8aec4
2018-06-10 15:48:59,138 weight: 51
2018-06-10 15:48:59,139 , 51
2018-06-10 15:48:59,140 start mining - depth 51
2018-06-10 15:48:59,140 start mining - hash 63c191aab118296212faf4dab415edbc125b2660a87b75f6fa07ba5cca3d11f2
2018-06-10 15:48:59,141 Hashing frequency: 3688
2018-06-10 15:49:04,572 RF found but not transmitted
2018-06-10 16:33:51,512 RF found but not transmitted
2018-06-10 16:33:52,118 RF found but not transmitted
2018-06-10 16:33:53,668 RF found but not transmitted
2018-06-10 16:33:53,706 RF found but not transmitted
2018-06-10 16:33:55,753 RCV proposal_commit
2018-06-10 16:33:55,756 appended malicious propose 8b18542deb on top of 63c191aab1
2018-06-10 16:33:55,756 appended malicious commit 036950af2c on top of 8b18542deb
2018-06-10 16:33:55,756 weight: 52
2018-06-10 16:33:55,757 , 52
2018-06-10 16:33:55,759 start mining - depth 52
2018-06-10 16:33:55,760 start mining - hash 036950af2cba199bdafa7d697008d44ab7bc9cdfeb53e6dcf3e385e4123b3b7e
2018-06-10 16:33:55,760 Hashing frequency: 749
2018-06-10 16:33:59,181 RCV malicious_prop_agreement
2018-06-10 16:33:59,181 start mal hidden SELFISH mining on top of - hash 62a39e662da97098a43455917c3ae0023b249f611f77c035223270a554e714b6
2018-06-10 16:33:59,652 RF found but not transmitted
2018-06-10 16:34:05,948 RCV proposal_commit
2018-06-10 16:34:05,951 appended honest propose 20fdfad869 on top of 036950af2c
2018-06-10 16:34:05,951 appended honest commit 052e9d8032 on top of 20fdfad869
2018-06-10 16:34:05,951 weight: 53
2018-06-10 16:34:05,951 , 53
2018-06-10 16:34:06,026 RCV proposal_commit
2018-06-10 16:34:06,028 appended malicious propose b36f165126 on top of 036950af2c
2018-06-10 16:34:06,029 appended malicious commit 96da24ea77 on top of b36f165126
2018-06-10 16:34:06,029 weight: 53
2018-06-10 16:34:06,029 , 53
2018-06-10 16:34:06,031 start mining - depth 53
2018-06-10 16:34:06,031 start mining - hash 96da24ea77b1eabc0fa35ed594acef6ae0b6706729a58ffb1de405cb250c3bcb
2018-06-10 16:34:08,904 RF found but not transmitted
2018-06-10 16:34:09,825 RCV proposal_commit
2018-06-10 16:34:09,833 appended malicious propose 1a7b853849 on top of 96da24ea77
2018-06-10 16:34:09,833 appended malicious commit 147b6e644d on top of 1a7b853849
2018-06-10 16:34:09,833 weight: 54
2018-06-10 16:34:09,833 , 54
2018-06-10 16:34:09,834 start mining - depth 54
2018-06-10 16:34:09,834 start mining - hash 147b6e644dda76a94cde4c9213a89eef94ac691ed1fff8196d46ef9020636f77
2018-06-10 16:34:14,840 RF found but not transmitted
2018-06-10 16:34:15,657 RCV malicious_prop_agreement
2018-06-10 16:34:15,657 start mal hidden SELFISH mining on top of - hash 04b6b26f18174a0774db662e9b547e9de44314eac823f90dc4982757c5c38a92
2018-06-10 16:34:21,395 RF found but not transmitted
2018-06-10 16:34:22,238 RCV proposal_commit
2018-06-10 16:34:22,241 appended honest propose 57c0619ffb on top of 147b6e644d
2018-06-10 16:34:22,242 appended honest commit d170daf581 on top of 57c0619ffb
2018-06-10 16:34:22,242 weight: 55
2018-06-10 16:34:22,242 , 55
2018-06-10 16:34:22,327 RCV proposal_commit
2018-06-10 16:34:22,330 appended malicious propose dc4db47e83 on top of 147b6e644d
2018-06-10 16:34:22,330 appended malicious commit 5eeabe233a on top of dc4db47e83
2018-06-10 16:34:22,330 weight: 55
2018-06-10 16:34:22,330 , 55
2018-06-10 16:34:22,334 start mining - depth 55
2018-06-10 16:34:22,335 start mining - hash 5eeabe233adf37d9c643462b45af9834aac6eeced04ef68eddeb6a86415b65cf
