1528637531 , 1
1528637537 , 3
1528637546 , 4
1528637573 , 5
1528637584 , 6
1528637598 , 7
1528637601 , 8
1528637665 , 9
1528637711 , 11
1528637742 , 13
1528637815 , 15
1528637876 , 17
1528637878 , 18
1528637927 , 19
1528637935 , 20
1528638025 , 21
1528638064 , 23
1528638066 , 24
1528638091 , 25
1528638150 , 27
1528638152 , 29
1528638175 , 30
1528638177 , 31
1528638224 , 33
1528638249 , 35
1528638259 , 36
1528638291 , 37
1528638388 , 39
1528638407 , 41
1528638436 , 43
1528638444 , 44
1528638466 , 45
1528638481 , 46
1528638497 , 47
1528638513 , 48
1528638513 , 49
1528638519 , 50
1528638536 , 51
1528641245 , 53
1528641262 , 55
