1528637531 , 1
1528637534 , 2
1528637573 , 5
1528637665 , 9
1528637679 , 10
1528637711 , 11
1528637714 , 12
1528637742 , 13
1528637760 , 14
1528637821 , 16
1528637928 , 19
1528638025 , 21
1528638027 , 22
1528638064 , 23
1528638091 , 25
1528638095 , 26
1528638150 , 27
1528638150 , 28
1528638162 , 29
1528638199 , 31
1528638203 , 32
1528638225 , 33
1528638234 , 34
1528638249 , 35
1528638291 , 37
1528638307 , 38
1528638388 , 39
1528638391 , 40
1528638407 , 41
1528638413 , 42
1528638438 , 43
1528638466 , 45
1528638504 , 47
1528638514 , 49
1528638519 , 50
1528638539 , 51
1528641235 , 52
1528641246 , 53
1528641249 , 54
1528641262 , 55
