2018-05-16 00:15:46,967 ---------------------------------------------------------
2018-05-16 00:15:46,970 PURE BLOCKCHAIN state
2018-05-16 00:15:47,990 start mining - depth 0
2018-05-16 00:15:47,991 start mining - hash 855f962262d09305c41067adb5df4e4a90b553d3605d38d4e97b738489be45d7
2018-05-16 00:16:00,042 RCV proposal_commit
2018-05-16 00:16:00,047 appended honest propose 5a364f5154 on top of 855f962262
2018-05-16 00:16:00,047 appended honest commit faadd69d88 on top of 5a364f5154
2018-05-16 00:16:00,047 weight: 1
2018-05-16 00:16:00,048 , 1
2018-05-16 00:16:00,048 start mining - depth 1
2018-05-16 00:16:00,049 start mining - hash faadd69d8834df5d98cc3f0b711d89bbe580d19365c32b19ed0801c495f99f61
2018-05-16 00:16:03,708 RCV proposal_commit
2018-05-16 00:16:03,711 appended honest propose 01a46e1718 on top of faadd69d88
2018-05-16 00:16:03,711 appended honest commit 3be9b166eb on top of 01a46e1718
2018-05-16 00:16:03,712 weight: 2
2018-05-16 00:16:03,712 , 2
2018-05-16 00:16:03,712 start mining - depth 2
2018-05-16 00:16:03,712 start mining - hash 3be9b166eb3610ef6a2ed248f223e6133778b1d1dda64d5985f9d9dd68dc4232
2018-05-16 00:16:06,937 hash found
2018-05-16 00:16:06,938 appended honest propose 6523a49513 on top of 3be9b166eb
2018-05-16 00:16:06,939 appended honest commit 29fed442f9 on top of 6523a49513
2018-05-16 00:16:06,939 weight: 3
2018-05-16 00:16:06,939 , 3
2018-05-16 00:16:06,939 SNT proposal_commit
2018-05-16 00:16:06,997 start mining - depth 3
2018-05-16 00:16:06,998 start mining - hash 29fed442f9ba1eaa649006e5f73749ef2858005cd96424cea10b6e34b16e1fb2
2018-05-16 00:16:16,623 RCV proposal_commit
2018-05-16 00:16:16,625 appended malicious propose 3ab2740705 on top of 29fed442f9
2018-05-16 00:16:16,626 appended malicious commit ad39def2a9 on top of 3ab2740705
2018-05-16 00:16:16,626 weight: 4
2018-05-16 00:16:16,626 , 4
2018-05-16 00:16:16,627 start mining - depth 4
2018-05-16 00:16:16,627 start mining - hash ad39def2a96a4da13316a1cb67cf4299f5ac6dcefb1b30be1ac54262c8170fb8
2018-05-16 00:16:16,627 END: MALICIOUS WIN
2018-05-16 00:16:19,246 RCV proposal_commit
2018-05-16 00:16:19,248 appended malicious propose bf851857b5 on top of ad39def2a9
2018-05-16 00:16:19,249 appended malicious commit e3848b6510 on top of bf851857b5
2018-05-16 00:16:19,249 weight: 5
2018-05-16 00:16:19,249 , 5
2018-05-16 00:16:19,249 start mining - depth 5
2018-05-16 00:16:19,249 start mining - hash e3848b6510abe40362dee03d00d7385e1584b455b61233119700127715f2ab02
2018-05-16 00:16:19,250 END: MALICIOUS WIN
