2018-06-10 14:38:01,881 ---------------------------------------------------------
2018-06-10 14:38:01,882 PURE BLOCKCHAIN state
2018-06-10 14:38:02,899 start mining - depth 0
2018-06-10 14:38:02,900 start mining - hash e84418a527e574c6533efc910cdd5625fe57a5d8a8d69c5fd4543f79d929044f
2018-06-10 14:38:19,522 RF found but not transmitted
2018-06-10 14:38:26,205 RF found but not transmitted
2018-06-10 14:38:33,757 RF found but not transmitted
2018-06-10 14:38:54,105 RF found but not transmitted
2018-06-10 14:38:57,047 RF found but not transmitted
2018-06-10 14:38:57,049 hash found
2018-06-10 14:38:57,054 appended honest propose 605b0c6b44 on top of e84418a527
2018-06-10 14:38:57,055 appended honest commit 9e547ebcea on top of 605b0c6b44
2018-06-10 14:38:57,055 weight: 1
2018-06-10 14:38:57,055 , 1
2018-06-10 14:38:57,056 SNT proposal_commit
2018-06-10 14:38:57,108 start mining - depth 1
2018-06-10 14:38:57,108 start mining - hash 9e547ebcea07bd63b6b03532f9fc3dce2ee6377ab887f577fa2c0108f396fb32
2018-06-10 14:38:57,201 RCV proposal_commit
2018-06-10 14:38:57,203 appended malicious propose 7402e61ac3 on top of e84418a527
2018-06-10 14:38:57,204 appended malicious commit f65175e984 on top of 7402e61ac3
2018-06-10 14:38:57,204 weight: 1
2018-06-10 14:38:57,204 , 1
2018-06-10 14:39:00,395 RF found but not transmitted
2018-06-10 14:39:00,396 hash found
2018-06-10 14:39:00,400 appended honest propose 086ddd5646 on top of 9e547ebcea
2018-06-10 14:39:00,400 appended honest commit 0766ced995 on top of 086ddd5646
2018-06-10 14:39:00,400 weight: 2
2018-06-10 14:39:00,401 , 2
2018-06-10 14:39:00,401 SNT proposal_commit
2018-06-10 14:39:00,447 start mining - depth 2
2018-06-10 14:39:00,448 start mining - hash 0766ced9957458f71e942f89dd6bb645eba809c4372b0a112224996011c165c9
2018-06-10 14:39:07,093 RF found but not transmitted
2018-06-10 14:39:17,897 RF found but not transmitted
2018-06-10 14:39:18,553 RF found but not transmitted
2018-06-10 14:39:20,437 RF found but not transmitted
2018-06-10 14:39:25,438 RF found but not transmitted
2018-06-10 14:39:30,339 RF found but not transmitted
2018-06-10 14:39:39,577 RF found but not transmitted
2018-06-10 14:39:42,369 RF found but not transmitted
2018-06-10 14:39:46,588 RF found but not transmitted
2018-06-10 14:39:47,420 RF found but not transmitted
2018-06-10 14:39:55,269 RF found but not transmitted
2018-06-10 14:40:00,460 RF found but not transmitted
2018-06-10 14:40:05,354 RF found but not transmitted
2018-06-10 14:40:20,627 RF found but not transmitted
2018-06-10 14:40:20,918 RF found but not transmitted
2018-06-10 14:40:24,838 RF found but not transmitted
2018-06-10 14:40:28,227 RF found but not transmitted
2018-06-10 14:40:32,170 RCV proposal_commit
2018-06-10 14:40:32,178 appended honest propose 6df7c273e2 on top of 0766ced995
2018-06-10 14:40:32,181 appended honest commit fe70280ebd on top of 6df7c273e2
2018-06-10 14:40:32,181 weight: 3
2018-06-10 14:40:32,181 , 3
2018-06-10 14:40:32,183 start mining - depth 3
2018-06-10 14:40:32,183 start mining - hash fe70280ebd0fd6148eaa16ec30dd13ddcf7d6ae228e204527ceeb826ff83aee6
2018-06-10 14:40:32,185 Hashing frequency: 8079
2018-06-10 14:40:32,264 RCV proposal_commit
2018-06-10 14:40:32,268 appended malicious propose cd0e962b42 on top of 0766ced995
2018-06-10 14:40:32,271 appended malicious commit 25adbcee63 on top of cd0e962b42
2018-06-10 14:40:32,272 weight: 3
2018-06-10 14:40:32,272 , 3
2018-06-10 14:40:35,615 RCV proposal_commit
2018-06-10 14:40:35,617 appended malicious propose 15900fae17 on top of 25adbcee63
2018-06-10 14:40:35,617 appended malicious commit 4f0de4834f on top of 15900fae17
2018-06-10 14:40:35,617 weight: 4
2018-06-10 14:40:35,617 , 4
2018-06-10 14:40:35,617 start mining - depth 4
2018-06-10 14:40:35,617 start mining - hash 4f0de4834fd58de79a7cf3cd1c2ce419366681566cfa453b84f7a807b3f222f2
2018-06-10 14:40:37,309 RF found but not transmitted
2018-06-10 14:40:38,466 RF found but not transmitted
2018-06-10 14:40:38,467 hash found
2018-06-10 14:40:38,470 appended honest propose bc3e4e3873 on top of 4f0de4834f
2018-06-10 14:40:38,470 appended honest commit ff034119e7 on top of bc3e4e3873
2018-06-10 14:40:38,470 weight: 5
2018-06-10 14:40:38,470 , 5
2018-06-10 14:40:38,470 SNT proposal_commit
2018-06-10 14:40:38,517 start mining - depth 5
2018-06-10 14:40:38,517 start mining - hash ff034119e7592aa6657197259ff1cc8829118106c75c2c01cee3ccb8c5cff3cb
2018-06-10 14:40:41,424 RF found but not transmitted
2018-06-10 14:40:44,821 RF found but not transmitted
2018-06-10 14:40:46,890 RF found but not transmitted
2018-06-10 14:40:48,818 RCV proposal_commit
2018-06-10 14:40:48,826 appended malicious propose ad75a48398 on top of 4f0de4834f
2018-06-10 14:40:48,827 appended malicious commit 8971504031 on top of ad75a48398
2018-06-10 14:40:48,827 weight: 5
2018-06-10 14:40:48,827 , 5
2018-06-10 14:40:50,842 RCV proposal_commit
2018-06-10 14:40:50,844 appended malicious propose dff41f307e on top of 8971504031
2018-06-10 14:40:50,845 appended malicious commit 6e43f7b850 on top of dff41f307e
2018-06-10 14:40:50,845 weight: 6
2018-06-10 14:40:50,845 , 6
2018-06-10 14:40:50,847 start mining - depth 6
2018-06-10 14:40:50,847 start mining - hash 6e43f7b850b8bbe8c70a2a83b22cadfbe9b14b2b1aaea2b0066fa4accfedc759
2018-06-10 14:41:04,331 RF found but not transmitted
2018-06-10 14:41:05,197 RF found but not transmitted
2018-06-10 14:41:06,551 RF found but not transmitted
2018-06-10 14:41:06,825 RF found but not transmitted
2018-06-10 14:41:08,804 RF found but not transmitted
2018-06-10 14:41:16,038 RF found but not transmitted
2018-06-10 14:41:17,457 RF found but not transmitted
2018-06-10 14:41:20,313 RF found but not transmitted
2018-06-10 14:41:23,359 RCV proposal_commit
2018-06-10 14:41:23,362 appended honest propose 24e2319a4f on top of 6e43f7b850
2018-06-10 14:41:23,363 appended honest commit b32052d906 on top of 24e2319a4f
2018-06-10 14:41:23,363 weight: 7
2018-06-10 14:41:23,363 , 7
2018-06-10 14:41:23,365 start mining - depth 7
2018-06-10 14:41:23,365 start mining - hash b32052d9062c790c9c99bd9bdc6e8996e3189d9a739321e2e4af04f977aa345d
2018-06-10 14:41:23,422 RCV proposal_commit
2018-06-10 14:41:23,425 appended malicious propose 1b6879fdad on top of 6e43f7b850
2018-06-10 14:41:23,425 appended malicious commit 7a8d0c321b on top of 1b6879fdad
2018-06-10 14:41:23,425 weight: 7
2018-06-10 14:41:23,426 , 7
2018-06-10 14:41:25,567 RCV proposal_commit
2018-06-10 14:41:25,569 appended honest propose 426411d899 on top of b32052d906
2018-06-10 14:41:25,569 appended honest commit 74d069c308 on top of 426411d899
2018-06-10 14:41:25,570 weight: 8
2018-06-10 14:41:25,570 , 8
2018-06-10 14:41:25,570 start mining - depth 8
2018-06-10 14:41:25,570 start mining - hash 74d069c3088cfd09fea65e0070454f5c1fb479fc6e53e185f6bb74e61442de06
2018-06-10 14:41:30,947 RF found but not transmitted
2018-06-10 14:41:32,319 RF found but not transmitted
2018-06-10 14:41:32,376 RF found but not transmitted
2018-06-10 14:41:36,207 RF found but not transmitted
2018-06-10 14:41:40,918 RF found but not transmitted
2018-06-10 14:41:51,055 RF found but not transmitted
2018-06-10 14:41:52,274 RF found but not transmitted
2018-06-10 14:41:54,938 RF found but not transmitted
2018-06-10 14:41:54,942 hash found
2018-06-10 14:41:54,946 appended honest propose 036ba484f3 on top of 74d069c308
2018-06-10 14:41:54,947 appended honest commit 5fef3b956b on top of 036ba484f3
2018-06-10 14:41:54,947 weight: 9
2018-06-10 14:41:54,947 , 9
2018-06-10 14:41:54,950 SNT proposal_commit
2018-06-10 14:41:55,008 start mining - depth 9
2018-06-10 14:41:55,009 start mining - hash 5fef3b956b79ebf179454fdfb0959ed2f9c4eaeeebd0a8f1a2b5390f0149b1db
2018-06-10 14:41:55,009 Hashing frequency: 4492
2018-06-10 14:41:55,081 RCV proposal_commit
2018-06-10 14:41:55,083 appended malicious propose 517571b99c on top of 74d069c308
2018-06-10 14:41:55,084 appended malicious commit 967e662503 on top of 517571b99c
2018-06-10 14:41:55,084 weight: 9
2018-06-10 14:41:55,085 , 9
2018-06-10 14:41:58,018 RCV proposal_commit
2018-06-10 14:41:58,021 appended malicious propose 50e56accd3 on top of 967e662503
2018-06-10 14:41:58,021 appended malicious commit 7509b2a5bc on top of 50e56accd3
2018-06-10 14:41:58,021 weight: 10
2018-06-10 14:41:58,021 , 10
2018-06-10 14:41:58,022 start mining - depth 10
2018-06-10 14:41:58,022 start mining - hash 7509b2a5bce205a5eab1ebc6e8d194f4f6e2f936219f20c44ee90d83e2589530
2018-06-10 14:41:58,061 RF found but not transmitted
2018-06-10 14:42:02,897 RF found but not transmitted
2018-06-10 14:42:07,864 RF found but not transmitted
2018-06-10 14:42:08,621 RF found but not transmitted
2018-06-10 14:42:09,655 RF found but not transmitted
2018-06-10 14:42:12,204 RF found but not transmitted
2018-06-10 14:42:17,793 RF found but not transmitted
2018-06-10 14:42:17,796 hash found
2018-06-10 14:42:17,800 appended honest propose 51d42d5cae on top of 7509b2a5bc
2018-06-10 14:42:17,800 appended honest commit e3f047bf13 on top of 51d42d5cae
2018-06-10 14:42:17,800 weight: 11
2018-06-10 14:42:17,801 , 11
2018-06-10 14:42:17,804 SNT proposal_commit
2018-06-10 14:42:17,895 start mining - depth 11
2018-06-10 14:42:17,895 start mining - hash e3f047bf1307b281898f3feba08ab668f7bbbafac0f2ecd129ef8c1a155bbca7
2018-06-10 14:42:19,339 RF found but not transmitted
2018-06-10 14:42:23,041 RF found but not transmitted
2018-06-10 14:42:23,997 RF found but not transmitted
2018-06-10 14:42:32,322 RCV proposal_commit
2018-06-10 14:42:32,326 appended malicious propose 43aac5512c on top of 7509b2a5bc
2018-06-10 14:42:32,327 appended malicious commit 0f6df1d18d on top of 43aac5512c
2018-06-10 14:42:32,327 weight: 11
2018-06-10 14:42:32,327 , 11
2018-06-10 14:42:32,487 RF found but not transmitted
2018-06-10 14:42:36,111 RCV proposal_commit
2018-06-10 14:42:36,114 appended malicious propose 9fbe547554 on top of 0f6df1d18d
2018-06-10 14:42:36,114 appended malicious commit 85a1874646 on top of 9fbe547554
2018-06-10 14:42:36,114 weight: 12
2018-06-10 14:42:36,115 , 12
2018-06-10 14:42:36,115 start mining - depth 12
2018-06-10 14:42:36,115 start mining - hash 85a18746465641a1136da3f92d989dd0217401f4dc8fc274cf3c811912606907
2018-06-10 14:42:41,382 RF found but not transmitted
2018-06-10 14:42:45,531 RF found but not transmitted
2018-06-10 14:42:48,668 RF found but not transmitted
2018-06-10 14:42:57,859 RF found but not transmitted
2018-06-10 14:43:05,569 RF found but not transmitted
2018-06-10 14:43:22,558 RF found but not transmitted
2018-06-10 14:43:22,867 RF found but not transmitted
2018-06-10 14:43:24,275 RF found but not transmitted
2018-06-10 14:43:25,248 RF found but not transmitted
2018-06-10 14:43:25,250 hash found
2018-06-10 14:43:25,253 appended honest propose 5510510c7a on top of 85a1874646
2018-06-10 14:43:25,254 appended honest commit 40cae6d7c7 on top of 5510510c7a
2018-06-10 14:43:25,254 weight: 13
2018-06-10 14:43:25,254 , 13
2018-06-10 14:43:25,257 SNT proposal_commit
2018-06-10 14:43:25,309 start mining - depth 13
2018-06-10 14:43:25,310 start mining - hash 40cae6d7c710249f346c7f1c036f68ae918fc12b48732d181c58a3809ad83bfc
2018-06-10 14:43:25,310 Hashing frequency: 4891
2018-06-10 14:43:25,407 RCV proposal_commit
2018-06-10 14:43:25,412 appended malicious propose 81e64a5f73 on top of 85a1874646
2018-06-10 14:43:25,413 appended malicious commit f2c3e3544f on top of 81e64a5f73
2018-06-10 14:43:25,413 weight: 13
2018-06-10 14:43:25,414 , 13
2018-06-10 14:43:40,464 RCV proposal_commit
2018-06-10 14:43:40,468 appended malicious propose 796bfbc239 on top of f2c3e3544f
2018-06-10 14:43:40,468 appended malicious commit b9eae9ed3b on top of 796bfbc239
2018-06-10 14:43:40,469 weight: 14
2018-06-10 14:43:40,471 , 14
2018-06-10 14:43:40,472 start mining - depth 14
2018-06-10 14:43:40,472 start mining - hash b9eae9ed3b191b98085dee6a89b9d943fa20ce20ab8aed829d188c8e4b420ba9
2018-06-10 14:43:42,048 RF found but not transmitted
2018-06-10 14:43:54,634 RF found but not transmitted
2018-06-10 14:44:09,041 RF found but not transmitted
2018-06-10 14:44:14,003 RF found but not transmitted
2018-06-10 14:44:14,175 RF found but not transmitted
2018-06-10 14:44:15,856 RF found but not transmitted
2018-06-10 14:44:20,588 RF found but not transmitted
2018-06-10 14:44:21,999 RF found but not transmitted
2018-06-10 14:44:23,219 RF found but not transmitted
2018-06-10 14:44:23,221 hash found
2018-06-10 14:44:23,224 appended honest propose 20c225ba8c on top of b9eae9ed3b
2018-06-10 14:44:23,225 appended honest commit bf24fcf661 on top of 20c225ba8c
2018-06-10 14:44:23,225 weight: 15
2018-06-10 14:44:23,225 , 15
2018-06-10 14:44:23,227 SNT proposal_commit
2018-06-10 14:44:23,285 start mining - depth 15
2018-06-10 14:44:23,285 start mining - hash bf24fcf661afa48c0e75db28b48d02ebbfef29cc240cc1672bf43b52f46e27f5
2018-06-10 14:44:23,369 RCV proposal_commit
2018-06-10 14:44:23,372 appended malicious propose 4db12f68ec on top of b9eae9ed3b
2018-06-10 14:44:23,373 appended malicious commit 216829d4dc on top of 4db12f68ec
2018-06-10 14:44:23,373 weight: 15
2018-06-10 14:44:23,373 , 15
2018-06-10 14:44:28,305 RF found but not transmitted
2018-06-10 14:44:28,307 hash found
2018-06-10 14:44:28,311 appended honest propose c56b857181 on top of bf24fcf661
2018-06-10 14:44:28,312 appended honest commit 5b08e85261 on top of c56b857181
2018-06-10 14:44:28,312 weight: 16
2018-06-10 14:44:28,312 , 16
2018-06-10 14:44:28,312 SNT proposal_commit
2018-06-10 14:44:28,363 start mining - depth 16
2018-06-10 14:44:28,363 start mining - hash 5b08e85261527305cf458997000c23d5ba94c976669f5092993add5b6c1ab10f
2018-06-10 14:44:28,364 Hashing frequency: 3426
2018-06-10 14:44:29,516 RF found but not transmitted
2018-06-10 14:44:29,985 RF found but not transmitted
2018-06-10 14:44:33,899 RF found but not transmitted
2018-06-10 14:44:44,552 RF found but not transmitted
2018-06-10 14:44:50,246 RF found but not transmitted
2018-06-10 14:44:59,062 RCV proposal_commit
2018-06-10 14:44:59,067 appended honest propose bb3208dc83 on top of 5b08e85261
2018-06-10 14:44:59,068 appended honest commit 65f0daba16 on top of bb3208dc83
2018-06-10 14:44:59,068 weight: 17
2018-06-10 14:44:59,068 , 17
2018-06-10 14:44:59,069 start mining - depth 17
2018-06-10 14:44:59,069 start mining - hash 65f0daba167a9af03b13741796178d5fe0c7534ec7f276e5ab75b0a8449d33a4
2018-06-10 14:44:59,127 RCV proposal_commit
2018-06-10 14:44:59,131 appended malicious propose 7a51097884 on top of 5b08e85261
2018-06-10 14:44:59,132 appended malicious commit b6ab13bb49 on top of 7a51097884
2018-06-10 14:44:59,132 weight: 17
2018-06-10 14:44:59,132 , 17
2018-06-10 14:45:00,078 RCV proposal_commit
2018-06-10 14:45:00,081 appended malicious propose 8404c80196 on top of b6ab13bb49
2018-06-10 14:45:00,081 appended malicious commit e15ece5cd6 on top of 8404c80196
2018-06-10 14:45:00,081 weight: 18
2018-06-10 14:45:00,082 , 18
2018-06-10 14:45:00,082 start mining - depth 18
2018-06-10 14:45:00,082 start mining - hash e15ece5cd69dc2203fdde88f60d3aae8a004a14ebe36a6f01944edaef45d2acc
2018-06-10 14:45:02,923 RF found but not transmitted
2018-06-10 14:45:02,924 hash found
2018-06-10 14:45:02,929 appended honest propose 5a96113a03 on top of e15ece5cd6
2018-06-10 14:45:02,929 appended honest commit 6228163f1a on top of 5a96113a03
2018-06-10 14:45:02,929 weight: 19
2018-06-10 14:45:02,930 , 19
2018-06-10 14:45:02,930 SNT proposal_commit
2018-06-10 14:45:02,986 start mining - depth 19
2018-06-10 14:45:02,986 start mining - hash 6228163f1a11c7044002dc24b6d6fed40da79761b1c98ea9df8f4f979750df23
2018-06-10 14:45:07,436 RF found but not transmitted
2018-06-10 14:45:08,047 RCV proposal_commit
2018-06-10 14:45:08,049 appended malicious propose 4912a5374a on top of e15ece5cd6
2018-06-10 14:45:08,050 appended malicious commit ef08cb4e29 on top of 4912a5374a
2018-06-10 14:45:08,050 weight: 19
2018-06-10 14:45:08,050 , 19
2018-06-10 14:45:08,356 RCV proposal_commit
2018-06-10 14:45:08,358 appended malicious propose cd2341b297 on top of ef08cb4e29
2018-06-10 14:45:08,359 appended malicious commit bf5be5b32a on top of cd2341b297
2018-06-10 14:45:08,359 weight: 20
2018-06-10 14:45:08,359 , 20
2018-06-10 14:45:08,360 start mining - depth 20
2018-06-10 14:45:08,360 start mining - hash bf5be5b32a5edc5fc9c6aea6b1e3e41f9e83e083462edc1ed1d741e394323faf
2018-06-10 14:45:09,266 RF found but not transmitted
2018-06-10 14:45:20,874 RF found but not transmitted
2018-06-10 14:45:24,099 RF found but not transmitted
2018-06-10 14:45:24,101 hash found
2018-06-10 14:45:24,104 appended honest propose 223aa5ff63 on top of bf5be5b32a
2018-06-10 14:45:24,104 appended honest commit 97cdde25de on top of 223aa5ff63
2018-06-10 14:45:24,105 weight: 21
2018-06-10 14:45:24,105 , 21
2018-06-10 14:45:24,107 SNT proposal_commit
2018-06-10 14:45:24,161 start mining - depth 21
2018-06-10 14:45:24,161 start mining - hash 97cdde25de997c6056568ca77900036d8ac6c2988dc00429ff50a82377e5ca15
2018-06-10 14:45:24,250 RCV proposal_commit
2018-06-10 14:45:24,253 appended malicious propose 29a110af22 on top of bf5be5b32a
2018-06-10 14:45:24,253 appended malicious commit 3b44d9ad72 on top of 29a110af22
2018-06-10 14:45:24,253 weight: 21
2018-06-10 14:45:24,254 , 21
2018-06-10 14:45:26,802 RF found but not transmitted
2018-06-10 14:45:26,804 hash found
2018-06-10 14:45:26,808 appended honest propose e6c4384ba8 on top of 97cdde25de
2018-06-10 14:45:26,808 appended honest commit 4565478748 on top of e6c4384ba8
2018-06-10 14:45:26,808 weight: 22
2018-06-10 14:45:26,808 , 22
2018-06-10 14:45:26,809 SNT proposal_commit
2018-06-10 14:45:26,858 start mining - depth 22
2018-06-10 14:45:26,859 start mining - hash 45654787489b8ea7c999d3988878f054f06ac418cf884498597f97a7f79bb796
2018-06-10 14:45:30,280 RF found but not transmitted
2018-06-10 14:45:32,065 RF found but not transmitted
2018-06-10 14:45:32,676 RF found but not transmitted
2018-06-10 14:45:36,704 RF found but not transmitted
2018-06-10 14:45:43,104 RF found but not transmitted
2018-06-10 14:45:43,106 hash found
2018-06-10 14:45:43,107 appended honest propose 56ff83bfa5 on top of 4565478748
2018-06-10 14:45:43,108 appended honest commit 1c43792a08 on top of 56ff83bfa5
2018-06-10 14:45:43,108 weight: 23
2018-06-10 14:45:43,108 , 23
2018-06-10 14:45:43,110 SNT proposal_commit
2018-06-10 14:45:43,165 start mining - depth 23
2018-06-10 14:45:43,166 start mining - hash 1c43792a08add070fb49b0197cb8f4d6371fc412d1b586e7cd309739fe7a5d5e
2018-06-10 14:45:43,166 Hashing frequency: 4086
2018-06-10 14:45:46,372 RCV proposal_commit
2018-06-10 14:45:46,374 appended malicious propose 298ac62ed4 on top of 4565478748
2018-06-10 14:45:46,375 appended malicious commit c0d3c68f6e on top of 298ac62ed4
2018-06-10 14:45:46,375 weight: 23
2018-06-10 14:45:46,375 , 23
2018-06-10 14:45:47,130 RF found but not transmitted
2018-06-10 14:45:49,638 RF found but not transmitted
2018-06-10 14:45:56,103 RF found but not transmitted
2018-06-10 14:46:00,794 RF found but not transmitted
2018-06-10 14:46:05,555 RCV proposal_commit
2018-06-10 14:46:05,559 appended malicious propose 36af454af4 on top of c0d3c68f6e
2018-06-10 14:46:05,559 appended malicious commit 1b05a2bf0c on top of 36af454af4
2018-06-10 14:46:05,559 weight: 24
2018-06-10 14:46:05,560 , 24
2018-06-10 14:46:05,560 start mining - depth 24
2018-06-10 14:46:05,560 start mining - hash 1b05a2bf0c7bc6c15ac5f5660045ea159ac6486062afe6051002ec171834cc4c
2018-06-10 14:46:06,075 RF found but not transmitted
2018-06-10 14:46:07,396 RF found but not transmitted
2018-06-10 14:46:08,414 RF found but not transmitted
2018-06-10 14:46:18,651 RCV proposal_commit
2018-06-10 14:46:18,660 appended honest propose 289c4e605a on top of 1b05a2bf0c
2018-06-10 14:46:18,660 appended honest commit 7ccae343b1 on top of 289c4e605a
2018-06-10 14:46:18,660 weight: 25
2018-06-10 14:46:18,661 , 25
2018-06-10 14:46:18,661 start mining - depth 25
2018-06-10 14:46:18,661 start mining - hash 7ccae343b158f59fbadc12e697089d763c13d73c23ea8700952eaa71680f9851
2018-06-10 14:46:18,710 RCV proposal_commit
2018-06-10 14:46:18,712 appended malicious propose 21fb65c0b4 on top of 1b05a2bf0c
2018-06-10 14:46:18,713 appended malicious commit 2447629a77 on top of 21fb65c0b4
2018-06-10 14:46:18,713 weight: 25
2018-06-10 14:46:18,713 , 25
2018-06-10 14:46:26,597 RF found but not transmitted
2018-06-10 14:46:29,234 RF found but not transmitted
2018-06-10 14:46:32,698 RCV proposal_commit
2018-06-10 14:46:32,700 appended honest propose 4ea585c645 on top of 7ccae343b1
2018-06-10 14:46:32,701 appended honest commit 1deec219f8 on top of 4ea585c645
2018-06-10 14:46:32,701 weight: 26
2018-06-10 14:46:32,704 , 26
2018-06-10 14:46:32,704 start mining - depth 26
2018-06-10 14:46:32,704 start mining - hash 1deec219f837aa758bfdb6f2949b166cdf975e24c0d315b2b93edfbdf8b4986e
2018-06-10 14:46:36,074 RF found but not transmitted
2018-06-10 14:46:36,258 RF found but not transmitted
2018-06-10 14:46:37,012 RF found but not transmitted
2018-06-10 14:46:38,963 RF found but not transmitted
2018-06-10 14:46:40,052 RF found but not transmitted
2018-06-10 14:46:40,897 RF found but not transmitted
2018-06-10 14:46:47,297 RF found but not transmitted
2018-06-10 14:46:48,822 RF found but not transmitted
2018-06-10 14:46:51,588 RF found but not transmitted
2018-06-10 14:46:53,129 RF found but not transmitted
2018-06-10 14:46:54,161 RF found but not transmitted
2018-06-10 14:46:55,155 RCV proposal_commit
2018-06-10 14:46:55,158 appended honest propose 00461c2da7 on top of 1deec219f8
2018-06-10 14:46:55,159 appended honest commit 30d49e2e35 on top of 00461c2da7
2018-06-10 14:46:55,159 weight: 27
2018-06-10 14:46:55,159 , 27
2018-06-10 14:46:55,161 start mining - depth 27
2018-06-10 14:46:55,161 start mining - hash 30d49e2e358dc7b5bdae9af0c04de587152bb6a5c4e76f867321c54e184a36f3
2018-06-10 14:46:55,161 Hashing frequency: 3925
2018-06-10 14:46:55,217 RCV proposal_commit
2018-06-10 14:46:55,219 appended malicious propose e278bc45a9 on top of 1deec219f8
2018-06-10 14:46:55,220 appended malicious commit a7ab67cdaf on top of e278bc45a9
2018-06-10 14:46:55,220 weight: 27
2018-06-10 14:46:55,220 , 27
2018-06-10 14:46:57,717 RCV proposal_commit
2018-06-10 14:46:57,719 appended malicious propose 2685ef0052 on top of a7ab67cdaf
2018-06-10 14:46:57,720 appended malicious commit 282a6f34ef on top of 2685ef0052
2018-06-10 14:46:57,720 weight: 28
2018-06-10 14:46:57,720 , 28
2018-06-10 14:46:57,720 start mining - depth 28
2018-06-10 14:46:57,722 start mining - hash 282a6f34ef33544e90d845cddf6b9ddce24748cdee9393abe5f490b0f2f84e35
2018-06-10 14:46:59,446 RF found but not transmitted
2018-06-10 14:46:59,975 RF found but not transmitted
2018-06-10 14:47:03,226 RF found but not transmitted
2018-06-10 14:47:10,191 RF found but not transmitted
2018-06-10 14:47:10,193 hash found
2018-06-10 14:47:10,197 appended honest propose 358f1ed219 on top of 282a6f34ef
2018-06-10 14:47:10,198 appended honest commit a7f385b71a on top of 358f1ed219
2018-06-10 14:47:10,198 weight: 29
2018-06-10 14:47:10,198 , 29
2018-06-10 14:47:10,198 SNT proposal_commit
2018-06-10 14:47:10,251 start mining - depth 29
2018-06-10 14:47:10,251 start mining - hash a7f385b71a29f45d8e17328ba86f33b4a119d2e7ccf2a0ccd6ad0756e76b87d6
2018-06-10 14:47:10,332 RCV proposal_commit
2018-06-10 14:47:10,334 appended malicious propose 7584b1476e on top of 282a6f34ef
2018-06-10 14:47:10,335 appended malicious commit 4d6cc361cd on top of 7584b1476e
2018-06-10 14:47:10,335 weight: 29
2018-06-10 14:47:10,339 , 29
2018-06-10 14:47:15,628 RCV proposal_commit
2018-06-10 14:47:15,630 appended malicious propose 5ff92e1d2c on top of 4d6cc361cd
2018-06-10 14:47:15,631 appended malicious commit 6fda9e8090 on top of 5ff92e1d2c
2018-06-10 14:47:15,631 weight: 30
2018-06-10 14:47:15,631 , 30
2018-06-10 14:47:15,631 start mining - depth 30
2018-06-10 14:47:15,632 start mining - hash 6fda9e8090a3401e21857ae9a45f02e3a2c54c6079a904643aba33aedf7f6b9a
2018-06-10 14:47:19,287 RCV proposal_commit
2018-06-10 14:47:19,291 appended honest propose 276cc3635c on top of 6fda9e8090
2018-06-10 14:47:19,292 appended honest commit e081ee5e98 on top of 276cc3635c
2018-06-10 14:47:19,292 weight: 31
2018-06-10 14:47:19,292 , 31
2018-06-10 14:47:19,293 start mining - depth 31
2018-06-10 14:47:19,293 start mining - hash e081ee5e9881a6b68c19f8913647b4134043a0e036af6aba0710cb5d7773de07
2018-06-10 14:47:31,338 RF found but not transmitted
2018-06-10 14:47:31,357 RF found but not transmitted
2018-06-10 14:47:34,742 RF found but not transmitted
2018-06-10 14:47:40,039 RF found but not transmitted
2018-06-10 14:47:40,043 RCV proposal_commit
2018-06-10 14:47:40,046 appended honest propose c7d3352b73 on top of e081ee5e98
2018-06-10 14:47:40,047 appended honest commit ee05a7ae7e on top of c7d3352b73
2018-06-10 14:47:40,047 weight: 32
2018-06-10 14:47:40,051 , 32
2018-06-10 14:47:40,054 start mining - depth 32
2018-06-10 14:47:40,054 start mining - hash ee05a7ae7e65bf9ae16b1877b8b4f86adfd377aa797e876e139f0c6ba1a4d0d9
2018-06-10 14:47:41,404 RF found but not transmitted
2018-06-10 14:47:44,947 RF found but not transmitted
2018-06-10 14:47:45,004 RF found but not transmitted
2018-06-10 14:47:50,303 RF found but not transmitted
2018-06-10 14:47:51,003 RF found but not transmitted
2018-06-10 14:47:51,180 RF found but not transmitted
2018-06-10 14:47:52,915 RF found but not transmitted
2018-06-10 14:47:56,826 RF found but not transmitted
2018-06-10 14:48:03,297 RF found but not transmitted
2018-06-10 14:48:04,978 RF found but not transmitted
2018-06-10 14:48:14,226 RCV proposal_commit
2018-06-10 14:48:14,229 appended honest propose 2a61a7a062 on top of ee05a7ae7e
2018-06-10 14:48:14,230 appended honest commit 9c6cac50e3 on top of 2a61a7a062
2018-06-10 14:48:14,230 weight: 33
2018-06-10 14:48:14,230 , 33
2018-06-10 14:48:14,245 start mining - depth 33
2018-06-10 14:48:14,245 start mining - hash 9c6cac50e3e72ef169a40fee557872b5ef44c62db9a6a044dfb15e2430d53b06
2018-06-10 14:48:14,246 Hashing frequency: 4305
2018-06-10 14:48:14,327 RCV proposal_commit
2018-06-10 14:48:14,331 appended malicious propose 98156dbef0 on top of ee05a7ae7e
2018-06-10 14:48:14,333 appended malicious commit 55278ecba7 on top of 98156dbef0
2018-06-10 14:48:14,334 weight: 33
2018-06-10 14:48:14,334 , 33
2018-06-10 14:48:18,675 RF found but not transmitted
2018-06-10 14:48:21,251 RF found but not transmitted
2018-06-10 14:48:21,331 RCV proposal_commit
2018-06-10 14:48:21,336 appended malicious propose dde0680b5a on top of 55278ecba7
2018-06-10 14:48:21,343 appended malicious commit 454f2e5f7f on top of dde0680b5a
2018-06-10 14:48:21,343 weight: 34
2018-06-10 14:48:21,344 , 34
2018-06-10 14:48:21,349 start mining - depth 34
2018-06-10 14:48:21,349 start mining - hash 454f2e5f7f69254f20752e5ba4e2d2099850ef66c5c034bcc4fafd6abb8299ea
2018-06-10 14:48:33,083 RF found but not transmitted
2018-06-10 14:48:53,531 RF found but not transmitted
2018-06-10 14:49:02,623 RF found but not transmitted
2018-06-10 14:49:03,214 RF found but not transmitted
2018-06-10 14:49:06,466 RF found but not transmitted
2018-06-10 14:49:16,024 RF found but not transmitted
2018-06-10 14:49:17,832 RCV proposal_commit
2018-06-10 14:49:17,835 appended honest propose 4b0671a8b3 on top of 454f2e5f7f
2018-06-10 14:49:17,836 appended honest commit 6e6e706fe7 on top of 4b0671a8b3
2018-06-10 14:49:17,836 weight: 35
2018-06-10 14:49:17,836 , 35
2018-06-10 14:49:17,839 start mining - depth 35
2018-06-10 14:49:17,839 start mining - hash 6e6e706fe77c22e207b1e47597d488efa5471929990dc019c72fac436daece67
2018-06-10 14:49:17,839 Hashing frequency: 3472
2018-06-10 14:49:17,924 RCV proposal_commit
2018-06-10 14:49:17,928 appended malicious propose 19a461f7ed on top of 454f2e5f7f
2018-06-10 14:49:17,929 appended malicious commit c9b5e7bdb3 on top of 19a461f7ed
2018-06-10 14:49:17,929 weight: 35
2018-06-10 14:49:17,929 , 35
2018-06-10 14:49:19,352 RF found but not transmitted
2018-06-10 14:49:21,876 RCV proposal_commit
2018-06-10 14:49:21,879 appended malicious propose 2cbd02a4f0 on top of c9b5e7bdb3
2018-06-10 14:49:21,879 appended malicious commit 565e0448aa on top of 2cbd02a4f0
2018-06-10 14:49:21,879 weight: 36
2018-06-10 14:49:21,879 , 36
2018-06-10 14:49:21,879 start mining - depth 36
2018-06-10 14:49:21,880 start mining - hash 565e0448aa3554345bb624420cf38cbf816c9e1a4316bc6e9663376b0d4e75b1
2018-06-10 14:49:23,654 RF found but not transmitted
2018-06-10 14:49:25,964 RF found but not transmitted
2018-06-10 14:49:31,859 RF found but not transmitted
2018-06-10 14:49:40,109 RF found but not transmitted
2018-06-10 14:49:40,981 RF found but not transmitted
2018-06-10 14:49:41,635 RF found but not transmitted
2018-06-10 14:49:41,851 RF found but not transmitted
2018-06-10 14:49:44,674 RF found but not transmitted
2018-06-10 14:49:53,298 RF found but not transmitted
2018-06-10 14:49:54,326 RF found but not transmitted
2018-06-10 14:50:05,215 RCV proposal_commit
2018-06-10 14:50:05,218 appended honest propose deb705280b on top of 565e0448aa
2018-06-10 14:50:05,218 appended honest commit 5734ef1036 on top of deb705280b
2018-06-10 14:50:05,219 weight: 37
2018-06-10 14:50:05,219 , 37
2018-06-10 14:50:05,221 start mining - depth 37
2018-06-10 14:50:05,222 start mining - hash 5734ef10367c08f54c238bbdee1839e0663cccfb90633a4519c76dbdf489834c
2018-06-10 14:50:05,296 RCV proposal_commit
2018-06-10 14:50:05,299 appended malicious propose ec912e09d5 on top of 565e0448aa
2018-06-10 14:50:05,301 appended malicious commit 80bd478123 on top of ec912e09d5
2018-06-10 14:50:05,301 weight: 37
2018-06-10 14:50:05,304 , 37
2018-06-10 14:50:05,501 RF found but not transmitted
2018-06-10 14:50:07,492 RF found but not transmitted
2018-06-10 14:50:07,765 RF found but not transmitted
2018-06-10 14:50:11,522 RF found but not transmitted
2018-06-10 14:50:11,957 RCV proposal_commit
2018-06-10 14:50:11,960 appended malicious propose 7f6b14b4db on top of 80bd478123
2018-06-10 14:50:11,960 appended malicious commit e8e116d65c on top of 7f6b14b4db
2018-06-10 14:50:11,960 weight: 38
2018-06-10 14:50:11,963 , 38
2018-06-10 14:50:11,963 start mining - depth 38
2018-06-10 14:50:11,964 start mining - hash e8e116d65cdf6e09edc99d71c876aeeadcb6ff5e5f230ecd63f4ff3d58daf415
2018-06-10 14:50:13,443 RCV proposal_commit
2018-06-10 14:50:13,446 appended honest propose 8bc0c81006 on top of e8e116d65c
2018-06-10 14:50:13,446 appended honest commit 5ec852d834 on top of 8bc0c81006
2018-06-10 14:50:13,447 weight: 39
2018-06-10 14:50:13,447 , 39
2018-06-10 14:50:13,447 start mining - depth 39
2018-06-10 14:50:13,447 start mining - hash 5ec852d834806d06055656f3f72c706dfe1c83244572de3c04346af3bf0dedbd
2018-06-10 14:50:15,704 RF found but not transmitted
2018-06-10 14:50:18,073 RCV proposal_commit
2018-06-10 14:50:18,075 appended malicious propose d60fbac36b on top of e8e116d65c
2018-06-10 14:50:18,076 appended malicious commit b247614499 on top of d60fbac36b
2018-06-10 14:50:18,076 weight: 39
2018-06-10 14:50:18,076 , 39
2018-06-10 14:50:21,403 RCV proposal_commit
2018-06-10 14:50:21,409 appended malicious propose c57cfca059 on top of b247614499
2018-06-10 14:50:21,409 appended malicious commit 11f328d7cb on top of c57cfca059
2018-06-10 14:50:21,409 weight: 40
2018-06-10 14:50:21,412 , 40
2018-06-10 14:50:21,412 start mining - depth 40
2018-06-10 14:50:21,413 start mining - hash 11f328d7cbf935c31877f1710e2ee5be3ae0d8d69446ce5575c56e59fcc4ca45
2018-06-10 14:50:21,413 Hashing frequency: 3446
2018-06-10 14:50:21,450 RCV proposal_commit
2018-06-10 14:50:21,452 appended malicious propose f438debe56 on top of b247614499
2018-06-10 14:50:21,453 appended malicious commit 9253566f50 on top of f438debe56
2018-06-10 14:50:21,453 weight: 40
2018-06-10 14:50:21,453 , 40
2018-06-10 14:50:32,703 RF found but not transmitted
2018-06-10 14:50:43,786 RF found but not transmitted
2018-06-10 14:50:52,700 RF found but not transmitted
2018-06-10 14:51:02,046 RF found but not transmitted
2018-06-10 14:51:02,611 RF found but not transmitted
2018-06-10 14:51:04,136 RF found but not transmitted
2018-06-10 14:51:18,850 RF found but not transmitted
2018-06-10 14:51:21,791 RF found but not transmitted
2018-06-10 14:51:23,015 RF found but not transmitted
2018-06-10 14:51:24,921 RF found but not transmitted
2018-06-10 14:51:24,922 hash found
2018-06-10 14:51:24,926 appended honest propose e2f3ff99f4 on top of 11f328d7cb
2018-06-10 14:51:24,927 appended honest commit addcb401cb on top of e2f3ff99f4
2018-06-10 14:51:24,927 weight: 41
2018-06-10 14:51:24,928 , 41
2018-06-10 14:51:24,930 SNT proposal_commit
2018-06-10 14:51:24,997 start mining - depth 41
2018-06-10 14:51:24,998 start mining - hash addcb401cb19adfa152ce0dd169d4b8408533e01ee03d9278af741896574a49e
2018-06-10 14:51:24,998 Hashing frequency: 3466
2018-06-10 14:51:25,104 RCV proposal_commit
2018-06-10 14:51:25,107 appended malicious propose fc9c0edcbd on top of 11f328d7cb
2018-06-10 14:51:25,109 appended malicious commit 3f8f7230b9 on top of fc9c0edcbd
2018-06-10 14:51:25,109 weight: 41
2018-06-10 14:51:25,113 , 41
2018-06-10 14:51:26,228 RF found but not transmitted
2018-06-10 14:51:26,229 hash found
2018-06-10 14:51:26,231 appended honest propose 017d9375f2 on top of addcb401cb
2018-06-10 14:51:26,232 appended honest commit 96dea28748 on top of 017d9375f2
2018-06-10 14:51:26,232 weight: 42
2018-06-10 14:51:26,232 , 42
2018-06-10 14:51:26,232 SNT proposal_commit
2018-06-10 14:51:26,308 start mining - depth 42
2018-06-10 14:51:26,308 start mining - hash 96dea287481a184e5d7f12042bfa067d61de8ace62d9e723dd02b3e4404e3d62
2018-06-10 14:51:35,767 RF found but not transmitted
2018-06-10 14:51:36,913 RF found but not transmitted
2018-06-10 14:51:37,033 RF found but not transmitted
2018-06-10 14:51:39,758 RF found but not transmitted
2018-06-10 14:51:40,630 RF found but not transmitted
2018-06-10 14:51:41,360 RF found but not transmitted
2018-06-10 14:51:41,591 RF found but not transmitted
2018-06-10 14:51:51,411 RF found but not transmitted
2018-06-10 14:51:57,465 RF found but not transmitted
2018-06-10 14:52:03,025 RF found but not transmitted
2018-06-10 14:52:11,331 RF found but not transmitted
2018-06-10 14:52:17,711 RF found but not transmitted
2018-06-10 14:52:22,093 RF found but not transmitted
2018-06-10 14:52:28,682 RF found but not transmitted
2018-06-10 14:52:29,549 RF found but not transmitted
2018-06-10 14:52:38,576 RF found but not transmitted
2018-06-10 14:52:39,908 RF found but not transmitted
2018-06-10 14:52:40,698 RF found but not transmitted
2018-06-10 14:52:42,321 RCV proposal_commit
2018-06-10 14:52:42,326 appended honest propose 8ed7055eda on top of 96dea28748
2018-06-10 14:52:42,330 appended honest commit eef84d6507 on top of 8ed7055eda
2018-06-10 14:52:42,333 weight: 43
2018-06-10 14:52:42,334 , 43
2018-06-10 14:52:42,338 start mining - depth 43
2018-06-10 14:52:42,338 start mining - hash eef84d6507133add96ab8975a3cd95ba05fb9df975d7d1228e2bb10f27b7a4cc
2018-06-10 14:52:42,339 Hashing frequency: 4177
2018-06-10 14:52:42,437 RCV proposal_commit
2018-06-10 14:52:42,443 appended malicious propose 5372df23f1 on top of 96dea28748
2018-06-10 14:52:42,445 appended malicious commit fbdd2704bb on top of 5372df23f1
2018-06-10 14:52:42,445 weight: 43
2018-06-10 14:52:42,445 , 43
2018-06-10 14:52:43,434 RF found but not transmitted
2018-06-10 14:52:44,687 RCV proposal_commit
2018-06-10 14:52:44,690 appended malicious propose f295fba649 on top of fbdd2704bb
2018-06-10 14:52:44,690 appended malicious commit 89c7c4c497 on top of f295fba649
2018-06-10 14:52:44,690 weight: 44
2018-06-10 14:52:44,690 , 44
2018-06-10 14:52:44,691 start mining - depth 44
2018-06-10 14:52:44,691 start mining - hash 89c7c4c497562db720c2f3c5739322523228c955cb273f8fef3c48e7856c915e
2018-06-10 14:52:49,077 RF found but not transmitted
2018-06-10 14:52:52,145 RF found but not transmitted
2018-06-10 14:52:55,666 RF found but not transmitted
2018-06-10 14:52:55,913 RCV proposal_commit
2018-06-10 14:52:55,915 appended honest propose 657828cf83 on top of 89c7c4c497
2018-06-10 14:52:55,916 appended honest commit a8416f0fc0 on top of 657828cf83
2018-06-10 14:52:55,916 weight: 45
2018-06-10 14:52:55,916 , 45
2018-06-10 14:52:55,916 start mining - depth 45
2018-06-10 14:52:55,916 start mining - hash a8416f0fc0f3ec8772c75ecc079d8607a1587ae70a707264046d971ad4bcf3de
2018-06-10 14:52:55,991 RCV proposal_commit
2018-06-10 14:52:55,994 appended malicious propose 34d1b8c6b8 on top of 89c7c4c497
2018-06-10 14:52:55,994 appended malicious commit ac3968a277 on top of 34d1b8c6b8
2018-06-10 14:52:55,994 weight: 45
2018-06-10 14:52:55,995 , 45
2018-06-10 14:52:57,707 RF found but not transmitted
2018-06-10 14:53:02,891 RF found but not transmitted
2018-06-10 14:53:04,715 RCV proposal_commit
2018-06-10 14:53:04,718 appended malicious propose 91efe561b3 on top of ac3968a277
2018-06-10 14:53:04,718 appended malicious commit 52ba309f21 on top of 91efe561b3
2018-06-10 14:53:04,718 weight: 46
2018-06-10 14:53:04,719 , 46
2018-06-10 14:53:04,719 start mining - depth 46
2018-06-10 14:53:04,719 start mining - hash 52ba309f21cb91f08021b4a678fd4a74059cc37622cbfd6a8e3f5566f2e3a002
2018-06-10 14:53:12,159 RF found but not transmitted
2018-06-10 14:53:17,664 RF found but not transmitted
2018-06-10 14:53:17,777 RF found but not transmitted
2018-06-10 14:53:18,623 RF found but not transmitted
2018-06-10 14:53:20,883 RF found but not transmitted
2018-06-10 14:53:41,513 RF found but not transmitted
2018-06-10 14:53:44,750 RF found but not transmitted
2018-06-10 14:53:44,752 hash found
2018-06-10 14:53:44,756 appended honest propose e5906d712b on top of 52ba309f21
2018-06-10 14:53:44,757 appended honest commit 87fab52bbd on top of e5906d712b
2018-06-10 14:53:44,757 weight: 47
2018-06-10 14:53:44,757 , 47
2018-06-10 14:53:44,760 SNT proposal_commit
2018-06-10 14:53:44,813 start mining - depth 47
2018-06-10 14:53:44,814 start mining - hash 87fab52bbd2a76e52c379d0e012a44eef16c863c2f933091629e398c989206c4
2018-06-10 14:53:44,814 Hashing frequency: 3377
2018-06-10 14:53:44,905 RCV proposal_commit
2018-06-10 14:53:44,907 appended malicious propose d7d130e008 on top of 52ba309f21
2018-06-10 14:53:44,908 appended malicious commit 28ca7bc438 on top of d7d130e008
2018-06-10 14:53:44,909 weight: 47
2018-06-10 14:53:44,909 , 47
2018-06-10 14:53:45,511 RF found but not transmitted
2018-06-10 14:53:47,631 RF found but not transmitted
2018-06-10 14:53:56,301 RCV proposal_commit
2018-06-10 14:53:56,304 appended honest propose 7064997121 on top of 87fab52bbd
2018-06-10 14:53:56,304 appended honest commit c94795663f on top of 7064997121
2018-06-10 14:53:56,304 weight: 48
2018-06-10 14:53:56,305 , 48
2018-06-10 14:53:56,305 start mining - depth 48
2018-06-10 14:53:56,305 start mining - hash c94795663f5f88c49b2dec428d76811ef74e9f4f87ad721e940da4789ca7690e
2018-06-10 14:54:02,006 RCV proposal_commit
2018-06-10 14:54:02,008 appended honest propose 63530aefac on top of c94795663f
2018-06-10 14:54:02,009 appended honest commit 32f25caf72 on top of 63530aefac
2018-06-10 14:54:02,009 weight: 49
2018-06-10 14:54:02,009 , 49
2018-06-10 14:54:02,009 start mining - depth 49
2018-06-10 14:54:02,009 start mining - hash 32f25caf72dad75fc7ef6e6d76cdb3e9557f2b07e331818ee33c3e4619f4c92c
2018-06-10 14:54:02,079 RCV proposal_commit
2018-06-10 14:54:02,082 appended malicious propose 513df890da on top of c94795663f
2018-06-10 14:54:02,082 appended malicious commit 1b4539b565 on top of 513df890da
2018-06-10 14:54:02,082 weight: 49
2018-06-10 14:54:02,090 , 49
2018-06-10 14:54:02,666 RF found but not transmitted
2018-06-10 14:54:03,574 RCV proposal_commit
2018-06-10 14:54:03,577 appended honest propose 7cb3696f0c on top of 32f25caf72
2018-06-10 14:54:03,577 appended honest commit b4f9fd5a46 on top of 7cb3696f0c
2018-06-10 14:54:03,577 weight: 50
2018-06-10 14:54:03,577 , 50
2018-06-10 14:54:03,578 start mining - depth 50
2018-06-10 14:54:03,578 start mining - hash b4f9fd5a462475674f0ea04517d534cbed7ac37cae3f494f018a83fa1fa891cd
2018-06-10 14:54:12,269 RF found but not transmitted
2018-06-10 14:54:16,003 RCV proposal_commit
2018-06-10 14:54:16,005 appended honest propose 994cf00d63 on top of b4f9fd5a46
2018-06-10 14:54:16,005 appended honest commit fe2295d2f6 on top of 994cf00d63
2018-06-10 14:54:16,006 weight: 51
2018-06-10 14:54:16,006 , 51
2018-06-10 14:54:16,006 start mining - depth 51
2018-06-10 14:54:16,006 start mining - hash fe2295d2f6cd6d3d5e39e3f5c31acf5d9c98ee547032ad41e6b7255b566d65ad
2018-06-10 14:54:16,551 RF found but not transmitted
2018-06-10 14:54:22,551 RCV proposal_commit
2018-06-10 14:54:22,557 appended honest propose 2467ca72b2 on top of fe2295d2f6
2018-06-10 14:54:22,558 appended honest commit 9aa8676247 on top of 2467ca72b2
2018-06-10 14:54:22,558 weight: 52
2018-06-10 14:54:22,560 , 52
2018-06-10 14:54:22,562 start mining - depth 52
2018-06-10 14:54:22,563 start mining - hash 9aa86762475d0348b13d259974bee3ca1d975ae42e734eaef63be13b77087d29
2018-06-10 14:54:24,215 RF found but not transmitted
2018-06-10 14:54:24,284 RF found but not transmitted
2018-06-10 14:54:28,771 RF found but not transmitted
2018-06-10 14:54:31,044 RF found but not transmitted
2018-06-10 14:54:31,341 RCV proposal_commit
2018-06-10 14:54:31,344 appended honest propose 70bf445044 on top of 9aa8676247
2018-06-10 14:54:31,344 appended honest commit e2ad8015ea on top of 70bf445044
2018-06-10 14:54:31,344 weight: 53
2018-06-10 14:54:31,344 , 53
2018-06-10 14:54:31,345 start mining - depth 53
2018-06-10 14:54:31,345 start mining - hash e2ad8015ea586bc27c1a92dcabc62967b3d17dab487cc83ac21a4852fa2dc787
2018-06-10 14:54:35,718 RCV proposal_commit
2018-06-10 14:54:35,721 appended malicious propose 2a509fd4eb on top of 9aa8676247
2018-06-10 14:54:35,721 appended malicious commit 3e9401bb68 on top of 2a509fd4eb
2018-06-10 14:54:35,721 weight: 53
2018-06-10 14:54:35,721 , 53
2018-06-10 14:54:43,541 RCV proposal_commit
2018-06-10 14:54:43,543 appended malicious propose 67679d783c on top of 3e9401bb68
2018-06-10 14:54:43,544 appended malicious commit e651f38e7b on top of 67679d783c
2018-06-10 14:54:43,544 weight: 54
2018-06-10 14:54:43,544 , 54
2018-06-10 14:54:43,545 start mining - depth 54
2018-06-10 14:54:43,545 start mining - hash e651f38e7b5540470f36de9bfc1853f02b20990713e67216277a095b5ee9221e
2018-06-10 14:54:44,617 RF found but not transmitted
2018-06-10 14:54:47,341 RF found but not transmitted
