2018-05-29 23:09:14,524 ---------------------------------------------------------
2018-05-29 23:09:14,525 PURE BLOCKCHAIN state
2018-05-29 23:09:15,546 start mining - depth 0
2018-05-29 23:09:15,547 start mining - hash 70b16a4005992bd257bee2fbc8f31be436666fe117f4d0d590a9d6b77aebe0dd
2018-05-29 23:09:19,343 RF found but not transmitted
2018-05-29 23:09:19,813 RF found but not transmitted
2018-05-29 23:09:20,708 RF found but not transmitted
2018-05-29 23:09:21,139 RF found but not transmitted
2018-05-29 23:09:23,238 RF found but not transmitted
2018-05-29 23:09:31,189 RF found but not transmitted
2018-05-29 23:09:33,853 RF found but not transmitted
2018-05-29 23:09:36,849 RCV proposal_commit
2018-05-29 23:09:36,851 appended honest propose ff0ea02ceb on top of 70b16a4005
2018-05-29 23:09:36,851 appended honest commit 0428a03439 on top of ff0ea02ceb
2018-05-29 23:09:36,851 weight: 1
2018-05-29 23:09:36,851 , 1
2018-05-29 23:09:36,852 start mining - depth 1
2018-05-29 23:09:36,852 start mining - hash 0428a03439f01929e0f1a8f31809e0233c71999cb0e23aea7e57a5d3c301fa62
2018-05-29 23:09:38,190 RF found but not transmitted
2018-05-29 23:09:38,452 RF found but not transmitted
2018-05-29 23:09:45,438 RCV proposal_commit
2018-05-29 23:09:45,441 appended honest propose d4d7cc653c on top of 0428a03439
2018-05-29 23:09:45,442 appended honest commit 7ee6e4f333 on top of d4d7cc653c
2018-05-29 23:09:45,442 weight: 2
2018-05-29 23:09:45,442 , 2
2018-05-29 23:09:45,442 start mining - depth 2
2018-05-29 23:09:45,443 start mining - hash 7ee6e4f333caad1d8f57968d25ce489160d6eff25cfddc092da951f2cfb4df67
2018-05-29 23:09:48,609 RF found but not transmitted
2018-05-29 23:09:51,294 RF found but not transmitted
2018-05-29 23:09:56,679 RF found but not transmitted
2018-05-29 23:10:01,563 RF found but not transmitted
2018-05-29 23:10:02,327 RF found but not transmitted
2018-05-29 23:10:08,245 RF found but not transmitted
2018-05-29 23:10:11,180 RF found but not transmitted
2018-05-29 23:10:11,181 hash found
2018-05-29 23:10:11,184 appended honest propose 4e5f70675d on top of 7ee6e4f333
2018-05-29 23:10:11,185 appended honest commit da3692b75c on top of 4e5f70675d
2018-05-29 23:10:11,185 weight: 3
2018-05-29 23:10:11,185 , 3
2018-05-29 23:10:11,187 SNT proposal_commit
2018-05-29 23:10:11,241 start mining - depth 3
2018-05-29 23:10:11,241 start mining - hash da3692b75c5003774e027738d214c5c57963c96f7a5d35e03abbac0013e162d7
2018-05-29 23:10:11,887 RF found but not transmitted
2018-05-29 23:10:13,174 RF found but not transmitted
2018-05-29 23:10:13,785 RF found but not transmitted
2018-05-29 23:10:16,356 RF found but not transmitted
2018-05-29 23:10:16,358 hash found
2018-05-29 23:10:16,362 appended honest propose a949018d0a on top of da3692b75c
2018-05-29 23:10:16,363 appended honest commit b19b2dc684 on top of a949018d0a
2018-05-29 23:10:16,363 weight: 4
2018-05-29 23:10:16,363 , 4
2018-05-29 23:10:16,363 SNT proposal_commit
2018-05-29 23:10:16,426 start mining - depth 4
2018-05-29 23:10:16,426 start mining - hash b19b2dc6841979c34f6baf3536eae0966c1145af2312c2b52c2751417e5298ad
2018-05-29 23:10:16,428 Hashing frequency: 3345
2018-05-29 23:10:17,679 RF found but not transmitted
2018-05-29 23:10:22,663 RF found but not transmitted
2018-05-29 23:10:47,659 RF found but not transmitted
2018-05-29 23:10:50,015 RCV proposal_commit
2018-05-29 23:10:50,018 appended honest propose d3332c2a4b on top of b19b2dc684
2018-05-29 23:10:50,018 appended honest commit 5baead3311 on top of d3332c2a4b
2018-05-29 23:10:50,018 weight: 5
2018-05-29 23:10:50,019 , 5
2018-05-29 23:10:50,021 start mining - depth 5
2018-05-29 23:10:50,021 start mining - hash 5baead33114db918ad2838a02a29cd8d0168e933a1d0500a9c8fa77161c635a6
2018-05-29 23:10:50,081 RCV proposal_commit
2018-05-29 23:10:50,084 appended malicious propose d28aa2f0b3 on top of b19b2dc684
2018-05-29 23:10:50,085 appended malicious commit 8f8d967bcb on top of d28aa2f0b3
2018-05-29 23:10:50,086 weight: 5
2018-05-29 23:10:50,086 , 5
2018-05-29 23:10:58,277 RCV proposal_commit
2018-05-29 23:10:58,281 appended honest propose 401dbf905e on top of 5baead3311
2018-05-29 23:10:58,281 appended honest commit 892f88aa15 on top of 401dbf905e
2018-05-29 23:10:58,281 weight: 6
2018-05-29 23:10:58,281 , 6
2018-05-29 23:10:58,283 start mining - depth 6
2018-05-29 23:10:58,284 start mining - hash 892f88aa1517ccd3658837566c0f6356761f8462eefe3b99c54d8c951746fec8
2018-05-29 23:11:02,161 RF found but not transmitted
2018-05-29 23:11:03,438 RF found but not transmitted
2018-05-29 23:11:03,837 RF found but not transmitted
2018-05-29 23:11:04,047 RCV proposal_commit
2018-05-29 23:11:04,050 appended honest propose 0996ec354a on top of 892f88aa15
2018-05-29 23:11:04,050 appended honest commit 4f5988c60a on top of 0996ec354a
2018-05-29 23:11:04,050 weight: 7
2018-05-29 23:11:04,050 , 7
2018-05-29 23:11:04,051 start mining - depth 7
2018-05-29 23:11:04,051 start mining - hash 4f5988c60a2ae512e747a95b11da642ccc14a0833089d6d154d631204d8dcb39
2018-05-29 23:11:08,315 RCV proposal_commit
2018-05-29 23:11:08,318 appended honest propose 9aec27e6a5 on top of 4f5988c60a
2018-05-29 23:11:08,318 appended honest commit c9acee9306 on top of 9aec27e6a5
2018-05-29 23:11:08,318 weight: 8
2018-05-29 23:11:08,319 , 8
2018-05-29 23:11:08,319 start mining - depth 8
2018-05-29 23:11:08,320 start mining - hash c9acee93065cd15a8071f07031d93cd2db24e7cc5b57b723f8f10c644f769357
2018-05-29 23:11:09,421 RF found but not transmitted
2018-05-29 23:11:10,531 RF found but not transmitted
2018-05-29 23:11:10,639 RF found but not transmitted
2018-05-29 23:11:17,469 RCV proposal_commit
2018-05-29 23:11:17,473 appended honest propose 73a0e1e025 on top of c9acee9306
2018-05-29 23:11:17,474 appended honest commit 949f7d35f5 on top of 73a0e1e025
2018-05-29 23:11:17,474 weight: 9
2018-05-29 23:11:17,474 , 9
2018-05-29 23:11:17,476 start mining - depth 9
2018-05-29 23:11:17,476 start mining - hash 949f7d35f543e32fe65af4ad78958b2b98a529ab0cf32c7a8b5030230e5c4cf7
2018-05-29 23:11:17,477 Hashing frequency: 3373
2018-05-29 23:11:21,603 RCV proposal_commit
2018-05-29 23:11:21,605 appended malicious propose 3db3c297bf on top of c9acee9306
2018-05-29 23:11:21,606 appended malicious commit 55f4119409 on top of 3db3c297bf
2018-05-29 23:11:21,606 weight: 9
2018-05-29 23:11:21,607 , 9
2018-05-29 23:11:24,052 RF found but not transmitted
2018-05-29 23:11:24,975 RF found but not transmitted
2018-05-29 23:11:38,588 RCV proposal_commit
2018-05-29 23:11:38,590 appended malicious propose 998f40dcba on top of 55f4119409
2018-05-29 23:11:38,591 appended malicious commit 64df40154f on top of 998f40dcba
2018-05-29 23:11:38,591 weight: 10
2018-05-29 23:11:38,591 , 10
2018-05-29 23:11:38,591 start mining - depth 10
2018-05-29 23:11:38,591 start mining - hash 64df40154f47870ad1fd5fee168eb9f9f11e5f6b3785a00a9e22454fa2f7ab35
2018-05-29 23:11:39,459 RF found but not transmitted
2018-05-29 23:11:40,548 RF found but not transmitted
2018-05-29 23:11:40,940 RF found but not transmitted
2018-05-29 23:11:41,449 RF found but not transmitted
2018-05-29 23:11:44,154 RF found but not transmitted
2018-05-29 23:11:44,740 RF found but not transmitted
2018-05-29 23:11:48,271 RCV proposal_commit
2018-05-29 23:11:48,273 appended honest propose 7dfea284f8 on top of 64df40154f
2018-05-29 23:11:48,274 appended honest commit 958228206b on top of 7dfea284f8
2018-05-29 23:11:48,274 weight: 11
2018-05-29 23:11:48,274 , 11
2018-05-29 23:11:48,277 start mining - depth 11
2018-05-29 23:11:48,277 start mining - hash 958228206bcec5212030380d4d59eba1eab312bc38dfb8ea04ea43cc81d9a7bf
2018-05-29 23:11:48,337 RCV proposal_commit
2018-05-29 23:11:48,339 appended malicious propose fa6c0caa35 on top of 64df40154f
2018-05-29 23:11:48,340 appended malicious commit fd8989610a on top of fa6c0caa35
2018-05-29 23:11:48,340 weight: 11
2018-05-29 23:11:48,340 , 11
2018-05-29 23:11:49,611 RCV proposal_commit
2018-05-29 23:11:49,612 appended malicious propose 16be1c95af on top of fd8989610a
2018-05-29 23:11:49,613 appended malicious commit ac948fccf4 on top of 16be1c95af
2018-05-29 23:11:49,613 weight: 12
2018-05-29 23:11:49,613 , 12
2018-05-29 23:11:49,613 start mining - depth 12
2018-05-29 23:11:49,613 start mining - hash ac948fccf4a5cbafd2693151335f5216660aeb13afdef3e6fec2ff0839cae560
2018-05-29 23:11:50,877 RF found but not transmitted
2018-05-29 23:11:54,528 RF found but not transmitted
2018-05-29 23:11:58,225 RF found but not transmitted
2018-05-29 23:12:00,713 RF found but not transmitted
2018-05-29 23:12:03,993 RF found but not transmitted
2018-05-29 23:12:12,094 RF found but not transmitted
2018-05-29 23:12:22,537 RF found but not transmitted
2018-05-29 23:12:22,538 hash found
2018-05-29 23:12:22,541 appended honest propose d22f67d0db on top of ac948fccf4
2018-05-29 23:12:22,542 appended honest commit f19ac3396f on top of d22f67d0db
2018-05-29 23:12:22,542 weight: 13
2018-05-29 23:12:22,542 , 13
2018-05-29 23:12:22,543 SNT proposal_commit
2018-05-29 23:12:22,589 start mining - depth 13
2018-05-29 23:12:22,590 start mining - hash f19ac3396f64fe82f8629005087e31d6b3018d60be758613419a9667abcb996d
2018-05-29 23:12:22,590 Hashing frequency: 3528
2018-05-29 23:12:22,654 RCV proposal_commit
2018-05-29 23:12:22,657 appended malicious propose f272c772c3 on top of ac948fccf4
2018-05-29 23:12:22,658 appended malicious commit b744b88973 on top of f272c772c3
2018-05-29 23:12:22,658 weight: 13
2018-05-29 23:12:22,658 , 13
2018-05-29 23:12:35,484 RF found but not transmitted
2018-05-29 23:12:35,503 RF found but not transmitted
2018-05-29 23:12:35,673 RF found but not transmitted
2018-05-29 23:12:39,050 RCV proposal_commit
2018-05-29 23:12:39,052 appended honest propose 44f10cddc2 on top of f19ac3396f
2018-05-29 23:12:39,053 appended honest commit 0745abc3e5 on top of 44f10cddc2
2018-05-29 23:12:39,053 weight: 14
2018-05-29 23:12:39,053 , 14
2018-05-29 23:12:39,053 start mining - depth 14
2018-05-29 23:12:39,053 start mining - hash 0745abc3e5a86dd3c559c2656c4f148af46c2fa795068dab24fb51ac36efa08c
2018-05-29 23:12:43,659 RF found but not transmitted
2018-05-29 23:12:43,990 RF found but not transmitted
2018-05-29 23:12:43,992 hash found
2018-05-29 23:12:43,994 appended honest propose 49062174c3 on top of 0745abc3e5
2018-05-29 23:12:43,995 appended honest commit 0c37a56080 on top of 49062174c3
2018-05-29 23:12:43,995 weight: 15
2018-05-29 23:12:43,995 , 15
2018-05-29 23:12:43,995 SNT proposal_commit
2018-05-29 23:12:44,042 start mining - depth 15
2018-05-29 23:12:44,043 start mining - hash 0c37a560804144e45005d91e80ea8b082cfab6a4e59f03a54a18013b09991119
2018-05-29 23:12:56,404 RF found but not transmitted
2018-05-29 23:12:58,283 RF found but not transmitted
2018-05-29 23:12:58,776 RF found but not transmitted
2018-05-29 23:13:00,668 RCV proposal_commit
2018-05-29 23:13:00,671 appended honest propose 178dd62cd6 on top of 0c37a56080
2018-05-29 23:13:00,671 appended honest commit 1845602f4b on top of 178dd62cd6
2018-05-29 23:13:00,671 weight: 16
2018-05-29 23:13:00,672 , 16
2018-05-29 23:13:00,672 start mining - depth 16
2018-05-29 23:13:00,672 start mining - hash 1845602f4be6e77640d4d114bec03e792093089e4f65df5547ccd3b7a941dcfe
2018-05-29 23:13:05,329 RF found but not transmitted
2018-05-29 23:13:05,330 hash found
2018-05-29 23:13:05,334 appended honest propose 30741bba6a on top of 1845602f4b
2018-05-29 23:13:05,334 appended honest commit fa1cdd82d3 on top of 30741bba6a
2018-05-29 23:13:05,334 weight: 17
2018-05-29 23:13:05,334 , 17
2018-05-29 23:13:05,334 SNT proposal_commit
2018-05-29 23:13:05,379 start mining - depth 17
2018-05-29 23:13:05,379 start mining - hash fa1cdd82d38b6f8307e057171001c7160bb5fcffe6c217f36700868a38d91ddd
2018-05-29 23:13:09,489 RF found but not transmitted
2018-05-29 23:13:17,848 RF found but not transmitted
2018-05-29 23:13:27,763 RCV proposal_commit
2018-05-29 23:13:27,766 appended malicious propose a92e389a04 on top of 1845602f4b
2018-05-29 23:13:27,766 appended malicious commit c504558577 on top of a92e389a04
2018-05-29 23:13:27,767 weight: 17
2018-05-29 23:13:27,767 , 17
2018-05-29 23:13:31,425 RF found but not transmitted
2018-05-29 23:13:38,251 RF found but not transmitted
2018-05-29 23:13:41,059 RF found but not transmitted
2018-05-29 23:13:44,443 RF found but not transmitted
2018-05-29 23:13:48,360 RF found but not transmitted
2018-05-29 23:13:48,361 hash found
2018-05-29 23:13:48,365 appended honest propose 70c90201ed on top of fa1cdd82d3
2018-05-29 23:13:48,366 appended honest commit 51d59e9eb7 on top of 70c90201ed
2018-05-29 23:13:48,366 weight: 18
2018-05-29 23:13:48,367 , 18
2018-05-29 23:13:48,367 SNT proposal_commit
2018-05-29 23:13:48,422 start mining - depth 18
2018-05-29 23:13:48,422 start mining - hash 51d59e9eb7818d02bbe6e578d81803367dd931196d959c0d43c28db25e334fea
2018-05-29 23:13:48,432 Hashing frequency: 4660
2018-05-29 23:13:54,745 RF found but not transmitted
2018-05-29 23:13:59,612 RCV proposal_commit
2018-05-29 23:13:59,614 appended honest propose a8ffda4547 on top of 51d59e9eb7
2018-05-29 23:13:59,615 appended honest commit d50619cf41 on top of a8ffda4547
2018-05-29 23:13:59,615 weight: 19
2018-05-29 23:13:59,615 , 19
2018-05-29 23:13:59,615 start mining - depth 19
2018-05-29 23:13:59,616 start mining - hash d50619cf41fd02850e7f342d4803be4278c47ed378f4634e1fd6552f3ac9df2d
2018-05-29 23:14:10,786 RF found but not transmitted
2018-05-29 23:14:17,346 RF found but not transmitted
2018-05-29 23:14:21,990 RF found but not transmitted
2018-05-29 23:14:22,164 RF found but not transmitted
2018-05-29 23:14:24,713 RF found but not transmitted
2018-05-29 23:14:28,264 RF found but not transmitted
2018-05-29 23:14:29,446 RF found but not transmitted
2018-05-29 23:14:29,820 RCV proposal_commit
2018-05-29 23:14:29,822 appended honest propose ddc57ace7f on top of d50619cf41
2018-05-29 23:14:29,823 appended honest commit 3c15b06186 on top of ddc57ace7f
2018-05-29 23:14:29,823 weight: 20
2018-05-29 23:14:29,823 , 20
2018-05-29 23:14:29,824 start mining - depth 20
2018-05-29 23:14:29,824 start mining - hash 3c15b061867817da0589f33d6fc83c317b53f96b6e733452693e1f67d40c5b30
2018-05-29 23:14:33,938 RF found but not transmitted
2018-05-29 23:14:38,380 RF found but not transmitted
2018-05-29 23:14:41,115 RF found but not transmitted
2018-05-29 23:14:42,952 RF found but not transmitted
2018-05-29 23:14:45,628 RCV proposal_commit
2018-05-29 23:14:45,631 appended honest propose 528b40e5a5 on top of 3c15b06186
2018-05-29 23:14:45,631 appended honest commit e4aa1d19d9 on top of 528b40e5a5
2018-05-29 23:14:45,631 weight: 21
2018-05-29 23:14:45,631 , 21
2018-05-29 23:14:45,632 start mining - depth 21
2018-05-29 23:14:45,632 start mining - hash e4aa1d19d924fecdc1ba5ad259bbea0e12300bbeb2a80c58353be12a4e5b1807
2018-05-29 23:14:45,698 RCV proposal_commit
2018-05-29 23:14:45,700 appended malicious propose c88999b2e6 on top of 3c15b06186
2018-05-29 23:14:45,700 appended malicious commit bafb377c70 on top of c88999b2e6
2018-05-29 23:14:45,700 weight: 21
2018-05-29 23:14:45,700 , 21
2018-05-29 23:14:52,734 RF found but not transmitted
2018-05-29 23:14:55,764 RF found but not transmitted
2018-05-29 23:15:00,218 RF found but not transmitted
2018-05-29 23:15:13,266 RF found but not transmitted
2018-05-29 23:15:13,842 RF found but not transmitted
2018-05-29 23:15:14,826 RF found but not transmitted
2018-05-29 23:15:19,025 RF found but not transmitted
2018-05-29 23:15:23,584 RF found but not transmitted
2018-05-29 23:15:28,979 RF found but not transmitted
2018-05-29 23:15:29,203 RF found but not transmitted
2018-05-29 23:15:29,278 RF found but not transmitted
2018-05-29 23:15:35,023 RF found but not transmitted
2018-05-29 23:15:35,025 hash found
2018-05-29 23:15:35,029 appended honest propose 52797e47ff on top of e4aa1d19d9
2018-05-29 23:15:35,030 appended honest commit 0f91ff752f on top of 52797e47ff
2018-05-29 23:15:35,030 weight: 22
2018-05-29 23:15:35,030 , 22
2018-05-29 23:15:35,032 SNT proposal_commit
2018-05-29 23:15:35,080 start mining - depth 22
2018-05-29 23:15:35,081 start mining - hash 0f91ff752f17c59a3c01b9094673c0916bcbd89c4b7fa081bc9e78032c216d55
2018-05-29 23:15:35,082 Hashing frequency: 5752
2018-05-29 23:15:36,211 RF found but not transmitted
2018-05-29 23:15:39,203 RCV proposal_commit
2018-05-29 23:15:39,205 appended honest propose f74b49e1fd on top of 0f91ff752f
2018-05-29 23:15:39,206 appended honest commit 16623beccb on top of f74b49e1fd
2018-05-29 23:15:39,206 weight: 23
2018-05-29 23:15:39,206 , 23
2018-05-29 23:15:39,206 start mining - depth 23
2018-05-29 23:15:39,206 start mining - hash 16623beccb10cdae747be6950178d706c4027ff2964c8bf6154d71f8a7b3584c
2018-05-29 23:15:39,455 RCV proposal_commit
2018-05-29 23:15:39,457 appended honest propose ab4948dc9f on top of 16623beccb
2018-05-29 23:15:39,457 appended honest commit 122e7413be on top of ab4948dc9f
2018-05-29 23:15:39,457 weight: 24
2018-05-29 23:15:39,458 , 24
2018-05-29 23:15:39,458 start mining - depth 24
2018-05-29 23:15:39,458 start mining - hash 122e7413be1f5a9eb70d598793aa74bb629949de60af04adc8338f964853c7e5
2018-05-29 23:15:41,824 RCV proposal_commit
2018-05-29 23:15:41,826 appended honest propose 813aee24c0 on top of 122e7413be
2018-05-29 23:15:41,827 appended honest commit 1e882e1834 on top of 813aee24c0
2018-05-29 23:15:41,827 weight: 25
2018-05-29 23:15:41,827 , 25
2018-05-29 23:15:41,827 start mining - depth 25
2018-05-29 23:15:41,827 start mining - hash 1e882e18347ed119ddb9d619b8e739a50610bb4f44c5fd230ff2fcff59c78c64
2018-05-29 23:15:41,888 RCV proposal_commit
2018-05-29 23:15:41,891 appended malicious propose 9079f715f9 on top of 122e7413be
2018-05-29 23:15:41,892 appended malicious commit db5b24c3ce on top of 9079f715f9
2018-05-29 23:15:41,892 weight: 25
2018-05-29 23:15:41,892 , 25
2018-05-29 23:15:47,417 RF found but not transmitted
2018-05-29 23:15:54,915 RF found but not transmitted
2018-05-29 23:15:58,984 RCV proposal_commit
2018-05-29 23:15:58,992 appended malicious propose f188771706 on top of db5b24c3ce
2018-05-29 23:15:58,992 appended malicious commit 2f730ca4a3 on top of f188771706
2018-05-29 23:15:58,992 weight: 26
2018-05-29 23:15:58,993 , 26
2018-05-29 23:15:58,995 start mining - depth 26
2018-05-29 23:15:58,995 start mining - hash 2f730ca4a39ab2e5ace057626c1323bf822e4b4ea446b41966d9bf61fffa46c0
2018-05-29 23:15:59,034 RF found but not transmitted
2018-05-29 23:16:01,308 RF found but not transmitted
2018-05-29 23:16:02,161 RF found but not transmitted
2018-05-29 23:16:04,825 RF found but not transmitted
2018-05-29 23:16:07,459 RF found but not transmitted
2018-05-29 23:16:10,184 RF found but not transmitted
2018-05-29 23:16:11,446 RF found but not transmitted
2018-05-29 23:16:11,689 RF found but not transmitted
2018-05-29 23:16:11,743 RF found but not transmitted
2018-05-29 23:16:21,721 RF found but not transmitted
2018-05-29 23:16:22,309 RF found but not transmitted
2018-05-29 23:16:37,839 RF found but not transmitted
2018-05-29 23:16:39,341 RF found but not transmitted
2018-05-29 23:16:40,690 RF found but not transmitted
2018-05-29 23:16:41,196 RF found but not transmitted
2018-05-29 23:16:41,671 RF found but not transmitted
2018-05-29 23:16:46,699 RCV proposal_commit
2018-05-29 23:16:46,702 appended honest propose b93936150f on top of 2f730ca4a3
2018-05-29 23:16:46,703 appended honest commit f5f51143dc on top of b93936150f
2018-05-29 23:16:46,703 weight: 27
2018-05-29 23:16:46,703 , 27
2018-05-29 23:16:46,705 start mining - depth 27
2018-05-29 23:16:46,706 start mining - hash f5f51143dc66d25873375a547f27e4a83cd41a7021e0007bae55fd9dda870227
2018-05-29 23:16:46,706 Hashing frequency: 3898
2018-05-29 23:16:46,777 RCV proposal_commit
2018-05-29 23:16:46,782 appended malicious propose ab60a9c711 on top of 2f730ca4a3
2018-05-29 23:16:46,783 appended malicious commit 80fbf2a8dc on top of ab60a9c711
2018-05-29 23:16:46,783 weight: 27
2018-05-29 23:16:46,784 , 27
2018-05-29 23:16:48,565 RCV proposal_commit
2018-05-29 23:16:48,567 appended malicious propose b52531e1d8 on top of 80fbf2a8dc
2018-05-29 23:16:48,567 appended malicious commit 76cc284f53 on top of b52531e1d8
2018-05-29 23:16:48,567 weight: 28
2018-05-29 23:16:48,567 , 28
2018-05-29 23:16:48,567 start mining - depth 28
2018-05-29 23:16:48,568 start mining - hash 76cc284f535a69ff5f10a981edc147c8e713af0ec80a199c47d9484960e6b05d
2018-05-29 23:16:49,495 RF found but not transmitted
2018-05-29 23:16:51,048 RCV proposal_commit
2018-05-29 23:16:51,050 appended honest propose bf70847158 on top of 76cc284f53
2018-05-29 23:16:51,050 appended honest commit 4ef26dfd6d on top of bf70847158
2018-05-29 23:16:51,050 weight: 29
2018-05-29 23:16:51,050 , 29
2018-05-29 23:16:51,051 start mining - depth 29
2018-05-29 23:16:51,051 start mining - hash 4ef26dfd6d2dfc3cdc2e17b83bf51b07f5e0f6a7bdbf90075f298b96953e7e67
2018-05-29 23:16:54,119 RF found but not transmitted
2018-05-29 23:17:06,662 RF found but not transmitted
2018-05-29 23:17:07,472 RF found but not transmitted
2018-05-29 23:17:08,159 RF found but not transmitted
2018-05-29 23:17:10,309 RCV proposal_commit
2018-05-29 23:17:10,312 appended malicious propose fe36bfe569 on top of 76cc284f53
2018-05-29 23:17:10,312 appended malicious commit 063efc82a4 on top of fe36bfe569
2018-05-29 23:17:10,312 weight: 29
2018-05-29 23:17:10,313 , 29
2018-05-29 23:17:18,627 RCV proposal_commit
2018-05-29 23:17:18,629 appended honest propose 41b4722df0 on top of 4ef26dfd6d
2018-05-29 23:17:18,630 appended honest commit 286d903dd0 on top of 41b4722df0
2018-05-29 23:17:18,630 weight: 30
2018-05-29 23:17:18,630 , 30
2018-05-29 23:17:18,632 start mining - depth 30
2018-05-29 23:17:18,632 start mining - hash 286d903dd0d93b6de9dad84c582653493faf298a0381270960ed9e7143941cf7
2018-05-29 23:17:23,264 RF found but not transmitted
2018-05-29 23:17:33,389 RF found but not transmitted
2018-05-29 23:17:37,174 RF found but not transmitted
2018-05-29 23:17:38,492 RF found but not transmitted
2018-05-29 23:17:40,043 RF found but not transmitted
2018-05-29 23:17:42,181 RF found but not transmitted
2018-05-29 23:17:58,265 RF found but not transmitted
2018-05-29 23:17:58,394 RF found but not transmitted
2018-05-29 23:17:59,968 RF found but not transmitted
2018-05-29 23:18:05,705 RCV proposal_commit
2018-05-29 23:18:05,708 appended honest propose f2e7e4bfbe on top of 286d903dd0
2018-05-29 23:18:05,709 appended honest commit 66b87a14c2 on top of f2e7e4bfbe
2018-05-29 23:18:05,709 weight: 31
2018-05-29 23:18:05,709 , 31
2018-05-29 23:18:05,710 start mining - depth 31
2018-05-29 23:18:05,710 start mining - hash 66b87a14c2a1d5ee8f5c4f676a0c44de5a9527846999d2c1f2c25ef3b1cc5d1a
2018-05-29 23:18:05,710 Hashing frequency: 4290
2018-05-29 23:18:07,610 RF found but not transmitted
2018-05-29 23:18:08,938 RF found but not transmitted
2018-05-29 23:18:12,073 RF found but not transmitted
2018-05-29 23:18:24,077 RCV proposal_commit
2018-05-29 23:18:24,079 appended honest propose ce915962e0 on top of 66b87a14c2
2018-05-29 23:18:24,080 appended honest commit 5e9e1e0bec on top of ce915962e0
2018-05-29 23:18:24,080 weight: 32
2018-05-29 23:18:24,080 , 32
2018-05-29 23:18:24,080 start mining - depth 32
2018-05-29 23:18:24,080 start mining - hash 5e9e1e0bec5a90f2c9558bf36c5a18b4e3f1caddad79354dcf089c0baecc7916
2018-05-29 23:18:52,975 RF found but not transmitted
2018-05-29 23:18:54,468 RF found but not transmitted
2018-05-29 23:18:55,494 RF found but not transmitted
2018-05-29 23:19:02,719 RF found but not transmitted
2018-05-29 23:19:03,233 RF found but not transmitted
2018-05-29 23:19:08,290 RF found but not transmitted
2018-05-29 23:19:08,446 RF found but not transmitted
2018-05-29 23:19:08,753 RF found but not transmitted
2018-05-29 23:19:08,755 hash found
2018-05-29 23:19:08,758 appended honest propose 6c32c6b25a on top of 5e9e1e0bec
2018-05-29 23:19:08,758 appended honest commit 201140554a on top of 6c32c6b25a
2018-05-29 23:19:08,758 weight: 33
2018-05-29 23:19:08,759 , 33
2018-05-29 23:19:08,761 SNT proposal_commit
2018-05-29 23:19:08,819 start mining - depth 33
2018-05-29 23:19:08,820 start mining - hash 201140554a9b02b1ea861327a4f51ac0b0cd81343226952f729c4bc6759716cd
2018-05-29 23:19:08,820 Hashing frequency: 3425
2018-05-29 23:19:12,759 RF found but not transmitted
2018-05-29 23:19:14,474 RCV proposal_commit
2018-05-29 23:19:14,477 appended malicious propose 4eb9602f0d on top of 5e9e1e0bec
2018-05-29 23:19:14,478 appended malicious commit 01044f78ee on top of 4eb9602f0d
2018-05-29 23:19:14,478 weight: 33
2018-05-29 23:19:14,478 , 33
2018-05-29 23:19:14,540 RCV proposal_commit
2018-05-29 23:19:14,542 appended honest propose 1801a48745 on top of 201140554a
2018-05-29 23:19:14,543 appended honest commit e1f24fe691 on top of 1801a48745
2018-05-29 23:19:14,543 weight: 34
2018-05-29 23:19:14,543 , 34
2018-05-29 23:19:14,543 start mining - depth 34
2018-05-29 23:19:14,544 start mining - hash e1f24fe6910286b19e88a5a9177b24950a9d29d746cc82ec35b549f13e2978b8
2018-05-29 23:19:22,413 RF found but not transmitted
2018-05-29 23:19:23,201 RF found but not transmitted
2018-05-29 23:19:30,734 RF found but not transmitted
2018-05-29 23:19:34,718 RF found but not transmitted
2018-05-29 23:19:35,801 RF found but not transmitted
2018-05-29 23:19:40,397 RF found but not transmitted
2018-05-29 23:19:41,984 RF found but not transmitted
2018-05-29 23:19:44,047 RF found but not transmitted
2018-05-29 23:19:50,118 RF found but not transmitted
2018-05-29 23:19:50,858 RCV proposal_commit
2018-05-29 23:19:50,860 appended honest propose d9b8262737 on top of e1f24fe691
2018-05-29 23:19:50,861 appended honest commit 6a27ee94ba on top of d9b8262737
2018-05-29 23:19:50,861 weight: 35
2018-05-29 23:19:50,861 , 35
2018-05-29 23:19:50,862 start mining - depth 35
2018-05-29 23:19:50,862 start mining - hash 6a27ee94bacc20209d2ddc6d90288b81848624f09d4fb9f76ae5b6caa1ff96f2
2018-05-29 23:19:50,915 RCV proposal_commit
2018-05-29 23:19:50,918 appended malicious propose b46d95e3f8 on top of e1f24fe691
2018-05-29 23:19:50,919 appended malicious commit d9ba2ddb7c on top of b46d95e3f8
2018-05-29 23:19:50,919 weight: 35
2018-05-29 23:19:50,919 , 35
2018-05-29 23:19:51,428 RF found but not transmitted
2018-05-29 23:19:58,491 RCV proposal_commit
2018-05-29 23:19:58,495 appended malicious propose de40ec913b on top of d9ba2ddb7c
2018-05-29 23:19:58,495 appended malicious commit 8d4a2c2317 on top of de40ec913b
2018-05-29 23:19:58,496 weight: 36
2018-05-29 23:19:58,496 , 36
2018-05-29 23:19:58,498 start mining - depth 36
2018-05-29 23:19:58,498 start mining - hash 8d4a2c2317cb35020021ce9cfdcacf4c5e9d52c18e6ce51d04bd3909710a5ddf
2018-05-29 23:20:05,687 RCV proposal_commit
2018-05-29 23:20:05,689 appended honest propose 006a2f49ed on top of 8d4a2c2317
2018-05-29 23:20:05,689 appended honest commit 10bb1ca220 on top of 006a2f49ed
2018-05-29 23:20:05,689 weight: 37
2018-05-29 23:20:05,690 , 37
2018-05-29 23:20:05,692 start mining - depth 37
2018-05-29 23:20:05,692 start mining - hash 10bb1ca2205aefc2b68660d599f5b7dbbce44e125d2b9a4ac54475420308548e
2018-05-29 23:20:12,610 RF found but not transmitted
2018-05-29 23:20:13,452 RF found but not transmitted
2018-05-29 23:20:16,772 RF found but not transmitted
2018-05-29 23:20:18,807 RF found but not transmitted
2018-05-29 23:20:23,371 RF found but not transmitted
2018-05-29 23:20:28,311 RCV proposal_commit
2018-05-29 23:20:28,313 appended honest propose 7f02a113e4 on top of 10bb1ca220
2018-05-29 23:20:28,314 appended honest commit 8366f49677 on top of 7f02a113e4
2018-05-29 23:20:28,314 weight: 38
2018-05-29 23:20:28,314 , 38
2018-05-29 23:20:28,316 start mining - depth 38
2018-05-29 23:20:28,317 start mining - hash 8366f49677bf34698966430d1cad9bed64559de6b01500bfa0678544c6252a0c
2018-05-29 23:20:28,317 Hashing frequency: 4325
2018-05-29 23:20:28,761 RF found but not transmitted
2018-05-29 23:20:33,740 RF found but not transmitted
2018-05-29 23:20:45,433 RF found but not transmitted
2018-05-29 23:20:49,499 RF found but not transmitted
2018-05-29 23:20:50,692 RF found but not transmitted
2018-05-29 23:20:51,297 RF found but not transmitted
2018-05-29 23:20:53,539 RF found but not transmitted
2018-05-29 23:20:58,220 RCV proposal_commit
2018-05-29 23:20:58,222 appended honest propose e3571f332a on top of 8366f49677
2018-05-29 23:20:58,223 appended honest commit e168679def on top of e3571f332a
2018-05-29 23:20:58,223 weight: 39
2018-05-29 23:20:58,223 , 39
2018-05-29 23:20:58,223 start mining - depth 39
2018-05-29 23:20:58,224 start mining - hash e168679def635d3e60fe37a380b0ec097b6559f8d71e740c69daa1bc9866b578
2018-05-29 23:21:00,097 RF found but not transmitted
2018-05-29 23:21:09,847 RF found but not transmitted
2018-05-29 23:21:13,473 RF found but not transmitted
2018-05-29 23:21:17,177 RF found but not transmitted
2018-05-29 23:21:18,537 RF found but not transmitted
2018-05-29 23:21:20,182 RF found but not transmitted
2018-05-29 23:21:20,183 hash found
2018-05-29 23:21:20,187 appended honest propose 334ddd97a0 on top of e168679def
2018-05-29 23:21:20,187 appended honest commit 815dd1ee2a on top of 334ddd97a0
2018-05-29 23:21:20,187 weight: 40
2018-05-29 23:21:20,188 , 40
2018-05-29 23:21:20,188 SNT proposal_commit
2018-05-29 23:21:20,236 start mining - depth 40
2018-05-29 23:21:20,236 start mining - hash 815dd1ee2a1ea55f8222789cbde336b9e19f0aef37230516477595ad4753e70e
2018-05-29 23:21:21,714 RF found but not transmitted
2018-05-29 23:21:25,785 RF found but not transmitted
2018-05-29 23:21:27,663 RF found but not transmitted
2018-05-29 23:21:29,930 RF found but not transmitted
2018-05-29 23:21:32,091 RF found but not transmitted
2018-05-29 23:21:37,708 RF found but not transmitted
2018-05-29 23:21:37,711 hash found
2018-05-29 23:21:37,715 appended honest propose fe5b6939ad on top of 815dd1ee2a
2018-05-29 23:21:37,715 appended honest commit 479a03b9d9 on top of fe5b6939ad
2018-05-29 23:21:37,716 weight: 41
2018-05-29 23:21:37,716 , 41
2018-05-29 23:21:37,718 SNT proposal_commit
2018-05-29 23:21:37,764 start mining - depth 41
2018-05-29 23:21:37,764 start mining - hash 479a03b9d9ee2bf6085ca634d625c30d0580cdfd193d66736db188dab5076f2c
2018-05-29 23:21:37,764 Hashing frequency: 3769
2018-05-29 23:21:37,926 RF found but not transmitted
2018-05-29 23:21:41,112 RF found but not transmitted
2018-05-29 23:21:43,646 RF found but not transmitted
2018-05-29 23:21:49,810 RF found but not transmitted
2018-05-29 23:21:52,079 RF found but not transmitted
2018-05-29 23:21:52,829 RF found but not transmitted
2018-05-29 23:21:55,472 RCV proposal_commit
2018-05-29 23:21:55,474 appended honest propose 1a24990413 on top of 479a03b9d9
2018-05-29 23:21:55,475 appended honest commit bf864932b8 on top of 1a24990413
2018-05-29 23:21:55,475 weight: 42
2018-05-29 23:21:55,475 , 42
2018-05-29 23:21:55,475 start mining - depth 42
2018-05-29 23:21:55,476 start mining - hash bf864932b807e2bb520e9f38c9737dad2ce2e4678f2accd8d1589253c81de274
2018-05-29 23:21:56,198 RF found but not transmitted
2018-05-29 23:21:56,199 hash found
2018-05-29 23:21:56,202 appended honest propose 549462784f on top of bf864932b8
2018-05-29 23:21:56,203 appended honest commit bfc8879ee3 on top of 549462784f
2018-05-29 23:21:56,203 weight: 43
2018-05-29 23:21:56,203 , 43
2018-05-29 23:21:56,203 SNT proposal_commit
2018-05-29 23:21:56,244 start mining - depth 43
2018-05-29 23:21:56,244 start mining - hash bfc8879ee33c2964b64ddbe9c798990f4b31d1314a41c4e8b18c8b59e634c898
2018-05-29 23:21:56,310 RCV proposal_commit
2018-05-29 23:21:56,313 appended malicious propose 4c8af54653 on top of bf864932b8
2018-05-29 23:21:56,313 appended malicious commit f8d65d240d on top of 4c8af54653
2018-05-29 23:21:56,313 weight: 43
2018-05-29 23:21:56,313 , 43
2018-05-29 23:22:01,734 RF found but not transmitted
2018-05-29 23:22:02,679 RF found but not transmitted
2018-05-29 23:22:14,085 RF found but not transmitted
2018-05-29 23:22:16,850 RF found but not transmitted
2018-05-29 23:22:23,079 RCV proposal_commit
2018-05-29 23:22:23,082 appended malicious propose 8e5598f076 on top of f8d65d240d
2018-05-29 23:22:23,082 appended malicious commit b236567980 on top of 8e5598f076
2018-05-29 23:22:23,083 weight: 44
2018-05-29 23:22:23,083 , 44
2018-05-29 23:22:23,083 start mining - depth 44
2018-05-29 23:22:23,083 start mining - hash b236567980e84afc751b2c39b5a361048b3f7f032944e72c251181519a45b840
2018-05-29 23:22:27,410 RF found but not transmitted
2018-05-29 23:22:27,842 RCV proposal_commit
2018-05-29 23:22:27,844 appended honest propose b43164a312 on top of b236567980
2018-05-29 23:22:27,845 appended honest commit daca3b4baf on top of b43164a312
2018-05-29 23:22:27,845 weight: 45
2018-05-29 23:22:27,845 , 45
2018-05-29 23:22:27,853 start mining - depth 45
2018-05-29 23:22:27,854 start mining - hash daca3b4baf8ec4ed3ae0624f3c60d63538a926ea60f6f0d352c6a8c1b9627eff
2018-05-29 23:22:27,955 RCV proposal_commit
2018-05-29 23:22:27,957 appended malicious propose 94b59a32a3 on top of b236567980
2018-05-29 23:22:27,958 appended malicious commit 3151dc7035 on top of 94b59a32a3
2018-05-29 23:22:27,958 weight: 45
2018-05-29 23:22:27,958 , 45
2018-05-29 23:22:28,863 RF found but not transmitted
2018-05-29 23:22:38,544 RCV proposal_commit
2018-05-29 23:22:38,547 appended malicious propose 93f042fb31 on top of 3151dc7035
2018-05-29 23:22:38,547 appended malicious commit 1988e85e1e on top of 93f042fb31
2018-05-29 23:22:38,547 weight: 46
2018-05-29 23:22:38,547 , 46
2018-05-29 23:22:38,548 start mining - depth 46
2018-05-29 23:22:38,548 start mining - hash 1988e85e1e6415507bdfac06c78310b894d044f06f88f6318755e7835bc7f8f6
2018-05-29 23:22:38,548 Hashing frequency: 3299
2018-05-29 23:22:39,327 RCV proposal_commit
2018-05-29 23:22:39,334 appended honest propose ada30ac2f5 on top of 1988e85e1e
2018-05-29 23:22:39,334 appended honest commit 8a2b247194 on top of ada30ac2f5
2018-05-29 23:22:39,334 weight: 47
2018-05-29 23:22:39,334 , 47
2018-05-29 23:22:39,335 start mining - depth 47
2018-05-29 23:22:39,335 start mining - hash 8a2b247194c07b27a7f8e74b77345b050cd142716f8e20969257524e864a9503
2018-05-29 23:22:41,245 RF found but not transmitted
2018-05-29 23:22:44,966 RF found but not transmitted
2018-05-29 23:22:57,205 RCV proposal_commit
2018-05-29 23:22:57,207 appended honest propose 07c05a7ab9 on top of 8a2b247194
2018-05-29 23:22:57,208 appended honest commit 9ed9e65e76 on top of 07c05a7ab9
2018-05-29 23:22:57,208 weight: 48
2018-05-29 23:22:57,208 , 48
2018-05-29 23:22:57,209 start mining - depth 48
2018-05-29 23:22:57,209 start mining - hash 9ed9e65e766730fb7b394ba6b54fd6e02ada2448cb5fa0473b0b3dab3e00fcfb
2018-05-29 23:23:05,101 RF found but not transmitted
2018-05-29 23:23:21,358 RF found but not transmitted
2018-05-29 23:23:21,429 RF found but not transmitted
2018-05-29 23:23:21,561 RF found but not transmitted
2018-05-29 23:23:22,972 RF found but not transmitted
2018-05-29 23:23:23,912 RF found but not transmitted
2018-05-29 23:23:30,940 RF found but not transmitted
2018-05-29 23:23:30,942 hash found
2018-05-29 23:23:30,946 appended honest propose 46a380b393 on top of 9ed9e65e76
2018-05-29 23:23:30,947 appended honest commit 9e35c4c4f6 on top of 46a380b393
2018-05-29 23:23:30,947 weight: 49
2018-05-29 23:23:30,947 , 49
2018-05-29 23:23:30,948 SNT proposal_commit
2018-05-29 23:23:30,996 start mining - depth 49
2018-05-29 23:23:30,997 start mining - hash 9e35c4c4f64eeaec8088b2570a11aa10966d325bc05b4508652efb74c97b3c22
2018-05-29 23:23:35,715 RF found but not transmitted
2018-05-29 23:23:40,277 RF found but not transmitted
2018-05-29 23:23:43,284 RF found but not transmitted
2018-05-29 23:23:44,963 RF found but not transmitted
2018-05-29 23:23:48,528 RF found but not transmitted
2018-05-29 23:23:49,198 RF found but not transmitted
2018-05-29 23:23:56,350 RF found but not transmitted
2018-05-29 23:23:59,557 RCV proposal_commit
2018-05-29 23:23:59,560 appended malicious propose 2dff968a0a on top of 9ed9e65e76
2018-05-29 23:23:59,561 appended malicious commit 65ac945fe0 on top of 2dff968a0a
2018-05-29 23:23:59,561 weight: 49
2018-05-29 23:23:59,561 , 49
2018-05-29 23:23:59,670 RCV proposal_commit
2018-05-29 23:23:59,673 appended honest propose acbd97111e on top of 9e35c4c4f6
2018-05-29 23:23:59,675 appended honest commit a0cdd8d230 on top of acbd97111e
2018-05-29 23:23:59,675 weight: 50
2018-05-29 23:23:59,677 RF found but not transmitted
2018-05-29 23:23:59,676 , 50
2018-05-29 23:23:59,677 start mining - depth 50
2018-05-29 23:23:59,677 start mining - hash a0cdd8d23019f414a77246387945c50330ae7c2ad484d8ec4b0a143163fde14c
2018-05-29 23:23:59,678 Hashing frequency: 4410
2018-05-29 23:24:03,903 RF found but not transmitted
2018-05-29 23:24:08,327 RF found but not transmitted
2018-05-29 23:24:14,569 RF found but not transmitted
2018-05-29 23:24:15,853 RF found but not transmitted
2018-05-29 23:24:16,756 RF found but not transmitted
2018-05-29 23:24:19,610 RF found but not transmitted
2018-05-29 23:24:25,413 RF found but not transmitted
2018-05-29 23:24:28,433 RCV proposal_commit
2018-05-29 23:24:28,435 appended honest propose c0cd107138 on top of a0cdd8d230
2018-05-29 23:24:28,436 appended honest commit 1d532124aa on top of c0cd107138
2018-05-29 23:24:28,436 weight: 51
2018-05-29 23:24:28,436 , 51
2018-05-29 23:24:28,437 start mining - depth 51
2018-05-29 23:24:28,437 start mining - hash 1d532124aa682f5fad689656366d9fb0ddeb01a680cea5a469f554255b5b106f
