1527628176 , 1
1527628185 , 2
1527628211 , 3
1527628216 , 4
1527628250 , 5
1527628258 , 6
1527628263 , 7
1527628268 , 8
1527628277 , 9
1527628308 , 11
1527628342 , 13
1527628359 , 14
1527628364 , 15
1527628380 , 16
1527628385 , 17
1527628428 , 18
1527628439 , 19
1527628469 , 20
1527628485 , 21
1527628535 , 22
1527628539 , 23
1527628539 , 24
1527628541 , 25
1527628606 , 27
1527628610 , 29
1527628638 , 30
1527628685 , 31
1527628704 , 32
1527628748 , 33
1527628754 , 34
1527628790 , 35
1527628805 , 37
1527628828 , 38
1527628858 , 39
1527628880 , 40
1527628897 , 41
1527628915 , 42
1527628916 , 43
1527628947 , 45
1527628959 , 47
1527628977 , 48
1527629011 , 49
1527629039 , 50
1527629068 , 51
