2018-06-16 20:53:00,075 ---------------------------------------------------------
2018-06-16 20:53:00,078 MINING state
2018-06-16 20:53:01,098 start mining - depth 0
2018-06-16 20:53:01,098 start mining - hash d2ea3d38fe074fb4d69512eb77985c23b53e699d77cf380fa2644b66267f518b
2018-06-16 20:53:01,366 RF found but not transmitted
2018-06-16 20:53:01,368 hash found
2018-06-16 20:53:01,372 appended honest propose 00fdc38b03 on top of d2ea3d38fe
2018-06-16 20:53:01,372 REINFORCEMENT COLLECTING state
2018-06-16 20:53:01,372 SNT proposal
2018-06-16 20:53:02,877 commit with 0 reinforcements
2018-06-16 20:53:02,879 appended honest commit dce15459ee on top of 00fdc38b03
2018-06-16 20:53:02,879 Weight: 1 #RFs 0
2018-06-16 20:53:02,879 weight: 1
2018-06-16 20:53:02,879 , 1
2018-06-16 20:53:02,880 MINING state
2018-06-16 20:53:02,880 start mining - depth 1
2018-06-16 20:53:02,880 start mining - hash dce15459ee4a1dcbe9a0fa7d6c235f07b6aa77d60118765b087cde73a08dcbad
2018-06-16 20:53:02,883 SNT commit
2018-06-16 20:53:03,512 RCV reinforcement info
2018-06-16 20:53:03,516 , 1.1419117081449275
2018-06-16 20:53:04,059 RCV reinforcement info
2018-06-16 20:53:04,063 , 1.2244111069279742
2018-06-16 20:53:09,804 RF found but not transmitted
2018-06-16 20:53:09,824 RF found but not transmitted
2018-06-16 20:53:09,826 RF found
2018-06-16 20:53:09,827 SNT reinforcement_information
2018-06-16 20:53:10,345 RCV reinforcement info
2018-06-16 20:53:10,349 , 1.374369512432524
2018-06-16 20:53:14,158 RF found but not transmitted
2018-06-16 20:53:15,559 RCV reinforcement info
2018-06-16 20:53:15,563 , 1.472300524594687
2018-06-16 20:53:17,034 RCV reinforcement info
2018-06-16 20:53:17,037 , 1.8067023850609196
2018-06-16 20:53:17,227 RF found but not transmitted
2018-06-16 20:53:17,228 RF found
2018-06-16 20:53:17,230 SNT reinforcement_information
2018-06-16 20:53:17,487 RF found but not transmitted
2018-06-16 20:53:17,489 RF found
2018-06-16 20:53:17,491 SNT reinforcement_information
2018-06-16 20:53:20,152 RCV reinforcement info
2018-06-16 20:53:20,156 , 2.5847119703563157
2018-06-16 20:53:20,185 RCV reinforcement info
2018-06-16 20:53:20,189 , 2.716636927439504
2018-06-16 20:53:20,311 RF found but not transmitted
2018-06-16 20:53:20,810 RF found but not transmitted
2018-06-16 20:53:20,956 RCV proposal
2018-06-16 20:53:20,959 appended honest propose 101383b156 on top of dce15459ee
2018-06-16 20:53:20,959 REINFORCEMENT SENT state
2018-06-16 20:53:20,959 RFs > 0 
2018-06-16 20:53:20,960 SNT reinforcement
2018-06-16 20:53:21,103 RF found but not transmitted
2018-06-16 20:53:21,169 SNT reinforcement_information
2018-06-16 20:53:21,327 SNT reinforcement
2018-06-16 20:53:21,448 RCV reinforcement
2018-06-16 20:53:21,453 RCV reinforcement
2018-06-16 20:53:21,480 RCV reinforcement info
2018-06-16 20:53:21,484 , 3.8706657358509284
2018-06-16 20:53:21,488 RCV reinforcement
2018-06-16 20:53:22,342 RCV reinforcement info
2018-06-16 20:53:22,346 , 3.955716095324805
2018-06-16 20:53:22,404 RCV reinforcement
2018-06-16 20:53:22,533 RCV commit
2018-06-16 20:53:22,567 appended honest commit 97b885a970 on top of 101383b156
2018-06-16 20:53:22,603 Weight: 4.870665735850928 #RFs 12
2018-06-16 20:53:22,603 weight: 4.870665735850928
2018-06-16 20:53:22,603 , 4.870665735850928
2018-06-16 20:53:22,604 MINING state
2018-06-16 20:53:22,604 start mining - depth 2
2018-06-16 20:53:22,604 start mining - hash 97b885a9703461c433123976e77b8f1df4d59bc187975ea6ac60e0f10d4fdf27
2018-06-16 20:53:23,507 RCV reinforcement info
2018-06-16 20:53:23,511 , 5.014822338308229
2018-06-16 20:53:24,297 RF found but not transmitted
2018-06-16 20:53:24,597 RCV reinforcement info
2018-06-16 20:53:24,602 , 5.091454154393527
2018-06-16 20:53:26,809 RCV reinforcement info
2018-06-16 20:53:26,816 , 5.1876462140872
2018-06-16 20:53:28,664 RCV proposal
2018-06-16 20:53:28,668 appended honest propose a0a73f8eaf on top of 97b885a970
2018-06-16 20:53:28,669 REINFORCEMENT SENT state
2018-06-16 20:53:28,811 RCV reinforcement
2018-06-16 20:53:28,886 RCV reinforcement info
2018-06-16 20:53:28,893 , 5.289395981269376
2018-06-16 20:53:29,052 RCV reinforcement
2018-06-16 20:53:30,010 RCV commit
2018-06-16 20:53:30,036 appended honest commit 6e0d3039d9 on top of a0a73f8eaf
2018-06-16 20:53:30,051 Weight: 6.289395981269376 #RFs 4
2018-06-16 20:53:30,051 weight: 6.289395981269376
2018-06-16 20:53:30,051 , 6.289395981269376
2018-06-16 20:53:30,052 MINING state
2018-06-16 20:53:30,052 start mining - depth 3
2018-06-16 20:53:30,052 start mining - hash 6e0d3039d9ad1dd7ad8b9c94897b768d21dc0a4587e3478b4fbf6649f9dcfc2d
2018-06-16 20:53:30,660 RF found but not transmitted
2018-06-16 20:53:31,047 RF found but not transmitted
2018-06-16 20:53:31,262 RCV reinforcement info
2018-06-16 20:53:31,267 , 6.563335795756411
2018-06-16 20:53:32,164 RF found but not transmitted
2018-06-16 20:53:32,977 RCV reinforcement info
2018-06-16 20:53:32,982 , 6.854327026034815
2018-06-16 20:53:33,206 RCV reinforcement info
2018-06-16 20:53:33,210 , 6.965202365589488
2018-06-16 20:53:33,509 RCV reinforcement info
2018-06-16 20:53:33,514 , 7.029756421978594
2018-06-16 20:53:34,292 RF found but not transmitted
2018-06-16 20:53:34,613 RF found but not transmitted
2018-06-16 20:53:34,615 RF found
2018-06-16 20:53:34,617 SNT reinforcement_information
2018-06-16 20:53:34,806 RF found but not transmitted
2018-06-16 20:53:35,633 RCV reinforcement info
2018-06-16 20:53:35,638 , 7.40838334182115
2018-06-16 20:53:36,320 RF found but not transmitted
2018-06-16 20:53:36,874 RF found but not transmitted
2018-06-16 20:53:37,131 RF found but not transmitted
2018-06-16 20:53:37,780 RF found but not transmitted
2018-06-16 20:53:37,945 RCV reinforcement info
2018-06-16 20:53:37,950 , 7.48800407538571
2018-06-16 20:53:40,494 RCV reinforcement info
2018-06-16 20:53:40,500 , 7.565038433626031
2018-06-16 20:53:41,678 RF found but not transmitted
2018-06-16 20:53:41,748 RCV reinforcement info
2018-06-16 20:53:41,753 , 7.664915048805632
2018-06-16 20:53:41,795 RF found but not transmitted
2018-06-16 20:53:44,288 RCV reinforcement info
2018-06-16 20:53:44,293 , 7.776963803226019
2018-06-16 20:53:44,712 RCV reinforcement info
2018-06-16 20:53:44,717 , 8.595625291302152
2018-06-16 20:53:47,398 RF found but not transmitted
2018-06-16 20:53:47,589 RF found but not transmitted
2018-06-16 20:53:47,590 RF found
2018-06-16 20:53:47,591 SNT reinforcement_information
2018-06-16 20:53:47,790 RCV reinforcement info
2018-06-16 20:53:47,794 , 8.92124208063209
2018-06-16 20:53:48,364 RCV reinforcement info
2018-06-16 20:53:48,369 , 9.159292760956545
2018-06-16 20:53:50,189 RCV reinforcement info
2018-06-16 20:53:50,194 , 9.306164010510017
2018-06-16 20:53:51,096 RCV reinforcement info
2018-06-16 20:53:51,100 , 9.952785256105987
2018-06-16 20:53:51,377 RF found but not transmitted
2018-06-16 20:53:51,378 RF found
2018-06-16 20:53:51,380 SNT reinforcement_information
2018-06-16 20:53:51,401 RF found but not transmitted
2018-06-16 20:53:51,650 RCV reinforcement info
2018-06-16 20:53:51,655 , 10.105273809893522
2018-06-16 20:53:53,758 RCV reinforcement info
2018-06-16 20:53:53,762 , 10.203878483178585
2018-06-16 20:53:54,415 RF found but not transmitted
2018-06-16 20:53:54,417 RF found
2018-06-16 20:53:54,421 SNT reinforcement_information
2018-06-16 20:53:55,450 RF found but not transmitted
2018-06-16 20:53:56,202 RF found but not transmitted
2018-06-16 20:53:56,367 RCV reinforcement info
2018-06-16 20:53:56,374 , 10.948376503110829
2018-06-16 20:53:57,252 RF found but not transmitted
2018-06-16 20:53:57,253 RF found
2018-06-16 20:53:57,255 SNT reinforcement_information
2018-06-16 20:53:58,550 RF found but not transmitted
2018-06-16 20:53:58,553 RF found
2018-06-16 20:53:58,555 SNT reinforcement_information
2018-06-16 20:53:58,910 RF found but not transmitted
2018-06-16 20:53:58,934 RCV reinforcement info
2018-06-16 20:53:58,939 , 11.17791637555288
2018-06-16 20:54:00,856 RCV reinforcement info
2018-06-16 20:54:00,860 , 11.393661742566168
2018-06-16 20:54:01,730 RCV reinforcement info
2018-06-16 20:54:01,736 , 11.520036290304285
2018-06-16 20:54:04,163 RF found but not transmitted
2018-06-16 20:54:04,165 RF found
2018-06-16 20:54:04,168 SNT reinforcement_information
2018-06-16 20:54:04,917 RCV reinforcement info
2018-06-16 20:54:04,921 , 11.821433277982113
2018-06-16 20:54:05,784 RF found but not transmitted
2018-06-16 20:54:05,786 RF found
2018-06-16 20:54:05,788 SNT reinforcement_information
2018-06-16 20:54:05,888 RCV reinforcement info
2018-06-16 20:54:05,893 , 12.237690535754826
2018-06-16 20:54:06,043 RCV reinforcement info
2018-06-16 20:54:06,048 , 12.305319381523079
2018-06-16 20:54:06,672 RCV reinforcement info
2018-06-16 20:54:06,676 , 12.427699596857895
2018-06-16 20:54:08,265 RF found but not transmitted
2018-06-16 20:54:08,282 RCV reinforcement info
2018-06-16 20:54:08,287 , 12.514873725809041
2018-06-16 20:54:08,464 RCV reinforcement info
2018-06-16 20:54:08,470 , 12.57808390321878
2018-06-16 20:54:09,635 RF found but not transmitted
2018-06-16 20:54:12,772 RF found but not transmitted
2018-06-16 20:54:12,775 RF found
2018-06-16 20:54:12,777 SNT reinforcement_information
2018-06-16 20:54:13,058 RCV reinforcement info
2018-06-16 20:54:13,061 , 12.855327779810551
2018-06-16 20:54:13,073 RF found but not transmitted
2018-06-16 20:54:13,074 RF found
2018-06-16 20:54:13,075 SNT reinforcement_information
2018-06-16 20:54:13,553 RCV reinforcement info
2018-06-16 20:54:13,557 , 13.06722569691902
2018-06-16 20:54:13,562 RCV reinforcement info
2018-06-16 20:54:13,570 , 13.14398681642918
2018-06-16 20:54:14,009 RF found but not transmitted
2018-06-16 20:54:14,010 RF found
2018-06-16 20:54:14,012 SNT reinforcement_information
2018-06-16 20:54:16,415 RCV reinforcement info
2018-06-16 20:54:16,419 , 13.296184193396275
2018-06-16 20:54:17,627 RCV reinforcement info
2018-06-16 20:54:17,633 , 13.651512678532477
2018-06-16 20:54:18,338 RCV reinforcement info
2018-06-16 20:54:18,343 , 13.868425582699022
2018-06-16 20:54:18,928 RF found but not transmitted
2018-06-16 20:54:18,930 RF found
2018-06-16 20:54:18,932 SNT reinforcement_information
2018-06-16 20:54:20,593 RCV reinforcement info
2018-06-16 20:54:20,607 , 14.052317803604911
2018-06-16 20:54:22,438 RCV reinforcement info
2018-06-16 20:54:22,442 , 14.55602153045004
2018-06-16 20:54:22,640 RF found but not transmitted
2018-06-16 20:54:22,642 RF found
2018-06-16 20:54:22,646 SNT reinforcement_information
2018-06-16 20:54:23,723 RCV reinforcement info
2018-06-16 20:54:23,728 , 14.752373713991673
2018-06-16 20:54:23,918 RCV reinforcement info
2018-06-16 20:54:23,923 , 14.829270919036807
2018-06-16 20:54:27,193 RCV reinforcement info
2018-06-16 20:54:27,197 , 14.912733914060171
2018-06-16 20:54:29,167 RF found but not transmitted
2018-06-16 20:54:30,789 RF found but not transmitted
2018-06-16 20:54:30,791 RF found
2018-06-16 20:54:30,792 SNT reinforcement_information
2018-06-16 20:54:31,467 RF found but not transmitted
2018-06-16 20:54:31,468 RF found
2018-06-16 20:54:31,471 SNT reinforcement_information
2018-06-16 20:54:31,571 RCV reinforcement info
2018-06-16 20:54:31,574 , 15.399799658400896
2018-06-16 20:54:31,616 RCV reinforcement info
2018-06-16 20:54:31,622 , 15.476290777192547
2018-06-16 20:54:31,924 RCV reinforcement info
2018-06-16 20:54:31,928 , 16.210715882923452
2018-06-16 20:54:32,161 RCV reinforcement info
2018-06-16 20:54:32,167 , 16.30394648916758
2018-06-16 20:54:34,158 RF found but not transmitted
2018-06-16 20:54:34,159 RF found
2018-06-16 20:54:34,162 SNT reinforcement_information
2018-06-16 20:54:34,409 RCV reinforcement info
2018-06-16 20:54:34,411 , 16.626606606667
2018-06-16 20:54:35,364 RCV reinforcement info
2018-06-16 20:54:35,368 , 16.829752337378842
2018-06-16 20:54:35,728 RCV reinforcement info
2018-06-16 20:54:35,732 , 17.463092543370962
2018-06-16 20:54:35,774 RF found but not transmitted
2018-06-16 20:54:36,064 RF found but not transmitted
2018-06-16 20:54:36,150 RF found but not transmitted
2018-06-16 20:54:36,152 RF found
2018-06-16 20:54:36,155 SNT reinforcement_information
2018-06-16 20:54:36,432 RF found but not transmitted
2018-06-16 20:54:36,769 RCV reinforcement info
2018-06-16 20:54:36,774 , 17.724858894636895
2018-06-16 20:54:37,883 RCV reinforcement info
2018-06-16 20:54:37,887 , 17.78757236878421
2018-06-16 20:54:39,255 RCV reinforcement info
2018-06-16 20:54:39,260 , 17.86024693004915
2018-06-16 20:54:39,837 RF found but not transmitted
2018-06-16 20:54:40,210 RF found but not transmitted
2018-06-16 20:54:40,211 RF found
2018-06-16 20:54:40,214 SNT reinforcement_information
2018-06-16 20:54:40,742 RCV reinforcement info
2018-06-16 20:54:40,747 , 18.022904824609633
2018-06-16 20:54:41,277 RCV reinforcement info
2018-06-16 20:54:41,281 , 18.13951545288515
2018-06-16 20:54:43,136 RCV reinforcement info
2018-06-16 20:54:43,140 , 18.253069809265966
2018-06-16 20:54:43,830 RCV reinforcement info
2018-06-16 20:54:43,834 , 18.438200070742603
2018-06-16 20:54:43,989 RCV reinforcement info
2018-06-16 20:54:43,993 , 18.696999051010938
2018-06-16 20:54:47,160 RCV reinforcement info
2018-06-16 20:54:47,164 , 18.820102603407843
2018-06-16 20:54:48,903 RCV reinforcement info
2018-06-16 20:54:48,908 , 18.909848050452894
2018-06-16 20:54:48,958 RCV reinforcement info
2018-06-16 20:54:48,963 , 18.990800012567274
2018-06-16 20:54:49,043 RCV reinforcement info
2018-06-16 20:54:49,047 , 19.076256833477384
2018-06-16 20:54:50,511 RCV reinforcement info
2018-06-16 20:54:50,515 , 19.145125106897943
2018-06-16 20:54:50,984 RF found but not transmitted
2018-06-16 20:54:52,279 RCV reinforcement info
2018-06-16 20:54:52,283 , 19.435949325049286
2018-06-16 20:54:52,314 RCV reinforcement info
2018-06-16 20:54:52,318 , 19.594422420296333
2018-06-16 20:54:52,480 RCV reinforcement info
2018-06-16 20:54:52,483 , 19.982608642825262
2018-06-16 20:54:53,427 RCV reinforcement info
2018-06-16 20:54:53,431 , 20.21390825168166
2018-06-16 20:54:54,522 RF found but not transmitted
2018-06-16 20:54:55,758 RF found but not transmitted
2018-06-16 20:54:56,029 RF found but not transmitted
2018-06-16 20:54:56,031 RF found
2018-06-16 20:54:56,034 SNT reinforcement_information
2018-06-16 20:54:57,834 RCV reinforcement info
2018-06-16 20:54:57,839 , 20.504803651009453
2018-06-16 20:54:58,056 RF found but not transmitted
2018-06-16 20:54:58,225 RF found but not transmitted
2018-06-16 20:54:59,191 RCV reinforcement info
2018-06-16 20:54:59,195 , 20.893293045308283
2018-06-16 20:54:59,521 RF found but not transmitted
2018-06-16 20:54:59,523 RF found
2018-06-16 20:54:59,525 SNT reinforcement_information
2018-06-16 20:55:02,395 RCV reinforcement info
2018-06-16 20:55:02,399 , 21.191350312829684
2018-06-16 20:55:02,814 RCV reinforcement info
2018-06-16 20:55:02,819 , 21.393074229777664
2018-06-16 20:55:03,402 RF found but not transmitted
2018-06-16 20:55:07,021 RCV reinforcement info
2018-06-16 20:55:07,025 , 21.485173317762566
2018-06-16 20:55:09,840 RCV reinforcement info
2018-06-16 20:55:09,844 , 21.65221942114158
2018-06-16 20:55:10,106 RCV reinforcement info
2018-06-16 20:55:10,111 , 21.760703625126062
2018-06-16 20:55:10,920 RCV reinforcement info
2018-06-16 20:55:10,924 , 21.912359241268113
2018-06-16 20:55:11,777 RF found but not transmitted
2018-06-16 20:55:11,816 RF found but not transmitted
2018-06-16 20:55:11,857 RCV reinforcement info
2018-06-16 20:55:11,861 , 22.068690430468255
2018-06-16 20:55:12,122 RF found but not transmitted
2018-06-16 20:55:12,124 RF found
2018-06-16 20:55:12,126 SNT reinforcement_information
2018-06-16 20:55:14,460 RCV reinforcement info
2018-06-16 20:55:14,464 , 22.247784116249026
2018-06-16 20:55:14,638 RCV reinforcement info
2018-06-16 20:55:14,643 , 22.322406621238308
2018-06-16 20:55:16,115 RCV reinforcement info
2018-06-16 20:55:16,120 , 22.384937263910235
2018-06-16 20:55:16,784 RF found but not transmitted
2018-06-16 20:55:16,786 RF found
2018-06-16 20:55:16,788 SNT reinforcement_information
2018-06-16 20:55:16,962 RF found but not transmitted
2018-06-16 20:55:16,964 RF found
2018-06-16 20:55:16,966 SNT reinforcement_information
2018-06-16 20:55:17,814 RCV reinforcement info
2018-06-16 20:55:17,818 , 23.587834794348606
2018-06-16 20:55:18,199 RCV reinforcement info
2018-06-16 20:55:18,203 , 23.73974191624324
2018-06-16 20:55:22,289 RCV reinforcement info
2018-06-16 20:55:22,293 , 23.87651480991232
2018-06-16 20:55:22,670 RF found but not transmitted
2018-06-16 20:55:22,673 RF found
2018-06-16 20:55:22,675 SNT reinforcement_information
2018-06-16 20:55:23,000 RF found but not transmitted
2018-06-16 20:55:25,248 RCV reinforcement info
2018-06-16 20:55:25,252 , 24.035212445352176
2018-06-16 20:55:25,311 RF found but not transmitted
2018-06-16 20:55:25,779 RCV reinforcement info
2018-06-16 20:55:25,784 , 24.569208321369377
2018-06-16 20:55:26,444 RCV reinforcement info
2018-06-16 20:55:26,449 , 24.661930045540053
2018-06-16 20:55:28,047 RF found but not transmitted
2018-06-16 20:55:28,569 RCV reinforcement info
2018-06-16 20:55:28,574 , 24.752103563523544
2018-06-16 20:55:28,641 RCV reinforcement info
2018-06-16 20:55:28,644 , 24.995901796870296
2018-06-16 20:55:29,242 RCV reinforcement info
2018-06-16 20:55:29,248 , 25.076224673798976
2018-06-16 20:55:30,910 RCV reinforcement info
2018-06-16 20:55:30,915 , 25.207188286661662
2018-06-16 20:55:31,970 RF found but not transmitted
2018-06-16 20:55:32,801 RCV reinforcement info
2018-06-16 20:55:32,806 , 25.28278406909383
2018-06-16 20:55:33,771 RF found but not transmitted
2018-06-16 20:55:34,862 RCV proposal
2018-06-16 20:55:34,866 appended honest propose 71aba53711 on top of 6e0d3039d9
2018-06-16 20:55:34,874 REINFORCEMENT SENT state
2018-06-16 20:55:34,875 RFs > 0 
2018-06-16 20:55:34,876 SNT reinforcement
2018-06-16 20:55:34,985 RCV reinforcement
2018-06-16 20:55:34,988 RCV reinforcement
2018-06-16 20:55:35,131 RCV reinforcement info
2018-06-16 20:55:35,143 , 25.40910840172993
2018-06-16 20:55:35,197 RCV reinforcement
2018-06-16 20:55:35,551 RCV reinforcement info
2018-06-16 20:55:35,556 , 25.545167262562632
2018-06-16 20:55:35,621 RCV reinforcement
2018-06-16 20:55:36,661 RCV commit
2018-06-16 20:55:37,458 appended honest commit f530df5dc7 on top of 71aba53711
2018-06-16 20:55:37,894 Weight: 26.282784069093825 #RFs 108
2018-06-16 20:55:37,894 weight: 26.282784069093825
2018-06-16 20:55:37,894 , 26.282784069093825
2018-06-16 20:55:37,895 MINING state
2018-06-16 20:55:37,896 start mining - depth 4
2018-06-16 20:55:37,896 start mining - hash f530df5dc7ca3cac6f529615086c926bd6196b24771feb9517919b61c5ede3f5
2018-06-16 20:55:37,897 Hashing frequency: 17006
2018-06-16 20:55:38,189 RF found but not transmitted
2018-06-16 20:55:38,437 RCV reinforcement info
2018-06-16 20:55:38,442 , 26.386094134176997
2018-06-16 20:55:38,646 RCV proposal
2018-06-16 20:55:38,657 appended malicious propose c7ebc1ce62 on top of 6e0d3039d9
2018-06-16 20:55:38,749 RF found but not transmitted
2018-06-16 20:55:38,801 RCV reinforcement
2018-06-16 20:55:38,821 RCV reinforcement
2018-06-16 20:55:38,952 RF found but not transmitted
2018-06-16 20:55:39,818 RCV commit
2018-06-16 20:55:40,220 appended malicious commit 4446782e6d on top of c7ebc1ce62
2018-06-16 20:55:40,642 Weight: 28.545425408981668 #RFs 83
2018-06-16 20:55:40,642 weight: 28.545425408981668
2018-06-16 20:55:40,643 , 28.545425408981668
2018-06-16 20:55:40,643 Switching branch - my current block was: 26.386094134176997
2018-06-16 20:55:40,643 start mining - depth 4
2018-06-16 20:55:40,644 start mining - hash 4446782e6dce1dfb4f2bb672048194ee3862cfe78b72de963ffb650fdcf767dd
2018-06-16 20:55:40,644 END: MALICIOUS WIN
2018-06-16 20:55:41,287 RF found but not transmitted
2018-06-16 20:55:41,564 RF found but not transmitted
2018-06-16 20:55:41,565 RF found
2018-06-16 20:55:41,566 SNT reinforcement_information
2018-06-16 20:55:42,637 RCV proposal
2018-06-16 20:55:42,641 appended malicious propose 8515c606bc on top of 4446782e6d
2018-06-16 20:55:42,642 REINFORCEMENT SENT state
2018-06-16 20:55:42,642 RFs > 0 
2018-06-16 20:55:42,643 SNT reinforcement
2018-06-16 20:55:42,764 RCV reinforcement
2018-06-16 20:55:42,773 RCV reinforcement
2018-06-16 20:55:43,247 RF found but not transmitted
2018-06-16 20:55:43,250 SNT reinforcement_information
2018-06-16 20:55:43,304 SNT reinforcement
2018-06-16 20:55:44,169 RCV commit
2018-06-16 20:55:44,205 appended malicious commit a2593a27df on top of 8515c606bc
2018-06-16 20:55:44,272 Weight: 30.045221441726603 #RFs 6
2018-06-16 20:55:44,272 weight: 30.045221441726603
2018-06-16 20:55:44,272 , 30.045221441726603
2018-06-16 20:55:44,273 MINING state
2018-06-16 20:55:44,273 start mining - depth 5
2018-06-16 20:55:44,274 start mining - hash a2593a27dfa67634fe5fae246840222ba6aaa9017ac0739327656c68b12b2814
2018-06-16 20:55:44,277 END: MALICIOUS WIN
2018-06-16 20:55:44,406 RCV proposal
2018-06-16 20:55:44,409 appended malicious propose 1ecb0be4d0 on top of a2593a27df
2018-06-16 20:55:44,409 REINFORCEMENT SENT state
2018-06-16 20:55:44,492 RCV reinforcement
2018-06-16 20:55:45,310 RCV reinforcement
