2018-06-16 20:53:00,043 ---------------------------------------------------------
2018-06-16 20:53:00,045 MINING state
2018-06-16 20:53:01,065 start mining - depth 0
2018-06-16 20:53:01,066 start mining - hash d2ea3d38fe074fb4d69512eb77985c23b53e699d77cf380fa2644b66267f518b
2018-06-16 20:53:01,474 RCV proposal
2018-06-16 20:53:01,476 appended honest propose 00fdc38b03 on top of d2ea3d38fe
2018-06-16 20:53:01,477 REINFORCEMENT SENT state
2018-06-16 20:53:02,961 RCV commit
2018-06-16 20:53:02,962 appended honest commit dce15459ee on top of 00fdc38b03
2018-06-16 20:53:02,962 Weight: 1 #RFs 0
2018-06-16 20:53:02,962 weight: 1
2018-06-16 20:53:02,962 , 1
2018-06-16 20:53:02,962 MINING state
2018-06-16 20:53:02,963 start mining - depth 1
2018-06-16 20:53:02,963 start mining - hash dce15459ee4a1dcbe9a0fa7d6c235f07b6aa77d60118765b087cde73a08dcbad
2018-06-16 20:53:03,507 RCV reinforcement info
2018-06-16 20:53:03,511 , 1.1419117081449275
2018-06-16 20:53:04,062 RCV reinforcement info
2018-06-16 20:53:04,065 , 1.2244111069279742
2018-06-16 20:53:09,883 RCV reinforcement info
2018-06-16 20:53:09,886 , 1.2932757662320342
2018-06-16 20:53:10,345 RCV reinforcement info
2018-06-16 20:53:10,349 , 1.374369512432524
2018-06-16 20:53:15,556 RCV reinforcement info
2018-06-16 20:53:15,560 , 1.472300524594687
2018-06-16 20:53:16,968 RF found but not transmitted
2018-06-16 20:53:16,970 RF found
2018-06-16 20:53:16,974 SNT reinforcement_information
2018-06-16 20:53:17,289 RCV reinforcement info
2018-06-16 20:53:17,291 , 2.4013857986854035
2018-06-16 20:53:17,554 RCV reinforcement info
2018-06-16 20:53:17,558 , 2.5077158425370927
2018-06-16 20:53:20,128 RF found but not transmitted
2018-06-16 20:53:20,129 RF found
2018-06-16 20:53:20,130 SNT reinforcement_information
2018-06-16 20:53:20,186 RCV reinforcement info
2018-06-16 20:53:20,192 , 2.716636927439504
2018-06-16 20:53:20,960 RCV proposal
2018-06-16 20:53:20,963 appended honest propose 101383b156 on top of dce15459ee
2018-06-16 20:53:20,963 REINFORCEMENT SENT state
2018-06-16 20:53:20,963 RFs > 0 
2018-06-16 20:53:20,964 SNT reinforcement
2018-06-16 20:53:21,148 RCV reinforcement
2018-06-16 20:53:21,169 RCV reinforcement
2018-06-16 20:53:21,306 RCV reinforcement info
2018-06-16 20:53:21,331 , 3.716636927439504
2018-06-16 20:53:21,334 RCV reinforcement info
2018-06-16 20:53:21,339 , 3.8706657358509284
2018-06-16 20:53:21,448 RCV reinforcement
2018-06-16 20:53:21,464 RCV reinforcement
2018-06-16 20:53:22,282 RF found but not transmitted
2018-06-16 20:53:22,287 SNT reinforcement_information
2018-06-16 20:53:22,339 SNT reinforcement
2018-06-16 20:53:22,605 RCV commit
2018-06-16 20:53:22,628 appended honest commit 97b885a970 on top of 101383b156
2018-06-16 20:53:22,642 Weight: 4.8706657358509275 #RFs 12
2018-06-16 20:53:22,642 weight: 4.8706657358509275
2018-06-16 20:53:22,642 , 4.8706657358509275
2018-06-16 20:53:22,643 MINING state
2018-06-16 20:53:22,644 start mining - depth 2
2018-06-16 20:53:22,644 start mining - hash 97b885a9703461c433123976e77b8f1df4d59bc187975ea6ac60e0f10d4fdf27
2018-06-16 20:53:23,450 RF found but not transmitted
2018-06-16 20:53:23,452 RF found
2018-06-16 20:53:23,454 SNT reinforcement_information
2018-06-16 20:53:24,600 RCV reinforcement info
2018-06-16 20:53:24,605 , 5.091454154393526
2018-06-16 20:53:26,719 RF found but not transmitted
2018-06-16 20:53:26,720 RF found
2018-06-16 20:53:26,725 SNT reinforcement_information
2018-06-16 20:53:28,671 RCV proposal
2018-06-16 20:53:28,674 appended honest propose a0a73f8eaf on top of 97b885a970
2018-06-16 20:53:28,674 REINFORCEMENT SENT state
2018-06-16 20:53:28,675 RFs > 0 
2018-06-16 20:53:28,676 SNT reinforcement
2018-06-16 20:53:28,891 RCV reinforcement info
2018-06-16 20:53:28,905 , 5.289395981269375
2018-06-16 20:53:29,054 RCV reinforcement
2018-06-16 20:53:30,010 RCV commit
2018-06-16 20:53:30,033 appended honest commit 6e0d3039d9 on top of a0a73f8eaf
2018-06-16 20:53:30,046 Weight: 6.289395981269376 #RFs 4
2018-06-16 20:53:30,046 weight: 6.289395981269376
2018-06-16 20:53:30,046 , 6.289395981269376
2018-06-16 20:53:30,047 MINING state
2018-06-16 20:53:30,048 start mining - depth 3
2018-06-16 20:53:30,048 start mining - hash 6e0d3039d9ad1dd7ad8b9c94897b768d21dc0a4587e3478b4fbf6649f9dcfc2d
2018-06-16 20:53:31,175 RF found but not transmitted
2018-06-16 20:53:31,176 RF found
2018-06-16 20:53:31,179 SNT reinforcement_information
2018-06-16 20:53:32,975 RCV reinforcement info
2018-06-16 20:53:32,979 , 6.854327026034815
2018-06-16 20:53:33,207 RCV reinforcement info
2018-06-16 20:53:33,212 , 6.965202365589488
2018-06-16 20:53:33,509 RCV reinforcement info
2018-06-16 20:53:33,514 , 7.029756421978594
2018-06-16 20:53:34,681 RCV reinforcement info
2018-06-16 20:53:34,685 , 7.147628182188073
2018-06-16 20:53:35,632 RCV reinforcement info
2018-06-16 20:53:35,637 , 7.40838334182115
2018-06-16 20:53:37,878 RF found but not transmitted
2018-06-16 20:53:37,879 RF found
2018-06-16 20:53:37,881 SNT reinforcement_information
2018-06-16 20:53:40,495 RCV reinforcement info
2018-06-16 20:53:40,500 , 7.565038433626031
2018-06-16 20:53:41,746 RCV reinforcement info
2018-06-16 20:53:41,751 , 7.664915048805632
2018-06-16 20:53:44,224 RF found but not transmitted
2018-06-16 20:53:44,225 RF found
2018-06-16 20:53:44,227 SNT reinforcement_information
2018-06-16 20:53:44,713 RCV reinforcement info
2018-06-16 20:53:44,718 , 8.595625291302152
2018-06-16 20:53:47,651 RCV reinforcement info
2018-06-16 20:53:47,656 , 8.783657574681852
2018-06-16 20:53:47,794 RCV reinforcement info
2018-06-16 20:53:47,798 , 8.92124208063209
2018-06-16 20:53:48,364 RCV reinforcement info
2018-06-16 20:53:48,369 , 9.159292760956545
2018-06-16 20:53:50,186 RCV reinforcement info
2018-06-16 20:53:50,191 , 9.306164010510017
2018-06-16 20:53:51,096 RCV reinforcement info
2018-06-16 20:53:51,102 , 9.952785256105987
2018-06-16 20:53:51,451 RCV reinforcement info
2018-06-16 20:53:51,455 , 10.02797976573689
2018-06-16 20:53:51,649 RCV reinforcement info
2018-06-16 20:53:51,653 , 10.105273809893522
2018-06-16 20:53:53,696 RF found but not transmitted
2018-06-16 20:53:53,699 RF found
2018-06-16 20:53:53,701 SNT reinforcement_information
2018-06-16 20:53:54,485 RCV reinforcement info
2018-06-16 20:53:54,490 , 10.283475191303657
2018-06-16 20:53:56,281 RF found but not transmitted
2018-06-16 20:53:56,282 RF found
2018-06-16 20:53:56,285 SNT reinforcement_information
2018-06-16 20:53:57,336 RCV reinforcement info
2018-06-16 20:53:57,341 , 11.045437791560222
2018-06-16 20:53:58,635 RCV reinforcement info
2018-06-16 20:53:58,641 , 11.108294642940555
2018-06-16 20:53:58,856 RF found but not transmitted
2018-06-16 20:53:58,860 RF found
2018-06-16 20:53:58,863 SNT reinforcement_information
2018-06-16 20:54:00,856 RCV reinforcement info
2018-06-16 20:54:00,860 , 11.393661742566168
2018-06-16 20:54:01,730 RCV reinforcement info
2018-06-16 20:54:01,734 , 11.520036290304285
2018-06-16 20:54:04,233 RCV reinforcement info
2018-06-16 20:54:04,237 , 11.70127346504654
2018-06-16 20:54:04,917 RCV reinforcement info
2018-06-16 20:54:04,921 , 11.821433277982113
2018-06-16 20:54:05,820 RF found but not transmitted
2018-06-16 20:54:05,821 RF found
2018-06-16 20:54:05,824 SNT reinforcement_information
2018-06-16 20:54:05,888 RCV reinforcement info
2018-06-16 20:54:05,898 , 12.237690535754826
2018-06-16 20:54:05,989 RF found but not transmitted
2018-06-16 20:54:05,991 RF found
2018-06-16 20:54:05,992 SNT reinforcement_information
2018-06-16 20:54:06,673 RCV reinforcement info
2018-06-16 20:54:06,677 , 12.427699596857895
2018-06-16 20:54:08,228 RF found but not transmitted
2018-06-16 20:54:08,229 RF found
2018-06-16 20:54:08,230 SNT reinforcement_information
2018-06-16 20:54:08,408 RF found but not transmitted
2018-06-16 20:54:08,410 RF found
2018-06-16 20:54:08,412 SNT reinforcement_information
2018-06-16 20:54:12,837 RCV reinforcement info
2018-06-16 20:54:12,840 , 12.699042820306492
2018-06-16 20:54:13,048 RCV reinforcement info
2018-06-16 20:54:13,052 , 12.855327779810551
2018-06-16 20:54:13,135 RCV reinforcement info
2018-06-16 20:54:13,140 , 12.950359130140722
2018-06-16 20:54:13,545 RCV reinforcement info
2018-06-16 20:54:13,550 , 13.06722569691902
2018-06-16 20:54:13,553 RCV reinforcement info
2018-06-16 20:54:13,558 , 13.14398681642918
2018-06-16 20:54:14,074 RCV reinforcement info
2018-06-16 20:54:14,078 , 13.217678793778806
2018-06-16 20:54:16,359 RF found but not transmitted
2018-06-16 20:54:16,360 RF found
2018-06-16 20:54:16,361 SNT reinforcement_information
2018-06-16 20:54:17,636 RCV reinforcement info
2018-06-16 20:54:17,640 , 13.651512678532477
2018-06-16 20:54:18,338 RCV reinforcement info
2018-06-16 20:54:18,343 , 13.868425582699022
2018-06-16 20:54:18,993 RCV reinforcement info
2018-06-16 20:54:18,996 , 13.938929697854629
2018-06-16 20:54:20,539 RF found but not transmitted
2018-06-16 20:54:20,540 RF found
2018-06-16 20:54:20,541 SNT reinforcement_information
2018-06-16 20:54:22,376 RF found but not transmitted
2018-06-16 20:54:22,379 RF found
2018-06-16 20:54:22,381 SNT reinforcement_information
2018-06-16 20:54:22,719 RCV reinforcement info
2018-06-16 20:54:22,723 , 14.651148746259734
2018-06-16 20:54:23,723 RCV reinforcement info
2018-06-16 20:54:23,729 , 14.752373713991673
2018-06-16 20:54:23,861 RF found but not transmitted
2018-06-16 20:54:23,863 RF found
2018-06-16 20:54:23,866 SNT reinforcement_information
2018-06-16 20:54:27,193 RCV reinforcement info
2018-06-16 20:54:27,198 , 14.912733914060171
2018-06-16 20:54:30,872 RCV reinforcement info
2018-06-16 20:54:30,875 , 15.020123868389337
2018-06-16 20:54:31,484 RF found but not transmitted
2018-06-16 20:54:31,485 RF found
2018-06-16 20:54:31,486 SNT reinforcement_information
2018-06-16 20:54:31,571 RCV reinforcement info
2018-06-16 20:54:31,575 , 15.399799658400896
2018-06-16 20:54:31,616 RCV reinforcement info
2018-06-16 20:54:31,622 , 15.476290777192547
2018-06-16 20:54:31,924 RCV reinforcement info
2018-06-16 20:54:31,928 , 16.210715882923452
2018-06-16 20:54:32,161 RCV reinforcement info
2018-06-16 20:54:32,168 , 16.30394648916758
2018-06-16 20:54:34,239 RCV reinforcement info
2018-06-16 20:54:34,244 , 16.531124022177373
2018-06-16 20:54:34,400 RCV reinforcement info
2018-06-16 20:54:34,405 , 16.626606606667
2018-06-16 20:54:35,302 RF found but not transmitted
2018-06-16 20:54:35,304 RF found
2018-06-16 20:54:35,305 SNT reinforcement_information
2018-06-16 20:54:35,728 RCV reinforcement info
2018-06-16 20:54:35,732 , 17.463092543370962
2018-06-16 20:54:36,214 RCV reinforcement info
2018-06-16 20:54:36,218 , 17.649989317577592
2018-06-16 20:54:36,760 RCV reinforcement info
2018-06-16 20:54:36,766 , 17.724858894636895
2018-06-16 20:54:37,882 RCV reinforcement info
2018-06-16 20:54:37,886 , 17.78757236878421
2018-06-16 20:54:39,255 RCV reinforcement info
2018-06-16 20:54:39,259 , 17.86024693004915
2018-06-16 20:54:40,280 RCV reinforcement info
2018-06-16 20:54:40,284 , 17.949399862258836
2018-06-16 20:54:40,745 RCV reinforcement info
2018-06-16 20:54:40,749 , 18.022904824609633
2018-06-16 20:54:41,275 RCV reinforcement info
2018-06-16 20:54:41,280 , 18.13951545288515
2018-06-16 20:54:43,083 RF found but not transmitted
2018-06-16 20:54:43,084 RF found
2018-06-16 20:54:43,085 SNT reinforcement_information
2018-06-16 20:54:43,777 RF found but not transmitted
2018-06-16 20:54:43,778 RF found
2018-06-16 20:54:43,780 SNT reinforcement_information
2018-06-16 20:54:43,932 RF found but not transmitted
2018-06-16 20:54:43,935 RF found
2018-06-16 20:54:43,937 SNT reinforcement_information
2018-06-16 20:54:47,162 RCV reinforcement info
2018-06-16 20:54:47,168 , 18.820102603407843
2018-06-16 20:54:48,848 RF found but not transmitted
2018-06-16 20:54:48,850 RF found
2018-06-16 20:54:48,852 SNT reinforcement_information
2018-06-16 20:54:48,958 RCV reinforcement info
2018-06-16 20:54:48,962 , 18.990800012567274
2018-06-16 20:54:49,042 RCV reinforcement info
2018-06-16 20:54:49,046 , 19.076256833477384
2018-06-16 20:54:50,453 RF found but not transmitted
2018-06-16 20:54:50,454 RF found
2018-06-16 20:54:50,457 SNT reinforcement_information
2018-06-16 20:54:52,259 RF found but not transmitted
2018-06-16 20:54:52,260 RF found
2018-06-16 20:54:52,261 SNT reinforcement_information
2018-06-16 20:54:52,313 RCV reinforcement info
2018-06-16 20:54:52,317 , 19.594422420296333
2018-06-16 20:54:52,477 RCV reinforcement info
2018-06-16 20:54:52,481 , 19.982608642825262
2018-06-16 20:54:53,428 RCV reinforcement info
2018-06-16 20:54:53,432 , 20.21390825168166
2018-06-16 20:54:56,087 RCV reinforcement info
2018-06-16 20:54:56,090 , 20.30445064547466
2018-06-16 20:54:57,779 RF found but not transmitted
2018-06-16 20:54:57,781 RF found
2018-06-16 20:54:57,783 SNT reinforcement_information
2018-06-16 20:54:59,191 RCV reinforcement info
2018-06-16 20:54:59,195 , 20.893293045308283
2018-06-16 20:54:59,590 RCV reinforcement info
2018-06-16 20:54:59,594 , 20.985521630801962
2018-06-16 20:55:02,398 RCV reinforcement info
2018-06-16 20:55:02,401 , 21.191350312829684
2018-06-16 20:55:02,817 RCV reinforcement info
2018-06-16 20:55:02,821 , 21.393074229777664
2018-06-16 20:55:06,964 RF found but not transmitted
2018-06-16 20:55:06,966 RF found
2018-06-16 20:55:06,968 SNT reinforcement_information
2018-06-16 20:55:09,839 RCV reinforcement info
2018-06-16 20:55:09,843 , 21.65221942114158
2018-06-16 20:55:10,107 RCV reinforcement info
2018-06-16 20:55:10,111 , 21.760703625126062
2018-06-16 20:55:10,921 RCV reinforcement info
2018-06-16 20:55:10,925 , 21.912359241268113
2018-06-16 20:55:11,797 RF found but not transmitted
2018-06-16 20:55:11,799 RF found
2018-06-16 20:55:11,802 SNT reinforcement_information
2018-06-16 20:55:12,187 RCV reinforcement info
2018-06-16 20:55:12,191 , 22.13784636535948
2018-06-16 20:55:14,463 RCV reinforcement info
2018-06-16 20:55:14,467 , 22.247784116249026
2018-06-16 20:55:14,638 RCV reinforcement info
2018-06-16 20:55:14,642 , 22.322406621238308
2018-06-16 20:55:16,054 RF found but not transmitted
2018-06-16 20:55:16,055 RF found
2018-06-16 20:55:16,058 SNT reinforcement_information
2018-06-16 20:55:16,847 RCV reinforcement info
2018-06-16 20:55:16,851 , 22.949135010231352
2018-06-16 20:55:17,017 RCV reinforcement info
2018-06-16 20:55:17,022 , 23.522659431552654
2018-06-16 20:55:17,811 RCV reinforcement info
2018-06-16 20:55:17,816 , 23.587834794348606
2018-06-16 20:55:18,199 RCV reinforcement info
2018-06-16 20:55:18,203 , 23.73974191624324
2018-06-16 20:55:22,289 RCV reinforcement info
2018-06-16 20:55:22,293 , 23.87651480991232
2018-06-16 20:55:22,727 RCV reinforcement info
2018-06-16 20:55:22,731 , 23.967699695786273
2018-06-16 20:55:25,248 RCV reinforcement info
2018-06-16 20:55:25,252 , 24.035212445352176
2018-06-16 20:55:25,780 RCV reinforcement info
2018-06-16 20:55:25,784 , 24.569208321369377
2018-06-16 20:55:26,446 RCV reinforcement info
2018-06-16 20:55:26,451 , 24.661930045540053
2018-06-16 20:55:28,567 RCV reinforcement info
2018-06-16 20:55:28,572 , 24.752103563523544
2018-06-16 20:55:28,640 RCV reinforcement info
2018-06-16 20:55:28,643 , 24.995901796870296
2018-06-16 20:55:29,183 RF found but not transmitted
2018-06-16 20:55:29,185 RF found
2018-06-16 20:55:29,187 SNT reinforcement_information
2018-06-16 20:55:30,910 RCV reinforcement info
2018-06-16 20:55:30,915 , 25.207188286661662
2018-06-16 20:55:32,736 RF found but not transmitted
2018-06-16 20:55:32,737 RF found
2018-06-16 20:55:32,738 SNT reinforcement_information
2018-06-16 20:55:34,862 RCV proposal
2018-06-16 20:55:34,868 appended honest propose 71aba53711 on top of 6e0d3039d9
2018-06-16 20:55:34,868 REINFORCEMENT SENT state
2018-06-16 20:55:34,868 RFs > 0 
2018-06-16 20:55:34,869 SNT reinforcement
2018-06-16 20:55:34,973 RCV reinforcement
2018-06-16 20:55:34,984 RCV reinforcement
2018-06-16 20:55:35,137 RCV reinforcement info
2018-06-16 20:55:35,143 , 25.40910840172993
2018-06-16 20:55:35,196 RCV reinforcement
2018-06-16 20:55:35,554 RCV reinforcement info
2018-06-16 20:55:35,558 , 25.545167262562632
2018-06-16 20:55:35,624 RCV reinforcement
2018-06-16 20:55:36,664 RCV commit
2018-06-16 20:55:37,369 appended honest commit f530df5dc7 on top of 71aba53711
2018-06-16 20:55:37,885 Weight: 26.28278406909383 #RFs 108
2018-06-16 20:55:37,886 weight: 26.28278406909383
2018-06-16 20:55:37,886 , 26.28278406909383
2018-06-16 20:55:37,887 MINING state
2018-06-16 20:55:37,887 start mining - depth 4
2018-06-16 20:55:37,888 start mining - hash f530df5dc7ca3cac6f529615086c926bd6196b24771feb9517919b61c5ede3f5
2018-06-16 20:55:37,889 Hashing frequency: 8565
2018-06-16 20:55:37,995 RF found but not transmitted
2018-06-16 20:55:37,997 RF found
2018-06-16 20:55:38,000 SNT reinforcement_information
2018-06-16 20:55:38,657 RCV proposal
2018-06-16 20:55:38,668 appended malicious propose c7ebc1ce62 on top of 6e0d3039d9
2018-06-16 20:55:38,806 RCV reinforcement
2018-06-16 20:55:38,820 RCV reinforcement
2018-06-16 20:55:39,832 RCV commit
2018-06-16 20:55:40,175 appended malicious commit 4446782e6d on top of c7ebc1ce62
2018-06-16 20:55:40,627 Weight: 28.54542540898165 #RFs 83
2018-06-16 20:55:40,627 weight: 28.54542540898165
2018-06-16 20:55:40,628 , 28.54542540898165
2018-06-16 20:55:40,628 Switching branch - my current block was: 26.386094134177
2018-06-16 20:55:40,628 start mining - depth 4
2018-06-16 20:55:40,633 start mining - hash 4446782e6dce1dfb4f2bb672048194ee3862cfe78b72de963ffb650fdcf767dd
2018-06-16 20:55:40,634 END: MALICIOUS WIN
2018-06-16 20:55:41,634 RCV reinforcement info
2018-06-16 20:55:41,639 , 28.62153360746049
2018-06-16 20:55:42,637 RCV proposal
2018-06-16 20:55:42,641 appended malicious propose 8515c606bc on top of 4446782e6d
2018-06-16 20:55:42,642 REINFORCEMENT SENT state
2018-06-16 20:55:42,731 RCV reinforcement
2018-06-16 20:55:42,745 RCV reinforcement
2018-06-16 20:55:42,759 RCV reinforcement
2018-06-16 20:55:43,319 RCV reinforcement info
2018-06-16 20:55:43,324 , 28.688782904864212
2018-06-16 20:55:43,382 RCV reinforcement
2018-06-16 20:55:44,167 RCV commit
2018-06-16 20:55:44,204 RF found but not transmitted
2018-06-16 20:55:44,231 appended malicious commit a2593a27df on top of 8515c606bc
2018-06-16 20:55:44,260 Weight: 30.045221441726586 #RFs 6
2018-06-16 20:55:44,262 weight: 30.045221441726586
2018-06-16 20:55:44,262 , 30.045221441726586
2018-06-16 20:55:44,263 MINING state
2018-06-16 20:55:44,263 start mining - depth 5
2018-06-16 20:55:44,263 start mining - hash a2593a27dfa67634fe5fae246840222ba6aaa9017ac0739327656c68b12b2814
2018-06-16 20:55:44,266 END: MALICIOUS WIN
2018-06-16 20:55:44,322 RF found but not transmitted
2018-06-16 20:55:44,325 hash found
2018-06-16 20:55:44,330 appended malicious propose 1ecb0be4d0 on top of a2593a27df
2018-06-16 20:55:44,330 REINFORCEMENT COLLECTING state
2018-06-16 20:55:44,330 SNT proposal
2018-06-16 20:55:44,491 RCV reinforcement
2018-06-16 20:55:45,310 RCV reinforcement
