2018-05-28 13:46:39,183 ---------------------------------------------------------
2018-05-28 13:46:39,186 MALICIOUS MINING state
2018-05-28 13:46:40,211 start mining - depth 0
2018-05-28 13:46:40,212 start mining - hash d4be623e9b8c62fdbc6581e38b6f06cf75a6d15a45719ee442c03b89cfcfdf33
2018-05-28 13:46:40,362 RF found but not transmitted
2018-05-28 13:46:43,216 RCV reinforcement info
2018-05-28 13:46:44,123 RF found but not transmitted
2018-05-28 13:46:44,450 RCV reinforcement info
2018-05-28 13:46:47,334 RCV reinforcement info
2018-05-28 13:46:47,730 RF found but not transmitted
2018-05-28 13:46:52,967 RCV reinforcement info
2018-05-28 13:46:53,321 RCV reinforcement info
2018-05-28 13:46:53,457 RCV reinforcement info
2018-05-28 13:46:54,989 RF found but not transmitted
2018-05-28 13:46:55,238 RCV reinforcement info
2018-05-28 13:46:55,945 RCV reinforcement info
2018-05-28 13:46:56,459 RCV reinforcement info
2018-05-28 13:46:57,091 RCV reinforcement info
2018-05-28 13:46:58,077 RCV reinforcement info
2018-05-28 13:46:59,230 RCV reinforcement info
2018-05-28 13:46:59,426 RCV reinforcement info
2018-05-28 13:46:59,517 RCV proposal
2018-05-28 13:46:59,523 appended honest propose bd7928c68f on top of d4be623e9b
2018-05-28 13:46:59,581 RCV reinforcement
2018-05-28 13:46:59,600 RCV reinforcement
2018-05-28 13:46:59,606 RCV reinforcement
2018-05-28 13:47:00,306 RF found but not transmitted
2018-05-28 13:47:01,074 RCV commit
2018-05-28 13:47:01,132 appended honest commit 59ac2b4b74 on top of bd7928c68f
2018-05-28 13:47:01,156 Weight: 3.533883850070458 #RFs 13
2018-05-28 13:47:01,156 weight: 3.533883850070458
2018-05-28 13:47:01,156 , 3.533883850070458
2018-05-28 13:47:01,157 start mining - depth 1
2018-05-28 13:47:01,157 start mining - hash 59ac2b4b74ebc18ca007dd4a23b956a256354b4dd9a4389c7c5244330a14ec6b
2018-05-28 13:47:02,333 RCV reinforcement info
2018-05-28 13:47:03,689 RCV reinforcement info
2018-05-28 13:47:03,878 RCV reinforcement info
2018-05-28 13:47:07,085 RCV reinforcement info
2018-05-28 13:47:08,325 RCV reinforcement info
2018-05-28 13:47:09,829 RCV reinforcement info
2018-05-28 13:47:12,386 RF found but not transmitted
2018-05-28 13:47:13,578 RF found but not transmitted
2018-05-28 13:47:13,593 RCV reinforcement info
2018-05-28 13:47:13,897 RCV proposal
2018-05-28 13:47:13,900 appended honest propose f36676aabb on top of 59ac2b4b74
2018-05-28 13:47:13,974 RCV reinforcement
2018-05-28 13:47:13,980 RCV reinforcement
2018-05-28 13:47:13,993 RCV reinforcement
2018-05-28 13:47:15,416 RCV commit
2018-05-28 13:47:15,443 appended honest commit dd99181d57 on top of f36676aabb
2018-05-28 13:47:15,464 Weight: 5.766167392736675 #RFs 7
2018-05-28 13:47:15,464 weight: 5.766167392736675
2018-05-28 13:47:15,464 , 5.766167392736675
2018-05-28 13:47:15,465 start mining - depth 2
2018-05-28 13:47:15,465 start mining - hash dd99181d5764bb88744048d21751766c4499b284ced13115c9a7f2dd51de8330
2018-05-28 13:47:15,699 RCV reinforcement info
2018-05-28 13:47:19,239 RCV reinforcement info
2018-05-28 13:47:19,775 RCV reinforcement info
2018-05-28 13:47:20,499 RCV reinforcement info
2018-05-28 13:47:20,947 RCV malicious_prop_agreement
2018-05-28 13:47:24,340 RCV reinforcement info
2018-05-28 13:47:24,891 RCV reinforcement info
2018-05-28 13:47:25,033 RCV reinforcement info
2018-05-28 13:47:25,518 RCV reinforcement info
2018-05-28 13:47:26,340 RF found but not transmitted
2018-05-28 13:47:26,519 RCV reinforcement info
2018-05-28 13:47:28,468 RCV reinforcement info
2018-05-28 13:47:29,761 RF found but not transmitted
2018-05-28 13:47:30,528 RCV reinforcement info
2018-05-28 13:47:31,173 RCV reinforcement info
2018-05-28 13:47:31,277 RCV reinforcement info
2018-05-28 13:47:32,628 RCV reinforcement info
2018-05-28 13:47:34,037 RCV reinforcement info
2018-05-28 13:47:34,112 RCV reinforcement info
2018-05-28 13:47:34,290 RCV reinforcement info
2018-05-28 13:47:34,884 RCV reinforcement info
2018-05-28 13:47:36,119 RCV reinforcement info
2018-05-28 13:47:37,400 RCV reinforcement info
2018-05-28 13:47:37,622 RCV reinforcement info
2018-05-28 13:47:37,738 RCV reinforcement info
2018-05-28 13:47:41,222 RF found but not transmitted
2018-05-28 13:47:43,128 RCV reinforcement info
2018-05-28 13:47:43,148 RCV reinforcement info
2018-05-28 13:47:43,798 RF found but not transmitted
2018-05-28 13:47:43,834 RCV reinforcement info
2018-05-28 13:47:43,885 RCV proposal
2018-05-28 13:47:43,889 appended honest propose 4dd6c7bd7d on top of dd99181d57
2018-05-28 13:47:43,958 RCV reinforcement
2018-05-28 13:47:43,968 RCV reinforcement
2018-05-28 13:47:43,976 RCV reinforcement
2018-05-28 13:47:44,134 RCV reinforcement info
2018-05-28 13:47:44,194 RCV reinforcement
2018-05-28 13:47:45,125 RCV reinforcement info
2018-05-28 13:47:45,186 RCV reinforcement
2018-05-28 13:47:45,441 RCV commit
2018-05-28 13:47:45,545 appended honest commit ba09bf5d4b on top of 4dd6c7bd7d
2018-05-28 13:47:45,635 Weight: 11.641873042792906 #RFs 27
2018-05-28 13:47:45,635 weight: 11.641873042792906
2018-05-28 13:47:45,635 , 11.641873042792906
2018-05-28 13:47:45,774 RCV proposal
2018-05-28 13:47:45,779 appended malicious propose 36584087c2 on top of dd99181d57
2018-05-28 13:47:45,780 REINFORCEMENT SENT state
2018-05-28 13:47:45,781 SNT reinforcement
2018-05-28 13:47:45,848 RCV reinforcement
2018-05-28 13:47:45,899 RCV reinforcement
2018-05-28 13:47:46,517 RCV reinforcement info
2018-05-28 13:47:47,043 RF found but not transmitted
2018-05-28 13:47:47,046 SNT reinforcement
2018-05-28 13:47:47,345 RCV commit
2018-05-28 13:47:47,436 appended malicious commit 8037407c43 on top of 36584087c2
2018-05-28 13:47:47,505 Weight: 10.68273610055806 #RFs 22
2018-05-28 13:47:47,505 weight: 10.68273610055806
2018-05-28 13:47:47,505 , 10.68273610055806
2018-05-28 13:47:47,506 MALICIOUS MINING state
2018-05-28 13:47:47,507 start mining - depth 3
2018-05-28 13:47:47,508 start mining - hash 8037407c43ce63a048b68ecdf3fda84057330e5ec9024f5dfd6a155d3f7000cb
2018-05-28 13:47:47,508 Hashing frequency: 3636
2018-05-28 13:47:47,894 RF found but not transmitted
2018-05-28 13:47:49,066 RCV reinforcement info
2018-05-28 13:47:49,101 RCV reinforcement info
2018-05-28 13:47:50,544 RCV reinforcement info
2018-05-28 13:47:51,065 RCV reinforcement info
2018-05-28 13:47:52,255 RCV reinforcement info
2018-05-28 13:47:52,430 RCV reinforcement info
2018-05-28 13:47:53,985 RCV reinforcement info
2018-05-28 13:47:54,498 RCV reinforcement info
2018-05-28 13:47:55,231 RCV reinforcement info
2018-05-28 13:47:56,039 RCV reinforcement info
2018-05-28 13:47:56,059 RCV reinforcement info
2018-05-28 13:47:56,394 RCV reinforcement info
2018-05-28 13:47:57,677 RCV reinforcement info
2018-05-28 13:47:59,459 RCV reinforcement info
2018-05-28 13:47:59,815 RCV reinforcement info
2018-05-28 13:47:59,912 RF found but not transmitted
2018-05-28 13:48:00,461 RCV reinforcement info
2018-05-28 13:48:01,330 RCV reinforcement info
2018-05-28 13:48:01,343 RCV reinforcement info
2018-05-28 13:48:02,255 RCV reinforcement info
2018-05-28 13:48:02,723 RCV reinforcement info
2018-05-28 13:48:02,779 RCV reinforcement info
2018-05-28 13:48:04,306 RCV reinforcement info
2018-05-28 13:48:04,842 RCV reinforcement info
2018-05-28 13:48:11,178 RCV reinforcement info
2018-05-28 13:48:11,760 RCV reinforcement info
2018-05-28 13:48:11,858 RCV reinforcement info
2018-05-28 13:48:12,019 RCV reinforcement info
2018-05-28 13:48:12,788 RCV reinforcement info
2018-05-28 13:48:12,983 RCV reinforcement info
2018-05-28 13:48:13,612 RCV reinforcement info
2018-05-28 13:48:13,668 RCV reinforcement info
2018-05-28 13:48:13,776 RCV reinforcement info
2018-05-28 13:48:13,956 RCV reinforcement info
2018-05-28 13:48:14,118 RCV reinforcement info
2018-05-28 13:48:14,215 RCV reinforcement info
2018-05-28 13:48:15,580 RCV reinforcement info
2018-05-28 13:48:15,919 RCV reinforcement info
2018-05-28 13:48:16,383 RCV proposal
2018-05-28 13:48:16,387 appended honest propose a0a7ba4816 on top of ba09bf5d4b
2018-05-28 13:48:16,472 RCV reinforcement
2018-05-28 13:48:16,476 RCV reinforcement
2018-05-28 13:48:16,486 RCV reinforcement
2018-05-28 13:48:17,563 RCV reinforcement info
2018-05-28 13:48:17,622 RCV reinforcement
2018-05-28 13:48:18,020 RCV commit
2018-05-28 13:48:18,170 appended honest commit 3d4876b254 on top of a0a7ba4816
2018-05-28 13:48:18,275 Weight: 19.286428966949927 #RFs 39
2018-05-28 13:48:18,277 weight: 19.286428966949927
2018-05-28 13:48:18,277 , 19.286428966949927
2018-05-28 13:48:18,688 RCV reinforcement info
2018-05-28 13:48:19,425 RCV reinforcement info
2018-05-28 13:48:20,089 RCV reinforcement info
2018-05-28 13:48:21,509 RF found but not transmitted
2018-05-28 13:48:22,039 RCV reinforcement info
2018-05-28 13:48:22,442 RF found but not transmitted
2018-05-28 13:48:22,516 RF found but not transmitted
2018-05-28 13:48:24,188 RCV reinforcement info
2018-05-28 13:48:25,231 RCV reinforcement info
2018-05-28 13:48:25,374 RCV reinforcement info
2018-05-28 13:48:27,032 RCV reinforcement info
2018-05-28 13:48:27,241 RCV reinforcement info
2018-05-28 13:48:29,680 RCV reinforcement info
2018-05-28 13:48:29,741 RCV reinforcement info
2018-05-28 13:48:32,388 RCV reinforcement info
2018-05-28 13:48:33,967 RCV reinforcement info
2018-05-28 13:48:34,450 RCV reinforcement info
2018-05-28 13:48:36,940 RCV reinforcement info
2018-05-28 13:48:37,502 RCV reinforcement info
2018-05-28 13:48:37,902 RCV reinforcement info
2018-05-28 13:48:38,477 RCV reinforcement info
2018-05-28 13:48:39,128 RCV reinforcement info
2018-05-28 13:48:39,351 RF found but not transmitted
2018-05-28 13:48:42,551 RCV reinforcement info
2018-05-28 13:48:43,880 RCV proposal
2018-05-28 13:48:43,886 appended honest propose 24c6b5d1c8 on top of 3d4876b254
2018-05-28 13:48:43,963 RCV reinforcement
2018-05-28 13:48:43,973 RCV reinforcement
2018-05-28 13:48:43,983 RCV reinforcement
2018-05-28 13:48:44,289 RCV reinforcement info
2018-05-28 13:48:44,347 RCV reinforcement
2018-05-28 13:48:44,649 RF found but not transmitted
2018-05-28 13:48:45,449 RCV commit
2018-05-28 13:48:45,520 appended honest commit f74816300d on top of 24c6b5d1c8
2018-05-28 13:48:45,593 Weight: 23.703504736632155 #RFs 21
2018-05-28 13:48:45,593 weight: 23.703504736632155
2018-05-28 13:48:45,593 , 23.703504736632155
2018-05-28 13:48:46,040 RCV reinforcement info
2018-05-28 13:48:46,631 RCV reinforcement info
2018-05-28 13:48:47,043 RF found but not transmitted
2018-05-28 13:48:47,183 RCV proposal
2018-05-28 13:48:47,186 appended honest propose 39ca2bb066 on top of f74816300d
2018-05-28 13:48:47,245 RCV reinforcement
2018-05-28 13:48:47,248 RCV reinforcement
2018-05-28 13:48:47,427 RF found but not transmitted
2018-05-28 13:48:48,680 RCV commit
2018-05-28 13:48:48,687 appended honest commit 76c01f66b4 on top of 39ca2bb066
2018-05-28 13:48:48,700 Weight: 25.310970057697453 #RFs 2
2018-05-28 13:48:48,700 weight: 25.310970057697453
2018-05-28 13:48:48,700 , 25.310970057697453
2018-05-28 13:48:48,940 RCV reinforcement info
2018-05-28 13:48:49,250 RCV reinforcement info
2018-05-28 13:48:52,090 RCV reinforcement info
2018-05-28 13:48:52,739 RCV reinforcement info
2018-05-28 13:48:53,369 RCV reinforcement info
2018-05-28 13:48:55,554 RCV reinforcement info
2018-05-28 13:48:55,588 RCV reinforcement info
2018-05-28 13:48:57,380 RCV reinforcement info
2018-05-28 13:48:57,969 RCV reinforcement info
2018-05-28 13:48:58,428 RF found but not transmitted
2018-05-28 13:48:59,257 RF found but not transmitted
2018-05-28 13:48:59,690 RCV reinforcement info
2018-05-28 13:49:02,308 RCV reinforcement info
2018-05-28 13:49:03,156 RCV reinforcement info
2018-05-28 13:49:05,035 RF found but not transmitted
2018-05-28 13:49:05,133 RCV reinforcement info
2018-05-28 13:49:05,648 RCV reinforcement info
2018-05-28 13:49:06,153 RF found but not transmitted
2018-05-28 13:49:07,999 RCV reinforcement info
2018-05-28 13:49:08,419 RCV proposal
2018-05-28 13:49:08,423 appended honest propose d34c3a654b on top of 76c01f66b4
2018-05-28 13:49:08,508 RCV reinforcement
2018-05-28 13:49:08,515 RCV reinforcement
2018-05-28 13:49:08,523 RCV reinforcement
2018-05-28 13:49:09,989 RCV commit
2018-05-28 13:49:10,054 appended honest commit 9aa1b359f1 on top of d34c3a654b
2018-05-28 13:49:10,097 Weight: 28.62981000184549 #RFs 15
2018-05-28 13:49:10,098 weight: 28.62981000184549
2018-05-28 13:49:10,099 , 28.62981000184549
2018-05-28 13:49:11,034 RCV reinforcement info
2018-05-28 13:49:12,092 RCV reinforcement info
2018-05-28 13:49:12,217 RCV reinforcement info
2018-05-28 13:49:12,652 RCV reinforcement info
2018-05-28 13:49:15,397 RF found but not transmitted
2018-05-28 13:49:15,999 RCV reinforcement info
2018-05-28 13:49:16,365 RCV proposal
2018-05-28 13:49:16,368 appended honest propose 4607af96b1 on top of 9aa1b359f1
2018-05-28 13:49:16,456 RCV reinforcement
2018-05-28 13:49:16,459 RCV reinforcement
2018-05-28 13:49:16,470 RCV reinforcement
2018-05-28 13:49:17,719 RCV reinforcement info
2018-05-28 13:49:17,787 RCV reinforcement
2018-05-28 13:49:17,900 RCV commit
2018-05-28 13:49:17,925 appended honest commit 2c14fced33 on top of 4607af96b1
2018-05-28 13:49:17,955 Weight: 31.416599356637267 #RFs 5
2018-05-28 13:49:17,955 weight: 31.416599356637267
2018-05-28 13:49:17,957 , 31.416599356637267
2018-05-28 13:49:18,233 RCV reinforcement info
2018-05-28 13:49:18,384 RCV reinforcement info
2018-05-28 13:49:18,550 RCV proposal
2018-05-28 13:49:18,554 appended malicious propose d6441183d7 on top of 8037407c43
2018-05-28 13:49:18,555 REINFORCEMENT SENT state
2018-05-28 13:49:18,559 SNT reinforcement
2018-05-28 13:49:18,634 RCV reinforcement
2018-05-28 13:49:18,801 RCV reinforcement
2018-05-28 13:49:20,222 RCV commit
2018-05-28 13:49:20,442 appended malicious commit 5030fba42a on top of d6441183d7
2018-05-28 13:49:20,643 Weight: 21.67775182197601 #RFs 57
2018-05-28 13:49:20,644 weight: 21.67775182197601
2018-05-28 13:49:20,644 , 21.67775182197601
2018-05-28 13:49:20,647 MALICIOUS MINING state
2018-05-28 13:49:20,649 start mining - depth 4
2018-05-28 13:49:20,649 start mining - hash 5030fba42a2fec6c2c41ed8cbd5e500443e646efeb6400d5f42da0b29e67beae
2018-05-28 13:49:20,650 Hashing frequency: 5009
2018-05-28 13:49:21,237 RF found but not transmitted
2018-05-28 13:49:22,970 RCV reinforcement info
2018-05-28 13:49:23,763 RCV reinforcement info
2018-05-28 13:49:27,973 RF found but not transmitted
2018-05-28 13:49:29,065 RCV reinforcement info
2018-05-28 13:49:31,268 RCV reinforcement info
2018-05-28 13:49:31,452 RCV reinforcement info
2018-05-28 13:49:32,665 RCV reinforcement info
2018-05-28 13:49:33,826 RCV reinforcement info
2018-05-28 13:49:33,961 RCV reinforcement info
2018-05-28 13:49:36,619 RCV reinforcement info
2018-05-28 13:49:37,025 RCV reinforcement info
2018-05-28 13:49:37,168 RCV reinforcement info
2018-05-28 13:49:38,255 RF found but not transmitted
2018-05-28 13:49:41,253 RCV reinforcement info
2018-05-28 13:49:41,663 RCV reinforcement info
2018-05-28 13:49:42,052 RCV reinforcement info
2018-05-28 13:49:44,472 RCV reinforcement info
2018-05-28 13:49:44,475 RCV reinforcement info
2018-05-28 13:49:45,209 RCV reinforcement info
2018-05-28 13:49:46,505 RCV reinforcement info
2018-05-28 13:49:47,886 RCV reinforcement info
2018-05-28 13:49:50,266 RCV reinforcement info
2018-05-28 13:49:51,233 RCV reinforcement info
2018-05-28 13:49:51,389 RF found but not transmitted
2018-05-28 13:49:51,577 RF found but not transmitted
2018-05-28 13:49:52,123 RF found but not transmitted
2018-05-28 13:49:54,306 RCV reinforcement info
2018-05-28 13:49:56,914 RCV reinforcement info
2018-05-28 13:49:57,261 RF found but not transmitted
2018-05-28 13:49:57,676 RCV reinforcement info
2018-05-28 13:49:57,882 RCV reinforcement info
2018-05-28 13:49:58,945 RF found but not transmitted
2018-05-28 13:49:59,795 RCV reinforcement info
2018-05-28 13:50:02,026 RF found but not transmitted
2018-05-28 13:50:02,366 RCV reinforcement info
2018-05-28 13:50:05,696 RCV reinforcement info
2018-05-28 13:50:06,751 RCV reinforcement info
2018-05-28 13:50:06,804 RCV reinforcement info
2018-05-28 13:50:07,556 RCV reinforcement info
2018-05-28 13:50:10,725 RF found but not transmitted
2018-05-28 13:50:11,024 RCV proposal
2018-05-28 13:50:11,027 appended honest propose d098cc5842 on top of 2c14fced33
2018-05-28 13:50:11,105 RCV reinforcement
2018-05-28 13:50:11,120 RCV reinforcement
2018-05-28 13:50:11,124 RCV reinforcement
2018-05-28 13:50:11,899 RCV reinforcement info
2018-05-28 13:50:11,964 RCV reinforcement
2018-05-28 13:50:12,642 RCV commit
2018-05-28 13:50:12,753 appended honest commit d1594a6408 on top of d098cc5842
2018-05-28 13:50:12,871 Weight: 38.04668957016663 #RFs 34
2018-05-28 13:50:12,871 weight: 38.04668957016663
2018-05-28 13:50:12,871 , 38.04668957016663
2018-05-28 13:50:13,060 RCV reinforcement info
2018-05-28 13:50:13,833 RF found but not transmitted
2018-05-28 13:50:14,135 RCV reinforcement info
2018-05-28 13:50:14,174 RCV reinforcement info
2018-05-28 13:50:14,474 RCV reinforcement info
2018-05-28 13:50:14,632 RCV reinforcement info
2018-05-28 13:50:14,661 RCV reinforcement info
2018-05-28 13:50:14,825 RCV reinforcement info
2018-05-28 13:50:15,293 RCV reinforcement info
2018-05-28 13:50:15,767 RCV reinforcement info
2018-05-28 13:50:16,589 RF found but not transmitted
2018-05-28 13:50:16,721 RCV reinforcement info
2018-05-28 13:50:16,815 RCV reinforcement info
2018-05-28 13:50:16,828 RCV reinforcement info
2018-05-28 13:50:17,183 RCV reinforcement info
2018-05-28 13:50:17,447 RF found but not transmitted
2018-05-28 13:50:17,811 RCV reinforcement info
2018-05-28 13:50:18,190 RCV reinforcement info
2018-05-28 13:50:18,429 RCV reinforcement info
2018-05-28 13:50:19,266 RCV reinforcement info
2018-05-28 13:50:20,395 RF found but not transmitted
2018-05-28 13:50:22,917 RCV reinforcement info
2018-05-28 13:50:24,006 RCV reinforcement info
2018-05-28 13:50:24,412 RCV reinforcement info
2018-05-28 13:50:24,914 RCV reinforcement info
2018-05-28 13:50:26,047 RCV reinforcement info
2018-05-28 13:50:26,527 RCV reinforcement info
2018-05-28 13:50:26,731 RCV reinforcement info
2018-05-28 13:50:27,510 RF found but not transmitted
2018-05-28 13:50:29,071 RCV proposal
2018-05-28 13:50:29,077 appended malicious propose b2d2d7a550 on top of 5030fba42a
2018-05-28 13:50:29,078 REINFORCEMENT SENT state
2018-05-28 13:50:29,079 SNT reinforcement
2018-05-28 13:50:29,162 RCV reinforcement
2018-05-28 13:50:29,245 RCV reinforcement
2018-05-28 13:50:29,901 RF found but not transmitted
2018-05-28 13:50:29,904 SNT reinforcement
2018-05-28 13:50:30,717 RCV commit
2018-05-28 13:50:30,905 appended malicious commit 090f87ad9c on top of b2d2d7a550
2018-05-28 13:50:31,097 Weight: 33.13979003934998 #RFs 53
2018-05-28 13:50:31,098 weight: 33.13979003934998
2018-05-28 13:50:31,098 , 33.13979003934998
2018-05-28 13:50:31,100 MALICIOUS MINING state
2018-05-28 13:50:31,106 start mining - depth 5
2018-05-28 13:50:31,106 start mining - hash 090f87ad9c8f645a505b300815630b4cd67f1f5eb1b5ae907dc5d7504d968f3e
2018-05-28 13:50:31,107 Hashing frequency: 3757
2018-05-28 13:50:31,189 RCV reinforcement info
2018-05-28 13:50:33,268 RCV reinforcement info
2018-05-28 13:50:33,756 RF found but not transmitted
2018-05-28 13:50:34,328 RCV reinforcement info
2018-05-28 13:50:34,431 RCV reinforcement info
2018-05-28 13:50:36,401 RCV reinforcement info
2018-05-28 13:50:37,742 RCV reinforcement info
2018-05-28 13:50:38,040 RF found but not transmitted
2018-05-28 13:50:38,760 RCV reinforcement info
2018-05-28 13:50:38,850 RCV reinforcement info
2018-05-28 13:50:40,168 RCV proposal
2018-05-28 13:50:40,172 appended honest propose 04f79bf95c on top of d1594a6408
2018-05-28 13:50:40,258 RCV reinforcement
2018-05-28 13:50:40,280 RCV reinforcement
2018-05-28 13:50:40,294 RCV reinforcement
2018-05-28 13:50:41,779 RCV commit
2018-05-28 13:50:41,903 appended honest commit 1655eccf69 on top of 04f79bf95c
2018-05-28 13:50:42,026 Weight: 44.4040765242308 #RFs 32
2018-05-28 13:50:42,026 weight: 44.4040765242308
2018-05-28 13:50:42,026 , 44.4040765242308
2018-05-28 13:50:42,474 RCV reinforcement info
2018-05-28 13:50:43,442 RF found but not transmitted
2018-05-28 13:50:46,010 RCV reinforcement info
2018-05-28 13:50:47,125 RCV proposal
2018-05-28 13:50:47,129 appended honest propose 152b388990 on top of 1655eccf69
2018-05-28 13:50:47,195 RCV reinforcement
2018-05-28 13:50:47,470 RCV reinforcement info
2018-05-28 13:50:47,530 RCV reinforcement
2018-05-28 13:50:48,563 RCV reinforcement info
2018-05-28 13:50:48,628 RCV reinforcement info
2018-05-28 13:50:48,666 RCV commit
2018-05-28 13:50:48,672 appended honest commit d9ddf21b28 on top of 152b388990
2018-05-28 13:50:48,689 Weight: 45.65845505775747 #RFs 2
2018-05-28 13:50:48,689 weight: 45.65845505775747
2018-05-28 13:50:48,689 , 45.65845505775747
2018-05-28 13:50:48,693 RCV reinforcement
2018-05-28 13:50:48,724 RCV reinforcement
2018-05-28 13:50:50,466 RCV reinforcement info
2018-05-28 13:50:50,778 RCV reinforcement info
2018-05-28 13:50:51,208 RCV proposal
2018-05-28 13:50:51,211 appended honest propose 97e65dd010 on top of d9ddf21b28
2018-05-28 13:50:51,286 RCV reinforcement
2018-05-28 13:50:51,291 RCV reinforcement
2018-05-28 13:50:51,893 RCV reinforcement info
2018-05-28 13:50:51,938 RCV reinforcement
2018-05-28 13:50:52,729 RCV commit
2018-05-28 13:50:52,739 appended honest commit ce5ecfdd70 on top of 97e65dd010
2018-05-28 13:50:52,745 Weight: 46.893288486527034 #RFs 3
2018-05-28 13:50:52,745 weight: 46.893288486527034
2018-05-28 13:50:52,745 , 46.893288486527034
2018-05-28 13:50:53,468 RCV reinforcement info
2018-05-28 13:50:53,997 RCV reinforcement info
2018-05-28 13:50:54,375 RCV proposal
2018-05-28 13:50:54,378 appended malicious propose 48ab50468b on top of 090f87ad9c
2018-05-28 13:50:54,379 REINFORCEMENT SENT state
2018-05-28 13:50:54,380 SNT reinforcement
2018-05-28 13:50:54,462 RCV reinforcement
2018-05-28 13:50:54,801 RCV reinforcement
2018-05-28 13:50:55,265 RCV reinforcement info
2018-05-28 13:50:55,925 RCV commit
2018-05-28 13:50:55,995 appended malicious commit ca3b3e69d4 on top of 48ab50468b
2018-05-28 13:50:56,061 Weight: 37.409880154687684 #RFs 17
2018-05-28 13:50:56,061 weight: 37.409880154687684
2018-05-28 13:50:56,062 , 37.409880154687684
2018-05-28 13:50:56,063 MALICIOUS MINING state
2018-05-28 13:50:56,064 start mining - depth 6
2018-05-28 13:50:56,065 start mining - hash ca3b3e69d4ca76ce6f1a4d4df470ef92ae3d33d2ccca9b540a03754c15f381ee
2018-05-28 13:50:56,486 RF found but not transmitted
2018-05-28 13:50:57,523 RF found but not transmitted
2018-05-28 13:50:57,974 RCV reinforcement info
2018-05-28 13:50:58,675 RCV reinforcement info
2018-05-28 13:51:01,600 RCV proposal
2018-05-28 13:51:01,604 appended honest propose 0eae95f8f2 on top of ce5ecfdd70
2018-05-28 13:51:01,690 RCV reinforcement
2018-05-28 13:51:01,709 RCV reinforcement
2018-05-28 13:51:01,713 RCV reinforcement
2018-05-28 13:51:02,659 RCV reinforcement info
2018-05-28 13:51:02,727 RCV reinforcement
2018-05-28 13:51:03,131 RCV commit
2018-05-28 13:51:03,158 appended honest commit e68d52dda1 on top of 0eae95f8f2
2018-05-28 13:51:03,177 Weight: 49.2102665700552 #RFs 6
2018-05-28 13:51:03,187 weight: 49.2102665700552
2018-05-28 13:51:03,188 , 49.2102665700552
2018-05-28 13:51:04,701 RCV reinforcement info
2018-05-28 13:51:05,977 RCV reinforcement info
2018-05-28 13:51:07,309 RCV reinforcement info
2018-05-28 13:51:07,538 RCV reinforcement info
2018-05-28 13:51:10,922 RCV proposal
2018-05-28 13:51:10,925 appended honest propose 9606e4e765 on top of e68d52dda1
2018-05-28 13:51:11,008 RCV reinforcement
2018-05-28 13:51:11,020 RCV reinforcement
2018-05-28 13:51:11,026 RCV reinforcement
2018-05-28 13:51:11,757 RCV reinforcement info
2018-05-28 13:51:11,826 RCV reinforcement
2018-05-28 13:51:11,938 RF found but not transmitted
2018-05-28 13:51:12,230 RF found but not transmitted
2018-05-28 13:51:12,437 RCV commit
2018-05-28 13:51:12,466 appended honest commit 1e6b05d8bd on top of 9606e4e765
2018-05-28 13:51:12,478 Weight: 50.61206965685848 #RFs 4
2018-05-28 13:51:12,478 weight: 50.61206965685848
2018-05-28 13:51:12,481 , 50.61206965685848
2018-05-28 13:51:12,634 RCV reinforcement info
2018-05-28 13:51:14,918 RCV proposal
2018-05-28 13:51:14,921 appended honest propose 96e4558879 on top of 1e6b05d8bd
2018-05-28 13:51:14,983 RCV reinforcement
2018-05-28 13:51:15,475 RCV reinforcement info
2018-05-28 13:51:15,551 RCV reinforcement
2018-05-28 13:51:16,423 RCV commit
2018-05-28 13:51:16,428 appended honest commit 71512ad31e on top of 96e4558879
2018-05-28 13:51:16,435 Weight: 51.83901883926112 #RFs 2
2018-05-28 13:51:16,435 weight: 51.83901883926112
2018-05-28 13:51:16,435 , 51.83901883926112
2018-05-28 13:51:16,511 RCV reinforcement info
2018-05-28 13:51:16,688 RCV reinforcement info
2018-05-28 13:51:16,874 RCV reinforcement info
2018-05-28 13:51:17,700 RCV reinforcement info
2018-05-28 13:51:19,288 RCV reinforcement info
2018-05-28 13:51:19,894 RCV reinforcement info
2018-05-28 13:51:20,164 RCV reinforcement info
2018-05-28 13:51:21,740 RCV reinforcement info
2018-05-28 13:51:23,118 RCV reinforcement info
2018-05-28 13:51:23,941 RCV reinforcement info
2018-05-28 13:51:24,243 RF found but not transmitted
2018-05-28 13:51:25,102 RCV proposal
2018-05-28 13:51:25,105 appended malicious propose f2f9ab1ce8 on top of ca3b3e69d4
2018-05-28 13:51:25,106 REINFORCEMENT SENT state
2018-05-28 13:51:25,107 SNT reinforcement
2018-05-28 13:51:25,121 RF found but not transmitted
2018-05-28 13:51:25,181 SNT reinforcement
2018-05-28 13:51:25,211 RF found but not transmitted
2018-05-28 13:51:25,263 RF found but not transmitted
2018-05-28 13:51:25,266 RCV reinforcement info
2018-05-28 13:51:25,269 RCV reinforcement
2018-05-28 13:51:25,271 SNT reinforcement
2018-05-28 13:51:25,346 SNT reinforcement
2018-05-28 13:51:26,672 RCV commit
2018-05-28 13:51:26,729 appended malicious commit d7ba2eca1c on top of f2f9ab1ce8
2018-05-28 13:51:26,809 Weight: 41.303807178046775 #RFs 18
2018-05-28 13:51:26,809 weight: 41.303807178046775
2018-05-28 13:51:26,810 , 41.303807178046775
2018-05-28 13:51:26,811 MALICIOUS MINING state
2018-05-28 13:51:26,821 start mining - depth 7
2018-05-28 13:51:26,821 start mining - hash d7ba2eca1c6d49ec7bcfac3b1e521be3eb8288226e95160ab74b57913f1ebcdb
2018-05-28 13:51:26,997 RCV reinforcement info
2018-05-28 13:51:27,181 RCV reinforcement info
2018-05-28 13:51:27,607 RCV reinforcement info
2018-05-28 13:51:28,360 RCV reinforcement info
2018-05-28 13:51:31,862 RCV reinforcement info
2018-05-28 13:51:33,055 RF found but not transmitted
2018-05-28 13:51:33,828 RCV reinforcement info
2018-05-28 13:51:34,476 RF found but not transmitted
2018-05-28 13:51:34,824 RCV reinforcement info
2018-05-28 13:51:35,418 RCV reinforcement info
2018-05-28 13:51:35,630 RCV reinforcement info
2018-05-28 13:51:35,862 RCV reinforcement info
2018-05-28 13:51:36,292 RCV reinforcement info
2018-05-28 13:51:36,702 RCV proposal
2018-05-28 13:51:36,705 appended honest propose 26572e7d6c on top of 71512ad31e
2018-05-28 13:51:36,782 RCV reinforcement
2018-05-28 13:51:36,794 RCV reinforcement
2018-05-28 13:51:36,806 RCV reinforcement
2018-05-28 13:51:38,077 RCV reinforcement info
2018-05-28 13:51:38,148 RCV reinforcement
2018-05-28 13:51:38,322 RCV commit
2018-05-28 13:51:38,426 appended honest commit fe9d2fbbae on top of 26572e7d6c
2018-05-28 13:51:38,516 Weight: 57.30347336163731 #RFs 22
2018-05-28 13:51:38,516 weight: 57.30347336163731
2018-05-28 13:51:38,518 , 57.30347336163731
2018-05-28 13:51:38,522 RCV reinforcement info
2018-05-28 13:51:38,546 RCV reinforcement
2018-05-28 13:51:41,811 RCV reinforcement info
2018-05-28 13:51:43,020 RCV reinforcement info
2018-05-28 13:51:43,114 RCV reinforcement info
2018-05-28 13:51:44,185 RCV reinforcement info
2018-05-28 13:51:44,644 RCV reinforcement info
2018-05-28 13:51:47,371 RCV proposal
2018-05-28 13:51:47,376 appended honest propose 9f46a1c5cd on top of fe9d2fbbae
2018-05-28 13:51:47,452 RCV reinforcement
2018-05-28 13:51:47,465 RCV reinforcement
2018-05-28 13:51:48,332 RCV reinforcement info
2018-05-28 13:51:48,405 RCV reinforcement
2018-05-28 13:51:48,847 RCV reinforcement info
2018-05-28 13:51:48,927 RCV commit
2018-05-28 13:51:48,956 appended honest commit a1373121f6 on top of 9f46a1c5cd
2018-05-28 13:51:48,985 Weight: 58.89703502275167 #RFs 6
2018-05-28 13:51:48,985 weight: 58.89703502275167
2018-05-28 13:51:48,985 , 58.89703502275167
2018-05-28 13:51:49,010 RCV reinforcement
2018-05-28 13:51:50,571 RCV reinforcement info
2018-05-28 13:51:50,697 RCV reinforcement info
2018-05-28 13:51:51,591 RCV reinforcement info
2018-05-28 13:51:53,574 RCV reinforcement info
2018-05-28 13:51:56,288 RCV reinforcement info
2018-05-28 13:51:58,335 RCV reinforcement info
2018-05-28 13:51:58,496 RCV reinforcement info
2018-05-28 13:51:58,757 RF found but not transmitted
2018-05-28 13:51:58,965 RCV reinforcement info
2018-05-28 13:51:59,287 RCV reinforcement info
2018-05-28 13:52:01,759 RCV reinforcement info
2018-05-28 13:52:01,984 RCV reinforcement info
2018-05-28 13:52:02,022 RF found but not transmitted
2018-05-28 13:52:02,024 hash found
2018-05-28 13:52:02,031 appended malicious propose 0f8d237703 on top of d7ba2eca1c
2018-05-28 13:52:02,031 REINFORCEMENT COLLECTING state
2018-05-28 13:52:02,097 SNT proposal
2018-05-28 13:52:02,251 RCV reinforcement
2018-05-28 13:52:02,269 RCV reinforcement
2018-05-28 13:52:02,842 RCV reinforcement
2018-05-28 13:52:02,912 RCV reinforcement
2018-05-28 13:52:03,549 RCV reinforcement
2018-05-28 13:52:03,600 commit with 3 reinforcements
2018-05-28 13:52:03,645 appended malicious commit 4ff140bf0e on top of 0f8d237703
2018-05-28 13:52:03,683 Weight: 45.85493503860471 #RFs 21
2018-05-28 13:52:03,683 weight: 45.85493503860471
2018-05-28 13:52:03,683 , 45.85493503860471
2018-05-28 13:52:03,685 MALICIOUS MINING state
2018-05-28 13:52:03,688 start mining - depth 8
2018-05-28 13:52:03,689 start mining - hash 4ff140bf0e5ee899e28b376a02797533ee7edc2b1e7c22e57ab980d8efed2e17
2018-05-28 13:52:03,689 Hashing frequency: 4889
2018-05-28 13:52:03,690 SNT commit
2018-05-28 13:52:03,844 RCV reinforcement
2018-05-28 13:52:04,356 RCV reinforcement info
2018-05-28 13:52:05,007 RCV proposal
2018-05-28 13:52:05,010 appended honest propose 53175fd917 on top of a1373121f6
2018-05-28 13:52:05,104 RCV reinforcement
2018-05-28 13:52:05,119 RCV reinforcement
2018-05-28 13:52:05,123 RCV reinforcement
2018-05-28 13:52:05,339 RCV reinforcement info
2018-05-28 13:52:05,421 RCV reinforcement
2018-05-28 13:52:06,114 RCV reinforcement info
2018-05-28 13:52:06,180 RCV reinforcement
2018-05-28 13:52:06,557 RCV commit
2018-05-28 13:52:06,621 appended honest commit 81e84d9fdf on top of 53175fd917
2018-05-28 13:52:06,710 Weight: 61.92957375928249 #RFs 13
2018-05-28 13:52:06,711 weight: 61.92957375928249
2018-05-28 13:52:06,711 , 61.92957375928249
2018-05-28 13:52:06,981 RCV reinforcement info
2018-05-28 13:52:09,041 RCV reinforcement info
2018-05-28 13:52:10,060 RF found but not transmitted
2018-05-28 13:52:10,448 RCV reinforcement info
2018-05-28 13:52:10,879 RF found but not transmitted
2018-05-28 13:52:10,955 RF found but not transmitted
2018-05-28 13:52:12,645 RCV reinforcement info
2018-05-28 13:52:13,500 RCV reinforcement info
2018-05-28 13:52:13,799 RCV reinforcement info
2018-05-28 13:52:14,393 RF found but not transmitted
2018-05-28 13:52:14,471 RF found but not transmitted
2018-05-28 13:52:14,491 RCV reinforcement info
2018-05-28 13:52:14,889 RCV reinforcement info
2018-05-28 13:52:14,944 RCV reinforcement info
2018-05-28 13:52:15,078 RCV reinforcement info
2018-05-28 13:52:16,037 RCV reinforcement info
2018-05-28 13:52:16,348 RCV reinforcement info
2018-05-28 13:52:16,358 RF found but not transmitted
2018-05-28 13:52:16,500 RCV reinforcement info
2018-05-28 13:52:17,695 RCV reinforcement info
2018-05-28 13:52:20,710 RF found but not transmitted
2018-05-28 13:52:21,160 RF found but not transmitted
2018-05-28 13:52:21,423 RF found but not transmitted
2018-05-28 13:52:22,864 RF found but not transmitted
2018-05-28 13:52:22,954 RCV reinforcement info
2018-05-28 13:52:23,044 RF found but not transmitted
2018-05-28 13:52:23,724 RCV reinforcement info
2018-05-28 13:52:25,204 RF found but not transmitted
2018-05-28 13:52:25,568 RCV reinforcement info
2018-05-28 13:52:25,777 RCV reinforcement info
2018-05-28 13:52:26,443 RF found but not transmitted
2018-05-28 13:52:27,755 RCV reinforcement info
2018-05-28 13:52:30,866 RF found but not transmitted
2018-05-28 13:52:32,782 RCV reinforcement info
2018-05-28 13:52:34,605 RCV reinforcement info
2018-05-28 13:52:34,693 RF found but not transmitted
2018-05-28 13:52:34,791 RCV reinforcement info
2018-05-28 13:52:34,949 RCV reinforcement info
2018-05-28 13:52:35,355 RCV reinforcement info
2018-05-28 13:52:36,388 RF found but not transmitted
2018-05-28 13:52:36,915 RF found but not transmitted
2018-05-28 13:52:37,610 RF found but not transmitted
2018-05-28 13:52:37,630 RCV reinforcement info
2018-05-28 13:52:37,948 RF found but not transmitted
2018-05-28 13:52:38,382 RF found but not transmitted
2018-05-28 13:52:38,389 RF found but not transmitted
2018-05-28 13:52:39,049 RF found but not transmitted
2018-05-28 13:52:39,475 RCV reinforcement info
2018-05-28 13:52:41,755 RF found but not transmitted
2018-05-28 13:52:41,993 RF found but not transmitted
2018-05-28 13:52:41,994 hash found
2018-05-28 13:52:41,998 appended malicious propose 21507b0e18 on top of 4ff140bf0e
2018-05-28 13:52:41,998 REINFORCEMENT COLLECTING state
2018-05-28 13:52:42,070 SNT proposal
2018-05-28 13:52:42,152 RCV reinforcement info
2018-05-28 13:52:42,224 RCV reinforcement
2018-05-28 13:52:42,251 RCV reinforcement
2018-05-28 13:52:42,592 RCV reinforcement info
2018-05-28 13:52:43,173 RCV reinforcement info
2018-05-28 13:52:43,365 RF found but not transmitted
2018-05-28 13:52:43,367 SNT reinforcement
2018-05-28 13:52:43,528 RF found but not transmitted
2018-05-28 13:52:43,530 SNT reinforcement
2018-05-28 13:52:43,604 commit with 3 reinforcements
2018-05-28 13:52:43,645 appended malicious commit ed415a22f6 on top of 21507b0e18
2018-05-28 13:52:43,687 Weight: 51.81385430314255 #RFs 24
2018-05-28 13:52:43,689 weight: 51.81385430314255
2018-05-28 13:52:43,690 , 51.81385430314255
2018-05-28 13:52:43,690 MALICIOUS MINING state
2018-05-28 13:52:43,691 start mining - depth 9
2018-05-28 13:52:43,691 start mining - hash ed415a22f69da31a94d1fd4f6911e769eda1dc25a9236c40d2f1a6b77c7b372c
2018-05-28 13:52:43,692 SNT commit
2018-05-28 13:52:44,926 RF found but not transmitted
2018-05-28 13:52:44,971 RCV reinforcement info
2018-05-28 13:52:45,135 RF found but not transmitted
2018-05-28 13:52:45,164 RF found but not transmitted
2018-05-28 13:52:45,956 RF found but not transmitted
2018-05-28 13:52:46,837 RF found but not transmitted
2018-05-28 13:52:47,056 RF found but not transmitted
2018-05-28 13:52:48,097 RF found but not transmitted
2018-05-28 13:52:48,481 RCV reinforcement info
2018-05-28 13:52:48,795 RF found but not transmitted
2018-05-28 13:52:49,244 RCV reinforcement info
2018-05-28 13:52:50,063 RF found but not transmitted
2018-05-28 13:52:50,101 RCV reinforcement info
2018-05-28 13:52:50,238 RF found but not transmitted
2018-05-28 13:52:53,127 RCV reinforcement info
2018-05-28 13:52:53,795 RCV reinforcement info
2018-05-28 13:52:53,814 RF found but not transmitted
2018-05-28 13:52:54,003 RCV reinforcement info
2018-05-28 13:52:54,415 RCV reinforcement info
2018-05-28 13:52:54,701 RCV reinforcement info
2018-05-28 13:52:57,822 RF found but not transmitted
2018-05-28 13:52:58,219 RCV reinforcement info
2018-05-28 13:52:59,982 RF found but not transmitted
2018-05-28 13:53:00,489 RCV reinforcement info
2018-05-28 13:53:00,809 RCV proposal
2018-05-28 13:53:00,813 appended malicious propose 3d38369969 on top of ed415a22f6
2018-05-28 13:53:00,813 REINFORCEMENT SENT state
2018-05-28 13:53:00,815 SNT reinforcement
2018-05-28 13:53:00,919 RCV reinforcement
2018-05-28 13:53:02,346 RCV commit
2018-05-28 13:53:02,373 appended malicious commit a5208eff68 on top of 3d38369969
2018-05-28 13:53:02,412 Weight: 54.50553289104407 #RFs 7
2018-05-28 13:53:02,412 weight: 54.50553289104407
2018-05-28 13:53:02,412 , 54.50553289104407
2018-05-28 13:53:02,413 MALICIOUS MINING state
2018-05-28 13:53:02,413 start mining - depth 10
2018-05-28 13:53:02,414 start mining - hash a5208eff686e6b69a96f744cb349baacae94f4633530eaf51f62d244c7dcf24b
2018-05-28 13:53:03,131 RCV reinforcement info
2018-05-28 13:53:03,497 RCV reinforcement info
2018-05-28 13:53:04,285 RCV reinforcement info
2018-05-28 13:53:04,425 RF found but not transmitted
2018-05-28 13:53:06,747 RF found but not transmitted
2018-05-28 13:53:06,979 RF found but not transmitted
2018-05-28 13:53:07,433 RCV reinforcement info
2018-05-28 13:53:08,056 RCV reinforcement info
2018-05-28 13:53:10,123 RCV reinforcement info
2018-05-28 13:53:11,007 RCV reinforcement info
2018-05-28 13:53:11,547 RF found but not transmitted
2018-05-28 13:53:12,006 RCV reinforcement info
2018-05-28 13:53:12,746 RF found but not transmitted
2018-05-28 13:53:13,755 RF found but not transmitted
2018-05-28 13:53:14,504 RCV reinforcement info
2018-05-28 13:53:16,376 RCV reinforcement info
2018-05-28 13:53:16,811 RCV reinforcement info
2018-05-28 13:53:17,173 RCV reinforcement info
2018-05-28 13:53:17,864 RF found but not transmitted
2018-05-28 13:53:18,947 RCV reinforcement info
2018-05-28 13:53:19,383 RF found but not transmitted
2018-05-28 13:53:20,212 RCV reinforcement info
2018-05-28 13:53:20,373 RCV reinforcement info
2018-05-28 13:53:22,035 RF found but not transmitted
2018-05-28 13:53:22,649 RF found but not transmitted
2018-05-28 13:53:23,228 RF found but not transmitted
2018-05-28 13:53:23,318 RCV reinforcement info
2018-05-28 13:53:23,787 RCV reinforcement info
2018-05-28 13:53:24,485 RCV reinforcement info
2018-05-28 13:53:24,917 RCV reinforcement info
2018-05-28 13:53:25,746 RCV reinforcement info
2018-05-28 13:53:26,164 RCV reinforcement info
2018-05-28 13:53:26,252 RCV reinforcement info
2018-05-28 13:53:27,068 RCV reinforcement info
2018-05-28 13:53:27,109 RCV reinforcement info
2018-05-28 13:53:29,960 RF found but not transmitted
2018-05-28 13:53:30,759 RCV reinforcement info
2018-05-28 13:53:30,814 RF found but not transmitted
2018-05-28 13:53:31,170 RCV proposal
2018-05-28 13:53:31,174 appended honest propose 9fe4a83e07 on top of 81e84d9fdf
2018-05-28 13:53:31,272 RF found but not transmitted
2018-05-28 13:53:31,322 RCV reinforcement
2018-05-28 13:53:31,340 RCV reinforcement
2018-05-28 13:53:31,345 RCV reinforcement
2018-05-28 13:53:31,627 RCV reinforcement info
2018-05-28 13:53:31,778 RCV reinforcement
2018-05-28 13:53:31,964 RCV reinforcement info
2018-05-28 13:53:32,097 RCV reinforcement
2018-05-28 13:53:33,181 RCV commit
2018-05-28 13:53:33,616 appended honest commit 282e394af3 on top of 9fe4a83e07
2018-05-28 13:53:34,139 Weight: 75.21227689375995 #RFs 67
2018-05-28 13:53:34,139 weight: 75.21227689375995
2018-05-28 13:53:34,139 , 75.21227689375995
2018-05-28 13:53:35,398 RCV reinforcement info
2018-05-28 13:53:35,508 RCV reinforcement info
2018-05-28 13:53:36,565 RF found but not transmitted
2018-05-28 13:53:39,674 RF found but not transmitted
2018-05-28 13:53:39,933 RCV reinforcement info
2018-05-28 13:53:40,523 RF found but not transmitted
2018-05-28 13:53:40,939 RF found but not transmitted
2018-05-28 13:53:41,097 RCV reinforcement info
2018-05-28 13:53:41,467 RF found but not transmitted
2018-05-28 13:53:41,839 RF found but not transmitted
2018-05-28 13:53:42,839 RCV reinforcement info
2018-05-28 13:53:42,910 RCV reinforcement info
2018-05-28 13:53:43,488 RF found but not transmitted
2018-05-28 13:53:44,018 RCV reinforcement info
2018-05-28 13:53:44,907 RF found but not transmitted
2018-05-28 13:53:46,005 RCV reinforcement info
2018-05-28 13:53:46,938 RCV reinforcement info
2018-05-28 13:53:47,243 RCV reinforcement info
2018-05-28 13:53:47,695 RF found but not transmitted
2018-05-28 13:53:48,608 RCV reinforcement info
2018-05-28 13:53:49,602 RF found but not transmitted
2018-05-28 13:53:49,834 RCV reinforcement info
2018-05-28 13:53:50,275 RCV reinforcement info
2018-05-28 13:53:50,837 RF found but not transmitted
2018-05-28 13:53:51,072 RCV reinforcement info
2018-05-28 13:53:51,826 RCV reinforcement info
2018-05-28 13:53:52,392 RCV reinforcement info
2018-05-28 13:53:52,989 RF found but not transmitted
2018-05-28 13:53:53,300 RCV reinforcement info
2018-05-28 13:53:53,569 RF found but not transmitted
2018-05-28 13:53:53,820 RCV proposal
2018-05-28 13:53:53,824 appended malicious propose ba556ba375 on top of a5208eff68
2018-05-28 13:53:53,825 REINFORCEMENT SENT state
2018-05-28 13:53:53,835 SNT reinforcement
2018-05-28 13:53:53,982 RCV reinforcement
2018-05-28 13:53:55,437 RCV commit
2018-05-28 13:53:55,587 appended malicious commit ac97d0ae30 on top of ba556ba375
2018-05-28 13:53:55,772 Weight: 60.041669232826706 #RFs 30
2018-05-28 13:53:55,772 weight: 60.041669232826706
2018-05-28 13:53:55,772 , 60.041669232826706
2018-05-28 13:53:55,775 MALICIOUS MINING state
2018-05-28 13:53:55,779 start mining - depth 11
2018-05-28 13:53:55,780 start mining - hash ac97d0ae30dca992c9d78a8c7edcdb9c7b7587500913c98ac7988b745f859029
2018-05-28 13:53:55,781 Hashing frequency: 15630
2018-05-28 13:53:56,561 RF found but not transmitted
2018-05-28 13:53:56,625 RCV reinforcement info
2018-05-28 13:53:57,204 RCV reinforcement info
2018-05-28 13:53:57,359 RCV reinforcement info
2018-05-28 13:53:57,420 RF found but not transmitted
2018-05-28 13:53:57,634 RCV reinforcement info
2018-05-28 13:53:58,192 RF found but not transmitted
2018-05-28 13:53:59,282 RF found but not transmitted
2018-05-28 13:53:59,443 RF found but not transmitted
2018-05-28 13:53:59,489 RCV reinforcement info
2018-05-28 13:54:00,345 RCV proposal
2018-05-28 13:54:00,349 appended honest propose f4a22809c4 on top of 282e394af3
2018-05-28 13:54:00,528 RF found but not transmitted
2018-05-28 13:54:00,537 RCV reinforcement
2018-05-28 13:54:00,541 RCV reinforcement
2018-05-28 13:54:00,553 RCV reinforcement
2018-05-28 13:54:00,623 RCV reinforcement info
2018-05-28 13:54:00,879 RCV reinforcement
2018-05-28 13:54:00,881 RF found but not transmitted
2018-05-28 13:54:01,201 RF found but not transmitted
2018-05-28 13:54:01,316 RF found but not transmitted
2018-05-28 13:54:01,668 RF found but not transmitted
2018-05-28 13:54:01,946 RCV commit
2018-05-28 13:54:02,124 appended honest commit 168f9d73e6 on top of f4a22809c4
2018-05-28 13:54:02,268 Weight: 80.72477827909081 #RFs 22
2018-05-28 13:54:02,268 weight: 80.72477827909081
2018-05-28 13:54:02,269 , 80.72477827909081
2018-05-28 13:54:02,327 RF found but not transmitted
2018-05-28 13:54:02,836 RCV reinforcement info
2018-05-28 13:54:04,441 RCV reinforcement info
2018-05-28 13:54:04,884 RF found but not transmitted
2018-05-28 13:54:04,938 RCV reinforcement info
2018-05-28 13:54:05,205 RCV reinforcement info
2018-05-28 13:54:05,250 RF found but not transmitted
2018-05-28 13:54:05,933 RF found but not transmitted
2018-05-28 13:54:06,067 RCV reinforcement info
2018-05-28 13:54:06,440 RCV reinforcement info
2018-05-28 13:54:07,251 RCV reinforcement info
2018-05-28 13:54:07,914 RF found but not transmitted
2018-05-28 13:54:08,633 RF found but not transmitted
2018-05-28 13:54:10,305 RCV reinforcement info
2018-05-28 13:54:10,522 RF found but not transmitted
2018-05-28 13:54:10,830 RF found but not transmitted
2018-05-28 13:54:11,365 RCV reinforcement info
2018-05-28 13:54:11,444 RF found but not transmitted
2018-05-28 13:54:11,760 RF found but not transmitted
2018-05-28 13:54:12,752 RCV reinforcement info
2018-05-28 13:54:13,466 RF found but not transmitted
2018-05-28 13:54:13,699 RCV reinforcement info
2018-05-28 13:54:14,106 RF found but not transmitted
2018-05-28 13:54:15,361 RF found but not transmitted
2018-05-28 13:54:16,445 RCV reinforcement info
2018-05-28 13:54:17,423 RCV reinforcement info
2018-05-28 13:54:17,544 RCV reinforcement info
2018-05-28 13:54:19,954 RF found but not transmitted
2018-05-28 13:54:20,187 RF found but not transmitted
2018-05-28 13:54:21,059 RCV reinforcement info
2018-05-28 13:54:21,093 RCV reinforcement info
2018-05-28 13:54:21,120 RF found but not transmitted
2018-05-28 13:54:21,507 RF found but not transmitted
2018-05-28 13:54:22,852 RF found but not transmitted
2018-05-28 13:54:23,281 RF found but not transmitted
2018-05-28 13:54:23,610 RF found but not transmitted
2018-05-28 13:54:25,198 RCV reinforcement info
2018-05-28 13:54:25,995 RCV reinforcement info
2018-05-28 13:54:27,353 RF found but not transmitted
2018-05-28 13:54:28,157 RCV reinforcement info
2018-05-28 13:54:29,673 RF found but not transmitted
2018-05-28 13:54:29,947 RCV reinforcement info
2018-05-28 13:54:30,936 RCV reinforcement info
2018-05-28 13:54:31,210 RCV reinforcement info
2018-05-28 13:54:32,670 RF found but not transmitted
2018-05-28 13:54:33,130 RCV reinforcement info
2018-05-28 13:54:33,372 RCV reinforcement info
2018-05-28 13:54:33,534 RF found but not transmitted
2018-05-28 13:54:34,442 RCV reinforcement info
2018-05-28 13:54:36,392 RF found but not transmitted
2018-05-28 13:54:36,744 RCV reinforcement info
2018-05-28 13:54:36,913 RCV reinforcement info
2018-05-28 13:54:37,006 RCV reinforcement info
2018-05-28 13:54:37,327 RF found but not transmitted
2018-05-28 13:54:37,641 RCV proposal
2018-05-28 13:54:37,645 appended honest propose b9a18a074d on top of 168f9d73e6
2018-05-28 13:54:37,682 RF found but not transmitted
2018-05-28 13:54:37,748 RCV reinforcement
2018-05-28 13:54:37,781 RCV reinforcement
2018-05-28 13:54:37,835 RCV reinforcement
2018-05-28 13:54:37,955 RCV reinforcement info
2018-05-28 13:54:38,065 RCV reinforcement
2018-05-28 13:54:38,690 RCV reinforcement info
2018-05-28 13:54:38,776 RCV reinforcement
2018-05-28 13:54:39,072 RCV reinforcement info
2018-05-28 13:54:39,181 RCV reinforcement
2018-05-28 13:54:39,446 RCV commit
2018-05-28 13:54:39,633 appended honest commit 1a2ae2b96d on top of b9a18a074d
2018-05-28 13:54:39,807 Weight: 86.03164599123153 #RFs 29
2018-05-28 13:54:39,807 weight: 86.03164599123153
2018-05-28 13:54:39,808 , 86.03164599123153
2018-05-28 13:54:39,817 RCV reinforcement info
2018-05-28 13:54:39,891 RCV reinforcement
2018-05-28 13:54:42,533 RCV reinforcement info
2018-05-28 13:54:42,948 RF found but not transmitted
2018-05-28 13:54:43,810 RF found but not transmitted
2018-05-28 13:54:43,910 RCV reinforcement info
2018-05-28 13:54:44,469 RCV reinforcement info
2018-05-28 13:54:44,471 RF found but not transmitted
2018-05-28 13:54:45,914 RF found but not transmitted
2018-05-28 13:54:46,113 RF found but not transmitted
2018-05-28 13:54:47,365 RCV reinforcement info
2018-05-28 13:54:47,417 RCV reinforcement info
2018-05-28 13:54:48,422 RF found but not transmitted
2018-05-28 13:54:48,488 RCV reinforcement info
2018-05-28 13:54:48,769 RF found but not transmitted
2018-05-28 13:54:49,754 RCV reinforcement info
2018-05-28 13:54:49,919 RCV reinforcement info
2018-05-28 13:54:51,739 RF found but not transmitted
2018-05-28 13:54:51,741 RF found but not transmitted
2018-05-28 13:54:52,074 RF found but not transmitted
2018-05-28 13:54:52,188 RF found but not transmitted
2018-05-28 13:54:52,368 RCV reinforcement info
2018-05-28 13:54:53,411 RF found but not transmitted
2018-05-28 13:54:53,434 RF found but not transmitted
2018-05-28 13:54:53,764 RCV proposal
2018-05-28 13:54:53,768 appended malicious propose a66cd1743b on top of ac97d0ae30
2018-05-28 13:54:53,768 REINFORCEMENT SENT state
2018-05-28 13:54:53,770 SNT reinforcement
2018-05-28 13:54:53,873 RCV reinforcement
2018-05-28 13:54:54,339 RCV reinforcement info
2018-05-28 13:54:54,504 RF found but not transmitted
2018-05-28 13:54:54,521 RF found but not transmitted
2018-05-28 13:54:54,564 RF found but not transmitted
2018-05-28 13:54:54,577 RF found but not transmitted
2018-05-28 13:54:54,692 RF found but not transmitted
2018-05-28 13:54:54,762 RCV reinforcement info
2018-05-28 13:54:54,873 RF found but not transmitted
2018-05-28 13:54:55,350 RCV reinforcement info
2018-05-28 13:54:55,379 RCV reinforcement info
2018-05-28 13:54:55,585 RCV commit
2018-05-28 13:54:55,736 appended malicious commit 85e80ce1e6 on top of a66cd1743b
2018-05-28 13:54:56,015 Weight: 69.0465909839712 #RFs 40
2018-05-28 13:54:56,016 weight: 69.0465909839712
2018-05-28 13:54:56,016 , 69.0465909839712
2018-05-28 13:54:56,018 MALICIOUS MINING state
2018-05-28 13:54:56,019 start mining - depth 12
2018-05-28 13:54:56,020 start mining - hash 85e80ce1e654f7a2ee373114f5577594946957bc90584df6176316465edc6a2d
2018-05-28 13:54:56,020 Hashing frequency: 9593
2018-05-28 13:54:56,073 RF found but not transmitted
2018-05-28 13:54:56,891 RCV proposal
2018-05-28 13:54:56,897 appended malicious propose 6b5d3ab858 on top of 85e80ce1e6
2018-05-28 13:54:56,898 REINFORCEMENT SENT state
2018-05-28 13:54:56,899 SNT reinforcement
2018-05-28 13:54:56,951 RF found but not transmitted
2018-05-28 13:54:57,139 RCV reinforcement info
2018-05-28 13:54:57,573 RCV reinforcement
2018-05-28 13:54:57,699 RF found but not transmitted
2018-05-28 13:54:58,382 RCV commit
2018-05-28 13:54:58,396 appended malicious commit 0de78c90c5 on top of 6b5d3ab858
2018-05-28 13:54:58,402 Weight: 70.8602962008608 #RFs 2
2018-05-28 13:54:58,402 weight: 70.8602962008608
2018-05-28 13:54:58,402 , 70.8602962008608
2018-05-28 13:54:58,403 MALICIOUS MINING state
2018-05-28 13:54:58,403 start mining - depth 13
2018-05-28 13:54:58,404 start mining - hash 0de78c90c52f428bd187591761db2a3af2589bb63b3fd4dc6b1ce36154faba59
2018-05-28 13:55:00,290 RF found but not transmitted
2018-05-28 13:55:00,978 RF found but not transmitted
2018-05-28 13:55:01,140 RCV reinforcement info
2018-05-28 13:55:01,319 RCV reinforcement info
2018-05-28 13:55:01,972 RCV proposal
2018-05-28 13:55:01,976 appended malicious propose 4d8e704838 on top of 0de78c90c5
2018-05-28 13:55:01,976 REINFORCEMENT SENT state
2018-05-28 13:55:01,977 SNT reinforcement
2018-05-28 13:55:02,817 RCV reinforcement info
2018-05-28 13:55:03,422 RCV commit
2018-05-28 13:55:03,428 appended malicious commit d2534ccbe8 on top of 4d8e704838
2018-05-28 13:55:03,439 Weight: 72.55963532074388 #RFs 2
2018-05-28 13:55:03,439 weight: 72.55963532074388
2018-05-28 13:55:03,440 , 72.55963532074388
2018-05-28 13:55:03,440 MALICIOUS MINING state
2018-05-28 13:55:03,440 start mining - depth 14
2018-05-28 13:55:03,441 start mining - hash d2534ccbe810afc41270c57c4d7c102753ca6ad782d1bba99e0fb7c3286c0b2a
2018-05-28 13:55:04,623 RCV reinforcement info
2018-05-28 13:55:04,863 RF found but not transmitted
2018-05-28 13:55:05,170 RF found but not transmitted
2018-05-28 13:55:05,476 RCV reinforcement info
2018-05-28 13:55:05,606 RCV reinforcement info
2018-05-28 13:55:07,063 RF found but not transmitted
2018-05-28 13:55:07,471 RCV reinforcement info
2018-05-28 13:55:07,850 RF found but not transmitted
2018-05-28 13:55:08,529 RCV proposal
2018-05-28 13:55:08,532 appended honest propose 8caa12d282 on top of 1a2ae2b96d
2018-05-28 13:55:08,653 RCV reinforcement
2018-05-28 13:55:08,683 RCV reinforcement
2018-05-28 13:55:08,687 RCV reinforcement
2018-05-28 13:55:09,724 RF found but not transmitted
2018-05-28 13:55:09,884 RCV commit
2018-05-28 13:55:09,996 appended honest commit 56fa3c5bbc on top of 8caa12d282
2018-05-28 13:55:10,096 Weight: 90.90115376502945 #RFs 21
2018-05-28 13:55:10,101 weight: 90.90115376502945
2018-05-28 13:55:10,101 , 90.90115376502945
2018-05-28 13:55:11,578 RCV reinforcement info
2018-05-28 13:55:12,083 RF found but not transmitted
2018-05-28 13:55:13,372 RCV reinforcement info
2018-05-28 13:55:15,112 RF found but not transmitted
2018-05-28 13:55:15,799 RCV reinforcement info
2018-05-28 13:55:17,336 RF found but not transmitted
2018-05-28 13:55:17,370 RCV reinforcement info
2018-05-28 13:55:17,431 RF found but not transmitted
2018-05-28 13:55:20,977 RCV proposal
2018-05-28 13:55:20,980 appended honest propose 38a7c4ea08 on top of 56fa3c5bbc
2018-05-28 13:55:21,082 RCV reinforcement
2018-05-28 13:55:21,094 RCV reinforcement
2018-05-28 13:55:21,517 RCV reinforcement info
2018-05-28 13:55:21,601 RCV reinforcement
2018-05-28 13:55:22,000 RF found but not transmitted
2018-05-28 13:55:22,515 RCV commit
2018-05-28 13:55:22,566 appended honest commit 9ee09c64f2 on top of 38a7c4ea08
2018-05-28 13:55:22,585 Weight: 92.37810569074847 #RFs 5
2018-05-28 13:55:22,585 weight: 92.37810569074847
2018-05-28 13:55:22,587 , 92.37810569074847
2018-05-28 13:55:24,197 RF found but not transmitted
2018-05-28 13:55:24,200 hash found
2018-05-28 13:55:24,203 appended malicious propose 1331b3d907 on top of d2534ccbe8
2018-05-28 13:55:24,203 REINFORCEMENT COLLECTING state
2018-05-28 13:55:24,273 SNT proposal
2018-05-28 13:55:24,435 RCV reinforcement
2018-05-28 13:55:24,452 RCV reinforcement
2018-05-28 13:55:25,780 commit with 3 reinforcements
2018-05-28 13:55:25,798 appended malicious commit 02c4c2ff1a on top of 1331b3d907
2018-05-28 13:55:25,823 Weight: 75.44883919824663 #RFs 12
2018-05-28 13:55:25,823 weight: 75.44883919824663
2018-05-28 13:55:25,823 , 75.44883919824663
2018-05-28 13:55:25,826 MALICIOUS MINING state
2018-05-28 13:55:25,828 start mining - depth 15
2018-05-28 13:55:25,828 start mining - hash 02c4c2ff1ad2e7fba3c3d798df8860684ee077b52065e2859b95aae0573027b1
2018-05-28 13:55:25,829 SNT commit
2018-05-28 13:55:25,880 RF found but not transmitted
2018-05-28 13:55:26,060 RF found but not transmitted
2018-05-28 13:55:26,830 RCV proposal
2018-05-28 13:55:26,833 appended honest propose f8744db645 on top of 9ee09c64f2
2018-05-28 13:55:28,175 RF found but not transmitted
2018-05-28 13:55:28,271 RF found but not transmitted
2018-05-28 13:55:28,363 RCV commit
2018-05-28 13:55:28,363 appended honest commit 8feae6be47 on top of f8744db645
2018-05-28 13:55:28,363 Weight: 93.37810569074847 #RFs 0
2018-05-28 13:55:28,364 weight: 93.37810569074847
2018-05-28 13:55:28,364 , 93.37810569074847
2018-05-28 13:55:29,003 RF found but not transmitted
2018-05-28 13:55:29,359 RF found but not transmitted
2018-05-28 13:55:30,299 RCV reinforcement info
2018-05-28 13:55:31,578 RF found but not transmitted
2018-05-28 13:55:32,695 RF found but not transmitted
2018-05-28 13:55:33,097 RF found but not transmitted
2018-05-28 13:55:33,511 RF found but not transmitted
2018-05-28 13:55:33,759 RF found but not transmitted
2018-05-28 13:55:34,096 RCV reinforcement info
2018-05-28 13:55:35,094 RF found but not transmitted
2018-05-28 13:55:35,449 RCV reinforcement info
2018-05-28 13:55:35,574 RF found but not transmitted
2018-05-28 13:55:36,536 RCV reinforcement info
2018-05-28 13:55:36,577 RCV reinforcement info
2018-05-28 13:55:36,712 RCV reinforcement info
2018-05-28 13:55:36,765 RCV reinforcement info
2018-05-28 13:55:38,223 RCV reinforcement info
2018-05-28 13:55:38,455 RCV reinforcement info
2018-05-28 13:55:38,463 RF found but not transmitted
2018-05-28 13:55:39,199 RCV reinforcement info
2018-05-28 13:55:40,056 RF found but not transmitted
2018-05-28 13:55:40,380 RCV reinforcement info
2018-05-28 13:55:40,805 RCV proposal
2018-05-28 13:55:40,807 appended honest propose fd8ef1de77 on top of 8feae6be47
2018-05-28 13:55:40,935 RCV reinforcement info
2018-05-28 13:55:40,948 RCV reinforcement
2018-05-28 13:55:40,962 RCV reinforcement
2018-05-28 13:55:41,126 RCV reinforcement
2018-05-28 13:55:41,140 RCV proposal
2018-05-28 13:55:41,143 appended malicious propose 4829e0beaf on top of 02c4c2ff1a
2018-05-28 13:55:41,143 REINFORCEMENT SENT state
2018-05-28 13:55:41,144 SNT reinforcement
2018-05-28 13:55:41,371 RCV reinforcement info
2018-05-28 13:55:41,390 RCV reinforcement
2018-05-28 13:55:41,500 RCV reinforcement
2018-05-28 13:55:41,538 RCV reinforcement info
2018-05-28 13:55:41,656 RCV reinforcement
2018-05-28 13:55:42,129 RF found but not transmitted
2018-05-28 13:55:42,385 RF found but not transmitted
2018-05-28 13:55:42,393 RCV commit
2018-05-28 13:55:42,467 appended honest commit 9afa291afa on top of fd8ef1de77
2018-05-28 13:55:42,518 Weight: 97.61177978171231 #RFs 13
2018-05-28 13:55:42,518 weight: 97.61177978171231
2018-05-28 13:55:42,518 , 97.61177978171231
2018-05-28 13:55:42,684 RCV commit
2018-05-28 13:55:42,713 appended malicious commit 141f7c2b63 on top of 4829e0beaf
2018-05-28 13:55:42,788 Weight: 77.84223849096102 #RFs 8
2018-05-28 13:55:42,789 weight: 77.84223849096102
2018-05-28 13:55:42,789 , 77.84223849096102
2018-05-28 13:55:42,793 MALICIOUS MINING state
2018-05-28 13:55:42,797 start mining - depth 16
2018-05-28 13:55:42,798 start mining - hash 141f7c2b639a69fe8e3b9338b5ec843bfd0213b64265d3a4c141ebc42412dbc2
2018-05-28 13:55:42,921 RCV reinforcement info
2018-05-28 13:55:43,435 RF found but not transmitted
2018-05-28 13:55:44,107 RF found but not transmitted
2018-05-28 13:55:44,631 RF found but not transmitted
2018-05-28 13:55:45,165 RF found but not transmitted
2018-05-28 13:55:46,379 RCV reinforcement info
2018-05-28 13:55:47,522 RCV reinforcement info
2018-05-28 13:55:47,771 RF found but not transmitted
2018-05-28 13:55:48,683 RCV reinforcement info
2018-05-28 13:55:49,215 RCV reinforcement info
2018-05-28 13:55:49,846 RF found but not transmitted
2018-05-28 13:55:49,874 RF found but not transmitted
2018-05-28 13:55:51,119 RCV reinforcement info
2018-05-28 13:55:51,384 RF found but not transmitted
2018-05-28 13:55:51,482 RF found but not transmitted
2018-05-28 13:55:51,781 RF found but not transmitted
2018-05-28 13:55:52,949 RF found but not transmitted
2018-05-28 13:55:53,509 RCV reinforcement info
2018-05-28 13:55:53,901 RF found but not transmitted
2018-05-28 13:55:54,107 RF found but not transmitted
2018-05-28 13:55:54,341 RCV reinforcement info
2018-05-28 13:55:54,583 RCV reinforcement info
2018-05-28 13:55:55,194 RF found but not transmitted
2018-05-28 13:55:55,306 RF found but not transmitted
2018-05-28 13:55:56,384 RF found but not transmitted
2018-05-28 13:55:56,839 RF found but not transmitted
2018-05-28 13:55:57,672 RCV reinforcement info
2018-05-28 13:55:57,779 RCV reinforcement info
2018-05-28 13:55:57,906 RF found but not transmitted
2018-05-28 13:55:58,500 RCV proposal
2018-05-28 13:55:58,503 appended malicious propose 7e3bcf2461 on top of 141f7c2b63
2018-05-28 13:55:58,503 REINFORCEMENT SENT state
2018-05-28 13:55:58,504 SNT reinforcement
2018-05-28 13:55:58,647 RCV reinforcement
2018-05-28 13:55:59,077 RCV reinforcement info
2018-05-28 13:55:59,317 RCV reinforcement
2018-05-28 13:55:59,883 RCV reinforcement
2018-05-28 13:56:00,105 RCV commit
2018-05-28 13:56:00,188 appended malicious commit 7f3838b12b on top of 7e3bcf2461
2018-05-28 13:56:00,270 Weight: 80.30101797616113 #RFs 13
2018-05-28 13:56:00,271 weight: 80.30101797616113
2018-05-28 13:56:00,276 , 80.30101797616113
2018-05-28 13:56:00,276 MALICIOUS MINING state
2018-05-28 13:56:00,305 start mining - depth 17
2018-05-28 13:56:00,306 start mining - hash 7f3838b12b799ee76052d6e92ea21b44e35783a072bac71fd3656eb2a0ef528e
2018-05-28 13:56:00,322 Hashing frequency: 12194
2018-05-28 13:56:00,780 RF found but not transmitted
2018-05-28 13:56:01,330 RCV reinforcement info
2018-05-28 13:56:02,421 RCV proposal
2018-05-28 13:56:02,424 appended honest propose 79755a591a on top of 9afa291afa
2018-05-28 13:56:02,556 RCV reinforcement
2018-05-28 13:56:02,565 RCV reinforcement
2018-05-28 13:56:02,580 RCV reinforcement
2018-05-28 13:56:02,912 RCV reinforcement info
2018-05-28 13:56:03,040 RCV reinforcement
2018-05-28 13:56:03,358 RCV reinforcement info
2018-05-28 13:56:03,528 RCV reinforcement
2018-05-28 13:56:03,992 RCV reinforcement info
2018-05-28 13:56:04,088 RCV commit
2018-05-28 13:56:04,190 appended honest commit 9f3c7c309e on top of 79755a591a
2018-05-28 13:56:04,249 Weight: 101.85877512866163 #RFs 13
2018-05-28 13:56:04,249 weight: 101.85877512866163
2018-05-28 13:56:04,249 , 101.85877512866163
2018-05-28 13:56:04,282 RCV reinforcement
2018-05-28 13:56:04,612 RF found but not transmitted
2018-05-28 13:56:06,937 RF found but not transmitted
2018-05-28 13:56:08,154 RF found but not transmitted
2018-05-28 13:56:09,683 RCV reinforcement info
2018-05-28 13:56:09,754 RCV reinforcement info
2018-05-28 13:56:09,924 RCV reinforcement info
2018-05-28 13:56:10,499 RCV reinforcement info
2018-05-28 13:56:10,615 RCV reinforcement info
2018-05-28 13:56:10,689 RF found but not transmitted
2018-05-28 13:56:10,778 RCV reinforcement info
2018-05-28 13:56:10,996 RCV reinforcement info
2018-05-28 13:56:11,933 RCV reinforcement info
2018-05-28 13:56:11,985 RCV reinforcement info
2018-05-28 13:56:12,772 RF found but not transmitted
2018-05-28 13:56:14,273 RCV reinforcement info
2018-05-28 13:56:14,594 RCV reinforcement info
2018-05-28 13:56:14,717 RF found but not transmitted
2018-05-28 13:56:15,152 RF found but not transmitted
2018-05-28 13:56:15,973 RF found but not transmitted
2018-05-28 13:56:15,990 RCV reinforcement info
2018-05-28 13:56:17,328 RF found but not transmitted
2018-05-28 13:56:18,241 RCV reinforcement info
2018-05-28 13:56:18,528 RCV reinforcement info
2018-05-28 13:56:18,706 RF found but not transmitted
2018-05-28 13:56:19,959 RF found but not transmitted
2018-05-28 13:56:20,174 RCV reinforcement info
2018-05-28 13:56:21,127 RF found but not transmitted
2018-05-28 13:56:22,383 RCV reinforcement info
2018-05-28 13:56:22,417 RF found but not transmitted
2018-05-28 13:56:22,462 RCV reinforcement info
2018-05-28 13:56:22,987 RF found but not transmitted
2018-05-28 13:56:23,555 RF found but not transmitted
2018-05-28 13:56:23,758 RCV reinforcement info
2018-05-28 13:56:23,810 RCV reinforcement info
2018-05-28 13:56:24,507 RCV reinforcement info
2018-05-28 13:56:24,677 RCV reinforcement info
2018-05-28 13:56:25,708 RCV reinforcement info
2018-05-28 13:56:26,314 RCV reinforcement info
2018-05-28 13:56:26,680 RCV reinforcement info
2018-05-28 13:56:27,027 RCV reinforcement info
2018-05-28 13:56:27,491 RCV reinforcement info
2018-05-28 13:56:29,156 RCV reinforcement info
2018-05-28 13:56:29,280 RCV reinforcement info
2018-05-28 13:56:29,435 RCV reinforcement info
2018-05-28 13:56:29,661 RCV reinforcement info
2018-05-28 13:56:30,387 RCV reinforcement info
2018-05-28 13:56:30,908 RF found but not transmitted
2018-05-28 13:56:32,360 RF found but not transmitted
2018-05-28 13:56:33,090 RF found but not transmitted
2018-05-28 13:56:33,768 RF found but not transmitted
2018-05-28 13:56:36,628 RCV reinforcement info
2018-05-28 13:56:36,632 RF found but not transmitted
2018-05-28 13:56:36,634 hash found
2018-05-28 13:56:36,639 appended malicious propose a3275b9fdc on top of 7f3838b12b
2018-05-28 13:56:36,639 REINFORCEMENT COLLECTING state
2018-05-28 13:56:36,723 SNT proposal
2018-05-28 13:56:36,901 RCV reinforcement
2018-05-28 13:56:36,951 RCV reinforcement
2018-05-28 13:56:37,109 RF found but not transmitted
2018-05-28 13:56:37,330 RCV reinforcement
2018-05-28 13:56:37,507 RF found but not transmitted
2018-05-28 13:56:37,722 RF found but not transmitted
2018-05-28 13:56:37,725 SNT reinforcement
2018-05-28 13:56:37,846 RCV reinforcement
2018-05-28 13:56:37,915 RF found but not transmitted
2018-05-28 13:56:38,016 RF found but not transmitted
2018-05-28 13:56:38,149 RCV reinforcement
2018-05-28 13:56:38,227 commit with 3 reinforcements
2018-05-28 13:56:38,268 appended malicious commit 588a1770d0 on top of a3275b9fdc
2018-05-28 13:56:38,315 Weight: 85.52595333590544 #RFs 22
2018-05-28 13:56:38,315 weight: 85.52595333590544
2018-05-28 13:56:38,315 , 85.52595333590544
2018-05-28 13:56:38,315 MALICIOUS MINING state
2018-05-28 13:56:38,316 start mining - depth 18
2018-05-28 13:56:38,317 start mining - hash 588a1770d08f8a3aeb6ed91538019aed1177abecff5a2b21a6b3c238306d49dd
2018-05-28 13:56:38,318 SNT commit
2018-05-28 13:56:38,800 RF found but not transmitted
2018-05-28 13:56:40,917 RF found but not transmitted
2018-05-28 13:56:40,997 RCV reinforcement info
2018-05-28 13:56:41,155 RF found but not transmitted
2018-05-28 13:56:42,442 RF found but not transmitted
2018-05-28 13:56:43,016 RF found but not transmitted
2018-05-28 13:56:43,164 RCV reinforcement info
2018-05-28 13:56:43,227 RF found but not transmitted
2018-05-28 13:56:44,898 RF found but not transmitted
2018-05-28 13:56:45,295 RF found but not transmitted
2018-05-28 13:56:45,516 RF found but not transmitted
2018-05-28 13:56:45,956 RF found but not transmitted
2018-05-28 13:56:46,272 RF found but not transmitted
2018-05-28 13:56:46,689 RCV proposal
2018-05-28 13:56:46,693 appended honest propose 33fe6eb046 on top of 9f3c7c309e
2018-05-28 13:56:46,822 RCV reinforcement
2018-05-28 13:56:46,835 RCV reinforcement
2018-05-28 13:56:46,898 RCV reinforcement
2018-05-28 13:56:47,018 RCV reinforcement info
2018-05-28 13:56:47,127 RCV reinforcement
2018-05-28 13:56:47,771 RCV reinforcement info
2018-05-28 13:56:47,865 RCV reinforcement
2018-05-28 13:56:48,219 RF found but not transmitted
2018-05-28 13:56:48,356 RCV reinforcement info
2018-05-28 13:56:48,392 RCV commit
2018-05-28 13:56:48,568 appended honest commit baa1c79488 on top of 33fe6eb046
2018-05-28 13:56:48,766 Weight: 109.98840381437114 #RFs 35
2018-05-28 13:56:48,767 weight: 109.98840381437114
2018-05-28 13:56:48,767 , 109.98840381437114
2018-05-28 13:56:48,785 RCV reinforcement
2018-05-28 13:56:49,344 RF found but not transmitted
2018-05-28 13:56:49,825 RCV reinforcement info
2018-05-28 13:56:51,509 RF found but not transmitted
2018-05-28 13:56:52,683 RF found but not transmitted
2018-05-28 13:56:53,121 RCV reinforcement info
2018-05-28 13:56:53,508 RF found but not transmitted
2018-05-28 13:56:53,655 RF found but not transmitted
2018-05-28 13:56:53,725 RCV reinforcement info
2018-05-28 13:56:54,011 RCV reinforcement info
2018-05-28 13:56:54,029 RF found but not transmitted
2018-05-28 13:56:54,239 RCV reinforcement info
2018-05-28 13:56:55,090 RF found but not transmitted
2018-05-28 13:56:55,180 RF found but not transmitted
2018-05-28 13:56:55,724 RCV reinforcement info
2018-05-28 13:56:56,336 RCV reinforcement info
2018-05-28 13:56:57,088 RF found but not transmitted
2018-05-28 13:56:57,916 RCV proposal
2018-05-28 13:56:57,920 appended malicious propose 4eb2c4aaca on top of 588a1770d0
2018-05-28 13:56:57,920 REINFORCEMENT SENT state
2018-05-28 13:56:57,924 SNT reinforcement
2018-05-28 13:56:58,030 RCV reinforcement info
2018-05-28 13:56:58,036 RCV reinforcement
2018-05-28 13:56:59,487 RCV commit
2018-05-28 13:56:59,545 appended malicious commit 552b8c27a8 on top of 4eb2c4aaca
2018-05-28 13:56:59,592 Weight: 88.10452471619179 #RFs 12
2018-05-28 13:56:59,592 weight: 88.10452471619179
2018-05-28 13:56:59,594 , 88.10452471619179
2018-05-28 13:56:59,594 MALICIOUS MINING state
2018-05-28 13:56:59,602 END: HONEST WIN. 109.98840381437114 against 108.10452471619179
2018-05-28 13:56:59,604 start mining - depth 19
2018-05-28 13:56:59,604 start mining - hash 552b8c27a8f7efbab50c2ca2f945c336ff9f4c6033df4d82b6b5c80bc6327f07
2018-05-28 13:56:59,744 RF found but not transmitted
2018-05-28 13:57:00,385 RCV reinforcement info
2018-05-28 13:57:00,711 RF found but not transmitted
2018-05-28 13:57:01,293 RF found but not transmitted
2018-05-28 13:57:01,421 RCV reinforcement info
