2018-06-12 00:03:03,795 ---------------------------------------------------------
2018-06-12 00:03:03,796 MINING state
2018-06-12 00:03:04,830 start mining - depth 0
2018-06-12 00:03:04,831 start mining - hash f6256661d03047157a6faaf02e3999de875f2ed9f645db8838c698bc089b508f
2018-06-12 00:03:05,010 RCV reinforcement info
2018-06-12 00:03:05,013 , 0.49486600711066414
2018-06-12 00:03:06,375 RCV reinforcement info
2018-06-12 00:03:06,379 , 0.6808774482557766
2018-06-12 00:03:06,761 RCV reinforcement info
2018-06-12 00:03:06,764 , 0.9045048164483035
2018-06-12 00:03:07,674 RF found but not transmitted
2018-06-12 00:03:07,675 RF found
2018-06-12 00:03:07,676 SNT reinforcement_information
2018-06-12 00:03:07,733 RCV reinforcement info
2018-06-12 00:03:07,740 , 1.1474025549702374
2018-06-12 00:03:08,317 RCV reinforcement info
2018-06-12 00:03:08,321 , 1.2522343157783986
2018-06-12 00:03:09,440 RCV reinforcement info
2018-06-12 00:03:09,444 , 1.3191399321547066
2018-06-12 00:03:09,530 RCV reinforcement info
2018-06-12 00:03:09,534 , 1.4972523413187502
2018-06-12 00:03:09,640 RCV reinforcement info
2018-06-12 00:03:09,644 , 1.6205944815414395
2018-06-12 00:03:09,735 RCV reinforcement info
2018-06-12 00:03:09,739 , 1.6843630696104774
2018-06-12 00:03:10,544 RCV reinforcement info
2018-06-12 00:03:10,548 , 1.7820547306089793
2018-06-12 00:03:11,623 RCV reinforcement info
2018-06-12 00:03:11,627 , 1.9012805728777455
2018-06-12 00:03:11,776 RCV reinforcement info
2018-06-12 00:03:11,779 , 2.186919004685878
2018-06-12 00:03:12,026 RCV reinforcement info
2018-06-12 00:03:12,029 , 2.4930935052624283
2018-06-12 00:03:12,323 RCV reinforcement info
2018-06-12 00:03:12,327 , 2.868589925323769
2018-06-12 00:03:12,347 RF found but not transmitted
2018-06-12 00:03:12,348 RF found
2018-06-12 00:03:12,350 SNT reinforcement_information
2018-06-12 00:03:12,623 RCV reinforcement info
2018-06-12 00:03:12,625 , 3.282759065699185
2018-06-12 00:03:15,570 RCV reinforcement info
2018-06-12 00:03:15,573 , 3.688778806575393
2018-06-12 00:03:16,790 RCV reinforcement info
2018-06-12 00:03:16,794 , 3.7746040335149695
2018-06-12 00:03:17,061 RCV reinforcement info
2018-06-12 00:03:17,065 , 3.8960895127713036
2018-06-12 00:03:19,056 RCV reinforcement info
2018-06-12 00:03:19,060 , 4.248579244531795
2018-06-12 00:03:19,185 RCV reinforcement info
2018-06-12 00:03:19,189 , 4.311540753948587
2018-06-12 00:03:19,355 RF found but not transmitted
2018-06-12 00:03:19,356 hash found
2018-06-12 00:03:19,358 appended honest propose c47622be4c on top of f6256661d0
2018-06-12 00:03:19,358 REINFORCEMENT COLLECTING state
2018-06-12 00:03:19,412 SNT proposal
2018-06-12 00:03:19,595 RCV reinforcement
2018-06-12 00:03:19,619 RCV reinforcement
2018-06-12 00:03:19,628 RCV reinforcement
2018-06-12 00:03:19,637 RCV reinforcement
2018-06-12 00:03:19,652 RCV reinforcement
2018-06-12 00:03:19,666 RCV reinforcement
2018-06-12 00:03:19,804 RCV reinforcement info
2018-06-12 00:03:19,808 , 4.464520383523209
2018-06-12 00:03:19,833 RF found but not transmitted
2018-06-12 00:03:19,836 SNT reinforcement_information
2018-06-12 00:03:19,921 SNT reinforcement
2018-06-12 00:03:19,992 RCV reinforcement
2018-06-12 00:03:19,997 RCV reinforcement info
2018-06-12 00:03:20,000 , 5.146638577042744
2018-06-12 00:03:20,003 RCV reinforcement
2018-06-12 00:03:20,918 commit with 7 reinforcements
2018-06-12 00:03:20,954 appended honest commit a17f2b7bb2 on top of c47622be4c
2018-06-12 00:03:20,986 Weight: 6.077349274124332 #RFs 24
2018-06-12 00:03:20,986 weight: 6.077349274124332
2018-06-12 00:03:20,987 , 6.077349274124332
2018-06-12 00:03:20,987 MINING state
2018-06-12 00:03:20,987 start mining - depth 1
2018-06-12 00:03:20,988 start mining - hash a17f2b7bb2cb850684b302630fc12a2ff56c206f8aab4bbdc728c80be24f3495
2018-06-12 00:03:20,989 SNT commit
2018-06-12 00:03:21,512 RCV reinforcement info
2018-06-12 00:03:21,516 , 6.1422605668127375
2018-06-12 00:03:22,940 RCV reinforcement info
2018-06-12 00:03:22,945 , 6.246062493543998
2018-06-12 00:03:24,536 RCV reinforcement info
2018-06-12 00:03:24,541 , 7.099633646532818
2018-06-12 00:03:25,087 RF found but not transmitted
2018-06-12 00:03:25,089 RF found
2018-06-12 00:03:25,090 SNT reinforcement_information
2018-06-12 00:03:25,846 RF found but not transmitted
2018-06-12 00:03:25,847 RF found
2018-06-12 00:03:25,849 SNT reinforcement_information
2018-06-12 00:03:28,133 RF found but not transmitted
2018-06-12 00:03:30,313 RCV reinforcement info
2018-06-12 00:03:30,317 , 7.45838901381041
2018-06-12 00:03:31,754 RCV reinforcement info
2018-06-12 00:03:31,759 , 7.809100934039786
2018-06-12 00:03:31,814 RCV reinforcement info
2018-06-12 00:03:31,819 , 8.256031266772027
2018-06-12 00:03:32,529 RCV reinforcement info
2018-06-12 00:03:32,534 , 8.363137331179338
2018-06-12 00:03:33,553 RCV reinforcement info
2018-06-12 00:03:33,558 , 8.731789271610603
2018-06-12 00:03:34,448 RCV reinforcement info
2018-06-12 00:03:34,462 , 8.796697684617893
2018-06-12 00:03:34,509 RCV reinforcement info
2018-06-12 00:03:34,514 , 8.88364685990851
2018-06-12 00:03:36,028 RF found but not transmitted
2018-06-12 00:03:36,244 RCV reinforcement info
2018-06-12 00:03:36,250 , 8.965888119690478
2018-06-12 00:03:37,046 RF found but not transmitted
2018-06-12 00:03:37,740 RF found but not transmitted
2018-06-12 00:03:37,939 RCV reinforcement info
2018-06-12 00:03:37,944 , 9.032241883535754
2018-06-12 00:03:39,747 RCV reinforcement info
2018-06-12 00:03:39,752 , 9.108003796304738
2018-06-12 00:03:40,028 RCV reinforcement info
2018-06-12 00:03:40,031 , 9.63713657536945
2018-06-12 00:03:41,104 RCV reinforcement info
2018-06-12 00:03:41,108 , 9.773113083049214
2018-06-12 00:03:41,293 RCV reinforcement info
2018-06-12 00:03:41,298 , 9.998825730234381
2018-06-12 00:03:41,470 RCV reinforcement info
2018-06-12 00:03:41,475 , 10.119663059546795
2018-06-12 00:03:42,515 RCV reinforcement info
2018-06-12 00:03:42,520 , 10.218904088855606
2018-06-12 00:03:44,960 RCV reinforcement info
2018-06-12 00:03:44,965 , 10.292845853653116
2018-06-12 00:03:44,992 RCV reinforcement info
2018-06-12 00:03:45,000 , 10.37003733530359
2018-06-12 00:03:48,114 RF found but not transmitted
2018-06-12 00:03:48,175 RF found but not transmitted
2018-06-12 00:03:48,177 hash found
2018-06-12 00:03:48,182 appended honest propose 16f378357b on top of a17f2b7bb2
2018-06-12 00:03:48,182 REINFORCEMENT COLLECTING state
2018-06-12 00:03:48,234 SNT proposal
2018-06-12 00:03:48,443 RCV reinforcement
2018-06-12 00:03:48,475 RCV reinforcement
2018-06-12 00:03:48,489 RCV reinforcement
2018-06-12 00:03:48,501 RCV reinforcement
2018-06-12 00:03:48,520 RCV reinforcement
2018-06-12 00:03:48,526 RCV reinforcement
2018-06-12 00:03:48,575 RCV reinforcement info
2018-06-12 00:03:48,581 , 10.71781763981881
2018-06-12 00:03:48,646 RCV reinforcement
2018-06-12 00:03:49,740 commit with 7 reinforcements
2018-06-12 00:03:49,808 appended honest commit 3d4095762e on top of 16f378357b
2018-06-12 00:03:49,859 Weight: 11.71781763981881 #RFs 23
2018-06-12 00:03:49,859 weight: 11.71781763981881
2018-06-12 00:03:49,859 , 11.71781763981881
2018-06-12 00:03:49,860 MINING state
2018-06-12 00:03:49,860 start mining - depth 2
2018-06-12 00:03:49,860 start mining - hash 3d4095762ee98c4b9e13b48877f90b3a86f40103f7c5fa9a36383df5b34b305a
2018-06-12 00:03:49,862 SNT commit
2018-06-12 00:03:50,155 RCV reinforcement info
2018-06-12 00:03:50,172 RCV reinforcement
2018-06-12 00:03:50,179 RCV reinforcement info
2018-06-12 00:03:50,182 RCV reinforcement
2018-06-12 00:03:50,744 RCV reinforcement info
2018-06-12 00:03:50,753 , 11.781671675905615
2018-06-12 00:03:50,770 RCV reinforcement info
2018-06-12 00:03:50,776 , 11.873411860055299
2018-06-12 00:03:50,840 RCV reinforcement info
2018-06-12 00:03:50,845 , 12.231585247057827
2018-06-12 00:03:51,186 RCV proposal
2018-06-12 00:03:51,189 appended honest propose 978a1d95e5 on top of 3d4095762e
2018-06-12 00:03:51,190 REINFORCEMENT SENT state
2018-06-12 00:03:51,271 RCV reinforcement
2018-06-12 00:03:51,277 RCV reinforcement
2018-06-12 00:03:51,353 RF found but not transmitted
2018-06-12 00:03:51,578 RCV reinforcement info
2018-06-12 00:03:51,584 , 12.97092013901834
2018-06-12 00:03:51,645 RCV reinforcement
2018-06-12 00:03:51,705 RCV reinforcement info
2018-06-12 00:03:51,710 , 13.065335139667564
2018-06-12 00:03:51,777 RCV reinforcement
2018-06-12 00:03:52,685 RCV commit
2018-06-12 00:03:52,713 appended honest commit 2b7bf47e94 on top of 978a1d95e5
2018-06-12 00:03:52,723 Weight: 13.97092013901834 #RFs 4
2018-06-12 00:03:52,724 weight: 13.97092013901834
2018-06-12 00:03:52,724 , 13.97092013901834
2018-06-12 00:03:52,724 MINING state
2018-06-12 00:03:52,724 start mining - depth 3
2018-06-12 00:03:52,724 start mining - hash 2b7bf47e94886df8af9237d39630dcacb6c0f0635b3432c056bc3119d1dd4d2b
2018-06-12 00:03:53,086 RCV proposal
2018-06-12 00:03:53,088 appended honest propose 66caf3f347 on top of 2b7bf47e94
2018-06-12 00:03:53,089 REINFORCEMENT SENT state
2018-06-12 00:03:53,356 RCV reinforcement info
2018-06-12 00:03:53,362 , 14.123073084680097
2018-06-12 00:03:53,413 RCV reinforcement
2018-06-12 00:03:53,664 RF found but not transmitted
2018-06-12 00:03:53,710 RCV reinforcement info
2018-06-12 00:03:53,715 , 14.189153813267854
2018-06-12 00:03:53,771 RCV reinforcement
2018-06-12 00:03:54,264 RCV reinforcement info
2018-06-12 00:03:54,269 , 14.37726329289211
2018-06-12 00:03:54,321 RCV reinforcement
2018-06-12 00:03:54,436 RCV reinforcement info
2018-06-12 00:03:54,441 , 14.595178867149642
2018-06-12 00:03:54,487 RCV reinforcement
2018-06-12 00:03:54,580 RCV commit
2018-06-12 00:03:54,598 appended honest commit 003e78f896 on top of 66caf3f347
2018-06-12 00:03:54,620 Weight: 15.595178867149642 #RFs 4
2018-06-12 00:03:54,620 weight: 15.595178867149642
2018-06-12 00:03:54,620 , 15.595178867149642
2018-06-12 00:03:54,620 MINING state
2018-06-12 00:03:54,621 start mining - depth 4
2018-06-12 00:03:54,621 start mining - hash 003e78f89695cf025b79ce47a7892a7ad4aafaed34517cca2bed1713567d5ea4
2018-06-12 00:03:54,753 RCV reinforcement info
2018-06-12 00:03:54,763 , 15.688913539177188
2018-06-12 00:03:54,966 RCV proposal
2018-06-12 00:03:54,969 appended honest propose e2bb480b62 on top of 003e78f896
2018-06-12 00:03:54,970 REINFORCEMENT SENT state
2018-06-12 00:03:55,031 RCV reinforcement
2018-06-12 00:03:55,300 RCV reinforcement info
2018-06-12 00:03:55,305 , 15.764273778105029
2018-06-12 00:03:55,377 RCV reinforcement
2018-06-12 00:03:56,115 RCV reinforcement info
2018-06-12 00:03:56,120 , 15.863447532084061
2018-06-12 00:03:56,178 RCV reinforcement
2018-06-12 00:03:56,474 RCV commit
2018-06-12 00:03:56,486 appended honest commit c701c2e309 on top of e2bb480b62
2018-06-12 00:03:56,491 Weight: 16.76427377810503 #RFs 2
2018-06-12 00:03:56,491 weight: 16.76427377810503
2018-06-12 00:03:56,493 , 16.76427377810503
2018-06-12 00:03:56,493 MINING state
2018-06-12 00:03:56,493 start mining - depth 5
2018-06-12 00:03:56,493 start mining - hash c701c2e309401aa7f43c38d605468c703a8a3dfcd104c219776802f3b4fc70db
2018-06-12 00:03:56,791 RCV reinforcement info
2018-06-12 00:03:56,796 , 16.863232881515184
2018-06-12 00:03:56,840 RF found but not transmitted
2018-06-12 00:03:56,948 RF found but not transmitted
2018-06-12 00:03:56,951 RF found
2018-06-12 00:03:56,952 SNT reinforcement_information
2018-06-12 00:03:57,078 RF found but not transmitted
2018-06-12 00:03:57,079 RF found
2018-06-12 00:03:57,082 SNT reinforcement_information
2018-06-12 00:03:57,978 RF found but not transmitted
2018-06-12 00:03:58,440 RCV reinforcement info
2018-06-12 00:03:58,445 , 17.189190192938256
2018-06-12 00:03:58,702 RCV proposal
2018-06-12 00:03:58,705 appended honest propose 1015cbc98b on top of c701c2e309
2018-06-12 00:03:58,705 REINFORCEMENT SENT state
2018-06-12 00:03:58,706 RFs > 0 
2018-06-12 00:03:58,719 SNT reinforcement
2018-06-12 00:03:58,855 RCV reinforcement
2018-06-12 00:03:58,886 RCV reinforcement
2018-06-12 00:03:59,098 RCV reinforcement info
2018-06-12 00:03:59,104 , 17.274646956345766
2018-06-12 00:03:59,164 RCV reinforcement
2018-06-12 00:03:59,248 RF found but not transmitted
2018-06-12 00:03:59,252 SNT reinforcement_information
2018-06-12 00:03:59,327 SNT reinforcement
2018-06-12 00:03:59,693 RCV reinforcement info
2018-06-12 00:03:59,697 , 17.43747878331479
2018-06-12 00:03:59,750 RCV reinforcement
2018-06-12 00:04:00,023 RCV reinforcement info
2018-06-12 00:04:00,028 , 17.609608167638868
2018-06-12 00:04:00,084 RCV reinforcement info
2018-06-12 00:04:00,088 , 17.810023988805085
2018-06-12 00:04:00,108 RCV reinforcement
2018-06-12 00:04:00,149 RCV reinforcement
2018-06-12 00:04:00,235 RCV commit
2018-06-12 00:04:00,269 appended honest commit 63522d0bcc on top of 1015cbc98b
2018-06-12 00:04:00,285 Weight: 18.34921250800821 #RFs 6
2018-06-12 00:04:00,286 weight: 18.34921250800821
2018-06-12 00:04:00,286 , 18.34921250800821
2018-06-12 00:04:00,286 MINING state
2018-06-12 00:04:00,286 start mining - depth 6
2018-06-12 00:04:00,287 start mining - hash 63522d0bcca7a007eabebfd8fd513828e89aadfd90d99471a29f2549fd801ebd
2018-06-12 00:04:00,490 RF found but not transmitted
2018-06-12 00:04:00,588 RF found but not transmitted
2018-06-12 00:04:01,835 RCV reinforcement info
2018-06-12 00:04:01,839 , 18.413131153489747
2018-06-12 00:04:02,475 RF found but not transmitted
2018-06-12 00:04:03,512 RCV reinforcement info
2018-06-12 00:04:03,516 , 18.577895974739985
2018-06-12 00:04:04,232 RF found but not transmitted
2018-06-12 00:04:05,002 RCV reinforcement info
2018-06-12 00:04:05,007 , 18.889184054392693
2018-06-12 00:04:05,918 RCV reinforcement info
2018-06-12 00:04:05,922 , 19.110775697591514
2018-06-12 00:04:07,484 RF found but not transmitted
2018-06-12 00:04:08,241 RCV reinforcement info
2018-06-12 00:04:08,246 , 19.35296274764614
2018-06-12 00:04:08,320 RCV reinforcement info
2018-06-12 00:04:08,324 , 19.44403502583904
2018-06-12 00:04:08,419 RF found but not transmitted
2018-06-12 00:04:08,419 RF found
2018-06-12 00:04:08,421 SNT reinforcement_information
2018-06-12 00:04:08,529 RCV reinforcement info
2018-06-12 00:04:08,564 , 19.94459219594882
2018-06-12 00:04:08,569 RCV proposal
2018-06-12 00:04:08,591 appended honest propose 5346cca31c on top of 63522d0bcc
2018-06-12 00:04:08,592 REINFORCEMENT SENT state
2018-06-12 00:04:08,592 RFs > 0 
2018-06-12 00:04:08,593 SNT reinforcement
2018-06-12 00:04:08,750 RCV reinforcement
2018-06-12 00:04:08,755 RCV reinforcement
2018-06-12 00:04:08,757 RCV reinforcement
2018-06-12 00:04:08,762 RCV reinforcement
2018-06-12 00:04:08,778 RCV reinforcement info
2018-06-12 00:04:08,789 , 20.03310865414568
2018-06-12 00:04:08,849 RCV reinforcement
2018-06-12 00:04:09,518 RCV reinforcement info
2018-06-12 00:04:09,522 , 20.102309177508328
2018-06-12 00:04:09,582 RCV reinforcement
2018-06-12 00:04:09,964 RCV commit
2018-06-12 00:04:10,035 appended honest commit a158490885 on top of 5346cca31c
2018-06-12 00:04:10,075 Weight: 21.10230917750833 #RFs 10
2018-06-12 00:04:10,075 weight: 21.10230917750833
2018-06-12 00:04:10,075 , 21.10230917750833
2018-06-12 00:04:10,075 MINING state
2018-06-12 00:04:10,075 start mining - depth 7
2018-06-12 00:04:10,076 start mining - hash a15849088539de08adbd81e3e93679134614ab565790dd1fa23325f7aa3d0980
2018-06-12 00:04:10,076 Hashing frequency: 7166
2018-06-12 00:04:11,531 RF found but not transmitted
2018-06-12 00:04:12,419 RCV reinforcement info
2018-06-12 00:04:12,424 , 21.23054003645631
2018-06-12 00:04:14,212 RCV reinforcement info
2018-06-12 00:04:14,217 , 21.71882746040966
2018-06-12 00:04:14,985 RCV reinforcement info
2018-06-12 00:04:14,989 , 21.781937026885117
2018-06-12 00:04:16,454 RF found but not transmitted
2018-06-12 00:04:16,496 RCV reinforcement info
2018-06-12 00:04:16,501 , 21.973066661922083
2018-06-12 00:04:17,313 RCV reinforcement info
2018-06-12 00:04:17,318 , 22.38080729869435
2018-06-12 00:04:17,432 RCV reinforcement info
2018-06-12 00:04:17,436 , 22.54454171957974
2018-06-12 00:04:18,627 RCV reinforcement info
2018-06-12 00:04:18,632 , 22.674331388333563
2018-06-12 00:04:19,062 RCV reinforcement info
2018-06-12 00:04:19,066 , 22.750600620836774
2018-06-12 00:04:19,894 RCV reinforcement info
2018-06-12 00:04:19,898 , 22.85431081980803
2018-06-12 00:04:20,632 RCV reinforcement info
2018-06-12 00:04:20,636 , 22.978868689567648
2018-06-12 00:04:21,407 RCV reinforcement info
2018-06-12 00:04:21,412 , 23.052285045491395
2018-06-12 00:04:22,608 RCV reinforcement info
2018-06-12 00:04:22,613 , 23.35029347241051
2018-06-12 00:04:23,776 RCV reinforcement info
2018-06-12 00:04:23,780 , 23.56441164558804
2018-06-12 00:04:24,293 RCV reinforcement info
2018-06-12 00:04:24,297 , 23.707686751251035
2018-06-12 00:04:24,460 RCV reinforcement info
2018-06-12 00:04:24,464 , 24.003120320054617
2018-06-12 00:04:24,503 RF found but not transmitted
2018-06-12 00:04:24,632 RCV reinforcement info
2018-06-12 00:04:24,636 , 24.09399205521406
2018-06-12 00:04:24,810 RCV reinforcement info
2018-06-12 00:04:24,815 , 24.24439047938627
2018-06-12 00:04:25,173 RCV reinforcement info
2018-06-12 00:04:25,178 , 24.39999525681269
2018-06-12 00:04:25,722 RF found but not transmitted
2018-06-12 00:04:27,571 RCV reinforcement info
2018-06-12 00:04:27,579 , 24.577811321268364
2018-06-12 00:04:28,454 RF found but not transmitted
2018-06-12 00:04:28,457 RF found
2018-06-12 00:04:28,461 SNT reinforcement_information
2018-06-12 00:04:28,558 RCV reinforcement info
2018-06-12 00:04:28,562 , 24.85851426111217
2018-06-12 00:04:29,186 RF found but not transmitted
2018-06-12 00:04:29,187 RF found
2018-06-12 00:04:29,189 SNT reinforcement_information
2018-06-12 00:04:29,269 RCV reinforcement info
2018-06-12 00:04:29,272 , 25.032706884028617
2018-06-12 00:04:29,400 RF found but not transmitted
2018-06-12 00:04:29,760 RF found but not transmitted
2018-06-12 00:04:30,022 RF found but not transmitted
2018-06-12 00:04:30,765 RCV reinforcement info
2018-06-12 00:04:30,770 , 26.02188980072053
2018-06-12 00:04:30,954 RCV reinforcement info
2018-06-12 00:04:30,960 , 26.091710228479663
2018-06-12 00:04:31,102 RF found but not transmitted
2018-06-12 00:04:31,418 RCV proposal
2018-06-12 00:04:31,423 appended honest propose 75d8f008e4 on top of a158490885
2018-06-12 00:04:31,423 REINFORCEMENT SENT state
2018-06-12 00:04:31,424 RFs > 0 
2018-06-12 00:04:31,425 SNT reinforcement
2018-06-12 00:04:31,585 RCV reinforcement
2018-06-12 00:04:31,602 RCV reinforcement
2018-06-12 00:04:31,626 RCV reinforcement
2018-06-12 00:04:31,633 RCV reinforcement
2018-06-12 00:04:31,638 RCV reinforcement
2018-06-12 00:04:32,857 RF found but not transmitted
2018-06-12 00:04:33,002 RCV commit
2018-06-12 00:04:33,143 appended honest commit 6045698226 on top of 75d8f008e4
2018-06-12 00:04:33,278 Weight: 27.091710228479663 #RFs 25
2018-06-12 00:04:33,279 weight: 27.091710228479663
2018-06-12 00:04:33,279 , 27.091710228479663
2018-06-12 00:04:33,279 MINING state
2018-06-12 00:04:33,279 start mining - depth 8
2018-06-12 00:04:33,296 start mining - hash 60456982265ed0cea7c9dba2734503cb275d3f30cbb2cefe68efa55d3f46cd22
2018-06-12 00:04:33,424 RCV proposal
2018-06-12 00:04:33,429 appended malicious propose 7af834e0a5 on top of a158490885
2018-06-12 00:04:33,504 RCV reinforcement
2018-06-12 00:04:33,519 RCV reinforcement
2018-06-12 00:04:33,846 RCV reinforcement info
2018-06-12 00:04:33,851 , 27.2065942946591
2018-06-12 00:04:34,982 RCV commit
2018-06-12 00:04:35,057 appended malicious commit b2325694ec on top of 7af834e0a5
2018-06-12 00:04:35,131 Weight: 24.26219082611682 #RFs 14
2018-06-12 00:04:35,131 weight: 24.26219082611682
2018-06-12 00:04:35,132 , 24.26219082611682
2018-06-12 00:04:35,464 RCV reinforcement info
2018-06-12 00:04:35,469 , 27.280220908207987
2018-06-12 00:04:35,858 RCV reinforcement info
2018-06-12 00:04:35,863 , 27.36561140481519
2018-06-12 00:04:36,908 RCV reinforcement info
2018-06-12 00:04:36,913 , 27.501481546155453
2018-06-12 00:04:36,995 RCV reinforcement info
2018-06-12 00:04:37,002 , 27.56807737736968
2018-06-12 00:04:37,343 RCV reinforcement info
2018-06-12 00:04:37,348 , 27.642714004031426
2018-06-12 00:04:37,591 RCV reinforcement info
2018-06-12 00:04:37,596 , 27.722830086997146
2018-06-12 00:04:38,155 RCV proposal
2018-06-12 00:04:38,159 appended honest propose eaf1a2d8b0 on top of 6045698226
2018-06-12 00:04:38,159 REINFORCEMENT SENT state
2018-06-12 00:04:38,240 RCV reinforcement
2018-06-12 00:04:38,251 RCV reinforcement
2018-06-12 00:04:38,267 RCV reinforcement
2018-06-12 00:04:38,605 RF found but not transmitted
2018-06-12 00:04:38,657 RCV reinforcement info
2018-06-12 00:04:38,662 , 27.863045051754696
2018-06-12 00:04:38,726 RCV reinforcement
2018-06-12 00:04:38,733 RF found but not transmitted
2018-06-12 00:04:39,689 RCV commit
2018-06-12 00:04:39,746 appended honest commit 2d100f53de on top of eaf1a2d8b0
2018-06-12 00:04:39,797 Weight: 28.863045051754696 #RFs 8
2018-06-12 00:04:39,798 weight: 28.863045051754696
2018-06-12 00:04:39,800 , 28.863045051754696
2018-06-12 00:04:39,801 MINING state
2018-06-12 00:04:39,801 start mining - depth 9
2018-06-12 00:04:39,801 start mining - hash 2d100f53ded2c09e9d280ea975c9472455e5642edead11d4c610dbff3a3a5c86
2018-06-12 00:04:39,934 RCV proposal
2018-06-12 00:04:39,938 appended malicious propose 6b70d7fc76 on top of 6045698226
2018-06-12 00:04:39,988 RCV reinforcement
2018-06-12 00:04:40,012 RCV reinforcement
2018-06-12 00:04:40,348 RCV reinforcement info
2018-06-12 00:04:40,353 , 29.32231896430186
2018-06-12 00:04:40,655 RCV reinforcement info
2018-06-12 00:04:40,659 , 29.45207973383172
2018-06-12 00:04:41,277 RCV reinforcement info
2018-06-12 00:04:41,281 , 29.548869811864677
2018-06-12 00:04:41,453 RCV commit
2018-06-12 00:04:41,491 appended malicious commit 15d3ccf892 on top of 6b70d7fc76
2018-06-12 00:04:41,521 Weight: 28.96854869143721 #RFs 6
2018-06-12 00:04:41,521 weight: 28.96854869143721
2018-06-12 00:04:41,522 , 28.96854869143721
2018-06-12 00:04:41,592 RCV reinforcement info
2018-06-12 00:04:41,599 , 30.32591453753506
2018-06-12 00:04:41,861 RCV reinforcement info
2018-06-12 00:04:41,866 , 30.418889342880046
2018-06-12 00:04:41,986 RCV reinforcement info
2018-06-12 00:04:41,990 , 31.10992015109133
2018-06-12 00:04:42,428 RF found but not transmitted
2018-06-12 00:04:42,440 RCV reinforcement info
2018-06-12 00:04:42,444 , 31.1812216647186
2018-06-12 00:04:42,889 RCV reinforcement info
2018-06-12 00:04:42,893 , 31.263816633159713
2018-06-12 00:04:43,869 RCV reinforcement info
2018-06-12 00:04:43,873 , 31.40213839491067
2018-06-12 00:04:44,971 RCV proposal
2018-06-12 00:04:44,975 appended honest propose 39e32c9a7d on top of 2d100f53de
2018-06-12 00:04:44,975 REINFORCEMENT SENT state
2018-06-12 00:04:45,120 RCV reinforcement
2018-06-12 00:04:45,143 RCV reinforcement
2018-06-12 00:04:45,155 RCV reinforcement
2018-06-12 00:04:45,177 RCV reinforcement
2018-06-12 00:04:45,184 RCV reinforcement
2018-06-12 00:04:46,503 RCV commit
2018-06-12 00:04:46,567 appended honest commit e88dc0d553 on top of 39e32c9a7d
2018-06-12 00:04:46,598 Weight: 32.402138394910665 #RFs 9
2018-06-12 00:04:46,601 weight: 32.402138394910665
2018-06-12 00:04:46,601 , 32.402138394910665
2018-06-12 00:04:46,603 MINING state
2018-06-12 00:04:46,604 start mining - depth 10
2018-06-12 00:04:46,605 start mining - hash e88dc0d553137ee63a508bec2179d553e360c50cba673220baa8ce3150a902f2
2018-06-12 00:04:46,769 RCV reinforcement info
2018-06-12 00:04:46,775 , 32.4710628742025
2018-06-12 00:04:47,022 RF found but not transmitted
2018-06-12 00:04:47,026 RF found
2018-06-12 00:04:47,030 SNT reinforcement_information
2018-06-12 00:04:47,370 RCV reinforcement info
2018-06-12 00:04:47,372 , 32.613658026121726
2018-06-12 00:04:48,548 RCV reinforcement info
2018-06-12 00:04:48,553 , 32.924415007319034
2018-06-12 00:04:48,574 RCV reinforcement info
2018-06-12 00:04:48,578 , 32.987327085163535
2018-06-12 00:04:48,867 RF found but not transmitted
2018-06-12 00:04:50,084 RCV reinforcement info
2018-06-12 00:04:50,091 , 33.26493810585663
2018-06-12 00:04:50,633 RF found but not transmitted
2018-06-12 00:04:50,635 RF found
2018-06-12 00:04:50,639 SNT reinforcement_information
2018-06-12 00:04:51,244 RF found but not transmitted
2018-06-12 00:04:51,378 RCV reinforcement info
2018-06-12 00:04:51,392 , 33.80165528674942
2018-06-12 00:04:51,796 RF found but not transmitted
2018-06-12 00:04:51,798 RF found
2018-06-12 00:04:51,802 SNT reinforcement_information
2018-06-12 00:04:51,932 RCV reinforcement info
2018-06-12 00:04:51,936 , 33.98898458525993
2018-06-12 00:04:52,781 RCV reinforcement info
2018-06-12 00:04:52,785 , 34.24678878063669
2018-06-12 00:04:53,698 RCV reinforcement info
2018-06-12 00:04:53,703 , 34.3112556399765
2018-06-12 00:04:54,947 RCV proposal
2018-06-12 00:04:54,950 appended honest propose 94c5880d81 on top of e88dc0d553
2018-06-12 00:04:54,950 REINFORCEMENT SENT state
2018-06-12 00:04:54,951 RFs > 0 
2018-06-12 00:04:54,952 SNT reinforcement
2018-06-12 00:04:55,068 RCV reinforcement
2018-06-12 00:04:55,089 RCV reinforcement
2018-06-12 00:04:55,107 RCV reinforcement
2018-06-12 00:04:55,120 RCV reinforcement
2018-06-12 00:04:55,177 RCV reinforcement info
2018-06-12 00:04:55,182 , 34.39688958153466
2018-06-12 00:04:55,244 RCV reinforcement
2018-06-12 00:04:56,162 RF found but not transmitted
2018-06-12 00:04:56,501 RCV commit
2018-06-12 00:04:56,594 appended honest commit d7ed4c2465 on top of 94c5880d81
2018-06-12 00:04:56,648 Weight: 35.396889581534666 #RFs 13
2018-06-12 00:04:56,649 weight: 35.396889581534666
2018-06-12 00:04:56,649 , 35.396889581534666
2018-06-12 00:04:56,649 MINING state
2018-06-12 00:04:56,649 start mining - depth 11
2018-06-12 00:04:56,650 start mining - hash d7ed4c24656ca2e2ecb7de99a23289c828fdd5aee1cfc465c6bf88bc6f9bffc3
2018-06-12 00:04:57,924 RF found but not transmitted
2018-06-12 00:04:59,750 RF found but not transmitted
2018-06-12 00:04:59,983 RCV reinforcement info
2018-06-12 00:04:59,987 , 35.48854785668236
2018-06-12 00:05:00,195 RCV reinforcement info
2018-06-12 00:05:00,200 , 35.66809534483736
2018-06-12 00:05:00,366 RCV reinforcement info
2018-06-12 00:05:00,371 , 35.828277213705455
2018-06-12 00:05:00,701 RF found but not transmitted
2018-06-12 00:05:00,703 RF found
2018-06-12 00:05:00,707 SNT reinforcement_information
2018-06-12 00:05:01,265 RF found but not transmitted
2018-06-12 00:05:02,536 RCV reinforcement info
2018-06-12 00:05:02,541 , 35.979513385810286
2018-06-12 00:05:02,675 RCV reinforcement info
2018-06-12 00:05:02,681 , 36.0424221965663
2018-06-12 00:05:03,683 RCV proposal
2018-06-12 00:05:03,686 appended honest propose 6f48c692dd on top of d7ed4c2465
2018-06-12 00:05:03,687 REINFORCEMENT SENT state
2018-06-12 00:05:03,687 RFs > 0 
2018-06-12 00:05:03,688 SNT reinforcement
2018-06-12 00:05:03,852 RCV reinforcement
2018-06-12 00:05:03,856 RCV reinforcement
2018-06-12 00:05:03,861 RCV reinforcement
2018-06-12 00:05:03,884 RCV reinforcement
2018-06-12 00:05:05,209 RCV commit
2018-06-12 00:05:05,256 appended honest commit 92475539b9 on top of 6f48c692dd
2018-06-12 00:05:05,283 Weight: 37.0424221965663 #RFs 6
2018-06-12 00:05:05,283 weight: 37.0424221965663
2018-06-12 00:05:05,283 , 37.0424221965663
2018-06-12 00:05:05,283 MINING state
2018-06-12 00:05:05,284 start mining - depth 12
2018-06-12 00:05:05,284 start mining - hash 92475539b98d7983cbfc7878f8934ef66789e7cc72da2534d82c16c984b6c54a
2018-06-12 00:05:06,239 RF found but not transmitted
2018-06-12 00:05:06,240 RF found
2018-06-12 00:05:06,243 SNT reinforcement_information
2018-06-12 00:05:06,510 RF found but not transmitted
2018-06-12 00:05:07,140 RCV reinforcement info
2018-06-12 00:05:07,145 , 37.358399430847854
2018-06-12 00:05:07,214 RCV reinforcement info
2018-06-12 00:05:07,219 , 37.9920306880418
2018-06-12 00:05:07,838 RCV reinforcement info
2018-06-12 00:05:07,843 , 38.071928154495374
2018-06-12 00:05:08,158 RCV reinforcement info
2018-06-12 00:05:08,162 , 38.683487029459336
2018-06-12 00:05:09,964 RCV reinforcement info
2018-06-12 00:05:09,969 , 38.747105846090584
2018-06-12 00:05:10,497 RF found but not transmitted
2018-06-12 00:05:11,970 RCV proposal
2018-06-12 00:05:11,973 appended honest propose 514d1244ed on top of 92475539b9
2018-06-12 00:05:11,973 REINFORCEMENT SENT state
2018-06-12 00:05:11,973 RFs > 0 
2018-06-12 00:05:11,974 SNT reinforcement
2018-06-12 00:05:12,087 RCV reinforcement
2018-06-12 00:05:12,102 RCV reinforcement
2018-06-12 00:05:12,108 RCV reinforcement
2018-06-12 00:05:13,218 RCV reinforcement info
2018-06-12 00:05:13,225 , 39.395453569000864
2018-06-12 00:05:13,284 RCV reinforcement
2018-06-12 00:05:13,491 RCV commit
2018-06-12 00:05:13,535 appended honest commit 482464a47c on top of 514d1244ed
2018-06-12 00:05:13,553 Weight: 40.395453569000864 #RFs 7
2018-06-12 00:05:13,553 weight: 40.395453569000864
2018-06-12 00:05:13,553 , 40.395453569000864
2018-06-12 00:05:13,554 MINING state
2018-06-12 00:05:13,554 start mining - depth 13
2018-06-12 00:05:13,554 start mining - hash 482464a47c081c4a501a25da5eb99b4c63966bcd24b78a9288f751beb2385e1b
2018-06-12 00:05:13,555 Hashing frequency: 9998
2018-06-12 00:05:14,449 RF found but not transmitted
2018-06-12 00:05:14,452 RF found
2018-06-12 00:05:14,455 SNT reinforcement_information
2018-06-12 00:05:14,939 RF found but not transmitted
2018-06-12 00:05:14,941 RF found
2018-06-12 00:05:14,947 SNT reinforcement_information
2018-06-12 00:05:17,433 RCV proposal
2018-06-12 00:05:17,435 appended honest propose a72f9e0043 on top of 482464a47c
2018-06-12 00:05:17,436 REINFORCEMENT SENT state
2018-06-12 00:05:17,436 RFs > 0 
2018-06-12 00:05:17,437 SNT reinforcement
2018-06-12 00:05:17,732 RCV reinforcement info
2018-06-12 00:05:17,740 , 41.152793592811335
2018-06-12 00:05:17,786 RCV reinforcement
2018-06-12 00:05:17,857 RCV reinforcement info
2018-06-12 00:05:17,864 , 41.22049766012552
2018-06-12 00:05:17,935 RCV reinforcement
2018-06-12 00:05:18,976 RCV commit
2018-06-12 00:05:18,995 appended honest commit badfbd255a on top of a72f9e0043
2018-06-12 00:05:19,040 Weight: 42.22049766012552 #RFs 4
2018-06-12 00:05:19,040 weight: 42.22049766012552
2018-06-12 00:05:19,041 , 42.22049766012552
2018-06-12 00:05:19,041 MINING state
2018-06-12 00:05:19,041 start mining - depth 14
2018-06-12 00:05:19,041 start mining - hash badfbd255a84ce4038028ebf4e07df2b0fd1338a35ec6fe50a1c3e6095b7d49b
2018-06-12 00:05:20,229 RCV proposal
2018-06-12 00:05:20,231 appended honest propose 148c675a4e on top of badfbd255a
2018-06-12 00:05:20,232 REINFORCEMENT SENT state
2018-06-12 00:05:20,946 RF found but not transmitted
2018-06-12 00:05:20,948 SNT reinforcement_information
2018-06-12 00:05:21,022 SNT reinforcement
2018-06-12 00:05:21,168 RCV reinforcement info
2018-06-12 00:05:21,171 , 42.55750116792639
2018-06-12 00:05:21,245 RCV reinforcement
2018-06-12 00:05:21,750 RCV commit
2018-06-12 00:05:21,753 appended honest commit 38514d5729 on top of 148c675a4e
2018-06-12 00:05:21,767 Weight: 43.307707213401976 #RFs 1
2018-06-12 00:05:21,767 weight: 43.307707213401976
2018-06-12 00:05:21,772 , 43.307707213401976
2018-06-12 00:05:21,772 MINING state
2018-06-12 00:05:21,772 start mining - depth 15
2018-06-12 00:05:21,773 start mining - hash 38514d5729b1f7d6f80184aec00d14e7f20ac9094ea4ee3dc3b83f9d34324f03
2018-06-12 00:05:22,501 RCV proposal
2018-06-12 00:05:22,503 appended honest propose 89263ff110 on top of 38514d5729
2018-06-12 00:05:22,503 REINFORCEMENT SENT state
2018-06-12 00:05:22,637 RCV reinforcement info
2018-06-12 00:05:22,641 , 43.38314228029943
2018-06-12 00:05:22,694 RCV reinforcement
2018-06-12 00:05:24,012 RCV commit
2018-06-12 00:05:24,015 appended honest commit 9ecab698c2 on top of 89263ff110
2018-06-12 00:05:24,017 Weight: 44.38314228029943 #RFs 1
2018-06-12 00:05:24,017 weight: 44.38314228029943
2018-06-12 00:05:24,022 , 44.38314228029943
2018-06-12 00:05:24,023 MINING state
2018-06-12 00:05:24,023 start mining - depth 16
2018-06-12 00:05:24,023 start mining - hash 9ecab698c269bcc47e80a536781b6fa6005bfae0b70455d3c24b194367e1313a
2018-06-12 00:05:24,169 RCV reinforcement info
2018-06-12 00:05:24,173 , 44.45816017326494
2018-06-12 00:05:24,589 RCV reinforcement info
2018-06-12 00:05:24,593 , 44.530354940452234
2018-06-12 00:05:24,989 RCV reinforcement info
2018-06-12 00:05:24,993 , 44.841455634966934
2018-06-12 00:05:26,291 RCV reinforcement info
2018-06-12 00:05:26,294 , 44.968837289414004
2018-06-12 00:05:26,725 RF found but not transmitted
2018-06-12 00:05:26,726 RF found
2018-06-12 00:05:26,728 SNT reinforcement_information
2018-06-12 00:05:27,076 RCV reinforcement info
2018-06-12 00:05:27,078 , 45.2074312331066
2018-06-12 00:05:27,880 RCV reinforcement info
2018-06-12 00:05:27,884 , 45.3493908071128
2018-06-12 00:05:29,528 RF found but not transmitted
2018-06-12 00:05:30,641 RCV reinforcement info
2018-06-12 00:05:30,645 , 45.56443271990969
2018-06-12 00:05:31,002 RF found but not transmitted
2018-06-12 00:05:32,394 RF found but not transmitted
2018-06-12 00:05:32,396 RF found
2018-06-12 00:05:32,398 SNT reinforcement_information
2018-06-12 00:05:32,544 RF found but not transmitted
2018-06-12 00:05:32,654 RF found but not transmitted
2018-06-12 00:05:32,848 RF found but not transmitted
2018-06-12 00:05:33,165 RCV reinforcement info
2018-06-12 00:05:33,169 , 46.01868870487337
2018-06-12 00:05:34,776 RCV reinforcement info
2018-06-12 00:05:34,780 , 46.09485949257324
2018-06-12 00:05:35,424 RCV reinforcement info
2018-06-12 00:05:35,428 , 46.91788709409093
2018-06-12 00:05:35,846 RCV reinforcement info
2018-06-12 00:05:35,850 , 47.021079679340204
2018-06-12 00:05:36,185 RCV reinforcement info
2018-06-12 00:05:36,189 , 47.09319007880092
2018-06-12 00:05:36,503 RCV reinforcement info
2018-06-12 00:05:36,507 , 47.23408240801353
2018-06-12 00:05:36,757 RF found but not transmitted
2018-06-12 00:05:37,268 RF found but not transmitted
2018-06-12 00:05:38,470 RCV reinforcement info
2018-06-12 00:05:38,475 , 47.30496501612935
2018-06-12 00:05:38,607 RCV reinforcement info
2018-06-12 00:05:38,610 , 47.40163856261185
2018-06-12 00:05:39,049 RCV reinforcement info
2018-06-12 00:05:39,053 , 47.495636089263726
2018-06-12 00:05:41,945 RCV reinforcement info
2018-06-12 00:05:41,949 , 47.58042404767585
2018-06-12 00:05:42,104 RCV reinforcement info
2018-06-12 00:05:42,107 , 48.05356976205389
2018-06-12 00:05:42,426 RCV reinforcement info
2018-06-12 00:05:42,431 , 48.649750222067716
2018-06-12 00:05:42,530 RF found but not transmitted
2018-06-12 00:05:42,897 RCV reinforcement info
2018-06-12 00:05:42,901 , 48.792288128257916
2018-06-12 00:05:43,574 RCV reinforcement info
2018-06-12 00:05:43,577 , 49.49799561457055
2018-06-12 00:05:43,796 RCV reinforcement info
2018-06-12 00:05:43,800 , 49.620485003446305
2018-06-12 00:05:44,068 RF found but not transmitted
2018-06-12 00:05:45,032 RF found but not transmitted
2018-06-12 00:05:45,943 RCV proposal
2018-06-12 00:05:45,946 appended honest propose 29e87db061 on top of 9ecab698c2
2018-06-12 00:05:45,946 REINFORCEMENT SENT state
2018-06-12 00:05:45,946 RFs > 0 
2018-06-12 00:05:45,947 SNT reinforcement
2018-06-12 00:05:46,114 RCV reinforcement
2018-06-12 00:05:46,135 RCV reinforcement
2018-06-12 00:05:46,140 RCV reinforcement
2018-06-12 00:05:46,143 RCV reinforcement
2018-06-12 00:05:46,148 RCV reinforcement
2018-06-12 00:05:46,233 RCV reinforcement info
2018-06-12 00:05:46,238 , 50.620485003446305
2018-06-12 00:05:46,302 RCV reinforcement
2018-06-12 00:05:46,382 RF found but not transmitted
2018-06-12 00:05:46,717 RCV reinforcement info
2018-06-12 00:05:46,721 , 50.70223133947292
2018-06-12 00:05:46,787 RCV reinforcement
2018-06-12 00:05:46,878 RF found but not transmitted
2018-06-12 00:05:46,881 SNT reinforcement_information
2018-06-12 00:05:46,972 SNT reinforcement
2018-06-12 00:05:47,092 RCV reinforcement info
2018-06-12 00:05:47,098 , 51.82496528631316
2018-06-12 00:05:47,102 RCV reinforcement info
2018-06-12 00:05:47,105 , 51.89456539281487
2018-06-12 00:05:47,107 RCV reinforcement
2018-06-12 00:05:47,129 RCV reinforcement
2018-06-12 00:05:47,377 RF found but not transmitted
2018-06-12 00:05:47,568 RCV commit
2018-06-12 00:05:47,747 appended honest commit 9cc966f4fd on top of 29e87db061
2018-06-12 00:05:47,882 Weight: 52.89456539281487 #RFs 29
2018-06-12 00:05:47,882 weight: 52.89456539281487
2018-06-12 00:05:47,882 , 52.89456539281487
2018-06-12 00:05:47,883 MINING state
2018-06-12 00:05:47,883 start mining - depth 17
2018-06-12 00:05:47,883 start mining - hash 9cc966f4fd9d95c7ad4a473470e098ced4fe649419061bdf24a844b5332daafb
2018-06-12 00:05:47,888 RF found but not transmitted
2018-06-12 00:05:48,034 RCV proposal
2018-06-12 00:05:48,041 appended malicious propose 3f21cb7745 on top of 9ecab698c2
2018-06-12 00:05:48,116 RCV reinforcement
2018-06-12 00:05:48,121 RCV reinforcement
2018-06-12 00:05:48,756 RCV reinforcement info
2018-06-12 00:05:48,761 , 53.19766763204725
2018-06-12 00:05:48,779 RCV reinforcement info
2018-06-12 00:05:48,784 , 53.329949928014955
2018-06-12 00:05:49,041 RCV reinforcement info
2018-06-12 00:05:49,046 , 54.21442701759098
2018-06-12 00:05:49,540 RCV commit
2018-06-12 00:05:49,609 appended malicious commit da8cb58b8f on top of 3f21cb7745
2018-06-12 00:05:49,713 Weight: 47.59480560626003 #RFs 14
2018-06-12 00:05:49,713 weight: 47.59480560626003
2018-06-12 00:05:49,713 , 47.59480560626003
2018-06-12 00:05:49,921 RCV reinforcement info
2018-06-12 00:05:49,934 , 54.97737900628655
2018-06-12 00:05:50,311 RF found but not transmitted
2018-06-12 00:05:50,316 RF found
2018-06-12 00:05:50,319 SNT reinforcement_information
2018-06-12 00:05:50,394 RCV reinforcement info
2018-06-12 00:05:50,399 , 55.23400053576837
2018-06-12 00:05:50,607 RF found but not transmitted
2018-06-12 00:05:50,726 RF found but not transmitted
2018-06-12 00:05:51,207 RCV reinforcement info
2018-06-12 00:05:51,212 , 55.314305303839284
2018-06-12 00:05:51,242 RCV reinforcement info
2018-06-12 00:05:51,246 , 55.389854737078394
2018-06-12 00:05:51,415 RF found but not transmitted
2018-06-12 00:05:51,417 RF found
2018-06-12 00:05:51,419 SNT reinforcement_information
2018-06-12 00:05:51,741 RF found but not transmitted
2018-06-12 00:05:51,891 RCV reinforcement info
2018-06-12 00:05:51,897 , 55.546387158798574
2018-06-12 00:05:53,577 RF found but not transmitted
2018-06-12 00:05:53,578 RF found
2018-06-12 00:05:53,579 SNT reinforcement_information
2018-06-12 00:05:53,721 RCV reinforcement info
2018-06-12 00:05:53,730 , 55.77356887081272
2018-06-12 00:05:54,294 RCV reinforcement info
2018-06-12 00:05:54,298 , 55.86649936855942
2018-06-12 00:05:56,147 RCV proposal
2018-06-12 00:05:56,150 appended honest propose fe59f5ac2e on top of 9cc966f4fd
2018-06-12 00:05:56,151 REINFORCEMENT SENT state
2018-06-12 00:05:56,151 RFs > 0 
2018-06-12 00:05:56,152 SNT reinforcement
2018-06-12 00:05:56,372 RCV reinforcement
2018-06-12 00:05:56,375 RCV reinforcement
2018-06-12 00:05:56,379 RCV reinforcement
2018-06-12 00:05:56,382 RCV reinforcement
2018-06-12 00:05:56,385 RCV reinforcement
2018-06-12 00:05:56,631 RCV reinforcement info
2018-06-12 00:05:56,641 , 56.06744748476171
2018-06-12 00:05:56,696 RCV reinforcement
2018-06-12 00:05:56,875 RCV reinforcement info
2018-06-12 00:05:56,880 , 56.35758568792474
2018-06-12 00:05:56,946 RCV reinforcement
2018-06-12 00:05:57,716 RCV commit
2018-06-12 00:05:57,854 appended honest commit 1059adb91e on top of fe59f5ac2e
2018-06-12 00:05:57,928 Weight: 57.35758568792474 #RFs 15
2018-06-12 00:05:57,929 weight: 57.35758568792474
2018-06-12 00:05:57,929 , 57.35758568792474
2018-06-12 00:05:57,929 MINING state
2018-06-12 00:05:57,929 start mining - depth 18
2018-06-12 00:05:57,930 start mining - hash 1059adb91e71296eec83fc0bf4246fd05b419d7435e78cda21851faf6e825e19
2018-06-12 00:05:57,961 RF found but not transmitted
2018-06-12 00:05:58,078 RCV proposal
2018-06-12 00:05:58,092 appended malicious propose 96baf85464 on top of 9cc966f4fd
2018-06-12 00:05:58,170 RCV reinforcement
2018-06-12 00:05:58,446 RF found but not transmitted
2018-06-12 00:05:58,941 RCV reinforcement info
2018-06-12 00:05:58,946 , 57.67646494405566
2018-06-12 00:05:59,416 RCV reinforcement info
2018-06-12 00:05:59,423 , 58.00513276308892
2018-06-12 00:05:59,575 RCV reinforcement
2018-06-12 00:05:59,606 RCV commit
2018-06-12 00:05:59,641 appended malicious commit b23d1c6fbd on top of 96baf85464
2018-06-12 00:05:59,652 Weight: 56.904870078997014 #RFs 5
2018-06-12 00:05:59,652 weight: 56.904870078997014
2018-06-12 00:05:59,652 , 56.904870078997014
2018-06-12 00:06:00,049 RF found but not transmitted
2018-06-12 00:06:00,051 hash found
2018-06-12 00:06:00,055 appended honest propose bec5025cc6 on top of 1059adb91e
2018-06-12 00:06:00,056 REINFORCEMENT COLLECTING state
2018-06-12 00:06:00,056 SNT proposal
2018-06-12 00:06:00,238 RCV reinforcement
2018-06-12 00:06:00,249 RCV reinforcement
2018-06-12 00:06:00,445 RCV reinforcement info
2018-06-12 00:06:00,450 , 58.15406585575162
2018-06-12 00:06:00,505 RCV reinforcement
2018-06-12 00:06:00,652 RCV reinforcement info
2018-06-12 00:06:00,660 , 58.393471834009695
2018-06-12 00:06:00,749 RCV reinforcement
2018-06-12 00:06:01,560 commit with 3 reinforcements
2018-06-12 00:06:01,566 appended honest commit b6ddc8ba48 on top of bec5025cc6
2018-06-12 00:06:01,593 Weight: 59.393471834009695 #RFs 4
2018-06-12 00:06:01,593 weight: 59.393471834009695
2018-06-12 00:06:01,594 , 59.393471834009695
2018-06-12 00:06:01,594 MINING state
2018-06-12 00:06:01,594 start mining - depth 19
2018-06-12 00:06:01,594 start mining - hash b6ddc8ba483e5bb0b000c244d5a6b4944ba9e4832b19670b6effdda1e548fa72
2018-06-12 00:06:01,595 SNT commit
2018-06-12 00:06:01,670 RCV reinforcement info
2018-06-12 00:06:01,711 RCV reinforcement
2018-06-12 00:06:01,800 RCV reinforcement info
2018-06-12 00:06:01,884 RCV reinforcement
2018-06-12 00:06:02,052 RF found but not transmitted
2018-06-12 00:06:02,058 RF found
2018-06-12 00:06:02,059 SNT reinforcement_information
2018-06-12 00:06:02,138 RCV reinforcement info
2018-06-12 00:06:02,142 , 59.58208352649984
2018-06-12 00:06:02,456 RCV reinforcement info
2018-06-12 00:06:02,459 , 59.86025199663654
2018-06-12 00:06:02,543 RCV reinforcement info
2018-06-12 00:06:02,546 , 60.22394763712472
2018-06-12 00:06:02,951 RF found but not transmitted
2018-06-12 00:06:03,186 RCV reinforcement info
2018-06-12 00:06:03,190 , 60.28733642552512
2018-06-12 00:06:04,091 RCV reinforcement info
2018-06-12 00:06:04,095 , 60.48775884452887
2018-06-12 00:06:04,638 RF found but not transmitted
2018-06-12 00:06:04,984 RCV proposal
2018-06-12 00:06:04,987 appended honest propose 75b033c8cf on top of b6ddc8ba48
2018-06-12 00:06:04,987 REINFORCEMENT SENT state
2018-06-12 00:06:04,988 RFs > 0 
2018-06-12 00:06:04,989 SNT reinforcement
2018-06-12 00:06:05,226 RF found but not transmitted
2018-06-12 00:06:05,243 RCV reinforcement
2018-06-12 00:06:05,255 RCV reinforcement
2018-06-12 00:06:05,277 RCV reinforcement
2018-06-12 00:06:05,304 RF found but not transmitted
2018-06-12 00:06:05,574 RF found but not transmitted
2018-06-12 00:06:05,576 SNT reinforcement_information
2018-06-12 00:06:05,641 SNT reinforcement
2018-06-12 00:06:05,688 RF found but not transmitted
2018-06-12 00:06:05,758 RCV reinforcement info
2018-06-12 00:06:05,762 , 60.77972203766585
2018-06-12 00:06:05,800 RCV reinforcement
2018-06-12 00:06:06,274 RCV reinforcement info
2018-06-12 00:06:06,278 , 61.07980321875183
2018-06-12 00:06:06,361 RCV reinforcement
2018-06-12 00:06:06,444 RF found but not transmitted
2018-06-12 00:06:06,448 SNT reinforcement_information
2018-06-12 00:06:06,522 SNT reinforcement
2018-06-12 00:06:06,592 RF found but not transmitted
2018-06-12 00:06:06,761 RCV commit
2018-06-12 00:06:06,780 appended honest commit 62242bc7da on top of 75b033c8cf
2018-06-12 00:06:06,800 Weight: 62.07980321875183 #RFs 9
2018-06-12 00:06:06,800 weight: 62.07980321875183
2018-06-12 00:06:06,801 , 62.07980321875183
2018-06-12 00:06:06,801 MINING state
2018-06-12 00:06:06,802 start mining - depth 20
2018-06-12 00:06:06,802 start mining - hash 62242bc7da2c8de63694b60b453eb7f7e1603106705cd7f1688eb2e4e456ff5e
2018-06-12 00:06:06,939 RF found but not transmitted
2018-06-12 00:06:06,971 RCV proposal
2018-06-12 00:06:06,976 appended honest propose 7feabfa923 on top of 62242bc7da
2018-06-12 00:06:06,977 REINFORCEMENT SENT state
2018-06-12 00:06:07,454 RCV reinforcement info
2018-06-12 00:06:07,460 , 62.578878230789
2018-06-12 00:06:07,522 RCV reinforcement
2018-06-12 00:06:07,946 RCV reinforcement info
2018-06-12 00:06:07,955 , 62.811054378646
2018-06-12 00:06:08,032 RCV reinforcement
2018-06-12 00:06:08,190 RF found but not transmitted
2018-06-12 00:06:08,194 SNT reinforcement_information
2018-06-12 00:06:08,305 SNT reinforcement
2018-06-12 00:06:08,323 RF found but not transmitted
2018-06-12 00:06:08,397 SNT reinforcement_information
2018-06-12 00:06:08,488 SNT reinforcement
2018-06-12 00:06:08,495 RF found but not transmitted
2018-06-12 00:06:08,619 RCV reinforcement info
2018-06-12 00:06:08,632 , 64.05425624089824
2018-06-12 00:06:08,643 RCV reinforcement
2018-06-12 00:06:08,771 RCV commit
2018-06-12 00:06:08,788 appended honest commit e59d495d9c on top of 7feabfa923
2018-06-12 00:06:08,791 Weight: 63.18552344467413 #RFs 1
2018-06-12 00:06:08,791 weight: 63.18552344467413
2018-06-12 00:06:08,792 , 63.18552344467413
2018-06-12 00:06:08,792 MINING state
2018-06-12 00:06:08,792 start mining - depth 21
2018-06-12 00:06:08,793 start mining - hash e59d495d9cecef2f4f22c8d23c82adf49a6b390d8a922c9dd6e73e01e8422994
2018-06-12 00:06:08,826 RCV reinforcement info
2018-06-12 00:06:08,904 RCV reinforcement
2018-06-12 00:06:09,485 RCV reinforcement info
2018-06-12 00:06:09,489 , 63.357341458947275
2018-06-12 00:06:09,628 RCV reinforcement info
2018-06-12 00:06:09,632 , 63.45452647772301
2018-06-12 00:06:10,169 RF found but not transmitted
2018-06-12 00:06:10,273 RCV reinforcement info
2018-06-12 00:06:10,277 , 63.74672243925905
2018-06-12 00:06:11,440 RF found but not transmitted
2018-06-12 00:06:11,701 RCV proposal
2018-06-12 00:06:11,703 appended honest propose 20c6edacae on top of e59d495d9c
2018-06-12 00:06:11,704 REINFORCEMENT SENT state
2018-06-12 00:06:11,795 RCV reinforcement
2018-06-12 00:06:11,806 RCV reinforcement
2018-06-12 00:06:12,516 RCV reinforcement info
2018-06-12 00:06:12,525 , 63.81893743336611
2018-06-12 00:06:12,594 RCV reinforcement
2018-06-12 00:06:13,094 RCV reinforcement info
2018-06-12 00:06:13,098 , 63.90879019151757
2018-06-12 00:06:13,171 RCV reinforcement
2018-06-12 00:06:13,219 RCV commit
2018-06-12 00:06:13,253 appended honest commit b4c004d74c on top of 20c6edacae
2018-06-12 00:06:13,268 Weight: 64.8189374333661 #RFs 4
2018-06-12 00:06:13,269 weight: 64.8189374333661
2018-06-12 00:06:13,269 , 64.8189374333661
2018-06-12 00:06:13,269 MINING state
2018-06-12 00:06:13,269 start mining - depth 22
2018-06-12 00:06:13,270 start mining - hash b4c004d74c192ca1837bd6647128188bfacae73570cfcc4ffcd77fe9f381880d
2018-06-12 00:06:13,556 RCV reinforcement info
2018-06-12 00:06:13,560 , 64.8927379449834
2018-06-12 00:06:15,068 RCV reinforcement info
2018-06-12 00:06:15,073 , 65.00150859799247
2018-06-12 00:06:15,134 RCV reinforcement info
2018-06-12 00:06:15,138 , 65.09351154523507
2018-06-12 00:06:15,602 RCV reinforcement info
2018-06-12 00:06:15,606 , 65.40230444610802
2018-06-12 00:06:15,759 RF found but not transmitted
2018-06-12 00:06:15,760 RF found
2018-06-12 00:06:15,762 SNT reinforcement_information
2018-06-12 00:06:15,769 RF found but not transmitted
2018-06-12 00:06:15,848 RCV reinforcement info
2018-06-12 00:06:15,858 , 65.77092441006936
2018-06-12 00:06:16,614 RCV reinforcement info
2018-06-12 00:06:16,619 , 66.19168929153345
2018-06-12 00:06:17,319 RCV reinforcement info
2018-06-12 00:06:17,328 , 66.65669290241892
2018-06-12 00:06:17,541 RCV reinforcement info
2018-06-12 00:06:17,545 , 67.10626077525129
2018-06-12 00:06:17,723 RCV reinforcement info
2018-06-12 00:06:17,727 , 67.25902581975241
2018-06-12 00:06:17,849 RCV reinforcement info
2018-06-12 00:06:17,853 , 67.7715327016996
2018-06-12 00:06:17,969 RCV proposal
2018-06-12 00:06:17,972 appended honest propose 28ca29eaf2 on top of b4c004d74c
2018-06-12 00:06:17,972 REINFORCEMENT SENT state
2018-06-12 00:06:17,973 RFs > 0 
2018-06-12 00:06:17,973 SNT reinforcement
2018-06-12 00:06:18,098 RCV reinforcement info
2018-06-12 00:06:18,105 , 67.84039485954658
2018-06-12 00:06:18,119 RCV reinforcement
2018-06-12 00:06:18,147 RCV reinforcement
2018-06-12 00:06:18,183 RCV reinforcement
2018-06-12 00:06:18,211 RCV reinforcement
2018-06-12 00:06:18,245 RCV reinforcement
2018-06-12 00:06:18,438 RCV reinforcement info
2018-06-12 00:06:18,443 , 67.93842485482494
2018-06-12 00:06:18,508 RCV reinforcement
2018-06-12 00:06:19,063 RF found but not transmitted
2018-06-12 00:06:19,523 RCV commit
2018-06-12 00:06:19,589 appended honest commit 6aea7d72e6 on top of 28ca29eaf2
2018-06-12 00:06:19,688 Weight: 68.93842485482494 #RFs 13
2018-06-12 00:06:19,689 weight: 68.93842485482494
2018-06-12 00:06:19,689 , 68.93842485482494
2018-06-12 00:06:19,689 MINING state
2018-06-12 00:06:19,689 start mining - depth 23
2018-06-12 00:06:19,693 start mining - hash 6aea7d72e623fbf5766f9713dcb602510b2fd6f232d35225e3414426febfe2b5
2018-06-12 00:06:19,694 Hashing frequency: 11182
2018-06-12 00:06:20,940 RCV reinforcement info
2018-06-12 00:06:20,949 , 69.14406120520891
2018-06-12 00:06:21,057 RF found but not transmitted
2018-06-12 00:06:21,528 RCV reinforcement info
2018-06-12 00:06:21,533 , 69.2229565726517
2018-06-12 00:06:22,022 RCV reinforcement info
2018-06-12 00:06:22,028 , 69.30398611783662
2018-06-12 00:06:23,162 RF found but not transmitted
2018-06-12 00:06:23,632 RCV reinforcement info
2018-06-12 00:06:23,637 , 69.78311196748311
2018-06-12 00:06:24,218 RCV reinforcement info
2018-06-12 00:06:24,223 , 70.18786421807623
2018-06-12 00:06:24,471 RCV reinforcement info
2018-06-12 00:06:24,476 , 70.28530388707742
2018-06-12 00:06:24,728 RF found but not transmitted
2018-06-12 00:06:24,866 RCV reinforcement info
2018-06-12 00:06:24,871 , 70.36172886057287
2018-06-12 00:06:24,993 RCV reinforcement info
2018-06-12 00:06:24,998 , 70.81871100784126
2018-06-12 00:06:25,064 RF found but not transmitted
2018-06-12 00:06:25,374 RCV reinforcement info
2018-06-12 00:06:25,379 , 70.93184822488176
2018-06-12 00:06:26,267 RCV reinforcement info
2018-06-12 00:06:26,272 , 71.10580517264543
2018-06-12 00:06:27,542 RCV reinforcement info
2018-06-12 00:06:27,547 , 71.24172354160521
2018-06-12 00:06:27,670 RCV reinforcement info
2018-06-12 00:06:27,675 , 71.5736170774205
2018-06-12 00:06:28,043 RF found but not transmitted
2018-06-12 00:06:28,404 RF found but not transmitted
2018-06-12 00:06:28,750 RCV reinforcement info
2018-06-12 00:06:28,755 , 71.64398676076196
2018-06-12 00:06:29,359 RCV reinforcement info
2018-06-12 00:06:29,363 , 71.95477696425601
2018-06-12 00:06:29,715 RCV reinforcement info
2018-06-12 00:06:29,720 , 72.19381879226204
2018-06-12 00:06:30,301 RF found but not transmitted
2018-06-12 00:06:33,090 RCV reinforcement info
2018-06-12 00:06:33,095 , 72.32592979513163
2018-06-12 00:06:33,417 RCV reinforcement info
2018-06-12 00:06:33,422 , 72.40822706009699
2018-06-12 00:06:33,490 RF found but not transmitted
2018-06-12 00:06:33,813 RF found but not transmitted
2018-06-12 00:06:34,582 RCV reinforcement info
2018-06-12 00:06:34,587 , 72.50763767343189
2018-06-12 00:06:34,909 RCV reinforcement info
2018-06-12 00:06:34,914 , 72.59920644914895
2018-06-12 00:06:35,027 RCV reinforcement info
2018-06-12 00:06:35,031 , 72.67107644369986
2018-06-12 00:06:35,374 RCV reinforcement info
2018-06-12 00:06:35,379 , 72.80023593730216
2018-06-12 00:06:35,381 RF found but not transmitted
2018-06-12 00:06:35,573 RCV reinforcement info
2018-06-12 00:06:35,579 , 73.26883691564436
2018-06-12 00:06:36,564 RCV reinforcement info
2018-06-12 00:06:36,569 , 73.34051561816311
2018-06-12 00:06:37,583 RCV reinforcement info
2018-06-12 00:06:37,588 , 73.49768063249284
2018-06-12 00:06:37,709 RF found but not transmitted
2018-06-12 00:06:37,855 RF found but not transmitted
2018-06-12 00:06:38,411 RCV reinforcement info
2018-06-12 00:06:38,416 , 73.56573863534913
2018-06-12 00:06:38,417 RF found but not transmitted
2018-06-12 00:06:38,921 RCV reinforcement info
2018-06-12 00:06:38,926 , 73.69069311498524
2018-06-12 00:06:38,960 RCV reinforcement info
2018-06-12 00:06:38,965 , 73.79962077552459
2018-06-12 00:06:39,381 RCV reinforcement info
2018-06-12 00:06:39,386 , 73.8841492047507
2018-06-12 00:06:39,422 RF found but not transmitted
2018-06-12 00:06:39,935 RCV reinforcement info
2018-06-12 00:06:39,940 , 74.10169674169222
2018-06-12 00:06:40,174 RCV reinforcement info
2018-06-12 00:06:40,178 , 74.21167457058613
2018-06-12 00:06:40,645 RCV reinforcement info
2018-06-12 00:06:40,650 , 74.31669389920967
2018-06-12 00:06:41,361 RCV reinforcement info
2018-06-12 00:06:41,367 , 74.38006874493897
2018-06-12 00:06:41,380 RCV reinforcement info
2018-06-12 00:06:41,396 , 74.54776266165118
2018-06-12 00:06:41,815 RCV reinforcement info
2018-06-12 00:06:41,820 , 74.69988123547478
2018-06-12 00:06:42,202 RCV reinforcement info
2018-06-12 00:06:42,207 , 74.94919720194541
2018-06-12 00:06:42,953 RCV reinforcement info
2018-06-12 00:06:42,964 , 75.01821983847503
2018-06-12 00:06:43,226 RF found but not transmitted
2018-06-12 00:06:44,644 RF found but not transmitted
2018-06-12 00:06:44,754 RCV reinforcement info
2018-06-12 00:06:44,759 , 75.10373884692264
2018-06-12 00:06:45,467 RCV reinforcement info
2018-06-12 00:06:45,472 , 75.1699211132036
2018-06-12 00:06:45,684 RF found but not transmitted
2018-06-12 00:06:45,798 RF found but not transmitted
2018-06-12 00:06:46,956 RCV reinforcement info
2018-06-12 00:06:46,962 , 75.39227749979584
2018-06-12 00:06:47,018 RCV reinforcement info
2018-06-12 00:06:47,024 , 75.45549177895671
2018-06-12 00:06:47,326 RF found but not transmitted
2018-06-12 00:06:47,328 RF found
2018-06-12 00:06:47,330 SNT reinforcement_information
2018-06-12 00:06:48,328 RCV reinforcement info
2018-06-12 00:06:48,333 , 75.58947616816323
2018-06-12 00:06:48,410 RF found but not transmitted
2018-06-12 00:06:49,641 RF found but not transmitted
2018-06-12 00:06:49,642 RF found
2018-06-12 00:06:49,643 SNT reinforcement_information
2018-06-12 00:06:49,881 RCV proposal
2018-06-12 00:06:49,895 appended honest propose 9607453322 on top of 6aea7d72e6
2018-06-12 00:06:49,897 REINFORCEMENT SENT state
2018-06-12 00:06:49,897 RFs > 0 
2018-06-12 00:06:49,898 SNT reinforcement
2018-06-12 00:06:50,111 RCV reinforcement
2018-06-12 00:06:50,120 RCV reinforcement
2018-06-12 00:06:50,124 RCV reinforcement
2018-06-12 00:06:50,133 RCV reinforcement
2018-06-12 00:06:50,137 RCV reinforcement
2018-06-12 00:06:50,214 RF found but not transmitted
2018-06-12 00:06:50,822 RCV reinforcement info
2018-06-12 00:06:50,828 , 75.7540896124557
2018-06-12 00:06:50,906 RF found but not transmitted
2018-06-12 00:06:50,911 RCV reinforcement
2018-06-12 00:06:51,555 RCV commit
2018-06-12 00:06:51,899 appended honest commit dd297d4f28 on top of 9607453322
2018-06-12 00:06:52,179 Weight: 76.66959678113173 #RFs 43
2018-06-12 00:06:52,180 weight: 76.66959678113173
2018-06-12 00:06:52,180 , 76.66959678113173
2018-06-12 00:06:52,180 MINING state
2018-06-12 00:06:52,180 start mining - depth 24
2018-06-12 00:06:52,181 start mining - hash dd297d4f285ac0231f425fb46273dbb3728d682d75b93c9bc9ca773dba61009d
2018-06-12 00:06:52,291 RCV reinforcement info
2018-06-12 00:06:52,304 , 76.75776043462439
2018-06-12 00:06:52,362 RCV reinforcement info
2018-06-12 00:06:52,373 , 76.87970908639824
2018-06-12 00:06:52,948 RCV reinforcement info
2018-06-12 00:06:52,953 , 77.02171455781425
2018-06-12 00:06:53,448 RCV reinforcement info
2018-06-12 00:06:53,455 , 77.10961428319801
2018-06-12 00:06:53,809 RF found but not transmitted
2018-06-12 00:06:53,812 RF found
2018-06-12 00:06:53,814 SNT reinforcement_information
2018-06-12 00:06:54,760 RCV reinforcement info
2018-06-12 00:06:54,765 , 77.24504121444626
2018-06-12 00:06:54,839 RCV reinforcement info
2018-06-12 00:06:54,844 , 77.3897813381778
2018-06-12 00:06:54,914 RCV reinforcement info
2018-06-12 00:06:54,918 , 77.79626895738402
2018-06-12 00:06:55,001 RF found but not transmitted
2018-06-12 00:06:55,141 RCV reinforcement info
2018-06-12 00:06:55,146 , 77.87560841260176
2018-06-12 00:06:55,797 RCV reinforcement info
2018-06-12 00:06:55,802 , 78.022449970899
2018-06-12 00:06:55,925 RF found but not transmitted
2018-06-12 00:06:56,414 RCV reinforcement info
2018-06-12 00:06:56,419 , 78.09414985408755
2018-06-12 00:06:56,675 RCV reinforcement info
2018-06-12 00:06:56,680 , 78.17424112394639
2018-06-12 00:06:58,097 RCV reinforcement info
2018-06-12 00:06:58,102 , 78.25906817631115
2018-06-12 00:06:58,268 RCV reinforcement info
2018-06-12 00:06:58,274 , 78.35106720369626
2018-06-12 00:07:00,140 RCV reinforcement info
2018-06-12 00:07:00,144 , 78.48495374157764
2018-06-12 00:07:00,272 RCV reinforcement info
2018-06-12 00:07:00,277 , 78.8625457114489
2018-06-12 00:07:00,641 RF found but not transmitted
2018-06-12 00:07:00,645 RCV reinforcement info
2018-06-12 00:07:00,651 , 78.97457114840682
2018-06-12 00:07:01,332 RCV reinforcement info
2018-06-12 00:07:01,337 , 79.05105843104326
2018-06-12 00:07:01,634 RCV reinforcement info
2018-06-12 00:07:01,640 , 79.15748753873706
2018-06-12 00:07:01,826 RCV reinforcement info
2018-06-12 00:07:01,831 , 79.81348833124623
2018-06-12 00:07:02,127 RF found but not transmitted
2018-06-12 00:07:02,168 RF found but not transmitted
2018-06-12 00:07:02,376 RF found but not transmitted
2018-06-12 00:07:03,064 RF found but not transmitted
2018-06-12 00:07:03,422 RCV reinforcement info
2018-06-12 00:07:03,427 , 79.8996795084238
2018-06-12 00:07:04,162 RF found but not transmitted
2018-06-12 00:07:04,163 RF found
2018-06-12 00:07:04,167 SNT reinforcement_information
2018-06-12 00:07:05,479 RF found but not transmitted
2018-06-12 00:07:05,818 RCV reinforcement info
2018-06-12 00:07:05,823 , 80.9554327013142
2018-06-12 00:07:06,039 RF found but not transmitted
2018-06-12 00:07:06,163 RF found but not transmitted
2018-06-12 00:07:06,833 RCV reinforcement info
2018-06-12 00:07:06,840 , 81.69144502058866
2018-06-12 00:07:06,972 RCV reinforcement info
2018-06-12 00:07:06,980 , 82.21729145100184
2018-06-12 00:07:07,045 RF found but not transmitted
2018-06-12 00:07:07,115 RCV reinforcement info
2018-06-12 00:07:07,120 , 82.33581775355665
2018-06-12 00:07:07,439 RCV reinforcement info
2018-06-12 00:07:07,444 , 82.58196036145817
2018-06-12 00:07:07,576 RF found but not transmitted
2018-06-12 00:07:07,597 RF found but not transmitted
2018-06-12 00:07:07,728 RCV proposal
2018-06-12 00:07:07,742 appended honest propose fc43e0d5f2 on top of dd297d4f28
2018-06-12 00:07:07,743 REINFORCEMENT SENT state
2018-06-12 00:07:07,743 RFs > 0 
2018-06-12 00:07:07,744 SNT reinforcement
2018-06-12 00:07:07,922 RCV reinforcement
2018-06-12 00:07:07,932 RCV reinforcement
2018-06-12 00:07:07,941 RCV reinforcement
2018-06-12 00:07:07,972 RCV reinforcement
2018-06-12 00:07:08,016 RCV reinforcement
2018-06-12 00:07:08,186 RCV reinforcement info
2018-06-12 00:07:08,195 , 82.65325103242495
2018-06-12 00:07:08,314 RCV reinforcement
2018-06-12 00:07:09,360 RCV commit
2018-06-12 00:07:09,610 appended honest commit a53dbcbac2 on top of fc43e0d5f2
2018-06-12 00:07:09,694 RF found but not transmitted
2018-06-12 00:07:09,854 Weight: 83.65325103242495 #RFs 28
2018-06-12 00:07:09,854 weight: 83.65325103242495
2018-06-12 00:07:09,854 , 83.65325103242495
2018-06-12 00:07:09,855 MINING state
2018-06-12 00:07:09,855 start mining - depth 25
2018-06-12 00:07:09,855 start mining - hash a53dbcbac270b0775a07094c5e1d9372ca2a9127bf294297114091fe8eb4c00a
2018-06-12 00:07:10,137 RCV proposal
2018-06-12 00:07:10,143 appended malicious propose 706d3372d7 on top of dd297d4f28
2018-06-12 00:07:10,252 RCV reinforcement
2018-06-12 00:07:10,678 RCV reinforcement
2018-06-12 00:07:10,741 RCV reinforcement
2018-06-12 00:07:10,784 RCV reinforcement info
2018-06-12 00:07:10,790 , 83.71602527610057
2018-06-12 00:07:10,860 RCV reinforcement info
2018-06-12 00:07:10,870 , 83.78608524798688
2018-06-12 00:07:11,662 RCV commit
2018-06-12 00:07:11,686 appended malicious commit 9701f14fb4 on top of 706d3372d7
2018-06-12 00:07:11,705 Weight: 79.10412232076665 #RFs 5
2018-06-12 00:07:11,706 weight: 79.10412232076665
2018-06-12 00:07:11,715 , 79.10412232076665
2018-06-12 00:07:11,815 RCV reinforcement info
2018-06-12 00:07:11,821 , 84.12626221276389
2018-06-12 00:07:12,688 RF found but not transmitted
2018-06-12 00:07:13,229 RF found but not transmitted
2018-06-12 00:07:13,230 RF found
2018-06-12 00:07:13,232 SNT reinforcement_information
2018-06-12 00:07:13,557 RCV reinforcement info
2018-06-12 00:07:13,577 , 84.57241645764468
2018-06-12 00:07:14,051 RF found but not transmitted
2018-06-12 00:07:14,053 RF found
2018-06-12 00:07:14,056 SNT reinforcement_information
2018-06-12 00:07:14,629 RCV reinforcement info
2018-06-12 00:07:14,642 , 84.7275138917284
2018-06-12 00:07:14,910 RCV reinforcement info
2018-06-12 00:07:14,915 , 84.9251838714655
2018-06-12 00:07:15,138 RF found but not transmitted
2018-06-12 00:07:15,141 RF found
2018-06-12 00:07:15,145 SNT reinforcement_information
2018-06-12 00:07:15,359 RCV reinforcement info
2018-06-12 00:07:15,364 , 85.38951418507168
2018-06-12 00:07:15,463 RCV reinforcement info
2018-06-12 00:07:15,468 , 85.53194822834975
2018-06-12 00:07:16,918 RCV reinforcement info
2018-06-12 00:07:16,923 , 85.65836540941251
2018-06-12 00:07:17,561 RCV reinforcement info
2018-06-12 00:07:17,566 , 85.82070328765568
2018-06-12 00:07:17,613 RF found but not transmitted
2018-06-12 00:07:17,615 RF found
2018-06-12 00:07:17,616 SNT reinforcement_information
2018-06-12 00:07:18,327 RF found but not transmitted
2018-06-12 00:07:18,566 RCV reinforcement info
2018-06-12 00:07:18,571 , 85.97433390733107
2018-06-12 00:07:19,159 RCV reinforcement info
2018-06-12 00:07:19,164 , 86.07753638217278
2018-06-12 00:07:19,491 RCV reinforcement info
2018-06-12 00:07:19,496 , 86.9657000656337
2018-06-12 00:07:19,924 RCV reinforcement info
2018-06-12 00:07:19,929 , 87.25653582054001
2018-06-12 00:07:20,048 RCV reinforcement info
2018-06-12 00:07:20,053 , 87.37037920545367
2018-06-12 00:07:20,731 RCV reinforcement info
2018-06-12 00:07:20,738 , 87.47293889146574
2018-06-12 00:07:20,783 RF found but not transmitted
2018-06-12 00:07:20,786 RF found
2018-06-12 00:07:20,788 SNT reinforcement_information
2018-06-12 00:07:21,181 RCV reinforcement info
2018-06-12 00:07:21,183 , 88.29749957678935
2018-06-12 00:07:22,461 RCV reinforcement info
2018-06-12 00:07:22,466 , 88.37471641258684
2018-06-12 00:07:22,811 RF found but not transmitted
2018-06-12 00:07:22,849 RCV reinforcement info
2018-06-12 00:07:22,854 , 88.53425977129407
2018-06-12 00:07:23,560 RF found but not transmitted
2018-06-12 00:07:23,851 RCV reinforcement info
2018-06-12 00:07:23,856 , 88.64229384470602
2018-06-12 00:07:23,857 RF found but not transmitted
2018-06-12 00:07:23,956 RF found but not transmitted
2018-06-12 00:07:24,609 RCV reinforcement info
2018-06-12 00:07:24,614 , 88.8050692478171
2018-06-12 00:07:25,323 RF found but not transmitted
2018-06-12 00:07:25,477 RF found but not transmitted
2018-06-12 00:07:25,517 RF found but not transmitted
2018-06-12 00:07:25,907 RF found but not transmitted
2018-06-12 00:07:25,991 RF found but not transmitted
2018-06-12 00:07:26,312 RCV reinforcement info
2018-06-12 00:07:26,317 , 88.91896993340336
2018-06-12 00:07:26,747 RCV reinforcement info
2018-06-12 00:07:26,752 , 89.00673974766745
2018-06-12 00:07:26,818 RCV reinforcement info
2018-06-12 00:07:26,824 , 89.11274057333362
2018-06-12 00:07:26,900 RF found but not transmitted
2018-06-12 00:07:27,280 RCV reinforcement info
2018-06-12 00:07:27,285 , 89.17931795549175
2018-06-12 00:07:27,951 RF found but not transmitted
2018-06-12 00:07:27,953 RF found
2018-06-12 00:07:27,955 SNT reinforcement_information
2018-06-12 00:07:28,414 RCV reinforcement info
2018-06-12 00:07:28,419 , 89.47187214138783
2018-06-12 00:07:28,883 RF found but not transmitted
2018-06-12 00:07:28,884 RF found
2018-06-12 00:07:28,886 SNT reinforcement_information
2018-06-12 00:07:28,993 RCV reinforcement info
2018-06-12 00:07:28,998 , 89.64053166633889
2018-06-12 00:07:29,361 RCV reinforcement info
2018-06-12 00:07:29,369 , 89.73976123553982
2018-06-12 00:07:29,704 RF found but not transmitted
2018-06-12 00:07:29,705 RF found
2018-06-12 00:07:29,708 SNT reinforcement_information
2018-06-12 00:07:30,205 RF found but not transmitted
2018-06-12 00:07:30,451 RF found but not transmitted
2018-06-12 00:07:30,453 RF found
2018-06-12 00:07:30,457 SNT reinforcement_information
2018-06-12 00:07:31,462 RCV reinforcement info
2018-06-12 00:07:31,467 , 89.99467983309958
2018-06-12 00:07:31,739 RF found but not transmitted
2018-06-12 00:07:31,766 RCV reinforcement info
2018-06-12 00:07:31,771 , 90.13836810150076
2018-06-12 00:07:32,296 RF found but not transmitted
2018-06-12 00:07:32,479 RF found but not transmitted
2018-06-12 00:07:32,499 RF found but not transmitted
2018-06-12 00:07:32,500 RF found
2018-06-12 00:07:32,501 SNT reinforcement_information
2018-06-12 00:07:32,602 RCV reinforcement info
2018-06-12 00:07:32,604 , 90.6112760244721
2018-06-12 00:07:33,149 RCV reinforcement info
2018-06-12 00:07:33,154 , 90.71844163412659
2018-06-12 00:07:33,844 RF found but not transmitted
2018-06-12 00:07:34,126 RCV reinforcement info
2018-06-12 00:07:34,131 , 90.79913363092678
2018-06-12 00:07:34,291 RCV reinforcement info
2018-06-12 00:07:34,296 , 90.86981158564808
2018-06-12 00:07:34,555 RCV reinforcement info
2018-06-12 00:07:34,561 , 90.99958258699891
2018-06-12 00:07:34,892 RCV reinforcement info
2018-06-12 00:07:34,897 , 91.07050891964872
2018-06-12 00:07:34,945 RF found but not transmitted
2018-06-12 00:07:35,204 RCV reinforcement info
2018-06-12 00:07:35,219 , 91.69690843933675
2018-06-12 00:07:35,453 RCV reinforcement info
2018-06-12 00:07:35,458 , 92.41463523486522
2018-06-12 00:07:35,476 RF found but not transmitted
2018-06-12 00:07:35,872 RF found but not transmitted
2018-06-12 00:07:36,810 RF found but not transmitted
2018-06-12 00:07:36,813 RF found
2018-06-12 00:07:36,818 SNT reinforcement_information
2018-06-12 00:07:37,511 RCV reinforcement info
2018-06-12 00:07:37,517 , 92.69137954569035
2018-06-12 00:07:38,475 RCV reinforcement info
2018-06-12 00:07:38,480 , 92.757740979608
2018-06-12 00:07:39,900 RCV reinforcement info
2018-06-12 00:07:39,905 , 93.04834236465007
2018-06-12 00:07:40,715 RF found but not transmitted
2018-06-12 00:07:41,158 RF found but not transmitted
2018-06-12 00:07:42,045 RCV reinforcement info
2018-06-12 00:07:42,050 , 93.11226978773789
2018-06-12 00:07:43,181 RCV reinforcement info
2018-06-12 00:07:43,185 , 93.2800992278215
2018-06-12 00:07:43,209 RCV reinforcement info
2018-06-12 00:07:43,214 , 93.34982694801847
2018-06-12 00:07:44,046 RF found but not transmitted
2018-06-12 00:07:44,118 RF found but not transmitted
2018-06-12 00:07:44,248 RCV reinforcement info
2018-06-12 00:07:44,251 , 93.4258474036029
2018-06-12 00:07:44,650 RF found but not transmitted
2018-06-12 00:07:44,653 RF found
2018-06-12 00:07:44,657 SNT reinforcement_information
2018-06-12 00:07:44,982 RCV reinforcement info
2018-06-12 00:07:44,990 , 93.6834582774998
2018-06-12 00:07:45,166 RF found but not transmitted
2018-06-12 00:07:45,487 RCV reinforcement info
2018-06-12 00:07:45,492 , 93.75588698888886
2018-06-12 00:07:45,715 RCV reinforcement info
2018-06-12 00:07:45,744 , 93.96551321683177
2018-06-12 00:07:45,958 RF found but not transmitted
2018-06-12 00:07:46,125 RCV reinforcement info
2018-06-12 00:07:46,130 , 94.0384625830653
2018-06-12 00:07:46,509 RF found but not transmitted
2018-06-12 00:07:46,969 RCV reinforcement info
2018-06-12 00:07:46,977 , 94.10205353362079
2018-06-12 00:07:47,300 RCV reinforcement info
2018-06-12 00:07:47,306 , 94.1773032055123
2018-06-12 00:07:47,376 RCV reinforcement info
2018-06-12 00:07:47,382 , 94.3757658672897
2018-06-12 00:07:48,161 RCV reinforcement info
2018-06-12 00:07:48,166 , 94.53768601205965
2018-06-12 00:07:48,444 RCV reinforcement info
2018-06-12 00:07:48,449 , 94.61927673694498
2018-06-12 00:07:49,728 RCV reinforcement info
2018-06-12 00:07:49,735 , 94.80230431804993
2018-06-12 00:07:50,549 RF found but not transmitted
2018-06-12 00:07:50,570 RF found but not transmitted
2018-06-12 00:07:50,695 RF found but not transmitted
2018-06-12 00:07:50,697 RF found
2018-06-12 00:07:50,699 SNT reinforcement_information
2018-06-12 00:07:51,402 RCV reinforcement info
2018-06-12 00:07:51,411 , 95.43116525795692
2018-06-12 00:07:51,551 RCV reinforcement info
2018-06-12 00:07:51,556 , 95.51997038992927
2018-06-12 00:07:51,562 RF found but not transmitted
2018-06-12 00:07:52,301 RCV reinforcement info
2018-06-12 00:07:52,306 , 95.66195400033811
2018-06-12 00:07:52,520 RCV reinforcement info
2018-06-12 00:07:52,525 , 95.74946729905994
2018-06-12 00:07:52,575 RCV reinforcement info
2018-06-12 00:07:52,580 , 95.9796282394034
2018-06-12 00:07:53,165 RCV reinforcement info
2018-06-12 00:07:53,170 , 96.0435486542784
2018-06-12 00:07:53,578 RCV reinforcement info
2018-06-12 00:07:53,584 , 96.50717417596215
2018-06-12 00:07:53,607 RF found but not transmitted
2018-06-12 00:07:53,673 RCV reinforcement info
2018-06-12 00:07:53,680 , 96.66739223619965
2018-06-12 00:07:54,100 RCV reinforcement info
2018-06-12 00:07:54,104 , 96.76325987170155
2018-06-12 00:07:54,609 RCV reinforcement info
2018-06-12 00:07:54,614 , 97.01236707996927
2018-06-12 00:07:55,431 RCV reinforcement info
2018-06-12 00:07:55,439 , 97.168458392981
2018-06-12 00:07:55,998 RF found but not transmitted
2018-06-12 00:07:56,639 RCV reinforcement info
2018-06-12 00:07:56,644 , 97.26438789940856
2018-06-12 00:07:56,716 RCV reinforcement info
2018-06-12 00:07:56,722 , 97.45703169738674
2018-06-12 00:07:56,833 RCV reinforcement info
2018-06-12 00:07:56,838 , 97.53015217267529
2018-06-12 00:07:56,902 RF found but not transmitted
2018-06-12 00:07:57,588 RF found but not transmitted
2018-06-12 00:07:57,768 RCV reinforcement info
2018-06-12 00:07:57,773 , 97.65533156923456
2018-06-12 00:07:58,818 RF found but not transmitted
2018-06-12 00:07:58,904 RCV reinforcement info
2018-06-12 00:07:58,909 , 97.73019876997867
2018-06-12 00:07:59,064 RCV reinforcement info
2018-06-12 00:07:59,069 , 97.93319814652897
2018-06-12 00:07:59,360 RCV reinforcement info
2018-06-12 00:07:59,365 , 98.12377942522123
2018-06-12 00:08:01,222 RF found but not transmitted
2018-06-12 00:08:02,426 RCV reinforcement info
2018-06-12 00:08:02,431 , 98.49621836648693
2018-06-12 00:08:03,264 RCV reinforcement info
2018-06-12 00:08:03,269 , 98.6008908819529
2018-06-12 00:08:03,798 RCV reinforcement info
2018-06-12 00:08:03,803 , 98.69955725385473
2018-06-12 00:08:03,841 RF found but not transmitted
2018-06-12 00:08:04,304 RCV reinforcement info
2018-06-12 00:08:04,309 , 98.77478858747693
2018-06-12 00:08:05,094 RF found but not transmitted
2018-06-12 00:08:05,479 RCV reinforcement info
2018-06-12 00:08:05,484 , 98.88045993439523
2018-06-12 00:08:06,874 RCV reinforcement info
2018-06-12 00:08:06,881 , 99.07848903422062
2018-06-12 00:08:06,918 RCV reinforcement info
2018-06-12 00:08:06,923 , 99.17803128372739
2018-06-12 00:08:07,114 RCV reinforcement info
2018-06-12 00:08:07,119 , 99.28621243153889
2018-06-12 00:08:09,264 RCV reinforcement info
2018-06-12 00:08:09,269 , 99.37208243110894
2018-06-12 00:08:10,037 RCV reinforcement info
2018-06-12 00:08:10,042 , 99.44073038792177
2018-06-12 00:08:10,455 RCV reinforcement info
2018-06-12 00:08:10,461 , 99.9188804757049
2018-06-12 00:08:10,772 RF found but not transmitted
2018-06-12 00:08:10,774 RF found
2018-06-12 00:08:10,777 SNT reinforcement_information
2018-06-12 00:08:10,915 RCV reinforcement info
2018-06-12 00:08:10,920 , 100.578996069348
2018-06-12 00:08:11,064 RF found but not transmitted
2018-06-12 00:08:12,336 RCV reinforcement info
2018-06-12 00:08:12,341 , 100.92625109180786
2018-06-12 00:08:12,381 RCV reinforcement info
2018-06-12 00:08:12,386 , 101.01031311383767
2018-06-12 00:08:12,618 RF found but not transmitted
2018-06-12 00:08:12,656 RCV reinforcement info
2018-06-12 00:08:12,661 , 101.08824872549174
2018-06-12 00:08:12,989 RCV reinforcement info
2018-06-12 00:08:12,993 , 101.2835687872464
2018-06-12 00:08:13,135 RF found but not transmitted
2018-06-12 00:08:13,957 RF found but not transmitted
2018-06-12 00:08:13,959 RF found
2018-06-12 00:08:13,961 SNT reinforcement_information
2018-06-12 00:08:14,605 RCV reinforcement info
2018-06-12 00:08:14,609 , 101.52647118167367
2018-06-12 00:08:14,705 RCV reinforcement info
2018-06-12 00:08:14,711 , 101.59428525188508
2018-06-12 00:08:15,318 RF found but not transmitted
2018-06-12 00:08:15,321 RCV reinforcement info
2018-06-12 00:08:15,331 , 101.7059518560767
2018-06-12 00:08:15,393 RCV reinforcement info
2018-06-12 00:08:15,398 , 101.8521779894468
2018-06-12 00:08:15,542 RCV reinforcement info
2018-06-12 00:08:15,549 , 102.41127635701795
2018-06-12 00:08:16,580 RF found but not transmitted
2018-06-12 00:08:16,945 RCV reinforcement info
2018-06-12 00:08:16,950 , 102.71534481315462
2018-06-12 00:08:17,272 RCV reinforcement info
2018-06-12 00:08:17,277 , 102.84474867169499
2018-06-12 00:08:17,357 RF found but not transmitted
2018-06-12 00:08:18,176 RCV reinforcement info
2018-06-12 00:08:18,181 , 102.92331950390357
2018-06-12 00:08:19,371 RCV reinforcement info
2018-06-12 00:08:19,376 , 103.04331063746824
2018-06-12 00:08:20,805 RCV reinforcement info
2018-06-12 00:08:20,810 , 103.2508158962463
2018-06-12 00:08:21,275 RCV reinforcement info
2018-06-12 00:08:21,280 , 103.39505603230963
2018-06-12 00:08:21,526 RCV reinforcement info
2018-06-12 00:08:21,531 , 103.77746058973273
2018-06-12 00:08:22,694 RCV reinforcement info
2018-06-12 00:08:22,699 , 103.85230162504511
2018-06-12 00:08:22,754 RCV reinforcement info
2018-06-12 00:08:22,760 , 104.08970334191201
2018-06-12 00:08:23,580 RF found but not transmitted
2018-06-12 00:08:23,840 RCV reinforcement info
2018-06-12 00:08:23,845 , 104.15617787962748
2018-06-12 00:08:24,772 RCV reinforcement info
2018-06-12 00:08:24,779 , 104.28481972507613
2018-06-12 00:08:24,895 RF found but not transmitted
2018-06-12 00:08:24,896 RF found
2018-06-12 00:08:24,899 SNT reinforcement_information
2018-06-12 00:08:24,983 RF found but not transmitted
2018-06-12 00:08:25,479 RCV reinforcement info
2018-06-12 00:08:25,483 , 104.64084714596781
2018-06-12 00:08:25,954 RCV reinforcement info
2018-06-12 00:08:25,959 , 105.44264301881603
2018-06-12 00:08:26,082 RF found but not transmitted
2018-06-12 00:08:26,173 RCV reinforcement info
2018-06-12 00:08:26,178 , 105.60480172049284
2018-06-12 00:08:26,232 RCV reinforcement info
2018-06-12 00:08:26,237 , 105.74039622633735
2018-06-12 00:08:26,427 RF found but not transmitted
2018-06-12 00:08:26,669 RF found but not transmitted
2018-06-12 00:08:26,670 RF found
2018-06-12 00:08:26,671 SNT reinforcement_information
2018-06-12 00:08:27,057 RCV reinforcement info
2018-06-12 00:08:27,061 , 105.87807128552423
2018-06-12 00:08:27,143 RCV proposal
2018-06-12 00:08:27,164 appended honest propose 17cbb16289 on top of a53dbcbac2
2018-06-12 00:08:27,164 REINFORCEMENT SENT state
2018-06-12 00:08:27,165 RFs > 0 
2018-06-12 00:08:27,166 SNT reinforcement
2018-06-12 00:08:27,439 RCV reinforcement
2018-06-12 00:08:27,446 RCV reinforcement
2018-06-12 00:08:27,457 RCV reinforcement
2018-06-12 00:08:27,461 RCV reinforcement
2018-06-12 00:08:27,466 RCV reinforcement
2018-06-12 00:08:27,563 RCV reinforcement info
2018-06-12 00:08:27,589 , 105.9767437250232
2018-06-12 00:08:27,724 RF found but not transmitted
2018-06-12 00:08:27,725 RCV reinforcement
2018-06-12 00:08:27,794 RCV reinforcement info
2018-06-12 00:08:27,802 , 106.0585166701579
2018-06-12 00:08:27,877 RCV reinforcement
2018-06-12 00:08:28,217 RCV reinforcement info
2018-06-12 00:08:28,223 , 106.20629538789886
2018-06-12 00:08:28,341 RCV reinforcement
2018-06-12 00:08:28,435 RCV reinforcement info
2018-06-12 00:08:28,443 , 106.32083056247797
2018-06-12 00:08:28,549 RCV reinforcement
2018-06-12 00:08:28,853 RF found but not transmitted
2018-06-12 00:08:28,857 SNT reinforcement_information
2018-06-12 00:08:28,929 SNT reinforcement
2018-06-12 00:08:29,125 RCV reinforcement info
2018-06-12 00:08:29,134 , 106.73101299001127
2018-06-12 00:08:29,266 RCV reinforcement
2018-06-12 00:08:29,320 RCV reinforcement info
2018-06-12 00:08:29,333 , 107.1080552099234
2018-06-12 00:08:29,388 RCV commit
2018-06-12 00:08:29,759 RF found but not transmitted
2018-06-12 00:08:30,401 appended honest commit 5ffd6d5b5d on top of 17cbb16289
2018-06-12 00:08:31,079 RF found but not transmitted
2018-06-12 00:08:31,365 Weight: 107.20629538789885 #RFs 130
2018-06-12 00:08:31,365 weight: 107.20629538789885
2018-06-12 00:08:31,365 , 107.20629538789885
2018-06-12 00:08:31,366 MINING state
2018-06-12 00:08:31,376 start mining - depth 26
2018-06-12 00:08:31,376 start mining - hash 5ffd6d5b5d2f87f91db3b4b62266b1f454a1a20e1ec577bbf65b2fb2e56e3a6f
2018-06-12 00:08:31,398 Hashing frequency: 27104
2018-06-12 00:08:31,421 RCV reinforcement
2018-06-12 00:08:31,648 RCV proposal
2018-06-12 00:08:31,671 appended malicious propose 7669b2390d on top of a53dbcbac2
2018-06-12 00:08:31,775 RCV reinforcement
2018-06-12 00:08:31,801 RCV reinforcement
2018-06-12 00:08:32,391 RCV reinforcement
2018-06-12 00:08:32,731 RF found but not transmitted
2018-06-12 00:08:33,190 RCV reinforcement info
2018-06-12 00:08:33,195 , 107.32732127719481
2018-06-12 00:08:33,400 RCV commit
2018-06-12 00:08:33,774 appended malicious commit f32efe1b36 on top of 7669b2390d
2018-06-12 00:08:34,024 Weight: 92.60461590774742 #RFs 42
2018-06-12 00:08:34,024 weight: 92.60461590774742
2018-06-12 00:08:34,025 , 92.60461590774742
2018-06-12 00:08:34,046 RF found but not transmitted
2018-06-12 00:08:34,337 RCV reinforcement info
2018-06-12 00:08:34,354 , 107.8191276418337
2018-06-12 00:08:34,459 RCV proposal
2018-06-12 00:08:34,474 appended honest propose 07405e95e0 on top of 5ffd6d5b5d
2018-06-12 00:08:34,474 REINFORCEMENT SENT state
2018-06-12 00:08:34,565 RCV reinforcement
2018-06-12 00:08:34,578 RCV reinforcement
2018-06-12 00:08:34,749 RF found but not transmitted
2018-06-12 00:08:35,795 RCV reinforcement info
2018-06-12 00:08:35,801 , 108.41727545021452
2018-06-12 00:08:35,865 RCV reinforcement
2018-06-12 00:08:35,971 RCV commit
2018-06-12 00:08:35,988 appended honest commit ce462d01e5 on top of 07405e95e0
2018-06-12 00:08:35,994 Weight: 108.8191276418337 #RFs 2
2018-06-12 00:08:35,994 weight: 108.8191276418337
2018-06-12 00:08:35,994 , 108.8191276418337
2018-06-12 00:08:35,994 MINING state
2018-06-12 00:08:35,995 start mining - depth 27
2018-06-12 00:08:35,995 start mining - hash ce462d01e546c32d01f32d64697e3008e5aa314b85ddf6f6e13a484a381a8ee2
2018-06-12 00:08:37,612 RF found but not transmitted
2018-06-12 00:08:38,340 RF found but not transmitted
2018-06-12 00:08:38,530 RCV reinforcement info
2018-06-12 00:08:38,534 , 108.98330330182294
2018-06-12 00:08:39,458 RCV reinforcement info
2018-06-12 00:08:39,462 , 109.07921004589153
2018-06-12 00:08:40,904 RCV reinforcement info
2018-06-12 00:08:40,908 , 109.15773431472863
2018-06-12 00:08:41,411 RF found but not transmitted
2018-06-12 00:08:41,413 RF found
2018-06-12 00:08:41,415 SNT reinforcement_information
2018-06-12 00:08:41,780 RCV reinforcement info
2018-06-12 00:08:41,784 , 109.53839839391104
2018-06-12 00:08:42,669 RF found but not transmitted
2018-06-12 00:08:42,673 RF found
2018-06-12 00:08:42,675 SNT reinforcement_information
2018-06-12 00:08:42,760 RF found but not transmitted
2018-06-12 00:08:42,894 RF found but not transmitted
2018-06-12 00:08:44,480 RF found but not transmitted
2018-06-12 00:08:47,394 RF found but not transmitted
2018-06-12 00:08:47,416 RF found but not transmitted
2018-06-12 00:08:47,419 RF found
2018-06-12 00:08:47,421 SNT reinforcement_information
2018-06-12 00:08:47,629 RF found but not transmitted
2018-06-12 00:08:48,397 RCV reinforcement info
2018-06-12 00:08:48,401 , 109.93395267619896
2018-06-12 00:08:48,514 RCV reinforcement info
2018-06-12 00:08:48,518 , 110.90002185623689
2018-06-12 00:08:49,820 RCV reinforcement info
2018-06-12 00:08:49,824 , 111.02069608292123
2018-06-12 00:08:50,931 RCV reinforcement info
2018-06-12 00:08:50,935 , 111.14098639215949
2018-06-12 00:08:51,005 RCV reinforcement info
2018-06-12 00:08:51,009 , 111.31103196263925
2018-06-12 00:08:51,422 RCV reinforcement info
2018-06-12 00:08:51,426 , 111.39960319543322
2018-06-12 00:08:51,668 RCV reinforcement info
2018-06-12 00:08:51,672 , 111.57518269257764
2018-06-12 00:08:52,272 RCV reinforcement info
2018-06-12 00:08:52,276 , 111.72215171708392
2018-06-12 00:08:52,524 RCV reinforcement info
2018-06-12 00:08:52,528 , 111.81655257098703
2018-06-12 00:08:52,898 RCV proposal
2018-06-12 00:08:52,901 appended honest propose e50ff02a93 on top of ce462d01e5
2018-06-12 00:08:52,901 REINFORCEMENT SENT state
2018-06-12 00:08:52,901 RFs > 0 
2018-06-12 00:08:52,902 SNT reinforcement
2018-06-12 00:08:53,007 RF found but not transmitted
2018-06-12 00:08:53,141 RCV reinforcement
2018-06-12 00:08:53,158 RCV reinforcement
2018-06-12 00:08:53,169 RCV reinforcement
2018-06-12 00:08:53,179 RCV reinforcement
2018-06-12 00:08:53,238 RCV reinforcement
2018-06-12 00:08:53,240 RF found but not transmitted
2018-06-12 00:08:53,443 RCV reinforcement info
2018-06-12 00:08:53,450 , 112.06838019668378
2018-06-12 00:08:53,536 RCV reinforcement
2018-06-12 00:08:54,469 RCV commit
2018-06-12 00:08:54,624 appended honest commit b4c7ce88ad on top of e50ff02a93
2018-06-12 00:08:54,754 Weight: 113.06838019668378 #RFs 17
2018-06-12 00:08:54,754 weight: 113.06838019668378
2018-06-12 00:08:54,762 , 113.06838019668378
2018-06-12 00:08:54,763 MINING state
2018-06-12 00:08:54,763 start mining - depth 28
2018-06-12 00:08:54,765 start mining - hash b4c7ce88ad4daab242853e2d3665ab874ef6dfba45dc45a30714f45ffb2c3fd3
2018-06-12 00:08:54,770 RF found but not transmitted
2018-06-12 00:08:54,985 RCV reinforcement info
2018-06-12 00:08:54,992 , 113.16922989217825
2018-06-12 00:08:55,068 RCV proposal
2018-06-12 00:08:55,071 appended malicious propose 16777bc2a2 on top of ce462d01e5
2018-06-12 00:08:55,165 RCV reinforcement
2018-06-12 00:08:55,177 RCV reinforcement
2018-06-12 00:08:55,322 RCV reinforcement info
2018-06-12 00:08:55,332 , 113.23455707528066
2018-06-12 00:08:55,484 RF found but not transmitted
2018-06-12 00:08:55,876 RCV reinforcement
2018-06-12 00:08:56,601 RCV commit
2018-06-12 00:08:56,668 appended malicious commit 815943a03f on top of 16777bc2a2
2018-06-12 00:08:56,749 RF found but not transmitted
2018-06-12 00:08:56,753 Weight: 112.01402989255392 #RFs 13
2018-06-12 00:08:56,753 weight: 112.01402989255392
2018-06-12 00:08:56,753 , 112.01402989255392
2018-06-12 00:08:56,774 RF found
2018-06-12 00:08:56,780 SNT reinforcement_information
2018-06-12 00:08:56,924 RCV reinforcement info
2018-06-12 00:08:56,929 , 113.61650061759028
2018-06-12 00:08:57,027 RCV reinforcement info
2018-06-12 00:08:57,031 , 113.71188199885829
2018-06-12 00:08:57,140 RCV reinforcement info
2018-06-12 00:08:57,144 , 113.86660760693054
2018-06-12 00:08:58,076 RF found but not transmitted
2018-06-12 00:08:58,465 RCV reinforcement info
2018-06-12 00:08:58,470 , 113.93299916597311
2018-06-12 00:08:58,474 RF found but not transmitted
2018-06-12 00:08:58,839 RF found but not transmitted
2018-06-12 00:08:59,080 RCV reinforcement info
2018-06-12 00:08:59,085 , 114.0240065194493
2018-06-12 00:08:59,517 RF found but not transmitted
2018-06-12 00:08:59,818 RCV reinforcement info
2018-06-12 00:08:59,823 , 114.0880607639931
2018-06-12 00:08:59,884 RF found but not transmitted
2018-06-12 00:08:59,889 RF found
2018-06-12 00:08:59,894 SNT reinforcement_information
2018-06-12 00:09:00,158 RCV proposal
2018-06-12 00:09:00,161 appended honest propose 79ae6a7fb6 on top of b4c7ce88ad
2018-06-12 00:09:00,162 REINFORCEMENT SENT state
2018-06-12 00:09:00,162 RFs > 0 
2018-06-12 00:09:00,175 SNT reinforcement
2018-06-12 00:09:00,409 RCV reinforcement
2018-06-12 00:09:00,414 RCV reinforcement
2018-06-12 00:09:00,423 RCV reinforcement
2018-06-12 00:09:00,429 RCV reinforcement
2018-06-12 00:09:00,961 RF found but not transmitted
2018-06-12 00:09:01,732 RCV commit
2018-06-12 00:09:01,847 appended honest commit 91bd79add7 on top of 79ae6a7fb6
2018-06-12 00:09:01,915 Weight: 115.24271289981772 #RFs 10
2018-06-12 00:09:01,915 weight: 115.24271289981772
2018-06-12 00:09:01,918 , 115.24271289981772
2018-06-12 00:09:01,919 MINING state
2018-06-12 00:09:01,923 start mining - depth 29
2018-06-12 00:09:01,926 start mining - hash 91bd79add74076ec5359dd3c06f0b72e4b1721780163f15dcd3ddab68c0d1556
2018-06-12 00:09:02,086 RCV proposal
2018-06-12 00:09:02,095 appended malicious propose d2d618f83d on top of b4c7ce88ad
2018-06-12 00:09:02,595 RCV reinforcement info
2018-06-12 00:09:02,600 , 115.68876287100395
2018-06-12 00:09:02,749 RCV reinforcement
2018-06-12 00:09:02,843 RCV reinforcement info
2018-06-12 00:09:02,848 , 115.82461665503799
2018-06-12 00:09:02,994 RF found but not transmitted
2018-06-12 00:09:03,540 RCV reinforcement info
2018-06-12 00:09:03,545 , 115.94064338800253
2018-06-12 00:09:03,606 RCV commit
2018-06-12 00:09:03,630 appended malicious commit c2e1ba8617 on top of d2d618f83d
2018-06-12 00:09:03,642 Weight: 114.23959583701144 #RFs 2
2018-06-12 00:09:03,643 weight: 114.23959583701144
2018-06-12 00:09:03,643 , 114.23959583701144
2018-06-12 00:09:03,903 RCV reinforcement info
2018-06-12 00:09:03,908 , 116.0627437602453
2018-06-12 00:09:05,383 RCV reinforcement info
2018-06-12 00:09:05,388 , 116.24469884992659
2018-06-12 00:09:05,517 RF found but not transmitted
2018-06-12 00:09:07,662 RCV reinforcement info
2018-06-12 00:09:07,667 , 116.30828921058331
2018-06-12 00:09:07,737 RCV reinforcement info
2018-06-12 00:09:07,742 , 116.39579993939766
2018-06-12 00:09:07,839 RCV reinforcement info
2018-06-12 00:09:07,842 , 116.5044181305048
2018-06-12 00:09:08,545 RCV reinforcement info
2018-06-12 00:09:08,550 , 116.60668525001992
2018-06-12 00:09:08,563 RCV reinforcement info
2018-06-12 00:09:08,568 , 116.67793516436703
2018-06-12 00:09:08,673 RCV reinforcement info
2018-06-12 00:09:08,689 , 116.7491829992482
