2018-06-12 00:03:03,849 ---------------------------------------------------------
2018-06-12 00:03:03,864 MINING state
2018-06-12 00:03:04,897 start mining - depth 0
2018-06-12 00:03:04,898 start mining - hash f6256661d03047157a6faaf02e3999de875f2ed9f645db8838c698bc089b508f
2018-06-12 00:03:04,938 RF found but not transmitted
2018-06-12 00:03:04,939 RF found
2018-06-12 00:03:04,942 SNT reinforcement_information
2018-06-12 00:03:06,368 RCV reinforcement info
2018-06-12 00:03:06,371 , 0.6808774482557766
2018-06-12 00:03:06,754 RCV reinforcement info
2018-06-12 00:03:06,757 , 0.9045048164483035
2018-06-12 00:03:07,696 RCV reinforcement info
2018-06-12 00:03:07,700 , 1.0474212671491114
2018-06-12 00:03:07,736 RCV reinforcement info
2018-06-12 00:03:07,739 , 1.1474025549702374
2018-06-12 00:03:08,310 RCV reinforcement info
2018-06-12 00:03:08,317 , 1.2522343157783986
2018-06-12 00:03:09,434 RCV reinforcement info
2018-06-12 00:03:09,437 , 1.3191399321547066
2018-06-12 00:03:09,538 RCV reinforcement info
2018-06-12 00:03:09,541 , 1.4972523413187502
2018-06-12 00:03:09,636 RCV reinforcement info
2018-06-12 00:03:09,639 , 1.6205944815414395
2018-06-12 00:03:09,732 RCV reinforcement info
2018-06-12 00:03:09,736 , 1.6843630696104774
2018-06-12 00:03:10,483 RF found but not transmitted
2018-06-12 00:03:10,484 RF found
2018-06-12 00:03:10,486 SNT reinforcement_information
2018-06-12 00:03:11,623 RCV reinforcement info
2018-06-12 00:03:11,627 , 1.9012805728777455
2018-06-12 00:03:11,769 RCV reinforcement info
2018-06-12 00:03:11,773 , 2.186919004685878
2018-06-12 00:03:12,027 RCV reinforcement info
2018-06-12 00:03:12,031 , 2.4930935052624283
2018-06-12 00:03:12,320 RCV reinforcement info
2018-06-12 00:03:12,324 , 2.868589925323769
2018-06-12 00:03:12,407 RCV reinforcement info
2018-06-12 00:03:12,411 , 3.1590396022443468
2018-06-12 00:03:12,613 RCV reinforcement info
2018-06-12 00:03:12,617 , 3.282759065699185
2018-06-12 00:03:15,571 RCV reinforcement info
2018-06-12 00:03:15,574 , 3.688778806575393
2018-06-12 00:03:16,792 RCV reinforcement info
2018-06-12 00:03:16,795 , 3.7746040335149695
2018-06-12 00:03:17,059 RCV reinforcement info
2018-06-12 00:03:17,063 , 3.8960895127713036
2018-06-12 00:03:19,055 RCV reinforcement info
2018-06-12 00:03:19,059 , 4.248579244531795
2018-06-12 00:03:19,124 RF found but not transmitted
2018-06-12 00:03:19,125 RF found
2018-06-12 00:03:19,127 SNT reinforcement_information
2018-06-12 00:03:19,468 RCV proposal
2018-06-12 00:03:19,471 appended honest propose c47622be4c on top of f6256661d0
2018-06-12 00:03:19,471 REINFORCEMENT SENT state
2018-06-12 00:03:19,471 RFs > 0 
2018-06-12 00:03:19,472 SNT reinforcement
2018-06-12 00:03:19,628 RCV reinforcement
2018-06-12 00:03:19,648 RCV reinforcement
2018-06-12 00:03:19,668 RCV reinforcement
2018-06-12 00:03:19,680 RCV reinforcement
2018-06-12 00:03:19,683 RCV reinforcement
2018-06-12 00:03:19,799 RCV reinforcement info
2018-06-12 00:03:19,806 , 4.464520383523209
2018-06-12 00:03:19,880 RCV reinforcement
2018-06-12 00:03:19,894 RCV reinforcement info
2018-06-12 00:03:19,899 , 5.077349274124333
2018-06-12 00:03:19,923 RCV reinforcement info
2018-06-12 00:03:19,932 , 5.146638577042744
2018-06-12 00:03:19,972 RCV reinforcement
2018-06-12 00:03:19,993 RCV reinforcement
2018-06-12 00:03:21,042 RCV commit
2018-06-12 00:03:21,163 appended honest commit a17f2b7bb2 on top of c47622be4c
2018-06-12 00:03:21,277 Weight: 6.077349274124333 #RFs 24
2018-06-12 00:03:21,278 weight: 6.077349274124333
2018-06-12 00:03:21,278 , 6.077349274124333
2018-06-12 00:03:21,278 MINING state
2018-06-12 00:03:21,278 start mining - depth 1
2018-06-12 00:03:21,279 start mining - hash a17f2b7bb2cb850684b302630fc12a2ff56c206f8aab4bbdc728c80be24f3495
2018-06-12 00:03:21,514 RCV reinforcement info
2018-06-12 00:03:21,519 , 6.142260566812738
2018-06-12 00:03:22,944 RCV reinforcement info
2018-06-12 00:03:22,949 , 6.246062493543999
2018-06-12 00:03:24,539 RCV reinforcement info
2018-06-12 00:03:24,544 , 7.099633646532819
2018-06-12 00:03:25,142 RCV reinforcement info
2018-06-12 00:03:25,147 , 7.164896305050714
2018-06-12 00:03:25,897 RCV reinforcement info
2018-06-12 00:03:25,902 , 7.26797095752697
2018-06-12 00:03:30,249 RF found but not transmitted
2018-06-12 00:03:30,252 RF found
2018-06-12 00:03:30,255 SNT reinforcement_information
2018-06-12 00:03:31,668 RF found but not transmitted
2018-06-12 00:03:31,670 RF found
2018-06-12 00:03:31,673 SNT reinforcement_information
2018-06-12 00:03:31,689 RF found but not transmitted
2018-06-12 00:03:31,740 RF found
2018-06-12 00:03:31,758 SNT reinforcement_information
2018-06-12 00:03:32,525 RCV reinforcement info
2018-06-12 00:03:32,530 , 8.363137331179338
2018-06-12 00:03:33,555 RCV reinforcement info
2018-06-12 00:03:33,560 , 8.731789271610605
2018-06-12 00:03:34,454 RCV reinforcement info
2018-06-12 00:03:34,464 , 8.796697684617895
2018-06-12 00:03:34,521 RCV reinforcement info
2018-06-12 00:03:34,526 , 8.88364685990851
2018-06-12 00:03:36,234 RCV reinforcement info
2018-06-12 00:03:36,239 , 8.96588811969048
2018-06-12 00:03:37,876 RF found but not transmitted
2018-06-12 00:03:37,877 RF found
2018-06-12 00:03:37,880 SNT reinforcement_information
2018-06-12 00:03:39,748 RCV reinforcement info
2018-06-12 00:03:39,754 , 9.10800379630474
2018-06-12 00:03:40,017 RCV reinforcement info
2018-06-12 00:03:40,022 , 9.637136575369452
2018-06-12 00:03:41,038 RF found but not transmitted
2018-06-12 00:03:41,040 RF found
2018-06-12 00:03:41,043 SNT reinforcement_information
2018-06-12 00:03:41,286 RCV reinforcement info
2018-06-12 00:03:41,290 , 9.998825730234383
2018-06-12 00:03:41,473 RCV reinforcement info
2018-06-12 00:03:41,476 , 10.119663059546795
2018-06-12 00:03:42,515 RCV reinforcement info
2018-06-12 00:03:42,528 , 10.218904088855606
2018-06-12 00:03:44,892 RF found but not transmitted
2018-06-12 00:03:44,894 RF found
2018-06-12 00:03:44,896 SNT reinforcement_information
2018-06-12 00:03:44,995 RCV reinforcement info
2018-06-12 00:03:45,001 , 10.370037335303591
2018-06-12 00:03:48,289 RCV proposal
2018-06-12 00:03:48,293 appended honest propose 16f378357b on top of a17f2b7bb2
2018-06-12 00:03:48,294 REINFORCEMENT SENT state
2018-06-12 00:03:48,294 RFs > 0 
2018-06-12 00:03:48,295 SNT reinforcement
2018-06-12 00:03:48,467 RCV reinforcement
2018-06-12 00:03:48,479 RCV reinforcement
2018-06-12 00:03:48,485 RCV reinforcement
2018-06-12 00:03:48,492 RCV reinforcement
2018-06-12 00:03:48,507 RCV reinforcement
2018-06-12 00:03:48,573 RCV reinforcement info
2018-06-12 00:03:48,578 , 10.717817639818811
2018-06-12 00:03:48,642 RCV reinforcement
2018-06-12 00:03:49,799 RCV reinforcement info
2018-06-12 00:03:49,810 , 10.908698440066859
2018-06-12 00:03:49,878 RCV reinforcement
2018-06-12 00:03:49,894 RCV reinforcement info
2018-06-12 00:03:49,899 , 11.000574876323004
2018-06-12 00:03:49,952 RCV commit
2018-06-12 00:03:50,031 appended honest commit 3d4095762e on top of 16f378357b
2018-06-12 00:03:50,111 Weight: 11.717817639818811 #RFs 23
2018-06-12 00:03:50,112 weight: 11.717817639818811
2018-06-12 00:03:50,112 , 11.717817639818811
2018-06-12 00:03:50,112 MINING state
2018-06-12 00:03:50,113 start mining - depth 2
2018-06-12 00:03:50,113 start mining - hash 3d4095762ee98c4b9e13b48877f90b3a86f40103f7c5fa9a36383df5b34b305a
2018-06-12 00:03:50,143 RCV reinforcement
2018-06-12 00:03:50,747 RCV reinforcement info
2018-06-12 00:03:50,752 , 11.781671675905617
2018-06-12 00:03:50,767 RCV reinforcement info
2018-06-12 00:03:50,772 , 11.8734118600553
2018-06-12 00:03:50,843 RCV reinforcement info
2018-06-12 00:03:50,849 , 12.23158524705783
2018-06-12 00:03:51,194 RCV proposal
2018-06-12 00:03:51,197 appended honest propose 978a1d95e5 on top of 3d4095762e
2018-06-12 00:03:51,198 REINFORCEMENT SENT state
2018-06-12 00:03:51,267 RCV reinforcement
2018-06-12 00:03:51,277 RCV reinforcement
2018-06-12 00:03:51,585 RCV reinforcement info
2018-06-12 00:03:51,591 , 12.970920139018341
2018-06-12 00:03:51,650 RCV reinforcement
2018-06-12 00:03:51,708 RCV reinforcement info
2018-06-12 00:03:51,713 , 13.065335139667566
2018-06-12 00:03:51,777 RCV reinforcement
2018-06-12 00:03:52,685 RCV commit
2018-06-12 00:03:52,720 appended honest commit 2b7bf47e94 on top of 978a1d95e5
2018-06-12 00:03:52,735 Weight: 13.970920139018341 #RFs 4
2018-06-12 00:03:52,735 weight: 13.970920139018341
2018-06-12 00:03:52,735 , 13.970920139018341
2018-06-12 00:03:52,735 MINING state
2018-06-12 00:03:52,735 start mining - depth 3
2018-06-12 00:03:52,736 start mining - hash 2b7bf47e94886df8af9237d39630dcacb6c0f0635b3432c056bc3119d1dd4d2b
2018-06-12 00:03:53,083 RCV proposal
2018-06-12 00:03:53,086 appended honest propose 66caf3f347 on top of 2b7bf47e94
2018-06-12 00:03:53,086 REINFORCEMENT SENT state
2018-06-12 00:03:53,348 RCV reinforcement info
2018-06-12 00:03:53,352 , 14.1230730846801
2018-06-12 00:03:53,409 RCV reinforcement
2018-06-12 00:03:53,706 RCV reinforcement info
2018-06-12 00:03:53,710 , 14.189153813267856
2018-06-12 00:03:53,777 RCV reinforcement
2018-06-12 00:03:54,256 RCV reinforcement info
2018-06-12 00:03:54,261 , 14.377263292892112
2018-06-12 00:03:54,315 RCV reinforcement
2018-06-12 00:03:54,361 RF found but not transmitted
2018-06-12 00:03:54,365 SNT reinforcement_information
2018-06-12 00:03:54,424 SNT reinforcement
2018-06-12 00:03:54,579 RCV commit
2018-06-12 00:03:54,603 appended honest commit 003e78f896 on top of 66caf3f347
2018-06-12 00:03:54,611 Weight: 15.595178867149643 #RFs 4
2018-06-12 00:03:54,612 weight: 15.595178867149643
2018-06-12 00:03:54,612 , 15.595178867149643
2018-06-12 00:03:54,612 MINING state
2018-06-12 00:03:54,612 start mining - depth 4
2018-06-12 00:03:54,613 start mining - hash 003e78f89695cf025b79ce47a7892a7ad4aafaed34517cca2bed1713567d5ea4
2018-06-12 00:03:54,744 RCV reinforcement info
2018-06-12 00:03:54,748 , 15.68891353917719
2018-06-12 00:03:54,959 RCV proposal
2018-06-12 00:03:54,961 appended honest propose e2bb480b62 on top of 003e78f896
2018-06-12 00:03:54,962 REINFORCEMENT SENT state
2018-06-12 00:03:55,030 RCV reinforcement
2018-06-12 00:03:55,300 RCV reinforcement info
2018-06-12 00:03:55,305 , 15.76427377810503
2018-06-12 00:03:55,377 RCV reinforcement
2018-06-12 00:03:56,115 RCV reinforcement info
2018-06-12 00:03:56,120 , 15.863447532084063
2018-06-12 00:03:56,174 RCV reinforcement
2018-06-12 00:03:56,462 RCV commit
2018-06-12 00:03:56,467 appended honest commit c701c2e309 on top of e2bb480b62
2018-06-12 00:03:56,483 Weight: 16.76427377810503 #RFs 2
2018-06-12 00:03:56,483 weight: 16.76427377810503
2018-06-12 00:03:56,483 , 16.76427377810503
2018-06-12 00:03:56,483 MINING state
2018-06-12 00:03:56,483 start mining - depth 5
2018-06-12 00:03:56,484 start mining - hash c701c2e309401aa7f43c38d605468c703a8a3dfcd104c219776802f3b4fc70db
2018-06-12 00:03:56,793 RCV reinforcement info
2018-06-12 00:03:56,797 , 16.863232881515184
2018-06-12 00:03:57,007 RCV reinforcement info
2018-06-12 00:03:57,011 , 16.964352095909646
2018-06-12 00:03:57,141 RCV reinforcement info
2018-06-12 00:03:57,145 , 17.052336134704074
2018-06-12 00:03:58,447 RCV reinforcement info
2018-06-12 00:03:58,452 , 17.189190192938256
2018-06-12 00:03:58,685 RCV proposal
2018-06-12 00:03:58,688 appended honest propose 1015cbc98b on top of c701c2e309
2018-06-12 00:03:58,688 REINFORCEMENT SENT state
2018-06-12 00:03:58,814 RCV reinforcement
2018-06-12 00:03:58,837 RCV reinforcement
2018-06-12 00:03:58,866 RCV reinforcement
2018-06-12 00:03:59,088 RCV reinforcement info
2018-06-12 00:03:59,092 , 17.274646956345766
2018-06-12 00:03:59,165 RCV reinforcement
2018-06-12 00:03:59,321 RCV reinforcement info
2018-06-12 00:03:59,325 , 17.34921250800821
2018-06-12 00:03:59,388 RCV reinforcement
2018-06-12 00:03:59,676 RCV reinforcement info
2018-06-12 00:03:59,681 , 17.43747878331479
2018-06-12 00:03:59,753 RCV reinforcement
2018-06-12 00:04:00,025 RCV reinforcement info
2018-06-12 00:04:00,030 , 17.609608167638868
2018-06-12 00:04:00,081 RCV reinforcement info
2018-06-12 00:04:00,085 , 17.810023988805085
2018-06-12 00:04:00,109 RCV reinforcement
2018-06-12 00:04:00,157 RCV reinforcement
2018-06-12 00:04:00,240 RCV commit
2018-06-12 00:04:00,266 appended honest commit 63522d0bcc on top of 1015cbc98b
2018-06-12 00:04:00,292 Weight: 18.34921250800821 #RFs 6
2018-06-12 00:04:00,292 weight: 18.34921250800821
2018-06-12 00:04:00,295 , 18.34921250800821
2018-06-12 00:04:00,295 MINING state
2018-06-12 00:04:00,296 start mining - depth 6
2018-06-12 00:04:00,296 start mining - hash 63522d0bcca7a007eabebfd8fd513828e89aadfd90d99471a29f2549fd801ebd
2018-06-12 00:04:01,827 RCV reinforcement info
2018-06-12 00:04:01,831 , 18.413131153489747
2018-06-12 00:04:03,519 RCV reinforcement info
2018-06-12 00:04:03,523 , 18.577895974739985
2018-06-12 00:04:04,993 RCV reinforcement info
2018-06-12 00:04:04,997 , 18.889184054392693
2018-06-12 00:04:05,923 RCV reinforcement info
2018-06-12 00:04:05,928 , 19.110775697591514
2018-06-12 00:04:08,197 RF found but not transmitted
2018-06-12 00:04:08,198 RF found
2018-06-12 00:04:08,200 SNT reinforcement_information
2018-06-12 00:04:08,328 RCV reinforcement info
2018-06-12 00:04:08,333 , 19.44403502583904
2018-06-12 00:04:08,458 RCV proposal
2018-06-12 00:04:08,468 appended honest propose 5346cca31c on top of 63522d0bcc
2018-06-12 00:04:08,468 REINFORCEMENT SENT state
2018-06-12 00:04:08,468 RFs > 0 
2018-06-12 00:04:08,469 SNT reinforcement
2018-06-12 00:04:08,550 RF found but not transmitted
2018-06-12 00:04:08,655 SNT reinforcement_information
2018-06-12 00:04:08,790 SNT reinforcement
2018-06-12 00:04:08,862 RCV reinforcement
2018-06-12 00:04:08,864 RCV reinforcement info
2018-06-12 00:04:08,867 , 19.80952108096743
2018-06-12 00:04:08,869 RCV reinforcement
2018-06-12 00:04:08,871 RCV reinforcement info
2018-06-12 00:04:08,874 , 20.03310865414568
2018-06-12 00:04:08,875 RCV reinforcement
2018-06-12 00:04:08,879 RCV reinforcement
2018-06-12 00:04:09,529 RCV reinforcement info
2018-06-12 00:04:09,533 , 20.102309177508328
2018-06-12 00:04:09,574 RCV reinforcement
2018-06-12 00:04:09,962 RCV commit
2018-06-12 00:04:10,031 appended honest commit a158490885 on top of 5346cca31c
2018-06-12 00:04:10,092 Weight: 21.10230917750833 #RFs 10
2018-06-12 00:04:10,093 weight: 21.10230917750833
2018-06-12 00:04:10,093 , 21.10230917750833
2018-06-12 00:04:10,093 MINING state
2018-06-12 00:04:10,093 start mining - depth 7
2018-06-12 00:04:10,094 start mining - hash a15849088539de08adbd81e3e93679134614ab565790dd1fa23325f7aa3d0980
2018-06-12 00:04:10,094 Hashing frequency: 3475
2018-06-12 00:04:12,410 RCV reinforcement info
2018-06-12 00:04:12,416 , 21.23054003645631
2018-06-12 00:04:14,200 RCV reinforcement info
2018-06-12 00:04:14,205 , 21.71882746040966
2018-06-12 00:04:14,905 RF found but not transmitted
2018-06-12 00:04:14,906 RF found
2018-06-12 00:04:14,910 SNT reinforcement_information
2018-06-12 00:04:16,487 RCV reinforcement info
2018-06-12 00:04:16,492 , 21.973066661922083
2018-06-12 00:04:17,319 RCV reinforcement info
2018-06-12 00:04:17,322 , 22.38080729869435
2018-06-12 00:04:17,372 RF found but not transmitted
2018-06-12 00:04:17,374 RF found
2018-06-12 00:04:17,377 SNT reinforcement_information
2018-06-12 00:04:18,619 RCV reinforcement info
2018-06-12 00:04:18,624 , 22.674331388333563
2018-06-12 00:04:19,061 RCV reinforcement info
2018-06-12 00:04:19,066 , 22.750600620836774
2018-06-12 00:04:19,893 RCV reinforcement info
2018-06-12 00:04:19,903 , 22.85431081980803
2018-06-12 00:04:20,560 RF found but not transmitted
2018-06-12 00:04:20,561 RF found
2018-06-12 00:04:20,562 SNT reinforcement_information
2018-06-12 00:04:21,405 RCV reinforcement info
2018-06-12 00:04:21,410 , 23.052285045491395
2018-06-12 00:04:22,608 RCV reinforcement info
2018-06-12 00:04:22,613 , 23.35029347241051
2018-06-12 00:04:23,776 RCV reinforcement info
2018-06-12 00:04:23,780 , 23.56441164558804
2018-06-12 00:04:24,284 RCV reinforcement info
2018-06-12 00:04:24,289 , 23.707686751251035
2018-06-12 00:04:24,452 RCV reinforcement info
2018-06-12 00:04:24,458 , 24.003120320054617
2018-06-12 00:04:24,568 RF found but not transmitted
2018-06-12 00:04:24,570 RF found
2018-06-12 00:04:24,573 SNT reinforcement_information
2018-06-12 00:04:24,811 RCV reinforcement info
2018-06-12 00:04:24,816 , 24.24439047938627
2018-06-12 00:04:25,182 RCV reinforcement info
2018-06-12 00:04:25,185 , 24.39999525681269
2018-06-12 00:04:27,571 RCV reinforcement info
2018-06-12 00:04:27,576 , 24.577811321268364
2018-06-12 00:04:28,530 RCV reinforcement info
2018-06-12 00:04:28,535 , 24.74281839555007
2018-06-12 00:04:28,548 RCV reinforcement info
2018-06-12 00:04:28,553 , 24.85851426111217
2018-06-12 00:04:29,198 RCV reinforcement info
2018-06-12 00:04:29,203 , 24.961198658015277
2018-06-12 00:04:29,255 RCV reinforcement info
2018-06-12 00:04:29,259 , 25.032706884028617
2018-06-12 00:04:30,760 RCV reinforcement info
2018-06-12 00:04:30,764 , 26.02188980072053
2018-06-12 00:04:30,949 RCV reinforcement info
2018-06-12 00:04:30,954 , 26.091710228479663
2018-06-12 00:04:31,421 RCV proposal
2018-06-12 00:04:31,424 appended honest propose 75d8f008e4 on top of a158490885
2018-06-12 00:04:31,425 REINFORCEMENT SENT state
2018-06-12 00:04:31,425 RFs > 0 
2018-06-12 00:04:31,426 SNT reinforcement
2018-06-12 00:04:31,643 RCV reinforcement
2018-06-12 00:04:31,647 RCV reinforcement
2018-06-12 00:04:31,653 RCV reinforcement
2018-06-12 00:04:31,657 RCV reinforcement
2018-06-12 00:04:31,661 RCV reinforcement
2018-06-12 00:04:33,002 RCV commit
2018-06-12 00:04:33,179 appended honest commit 6045698226 on top of 75d8f008e4
2018-06-12 00:04:33,305 Weight: 27.091710228479663 #RFs 25
2018-06-12 00:04:33,305 weight: 27.091710228479663
2018-06-12 00:04:33,305 , 27.091710228479663
2018-06-12 00:04:33,306 MINING state
2018-06-12 00:04:33,307 start mining - depth 8
2018-06-12 00:04:33,307 start mining - hash 60456982265ed0cea7c9dba2734503cb275d3f30cbb2cefe68efa55d3f46cd22
2018-06-12 00:04:33,441 RCV proposal
2018-06-12 00:04:33,447 appended malicious propose 7af834e0a5 on top of a158490885
2018-06-12 00:04:33,504 RCV reinforcement
2018-06-12 00:04:33,515 RCV reinforcement
2018-06-12 00:04:33,846 RCV reinforcement info
2018-06-12 00:04:33,851 , 27.2065942946591
2018-06-12 00:04:34,969 RCV commit
2018-06-12 00:04:35,044 appended malicious commit b2325694ec on top of 7af834e0a5
2018-06-12 00:04:35,113 Weight: 24.26219082611682 #RFs 14
2018-06-12 00:04:35,113 weight: 24.26219082611682
2018-06-12 00:04:35,113 , 24.26219082611682
2018-06-12 00:04:35,381 RF found but not transmitted
2018-06-12 00:04:35,384 RF found
2018-06-12 00:04:35,387 SNT reinforcement_information
2018-06-12 00:04:35,869 RCV reinforcement info
2018-06-12 00:04:35,874 , 27.36561140481519
2018-06-12 00:04:36,906 RCV reinforcement info
2018-06-12 00:04:36,911 , 27.501481546155453
2018-06-12 00:04:36,985 RCV reinforcement info
2018-06-12 00:04:36,990 , 27.56807737736968
2018-06-12 00:04:37,344 RCV reinforcement info
2018-06-12 00:04:37,349 , 27.642714004031426
2018-06-12 00:04:37,596 RCV reinforcement info
2018-06-12 00:04:37,601 , 27.722830086997146
2018-06-12 00:04:38,026 RF found but not transmitted
2018-06-12 00:04:38,027 hash found
2018-06-12 00:04:38,033 appended honest propose eaf1a2d8b0 on top of 6045698226
2018-06-12 00:04:38,033 REINFORCEMENT COLLECTING state
2018-06-12 00:04:38,090 SNT proposal
2018-06-12 00:04:38,244 RCV reinforcement
2018-06-12 00:04:38,258 RCV reinforcement
2018-06-12 00:04:38,275 RCV reinforcement
2018-06-12 00:04:38,658 RCV reinforcement info
2018-06-12 00:04:38,663 , 27.863045051754696
2018-06-12 00:04:38,730 RCV reinforcement
2018-06-12 00:04:39,599 commit with 4 reinforcements
2018-06-12 00:04:39,613 appended honest commit 2d100f53de on top of eaf1a2d8b0
2018-06-12 00:04:39,624 Weight: 28.863045051754696 #RFs 8
2018-06-12 00:04:39,624 weight: 28.863045051754696
2018-06-12 00:04:39,624 , 28.863045051754696
2018-06-12 00:04:39,624 MINING state
2018-06-12 00:04:39,624 start mining - depth 9
2018-06-12 00:04:39,624 start mining - hash 2d100f53ded2c09e9d280ea975c9472455e5642edead11d4c610dbff3a3a5c86
2018-06-12 00:04:39,625 SNT commit
2018-06-12 00:04:39,914 RCV proposal
2018-06-12 00:04:39,918 appended malicious propose 6b70d7fc76 on top of 6045698226
2018-06-12 00:04:39,981 RCV reinforcement
2018-06-12 00:04:40,003 RCV reinforcement
2018-06-12 00:04:40,290 RF found but not transmitted
2018-06-12 00:04:40,292 RF found
2018-06-12 00:04:40,295 SNT reinforcement_information
2018-06-12 00:04:40,664 RCV reinforcement info
2018-06-12 00:04:40,667 , 29.45207973383172
2018-06-12 00:04:41,278 RCV reinforcement info
2018-06-12 00:04:41,283 , 29.548869811864677
2018-06-12 00:04:41,454 RCV commit
2018-06-12 00:04:41,483 appended malicious commit 15d3ccf892 on top of 6b70d7fc76
2018-06-12 00:04:41,515 Weight: 28.96854869143721 #RFs 6
2018-06-12 00:04:41,515 weight: 28.96854869143721
2018-06-12 00:04:41,516 , 28.96854869143721
2018-06-12 00:04:41,586 RCV reinforcement info
2018-06-12 00:04:41,590 , 30.32591453753506
2018-06-12 00:04:41,865 RCV reinforcement info
2018-06-12 00:04:41,870 , 30.418889342880046
2018-06-12 00:04:41,991 RCV reinforcement info
2018-06-12 00:04:41,996 , 31.10992015109133
2018-06-12 00:04:42,440 RCV reinforcement info
2018-06-12 00:04:42,444 , 31.1812216647186
2018-06-12 00:04:42,892 RCV reinforcement info
2018-06-12 00:04:42,897 , 31.263816633159713
2018-06-12 00:04:43,879 RCV reinforcement info
2018-06-12 00:04:43,881 , 31.40213839491067
2018-06-12 00:04:44,975 RCV proposal
2018-06-12 00:04:44,990 appended honest propose 39e32c9a7d on top of 2d100f53de
2018-06-12 00:04:44,991 REINFORCEMENT SENT state
2018-06-12 00:04:44,991 RFs > 0 
2018-06-12 00:04:44,992 SNT reinforcement
2018-06-12 00:04:45,192 RCV reinforcement
2018-06-12 00:04:45,197 RCV reinforcement
2018-06-12 00:04:45,204 RCV reinforcement
2018-06-12 00:04:45,216 RCV reinforcement
2018-06-12 00:04:46,513 RCV commit
2018-06-12 00:04:46,580 appended honest commit e88dc0d553 on top of 39e32c9a7d
2018-06-12 00:04:46,625 Weight: 32.402138394910665 #RFs 9
2018-06-12 00:04:46,625 weight: 32.402138394910665
2018-06-12 00:04:46,625 , 32.402138394910665
2018-06-12 00:04:46,626 MINING state
2018-06-12 00:04:46,626 start mining - depth 10
2018-06-12 00:04:46,626 start mining - hash e88dc0d553137ee63a508bec2179d553e360c50cba673220baa8ce3150a902f2
2018-06-12 00:04:46,769 RCV reinforcement info
2018-06-12 00:04:46,774 , 32.4710628742025
2018-06-12 00:04:46,883 RF found but not transmitted
2018-06-12 00:04:47,090 RCV reinforcement info
2018-06-12 00:04:47,095 , 32.53837173763354
2018-06-12 00:04:47,355 RCV reinforcement info
2018-06-12 00:04:47,359 , 32.613658026121726
2018-06-12 00:04:48,558 RCV reinforcement info
2018-06-12 00:04:48,562 , 32.924415007319034
2018-06-12 00:04:48,575 RCV reinforcement info
2018-06-12 00:04:48,579 , 32.987327085163535
2018-06-12 00:04:50,084 RCV reinforcement info
2018-06-12 00:04:50,088 , 33.26493810585663
2018-06-12 00:04:50,706 RCV reinforcement info
2018-06-12 00:04:50,711 , 33.373380024472745
2018-06-12 00:04:51,387 RCV reinforcement info
2018-06-12 00:04:51,395 , 33.80165528674942
2018-06-12 00:04:51,663 RF found but not transmitted
2018-06-12 00:04:51,856 RCV reinforcement info
2018-06-12 00:04:51,861 , 33.918889045675456
2018-06-12 00:04:51,923 RCV reinforcement info
2018-06-12 00:04:51,928 , 33.98898458525993
2018-06-12 00:04:52,781 RCV reinforcement info
2018-06-12 00:04:52,786 , 34.24678878063669
2018-06-12 00:04:53,702 RCV reinforcement info
2018-06-12 00:04:53,707 , 34.3112556399765
2018-06-12 00:04:54,947 RCV proposal
2018-06-12 00:04:54,952 appended honest propose 94c5880d81 on top of e88dc0d553
2018-06-12 00:04:54,953 REINFORCEMENT SENT state
2018-06-12 00:04:55,057 RCV reinforcement
2018-06-12 00:04:55,070 RCV reinforcement
2018-06-12 00:04:55,094 RCV reinforcement
2018-06-12 00:04:55,104 RCV reinforcement
2018-06-12 00:04:55,113 RCV reinforcement
2018-06-12 00:04:55,176 RCV reinforcement info
2018-06-12 00:04:55,181 , 34.39688958153466
2018-06-12 00:04:55,245 RCV reinforcement
2018-06-12 00:04:56,501 RCV commit
2018-06-12 00:04:56,574 appended honest commit d7ed4c2465 on top of 94c5880d81
2018-06-12 00:04:56,655 Weight: 35.396889581534666 #RFs 13
2018-06-12 00:04:56,655 weight: 35.396889581534666
2018-06-12 00:04:56,656 , 35.396889581534666
2018-06-12 00:04:56,656 MINING state
2018-06-12 00:04:56,656 start mining - depth 11
2018-06-12 00:04:56,657 start mining - hash d7ed4c24656ca2e2ecb7de99a23289c828fdd5aee1cfc465c6bf88bc6f9bffc3
2018-06-12 00:04:57,833 RF found but not transmitted
2018-06-12 00:04:59,905 RF found but not transmitted
2018-06-12 00:04:59,907 RF found
2018-06-12 00:04:59,910 SNT reinforcement_information
2018-06-12 00:05:00,189 RCV reinforcement info
2018-06-12 00:05:00,202 , 35.66809534483736
2018-06-12 00:05:00,369 RCV reinforcement info
2018-06-12 00:05:00,374 , 35.828277213705455
2018-06-12 00:05:00,763 RCV reinforcement info
2018-06-12 00:05:00,768 , 35.90235810040564
2018-06-12 00:05:02,535 RCV reinforcement info
2018-06-12 00:05:02,540 , 35.979513385810286
2018-06-12 00:05:02,676 RCV reinforcement info
2018-06-12 00:05:02,682 , 36.0424221965663
2018-06-12 00:05:03,692 RCV proposal
2018-06-12 00:05:03,695 appended honest propose 6f48c692dd on top of d7ed4c2465
2018-06-12 00:05:03,696 REINFORCEMENT SENT state
2018-06-12 00:05:03,696 RFs > 0 
2018-06-12 00:05:03,704 SNT reinforcement
2018-06-12 00:05:03,841 RCV reinforcement
2018-06-12 00:05:03,860 RCV reinforcement
2018-06-12 00:05:03,867 RCV reinforcement
2018-06-12 00:05:03,880 RCV reinforcement
2018-06-12 00:05:05,217 RCV commit
2018-06-12 00:05:05,261 appended honest commit 92475539b9 on top of 6f48c692dd
2018-06-12 00:05:05,293 Weight: 37.0424221965663 #RFs 6
2018-06-12 00:05:05,293 weight: 37.0424221965663
2018-06-12 00:05:05,293 , 37.0424221965663
2018-06-12 00:05:05,294 MINING state
2018-06-12 00:05:05,294 start mining - depth 12
2018-06-12 00:05:05,294 start mining - hash 92475539b98d7983cbfc7878f8934ef66789e7cc72da2534d82c16c984b6c54a
2018-06-12 00:05:05,833 RF found but not transmitted
2018-06-12 00:05:06,309 RCV reinforcement info
2018-06-12 00:05:06,314 , 37.245445552354994
2018-06-12 00:05:07,140 RCV reinforcement info
2018-06-12 00:05:07,146 , 37.358399430847854
2018-06-12 00:05:07,214 RCV reinforcement info
2018-06-12 00:05:07,219 , 37.9920306880418
2018-06-12 00:05:07,841 RCV reinforcement info
2018-06-12 00:05:07,846 , 38.071928154495374
2018-06-12 00:05:08,093 RF found but not transmitted
2018-06-12 00:05:08,094 RF found
2018-06-12 00:05:08,096 SNT reinforcement_information
2018-06-12 00:05:08,256 RF found but not transmitted
2018-06-12 00:05:09,481 RF found but not transmitted
2018-06-12 00:05:09,964 RCV reinforcement info
2018-06-12 00:05:09,968 , 38.747105846090584
2018-06-12 00:05:11,976 RCV proposal
2018-06-12 00:05:11,979 appended honest propose 514d1244ed on top of 92475539b9
2018-06-12 00:05:11,979 REINFORCEMENT SENT state
2018-06-12 00:05:11,980 RFs > 0 
2018-06-12 00:05:11,981 SNT reinforcement
2018-06-12 00:05:12,120 RCV reinforcement
2018-06-12 00:05:12,124 RCV reinforcement
2018-06-12 00:05:12,126 RCV reinforcement
2018-06-12 00:05:13,180 RF found but not transmitted
2018-06-12 00:05:13,209 RCV reinforcement info
2018-06-12 00:05:13,213 , 39.395453569000864
2018-06-12 00:05:13,283 RCV reinforcement
2018-06-12 00:05:13,501 RCV commit
2018-06-12 00:05:13,546 appended honest commit 482464a47c on top of 514d1244ed
2018-06-12 00:05:13,582 Weight: 40.395453569000864 #RFs 7
2018-06-12 00:05:13,582 weight: 40.395453569000864
2018-06-12 00:05:13,582 , 40.395453569000864
2018-06-12 00:05:13,582 MINING state
2018-06-12 00:05:13,582 start mining - depth 13
2018-06-12 00:05:13,583 start mining - hash 482464a47c081c4a501a25da5eb99b4c63966bcd24b78a9288f751beb2385e1b
2018-06-12 00:05:13,583 Hashing frequency: 5105
2018-06-12 00:05:14,512 RCV reinforcement info
2018-06-12 00:05:14,516 , 40.53797535898317
2018-06-12 00:05:15,005 RCV reinforcement info
2018-06-12 00:05:15,010 , 40.96249112610214
2018-06-12 00:05:17,433 RCV proposal
2018-06-12 00:05:17,436 appended honest propose a72f9e0043 on top of 482464a47c
2018-06-12 00:05:17,436 REINFORCEMENT SENT state
2018-06-12 00:05:17,498 RCV reinforcement
2018-06-12 00:05:17,725 RCV reinforcement info
2018-06-12 00:05:17,730 , 41.152793592811335
2018-06-12 00:05:17,795 RCV reinforcement
2018-06-12 00:05:17,859 RCV reinforcement info
2018-06-12 00:05:17,865 , 41.22049766012552
2018-06-12 00:05:17,931 RCV reinforcement
2018-06-12 00:05:18,988 RCV commit
2018-06-12 00:05:19,020 appended honest commit badfbd255a on top of a72f9e0043
2018-06-12 00:05:19,029 Weight: 42.22049766012552 #RFs 4
2018-06-12 00:05:19,031 weight: 42.22049766012552
2018-06-12 00:05:19,032 , 42.22049766012552
2018-06-12 00:05:19,032 MINING state
2018-06-12 00:05:19,032 start mining - depth 14
2018-06-12 00:05:19,032 start mining - hash badfbd255a84ce4038028ebf4e07df2b0fd1338a35ec6fe50a1c3e6095b7d49b
2018-06-12 00:05:20,229 RCV proposal
2018-06-12 00:05:20,232 appended honest propose 148c675a4e on top of badfbd255a
2018-06-12 00:05:20,232 REINFORCEMENT SENT state
2018-06-12 00:05:20,274 RF found but not transmitted
2018-06-12 00:05:21,005 RCV reinforcement info
2018-06-12 00:05:21,009 , 42.307707213401976
2018-06-12 00:05:21,083 RCV reinforcement
2018-06-12 00:05:21,153 RCV reinforcement info
2018-06-12 00:05:21,158 , 42.55750116792639
2018-06-12 00:05:21,238 RCV reinforcement
2018-06-12 00:05:21,547 RF found but not transmitted
2018-06-12 00:05:21,757 RCV commit
2018-06-12 00:05:21,760 appended honest commit 38514d5729 on top of 148c675a4e
2018-06-12 00:05:21,762 Weight: 43.307707213401976 #RFs 1
2018-06-12 00:05:21,762 weight: 43.307707213401976
2018-06-12 00:05:21,762 , 43.307707213401976
2018-06-12 00:05:21,762 MINING state
2018-06-12 00:05:21,762 start mining - depth 15
2018-06-12 00:05:21,763 start mining - hash 38514d5729b1f7d6f80184aec00d14e7f20ac9094ea4ee3dc3b83f9d34324f03
2018-06-12 00:05:22,505 RCV proposal
2018-06-12 00:05:22,507 appended honest propose 89263ff110 on top of 38514d5729
2018-06-12 00:05:22,507 REINFORCEMENT SENT state
2018-06-12 00:05:22,631 RCV reinforcement info
2018-06-12 00:05:22,635 , 43.38314228029943
2018-06-12 00:05:22,698 RCV reinforcement
2018-06-12 00:05:24,018 RCV commit
2018-06-12 00:05:24,026 appended honest commit 9ecab698c2 on top of 89263ff110
2018-06-12 00:05:24,028 Weight: 44.38314228029943 #RFs 1
2018-06-12 00:05:24,028 weight: 44.38314228029943
2018-06-12 00:05:24,028 , 44.38314228029943
2018-06-12 00:05:24,028 MINING state
2018-06-12 00:05:24,028 start mining - depth 16
2018-06-12 00:05:24,029 start mining - hash 9ecab698c269bcc47e80a536781b6fa6005bfae0b70455d3c24b194367e1313a
2018-06-12 00:05:24,160 RCV reinforcement info
2018-06-12 00:05:24,164 , 44.45816017326494
2018-06-12 00:05:24,598 RCV reinforcement info
2018-06-12 00:05:24,602 , 44.530354940452234
2018-06-12 00:05:24,985 RCV reinforcement info
2018-06-12 00:05:24,989 , 44.841455634966934
2018-06-12 00:05:26,291 RCV reinforcement info
2018-06-12 00:05:26,295 , 44.968837289414004
2018-06-12 00:05:26,790 RCV reinforcement info
2018-06-12 00:05:26,794 , 45.06036167202595
2018-06-12 00:05:27,005 RF found but not transmitted
2018-06-12 00:05:27,009 RF found
2018-06-12 00:05:27,010 SNT reinforcement_information
2018-06-12 00:05:27,464 RF found but not transmitted
2018-06-12 00:05:27,763 RF found but not transmitted
2018-06-12 00:05:27,881 RCV reinforcement info
2018-06-12 00:05:27,884 , 45.3493908071128
2018-06-12 00:05:30,642 RCV reinforcement info
2018-06-12 00:05:30,645 , 45.56443271990969
2018-06-12 00:05:31,282 RF found but not transmitted
2018-06-12 00:05:32,455 RCV reinforcement info
2018-06-12 00:05:32,459 , 45.82677375882953
2018-06-12 00:05:33,165 RCV reinforcement info
2018-06-12 00:05:33,169 , 46.01868870487337
2018-06-12 00:05:34,784 RCV reinforcement info
2018-06-12 00:05:34,788 , 46.09485949257324
2018-06-12 00:05:35,429 RCV reinforcement info
2018-06-12 00:05:35,433 , 46.91788709409093
2018-06-12 00:05:35,825 RF found but not transmitted
2018-06-12 00:05:35,843 RCV reinforcement info
2018-06-12 00:05:35,847 , 47.021079679340204
2018-06-12 00:05:36,177 RCV reinforcement info
2018-06-12 00:05:36,181 , 47.09319007880092
2018-06-12 00:05:36,448 RF found but not transmitted
2018-06-12 00:05:36,449 RF found
2018-06-12 00:05:36,450 SNT reinforcement_information
2018-06-12 00:05:37,593 RF found but not transmitted
2018-06-12 00:05:38,475 RCV reinforcement info
2018-06-12 00:05:38,479 , 47.30496501612935
2018-06-12 00:05:38,599 RCV reinforcement info
2018-06-12 00:05:38,603 , 47.40163856261185
2018-06-12 00:05:39,039 RCV reinforcement info
2018-06-12 00:05:39,043 , 47.495636089263726
2018-06-12 00:05:41,945 RCV reinforcement info
2018-06-12 00:05:41,949 , 47.58042404767585
2018-06-12 00:05:42,111 RCV reinforcement info
2018-06-12 00:05:42,115 , 48.05356976205389
2018-06-12 00:05:42,397 RF found but not transmitted
2018-06-12 00:05:42,418 RCV reinforcement info
2018-06-12 00:05:42,422 , 48.649750222067716
2018-06-12 00:05:42,830 RF found but not transmitted
2018-06-12 00:05:42,833 RF found
2018-06-12 00:05:42,836 SNT reinforcement_information
2018-06-12 00:05:43,574 RCV reinforcement info
2018-06-12 00:05:43,577 , 49.49799561457055
2018-06-12 00:05:43,788 RCV reinforcement info
2018-06-12 00:05:43,792 , 49.620485003446305
2018-06-12 00:05:45,820 RF found but not transmitted
2018-06-12 00:05:45,822 hash found
2018-06-12 00:05:45,825 appended honest propose 29e87db061 on top of 9ecab698c2
2018-06-12 00:05:45,826 REINFORCEMENT COLLECTING state
2018-06-12 00:05:45,876 SNT proposal
2018-06-12 00:05:46,065 RCV reinforcement
2018-06-12 00:05:46,087 RCV reinforcement
2018-06-12 00:05:46,102 RCV reinforcement
2018-06-12 00:05:46,148 RCV reinforcement
2018-06-12 00:05:46,161 RCV reinforcement
2018-06-12 00:05:46,166 RCV reinforcement
2018-06-12 00:05:46,241 RCV reinforcement info
2018-06-12 00:05:46,244 , 50.620485003446305
2018-06-12 00:05:46,303 RCV reinforcement
2018-06-12 00:05:46,718 RCV reinforcement info
2018-06-12 00:05:46,722 , 50.70223133947292
2018-06-12 00:05:46,791 RCV reinforcement
2018-06-12 00:05:46,891 RCV reinforcement info
2018-06-12 00:05:46,895 , 50.77183144597463
2018-06-12 00:05:46,969 RCV reinforcement info
2018-06-12 00:05:46,976 , 51.52839750854193
2018-06-12 00:05:47,019 RCV reinforcement
2018-06-12 00:05:47,031 RCV reinforcement info
2018-06-12 00:05:47,037 , 51.89456539281487
2018-06-12 00:05:47,077 RCV reinforcement
2018-06-12 00:05:47,131 RCV reinforcement
2018-06-12 00:05:47,384 commit with 7 reinforcements
2018-06-12 00:05:47,426 appended honest commit 9cc966f4fd on top of 29e87db061
2018-06-12 00:05:47,463 Weight: 52.89456539281487 #RFs 29
2018-06-12 00:05:47,464 weight: 52.89456539281487
2018-06-12 00:05:47,464 , 52.89456539281487
2018-06-12 00:05:47,464 MINING state
2018-06-12 00:05:47,465 start mining - depth 17
2018-06-12 00:05:47,465 start mining - hash 9cc966f4fd9d95c7ad4a473470e098ced4fe649419061bdf24a844b5332daafb
2018-06-12 00:05:47,465 SNT commit
2018-06-12 00:05:47,760 RF found but not transmitted
2018-06-12 00:05:48,008 RCV proposal
2018-06-12 00:05:48,011 appended malicious propose 3f21cb7745 on top of 9ecab698c2
2018-06-12 00:05:48,099 RCV reinforcement
2018-06-12 00:05:48,108 RCV reinforcement
2018-06-12 00:05:48,578 RF found but not transmitted
2018-06-12 00:05:48,759 RCV reinforcement info
2018-06-12 00:05:48,764 , 53.19766763204725
2018-06-12 00:05:48,778 RCV reinforcement info
2018-06-12 00:05:48,783 , 53.329949928014955
2018-06-12 00:05:49,042 RCV reinforcement info
2018-06-12 00:05:49,047 , 54.21442701759098
2018-06-12 00:05:49,544 RCV commit
2018-06-12 00:05:49,589 appended malicious commit da8cb58b8f on top of 3f21cb7745
2018-06-12 00:05:49,697 Weight: 47.59480560626003 #RFs 14
2018-06-12 00:05:49,697 weight: 47.59480560626003
2018-06-12 00:05:49,697 , 47.59480560626003
2018-06-12 00:05:49,934 RCV reinforcement info
2018-06-12 00:05:49,939 , 54.97737900628655
2018-06-12 00:05:49,972 RF found but not transmitted
2018-06-12 00:05:50,389 RCV reinforcement info
2018-06-12 00:05:50,394 , 55.06022224995067
2018-06-12 00:05:50,409 RCV reinforcement info
2018-06-12 00:05:50,414 , 55.23400053576837
2018-06-12 00:05:51,203 RCV reinforcement info
2018-06-12 00:05:51,208 , 55.314305303839284
2018-06-12 00:05:51,242 RCV reinforcement info
2018-06-12 00:05:51,247 , 55.389854737078394
2018-06-12 00:05:51,469 RF found but not transmitted
2018-06-12 00:05:51,485 RCV reinforcement info
2018-06-12 00:05:51,490 , 55.47323986901679
2018-06-12 00:05:51,892 RCV reinforcement info
2018-06-12 00:05:51,897 , 55.546387158798574
2018-06-12 00:05:53,640 RCV reinforcement info
2018-06-12 00:05:53,645 , 55.66599095077045
2018-06-12 00:05:53,727 RCV reinforcement info
2018-06-12 00:05:53,732 , 55.77356887081272
2018-06-12 00:05:53,908 RF found but not transmitted
2018-06-12 00:05:54,206 RF found but not transmitted
2018-06-12 00:05:54,208 RF found
2018-06-12 00:05:54,210 SNT reinforcement_information
2018-06-12 00:05:54,331 RF found but not transmitted
2018-06-12 00:05:56,016 RF found but not transmitted
2018-06-12 00:05:56,018 hash found
2018-06-12 00:05:56,024 appended honest propose fe59f5ac2e on top of 9cc966f4fd
2018-06-12 00:05:56,024 REINFORCEMENT COLLECTING state
2018-06-12 00:05:56,076 SNT proposal
2018-06-12 00:05:56,283 RCV reinforcement
2018-06-12 00:05:56,295 RCV reinforcement
2018-06-12 00:05:56,307 RCV reinforcement
2018-06-12 00:05:56,325 RCV reinforcement
2018-06-12 00:05:56,342 RCV reinforcement
2018-06-12 00:05:56,358 RCV reinforcement
2018-06-12 00:05:56,622 RCV reinforcement info
2018-06-12 00:05:56,627 , 56.06744748476171
2018-06-12 00:05:56,689 RCV reinforcement
2018-06-12 00:05:56,879 RCV reinforcement info
2018-06-12 00:05:56,894 , 56.35758568792474
2018-06-12 00:05:56,946 RCV reinforcement
2018-06-12 00:05:57,585 commit with 7 reinforcements
2018-06-12 00:05:57,611 appended honest commit 1059adb91e on top of fe59f5ac2e
2018-06-12 00:05:57,634 Weight: 57.35758568792474 #RFs 15
2018-06-12 00:05:57,634 weight: 57.35758568792474
2018-06-12 00:05:57,634 , 57.35758568792474
2018-06-12 00:05:57,634 MINING state
2018-06-12 00:05:57,634 start mining - depth 18
2018-06-12 00:05:57,635 start mining - hash 1059adb91e71296eec83fc0bf4246fd05b419d7435e78cda21851faf6e825e19
2018-06-12 00:05:57,636 SNT commit
2018-06-12 00:05:58,084 RCV proposal
2018-06-12 00:05:58,088 appended malicious propose 96baf85464 on top of 9cc966f4fd
2018-06-12 00:05:58,128 RF found but not transmitted
2018-06-12 00:05:58,164 RCV reinforcement
2018-06-12 00:05:58,934 RCV reinforcement info
2018-06-12 00:05:58,939 , 57.67646494405566
2018-06-12 00:05:59,416 RCV reinforcement info
2018-06-12 00:05:59,422 , 58.00513276308892
2018-06-12 00:05:59,579 RCV reinforcement
2018-06-12 00:05:59,598 RCV commit
2018-06-12 00:05:59,633 appended malicious commit b23d1c6fbd on top of 96baf85464
2018-06-12 00:05:59,669 Weight: 56.904870078997014 #RFs 5
2018-06-12 00:05:59,669 weight: 56.904870078997014
2018-06-12 00:05:59,669 , 56.904870078997014
2018-06-12 00:06:00,131 RCV proposal
2018-06-12 00:06:00,134 appended honest propose bec5025cc6 on top of 1059adb91e
2018-06-12 00:06:00,134 REINFORCEMENT SENT state
2018-06-12 00:06:00,230 RCV reinforcement
2018-06-12 00:06:00,249 RCV reinforcement
2018-06-12 00:06:00,349 RF found but not transmitted
2018-06-12 00:06:00,430 RCV reinforcement info
2018-06-12 00:06:00,435 , 58.15406585575162
2018-06-12 00:06:00,508 RCV reinforcement
2018-06-12 00:06:00,638 RCV reinforcement info
2018-06-12 00:06:00,646 , 58.393471834009695
2018-06-12 00:06:00,748 RCV reinforcement
2018-06-12 00:06:00,836 RF found but not transmitted
2018-06-12 00:06:01,573 RCV reinforcement info
2018-06-12 00:06:01,579 , 58.484226552913654
2018-06-12 00:06:01,669 RCV commit
2018-06-12 00:06:01,704 appended honest commit b6ddc8ba48 on top of bec5025cc6
2018-06-12 00:06:01,723 Weight: 59.393471834009695 #RFs 4
2018-06-12 00:06:01,723 weight: 59.393471834009695
2018-06-12 00:06:01,724 , 59.393471834009695
2018-06-12 00:06:01,724 MINING state
2018-06-12 00:06:01,724 start mining - depth 19
2018-06-12 00:06:01,724 start mining - hash b6ddc8ba483e5bb0b000c244d5a6b4944ba9e4832b19670b6effdda1e548fa72
2018-06-12 00:06:01,746 RCV reinforcement
2018-06-12 00:06:01,799 RCV reinforcement info
2018-06-12 00:06:01,880 RCV reinforcement
2018-06-12 00:06:01,957 RF found but not transmitted
2018-06-12 00:06:02,113 RCV reinforcement info
2018-06-12 00:06:02,117 , 59.49546655689425
2018-06-12 00:06:02,140 RCV reinforcement info
2018-06-12 00:06:02,145 , 59.58208352649984
2018-06-12 00:06:02,443 RCV reinforcement info
2018-06-12 00:06:02,448 , 59.86025199663654
2018-06-12 00:06:02,536 RCV reinforcement info
2018-06-12 00:06:02,540 , 60.22394763712472
2018-06-12 00:06:03,185 RCV reinforcement info
2018-06-12 00:06:03,190 , 60.28733642552512
2018-06-12 00:06:04,078 RCV reinforcement info
2018-06-12 00:06:04,084 , 60.48775884452887
2018-06-12 00:06:04,369 RF found but not transmitted
2018-06-12 00:06:04,984 RCV proposal
2018-06-12 00:06:04,987 appended honest propose 75b033c8cf on top of b6ddc8ba48
2018-06-12 00:06:04,987 REINFORCEMENT SENT state
2018-06-12 00:06:05,201 RCV reinforcement
2018-06-12 00:06:05,216 RCV reinforcement
2018-06-12 00:06:05,231 RCV reinforcement
2018-06-12 00:06:05,248 RCV reinforcement
2018-06-12 00:06:05,635 RCV reinforcement info
2018-06-12 00:06:05,640 , 60.57195080972201
2018-06-12 00:06:05,698 RCV reinforcement info
2018-06-12 00:06:05,703 , 60.77972203766585
2018-06-12 00:06:05,748 RCV reinforcement
2018-06-12 00:06:05,804 RCV reinforcement
2018-06-12 00:06:06,279 RCV reinforcement info
2018-06-12 00:06:06,285 , 61.07980321875183
2018-06-12 00:06:06,364 RCV reinforcement
2018-06-12 00:06:06,524 RCV reinforcement info
2018-06-12 00:06:06,531 , 61.37996452971921
2018-06-12 00:06:06,537 RCV commit
2018-06-12 00:06:06,591 appended honest commit 62242bc7da on top of 75b033c8cf
2018-06-12 00:06:06,660 Weight: 62.07980321875183 #RFs 9
2018-06-12 00:06:06,661 weight: 62.07980321875183
2018-06-12 00:06:06,661 , 62.07980321875183
2018-06-12 00:06:06,661 MINING state
2018-06-12 00:06:06,661 start mining - depth 20
2018-06-12 00:06:06,662 start mining - hash 62242bc7da2c8de63694b60b453eb7f7e1603106705cd7f1688eb2e4e456ff5e
2018-06-12 00:06:06,745 RCV reinforcement
2018-06-12 00:06:06,754 RF found but not transmitted
2018-06-12 00:06:06,814 RF found but not transmitted
2018-06-12 00:06:06,963 RCV proposal
2018-06-12 00:06:06,966 appended honest propose 7feabfa923 on top of 62242bc7da
2018-06-12 00:06:06,966 REINFORCEMENT SENT state
2018-06-12 00:06:07,440 RCV reinforcement info
2018-06-12 00:06:07,445 , 62.578878230789
2018-06-12 00:06:07,520 RCV reinforcement
2018-06-12 00:06:07,947 RCV reinforcement info
2018-06-12 00:06:07,955 , 62.811054378646
2018-06-12 00:06:08,028 RCV reinforcement
2018-06-12 00:06:08,274 RCV reinforcement info
2018-06-12 00:06:08,279 , 62.9167746045683
2018-06-12 00:06:08,345 RF found but not transmitted
2018-06-12 00:06:08,380 RCV reinforcement
2018-06-12 00:06:08,475 RCV reinforcement info
2018-06-12 00:06:08,487 , 63.05425624089825
2018-06-12 00:06:08,503 RCV reinforcement info
2018-06-12 00:06:08,512 , 64.05425624089824
2018-06-12 00:06:08,619 RCV reinforcement
2018-06-12 00:06:08,630 RCV reinforcement
2018-06-12 00:06:08,723 RF found but not transmitted
2018-06-12 00:06:08,727 RF found but not transmitted
2018-06-12 00:06:08,771 RCV commit
2018-06-12 00:06:08,779 appended honest commit e59d495d9c on top of 7feabfa923
2018-06-12 00:06:08,783 Weight: 63.18552344467413 #RFs 1
2018-06-12 00:06:08,786 weight: 63.18552344467413
2018-06-12 00:06:08,786 , 63.18552344467413
2018-06-12 00:06:08,786 MINING state
2018-06-12 00:06:08,786 start mining - depth 21
2018-06-12 00:06:08,786 start mining - hash e59d495d9cecef2f4f22c8d23c82adf49a6b390d8a922c9dd6e73e01e8422994
2018-06-12 00:06:08,818 RCV reinforcement info
2018-06-12 00:06:08,896 RCV reinforcement
2018-06-12 00:06:09,478 RCV reinforcement info
2018-06-12 00:06:09,482 , 63.357341458947275
2018-06-12 00:06:09,620 RCV reinforcement info
2018-06-12 00:06:09,626 , 63.45452647772301
2018-06-12 00:06:10,266 RCV reinforcement info
2018-06-12 00:06:10,270 , 63.74672243925905
2018-06-12 00:06:10,470 RF found but not transmitted
2018-06-12 00:06:11,701 RCV proposal
2018-06-12 00:06:11,703 appended honest propose 20c6edacae on top of e59d495d9c
2018-06-12 00:06:11,704 REINFORCEMENT SENT state
2018-06-12 00:06:11,791 RCV reinforcement
2018-06-12 00:06:11,809 RCV reinforcement
2018-06-12 00:06:12,508 RCV reinforcement info
2018-06-12 00:06:12,513 , 63.81893743336611
2018-06-12 00:06:12,589 RCV reinforcement
2018-06-12 00:06:13,036 RF found but not transmitted
2018-06-12 00:06:13,039 SNT reinforcement_information
2018-06-12 00:06:13,110 SNT reinforcement
2018-06-12 00:06:13,276 RCV commit
2018-06-12 00:06:13,289 appended honest commit b4c004d74c on top of 20c6edacae
2018-06-12 00:06:13,294 Weight: 64.8189374333661 #RFs 4
2018-06-12 00:06:13,298 weight: 64.8189374333661
2018-06-12 00:06:13,298 , 64.8189374333661
2018-06-12 00:06:13,299 MINING state
2018-06-12 00:06:13,299 start mining - depth 22
2018-06-12 00:06:13,299 start mining - hash b4c004d74c192ca1837bd6647128188bfacae73570cfcc4ffcd77fe9f381880d
2018-06-12 00:06:13,570 RCV reinforcement info
2018-06-12 00:06:13,572 , 64.8927379449834
2018-06-12 00:06:15,060 RCV reinforcement info
2018-06-12 00:06:15,064 , 65.00150859799247
2018-06-12 00:06:15,125 RCV reinforcement info
2018-06-12 00:06:15,129 , 65.09351154523507
2018-06-12 00:06:15,593 RCV reinforcement info
2018-06-12 00:06:15,597 , 65.40230444610802
2018-06-12 00:06:15,809 RCV reinforcement info
2018-06-12 00:06:15,813 , 65.65147530533214
2018-06-12 00:06:15,837 RCV reinforcement info
2018-06-12 00:06:15,841 , 65.77092441006936
2018-06-12 00:06:15,898 RF found but not transmitted
2018-06-12 00:06:16,114 RF found but not transmitted
2018-06-12 00:06:16,615 RCV reinforcement info
2018-06-12 00:06:16,619 , 66.19168929153345
2018-06-12 00:06:17,077 RF found but not transmitted
2018-06-12 00:06:17,319 RCV reinforcement info
2018-06-12 00:06:17,323 , 66.65669290241892
2018-06-12 00:06:17,541 RCV reinforcement info
2018-06-12 00:06:17,545 , 67.10626077525129
2018-06-12 00:06:17,713 RCV reinforcement info
2018-06-12 00:06:17,717 , 67.25902581975241
2018-06-12 00:06:17,769 RF found but not transmitted
2018-06-12 00:06:17,772 RF found
2018-06-12 00:06:17,776 SNT reinforcement_information
2018-06-12 00:06:18,066 RCV proposal
2018-06-12 00:06:18,069 appended honest propose 28ca29eaf2 on top of b4c004d74c
2018-06-12 00:06:18,069 REINFORCEMENT SENT state
2018-06-12 00:06:18,069 RFs > 0 
2018-06-12 00:06:18,074 SNT reinforcement
2018-06-12 00:06:18,215 RCV reinforcement
2018-06-12 00:06:18,227 RCV reinforcement
2018-06-12 00:06:18,229 RCV reinforcement
2018-06-12 00:06:18,233 RCV reinforcement info
2018-06-12 00:06:18,247 , 67.84039485954658
2018-06-12 00:06:18,251 RCV reinforcement
2018-06-12 00:06:18,255 RCV reinforcement
2018-06-12 00:06:18,451 RCV reinforcement info
2018-06-12 00:06:18,458 , 67.93842485482494
2018-06-12 00:06:18,519 RCV reinforcement
2018-06-12 00:06:19,522 RCV commit
2018-06-12 00:06:19,590 appended honest commit 6aea7d72e6 on top of 28ca29eaf2
2018-06-12 00:06:19,641 RF found but not transmitted
2018-06-12 00:06:19,678 Weight: 68.93842485482494 #RFs 13
2018-06-12 00:06:19,678 weight: 68.93842485482494
2018-06-12 00:06:19,680 , 68.93842485482494
2018-06-12 00:06:19,680 MINING state
2018-06-12 00:06:19,681 start mining - depth 23
2018-06-12 00:06:19,681 start mining - hash 6aea7d72e623fbf5766f9713dcb602510b2fd6f232d35225e3414426febfe2b5
2018-06-12 00:06:19,682 Hashing frequency: 9705
2018-06-12 00:06:20,872 RF found but not transmitted
2018-06-12 00:06:20,873 RF found
2018-06-12 00:06:20,875 SNT reinforcement_information
2018-06-12 00:06:21,537 RCV reinforcement info
2018-06-12 00:06:21,542 , 69.2229565726517
2018-06-12 00:06:22,026 RCV reinforcement info
2018-06-12 00:06:22,031 , 69.30398611783662
2018-06-12 00:06:23,535 RF found but not transmitted
2018-06-12 00:06:23,537 RF found
2018-06-12 00:06:23,538 SNT reinforcement_information
2018-06-12 00:06:24,064 RF found but not transmitted
2018-06-12 00:06:24,227 RCV reinforcement info
2018-06-12 00:06:24,232 , 70.18786421807623
2018-06-12 00:06:24,398 RF found but not transmitted
2018-06-12 00:06:24,400 RF found
2018-06-12 00:06:24,404 SNT reinforcement_information
2018-06-12 00:06:24,863 RCV reinforcement info
2018-06-12 00:06:24,868 , 70.36172886057287
2018-06-12 00:06:24,929 RF found but not transmitted
2018-06-12 00:06:24,930 RF found
2018-06-12 00:06:24,932 SNT reinforcement_information
2018-06-12 00:06:25,366 RCV reinforcement info
2018-06-12 00:06:25,371 , 70.93184822488176
2018-06-12 00:06:25,885 RF found but not transmitted
2018-06-12 00:06:26,189 RF found but not transmitted
2018-06-12 00:06:26,191 RF found
2018-06-12 00:06:26,192 SNT reinforcement_information
2018-06-12 00:06:26,220 RF found but not transmitted
2018-06-12 00:06:26,252 RF found but not transmitted
2018-06-12 00:06:27,552 RCV reinforcement info
2018-06-12 00:06:27,556 , 71.24172354160521
2018-06-12 00:06:27,605 RF found but not transmitted
2018-06-12 00:06:27,606 RF found
2018-06-12 00:06:27,608 SNT reinforcement_information
2018-06-12 00:06:27,659 RF found but not transmitted
2018-06-12 00:06:28,750 RCV reinforcement info
2018-06-12 00:06:28,755 , 71.64398676076196
2018-06-12 00:06:29,369 RCV reinforcement info
2018-06-12 00:06:29,375 , 71.95477696425601
2018-06-12 00:06:29,717 RCV reinforcement info
2018-06-12 00:06:29,725 , 72.19381879226204
2018-06-12 00:06:30,638 RF found but not transmitted
2018-06-12 00:06:32,667 RF found but not transmitted
2018-06-12 00:06:33,077 RCV reinforcement info
2018-06-12 00:06:33,082 , 72.32592979513163
2018-06-12 00:06:33,410 RCV reinforcement info
2018-06-12 00:06:33,415 , 72.40822706009699
2018-06-12 00:06:34,579 RCV reinforcement info
2018-06-12 00:06:34,584 , 72.50763767343189
2018-06-12 00:06:34,908 RCV reinforcement info
2018-06-12 00:06:34,913 , 72.59920644914895
2018-06-12 00:06:34,962 RF found but not transmitted
2018-06-12 00:06:34,965 RF found
2018-06-12 00:06:34,967 SNT reinforcement_information
2018-06-12 00:06:35,301 RF found but not transmitted
2018-06-12 00:06:35,304 RF found
2018-06-12 00:06:35,309 SNT reinforcement_information
2018-06-12 00:06:35,572 RCV reinforcement info
2018-06-12 00:06:35,582 , 73.26883691564436
2018-06-12 00:06:36,554 RCV reinforcement info
2018-06-12 00:06:36,559 , 73.34051561816311
2018-06-12 00:06:37,508 RF found but not transmitted
2018-06-12 00:06:37,512 RF found
2018-06-12 00:06:37,514 SNT reinforcement_information
2018-06-12 00:06:38,330 RF found but not transmitted
2018-06-12 00:06:38,336 RF found
2018-06-12 00:06:38,340 SNT reinforcement_information
2018-06-12 00:06:38,936 RCV reinforcement info
2018-06-12 00:06:38,942 , 73.69069311498524
2018-06-12 00:06:38,956 RCV reinforcement info
2018-06-12 00:06:38,962 , 73.79962077552459
2018-06-12 00:06:39,373 RCV reinforcement info
2018-06-12 00:06:39,378 , 73.8841492047507
2018-06-12 00:06:39,933 RCV reinforcement info
2018-06-12 00:06:39,937 , 74.10169674169222
2018-06-12 00:06:40,168 RCV reinforcement info
2018-06-12 00:06:40,173 , 74.21167457058613
2018-06-12 00:06:40,638 RCV reinforcement info
2018-06-12 00:06:40,643 , 74.31669389920967
2018-06-12 00:06:41,253 RF found but not transmitted
2018-06-12 00:06:41,256 RF found
2018-06-12 00:06:41,258 SNT reinforcement_information
2018-06-12 00:06:41,391 RCV reinforcement info
2018-06-12 00:06:41,404 , 74.54776266165118
2018-06-12 00:06:41,667 RF found but not transmitted
2018-06-12 00:06:41,812 RCV reinforcement info
2018-06-12 00:06:41,819 , 74.69988123547478
2018-06-12 00:06:42,203 RCV reinforcement info
2018-06-12 00:06:42,208 , 74.94919720194541
2018-06-12 00:06:42,937 RCV reinforcement info
2018-06-12 00:06:42,942 , 75.01821983847503
2018-06-12 00:06:43,375 RF found but not transmitted
2018-06-12 00:06:44,702 RF found but not transmitted
2018-06-12 00:06:44,760 RCV reinforcement info
2018-06-12 00:06:44,765 , 75.10373884692264
2018-06-12 00:06:44,905 RF found but not transmitted
2018-06-12 00:06:45,460 RCV reinforcement info
2018-06-12 00:06:45,465 , 75.1699211132036
2018-06-12 00:06:46,956 RCV reinforcement info
2018-06-12 00:06:46,964 , 75.39227749979584
2018-06-12 00:06:47,008 RCV reinforcement info
2018-06-12 00:06:47,013 , 75.45549177895671
2018-06-12 00:06:47,390 RCV reinforcement info
2018-06-12 00:06:47,395 , 75.51993890754565
2018-06-12 00:06:48,317 RCV reinforcement info
2018-06-12 00:06:48,322 , 75.58947616816323
2018-06-12 00:06:49,004 RF found but not transmitted
2018-06-12 00:06:49,714 RCV reinforcement info
2018-06-12 00:06:49,720 , 75.66959678113173
2018-06-12 00:06:49,870 RCV proposal
2018-06-12 00:06:49,873 appended honest propose 9607453322 on top of 6aea7d72e6
2018-06-12 00:06:49,892 REINFORCEMENT SENT state
2018-06-12 00:06:49,893 RFs > 0 
2018-06-12 00:06:49,910 SNT reinforcement
2018-06-12 00:06:50,086 RCV reinforcement
2018-06-12 00:06:50,090 RCV reinforcement
2018-06-12 00:06:50,095 RCV reinforcement
2018-06-12 00:06:50,120 RCV reinforcement
2018-06-12 00:06:50,132 RCV reinforcement
2018-06-12 00:06:50,823 RCV reinforcement info
2018-06-12 00:06:50,831 , 75.7540896124557
2018-06-12 00:06:50,916 RCV reinforcement
2018-06-12 00:06:51,546 RCV commit
2018-06-12 00:06:51,879 appended honest commit dd297d4f28 on top of 9607453322
2018-06-12 00:06:52,193 Weight: 76.66959678113173 #RFs 43
2018-06-12 00:06:52,193 weight: 76.66959678113173
2018-06-12 00:06:52,193 , 76.66959678113173
2018-06-12 00:06:52,194 MINING state
2018-06-12 00:06:52,194 start mining - depth 24
2018-06-12 00:06:52,196 start mining - hash dd297d4f285ac0231f425fb46273dbb3728d682d75b93c9bc9ca773dba61009d
2018-06-12 00:06:52,285 RCV reinforcement info
2018-06-12 00:06:52,292 , 76.75776043462439
2018-06-12 00:06:52,376 RCV reinforcement info
2018-06-12 00:06:52,379 , 76.87970908639824
2018-06-12 00:06:52,938 RCV reinforcement info
2018-06-12 00:06:52,943 , 77.02171455781425
2018-06-12 00:06:52,954 RF found but not transmitted
2018-06-12 00:06:53,453 RCV reinforcement info
2018-06-12 00:06:53,458 , 77.10961428319801
2018-06-12 00:06:53,869 RCV reinforcement info
2018-06-12 00:06:53,874 , 77.181774444275
2018-06-12 00:06:54,763 RCV reinforcement info
2018-06-12 00:06:54,768 , 77.24504121444626
2018-06-12 00:06:54,770 RF found but not transmitted
2018-06-12 00:06:54,772 RF found
2018-06-12 00:06:54,773 SNT reinforcement_information
2018-06-12 00:06:54,816 RF found but not transmitted
2018-06-12 00:06:54,849 RF found
2018-06-12 00:06:54,850 SNT reinforcement_information
2018-06-12 00:06:55,158 RCV reinforcement info
2018-06-12 00:06:55,161 , 77.87560841260176
2018-06-12 00:06:55,785 RCV reinforcement info
2018-06-12 00:06:55,790 , 78.022449970899
2018-06-12 00:06:56,414 RCV reinforcement info
2018-06-12 00:06:56,419 , 78.09414985408755
2018-06-12 00:06:56,590 RF found but not transmitted
2018-06-12 00:06:56,676 RCV reinforcement info
2018-06-12 00:06:56,681 , 78.17424112394639
2018-06-12 00:06:57,215 RF found but not transmitted
2018-06-12 00:06:58,098 RCV reinforcement info
2018-06-12 00:06:58,103 , 78.25906817631115
2018-06-12 00:06:58,193 RF found but not transmitted
2018-06-12 00:06:58,198 RF found
2018-06-12 00:06:58,201 SNT reinforcement_information
2018-06-12 00:07:00,059 RF found but not transmitted
2018-06-12 00:07:00,061 RF found
2018-06-12 00:07:00,062 SNT reinforcement_information
2018-06-12 00:07:00,282 RF found but not transmitted
2018-06-12 00:07:00,288 RCV reinforcement info
2018-06-12 00:07:00,291 , 78.8625457114489
2018-06-12 00:07:00,646 RCV reinforcement info
2018-06-12 00:07:00,654 , 78.97457114840682
2018-06-12 00:07:01,010 RF found but not transmitted
2018-06-12 00:07:01,194 RF found but not transmitted
2018-06-12 00:07:01,334 RCV reinforcement info
2018-06-12 00:07:01,339 , 79.05105843104326
2018-06-12 00:07:01,635 RCV reinforcement info
2018-06-12 00:07:01,640 , 79.15748753873706
2018-06-12 00:07:01,830 RCV reinforcement info
2018-06-12 00:07:01,835 , 79.81348833124623
2018-06-12 00:07:02,346 RF found but not transmitted
2018-06-12 00:07:03,155 RF found but not transmitted
2018-06-12 00:07:03,431 RCV reinforcement info
2018-06-12 00:07:03,435 , 79.8996795084238
2018-06-12 00:07:03,623 RF found but not transmitted
2018-06-12 00:07:04,242 RCV reinforcement info
2018-06-12 00:07:04,247 , 80.86272162782164
2018-06-12 00:07:05,349 RF found but not transmitted
2018-06-12 00:07:05,828 RCV reinforcement info
2018-06-12 00:07:05,834 , 80.9554327013142
2018-06-12 00:07:06,721 RF found but not transmitted
2018-06-12 00:07:06,722 RF found
2018-06-12 00:07:06,727 SNT reinforcement_information
2018-06-12 00:07:06,964 RCV reinforcement info
2018-06-12 00:07:06,971 , 82.21729145100184
2018-06-12 00:07:07,116 RCV reinforcement info
2018-06-12 00:07:07,122 , 82.33581775355665
2018-06-12 00:07:07,435 RCV reinforcement info
2018-06-12 00:07:07,440 , 82.58196036145817
2018-06-12 00:07:07,734 RCV proposal
2018-06-12 00:07:07,738 appended honest propose fc43e0d5f2 on top of dd297d4f28
2018-06-12 00:07:07,755 REINFORCEMENT SENT state
2018-06-12 00:07:07,756 RFs > 0 
2018-06-12 00:07:07,757 SNT reinforcement
2018-06-12 00:07:07,979 RCV reinforcement
2018-06-12 00:07:08,011 RCV reinforcement
2018-06-12 00:07:08,023 RCV reinforcement
2018-06-12 00:07:08,027 RCV reinforcement
2018-06-12 00:07:08,030 RCV reinforcement
2018-06-12 00:07:08,198 RCV reinforcement info
2018-06-12 00:07:08,204 , 82.65325103242495
2018-06-12 00:07:08,315 RCV reinforcement
2018-06-12 00:07:09,371 RCV commit
2018-06-12 00:07:09,439 RF found but not transmitted
2018-06-12 00:07:09,582 appended honest commit a53dbcbac2 on top of fc43e0d5f2
2018-06-12 00:07:09,881 Weight: 83.65325103242495 #RFs 28
2018-06-12 00:07:09,881 weight: 83.65325103242495
2018-06-12 00:07:09,944 , 83.65325103242495
2018-06-12 00:07:09,944 MINING state
2018-06-12 00:07:09,944 start mining - depth 25
2018-06-12 00:07:09,945 start mining - hash a53dbcbac270b0775a07094c5e1d9372ca2a9127bf294297114091fe8eb4c00a
2018-06-12 00:07:10,136 RCV proposal
2018-06-12 00:07:10,149 appended malicious propose 706d3372d7 on top of dd297d4f28
2018-06-12 00:07:10,249 RCV reinforcement
2018-06-12 00:07:10,682 RCV reinforcement
2018-06-12 00:07:10,685 RF found but not transmitted
2018-06-12 00:07:10,687 RF found
2018-06-12 00:07:10,691 SNT reinforcement_information
2018-06-12 00:07:10,795 RCV reinforcement
2018-06-12 00:07:10,873 RCV reinforcement info
2018-06-12 00:07:10,881 , 83.78608524798688
2018-06-12 00:07:11,631 RF found but not transmitted
2018-06-12 00:07:11,652 RCV commit
2018-06-12 00:07:11,715 appended malicious commit 9701f14fb4 on top of 706d3372d7
2018-06-12 00:07:11,730 Weight: 79.10412232076665 #RFs 5
2018-06-12 00:07:11,733 weight: 79.10412232076665
2018-06-12 00:07:11,734 , 79.10412232076665
2018-06-12 00:07:11,806 RCV reinforcement info
2018-06-12 00:07:11,811 , 84.12626221276389
2018-06-12 00:07:13,299 RCV reinforcement info
2018-06-12 00:07:13,304 , 84.3753972523028
2018-06-12 00:07:13,575 RCV reinforcement info
2018-06-12 00:07:13,581 , 84.57241645764468
2018-06-12 00:07:14,134 RF found but not transmitted
2018-06-12 00:07:14,146 RCV reinforcement info
2018-06-12 00:07:14,152 , 84.63786858862996
2018-06-12 00:07:14,635 RCV reinforcement info
2018-06-12 00:07:14,640 , 84.7275138917284
2018-06-12 00:07:14,898 RCV reinforcement info
2018-06-12 00:07:14,903 , 84.9251838714655
2018-06-12 00:07:15,204 RCV reinforcement info
2018-06-12 00:07:15,210 , 85.1017296327776
2018-06-12 00:07:15,350 RCV reinforcement info
2018-06-12 00:07:15,355 , 85.38951418507168
2018-06-12 00:07:15,454 RCV reinforcement info
2018-06-12 00:07:15,459 , 85.53194822834975
2018-06-12 00:07:16,921 RCV reinforcement info
2018-06-12 00:07:16,927 , 85.65836540941251
2018-06-12 00:07:17,564 RCV reinforcement info
2018-06-12 00:07:17,570 , 85.82070328765568
2018-06-12 00:07:17,700 RCV reinforcement info
2018-06-12 00:07:17,706 , 85.90846685460335
2018-06-12 00:07:18,145 RF found but not transmitted
2018-06-12 00:07:18,431 RF found but not transmitted
2018-06-12 00:07:18,558 RCV reinforcement info
2018-06-12 00:07:18,563 , 85.97433390733107
2018-06-12 00:07:19,155 RCV reinforcement info
2018-06-12 00:07:19,161 , 86.07753638217278
2018-06-12 00:07:19,491 RCV reinforcement info
2018-06-12 00:07:19,496 , 86.9657000656337
2018-06-12 00:07:19,531 RF found but not transmitted
2018-06-12 00:07:19,914 RCV reinforcement info
2018-06-12 00:07:19,919 , 87.25653582054001
2018-06-12 00:07:20,041 RCV reinforcement info
2018-06-12 00:07:20,046 , 87.37037920545367
2018-06-12 00:07:20,720 RCV reinforcement info
2018-06-12 00:07:20,726 , 87.47293889146574
2018-06-12 00:07:20,865 RCV reinforcement info
2018-06-12 00:07:20,872 , 87.55054704355904
2018-06-12 00:07:21,166 RCV reinforcement info
2018-06-12 00:07:21,171 , 88.29749957678935
2018-06-12 00:07:22,452 RCV reinforcement info
2018-06-12 00:07:22,457 , 88.37471641258684
2018-06-12 00:07:22,839 RCV reinforcement info
2018-06-12 00:07:22,844 , 88.53425977129407
2018-06-12 00:07:22,875 RF found but not transmitted
2018-06-12 00:07:23,610 RF found but not transmitted
2018-06-12 00:07:23,842 RCV reinforcement info
2018-06-12 00:07:23,847 , 88.64229384470602
2018-06-12 00:07:24,094 RF found but not transmitted
2018-06-12 00:07:24,346 RF found but not transmitted
2018-06-12 00:07:24,611 RCV reinforcement info
2018-06-12 00:07:24,623 , 88.8050692478171
2018-06-12 00:07:25,981 RF found but not transmitted
2018-06-12 00:07:26,302 RCV reinforcement info
2018-06-12 00:07:26,307 , 88.91896993340336
2018-06-12 00:07:26,750 RCV reinforcement info
2018-06-12 00:07:26,754 , 89.00673974766745
2018-06-12 00:07:26,824 RCV reinforcement info
2018-06-12 00:07:26,829 , 89.11274057333362
2018-06-12 00:07:27,279 RCV reinforcement info
2018-06-12 00:07:27,284 , 89.17931795549175
2018-06-12 00:07:27,291 RF found but not transmitted
2018-06-12 00:07:28,021 RCV reinforcement info
2018-06-12 00:07:28,026 , 89.26941344220803
2018-06-12 00:07:28,434 RCV reinforcement info
2018-06-12 00:07:28,439 , 89.47187214138783
2018-06-12 00:07:28,893 RF found but not transmitted
2018-06-12 00:07:28,896 RF found
2018-06-12 00:07:28,899 SNT reinforcement_information
2018-06-12 00:07:28,981 RCV reinforcement info
2018-06-12 00:07:28,986 , 89.64053166633889
2018-06-12 00:07:29,349 RCV reinforcement info
2018-06-12 00:07:29,353 , 89.73976123553982
2018-06-12 00:07:29,667 RF found but not transmitted
2018-06-12 00:07:29,794 RCV reinforcement info
2018-06-12 00:07:29,800 , 89.84993509322226
2018-06-12 00:07:30,526 RCV reinforcement info
2018-06-12 00:07:30,531 , 89.9126513390018
2018-06-12 00:07:31,452 RCV reinforcement info
2018-06-12 00:07:31,457 , 89.99467983309958
2018-06-12 00:07:31,770 RCV reinforcement info
2018-06-12 00:07:31,776 , 90.13836810150076
2018-06-12 00:07:32,538 RCV reinforcement info
2018-06-12 00:07:32,544 , 90.20644061303294
2018-06-12 00:07:32,582 RCV reinforcement info
2018-06-12 00:07:32,587 , 90.6112760244721
2018-06-12 00:07:33,120 RF found but not transmitted
2018-06-12 00:07:33,151 RCV reinforcement info
2018-06-12 00:07:33,156 , 90.71844163412659
2018-06-12 00:07:34,120 RCV reinforcement info
2018-06-12 00:07:34,125 , 90.79913363092678
2018-06-12 00:07:34,287 RCV reinforcement info
2018-06-12 00:07:34,292 , 90.86981158564808
2018-06-12 00:07:34,552 RCV reinforcement info
2018-06-12 00:07:34,557 , 90.99958258699891
2018-06-12 00:07:34,900 RCV reinforcement info
2018-06-12 00:07:34,905 , 91.07050891964872
2018-06-12 00:07:35,115 RF found but not transmitted
2018-06-12 00:07:35,204 RCV reinforcement info
2018-06-12 00:07:35,218 , 91.69690843933675
2018-06-12 00:07:35,443 RCV reinforcement info
2018-06-12 00:07:35,449 , 92.41463523486522
2018-06-12 00:07:35,874 RF found but not transmitted
2018-06-12 00:07:36,066 RF found but not transmitted
2018-06-12 00:07:36,890 RCV reinforcement info
2018-06-12 00:07:36,895 , 92.51255709953517
2018-06-12 00:07:37,501 RCV reinforcement info
2018-06-12 00:07:37,506 , 92.69137954569035
2018-06-12 00:07:38,463 RCV reinforcement info
2018-06-12 00:07:38,468 , 92.757740979608
2018-06-12 00:07:38,952 RF found but not transmitted
2018-06-12 00:07:39,831 RF found but not transmitted
2018-06-12 00:07:39,833 RF found
2018-06-12 00:07:39,836 SNT reinforcement_information
2018-06-12 00:07:40,102 RF found but not transmitted
2018-06-12 00:07:40,762 RF found but not transmitted
2018-06-12 00:07:42,037 RCV reinforcement info
2018-06-12 00:07:42,042 , 93.11226978773789
2018-06-12 00:07:43,136 RF found but not transmitted
2018-06-12 00:07:43,137 RF found
2018-06-12 00:07:43,139 SNT reinforcement_information
2018-06-12 00:07:43,207 RCV reinforcement info
2018-06-12 00:07:43,227 , 93.34982694801847
2018-06-12 00:07:44,228 RCV reinforcement info
2018-06-12 00:07:44,233 , 93.4258474036029
2018-06-12 00:07:44,397 RF found but not transmitted
2018-06-12 00:07:44,726 RCV reinforcement info
2018-06-12 00:07:44,732 , 93.50545540035415
2018-06-12 00:07:44,861 RF found but not transmitted
2018-06-12 00:07:44,959 RCV reinforcement info
2018-06-12 00:07:44,965 , 93.6834582774998
2018-06-12 00:07:45,470 RCV reinforcement info
2018-06-12 00:07:45,476 , 93.75588698888886
2018-06-12 00:07:45,692 RCV reinforcement info
2018-06-12 00:07:45,697 , 93.96551321683177
2018-06-12 00:07:46,047 RF found but not transmitted
2018-06-12 00:07:46,048 RF found
2018-06-12 00:07:46,049 SNT reinforcement_information
2018-06-12 00:07:46,798 RF found but not transmitted
2018-06-12 00:07:46,957 RCV reinforcement info
2018-06-12 00:07:46,963 , 94.10205353362079
2018-06-12 00:07:47,293 RCV reinforcement info
2018-06-12 00:07:47,298 , 94.1773032055123
2018-06-12 00:07:47,375 RCV reinforcement info
2018-06-12 00:07:47,381 , 94.3757658672897
2018-06-12 00:07:48,174 RCV reinforcement info
2018-06-12 00:07:48,178 , 94.53768601205965
2018-06-12 00:07:48,362 RF found but not transmitted
2018-06-12 00:07:48,363 RF found
2018-06-12 00:07:48,367 SNT reinforcement_information
2018-06-12 00:07:48,843 RF found but not transmitted
2018-06-12 00:07:49,484 RF found but not transmitted
2018-06-12 00:07:49,641 RF found but not transmitted
2018-06-12 00:07:49,643 RF found
2018-06-12 00:07:49,649 SNT reinforcement_information
2018-06-12 00:07:49,735 RF found but not transmitted
2018-06-12 00:07:50,766 RCV reinforcement info
2018-06-12 00:07:50,772 , 95.2729948876039
2018-06-12 00:07:51,402 RCV reinforcement info
2018-06-12 00:07:51,413 , 95.43116525795692
2018-06-12 00:07:51,554 RCV reinforcement info
2018-06-12 00:07:51,560 , 95.51997038992927
2018-06-12 00:07:52,304 RCV reinforcement info
2018-06-12 00:07:52,309 , 95.66195400033811
2018-06-12 00:07:52,491 RF found but not transmitted
2018-06-12 00:07:52,493 RF found
2018-06-12 00:07:52,495 SNT reinforcement_information
2018-06-12 00:07:52,585 RCV reinforcement info
2018-06-12 00:07:52,591 , 95.9796282394034
2018-06-12 00:07:53,178 RCV reinforcement info
2018-06-12 00:07:53,185 , 96.0435486542784
2018-06-12 00:07:53,589 RCV reinforcement info
2018-06-12 00:07:53,594 , 96.50717417596215
2018-06-12 00:07:53,684 RCV reinforcement info
2018-06-12 00:07:53,689 , 96.66739223619965
2018-06-12 00:07:54,108 RCV reinforcement info
2018-06-12 00:07:54,113 , 96.76325987170155
2018-06-12 00:07:54,600 RCV reinforcement info
2018-06-12 00:07:54,605 , 97.01236707996927
2018-06-12 00:07:55,432 RCV reinforcement info
2018-06-12 00:07:55,436 , 97.168458392981
2018-06-12 00:07:56,059 RF found but not transmitted
2018-06-12 00:07:56,569 RF found but not transmitted
2018-06-12 00:07:56,571 RF found
2018-06-12 00:07:56,573 SNT reinforcement_information
2018-06-12 00:07:56,734 RCV reinforcement info
2018-06-12 00:07:56,738 , 97.45703169738674
2018-06-12 00:07:56,844 RCV reinforcement info
2018-06-12 00:07:56,847 , 97.53015217267529
2018-06-12 00:07:57,638 RF found but not transmitted
2018-06-12 00:07:57,759 RCV reinforcement info
2018-06-12 00:07:57,764 , 97.65533156923456
2018-06-12 00:07:57,885 RF found but not transmitted
2018-06-12 00:07:58,896 RCV reinforcement info
2018-06-12 00:07:58,901 , 97.73019876997867
2018-06-12 00:07:59,064 RCV reinforcement info
2018-06-12 00:07:59,071 , 97.93319814652897
2018-06-12 00:07:59,352 RCV reinforcement info
2018-06-12 00:07:59,357 , 98.12377942522123
2018-06-12 00:08:01,962 RF found but not transmitted
2018-06-12 00:08:02,366 RF found but not transmitted
2018-06-12 00:08:02,422 RCV reinforcement info
2018-06-12 00:08:02,441 , 98.49621836648693
2018-06-12 00:08:03,265 RCV reinforcement info
2018-06-12 00:08:03,277 , 98.6008908819529
2018-06-12 00:08:03,791 RCV reinforcement info
2018-06-12 00:08:03,797 , 98.69955725385473
2018-06-12 00:08:04,034 RF found but not transmitted
2018-06-12 00:08:04,291 RCV reinforcement info
2018-06-12 00:08:04,296 , 98.77478858747693
2018-06-12 00:08:05,481 RCV reinforcement info
2018-06-12 00:08:05,486 , 98.88045993439523
2018-06-12 00:08:06,874 RCV reinforcement info
2018-06-12 00:08:06,881 , 99.07848903422062
2018-06-12 00:08:06,919 RCV reinforcement info
2018-06-12 00:08:06,923 , 99.17803128372739
2018-06-12 00:08:07,103 RCV reinforcement info
2018-06-12 00:08:07,108 , 99.28621243153889
2018-06-12 00:08:09,249 RF found but not transmitted
2018-06-12 00:08:09,264 RCV reinforcement info
2018-06-12 00:08:09,269 , 99.37208243110894
2018-06-12 00:08:10,043 RCV reinforcement info
2018-06-12 00:08:10,047 , 99.44073038792177
2018-06-12 00:08:10,281 RF found but not transmitted
2018-06-12 00:08:10,456 RCV reinforcement info
2018-06-12 00:08:10,461 , 99.9188804757049
2018-06-12 00:08:10,520 RF found but not transmitted
2018-06-12 00:08:10,712 RF found but not transmitted
2018-06-12 00:08:10,845 RCV reinforcement info
2018-06-12 00:08:10,850 , 100.45946314391146
2018-06-12 00:08:10,920 RCV reinforcement info
2018-06-12 00:08:10,925 , 100.578996069348
2018-06-12 00:08:11,088 RF found but not transmitted
2018-06-12 00:08:12,336 RCV reinforcement info
2018-06-12 00:08:12,341 , 100.92625109180786
2018-06-12 00:08:12,372 RCV reinforcement info
2018-06-12 00:08:12,377 , 101.01031311383767
2018-06-12 00:08:12,656 RCV reinforcement info
2018-06-12 00:08:12,661 , 101.08824872549174
2018-06-12 00:08:12,985 RCV reinforcement info
2018-06-12 00:08:12,990 , 101.2835687872464
2018-06-12 00:08:14,025 RCV reinforcement info
2018-06-12 00:08:14,030 , 101.38307323966657
2018-06-12 00:08:14,593 RCV reinforcement info
2018-06-12 00:08:14,598 , 101.52647118167367
2018-06-12 00:08:14,692 RCV reinforcement info
2018-06-12 00:08:14,698 , 101.59428525188508
2018-06-12 00:08:15,231 RF found but not transmitted
2018-06-12 00:08:15,234 RF found
2018-06-12 00:08:15,237 SNT reinforcement_information
2018-06-12 00:08:15,265 RF found but not transmitted
2018-06-12 00:08:15,265 RF found but not transmitted
2018-06-12 00:08:15,307 RF found
2018-06-12 00:08:15,309 SNT reinforcement_information
2018-06-12 00:08:15,534 RCV reinforcement info
2018-06-12 00:08:15,539 , 102.41127635701795
2018-06-12 00:08:15,686 RF found but not transmitted
2018-06-12 00:08:16,937 RCV reinforcement info
2018-06-12 00:08:16,942 , 102.71534481315462
2018-06-12 00:08:17,282 RCV reinforcement info
2018-06-12 00:08:17,287 , 102.84474867169499
2018-06-12 00:08:17,369 RF found but not transmitted
2018-06-12 00:08:18,186 RCV reinforcement info
2018-06-12 00:08:18,191 , 102.92331950390357
2018-06-12 00:08:18,646 RF found but not transmitted
2018-06-12 00:08:19,371 RCV reinforcement info
2018-06-12 00:08:19,376 , 103.04331063746824
2018-06-12 00:08:19,689 RF found but not transmitted
2018-06-12 00:08:20,805 RCV reinforcement info
2018-06-12 00:08:20,810 , 103.2508158962463
2018-06-12 00:08:21,267 RCV reinforcement info
2018-06-12 00:08:21,272 , 103.39505603230963
2018-06-12 00:08:21,523 RCV reinforcement info
2018-06-12 00:08:21,528 , 103.77746058973273
2018-06-12 00:08:22,697 RCV reinforcement info
2018-06-12 00:08:22,702 , 103.85230162504511
2018-06-12 00:08:22,745 RCV reinforcement info
2018-06-12 00:08:22,750 , 104.08970334191201
2018-06-12 00:08:22,768 RF found but not transmitted
2018-06-12 00:08:23,832 RCV reinforcement info
2018-06-12 00:08:23,837 , 104.15617787962748
2018-06-12 00:08:24,763 RCV reinforcement info
2018-06-12 00:08:24,770 , 104.28481972507613
2018-06-12 00:08:24,964 RCV reinforcement info
2018-06-12 00:08:24,968 , 104.46253424221318
2018-06-12 00:08:25,167 RF found but not transmitted
2018-06-12 00:08:25,462 RCV reinforcement info
2018-06-12 00:08:25,467 , 104.64084714596781
2018-06-12 00:08:25,954 RCV reinforcement info
2018-06-12 00:08:25,959 , 105.44264301881603
2018-06-12 00:08:26,152 RF found but not transmitted
2018-06-12 00:08:26,153 RF found
2018-06-12 00:08:26,155 SNT reinforcement_information
2018-06-12 00:08:26,232 RCV reinforcement info
2018-06-12 00:08:26,237 , 105.74039622633735
2018-06-12 00:08:26,753 RCV reinforcement info
2018-06-12 00:08:26,758 , 105.80917194782009
2018-06-12 00:08:27,027 RCV reinforcement info
2018-06-12 00:08:27,035 , 105.87807128552423
2018-06-12 00:08:27,096 RCV proposal
2018-06-12 00:08:27,111 appended honest propose 17cbb16289 on top of a53dbcbac2
2018-06-12 00:08:27,111 REINFORCEMENT SENT state
2018-06-12 00:08:27,112 RFs > 0 
2018-06-12 00:08:27,113 SNT reinforcement
2018-06-12 00:08:27,355 RCV reinforcement
2018-06-12 00:08:27,388 RCV reinforcement
2018-06-12 00:08:27,393 RCV reinforcement
2018-06-12 00:08:27,400 RCV reinforcement
2018-06-12 00:08:27,426 RCV reinforcement
2018-06-12 00:08:27,567 RCV reinforcement info
2018-06-12 00:08:27,573 , 105.9767437250232
2018-06-12 00:08:27,638 RF found but not transmitted
2018-06-12 00:08:27,642 SNT reinforcement_information
2018-06-12 00:08:27,781 SNT reinforcement
2018-06-12 00:08:27,877 RCV reinforcement
2018-06-12 00:08:28,223 RCV reinforcement info
2018-06-12 00:08:28,241 , 106.20629538789886
2018-06-12 00:08:28,345 RCV reinforcement
2018-06-12 00:08:28,455 RCV reinforcement info
2018-06-12 00:08:28,461 , 106.32083056247797
2018-06-12 00:08:28,564 RCV reinforcement
2018-06-12 00:08:28,634 RF found but not transmitted
2018-06-12 00:08:28,935 RCV reinforcement info
2018-06-12 00:08:28,940 , 106.60223144074709
2018-06-12 00:08:29,013 RCV reinforcement
2018-06-12 00:08:29,041 RF found but not transmitted
2018-06-12 00:08:29,048 SNT reinforcement_information
2018-06-12 00:08:29,142 SNT reinforcement
2018-06-12 00:08:29,340 RCV reinforcement info
2018-06-12 00:08:29,348 , 107.1080552099234
2018-06-12 00:08:29,420 RCV commit
2018-06-12 00:08:29,683 RF found but not transmitted
2018-06-12 00:08:30,487 appended honest commit 5ffd6d5b5d on top of 17cbb16289
2018-06-12 00:08:31,463 Weight: 107.20629538789886 #RFs 130
2018-06-12 00:08:31,467 weight: 107.20629538789886
2018-06-12 00:08:31,467 , 107.20629538789886
2018-06-12 00:08:31,467 MINING state
2018-06-12 00:08:31,468 start mining - depth 26
2018-06-12 00:08:31,468 start mining - hash 5ffd6d5b5d2f87f91db3b4b62266b1f454a1a20e1ec577bbf65b2fb2e56e3a6f
2018-06-12 00:08:31,470 Hashing frequency: 27063
2018-06-12 00:08:31,478 RCV reinforcement
2018-06-12 00:08:31,637 RCV proposal
2018-06-12 00:08:31,666 appended malicious propose 7669b2390d on top of a53dbcbac2
2018-06-12 00:08:31,779 RCV reinforcement
2018-06-12 00:08:31,799 RCV reinforcement
2018-06-12 00:08:32,391 RCV reinforcement
2018-06-12 00:08:33,186 RCV reinforcement info
2018-06-12 00:08:33,193 , 107.32732127719483
2018-06-12 00:08:33,401 RCV commit
2018-06-12 00:08:33,787 appended malicious commit f32efe1b36 on top of 7669b2390d
2018-06-12 00:08:34,043 Weight: 92.60461590774742 #RFs 42
2018-06-12 00:08:34,044 weight: 92.60461590774742
2018-06-12 00:08:34,045 , 92.60461590774742
2018-06-12 00:08:34,351 RCV reinforcement info
2018-06-12 00:08:34,357 , 107.81912764183372
2018-06-12 00:08:34,434 RCV proposal
2018-06-12 00:08:34,450 appended honest propose 07405e95e0 on top of 5ffd6d5b5d
2018-06-12 00:08:34,453 REINFORCEMENT SENT state
2018-06-12 00:08:34,559 RCV reinforcement
2018-06-12 00:08:34,578 RCV reinforcement
2018-06-12 00:08:35,689 RF found but not transmitted
2018-06-12 00:08:35,695 SNT reinforcement_information
2018-06-12 00:08:35,801 SNT reinforcement
2018-06-12 00:08:36,018 RF found but not transmitted
2018-06-12 00:08:36,023 RCV commit
2018-06-12 00:08:36,046 appended honest commit ce462d01e5 on top of 07405e95e0
2018-06-12 00:08:36,051 Weight: 108.81912764183372 #RFs 2
2018-06-12 00:08:36,051 weight: 108.81912764183372
2018-06-12 00:08:36,051 , 108.81912764183372
2018-06-12 00:08:36,052 MINING state
2018-06-12 00:08:36,052 start mining - depth 27
2018-06-12 00:08:36,052 start mining - hash ce462d01e546c32d01f32d64697e3008e5aa314b85ddf6f6e13a484a381a8ee2
2018-06-12 00:08:36,967 RF found but not transmitted
2018-06-12 00:08:37,690 RF found but not transmitted
2018-06-12 00:08:38,531 RCV reinforcement info
2018-06-12 00:08:38,535 , 108.98330330182296
2018-06-12 00:08:39,458 RCV reinforcement info
2018-06-12 00:08:39,462 , 109.07921004589154
2018-06-12 00:08:40,905 RCV reinforcement info
2018-06-12 00:08:40,909 , 109.15773431472864
2018-06-12 00:08:41,180 RF found but not transmitted
2018-06-12 00:08:41,474 RCV reinforcement info
2018-06-12 00:08:41,478 , 109.35285072498334
2018-06-12 00:08:41,773 RCV reinforcement info
2018-06-12 00:08:41,777 , 109.53839839391105
2018-06-12 00:08:42,742 RCV reinforcement info
2018-06-12 00:08:42,746 , 109.69771825422923
2018-06-12 00:08:43,169 RF found but not transmitted
2018-06-12 00:08:43,552 RF found but not transmitted
2018-06-12 00:08:45,219 RF found but not transmitted
2018-06-12 00:08:46,704 RF found but not transmitted
2018-06-12 00:08:46,899 RF found but not transmitted
2018-06-12 00:08:47,486 RCV reinforcement info
2018-06-12 00:08:47,491 , 109.76045979738183
2018-06-12 00:08:48,403 RCV reinforcement info
2018-06-12 00:08:48,407 , 109.93395267619897
2018-06-12 00:08:48,512 RCV reinforcement info
2018-06-12 00:08:48,516 , 110.9000218562369
2018-06-12 00:08:49,811 RCV reinforcement info
2018-06-12 00:08:49,815 , 111.02069608292125
2018-06-12 00:08:50,930 RCV reinforcement info
2018-06-12 00:08:50,935 , 111.1409863921595
2018-06-12 00:08:50,998 RCV reinforcement info
2018-06-12 00:08:51,004 , 111.31103196263926
2018-06-12 00:08:51,328 RF found but not transmitted
2018-06-12 00:08:51,329 RF found
2018-06-12 00:08:51,330 SNT reinforcement_information
2018-06-12 00:08:51,386 RF found but not transmitted
2018-06-12 00:08:51,677 RCV reinforcement info
2018-06-12 00:08:51,680 , 111.57518269257766
2018-06-12 00:08:51,688 RF found but not transmitted
2018-06-12 00:08:52,283 RCV reinforcement info
2018-06-12 00:08:52,287 , 111.72215171708393
2018-06-12 00:08:52,507 RF found but not transmitted
2018-06-12 00:08:52,520 RCV reinforcement info
2018-06-12 00:08:52,524 , 111.81655257098706
2018-06-12 00:08:52,585 RF found but not transmitted
2018-06-12 00:08:52,907 RCV proposal
2018-06-12 00:08:52,911 appended honest propose e50ff02a93 on top of ce462d01e5
2018-06-12 00:08:52,911 REINFORCEMENT SENT state
2018-06-12 00:08:52,911 RFs > 0 
2018-06-12 00:08:52,924 SNT reinforcement
2018-06-12 00:08:53,083 RCV reinforcement
2018-06-12 00:08:53,117 RCV reinforcement
2018-06-12 00:08:53,181 RCV reinforcement
2018-06-12 00:08:53,192 RCV reinforcement
2018-06-12 00:08:53,235 RCV reinforcement
2018-06-12 00:08:53,433 RCV reinforcement info
2018-06-12 00:08:53,449 , 112.06838019668379
2018-06-12 00:08:53,525 RCV reinforcement
2018-06-12 00:08:53,795 RF found but not transmitted
2018-06-12 00:08:54,487 RCV commit
2018-06-12 00:08:54,641 appended honest commit b4c7ce88ad on top of e50ff02a93
2018-06-12 00:08:54,795 Weight: 113.06838019668379 #RFs 17
2018-06-12 00:08:54,795 weight: 113.06838019668379
2018-06-12 00:08:54,800 , 113.06838019668379
2018-06-12 00:08:54,800 MINING state
2018-06-12 00:08:54,801 start mining - depth 28
2018-06-12 00:08:54,803 start mining - hash b4c7ce88ad4daab242853e2d3665ab874ef6dfba45dc45a30714f45ffb2c3fd3
2018-06-12 00:08:54,988 RCV reinforcement info
2018-06-12 00:08:54,995 , 113.16922989217827
2018-06-12 00:08:55,062 RCV proposal
2018-06-12 00:08:55,069 appended malicious propose 16777bc2a2 on top of ce462d01e5
2018-06-12 00:08:55,162 RCV reinforcement
2018-06-12 00:08:55,183 RCV reinforcement
2018-06-12 00:08:55,315 RCV reinforcement info
2018-06-12 00:08:55,323 , 113.23455707528068
2018-06-12 00:08:55,876 RCV reinforcement
2018-06-12 00:08:56,602 RCV commit
2018-06-12 00:08:56,683 appended malicious commit 815943a03f on top of 16777bc2a2
2018-06-12 00:08:56,775 Weight: 112.01402989255394 #RFs 13
2018-06-12 00:08:56,775 weight: 112.01402989255394
2018-06-12 00:08:56,775 , 112.01402989255394
2018-06-12 00:08:56,786 RCV reinforcement info
2018-06-12 00:08:56,800 , 113.45793779875092
2018-06-12 00:08:56,900 RCV reinforcement info
2018-06-12 00:08:56,925 , 113.61650061759029
2018-06-12 00:08:57,005 RCV reinforcement info
2018-06-12 00:08:57,019 , 113.7118819988583
2018-06-12 00:08:57,134 RCV reinforcement info
2018-06-12 00:08:57,141 , 113.86660760693056
2018-06-12 00:08:58,390 RF found but not transmitted
2018-06-12 00:08:58,391 RF found
2018-06-12 00:08:58,393 SNT reinforcement_information
2018-06-12 00:08:58,439 RF found but not transmitted
2018-06-12 00:08:58,850 RF found but not transmitted
2018-06-12 00:08:59,094 RCV reinforcement info
2018-06-12 00:08:59,099 , 114.02400651944932
2018-06-12 00:08:59,476 RF found but not transmitted
2018-06-12 00:08:59,605 RF found but not transmitted
2018-06-12 00:08:59,813 RCV reinforcement info
2018-06-12 00:08:59,818 , 114.08806076399311
2018-06-12 00:08:59,959 RCV reinforcement info
2018-06-12 00:08:59,964 , 114.24271289981773
2018-06-12 00:09:00,146 RCV proposal
2018-06-12 00:09:00,151 appended honest propose 79ae6a7fb6 on top of b4c7ce88ad
2018-06-12 00:09:00,152 REINFORCEMENT SENT state
2018-06-12 00:09:00,152 RFs > 0 
2018-06-12 00:09:00,153 SNT reinforcement
2018-06-12 00:09:00,331 RCV reinforcement
2018-06-12 00:09:00,383 RCV reinforcement
2018-06-12 00:09:00,404 RCV reinforcement
2018-06-12 00:09:00,410 RCV reinforcement
2018-06-12 00:09:01,705 RCV commit
2018-06-12 00:09:01,790 appended honest commit 91bd79add7 on top of 79ae6a7fb6
2018-06-12 00:09:01,877 Weight: 115.24271289981773 #RFs 10
2018-06-12 00:09:01,879 weight: 115.24271289981773
2018-06-12 00:09:01,879 , 115.24271289981773
2018-06-12 00:09:01,879 MINING state
2018-06-12 00:09:01,885 start mining - depth 29
2018-06-12 00:09:01,887 start mining - hash 91bd79add74076ec5359dd3c06f0b72e4b1721780163f15dcd3ddab68c0d1556
2018-06-12 00:09:01,978 RF found but not transmitted
2018-06-12 00:09:02,081 RCV proposal
2018-06-12 00:09:02,084 appended malicious propose d2d618f83d on top of b4c7ce88ad
2018-06-12 00:09:02,510 RF found but not transmitted
2018-06-12 00:09:02,513 RF found
2018-06-12 00:09:02,519 SNT reinforcement_information
2018-06-12 00:09:02,735 RF found but not transmitted
2018-06-12 00:09:02,737 RF found
2018-06-12 00:09:02,739 SNT reinforcement_information
2018-06-12 00:09:02,838 RCV reinforcement
2018-06-12 00:09:03,119 RF found but not transmitted
2018-06-12 00:09:03,543 RCV reinforcement info
2018-06-12 00:09:03,556 , 115.94064338800254
2018-06-12 00:09:03,593 RCV commit
2018-06-12 00:09:03,600 appended malicious commit c2e1ba8617 on top of d2d618f83d
2018-06-12 00:09:03,615 Weight: 114.23959583701145 #RFs 2
2018-06-12 00:09:03,615 weight: 114.23959583701145
2018-06-12 00:09:03,615 , 114.23959583701145
2018-06-12 00:09:03,904 RCV reinforcement info
2018-06-12 00:09:03,908 , 116.06274376024531
2018-06-12 00:09:04,736 RF found but not transmitted
2018-06-12 00:09:04,886 RF found but not transmitted
2018-06-12 00:09:05,305 RF found but not transmitted
2018-06-12 00:09:05,306 RF found
2018-06-12 00:09:05,308 SNT reinforcement_information
2018-06-12 00:09:06,257 RF found but not transmitted
2018-06-12 00:09:07,631 RF found but not transmitted
2018-06-12 00:09:07,632 RF found
2018-06-12 00:09:07,634 SNT reinforcement_information
2018-06-12 00:09:07,700 RF found but not transmitted
2018-06-12 00:09:07,745 RCV reinforcement info
2018-06-12 00:09:07,747 , 116.39579993939768
2018-06-12 00:09:07,749 RF found
2018-06-12 00:09:07,751 SNT reinforcement_information
2018-06-12 00:09:08,393 RF found but not transmitted
2018-06-12 00:09:08,545 RCV reinforcement info
2018-06-12 00:09:08,550 , 116.60668525001994
2018-06-12 00:09:08,572 RCV reinforcement info
2018-06-12 00:09:08,576 , 116.67793516436704
2018-06-12 00:09:08,689 RCV reinforcement info
2018-06-12 00:09:08,693 , 116.74918299924822
