2018-06-12 00:03:03,790 ---------------------------------------------------------
2018-06-12 00:03:03,791 MALICIOUS MINING state
2018-06-12 00:03:04,825 start mining - depth 0
2018-06-12 00:03:04,825 start mining - hash f6256661d03047157a6faaf02e3999de875f2ed9f645db8838c698bc089b508f
2018-06-12 00:03:05,013 RCV reinforcement info
2018-06-12 00:03:06,368 RCV reinforcement info
2018-06-12 00:03:06,754 RCV reinforcement info
2018-06-12 00:03:07,692 RCV reinforcement info
2018-06-12 00:03:07,742 RCV reinforcement info
2018-06-12 00:03:08,313 RCV reinforcement info
2018-06-12 00:03:09,434 RCV reinforcement info
2018-06-12 00:03:09,537 RCV reinforcement info
2018-06-12 00:03:09,640 RCV reinforcement info
2018-06-12 00:03:09,732 RCV reinforcement info
2018-06-12 00:03:10,552 RCV reinforcement info
2018-06-12 00:03:11,633 RCV reinforcement info
2018-06-12 00:03:11,769 RCV reinforcement info
2018-06-12 00:03:12,020 RCV reinforcement info
2018-06-12 00:03:12,320 RCV reinforcement info
2018-06-12 00:03:12,414 RCV reinforcement info
2018-06-12 00:03:12,613 RCV reinforcement info
2018-06-12 00:03:12,776 RF found but not transmitted
2018-06-12 00:03:15,027 RF found but not transmitted
2018-06-12 00:03:15,548 RF found but not transmitted
2018-06-12 00:03:15,567 RCV reinforcement info
2018-06-12 00:03:16,782 RCV reinforcement info
2018-06-12 00:03:17,055 RCV reinforcement info
2018-06-12 00:03:19,066 RCV reinforcement info
2018-06-12 00:03:19,192 RCV reinforcement info
2018-06-12 00:03:19,472 RCV proposal
2018-06-12 00:03:19,475 appended honest propose c47622be4c on top of f6256661d0
2018-06-12 00:03:19,596 RCV reinforcement
2018-06-12 00:03:19,623 RCV reinforcement
2018-06-12 00:03:19,631 RCV reinforcement
2018-06-12 00:03:19,637 RCV reinforcement
2018-06-12 00:03:19,643 RCV reinforcement
2018-06-12 00:03:19,654 RCV reinforcement
2018-06-12 00:03:19,800 RCV reinforcement info
2018-06-12 00:03:19,876 RCV reinforcement
2018-06-12 00:03:19,891 RCV reinforcement info
2018-06-12 00:03:19,920 RCV reinforcement info
2018-06-12 00:03:19,968 RCV reinforcement
2018-06-12 00:03:19,989 RCV reinforcement
2018-06-12 00:03:21,052 RCV commit
2018-06-12 00:03:21,167 appended honest commit a17f2b7bb2 on top of c47622be4c
2018-06-12 00:03:21,280 Weight: 6.077349274124334 #RFs 24
2018-06-12 00:03:21,280 weight: 6.077349274124334
2018-06-12 00:03:21,281 , 6.077349274124334
2018-06-12 00:03:21,284 start mining - depth 1
2018-06-12 00:03:21,284 start mining - hash a17f2b7bb2cb850684b302630fc12a2ff56c206f8aab4bbdc728c80be24f3495
2018-06-12 00:03:21,523 RCV reinforcement info
2018-06-12 00:03:22,935 RCV reinforcement info
2018-06-12 00:03:24,548 RCV reinforcement info
2018-06-12 00:03:25,154 RCV reinforcement info
2018-06-12 00:03:25,905 RCV reinforcement info
2018-06-12 00:03:30,315 RCV reinforcement info
2018-06-12 00:03:31,768 RCV reinforcement info
2018-06-12 00:03:31,828 RCV reinforcement info
2018-06-12 00:03:32,521 RCV reinforcement info
2018-06-12 00:03:33,550 RCV reinforcement info
2018-06-12 00:03:34,447 RCV reinforcement info
2018-06-12 00:03:34,518 RCV reinforcement info
2018-06-12 00:03:36,241 RCV reinforcement info
2018-06-12 00:03:36,611 RF found but not transmitted
2018-06-12 00:03:37,940 RCV reinforcement info
2018-06-12 00:03:39,099 RF found but not transmitted
2018-06-12 00:03:39,743 RCV reinforcement info
2018-06-12 00:03:40,017 RCV reinforcement info
2018-06-12 00:03:41,103 RCV reinforcement info
2018-06-12 00:03:41,283 RCV reinforcement info
2018-06-12 00:03:41,462 RCV reinforcement info
2018-06-12 00:03:42,525 RCV reinforcement info
2018-06-12 00:03:43,442 RF found but not transmitted
2018-06-12 00:03:44,960 RCV reinforcement info
2018-06-12 00:03:45,010 RCV reinforcement info
2018-06-12 00:03:48,300 RCV proposal
2018-06-12 00:03:48,314 appended honest propose 16f378357b on top of a17f2b7bb2
2018-06-12 00:03:48,443 RCV reinforcement
2018-06-12 00:03:48,456 RCV reinforcement
2018-06-12 00:03:48,459 RCV reinforcement
2018-06-12 00:03:48,464 RCV reinforcement
2018-06-12 00:03:48,487 RCV reinforcement
2018-06-12 00:03:48,497 RCV reinforcement
2018-06-12 00:03:48,574 RCV reinforcement info
2018-06-12 00:03:48,642 RCV reinforcement
2018-06-12 00:03:49,793 RCV reinforcement info
2018-06-12 00:03:49,881 RCV reinforcement
2018-06-12 00:03:49,893 RCV reinforcement info
2018-06-12 00:03:49,963 RCV commit
2018-06-12 00:03:50,068 appended honest commit 3d4095762e on top of 16f378357b
2018-06-12 00:03:50,199 Weight: 11.717817639818811 #RFs 23
2018-06-12 00:03:50,200 weight: 11.717817639818811
2018-06-12 00:03:50,207 , 11.717817639818811
2018-06-12 00:03:50,210 start mining - depth 2
2018-06-12 00:03:50,210 start mining - hash 3d4095762ee98c4b9e13b48877f90b3a86f40103f7c5fa9a36383df5b34b305a
2018-06-12 00:03:50,216 RCV reinforcement
2018-06-12 00:03:50,742 RCV reinforcement info
2018-06-12 00:03:50,759 RCV reinforcement info
2018-06-12 00:03:50,853 RCV reinforcement info
2018-06-12 00:03:51,194 RCV proposal
2018-06-12 00:03:51,197 appended honest propose 978a1d95e5 on top of 3d4095762e
2018-06-12 00:03:51,264 RCV reinforcement
2018-06-12 00:03:51,268 RCV reinforcement
2018-06-12 00:03:51,574 RCV reinforcement info
2018-06-12 00:03:51,644 RCV reinforcement
2018-06-12 00:03:51,719 RCV reinforcement info
2018-06-12 00:03:51,785 RCV reinforcement
2018-06-12 00:03:52,707 RCV commit
2018-06-12 00:03:52,743 appended honest commit 2b7bf47e94 on top of 978a1d95e5
2018-06-12 00:03:52,754 Weight: 13.970920139018341 #RFs 4
2018-06-12 00:03:52,755 weight: 13.970920139018341
2018-06-12 00:03:52,755 , 13.970920139018341
2018-06-12 00:03:52,756 start mining - depth 3
2018-06-12 00:03:52,756 start mining - hash 2b7bf47e94886df8af9237d39630dcacb6c0f0635b3432c056bc3119d1dd4d2b
2018-06-12 00:03:53,073 RCV proposal
2018-06-12 00:03:53,075 appended honest propose 66caf3f347 on top of 2b7bf47e94
2018-06-12 00:03:53,354 RCV reinforcement info
2018-06-12 00:03:53,412 RCV reinforcement
2018-06-12 00:03:53,706 RCV reinforcement info
2018-06-12 00:03:53,776 RCV reinforcement
2018-06-12 00:03:54,255 RCV reinforcement info
2018-06-12 00:03:54,315 RCV reinforcement
2018-06-12 00:03:54,439 RCV reinforcement info
2018-06-12 00:03:54,486 RCV reinforcement
2018-06-12 00:03:54,569 RCV commit
2018-06-12 00:03:54,594 appended honest commit 003e78f896 on top of 66caf3f347
2018-06-12 00:03:54,605 Weight: 15.595178867149643 #RFs 4
2018-06-12 00:03:54,605 weight: 15.595178867149643
2018-06-12 00:03:54,606 , 15.595178867149643
2018-06-12 00:03:54,614 start mining - depth 4
2018-06-12 00:03:54,615 start mining - hash 003e78f89695cf025b79ce47a7892a7ad4aafaed34517cca2bed1713567d5ea4
2018-06-12 00:03:54,757 RCV reinforcement info
2018-06-12 00:03:54,967 RCV proposal
2018-06-12 00:03:54,970 appended honest propose e2bb480b62 on top of 003e78f896
2018-06-12 00:03:55,027 RCV reinforcement
2018-06-12 00:03:55,315 RCV reinforcement info
2018-06-12 00:03:55,329 RF found but not transmitted
2018-06-12 00:03:55,384 RCV reinforcement
2018-06-12 00:03:56,123 RCV reinforcement info
2018-06-12 00:03:56,177 RCV reinforcement
2018-06-12 00:03:56,472 RCV commit
2018-06-12 00:03:56,485 appended honest commit c701c2e309 on top of e2bb480b62
2018-06-12 00:03:56,490 Weight: 16.76427377810503 #RFs 2
2018-06-12 00:03:56,490 weight: 16.76427377810503
2018-06-12 00:03:56,493 , 16.76427377810503
2018-06-12 00:03:56,494 start mining - depth 5
2018-06-12 00:03:56,494 start mining - hash c701c2e309401aa7f43c38d605468c703a8a3dfcd104c219776802f3b4fc70db
2018-06-12 00:03:56,801 RCV reinforcement info
2018-06-12 00:03:57,015 RCV reinforcement info
2018-06-12 00:03:57,149 RCV reinforcement info
2018-06-12 00:03:58,440 RCV reinforcement info
2018-06-12 00:03:58,683 RCV proposal
2018-06-12 00:03:58,686 appended honest propose 1015cbc98b on top of c701c2e309
2018-06-12 00:03:58,819 RCV reinforcement
2018-06-12 00:03:58,839 RCV reinforcement
2018-06-12 00:03:58,881 RCV reinforcement
2018-06-12 00:03:59,096 RCV reinforcement info
2018-06-12 00:03:59,162 RCV reinforcement
2018-06-12 00:03:59,325 RCV reinforcement info
2018-06-12 00:03:59,392 RCV reinforcement
2018-06-12 00:03:59,676 RCV reinforcement info
2018-06-12 00:03:59,749 RCV reinforcement
2018-06-12 00:04:00,033 RCV reinforcement info
2018-06-12 00:04:00,081 RCV reinforcement info
2018-06-12 00:04:00,113 RCV reinforcement
2018-06-12 00:04:00,153 RCV reinforcement
2018-06-12 00:04:00,231 RCV commit
2018-06-12 00:04:00,260 appended honest commit 63522d0bcc on top of 1015cbc98b
2018-06-12 00:04:00,272 Weight: 18.34921250800821 #RFs 6
2018-06-12 00:04:00,272 weight: 18.34921250800821
2018-06-12 00:04:00,272 , 18.34921250800821
2018-06-12 00:04:00,272 start mining - depth 6
2018-06-12 00:04:00,273 start mining - hash 63522d0bcca7a007eabebfd8fd513828e89aadfd90d99471a29f2549fd801ebd
2018-06-12 00:04:00,955 RF found but not transmitted
2018-06-12 00:04:01,827 RCV reinforcement info
2018-06-12 00:04:03,371 RF found but not transmitted
2018-06-12 00:04:03,519 RCV reinforcement info
2018-06-12 00:04:04,993 RCV reinforcement info
2018-06-12 00:04:05,915 RCV reinforcement info
2018-06-12 00:04:08,232 RCV reinforcement info
2018-06-12 00:04:08,322 RCV reinforcement info
2018-06-12 00:04:08,430 RCV proposal
2018-06-12 00:04:08,433 appended honest propose 5346cca31c on top of 63522d0bcc
2018-06-12 00:04:08,506 RCV reinforcement info
2018-06-12 00:04:08,526 RCV reinforcement info
2018-06-12 00:04:08,579 RCV reinforcement
2018-06-12 00:04:08,618 RCV reinforcement
2018-06-12 00:04:08,651 RCV reinforcement
2018-06-12 00:04:08,703 RCV reinforcement
2018-06-12 00:04:08,745 RCV reinforcement
2018-06-12 00:04:08,774 RCV reinforcement info
2018-06-12 00:04:08,853 RCV reinforcement
2018-06-12 00:04:09,511 RCV reinforcement info
2018-06-12 00:04:09,578 RCV reinforcement
2018-06-12 00:04:09,951 RCV commit
2018-06-12 00:04:09,999 appended honest commit a158490885 on top of 5346cca31c
2018-06-12 00:04:10,047 Weight: 21.10230917750833 #RFs 10
2018-06-12 00:04:10,047 weight: 21.10230917750833
2018-06-12 00:04:10,047 , 21.10230917750833
2018-06-12 00:04:10,048 start mining - depth 7
2018-06-12 00:04:10,048 start mining - hash a15849088539de08adbd81e3e93679134614ab565790dd1fa23325f7aa3d0980
2018-06-12 00:04:10,049 Hashing frequency: 3502
2018-06-12 00:04:12,411 RCV reinforcement info
2018-06-12 00:04:12,500 RF found but not transmitted
2018-06-12 00:04:12,502 hash found
2018-06-12 00:04:12,503 SNT malicious_proposal_agreement
2018-06-12 00:04:14,200 RCV reinforcement info
2018-06-12 00:04:14,980 RCV reinforcement info
2018-06-12 00:04:16,490 RCV reinforcement info
2018-06-12 00:04:17,307 RCV reinforcement info
2018-06-12 00:04:17,442 RCV reinforcement info
2018-06-12 00:04:18,619 RCV reinforcement info
2018-06-12 00:04:19,056 RCV reinforcement info
2018-06-12 00:04:19,907 RCV reinforcement info
2018-06-12 00:04:20,635 RCV reinforcement info
2018-06-12 00:04:21,400 RCV reinforcement info
2018-06-12 00:04:22,608 RCV reinforcement info
2018-06-12 00:04:23,788 RCV reinforcement info
2018-06-12 00:04:24,287 RCV reinforcement info
2018-06-12 00:04:24,455 RCV reinforcement info
2018-06-12 00:04:24,631 RCV reinforcement info
2018-06-12 00:04:24,807 RCV reinforcement info
2018-06-12 00:04:25,171 RCV reinforcement info
2018-06-12 00:04:27,276 RF found but not transmitted
2018-06-12 00:04:27,585 RCV reinforcement info
2018-06-12 00:04:28,538 RCV reinforcement info
2018-06-12 00:04:28,552 RCV reinforcement info
2018-06-12 00:04:29,204 RCV reinforcement info
2018-06-12 00:04:29,262 RCV reinforcement info
2018-06-12 00:04:29,481 RF found but not transmitted
2018-06-12 00:04:30,762 RCV reinforcement info
2018-06-12 00:04:30,954 RCV reinforcement info
2018-06-12 00:04:31,411 RCV proposal
2018-06-12 00:04:31,414 appended honest propose 75d8f008e4 on top of a158490885
2018-06-12 00:04:31,559 RCV reinforcement
2018-06-12 00:04:31,576 RCV reinforcement
2018-06-12 00:04:31,594 RCV reinforcement
2018-06-12 00:04:31,607 RCV reinforcement
2018-06-12 00:04:31,613 RCV reinforcement
2018-06-12 00:04:31,622 RCV reinforcement
2018-06-12 00:04:32,992 RCV commit
2018-06-12 00:04:33,181 appended honest commit 6045698226 on top of 75d8f008e4
2018-06-12 00:04:33,309 Weight: 27.091710228479663 #RFs 25
2018-06-12 00:04:33,310 weight: 27.091710228479663
2018-06-12 00:04:33,310 , 27.091710228479663
2018-06-12 00:04:33,313 appended malicious propose 7af834e0a5 on top of a158490885
2018-06-12 00:04:33,313 REINFORCEMENT COLLECTING state
2018-06-12 00:04:33,366 SNT proposal
2018-06-12 00:04:33,508 RCV reinforcement
2018-06-12 00:04:33,531 RCV reinforcement
2018-06-12 00:04:33,862 RCV reinforcement info
2018-06-12 00:04:34,870 commit with 3 reinforcements
2018-06-12 00:04:34,892 appended malicious commit b2325694ec on top of 7af834e0a5
2018-06-12 00:04:34,911 Weight: 24.26219082611682 #RFs 14
2018-06-12 00:04:34,912 weight: 24.26219082611682
2018-06-12 00:04:34,912 , 24.26219082611682
2018-06-12 00:04:34,912 MALICIOUS MINING state
2018-06-12 00:04:34,912 start mining - depth 8
2018-06-12 00:04:34,912 start mining - hash 60456982265ed0cea7c9dba2734503cb275d3f30cbb2cefe68efa55d3f46cd22
2018-06-12 00:04:34,913 SNT commit
2018-06-12 00:04:35,462 RCV reinforcement info
2018-06-12 00:04:35,854 RCV reinforcement info
2018-06-12 00:04:36,857 RCV malicious_prop_agreement
2018-06-12 00:04:36,917 RCV reinforcement info
2018-06-12 00:04:36,989 RCV reinforcement info
2018-06-12 00:04:37,356 RCV reinforcement info
2018-06-12 00:04:37,592 RCV reinforcement info
2018-06-12 00:04:38,156 RCV proposal
2018-06-12 00:04:38,160 appended honest propose eaf1a2d8b0 on top of 6045698226
2018-06-12 00:04:38,235 RCV reinforcement
2018-06-12 00:04:38,255 RCV reinforcement
2018-06-12 00:04:38,267 RCV reinforcement
2018-06-12 00:04:38,670 RCV reinforcement info
2018-06-12 00:04:38,731 RCV reinforcement
2018-06-12 00:04:39,461 RF found but not transmitted
2018-06-12 00:04:39,689 RCV commit
2018-06-12 00:04:39,743 appended honest commit 2d100f53de on top of eaf1a2d8b0
2018-06-12 00:04:39,786 Weight: 28.863045051754696 #RFs 8
2018-06-12 00:04:39,787 weight: 28.863045051754696
2018-06-12 00:04:39,787 , 28.863045051754696
2018-06-12 00:04:39,924 RCV proposal
2018-06-12 00:04:39,930 appended malicious propose 6b70d7fc76 on top of 6045698226
2018-06-12 00:04:39,931 REINFORCEMENT SENT state
2018-06-12 00:04:39,932 SNT reinforcement
2018-06-12 00:04:40,010 RCV reinforcement
2018-06-12 00:04:40,358 RCV reinforcement info
2018-06-12 00:04:40,650 RCV reinforcement info
2018-06-12 00:04:41,274 RCV reinforcement info
2018-06-12 00:04:41,443 RCV commit
2018-06-12 00:04:41,476 appended malicious commit 15d3ccf892 on top of 6b70d7fc76
2018-06-12 00:04:41,520 Weight: 28.96854869143721 #RFs 6
2018-06-12 00:04:41,520 weight: 28.96854869143721
2018-06-12 00:04:41,521 , 28.96854869143721
2018-06-12 00:04:41,521 MALICIOUS MINING state
2018-06-12 00:04:41,521 start mining - depth 9
2018-06-12 00:04:41,521 start mining - hash 15d3ccf89249499c34bc007c44baa7bc6d443e4d86624e76d2bfff64c46d28da
2018-06-12 00:04:41,586 RCV reinforcement info
2018-06-12 00:04:41,861 RCV reinforcement info
2018-06-12 00:04:42,006 RCV reinforcement info
2018-06-12 00:04:42,437 RCV reinforcement info
2018-06-12 00:04:42,897 RCV reinforcement info
2018-06-12 00:04:43,865 RCV reinforcement info
2018-06-12 00:04:44,401 RF found but not transmitted
2018-06-12 00:04:44,960 RCV proposal
2018-06-12 00:04:44,963 appended honest propose 39e32c9a7d on top of 2d100f53de
2018-06-12 00:04:45,120 RCV reinforcement
2018-06-12 00:04:45,138 RCV reinforcement
2018-06-12 00:04:45,154 RCV reinforcement
2018-06-12 00:04:45,177 RCV reinforcement
2018-06-12 00:04:45,185 RCV reinforcement
2018-06-12 00:04:46,491 RCV commit
2018-06-12 00:04:46,587 RF found but not transmitted
2018-06-12 00:04:46,587 appended honest commit e88dc0d553 on top of 39e32c9a7d
2018-06-12 00:04:46,616 Weight: 32.402138394910665 #RFs 9
2018-06-12 00:04:46,616 weight: 32.402138394910665
2018-06-12 00:04:46,616 , 32.402138394910665
2018-06-12 00:04:46,617 Synchronizing branches
2018-06-12 00:04:46,617 start mining - depth 10
2018-06-12 00:04:46,618 start mining - hash e88dc0d553137ee63a508bec2179d553e360c50cba673220baa8ce3150a902f2
2018-06-12 00:04:46,768 RCV reinforcement info
2018-06-12 00:04:46,789 RF found but not transmitted
2018-06-12 00:04:47,083 RCV reinforcement info
2018-06-12 00:04:47,367 RCV reinforcement info
2018-06-12 00:04:48,187 RF found but not transmitted
2018-06-12 00:04:48,545 RCV reinforcement info
2018-06-12 00:04:48,583 RCV reinforcement info
2018-06-12 00:04:49,811 RF found but not transmitted
2018-06-12 00:04:50,081 RCV reinforcement info
2018-06-12 00:04:50,148 RF found but not transmitted
2018-06-12 00:04:50,715 RCV reinforcement info
2018-06-12 00:04:51,388 RCV reinforcement info
2018-06-12 00:04:51,870 RCV reinforcement info
2018-06-12 00:04:51,919 RCV reinforcement info
2018-06-12 00:04:52,777 RCV reinforcement info
2018-06-12 00:04:53,692 RCV reinforcement info
2018-06-12 00:04:54,962 RCV proposal
2018-06-12 00:04:54,965 appended honest propose 94c5880d81 on top of e88dc0d553
2018-06-12 00:04:55,069 RCV reinforcement
2018-06-12 00:04:55,077 RCV reinforcement
2018-06-12 00:04:55,103 RCV reinforcement
2018-06-12 00:04:55,106 RCV reinforcement
2018-06-12 00:04:55,118 RCV reinforcement
2018-06-12 00:04:55,176 RCV reinforcement info
2018-06-12 00:04:55,244 RCV reinforcement
2018-06-12 00:04:56,512 RCV commit
2018-06-12 00:04:56,601 appended honest commit d7ed4c2465 on top of 94c5880d81
2018-06-12 00:04:56,669 Weight: 35.39688958153466 #RFs 13
2018-06-12 00:04:56,669 weight: 35.39688958153466
2018-06-12 00:04:56,670 , 35.39688958153466
2018-06-12 00:04:56,671 start mining - depth 11
2018-06-12 00:04:56,672 start mining - hash d7ed4c24656ca2e2ecb7de99a23289c828fdd5aee1cfc465c6bf88bc6f9bffc3
2018-06-12 00:04:59,979 RCV reinforcement info
2018-06-12 00:05:00,189 RCV reinforcement info
2018-06-12 00:05:00,379 RCV reinforcement info
2018-06-12 00:05:00,770 RCV reinforcement info
2018-06-12 00:05:02,531 RCV reinforcement info
2018-06-12 00:05:02,672 RCV reinforcement info
2018-06-12 00:05:03,676 RCV proposal
2018-06-12 00:05:03,680 appended honest propose 6f48c692dd on top of d7ed4c2465
2018-06-12 00:05:03,822 RCV reinforcement
2018-06-12 00:05:03,832 RCV reinforcement
2018-06-12 00:05:03,836 RCV reinforcement
2018-06-12 00:05:03,846 RCV reinforcement
2018-06-12 00:05:03,876 RCV reinforcement
2018-06-12 00:05:05,197 RCV commit
2018-06-12 00:05:05,250 appended honest commit 92475539b9 on top of 6f48c692dd
2018-06-12 00:05:05,269 Weight: 37.04242219656629 #RFs 6
2018-06-12 00:05:05,269 weight: 37.04242219656629
2018-06-12 00:05:05,269 , 37.04242219656629
2018-06-12 00:05:05,270 start mining - depth 12
2018-06-12 00:05:05,271 start mining - hash 92475539b98d7983cbfc7878f8934ef66789e7cc72da2534d82c16c984b6c54a
2018-06-12 00:05:06,320 RCV reinforcement info
2018-06-12 00:05:07,153 RCV reinforcement info
2018-06-12 00:05:07,222 RCV reinforcement info
2018-06-12 00:05:07,851 RCV reinforcement info
2018-06-12 00:05:08,158 RCV reinforcement info
2018-06-12 00:05:08,248 RF found but not transmitted
2018-06-12 00:05:09,290 RF found but not transmitted
2018-06-12 00:05:09,961 RCV reinforcement info
2018-06-12 00:05:11,961 RCV proposal
2018-06-12 00:05:11,964 appended honest propose 514d1244ed on top of 92475539b9
2018-06-12 00:05:12,061 RCV reinforcement
2018-06-12 00:05:12,079 RCV reinforcement
2018-06-12 00:05:12,094 RCV reinforcement
2018-06-12 00:05:12,108 RCV reinforcement
2018-06-12 00:05:13,206 RCV reinforcement info
2018-06-12 00:05:13,277 RCV reinforcement
2018-06-12 00:05:13,479 RCV commit
2018-06-12 00:05:13,518 appended honest commit 482464a47c on top of 514d1244ed
2018-06-12 00:05:13,539 Weight: 40.39545356900086 #RFs 7
2018-06-12 00:05:13,540 weight: 40.39545356900086
2018-06-12 00:05:13,540 , 40.39545356900086
2018-06-12 00:05:13,543 start mining - depth 13
2018-06-12 00:05:13,544 start mining - hash 482464a47c081c4a501a25da5eb99b4c63966bcd24b78a9288f751beb2385e1b
2018-06-12 00:05:13,545 Hashing frequency: 3260
2018-06-12 00:05:14,517 RCV reinforcement info
2018-06-12 00:05:15,014 RCV reinforcement info
2018-06-12 00:05:15,020 RF found but not transmitted
2018-06-12 00:05:17,425 RCV proposal
2018-06-12 00:05:17,427 appended honest propose a72f9e0043 on top of 482464a47c
2018-06-12 00:05:17,504 RCV reinforcement
2018-06-12 00:05:17,723 RCV reinforcement info
2018-06-12 00:05:17,788 RCV reinforcement
2018-06-12 00:05:17,853 RCV reinforcement info
2018-06-12 00:05:17,931 RCV reinforcement
2018-06-12 00:05:18,974 RCV commit
2018-06-12 00:05:19,002 appended honest commit badfbd255a on top of a72f9e0043
2018-06-12 00:05:19,039 Weight: 42.22049766012551 #RFs 4
2018-06-12 00:05:19,039 weight: 42.22049766012551
2018-06-12 00:05:19,042 , 42.22049766012551
2018-06-12 00:05:19,043 start mining - depth 14
2018-06-12 00:05:19,043 start mining - hash badfbd255a84ce4038028ebf4e07df2b0fd1338a35ec6fe50a1c3e6095b7d49b
2018-06-12 00:05:20,244 RCV proposal
2018-06-12 00:05:20,246 appended honest propose 148c675a4e on top of badfbd255a
2018-06-12 00:05:21,012 RCV reinforcement info
2018-06-12 00:05:21,089 RCV reinforcement
2018-06-12 00:05:21,163 RCV reinforcement info
2018-06-12 00:05:21,234 RCV reinforcement
2018-06-12 00:05:21,764 RCV commit
2018-06-12 00:05:21,774 appended honest commit 38514d5729 on top of 148c675a4e
2018-06-12 00:05:21,775 Weight: 43.30770721340197 #RFs 1
2018-06-12 00:05:21,775 weight: 43.30770721340197
2018-06-12 00:05:21,775 , 43.30770721340197
2018-06-12 00:05:21,776 start mining - depth 15
2018-06-12 00:05:21,776 start mining - hash 38514d5729b1f7d6f80184aec00d14e7f20ac9094ea4ee3dc3b83f9d34324f03
2018-06-12 00:05:22,494 RCV proposal
2018-06-12 00:05:22,499 appended honest propose 89263ff110 on top of 38514d5729
2018-06-12 00:05:22,628 RCV reinforcement info
2018-06-12 00:05:22,693 RCV reinforcement
2018-06-12 00:05:23,852 RF found but not transmitted
2018-06-12 00:05:24,001 RCV commit
2018-06-12 00:05:24,004 appended honest commit 9ecab698c2 on top of 89263ff110
2018-06-12 00:05:24,006 Weight: 44.383142280299424 #RFs 1
2018-06-12 00:05:24,006 weight: 44.383142280299424
2018-06-12 00:05:24,007 , 44.383142280299424
2018-06-12 00:05:24,007 start mining - depth 16
2018-06-12 00:05:24,007 start mining - hash 9ecab698c269bcc47e80a536781b6fa6005bfae0b70455d3c24b194367e1313a
2018-06-12 00:05:24,160 RCV reinforcement info
2018-06-12 00:05:24,589 RCV reinforcement info
2018-06-12 00:05:24,984 RCV reinforcement info
2018-06-12 00:05:26,288 RCV reinforcement info
2018-06-12 00:05:26,785 RCV reinforcement info
2018-06-12 00:05:27,062 RCV reinforcement info
2018-06-12 00:05:27,670 RF found but not transmitted
2018-06-12 00:05:27,874 RCV reinforcement info
2018-06-12 00:05:28,871 RF found but not transmitted
2018-06-12 00:05:30,637 RCV reinforcement info
2018-06-12 00:05:32,463 RCV reinforcement info
2018-06-12 00:05:33,162 RCV reinforcement info
2018-06-12 00:05:34,783 RCV reinforcement info
2018-06-12 00:05:35,271 RF found but not transmitted
2018-06-12 00:05:35,444 RCV reinforcement info
2018-06-12 00:05:35,843 RCV reinforcement info
2018-06-12 00:05:36,180 RCV reinforcement info
2018-06-12 00:05:36,213 RF found but not transmitted
2018-06-12 00:05:36,511 RCV reinforcement info
2018-06-12 00:05:38,067 RCV malicious_prop_agreement
2018-06-12 00:05:38,466 RCV reinforcement info
2018-06-12 00:05:38,599 RCV reinforcement info
2018-06-12 00:05:39,049 RCV reinforcement info
2018-06-12 00:05:40,969 RF found but not transmitted
2018-06-12 00:05:41,953 RCV reinforcement info
2018-06-12 00:05:42,110 RCV reinforcement info
2018-06-12 00:05:42,423 RCV reinforcement info
2018-06-12 00:05:42,901 RCV reinforcement info
2018-06-12 00:05:43,571 RCV reinforcement info
2018-06-12 00:05:43,788 RCV reinforcement info
2018-06-12 00:05:45,960 RCV proposal
2018-06-12 00:05:45,962 appended honest propose 29e87db061 on top of 9ecab698c2
2018-06-12 00:05:46,059 RCV reinforcement
2018-06-12 00:05:46,075 RCV reinforcement
2018-06-12 00:05:46,091 RCV reinforcement
2018-06-12 00:05:46,103 RCV reinforcement
2018-06-12 00:05:46,114 RCV reinforcement
2018-06-12 00:05:46,125 RCV reinforcement
2018-06-12 00:05:46,127 RF found but not transmitted
2018-06-12 00:05:46,223 RCV reinforcement info
2018-06-12 00:05:46,298 RCV reinforcement
2018-06-12 00:05:46,714 RCV reinforcement info
2018-06-12 00:05:46,786 RCV reinforcement
2018-06-12 00:05:46,901 RCV reinforcement info
2018-06-12 00:05:46,966 RCV reinforcement info
2018-06-12 00:05:47,012 RCV reinforcement
2018-06-12 00:05:47,037 RCV reinforcement info
2018-06-12 00:05:47,087 RCV reinforcement
2018-06-12 00:05:47,127 RCV reinforcement
2018-06-12 00:05:47,534 RCV commit
2018-06-12 00:05:47,664 appended honest commit 9cc966f4fd on top of 29e87db061
2018-06-12 00:05:47,830 Weight: 52.89456539281486 #RFs 29
2018-06-12 00:05:47,831 weight: 52.89456539281486
2018-06-12 00:05:47,831 , 52.89456539281486
2018-06-12 00:05:48,007 RCV proposal
2018-06-12 00:05:48,010 appended malicious propose 3f21cb7745 on top of 9ecab698c2
2018-06-12 00:05:48,010 REINFORCEMENT SENT state
2018-06-12 00:05:48,011 SNT reinforcement
2018-06-12 00:05:48,111 RCV reinforcement
2018-06-12 00:05:48,749 RCV reinforcement info
2018-06-12 00:05:48,774 RCV reinforcement info
2018-06-12 00:05:49,038 RCV reinforcement info
2018-06-12 00:05:49,558 RCV commit
2018-06-12 00:05:49,662 appended malicious commit da8cb58b8f on top of 3f21cb7745
2018-06-12 00:05:49,737 Weight: 47.594805606260024 #RFs 14
2018-06-12 00:05:49,737 weight: 47.594805606260024
2018-06-12 00:05:49,737 , 47.594805606260024
2018-06-12 00:05:49,738 MALICIOUS MINING state
2018-06-12 00:05:49,739 start mining - depth 17
2018-06-12 00:05:49,740 start mining - hash 9cc966f4fd9d95c7ad4a473470e098ced4fe649419061bdf24a844b5332daafb
2018-06-12 00:05:49,938 RCV reinforcement info
2018-06-12 00:05:50,208 RF found but not transmitted
2018-06-12 00:05:50,211 hash found
2018-06-12 00:05:50,213 SNT malicious_proposal_agreement
2018-06-12 00:05:50,388 RCV reinforcement info
2018-06-12 00:05:50,391 RCV reinforcement info
2018-06-12 00:05:51,205 RCV reinforcement info
2018-06-12 00:05:51,227 RCV reinforcement info
2018-06-12 00:05:51,485 RCV reinforcement info
2018-06-12 00:05:51,905 RCV reinforcement info
2018-06-12 00:05:53,646 RCV reinforcement info
2018-06-12 00:05:53,713 RCV reinforcement info
2018-06-12 00:05:54,293 RCV reinforcement info
2018-06-12 00:05:55,581 RF found but not transmitted
2018-06-12 00:05:55,864 RF found but not transmitted
2018-06-12 00:05:56,148 RCV proposal
2018-06-12 00:05:56,151 appended honest propose fe59f5ac2e on top of 9cc966f4fd
2018-06-12 00:05:56,284 RCV reinforcement
2018-06-12 00:05:56,295 RCV reinforcement
2018-06-12 00:05:56,310 RCV reinforcement
2018-06-12 00:05:56,320 RCV reinforcement
2018-06-12 00:05:56,341 RCV reinforcement
2018-06-12 00:05:56,358 RCV reinforcement
2018-06-12 00:05:56,628 RCV reinforcement info
2018-06-12 00:05:56,694 RCV reinforcement
2018-06-12 00:05:56,874 RCV reinforcement info
2018-06-12 00:05:56,946 RCV reinforcement
2018-06-12 00:05:57,715 RCV commit
2018-06-12 00:05:57,832 appended honest commit 1059adb91e on top of fe59f5ac2e
2018-06-12 00:05:57,925 Weight: 57.35758568792473 #RFs 15
2018-06-12 00:05:57,925 weight: 57.35758568792473
2018-06-12 00:05:57,925 , 57.35758568792473
2018-06-12 00:05:57,935 appended malicious propose 96baf85464 on top of 9cc966f4fd
2018-06-12 00:05:57,935 REINFORCEMENT COLLECTING state
2018-06-12 00:05:58,006 SNT proposal
2018-06-12 00:05:58,181 RCV reinforcement
2018-06-12 00:05:58,930 RCV reinforcement info
2018-06-12 00:05:59,429 RCV reinforcement info
2018-06-12 00:05:59,512 commit with 2 reinforcements
2018-06-12 00:05:59,521 appended malicious commit b23d1c6fbd on top of 96baf85464
2018-06-12 00:05:59,529 Weight: 56.90487007899701 #RFs 5
2018-06-12 00:05:59,529 weight: 56.90487007899701
2018-06-12 00:05:59,529 , 56.90487007899701
2018-06-12 00:05:59,530 MALICIOUS MINING state
2018-06-12 00:05:59,530 start mining - depth 18
2018-06-12 00:05:59,530 start mining - hash 1059adb91e71296eec83fc0bf4246fd05b419d7435e78cda21851faf6e825e19
2018-06-12 00:05:59,531 SNT commit
2018-06-12 00:05:59,604 RCV reinforcement
2018-06-12 00:06:00,139 RCV proposal
2018-06-12 00:06:00,142 appended honest propose bec5025cc6 on top of 1059adb91e
2018-06-12 00:06:00,234 RCV reinforcement
2018-06-12 00:06:00,254 RCV reinforcement
2018-06-12 00:06:00,429 RCV reinforcement info
2018-06-12 00:06:00,503 RCV reinforcement
2018-06-12 00:06:00,636 RCV reinforcement info
2018-06-12 00:06:00,746 RCV reinforcement
2018-06-12 00:06:01,585 RCV reinforcement info
2018-06-12 00:06:01,662 RCV commit
2018-06-12 00:06:01,692 appended honest commit b6ddc8ba48 on top of bec5025cc6
2018-06-12 00:06:01,701 Weight: 59.39347183400969 #RFs 4
2018-06-12 00:06:01,701 weight: 59.39347183400969
2018-06-12 00:06:01,725 , 59.39347183400969
2018-06-12 00:06:01,733 start mining - depth 19
2018-06-12 00:06:01,733 start mining - hash b6ddc8ba483e5bb0b000c244d5a6b4944ba9e4832b19670b6effdda1e548fa72
2018-06-12 00:06:01,746 RCV reinforcement
2018-06-12 00:06:01,790 RCV reinforcement info
2018-06-12 00:06:01,875 RCV reinforcement
2018-06-12 00:06:02,122 RCV reinforcement info
2018-06-12 00:06:02,153 RCV reinforcement info
2018-06-12 00:06:02,446 RCV reinforcement info
2018-06-12 00:06:02,527 RCV reinforcement info
2018-06-12 00:06:03,195 RCV reinforcement info
2018-06-12 00:06:04,078 RCV reinforcement info
2018-06-12 00:06:04,888 RF found but not transmitted
2018-06-12 00:06:04,994 RCV proposal
2018-06-12 00:06:04,997 appended honest propose 75b033c8cf on top of b6ddc8ba48
2018-06-12 00:06:05,196 RCV reinforcement
2018-06-12 00:06:05,216 RCV reinforcement
2018-06-12 00:06:05,231 RCV reinforcement
2018-06-12 00:06:05,248 RCV reinforcement
2018-06-12 00:06:05,279 RF found but not transmitted
2018-06-12 00:06:05,641 RCV reinforcement info
2018-06-12 00:06:05,703 RCV reinforcement info
2018-06-12 00:06:05,751 RCV reinforcement
2018-06-12 00:06:05,796 RCV reinforcement
2018-06-12 00:06:06,267 RCV reinforcement info
2018-06-12 00:06:06,357 RCV reinforcement
2018-06-12 00:06:06,512 RCV reinforcement info
2018-06-12 00:06:06,556 RCV commit
2018-06-12 00:06:06,605 appended honest commit 62242bc7da on top of 75b033c8cf
2018-06-12 00:06:06,629 Weight: 62.07980321875182 #RFs 9
2018-06-12 00:06:06,629 weight: 62.07980321875182
2018-06-12 00:06:06,629 , 62.07980321875182
2018-06-12 00:06:06,630 start mining - depth 20
2018-06-12 00:06:06,630 start mining - hash 62242bc7da2c8de63694b60b453eb7f7e1603106705cd7f1688eb2e4e456ff5e
2018-06-12 00:06:06,703 RF found but not transmitted
2018-06-12 00:06:06,756 RCV reinforcement
2018-06-12 00:06:06,953 RCV proposal
2018-06-12 00:06:06,956 appended honest propose 7feabfa923 on top of 62242bc7da
2018-06-12 00:06:07,452 RCV reinforcement info
2018-06-12 00:06:07,517 RCV reinforcement
2018-06-12 00:06:07,945 RCV reinforcement info
2018-06-12 00:06:08,027 RCV reinforcement
2018-06-12 00:06:08,289 RCV reinforcement info
2018-06-12 00:06:08,385 RCV reinforcement
2018-06-12 00:06:08,474 RCV reinforcement info
2018-06-12 00:06:08,497 RCV reinforcement info
2018-06-12 00:06:08,608 RCV reinforcement
2018-06-12 00:06:08,637 RCV reinforcement
2018-06-12 00:06:08,751 RCV commit
2018-06-12 00:06:08,760 appended honest commit e59d495d9c on top of 7feabfa923
2018-06-12 00:06:08,763 Weight: 63.185523444674125 #RFs 1
2018-06-12 00:06:08,763 weight: 63.185523444674125
2018-06-12 00:06:08,768 , 63.185523444674125
2018-06-12 00:06:08,769 start mining - depth 21
2018-06-12 00:06:08,769 start mining - hash e59d495d9cecef2f4f22c8d23c82adf49a6b390d8a922c9dd6e73e01e8422994
2018-06-12 00:06:08,824 RCV reinforcement info
2018-06-12 00:06:08,900 RCV reinforcement
2018-06-12 00:06:08,953 RF found but not transmitted
2018-06-12 00:06:09,481 RCV reinforcement info
2018-06-12 00:06:09,623 RCV reinforcement info
2018-06-12 00:06:10,268 RCV reinforcement info
2018-06-12 00:06:11,695 RCV proposal
2018-06-12 00:06:11,697 appended honest propose 20c6edacae on top of e59d495d9c
2018-06-12 00:06:11,792 RCV reinforcement
2018-06-12 00:06:11,811 RCV reinforcement
2018-06-12 00:06:12,512 RCV reinforcement info
2018-06-12 00:06:12,593 RCV reinforcement
2018-06-12 00:06:13,097 RCV reinforcement info
2018-06-12 00:06:13,171 RCV reinforcement
2018-06-12 00:06:13,207 RCV commit
2018-06-12 00:06:13,232 appended honest commit b4c004d74c on top of 20c6edacae
2018-06-12 00:06:13,249 Weight: 64.8189374333661 #RFs 4
2018-06-12 00:06:13,250 weight: 64.8189374333661
2018-06-12 00:06:13,250 , 64.8189374333661
2018-06-12 00:06:13,251 start mining - depth 22
2018-06-12 00:06:13,251 start mining - hash b4c004d74c192ca1837bd6647128188bfacae73570cfcc4ffcd77fe9f381880d
2018-06-12 00:06:13,552 RCV reinforcement info
2018-06-12 00:06:15,060 RCV reinforcement info
2018-06-12 00:06:15,123 RCV reinforcement info
2018-06-12 00:06:15,595 RCV reinforcement info
2018-06-12 00:06:15,810 RCV reinforcement info
2018-06-12 00:06:15,844 RCV reinforcement info
2018-06-12 00:06:16,611 RCV reinforcement info
2018-06-12 00:06:17,333 RCV reinforcement info
2018-06-12 00:06:17,538 RCV reinforcement info
2018-06-12 00:06:17,716 RCV reinforcement info
2018-06-12 00:06:17,846 RCV reinforcement info
2018-06-12 00:06:17,972 RCV proposal
2018-06-12 00:06:17,975 appended honest propose 28ca29eaf2 on top of b4c004d74c
2018-06-12 00:06:18,024 RCV reinforcement info
2018-06-12 00:06:18,086 RCV reinforcement
2018-06-12 00:06:18,122 RCV reinforcement
2018-06-12 00:06:18,147 RCV reinforcement
2018-06-12 00:06:18,189 RCV reinforcement
2018-06-12 00:06:18,213 RCV reinforcement
2018-06-12 00:06:18,239 RCV reinforcement
2018-06-12 00:06:18,447 RCV reinforcement info
2018-06-12 00:06:18,517 RCV reinforcement
2018-06-12 00:06:19,510 RCV commit
2018-06-12 00:06:19,595 appended honest commit 6aea7d72e6 on top of 28ca29eaf2
2018-06-12 00:06:19,655 Weight: 68.93842485482494 #RFs 13
2018-06-12 00:06:19,655 weight: 68.93842485482494
2018-06-12 00:06:19,656 , 68.93842485482494
2018-06-12 00:06:19,656 start mining - depth 23
2018-06-12 00:06:19,673 start mining - hash 6aea7d72e623fbf5766f9713dcb602510b2fd6f232d35225e3414426febfe2b5
2018-06-12 00:06:19,683 Hashing frequency: 3364
2018-06-12 00:06:20,942 RCV reinforcement info
2018-06-12 00:06:21,525 RCV reinforcement info
2018-06-12 00:06:22,044 RCV reinforcement info
2018-06-12 00:06:23,637 RCV reinforcement info
2018-06-12 00:06:24,213 RCV reinforcement info
2018-06-12 00:06:24,474 RCV reinforcement info
2018-06-12 00:06:24,863 RCV reinforcement info
2018-06-12 00:06:24,996 RCV reinforcement info
2018-06-12 00:06:25,366 RCV reinforcement info
2018-06-12 00:06:26,268 RCV reinforcement info
2018-06-12 00:06:27,550 RCV reinforcement info
2018-06-12 00:06:27,679 RCV reinforcement info
2018-06-12 00:06:28,763 RCV reinforcement info
2018-06-12 00:06:29,355 RCV reinforcement info
2018-06-12 00:06:29,724 RCV reinforcement info
2018-06-12 00:06:33,080 RCV reinforcement info
2018-06-12 00:06:33,406 RCV reinforcement info
2018-06-12 00:06:34,579 RCV reinforcement info
2018-06-12 00:06:34,919 RCV reinforcement info
2018-06-12 00:06:35,036 RCV reinforcement info
2018-06-12 00:06:35,378 RCV reinforcement info
2018-06-12 00:06:35,565 RCV reinforcement info
2018-06-12 00:06:35,677 RF found but not transmitted
2018-06-12 00:06:36,554 RCV reinforcement info
2018-06-12 00:06:37,593 RCV reinforcement info
2018-06-12 00:06:38,411 RCV reinforcement info
2018-06-12 00:06:38,913 RCV reinforcement info
2018-06-12 00:06:38,946 RCV reinforcement info
2018-06-12 00:06:39,380 RCV reinforcement info
2018-06-12 00:06:39,926 RCV reinforcement info
2018-06-12 00:06:40,167 RCV reinforcement info
2018-06-12 00:06:40,642 RCV reinforcement info
2018-06-12 00:06:41,362 RCV reinforcement info
2018-06-12 00:06:41,383 RCV reinforcement info
2018-06-12 00:06:41,811 RCV reinforcement info
2018-06-12 00:06:42,199 RCV reinforcement info
2018-06-12 00:06:42,938 RCV reinforcement info
2018-06-12 00:06:43,925 RF found but not transmitted
2018-06-12 00:06:44,771 RCV reinforcement info
2018-06-12 00:06:45,457 RCV reinforcement info
2018-06-12 00:06:45,902 RF found but not transmitted
2018-06-12 00:06:46,953 RCV reinforcement info
2018-06-12 00:06:47,025 RCV reinforcement info
2018-06-12 00:06:47,389 RCV reinforcement info
2018-06-12 00:06:48,324 RCV reinforcement info
2018-06-12 00:06:49,271 RF found but not transmitted
2018-06-12 00:06:49,723 RCV reinforcement info
2018-06-12 00:06:49,872 RCV proposal
2018-06-12 00:06:49,876 appended honest propose 9607453322 on top of 6aea7d72e6
2018-06-12 00:06:50,034 RCV reinforcement
2018-06-12 00:06:50,054 RCV reinforcement
2018-06-12 00:06:50,075 RCV reinforcement
2018-06-12 00:06:50,081 RCV reinforcement
2018-06-12 00:06:50,102 RCV reinforcement
2018-06-12 00:06:50,116 RCV reinforcement
2018-06-12 00:06:50,819 RCV reinforcement info
2018-06-12 00:06:50,909 RCV reinforcement
2018-06-12 00:06:51,533 RCV commit
2018-06-12 00:06:51,886 appended honest commit dd297d4f28 on top of 9607453322
2018-06-12 00:06:52,172 Weight: 76.66959678113173 #RFs 43
2018-06-12 00:06:52,172 weight: 76.66959678113173
2018-06-12 00:06:52,172 , 76.66959678113173
2018-06-12 00:06:52,176 start mining - depth 24
2018-06-12 00:06:52,178 start mining - hash dd297d4f285ac0231f425fb46273dbb3728d682d75b93c9bc9ca773dba61009d
2018-06-12 00:06:52,299 RCV reinforcement info
2018-06-12 00:06:52,358 RCV reinforcement info
2018-06-12 00:06:52,429 RF found but not transmitted
2018-06-12 00:06:52,430 hash found
2018-06-12 00:06:52,432 SNT malicious_proposal_agreement
2018-06-12 00:06:52,938 RCV reinforcement info
2018-06-12 00:06:53,461 RCV reinforcement info
2018-06-12 00:06:53,878 RCV reinforcement info
2018-06-12 00:06:54,753 RCV reinforcement info
2018-06-12 00:06:54,840 RCV reinforcement info
2018-06-12 00:06:54,921 RCV reinforcement info
2018-06-12 00:06:55,152 RCV reinforcement info
2018-06-12 00:06:55,789 RCV reinforcement info
2018-06-12 00:06:56,427 RCV reinforcement info
2018-06-12 00:06:56,688 RCV reinforcement info
2018-06-12 00:06:57,015 RF found but not transmitted
2018-06-12 00:06:58,111 RCV reinforcement info
2018-06-12 00:06:58,270 RCV reinforcement info
2018-06-12 00:07:00,140 RCV reinforcement info
2018-06-12 00:07:00,272 RCV reinforcement info
2018-06-12 00:07:00,640 RCV reinforcement info
2018-06-12 00:07:01,322 RCV reinforcement info
2018-06-12 00:07:01,631 RCV reinforcement info
2018-06-12 00:07:01,824 RCV reinforcement info
2018-06-12 00:07:03,416 RCV reinforcement info
2018-06-12 00:07:04,241 RCV reinforcement info
2018-06-12 00:07:05,814 RCV reinforcement info
2018-06-12 00:07:06,832 RCV reinforcement info
2018-06-12 00:07:06,961 RCV reinforcement info
2018-06-12 00:07:07,108 RCV reinforcement info
2018-06-12 00:07:07,448 RCV reinforcement info
2018-06-12 00:07:07,719 RCV proposal
2018-06-12 00:07:07,723 appended honest propose fc43e0d5f2 on top of dd297d4f28
2018-06-12 00:07:07,887 RCV reinforcement
2018-06-12 00:07:07,905 RCV reinforcement
2018-06-12 00:07:07,916 RCV reinforcement
2018-06-12 00:07:07,928 RCV reinforcement
2018-06-12 00:07:07,967 RCV reinforcement
2018-06-12 00:07:07,997 RCV reinforcement
2018-06-12 00:07:08,183 RCV reinforcement info
2018-06-12 00:07:08,320 RCV reinforcement
2018-06-12 00:07:09,349 RCV commit
2018-06-12 00:07:09,575 appended honest commit a53dbcbac2 on top of fc43e0d5f2
2018-06-12 00:07:09,867 Weight: 83.65325103242495 #RFs 28
2018-06-12 00:07:09,868 weight: 83.65325103242495
2018-06-12 00:07:09,868 , 83.65325103242495
2018-06-12 00:07:09,903 appended malicious propose 706d3372d7 on top of dd297d4f28
2018-06-12 00:07:09,903 REINFORCEMENT COLLECTING state
2018-06-12 00:07:10,038 SNT proposal
2018-06-12 00:07:10,258 RCV reinforcement
2018-06-12 00:07:10,695 RCV reinforcement
2018-06-12 00:07:10,755 RCV reinforcement
2018-06-12 00:07:10,795 RCV reinforcement info
2018-06-12 00:07:10,881 RCV reinforcement info
2018-06-12 00:07:11,541 commit with 3 reinforcements
2018-06-12 00:07:11,551 appended malicious commit 9701f14fb4 on top of 706d3372d7
2018-06-12 00:07:11,558 Weight: 79.10412232076665 #RFs 5
2018-06-12 00:07:11,558 weight: 79.10412232076665
2018-06-12 00:07:11,558 , 79.10412232076665
2018-06-12 00:07:11,560 MALICIOUS MINING state
2018-06-12 00:07:11,561 start mining - depth 25
2018-06-12 00:07:11,561 start mining - hash a53dbcbac270b0775a07094c5e1d9372ca2a9127bf294297114091fe8eb4c00a
2018-06-12 00:07:11,562 SNT commit
2018-06-12 00:07:11,818 RCV reinforcement info
2018-06-12 00:07:13,307 RCV reinforcement info
2018-06-12 00:07:13,554 RCV reinforcement info
2018-06-12 00:07:14,143 RCV reinforcement info
2018-06-12 00:07:14,622 RCV reinforcement info
2018-06-12 00:07:14,898 RCV reinforcement info
2018-06-12 00:07:15,214 RCV reinforcement info
2018-06-12 00:07:15,353 RCV reinforcement info
2018-06-12 00:07:15,453 RCV reinforcement info
2018-06-12 00:07:16,928 RCV reinforcement info
2018-06-12 00:07:17,551 RCV reinforcement info
2018-06-12 00:07:17,702 RCV reinforcement info
2018-06-12 00:07:18,558 RCV reinforcement info
2018-06-12 00:07:19,155 RCV reinforcement info
2018-06-12 00:07:19,508 RCV reinforcement info
2018-06-12 00:07:19,918 RCV reinforcement info
2018-06-12 00:07:20,036 RCV reinforcement info
2018-06-12 00:07:20,712 RCV reinforcement info
2018-06-12 00:07:20,861 RCV reinforcement info
2018-06-12 00:07:21,164 RCV reinforcement info
2018-06-12 00:07:22,054 RF found but not transmitted
2018-06-12 00:07:22,459 RCV reinforcement info
2018-06-12 00:07:22,839 RCV reinforcement info
2018-06-12 00:07:23,850 RCV reinforcement info
2018-06-12 00:07:24,606 RCV reinforcement info
2018-06-12 00:07:26,305 RCV reinforcement info
2018-06-12 00:07:26,755 RCV reinforcement info
2018-06-12 00:07:26,815 RCV reinforcement info
2018-06-12 00:07:27,291 RCV reinforcement info
2018-06-12 00:07:28,030 RCV reinforcement info
2018-06-12 00:07:28,406 RCV reinforcement info
2018-06-12 00:07:28,964 RCV reinforcement info
2018-06-12 00:07:28,984 RCV reinforcement info
2018-06-12 00:07:29,352 RCV reinforcement info
2018-06-12 00:07:29,795 RCV reinforcement info
2018-06-12 00:07:30,528 RCV reinforcement info
2018-06-12 00:07:31,462 RCV reinforcement info
2018-06-12 00:07:31,758 RCV reinforcement info
2018-06-12 00:07:32,547 RCV reinforcement info
2018-06-12 00:07:32,593 RCV reinforcement info
2018-06-12 00:07:33,165 RCV reinforcement info
2018-06-12 00:07:34,120 RCV reinforcement info
2018-06-12 00:07:34,287 RCV reinforcement info
2018-06-12 00:07:34,552 RCV reinforcement info
2018-06-12 00:07:34,892 RCV reinforcement info
2018-06-12 00:07:35,208 RCV reinforcement info
2018-06-12 00:07:35,442 RCV reinforcement info
2018-06-12 00:07:36,891 RCV reinforcement info
2018-06-12 00:07:37,497 RCV reinforcement info
2018-06-12 00:07:38,466 RCV reinforcement info
2018-06-12 00:07:38,961 RF found but not transmitted
2018-06-12 00:07:39,908 RCV reinforcement info
2018-06-12 00:07:42,037 RCV reinforcement info
2018-06-12 00:07:43,167 RCV reinforcement info
2018-06-12 00:07:43,222 RCV reinforcement info
2018-06-12 00:07:44,188 RF found but not transmitted
2018-06-12 00:07:44,232 RCV reinforcement info
2018-06-12 00:07:44,400 RF found but not transmitted
2018-06-12 00:07:44,735 RCV reinforcement info
2018-06-12 00:07:44,749 RF found but not transmitted
2018-06-12 00:07:44,959 RCV reinforcement info
2018-06-12 00:07:45,478 RCV reinforcement info
2018-06-12 00:07:45,680 RCV reinforcement info
2018-06-12 00:07:46,121 RCV reinforcement info
2018-06-12 00:07:46,965 RCV reinforcement info
2018-06-12 00:07:47,293 RCV reinforcement info
2018-06-12 00:07:47,376 RCV reinforcement info
2018-06-12 00:07:47,730 RF found but not transmitted
2018-06-12 00:07:48,158 RCV reinforcement info
2018-06-12 00:07:48,444 RCV reinforcement info
2018-06-12 00:07:49,732 RCV reinforcement info
2018-06-12 00:07:50,784 RCV reinforcement info
2018-06-12 00:07:51,400 RCV reinforcement info
2018-06-12 00:07:51,546 RCV reinforcement info
2018-06-12 00:07:52,295 RCV reinforcement info
2018-06-12 00:07:52,531 RCV reinforcement info
2018-06-12 00:07:52,584 RCV reinforcement info
2018-06-12 00:07:53,174 RCV reinforcement info
2018-06-12 00:07:53,576 RCV reinforcement info
2018-06-12 00:07:53,671 RCV reinforcement info
2018-06-12 00:07:54,112 RCV reinforcement info
2018-06-12 00:07:54,602 RCV reinforcement info
2018-06-12 00:07:55,428 RCV reinforcement info
2018-06-12 00:07:56,643 RCV reinforcement info
2018-06-12 00:07:56,713 RCV reinforcement info
2018-06-12 00:07:56,826 RCV reinforcement info
2018-06-12 00:07:57,761 RCV reinforcement info
2018-06-12 00:07:58,896 RCV reinforcement info
2018-06-12 00:07:59,063 RCV reinforcement info
2018-06-12 00:07:59,355 RCV reinforcement info
2018-06-12 00:08:01,502 RF found but not transmitted
2018-06-12 00:08:02,425 RCV reinforcement info
2018-06-12 00:08:03,273 RCV reinforcement info
2018-06-12 00:08:03,795 RCV reinforcement info
2018-06-12 00:08:04,300 RCV reinforcement info
2018-06-12 00:08:05,470 RCV reinforcement info
2018-06-12 00:08:06,860 RCV reinforcement info
2018-06-12 00:08:06,933 RCV reinforcement info
2018-06-12 00:08:07,103 RCV reinforcement info
2018-06-12 00:08:07,496 RF found but not transmitted
2018-06-12 00:08:09,277 RCV reinforcement info
2018-06-12 00:08:10,031 RCV reinforcement info
2018-06-12 00:08:10,453 RCV reinforcement info
2018-06-12 00:08:10,841 RCV reinforcement info
2018-06-12 00:08:10,916 RCV reinforcement info
2018-06-12 00:08:11,958 RF found but not transmitted
2018-06-12 00:08:12,165 RF found but not transmitted
2018-06-12 00:08:12,333 RCV reinforcement info
2018-06-12 00:08:12,375 RCV reinforcement info
2018-06-12 00:08:12,653 RCV reinforcement info
2018-06-12 00:08:12,830 RF found but not transmitted
2018-06-12 00:08:12,984 RCV reinforcement info
2018-06-12 00:08:14,034 RCV reinforcement info
2018-06-12 00:08:14,585 RCV reinforcement info
2018-06-12 00:08:14,693 RCV reinforcement info
2018-06-12 00:08:15,325 RCV reinforcement info
2018-06-12 00:08:15,393 RCV reinforcement info
2018-06-12 00:08:15,481 RF found but not transmitted
2018-06-12 00:08:15,533 RCV reinforcement info
2018-06-12 00:08:16,937 RCV reinforcement info
2018-06-12 00:08:17,283 RCV reinforcement info
2018-06-12 00:08:18,175 RCV reinforcement info
2018-06-12 00:08:18,213 RCV malicious_prop_agreement
2018-06-12 00:08:19,362 RCV reinforcement info
2018-06-12 00:08:20,814 RCV reinforcement info
2018-06-12 00:08:20,932 RF found but not transmitted
2018-06-12 00:08:21,270 RCV reinforcement info
2018-06-12 00:08:21,523 RCV reinforcement info
2018-06-12 00:08:22,692 RCV reinforcement info
2018-06-12 00:08:22,749 RCV reinforcement info
2018-06-12 00:08:23,835 RCV reinforcement info
2018-06-12 00:08:24,763 RCV reinforcement info
2018-06-12 00:08:24,972 RCV reinforcement info
2018-06-12 00:08:25,474 RCV reinforcement info
2018-06-12 00:08:25,963 RCV reinforcement info
2018-06-12 00:08:26,169 RCV reinforcement info
2018-06-12 00:08:26,225 RCV reinforcement info
2018-06-12 00:08:26,759 RCV reinforcement info
2018-06-12 00:08:27,035 RCV reinforcement info
2018-06-12 00:08:27,090 RCV proposal
2018-06-12 00:08:27,094 appended honest propose 17cbb16289 on top of a53dbcbac2
2018-06-12 00:08:27,268 RCV reinforcement
2018-06-12 00:08:27,294 RCV reinforcement
2018-06-12 00:08:27,333 RCV reinforcement
2018-06-12 00:08:27,337 RCV reinforcement
2018-06-12 00:08:27,359 RCV reinforcement
2018-06-12 00:08:27,423 RCV reinforcement
2018-06-12 00:08:27,563 RCV reinforcement info
2018-06-12 00:08:27,719 RCV reinforcement
2018-06-12 00:08:27,779 RCV reinforcement info
2018-06-12 00:08:27,880 RCV reinforcement
2018-06-12 00:08:28,207 RCV reinforcement info
2018-06-12 00:08:28,334 RCV reinforcement
2018-06-12 00:08:28,446 RCV reinforcement info
2018-06-12 00:08:28,554 RCV reinforcement
2018-06-12 00:08:28,938 RCV reinforcement info
2018-06-12 00:08:29,019 RCV reinforcement
2018-06-12 00:08:29,122 RCV reinforcement info
2018-06-12 00:08:29,257 RCV reinforcement
2018-06-12 00:08:29,267 RF found but not transmitted
2018-06-12 00:08:29,312 RCV reinforcement info
2018-06-12 00:08:29,379 RCV commit
2018-06-12 00:08:30,408 appended honest commit 5ffd6d5b5d on top of 17cbb16289
2018-06-12 00:08:31,255 Weight: 107.20629538789885 #RFs 130
2018-06-12 00:08:31,255 weight: 107.20629538789885
2018-06-12 00:08:31,255 , 107.20629538789885
2018-06-12 00:08:31,263 RCV reinforcement
2018-06-12 00:08:31,644 RCV proposal
2018-06-12 00:08:31,650 appended malicious propose 7669b2390d on top of a53dbcbac2
2018-06-12 00:08:31,650 REINFORCEMENT SENT state
2018-06-12 00:08:31,652 SNT reinforcement
2018-06-12 00:08:31,806 RCV reinforcement
2018-06-12 00:08:32,402 RCV reinforcement
2018-06-12 00:08:33,184 RCV reinforcement info
2018-06-12 00:08:33,409 RCV commit
2018-06-12 00:08:33,757 appended malicious commit f32efe1b36 on top of 7669b2390d
2018-06-12 00:08:34,011 Weight: 92.60461590774742 #RFs 42
2018-06-12 00:08:34,012 weight: 92.60461590774742
2018-06-12 00:08:34,012 , 92.60461590774742
2018-06-12 00:08:34,015 MALICIOUS MINING state
2018-06-12 00:08:34,015 start mining - depth 26
2018-06-12 00:08:34,016 start mining - hash 5ffd6d5b5d2f87f91db3b4b62266b1f454a1a20e1ec577bbf65b2fb2e56e3a6f
2018-06-12 00:08:34,024 Hashing frequency: 6812
2018-06-12 00:08:34,346 RCV reinforcement info
2018-06-12 00:08:34,429 RCV proposal
2018-06-12 00:08:34,439 appended honest propose 07405e95e0 on top of 5ffd6d5b5d
2018-06-12 00:08:34,568 RCV reinforcement
2018-06-12 00:08:34,578 RCV reinforcement
2018-06-12 00:08:35,274 RF found but not transmitted
2018-06-12 00:08:35,789 RCV reinforcement info
2018-06-12 00:08:35,865 RCV reinforcement
2018-06-12 00:08:35,960 RCV commit
2018-06-12 00:08:35,967 appended honest commit ce462d01e5 on top of 07405e95e0
2018-06-12 00:08:35,988 Weight: 108.8191276418337 #RFs 2
2018-06-12 00:08:35,988 weight: 108.8191276418337
2018-06-12 00:08:35,988 , 108.8191276418337
2018-06-12 00:08:35,989 start mining - depth 27
2018-06-12 00:08:35,989 start mining - hash ce462d01e546c32d01f32d64697e3008e5aa314b85ddf6f6e13a484a381a8ee2
2018-06-12 00:08:38,526 RCV reinforcement info
2018-06-12 00:08:39,200 RF found but not transmitted
2018-06-12 00:08:39,470 RCV reinforcement info
2018-06-12 00:08:40,270 RCV malicious_prop_agreement
2018-06-12 00:08:40,900 RCV reinforcement info
2018-06-12 00:08:41,481 RCV reinforcement info
2018-06-12 00:08:41,770 RCV reinforcement info
2018-06-12 00:08:42,749 RCV reinforcement info
2018-06-12 00:08:47,491 RCV reinforcement info
2018-06-12 00:08:48,018 RF found but not transmitted
2018-06-12 00:08:48,416 RCV reinforcement info
2018-06-12 00:08:48,510 RCV reinforcement info
2018-06-12 00:08:49,808 RCV reinforcement info
2018-06-12 00:08:50,921 RCV reinforcement info
2018-06-12 00:08:50,998 RCV reinforcement info
2018-06-12 00:08:51,426 RCV reinforcement info
2018-06-12 00:08:51,662 RCV reinforcement info
2018-06-12 00:08:52,281 RCV reinforcement info
2018-06-12 00:08:52,516 RCV reinforcement info
2018-06-12 00:08:52,912 RCV proposal
2018-06-12 00:08:52,915 appended honest propose e50ff02a93 on top of ce462d01e5
2018-06-12 00:08:53,063 RCV reinforcement
2018-06-12 00:08:53,083 RCV reinforcement
2018-06-12 00:08:53,122 RCV reinforcement
2018-06-12 00:08:53,129 RCV reinforcement
2018-06-12 00:08:53,134 RCV reinforcement
2018-06-12 00:08:53,218 RCV reinforcement
2018-06-12 00:08:53,443 RCV reinforcement info
2018-06-12 00:08:53,525 RCV reinforcement
2018-06-12 00:08:54,448 RF found but not transmitted
2018-06-12 00:08:54,486 RCV commit
2018-06-12 00:08:54,651 appended honest commit b4c7ce88ad on top of e50ff02a93
2018-06-12 00:08:54,825 Weight: 113.06838019668378 #RFs 17
2018-06-12 00:08:54,827 weight: 113.06838019668378
2018-06-12 00:08:54,830 , 113.06838019668378
2018-06-12 00:08:54,997 RCV reinforcement info
2018-06-12 00:08:55,076 RCV proposal
2018-06-12 00:08:55,078 appended malicious propose 16777bc2a2 on top of ce462d01e5
2018-06-12 00:08:55,079 REINFORCEMENT SENT state
2018-06-12 00:08:55,081 SNT reinforcement
2018-06-12 00:08:55,193 RCV reinforcement
2018-06-12 00:08:55,327 RCV reinforcement info
2018-06-12 00:08:55,882 RCV reinforcement
2018-06-12 00:08:56,591 RCV commit
2018-06-12 00:08:56,672 appended malicious commit 815943a03f on top of 16777bc2a2
2018-06-12 00:08:56,771 Weight: 112.01402989255392 #RFs 13
2018-06-12 00:08:56,771 weight: 112.01402989255392
2018-06-12 00:08:56,771 , 112.01402989255392
2018-06-12 00:08:56,790 MALICIOUS MINING state
2018-06-12 00:08:56,790 start mining - depth 28
2018-06-12 00:08:56,809 start mining - hash b4c7ce88ad4daab242853e2d3665ab874ef6dfba45dc45a30714f45ffb2c3fd3
2018-06-12 00:08:56,818 RCV reinforcement info
2018-06-12 00:08:56,901 RCV reinforcement info
2018-06-12 00:08:57,007 RCV reinforcement info
2018-06-12 00:08:57,123 RCV reinforcement info
2018-06-12 00:08:57,354 RF found but not transmitted
2018-06-12 00:08:58,466 RCV reinforcement info
2018-06-12 00:08:59,089 RCV reinforcement info
2018-06-12 00:08:59,810 RCV reinforcement info
2018-06-12 00:08:59,972 RCV reinforcement info
2018-06-12 00:09:00,146 RCV proposal
2018-06-12 00:09:00,154 appended honest propose 79ae6a7fb6 on top of b4c7ce88ad
2018-06-12 00:09:00,311 RCV reinforcement
2018-06-12 00:09:00,325 RCV reinforcement
2018-06-12 00:09:00,370 RCV reinforcement
2018-06-12 00:09:00,376 RCV reinforcement
2018-06-12 00:09:00,379 RCV reinforcement
2018-06-12 00:09:01,316 RF found but not transmitted
2018-06-12 00:09:01,318 hash found
2018-06-12 00:09:01,319 SNT malicious_proposal_agreement
2018-06-12 00:09:01,705 RCV commit
2018-06-12 00:09:01,791 appended honest commit 91bd79add7 on top of 79ae6a7fb6
2018-06-12 00:09:01,883 Weight: 115.24271289981772 #RFs 10
2018-06-12 00:09:01,884 weight: 115.24271289981772
2018-06-12 00:09:01,885 , 115.24271289981772
2018-06-12 00:09:01,894 appended malicious propose d2d618f83d on top of b4c7ce88ad
2018-06-12 00:09:01,894 REINFORCEMENT COLLECTING state
2018-06-12 00:09:01,986 SNT proposal
2018-06-12 00:09:02,602 RCV reinforcement info
2018-06-12 00:09:02,756 RCV reinforcement
2018-06-12 00:09:02,844 RCV reinforcement info
2018-06-12 00:09:03,493 commit with 2 reinforcements
2018-06-12 00:09:03,499 appended malicious commit c2e1ba8617 on top of d2d618f83d
2018-06-12 00:09:03,503 Weight: 114.23959583701144 #RFs 2
2018-06-12 00:09:03,503 weight: 114.23959583701144
2018-06-12 00:09:03,503 , 114.23959583701144
2018-06-12 00:09:03,504 MALICIOUS MINING state
2018-06-12 00:09:03,504 start mining - depth 29
2018-06-12 00:09:03,504 start mining - hash 91bd79add74076ec5359dd3c06f0b72e4b1721780163f15dcd3ddab68c0d1556
2018-06-12 00:09:03,505 SNT commit
2018-06-12 00:09:03,593 RCV reinforcement info
2018-06-12 00:09:03,919 RCV reinforcement info
2018-06-12 00:09:05,387 RCV reinforcement info
2018-06-12 00:09:07,658 RCV reinforcement info
2018-06-12 00:09:07,738 RCV reinforcement info
2018-06-12 00:09:07,833 RCV reinforcement info
2018-06-12 00:09:08,538 RCV reinforcement info
2018-06-12 00:09:08,571 RCV reinforcement info
2018-06-12 00:09:08,637 RCV reinforcement info
