2018-06-12 00:03:03,736 ---------------------------------------------------------
2018-06-12 00:03:03,737 MALICIOUS MINING state
2018-06-12 00:03:04,771 start mining - depth 0
2018-06-12 00:03:04,772 start mining - hash f6256661d03047157a6faaf02e3999de875f2ed9f645db8838c698bc089b508f
2018-06-12 00:03:05,011 RCV reinforcement info
2018-06-12 00:03:06,375 RCV reinforcement info
2018-06-12 00:03:06,762 RCV reinforcement info
2018-06-12 00:03:07,701 RCV reinforcement info
2018-06-12 00:03:07,733 RCV reinforcement info
2018-06-12 00:03:08,321 RCV reinforcement info
2018-06-12 00:03:09,440 RCV reinforcement info
2018-06-12 00:03:09,538 RCV reinforcement info
2018-06-12 00:03:09,642 RCV reinforcement info
2018-06-12 00:03:09,738 RCV reinforcement info
2018-06-12 00:03:10,552 RCV reinforcement info
2018-06-12 00:03:11,630 RCV reinforcement info
2018-06-12 00:03:11,776 RCV reinforcement info
2018-06-12 00:03:12,026 RCV reinforcement info
2018-06-12 00:03:12,329 RCV reinforcement info
2018-06-12 00:03:12,408 RCV reinforcement info
2018-06-12 00:03:12,620 RCV reinforcement info
2018-06-12 00:03:13,476 RF found but not transmitted
2018-06-12 00:03:15,566 RCV reinforcement info
2018-06-12 00:03:16,155 RF found but not transmitted
2018-06-12 00:03:16,789 RCV reinforcement info
2018-06-12 00:03:17,064 RCV reinforcement info
2018-06-12 00:03:17,210 RF found but not transmitted
2018-06-12 00:03:19,055 RCV reinforcement info
2018-06-12 00:03:19,192 RCV reinforcement info
2018-06-12 00:03:19,462 RCV proposal
2018-06-12 00:03:19,465 appended honest propose c47622be4c on top of f6256661d0
2018-06-12 00:03:19,599 RCV reinforcement
2018-06-12 00:03:19,621 RCV reinforcement
2018-06-12 00:03:19,640 RCV reinforcement
2018-06-12 00:03:19,644 RCV reinforcement
2018-06-12 00:03:19,647 RCV reinforcement
2018-06-12 00:03:19,658 RCV reinforcement
2018-06-12 00:03:19,800 RCV reinforcement info
2018-06-12 00:03:19,876 RCV reinforcement
2018-06-12 00:03:19,891 RCV reinforcement info
2018-06-12 00:03:19,919 RCV reinforcement info
2018-06-12 00:03:19,971 RCV reinforcement
2018-06-12 00:03:19,988 RCV reinforcement
2018-06-12 00:03:20,018 RF found but not transmitted
2018-06-12 00:03:21,041 RCV commit
2018-06-12 00:03:21,156 appended honest commit a17f2b7bb2 on top of c47622be4c
2018-06-12 00:03:21,227 Weight: 6.077349274124333 #RFs 24
2018-06-12 00:03:21,228 weight: 6.077349274124333
2018-06-12 00:03:21,228 , 6.077349274124333
2018-06-12 00:03:21,228 start mining - depth 1
2018-06-12 00:03:21,238 start mining - hash a17f2b7bb2cb850684b302630fc12a2ff56c206f8aab4bbdc728c80be24f3495
2018-06-12 00:03:21,520 RCV reinforcement info
2018-06-12 00:03:22,948 RCV reinforcement info
2018-06-12 00:03:24,547 RCV reinforcement info
2018-06-12 00:03:25,040 RF found but not transmitted
2018-06-12 00:03:25,141 RCV reinforcement info
2018-06-12 00:03:25,896 RCV reinforcement info
2018-06-12 00:03:27,354 RF found but not transmitted
2018-06-12 00:03:29,412 RF found but not transmitted
2018-06-12 00:03:30,313 RCV reinforcement info
2018-06-12 00:03:31,760 RCV reinforcement info
2018-06-12 00:03:31,814 RCV reinforcement info
2018-06-12 00:03:32,530 RCV reinforcement info
2018-06-12 00:03:33,550 RCV reinforcement info
2018-06-12 00:03:34,453 RCV reinforcement info
2018-06-12 00:03:34,520 RCV reinforcement info
2018-06-12 00:03:36,254 RCV reinforcement info
2018-06-12 00:03:37,939 RCV reinforcement info
2018-06-12 00:03:39,743 RCV reinforcement info
2018-06-12 00:03:40,030 RCV reinforcement info
2018-06-12 00:03:41,103 RCV reinforcement info
2018-06-12 00:03:41,295 RCV reinforcement info
2018-06-12 00:03:41,472 RCV reinforcement info
2018-06-12 00:03:41,880 RF found but not transmitted
2018-06-12 00:03:42,523 RCV reinforcement info
2018-06-12 00:03:44,960 RCV reinforcement info
2018-06-12 00:03:45,006 RCV reinforcement info
2018-06-12 00:03:47,884 RF found but not transmitted
2018-06-12 00:03:48,288 RCV proposal
2018-06-12 00:03:48,292 appended honest propose 16f378357b on top of a17f2b7bb2
2018-06-12 00:03:48,443 RCV reinforcement
2018-06-12 00:03:48,455 RCV reinforcement
2018-06-12 00:03:48,460 RCV reinforcement
2018-06-12 00:03:48,469 RCV reinforcement
2018-06-12 00:03:48,489 RCV reinforcement
2018-06-12 00:03:48,497 RCV reinforcement
2018-06-12 00:03:48,573 RCV reinforcement info
2018-06-12 00:03:48,642 RCV reinforcement
2018-06-12 00:03:49,785 RCV reinforcement info
2018-06-12 00:03:49,881 RCV reinforcement
2018-06-12 00:03:49,900 RCV reinforcement info
2018-06-12 00:03:49,952 RCV commit
2018-06-12 00:03:50,069 appended honest commit 3d4095762e on top of 16f378357b
2018-06-12 00:03:50,184 Weight: 11.717817639818811 #RFs 23
2018-06-12 00:03:50,184 weight: 11.717817639818811
2018-06-12 00:03:50,184 , 11.717817639818811
2018-06-12 00:03:50,186 start mining - depth 2
2018-06-12 00:03:50,186 start mining - hash 3d4095762ee98c4b9e13b48877f90b3a86f40103f7c5fa9a36383df5b34b305a
2018-06-12 00:03:50,191 RCV reinforcement
2018-06-12 00:03:50,741 RCV reinforcement info
2018-06-12 00:03:50,763 RCV reinforcement info
2018-06-12 00:03:50,849 RCV reinforcement info
2018-06-12 00:03:51,194 RCV proposal
2018-06-12 00:03:51,197 appended honest propose 978a1d95e5 on top of 3d4095762e
2018-06-12 00:03:51,267 RCV reinforcement
2018-06-12 00:03:51,271 RCV reinforcement
2018-06-12 00:03:51,585 RCV reinforcement info
2018-06-12 00:03:51,649 RCV reinforcement
2018-06-12 00:03:51,716 RCV reinforcement info
2018-06-12 00:03:51,782 RCV reinforcement
2018-06-12 00:03:52,214 RF found but not transmitted
2018-06-12 00:03:52,696 RCV commit
2018-06-12 00:03:52,730 appended honest commit 2b7bf47e94 on top of 978a1d95e5
2018-06-12 00:03:52,747 Weight: 13.970920139018341 #RFs 4
2018-06-12 00:03:52,747 weight: 13.970920139018341
2018-06-12 00:03:52,750 , 13.970920139018341
2018-06-12 00:03:52,752 start mining - depth 3
2018-06-12 00:03:52,752 start mining - hash 2b7bf47e94886df8af9237d39630dcacb6c0f0635b3432c056bc3119d1dd4d2b
2018-06-12 00:03:53,072 RCV proposal
2018-06-12 00:03:53,074 appended honest propose 66caf3f347 on top of 2b7bf47e94
2018-06-12 00:03:53,358 RCV reinforcement info
2018-06-12 00:03:53,417 RCV reinforcement
2018-06-12 00:03:53,710 RCV reinforcement info
2018-06-12 00:03:53,771 RCV reinforcement
2018-06-12 00:03:54,264 RCV reinforcement info
2018-06-12 00:03:54,320 RCV reinforcement
2018-06-12 00:03:54,434 RCV reinforcement info
2018-06-12 00:03:54,486 RCV reinforcement
2018-06-12 00:03:54,568 RCV commit
2018-06-12 00:03:54,589 appended honest commit 003e78f896 on top of 66caf3f347
2018-06-12 00:03:54,615 Weight: 15.595178867149643 #RFs 4
2018-06-12 00:03:54,615 weight: 15.595178867149643
2018-06-12 00:03:54,615 , 15.595178867149643
2018-06-12 00:03:54,616 start mining - depth 4
2018-06-12 00:03:54,616 start mining - hash 003e78f89695cf025b79ce47a7892a7ad4aafaed34517cca2bed1713567d5ea4
2018-06-12 00:03:54,747 RCV reinforcement info
2018-06-12 00:03:54,967 RCV proposal
2018-06-12 00:03:54,969 appended honest propose e2bb480b62 on top of 003e78f896
2018-06-12 00:03:55,027 RCV reinforcement
2018-06-12 00:03:55,311 RCV reinforcement info
2018-06-12 00:03:55,381 RCV reinforcement
2018-06-12 00:03:56,127 RCV reinforcement info
2018-06-12 00:03:56,182 RCV reinforcement
2018-06-12 00:03:56,480 RCV commit
2018-06-12 00:03:56,486 appended honest commit c701c2e309 on top of e2bb480b62
2018-06-12 00:03:56,490 Weight: 16.76427377810503 #RFs 2
2018-06-12 00:03:56,490 weight: 16.76427377810503
2018-06-12 00:03:56,490 , 16.76427377810503
2018-06-12 00:03:56,491 start mining - depth 5
2018-06-12 00:03:56,491 start mining - hash c701c2e309401aa7f43c38d605468c703a8a3dfcd104c219776802f3b4fc70db
2018-06-12 00:03:56,800 RCV reinforcement info
2018-06-12 00:03:57,007 RCV reinforcement info
2018-06-12 00:03:57,147 RCV reinforcement info
2018-06-12 00:03:58,450 RCV reinforcement info
2018-06-12 00:03:58,702 RCV proposal
2018-06-12 00:03:58,704 appended honest propose 1015cbc98b on top of c701c2e309
2018-06-12 00:03:58,815 RCV reinforcement
2018-06-12 00:03:58,840 RCV reinforcement
2018-06-12 00:03:58,871 RCV reinforcement
2018-06-12 00:03:59,092 RCV reinforcement info
2018-06-12 00:03:59,161 RCV reinforcement
2018-06-12 00:03:59,320 RCV reinforcement info
2018-06-12 00:03:59,388 RCV reinforcement
2018-06-12 00:03:59,681 RCV reinforcement info
2018-06-12 00:03:59,753 RCV reinforcement
2018-06-12 00:04:00,033 RCV reinforcement info
2018-06-12 00:04:00,088 RCV reinforcement info
2018-06-12 00:04:00,113 RCV reinforcement
2018-06-12 00:04:00,149 RCV reinforcement
2018-06-12 00:04:00,228 RCV commit
2018-06-12 00:04:00,277 appended honest commit 63522d0bcc on top of 1015cbc98b
2018-06-12 00:04:00,289 Weight: 18.34921250800821 #RFs 6
2018-06-12 00:04:00,290 weight: 18.34921250800821
2018-06-12 00:04:00,290 , 18.34921250800821
2018-06-12 00:04:00,290 start mining - depth 6
2018-06-12 00:04:00,291 start mining - hash 63522d0bcca7a007eabebfd8fd513828e89aadfd90d99471a29f2549fd801ebd
2018-06-12 00:04:01,834 RCV reinforcement info
2018-06-12 00:04:03,520 RCV reinforcement info
2018-06-12 00:04:05,000 RCV reinforcement info
2018-06-12 00:04:05,915 RCV reinforcement info
2018-06-12 00:04:07,852 RF found but not transmitted
2018-06-12 00:04:08,239 RCV reinforcement info
2018-06-12 00:04:08,318 RCV reinforcement info
2018-06-12 00:04:08,425 RCV proposal
2018-06-12 00:04:08,428 appended honest propose 5346cca31c on top of 63522d0bcc
2018-06-12 00:04:08,508 RCV reinforcement info
2018-06-12 00:04:08,524 RCV reinforcement info
2018-06-12 00:04:08,576 RCV reinforcement
2018-06-12 00:04:08,618 RCV reinforcement
2018-06-12 00:04:08,651 RCV reinforcement
2018-06-12 00:04:08,705 RCV reinforcement
2018-06-12 00:04:08,745 RCV reinforcement
2018-06-12 00:04:08,771 RCV reinforcement info
2018-06-12 00:04:08,853 RCV reinforcement
2018-06-12 00:04:09,502 RCV reinforcement info
2018-06-12 00:04:09,585 RCV reinforcement
2018-06-12 00:04:09,951 RCV commit
2018-06-12 00:04:10,008 appended honest commit a158490885 on top of 5346cca31c
2018-06-12 00:04:10,066 Weight: 21.10230917750833 #RFs 10
2018-06-12 00:04:10,073 weight: 21.10230917750833
2018-06-12 00:04:10,074 , 21.10230917750833
2018-06-12 00:04:10,081 start mining - depth 7
2018-06-12 00:04:10,082 start mining - hash a15849088539de08adbd81e3e93679134614ab565790dd1fa23325f7aa3d0980
2018-06-12 00:04:10,083 Hashing frequency: 3506
2018-06-12 00:04:12,280 RF found but not transmitted
2018-06-12 00:04:12,419 RCV reinforcement info
2018-06-12 00:04:12,556 RCV malicious_prop_agreement
2018-06-12 00:04:14,211 RCV reinforcement info
2018-06-12 00:04:14,979 RCV reinforcement info
2018-06-12 00:04:16,496 RCV reinforcement info
2018-06-12 00:04:17,317 RCV reinforcement info
2018-06-12 00:04:17,441 RCV reinforcement info
2018-06-12 00:04:18,085 RF found but not transmitted
2018-06-12 00:04:18,628 RCV reinforcement info
2018-06-12 00:04:19,056 RCV reinforcement info
2018-06-12 00:04:19,907 RCV reinforcement info
2018-06-12 00:04:20,631 RCV reinforcement info
2018-06-12 00:04:21,402 RCV reinforcement info
2018-06-12 00:04:22,609 RCV reinforcement info
2018-06-12 00:04:23,786 RCV reinforcement info
2018-06-12 00:04:24,294 RCV reinforcement info
2018-06-12 00:04:24,402 RF found but not transmitted
2018-06-12 00:04:24,463 RCV reinforcement info
2018-06-12 00:04:24,631 RCV reinforcement info
2018-06-12 00:04:24,807 RCV reinforcement info
2018-06-12 00:04:25,170 RCV reinforcement info
2018-06-12 00:04:26,343 RF found but not transmitted
2018-06-12 00:04:27,580 RCV reinforcement info
2018-06-12 00:04:28,529 RCV reinforcement info
2018-06-12 00:04:28,557 RCV reinforcement info
2018-06-12 00:04:29,208 RCV reinforcement info
2018-06-12 00:04:29,254 RCV reinforcement info
2018-06-12 00:04:30,768 RCV reinforcement info
2018-06-12 00:04:30,957 RCV reinforcement info
2018-06-12 00:04:31,410 RCV proposal
2018-06-12 00:04:31,413 appended honest propose 75d8f008e4 on top of a158490885
2018-06-12 00:04:31,559 RCV reinforcement
2018-06-12 00:04:31,576 RCV reinforcement
2018-06-12 00:04:31,598 RCV reinforcement
2018-06-12 00:04:31,608 RCV reinforcement
2018-06-12 00:04:31,617 RCV reinforcement
2018-06-12 00:04:31,624 RCV reinforcement
2018-06-12 00:04:32,992 RCV commit
2018-06-12 00:04:33,133 appended honest commit 6045698226 on top of 75d8f008e4
2018-06-12 00:04:33,299 Weight: 27.091710228479663 #RFs 25
2018-06-12 00:04:33,301 weight: 27.091710228479663
2018-06-12 00:04:33,301 , 27.091710228479663
2018-06-12 00:04:33,440 RCV proposal
2018-06-12 00:04:33,445 appended malicious propose 7af834e0a5 on top of a158490885
2018-06-12 00:04:33,446 REINFORCEMENT SENT state
2018-06-12 00:04:33,448 SNT reinforcement
2018-06-12 00:04:33,518 RCV reinforcement
2018-06-12 00:04:33,861 RCV reinforcement info
2018-06-12 00:04:35,001 RCV commit
2018-06-12 00:04:35,086 appended malicious commit b2325694ec on top of 7af834e0a5
2018-06-12 00:04:35,136 Weight: 24.26219082611682 #RFs 14
2018-06-12 00:04:35,136 weight: 24.26219082611682
2018-06-12 00:04:35,136 , 24.26219082611682
2018-06-12 00:04:35,137 MALICIOUS MINING state
2018-06-12 00:04:35,137 start mining - depth 8
2018-06-12 00:04:35,138 start mining - hash 60456982265ed0cea7c9dba2734503cb275d3f30cbb2cefe68efa55d3f46cd22
2018-06-12 00:04:35,462 RCV reinforcement info
2018-06-12 00:04:35,862 RCV reinforcement info
2018-06-12 00:04:36,792 RF found but not transmitted
2018-06-12 00:04:36,794 hash found
2018-06-12 00:04:36,795 SNT malicious_proposal_agreement
2018-06-12 00:04:36,924 RCV reinforcement info
2018-06-12 00:04:36,999 RCV reinforcement info
2018-06-12 00:04:37,052 RF found but not transmitted
2018-06-12 00:04:37,254 RF found but not transmitted
2018-06-12 00:04:37,354 RCV reinforcement info
2018-06-12 00:04:37,479 RF found but not transmitted
2018-06-12 00:04:37,590 RCV reinforcement info
2018-06-12 00:04:38,156 RCV proposal
2018-06-12 00:04:38,160 appended honest propose eaf1a2d8b0 on top of 6045698226
2018-06-12 00:04:38,235 RCV reinforcement
2018-06-12 00:04:38,255 RCV reinforcement
2018-06-12 00:04:38,270 RCV reinforcement
2018-06-12 00:04:38,666 RCV reinforcement info
2018-06-12 00:04:38,731 RCV reinforcement
2018-06-12 00:04:39,690 RCV commit
2018-06-12 00:04:39,753 appended honest commit 2d100f53de on top of eaf1a2d8b0
2018-06-12 00:04:39,788 Weight: 28.863045051754696 #RFs 8
2018-06-12 00:04:39,788 weight: 28.863045051754696
2018-06-12 00:04:39,788 , 28.863045051754696
2018-06-12 00:04:39,796 appended malicious propose 6b70d7fc76 on top of 6045698226
2018-06-12 00:04:39,796 REINFORCEMENT COLLECTING state
2018-06-12 00:04:39,860 SNT proposal
2018-06-12 00:04:39,989 RCV reinforcement
2018-06-12 00:04:40,012 RCV reinforcement
2018-06-12 00:04:40,357 RCV reinforcement info
2018-06-12 00:04:40,656 RCV reinforcement info
2018-06-12 00:04:41,274 RCV reinforcement info
2018-06-12 00:04:41,368 commit with 3 reinforcements
2018-06-12 00:04:41,379 appended malicious commit 15d3ccf892 on top of 6b70d7fc76
2018-06-12 00:04:41,387 Weight: 28.96854869143721 #RFs 6
2018-06-12 00:04:41,388 weight: 28.96854869143721
2018-06-12 00:04:41,388 , 28.96854869143721
2018-06-12 00:04:41,388 MALICIOUS MINING state
2018-06-12 00:04:41,388 start mining - depth 9
2018-06-12 00:04:41,389 start mining - hash 15d3ccf89249499c34bc007c44baa7bc6d443e4d86624e76d2bfff64c46d28da
2018-06-12 00:04:41,389 SNT commit
2018-06-12 00:04:41,596 RCV reinforcement info
2018-06-12 00:04:41,875 RCV reinforcement info
2018-06-12 00:04:42,000 RCV reinforcement info
2018-06-12 00:04:42,437 RCV reinforcement info
2018-06-12 00:04:42,899 RCV reinforcement info
2018-06-12 00:04:43,878 RCV reinforcement info
2018-06-12 00:04:44,974 RCV proposal
2018-06-12 00:04:44,976 appended honest propose 39e32c9a7d on top of 2d100f53de
2018-06-12 00:04:45,120 RCV reinforcement
2018-06-12 00:04:45,139 RCV reinforcement
2018-06-12 00:04:45,160 RCV reinforcement
2018-06-12 00:04:45,176 RCV reinforcement
2018-06-12 00:04:45,184 RCV reinforcement
2018-06-12 00:04:46,502 RCV commit
2018-06-12 00:04:46,553 appended honest commit e88dc0d553 on top of 39e32c9a7d
2018-06-12 00:04:46,613 Weight: 32.402138394910665 #RFs 9
2018-06-12 00:04:46,613 weight: 32.402138394910665
2018-06-12 00:04:46,613 , 32.402138394910665
2018-06-12 00:04:46,614 Synchronizing branches
2018-06-12 00:04:46,614 start mining - depth 10
2018-06-12 00:04:46,622 start mining - hash e88dc0d553137ee63a508bec2179d553e360c50cba673220baa8ce3150a902f2
2018-06-12 00:04:46,766 RCV reinforcement info
2018-06-12 00:04:47,087 RCV reinforcement info
2018-06-12 00:04:47,364 RCV reinforcement info
2018-06-12 00:04:48,016 RF found but not transmitted
2018-06-12 00:04:48,554 RCV reinforcement info
2018-06-12 00:04:48,583 RCV reinforcement info
2018-06-12 00:04:49,169 RF found but not transmitted
2018-06-12 00:04:50,080 RCV reinforcement info
2018-06-12 00:04:50,706 RCV reinforcement info
2018-06-12 00:04:51,388 RCV reinforcement info
2018-06-12 00:04:51,856 RCV reinforcement info
2018-06-12 00:04:51,933 RCV reinforcement info
2018-06-12 00:04:52,777 RCV reinforcement info
2018-06-12 00:04:53,700 RCV reinforcement info
2018-06-12 00:04:54,360 RF found but not transmitted
2018-06-12 00:04:54,958 RCV proposal
2018-06-12 00:04:54,961 appended honest propose 94c5880d81 on top of e88dc0d553
2018-06-12 00:04:55,062 RCV reinforcement
2018-06-12 00:04:55,073 RCV reinforcement
2018-06-12 00:04:55,093 RCV reinforcement
2018-06-12 00:04:55,099 RCV reinforcement
2018-06-12 00:04:55,118 RCV reinforcement
2018-06-12 00:04:55,179 RCV reinforcement info
2018-06-12 00:04:55,248 RCV reinforcement
2018-06-12 00:04:56,513 RCV commit
2018-06-12 00:04:56,585 appended honest commit d7ed4c2465 on top of 94c5880d81
2018-06-12 00:04:56,676 Weight: 35.39688958153466 #RFs 13
2018-06-12 00:04:56,676 weight: 35.39688958153466
2018-06-12 00:04:56,676 , 35.39688958153466
2018-06-12 00:04:56,678 start mining - depth 11
2018-06-12 00:04:56,679 start mining - hash d7ed4c24656ca2e2ecb7de99a23289c828fdd5aee1cfc465c6bf88bc6f9bffc3
2018-06-12 00:04:57,496 RF found but not transmitted
2018-06-12 00:04:59,979 RCV reinforcement info
2018-06-12 00:05:00,195 RCV reinforcement info
2018-06-12 00:05:00,376 RCV reinforcement info
2018-06-12 00:05:00,762 RCV reinforcement info
2018-06-12 00:05:02,471 RF found but not transmitted
2018-06-12 00:05:02,527 RCV reinforcement info
2018-06-12 00:05:02,672 RCV reinforcement info
2018-06-12 00:05:03,688 RCV proposal
2018-06-12 00:05:03,691 appended honest propose 6f48c692dd on top of d7ed4c2465
2018-06-12 00:05:03,822 RCV reinforcement
2018-06-12 00:05:03,834 RCV reinforcement
2018-06-12 00:05:03,837 RCV reinforcement
2018-06-12 00:05:03,845 RCV reinforcement
2018-06-12 00:05:03,877 RCV reinforcement
2018-06-12 00:05:05,211 RCV commit
2018-06-12 00:05:05,246 appended honest commit 92475539b9 on top of 6f48c692dd
2018-06-12 00:05:05,288 Weight: 37.04242219656629 #RFs 6
2018-06-12 00:05:05,288 weight: 37.04242219656629
2018-06-12 00:05:05,289 , 37.04242219656629
2018-06-12 00:05:05,290 start mining - depth 12
2018-06-12 00:05:05,291 start mining - hash 92475539b98d7983cbfc7878f8934ef66789e7cc72da2534d82c16c984b6c54a
2018-06-12 00:05:05,518 RF found but not transmitted
2018-06-12 00:05:06,174 RF found but not transmitted
2018-06-12 00:05:06,313 RCV reinforcement info
2018-06-12 00:05:06,593 RF found but not transmitted
2018-06-12 00:05:06,854 RF found but not transmitted
2018-06-12 00:05:07,149 RCV reinforcement info
2018-06-12 00:05:07,222 RCV reinforcement info
2018-06-12 00:05:07,851 RCV reinforcement info
2018-06-12 00:05:08,157 RCV reinforcement info
2018-06-12 00:05:09,961 RCV reinforcement info
2018-06-12 00:05:11,971 RCV proposal
2018-06-12 00:05:11,974 appended honest propose 514d1244ed on top of 92475539b9
2018-06-12 00:05:12,064 RCV reinforcement
2018-06-12 00:05:12,084 RCV reinforcement
2018-06-12 00:05:12,092 RCV reinforcement
2018-06-12 00:05:12,108 RCV reinforcement
2018-06-12 00:05:13,205 RCV reinforcement info
2018-06-12 00:05:13,278 RCV reinforcement
2018-06-12 00:05:13,490 RCV commit
2018-06-12 00:05:13,551 appended honest commit 482464a47c on top of 514d1244ed
2018-06-12 00:05:13,575 Weight: 40.39545356900086 #RFs 7
2018-06-12 00:05:13,576 weight: 40.39545356900086
2018-06-12 00:05:13,576 , 40.39545356900086
2018-06-12 00:05:13,577 start mining - depth 13
2018-06-12 00:05:13,577 start mining - hash 482464a47c081c4a501a25da5eb99b4c63966bcd24b78a9288f751beb2385e1b
2018-06-12 00:05:13,579 Hashing frequency: 3273
2018-06-12 00:05:14,057 RF found but not transmitted
2018-06-12 00:05:14,508 RCV reinforcement info
2018-06-12 00:05:15,013 RCV reinforcement info
2018-06-12 00:05:17,424 RCV proposal
2018-06-12 00:05:17,427 appended honest propose a72f9e0043 on top of 482464a47c
2018-06-12 00:05:17,498 RCV reinforcement
2018-06-12 00:05:17,732 RCV reinforcement info
2018-06-12 00:05:17,791 RCV reinforcement
2018-06-12 00:05:17,854 RCV reinforcement info
2018-06-12 00:05:17,936 RCV reinforcement
2018-06-12 00:05:18,963 RCV commit
2018-06-12 00:05:19,013 appended honest commit badfbd255a on top of a72f9e0043
2018-06-12 00:05:19,029 Weight: 42.22049766012551 #RFs 4
2018-06-12 00:05:19,030 weight: 42.22049766012551
2018-06-12 00:05:19,031 , 42.22049766012551
2018-06-12 00:05:19,031 start mining - depth 14
2018-06-12 00:05:19,032 start mining - hash badfbd255a84ce4038028ebf4e07df2b0fd1338a35ec6fe50a1c3e6095b7d49b
2018-06-12 00:05:20,238 RCV proposal
2018-06-12 00:05:20,240 appended honest propose 148c675a4e on top of badfbd255a
2018-06-12 00:05:21,005 RCV reinforcement info
2018-06-12 00:05:21,080 RCV reinforcement
2018-06-12 00:05:21,161 RCV reinforcement info
2018-06-12 00:05:21,239 RCV reinforcement
2018-06-12 00:05:21,747 RCV commit
2018-06-12 00:05:21,751 appended honest commit 38514d5729 on top of 148c675a4e
2018-06-12 00:05:21,753 Weight: 43.30770721340197 #RFs 1
2018-06-12 00:05:21,753 weight: 43.30770721340197
2018-06-12 00:05:21,753 , 43.30770721340197
2018-06-12 00:05:21,772 start mining - depth 15
2018-06-12 00:05:21,772 start mining - hash 38514d5729b1f7d6f80184aec00d14e7f20ac9094ea4ee3dc3b83f9d34324f03
2018-06-12 00:05:22,505 RCV proposal
2018-06-12 00:05:22,507 appended honest propose 89263ff110 on top of 38514d5729
2018-06-12 00:05:22,634 RCV reinforcement info
2018-06-12 00:05:22,693 RCV reinforcement
2018-06-12 00:05:23,433 RF found but not transmitted
2018-06-12 00:05:24,017 RCV commit
2018-06-12 00:05:24,020 appended honest commit 9ecab698c2 on top of 89263ff110
2018-06-12 00:05:24,022 Weight: 44.383142280299424 #RFs 1
2018-06-12 00:05:24,023 weight: 44.383142280299424
2018-06-12 00:05:24,023 , 44.383142280299424
2018-06-12 00:05:24,023 start mining - depth 16
2018-06-12 00:05:24,023 start mining - hash 9ecab698c269bcc47e80a536781b6fa6005bfae0b70455d3c24b194367e1313a
2018-06-12 00:05:24,171 RCV reinforcement info
2018-06-12 00:05:24,597 RCV reinforcement info
2018-06-12 00:05:24,991 RCV reinforcement info
2018-06-12 00:05:26,288 RCV reinforcement info
2018-06-12 00:05:26,784 RCV reinforcement info
2018-06-12 00:05:27,072 RCV reinforcement info
2018-06-12 00:05:27,881 RCV reinforcement info
2018-06-12 00:05:30,637 RCV reinforcement info
2018-06-12 00:05:32,455 RCV reinforcement info
2018-06-12 00:05:33,162 RCV reinforcement info
2018-06-12 00:05:34,783 RCV reinforcement info
2018-06-12 00:05:35,444 RCV reinforcement info
2018-06-12 00:05:35,852 RCV reinforcement info
2018-06-12 00:05:36,187 RCV reinforcement info
2018-06-12 00:05:36,511 RCV reinforcement info
2018-06-12 00:05:37,835 RF found but not transmitted
2018-06-12 00:05:37,966 RF found but not transmitted
2018-06-12 00:05:38,067 RCV malicious_prop_agreement
2018-06-12 00:05:38,466 RCV reinforcement info
2018-06-12 00:05:38,607 RCV reinforcement info
2018-06-12 00:05:39,048 RCV reinforcement info
2018-06-12 00:05:40,476 RF found but not transmitted
2018-06-12 00:05:41,952 RCV reinforcement info
2018-06-12 00:05:42,108 RCV reinforcement info
2018-06-12 00:05:42,428 RCV reinforcement info
2018-06-12 00:05:42,897 RCV reinforcement info
2018-06-12 00:05:43,570 RCV reinforcement info
2018-06-12 00:05:43,796 RCV reinforcement info
2018-06-12 00:05:45,641 RF found but not transmitted
2018-06-12 00:05:45,943 RCV proposal
2018-06-12 00:05:45,946 appended honest propose 29e87db061 on top of 9ecab698c2
2018-06-12 00:05:46,055 RCV reinforcement
2018-06-12 00:05:46,079 RCV reinforcement
2018-06-12 00:05:46,101 RCV reinforcement
2018-06-12 00:05:46,105 RCV reinforcement
2018-06-12 00:05:46,118 RCV reinforcement
2018-06-12 00:05:46,125 RCV reinforcement
2018-06-12 00:05:46,228 RCV reinforcement info
2018-06-12 00:05:46,303 RCV reinforcement
2018-06-12 00:05:46,713 RCV reinforcement info
2018-06-12 00:05:46,781 RCV reinforcement
2018-06-12 00:05:46,905 RCV reinforcement info
2018-06-12 00:05:46,965 RCV reinforcement info
2018-06-12 00:05:47,012 RCV reinforcement
2018-06-12 00:05:47,028 RCV reinforcement info
2018-06-12 00:05:47,087 RCV reinforcement
2018-06-12 00:05:47,123 RCV reinforcement
2018-06-12 00:05:47,525 RCV commit
2018-06-12 00:05:47,666 appended honest commit 9cc966f4fd on top of 29e87db061
2018-06-12 00:05:47,825 Weight: 52.89456539281486 #RFs 29
2018-06-12 00:05:47,825 weight: 52.89456539281486
2018-06-12 00:05:47,825 , 52.89456539281486
2018-06-12 00:05:48,022 RCV proposal
2018-06-12 00:05:48,024 appended malicious propose 3f21cb7745 on top of 9ecab698c2
2018-06-12 00:05:48,024 REINFORCEMENT SENT state
2018-06-12 00:05:48,026 SNT reinforcement
2018-06-12 00:05:48,107 RCV reinforcement
2018-06-12 00:05:48,758 RCV reinforcement info
2018-06-12 00:05:48,774 RCV reinforcement info
2018-06-12 00:05:49,039 RCV reinforcement info
2018-06-12 00:05:49,564 RCV commit
2018-06-12 00:05:49,667 appended malicious commit da8cb58b8f on top of 3f21cb7745
2018-06-12 00:05:49,734 Weight: 47.594805606260024 #RFs 14
2018-06-12 00:05:49,734 weight: 47.594805606260024
2018-06-12 00:05:49,734 , 47.594805606260024
2018-06-12 00:05:49,734 MALICIOUS MINING state
2018-06-12 00:05:49,734 start mining - depth 17
2018-06-12 00:05:49,735 start mining - hash 9cc966f4fd9d95c7ad4a473470e098ced4fe649419061bdf24a844b5332daafb
2018-06-12 00:05:49,938 RCV reinforcement info
2018-06-12 00:05:50,276 RCV malicious_prop_agreement
2018-06-12 00:05:50,385 RCV reinforcement info
2018-06-12 00:05:50,388 RCV reinforcement info
2018-06-12 00:05:51,209 RCV reinforcement info
2018-06-12 00:05:51,236 RCV reinforcement info
2018-06-12 00:05:51,485 RCV reinforcement info
2018-06-12 00:05:51,903 RCV reinforcement info
2018-06-12 00:05:53,635 RCV reinforcement info
2018-06-12 00:05:53,725 RCV reinforcement info
2018-06-12 00:05:54,294 RCV reinforcement info
2018-06-12 00:05:56,147 RCV proposal
2018-06-12 00:05:56,150 appended honest propose fe59f5ac2e on top of 9cc966f4fd
2018-06-12 00:05:56,279 RCV reinforcement
2018-06-12 00:05:56,288 RCV reinforcement
2018-06-12 00:05:56,310 RCV reinforcement
2018-06-12 00:05:56,319 RCV reinforcement
2018-06-12 00:05:56,345 RCV reinforcement
2018-06-12 00:05:56,358 RCV reinforcement
2018-06-12 00:05:56,632 RCV reinforcement info
2018-06-12 00:05:56,699 RCV reinforcement
2018-06-12 00:05:56,883 RCV reinforcement info
2018-06-12 00:05:56,948 RCV reinforcement
2018-06-12 00:05:57,714 RCV commit
2018-06-12 00:05:57,776 appended honest commit 1059adb91e on top of fe59f5ac2e
2018-06-12 00:05:57,930 Weight: 57.35758568792473 #RFs 15
2018-06-12 00:05:57,930 weight: 57.35758568792473
2018-06-12 00:05:57,930 , 57.35758568792473
2018-06-12 00:05:58,078 RCV proposal
2018-06-12 00:05:58,091 appended malicious propose 96baf85464 on top of 9cc966f4fd
2018-06-12 00:05:58,092 REINFORCEMENT SENT state
2018-06-12 00:05:58,169 RCV reinforcement
2018-06-12 00:05:58,939 RCV reinforcement info
2018-06-12 00:05:59,426 RCV reinforcement info
2018-06-12 00:05:59,505 RF found but not transmitted
2018-06-12 00:05:59,508 SNT reinforcement
2018-06-12 00:05:59,612 RCV commit
2018-06-12 00:05:59,657 appended malicious commit b23d1c6fbd on top of 96baf85464
2018-06-12 00:05:59,680 Weight: 56.90487007899701 #RFs 5
2018-06-12 00:05:59,680 weight: 56.90487007899701
2018-06-12 00:05:59,680 , 56.90487007899701
2018-06-12 00:05:59,681 MALICIOUS MINING state
2018-06-12 00:05:59,681 start mining - depth 18
2018-06-12 00:05:59,682 start mining - hash 1059adb91e71296eec83fc0bf4246fd05b419d7435e78cda21851faf6e825e19
2018-06-12 00:06:00,126 RCV proposal
2018-06-12 00:06:00,129 appended honest propose bec5025cc6 on top of 1059adb91e
2018-06-12 00:06:00,231 RCV reinforcement
2018-06-12 00:06:00,253 RCV reinforcement
2018-06-12 00:06:00,434 RCV reinforcement info
2018-06-12 00:06:00,503 RCV reinforcement
2018-06-12 00:06:00,638 RCV reinforcement info
2018-06-12 00:06:00,750 RCV reinforcement
2018-06-12 00:06:01,584 RCV reinforcement info
2018-06-12 00:06:01,659 RCV commit
2018-06-12 00:06:01,684 appended honest commit b6ddc8ba48 on top of bec5025cc6
2018-06-12 00:06:01,729 Weight: 59.39347183400969 #RFs 4
2018-06-12 00:06:01,729 weight: 59.39347183400969
2018-06-12 00:06:01,729 , 59.39347183400969
2018-06-12 00:06:01,731 start mining - depth 19
2018-06-12 00:06:01,731 start mining - hash b6ddc8ba483e5bb0b000c244d5a6b4944ba9e4832b19670b6effdda1e548fa72
2018-06-12 00:06:01,742 RCV reinforcement
2018-06-12 00:06:01,795 RCV reinforcement info
2018-06-12 00:06:01,880 RCV reinforcement
2018-06-12 00:06:01,921 RF found but not transmitted
2018-06-12 00:06:02,116 RCV reinforcement info
2018-06-12 00:06:02,151 RCV reinforcement info
2018-06-12 00:06:02,454 RCV reinforcement info
2018-06-12 00:06:02,534 RCV reinforcement info
2018-06-12 00:06:03,199 RCV reinforcement info
2018-06-12 00:06:04,086 RCV reinforcement info
2018-06-12 00:06:04,994 RCV proposal
2018-06-12 00:06:04,997 appended honest propose 75b033c8cf on top of b6ddc8ba48
2018-06-12 00:06:05,200 RCV reinforcement
2018-06-12 00:06:05,221 RCV reinforcement
2018-06-12 00:06:05,227 RCV reinforcement
2018-06-12 00:06:05,248 RCV reinforcement
2018-06-12 00:06:05,634 RCV reinforcement info
2018-06-12 00:06:05,707 RCV reinforcement info
2018-06-12 00:06:05,746 RCV reinforcement
2018-06-12 00:06:05,799 RCV reinforcement
2018-06-12 00:06:06,275 RCV reinforcement info
2018-06-12 00:06:06,361 RCV reinforcement
2018-06-12 00:06:06,520 RCV reinforcement info
2018-06-12 00:06:06,555 RCV commit
2018-06-12 00:06:06,605 appended honest commit 62242bc7da on top of 75b033c8cf
2018-06-12 00:06:06,627 Weight: 62.07980321875182 #RFs 9
2018-06-12 00:06:06,627 weight: 62.07980321875182
2018-06-12 00:06:06,627 , 62.07980321875182
2018-06-12 00:06:06,628 start mining - depth 20
2018-06-12 00:06:06,628 start mining - hash 62242bc7da2c8de63694b60b453eb7f7e1603106705cd7f1688eb2e4e456ff5e
2018-06-12 00:06:06,758 RCV reinforcement
2018-06-12 00:06:06,953 RCV proposal
2018-06-12 00:06:06,956 appended honest propose 7feabfa923 on top of 62242bc7da
2018-06-12 00:06:07,450 RCV reinforcement info
2018-06-12 00:06:07,517 RCV reinforcement
2018-06-12 00:06:07,949 RCV reinforcement info
2018-06-12 00:06:08,027 RCV reinforcement
2018-06-12 00:06:08,274 RCV reinforcement info
2018-06-12 00:06:08,385 RCV reinforcement
2018-06-12 00:06:08,469 RCV reinforcement info
2018-06-12 00:06:08,497 RCV reinforcement info
2018-06-12 00:06:08,614 RCV reinforcement
2018-06-12 00:06:08,633 RCV reinforcement
2018-06-12 00:06:08,750 RCV commit
2018-06-12 00:06:08,754 appended honest commit e59d495d9c on top of 7feabfa923
2018-06-12 00:06:08,756 Weight: 63.185523444674125 #RFs 1
2018-06-12 00:06:08,756 weight: 63.185523444674125
2018-06-12 00:06:08,756 , 63.185523444674125
2018-06-12 00:06:08,767 start mining - depth 21
2018-06-12 00:06:08,768 start mining - hash e59d495d9cecef2f4f22c8d23c82adf49a6b390d8a922c9dd6e73e01e8422994
2018-06-12 00:06:08,823 RCV reinforcement info
2018-06-12 00:06:08,902 RCV reinforcement
2018-06-12 00:06:09,478 RCV reinforcement info
2018-06-12 00:06:09,623 RCV reinforcement info
2018-06-12 00:06:10,273 RCV reinforcement info
2018-06-12 00:06:10,540 RF found but not transmitted
2018-06-12 00:06:11,694 RCV proposal
2018-06-12 00:06:11,697 appended honest propose 20c6edacae on top of e59d495d9c
2018-06-12 00:06:11,796 RCV reinforcement
2018-06-12 00:06:11,810 RCV reinforcement
2018-06-12 00:06:12,516 RCV reinforcement info
2018-06-12 00:06:12,597 RCV reinforcement
2018-06-12 00:06:13,094 RCV reinforcement info
2018-06-12 00:06:13,175 RCV reinforcement
2018-06-12 00:06:13,207 RCV commit
2018-06-12 00:06:13,246 appended honest commit b4c004d74c on top of 20c6edacae
2018-06-12 00:06:13,275 Weight: 64.8189374333661 #RFs 4
2018-06-12 00:06:13,275 weight: 64.8189374333661
2018-06-12 00:06:13,277 , 64.8189374333661
2018-06-12 00:06:13,280 start mining - depth 22
2018-06-12 00:06:13,280 start mining - hash b4c004d74c192ca1837bd6647128188bfacae73570cfcc4ffcd77fe9f381880d
2018-06-12 00:06:13,562 RCV reinforcement info
2018-06-12 00:06:14,502 RF found but not transmitted
2018-06-12 00:06:15,068 RCV reinforcement info
2018-06-12 00:06:15,134 RCV reinforcement info
2018-06-12 00:06:15,592 RCV reinforcement info
2018-06-12 00:06:15,818 RCV reinforcement info
2018-06-12 00:06:15,836 RCV reinforcement info
2018-06-12 00:06:16,611 RCV reinforcement info
2018-06-12 00:06:17,333 RCV reinforcement info
2018-06-12 00:06:17,537 RCV reinforcement info
2018-06-12 00:06:17,723 RCV reinforcement info
2018-06-12 00:06:17,846 RCV reinforcement info
2018-06-12 00:06:17,970 RCV proposal
2018-06-12 00:06:17,973 appended honest propose 28ca29eaf2 on top of b4c004d74c
2018-06-12 00:06:18,022 RCV reinforcement info
2018-06-12 00:06:18,089 RCV reinforcement
2018-06-12 00:06:18,121 RCV reinforcement
2018-06-12 00:06:18,127 RF found but not transmitted
2018-06-12 00:06:18,155 RCV reinforcement
2018-06-12 00:06:18,185 RCV reinforcement
2018-06-12 00:06:18,219 RCV reinforcement
2018-06-12 00:06:18,243 RCV reinforcement
2018-06-12 00:06:18,440 RCV reinforcement info
2018-06-12 00:06:18,509 RCV reinforcement
2018-06-12 00:06:19,510 RCV commit
2018-06-12 00:06:19,600 appended honest commit 6aea7d72e6 on top of 28ca29eaf2
2018-06-12 00:06:19,661 Weight: 68.93842485482494 #RFs 13
2018-06-12 00:06:19,661 weight: 68.93842485482494
2018-06-12 00:06:19,662 , 68.93842485482494
2018-06-12 00:06:19,670 start mining - depth 23
2018-06-12 00:06:19,671 start mining - hash 6aea7d72e623fbf5766f9713dcb602510b2fd6f232d35225e3414426febfe2b5
2018-06-12 00:06:19,684 Hashing frequency: 3443
2018-06-12 00:06:20,029 RF found but not transmitted
2018-06-12 00:06:20,942 RCV reinforcement info
2018-06-12 00:06:21,533 RCV reinforcement info
2018-06-12 00:06:21,609 RF found but not transmitted
2018-06-12 00:06:21,644 RF found but not transmitted
2018-06-12 00:06:22,044 RCV reinforcement info
2018-06-12 00:06:23,633 RCV reinforcement info
2018-06-12 00:06:24,224 RCV reinforcement info
2018-06-12 00:06:24,473 RCV reinforcement info
2018-06-12 00:06:24,872 RCV reinforcement info
2018-06-12 00:06:24,989 RCV reinforcement info
2018-06-12 00:06:25,375 RCV reinforcement info
2018-06-12 00:06:26,265 RCV reinforcement info
2018-06-12 00:06:27,551 RCV reinforcement info
2018-06-12 00:06:27,678 RCV reinforcement info
2018-06-12 00:06:28,761 RCV reinforcement info
2018-06-12 00:06:29,365 RCV reinforcement info
2018-06-12 00:06:29,724 RCV reinforcement info
2018-06-12 00:06:33,088 RCV reinforcement info
2018-06-12 00:06:33,417 RCV reinforcement info
2018-06-12 00:06:34,588 RCV reinforcement info
2018-06-12 00:06:34,919 RCV reinforcement info
2018-06-12 00:06:35,035 RCV reinforcement info
2018-06-12 00:06:35,374 RCV reinforcement info
2018-06-12 00:06:35,566 RCV reinforcement info
2018-06-12 00:06:35,699 RF found but not transmitted
2018-06-12 00:06:36,568 RCV reinforcement info
2018-06-12 00:06:37,585 RCV reinforcement info
2018-06-12 00:06:38,411 RCV reinforcement info
2018-06-12 00:06:38,932 RCV reinforcement info
2018-06-12 00:06:38,961 RCV reinforcement info
2018-06-12 00:06:39,376 RCV reinforcement info
2018-06-12 00:06:39,929 RCV reinforcement info
2018-06-12 00:06:40,171 RCV reinforcement info
2018-06-12 00:06:40,638 RCV reinforcement info
2018-06-12 00:06:41,358 RCV reinforcement info
2018-06-12 00:06:41,388 RCV reinforcement info
2018-06-12 00:06:41,824 RCV reinforcement info
2018-06-12 00:06:42,199 RCV reinforcement info
2018-06-12 00:06:42,957 RCV reinforcement info
2018-06-12 00:06:44,771 RCV reinforcement info
2018-06-12 00:06:45,467 RCV reinforcement info
2018-06-12 00:06:46,953 RCV reinforcement info
2018-06-12 00:06:47,025 RCV reinforcement info
2018-06-12 00:06:47,393 RCV reinforcement info
2018-06-12 00:06:48,328 RCV reinforcement info
2018-06-12 00:06:49,307 RF found but not transmitted
2018-06-12 00:06:49,710 RCV reinforcement info
2018-06-12 00:06:49,869 RCV proposal
2018-06-12 00:06:49,872 appended honest propose 9607453322 on top of 6aea7d72e6
2018-06-12 00:06:50,032 RCV reinforcement
2018-06-12 00:06:50,051 RCV reinforcement
2018-06-12 00:06:50,075 RCV reinforcement
2018-06-12 00:06:50,081 RCV reinforcement
2018-06-12 00:06:50,104 RCV reinforcement
2018-06-12 00:06:50,112 RCV reinforcement
2018-06-12 00:06:50,819 RCV reinforcement info
2018-06-12 00:06:50,908 RCV reinforcement
2018-06-12 00:06:51,533 RCV commit
2018-06-12 00:06:51,770 RF found but not transmitted
2018-06-12 00:06:51,876 appended honest commit dd297d4f28 on top of 9607453322
2018-06-12 00:06:52,184 Weight: 76.66959678113173 #RFs 43
2018-06-12 00:06:52,185 weight: 76.66959678113173
2018-06-12 00:06:52,185 , 76.66959678113173
2018-06-12 00:06:52,188 start mining - depth 24
2018-06-12 00:06:52,189 start mining - hash dd297d4f285ac0231f425fb46273dbb3728d682d75b93c9bc9ca773dba61009d
2018-06-12 00:06:52,302 RCV reinforcement info
2018-06-12 00:06:52,359 RCV reinforcement info
2018-06-12 00:06:52,505 RCV malicious_prop_agreement
2018-06-12 00:06:52,948 RCV reinforcement info
2018-06-12 00:06:53,462 RCV reinforcement info
2018-06-12 00:06:53,869 RCV reinforcement info
2018-06-12 00:06:54,763 RCV reinforcement info
2018-06-12 00:06:54,839 RCV reinforcement info
2018-06-12 00:06:54,920 RCV reinforcement info
2018-06-12 00:06:55,151 RCV reinforcement info
2018-06-12 00:06:55,796 RCV reinforcement info
2018-06-12 00:06:56,424 RCV reinforcement info
2018-06-12 00:06:56,685 RCV reinforcement info
2018-06-12 00:06:58,109 RCV reinforcement info
2018-06-12 00:06:58,270 RCV reinforcement info
2018-06-12 00:07:00,141 RCV reinforcement info
2018-06-12 00:07:00,271 RCV reinforcement info
2018-06-12 00:07:00,631 RCV reinforcement info
2018-06-12 00:07:01,332 RCV reinforcement info
2018-06-12 00:07:01,630 RCV reinforcement info
2018-06-12 00:07:01,827 RCV reinforcement info
2018-06-12 00:07:03,426 RCV reinforcement info
2018-06-12 00:07:04,239 RCV reinforcement info
2018-06-12 00:07:04,726 RF found but not transmitted
2018-06-12 00:07:05,825 RCV reinforcement info
2018-06-12 00:07:06,831 RCV reinforcement info
2018-06-12 00:07:06,973 RCV reinforcement info
2018-06-12 00:07:07,111 RCV reinforcement info
2018-06-12 00:07:07,448 RCV reinforcement info
2018-06-12 00:07:07,730 RCV proposal
2018-06-12 00:07:07,735 appended honest propose fc43e0d5f2 on top of dd297d4f28
2018-06-12 00:07:07,887 RCV reinforcement
2018-06-12 00:07:07,905 RCV reinforcement
2018-06-12 00:07:07,912 RCV reinforcement
2018-06-12 00:07:07,928 RCV reinforcement
2018-06-12 00:07:07,967 RCV reinforcement
2018-06-12 00:07:07,994 RCV reinforcement
2018-06-12 00:07:08,186 RCV reinforcement info
2018-06-12 00:07:08,301 RF found but not transmitted
2018-06-12 00:07:08,320 RCV reinforcement
2018-06-12 00:07:09,370 RCV commit
2018-06-12 00:07:09,596 appended honest commit a53dbcbac2 on top of fc43e0d5f2
2018-06-12 00:07:09,903 Weight: 83.65325103242495 #RFs 28
2018-06-12 00:07:09,903 weight: 83.65325103242495
2018-06-12 00:07:09,944 , 83.65325103242495
2018-06-12 00:07:10,137 RCV proposal
2018-06-12 00:07:10,145 appended malicious propose 706d3372d7 on top of dd297d4f28
2018-06-12 00:07:10,146 REINFORCEMENT SENT state
2018-06-12 00:07:10,148 SNT reinforcement
2018-06-12 00:07:10,635 RF found but not transmitted
2018-06-12 00:07:10,637 SNT reinforcement
2018-06-12 00:07:10,752 RCV reinforcement
2018-06-12 00:07:10,791 RCV reinforcement info
2018-06-12 00:07:10,876 RCV reinforcement info
2018-06-12 00:07:11,662 RCV commit
2018-06-12 00:07:11,713 appended malicious commit 9701f14fb4 on top of 706d3372d7
2018-06-12 00:07:11,740 Weight: 79.10412232076665 #RFs 5
2018-06-12 00:07:11,740 weight: 79.10412232076665
2018-06-12 00:07:11,741 , 79.10412232076665
2018-06-12 00:07:11,750 MALICIOUS MINING state
2018-06-12 00:07:11,750 start mining - depth 25
2018-06-12 00:07:11,751 start mining - hash a53dbcbac270b0775a07094c5e1d9372ca2a9127bf294297114091fe8eb4c00a
2018-06-12 00:07:11,808 RCV reinforcement info
2018-06-12 00:07:13,296 RCV reinforcement info
2018-06-12 00:07:13,568 RCV reinforcement info
2018-06-12 00:07:14,136 RCV reinforcement info
2018-06-12 00:07:14,633 RCV reinforcement info
2018-06-12 00:07:14,909 RCV reinforcement info
2018-06-12 00:07:15,211 RCV reinforcement info
2018-06-12 00:07:15,362 RCV reinforcement info
2018-06-12 00:07:15,462 RCV reinforcement info
2018-06-12 00:07:16,265 RF found but not transmitted
2018-06-12 00:07:16,927 RCV reinforcement info
2018-06-12 00:07:17,551 RCV reinforcement info
2018-06-12 00:07:17,697 RCV reinforcement info
2018-06-12 00:07:18,566 RCV reinforcement info
2018-06-12 00:07:19,159 RCV reinforcement info
2018-06-12 00:07:19,499 RF found but not transmitted
2018-06-12 00:07:19,503 RCV reinforcement info
2018-06-12 00:07:19,924 RCV reinforcement info
2018-06-12 00:07:20,048 RCV reinforcement info
2018-06-12 00:07:20,731 RCV reinforcement info
2018-06-12 00:07:20,861 RCV reinforcement info
2018-06-12 00:07:21,177 RCV reinforcement info
2018-06-12 00:07:22,470 RCV reinforcement info
2018-06-12 00:07:22,847 RCV reinforcement info
2018-06-12 00:07:23,852 RCV reinforcement info
2018-06-12 00:07:23,900 RF found but not transmitted
2018-06-12 00:07:24,606 RCV reinforcement info
2018-06-12 00:07:26,312 RCV reinforcement info
2018-06-12 00:07:26,313 RF found but not transmitted
2018-06-12 00:07:26,755 RCV reinforcement info
2018-06-12 00:07:26,808 RCV reinforcement info
2018-06-12 00:07:27,289 RCV reinforcement info
2018-06-12 00:07:28,028 RCV reinforcement info
2018-06-12 00:07:28,404 RCV reinforcement info
2018-06-12 00:07:28,959 RCV reinforcement info
2018-06-12 00:07:28,991 RCV reinforcement info
2018-06-12 00:07:29,365 RCV reinforcement info
2018-06-12 00:07:29,794 RCV reinforcement info
2018-06-12 00:07:30,526 RCV reinforcement info
2018-06-12 00:07:31,464 RCV reinforcement info
2018-06-12 00:07:31,761 RCV reinforcement info
2018-06-12 00:07:32,550 RCV reinforcement info
2018-06-12 00:07:32,590 RCV reinforcement info
2018-06-12 00:07:33,162 RCV reinforcement info
2018-06-12 00:07:33,385 RF found but not transmitted
2018-06-12 00:07:34,123 RCV reinforcement info
2018-06-12 00:07:34,297 RCV reinforcement info
2018-06-12 00:07:34,560 RCV reinforcement info
2018-06-12 00:07:34,895 RCV reinforcement info
2018-06-12 00:07:35,208 RCV reinforcement info
2018-06-12 00:07:35,442 RCV reinforcement info
2018-06-12 00:07:35,965 RF found but not transmitted
2018-06-12 00:07:36,888 RCV reinforcement info
2018-06-12 00:07:37,497 RCV reinforcement info
2018-06-12 00:07:38,473 RCV reinforcement info
2018-06-12 00:07:39,897 RCV reinforcement info
2018-06-12 00:07:40,718 RF found but not transmitted
2018-06-12 00:07:42,052 RCV reinforcement info
2018-06-12 00:07:43,176 RCV reinforcement info
2018-06-12 00:07:43,218 RCV reinforcement info
2018-06-12 00:07:44,239 RCV reinforcement info
2018-06-12 00:07:44,725 RCV reinforcement info
2018-06-12 00:07:44,971 RCV reinforcement info
2018-06-12 00:07:45,473 RCV reinforcement info
2018-06-12 00:07:45,676 RCV reinforcement info
2018-06-12 00:07:46,097 RF found but not transmitted
2018-06-12 00:07:46,121 RCV reinforcement info
2018-06-12 00:07:46,970 RCV reinforcement info
2018-06-12 00:07:47,299 RCV reinforcement info
2018-06-12 00:07:47,385 RCV reinforcement info
2018-06-12 00:07:48,168 RCV reinforcement info
2018-06-12 00:07:48,443 RCV reinforcement info
2018-06-12 00:07:49,730 RCV reinforcement info
2018-06-12 00:07:50,766 RCV reinforcement info
2018-06-12 00:07:51,415 RCV reinforcement info
2018-06-12 00:07:51,543 RCV reinforcement info
2018-06-12 00:07:52,304 RCV reinforcement info
2018-06-12 00:07:52,530 RCV reinforcement info
2018-06-12 00:07:52,583 RCV reinforcement info
2018-06-12 00:07:53,170 RCV reinforcement info
2018-06-12 00:07:53,579 RCV reinforcement info
2018-06-12 00:07:53,673 RCV reinforcement info
2018-06-12 00:07:54,109 RCV reinforcement info
2018-06-12 00:07:54,611 RCV reinforcement info
2018-06-12 00:07:55,428 RCV reinforcement info
2018-06-12 00:07:55,592 RF found but not transmitted
2018-06-12 00:07:56,639 RCV reinforcement info
2018-06-12 00:07:56,713 RCV reinforcement info
2018-06-12 00:07:56,837 RCV reinforcement info
2018-06-12 00:07:57,769 RCV reinforcement info
2018-06-12 00:07:58,904 RCV reinforcement info
2018-06-12 00:07:59,064 RCV reinforcement info
2018-06-12 00:07:59,361 RCV reinforcement info
2018-06-12 00:08:00,069 RF found but not transmitted
2018-06-12 00:08:02,432 RCV reinforcement info
2018-06-12 00:08:03,275 RCV reinforcement info
2018-06-12 00:08:03,801 RCV reinforcement info
2018-06-12 00:08:04,305 RCV reinforcement info
2018-06-12 00:08:05,197 RF found but not transmitted
2018-06-12 00:08:05,431 RF found but not transmitted
2018-06-12 00:08:05,479 RCV reinforcement info
2018-06-12 00:08:06,870 RCV reinforcement info
2018-06-12 00:08:06,929 RCV reinforcement info
2018-06-12 00:08:07,114 RCV reinforcement info
2018-06-12 00:08:09,154 RF found but not transmitted
2018-06-12 00:08:09,276 RCV reinforcement info
2018-06-12 00:08:10,030 RCV reinforcement info
2018-06-12 00:08:10,452 RCV reinforcement info
2018-06-12 00:08:10,841 RCV reinforcement info
2018-06-12 00:08:10,912 RCV reinforcement info
2018-06-12 00:08:12,333 RCV reinforcement info
2018-06-12 00:08:12,380 RCV reinforcement info
2018-06-12 00:08:12,653 RCV reinforcement info
2018-06-12 00:08:12,754 RF found but not transmitted
2018-06-12 00:08:12,984 RCV reinforcement info
2018-06-12 00:08:14,025 RCV reinforcement info
2018-06-12 00:08:14,593 RCV reinforcement info
2018-06-12 00:08:14,689 RCV reinforcement info
2018-06-12 00:08:15,324 RCV reinforcement info
2018-06-12 00:08:15,393 RCV reinforcement info
2018-06-12 00:08:15,530 RCV reinforcement info
2018-06-12 00:08:16,688 RF found but not transmitted
2018-06-12 00:08:16,945 RCV reinforcement info
2018-06-12 00:08:17,286 RCV reinforcement info
2018-06-12 00:08:18,175 RCV reinforcement info
2018-06-12 00:08:18,195 RF found but not transmitted
2018-06-12 00:08:18,215 RCV malicious_prop_agreement
2018-06-12 00:08:19,370 RCV reinforcement info
2018-06-12 00:08:19,553 RF found but not transmitted
2018-06-12 00:08:20,814 RCV reinforcement info
2018-06-12 00:08:21,276 RCV reinforcement info
2018-06-12 00:08:21,531 RCV reinforcement info
2018-06-12 00:08:21,841 RF found but not transmitted
2018-06-12 00:08:22,690 RCV reinforcement info
2018-06-12 00:08:22,753 RCV reinforcement info
2018-06-12 00:08:23,842 RCV reinforcement info
2018-06-12 00:08:24,779 RCV reinforcement info
2018-06-12 00:08:24,810 RF found but not transmitted
2018-06-12 00:08:24,964 RCV reinforcement info
2018-06-12 00:08:25,472 RCV reinforcement info
2018-06-12 00:08:25,963 RCV reinforcement info
2018-06-12 00:08:26,168 RCV reinforcement info
2018-06-12 00:08:26,232 RCV reinforcement info
2018-06-12 00:08:26,753 RCV reinforcement info
2018-06-12 00:08:27,035 RCV reinforcement info
2018-06-12 00:08:27,103 RCV proposal
2018-06-12 00:08:27,108 appended honest propose 17cbb16289 on top of a53dbcbac2
2018-06-12 00:08:27,268 RCV reinforcement
2018-06-12 00:08:27,295 RCV reinforcement
2018-06-12 00:08:27,334 RCV reinforcement
2018-06-12 00:08:27,338 RCV reinforcement
2018-06-12 00:08:27,353 RCV reinforcement
2018-06-12 00:08:27,423 RCV reinforcement
2018-06-12 00:08:27,568 RCV reinforcement info
2018-06-12 00:08:27,723 RCV reinforcement
2018-06-12 00:08:27,775 RCV reinforcement info
2018-06-12 00:08:27,877 RCV reinforcement
2018-06-12 00:08:28,207 RCV reinforcement info
2018-06-12 00:08:28,334 RCV reinforcement
2018-06-12 00:08:28,446 RCV reinforcement info
2018-06-12 00:08:28,553 RCV reinforcement
2018-06-12 00:08:28,933 RCV reinforcement info
2018-06-12 00:08:29,013 RCV reinforcement
2018-06-12 00:08:29,122 RCV reinforcement info
2018-06-12 00:08:29,257 RCV reinforcement
2018-06-12 00:08:29,315 RCV reinforcement info
2018-06-12 00:08:29,379 RCV commit
2018-06-12 00:08:30,430 appended honest commit 5ffd6d5b5d on top of 17cbb16289
2018-06-12 00:08:31,360 Weight: 107.20629538789886 #RFs 130
2018-06-12 00:08:31,360 weight: 107.20629538789886
2018-06-12 00:08:31,360 , 107.20629538789886
2018-06-12 00:08:31,376 RCV reinforcement
2018-06-12 00:08:31,649 RCV proposal
2018-06-12 00:08:31,654 appended malicious propose 7669b2390d on top of a53dbcbac2
2018-06-12 00:08:31,654 REINFORCEMENT SENT state
2018-06-12 00:08:31,657 SNT reinforcement
2018-06-12 00:08:31,806 RCV reinforcement
2018-06-12 00:08:32,306 RF found but not transmitted
2018-06-12 00:08:32,310 SNT reinforcement
2018-06-12 00:08:33,200 RCV reinforcement info
2018-06-12 00:08:33,409 RCV commit
2018-06-12 00:08:33,699 appended malicious commit f32efe1b36 on top of 7669b2390d
2018-06-12 00:08:34,015 Weight: 92.60461590774742 #RFs 42
2018-06-12 00:08:34,026 weight: 92.60461590774742
2018-06-12 00:08:34,026 , 92.60461590774742
2018-06-12 00:08:34,029 MALICIOUS MINING state
2018-06-12 00:08:34,032 start mining - depth 26
2018-06-12 00:08:34,033 start mining - hash 5ffd6d5b5d2f87f91db3b4b62266b1f454a1a20e1ec577bbf65b2fb2e56e3a6f
2018-06-12 00:08:34,034 Hashing frequency: 6898
2018-06-12 00:08:34,337 RCV reinforcement info
2018-06-12 00:08:34,439 RCV proposal
2018-06-12 00:08:34,444 appended honest propose 07405e95e0 on top of 5ffd6d5b5d
2018-06-12 00:08:34,565 RCV reinforcement
2018-06-12 00:08:34,580 RCV reinforcement
2018-06-12 00:08:35,789 RCV reinforcement info
2018-06-12 00:08:35,865 RCV reinforcement
2018-06-12 00:08:35,970 RCV commit
2018-06-12 00:08:35,977 appended honest commit ce462d01e5 on top of 07405e95e0
2018-06-12 00:08:35,996 Weight: 108.81912764183372 #RFs 2
2018-06-12 00:08:35,997 weight: 108.81912764183372
2018-06-12 00:08:35,997 , 108.81912764183372
2018-06-12 00:08:35,998 start mining - depth 27
2018-06-12 00:08:35,998 start mining - hash ce462d01e546c32d01f32d64697e3008e5aa314b85ddf6f6e13a484a381a8ee2
2018-06-12 00:08:36,204 RF found but not transmitted
2018-06-12 00:08:38,529 RCV reinforcement info
2018-06-12 00:08:39,473 RCV reinforcement info
2018-06-12 00:08:40,181 RF found but not transmitted
2018-06-12 00:08:40,183 hash found
2018-06-12 00:08:40,185 SNT malicious_proposal_agreement
2018-06-12 00:08:40,774 RF found but not transmitted
2018-06-12 00:08:40,910 RCV reinforcement info
2018-06-12 00:08:41,474 RCV reinforcement info
2018-06-12 00:08:41,781 RCV reinforcement info
2018-06-12 00:08:42,741 RCV reinforcement info
2018-06-12 00:08:44,096 RF found but not transmitted
2018-06-12 00:08:47,483 RCV reinforcement info
2018-06-12 00:08:48,180 RF found but not transmitted
2018-06-12 00:08:48,413 RCV reinforcement info
2018-06-12 00:08:48,516 RCV reinforcement info
2018-06-12 00:08:49,820 RCV reinforcement info
2018-06-12 00:08:50,306 RF found but not transmitted
2018-06-12 00:08:50,929 RCV reinforcement info
2018-06-12 00:08:51,008 RCV reinforcement info
2018-06-12 00:08:51,423 RCV reinforcement info
2018-06-12 00:08:51,589 RF found but not transmitted
2018-06-12 00:08:51,659 RCV reinforcement info
2018-06-12 00:08:52,285 RCV reinforcement info
2018-06-12 00:08:52,516 RCV reinforcement info
2018-06-12 00:08:52,910 RCV proposal
2018-06-12 00:08:52,913 appended honest propose e50ff02a93 on top of ce462d01e5
2018-06-12 00:08:53,067 RCV reinforcement
2018-06-12 00:08:53,087 RCV reinforcement
2018-06-12 00:08:53,117 RCV reinforcement
2018-06-12 00:08:53,127 RCV reinforcement
2018-06-12 00:08:53,131 RCV reinforcement
2018-06-12 00:08:53,239 RCV reinforcement
2018-06-12 00:08:53,435 RCV reinforcement info
2018-06-12 00:08:53,529 RCV reinforcement
2018-06-12 00:08:54,149 RF found but not transmitted
2018-06-12 00:08:54,478 RCV commit
2018-06-12 00:08:54,590 appended honest commit b4c7ce88ad on top of e50ff02a93
2018-06-12 00:08:54,761 Weight: 113.06838019668379 #RFs 17
2018-06-12 00:08:54,761 weight: 113.06838019668379
2018-06-12 00:08:54,761 , 113.06838019668379
2018-06-12 00:08:54,768 appended malicious propose 16777bc2a2 on top of ce462d01e5
2018-06-12 00:08:54,768 REINFORCEMENT COLLECTING state
2018-06-12 00:08:54,944 SNT proposal
2018-06-12 00:08:55,103 RCV reinforcement info
2018-06-12 00:08:55,196 RCV reinforcement
2018-06-12 00:08:55,204 RCV reinforcement
2018-06-12 00:08:55,333 RCV reinforcement info
2018-06-12 00:08:55,883 RCV reinforcement
2018-06-12 00:08:56,447 commit with 3 reinforcements
2018-06-12 00:08:56,465 appended malicious commit 815943a03f on top of 16777bc2a2
2018-06-12 00:08:56,485 Weight: 112.01402989255394 #RFs 13
2018-06-12 00:08:56,485 weight: 112.01402989255394
2018-06-12 00:08:56,485 , 112.01402989255394
2018-06-12 00:08:56,488 MALICIOUS MINING state
2018-06-12 00:08:56,488 start mining - depth 28
2018-06-12 00:08:56,488 start mining - hash b4c7ce88ad4daab242853e2d3665ab874ef6dfba45dc45a30714f45ffb2c3fd3
2018-06-12 00:08:56,489 SNT commit
2018-06-12 00:08:56,740 RCV reinforcement info
2018-06-12 00:08:56,914 RCV reinforcement info
2018-06-12 00:08:57,014 RCV reinforcement info
2018-06-12 00:08:57,127 RCV reinforcement info
2018-06-12 00:08:58,456 RCV reinforcement info
2018-06-12 00:08:59,090 RCV reinforcement info
2018-06-12 00:08:59,820 RCV reinforcement info
2018-06-12 00:08:59,956 RCV reinforcement info
2018-06-12 00:09:00,158 RCV proposal
2018-06-12 00:09:00,161 appended honest propose 79ae6a7fb6 on top of b4c7ce88ad
2018-06-12 00:09:00,307 RCV reinforcement
2018-06-12 00:09:00,323 RCV reinforcement
2018-06-12 00:09:00,361 RCV reinforcement
2018-06-12 00:09:00,365 RCV reinforcement
2018-06-12 00:09:00,381 RCV reinforcement
2018-06-12 00:09:01,387 RCV malicious_prop_agreement
2018-06-12 00:09:01,717 RCV commit
2018-06-12 00:09:01,776 appended honest commit 91bd79add7 on top of 79ae6a7fb6
2018-06-12 00:09:01,801 Weight: 115.24271289981773 #RFs 10
2018-06-12 00:09:01,801 weight: 115.24271289981773
2018-06-12 00:09:01,801 , 115.24271289981773
2018-06-12 00:09:02,065 RCV proposal
2018-06-12 00:09:02,068 appended malicious propose d2d618f83d on top of b4c7ce88ad
2018-06-12 00:09:02,069 REINFORCEMENT SENT state
2018-06-12 00:09:02,592 RCV reinforcement info
2018-06-12 00:09:02,667 RF found but not transmitted
2018-06-12 00:09:02,670 SNT reinforcement
2018-06-12 00:09:02,858 RCV reinforcement info
2018-06-12 00:09:03,554 RCV reinforcement info
2018-06-12 00:09:03,603 RCV commit
2018-06-12 00:09:03,619 appended malicious commit c2e1ba8617 on top of d2d618f83d
2018-06-12 00:09:03,623 Weight: 114.23959583701145 #RFs 2
2018-06-12 00:09:03,624 weight: 114.23959583701145
2018-06-12 00:09:03,624 , 114.23959583701145
2018-06-12 00:09:03,624 MALICIOUS MINING state
2018-06-12 00:09:03,624 start mining - depth 29
2018-06-12 00:09:03,625 start mining - hash 91bd79add74076ec5359dd3c06f0b72e4b1721780163f15dcd3ddab68c0d1556
2018-06-12 00:09:03,916 RCV reinforcement info
2018-06-12 00:09:04,004 RF found but not transmitted
2018-06-12 00:09:05,384 RCV reinforcement info
2018-06-12 00:09:07,658 RCV reinforcement info
2018-06-12 00:09:07,738 RCV reinforcement info
2018-06-12 00:09:07,834 RCV reinforcement info
2018-06-12 00:09:08,550 RCV reinforcement info
2018-06-12 00:09:08,569 RCV reinforcement info
2018-06-12 00:09:08,658 RCV reinforcement info
