2018-05-29 18:53:07,548 ---------------------------------------------------------
2018-05-29 18:53:07,550 MALICIOUS MINING state
2018-05-29 18:53:08,573 start mining - depth 0
2018-05-29 18:53:08,574 start mining - hash 66400484d395b1cf1f834a0b3d37a37e2955fe535442590a11f16cf3efc406f6
2018-05-29 18:53:09,158 RF found but not transmitted
2018-05-29 18:53:09,198 RCV reinforcement info
2018-05-29 18:53:10,386 RCV reinforcement info
2018-05-29 18:53:10,470 RCV reinforcement info
2018-05-29 18:53:14,602 RCV reinforcement info
2018-05-29 18:53:16,724 RCV reinforcement info
2018-05-29 18:53:17,003 RCV proposal
2018-05-29 18:53:17,006 appended honest propose a13d2da37e on top of 66400484d3
2018-05-29 18:53:17,064 RCV reinforcement
2018-05-29 18:53:18,531 RCV commit
2018-05-29 18:53:18,549 appended honest commit 6239fb80c6 on top of a13d2da37e
2018-05-29 18:53:18,563 Weight: 2.083593743413167 #RFs 5
2018-05-29 18:53:18,563 weight: 2.083593743413167
2018-05-29 18:53:18,564 , 2.083593743413167
2018-05-29 18:53:18,564 start mining - depth 1
2018-05-29 18:53:18,564 start mining - hash 6239fb80c673239b8f61c616aaa66303434463a2e6a9604116cdfdf34c6c767e
2018-05-29 18:53:19,329 RF found but not transmitted
2018-05-29 18:53:19,682 RF found but not transmitted
2018-05-29 18:53:20,342 RCV reinforcement info
2018-05-29 18:53:21,383 RF found but not transmitted
2018-05-29 18:53:21,510 RF found but not transmitted
2018-05-29 18:53:21,854 RCV reinforcement info
2018-05-29 18:53:22,634 RCV reinforcement info
2018-05-29 18:53:22,685 RCV reinforcement info
2018-05-29 18:53:23,443 RCV malicious_prop_agreement
2018-05-29 18:53:23,642 RF found but not transmitted
2018-05-29 18:53:31,695 RCV reinforcement info
2018-05-29 18:53:34,165 RCV reinforcement info
2018-05-29 18:53:34,312 RF found but not transmitted
2018-05-29 18:53:35,527 RCV reinforcement info
2018-05-29 18:53:35,947 RCV reinforcement info
2018-05-29 18:53:36,627 RCV reinforcement info
2018-05-29 18:53:38,227 RCV reinforcement info
2018-05-29 18:53:38,430 RCV reinforcement info
2018-05-29 18:53:38,939 RCV reinforcement info
2018-05-29 18:53:39,533 RCV reinforcement info
2018-05-29 18:53:41,127 RCV proposal
2018-05-29 18:53:41,130 appended honest propose 76120e56d3 on top of 6239fb80c6
2018-05-29 18:53:41,202 RCV reinforcement
2018-05-29 18:53:41,207 RCV reinforcement
2018-05-29 18:53:41,221 RCV reinforcement
2018-05-29 18:53:42,669 RCV commit
2018-05-29 18:53:42,717 appended honest commit 9120c00ea8 on top of 76120e56d3
2018-05-29 18:53:42,757 Weight: 5.250715686456024 #RFs 13
2018-05-29 18:53:42,757 weight: 5.250715686456024
2018-05-29 18:53:42,757 , 5.250715686456024
2018-05-29 18:53:42,882 RCV proposal
2018-05-29 18:53:42,886 appended malicious propose be9d99f309 on top of 6239fb80c6
2018-05-29 18:53:42,886 REINFORCEMENT SENT state
2018-05-29 18:53:42,888 SNT reinforcement
2018-05-29 18:53:42,972 RCV reinforcement
2018-05-29 18:53:42,980 RCV reinforcement info
2018-05-29 18:53:43,047 RCV reinforcement info
2018-05-29 18:53:43,284 RCV reinforcement info
2018-05-29 18:53:44,280 RCV reinforcement info
2018-05-29 18:53:44,443 RCV commit
2018-05-29 18:53:44,506 appended malicious commit 4ad0efe07c on top of be9d99f309
2018-05-29 18:53:44,555 Weight: 5.642926823109891 #RFs 18
2018-05-29 18:53:44,555 weight: 5.642926823109891
2018-05-29 18:53:44,556 , 5.642926823109891
2018-05-29 18:53:44,557 MALICIOUS MINING state
2018-05-29 18:53:44,565 start mining - depth 2
2018-05-29 18:53:44,565 start mining - hash 4ad0efe07c1b62dae59fc6b6e737392f6b9c0105aad89617e2eb8f59d3a2684f
2018-05-29 18:53:45,891 RCV reinforcement info
2018-05-29 18:53:45,913 RCV reinforcement info
2018-05-29 18:53:46,556 RCV reinforcement info
2018-05-29 18:53:47,316 RCV proposal
2018-05-29 18:53:47,319 appended honest propose 7a1d64bd03 on top of 9120c00ea8
2018-05-29 18:53:47,417 RF found but not transmitted
2018-05-29 18:53:47,419 RCV reinforcement
2018-05-29 18:53:47,422 RCV reinforcement
2018-05-29 18:53:47,426 hash found
2018-05-29 18:53:47,427 SNT malicious_proposal_agreement
2018-05-29 18:53:47,500 RF found but not transmitted
2018-05-29 18:53:47,520 RCV reinforcement
2018-05-29 18:53:48,717 RF found but not transmitted
2018-05-29 18:53:48,855 RCV commit
2018-05-29 18:53:48,882 appended honest commit 4bcfbb68a5 on top of 7a1d64bd03
2018-05-29 18:53:48,904 Weight: 7.847581224988606 #RFs 7
2018-05-29 18:53:48,905 weight: 7.847581224988606
2018-05-29 18:53:48,905 , 7.847581224988606
2018-05-29 18:53:48,905 Synchronizing branches
2018-05-29 18:53:48,906 start mining - depth 3
2018-05-29 18:53:48,906 start mining - hash 4bcfbb68a511afae7709f702acdf45d732da57081440e8f79b61d65595821913
2018-05-29 18:53:49,177 RCV reinforcement info
2018-05-29 18:53:50,279 RCV reinforcement info
2018-05-29 18:53:50,583 RCV reinforcement info
2018-05-29 18:53:51,127 RCV reinforcement info
2018-05-29 18:53:53,275 RCV reinforcement info
2018-05-29 18:53:54,043 RCV reinforcement info
2018-05-29 18:53:56,034 RCV reinforcement info
2018-05-29 18:53:56,814 RCV reinforcement info
2018-05-29 18:53:58,080 RCV reinforcement info
2018-05-29 18:53:58,423 RCV reinforcement info
2018-05-29 18:53:58,799 RCV reinforcement info
2018-05-29 18:53:58,968 RF found but not transmitted
2018-05-29 18:53:59,153 RCV reinforcement info
2018-05-29 18:53:59,884 RF found but not transmitted
2018-05-29 18:54:00,771 RCV proposal
2018-05-29 18:54:00,774 appended honest propose f6bc836e01 on top of 4bcfbb68a5
2018-05-29 18:54:00,853 RCV reinforcement
2018-05-29 18:54:00,865 RCV reinforcement
2018-05-29 18:54:00,881 RCV reinforcement
2018-05-29 18:54:02,312 RCV commit
2018-05-29 18:54:02,364 appended honest commit 2a6275c6cb on top of f6bc836e01
2018-05-29 18:54:02,406 Weight: 12.299227295438328 #RFs 12
2018-05-29 18:54:02,406 weight: 12.299227295438328
2018-05-29 18:54:02,407 , 12.299227295438328
2018-05-29 18:54:02,409 start mining - depth 4
2018-05-29 18:54:02,410 start mining - hash 2a6275c6cbdce955c4a4d2e247221d0bda6de0a5fc7c34efa0613adcd8cf2492
2018-05-29 18:54:03,807 RCV reinforcement info
2018-05-29 18:54:05,521 RCV reinforcement info
2018-05-29 18:54:06,258 RCV reinforcement info
2018-05-29 18:54:08,038 RCV reinforcement info
2018-05-29 18:54:08,724 RCV reinforcement info
2018-05-29 18:54:08,973 RCV reinforcement info
2018-05-29 18:54:09,203 RCV reinforcement info
2018-05-29 18:54:09,490 RCV reinforcement info
2018-05-29 18:54:10,435 RF found but not transmitted
2018-05-29 18:54:14,205 RCV reinforcement info
2018-05-29 18:54:16,967 RCV proposal
2018-05-29 18:54:16,972 appended honest propose 40649787a9 on top of 2a6275c6cb
2018-05-29 18:54:17,061 RCV reinforcement
2018-05-29 18:54:17,066 RCV reinforcement
2018-05-29 18:54:17,101 RCV reinforcement
2018-05-29 18:54:17,322 RCV reinforcement info
2018-05-29 18:54:17,404 RCV reinforcement info
2018-05-29 18:54:17,417 RCV reinforcement
2018-05-29 18:54:17,486 RCV reinforcement
2018-05-29 18:54:17,524 RCV reinforcement info
2018-05-29 18:54:17,624 RCV reinforcement
2018-05-29 18:54:18,452 RCV reinforcement info
2018-05-29 18:54:18,541 RCV reinforcement
2018-05-29 18:54:18,566 RCV commit
2018-05-29 18:54:18,621 appended honest commit 03e14f38fc on top of 40649787a9
2018-05-29 18:54:18,666 Weight: 15.08519943273489 #RFs 12
2018-05-29 18:54:18,666 weight: 15.08519943273489
2018-05-29 18:54:18,666 , 15.08519943273489
2018-05-29 18:54:18,673 start mining - depth 5
2018-05-29 18:54:18,673 start mining - hash 03e14f38fc680cdb4d5636dcbe813c1612ee9044470ea42e8f44a53898149542
2018-05-29 18:54:18,674 Hashing frequency: 3850
2018-05-29 18:54:19,008 RCV reinforcement info
2018-05-29 18:54:20,924 RF found but not transmitted
2018-05-29 18:54:21,366 RCV reinforcement info
2018-05-29 18:54:23,191 RCV reinforcement info
2018-05-29 18:54:23,228 RCV proposal
2018-05-29 18:54:23,231 appended honest propose 588564d20b on top of 03e14f38fc
2018-05-29 18:54:23,316 RCV reinforcement
2018-05-29 18:54:23,324 RCV reinforcement
2018-05-29 18:54:23,339 RCV reinforcement
2018-05-29 18:54:23,392 RCV reinforcement info
2018-05-29 18:54:23,453 RCV reinforcement
2018-05-29 18:54:23,742 RCV reinforcement info
2018-05-29 18:54:23,819 RCV reinforcement
2018-05-29 18:54:24,755 RCV commit
2018-05-29 18:54:24,770 appended honest commit e369da9dfa on top of 588564d20b
2018-05-29 18:54:24,794 Weight: 17.107184112569865 #RFs 5
2018-05-29 18:54:24,794 weight: 17.107184112569865
2018-05-29 18:54:24,795 , 17.107184112569865
2018-05-29 18:54:24,796 start mining - depth 6
2018-05-29 18:54:24,797 start mining - hash e369da9dfaf29fcf3b41edb00c8c1ad4c0f4df53fe2a73bad501b84f2584f449
2018-05-29 18:54:25,311 RCV reinforcement info
2018-05-29 18:54:25,597 RCV reinforcement info
2018-05-29 18:54:25,721 RCV reinforcement info
2018-05-29 18:54:26,387 RCV reinforcement info
2018-05-29 18:54:28,152 RCV reinforcement info
2018-05-29 18:54:28,410 RCV reinforcement info
2018-05-29 18:54:29,353 RCV reinforcement info
2018-05-29 18:54:32,474 RCV reinforcement info
2018-05-29 18:54:34,671 RCV reinforcement info
2018-05-29 18:54:36,756 RF found but not transmitted
2018-05-29 18:54:37,216 RF found but not transmitted
2018-05-29 18:54:37,595 RCV reinforcement info
2018-05-29 18:54:38,997 RF found but not transmitted
2018-05-29 18:54:39,450 RCV reinforcement info
2018-05-29 18:54:39,974 RCV reinforcement info
2018-05-29 18:54:41,041 RCV reinforcement info
2018-05-29 18:54:41,849 RF found but not transmitted
2018-05-29 18:54:41,851 hash found
2018-05-29 18:54:41,852 SNT malicious_proposal_agreement
2018-05-29 18:54:42,609 RF found but not transmitted
2018-05-29 18:54:44,782 RF found but not transmitted
2018-05-29 18:54:44,998 RCV reinforcement info
2018-05-29 18:54:45,060 RF found but not transmitted
2018-05-29 18:54:45,291 RCV reinforcement info
2018-05-29 18:54:46,599 RF found but not transmitted
2018-05-29 18:54:47,707 RCV reinforcement info
2018-05-29 18:54:49,906 RF found but not transmitted
2018-05-29 18:54:50,091 RCV reinforcement info
2018-05-29 18:54:50,162 RCV reinforcement info
2018-05-29 18:54:51,418 RF found but not transmitted
2018-05-29 18:54:51,519 RCV reinforcement info
2018-05-29 18:54:51,531 RCV reinforcement info
2018-05-29 18:54:51,932 RCV reinforcement info
2018-05-29 18:54:54,107 RCV reinforcement info
2018-05-29 18:54:54,345 RCV reinforcement info
2018-05-29 18:54:54,702 RCV reinforcement info
2018-05-29 18:54:54,832 RCV reinforcement info
2018-05-29 18:54:55,166 RCV reinforcement info
2018-05-29 18:54:55,436 RCV reinforcement info
2018-05-29 18:54:56,016 RCV reinforcement info
2018-05-29 18:54:56,206 RF found but not transmitted
2018-05-29 18:54:56,405 RCV reinforcement info
2018-05-29 18:54:57,181 RCV reinforcement info
2018-05-29 18:54:57,272 RCV reinforcement info
2018-05-29 18:54:57,836 RCV reinforcement info
2018-05-29 18:54:59,091 RF found but not transmitted
2018-05-29 18:55:01,036 RCV reinforcement info
2018-05-29 18:55:02,311 RCV reinforcement info
2018-05-29 18:55:03,643 RCV proposal
2018-05-29 18:55:03,646 appended honest propose 7fe9506dff on top of e369da9dfa
2018-05-29 18:55:03,743 RCV reinforcement
2018-05-29 18:55:03,753 RCV reinforcement
2018-05-29 18:55:03,760 RCV reinforcement
2018-05-29 18:55:04,497 RCV reinforcement info
2018-05-29 18:55:04,565 RCV reinforcement
2018-05-29 18:55:05,254 RCV commit
2018-05-29 18:55:05,368 appended honest commit f2fc10598b on top of 7fe9506dff
2018-05-29 18:55:05,485 Weight: 24.22172235642311 #RFs 35
2018-05-29 18:55:05,485 weight: 24.22172235642311
2018-05-29 18:55:05,485 , 24.22172235642311
2018-05-29 18:55:05,493 appended malicious propose bd94e5edb6 on top of e369da9dfa
2018-05-29 18:55:05,493 REINFORCEMENT COLLECTING state
2018-05-29 18:55:05,543 SNT proposal
2018-05-29 18:55:05,686 RCV reinforcement
2018-05-29 18:55:05,699 RCV reinforcement
2018-05-29 18:55:06,470 RCV reinforcement
2018-05-29 18:55:06,616 RCV reinforcement info
2018-05-29 18:55:07,046 commit with 3 reinforcements
2018-05-29 18:55:07,087 appended malicious commit cfaae1acff on top of bd94e5edb6
2018-05-29 18:55:07,125 Weight: 27.91445591638341 #RFs 32
2018-05-29 18:55:07,126 weight: 27.91445591638341
2018-05-29 18:55:07,126 , 27.91445591638341
2018-05-29 18:55:07,131 MALICIOUS MINING state
2018-05-29 18:55:07,131 start mining - depth 7
2018-05-29 18:55:07,132 start mining - hash cfaae1acff7c230d5d16d5586b2bae3a17a1d6aab5e2b6436c4fe7d119d2169f
2018-05-29 18:55:07,134 SNT commit
2018-05-29 18:55:08,353 RCV malicious_prop_agreement
2018-05-29 18:55:08,867 RCV reinforcement info
2018-05-29 18:55:09,471 RCV reinforcement info
2018-05-29 18:55:10,530 RCV proposal
2018-05-29 18:55:10,533 appended honest propose 615f40608e on top of cfaae1acff
2018-05-29 18:55:10,606 RCV reinforcement
2018-05-29 18:55:10,961 RCV reinforcement info
2018-05-29 18:55:11,029 RCV reinforcement
2018-05-29 18:55:11,886 RCV reinforcement info
2018-05-29 18:55:11,936 RCV reinforcement
2018-05-29 18:55:12,063 RCV commit
2018-05-29 18:55:12,081 appended honest commit 7e23e868b9 on top of 615f40608e
2018-05-29 18:55:12,093 Weight: 30.760852677914226 #RFs 4
2018-05-29 18:55:12,093 weight: 30.760852677914226
2018-05-29 18:55:12,094 , 30.760852677914226
2018-05-29 18:55:12,195 RCV proposal
2018-05-29 18:55:12,200 appended malicious propose 1267ae6766 on top of cfaae1acff
2018-05-29 18:55:12,200 REINFORCEMENT SENT state
2018-05-29 18:55:12,253 RCV reinforcement
2018-05-29 18:55:13,711 RCV commit
2018-05-29 18:55:13,717 appended malicious commit c9184c251c on top of 1267ae6766
2018-05-29 18:55:13,730 Weight: 29.841261702251458 #RFs 2
2018-05-29 18:55:13,731 weight: 29.841261702251458
2018-05-29 18:55:13,731 , 29.841261702251458
2018-05-29 18:55:13,731 MALICIOUS MINING state
2018-05-29 18:55:13,732 start mining - depth 8
2018-05-29 18:55:13,732 start mining - hash 7e23e868b9b339d6a9745f26ef9ec0f360b43a6e4646e2e8234946f97fa6b3c9
2018-05-29 18:55:13,861 RCV reinforcement info
2018-05-29 18:55:14,193 RCV reinforcement info
2018-05-29 18:55:14,253 RF found but not transmitted
2018-05-29 18:55:14,510 RCV reinforcement info
2018-05-29 18:55:15,632 RF found but not transmitted
2018-05-29 18:55:17,558 RCV reinforcement info
2018-05-29 18:55:17,825 RCV reinforcement info
2018-05-29 18:55:18,248 RF found but not transmitted
2018-05-29 18:55:19,160 RCV reinforcement info
2018-05-29 18:55:19,958 RCV proposal
2018-05-29 18:55:19,961 appended honest propose bb8811bb02 on top of 7e23e868b9
2018-05-29 18:55:20,014 RCV reinforcement
2018-05-29 18:55:20,023 RCV reinforcement
2018-05-29 18:55:20,135 RCV reinforcement info
2018-05-29 18:55:20,188 RCV reinforcement
2018-05-29 18:55:20,275 RCV reinforcement info
2018-05-29 18:55:20,299 RF found but not transmitted
2018-05-29 18:55:20,335 RCV reinforcement
2018-05-29 18:55:20,812 RCV reinforcement info
2018-05-29 18:55:20,863 RCV reinforcement
2018-05-29 18:55:21,508 RCV commit
2018-05-29 18:55:21,551 appended honest commit 366e2c6068 on top of bb8811bb02
2018-05-29 18:55:21,570 Weight: 34.606918095363476 #RFs 9
2018-05-29 18:55:21,571 weight: 34.606918095363476
2018-05-29 18:55:21,571 , 34.606918095363476
2018-05-29 18:55:21,571 start mining - depth 9
2018-05-29 18:55:21,572 start mining - hash 366e2c60684955a8b002b66b29384fce4bd15066b2d6813cdacf6615b79ada49
2018-05-29 18:55:21,572 Hashing frequency: 3314
2018-05-29 18:55:22,181 RCV reinforcement info
2018-05-29 18:55:22,244 RCV reinforcement info
2018-05-29 18:55:22,756 RCV proposal
2018-05-29 18:55:22,759 appended honest propose 7bb10b937d on top of 366e2c6068
2018-05-29 18:55:22,803 RCV reinforcement
2018-05-29 18:55:22,924 RF found but not transmitted
2018-05-29 18:55:22,925 hash found
2018-05-29 18:55:22,927 SNT malicious_proposal_agreement
2018-05-29 18:55:23,508 RCV reinforcement info
2018-05-29 18:55:23,567 RCV reinforcement
2018-05-29 18:55:24,235 RCV reinforcement info
2018-05-29 18:55:24,296 RCV commit
2018-05-29 18:55:24,306 appended honest commit 548f23fe67 on top of 7bb10b937d
2018-05-29 18:55:24,312 Weight: 36.860148534821846 #RFs 3
2018-05-29 18:55:24,313 weight: 36.860148534821846
2018-05-29 18:55:24,313 , 36.860148534821846
2018-05-29 18:55:24,317 appended malicious propose afaeb52305 on top of 366e2c6068
2018-05-29 18:55:24,317 REINFORCEMENT COLLECTING state
2018-05-29 18:55:24,317 SNT proposal
2018-05-29 18:55:24,378 RCV reinforcement
2018-05-29 18:55:24,380 W: received reinforcement for 7bb10b937d instead of afaeb52305
2018-05-29 18:55:24,439 RCV reinforcement
2018-05-29 18:55:25,822 commit with 1 reinforcements
2018-05-29 18:55:25,828 appended malicious commit 9d0e5a1fd3 on top of afaeb52305
2018-05-29 18:55:25,830 Weight: 35.684896692562276 #RFs 1
2018-05-29 18:55:25,830 weight: 35.684896692562276
2018-05-29 18:55:25,830 , 35.684896692562276
2018-05-29 18:55:25,831 MALICIOUS MINING state
2018-05-29 18:55:25,831 start mining - depth 10
2018-05-29 18:55:25,831 start mining - hash 548f23fe677e5c40d78bda4c510f9202c1345dd0fd4ea4098761b389ba5bf859
2018-05-29 18:55:25,831 SNT commit
2018-05-29 18:55:27,776 RCV reinforcement info
2018-05-29 18:55:28,447 RCV reinforcement info
2018-05-29 18:55:30,209 RCV reinforcement info
2018-05-29 18:55:30,933 RF found but not transmitted
2018-05-29 18:55:31,005 RCV reinforcement info
2018-05-29 18:55:31,671 RCV reinforcement info
2018-05-29 18:55:31,715 RCV reinforcement info
2018-05-29 18:55:32,029 RF found but not transmitted
2018-05-29 18:55:32,062 RCV reinforcement info
2018-05-29 18:55:32,443 RF found but not transmitted
2018-05-29 18:55:32,664 RCV reinforcement info
2018-05-29 18:55:33,404 RCV reinforcement info
2018-05-29 18:55:33,895 RCV reinforcement info
2018-05-29 18:55:33,921 RF found but not transmitted
2018-05-29 18:55:36,670 RCV reinforcement info
2018-05-29 18:55:37,666 RCV reinforcement info
2018-05-29 18:55:38,510 RCV reinforcement info
2018-05-29 18:55:39,440 RCV reinforcement info
2018-05-29 18:55:39,753 RCV reinforcement info
2018-05-29 18:55:39,804 RCV reinforcement info
2018-05-29 18:55:42,675 RCV reinforcement info
2018-05-29 18:55:43,987 RCV reinforcement info
2018-05-29 18:55:44,068 RCV reinforcement info
2018-05-29 18:55:45,290 RCV reinforcement info
2018-05-29 18:55:45,358 RF found but not transmitted
2018-05-29 18:55:49,156 RF found but not transmitted
2018-05-29 18:55:49,308 RCV reinforcement info
2018-05-29 18:55:49,848 RCV reinforcement info
2018-05-29 18:55:50,224 RCV reinforcement info
2018-05-29 18:55:51,893 RCV reinforcement info
2018-05-29 18:55:52,731 RCV reinforcement info
2018-05-29 18:55:53,741 RCV reinforcement info
2018-05-29 18:55:53,774 RCV reinforcement info
2018-05-29 18:55:54,101 RF found but not transmitted
2018-05-29 18:55:54,231 RCV reinforcement info
2018-05-29 18:55:54,292 RCV reinforcement info
2018-05-29 18:55:55,394 RCV reinforcement info
2018-05-29 18:55:55,964 RCV reinforcement info
2018-05-29 18:55:56,341 RCV reinforcement info
2018-05-29 18:55:58,462 RCV reinforcement info
2018-05-29 18:55:59,090 RCV reinforcement info
2018-05-29 18:55:59,597 RCV reinforcement info
2018-05-29 18:56:00,319 RCV reinforcement info
2018-05-29 18:56:02,429 RCV reinforcement info
2018-05-29 18:56:03,156 RCV reinforcement info
2018-05-29 18:56:03,852 RCV proposal
2018-05-29 18:56:03,855 appended honest propose 9badea775c on top of 548f23fe67
2018-05-29 18:56:03,930 RCV reinforcement
2018-05-29 18:56:03,944 RCV reinforcement
2018-05-29 18:56:03,955 RCV reinforcement
2018-05-29 18:56:05,462 RCV commit
2018-05-29 18:56:05,598 appended honest commit 56701ec305 on top of 9badea775c
2018-05-29 18:56:05,737 Weight: 45.8321765136571 #RFs 38
2018-05-29 18:56:05,737 weight: 45.8321765136571
2018-05-29 18:56:05,737 , 45.8321765136571
2018-05-29 18:56:05,738 start mining - depth 11
2018-05-29 18:56:05,740 start mining - hash 56701ec3058cb2e664683e758e13dbfd18fbff3ffa0ec8bbc7be7df516238491
2018-05-29 18:56:05,786 RCV reinforcement info
2018-05-29 18:56:06,636 RCV malicious_prop_agreement
2018-05-29 18:56:08,856 RF found but not transmitted
2018-05-29 18:56:09,337 RCV reinforcement info
2018-05-29 18:56:09,611 RCV reinforcement info
2018-05-29 18:56:12,374 RCV reinforcement info
2018-05-29 18:56:12,535 RF found but not transmitted
2018-05-29 18:56:12,557 RCV reinforcement info
2018-05-29 18:56:12,893 RCV reinforcement info
2018-05-29 18:56:13,350 RF found but not transmitted
2018-05-29 18:56:14,966 RCV reinforcement info
2018-05-29 18:56:15,629 RCV reinforcement info
2018-05-29 18:56:15,755 RCV reinforcement info
2018-05-29 18:56:15,974 RF found but not transmitted
2018-05-29 18:56:16,032 RCV reinforcement info
2018-05-29 18:56:17,860 RCV reinforcement info
2018-05-29 18:56:18,251 RF found but not transmitted
2018-05-29 18:56:20,629 RCV reinforcement info
2018-05-29 18:56:20,882 RCV reinforcement info
2018-05-29 18:56:25,395 RCV reinforcement info
2018-05-29 18:56:26,302 RCV reinforcement info
2018-05-29 18:56:29,802 RCV reinforcement info
2018-05-29 18:56:29,858 RF found but not transmitted
2018-05-29 18:56:29,997 RCV reinforcement info
2018-05-29 18:56:30,340 RF found but not transmitted
2018-05-29 18:56:30,586 RCV reinforcement info
2018-05-29 18:56:31,972 RCV reinforcement info
2018-05-29 18:56:33,934 RCV reinforcement info
2018-05-29 18:56:35,166 RF found but not transmitted
2018-05-29 18:56:35,217 RCV reinforcement info
2018-05-29 18:56:35,506 RCV reinforcement info
2018-05-29 18:56:36,163 RF found but not transmitted
2018-05-29 18:56:36,885 RF found but not transmitted
2018-05-29 18:56:37,759 RCV reinforcement info
2018-05-29 18:56:38,605 RCV reinforcement info
2018-05-29 18:56:39,878 RCV reinforcement info
2018-05-29 18:56:39,947 RCV reinforcement info
2018-05-29 18:56:41,215 RCV reinforcement info
2018-05-29 18:56:41,262 RCV reinforcement info
2018-05-29 18:56:42,278 RCV reinforcement info
2018-05-29 18:56:42,835 RCV reinforcement info
2018-05-29 18:56:43,738 RCV reinforcement info
2018-05-29 18:56:44,586 RF found but not transmitted
2018-05-29 18:56:46,342 RCV reinforcement info
2018-05-29 18:56:47,806 RF found but not transmitted
2018-05-29 18:56:48,715 RCV reinforcement info
2018-05-29 18:56:49,178 RCV reinforcement info
2018-05-29 18:56:50,360 RCV reinforcement info
2018-05-29 18:56:51,067 RCV reinforcement info
2018-05-29 18:56:51,297 RCV reinforcement info
2018-05-29 18:56:51,526 RCV reinforcement info
2018-05-29 18:56:53,441 RCV reinforcement info
2018-05-29 18:56:53,502 RCV reinforcement info
2018-05-29 18:56:54,656 RCV reinforcement info
2018-05-29 18:56:56,206 RCV reinforcement info
2018-05-29 18:56:56,777 RCV reinforcement info
2018-05-29 18:56:58,713 RCV proposal
2018-05-29 18:56:58,716 appended honest propose 9fe5ce5c39 on top of 56701ec305
2018-05-29 18:56:58,790 RCV reinforcement
2018-05-29 18:56:58,793 RCV reinforcement
2018-05-29 18:56:58,805 RCV reinforcement
2018-05-29 18:56:59,031 RCV reinforcement info
2018-05-29 18:56:59,103 RCV reinforcement
2018-05-29 18:56:59,945 RCV reinforcement info
2018-05-29 18:56:59,997 RCV reinforcement
2018-05-29 18:57:00,346 RCV commit
2018-05-29 18:57:00,510 appended honest commit 497d6ba9e3 on top of 9fe5ce5c39
2018-05-29 18:57:00,657 Weight: 55.987157488325046 #RFs 45
2018-05-29 18:57:00,658 weight: 55.987157488325046
2018-05-29 18:57:00,658 , 55.987157488325046
2018-05-29 18:57:00,790 RCV proposal
2018-05-29 18:57:00,794 appended malicious propose 73f2c98149 on top of 56701ec305
2018-05-29 18:57:00,794 REINFORCEMENT SENT state
2018-05-29 18:57:00,796 SNT reinforcement
2018-05-29 18:57:00,879 RCV reinforcement
2018-05-29 18:57:00,892 RCV reinforcement
2018-05-29 18:57:01,603 RCV reinforcement info
2018-05-29 18:57:01,921 RF found but not transmitted
2018-05-29 18:57:01,925 SNT reinforcement
2018-05-29 18:57:02,410 RCV commit
2018-05-29 18:57:02,610 appended malicious commit 3ae22f4ae7 on top of 73f2c98149
2018-05-29 18:57:02,748 Weight: 61.30295072658066 #RFs 44
2018-05-29 18:57:02,748 weight: 61.30295072658066
2018-05-29 18:57:02,748 , 61.30295072658066
2018-05-29 18:57:02,752 MALICIOUS MINING state
2018-05-29 18:57:02,752 start mining - depth 12
2018-05-29 18:57:02,753 start mining - hash 3ae22f4ae7724e3d474a24b8d72276b59ee82bdd448679e1ef5547a78635a806
2018-05-29 18:57:02,753 Hashing frequency: 5341
2018-05-29 18:57:03,967 RCV reinforcement info
2018-05-29 18:57:05,275 RF found but not transmitted
2018-05-29 18:57:06,452 RCV reinforcement info
2018-05-29 18:57:07,323 RCV reinforcement info
2018-05-29 18:57:08,772 RCV reinforcement info
2018-05-29 18:57:08,894 RCV reinforcement info
2018-05-29 18:57:09,069 RCV reinforcement info
2018-05-29 18:57:10,367 RCV reinforcement info
2018-05-29 18:57:11,161 RCV reinforcement info
2018-05-29 18:57:11,202 RCV proposal
2018-05-29 18:57:11,206 appended honest propose ce604ba6a6 on top of 3ae22f4ae7
2018-05-29 18:57:11,284 RCV reinforcement
2018-05-29 18:57:11,290 RCV reinforcement
2018-05-29 18:57:11,305 RCV reinforcement
2018-05-29 18:57:12,735 RCV commit
2018-05-29 18:57:12,771 appended honest commit 4dcaa932da on top of ce604ba6a6
2018-05-29 18:57:12,787 Weight: 63.5288604865262 #RFs 8
2018-05-29 18:57:12,787 weight: 63.5288604865262
2018-05-29 18:57:12,787 , 63.5288604865262
2018-05-29 18:57:12,788 start mining - depth 13
2018-05-29 18:57:12,789 start mining - hash 4dcaa932daeeba45741541667b9ce0586209396d2270409ec5f10758d3f30e72
2018-05-29 18:57:14,030 RCV reinforcement info
2018-05-29 18:57:14,577 RCV reinforcement info
2018-05-29 18:57:15,045 RCV reinforcement info
2018-05-29 18:57:15,506 RCV reinforcement info
2018-05-29 18:57:16,634 RF found but not transmitted
2018-05-29 18:57:16,642 RCV malicious_prop_agreement
2018-05-29 18:57:16,669 RF found but not transmitted
2018-05-29 18:57:16,761 RCV reinforcement info
2018-05-29 18:57:17,203 RCV reinforcement info
2018-05-29 18:57:17,549 RF found but not transmitted
2018-05-29 18:57:18,082 RCV reinforcement info
2018-05-29 18:57:19,190 RCV reinforcement info
2018-05-29 18:57:20,272 RCV reinforcement info
2018-05-29 18:57:21,210 RCV reinforcement info
2018-05-29 18:57:22,901 RCV reinforcement info
2018-05-29 18:57:24,362 RCV reinforcement info
2018-05-29 18:57:26,422 RCV reinforcement info
2018-05-29 18:57:26,935 RCV reinforcement info
2018-05-29 18:57:27,314 RCV reinforcement info
2018-05-29 18:57:27,845 RCV proposal
2018-05-29 18:57:27,847 appended honest propose 2ebccc0927 on top of 4dcaa932da
2018-05-29 18:57:27,932 RCV reinforcement
2018-05-29 18:57:27,941 RCV reinforcement
2018-05-29 18:57:27,951 RCV reinforcement
2018-05-29 18:57:27,972 RCV reinforcement info
2018-05-29 18:57:28,031 RCV reinforcement
2018-05-29 18:57:28,958 RCV reinforcement info
2018-05-29 18:57:29,011 RCV reinforcement
2018-05-29 18:57:29,396 RCV commit
2018-05-29 18:57:29,465 appended honest commit a8ae4bb3b3 on top of 2ebccc0927
2018-05-29 18:57:29,514 Weight: 66.47249777170299 #RFs 16
2018-05-29 18:57:29,515 weight: 66.47249777170299
2018-05-29 18:57:29,515 , 66.47249777170299
2018-05-29 18:57:29,615 RCV proposal
2018-05-29 18:57:29,622 appended malicious propose 4529f62ec7 on top of 4dcaa932da
2018-05-29 18:57:29,623 REINFORCEMENT SENT state
2018-05-29 18:57:29,624 SNT reinforcement
2018-05-29 18:57:29,691 RCV reinforcement
2018-05-29 18:57:30,018 RCV reinforcement info
2018-05-29 18:57:30,576 RCV reinforcement info
2018-05-29 18:57:31,157 RCV commit
2018-05-29 18:57:31,192 appended malicious commit 1a28b0ace4 on top of 4529f62ec7
2018-05-29 18:57:31,227 Weight: 67.24369625306552 #RFs 10
2018-05-29 18:57:31,227 weight: 67.24369625306552
2018-05-29 18:57:31,227 , 67.24369625306552
2018-05-29 18:57:31,228 MALICIOUS MINING state
2018-05-29 18:57:31,228 start mining - depth 14
2018-05-29 18:57:31,228 start mining - hash 1a28b0ace495381a893c00ac05bcd0660ba71a615b7547542b4078784b52e82a
2018-05-29 18:57:31,444 RCV reinforcement info
2018-05-29 18:57:31,597 RCV reinforcement info
2018-05-29 18:57:32,525 RCV reinforcement info
2018-05-29 18:57:32,906 RCV reinforcement info
2018-05-29 18:57:32,977 RCV reinforcement info
2018-05-29 18:57:33,949 RCV reinforcement info
2018-05-29 18:57:37,628 RCV reinforcement info
2018-05-29 18:57:40,270 RCV reinforcement info
2018-05-29 18:57:40,457 RF found but not transmitted
2018-05-29 18:57:41,277 RCV reinforcement info
2018-05-29 18:57:42,412 RCV reinforcement info
2018-05-29 18:57:42,865 RCV reinforcement info
2018-05-29 18:57:42,964 RCV reinforcement info
2018-05-29 18:57:44,658 RCV reinforcement info
2018-05-29 18:57:46,494 RCV malicious_prop_agreement
2018-05-29 18:57:46,570 RF found but not transmitted
2018-05-29 18:57:47,154 RF found but not transmitted
2018-05-29 18:57:47,600 RF found but not transmitted
2018-05-29 18:57:48,630 RCV reinforcement info
2018-05-29 18:57:48,799 RF found but not transmitted
2018-05-29 18:57:48,827 RCV reinforcement info
2018-05-29 18:57:48,837 RCV reinforcement info
2018-05-29 18:57:49,017 RF found but not transmitted
2018-05-29 18:57:49,254 RCV reinforcement info
2018-05-29 18:57:49,903 RCV reinforcement info
2018-05-29 18:57:49,950 RCV reinforcement info
2018-05-29 18:57:50,917 RCV reinforcement info
2018-05-29 18:57:52,598 RCV reinforcement info
2018-05-29 18:57:53,158 RCV reinforcement info
2018-05-29 18:57:53,357 RCV reinforcement info
2018-05-29 18:57:53,473 RCV reinforcement info
2018-05-29 18:57:53,850 RCV reinforcement info
2018-05-29 18:57:53,945 RCV reinforcement info
2018-05-29 18:57:54,381 RCV reinforcement info
2018-05-29 18:57:54,490 RCV reinforcement info
2018-05-29 18:57:55,522 RCV reinforcement info
2018-05-29 18:57:55,530 RCV reinforcement info
2018-05-29 18:57:55,603 RCV reinforcement info
2018-05-29 18:57:55,619 RCV proposal
2018-05-29 18:57:55,622 appended honest propose ac5c4c13a5 on top of a8ae4bb3b3
2018-05-29 18:57:55,693 RCV reinforcement info
2018-05-29 18:57:55,711 RCV reinforcement
2018-05-29 18:57:55,724 RCV reinforcement
2018-05-29 18:57:55,778 RCV reinforcement
2018-05-29 18:57:57,206 RCV commit
2018-05-29 18:57:57,341 appended honest commit 66fc5ecd5b on top of ac5c4c13a5
2018-05-29 18:57:57,456 Weight: 73.96382086309215 #RFs 34
2018-05-29 18:57:57,456 weight: 73.96382086309215
2018-05-29 18:57:57,456 , 73.96382086309215
2018-05-29 18:57:57,459 Synchronizing branches
2018-05-29 18:57:57,459 start mining - depth 15
2018-05-29 18:57:57,459 start mining - hash 66fc5ecd5b7207e35a847bdf4937530fc6f55fc54d971ccc949f35b098dcfac3
2018-05-29 18:57:59,212 RCV reinforcement info
2018-05-29 18:57:59,719 RCV proposal
2018-05-29 18:57:59,722 appended honest propose f04ccce3eb on top of 66fc5ecd5b
2018-05-29 18:57:59,786 RCV reinforcement
2018-05-29 18:58:00,906 RCV malicious_prop_agreement
2018-05-29 18:58:01,242 RCV commit
2018-05-29 18:58:01,246 appended honest commit beb804efef on top of f04ccce3eb
2018-05-29 18:58:01,248 Weight: 75.39296513147443 #RFs 1
2018-05-29 18:58:01,248 weight: 75.39296513147443
2018-05-29 18:58:01,249 , 75.39296513147443
2018-05-29 18:58:01,366 RCV proposal
2018-05-29 18:58:01,368 appended malicious propose 6d63046440 on top of 66fc5ecd5b
2018-05-29 18:58:01,368 REINFORCEMENT SENT state
2018-05-29 18:58:02,179 RCV reinforcement info
2018-05-29 18:58:02,432 RCV reinforcement info
2018-05-29 18:58:02,888 RCV commit
2018-05-29 18:58:02,892 appended malicious commit cadf97da2c on top of 6d63046440
2018-05-29 18:58:02,894 Weight: 75.11050557602665 #RFs 1
2018-05-29 18:58:02,894 weight: 75.11050557602665
2018-05-29 18:58:02,894 , 75.11050557602665
2018-05-29 18:58:02,896 MALICIOUS MINING state
2018-05-29 18:58:02,896 start mining - depth 16
2018-05-29 18:58:02,896 start mining - hash beb804efefba0d7c58c32baf11f46b9a9d5ddb34b3c3b40e935e4a9481f8d63a
2018-05-29 18:58:02,897 Hashing frequency: 3221
2018-05-29 18:58:02,936 RCV reinforcement info
2018-05-29 18:58:04,334 RCV reinforcement info
2018-05-29 18:58:04,910 RCV reinforcement info
2018-05-29 18:58:05,920 RCV reinforcement info
2018-05-29 18:58:05,964 RCV reinforcement info
2018-05-29 18:58:06,136 RF found but not transmitted
2018-05-29 18:58:09,201 RCV reinforcement info
2018-05-29 18:58:10,854 RCV reinforcement info
2018-05-29 18:58:10,994 RF found but not transmitted
2018-05-29 18:58:11,595 RCV proposal
2018-05-29 18:58:11,598 appended honest propose dbe38fe19b on top of beb804efef
2018-05-29 18:58:11,664 RCV reinforcement
2018-05-29 18:58:11,686 RCV reinforcement
2018-05-29 18:58:11,690 RCV reinforcement
2018-05-29 18:58:12,109 RCV reinforcement info
2018-05-29 18:58:12,170 RCV reinforcement
2018-05-29 18:58:13,136 RCV commit
2018-05-29 18:58:13,162 appended honest commit 4884795d9e on top of dbe38fe19b
2018-05-29 18:58:13,200 Weight: 77.96445914620905 #RFs 10
2018-05-29 18:58:13,200 weight: 77.96445914620905
2018-05-29 18:58:13,200 , 77.96445914620905
2018-05-29 18:58:13,203 start mining - depth 17
2018-05-29 18:58:13,203 start mining - hash 4884795d9e189ee811560fd22b4986bbc153d06308504e82233daf22d25d0d71
2018-05-29 18:58:13,385 RCV reinforcement info
2018-05-29 18:58:13,792 RCV reinforcement info
2018-05-29 18:58:14,555 RCV reinforcement info
2018-05-29 18:58:17,231 RCV reinforcement info
2018-05-29 18:58:17,309 RCV reinforcement info
2018-05-29 18:58:17,996 RCV malicious_prop_agreement
2018-05-29 18:58:18,364 RF found but not transmitted
2018-05-29 18:58:19,045 RCV reinforcement info
2018-05-29 18:58:19,379 RCV reinforcement info
2018-05-29 18:58:19,657 RCV reinforcement info
2018-05-29 18:58:19,900 RCV reinforcement info
2018-05-29 18:58:20,783 RCV reinforcement info
2018-05-29 18:58:20,847 RCV reinforcement info
2018-05-29 18:58:21,037 RCV reinforcement info
2018-05-29 18:58:22,426 RCV reinforcement info
2018-05-29 18:58:23,226 RCV reinforcement info
2018-05-29 18:58:24,338 RCV reinforcement info
2018-05-29 18:58:24,385 RF found but not transmitted
2018-05-29 18:58:26,051 RCV reinforcement info
2018-05-29 18:58:27,798 RF found but not transmitted
2018-05-29 18:58:27,891 RF found but not transmitted
2018-05-29 18:58:29,791 RCV reinforcement info
2018-05-29 18:58:30,165 RCV reinforcement info
2018-05-29 18:58:30,676 RF found but not transmitted
2018-05-29 18:58:30,744 RCV reinforcement info
2018-05-29 18:58:32,092 RCV reinforcement info
2018-05-29 18:58:32,128 RCV reinforcement info
2018-05-29 18:58:32,287 RCV reinforcement info
2018-05-29 18:58:35,327 RCV reinforcement info
2018-05-29 18:58:36,466 RCV reinforcement info
2018-05-29 18:58:36,695 RF found but not transmitted
2018-05-29 18:58:36,881 RF found but not transmitted
2018-05-29 18:58:37,197 RCV reinforcement info
2018-05-29 18:58:38,256 RCV reinforcement info
2018-05-29 18:58:38,602 RCV reinforcement info
2018-05-29 18:58:40,421 RCV reinforcement info
2018-05-29 18:58:41,756 RCV reinforcement info
2018-05-29 18:58:44,642 RCV reinforcement info
2018-05-29 18:58:44,845 RCV reinforcement info
2018-05-29 18:58:44,997 RCV reinforcement info
2018-05-29 18:58:47,528 RCV reinforcement info
2018-05-29 18:58:49,017 RCV reinforcement info
2018-05-29 18:58:50,007 RF found but not transmitted
2018-05-29 18:58:50,868 RCV reinforcement info
2018-05-29 18:58:52,559 RF found but not transmitted
2018-05-29 18:58:55,546 RCV reinforcement info
2018-05-29 18:58:56,893 RCV reinforcement info
2018-05-29 18:58:57,186 RCV reinforcement info
2018-05-29 18:58:58,389 RCV reinforcement info
2018-05-29 18:58:58,586 RCV reinforcement info
2018-05-29 18:58:58,896 RCV reinforcement info
2018-05-29 18:59:00,660 RCV reinforcement info
2018-05-29 18:59:03,229 RCV reinforcement info
2018-05-29 18:59:04,246 RF found but not transmitted
2018-05-29 18:59:04,993 RCV reinforcement info
2018-05-29 18:59:05,547 RCV proposal
2018-05-29 18:59:05,551 appended honest propose d7e56055ea on top of 4884795d9e
2018-05-29 18:59:05,675 RCV reinforcement
2018-05-29 18:59:05,712 RCV reinforcement
2018-05-29 18:59:05,720 RCV reinforcement
2018-05-29 18:59:05,722 RF found but not transmitted
2018-05-29 18:59:05,755 RCV reinforcement info
2018-05-29 18:59:05,857 RCV reinforcement
2018-05-29 18:59:07,145 RCV commit
2018-05-29 18:59:07,358 appended honest commit 39ec8a2a1e on top of d7e56055ea
2018-05-29 18:59:07,519 Weight: 85.5324979869008 #RFs 44
2018-05-29 18:59:07,520 weight: 85.5324979869008
2018-05-29 18:59:07,520 , 85.5324979869008
2018-05-29 18:59:07,650 RCV proposal
2018-05-29 18:59:07,655 appended malicious propose 95590d1be4 on top of 4884795d9e
2018-05-29 18:59:07,655 REINFORCEMENT SENT state
2018-05-29 18:59:07,657 SNT reinforcement
2018-05-29 18:59:07,731 RCV reinforcement
2018-05-29 18:59:07,920 RCV reinforcement info
2018-05-29 18:59:08,013 RCV reinforcement info
2018-05-29 18:59:09,256 RCV commit
2018-05-29 18:59:09,385 appended malicious commit 47cb7b1216 on top of 95590d1be4
2018-05-29 18:59:09,497 Weight: 89.5241941425077 #RFs 35
2018-05-29 18:59:09,497 weight: 89.5241941425077
2018-05-29 18:59:09,498 , 89.5241941425077
2018-05-29 18:59:09,511 MALICIOUS MINING state
2018-05-29 18:59:09,512 start mining - depth 18
2018-05-29 18:59:09,512 start mining - hash 47cb7b1216ef768c8af259e1abc6f1ae2319f2a34d103fe0148282e084bb23f3
2018-05-29 18:59:09,515 Hashing frequency: 3615
2018-05-29 18:59:10,268 RCV reinforcement info
2018-05-29 18:59:12,649 RCV malicious_prop_agreement
2018-05-29 18:59:12,736 RCV reinforcement info
2018-05-29 18:59:13,132 RCV reinforcement info
2018-05-29 18:59:14,347 RCV reinforcement info
2018-05-29 18:59:15,100 RCV reinforcement info
2018-05-29 18:59:15,196 RCV reinforcement info
2018-05-29 18:59:17,399 RF found but not transmitted
2018-05-29 18:59:17,792 RCV reinforcement info
2018-05-29 18:59:17,881 RCV reinforcement info
2018-05-29 18:59:20,600 RCV reinforcement info
2018-05-29 18:59:21,497 RCV reinforcement info
2018-05-29 18:59:21,886 RCV reinforcement info
2018-05-29 18:59:22,544 RCV reinforcement info
2018-05-29 18:59:22,824 RF found but not transmitted
2018-05-29 18:59:24,003 RCV reinforcement info
2018-05-29 18:59:24,901 RCV proposal
2018-05-29 18:59:24,905 appended honest propose 5365b0167c on top of 47cb7b1216
2018-05-29 18:59:24,993 RCV reinforcement
2018-05-29 18:59:25,011 RCV reinforcement
2018-05-29 18:59:25,015 RCV reinforcement
2018-05-29 18:59:26,448 RCV commit
2018-05-29 18:59:26,502 appended honest commit ee68a07dce on top of 5365b0167c
2018-05-29 18:59:26,532 Weight: 93.04167075218669 #RFs 13
2018-05-29 18:59:26,532 weight: 93.04167075218669
2018-05-29 18:59:26,533 , 93.04167075218669
2018-05-29 18:59:26,671 RCV proposal
2018-05-29 18:59:26,674 appended malicious propose 65793087e3 on top of 47cb7b1216
2018-05-29 18:59:26,675 REINFORCEMENT SENT state
2018-05-29 18:59:26,676 SNT reinforcement
2018-05-29 18:59:26,803 RCV reinforcement
2018-05-29 18:59:26,923 RCV reinforcement
2018-05-29 18:59:27,058 RCV reinforcement info
2018-05-29 18:59:27,934 RCV reinforcement info
2018-05-29 18:59:28,231 RCV commit
2018-05-29 18:59:28,299 appended malicious commit d30e62d6ba on top of 65793087e3
2018-05-29 18:59:28,342 Weight: 93.6321473219092 #RFs 15
2018-05-29 18:59:28,342 weight: 93.6321473219092
2018-05-29 18:59:28,343 , 93.6321473219092
2018-05-29 18:59:28,343 MALICIOUS MINING state
2018-05-29 18:59:28,344 start mining - depth 19
2018-05-29 18:59:28,344 start mining - hash d30e62d6ba7f8e770f49e9a5e0c8afef8633c5a1b007462783c5cbbb1c09f18d
2018-05-29 18:59:28,423 RCV reinforcement info
2018-05-29 18:59:29,001 RCV reinforcement info
2018-05-29 18:59:29,260 RCV reinforcement info
2018-05-29 18:59:29,667 RCV reinforcement info
2018-05-29 18:59:32,336 RCV reinforcement info
2018-05-29 18:59:32,374 RCV malicious_prop_agreement
2018-05-29 18:59:32,602 RF found but not transmitted
2018-05-29 18:59:32,625 RCV reinforcement info
2018-05-29 18:59:32,954 RF found but not transmitted
2018-05-29 18:59:33,216 RCV reinforcement info
2018-05-29 18:59:33,746 RCV reinforcement info
2018-05-29 18:59:34,040 RCV reinforcement info
2018-05-29 18:59:36,606 RCV reinforcement info
2018-05-29 18:59:37,255 RCV reinforcement info
2018-05-29 18:59:38,599 RCV reinforcement info
2018-05-29 18:59:39,069 RCV proposal
2018-05-29 18:59:39,076 appended honest propose d34b2c7f4a on top of ee68a07dce
2018-05-29 18:59:39,170 RCV reinforcement
2018-05-29 18:59:39,181 RCV reinforcement
2018-05-29 18:59:39,202 RCV reinforcement
2018-05-29 18:59:40,627 RCV commit
2018-05-29 18:59:40,677 appended honest commit 3163a9f2fc on top of d34b2c7f4a
2018-05-29 18:59:40,747 Weight: 97.72051868309478 #RFs 14
2018-05-29 18:59:40,747 weight: 97.72051868309478
2018-05-29 18:59:40,748 , 97.72051868309478
2018-05-29 18:59:40,748 Synchronizing branches
2018-05-29 18:59:40,748 start mining - depth 20
2018-05-29 18:59:40,749 start mining - hash 3163a9f2fc6d3a95fa331329b84e2d7a0d2c00000917d0fa2e0697bfa70cb912
2018-05-29 18:59:42,146 RF found but not transmitted
2018-05-29 18:59:45,794 RCV reinforcement info
2018-05-29 18:59:48,599 RCV reinforcement info
2018-05-29 18:59:50,462 RCV reinforcement info
2018-05-29 18:59:51,709 RCV reinforcement info
2018-05-29 18:59:52,362 RCV malicious_prop_agreement
2018-05-29 18:59:54,377 RCV reinforcement info
2018-05-29 18:59:55,429 RCV reinforcement info
2018-05-29 18:59:58,102 RF found but not transmitted
2018-05-29 18:59:59,106 RF found but not transmitted
2018-05-29 18:59:59,915 RCV reinforcement info
2018-05-29 19:00:01,707 RF found but not transmitted
2018-05-29 19:00:03,185 RCV reinforcement info
2018-05-29 19:00:03,942 RF found but not transmitted
2018-05-29 19:00:05,898 RCV proposal
2018-05-29 19:00:05,901 appended honest propose 578713bf69 on top of 3163a9f2fc
2018-05-29 19:00:06,021 RCV reinforcement
2018-05-29 19:00:06,042 RCV reinforcement
2018-05-29 19:00:06,052 RCV reinforcement
2018-05-29 19:00:06,281 RCV reinforcement info
2018-05-29 19:00:06,352 RCV reinforcement
2018-05-29 19:00:07,424 RCV commit
2018-05-29 19:00:07,469 appended honest commit 74ebdf4cb0 on top of 578713bf69
2018-05-29 19:00:07,512 Weight: 99.99653151457352 #RFs 9
2018-05-29 19:00:07,512 weight: 99.99653151457352
2018-05-29 19:00:07,512 , 99.99653151457352
2018-05-29 19:00:07,938 RCV proposal
2018-05-29 19:00:07,951 appended malicious propose eac4270d29 on top of 3163a9f2fc
2018-05-29 19:00:07,954 REINFORCEMENT SENT state
2018-05-29 19:00:07,959 SNT reinforcement
2018-05-29 19:00:08,202 RCV reinforcement
2018-05-29 19:00:08,288 RCV reinforcement
2018-05-29 19:00:09,305 RCV commit
2018-05-29 19:00:09,441 appended malicious commit 2e28b8e90c on top of eac4270d29
2018-05-29 19:00:09,554 Weight: 103.84115610373857 #RFs 21
2018-05-29 19:00:09,555 weight: 103.84115610373857
2018-05-29 19:00:09,556 , 103.84115610373857
2018-05-29 19:00:09,559 MALICIOUS MINING state
2018-05-29 19:00:09,559 start mining - depth 21
2018-05-29 19:00:09,560 start mining - hash 2e28b8e90cd31e80ecf51f465bc811714ba48132ec95954b7142d2f7aee8e7d2
2018-05-29 19:00:09,560 Hashing frequency: 3201
2018-05-29 19:00:12,676 RCV malicious_prop_agreement
2018-05-29 19:00:12,864 RCV reinforcement info
2018-05-29 19:00:13,355 RCV reinforcement info
2018-05-29 19:00:13,730 RCV reinforcement info
2018-05-29 19:00:13,889 RCV reinforcement info
2018-05-29 19:00:13,981 RCV reinforcement info
2018-05-29 19:00:14,134 RCV reinforcement info
2018-05-29 19:00:14,369 RCV reinforcement info
2018-05-29 19:00:15,458 RF found but not transmitted
2018-05-29 19:00:17,712 RCV reinforcement info
2018-05-29 19:00:17,817 RF found but not transmitted
2018-05-29 19:00:18,690 RCV proposal
2018-05-29 19:00:18,693 appended honest propose 7bcd3d17b0 on top of 2e28b8e90c
2018-05-29 19:00:18,793 RCV reinforcement
2018-05-29 19:00:18,803 RCV reinforcement
2018-05-29 19:00:18,813 RCV reinforcement
2018-05-29 19:00:20,234 RCV commit
2018-05-29 19:00:20,274 appended honest commit fcaa8790b2 on top of 7bcd3d17b0
2018-05-29 19:00:20,296 Weight: 106.07165745834284 #RFs 8
2018-05-29 19:00:20,296 weight: 106.07165745834284
2018-05-29 19:00:20,296 , 106.07165745834284
2018-05-29 19:00:20,427 RCV proposal
2018-05-29 19:00:20,430 appended malicious propose d0161075c4 on top of 2e28b8e90c
2018-05-29 19:00:20,430 REINFORCEMENT SENT state
2018-05-29 19:00:20,431 SNT reinforcement
2018-05-29 19:00:20,507 RCV reinforcement
2018-05-29 19:00:20,758 RCV reinforcement info
2018-05-29 19:00:21,114 RCV reinforcement info
2018-05-29 19:00:21,953 RCV commit
2018-05-29 19:00:21,969 appended malicious commit def479f60f on top of d0161075c4
2018-05-29 19:00:21,995 Weight: 105.65758466368978 #RFs 6
2018-05-29 19:00:21,995 weight: 105.65758466368978
2018-05-29 19:00:21,996 , 105.65758466368978
2018-05-29 19:00:21,996 MALICIOUS MINING state
2018-05-29 19:00:21,996 start mining - depth 22
2018-05-29 19:00:21,997 start mining - hash fcaa8790b232e918d85f5785a5766b4c182e7610d2c3e536c22953b203992fa9
2018-05-29 19:00:22,137 RCV reinforcement info
2018-05-29 19:00:22,288 RCV reinforcement info
2018-05-29 19:00:22,468 RCV reinforcement info
2018-05-29 19:00:22,757 RCV reinforcement info
2018-05-29 19:00:22,958 RCV reinforcement info
2018-05-29 19:00:23,172 RCV reinforcement info
2018-05-29 19:00:23,296 RF found but not transmitted
2018-05-29 19:00:24,654 RCV reinforcement info
2018-05-29 19:00:24,811 RCV reinforcement info
2018-05-29 19:00:25,749 RCV reinforcement info
2018-05-29 19:00:26,374 RCV reinforcement info
2018-05-29 19:00:27,498 RF found but not transmitted
2018-05-29 19:00:27,607 RCV reinforcement info
2018-05-29 19:00:29,012 RCV reinforcement info
2018-05-29 19:00:29,362 RCV reinforcement info
2018-05-29 19:00:29,644 RCV reinforcement info
2018-05-29 19:00:30,362 RCV reinforcement info
2018-05-29 19:00:31,724 RCV reinforcement info
2018-05-29 19:00:31,746 RF found but not transmitted
2018-05-29 19:00:32,184 RCV reinforcement info
2018-05-29 19:00:35,314 RF found but not transmitted
2018-05-29 19:00:36,741 RCV proposal
2018-05-29 19:00:36,744 appended honest propose 3be56bc174 on top of fcaa8790b2
2018-05-29 19:00:36,839 RCV reinforcement
2018-05-29 19:00:36,847 RCV reinforcement
2018-05-29 19:00:36,859 RCV reinforcement
2018-05-29 19:00:36,954 RCV reinforcement info
2018-05-29 19:00:37,024 RCV reinforcement
2018-05-29 19:00:37,372 RCV reinforcement info
2018-05-29 19:00:37,434 RCV reinforcement
2018-05-29 19:00:37,709 RCV reinforcement info
2018-05-29 19:00:37,788 RCV reinforcement
2018-05-29 19:00:38,335 RCV commit
2018-05-29 19:00:38,412 appended honest commit 8895477a55 on top of 3be56bc174
2018-05-29 19:00:38,515 Weight: 113.0023497887639 #RFs 22
2018-05-29 19:00:38,515 weight: 113.0023497887639
2018-05-29 19:00:38,515 , 113.0023497887639
2018-05-29 19:00:38,516 start mining - depth 23
2018-05-29 19:00:38,516 start mining - hash 8895477a553e525bcdafdd1c5fe82cff89be2987b3999af9e94a28e5309bdf9c
2018-05-29 19:00:38,829 RCV proposal
2018-05-29 19:00:38,833 appended honest propose 24a54fa076 on top of 8895477a55
2018-05-29 19:00:39,110 RCV reinforcement info
2018-05-29 19:00:39,170 RCV reinforcement
2018-05-29 19:00:39,239 RF found but not transmitted
2018-05-29 19:00:39,260 RCV reinforcement info
2018-05-29 19:00:39,326 RCV reinforcement
2018-05-29 19:00:40,077 RCV reinforcement info
2018-05-29 19:00:40,151 RCV reinforcement
2018-05-29 19:00:40,345 RCV commit
2018-05-29 19:00:40,355 appended honest commit 70b64b423d on top of 24a54fa076
2018-05-29 19:00:40,371 Weight: 114.67991977815672 #RFs 3
2018-05-29 19:00:40,371 weight: 114.67991977815672
2018-05-29 19:00:40,372 , 114.67991977815672
2018-05-29 19:00:40,372 start mining - depth 24
2018-05-29 19:00:40,373 start mining - hash 70b64b423d0cc7951bd29cb960d0dde5d04d1298d012ff27d723c59b083feba4
2018-05-29 19:00:40,599 RCV reinforcement info
2018-05-29 19:00:40,783 RF found but not transmitted
2018-05-29 19:00:41,922 RF found but not transmitted
2018-05-29 19:00:44,267 RCV reinforcement info
2018-05-29 19:00:50,191 RCV reinforcement info
2018-05-29 19:00:51,285 RF found but not transmitted
2018-05-29 19:00:52,298 RCV proposal
2018-05-29 19:00:52,301 appended honest propose 8f426697e1 on top of 70b64b423d
2018-05-29 19:00:52,431 RCV reinforcement
2018-05-29 19:00:52,450 RCV reinforcement
2018-05-29 19:00:52,956 RCV reinforcement info
2018-05-29 19:00:53,021 RCV reinforcement
2018-05-29 19:00:53,793 RCV commit
2018-05-29 19:00:53,820 appended honest commit d363cdf47f on top of 8f426697e1
2018-05-29 19:00:53,826 Weight: 115.98633620084844 #RFs 3
2018-05-29 19:00:53,826 weight: 115.98633620084844
2018-05-29 19:00:53,827 , 115.98633620084844
2018-05-29 19:00:53,827 start mining - depth 25
2018-05-29 19:00:53,828 start mining - hash d363cdf47f9ff6033e940b2b2d46290bf87b7e6f5919d1ce0939884e714b3ff9
2018-05-29 19:00:54,832 RCV reinforcement info
2018-05-29 19:00:56,081 RCV reinforcement info
2018-05-29 19:00:56,870 RCV reinforcement info
2018-05-29 19:00:58,546 RCV reinforcement info
2018-05-29 19:00:59,719 RCV reinforcement info
2018-05-29 19:01:00,639 RCV reinforcement info
2018-05-29 19:01:01,369 RCV malicious_prop_agreement
2018-05-29 19:01:05,889 RCV reinforcement info
2018-05-29 19:01:08,685 RCV reinforcement info
2018-05-29 19:01:11,645 RCV reinforcement info
2018-05-29 19:01:12,267 RCV reinforcement info
2018-05-29 19:01:12,787 RCV reinforcement info
2018-05-29 19:01:15,634 RCV reinforcement info
2018-05-29 19:01:17,060 RCV reinforcement info
2018-05-29 19:01:17,114 RCV reinforcement info
2018-05-29 19:01:17,973 RCV reinforcement info
2018-05-29 19:01:20,892 RCV proposal
2018-05-29 19:01:20,895 appended honest propose 0fa71732e1 on top of d363cdf47f
2018-05-29 19:01:20,942 RCV reinforcement info
2018-05-29 19:01:20,992 RCV reinforcement
2018-05-29 19:01:21,001 RCV reinforcement
2018-05-29 19:01:21,057 RCV reinforcement
2018-05-29 19:01:21,471 RCV reinforcement info
2018-05-29 19:01:21,531 RCV reinforcement
2018-05-29 19:01:21,973 RCV reinforcement info
2018-05-29 19:01:22,041 RCV reinforcement
2018-05-29 19:01:22,478 RCV commit
2018-05-29 19:01:22,542 appended honest commit 34e9f47dde on top of 0fa71732e1
2018-05-29 19:01:22,604 Weight: 119.24939824403589 #RFs 18
2018-05-29 19:01:22,604 weight: 119.24939824403589
2018-05-29 19:01:22,604 , 119.24939824403589
2018-05-29 19:01:22,748 RCV proposal
2018-05-29 19:01:22,751 appended malicious propose 8941f66817 on top of d363cdf47f
2018-05-29 19:01:22,752 REINFORCEMENT SENT state
2018-05-29 19:01:22,812 RCV reinforcement
2018-05-29 19:01:23,302 RCV reinforcement info
2018-05-29 19:01:23,799 RF found but not transmitted
2018-05-29 19:01:23,802 SNT reinforcement
2018-05-29 19:01:23,969 RCV reinforcement info
2018-05-29 19:01:24,226 RF found but not transmitted
2018-05-29 19:01:24,230 SNT reinforcement
2018-05-29 19:01:24,342 RCV commit
2018-05-29 19:01:24,401 appended malicious commit 750794a8fa on top of 8941f66817
2018-05-29 19:01:24,444 Weight: 120.24660326926619 #RFs 15
2018-05-29 19:01:24,444 weight: 120.24660326926619
2018-05-29 19:01:24,444 , 120.24660326926619
2018-05-29 19:01:24,445 MALICIOUS MINING state
2018-05-29 19:01:24,445 start mining - depth 26
2018-05-29 19:01:24,445 start mining - hash 750794a8fa58631076f25a27a4c1df3b57929edd774bcd0572f936e38737f40f
2018-05-29 19:01:24,445 Hashing frequency: 3997
2018-05-29 19:01:24,954 RCV reinforcement info
2018-05-29 19:01:25,392 RCV reinforcement info
2018-05-29 19:01:26,936 RCV reinforcement info
2018-05-29 19:01:27,098 RCV reinforcement info
2018-05-29 19:01:27,367 RF found but not transmitted
2018-05-29 19:01:29,429 RCV reinforcement info
2018-05-29 19:01:29,751 RCV reinforcement info
2018-05-29 19:01:30,104 RCV reinforcement info
2018-05-29 19:01:30,488 RCV reinforcement info
2018-05-29 19:01:32,559 RCV reinforcement info
2018-05-29 19:01:34,094 RCV reinforcement info
2018-05-29 19:01:35,028 RF found but not transmitted
2018-05-29 19:01:36,817 RCV reinforcement info
2018-05-29 19:01:37,706 RCV reinforcement info
2018-05-29 19:01:39,249 RCV reinforcement info
2018-05-29 19:01:39,252 RCV reinforcement info
2018-05-29 19:01:39,529 RCV reinforcement info
2018-05-29 19:01:39,882 RF found but not transmitted
2018-05-29 19:01:40,817 RCV malicious_prop_agreement
2018-05-29 19:01:40,896 RCV reinforcement info
2018-05-29 19:01:43,512 RCV reinforcement info
2018-05-29 19:01:44,638 RF found but not transmitted
2018-05-29 19:01:45,564 RF found but not transmitted
2018-05-29 19:01:45,897 RCV reinforcement info
2018-05-29 19:01:46,605 RF found but not transmitted
2018-05-29 19:01:47,658 RCV reinforcement info
2018-05-29 19:01:48,875 RCV proposal
2018-05-29 19:01:48,878 appended honest propose ebf9ab3035 on top of 34e9f47dde
2018-05-29 19:01:48,975 RCV reinforcement
2018-05-29 19:01:48,979 RCV reinforcement
2018-05-29 19:01:48,988 RCV reinforcement
2018-05-29 19:01:49,660 RF found but not transmitted
2018-05-29 19:01:50,507 RCV commit
2018-05-29 19:01:50,598 appended honest commit f4107333b7 on top of ebf9ab3035
2018-05-29 19:01:50,656 Weight: 124.15080767136828 #RFs 21
2018-05-29 19:01:50,656 weight: 124.15080767136828
2018-05-29 19:01:50,657 , 124.15080767136828
2018-05-29 19:01:50,662 Synchronizing branches
2018-05-29 19:01:50,665 start mining - depth 27
2018-05-29 19:01:50,666 start mining - hash f4107333b7422cb7b4c8c22db0f6a3ad4e5cbf54d55f0adb492b2926dbdafcff
2018-05-29 19:01:51,835 RCV proposal
2018-05-29 19:01:51,838 appended honest propose a95f2c8157 on top of f4107333b7
2018-05-29 19:01:52,019 RCV reinforcement info
2018-05-29 19:01:52,089 RCV reinforcement
2018-05-29 19:01:53,357 RCV commit
2018-05-29 19:01:53,357 appended honest commit e37b8cea87 on top of a95f2c8157
2018-05-29 19:01:53,358 Weight: 125.15080767136828 #RFs 0
2018-05-29 19:01:53,358 weight: 125.15080767136828
2018-05-29 19:01:53,358 , 125.15080767136828
2018-05-29 19:01:53,359 start mining - depth 28
2018-05-29 19:01:53,359 start mining - hash e37b8cea8728f379bbe6fb65562bb1218607e13d8cabef8c9b01c6fed22004ad
2018-05-29 19:01:54,725 RCV reinforcement info
2018-05-29 19:01:57,294 RF found but not transmitted
2018-05-29 19:01:57,368 RCV reinforcement info
2018-05-29 19:01:58,979 RCV proposal
2018-05-29 19:01:58,981 appended honest propose 3c64d88279 on top of e37b8cea87
2018-05-29 19:02:00,488 RCV commit
2018-05-29 19:02:00,493 appended honest commit ccf5e4fc7c on top of 3c64d88279
2018-05-29 19:02:00,498 Weight: 126.61278090401876 #RFs 2
2018-05-29 19:02:00,498 weight: 126.61278090401876
2018-05-29 19:02:00,498 , 126.61278090401876
2018-05-29 19:02:00,500 start mining - depth 29
2018-05-29 19:02:00,501 start mining - hash ccf5e4fc7ca00a5ab950e8a6008d1aa8bb4683e2c971d78edfc8783980eebfbd
2018-05-29 19:02:00,760 RCV proposal
2018-05-29 19:02:00,762 appended honest propose 4e96d852c5 on top of ccf5e4fc7c
2018-05-29 19:02:00,774 RCV reinforcement info
2018-05-29 19:02:00,840 RF found but not transmitted
2018-05-29 19:02:00,877 RCV reinforcement
2018-05-29 19:02:01,351 RCV reinforcement info
2018-05-29 19:02:01,467 RCV reinforcement
2018-05-29 19:02:01,664 RF found but not transmitted
2018-05-29 19:02:02,336 RCV commit
2018-05-29 19:02:02,342 appended honest commit 702998a727 on top of 4e96d852c5
2018-05-29 19:02:02,353 Weight: 127.83445225706267 #RFs 2
2018-05-29 19:02:02,353 weight: 127.83445225706267
2018-05-29 19:02:02,355 , 127.83445225706267
2018-05-29 19:02:02,356 start mining - depth 30
2018-05-29 19:02:02,356 start mining - hash 702998a727cb5061951448073a6fac9fd31759ed16421c2ea1b1c1178de790ed
2018-05-29 19:02:02,481 RCV reinforcement info
2018-05-29 19:02:03,014 RF found but not transmitted
2018-05-29 19:02:03,117 RCV proposal
2018-05-29 19:02:03,119 appended honest propose ed6b6028cb on top of 702998a727
2018-05-29 19:02:03,203 RCV reinforcement
2018-05-29 19:02:03,629 RF found but not transmitted
2018-05-29 19:02:04,019 RCV reinforcement info
2018-05-29 19:02:04,141 RCV reinforcement
2018-05-29 19:02:04,627 RCV commit
2018-05-29 19:02:04,635 appended honest commit d8a8be9808 on top of ed6b6028cb
2018-05-29 19:02:04,647 Weight: 129.00120144756002 #RFs 2
2018-05-29 19:02:04,648 weight: 129.00120144756002
2018-05-29 19:02:04,648 , 129.00120144756002
2018-05-29 19:02:04,648 start mining - depth 31
2018-05-29 19:02:04,649 start mining - hash d8a8be9808e459f4da7e4fdde7488e9b7081b8d2b781a160a1a97b4c75f45a91
2018-05-29 19:02:05,244 RCV reinforcement info
2018-05-29 19:02:06,446 RCV reinforcement info
2018-05-29 19:02:07,998 RCV reinforcement info
2018-05-29 19:02:08,245 RCV reinforcement info
2018-05-29 19:02:10,142 RF found but not transmitted
2018-05-29 19:02:11,826 RCV malicious_prop_agreement
2018-05-29 19:02:13,739 RCV reinforcement info
2018-05-29 19:02:15,773 RCV reinforcement info
2018-05-29 19:02:17,970 RCV reinforcement info
2018-05-29 19:02:18,490 RCV reinforcement info
2018-05-29 19:02:18,582 RCV reinforcement info
2018-05-29 19:02:18,750 RF found but not transmitted
2018-05-29 19:02:19,215 RCV reinforcement info
2018-05-29 19:02:19,560 RF found but not transmitted
2018-05-29 19:02:20,459 RCV reinforcement info
2018-05-29 19:02:20,709 RCV reinforcement info
2018-05-29 19:02:21,076 RCV reinforcement info
2018-05-29 19:02:22,752 RCV reinforcement info
2018-05-29 19:02:23,553 RCV reinforcement info
2018-05-29 19:02:24,361 RCV reinforcement info
2018-05-29 19:02:25,823 RF found but not transmitted
2018-05-29 19:02:26,098 RCV reinforcement info
2018-05-29 19:02:27,308 RCV reinforcement info
2018-05-29 19:02:27,483 RCV reinforcement info
2018-05-29 19:02:30,175 RCV reinforcement info
2018-05-29 19:02:30,254 RCV reinforcement info
2018-05-29 19:02:30,644 RCV reinforcement info
2018-05-29 19:02:30,987 RCV reinforcement info
2018-05-29 19:02:31,478 RF found but not transmitted
2018-05-29 19:02:34,554 RCV reinforcement info
2018-05-29 19:02:34,996 RCV proposal
2018-05-29 19:02:34,999 appended honest propose ce58bd17d0 on top of d8a8be9808
2018-05-29 19:02:35,075 RCV reinforcement
2018-05-29 19:02:35,079 RCV reinforcement
2018-05-29 19:02:35,134 RCV reinforcement
2018-05-29 19:02:35,465 RCV reinforcement info
2018-05-29 19:02:35,534 RCV reinforcement
2018-05-29 19:02:35,640 RCV reinforcement info
2018-05-29 19:02:35,714 RCV reinforcement
2018-05-29 19:02:35,768 RCV reinforcement info
2018-05-29 19:02:35,859 RCV reinforcement
2018-05-29 19:02:36,699 RCV commit
2018-05-29 19:02:36,793 appended honest commit f2d290eb2d on top of ce58bd17d0
2018-05-29 19:02:36,883 Weight: 135.15030080541825 #RFs 25
2018-05-29 19:02:36,883 weight: 135.15030080541825
2018-05-29 19:02:36,883 , 135.15030080541825
2018-05-29 19:02:37,172 RCV proposal
2018-05-29 19:02:37,176 appended malicious propose 68e522b03c on top of d8a8be9808
2018-05-29 19:02:37,177 REINFORCEMENT SENT state
2018-05-29 19:02:37,183 SNT reinforcement
2018-05-29 19:02:37,337 RCV reinforcement
2018-05-29 19:02:37,473 RCV reinforcement info
2018-05-29 19:02:38,326 RCV reinforcement info
2018-05-29 19:02:38,551 RF found but not transmitted
2018-05-29 19:02:38,553 SNT reinforcement
2018-05-29 19:02:38,733 RCV commit
2018-05-29 19:02:38,877 appended malicious commit 09532a691d on top of 68e522b03c
2018-05-29 19:02:38,963 Weight: 135.77559493013513 #RFs 25
2018-05-29 19:02:38,963 weight: 135.77559493013513
2018-05-29 19:02:38,963 , 135.77559493013513
2018-05-29 19:02:38,965 MALICIOUS MINING state
2018-05-29 19:02:38,965 start mining - depth 32
2018-05-29 19:02:38,966 start mining - hash 09532a691d849e7bc16302408f1a97d3442db1b89836835c68280229aba23cdf
2018-05-29 19:02:38,966 Hashing frequency: 4019
2018-05-29 19:02:38,970 RCV reinforcement
2018-05-29 19:02:40,531 RCV reinforcement info
2018-05-29 19:02:41,256 RCV reinforcement info
2018-05-29 19:02:43,048 RCV reinforcement info
2018-05-29 19:02:44,232 RCV reinforcement info
2018-05-29 19:02:44,927 RCV reinforcement info
2018-05-29 19:02:45,190 RCV reinforcement info
2018-05-29 19:02:45,235 RCV reinforcement info
2018-05-29 19:02:46,343 RCV reinforcement info
2018-05-29 19:02:47,804 RCV reinforcement info
2018-05-29 19:02:47,977 RF found but not transmitted
2018-05-29 19:02:48,089 RCV reinforcement info
2018-05-29 19:02:49,266 RCV reinforcement info
2018-05-29 19:02:49,728 RCV reinforcement info
2018-05-29 19:02:51,500 RCV malicious_prop_agreement
2018-05-29 19:02:52,416 RF found but not transmitted
2018-05-29 19:02:54,205 RCV reinforcement info
2018-05-29 19:02:59,087 RCV reinforcement info
2018-05-29 19:02:59,146 RCV reinforcement info
2018-05-29 19:02:59,896 RCV reinforcement info
2018-05-29 19:02:59,991 RCV reinforcement info
2018-05-29 19:03:01,451 RCV reinforcement info
2018-05-29 19:03:02,848 RCV reinforcement info
2018-05-29 19:03:04,551 RCV reinforcement info
2018-05-29 19:03:05,906 RCV reinforcement info
2018-05-29 19:03:06,068 RCV reinforcement info
2018-05-29 19:03:06,730 RCV reinforcement info
2018-05-29 19:03:08,646 RCV reinforcement info
2018-05-29 19:03:08,873 RCV reinforcement info
2018-05-29 19:03:09,897 RCV proposal
2018-05-29 19:03:09,901 appended honest propose af32dbda78 on top of f2d290eb2d
2018-05-29 19:03:09,923 RCV reinforcement info
2018-05-29 19:03:10,021 RCV reinforcement
2018-05-29 19:03:10,080 RCV reinforcement
2018-05-29 19:03:10,102 RCV reinforcement
2018-05-29 19:03:11,342 RCV commit
2018-05-29 19:03:11,475 appended honest commit da2355d2ff on top of af32dbda78
2018-05-29 19:03:11,650 Weight: 141.74618520350518 #RFs 28
2018-05-29 19:03:11,650 weight: 141.74618520350518
2018-05-29 19:03:11,651 , 141.74618520350518
2018-05-29 19:03:11,654 Synchronizing branches
2018-05-29 19:03:11,654 start mining - depth 33
2018-05-29 19:03:11,655 start mining - hash da2355d2ff4c168e42a632881e32428b50deabc17fb62c0883cabd19ed7633f8
2018-05-29 19:03:11,880 RCV reinforcement info
2018-05-29 19:03:12,770 RF found but not transmitted
2018-05-29 19:03:12,790 RCV reinforcement info
2018-05-29 19:03:13,832 RF found but not transmitted
2018-05-29 19:03:14,653 RCV reinforcement info
2018-05-29 19:03:14,828 RCV reinforcement info
2018-05-29 19:03:15,010 RCV reinforcement info
2018-05-29 19:03:16,310 RF found but not transmitted
2018-05-29 19:03:18,431 RCV reinforcement info
2018-05-29 19:03:18,834 RCV malicious_prop_agreement
2018-05-29 19:03:19,319 RCV reinforcement info
2018-05-29 19:03:19,803 RCV reinforcement info
2018-05-29 19:03:19,859 RF found but not transmitted
2018-05-29 19:03:20,658 RCV reinforcement info
2018-05-29 19:03:21,316 RCV reinforcement info
2018-05-29 19:03:21,852 RCV reinforcement info
2018-05-29 19:03:21,965 RCV reinforcement info
2018-05-29 19:03:22,492 RCV reinforcement info
2018-05-29 19:03:24,184 RCV reinforcement info
2018-05-29 19:03:24,353 RCV reinforcement info
2018-05-29 19:03:25,037 RCV reinforcement info
2018-05-29 19:03:25,598 RF found but not transmitted
2018-05-29 19:03:25,977 RCV reinforcement info
2018-05-29 19:03:26,386 RCV reinforcement info
2018-05-29 19:03:26,925 RCV reinforcement info
2018-05-29 19:03:27,058 RCV reinforcement info
2018-05-29 19:03:27,685 RCV reinforcement info
2018-05-29 19:03:30,788 RCV reinforcement info
2018-05-29 19:03:33,798 RCV reinforcement info
2018-05-29 19:03:34,991 RF found but not transmitted
2018-05-29 19:03:35,791 RCV reinforcement info
2018-05-29 19:03:37,793 RCV reinforcement info
2018-05-29 19:03:40,543 RCV reinforcement info
2018-05-29 19:03:41,001 RCV reinforcement info
2018-05-29 19:03:41,970 RCV reinforcement info
2018-05-29 19:03:43,785 RCV reinforcement info
2018-05-29 19:03:44,158 RCV reinforcement info
2018-05-29 19:03:44,240 RF found but not transmitted
2018-05-29 19:03:45,023 RCV reinforcement info
2018-05-29 19:03:45,398 RCV reinforcement info
2018-05-29 19:03:45,443 RCV reinforcement info
2018-05-29 19:03:45,776 RCV reinforcement info
2018-05-29 19:03:46,502 RF found but not transmitted
2018-05-29 19:03:47,771 RCV reinforcement info
2018-05-29 19:03:48,137 RCV proposal
2018-05-29 19:03:48,141 appended honest propose d18adfa58b on top of da2355d2ff
2018-05-29 19:03:48,259 RCV reinforcement
2018-05-29 19:03:48,275 RCV reinforcement
2018-05-29 19:03:48,281 RCV reinforcement
2018-05-29 19:03:49,045 RCV reinforcement info
2018-05-29 19:03:49,143 RCV reinforcement
2018-05-29 19:03:49,424 RCV reinforcement info
2018-05-29 19:03:49,506 RCV reinforcement
2018-05-29 19:03:49,581 RCV reinforcement info
2018-05-29 19:03:49,666 RCV reinforcement
2018-05-29 19:03:49,891 RCV commit
2018-05-29 19:03:49,994 appended honest commit 561361acda on top of d18adfa58b
2018-05-29 19:03:50,237 Weight: 148.29790183071663 #RFs 36
2018-05-29 19:03:50,238 weight: 148.29790183071663
2018-05-29 19:03:50,238 , 148.29790183071663
2018-05-29 19:03:50,420 RCV proposal
2018-05-29 19:03:50,424 appended malicious propose 2ee6734968 on top of da2355d2ff
2018-05-29 19:03:50,425 REINFORCEMENT SENT state
2018-05-29 19:03:50,428 SNT reinforcement
2018-05-29 19:03:50,545 RCV reinforcement
2018-05-29 19:03:50,696 RCV reinforcement info
2018-05-29 19:03:50,979 RCV reinforcement
2018-05-29 19:03:51,502 RCV proposal
2018-05-29 19:03:51,504 appended honest propose a3f5a84897 on top of 561361acda
2018-05-29 19:03:51,567 RCV reinforcement
2018-05-29 19:03:51,651 RCV reinforcement info
2018-05-29 19:03:51,716 RCV reinforcement
2018-05-29 19:03:51,891 RCV reinforcement
2018-05-29 19:03:52,012 RCV reinforcement info
2018-05-29 19:03:52,072 RCV commit
2018-05-29 19:03:52,216 appended malicious commit 7136afc79a on top of 2ee6734968
2018-05-29 19:03:52,337 Weight: 150.10203187832843 #RFs 33
2018-05-29 19:03:52,337 weight: 150.10203187832843
2018-05-29 19:03:52,337 , 150.10203187832843
2018-05-29 19:03:52,360 MALICIOUS MINING state
2018-05-29 19:03:52,360 start mining - depth 34
2018-05-29 19:03:52,360 start mining - hash 7136afc79aa62cba72e675a157ae3061b3aa4eedbc63298440f3c1d6ff3ef9da
2018-05-29 19:03:52,361 Hashing frequency: 3892
2018-05-29 19:03:52,371 RCV reinforcement
2018-05-29 19:03:53,027 RCV commit
2018-05-29 19:03:53,033 appended honest commit 6c30553f1d on top of a3f5a84897
2018-05-29 19:03:53,041 Weight: 149.45595935878976 #RFs 2
2018-05-29 19:03:53,042 weight: 149.45595935878976
2018-05-29 19:03:53,042 , 149.45595935878976
2018-05-29 19:03:53,043 Synchronizing branches
2018-05-29 19:03:53,043 start mining - depth 34
2018-05-29 19:03:53,043 start mining - hash 7136afc79aa62cba72e675a157ae3061b3aa4eedbc63298440f3c1d6ff3ef9da
2018-05-29 19:03:58,082 RCV reinforcement info
2018-05-29 19:03:58,094 RCV reinforcement info
2018-05-29 19:03:59,747 RCV reinforcement info
2018-05-29 19:03:59,903 RCV reinforcement info
2018-05-29 19:04:00,199 RCV proposal
2018-05-29 19:04:00,201 appended honest propose f34820911e on top of 6c30553f1d
2018-05-29 19:04:00,322 RCV reinforcement
2018-05-29 19:04:00,358 RCV reinforcement
2018-05-29 19:04:01,721 RCV commit
2018-05-29 19:04:01,741 appended honest commit 7496c799c3 on top of f34820911e
2018-05-29 19:04:01,755 Weight: 151.6494808613454 #RFs 4
2018-05-29 19:04:01,755 weight: 151.6494808613454
2018-05-29 19:04:01,755 , 151.6494808613454
2018-05-29 19:04:01,756 Synchronizing branches
2018-05-29 19:04:01,756 start mining - depth 36
2018-05-29 19:04:01,757 start mining - hash 7496c799c3721ec56399c8035e8b2782e2c1a5600b689ce01a1c53b2af21d1da
2018-05-29 19:04:02,039 RCV reinforcement info
2018-05-29 19:04:03,084 RCV reinforcement info
2018-05-29 19:04:04,441 RCV proposal
2018-05-29 19:04:04,444 appended honest propose d8961ef80a on top of 7496c799c3
2018-05-29 19:04:04,539 RCV reinforcement
2018-05-29 19:04:05,971 RCV commit
2018-05-29 19:04:05,978 appended honest commit 192f6215f5 on top of d8961ef80a
2018-05-29 19:04:05,991 Weight: 153.77313865399066 #RFs 2
2018-05-29 19:04:05,992 weight: 153.77313865399066
2018-05-29 19:04:05,992 , 153.77313865399066
2018-05-29 19:04:05,993 start mining - depth 37
2018-05-29 19:04:05,993 start mining - hash 192f6215f5f5913f978fbb19ea55ed51dc49d28da1fe131be9d75007d9b16bed
2018-05-29 19:04:07,583 RCV reinforcement info
2018-05-29 19:04:07,940 RF found but not transmitted
2018-05-29 19:04:08,814 RF found but not transmitted
2018-05-29 19:04:08,869 RCV reinforcement info
2018-05-29 19:04:09,007 RCV reinforcement info
2018-05-29 19:04:09,534 RCV reinforcement info
2018-05-29 19:04:09,969 RCV malicious_prop_agreement
2018-05-29 19:04:11,418 RCV reinforcement info
2018-05-29 19:04:12,257 RCV reinforcement info
2018-05-29 19:04:12,728 RCV reinforcement info
2018-05-29 19:04:13,389 RF found but not transmitted
2018-05-29 19:04:13,673 RF found but not transmitted
2018-05-29 19:04:13,833 RCV reinforcement info
2018-05-29 19:04:13,992 RCV reinforcement info
2018-05-29 19:04:16,067 RCV reinforcement info
2018-05-29 19:04:16,302 RF found but not transmitted
2018-05-29 19:04:16,415 RF found but not transmitted
2018-05-29 19:04:17,092 RF found but not transmitted
2018-05-29 19:04:17,584 RCV reinforcement info
2018-05-29 19:04:18,160 RCV reinforcement info
2018-05-29 19:04:19,604 RF found but not transmitted
2018-05-29 19:04:19,676 RF found but not transmitted
2018-05-29 19:04:20,351 RCV reinforcement info
2018-05-29 19:04:20,528 RCV reinforcement info
2018-05-29 19:04:21,217 RF found but not transmitted
2018-05-29 19:04:21,236 RCV reinforcement info
2018-05-29 19:04:23,467 RCV reinforcement info
2018-05-29 19:04:25,517 RCV reinforcement info
2018-05-29 19:04:26,072 RCV reinforcement info
2018-05-29 19:04:26,577 RF found but not transmitted
2018-05-29 19:04:27,685 RCV reinforcement info
2018-05-29 19:04:27,762 RCV proposal
2018-05-29 19:04:27,765 appended honest propose 1ff8c68a7d on top of 192f6215f5
2018-05-29 19:04:27,902 RCV reinforcement
2018-05-29 19:04:27,946 RCV reinforcement
2018-05-29 19:04:27,958 RCV reinforcement
2018-05-29 19:04:28,135 RCV reinforcement info
2018-05-29 19:04:28,270 RCV reinforcement
2018-05-29 19:04:28,416 RCV reinforcement info
2018-05-29 19:04:28,565 RCV reinforcement
2018-05-29 19:04:28,589 RCV reinforcement info
2018-05-29 19:04:28,830 RCV reinforcement
2018-05-29 19:04:29,401 RCV commit
2018-05-29 19:04:29,518 appended honest commit f84b8e28dd on top of 1ff8c68a7d
2018-05-29 19:04:29,614 Weight: 158.73033596535103 #RFs 21
2018-05-29 19:04:29,614 weight: 158.73033596535103
2018-05-29 19:04:29,614 , 158.73033596535103
2018-05-29 19:04:29,968 RCV proposal
2018-05-29 19:04:29,970 appended malicious propose c2ab4b6885 on top of 192f6215f5
2018-05-29 19:04:29,971 REINFORCEMENT SENT state
2018-05-29 19:04:29,972 SNT reinforcement
2018-05-29 19:04:30,107 RCV reinforcement
2018-05-29 19:04:30,190 RCV reinforcement
2018-05-29 19:04:30,410 RF found but not transmitted
2018-05-29 19:04:30,415 SNT reinforcement
2018-05-29 19:04:31,477 RCV commit
2018-05-29 19:04:31,566 appended malicious commit e05712cb1a on top of c2ab4b6885
2018-05-29 19:04:31,703 Weight: 160.69449755862016 #RFs 27
2018-05-29 19:04:31,703 weight: 160.69449755862016
2018-05-29 19:04:31,704 , 160.69449755862016
2018-05-29 19:04:31,706 MALICIOUS MINING state
2018-05-29 19:04:31,706 start mining - depth 38
2018-05-29 19:04:31,707 start mining - hash e05712cb1a2732d55b51b1f23cb7059ff301c622eaa2019fc9e9287fef278b0d
2018-05-29 19:04:32,916 RCV reinforcement info
2018-05-29 19:04:32,988 RF found but not transmitted
2018-05-29 19:04:33,173 RF found but not transmitted
2018-05-29 19:04:34,382 RCV reinforcement info
2018-05-29 19:04:35,256 RCV reinforcement info
2018-05-29 19:04:38,098 RCV malicious_prop_agreement
2018-05-29 19:04:39,169 RCV reinforcement info
2018-05-29 19:04:39,853 RCV reinforcement info
2018-05-29 19:04:40,137 RCV reinforcement info
2018-05-29 19:04:40,265 RF found but not transmitted
2018-05-29 19:04:40,431 RCV reinforcement info
2018-05-29 19:04:41,152 RCV reinforcement info
2018-05-29 19:04:41,253 RCV reinforcement info
2018-05-29 19:04:43,074 RF found but not transmitted
2018-05-29 19:04:43,215 RCV reinforcement info
2018-05-29 19:04:43,966 RCV reinforcement info
2018-05-29 19:04:44,577 RF found but not transmitted
2018-05-29 19:04:45,541 RCV reinforcement info
2018-05-29 19:04:45,636 RCV reinforcement info
2018-05-29 19:04:45,925 RF found but not transmitted
2018-05-29 19:04:46,483 RCV reinforcement info
2018-05-29 19:04:46,677 RF found but not transmitted
2018-05-29 19:04:46,856 RCV reinforcement info
2018-05-29 19:04:48,831 RCV reinforcement info
2018-05-29 19:04:49,404 RF found but not transmitted
2018-05-29 19:04:49,456 RCV reinforcement info
2018-05-29 19:04:50,385 RCV reinforcement info
2018-05-29 19:04:50,727 RF found but not transmitted
2018-05-29 19:04:52,818 RCV reinforcement info
2018-05-29 19:04:52,878 RCV reinforcement info
2018-05-29 19:04:53,581 RCV reinforcement info
2018-05-29 19:04:53,928 RCV reinforcement info
2018-05-29 19:04:54,706 RCV reinforcement info
2018-05-29 19:04:55,381 RCV reinforcement info
2018-05-29 19:04:56,623 RCV reinforcement info
2018-05-29 19:04:58,885 RCV reinforcement info
2018-05-29 19:05:00,209 RF found but not transmitted
2018-05-29 19:05:00,645 RCV reinforcement info
2018-05-29 19:05:00,775 RCV reinforcement info
2018-05-29 19:05:01,488 RCV reinforcement info
2018-05-29 19:05:01,685 RCV reinforcement info
2018-05-29 19:05:01,825 RCV reinforcement info
2018-05-29 19:05:02,171 RCV reinforcement info
2018-05-29 19:05:02,898 RCV reinforcement info
2018-05-29 19:05:03,298 RF found but not transmitted
2018-05-29 19:05:05,418 RCV reinforcement info
2018-05-29 19:05:06,643 RCV reinforcement info
2018-05-29 19:05:07,255 RF found but not transmitted
2018-05-29 19:05:07,773 RCV reinforcement info
2018-05-29 19:05:10,444 RCV reinforcement info
2018-05-29 19:05:11,024 RCV reinforcement info
2018-05-29 19:05:11,138 RCV reinforcement info
2018-05-29 19:05:12,287 RF found but not transmitted
2018-05-29 19:05:12,880 RCV reinforcement info
2018-05-29 19:05:14,185 RCV reinforcement info
2018-05-29 19:05:15,169 RCV reinforcement info
2018-05-29 19:05:16,962 RCV reinforcement info
2018-05-29 19:05:17,045 RCV reinforcement info
2018-05-29 19:05:17,851 RCV reinforcement info
2018-05-29 19:05:17,928 RCV reinforcement info
2018-05-29 19:05:18,223 RCV reinforcement info
2018-05-29 19:05:18,310 RCV reinforcement info
2018-05-29 19:05:18,740 RCV reinforcement info
2018-05-29 19:05:20,031 RCV proposal
2018-05-29 19:05:20,035 appended honest propose 6dd4fba088 on top of e05712cb1a
2018-05-29 19:05:20,145 RCV reinforcement
2018-05-29 19:05:20,149 RCV reinforcement
2018-05-29 19:05:20,182 RCV reinforcement
2018-05-29 19:05:21,759 RCV commit
2018-05-29 19:05:21,976 appended honest commit 5625b722cc on top of 6dd4fba088
2018-05-29 19:05:22,229 Weight: 170.49070605260067 #RFs 49
2018-05-29 19:05:22,229 weight: 170.49070605260067
2018-05-29 19:05:22,229 , 170.49070605260067
2018-05-29 19:05:22,373 RCV proposal
2018-05-29 19:05:22,385 appended malicious propose 7be28e686e on top of e05712cb1a
2018-05-29 19:05:22,386 REINFORCEMENT SENT state
2018-05-29 19:05:22,387 SNT reinforcement
2018-05-29 19:05:22,477 RCV reinforcement
2018-05-29 19:05:23,131 RF found but not transmitted
2018-05-29 19:05:23,133 SNT reinforcement
2018-05-29 19:05:23,368 RCV reinforcement info
2018-05-29 19:05:23,785 RCV reinforcement info
2018-05-29 19:05:23,972 RCV commit
2018-05-29 19:05:24,098 appended malicious commit 5668355a20 on top of 7be28e686e
2018-05-29 19:05:24,230 Weight: 167.44377808919947 #RFs 32
2018-05-29 19:05:24,230 weight: 167.44377808919947
2018-05-29 19:05:24,231 , 167.44377808919947
2018-05-29 19:05:24,243 MALICIOUS MINING state
2018-05-29 19:05:24,243 start mining - depth 39
2018-05-29 19:05:24,244 start mining - hash 5625b722cc2c19466f725e718a0eff0b2339006456cbec78b9269606e2b2efec
2018-05-29 19:05:24,247 Hashing frequency: 4844
2018-05-29 19:05:24,429 RCV reinforcement info
2018-05-29 19:05:24,647 RCV reinforcement info
2018-05-29 19:05:27,798 RCV reinforcement info
2018-05-29 19:05:28,235 RCV reinforcement info
2018-05-29 19:05:28,494 RCV malicious_prop_agreement
2018-05-29 19:05:28,706 RCV reinforcement info
2018-05-29 19:05:28,980 RF found but not transmitted
2018-05-29 19:05:29,440 RCV reinforcement info
2018-05-29 19:05:30,874 RF found but not transmitted
2018-05-29 19:05:31,180 RCV reinforcement info
2018-05-29 19:05:34,414 RCV reinforcement info
2018-05-29 19:05:34,767 RCV reinforcement info
2018-05-29 19:05:35,019 RCV reinforcement info
2018-05-29 19:05:35,899 RCV reinforcement info
2018-05-29 19:05:36,224 RCV reinforcement info
2018-05-29 19:05:38,128 RCV reinforcement info
2018-05-29 19:05:39,681 RCV reinforcement info
2018-05-29 19:05:42,704 RCV reinforcement info
2018-05-29 19:05:43,772 RCV reinforcement info
2018-05-29 19:05:44,028 RCV reinforcement info
2018-05-29 19:05:44,565 RCV reinforcement info
2018-05-29 19:05:44,810 RCV reinforcement info
2018-05-29 19:05:45,696 RCV reinforcement info
2018-05-29 19:05:46,564 RF found but not transmitted
2018-05-29 19:05:47,160 RCV reinforcement info
2018-05-29 19:05:48,668 RCV reinforcement info
2018-05-29 19:05:49,954 RCV reinforcement info
2018-05-29 19:05:50,383 RF found but not transmitted
2018-05-29 19:05:52,011 RCV reinforcement info
2018-05-29 19:05:52,037 RCV reinforcement info
2018-05-29 19:05:52,769 RCV reinforcement info
2018-05-29 19:05:53,754 RF found but not transmitted
2018-05-29 19:05:53,883 RCV reinforcement info
2018-05-29 19:05:58,923 RCV reinforcement info
2018-05-29 19:06:01,172 RF found but not transmitted
2018-05-29 19:06:01,875 RCV reinforcement info
2018-05-29 19:06:04,074 RCV reinforcement info
2018-05-29 19:06:05,509 RF found but not transmitted
2018-05-29 19:06:08,574 RCV reinforcement info
2018-05-29 19:06:10,296 RCV proposal
2018-05-29 19:06:10,300 appended honest propose 571e30252c on top of 5625b722cc
2018-05-29 19:06:10,392 RCV reinforcement
2018-05-29 19:06:10,403 RCV reinforcement
2018-05-29 19:06:10,423 RCV reinforcement
2018-05-29 19:06:11,297 RCV reinforcement info
2018-05-29 19:06:11,371 RCV reinforcement
2018-05-29 19:06:11,620 RF found but not transmitted
2018-05-29 19:06:11,924 RCV commit
2018-05-29 19:06:12,125 appended honest commit 82472ecabe on top of 571e30252c
2018-05-29 19:06:12,304 Weight: 176.86076928016084 #RFs 34
2018-05-29 19:06:12,304 weight: 176.86076928016084
2018-05-29 19:06:12,304 , 176.86076928016084
2018-05-29 19:06:12,321 RCV reinforcement info
2018-05-29 19:06:12,502 RCV proposal
2018-05-29 19:06:12,506 appended malicious propose 0eb65f4f58 on top of 5625b722cc
2018-05-29 19:06:12,506 REINFORCEMENT SENT state
2018-05-29 19:06:12,507 SNT reinforcement
2018-05-29 19:06:12,649 RCV proposal
2018-05-29 19:06:12,653 appended honest propose 8e2499ad60 on top of 82472ecabe
2018-05-29 19:06:12,657 RCV reinforcement
2018-05-29 19:06:12,705 RCV reinforcement
2018-05-29 19:06:13,231 RCV reinforcement info
2018-05-29 19:06:13,295 RCV reinforcement
2018-05-29 19:06:13,520 RCV reinforcement
2018-05-29 19:06:14,051 RCV commit
2018-05-29 19:06:14,058 appended honest commit 4d42d70f11 on top of 8e2499ad60
2018-05-29 19:06:14,079 Weight: 178.01343684321313 #RFs 2
2018-05-29 19:06:14,079 weight: 178.01343684321313
2018-05-29 19:06:14,079 , 178.01343684321313
2018-05-29 19:06:14,122 RCV commit
2018-05-29 19:06:14,258 appended malicious commit 8837544405 on top of 0eb65f4f58
2018-05-29 19:06:14,375 Weight: 175.65097454420413 #RFs 26
2018-05-29 19:06:14,375 weight: 175.65097454420413
2018-05-29 19:06:14,375 , 175.65097454420413
2018-05-29 19:06:14,376 MALICIOUS MINING state
2018-05-29 19:06:14,376 start mining - depth 41
2018-05-29 19:06:14,377 start mining - hash 4d42d70f11638535009fe531c2a4274996cc4b2437d0fb925dd73dad5559a01b
2018-05-29 19:06:14,598 RF found but not transmitted
2018-05-29 19:06:15,080 RCV reinforcement info
2018-05-29 19:06:15,459 RF found but not transmitted
2018-05-29 19:06:18,072 RCV reinforcement info
2018-05-29 19:06:18,415 RCV proposal
2018-05-29 19:06:18,417 appended honest propose 131c56ec6c on top of 4d42d70f11
2018-05-29 19:06:18,553 RCV reinforcement
2018-05-29 19:06:18,577 RCV reinforcement
2018-05-29 19:06:19,461 RCV reinforcement info
2018-05-29 19:06:19,529 RCV reinforcement
2018-05-29 19:06:19,918 RCV commit
2018-05-29 19:06:19,947 appended honest commit e48ace7ad5 on top of 131c56ec6c
2018-05-29 19:06:19,953 Weight: 179.3371243749879 #RFs 3
2018-05-29 19:06:19,953 weight: 179.3371243749879
2018-05-29 19:06:19,953 , 179.3371243749879
2018-05-29 19:06:19,954 start mining - depth 42
2018-05-29 19:06:19,954 start mining - hash e48ace7ad5d9f32649d058904791f1e07715cbfd472d68e2945bb40ef159b616
2018-05-29 19:06:20,910 RCV reinforcement info
2018-05-29 19:06:22,486 RF found but not transmitted
2018-05-29 19:06:26,649 RCV reinforcement info
2018-05-29 19:06:27,664 RCV reinforcement info
2018-05-29 19:06:29,769 RCV reinforcement info
2018-05-29 19:06:31,492 RCV reinforcement info
2018-05-29 19:06:32,074 RCV reinforcement info
2018-05-29 19:06:34,745 RF found but not transmitted
2018-05-29 19:06:35,337 RCV reinforcement info
2018-05-29 19:06:35,471 RCV reinforcement info
2018-05-29 19:06:35,651 RCV reinforcement info
2018-05-29 19:06:35,805 RCV reinforcement info
2018-05-29 19:06:36,217 RF found but not transmitted
2018-05-29 19:06:38,156 RF found but not transmitted
2018-05-29 19:06:38,290 RCV reinforcement info
2018-05-29 19:06:41,081 RCV reinforcement info
2018-05-29 19:06:41,223 RCV malicious_prop_agreement
2018-05-29 19:06:41,363 RCV reinforcement info
2018-05-29 19:06:41,486 RF found but not transmitted
2018-05-29 19:06:43,734 RF found but not transmitted
2018-05-29 19:06:44,181 RCV reinforcement info
2018-05-29 19:06:44,943 RCV reinforcement info
2018-05-29 19:06:45,129 RCV reinforcement info
2018-05-29 19:06:45,634 RF found but not transmitted
2018-05-29 19:06:45,842 RCV reinforcement info
2018-05-29 19:06:46,540 RF found but not transmitted
2018-05-29 19:06:47,586 RCV reinforcement info
2018-05-29 19:06:48,332 RCV reinforcement info
2018-05-29 19:06:48,798 RCV reinforcement info
2018-05-29 19:06:50,286 RF found but not transmitted
2018-05-29 19:06:50,511 RCV reinforcement info
2018-05-29 19:06:51,271 RCV reinforcement info
2018-05-29 19:06:52,328 RF found but not transmitted
2018-05-29 19:06:52,440 RF found but not transmitted
2018-05-29 19:06:52,672 RCV reinforcement info
2018-05-29 19:06:54,209 RF found but not transmitted
2018-05-29 19:06:54,726 RCV reinforcement info
2018-05-29 19:06:55,208 RCV reinforcement info
2018-05-29 19:06:55,336 RF found but not transmitted
2018-05-29 19:06:55,825 RCV reinforcement info
2018-05-29 19:06:55,901 RCV reinforcement info
2018-05-29 19:06:56,035 RCV reinforcement info
2018-05-29 19:06:56,085 RCV reinforcement info
2018-05-29 19:06:56,829 RCV reinforcement info
2018-05-29 19:06:57,025 RF found but not transmitted
2018-05-29 19:06:58,597 RCV reinforcement info
2018-05-29 19:07:01,288 RCV reinforcement info
2018-05-29 19:07:02,088 RCV reinforcement info
2018-05-29 19:07:03,197 RCV proposal
2018-05-29 19:07:03,200 appended honest propose 0aa045d147 on top of e48ace7ad5
2018-05-29 19:07:03,303 RCV reinforcement
2018-05-29 19:07:03,306 RCV reinforcement
2018-05-29 19:07:03,323 RCV reinforcement
2018-05-29 19:07:03,509 RCV reinforcement info
2018-05-29 19:07:03,602 RCV reinforcement
2018-05-29 19:07:03,787 RCV reinforcement info
2018-05-29 19:07:03,862 RCV reinforcement
2018-05-29 19:07:03,965 RCV reinforcement info
2018-05-29 19:07:04,048 RCV reinforcement
2018-05-29 19:07:04,840 RCV commit
2018-05-29 19:07:05,023 appended honest commit 63f1c4f5cf on top of 0aa045d147
2018-05-29 19:07:05,194 Weight: 187.5816142445559 #RFs 35
2018-05-29 19:07:05,194 weight: 187.5816142445559
2018-05-29 19:07:05,194 , 187.5816142445559
2018-05-29 19:07:05,378 RCV proposal
2018-05-29 19:07:05,381 appended malicious propose ef1432bf0e on top of e48ace7ad5
2018-05-29 19:07:05,381 REINFORCEMENT SENT state
2018-05-29 19:07:05,382 SNT reinforcement
2018-05-29 19:07:05,508 RCV reinforcement
2018-05-29 19:07:05,555 RCV reinforcement
2018-05-29 19:07:05,646 RCV reinforcement info
2018-05-29 19:07:06,112 RCV reinforcement info
2018-05-29 19:07:06,649 RCV reinforcement
2018-05-29 19:07:06,692 RF found but not transmitted
2018-05-29 19:07:06,694 SNT reinforcement
2018-05-29 19:07:06,944 RCV commit
2018-05-29 19:07:07,064 appended malicious commit f1aedf704d on top of ef1432bf0e
2018-05-29 19:07:07,169 Weight: 186.61767008163795 #RFs 26
2018-05-29 19:07:07,169 weight: 186.61767008163795
2018-05-29 19:07:07,169 , 186.61767008163795
2018-05-29 19:07:07,172 MALICIOUS MINING state
2018-05-29 19:07:07,172 start mining - depth 43
2018-05-29 19:07:07,173 start mining - hash 63f1c4f5cf42e905e7632965899dac336d0a622ea69134020dd21276d5caeab0
2018-05-29 19:07:07,173 Hashing frequency: 5335
2018-05-29 19:07:07,259 RCV reinforcement info
2018-05-29 19:07:09,134 RCV reinforcement info
2018-05-29 19:07:09,575 RCV reinforcement info
2018-05-29 19:07:10,619 RCV reinforcement info
2018-05-29 19:07:10,823 RCV reinforcement info
2018-05-29 19:07:11,701 RCV reinforcement info
2018-05-29 19:07:13,889 RCV reinforcement info
2018-05-29 19:07:14,950 RCV proposal
2018-05-29 19:07:14,953 appended honest propose 6a6688f509 on top of 63f1c4f5cf
2018-05-29 19:07:15,054 RCV reinforcement
2018-05-29 19:07:15,066 RCV reinforcement
2018-05-29 19:07:15,078 RCV reinforcement
2018-05-29 19:07:15,371 RCV reinforcement info
2018-05-29 19:07:15,459 RCV reinforcement
2018-05-29 19:07:15,560 RCV reinforcement info
2018-05-29 19:07:15,640 RCV reinforcement
2018-05-29 19:07:16,349 RCV reinforcement info
2018-05-29 19:07:16,432 RCV reinforcement
2018-05-29 19:07:16,570 RCV commit
2018-05-29 19:07:16,625 appended honest commit c82bb9c590 on top of 6a6688f509
2018-05-29 19:07:16,678 Weight: 190.17254800594748 #RFs 10
2018-05-29 19:07:16,683 weight: 190.17254800594748
2018-05-29 19:07:16,683 , 190.17254800594748
2018-05-29 19:07:16,684 start mining - depth 44
2018-05-29 19:07:16,685 start mining - hash c82bb9c5908076c639b57c924a531238fd4b1278240fe5cf55f8b00a7cf92ac9
2018-05-29 19:07:17,039 RCV reinforcement info
2018-05-29 19:07:17,479 RCV proposal
2018-05-29 19:07:17,482 appended honest propose 25afa5efd4 on top of c82bb9c590
2018-05-29 19:07:17,583 RCV reinforcement
2018-05-29 19:07:19,005 RCV commit
2018-05-29 19:07:19,009 appended honest commit bb98cccaae on top of 25afa5efd4
2018-05-29 19:07:19,011 Weight: 191.67005745421096 #RFs 1
2018-05-29 19:07:19,011 weight: 191.67005745421096
2018-05-29 19:07:19,011 , 191.67005745421096
2018-05-29 19:07:19,012 start mining - depth 45
2018-05-29 19:07:19,012 start mining - hash bb98cccaae476b9cf1700b0435f756db19a109c957a8518f19a318a0169d82d9
2018-05-29 19:07:20,417 RCV reinforcement info
2018-05-29 19:07:20,492 RCV reinforcement info
2018-05-29 19:07:23,018 RCV reinforcement info
2018-05-29 19:07:23,029 RCV reinforcement info
2018-05-29 19:07:23,463 RCV reinforcement info
2018-05-29 19:07:23,826 RCV reinforcement info
2018-05-29 19:07:25,891 RCV reinforcement info
2018-05-29 19:07:26,247 RCV reinforcement info
2018-05-29 19:07:27,121 RCV proposal
2018-05-29 19:07:27,124 appended honest propose 15418252f2 on top of bb98cccaae
2018-05-29 19:07:27,200 RCV reinforcement
2018-05-29 19:07:27,215 RCV reinforcement
2018-05-29 19:07:27,894 RCV reinforcement info
2018-05-29 19:07:27,975 RCV reinforcement
2018-05-29 19:07:28,657 RCV commit
2018-05-29 19:07:28,695 appended honest commit d123462c79 on top of 15418252f2
2018-05-29 19:07:28,720 Weight: 193.84568906960806 #RFs 9
2018-05-29 19:07:28,720 weight: 193.84568906960806
2018-05-29 19:07:28,720 , 193.84568906960806
2018-05-29 19:07:28,721 start mining - depth 46
2018-05-29 19:07:28,721 start mining - hash d123462c7962d2be9bfbeca7b187f8f0f8b7094b794f06411df5cbf2474959f9
2018-05-29 19:07:28,987 RCV reinforcement info
2018-05-29 19:07:30,290 RCV proposal
2018-05-29 19:07:30,293 appended honest propose 338fafe81c on top of d123462c79
2018-05-29 19:07:31,011 RCV reinforcement info
2018-05-29 19:07:31,102 RCV reinforcement
2018-05-29 19:07:31,822 RCV commit
2018-05-29 19:07:31,828 appended honest commit a353135836 on top of 338fafe81c
2018-05-29 19:07:31,840 Weight: 195.25352653837336 #RFs 2
2018-05-29 19:07:31,840 weight: 195.25352653837336
2018-05-29 19:07:31,841 , 195.25352653837336
2018-05-29 19:07:31,841 start mining - depth 47
2018-05-29 19:07:31,842 start mining - hash a3531358363bb1ee0aa6cfc9583096150ebb9b900091f0900c39ee1ffaebf43d
2018-05-29 19:07:32,461 RCV reinforcement info
2018-05-29 19:07:32,774 RCV malicious_prop_agreement
2018-05-29 19:07:34,009 RCV reinforcement info
2018-05-29 19:07:37,352 RF found but not transmitted
2018-05-29 19:07:38,396 RCV reinforcement info
2018-05-29 19:07:39,310 RF found but not transmitted
2018-05-29 19:07:39,549 RCV reinforcement info
2018-05-29 19:07:40,158 RCV reinforcement info
2018-05-29 19:07:42,531 RCV reinforcement info
2018-05-29 19:07:42,664 RCV reinforcement info
2018-05-29 19:07:43,485 RF found but not transmitted
2018-05-29 19:07:45,706 RCV reinforcement info
2018-05-29 19:07:46,554 RCV reinforcement info
2018-05-29 19:07:47,487 RCV reinforcement info
2018-05-29 19:07:47,595 RF found but not transmitted
2018-05-29 19:07:48,920 RCV reinforcement info
2018-05-29 19:07:51,633 RCV reinforcement info
2018-05-29 19:07:52,365 RCV reinforcement info
2018-05-29 19:07:53,567 RCV reinforcement info
2018-05-29 19:07:53,823 RCV reinforcement info
2018-05-29 19:07:56,022 RCV reinforcement info
2018-05-29 19:07:57,026 RCV reinforcement info
2018-05-29 19:07:57,244 RCV reinforcement info
2018-05-29 19:07:58,495 RF found but not transmitted
2018-05-29 19:07:58,588 RF found but not transmitted
2018-05-29 19:07:58,946 RF found but not transmitted
2018-05-29 19:08:01,250 RCV reinforcement info
2018-05-29 19:08:02,490 RCV reinforcement info
2018-05-29 19:08:03,456 RCV reinforcement info
2018-05-29 19:08:04,862 RCV reinforcement info
2018-05-29 19:08:10,040 RCV reinforcement info
2018-05-29 19:08:13,712 RCV reinforcement info
2018-05-29 19:08:17,749 RCV proposal
2018-05-29 19:08:17,752 appended honest propose 2bba45362b on top of a353135836
2018-05-29 19:08:17,868 RCV reinforcement
2018-05-29 19:08:17,882 RCV reinforcement
2018-05-29 19:08:17,898 RCV reinforcement
2018-05-29 19:08:19,354 RCV commit
2018-05-29 19:08:19,446 appended honest commit 7a9ecc44f8 on top of 2bba45362b
2018-05-29 19:08:19,567 Weight: 200.39658440999585 #RFs 24
2018-05-29 19:08:19,568 weight: 200.39658440999585
2018-05-29 19:08:19,568 , 200.39658440999585
2018-05-29 19:08:19,766 RCV proposal
2018-05-29 19:08:19,775 appended malicious propose 0c6ebb161b on top of a353135836
2018-05-29 19:08:19,776 REINFORCEMENT SENT state
2018-05-29 19:08:19,777 SNT reinforcement
2018-05-29 19:08:19,893 RCV reinforcement
2018-05-29 19:08:19,984 RCV reinforcement info
2018-05-29 19:08:21,370 RCV commit
2018-05-29 19:08:21,522 appended malicious commit a26eb2a6d8 on top of 0c6ebb161b
2018-05-29 19:08:21,690 Weight: 202.03774844234434 #RFs 27
2018-05-29 19:08:21,690 weight: 202.03774844234434
2018-05-29 19:08:21,690 , 202.03774844234434
2018-05-29 19:08:21,697 MALICIOUS MINING state
2018-05-29 19:08:21,697 start mining - depth 48
2018-05-29 19:08:21,697 start mining - hash a26eb2a6d8dec2a6e1b6e3042a358321c3b8fe4c34143ca567607b874680b4a8
2018-05-29 19:08:21,699 Hashing frequency: 3844
2018-05-29 19:08:22,029 RCV reinforcement info
2018-05-29 19:08:22,914 RCV reinforcement info
2018-05-29 19:08:24,883 RF found but not transmitted
2018-05-29 19:08:26,161 RCV reinforcement info
2018-05-29 19:08:26,517 RF found but not transmitted
2018-05-29 19:08:27,315 RCV reinforcement info
2018-05-29 19:08:27,375 RCV reinforcement info
2018-05-29 19:08:28,318 RCV reinforcement info
2018-05-29 19:08:28,550 RCV reinforcement info
2018-05-29 19:08:29,123 RCV reinforcement info
2018-05-29 19:08:29,318 RCV reinforcement info
2018-05-29 19:08:29,590 RCV reinforcement info
2018-05-29 19:08:30,054 RF found but not transmitted
2018-05-29 19:08:32,483 RCV reinforcement info
2018-05-29 19:08:32,663 RCV proposal
2018-05-29 19:08:32,666 appended honest propose 1c297ab8f6 on top of a26eb2a6d8
2018-05-29 19:08:32,796 RCV reinforcement
2018-05-29 19:08:32,800 RCV reinforcement
2018-05-29 19:08:32,818 RCV reinforcement info
2018-05-29 19:08:32,858 RCV reinforcement
2018-05-29 19:08:32,928 RCV reinforcement
2018-05-29 19:08:34,213 RCV commit
2018-05-29 19:08:34,259 appended honest commit 137901dbca on top of 1c297ab8f6
2018-05-29 19:08:34,296 Weight: 206.20185563688403 #RFs 11
2018-05-29 19:08:34,296 weight: 206.20185563688403
2018-05-29 19:08:34,301 , 206.20185563688403
2018-05-29 19:08:34,302 start mining - depth 49
2018-05-29 19:08:34,303 start mining - hash 137901dbca161d761d3b08a2ed065f9f742d9acd458cc22e8da0a66af7f2fbff
2018-05-29 19:08:34,345 RF found but not transmitted
2018-05-29 19:08:34,563 RCV reinforcement info
2018-05-29 19:08:34,700 RF found but not transmitted
2018-05-29 19:08:35,946 RF found but not transmitted
2018-05-29 19:08:36,647 RCV reinforcement info
2018-05-29 19:08:38,510 RCV reinforcement info
2018-05-29 19:08:39,018 RCV reinforcement info
2018-05-29 19:08:39,990 RCV reinforcement info
2018-05-29 19:08:40,013 RCV proposal
2018-05-29 19:08:40,016 appended honest propose 655e9a9bcb on top of 137901dbca
2018-05-29 19:08:40,159 RCV reinforcement
2018-05-29 19:08:40,186 RCV reinforcement
2018-05-29 19:08:40,209 RCV reinforcement
2018-05-29 19:08:40,830 RCV reinforcement info
2018-05-29 19:08:40,904 RCV reinforcement
2018-05-29 19:08:41,542 RCV commit
2018-05-29 19:08:41,565 appended honest commit ff2f29a3d0 on top of 655e9a9bcb
2018-05-29 19:08:41,579 Weight: 207.6919642755119 #RFs 5
2018-05-29 19:08:41,579 weight: 207.6919642755119
2018-05-29 19:08:41,579 , 207.6919642755119
2018-05-29 19:08:41,581 start mining - depth 50
2018-05-29 19:08:41,581 start mining - hash ff2f29a3d055f33ac71c5e45269ddaeaa8a0efc4f86f633ce498ccc395e9dc5d
2018-05-29 19:08:41,733 RCV reinforcement info
2018-05-29 19:08:41,862 RF found but not transmitted
2018-05-29 19:08:43,482 RCV reinforcement info
2018-05-29 19:08:48,211 RCV reinforcement info
2018-05-29 19:08:48,468 RF found but not transmitted
2018-05-29 19:08:49,706 RCV reinforcement info
2018-05-29 19:08:51,023 RCV reinforcement info
2018-05-29 19:08:51,473 RCV malicious_prop_agreement
2018-05-29 19:08:52,818 RCV reinforcement info
2018-05-29 19:08:53,111 RCV reinforcement info
2018-05-29 19:08:53,218 RCV reinforcement info
2018-05-29 19:08:53,400 RCV reinforcement info
2018-05-29 19:08:55,822 RCV reinforcement info
2018-05-29 19:08:57,224 RCV reinforcement info
2018-05-29 19:08:57,690 RCV reinforcement info
2018-05-29 19:08:59,405 RCV reinforcement info
2018-05-29 19:08:59,481 RF found but not transmitted
2018-05-29 19:09:00,329 RCV reinforcement info
2018-05-29 19:09:00,964 RCV reinforcement info
2018-05-29 19:09:01,189 RCV reinforcement info
2018-05-29 19:09:01,663 RF found but not transmitted
2018-05-29 19:09:02,608 RCV proposal
2018-05-29 19:09:02,611 appended honest propose 55aaedd01a on top of ff2f29a3d0
2018-05-29 19:09:02,710 RCV reinforcement
2018-05-29 19:09:02,717 RCV reinforcement
2018-05-29 19:09:02,809 RCV reinforcement
2018-05-29 19:09:03,340 RCV reinforcement info
2018-05-29 19:09:03,451 RCV reinforcement
2018-05-29 19:09:04,213 RCV commit
2018-05-29 19:09:04,263 appended honest commit 780d788fce on top of 55aaedd01a
2018-05-29 19:09:04,326 Weight: 211.78784896735695 #RFs 17
2018-05-29 19:09:04,327 weight: 211.78784896735695
2018-05-29 19:09:04,327 , 211.78784896735695
2018-05-29 19:09:04,505 RCV proposal
2018-05-29 19:09:04,507 appended malicious propose a7151255ed on top of ff2f29a3d0
2018-05-29 19:09:04,508 REINFORCEMENT SENT state
2018-05-29 19:09:04,509 SNT reinforcement
2018-05-29 19:09:04,666 RCV reinforcement
2018-05-29 19:09:05,295 RF found but not transmitted
2018-05-29 19:09:05,296 SNT reinforcement
2018-05-29 19:09:06,096 RCV commit
2018-05-29 19:09:06,155 appended malicious commit 7ce9d5e133 on top of a7151255ed
2018-05-29 19:09:06,213 Weight: 212.30674168784824 #RFs 16
2018-05-29 19:09:06,213 weight: 212.30674168784824
2018-05-29 19:09:06,213 , 212.30674168784824
2018-05-29 19:09:06,214 MALICIOUS MINING state
2018-05-29 19:09:06,214 start mining - depth 51
2018-05-29 19:09:06,218 start mining - hash 7ce9d5e133098ab1732ce8bb8559315164b157adab7fedc047379c5b72ac7255
2018-05-29 19:09:06,962 RCV reinforcement info
2018-05-29 19:09:07,407 RCV reinforcement info
2018-05-29 19:09:07,821 RF found but not transmitted
2018-05-29 19:09:07,971 RCV reinforcement info
2018-05-29 19:09:07,999 RCV malicious_prop_agreement
2018-05-29 19:09:09,398 RCV reinforcement info
2018-05-29 19:09:09,821 RCV reinforcement info
2018-05-29 19:09:09,953 RCV reinforcement info
2018-05-29 19:09:11,291 RCV reinforcement info
2018-05-29 19:09:12,662 RCV reinforcement info
2018-05-29 19:09:12,736 RF found but not transmitted
2018-05-29 19:09:15,282 RCV reinforcement info
2018-05-29 19:09:15,380 RCV reinforcement info
2018-05-29 19:09:16,399 RCV proposal
2018-05-29 19:09:16,402 appended honest propose 695cc63ecf on top of 780d788fce
2018-05-29 19:09:16,477 RCV reinforcement
2018-05-29 19:09:16,509 RCV reinforcement
2018-05-29 19:09:17,973 RCV commit
2018-05-29 19:09:18,052 appended honest commit b79f98ec37 on top of 695cc63ecf
2018-05-29 19:09:18,116 Weight: 214.20561404297712 #RFs 10
2018-05-29 19:09:18,116 weight: 214.20561404297712
2018-05-29 19:09:18,116 , 214.20561404297712
2018-05-29 19:09:18,117 Synchronizing branches
2018-05-29 19:09:18,117 start mining - depth 52
2018-05-29 19:09:18,117 start mining - hash b79f98ec3776b74ef940513932890063def6e3abb6ce06999614712af5ee8076
2018-05-29 19:09:18,426 RCV reinforcement info
2018-05-29 19:09:18,722 RCV reinforcement info
2018-05-29 19:09:20,061 RF found but not transmitted
2018-05-29 19:09:20,804 RF found but not transmitted
2018-05-29 19:09:20,805 hash found
2018-05-29 19:09:20,806 SNT malicious_proposal_agreement
2018-05-29 19:09:22,403 RCV reinforcement info
2018-05-29 19:09:23,684 RF found but not transmitted
2018-05-29 19:09:25,192 RCV reinforcement info
2018-05-29 19:09:30,440 RF found but not transmitted
2018-05-29 19:09:31,235 RCV reinforcement info
2018-05-29 19:09:32,177 RF found but not transmitted
2018-05-29 19:09:32,250 RCV reinforcement info
2018-05-29 19:09:33,362 RCV reinforcement info
2018-05-29 19:09:33,796 RCV reinforcement info
2018-05-29 19:09:34,006 RCV reinforcement info
2018-05-29 19:09:34,627 RF found but not transmitted
