2018-05-28 11:47:34,218 ---------------------------------------------------------
2018-05-28 11:47:34,219 MALICIOUS MINING state
2018-05-28 11:47:35,239 start mining - depth 0
2018-05-28 11:47:35,240 start mining - hash e94816c9e15929b00add26c044555ff390185af822844bead6677cb5d4cfa7c1
2018-05-28 11:47:36,701 RCV reinforcement info
2018-05-28 11:47:36,994 RCV reinforcement info
2018-05-28 11:47:39,331 RCV reinforcement info
2018-05-28 11:47:40,388 RF found but not transmitted
2018-05-28 11:47:41,017 RCV reinforcement info
2018-05-28 11:47:41,073 RCV reinforcement info
2018-05-28 11:47:41,481 RCV reinforcement info
2018-05-28 11:47:42,669 RCV reinforcement info
2018-05-28 11:47:42,887 RF found but not transmitted
2018-05-28 11:47:43,162 RCV reinforcement info
2018-05-28 11:47:44,031 RCV reinforcement info
2018-05-28 11:47:44,271 RCV reinforcement info
2018-05-28 11:47:44,642 RCV reinforcement info
2018-05-28 11:47:45,289 RCV reinforcement info
2018-05-28 11:47:46,304 RF found but not transmitted
2018-05-28 11:47:47,112 RCV reinforcement info
2018-05-28 11:47:48,930 RCV proposal
2018-05-28 11:47:48,932 appended honest propose 9c44422a0e on top of e94816c9e1
2018-05-28 11:47:49,011 RCV reinforcement
2018-05-28 11:47:49,018 RCV reinforcement
2018-05-28 11:47:49,028 RCV reinforcement
2018-05-28 11:47:50,474 RCV commit
2018-05-28 11:47:50,529 appended honest commit 7c26cf1171 on top of 9c44422a0e
2018-05-28 11:47:50,563 Weight: 2.9100722159522823 #RFs 13
2018-05-28 11:47:50,563 weight: 2.9100722159522823
2018-05-28 11:47:50,563 , 2.9100722159522823
2018-05-28 11:47:50,564 start mining - depth 1
2018-05-28 11:47:50,564 start mining - hash 7c26cf1171cb5636e1447a7fe2c51646c223bc252d4420a62dadf592235e14e5
2018-05-28 11:47:50,628 RCV proposal
2018-05-28 11:47:50,630 appended honest propose 2b1bcdbdd8 on top of 7c26cf1171
2018-05-28 11:47:51,157 RCV malicious_prop_agreement
2018-05-28 11:47:51,280 RF found but not transmitted
2018-05-28 11:47:51,738 RF found but not transmitted
2018-05-28 11:47:51,790 RCV reinforcement info
2018-05-28 11:47:51,872 RCV reinforcement
2018-05-28 11:47:52,214 RCV commit
2018-05-28 11:47:52,217 appended honest commit 96de0f4cea on top of 2b1bcdbdd8
2018-05-28 11:47:52,220 Weight: 3.994313913785806 #RFs 1
2018-05-28 11:47:52,220 weight: 3.994313913785806
2018-05-28 11:47:52,220 , 3.994313913785806
2018-05-28 11:47:52,336 RCV reinforcement info
2018-05-28 11:47:52,439 RCV proposal
2018-05-28 11:47:52,442 appended malicious propose a2a5462791 on top of 7c26cf1171
2018-05-28 11:47:52,443 REINFORCEMENT SENT state
2018-05-28 11:47:52,444 SNT reinforcement
2018-05-28 11:47:52,559 RCV reinforcement
2018-05-28 11:47:52,681 RCV reinforcement
2018-05-28 11:47:52,926 RCV reinforcement
2018-05-28 11:47:53,941 RCV commit
2018-05-28 11:47:53,963 appended malicious commit ace687d3d6 on top of a2a5462791
2018-05-28 11:47:53,984 Weight: 5.320586148967017 #RFs 6
2018-05-28 11:47:53,984 weight: 5.320586148967017
2018-05-28 11:47:53,985 , 5.320586148967017
2018-05-28 11:47:53,985 MALICIOUS MINING state
2018-05-28 11:47:53,986 start mining - depth 2
2018-05-28 11:47:53,986 start mining - hash ace687d3d603f4847953907075bac617f10b66c9f73950d189b63686c020539d
2018-05-28 11:47:54,755 RCV reinforcement info
2018-05-28 11:47:57,079 RCV reinforcement info
2018-05-28 11:47:58,112 RF found but not transmitted
2018-05-28 11:47:59,119 RCV reinforcement info
2018-05-28 11:48:00,062 RCV reinforcement info
