1527614915 , 0.5089310210493813
1527614916 , 0.6457498614029041
1527614924 , 1.2671739548749592
1527614924 , 1.3362349454999047
1527614924 , 1.5240582570203918
1527614924 , 1.6216712963918405
1527614926 , 1.689064934382846
1527614926 , 1.7819747846069562
1527614929 , 2.8617389907523814
1527614932 , 3.8617389907523814
1527614934 , 4.861738990752381
1527614937 , 5.034562954412512
1527614942 , 5.239269555809483
1527614943 , 5.866120623747992
1527614947 , 5.966522315580014
1527614948 , 6.212932927705294
1527614950 , 6.302802152656948
1527614950 , 6.480662344736663
1527614956 , 6.745779441065829
1527614963 , 6.952847672989204
1527614963 , 7.03498056318487
1527614964 , 7.318602454866445
1527614965 , 7.57935507152048
1527614965 , 7.718068031015619
1527614966 , 7.884120612921608
1527614966 , 7.962122150420634
1527614966 , 8.167659896624768
1527614970 , 8.489271186682924
1527614970 , 8.552478696906437
1527614972 , 8.636080457865894
1527614972 , 8.71223838372878
1527614972 , 8.84862614358688
1527614979 , 9.046598428233336
1527614981 , 9.142584044556784
1527614981 , 9.234854480903225
1527614982 , 9.369852314172377
1527614982 , 9.442893514972788
1527614982 , 9.584216504585836
1527614982 , 9.652764772898173
1527614985 , 9.722513249234765
1527614985 , 9.840704069142372
1527614986 , 10.233196173986613
1527614986 , 10.46399474274986
1527614987 , 10.531703336279456
1527614987 , 11.531703336279456
1527614988 , 11.597816727479662
1527614988 , 11.531703336279456
1527615015 , 21.991996541684486
1527615015 , 22.068980887261993
1527615018 , 22.160465649816835
1527615023 , 22.319810264587197
1527615024 , 22.615528215050897
1527615025 , 22.91366383622875
1527615025 , 23.112220930062417
1527615025 , 24.111722880661034
1527615027 , 24.277301522473664
1527615030 , 24.521268422528312
1527615031 , 24.685921615544675
1527615031 , 25.040262156163575
1527615034 , 25.327745813484125
1527615035 , 25.655672315468227
1527615037 , 25.842706769198287
1527615038 , 25.910345522326143
1527615041 , 26.109206743500987
1527615042 , 26.352253960389973
1527615043 , 26.43238119490127
1527615045 , 26.701487487878996
1527615047 , 26.927174913153262
1527615048 , 27.004178976438805
1527615048 , 27.146066748991323
1527615049 , 27.332991368201853
1527615050 , 27.416587891258487
1527615051 , 28.416587891258487
1527615052 , 28.490384714930396
1527615055 , 31.675827029003614
1527615056 , 31.74866243066292
1527615057 , 31.82991759049929
1527615057 , 32.49070422846987
1527615057 , 32.554104900612906
1527615057 , 33.16928553641815
1527615058 , 33.560346190775974
1527615059 , 33.63140234196158
1527615060 , 34.63140234196158
1527615067 , 34.85593742021319
1527615068 , 35.01699298621711
1527615068 , 35.09314519340827
1527615069 , 35.168371513955314
1527615076 , 35.32480585186074
1527615080 , 35.41515360844179
1527615080 , 35.54427170534803
1527615082 , 36.33258550611235
1527615082 , 36.633152666122264
1527615083 , 37.633152666122264
1527615089 , 37.748262150054465
1527615091 , 38.748262150054465
1527615094 , 39.27247609636331
1527615095 , 39.44183087457555
1527615097 , 40.01180897217061
1527615097 , 40.365269058497326
1527615101 , 40.661715255720274
1527615102 , 40.793549959654385
1527615103 , 40.90060863220925
1527615104 , 40.995559845766145
1527615111 , 41.746829064985064
1527615113 , 41.95889912410055
1527615114 , 42.17879062251486
1527615114 , 42.276516648910004
1527615115 , 42.34941725361919
1527615115 , 42.42969717173117
1527615116 , 43.148648346272935
1527615119 , 43.73263800191165
1527615119 , 43.80965836375039
1527615120 , 43.95392903764356
1527615125 , 44.039050987164735
1527615127 , 44.33234169655935
1527615129 , 44.48383322973187
1527615129 , 44.59891060623674
1527615131 , 44.686111798152645
1527615131 , 45.028067283116485
1527615136 , 46.028067283116485
1527615140 , 47.06524817878463
1527615141 , 47.398950370966645
1527615142 , 47.69623638906088
1527615146 , 47.78705016474681
1527615147 , 47.88163267895355
1527615150 , 48.12576984738419
1527615152 , 48.437775664731234
1527615156 , 48.66115496051574
1527615158 , 48.78654819734067
1527615160 , 48.906406574049306
1527615163 , 49.68381700188884
1527615165 , 49.754298659108976
1527615170 , 50.82948968027813
1527615172 , 51.127197920875446
1527615172 , 51.34403831087396
1527615173 , 52.34403831087396
1527615179 , 56.7915376342445
1527615184 , 57.178501860662045
1527615186 , 57.48310032253028
1527615186 , 57.56002539179572
1527615190 , 57.67230926014868
1527615191 , 57.839035388457525
1527615195 , 57.951306281215324
1527615205 , 58.99500850016683
1527615207 , 59.25964166778771
1527615210 , 60.259641667787704
1527615213 , 60.47411269746316
1527615218 , 60.71037298400738
1527615226 , 62.56880143423462
1527615227 , 62.83703358215612
1527615229 , 62.903124470735285
1527615232 , 63.41556638092701
1527615234 , 63.61838030145357
1527615234 , 64.61838030145357
1527615235 , 64.77931636917361
1527615237 , 64.94303634248313
1527615237 , 65.05156288599376
1527615238 , 65.20430789711938
1527615238 , 65.34901625471967
1527615245 , 65.99227311869424
1527615246 , 66.40837908692102
1527615249 , 66.53376969990563
1527615251 , 67.03775194772832
1527615254 , 68.16058025827323
1527615255 , 68.5186891222525
1527615256 , 68.61432218927756
1527615256 , 68.72310344389854
1527615256 , 68.79795933283364
1527615257 , 69.04913722486295
1527615258 , 69.66512667029221
1527615258 , 69.73328431381022
1527615261 , 70.96629684772385
1527615261 , 71.0325561736417
1527615261 , 71.36369055178028
1527615264 , 71.67069969122086
1527615265 , 71.80196288406225
1527615265 , 71.87005604254934
1527615266 , 71.95999372776608
1527615267 , 72.02653868370092
1527615267 , 72.13742420165771
1527615269 , 72.31119193668755
1527615271 , 72.38317100092276
1527615272 , 72.6444124764764
1527615275 , 72.81203895972669
1527615276 , 72.93390676055161
1527615276 , 73.84285139548822
1527615276 , 73.92433008847782
1527615277 , 74.09989842239747
1527615278 , 74.68771251574539
1527615279 , 75.04345144304747
1527615280 , 75.13883532475955
1527615285 , 75.9527906000549
1527615286 , 76.3174083604901
1527615288 , 76.38233368734788
1527615291 , 77.30840851507477
1527615294 , 77.47503942718299
1527615296 , 77.5427050024705
1527615296 , 78.15667432388267
1527615297 , 78.33481111681013
1527615297 , 78.60978853507174
1527615298 , 78.98484147036933
1527615298 , 79.0826870405117
1527615299 , 79.22098645020704
1527615302 , 79.30118558684305
1527615305 , 79.58662863300746
1527615310 , 79.74128390197305
1527615313 , 80.13900510699146
1527615313 , 80.84890496903596
1527615315 , 81.64182773164379
1527615315 , 82.06018769043207
1527615316 , 82.25749878083393
1527615317 , 82.33071725856915
1527615317 , 82.47346681515613
1527615317 , 82.57768279667077
1527615318 , 82.65538264198678
1527615320 , 82.74971058666644
1527615322 , 83.26265695489307
1527615323 , 83.4684679761059
1527615327 , 84.10759711594093
1527615328 , 84.17389371488807
1527615329 , 84.25120013223967
1527615329 , 84.36938473791984
1527615329 , 84.45514463777927
1527615330 , 84.53102522472709
1527615331 , 84.59497376655781
1527615334 , 84.69186390961048
1527615335 , 84.78540377646968
1527615336 , 84.85072295921192
1527615338 , 85.04677707239844
1527615339 , 86.04677707239844
1527615343 , 87.04677707239844
1527615348 , 87.36395016992473
1527615350 , 87.4399932998327
1527615351 , 87.51492512784887
1527615355 , 87.61556340668234
1527615357 , 88.00962900059838
1527615357 , 88.15604758943927
1527615359 , 88.46379925533267
1527615362 , 88.75313051913318
1527615370 , 90.49606348563535
1527615374 , 90.7999201267617
1527615375 , 90.86380176370095
1527615376 , 90.97870423953341
1527615377 , 91.17418186707434
1527615378 , 91.30520559575372
1527615381 , 91.48449013649712
1527615383 , 92.6057511605778
1527615384 , 92.69883552459247
1527615386 , 93.91801400321543
1527615388 , 94.151513305478
1527615388 , 94.25695514855146
1527615389 , 94.37062055489567
1527615389 , 94.55452497791059
1527615392 , 94.69758606407213
1527615392 , 95.04919342249302
1527615393 , 95.90042086504033
1527615394 , 95.9732916059963
1527615396 , 96.05197546935763
1527615397 , 96.11838204484555
1527615400 , 96.20140164701746
1527615402 , 96.32116075954134
1527615402 , 96.50624283831506
1527615402 , 96.61335035431304
1527615403 , 96.72730296318063
1527615404 , 96.81017209240139
1527615405 , 96.89715358652997
1527615408 , 97.17920470770645
1527615408 , 97.99654509761373
1527615411 , 98.14273597266407
1527615415 , 98.23287540836203
1527615415 , 98.53698002316547
1527615419 , 98.67788387889425
1527615420 , 98.8252889206229
1527615424 , 99.16888629725803
1527615425 , 99.31478848846679
1527615425 , 99.49390538105911
1527615428 , 99.9626661577963
1527615429 , 100.16581621525617
1527615435 , 100.46262341590085
1527615435 , 100.63890072122194
1527615435 , 100.7726189714616
1527615439 , 101.88046806678017
1527615440 , 101.97207538118276
1527615440 , 102.27995809847135
1527615445 , 105.58967246474818
1527615447 , 105.81448379596473
1527615451 , 106.15060860318538
1527615452 , 106.23953069842445
1527615455 , 106.3345756179565
1527615457 , 106.47519261745528
1527615458 , 106.89543359030927
1527615464 , 107.09825703307366
1527615465 , 107.35298089497017
1527615467 , 107.4246235930875
1527615467 , 107.52055197044366
1527615467 , 107.6554622918525
1527615469 , 107.79258570000228
1527615481 , 108.60502218134995
1527615485 , 108.86735275884408
1527615486 , 108.98431583548725
1527615487 , 109.07158384653683
1527615488 , 109.14271511547041
1527615489 , 109.27802215666964
1527615490 , 109.44095855714556
1527615491 , 110.44095855714558
1527615495 , 110.93059265669292
1527615496 , 111.01612338392914
1527615497 , 111.66485731610021
1527615498 , 111.72946265989079
1527615499 , 111.96566701421806
1527615499 , 112.40171559922123
1527615499 , 112.49483104780995
1527615499 , 112.75454768235889
1527615501 , 112.87623502263153
1527615501 , 113.23301122401837
1527615503 , 113.35847685941515
1527615507 , 113.95603849404908
1527615508 , 114.02098082964567
1527615512 , 114.27813956918183
1527615513 , 114.41899626326621
1527615513 , 114.57885516531876
1527615513 , 115.57885516531876
1527615514 , 115.98274014966881
1527615516 , 116.5951386606461
1527615519 , 116.97068345671086
1527615521 , 117.17508933561743
1527615526 , 117.9621968117158
1527615527 , 118.17926301372161
1527615528 , 118.39755531715582
1527615530 , 118.46260753141831
1527615530 , 118.54877459825674
1527615535 , 118.63065682359073
1527615536 , 120.06333275593148
1527615536 , 120.39700685536248
1527615538 , 120.64200937510222
1527615539 , 120.73261296326982
1527615540 , 120.80640390527672
1527615540 , 120.98207362969828
1527615542 , 121.14997004281277
1527615544 , 121.38286770873088
1527615547 , 121.59700552218314
1527615554 , 121.83133723772647
1527615555 , 121.94231007119416
1527615558 , 122.32233216842712
1527615558 , 122.42762487544522
1527615566 , 123.15728714837788
1527615567 , 123.27481043950964
1527615568 , 123.34475538145108
1527615569 , 124.34475538145108
1527615570 , 124.42884983009371
1527615570 , 124.55191616534069
1527615570 , 124.66168503472619
1527615571 , 124.85866581712173
1527615572 , 124.92750253393622
1527615575 , 124.99343405840693
1527615579 , 125.09126995379393
1527615580 , 125.21151743443804
1527615581 , 126.21151743443804
1527615589 , 126.96010863421928
1527615592 , 127.42169145677961
1527615594 , 127.67086639376608
1527615594 , 128.1360951561087
1527615596 , 128.28622978039354
1527615597 , 128.38612461622367
1527615597 , 129.23598999193882
1527615598 , 129.3739930003212
1527615601 , 130.4384846193218
1527615602 , 130.5183844682844
1527615603 , 131.03372572487848
1527615604 , 131.5183844682844
1527615607 , 131.65378585465248
1527615607 , 131.74087893352845
1527615608 , 131.8246538785844
1527615609 , 132.11563240986698
1527615614 , 132.5395092464952
1527615614 , 133.0587244502178
1527615615 , 134.0587244502178
1527615615 , 134.78027169831245
1527615619 , 135.24023455217412
1527615620 , 135.3347343286562
1527615621 , 136.10890409252494
1527615624 , 136.25664380030491
1527615626 , 136.40804402539572
1527615627 , 136.68659117054818
1527615632 , 137.8852586805566
1527615633 , 138.23797056544313
1527615634 , 138.53268710453946
1527615635 , 139.53268710453946
1527615637 , 139.96216588905608
1527615639 , 140.290575707871
1527615643 , 141.51710041883175
1527615646 , 141.6940071630825
1527615647 , 142.1771526782919
1527615647 , 142.5904281460964
1527615648 , 143.41774035088812
1527615648 , 143.60572943101963
1527615650 , 143.7090808264104
1527615651 , 144.11413629502476
1527615654 , 144.2589835901031
1527615655 , 144.336110922604
1527615656 , 145.336110922604
1527615659 , 145.8831198819307
1527615661 , 148.16536215479186
1527615662 , 148.29925855102738
1527615663 , 148.67084772546278
1527615664 , 148.73548981930705
1527615665 , 148.85309947533943
1527615665 , 148.97043836875793
1527615667 , 149.158780240591
1527615667 , 149.40446727896108
1527615670 , 149.52442489016278
1527615670 , 149.60661465989378
1527615671 , 149.69548044940456
1527615673 , 150.69548044940456
1527615676 , 150.7902826956915
1527615676 , 151.07485483442164
1527615679 , 152.19729991412822
1527615679 , 152.38888588475464
1527615680 , 152.47284681102764
1527615680 , 152.53960080081993
1527615684 , 153.0462178797477
1527615685 , 153.32774199874393
1527615686 , 153.5139025542792
1527615686 , 153.58175689578013
1527615686 , 153.65608635262433
1527615686 , 153.8040007899793
1527615688 , 153.87594306907323
1527615689 , 154.10643749563167
1527615689 , 154.24987806099904
1527615689 , 155.01874978181124
1527615690 , 155.10599601419148
1527615693 , 155.37672826596983
1527615694 , 155.59517536151873
1527615695 , 155.6758795714097
1527615696 , 155.90652708277463
1527615697 , 156.60445737369426
1527615699 , 156.73781688078867
1527615700 , 157.58548946593555
